INFO - 2021-10-19 05:01:59 --> Session: Class initialized using 'CodeIgniter\Session\Handlers\FileHandler' driver.
INFO - 2021-10-19 05:02:00 --> Controller "App\Controllers\base\Dashboard" loaded.
INFO - 2021-10-19 05:02:17 --> Session: Class initialized using 'CodeIgniter\Session\Handlers\FileHandler' driver.
INFO - 2021-10-19 05:02:17 --> Controller "App\Controllers\base\Dashboard" loaded.
INFO - 2021-10-19 05:02:17 --> Session: Class initialized using 'CodeIgniter\Session\Handlers\FileHandler' driver.
INFO - 2021-10-19 05:02:17 --> Controller "App\Controllers\base\Dashboard" loaded.
INFO - 2021-10-19 05:02:30 --> Session: Class initialized using 'CodeIgniter\Session\Handlers\FileHandler' driver.
INFO - 2021-10-19 05:02:30 --> Controller "App\Controllers\base\Dashboard" loaded.
INFO - 2021-10-19 05:02:30 --> Session: Class initialized using 'CodeIgniter\Session\Handlers\FileHandler' driver.
INFO - 2021-10-19 05:02:30 --> Controller "App\Controllers\base\Dashboard" loaded.
INFO - 2021-10-19 05:02:57 --> Session: Class initialized using 'CodeIgniter\Session\Handlers\FileHandler' driver.
INFO - 2021-10-19 05:02:57 --> Controller "App\Controllers\base\Dashboard" loaded.
INFO - 2021-10-19 05:03:01 --> Session: Class initialized using 'CodeIgniter\Session\Handlers\FileHandler' driver.
INFO - 2021-10-19 05:03:01 --> Controller "App\Controllers\base\Dashboard" loaded.
CRITICAL - 2021-10-19 05:03:01 --> Call to undefined method CodeIgniter\View\View::getSnapToken()
#0 /home/nguh5634/public_html/project/undangan/system/CodeIgniter.php(910): App\Controllers\base\Dashboard->token()
#1 /home/nguh5634/public_html/project/undangan/system/CodeIgniter.php(398): CodeIgniter\CodeIgniter->runController(Object(App\Controllers\base\Dashboard))
#2 /home/nguh5634/public_html/project/undangan/system/CodeIgniter.php(306): CodeIgniter\CodeIgniter->handleRequest(NULL, Object(Config\Cache), false)
#3 /home/nguh5634/public_html/project/undangan/index.php(45): CodeIgniter\CodeIgniter->run()
#4 {main}
INFO - 2021-10-19 05:03:07 --> Controller "App\Controllers\base\Beranda" loaded.
INFO - 2021-10-19 05:03:16 --> Session: Class initialized using 'CodeIgniter\Session\Handlers\FileHandler' driver.
INFO - 2021-10-19 05:03:16 --> Controller "App\Controllers\base\Dashboard" loaded.
INFO - 2021-10-19 05:03:17 --> Controller "App\Controllers\base\Beranda" loaded.
INFO - 2021-10-19 05:05:16 --> Session: Class initialized using 'CodeIgniter\Session\Handlers\FileHandler' driver.
INFO - 2021-10-19 05:05:16 --> Controller "App\Controllers\base\Dashboard" loaded.
INFO - 2021-10-19 05:05:17 --> Controller "App\Controllers\base\Beranda" loaded.
INFO - 2021-10-19 05:23:20 --> Session: Class initialized using 'CodeIgniter\Session\Handlers\FileHandler' driver.
INFO - 2021-10-19 05:23:20 --> Controller "App\Controllers\base\Dashboard" loaded.
CRITICAL - 2021-10-19 05:23:20 --> Call to undefined method CodeIgniter\View\View::getSnapToken()
#0 /home/nguh5634/public_html/project/undangan/system/CodeIgniter.php(910): App\Controllers\base\Dashboard->token()
#1 /home/nguh5634/public_html/project/undangan/system/CodeIgniter.php(398): CodeIgniter\CodeIgniter->runController(Object(App\Controllers\base\Dashboard))
#2 /home/nguh5634/public_html/project/undangan/system/CodeIgniter.php(306): CodeIgniter\CodeIgniter->handleRequest(NULL, Object(Config\Cache), false)
#3 /home/nguh5634/public_html/project/undangan/index.php(45): CodeIgniter\CodeIgniter->run()
#4 {main}
INFO - 2021-10-19 06:28:26 --> Session: Class initialized using 'CodeIgniter\Session\Handlers\FileHandler' driver.
INFO - 2021-10-19 06:28:26 --> Controller "App\Controllers\bukutamu\Bukutamu" loaded.
INFO - 2021-10-19 06:28:43 --> Session: Class initialized using 'CodeIgniter\Session\Handlers\FileHandler' driver.
INFO - 2021-10-19 06:28:43 --> Controller "App\Controllers\admin\Admin" loaded.
INFO - 2021-10-19 09:26:43 --> Controller "App\Controllers\base\Beranda" loaded.
INFO - 2021-10-19 12:46:49 --> Session: Class initialized using 'CodeIgniter\Session\Handlers\FileHandler' driver.
INFO - 2021-10-19 12:46:49 --> Controller "App\Controllers\undangan\Undangan" loaded.
INFO - 2021-10-19 14:21:54 --> Controller "App\Controllers\base\Beranda" loaded.
INFO - 2021-10-19 15:01:03 --> Session: Class initialized using 'CodeIgniter\Session\Handlers\FileHandler' driver.
INFO - 2021-10-19 15:01:03 --> Controller "App\Controllers\undangan\Undangan" loaded.
INFO - 2021-10-19 18:45:46 --> Session: Class initialized using 'CodeIgniter\Session\Handlers\FileHandler' driver.
INFO - 2021-10-19 18:45:47 --> Session: Class initialized using 'CodeIgniter\Session\Handlers\FileHandler' driver.
INFO - 2021-10-19 18:45:47 --> Controller "App\Controllers\base\Dashboard" loaded.
INFO - 2021-10-19 18:45:59 --> Session: Class initialized using 'CodeIgniter\Session\Handlers\FileHandler' driver.
INFO - 2021-10-19 18:45:59 --> Controller "App\Controllers\base\Dashboard" loaded.
INFO - 2021-10-19 18:45:59 --> Session: Class initialized using 'CodeIgniter\Session\Handlers\FileHandler' driver.
INFO - 2021-10-19 18:45:59 --> Controller "App\Controllers\base\Dashboard" loaded.
INFO - 2021-10-19 18:46:03 --> Session: Class initialized using 'CodeIgniter\Session\Handlers\FileHandler' driver.
INFO - 2021-10-19 18:46:03 --> Controller "App\Controllers\base\Dashboard" loaded.
INFO - 2021-10-19 18:46:06 --> Session: Class initialized using 'CodeIgniter\Session\Handlers\FileHandler' driver.
INFO - 2021-10-19 18:46:06 --> Controller "App\Controllers\base\Dashboard" loaded.
CRITICAL - 2021-10-19 18:46:06 --> Call to undefined method CodeIgniter\View\View::getSnapToken()
#0 /home/nguh5634/public_html/project/undangan/system/CodeIgniter.php(910): App\Controllers\base\Dashboard->token()
#1 /home/nguh5634/public_html/project/undangan/system/CodeIgniter.php(398): CodeIgniter\CodeIgniter->runController(Object(App\Controllers\base\Dashboard))
#2 /home/nguh5634/public_html/project/undangan/system/CodeIgniter.php(306): CodeIgniter\CodeIgniter->handleRequest(NULL, Object(Config\Cache), false)
#3 /home/nguh5634/public_html/project/undangan/index.php(45): CodeIgniter\CodeIgniter->run()
#4 {main}
INFO - 2021-10-19 18:59:57 --> Session: Class initialized using 'CodeIgniter\Session\Handlers\FileHandler' driver.
INFO - 2021-10-19 18:59:57 --> Controller "App\Controllers\base\Dashboard" loaded.
INFO - 2021-10-19 19:02:34 --> Session: Class initialized using 'CodeIgniter\Session\Handlers\FileHandler' driver.
INFO - 2021-10-19 19:02:34 --> Controller "App\Controllers\base\Dashboard" loaded.
INFO - 2021-10-19 19:02:37 --> Session: Class initialized using 'CodeIgniter\Session\Handlers\FileHandler' driver.
INFO - 2021-10-19 19:02:37 --> Controller "App\Controllers\base\Dashboard" loaded.
CRITICAL - 2021-10-19 19:02:37 --> Call to undefined method CodeIgniter\View\View::getSnapToken()
#0 /home/nguh5634/public_html/project/undangan/system/CodeIgniter.php(910): App\Controllers\base\Dashboard->token()
#1 /home/nguh5634/public_html/project/undangan/system/CodeIgniter.php(398): CodeIgniter\CodeIgniter->runController(Object(App\Controllers\base\Dashboard))
#2 /home/nguh5634/public_html/project/undangan/system/CodeIgniter.php(306): CodeIgniter\CodeIgniter->handleRequest(NULL, Object(Config\Cache), false)
#3 /home/nguh5634/public_html/project/undangan/index.php(45): CodeIgniter\CodeIgniter->run()
#4 {main}
INFO - 2021-10-19 19:02:44 --> Controller "App\Controllers\base\Beranda" loaded.
INFO - 2021-10-19 19:02:53 --> Session: Class initialized using 'CodeIgniter\Session\Handlers\FileHandler' driver.
INFO - 2021-10-19 19:02:53 --> Controller "App\Controllers\base\Dashboard" loaded.
INFO - 2021-10-19 19:02:54 --> Controller "App\Controllers\base\Beranda" loaded.
INFO - 2021-10-19 19:02:58 --> Session: Class initialized using 'CodeIgniter\Session\Handlers\FileHandler' driver.
INFO - 2021-10-19 19:02:58 --> Controller "App\Controllers\base\Dashboard" loaded.
CRITICAL - 2021-10-19 19:02:58 --> Call to undefined method CodeIgniter\View\View::getSnapToken()
#0 /home/nguh5634/public_html/project/undangan/system/CodeIgniter.php(910): App\Controllers\base\Dashboard->token()
#1 /home/nguh5634/public_html/project/undangan/system/CodeIgniter.php(398): CodeIgniter\CodeIgniter->runController(Object(App\Controllers\base\Dashboard))
#2 /home/nguh5634/public_html/project/undangan/system/CodeIgniter.php(306): CodeIgniter\CodeIgniter->handleRequest(NULL, Object(Config\Cache), false)
#3 /home/nguh5634/public_html/project/undangan/index.php(45): CodeIgniter\CodeIgniter->run()
#4 {main}
INFO - 2021-10-19 19:38:12 --> Session: Class initialized using 'CodeIgniter\Session\Handlers\FileHandler' driver.
INFO - 2021-10-19 19:38:12 --> Controller "App\Controllers\base\Dashboard" loaded.
INFO - 2021-10-19 19:38:15 --> Controller "App\Controllers\base\Beranda" loaded.
INFO - 2021-10-19 19:38:17 --> Session: Class initialized using 'CodeIgniter\Session\Handlers\FileHandler' driver.
INFO - 2021-10-19 19:38:17 --> Controller "App\Controllers\base\Dashboard" loaded.
CRITICAL - 2021-10-19 19:38:17 --> Call to undefined method CodeIgniter\View\View::getSnapToken()
#0 /home/nguh5634/public_html/project/undangan/system/CodeIgniter.php(910): App\Controllers\base\Dashboard->token()
#1 /home/nguh5634/public_html/project/undangan/system/CodeIgniter.php(398): CodeIgniter\CodeIgniter->runController(Object(App\Controllers\base\Dashboard))
#2 /home/nguh5634/public_html/project/undangan/system/CodeIgniter.php(306): CodeIgniter\CodeIgniter->handleRequest(NULL, Object(Config\Cache), false)
#3 /home/nguh5634/public_html/project/undangan/index.php(45): CodeIgniter\CodeIgniter->run()
#4 {main}
INFO - 2021-10-19 19:38:29 --> Session: Class initialized using 'CodeIgniter\Session\Handlers\FileHandler' driver.
INFO - 2021-10-19 19:38:29 --> Controller "App\Controllers\base\Dashboard" loaded.
INFO - 2021-10-19 19:38:29 --> Controller "App\Controllers\base\Beranda" loaded.
INFO - 2021-10-19 19:43:52 --> Session: Class initialized using 'CodeIgniter\Session\Handlers\FileHandler' driver.
INFO - 2021-10-19 19:43:53 --> Session: Class initialized using 'CodeIgniter\Session\Handlers\FileHandler' driver.
INFO - 2021-10-19 19:43:53 --> Controller "App\Controllers\base\Dashboard" loaded.
INFO - 2021-10-19 19:44:07 --> Session: Class initialized using 'CodeIgniter\Session\Handlers\FileHandler' driver.
INFO - 2021-10-19 19:44:07 --> Controller "App\Controllers\base\Dashboard" loaded.
INFO - 2021-10-19 19:44:07 --> Session: Class initialized using 'CodeIgniter\Session\Handlers\FileHandler' driver.
INFO - 2021-10-19 19:44:07 --> Controller "App\Controllers\base\Dashboard" loaded.
INFO - 2021-10-19 19:44:24 --> Session: Class initialized using 'CodeIgniter\Session\Handlers\FileHandler' driver.
INFO - 2021-10-19 19:44:24 --> Controller "App\Controllers\base\Dashboard" loaded.
INFO - 2021-10-19 19:44:30 --> Session: Class initialized using 'CodeIgniter\Session\Handlers\FileHandler' driver.
INFO - 2021-10-19 19:44:30 --> Controller "App\Controllers\base\Dashboard" loaded.
CRITICAL - 2021-10-19 19:44:30 --> Call to undefined method CodeIgniter\View\View::getSnapToken()
#0 /home/nguh5634/public_html/project/undangan/system/CodeIgniter.php(910): App\Controllers\base\Dashboard->token()
#1 /home/nguh5634/public_html/project/undangan/system/CodeIgniter.php(398): CodeIgniter\CodeIgniter->runController(Object(App\Controllers\base\Dashboard))
#2 /home/nguh5634/public_html/project/undangan/system/CodeIgniter.php(306): CodeIgniter\CodeIgniter->handleRequest(NULL, Object(Config\Cache), false)
#3 /home/nguh5634/public_html/project/undangan/index.php(45): CodeIgniter\CodeIgniter->run()
#4 {main}
INFO - 2021-10-19 19:46:50 --> Session: Class initialized using 'CodeIgniter\Session\Handlers\FileHandler' driver.
INFO - 2021-10-19 19:46:50 --> Controller "App\Controllers\base\Dashboard" loaded.
INFO - 2021-10-19 19:47:07 --> Session: Class initialized using 'CodeIgniter\Session\Handlers\FileHandler' driver.
INFO - 2021-10-19 19:47:07 --> Controller "App\Controllers\base\Dashboard" loaded.
INFO - 2021-10-19 19:48:16 --> Session: Class initialized using 'CodeIgniter\Session\Handlers\FileHandler' driver.
INFO - 2021-10-19 19:48:16 --> Controller "App\Controllers\base\Dashboard" loaded.
INFO - 2021-10-19 19:48:36 --> Controller "App\Controllers\base\Beranda" loaded.
INFO - 2021-10-19 19:52:11 --> Session: Class initialized using 'CodeIgniter\Session\Handlers\FileHandler' driver.
INFO - 2021-10-19 19:52:11 --> Controller "App\Controllers\base\Dashboard" loaded.
INFO - 2021-10-19 19:52:11 --> Controller "App\Controllers\base\Beranda" loaded.
INFO - 2021-10-19 19:52:16 --> Session: Class initialized using 'CodeIgniter\Session\Handlers\FileHandler' driver.
INFO - 2021-10-19 19:52:16 --> Controller "App\Controllers\base\Dashboard" loaded.
CRITICAL - 2021-10-19 19:52:16 --> Call to undefined method CodeIgniter\View\View::getSnapToken()
#0 /home/nguh5634/public_html/project/undangan/system/CodeIgniter.php(910): App\Controllers\base\Dashboard->token()
#1 /home/nguh5634/public_html/project/undangan/system/CodeIgniter.php(398): CodeIgniter\CodeIgniter->runController(Object(App\Controllers\base\Dashboard))
#2 /home/nguh5634/public_html/project/undangan/system/CodeIgniter.php(306): CodeIgniter\CodeIgniter->handleRequest(NULL, Object(Config\Cache), false)
#3 /home/nguh5634/public_html/project/undangan/index.php(45): CodeIgniter\CodeIgniter->run()
#4 {main}
INFO - 2021-10-19 19:59:47 --> Session: Class initialized using 'CodeIgniter\Session\Handlers\FileHandler' driver.
INFO - 2021-10-19 19:59:47 --> Controller "App\Controllers\base\Dashboard" loaded.
INFO - 2021-10-19 19:59:48 --> Controller "App\Controllers\base\Beranda" loaded.
INFO - 2021-10-19 19:59:50 --> Session: Class initialized using 'CodeIgniter\Session\Handlers\FileHandler' driver.
INFO - 2021-10-19 19:59:50 --> Controller "App\Controllers\base\Dashboard" loaded.
CRITICAL - 2021-10-19 19:59:50 --> Call to undefined method CodeIgniter\View\View::getSnapToken()
#0 /home/nguh5634/public_html/project/undangan/system/CodeIgniter.php(910): App\Controllers\base\Dashboard->token()
#1 /home/nguh5634/public_html/project/undangan/system/CodeIgniter.php(398): CodeIgniter\CodeIgniter->runController(Object(App\Controllers\base\Dashboard))
#2 /home/nguh5634/public_html/project/undangan/system/CodeIgniter.php(306): CodeIgniter\CodeIgniter->handleRequest(NULL, Object(Config\Cache), false)
#3 /home/nguh5634/public_html/project/undangan/index.php(45): CodeIgniter\CodeIgniter->run()
#4 {main}
INFO - 2021-10-19 20:01:21 --> Session: Class initialized using 'CodeIgniter\Session\Handlers\FileHandler' driver.
INFO - 2021-10-19 20:01:21 --> Controller "App\Controllers\base\Dashboard" loaded.
INFO - 2021-10-19 20:01:21 --> Controller "App\Controllers\base\Beranda" loaded.
INFO - 2021-10-19 20:01:30 --> Session: Class initialized using 'CodeIgniter\Session\Handlers\FileHandler' driver.
INFO - 2021-10-19 20:01:30 --> Controller "App\Controllers\base\Dashboard" loaded.
CRITICAL - 2021-10-19 20:01:30 --> Call to undefined method CodeIgniter\View\View::getSnapToken()
#0 /home/nguh5634/public_html/project/undangan/system/CodeIgniter.php(910): App\Controllers\base\Dashboard->token()
#1 /home/nguh5634/public_html/project/undangan/system/CodeIgniter.php(398): CodeIgniter\CodeIgniter->runController(Object(App\Controllers\base\Dashboard))
#2 /home/nguh5634/public_html/project/undangan/system/CodeIgniter.php(306): CodeIgniter\CodeIgniter->handleRequest(NULL, Object(Config\Cache), false)
#3 /home/nguh5634/public_html/project/undangan/index.php(45): CodeIgniter\CodeIgniter->run()
#4 {main}
INFO - 2021-10-19 20:07:30 --> Session: Class initialized using 'CodeIgniter\Session\Handlers\FileHandler' driver.
INFO - 2021-10-19 20:07:30 --> Controller "App\Controllers\base\Dashboard" loaded.
INFO - 2021-10-19 20:07:31 --> Controller "App\Controllers\base\Beranda" loaded.
INFO - 2021-10-19 20:07:44 --> Session: Class initialized using 'CodeIgniter\Session\Handlers\FileHandler' driver.
INFO - 2021-10-19 20:07:44 --> Controller "App\Controllers\base\Dashboard" loaded.
CRITICAL - 2021-10-19 20:07:44 --> Call to undefined method CodeIgniter\View\View::getSnapToken()
#0 /home/nguh5634/public_html/project/undangan/system/CodeIgniter.php(910): App\Controllers\base\Dashboard->token()
#1 /home/nguh5634/public_html/project/undangan/system/CodeIgniter.php(398): CodeIgniter\CodeIgniter->runController(Object(App\Controllers\base\Dashboard))
#2 /home/nguh5634/public_html/project/undangan/system/CodeIgniter.php(306): CodeIgniter\CodeIgniter->handleRequest(NULL, Object(Config\Cache), false)
#3 /home/nguh5634/public_html/project/undangan/index.php(45): CodeIgniter\CodeIgniter->run()
#4 {main}
INFO - 2021-10-19 20:09:17 --> Session: Class initialized using 'CodeIgniter\Session\Handlers\FileHandler' driver.
INFO - 2021-10-19 20:09:17 --> Controller "App\Controllers\base\Dashboard" loaded.
INFO - 2021-10-19 20:09:18 --> Controller "App\Controllers\base\Beranda" loaded.
INFO - 2021-10-19 20:09:22 --> Session: Class initialized using 'CodeIgniter\Session\Handlers\FileHandler' driver.
INFO - 2021-10-19 20:09:22 --> Controller "App\Controllers\base\Dashboard" loaded.
CRITICAL - 2021-10-19 20:09:22 --> Call to undefined method CodeIgniter\View\View::getSnapToken()
#0 /home/nguh5634/public_html/project/undangan/system/CodeIgniter.php(910): App\Controllers\base\Dashboard->token()
#1 /home/nguh5634/public_html/project/undangan/system/CodeIgniter.php(398): CodeIgniter\CodeIgniter->runController(Object(App\Controllers\base\Dashboard))
#2 /home/nguh5634/public_html/project/undangan/system/CodeIgniter.php(306): CodeIgniter\CodeIgniter->handleRequest(NULL, Object(Config\Cache), false)
#3 /home/nguh5634/public_html/project/undangan/index.php(45): CodeIgniter\CodeIgniter->run()
#4 {main}
INFO - 2021-10-19 20:11:56 --> Session: Class initialized using 'CodeIgniter\Session\Handlers\FileHandler' driver.
INFO - 2021-10-19 20:11:56 --> Controller "App\Controllers\base\Dashboard" loaded.
INFO - 2021-10-19 20:11:57 --> Controller "App\Controllers\base\Beranda" loaded.
INFO - 2021-10-19 20:11:59 --> Session: Class initialized using 'CodeIgniter\Session\Handlers\FileHandler' driver.
INFO - 2021-10-19 20:11:59 --> Controller "App\Controllers\base\Dashboard" loaded.
CRITICAL - 2021-10-19 20:11:59 --> Call to undefined method CodeIgniter\View\View::getSnapToken()
#0 /home/nguh5634/public_html/project/undangan/system/CodeIgniter.php(910): App\Controllers\base\Dashboard->token()
#1 /home/nguh5634/public_html/project/undangan/system/CodeIgniter.php(398): CodeIgniter\CodeIgniter->runController(Object(App\Controllers\base\Dashboard))
#2 /home/nguh5634/public_html/project/undangan/system/CodeIgniter.php(306): CodeIgniter\CodeIgniter->handleRequest(NULL, Object(Config\Cache), false)
#3 /home/nguh5634/public_html/project/undangan/index.php(45): CodeIgniter\CodeIgniter->run()
#4 {main}
INFO - 2021-10-19 20:16:31 --> Session: Class initialized using 'CodeIgniter\Session\Handlers\FileHandler' driver.
INFO - 2021-10-19 20:16:31 --> Controller "App\Controllers\base\Dashboard" loaded.
INFO - 2021-10-19 20:16:33 --> Controller "App\Controllers\base\Beranda" loaded.
INFO - 2021-10-19 20:16:38 --> Session: Class initialized using 'CodeIgniter\Session\Handlers\FileHandler' driver.
INFO - 2021-10-19 20:16:38 --> Controller "App\Controllers\base\Dashboard" loaded.
CRITICAL - 2021-10-19 20:16:38 --> Call to undefined method CodeIgniter\View\View::getSnapToken()
#0 /home/nguh5634/public_html/project/undangan/system/CodeIgniter.php(910): App\Controllers\base\Dashboard->token()
#1 /home/nguh5634/public_html/project/undangan/system/CodeIgniter.php(398): CodeIgniter\CodeIgniter->runController(Object(App\Controllers\base\Dashboard))
#2 /home/nguh5634/public_html/project/undangan/system/CodeIgniter.php(306): CodeIgniter\CodeIgniter->handleRequest(NULL, Object(Config\Cache), false)
#3 /home/nguh5634/public_html/project/undangan/index.php(45): CodeIgniter\CodeIgniter->run()
#4 {main}
INFO - 2021-10-19 20:22:40 --> Session: Class initialized using 'CodeIgniter\Session\Handlers\FileHandler' driver.
INFO - 2021-10-19 20:22:40 --> Controller "App\Controllers\base\Dashboard" loaded.
INFO - 2021-10-19 20:22:41 --> Controller "App\Controllers\base\Beranda" loaded.
INFO - 2021-10-19 20:22:43 --> Session: Class initialized using 'CodeIgniter\Session\Handlers\FileHandler' driver.
INFO - 2021-10-19 20:22:43 --> Controller "App\Controllers\base\Dashboard" loaded.
CRITICAL - 2021-10-19 20:22:43 --> Call to undefined method CodeIgniter\View\View::getSnapToken()
#0 /home/nguh5634/public_html/project/undangan/system/CodeIgniter.php(910): App\Controllers\base\Dashboard->token()
#1 /home/nguh5634/public_html/project/undangan/system/CodeIgniter.php(398): CodeIgniter\CodeIgniter->runController(Object(App\Controllers\base\Dashboard))
#2 /home/nguh5634/public_html/project/undangan/system/CodeIgniter.php(306): CodeIgniter\CodeIgniter->handleRequest(NULL, Object(Config\Cache), false)
#3 /home/nguh5634/public_html/project/undangan/index.php(45): CodeIgniter\CodeIgniter->run()
#4 {main}
INFO - 2021-10-19 20:23:24 --> Session: Class initialized using 'CodeIgniter\Session\Handlers\FileHandler' driver.
INFO - 2021-10-19 20:23:24 --> Controller "App\Controllers\base\Dashboard" loaded.
INFO - 2021-10-19 20:23:25 --> Controller "App\Controllers\base\Beranda" loaded.
INFO - 2021-10-19 20:23:29 --> Session: Class initialized using 'CodeIgniter\Session\Handlers\FileHandler' driver.
INFO - 2021-10-19 20:23:29 --> Controller "App\Controllers\base\Dashboard" loaded.
CRITICAL - 2021-10-19 20:23:29 --> Call to undefined method CodeIgniter\View\View::getSnapToken()
#0 /home/nguh5634/public_html/project/undangan/system/CodeIgniter.php(910): App\Controllers\base\Dashboard->token()
#1 /home/nguh5634/public_html/project/undangan/system/CodeIgniter.php(398): CodeIgniter\CodeIgniter->runController(Object(App\Controllers\base\Dashboard))
#2 /home/nguh5634/public_html/project/undangan/system/CodeIgniter.php(306): CodeIgniter\CodeIgniter->handleRequest(NULL, Object(Config\Cache), false)
#3 /home/nguh5634/public_html/project/undangan/index.php(45): CodeIgniter\CodeIgniter->run()
#4 {main}
INFO - 2021-10-19 20:24:41 --> Session: Class initialized using 'CodeIgniter\Session\Handlers\FileHandler' driver.
INFO - 2021-10-19 20:24:41 --> Controller "App\Controllers\base\Dashboard" loaded.
INFO - 2021-10-19 20:24:41 --> Controller "App\Controllers\base\Beranda" loaded.
INFO - 2021-10-19 20:24:45 --> Session: Class initialized using 'CodeIgniter\Session\Handlers\FileHandler' driver.
INFO - 2021-10-19 20:24:45 --> Controller "App\Controllers\base\Dashboard" loaded.
CRITICAL - 2021-10-19 20:24:45 --> Call to undefined method CodeIgniter\View\View::getSnapToken()
#0 /home/nguh5634/public_html/project/undangan/system/CodeIgniter.php(910): App\Controllers\base\Dashboard->token()
#1 /home/nguh5634/public_html/project/undangan/system/CodeIgniter.php(398): CodeIgniter\CodeIgniter->runController(Object(App\Controllers\base\Dashboard))
#2 /home/nguh5634/public_html/project/undangan/system/CodeIgniter.php(306): CodeIgniter\CodeIgniter->handleRequest(NULL, Object(Config\Cache), false)
#3 /home/nguh5634/public_html/project/undangan/index.php(45): CodeIgniter\CodeIgniter->run()
#4 {main}
INFO - 2021-10-19 20:30:04 --> Session: Class initialized using 'CodeIgniter\Session\Handlers\FileHandler' driver.
INFO - 2021-10-19 20:30:04 --> Controller "App\Controllers\base\Dashboard" loaded.
INFO - 2021-10-19 20:30:05 --> Controller "App\Controllers\base\Beranda" loaded.
INFO - 2021-10-19 20:30:07 --> Session: Class initialized using 'CodeIgniter\Session\Handlers\FileHandler' driver.
INFO - 2021-10-19 20:30:07 --> Controller "App\Controllers\base\Dashboard" loaded.
CRITICAL - 2021-10-19 20:30:07 --> Call to undefined method CodeIgniter\View\View::getSnapToken()
#0 /home/nguh5634/public_html/project/undangan/system/CodeIgniter.php(910): App\Controllers\base\Dashboard->token()
#1 /home/nguh5634/public_html/project/undangan/system/CodeIgniter.php(398): CodeIgniter\CodeIgniter->runController(Object(App\Controllers\base\Dashboard))
#2 /home/nguh5634/public_html/project/undangan/system/CodeIgniter.php(306): CodeIgniter\CodeIgniter->handleRequest(NULL, Object(Config\Cache), false)
#3 /home/nguh5634/public_html/project/undangan/index.php(45): CodeIgniter\CodeIgniter->run()
#4 {main}
INFO - 2021-10-19 20:30:47 --> Session: Class initialized using 'CodeIgniter\Session\Handlers\FileHandler' driver.
INFO - 2021-10-19 20:30:47 --> Controller "App\Controllers\base\Dashboard" loaded.
INFO - 2021-10-19 20:30:48 --> Controller "App\Controllers\base\Beranda" loaded.
INFO - 2021-10-19 20:30:51 --> Session: Class initialized using 'CodeIgniter\Session\Handlers\FileHandler' driver.
INFO - 2021-10-19 20:30:51 --> Controller "App\Controllers\base\Dashboard" loaded.
CRITICAL - 2021-10-19 20:30:51 --> Call to undefined method CodeIgniter\View\View::getSnapToken()
#0 /home/nguh5634/public_html/project/undangan/system/CodeIgniter.php(910): App\Controllers\base\Dashboard->token()
#1 /home/nguh5634/public_html/project/undangan/system/CodeIgniter.php(398): CodeIgniter\CodeIgniter->runController(Object(App\Controllers\base\Dashboard))
#2 /home/nguh5634/public_html/project/undangan/system/CodeIgniter.php(306): CodeIgniter\CodeIgniter->handleRequest(NULL, Object(Config\Cache), false)
#3 /home/nguh5634/public_html/project/undangan/index.php(45): CodeIgniter\CodeIgniter->run()
#4 {main}
INFO - 2021-10-19 20:31:40 --> Session: Class initialized using 'CodeIgniter\Session\Handlers\FileHandler' driver.
INFO - 2021-10-19 20:31:40 --> Controller "App\Controllers\base\Dashboard" loaded.
INFO - 2021-10-19 20:31:40 --> Controller "App\Controllers\base\Beranda" loaded.
INFO - 2021-10-19 20:31:43 --> Session: Class initialized using 'CodeIgniter\Session\Handlers\FileHandler' driver.
INFO - 2021-10-19 20:31:43 --> Controller "App\Controllers\base\Dashboard" loaded.
CRITICAL - 2021-10-19 20:31:43 --> Call to undefined method CodeIgniter\View\View::getSnapToken()
#0 /home/nguh5634/public_html/project/undangan/system/CodeIgniter.php(910): App\Controllers\base\Dashboard->token()
#1 /home/nguh5634/public_html/project/undangan/system/CodeIgniter.php(398): CodeIgniter\CodeIgniter->runController(Object(App\Controllers\base\Dashboard))
#2 /home/nguh5634/public_html/project/undangan/system/CodeIgniter.php(306): CodeIgniter\CodeIgniter->handleRequest(NULL, Object(Config\Cache), false)
#3 /home/nguh5634/public_html/project/undangan/index.php(45): CodeIgniter\CodeIgniter->run()
#4 {main}
INFO - 2021-10-19 20:33:57 --> Session: Class initialized using 'CodeIgniter\Session\Handlers\FileHandler' driver.
INFO - 2021-10-19 20:33:57 --> Controller "App\Controllers\base\Dashboard" loaded.
INFO - 2021-10-19 20:33:58 --> Controller "App\Controllers\base\Beranda" loaded.
INFO - 2021-10-19 20:33:59 --> Session: Class initialized using 'CodeIgniter\Session\Handlers\FileHandler' driver.
INFO - 2021-10-19 20:33:59 --> Controller "App\Controllers\base\Dashboard" loaded.
CRITICAL - 2021-10-19 20:33:59 --> Call to undefined method CodeIgniter\View\View::getSnapToken()
#0 /home/nguh5634/public_html/project/undangan/system/CodeIgniter.php(910): App\Controllers\base\Dashboard->token()
#1 /home/nguh5634/public_html/project/undangan/system/CodeIgniter.php(398): CodeIgniter\CodeIgniter->runController(Object(App\Controllers\base\Dashboard))
#2 /home/nguh5634/public_html/project/undangan/system/CodeIgniter.php(306): CodeIgniter\CodeIgniter->handleRequest(NULL, Object(Config\Cache), false)
#3 /home/nguh5634/public_html/project/undangan/index.php(45): CodeIgniter\CodeIgniter->run()
#4 {main}
INFO - 2021-10-19 20:34:04 --> Session: Class initialized using 'CodeIgniter\Session\Handlers\FileHandler' driver.
INFO - 2021-10-19 20:34:04 --> Controller "App\Controllers\base\Dashboard" loaded.
INFO - 2021-10-19 20:34:05 --> Controller "App\Controllers\base\Beranda" loaded.
INFO - 2021-10-19 20:34:09 --> Session: Class initialized using 'CodeIgniter\Session\Handlers\FileHandler' driver.
INFO - 2021-10-19 20:34:09 --> Controller "App\Controllers\base\Dashboard" loaded.
CRITICAL - 2021-10-19 20:34:09 --> Call to undefined method CodeIgniter\View\View::getSnapToken()
#0 /home/nguh5634/public_html/project/undangan/system/CodeIgniter.php(910): App\Controllers\base\Dashboard->token()
#1 /home/nguh5634/public_html/project/undangan/system/CodeIgniter.php(398): CodeIgniter\CodeIgniter->runController(Object(App\Controllers\base\Dashboard))
#2 /home/nguh5634/public_html/project/undangan/system/CodeIgniter.php(306): CodeIgniter\CodeIgniter->handleRequest(NULL, Object(Config\Cache), false)
#3 /home/nguh5634/public_html/project/undangan/index.php(45): CodeIgniter\CodeIgniter->run()
#4 {main}
INFO - 2021-10-19 20:37:17 --> Session: Class initialized using 'CodeIgniter\Session\Handlers\FileHandler' driver.
INFO - 2021-10-19 20:37:17 --> Controller "App\Controllers\base\Dashboard" loaded.
INFO - 2021-10-19 20:37:17 --> Controller "App\Controllers\base\Beranda" loaded.
INFO - 2021-10-19 20:37:23 --> Session: Class initialized using 'CodeIgniter\Session\Handlers\FileHandler' driver.
INFO - 2021-10-19 20:37:23 --> Controller "App\Controllers\base\Dashboard" loaded.
CRITICAL - 2021-10-19 20:37:23 --> Call to undefined method CodeIgniter\View\View::getSnapToken()
#0 /home/nguh5634/public_html/project/undangan/system/CodeIgniter.php(910): App\Controllers\base\Dashboard->token()
#1 /home/nguh5634/public_html/project/undangan/system/CodeIgniter.php(398): CodeIgniter\CodeIgniter->runController(Object(App\Controllers\base\Dashboard))
#2 /home/nguh5634/public_html/project/undangan/system/CodeIgniter.php(306): CodeIgniter\CodeIgniter->handleRequest(NULL, Object(Config\Cache), false)
#3 /home/nguh5634/public_html/project/undangan/index.php(45): CodeIgniter\CodeIgniter->run()
#4 {main}
INFO - 2021-10-19 20:38:51 --> Session: Class initialized using 'CodeIgniter\Session\Handlers\FileHandler' driver.
INFO - 2021-10-19 20:38:51 --> Controller "App\Controllers\base\Dashboard" loaded.
INFO - 2021-10-19 20:38:52 --> Controller "App\Controllers\base\Beranda" loaded.
INFO - 2021-10-19 20:38:57 --> Session: Class initialized using 'CodeIgniter\Session\Handlers\FileHandler' driver.
INFO - 2021-10-19 20:38:57 --> Controller "App\Controllers\base\Dashboard" loaded.
CRITICAL - 2021-10-19 20:38:57 --> Call to undefined method CodeIgniter\View\View::getSnapToken()
#0 /home/nguh5634/public_html/project/undangan/system/CodeIgniter.php(910): App\Controllers\base\Dashboard->token()
#1 /home/nguh5634/public_html/project/undangan/system/CodeIgniter.php(398): CodeIgniter\CodeIgniter->runController(Object(App\Controllers\base\Dashboard))
#2 /home/nguh5634/public_html/project/undangan/system/CodeIgniter.php(306): CodeIgniter\CodeIgniter->handleRequest(NULL, Object(Config\Cache), false)
#3 /home/nguh5634/public_html/project/undangan/index.php(45): CodeIgniter\CodeIgniter->run()
#4 {main}
INFO - 2021-10-19 20:41:31 --> Session: Class initialized using 'CodeIgniter\Session\Handlers\FileHandler' driver.
INFO - 2021-10-19 20:41:31 --> Controller "App\Controllers\base\Dashboard" loaded.
INFO - 2021-10-19 20:41:31 --> Controller "App\Controllers\base\Beranda" loaded.
INFO - 2021-10-19 20:42:05 --> Session: Class initialized using 'CodeIgniter\Session\Handlers\FileHandler' driver.
INFO - 2021-10-19 20:42:05 --> Controller "App\Controllers\base\Dashboard" loaded.
CRITICAL - 2021-10-19 20:42:05 --> Call to undefined method CodeIgniter\View\View::getSnapToken()
#0 /home/nguh5634/public_html/project/undangan/system/CodeIgniter.php(910): App\Controllers\base\Dashboard->token()
#1 /home/nguh5634/public_html/project/undangan/system/CodeIgniter.php(398): CodeIgniter\CodeIgniter->runController(Object(App\Controllers\base\Dashboard))
#2 /home/nguh5634/public_html/project/undangan/system/CodeIgniter.php(306): CodeIgniter\CodeIgniter->handleRequest(NULL, Object(Config\Cache), false)
#3 /home/nguh5634/public_html/project/undangan/index.php(45): CodeIgniter\CodeIgniter->run()
#4 {main}
INFO - 2021-10-19 20:44:29 --> Session: Class initialized using 'CodeIgniter\Session\Handlers\FileHandler' driver.
INFO - 2021-10-19 20:44:29 --> Controller "App\Controllers\base\Dashboard" loaded.
INFO - 2021-10-19 20:44:29 --> Controller "App\Controllers\base\Beranda" loaded.
INFO - 2021-10-19 20:44:37 --> Session: Class initialized using 'CodeIgniter\Session\Handlers\FileHandler' driver.
INFO - 2021-10-19 20:44:37 --> Controller "App\Controllers\base\Dashboard" loaded.
CRITICAL - 2021-10-19 20:44:37 --> Call to undefined method CodeIgniter\View\View::getSnapToken()
#0 /home/nguh5634/public_html/project/undangan/system/CodeIgniter.php(910): App\Controllers\base\Dashboard->token()
#1 /home/nguh5634/public_html/project/undangan/system/CodeIgniter.php(398): CodeIgniter\CodeIgniter->runController(Object(App\Controllers\base\Dashboard))
#2 /home/nguh5634/public_html/project/undangan/system/CodeIgniter.php(306): CodeIgniter\CodeIgniter->handleRequest(NULL, Object(Config\Cache), false)
#3 /home/nguh5634/public_html/project/undangan/index.php(45): CodeIgniter\CodeIgniter->run()
#4 {main}
INFO - 2021-10-19 20:45:19 --> Session: Class initialized using 'CodeIgniter\Session\Handlers\FileHandler' driver.
INFO - 2021-10-19 20:45:19 --> Controller "App\Controllers\base\Dashboard" loaded.
INFO - 2021-10-19 20:45:20 --> Controller "App\Controllers\base\Beranda" loaded.
INFO - 2021-10-19 20:45:23 --> Session: Class initialized using 'CodeIgniter\Session\Handlers\FileHandler' driver.
INFO - 2021-10-19 20:45:23 --> Controller "App\Controllers\base\Dashboard" loaded.
CRITICAL - 2021-10-19 20:45:23 --> Call to undefined method CodeIgniter\View\View::getSnapToken()
#0 /home/nguh5634/public_html/project/undangan/system/CodeIgniter.php(910): App\Controllers\base\Dashboard->token()
#1 /home/nguh5634/public_html/project/undangan/system/CodeIgniter.php(398): CodeIgniter\CodeIgniter->runController(Object(App\Controllers\base\Dashboard))
#2 /home/nguh5634/public_html/project/undangan/system/CodeIgniter.php(306): CodeIgniter\CodeIgniter->handleRequest(NULL, Object(Config\Cache), false)
#3 /home/nguh5634/public_html/project/undangan/index.php(45): CodeIgniter\CodeIgniter->run()
#4 {main}
INFO - 2021-10-19 20:45:46 --> Session: Class initialized using 'CodeIgniter\Session\Handlers\FileHandler' driver.
INFO - 2021-10-19 20:45:46 --> Controller "App\Controllers\base\Dashboard" loaded.
INFO - 2021-10-19 20:45:46 --> Controller "App\Controllers\base\Beranda" loaded.
INFO - 2021-10-19 20:45:54 --> Session: Class initialized using 'CodeIgniter\Session\Handlers\FileHandler' driver.
INFO - 2021-10-19 20:45:54 --> Controller "App\Controllers\base\Dashboard" loaded.
INFO - 2021-10-19 20:45:54 --> Controller "App\Controllers\base\Beranda" loaded.
INFO - 2021-10-19 20:46:03 --> Session: Class initialized using 'CodeIgniter\Session\Handlers\FileHandler' driver.
INFO - 2021-10-19 20:46:03 --> Controller "App\Controllers\base\Dashboard" loaded.
CRITICAL - 2021-10-19 20:46:03 --> Call to undefined method CodeIgniter\View\View::getSnapToken()
#0 /home/nguh5634/public_html/project/undangan/system/CodeIgniter.php(910): App\Controllers\base\Dashboard->token()
#1 /home/nguh5634/public_html/project/undangan/system/CodeIgniter.php(398): CodeIgniter\CodeIgniter->runController(Object(App\Controllers\base\Dashboard))
#2 /home/nguh5634/public_html/project/undangan/system/CodeIgniter.php(306): CodeIgniter\CodeIgniter->handleRequest(NULL, Object(Config\Cache), false)
#3 /home/nguh5634/public_html/project/undangan/index.php(45): CodeIgniter\CodeIgniter->run()
#4 {main}
INFO - 2021-10-19 20:49:27 --> Session: Class initialized using 'CodeIgniter\Session\Handlers\FileHandler' driver.
INFO - 2021-10-19 20:49:27 --> Controller "App\Controllers\base\Dashboard" loaded.
INFO - 2021-10-19 20:49:31 --> Controller "App\Controllers\base\Beranda" loaded.
INFO - 2021-10-19 20:49:38 --> Session: Class initialized using 'CodeIgniter\Session\Handlers\FileHandler' driver.
INFO - 2021-10-19 20:49:38 --> Controller "App\Controllers\base\Dashboard" loaded.
CRITICAL - 2021-10-19 20:49:38 --> Call to undefined method CodeIgniter\View\View::getSnapToken()
#0 /home/nguh5634/public_html/project/undangan/system/CodeIgniter.php(910): App\Controllers\base\Dashboard->token()
#1 /home/nguh5634/public_html/project/undangan/system/CodeIgniter.php(398): CodeIgniter\CodeIgniter->runController(Object(App\Controllers\base\Dashboard))
#2 /home/nguh5634/public_html/project/undangan/system/CodeIgniter.php(306): CodeIgniter\CodeIgniter->handleRequest(NULL, Object(Config\Cache), false)
#3 /home/nguh5634/public_html/project/undangan/index.php(45): CodeIgniter\CodeIgniter->run()
#4 {main}
INFO - 2021-10-19 20:52:56 --> Session: Class initialized using 'CodeIgniter\Session\Handlers\FileHandler' driver.
INFO - 2021-10-19 20:52:56 --> Controller "App\Controllers\base\Dashboard" loaded.
INFO - 2021-10-19 20:52:57 --> Controller "App\Controllers\base\Beranda" loaded.
INFO - 2021-10-19 20:53:00 --> Session: Class initialized using 'CodeIgniter\Session\Handlers\FileHandler' driver.
INFO - 2021-10-19 20:53:00 --> Controller "App\Controllers\base\Dashboard" loaded.
CRITICAL - 2021-10-19 20:53:00 --> Class 'Laminas\Json\Json' not found
#0 /home/nguh5634/public_html/project/undangan/app/ThirdParty/Codenom/Midtrans/src/HTTP/APIMidtrans.php(29): Codenom\Midtrans\Parse\JSONParse::encode(Array)
#1 /home/nguh5634/public_html/project/undangan/app/ThirdParty/Codenom/Midtrans/src/Midtrans.php(55): Codenom\Midtrans\HTTP\APIMidtrans::call('POST', 'https://app.san...', 'SB-Mid-server-5...', Array)
#2 /home/nguh5634/public_html/project/undangan/app/Controllers/base/Dashboard.php(1158): Codenom\Midtrans\Midtrans->getSnapToken(Array)
#3 /home/nguh5634/public_html/project/undangan/system/CodeIgniter.php(910): App\Controllers\base\Dashboard->token()
#4 /home/nguh5634/public_html/project/undangan/system/CodeIgniter.php(398): CodeIgniter\CodeIgniter->runController(Object(App\Controllers\base\Dashboard))
#5 /home/nguh5634/public_html/project/undangan/system/CodeIgniter.php(306): CodeIgniter\CodeIgniter->handleRequest(NULL, Object(Config\Cache), false)
#6 /home/nguh5634/public_html/project/undangan/index.php(45): CodeIgniter\CodeIgniter->run()
#7 {main}
INFO - 2021-10-19 20:53:12 --> Session: Class initialized using 'CodeIgniter\Session\Handlers\FileHandler' driver.
INFO - 2021-10-19 20:53:12 --> Controller "App\Controllers\base\Dashboard" loaded.
INFO - 2021-10-19 20:53:12 --> Controller "App\Controllers\base\Beranda" loaded.
INFO - 2021-10-19 20:53:17 --> Session: Class initialized using 'CodeIgniter\Session\Handlers\FileHandler' driver.
INFO - 2021-10-19 20:53:17 --> Controller "App\Controllers\base\Dashboard" loaded.
CRITICAL - 2021-10-19 20:53:17 --> Class 'Laminas\Json\Json' not found
#0 /home/nguh5634/public_html/project/undangan/app/ThirdParty/Codenom/Midtrans/src/HTTP/APIMidtrans.php(29): Codenom\Midtrans\Parse\JSONParse::encode(Array)
#1 /home/nguh5634/public_html/project/undangan/app/ThirdParty/Codenom/Midtrans/src/Midtrans.php(55): Codenom\Midtrans\HTTP\APIMidtrans::call('POST', 'https://app.san...', 'SB-Mid-server-5...', Array)
#2 /home/nguh5634/public_html/project/undangan/app/Controllers/base/Dashboard.php(1158): Codenom\Midtrans\Midtrans->getSnapToken(Array)
#3 /home/nguh5634/public_html/project/undangan/system/CodeIgniter.php(910): App\Controllers\base\Dashboard->token()
#4 /home/nguh5634/public_html/project/undangan/system/CodeIgniter.php(398): CodeIgniter\CodeIgniter->runController(Object(App\Controllers\base\Dashboard))
#5 /home/nguh5634/public_html/project/undangan/system/CodeIgniter.php(306): CodeIgniter\CodeIgniter->handleRequest(NULL, Object(Config\Cache), false)
#6 /home/nguh5634/public_html/project/undangan/index.php(45): CodeIgniter\CodeIgniter->run()
#7 {main}
INFO - 2021-10-19 20:56:03 --> Session: Class initialized using 'CodeIgniter\Session\Handlers\FileHandler' driver.
INFO - 2021-10-19 20:56:03 --> Controller "App\Controllers\base\Dashboard" loaded.
INFO - 2021-10-19 20:56:04 --> Controller "App\Controllers\base\Beranda" loaded.
INFO - 2021-10-19 20:56:08 --> Session: Class initialized using 'CodeIgniter\Session\Handlers\FileHandler' driver.
INFO - 2021-10-19 20:56:08 --> Controller "App\Controllers\base\Dashboard" loaded.
CRITICAL - 2021-10-19 20:56:08 --> Class 'Laminas\Json\Json' not found
#0 /home/nguh5634/public_html/project/undangan/app/ThirdParty/Codenom/Midtrans/src/HTTP/APIMidtrans.php(29): Codenom\Midtrans\Parse\JSONParse::encode(Array)
#1 /home/nguh5634/public_html/project/undangan/app/ThirdParty/Codenom/Midtrans/src/Midtrans.php(55): Codenom\Midtrans\HTTP\APIMidtrans::call('POST', 'https://app.san...', 'SB-Mid-server-5...', Array)
#2 /home/nguh5634/public_html/project/undangan/app/Controllers/base/Dashboard.php(1150): Codenom\Midtrans\Midtrans->getSnapToken(Array)
#3 /home/nguh5634/public_html/project/undangan/system/CodeIgniter.php(910): App\Controllers\base\Dashboard->token()
#4 /home/nguh5634/public_html/project/undangan/system/CodeIgniter.php(398): CodeIgniter\CodeIgniter->runController(Object(App\Controllers\base\Dashboard))
#5 /home/nguh5634/public_html/project/undangan/system/CodeIgniter.php(306): CodeIgniter\CodeIgniter->handleRequest(NULL, Object(Config\Cache), false)
#6 /home/nguh5634/public_html/project/undangan/index.php(45): CodeIgniter\CodeIgniter->run()
#7 {main}
INFO - 2021-10-19 20:56:42 --> Session: Class initialized using 'CodeIgniter\Session\Handlers\FileHandler' driver.
INFO - 2021-10-19 20:56:42 --> Controller "App\Controllers\base\Dashboard" loaded.
INFO - 2021-10-19 20:56:50 --> Session: Class initialized using 'CodeIgniter\Session\Handlers\FileHandler' driver.
INFO - 2021-10-19 20:56:50 --> Controller "App\Controllers\base\Dashboard" loaded.
CRITICAL - 2021-10-19 20:56:50 --> Class 'Laminas\Json\Json' not found
#0 /home/nguh5634/public_html/project/undangan/app/ThirdParty/Codenom/Midtrans/src/HTTP/APIMidtrans.php(29): Codenom\Midtrans\Parse\JSONParse::encode(Array)
#1 /home/nguh5634/public_html/project/undangan/app/ThirdParty/Codenom/Midtrans/src/Midtrans.php(55): Codenom\Midtrans\HTTP\APIMidtrans::call('POST', 'https://app.san...', 'SB-Mid-server-5...', Array)
#2 /home/nguh5634/public_html/project/undangan/app/Controllers/base/Dashboard.php(1150): Codenom\Midtrans\Midtrans->getSnapToken(Array)
#3 /home/nguh5634/public_html/project/undangan/system/CodeIgniter.php(910): App\Controllers\base\Dashboard->token()
#4 /home/nguh5634/public_html/project/undangan/system/CodeIgniter.php(398): CodeIgniter\CodeIgniter->runController(Object(App\Controllers\base\Dashboard))
#5 /home/nguh5634/public_html/project/undangan/system/CodeIgniter.php(306): CodeIgniter\CodeIgniter->handleRequest(NULL, Object(Config\Cache), false)
#6 /home/nguh5634/public_html/project/undangan/index.php(45): CodeIgniter\CodeIgniter->run()
#7 {main}
INFO - 2021-10-19 20:57:56 --> Session: Class initialized using 'CodeIgniter\Session\Handlers\FileHandler' driver.
INFO - 2021-10-19 20:57:56 --> Controller "App\Controllers\base\Dashboard" loaded.
INFO - 2021-10-19 20:57:57 --> Controller "App\Controllers\base\Beranda" loaded.
INFO - 2021-10-19 20:58:01 --> Session: Class initialized using 'CodeIgniter\Session\Handlers\FileHandler' driver.
INFO - 2021-10-19 20:58:01 --> Controller "App\Controllers\base\Dashboard" loaded.
CRITICAL - 2021-10-19 20:58:01 --> Class 'Laminas\Json\Json' not found
#0 /home/nguh5634/public_html/project/undangan/app/ThirdParty/Codenom/Midtrans/src/HTTP/APIMidtrans.php(29): Codenom\Midtrans\Parse\JSONParse::encode(Array)
#1 /home/nguh5634/public_html/project/undangan/app/ThirdParty/Codenom/Midtrans/src/Midtrans.php(55): Codenom\Midtrans\HTTP\APIMidtrans::call('POST', 'https://app.san...', 'SB-Mid-server-5...', Array)
#2 /home/nguh5634/public_html/project/undangan/app/Controllers/base/Dashboard.php(1150): Codenom\Midtrans\Midtrans->getSnapToken(Array)
#3 /home/nguh5634/public_html/project/undangan/system/CodeIgniter.php(910): App\Controllers\base\Dashboard->token()
#4 /home/nguh5634/public_html/project/undangan/system/CodeIgniter.php(398): CodeIgniter\CodeIgniter->runController(Object(App\Controllers\base\Dashboard))
#5 /home/nguh5634/public_html/project/undangan/system/CodeIgniter.php(306): CodeIgniter\CodeIgniter->handleRequest(NULL, Object(Config\Cache), false)
#6 /home/nguh5634/public_html/project/undangan/index.php(45): CodeIgniter\CodeIgniter->run()
#7 {main}
INFO - 2021-10-19 20:59:24 --> Session: Class initialized using 'CodeIgniter\Session\Handlers\FileHandler' driver.
INFO - 2021-10-19 20:59:24 --> Controller "App\Controllers\base\Dashboard" loaded.
INFO - 2021-10-19 20:59:24 --> Controller "App\Controllers\base\Beranda" loaded.
INFO - 2021-10-19 20:59:29 --> Session: Class initialized using 'CodeIgniter\Session\Handlers\FileHandler' driver.
INFO - 2021-10-19 20:59:29 --> Controller "App\Controllers\base\Dashboard" loaded.
CRITICAL - 2021-10-19 20:59:29 --> Class 'Laminas\Json\Json' not found
#0 /home/nguh5634/public_html/project/undangan/app/ThirdParty/Codenom/Midtrans/src/HTTP/APIMidtrans.php(29): Codenom\Midtrans\Parse\JSONParse::encode(Array)
#1 /home/nguh5634/public_html/project/undangan/app/ThirdParty/Codenom/Midtrans/src/Midtrans.php(55): Codenom\Midtrans\HTTP\APIMidtrans::call('POST', 'https://app.san...', 'SB-Mid-server-5...', Array)
#2 /home/nguh5634/public_html/project/undangan/app/Controllers/base/Dashboard.php(1150): Codenom\Midtrans\Midtrans->getSnapToken(Array)
#3 /home/nguh5634/public_html/project/undangan/system/CodeIgniter.php(910): App\Controllers\base\Dashboard->token()
#4 /home/nguh5634/public_html/project/undangan/system/CodeIgniter.php(398): CodeIgniter\CodeIgniter->runController(Object(App\Controllers\base\Dashboard))
#5 /home/nguh5634/public_html/project/undangan/system/CodeIgniter.php(306): CodeIgniter\CodeIgniter->handleRequest(NULL, Object(Config\Cache), false)
#6 /home/nguh5634/public_html/project/undangan/index.php(45): CodeIgniter\CodeIgniter->run()
#7 {main}
INFO - 2021-10-19 21:00:58 --> Session: Class initialized using 'CodeIgniter\Session\Handlers\FileHandler' driver.
INFO - 2021-10-19 21:00:58 --> Controller "App\Controllers\base\Dashboard" loaded.
INFO - 2021-10-19 21:00:59 --> Controller "App\Controllers\base\Beranda" loaded.
INFO - 2021-10-19 21:01:24 --> Session: Class initialized using 'CodeIgniter\Session\Handlers\FileHandler' driver.
INFO - 2021-10-19 21:01:24 --> Controller "App\Controllers\base\Dashboard" loaded.
INFO - 2021-10-19 21:01:24 --> Controller "App\Controllers\base\Beranda" loaded.
INFO - 2021-10-19 21:01:28 --> Session: Class initialized using 'CodeIgniter\Session\Handlers\FileHandler' driver.
INFO - 2021-10-19 21:01:28 --> Controller "App\Controllers\base\Dashboard" loaded.
CRITICAL - 2021-10-19 21:01:28 --> Class 'Laminas\Json\Json' not found
#0 /home/nguh5634/public_html/project/undangan/app/ThirdParty/Codenom/Midtrans/src/HTTP/APIMidtrans.php(29): Codenom\Midtrans\Parse\JSONParse::encode(Array)
#1 /home/nguh5634/public_html/project/undangan/app/ThirdParty/Codenom/Midtrans/src/Midtrans.php(55): Codenom\Midtrans\HTTP\APIMidtrans::call('POST', 'https://app.san...', 'Mid-server-ukNz...', Array)
#2 /home/nguh5634/public_html/project/undangan/app/Controllers/base/Dashboard.php(1150): Codenom\Midtrans\Midtrans->getSnapToken(Array)
#3 /home/nguh5634/public_html/project/undangan/system/CodeIgniter.php(910): App\Controllers\base\Dashboard->token()
#4 /home/nguh5634/public_html/project/undangan/system/CodeIgniter.php(398): CodeIgniter\CodeIgniter->runController(Object(App\Controllers\base\Dashboard))
#5 /home/nguh5634/public_html/project/undangan/system/CodeIgniter.php(306): CodeIgniter\CodeIgniter->handleRequest(NULL, Object(Config\Cache), false)
#6 /home/nguh5634/public_html/project/undangan/index.php(45): CodeIgniter\CodeIgniter->run()
#7 {main}
INFO - 2021-10-19 21:01:37 --> Session: Class initialized using 'CodeIgniter\Session\Handlers\FileHandler' driver.
INFO - 2021-10-19 21:01:37 --> Controller "App\Controllers\base\Dashboard" loaded.
INFO - 2021-10-19 21:01:37 --> Controller "App\Controllers\base\Beranda" loaded.
INFO - 2021-10-19 21:03:13 --> Session: Class initialized using 'CodeIgniter\Session\Handlers\FileHandler' driver.
INFO - 2021-10-19 21:03:13 --> Controller "App\Controllers\base\Dashboard" loaded.
INFO - 2021-10-19 21:03:14 --> Controller "App\Controllers\base\Beranda" loaded.
INFO - 2021-10-19 21:03:20 --> Session: Class initialized using 'CodeIgniter\Session\Handlers\FileHandler' driver.
INFO - 2021-10-19 21:03:20 --> Controller "App\Controllers\base\Dashboard" loaded.
INFO - 2021-10-19 21:03:20 --> Controller "App\Controllers\base\Beranda" loaded.
INFO - 2021-10-19 21:03:27 --> Session: Class initialized using 'CodeIgniter\Session\Handlers\FileHandler' driver.
INFO - 2021-10-19 21:03:27 --> Controller "App\Controllers\base\Dashboard" loaded.
CRITICAL - 2021-10-19 21:03:27 --> Class 'Laminas\Json\Json' not found
#0 /home/nguh5634/public_html/project/undangan/app/ThirdParty/Codenom/Midtrans/src/HTTP/APIMidtrans.php(29): Codenom\Midtrans\Parse\JSONParse::encode(Array)
#1 /home/nguh5634/public_html/project/undangan/app/ThirdParty/Codenom/Midtrans/src/Midtrans.php(55): Codenom\Midtrans\HTTP\APIMidtrans::call('POST', 'https://app.san...', 'Mid-server-ukNz...', Array)
#2 /home/nguh5634/public_html/project/undangan/app/Controllers/base/Dashboard.php(1150): Codenom\Midtrans\Midtrans->getSnapToken(Array)
#3 /home/nguh5634/public_html/project/undangan/system/CodeIgniter.php(910): App\Controllers\base\Dashboard->token()
#4 /home/nguh5634/public_html/project/undangan/system/CodeIgniter.php(398): CodeIgniter\CodeIgniter->runController(Object(App\Controllers\base\Dashboard))
#5 /home/nguh5634/public_html/project/undangan/system/CodeIgniter.php(306): CodeIgniter\CodeIgniter->handleRequest(NULL, Object(Config\Cache), false)
#6 /home/nguh5634/public_html/project/undangan/index.php(45): CodeIgniter\CodeIgniter->run()
#7 {main}
INFO - 2021-10-19 21:03:53 --> Session: Class initialized using 'CodeIgniter\Session\Handlers\FileHandler' driver.
INFO - 2021-10-19 21:03:53 --> Controller "App\Controllers\base\Dashboard" loaded.
INFO - 2021-10-19 21:04:00 --> Session: Class initialized using 'CodeIgniter\Session\Handlers\FileHandler' driver.
INFO - 2021-10-19 21:04:00 --> Controller "App\Controllers\base\Dashboard" loaded.
CRITICAL - 2021-10-19 21:04:00 --> Class 'Laminas\Json\Json' not found
#0 /home/nguh5634/public_html/project/undangan/app/ThirdParty/Codenom/Midtrans/src/HTTP/APIMidtrans.php(29): Codenom\Midtrans\Parse\JSONParse::encode(Array)
#1 /home/nguh5634/public_html/project/undangan/app/ThirdParty/Codenom/Midtrans/src/Midtrans.php(55): Codenom\Midtrans\HTTP\APIMidtrans::call('POST', 'https://app.san...', 'Mid-server-ukNz...', Array)
#2 /home/nguh5634/public_html/project/undangan/app/Controllers/base/Dashboard.php(1150): Codenom\Midtrans\Midtrans->getSnapToken(Array)
#3 /home/nguh5634/public_html/project/undangan/system/CodeIgniter.php(910): App\Controllers\base\Dashboard->token()
#4 /home/nguh5634/public_html/project/undangan/system/CodeIgniter.php(398): CodeIgniter\CodeIgniter->runController(Object(App\Controllers\base\Dashboard))
#5 /home/nguh5634/public_html/project/undangan/system/CodeIgniter.php(306): CodeIgniter\CodeIgniter->handleRequest(NULL, Object(Config\Cache), false)
#6 /home/nguh5634/public_html/project/undangan/index.php(45): CodeIgniter\CodeIgniter->run()
#7 {main}
INFO - 2021-10-19 21:04:28 --> Session: Class initialized using 'CodeIgniter\Session\Handlers\FileHandler' driver.
INFO - 2021-10-19 21:04:28 --> Controller "App\Controllers\base\Dashboard" loaded.
CRITICAL - 2021-10-19 21:04:28 --> Class 'Laminas\Json\Json' not found
#0 /home/nguh5634/public_html/project/undangan/app/ThirdParty/Codenom/Midtrans/src/HTTP/APIMidtrans.php(29): Codenom\Midtrans\Parse\JSONParse::encode(Array)
#1 /home/nguh5634/public_html/project/undangan/app/ThirdParty/Codenom/Midtrans/src/Midtrans.php(55): Codenom\Midtrans\HTTP\APIMidtrans::call('POST', 'https://app.san...', 'Mid-server-ukNz...', Array)
#2 /home/nguh5634/public_html/project/undangan/app/Controllers/base/Dashboard.php(1150): Codenom\Midtrans\Midtrans->getSnapToken(Array)
#3 /home/nguh5634/public_html/project/undangan/system/CodeIgniter.php(910): App\Controllers\base\Dashboard->token()
#4 /home/nguh5634/public_html/project/undangan/system/CodeIgniter.php(398): CodeIgniter\CodeIgniter->runController(Object(App\Controllers\base\Dashboard))
#5 /home/nguh5634/public_html/project/undangan/system/CodeIgniter.php(306): CodeIgniter\CodeIgniter->handleRequest(NULL, Object(Config\Cache), false)
#6 /home/nguh5634/public_html/project/undangan/index.php(45): CodeIgniter\CodeIgniter->run()
#7 {main}
INFO - 2021-10-19 21:17:22 --> Session: Class initialized using 'CodeIgniter\Session\Handlers\FileHandler' driver.
INFO - 2021-10-19 21:17:22 --> Controller "App\Controllers\base\Dashboard" loaded.
CRITICAL - 2021-10-19 21:17:22 --> Class 'Laminas\Json\Json' not found
#0 /home/nguh5634/public_html/project/undangan/app/ThirdParty/Codenom/Midtrans/src/HTTP/APIMidtrans.php(29): Codenom\Midtrans\Parse\JSONParse::encode(Array)
#1 /home/nguh5634/public_html/project/undangan/app/ThirdParty/Codenom/Midtrans/src/Midtrans.php(55): Codenom\Midtrans\HTTP\APIMidtrans::call('POST', 'https://app.san...', 'Mid-server-ukNz...', Array)
#2 /home/nguh5634/public_html/project/undangan/app/Controllers/base/Dashboard.php(1150): Codenom\Midtrans\Midtrans->getSnapToken(Array)
#3 /home/nguh5634/public_html/project/undangan/system/CodeIgniter.php(910): App\Controllers\base\Dashboard->token()
#4 /home/nguh5634/public_html/project/undangan/system/CodeIgniter.php(398): CodeIgniter\CodeIgniter->runController(Object(App\Controllers\base\Dashboard))
#5 /home/nguh5634/public_html/project/undangan/system/CodeIgniter.php(306): CodeIgniter\CodeIgniter->handleRequest(NULL, Object(Config\Cache), false)
#6 /home/nguh5634/public_html/project/undangan/index.php(45): CodeIgniter\CodeIgniter->run()
#7 {main}
INFO - 2021-10-19 21:17:38 --> Session: Class initialized using 'CodeIgniter\Session\Handlers\FileHandler' driver.
INFO - 2021-10-19 21:17:38 --> Controller "App\Controllers\base\Dashboard" loaded.
INFO - 2021-10-19 21:17:39 --> Controller "App\Controllers\base\Beranda" loaded.
INFO - 2021-10-19 21:17:43 --> Session: Class initialized using 'CodeIgniter\Session\Handlers\FileHandler' driver.
INFO - 2021-10-19 21:17:43 --> Controller "App\Controllers\base\Dashboard" loaded.
CRITICAL - 2021-10-19 21:17:43 --> Class 'Laminas\Json\Json' not found
#0 /home/nguh5634/public_html/project/undangan/app/ThirdParty/Codenom/Midtrans/src/HTTP/APIMidtrans.php(29): Codenom\Midtrans\Parse\JSONParse::encode(Array)
#1 /home/nguh5634/public_html/project/undangan/app/ThirdParty/Codenom/Midtrans/src/Midtrans.php(55): Codenom\Midtrans\HTTP\APIMidtrans::call('POST', 'https://app.san...', 'Mid-server-ukNz...', Array)
#2 /home/nguh5634/public_html/project/undangan/app/Controllers/base/Dashboard.php(1150): Codenom\Midtrans\Midtrans->getSnapToken(Array)
#3 /home/nguh5634/public_html/project/undangan/system/CodeIgniter.php(910): App\Controllers\base\Dashboard->token()
#4 /home/nguh5634/public_html/project/undangan/system/CodeIgniter.php(398): CodeIgniter\CodeIgniter->runController(Object(App\Controllers\base\Dashboard))
#5 /home/nguh5634/public_html/project/undangan/system/CodeIgniter.php(306): CodeIgniter\CodeIgniter->handleRequest(NULL, Object(Config\Cache), false)
#6 /home/nguh5634/public_html/project/undangan/index.php(45): CodeIgniter\CodeIgniter->run()
#7 {main}
INFO - 2021-10-19 21:17:48 --> Session: Class initialized using 'CodeIgniter\Session\Handlers\FileHandler' driver.
INFO - 2021-10-19 21:17:48 --> Controller "App\Controllers\base\Dashboard" loaded.
CRITICAL - 2021-10-19 21:17:48 --> Class 'Laminas\Json\Json' not found
#0 /home/nguh5634/public_html/project/undangan/app/ThirdParty/Codenom/Midtrans/src/HTTP/APIMidtrans.php(29): Codenom\Midtrans\Parse\JSONParse::encode(Array)
#1 /home/nguh5634/public_html/project/undangan/app/ThirdParty/Codenom/Midtrans/src/Midtrans.php(55): Codenom\Midtrans\HTTP\APIMidtrans::call('POST', 'https://app.san...', 'Mid-server-ukNz...', Array)
#2 /home/nguh5634/public_html/project/undangan/app/Controllers/base/Dashboard.php(1150): Codenom\Midtrans\Midtrans->getSnapToken(Array)
#3 /home/nguh5634/public_html/project/undangan/system/CodeIgniter.php(910): App\Controllers\base\Dashboard->token()
#4 /home/nguh5634/public_html/project/undangan/system/CodeIgniter.php(398): CodeIgniter\CodeIgniter->runController(Object(App\Controllers\base\Dashboard))
#5 /home/nguh5634/public_html/project/undangan/system/CodeIgniter.php(306): CodeIgniter\CodeIgniter->handleRequest(NULL, Object(Config\Cache), false)
#6 /home/nguh5634/public_html/project/undangan/index.php(45): CodeIgniter\CodeIgniter->run()
#7 {main}
INFO - 2021-10-19 21:21:21 --> Session: Class initialized using 'CodeIgniter\Session\Handlers\FileHandler' driver.
INFO - 2021-10-19 21:21:21 --> Controller "App\Controllers\base\Dashboard" loaded.
INFO - 2021-10-19 21:21:22 --> Controller "App\Controllers\base\Beranda" loaded.
INFO - 2021-10-19 21:21:28 --> Session: Class initialized using 'CodeIgniter\Session\Handlers\FileHandler' driver.
INFO - 2021-10-19 21:21:28 --> Controller "App\Controllers\base\Dashboard" loaded.
CRITICAL - 2021-10-19 21:21:28 --> Class 'Laminas\Json\Json' not found
#0 /home/nguh5634/public_html/project/undangan/app/ThirdParty/Codenom/Midtrans/src/HTTP/APIMidtrans.php(29): Codenom\Midtrans\Parse\JSONParse::encode(Array)
#1 /home/nguh5634/public_html/project/undangan/app/ThirdParty/Codenom/Midtrans/src/Midtrans.php(55): Codenom\Midtrans\HTTP\APIMidtrans::call('POST', 'https://app.san...', 'Mid-server-ukNz...', Array)
#2 /home/nguh5634/public_html/project/undangan/app/Controllers/base/Dashboard.php(1150): Codenom\Midtrans\Midtrans->getSnapToken(Array)
#3 /home/nguh5634/public_html/project/undangan/system/CodeIgniter.php(910): App\Controllers\base\Dashboard->token()
#4 /home/nguh5634/public_html/project/undangan/system/CodeIgniter.php(398): CodeIgniter\CodeIgniter->runController(Object(App\Controllers\base\Dashboard))
#5 /home/nguh5634/public_html/project/undangan/system/CodeIgniter.php(306): CodeIgniter\CodeIgniter->handleRequest(NULL, Object(Config\Cache), false)
#6 /home/nguh5634/public_html/project/undangan/index.php(45): CodeIgniter\CodeIgniter->run()
#7 {main}
INFO - 2021-10-19 21:21:32 --> Session: Class initialized using 'CodeIgniter\Session\Handlers\FileHandler' driver.
INFO - 2021-10-19 21:21:32 --> Controller "App\Controllers\base\Dashboard" loaded.
CRITICAL - 2021-10-19 21:21:32 --> Class 'Laminas\Json\Json' not found
#0 /home/nguh5634/public_html/project/undangan/app/ThirdParty/Codenom/Midtrans/src/HTTP/APIMidtrans.php(29): Codenom\Midtrans\Parse\JSONParse::encode(Array)
#1 /home/nguh5634/public_html/project/undangan/app/ThirdParty/Codenom/Midtrans/src/Midtrans.php(55): Codenom\Midtrans\HTTP\APIMidtrans::call('POST', 'https://app.san...', 'Mid-server-ukNz...', Array)
#2 /home/nguh5634/public_html/project/undangan/app/Controllers/base/Dashboard.php(1150): Codenom\Midtrans\Midtrans->getSnapToken(Array)
#3 /home/nguh5634/public_html/project/undangan/system/CodeIgniter.php(910): App\Controllers\base\Dashboard->token()
#4 /home/nguh5634/public_html/project/undangan/system/CodeIgniter.php(398): CodeIgniter\CodeIgniter->runController(Object(App\Controllers\base\Dashboard))
#5 /home/nguh5634/public_html/project/undangan/system/CodeIgniter.php(306): CodeIgniter\CodeIgniter->handleRequest(NULL, Object(Config\Cache), false)
#6 /home/nguh5634/public_html/project/undangan/index.php(45): CodeIgniter\CodeIgniter->run()
#7 {main}
INFO - 2021-10-19 21:22:21 --> Session: Class initialized using 'CodeIgniter\Session\Handlers\FileHandler' driver.
INFO - 2021-10-19 21:22:21 --> Controller "App\Controllers\base\Dashboard" loaded.
INFO - 2021-10-19 21:22:22 --> Controller "App\Controllers\base\Beranda" loaded.
INFO - 2021-10-19 21:22:25 --> Session: Class initialized using 'CodeIgniter\Session\Handlers\FileHandler' driver.
INFO - 2021-10-19 21:22:25 --> Controller "App\Controllers\base\Dashboard" loaded.
CRITICAL - 2021-10-19 21:22:25 --> 22 : The requested URL returned error: 401 Unauthorized
#0 /home/nguh5634/public_html/project/undangan/system/HTTP/CURLRequest.php(823): CodeIgniter\HTTP\Exceptions\HTTPException::forCurlError('22', 'The requested U...')
#1 /home/nguh5634/public_html/project/undangan/system/HTTP/CURLRequest.php(449): CodeIgniter\HTTP\CURLRequest->sendRequest(Array)
#2 /home/nguh5634/public_html/project/undangan/system/HTTP/CURLRequest.php(158): CodeIgniter\HTTP\CURLRequest->send('POST', 'https://app.san...')
#3 /home/nguh5634/public_html/project/undangan/app/ThirdParty/Codenom/Midtrans/src/HTTP/APIMidtrans.php(37): CodeIgniter\HTTP\CURLRequest->request('POST', 'https://app.san...', Array)
#4 /home/nguh5634/public_html/project/undangan/app/ThirdParty/Codenom/Midtrans/src/Midtrans.php(55): Codenom\Midtrans\HTTP\APIMidtrans::call('POST', 'https://app.san...', 'Mid-server-ukNz...', Array)
#5 /home/nguh5634/public_html/project/undangan/app/Controllers/base/Dashboard.php(1150): Codenom\Midtrans\Midtrans->getSnapToken(Array)
#6 /home/nguh5634/public_html/project/undangan/system/CodeIgniter.php(910): App\Controllers\base\Dashboard->token()
#7 /home/nguh5634/public_html/project/undangan/system/CodeIgniter.php(398): CodeIgniter\CodeIgniter->runController(Object(App\Controllers\base\Dashboard))
#8 /home/nguh5634/public_html/project/undangan/system/CodeIgniter.php(306): CodeIgniter\CodeIgniter->handleRequest(NULL, Object(Config\Cache), false)
#9 /home/nguh5634/public_html/project/undangan/index.php(45): CodeIgniter\CodeIgniter->run()
#10 {main}
INFO - 2021-10-19 21:22:57 --> Session: Class initialized using 'CodeIgniter\Session\Handlers\FileHandler' driver.
INFO - 2021-10-19 21:22:57 --> Controller "App\Controllers\base\Dashboard" loaded.
CRITICAL - 2021-10-19 21:22:57 --> 22 : The requested URL returned error: 401 Unauthorized
#0 /home/nguh5634/public_html/project/undangan/system/HTTP/CURLRequest.php(823): CodeIgniter\HTTP\Exceptions\HTTPException::forCurlError('22', 'The requested U...')
#1 /home/nguh5634/public_html/project/undangan/system/HTTP/CURLRequest.php(449): CodeIgniter\HTTP\CURLRequest->sendRequest(Array)
#2 /home/nguh5634/public_html/project/undangan/system/HTTP/CURLRequest.php(158): CodeIgniter\HTTP\CURLRequest->send('POST', 'https://app.san...')
#3 /home/nguh5634/public_html/project/undangan/app/ThirdParty/Codenom/Midtrans/src/HTTP/APIMidtrans.php(37): CodeIgniter\HTTP\CURLRequest->request('POST', 'https://app.san...', Array)
#4 /home/nguh5634/public_html/project/undangan/app/ThirdParty/Codenom/Midtrans/src/Midtrans.php(55): Codenom\Midtrans\HTTP\APIMidtrans::call('POST', 'https://app.san...', 'Mid-server-ukNz...', Array)
#5 /home/nguh5634/public_html/project/undangan/app/Controllers/base/Dashboard.php(1150): Codenom\Midtrans\Midtrans->getSnapToken(Array)
#6 /home/nguh5634/public_html/project/undangan/system/CodeIgniter.php(910): App\Controllers\base\Dashboard->token()
#7 /home/nguh5634/public_html/project/undangan/system/CodeIgniter.php(398): CodeIgniter\CodeIgniter->runController(Object(App\Controllers\base\Dashboard))
#8 /home/nguh5634/public_html/project/undangan/system/CodeIgniter.php(306): CodeIgniter\CodeIgniter->handleRequest(NULL, Object(Config\Cache), false)
#9 /home/nguh5634/public_html/project/undangan/index.php(45): CodeIgniter\CodeIgniter->run()
#10 {main}
INFO - 2021-10-19 21:23:37 --> Session: Class initialized using 'CodeIgniter\Session\Handlers\FileHandler' driver.
INFO - 2021-10-19 21:23:37 --> Controller "App\Controllers\base\Dashboard" loaded.
INFO - 2021-10-19 21:23:38 --> Controller "App\Controllers\base\Beranda" loaded.
INFO - 2021-10-19 21:23:44 --> Session: Class initialized using 'CodeIgniter\Session\Handlers\FileHandler' driver.
INFO - 2021-10-19 21:23:44 --> Controller "App\Controllers\base\Dashboard" loaded.
CRITICAL - 2021-10-19 21:23:44 --> 22 : The requested URL returned error: 401 Unauthorized
#0 /home/nguh5634/public_html/project/undangan/system/HTTP/CURLRequest.php(823): CodeIgniter\HTTP\Exceptions\HTTPException::forCurlError('22', 'The requested U...')
#1 /home/nguh5634/public_html/project/undangan/system/HTTP/CURLRequest.php(449): CodeIgniter\HTTP\CURLRequest->sendRequest(Array)
#2 /home/nguh5634/public_html/project/undangan/system/HTTP/CURLRequest.php(158): CodeIgniter\HTTP\CURLRequest->send('POST', 'https://app.san...')
#3 /home/nguh5634/public_html/project/undangan/app/ThirdParty/Codenom/Midtrans/src/HTTP/APIMidtrans.php(37): CodeIgniter\HTTP\CURLRequest->request('POST', 'https://app.san...', Array)
#4 /home/nguh5634/public_html/project/undangan/app/ThirdParty/Codenom/Midtrans/src/Midtrans.php(55): Codenom\Midtrans\HTTP\APIMidtrans::call('POST', 'https://app.san...', 'Mid-server-ukNz...', Array)
#5 /home/nguh5634/public_html/project/undangan/app/Controllers/base/Dashboard.php(1150): Codenom\Midtrans\Midtrans->getSnapToken(Array)
#6 /home/nguh5634/public_html/project/undangan/system/CodeIgniter.php(910): App\Controllers\base\Dashboard->token()
#7 /home/nguh5634/public_html/project/undangan/system/CodeIgniter.php(398): CodeIgniter\CodeIgniter->runController(Object(App\Controllers\base\Dashboard))
#8 /home/nguh5634/public_html/project/undangan/system/CodeIgniter.php(306): CodeIgniter\CodeIgniter->handleRequest(NULL, Object(Config\Cache), false)
#9 /home/nguh5634/public_html/project/undangan/index.php(45): CodeIgniter\CodeIgniter->run()
#10 {main}
INFO - 2021-10-19 21:24:34 --> Session: Class initialized using 'CodeIgniter\Session\Handlers\FileHandler' driver.
INFO - 2021-10-19 21:24:34 --> Controller "App\Controllers\base\Dashboard" loaded.
INFO - 2021-10-19 21:24:35 --> Controller "App\Controllers\base\Beranda" loaded.
INFO - 2021-10-19 21:24:39 --> Session: Class initialized using 'CodeIgniter\Session\Handlers\FileHandler' driver.
INFO - 2021-10-19 21:24:39 --> Controller "App\Controllers\base\Dashboard" loaded.
CRITICAL - 2021-10-19 21:24:39 --> Class 'Laminas\Json\Json' not found
#0 /home/nguh5634/public_html/project/undangan/app/ThirdParty/Codenom/Midtrans/src/HTTP/APIMidtrans.php(29): Codenom\Midtrans\Parse\JSONParse::encode(Array)
#1 /home/nguh5634/public_html/project/undangan/app/ThirdParty/Codenom/Midtrans/src/Midtrans.php(55): Codenom\Midtrans\HTTP\APIMidtrans::call('POST', 'https://app.san...', 'Mid-server-ukNz...', Array)
#2 /home/nguh5634/public_html/project/undangan/app/Controllers/base/Dashboard.php(1150): Codenom\Midtrans\Midtrans->getSnapToken(Array)
#3 /home/nguh5634/public_html/project/undangan/system/CodeIgniter.php(910): App\Controllers\base\Dashboard->token()
#4 /home/nguh5634/public_html/project/undangan/system/CodeIgniter.php(398): CodeIgniter\CodeIgniter->runController(Object(App\Controllers\base\Dashboard))
#5 /home/nguh5634/public_html/project/undangan/system/CodeIgniter.php(306): CodeIgniter\CodeIgniter->handleRequest(NULL, Object(Config\Cache), false)
#6 /home/nguh5634/public_html/project/undangan/index.php(45): CodeIgniter\CodeIgniter->run()
#7 {main}
INFO - 2021-10-19 21:24:43 --> Session: Class initialized using 'CodeIgniter\Session\Handlers\FileHandler' driver.
INFO - 2021-10-19 21:24:43 --> Controller "App\Controllers\base\Dashboard" loaded.
CRITICAL - 2021-10-19 21:24:43 --> Class 'Laminas\Json\Json' not found
#0 /home/nguh5634/public_html/project/undangan/app/ThirdParty/Codenom/Midtrans/src/HTTP/APIMidtrans.php(29): Codenom\Midtrans\Parse\JSONParse::encode(Array)
#1 /home/nguh5634/public_html/project/undangan/app/ThirdParty/Codenom/Midtrans/src/Midtrans.php(55): Codenom\Midtrans\HTTP\APIMidtrans::call('POST', 'https://app.san...', 'Mid-server-ukNz...', Array)
#2 /home/nguh5634/public_html/project/undangan/app/Controllers/base/Dashboard.php(1150): Codenom\Midtrans\Midtrans->getSnapToken(Array)
#3 /home/nguh5634/public_html/project/undangan/system/CodeIgniter.php(910): App\Controllers\base\Dashboard->token()
#4 /home/nguh5634/public_html/project/undangan/system/CodeIgniter.php(398): CodeIgniter\CodeIgniter->runController(Object(App\Controllers\base\Dashboard))
#5 /home/nguh5634/public_html/project/undangan/system/CodeIgniter.php(306): CodeIgniter\CodeIgniter->handleRequest(NULL, Object(Config\Cache), false)
#6 /home/nguh5634/public_html/project/undangan/index.php(45): CodeIgniter\CodeIgniter->run()
#7 {main}
INFO - 2021-10-19 21:26:59 --> Session: Class initialized using 'CodeIgniter\Session\Handlers\FileHandler' driver.
INFO - 2021-10-19 21:26:59 --> Controller "App\Controllers\base\Dashboard" loaded.
INFO - 2021-10-19 21:27:00 --> Controller "App\Controllers\base\Beranda" loaded.
INFO - 2021-10-19 21:27:02 --> Session: Class initialized using 'CodeIgniter\Session\Handlers\FileHandler' driver.
INFO - 2021-10-19 21:27:02 --> Controller "App\Controllers\base\Dashboard" loaded.
CRITICAL - 2021-10-19 21:27:04 --> 22 : The requested URL returned error: 401 Unauthorized
#0 /home/nguh5634/public_html/project/undangan/system/HTTP/CURLRequest.php(823): CodeIgniter\HTTP\Exceptions\HTTPException::forCurlError('22', 'The requested U...')
#1 /home/nguh5634/public_html/project/undangan/system/HTTP/CURLRequest.php(449): CodeIgniter\HTTP\CURLRequest->sendRequest(Array)
#2 /home/nguh5634/public_html/project/undangan/system/HTTP/CURLRequest.php(158): CodeIgniter\HTTP\CURLRequest->send('POST', 'https://app.san...')
#3 /home/nguh5634/public_html/project/undangan/app/ThirdParty/Codenom/Midtrans/src/HTTP/APIMidtrans.php(37): CodeIgniter\HTTP\CURLRequest->request('POST', 'https://app.san...', Array)
#4 /home/nguh5634/public_html/project/undangan/app/ThirdParty/Codenom/Midtrans/src/Midtrans.php(55): Codenom\Midtrans\HTTP\APIMidtrans::call('POST', 'https://app.san...', 'Mid-server-ukNz...', Array)
#5 /home/nguh5634/public_html/project/undangan/app/Controllers/base/Dashboard.php(1150): Codenom\Midtrans\Midtrans->getSnapToken(Array)
#6 /home/nguh5634/public_html/project/undangan/system/CodeIgniter.php(910): App\Controllers\base\Dashboard->token()
#7 /home/nguh5634/public_html/project/undangan/system/CodeIgniter.php(398): CodeIgniter\CodeIgniter->runController(Object(App\Controllers\base\Dashboard))
#8 /home/nguh5634/public_html/project/undangan/system/CodeIgniter.php(306): CodeIgniter\CodeIgniter->handleRequest(NULL, Object(Config\Cache), false)
#9 /home/nguh5634/public_html/project/undangan/index.php(45): CodeIgniter\CodeIgniter->run()
#10 {main}
INFO - 2021-10-19 21:27:08 --> Session: Class initialized using 'CodeIgniter\Session\Handlers\FileHandler' driver.
INFO - 2021-10-19 21:27:08 --> Controller "App\Controllers\base\Dashboard" loaded.
CRITICAL - 2021-10-19 21:27:08 --> 22 : The requested URL returned error: 401 Unauthorized
#0 /home/nguh5634/public_html/project/undangan/system/HTTP/CURLRequest.php(823): CodeIgniter\HTTP\Exceptions\HTTPException::forCurlError('22', 'The requested U...')
#1 /home/nguh5634/public_html/project/undangan/system/HTTP/CURLRequest.php(449): CodeIgniter\HTTP\CURLRequest->sendRequest(Array)
#2 /home/nguh5634/public_html/project/undangan/system/HTTP/CURLRequest.php(158): CodeIgniter\HTTP\CURLRequest->send('POST', 'https://app.san...')
#3 /home/nguh5634/public_html/project/undangan/app/ThirdParty/Codenom/Midtrans/src/HTTP/APIMidtrans.php(37): CodeIgniter\HTTP\CURLRequest->request('POST', 'https://app.san...', Array)
#4 /home/nguh5634/public_html/project/undangan/app/ThirdParty/Codenom/Midtrans/src/Midtrans.php(55): Codenom\Midtrans\HTTP\APIMidtrans::call('POST', 'https://app.san...', 'Mid-server-ukNz...', Array)
#5 /home/nguh5634/public_html/project/undangan/app/Controllers/base/Dashboard.php(1150): Codenom\Midtrans\Midtrans->getSnapToken(Array)
#6 /home/nguh5634/public_html/project/undangan/system/CodeIgniter.php(910): App\Controllers\base\Dashboard->token()
#7 /home/nguh5634/public_html/project/undangan/system/CodeIgniter.php(398): CodeIgniter\CodeIgniter->runController(Object(App\Controllers\base\Dashboard))
#8 /home/nguh5634/public_html/project/undangan/system/CodeIgniter.php(306): CodeIgniter\CodeIgniter->handleRequest(NULL, Object(Config\Cache), false)
#9 /home/nguh5634/public_html/project/undangan/index.php(45): CodeIgniter\CodeIgniter->run()
#10 {main}
INFO - 2021-10-19 21:29:36 --> Session: Class initialized using 'CodeIgniter\Session\Handlers\FileHandler' driver.
INFO - 2021-10-19 21:29:37 --> Controller "App\Controllers\base\Dashboard" loaded.
INFO - 2021-10-19 21:29:37 --> Controller "App\Controllers\base\Beranda" loaded.
INFO - 2021-10-19 21:29:40 --> Session: Class initialized using 'CodeIgniter\Session\Handlers\FileHandler' driver.
INFO - 2021-10-19 21:29:40 --> Controller "App\Controllers\base\Dashboard" loaded.
CRITICAL - 2021-10-19 21:29:40 --> 22 : The requested URL returned error: 401 Unauthorized
#0 /home/nguh5634/public_html/project/undangan/system/HTTP/CURLRequest.php(823): CodeIgniter\HTTP\Exceptions\HTTPException::forCurlError('22', 'The requested U...')
#1 /home/nguh5634/public_html/project/undangan/system/HTTP/CURLRequest.php(449): CodeIgniter\HTTP\CURLRequest->sendRequest(Array)
#2 /home/nguh5634/public_html/project/undangan/system/HTTP/CURLRequest.php(158): CodeIgniter\HTTP\CURLRequest->send('POST', 'https://app.san...')
#3 /home/nguh5634/public_html/project/undangan/app/ThirdParty/Codenom/Midtrans/src/HTTP/APIMidtrans.php(37): CodeIgniter\HTTP\CURLRequest->request('POST', 'https://app.san...', Array)
#4 /home/nguh5634/public_html/project/undangan/app/ThirdParty/Codenom/Midtrans/src/Midtrans.php(55): Codenom\Midtrans\HTTP\APIMidtrans::call('POST', 'https://app.san...', 'Mid-server-ukNz...', Array)
#5 /home/nguh5634/public_html/project/undangan/app/Controllers/base/Dashboard.php(1150): Codenom\Midtrans\Midtrans->getSnapToken(Array)
#6 /home/nguh5634/public_html/project/undangan/system/CodeIgniter.php(910): App\Controllers\base\Dashboard->token()
#7 /home/nguh5634/public_html/project/undangan/system/CodeIgniter.php(398): CodeIgniter\CodeIgniter->runController(Object(App\Controllers\base\Dashboard))
#8 /home/nguh5634/public_html/project/undangan/system/CodeIgniter.php(306): CodeIgniter\CodeIgniter->handleRequest(NULL, Object(Config\Cache), false)
#9 /home/nguh5634/public_html/project/undangan/index.php(45): CodeIgniter\CodeIgniter->run()
#10 {main}
INFO - 2021-10-19 21:29:59 --> Session: Class initialized using 'CodeIgniter\Session\Handlers\FileHandler' driver.
INFO - 2021-10-19 21:29:59 --> Controller "App\Controllers\base\Dashboard" loaded.
INFO - 2021-10-19 21:29:59 --> Controller "App\Controllers\base\Beranda" loaded.
INFO - 2021-10-19 21:30:33 --> Session: Class initialized using 'CodeIgniter\Session\Handlers\FileHandler' driver.
INFO - 2021-10-19 21:30:33 --> Controller "App\Controllers\base\Dashboard" loaded.
CRITICAL - 2021-10-19 21:30:34 --> 22 : The requested URL returned error: 401 Unauthorized
#0 /home/nguh5634/public_html/project/undangan/system/HTTP/CURLRequest.php(823): CodeIgniter\HTTP\Exceptions\HTTPException::forCurlError('22', 'The requested U...')
#1 /home/nguh5634/public_html/project/undangan/system/HTTP/CURLRequest.php(449): CodeIgniter\HTTP\CURLRequest->sendRequest(Array)
#2 /home/nguh5634/public_html/project/undangan/system/HTTP/CURLRequest.php(158): CodeIgniter\HTTP\CURLRequest->send('POST', 'https://app.san...')
#3 /home/nguh5634/public_html/project/undangan/app/ThirdParty/Codenom/Midtrans/src/HTTP/APIMidtrans.php(37): CodeIgniter\HTTP\CURLRequest->request('POST', 'https://app.san...', Array)
#4 /home/nguh5634/public_html/project/undangan/app/ThirdParty/Codenom/Midtrans/src/Midtrans.php(55): Codenom\Midtrans\HTTP\APIMidtrans::call('POST', 'https://app.san...', 'Mid-server-ukNz...', Array)
#5 /home/nguh5634/public_html/project/undangan/app/Controllers/base/Dashboard.php(1150): Codenom\Midtrans\Midtrans->getSnapToken(Array)
#6 /home/nguh5634/public_html/project/undangan/system/CodeIgniter.php(910): App\Controllers\base\Dashboard->token()
#7 /home/nguh5634/public_html/project/undangan/system/CodeIgniter.php(398): CodeIgniter\CodeIgniter->runController(Object(App\Controllers\base\Dashboard))
#8 /home/nguh5634/public_html/project/undangan/system/CodeIgniter.php(306): CodeIgniter\CodeIgniter->handleRequest(NULL, Object(Config\Cache), false)
#9 /home/nguh5634/public_html/project/undangan/index.php(45): CodeIgniter\CodeIgniter->run()
#10 {main}
INFO - 2021-10-19 21:30:39 --> Session: Class initialized using 'CodeIgniter\Session\Handlers\FileHandler' driver.
INFO - 2021-10-19 21:30:39 --> Controller "App\Controllers\base\Dashboard" loaded.
CRITICAL - 2021-10-19 21:30:39 --> 22 : The requested URL returned error: 401 Unauthorized
#0 /home/nguh5634/public_html/project/undangan/system/HTTP/CURLRequest.php(823): CodeIgniter\HTTP\Exceptions\HTTPException::forCurlError('22', 'The requested U...')
#1 /home/nguh5634/public_html/project/undangan/system/HTTP/CURLRequest.php(449): CodeIgniter\HTTP\CURLRequest->sendRequest(Array)
#2 /home/nguh5634/public_html/project/undangan/system/HTTP/CURLRequest.php(158): CodeIgniter\HTTP\CURLRequest->send('POST', 'https://app.san...')
#3 /home/nguh5634/public_html/project/undangan/app/ThirdParty/Codenom/Midtrans/src/HTTP/APIMidtrans.php(37): CodeIgniter\HTTP\CURLRequest->request('POST', 'https://app.san...', Array)
#4 /home/nguh5634/public_html/project/undangan/app/ThirdParty/Codenom/Midtrans/src/Midtrans.php(55): Codenom\Midtrans\HTTP\APIMidtrans::call('POST', 'https://app.san...', 'Mid-server-ukNz...', Array)
#5 /home/nguh5634/public_html/project/undangan/app/Controllers/base/Dashboard.php(1150): Codenom\Midtrans\Midtrans->getSnapToken(Array)
#6 /home/nguh5634/public_html/project/undangan/system/CodeIgniter.php(910): App\Controllers\base\Dashboard->token()
#7 /home/nguh5634/public_html/project/undangan/system/CodeIgniter.php(398): CodeIgniter\CodeIgniter->runController(Object(App\Controllers\base\Dashboard))
#8 /home/nguh5634/public_html/project/undangan/system/CodeIgniter.php(306): CodeIgniter\CodeIgniter->handleRequest(NULL, Object(Config\Cache), false)
#9 /home/nguh5634/public_html/project/undangan/index.php(45): CodeIgniter\CodeIgniter->run()
#10 {main}
INFO - 2021-10-19 21:32:07 --> Session: Class initialized using 'CodeIgniter\Session\Handlers\FileHandler' driver.
INFO - 2021-10-19 21:32:07 --> Controller "App\Controllers\base\Dashboard" loaded.
INFO - 2021-10-19 21:32:08 --> Controller "App\Controllers\base\Beranda" loaded.
INFO - 2021-10-19 21:32:15 --> Session: Class initialized using 'CodeIgniter\Session\Handlers\FileHandler' driver.
INFO - 2021-10-19 21:32:15 --> Controller "App\Controllers\base\Dashboard" loaded.
CRITICAL - 2021-10-19 21:32:15 --> Class 'Laminas\Json\Json' not found
#0 /home/nguh5634/public_html/project/undangan/app/ThirdParty/Codenom/Midtrans/src/HTTP/APIMidtrans.php(29): Codenom\Midtrans\Parse\JSONParse::encode(Array)
#1 /home/nguh5634/public_html/project/undangan/app/ThirdParty/Codenom/Midtrans/src/Midtrans.php(55): Codenom\Midtrans\HTTP\APIMidtrans::call('POST', 'https://app.mid...', 'Mid-server-ukNz...', Array)
#2 /home/nguh5634/public_html/project/undangan/app/Controllers/base/Dashboard.php(1150): Codenom\Midtrans\Midtrans->getSnapToken(Array)
#3 /home/nguh5634/public_html/project/undangan/system/CodeIgniter.php(910): App\Controllers\base\Dashboard->token()
#4 /home/nguh5634/public_html/project/undangan/system/CodeIgniter.php(398): CodeIgniter\CodeIgniter->runController(Object(App\Controllers\base\Dashboard))
#5 /home/nguh5634/public_html/project/undangan/system/CodeIgniter.php(306): CodeIgniter\CodeIgniter->handleRequest(NULL, Object(Config\Cache), false)
#6 /home/nguh5634/public_html/project/undangan/index.php(45): CodeIgniter\CodeIgniter->run()
#7 {main}
INFO - 2021-10-19 21:33:41 --> Session: Class initialized using 'CodeIgniter\Session\Handlers\FileHandler' driver.
INFO - 2021-10-19 21:33:41 --> Controller "App\Controllers\base\Dashboard" loaded.
INFO - 2021-10-19 21:33:41 --> Controller "App\Controllers\base\Beranda" loaded.
INFO - 2021-10-19 21:33:47 --> Session: Class initialized using 'CodeIgniter\Session\Handlers\FileHandler' driver.
INFO - 2021-10-19 21:33:47 --> Controller "App\Controllers\base\Dashboard" loaded.
CRITICAL - 2021-10-19 21:33:47 --> Class 'Laminas\Json\Json' not found
#0 /home/nguh5634/public_html/project/undangan/app/ThirdParty/Codenom/Midtrans/src/HTTP/APIMidtrans.php(29): Codenom\Midtrans\Parse\JSONParse::encode(Array)
#1 /home/nguh5634/public_html/project/undangan/app/ThirdParty/Codenom/Midtrans/src/Midtrans.php(55): Codenom\Midtrans\HTTP\APIMidtrans::call('POST', 'https://app.mid...', 'Mid-server-ukNz...', Array)
#2 /home/nguh5634/public_html/project/undangan/app/Controllers/base/Dashboard.php(1150): Codenom\Midtrans\Midtrans->getSnapToken(Array)
#3 /home/nguh5634/public_html/project/undangan/system/CodeIgniter.php(910): App\Controllers\base\Dashboard->token()
#4 /home/nguh5634/public_html/project/undangan/system/CodeIgniter.php(398): CodeIgniter\CodeIgniter->runController(Object(App\Controllers\base\Dashboard))
#5 /home/nguh5634/public_html/project/undangan/system/CodeIgniter.php(306): CodeIgniter\CodeIgniter->handleRequest(NULL, Object(Config\Cache), false)
#6 /home/nguh5634/public_html/project/undangan/index.php(45): CodeIgniter\CodeIgniter->run()
#7 {main}
INFO - 2021-10-19 21:33:48 --> Session: Class initialized using 'CodeIgniter\Session\Handlers\FileHandler' driver.
INFO - 2021-10-19 21:33:48 --> Controller "App\Controllers\base\Dashboard" loaded.
CRITICAL - 2021-10-19 21:33:48 --> Class 'Laminas\Json\Json' not found
#0 /home/nguh5634/public_html/project/undangan/app/ThirdParty/Codenom/Midtrans/src/HTTP/APIMidtrans.php(29): Codenom\Midtrans\Parse\JSONParse::encode(Array)
#1 /home/nguh5634/public_html/project/undangan/app/ThirdParty/Codenom/Midtrans/src/Midtrans.php(55): Codenom\Midtrans\HTTP\APIMidtrans::call('POST', 'https://app.mid...', 'Mid-server-ukNz...', Array)
#2 /home/nguh5634/public_html/project/undangan/app/Controllers/base/Dashboard.php(1150): Codenom\Midtrans\Midtrans->getSnapToken(Array)
#3 /home/nguh5634/public_html/project/undangan/system/CodeIgniter.php(910): App\Controllers\base\Dashboard->token()
#4 /home/nguh5634/public_html/project/undangan/system/CodeIgniter.php(398): CodeIgniter\CodeIgniter->runController(Object(App\Controllers\base\Dashboard))
#5 /home/nguh5634/public_html/project/undangan/system/CodeIgniter.php(306): CodeIgniter\CodeIgniter->handleRequest(NULL, Object(Config\Cache), false)
#6 /home/nguh5634/public_html/project/undangan/index.php(45): CodeIgniter\CodeIgniter->run()
#7 {main}
INFO - 2021-10-19 21:45:10 --> Session: Class initialized using 'CodeIgniter\Session\Handlers\FileHandler' driver.
INFO - 2021-10-19 21:45:10 --> Controller "App\Controllers\base\Dashboard" loaded.
CRITICAL - 2021-10-19 21:45:10 --> Class 'Laminas\Json\Json' not found
#0 /home/nguh5634/public_html/project/undangan/app/ThirdParty/Codenom/Midtrans/src/HTTP/APIMidtrans.php(29): Codenom\Midtrans\Parse\JSONParse::encode(Array)
#1 /home/nguh5634/public_html/project/undangan/app/ThirdParty/Codenom/Midtrans/src/Midtrans.php(55): Codenom\Midtrans\HTTP\APIMidtrans::call('POST', 'https://app.mid...', 'Mid-server-ukNz...', Array)
#2 /home/nguh5634/public_html/project/undangan/app/Controllers/base/Dashboard.php(1150): Codenom\Midtrans\Midtrans->getSnapToken(Array)
#3 /home/nguh5634/public_html/project/undangan/system/CodeIgniter.php(910): App\Controllers\base\Dashboard->token()
#4 /home/nguh5634/public_html/project/undangan/system/CodeIgniter.php(398): CodeIgniter\CodeIgniter->runController(Object(App\Controllers\base\Dashboard))
#5 /home/nguh5634/public_html/project/undangan/system/CodeIgniter.php(306): CodeIgniter\CodeIgniter->handleRequest(NULL, Object(Config\Cache), false)
#6 /home/nguh5634/public_html/project/undangan/index.php(45): CodeIgniter\CodeIgniter->run()
#7 {main}
INFO - 2021-10-19 21:45:13 --> Session: Class initialized using 'CodeIgniter\Session\Handlers\FileHandler' driver.
INFO - 2021-10-19 21:45:13 --> Controller "App\Controllers\base\Dashboard" loaded.
INFO - 2021-10-19 21:47:25 --> Session: Class initialized using 'CodeIgniter\Session\Handlers\FileHandler' driver.
INFO - 2021-10-19 21:47:25 --> Controller "App\Controllers\base\Dashboard" loaded.
INFO - 2021-10-19 21:47:29 --> Session: Class initialized using 'CodeIgniter\Session\Handlers\FileHandler' driver.
INFO - 2021-10-19 21:47:29 --> Controller "App\Controllers\base\Dashboard" loaded.
CRITICAL - 2021-10-19 21:47:29 --> Class 'Laminas\Json\Json' not found
#0 /home/nguh5634/public_html/project/undangan/app/ThirdParty/Codenom/Midtrans/src/HTTP/APIMidtrans.php(29): Codenom\Midtrans\Parse\JSONParse::encode(Array)
#1 /home/nguh5634/public_html/project/undangan/app/ThirdParty/Codenom/Midtrans/src/Midtrans.php(55): Codenom\Midtrans\HTTP\APIMidtrans::call('POST', 'https://app.mid...', 'Mid-server-ukNz...', Array)
#2 /home/nguh5634/public_html/project/undangan/app/Controllers/base/Dashboard.php(1150): Codenom\Midtrans\Midtrans->getSnapToken(Array)
#3 /home/nguh5634/public_html/project/undangan/system/CodeIgniter.php(910): App\Controllers\base\Dashboard->token()
#4 /home/nguh5634/public_html/project/undangan/system/CodeIgniter.php(398): CodeIgniter\CodeIgniter->runController(Object(App\Controllers\base\Dashboard))
#5 /home/nguh5634/public_html/project/undangan/system/CodeIgniter.php(306): CodeIgniter\CodeIgniter->handleRequest(NULL, Object(Config\Cache), false)
#6 /home/nguh5634/public_html/project/undangan/index.php(45): CodeIgniter\CodeIgniter->run()
#7 {main}
