INFO - 2022-02-14 00:16:30 --> Controller "App\Controllers\base\Beranda" loaded.
INFO - 2022-02-14 00:16:31 --> Controller "App\Controllers\base\Beranda" loaded.
INFO - 2022-02-14 00:16:32 --> Controller "App\Controllers\base\Beranda" loaded.
INFO - 2022-02-14 00:16:32 --> Controller "App\Controllers\base\Beranda" loaded.
INFO - 2022-02-14 00:16:33 --> Controller "App\Controllers\base\Beranda" loaded.
INFO - 2022-02-14 00:16:34 --> Controller "App\Controllers\base\Beranda" loaded.
INFO - 2022-02-14 00:16:34 --> Controller "App\Controllers\base\Beranda" loaded.
INFO - 2022-02-14 00:16:35 --> Controller "App\Controllers\base\Beranda" loaded.
INFO - 2022-02-14 00:16:35 --> Controller "App\Controllers\base\Beranda" loaded.
INFO - 2022-02-14 00:16:36 --> Controller "App\Controllers\base\Beranda" loaded.
INFO - 2022-02-14 00:16:36 --> Controller "App\Controllers\base\Beranda" loaded.
INFO - 2022-02-14 00:16:37 --> Controller "App\Controllers\base\Beranda" loaded.
INFO - 2022-02-14 00:16:37 --> Controller "App\Controllers\base\Beranda" loaded.
INFO - 2022-02-14 00:16:38 --> Controller "App\Controllers\base\Beranda" loaded.
INFO - 2022-02-14 00:16:38 --> Controller "App\Controllers\base\Beranda" loaded.
INFO - 2022-02-14 00:16:39 --> Controller "App\Controllers\base\Beranda" loaded.
INFO - 2022-02-14 00:16:39 --> Controller "App\Controllers\base\Beranda" loaded.
INFO - 2022-02-14 00:16:39 --> Controller "App\Controllers\base\Beranda" loaded.
INFO - 2022-02-14 00:16:39 --> Controller "App\Controllers\base\Beranda" loaded.
INFO - 2022-02-14 00:36:35 --> Controller "App\Controllers\base\Beranda" loaded.
INFO - 2022-02-14 00:36:37 --> Controller "App\Controllers\base\Beranda" loaded.
INFO - 2022-02-14 01:55:07 --> Controller "App\Controllers\base\Beranda" loaded.
INFO - 2022-02-14 02:37:55 --> Controller "App\Controllers\base\Beranda" loaded.
INFO - 2022-02-14 02:37:55 --> Controller "App\Controllers\base\Beranda" loaded.
INFO - 2022-02-14 02:37:55 --> Controller "App\Controllers\base\Beranda" loaded.
INFO - 2022-02-14 02:37:55 --> Controller "App\Controllers\base\Beranda" loaded.
INFO - 2022-02-14 02:37:55 --> Controller "App\Controllers\base\Beranda" loaded.
INFO - 2022-02-14 02:37:55 --> Controller "App\Controllers\base\Beranda" loaded.
INFO - 2022-02-14 02:37:55 --> Controller "App\Controllers\base\Beranda" loaded.
INFO - 2022-02-14 02:37:56 --> Controller "App\Controllers\base\Beranda" loaded.
INFO - 2022-02-14 02:37:56 --> Controller "App\Controllers\base\Beranda" loaded.
INFO - 2022-02-14 02:37:56 --> Controller "App\Controllers\base\Beranda" loaded.
INFO - 2022-02-14 02:37:56 --> Controller "App\Controllers\base\Beranda" loaded.
INFO - 2022-02-14 02:37:56 --> Controller "App\Controllers\base\Beranda" loaded.
INFO - 2022-02-14 02:37:56 --> Controller "App\Controllers\base\Beranda" loaded.
INFO - 2022-02-14 02:37:56 --> Controller "App\Controllers\base\Beranda" loaded.
INFO - 2022-02-14 02:37:56 --> Controller "App\Controllers\base\Beranda" loaded.
INFO - 2022-02-14 02:37:56 --> Controller "App\Controllers\base\Beranda" loaded.
INFO - 2022-02-14 02:37:56 --> Controller "App\Controllers\base\Beranda" loaded.
INFO - 2022-02-14 02:37:56 --> Controller "App\Controllers\base\Beranda" loaded.
INFO - 2022-02-14 02:37:56 --> Controller "App\Controllers\base\Beranda" loaded.
INFO - 2022-02-14 02:37:56 --> Controller "App\Controllers\base\Beranda" loaded.
INFO - 2022-02-14 05:34:53 --> Controller "App\Controllers\base\Beranda" loaded.
INFO - 2022-02-14 05:34:56 --> Controller "App\Controllers\base\Beranda" loaded.
INFO - 2022-02-14 05:35:03 --> Controller "App\Controllers\base\Beranda" loaded.
INFO - 2022-02-14 05:35:03 --> Controller "App\Controllers\base\Beranda" loaded.
INFO - 2022-02-14 05:35:07 --> Controller "App\Controllers\base\Beranda" loaded.
INFO - 2022-02-14 05:35:07 --> Controller "App\Controllers\base\Beranda" loaded.
INFO - 2022-02-14 07:00:02 --> Controller "App\Controllers\base\Beranda" loaded.
INFO - 2022-02-14 07:10:02 --> Controller "App\Controllers\base\Beranda" loaded.
INFO - 2022-02-14 07:20:02 --> Controller "App\Controllers\base\Beranda" loaded.
INFO - 2022-02-14 07:30:01 --> Controller "App\Controllers\base\Beranda" loaded.
INFO - 2022-02-14 07:40:02 --> Controller "App\Controllers\base\Beranda" loaded.
INFO - 2022-02-14 07:50:02 --> Controller "App\Controllers\base\Beranda" loaded.
INFO - 2022-02-14 08:00:02 --> Controller "App\Controllers\base\Beranda" loaded.
INFO - 2022-02-14 08:10:01 --> Controller "App\Controllers\base\Beranda" loaded.
INFO - 2022-02-14 08:20:02 --> Controller "App\Controllers\base\Beranda" loaded.
INFO - 2022-02-14 08:30:02 --> Controller "App\Controllers\base\Beranda" loaded.
INFO - 2022-02-14 08:40:02 --> Controller "App\Controllers\base\Beranda" loaded.
INFO - 2022-02-14 08:50:02 --> Controller "App\Controllers\base\Beranda" loaded.
INFO - 2022-02-14 09:00:02 --> Controller "App\Controllers\base\Beranda" loaded.
INFO - 2022-02-14 09:06:18 --> Controller "App\Controllers\base\Beranda" loaded.
INFO - 2022-02-14 09:06:20 --> Controller "App\Controllers\base\Beranda" loaded.
INFO - 2022-02-14 09:10:02 --> Controller "App\Controllers\base\Beranda" loaded.
INFO - 2022-02-14 09:20:01 --> Controller "App\Controllers\base\Beranda" loaded.
INFO - 2022-02-14 09:30:02 --> Controller "App\Controllers\base\Beranda" loaded.
INFO - 2022-02-14 09:40:02 --> Controller "App\Controllers\base\Beranda" loaded.
INFO - 2022-02-14 09:50:02 --> Controller "App\Controllers\base\Beranda" loaded.
INFO - 2022-02-14 10:00:02 --> Controller "App\Controllers\base\Beranda" loaded.
INFO - 2022-02-14 10:10:02 --> Controller "App\Controllers\base\Beranda" loaded.
INFO - 2022-02-14 10:20:02 --> Controller "App\Controllers\base\Beranda" loaded.
INFO - 2022-02-14 10:30:02 --> Controller "App\Controllers\base\Beranda" loaded.
INFO - 2022-02-14 10:40:02 --> Controller "App\Controllers\base\Beranda" loaded.
INFO - 2022-02-14 10:50:02 --> Controller "App\Controllers\base\Beranda" loaded.
INFO - 2022-02-14 11:00:02 --> Controller "App\Controllers\base\Beranda" loaded.
INFO - 2022-02-14 11:10:02 --> Controller "App\Controllers\base\Beranda" loaded.
INFO - 2022-02-14 11:20:01 --> Controller "App\Controllers\base\Beranda" loaded.
INFO - 2022-02-14 11:30:02 --> Controller "App\Controllers\base\Beranda" loaded.
INFO - 2022-02-14 11:40:02 --> Controller "App\Controllers\base\Beranda" loaded.
INFO - 2022-02-14 11:50:02 --> Controller "App\Controllers\base\Beranda" loaded.
INFO - 2022-02-14 12:00:02 --> Controller "App\Controllers\base\Beranda" loaded.
INFO - 2022-02-14 12:10:02 --> Controller "App\Controllers\base\Beranda" loaded.
INFO - 2022-02-14 12:20:02 --> Controller "App\Controllers\base\Beranda" loaded.
INFO - 2022-02-14 12:30:02 --> Controller "App\Controllers\base\Beranda" loaded.
INFO - 2022-02-14 12:40:02 --> Controller "App\Controllers\base\Beranda" loaded.
INFO - 2022-02-14 12:42:05 --> Controller "App\Controllers\base\Beranda" loaded.
INFO - 2022-02-14 12:44:26 --> Controller "App\Controllers\base\Beranda" loaded.
INFO - 2022-02-14 12:44:26 --> Controller "App\Controllers\base\Beranda" loaded.
INFO - 2022-02-14 12:44:26 --> Controller "App\Controllers\base\Beranda" loaded.
INFO - 2022-02-14 12:44:26 --> Controller "App\Controllers\base\Beranda" loaded.
INFO - 2022-02-14 12:44:26 --> Controller "App\Controllers\base\Beranda" loaded.
INFO - 2022-02-14 12:44:27 --> Controller "App\Controllers\base\Beranda" loaded.
INFO - 2022-02-14 12:44:27 --> Controller "App\Controllers\base\Beranda" loaded.
INFO - 2022-02-14 12:44:27 --> Controller "App\Controllers\base\Beranda" loaded.
INFO - 2022-02-14 12:44:27 --> Controller "App\Controllers\base\Beranda" loaded.
INFO - 2022-02-14 12:44:27 --> Controller "App\Controllers\base\Beranda" loaded.
INFO - 2022-02-14 12:44:27 --> Controller "App\Controllers\base\Beranda" loaded.
INFO - 2022-02-14 12:44:27 --> Controller "App\Controllers\base\Beranda" loaded.
INFO - 2022-02-14 12:44:27 --> Controller "App\Controllers\base\Beranda" loaded.
INFO - 2022-02-14 12:44:28 --> Controller "App\Controllers\base\Beranda" loaded.
INFO - 2022-02-14 12:44:28 --> Controller "App\Controllers\base\Beranda" loaded.
INFO - 2022-02-14 12:44:28 --> Controller "App\Controllers\base\Beranda" loaded.
INFO - 2022-02-14 12:44:28 --> Controller "App\Controllers\base\Beranda" loaded.
INFO - 2022-02-14 12:44:28 --> Controller "App\Controllers\base\Beranda" loaded.
INFO - 2022-02-14 12:44:28 --> Controller "App\Controllers\base\Beranda" loaded.
INFO - 2022-02-14 12:50:02 --> Controller "App\Controllers\base\Beranda" loaded.
INFO - 2022-02-14 13:00:02 --> Controller "App\Controllers\base\Beranda" loaded.
INFO - 2022-02-14 13:10:02 --> Controller "App\Controllers\base\Beranda" loaded.
INFO - 2022-02-14 13:10:46 --> Controller "App\Controllers\base\Beranda" loaded.
INFO - 2022-02-14 13:20:02 --> Controller "App\Controllers\base\Beranda" loaded.
INFO - 2022-02-14 13:30:02 --> Controller "App\Controllers\base\Beranda" loaded.
INFO - 2022-02-14 13:40:02 --> Controller "App\Controllers\base\Beranda" loaded.
INFO - 2022-02-14 13:50:02 --> Controller "App\Controllers\base\Beranda" loaded.
INFO - 2022-02-14 13:58:35 --> Controller "App\Controllers\base\Beranda" loaded.
INFO - 2022-02-14 14:00:01 --> Controller "App\Controllers\base\Beranda" loaded.
INFO - 2022-02-14 14:10:02 --> Controller "App\Controllers\base\Beranda" loaded.
INFO - 2022-02-14 14:20:02 --> Controller "App\Controllers\base\Beranda" loaded.
INFO - 2022-02-14 14:30:02 --> Controller "App\Controllers\base\Beranda" loaded.
INFO - 2022-02-14 14:34:36 --> Controller "App\Controllers\base\Beranda" loaded.
INFO - 2022-02-14 14:40:02 --> Controller "App\Controllers\base\Beranda" loaded.
INFO - 2022-02-14 14:50:02 --> Controller "App\Controllers\base\Beranda" loaded.
INFO - 2022-02-14 15:00:02 --> Controller "App\Controllers\base\Beranda" loaded.
INFO - 2022-02-14 15:10:02 --> Controller "App\Controllers\base\Beranda" loaded.
INFO - 2022-02-14 15:20:02 --> Controller "App\Controllers\base\Beranda" loaded.
INFO - 2022-02-14 15:20:02 --> Controller "App\Controllers\base\Beranda" loaded.
INFO - 2022-02-14 15:20:03 --> Session: Class initialized using 'CodeIgniter\Session\Handlers\FileHandler' driver.
INFO - 2022-02-14 15:20:03 --> Controller "App\Controllers\base\Order" loaded.
INFO - 2022-02-14 15:30:02 --> Controller "App\Controllers\base\Beranda" loaded.
INFO - 2022-02-14 15:40:02 --> Controller "App\Controllers\base\Beranda" loaded.
INFO - 2022-02-14 15:50:02 --> Controller "App\Controllers\base\Beranda" loaded.
INFO - 2022-02-14 16:00:02 --> Controller "App\Controllers\base\Beranda" loaded.
INFO - 2022-02-14 16:10:02 --> Controller "App\Controllers\base\Beranda" loaded.
INFO - 2022-02-14 16:20:02 --> Controller "App\Controllers\base\Beranda" loaded.
INFO - 2022-02-14 16:30:02 --> Controller "App\Controllers\base\Beranda" loaded.
INFO - 2022-02-14 16:38:55 --> Controller "App\Controllers\base\Beranda" loaded.
INFO - 2022-02-14 16:38:55 --> Controller "App\Controllers\base\Beranda" loaded.
INFO - 2022-02-14 16:38:56 --> Controller "App\Controllers\base\Beranda" loaded.
INFO - 2022-02-14 16:38:57 --> Controller "App\Controllers\base\Beranda" loaded.
INFO - 2022-02-14 16:38:57 --> Controller "App\Controllers\base\Beranda" loaded.
INFO - 2022-02-14 16:38:58 --> Controller "App\Controllers\base\Beranda" loaded.
INFO - 2022-02-14 16:38:58 --> Controller "App\Controllers\base\Beranda" loaded.
INFO - 2022-02-14 16:38:59 --> Controller "App\Controllers\base\Beranda" loaded.
INFO - 2022-02-14 16:38:59 --> Controller "App\Controllers\base\Beranda" loaded.
INFO - 2022-02-14 16:38:59 --> Controller "App\Controllers\base\Beranda" loaded.
INFO - 2022-02-14 16:39:00 --> Controller "App\Controllers\base\Beranda" loaded.
INFO - 2022-02-14 16:39:00 --> Controller "App\Controllers\base\Beranda" loaded.
INFO - 2022-02-14 16:39:01 --> Controller "App\Controllers\base\Beranda" loaded.
INFO - 2022-02-14 16:39:01 --> Controller "App\Controllers\base\Beranda" loaded.
INFO - 2022-02-14 16:39:02 --> Controller "App\Controllers\base\Beranda" loaded.
INFO - 2022-02-14 16:39:02 --> Controller "App\Controllers\base\Beranda" loaded.
INFO - 2022-02-14 16:39:02 --> Controller "App\Controllers\base\Beranda" loaded.
INFO - 2022-02-14 16:39:03 --> Controller "App\Controllers\base\Beranda" loaded.
INFO - 2022-02-14 16:39:03 --> Controller "App\Controllers\base\Beranda" loaded.
INFO - 2022-02-14 16:39:04 --> Controller "App\Controllers\base\Beranda" loaded.
INFO - 2022-02-14 16:40:02 --> Controller "App\Controllers\base\Beranda" loaded.
INFO - 2022-02-14 16:50:02 --> Controller "App\Controllers\base\Beranda" loaded.
INFO - 2022-02-14 17:00:02 --> Controller "App\Controllers\base\Beranda" loaded.
INFO - 2022-02-14 17:09:23 --> Controller "App\Controllers\base\Beranda" loaded.
INFO - 2022-02-14 17:09:28 --> Controller "App\Controllers\base\Beranda" loaded.
INFO - 2022-02-14 17:09:30 --> Controller "App\Controllers\base\Beranda" loaded.
INFO - 2022-02-14 17:09:35 --> Controller "App\Controllers\base\Beranda" loaded.
INFO - 2022-02-14 17:09:37 --> Controller "App\Controllers\base\Beranda" loaded.
INFO - 2022-02-14 17:09:39 --> Controller "App\Controllers\base\Beranda" loaded.
INFO - 2022-02-14 17:09:44 --> Controller "App\Controllers\base\Beranda" loaded.
INFO - 2022-02-14 17:09:46 --> Controller "App\Controllers\base\Beranda" loaded.
INFO - 2022-02-14 17:09:48 --> Controller "App\Controllers\base\Beranda" loaded.
INFO - 2022-02-14 17:09:51 --> Controller "App\Controllers\base\Beranda" loaded.
INFO - 2022-02-14 17:09:54 --> Controller "App\Controllers\base\Beranda" loaded.
INFO - 2022-02-14 17:09:57 --> Controller "App\Controllers\base\Beranda" loaded.
INFO - 2022-02-14 17:09:59 --> Controller "App\Controllers\base\Beranda" loaded.
INFO - 2022-02-14 17:10:01 --> Controller "App\Controllers\base\Beranda" loaded.
INFO - 2022-02-14 17:10:03 --> Controller "App\Controllers\base\Beranda" loaded.
INFO - 2022-02-14 17:10:05 --> Controller "App\Controllers\base\Beranda" loaded.
INFO - 2022-02-14 17:10:07 --> Controller "App\Controllers\base\Beranda" loaded.
INFO - 2022-02-14 17:10:08 --> Controller "App\Controllers\base\Beranda" loaded.
INFO - 2022-02-14 17:10:10 --> Controller "App\Controllers\base\Beranda" loaded.
INFO - 2022-02-14 17:10:12 --> Controller "App\Controllers\base\Beranda" loaded.
INFO - 2022-02-14 17:10:15 --> Controller "App\Controllers\base\Beranda" loaded.
INFO - 2022-02-14 17:20:02 --> Controller "App\Controllers\base\Beranda" loaded.
INFO - 2022-02-14 17:30:02 --> Controller "App\Controllers\base\Beranda" loaded.
INFO - 2022-02-14 17:40:02 --> Controller "App\Controllers\base\Beranda" loaded.
INFO - 2022-02-14 17:49:33 --> Controller "App\Controllers\base\Beranda" loaded.
INFO - 2022-02-14 17:50:02 --> Controller "App\Controllers\base\Beranda" loaded.
INFO - 2022-02-14 18:00:02 --> Controller "App\Controllers\base\Beranda" loaded.
INFO - 2022-02-14 18:10:02 --> Controller "App\Controllers\base\Beranda" loaded.
INFO - 2022-02-14 18:20:02 --> Controller "App\Controllers\base\Beranda" loaded.
INFO - 2022-02-14 18:30:01 --> Controller "App\Controllers\base\Beranda" loaded.
INFO - 2022-02-14 18:40:02 --> Controller "App\Controllers\base\Beranda" loaded.
INFO - 2022-02-14 18:50:02 --> Controller "App\Controllers\base\Beranda" loaded.
INFO - 2022-02-14 19:00:02 --> Controller "App\Controllers\base\Beranda" loaded.
INFO - 2022-02-14 19:10:02 --> Controller "App\Controllers\base\Beranda" loaded.
INFO - 2022-02-14 19:11:34 --> Controller "App\Controllers\base\Beranda" loaded.
INFO - 2022-02-14 19:11:35 --> Controller "App\Controllers\base\Beranda" loaded.
INFO - 2022-02-14 19:20:02 --> Controller "App\Controllers\base\Beranda" loaded.
INFO - 2022-02-14 19:30:02 --> Controller "App\Controllers\base\Beranda" loaded.
INFO - 2022-02-14 19:40:02 --> Controller "App\Controllers\base\Beranda" loaded.
INFO - 2022-02-14 19:50:01 --> Controller "App\Controllers\base\Beranda" loaded.
INFO - 2022-02-14 20:00:02 --> Controller "App\Controllers\base\Beranda" loaded.
INFO - 2022-02-14 20:03:15 --> Controller "App\Controllers\base\Beranda" loaded.
INFO - 2022-02-14 20:04:05 --> Controller "App\Controllers\base\Beranda" loaded.
INFO - 2022-02-14 20:04:13 --> Controller "App\Controllers\base\Beranda" loaded.
INFO - 2022-02-14 20:04:21 --> Controller "App\Controllers\base\Beranda" loaded.
INFO - 2022-02-14 20:04:31 --> Controller "App\Controllers\base\Beranda" loaded.
INFO - 2022-02-14 20:04:38 --> Controller "App\Controllers\base\Beranda" loaded.
INFO - 2022-02-14 20:04:49 --> Controller "App\Controllers\base\Beranda" loaded.
INFO - 2022-02-14 20:04:54 --> Controller "App\Controllers\base\Beranda" loaded.
INFO - 2022-02-14 20:05:03 --> Controller "App\Controllers\base\Beranda" loaded.
INFO - 2022-02-14 20:05:12 --> Controller "App\Controllers\base\Beranda" loaded.
INFO - 2022-02-14 20:05:20 --> Controller "App\Controllers\base\Beranda" loaded.
INFO - 2022-02-14 20:05:31 --> Controller "App\Controllers\base\Beranda" loaded.
INFO - 2022-02-14 20:10:02 --> Controller "App\Controllers\base\Beranda" loaded.
INFO - 2022-02-14 20:20:02 --> Controller "App\Controllers\base\Beranda" loaded.
INFO - 2022-02-14 20:30:02 --> Controller "App\Controllers\base\Beranda" loaded.
INFO - 2022-02-14 20:40:02 --> Controller "App\Controllers\base\Beranda" loaded.
INFO - 2022-02-14 20:50:02 --> Controller "App\Controllers\base\Beranda" loaded.
INFO - 2022-02-14 21:00:02 --> Controller "App\Controllers\base\Beranda" loaded.
INFO - 2022-02-14 21:00:12 --> Controller "App\Controllers\base\Beranda" loaded.
INFO - 2022-02-14 21:00:51 --> Controller "App\Controllers\base\Beranda" loaded.
INFO - 2022-02-14 21:10:02 --> Controller "App\Controllers\base\Beranda" loaded.
INFO - 2022-02-14 21:15:01 --> Controller "App\Controllers\base\Beranda" loaded.
INFO - 2022-02-14 21:15:07 --> Controller "App\Controllers\base\Beranda" loaded.
INFO - 2022-02-14 21:15:22 --> Controller "App\Controllers\base\Beranda" loaded.
INFO - 2022-02-14 21:18:41 --> Controller "App\Controllers\base\Beranda" loaded.
INFO - 2022-02-14 21:19:08 --> Controller "App\Controllers\base\Beranda" loaded.
INFO - 2022-02-14 21:19:17 --> Controller "App\Controllers\base\Beranda" loaded.
INFO - 2022-02-14 21:20:02 --> Controller "App\Controllers\base\Beranda" loaded.
INFO - 2022-02-14 21:21:15 --> Controller "App\Controllers\base\Beranda" loaded.
INFO - 2022-02-14 21:22:43 --> Controller "App\Controllers\base\Beranda" loaded.
INFO - 2022-02-14 21:24:10 --> Controller "App\Controllers\base\Beranda" loaded.
INFO - 2022-02-14 21:28:32 --> Controller "App\Controllers\base\Beranda" loaded.
INFO - 2022-02-14 21:28:47 --> Controller "App\Controllers\base\Beranda" loaded.
INFO - 2022-02-14 21:28:54 --> Controller "App\Controllers\base\Beranda" loaded.
INFO - 2022-02-14 21:29:06 --> Controller "App\Controllers\base\Beranda" loaded.
INFO - 2022-02-14 21:30:01 --> Controller "App\Controllers\base\Beranda" loaded.
CRITICAL - 2022-02-14 21:33:20 --> syntax error, unexpected '404' (T_LNUMBER)
#0 /home/ngua4317/public_html/system/Autoloader/Autoloader.php(296): CodeIgniter\Autoloader\Autoloader->requireFile('/home/ngua4317/...')
#1 /home/ngua4317/public_html/system/Autoloader/Autoloader.php(258): CodeIgniter\Autoloader\Autoloader->loadInNamespace('App\\Controllers...')
#2 [internal function]: CodeIgniter\Autoloader\Autoloader->loadClass('App\\Controllers...')
#3 [internal function]: spl_autoload_call('App\\Controllers...')
#4 /home/ngua4317/public_html/system/CodeIgniter.php(861): class_exists('\\App\\Controller...', true)
#5 /home/ngua4317/public_html/system/CodeIgniter.php(388): CodeIgniter\CodeIgniter->startController()
#6 /home/ngua4317/public_html/system/CodeIgniter.php(306): CodeIgniter\CodeIgniter->handleRequest(NULL, Object(Config\Cache), false)
#7 /home/ngua4317/public_html/index.php(45): CodeIgniter\CodeIgniter->run()
#8 {main}
INFO - 2022-02-14 21:39:09 --> Controller "App\Controllers\base\Beranda" loaded.
INFO - 2022-02-14 21:39:17 --> Controller "App\Controllers\base\Beranda" loaded.
INFO - 2022-02-14 21:40:02 --> Controller "App\Controllers\base\Beranda" loaded.
INFO - 2022-02-14 21:50:02 --> Controller "App\Controllers\base\Beranda" loaded.
INFO - 2022-02-14 21:51:48 --> Controller "App\Controllers\base\Beranda" loaded.
INFO - 2022-02-14 21:52:02 --> Controller "App\Controllers\base\Beranda" loaded.
INFO - 2022-02-14 22:00:02 --> Controller "App\Controllers\base\Beranda" loaded.
INFO - 2022-02-14 22:00:07 --> Controller "App\Controllers\base\Beranda" loaded.
INFO - 2022-02-14 22:01:15 --> Controller "App\Controllers\base\Beranda" loaded.
INFO - 2022-02-14 22:06:25 --> Controller "App\Controllers\base\Beranda" loaded.
INFO - 2022-02-14 22:06:47 --> Controller "App\Controllers\base\Beranda" loaded.
INFO - 2022-02-14 22:07:00 --> Controller "App\Controllers\base\Beranda" loaded.
INFO - 2022-02-14 22:07:25 --> Controller "App\Controllers\base\Beranda" loaded.
INFO - 2022-02-14 22:09:18 --> Controller "App\Controllers\base\Beranda" loaded.
INFO - 2022-02-14 22:09:31 --> Controller "App\Controllers\base\Beranda" loaded.
INFO - 2022-02-14 22:10:01 --> Controller "App\Controllers\base\Beranda" loaded.
INFO - 2022-02-14 22:10:12 --> Controller "App\Controllers\base\Beranda" loaded.
INFO - 2022-02-14 22:11:18 --> Controller "App\Controllers\base\Beranda" loaded.
INFO - 2022-02-14 22:11:23 --> Controller "App\Controllers\base\Beranda" loaded.
INFO - 2022-02-14 22:11:30 --> Controller "App\Controllers\base\Beranda" loaded.
INFO - 2022-02-14 22:12:18 --> Controller "App\Controllers\base\Beranda" loaded.
INFO - 2022-02-14 22:12:50 --> Controller "App\Controllers\base\Beranda" loaded.
INFO - 2022-02-14 22:13:55 --> Session: Class initialized using 'CodeIgniter\Session\Handlers\FileHandler' driver.
INFO - 2022-02-14 22:13:55 --> Controller "App\Controllers\base\Order" loaded.
INFO - 2022-02-14 22:13:55 --> Controller "App\Controllers\base\Beranda" loaded.
INFO - 2022-02-14 22:14:01 --> Controller "App\Controllers\base\Beranda" loaded.
INFO - 2022-02-14 22:14:24 --> Controller "App\Controllers\base\Beranda" loaded.
INFO - 2022-02-14 22:15:15 --> Controller "App\Controllers\base\Beranda" loaded.
INFO - 2022-02-14 22:20:02 --> Controller "App\Controllers\base\Beranda" loaded.
INFO - 2022-02-14 22:29:48 --> Controller "App\Controllers\base\Beranda" loaded.
INFO - 2022-02-14 22:30:01 --> Controller "App\Controllers\base\Beranda" loaded.
INFO - 2022-02-14 22:30:16 --> Controller "App\Controllers\base\Beranda" loaded.
INFO - 2022-02-14 22:30:30 --> Controller "App\Controllers\base\Beranda" loaded.
INFO - 2022-02-14 22:40:02 --> Controller "App\Controllers\base\Beranda" loaded.
INFO - 2022-02-14 22:50:02 --> Controller "App\Controllers\base\Beranda" loaded.
INFO - 2022-02-14 23:00:58 --> Controller "App\Controllers\base\Beranda" loaded.
INFO - 2022-02-14 23:02:27 --> Controller "App\Controllers\base\Beranda" loaded.
INFO - 2022-02-14 23:02:48 --> Controller "App\Controllers\base\Beranda" loaded.
INFO - 2022-02-14 23:03:00 --> Controller "App\Controllers\base\Beranda" loaded.
INFO - 2022-02-14 23:03:08 --> Controller "App\Controllers\base\Beranda" loaded.
INFO - 2022-02-14 23:03:10 --> Controller "App\Controllers\base\Beranda" loaded.
INFO - 2022-02-14 23:16:20 --> Controller "App\Controllers\base\Beranda" loaded.
INFO - 2022-02-14 23:16:20 --> Controller "App\Controllers\base\Beranda" loaded.
INFO - 2022-02-14 23:22:22 --> Controller "App\Controllers\base\Beranda" loaded.
INFO - 2022-02-14 23:53:53 --> Controller "App\Controllers\base\Beranda" loaded.
INFO - 2022-02-14 23:54:24 --> Controller "App\Controllers\base\Beranda" loaded.
INFO - 2022-02-14 23:54:29 --> Controller "App\Controllers\base\Beranda" loaded.
INFO - 2022-02-14 23:54:33 --> Controller "App\Controllers\base\Beranda" loaded.
INFO - 2022-02-14 23:54:39 --> Controller "App\Controllers\base\Beranda" loaded.
INFO - 2022-02-14 23:54:44 --> Controller "App\Controllers\base\Beranda" loaded.
