INFO - 2021-08-24 00:33:07 --> Controller "App\Controllers\base\Beranda" loaded.
INFO - 2021-08-24 01:31:28 --> Controller "App\Controllers\base\Beranda" loaded.
INFO - 2021-08-24 01:34:16 --> Controller "App\Controllers\base\Beranda" loaded.
INFO - 2021-08-24 01:34:50 --> Controller "App\Controllers\base\Beranda" loaded.
INFO - 2021-08-24 01:40:19 --> Session: Class initialized using 'CodeIgniter\Session\Handlers\FileHandler' driver.
INFO - 2021-08-24 01:40:19 --> Controller "App\Controllers\base\Order" loaded.
INFO - 2021-08-24 01:43:42 --> Controller "App\Controllers\base\Beranda" loaded.
INFO - 2021-08-24 04:13:17 --> Session: Class initialized using 'CodeIgniter\Session\Handlers\FileHandler' driver.
INFO - 2021-08-24 04:13:17 --> Controller "App\Controllers\base\Order" loaded.
INFO - 2021-08-24 04:13:18 --> Controller "App\Controllers\base\Beranda" loaded.
INFO - 2021-08-24 04:13:31 --> Session: Class initialized using 'CodeIgniter\Session\Handlers\FileHandler' driver.
INFO - 2021-08-24 04:13:31 --> Controller "App\Controllers\base\Order" loaded.
INFO - 2021-08-24 04:13:31 --> Controller "App\Controllers\base\Beranda" loaded.
INFO - 2021-08-24 04:36:38 --> Controller "App\Controllers\base\Beranda" loaded.
INFO - 2021-08-24 05:42:56 --> Controller "App\Controllers\base\Beranda" loaded.
INFO - 2021-08-24 06:32:35 --> Controller "App\Controllers\base\Beranda" loaded.
INFO - 2021-08-24 07:00:02 --> Controller "App\Controllers\base\Beranda" loaded.
INFO - 2021-08-24 07:10:02 --> Controller "App\Controllers\base\Beranda" loaded.
INFO - 2021-08-24 07:12:24 --> Session: Class initialized using 'CodeIgniter\Session\Handlers\FileHandler' driver.
INFO - 2021-08-24 07:12:24 --> Controller "App\Controllers\undangan\Undangan" loaded.
INFO - 2021-08-24 07:13:32 --> Controller "App\Controllers\base\Beranda" loaded.
INFO - 2021-08-24 07:20:02 --> Controller "App\Controllers\base\Beranda" loaded.
INFO - 2021-08-24 07:30:02 --> Controller "App\Controllers\base\Beranda" loaded.
INFO - 2021-08-24 07:40:02 --> Controller "App\Controllers\base\Beranda" loaded.
INFO - 2021-08-24 07:45:01 --> Controller "App\Controllers\base\Beranda" loaded.
INFO - 2021-08-24 07:45:01 --> Controller "App\Controllers\base\Beranda" loaded.
INFO - 2021-08-24 07:47:44 --> Controller "App\Controllers\base\Beranda" loaded.
INFO - 2021-08-24 07:47:44 --> Controller "App\Controllers\base\Beranda" loaded.
INFO - 2021-08-24 07:50:02 --> Controller "App\Controllers\base\Beranda" loaded.
INFO - 2021-08-24 07:54:06 --> Controller "App\Controllers\base\Beranda" loaded.
INFO - 2021-08-24 07:54:07 --> Controller "App\Controllers\base\Beranda" loaded.
INFO - 2021-08-24 08:00:02 --> Controller "App\Controllers\base\Beranda" loaded.
INFO - 2021-08-24 08:10:02 --> Controller "App\Controllers\base\Beranda" loaded.
INFO - 2021-08-24 08:20:03 --> Controller "App\Controllers\base\Beranda" loaded.
INFO - 2021-08-24 08:30:02 --> Controller "App\Controllers\base\Beranda" loaded.
INFO - 2021-08-24 08:34:33 --> Controller "App\Controllers\base\Beranda" loaded.
INFO - 2021-08-24 08:34:35 --> Controller "App\Controllers\base\Beranda" loaded.
INFO - 2021-08-24 08:35:33 --> Controller "App\Controllers\base\Beranda" loaded.
INFO - 2021-08-24 08:40:02 --> Controller "App\Controllers\base\Beranda" loaded.
INFO - 2021-08-24 08:50:03 --> Controller "App\Controllers\base\Beranda" loaded.
INFO - 2021-08-24 09:00:02 --> Controller "App\Controllers\base\Beranda" loaded.
INFO - 2021-08-24 09:10:02 --> Controller "App\Controllers\base\Beranda" loaded.
INFO - 2021-08-24 09:20:03 --> Controller "App\Controllers\base\Beranda" loaded.
INFO - 2021-08-24 09:30:02 --> Controller "App\Controllers\base\Beranda" loaded.
INFO - 2021-08-24 09:40:02 --> Controller "App\Controllers\base\Beranda" loaded.
INFO - 2021-08-24 09:50:02 --> Controller "App\Controllers\base\Beranda" loaded.
INFO - 2021-08-24 10:00:02 --> Controller "App\Controllers\base\Beranda" loaded.
INFO - 2021-08-24 10:10:02 --> Controller "App\Controllers\base\Beranda" loaded.
INFO - 2021-08-24 10:20:02 --> Controller "App\Controllers\base\Beranda" loaded.
INFO - 2021-08-24 10:30:03 --> Controller "App\Controllers\base\Beranda" loaded.
INFO - 2021-08-24 10:40:02 --> Controller "App\Controllers\base\Beranda" loaded.
INFO - 2021-08-24 10:46:05 --> Controller "App\Controllers\base\Beranda" loaded.
INFO - 2021-08-24 10:49:22 --> Controller "App\Controllers\base\Beranda" loaded.
INFO - 2021-08-24 10:50:02 --> Controller "App\Controllers\base\Beranda" loaded.
INFO - 2021-08-24 10:51:11 --> Controller "App\Controllers\base\Beranda" loaded.
INFO - 2021-08-24 10:51:11 --> Controller "App\Controllers\base\Beranda" loaded.
INFO - 2021-08-24 10:51:11 --> Controller "App\Controllers\base\Beranda" loaded.
INFO - 2021-08-24 10:51:15 --> Controller "App\Controllers\base\Beranda" loaded.
INFO - 2021-08-24 10:51:31 --> Controller "App\Controllers\base\Beranda" loaded.
INFO - 2021-08-24 10:51:48 --> Controller "App\Controllers\base\Beranda" loaded.
INFO - 2021-08-24 10:52:09 --> Controller "App\Controllers\base\Beranda" loaded.
INFO - 2021-08-24 10:54:49 --> Controller "App\Controllers\base\Beranda" loaded.
INFO - 2021-08-24 10:54:56 --> Controller "App\Controllers\base\Beranda" loaded.
INFO - 2021-08-24 10:55:31 --> Controller "App\Controllers\base\Beranda" loaded.
INFO - 2021-08-24 10:58:18 --> Controller "App\Controllers\base\Beranda" loaded.
INFO - 2021-08-24 11:00:03 --> Controller "App\Controllers\base\Beranda" loaded.
INFO - 2021-08-24 11:10:02 --> Controller "App\Controllers\base\Beranda" loaded.
INFO - 2021-08-24 11:20:03 --> Controller "App\Controllers\base\Beranda" loaded.
INFO - 2021-08-24 11:30:02 --> Controller "App\Controllers\base\Beranda" loaded.
INFO - 2021-08-24 11:40:03 --> Controller "App\Controllers\base\Beranda" loaded.
INFO - 2021-08-24 11:49:53 --> Session: Class initialized using 'CodeIgniter\Session\Handlers\FileHandler' driver.
INFO - 2021-08-24 11:49:53 --> Controller "App\Controllers\bukutamu\Bukutamu" loaded.
INFO - 2021-08-24 11:50:02 --> Controller "App\Controllers\base\Beranda" loaded.
INFO - 2021-08-24 11:51:09 --> Controller "App\Controllers\base\Beranda" loaded.
INFO - 2021-08-24 12:00:02 --> Controller "App\Controllers\base\Beranda" loaded.
INFO - 2021-08-24 12:01:49 --> Controller "App\Controllers\base\Beranda" loaded.
INFO - 2021-08-24 12:01:49 --> Controller "App\Controllers\base\Beranda" loaded.
INFO - 2021-08-24 12:01:49 --> Controller "App\Controllers\base\Beranda" loaded.
INFO - 2021-08-24 12:01:50 --> Controller "App\Controllers\base\Beranda" loaded.
INFO - 2021-08-24 12:01:50 --> Controller "App\Controllers\base\Beranda" loaded.
INFO - 2021-08-24 12:01:51 --> Controller "App\Controllers\base\Beranda" loaded.
INFO - 2021-08-24 12:10:03 --> Controller "App\Controllers\base\Beranda" loaded.
INFO - 2021-08-24 12:20:02 --> Controller "App\Controllers\base\Beranda" loaded.
INFO - 2021-08-24 12:30:02 --> Controller "App\Controllers\base\Beranda" loaded.
INFO - 2021-08-24 12:39:22 --> Controller "App\Controllers\base\Beranda" loaded.
INFO - 2021-08-24 12:40:02 --> Controller "App\Controllers\base\Beranda" loaded.
INFO - 2021-08-24 12:43:26 --> Controller "App\Controllers\base\Beranda" loaded.
INFO - 2021-08-24 12:44:29 --> Session: Class initialized using 'CodeIgniter\Session\Handlers\FileHandler' driver.
INFO - 2021-08-24 12:44:29 --> Controller "App\Controllers\base\Order" loaded.
INFO - 2021-08-24 12:44:29 --> Controller "App\Controllers\base\Beranda" loaded.
INFO - 2021-08-24 12:44:37 --> Controller "App\Controllers\base\Beranda" loaded.
INFO - 2021-08-24 12:50:02 --> Controller "App\Controllers\base\Beranda" loaded.
INFO - 2021-08-24 13:00:02 --> Controller "App\Controllers\base\Beranda" loaded.
INFO - 2021-08-24 13:10:02 --> Controller "App\Controllers\base\Beranda" loaded.
INFO - 2021-08-24 13:20:03 --> Controller "App\Controllers\base\Beranda" loaded.
INFO - 2021-08-24 13:30:02 --> Controller "App\Controllers\base\Beranda" loaded.
INFO - 2021-08-24 13:40:02 --> Controller "App\Controllers\base\Beranda" loaded.
INFO - 2021-08-24 13:40:43 --> Controller "App\Controllers\base\Beranda" loaded.
INFO - 2021-08-24 13:50:02 --> Controller "App\Controllers\base\Beranda" loaded.
INFO - 2021-08-24 14:00:02 --> Controller "App\Controllers\base\Beranda" loaded.
INFO - 2021-08-24 14:09:13 --> Controller "App\Controllers\base\Beranda" loaded.
INFO - 2021-08-24 14:10:02 --> Controller "App\Controllers\base\Beranda" loaded.
INFO - 2021-08-24 14:20:02 --> Controller "App\Controllers\base\Beranda" loaded.
INFO - 2021-08-24 14:30:03 --> Controller "App\Controllers\base\Beranda" loaded.
INFO - 2021-08-24 14:40:02 --> Controller "App\Controllers\base\Beranda" loaded.
INFO - 2021-08-24 14:50:02 --> Controller "App\Controllers\base\Beranda" loaded.
INFO - 2021-08-24 14:57:47 --> Controller "App\Controllers\base\Beranda" loaded.
INFO - 2021-08-24 14:57:48 --> Controller "App\Controllers\base\Beranda" loaded.
INFO - 2021-08-24 15:00:02 --> Controller "App\Controllers\base\Beranda" loaded.
INFO - 2021-08-24 15:10:02 --> Controller "App\Controllers\base\Beranda" loaded.
INFO - 2021-08-24 15:12:32 --> Controller "App\Controllers\base\Beranda" loaded.
INFO - 2021-08-24 15:20:02 --> Controller "App\Controllers\base\Beranda" loaded.
INFO - 2021-08-24 15:23:34 --> Controller "App\Controllers\base\Beranda" loaded.
INFO - 2021-08-24 15:25:27 --> Controller "App\Controllers\base\Beranda" loaded.
INFO - 2021-08-24 15:25:27 --> Controller "App\Controllers\base\Beranda" loaded.
INFO - 2021-08-24 15:25:29 --> Controller "App\Controllers\base\Beranda" loaded.
INFO - 2021-08-24 15:28:18 --> Controller "App\Controllers\base\Beranda" loaded.
INFO - 2021-08-24 15:28:53 --> Controller "App\Controllers\base\Beranda" loaded.
INFO - 2021-08-24 15:29:47 --> Controller "App\Controllers\base\Beranda" loaded.
INFO - 2021-08-24 15:29:47 --> Controller "App\Controllers\base\Beranda" loaded.
INFO - 2021-08-24 15:29:47 --> Controller "App\Controllers\base\Beranda" loaded.
INFO - 2021-08-24 15:30:02 --> Controller "App\Controllers\base\Beranda" loaded.
INFO - 2021-08-24 15:30:09 --> Controller "App\Controllers\base\Beranda" loaded.
INFO - 2021-08-24 15:30:09 --> Controller "App\Controllers\base\Beranda" loaded.
INFO - 2021-08-24 15:30:10 --> Controller "App\Controllers\base\Beranda" loaded.
INFO - 2021-08-24 15:30:17 --> Controller "App\Controllers\base\Beranda" loaded.
INFO - 2021-08-24 15:30:17 --> Controller "App\Controllers\base\Beranda" loaded.
INFO - 2021-08-24 15:30:21 --> Controller "App\Controllers\base\Beranda" loaded.
INFO - 2021-08-24 15:30:21 --> Controller "App\Controllers\base\Beranda" loaded.
INFO - 2021-08-24 15:30:21 --> Controller "App\Controllers\base\Beranda" loaded.
INFO - 2021-08-24 15:30:25 --> Controller "App\Controllers\base\Beranda" loaded.
INFO - 2021-08-24 15:31:50 --> Controller "App\Controllers\base\Beranda" loaded.
INFO - 2021-08-24 15:32:13 --> Controller "App\Controllers\base\Beranda" loaded.
INFO - 2021-08-24 15:32:13 --> Controller "App\Controllers\base\Beranda" loaded.
INFO - 2021-08-24 15:34:52 --> Controller "App\Controllers\base\Beranda" loaded.
INFO - 2021-08-24 15:35:49 --> Controller "App\Controllers\base\Beranda" loaded.
INFO - 2021-08-24 15:35:49 --> Controller "App\Controllers\base\Beranda" loaded.
INFO - 2021-08-24 15:35:56 --> Controller "App\Controllers\base\Beranda" loaded.
INFO - 2021-08-24 15:36:00 --> Controller "App\Controllers\base\Beranda" loaded.
INFO - 2021-08-24 15:36:06 --> Controller "App\Controllers\base\Beranda" loaded.
INFO - 2021-08-24 15:40:02 --> Controller "App\Controllers\base\Beranda" loaded.
INFO - 2021-08-24 15:50:02 --> Controller "App\Controllers\base\Beranda" loaded.
INFO - 2021-08-24 15:52:09 --> Controller "App\Controllers\base\Beranda" loaded.
INFO - 2021-08-24 15:52:09 --> Controller "App\Controllers\base\Beranda" loaded.
INFO - 2021-08-24 15:52:12 --> Controller "App\Controllers\base\Beranda" loaded.
INFO - 2021-08-24 15:57:08 --> Controller "App\Controllers\base\Beranda" loaded.
INFO - 2021-08-24 15:57:11 --> Controller "App\Controllers\base\Beranda" loaded.
INFO - 2021-08-24 15:58:08 --> Session: Class initialized using 'CodeIgniter\Session\Handlers\FileHandler' driver.
INFO - 2021-08-24 15:58:08 --> Controller "App\Controllers\bukutamu\Bukutamu" loaded.
INFO - 2021-08-24 15:58:51 --> Session: Class initialized using 'CodeIgniter\Session\Handlers\FileHandler' driver.
INFO - 2021-08-24 15:58:51 --> Controller "App\Controllers\undangan\Undangan" loaded.
INFO - 2021-08-24 15:59:18 --> Controller "App\Controllers\base\Beranda" loaded.
INFO - 2021-08-24 15:59:40 --> Session: Class initialized using 'CodeIgniter\Session\Handlers\FileHandler' driver.
INFO - 2021-08-24 15:59:40 --> Controller "App\Controllers\bukutamu\Bukutamu" loaded.
INFO - 2021-08-24 15:59:40 --> Session: Class initialized using 'CodeIgniter\Session\Handlers\FileHandler' driver.
INFO - 2021-08-24 15:59:40 --> Controller "App\Controllers\bukutamu\Bukutamu" loaded.
INFO - 2021-08-24 16:00:02 --> Controller "App\Controllers\base\Beranda" loaded.
INFO - 2021-08-24 16:01:51 --> Controller "App\Controllers\base\Beranda" loaded.
INFO - 2021-08-24 16:10:02 --> Controller "App\Controllers\base\Beranda" loaded.
INFO - 2021-08-24 16:20:02 --> Controller "App\Controllers\base\Beranda" loaded.
INFO - 2021-08-24 16:30:02 --> Controller "App\Controllers\base\Beranda" loaded.
INFO - 2021-08-24 16:33:24 --> Controller "App\Controllers\base\Beranda" loaded.
INFO - 2021-08-24 16:40:03 --> Controller "App\Controllers\base\Beranda" loaded.
INFO - 2021-08-24 16:41:36 --> Controller "App\Controllers\base\Beranda" loaded.
INFO - 2021-08-24 16:43:07 --> Session: Class initialized using 'CodeIgniter\Session\Handlers\FileHandler' driver.
INFO - 2021-08-24 16:43:07 --> Controller "App\Controllers\admin\Admin" loaded.
INFO - 2021-08-24 16:50:03 --> Controller "App\Controllers\base\Beranda" loaded.
INFO - 2021-08-24 17:00:02 --> Controller "App\Controllers\base\Beranda" loaded.
INFO - 2021-08-24 17:10:02 --> Controller "App\Controllers\base\Beranda" loaded.
INFO - 2021-08-24 17:20:03 --> Controller "App\Controllers\base\Beranda" loaded.
INFO - 2021-08-24 17:30:02 --> Controller "App\Controllers\base\Beranda" loaded.
INFO - 2021-08-24 17:40:02 --> Controller "App\Controllers\base\Beranda" loaded.
INFO - 2021-08-24 17:50:02 --> Controller "App\Controllers\base\Beranda" loaded.
INFO - 2021-08-24 18:00:03 --> Controller "App\Controllers\base\Beranda" loaded.
INFO - 2021-08-24 18:06:04 --> Controller "App\Controllers\base\Beranda" loaded.
INFO - 2021-08-24 18:09:17 --> Controller "App\Controllers\base\Beranda" loaded.
INFO - 2021-08-24 18:09:17 --> Controller "App\Controllers\base\Beranda" loaded.
INFO - 2021-08-24 18:09:19 --> Controller "App\Controllers\base\Beranda" loaded.
INFO - 2021-08-24 18:09:34 --> Controller "App\Controllers\base\Beranda" loaded.
INFO - 2021-08-24 18:09:37 --> Controller "App\Controllers\base\Beranda" loaded.
INFO - 2021-08-24 18:09:44 --> Controller "App\Controllers\base\Beranda" loaded.
INFO - 2021-08-24 18:09:44 --> Controller "App\Controllers\base\Beranda" loaded.
INFO - 2021-08-24 18:09:45 --> Controller "App\Controllers\base\Beranda" loaded.
INFO - 2021-08-24 18:09:45 --> Controller "App\Controllers\base\Beranda" loaded.
INFO - 2021-08-24 18:10:01 --> Controller "App\Controllers\base\Beranda" loaded.
INFO - 2021-08-24 18:10:01 --> Controller "App\Controllers\base\Beranda" loaded.
INFO - 2021-08-24 18:10:01 --> Controller "App\Controllers\base\Beranda" loaded.
INFO - 2021-08-24 18:10:02 --> Controller "App\Controllers\base\Beranda" loaded.
INFO - 2021-08-24 18:12:09 --> Controller "App\Controllers\base\Beranda" loaded.
INFO - 2021-08-24 18:12:50 --> Controller "App\Controllers\base\Beranda" loaded.
INFO - 2021-08-24 18:12:50 --> Controller "App\Controllers\base\Beranda" loaded.
INFO - 2021-08-24 18:12:52 --> Controller "App\Controllers\base\Beranda" loaded.
INFO - 2021-08-24 18:12:59 --> Controller "App\Controllers\base\Beranda" loaded.
INFO - 2021-08-24 18:13:03 --> Controller "App\Controllers\base\Beranda" loaded.
INFO - 2021-08-24 18:20:02 --> Controller "App\Controllers\base\Beranda" loaded.
INFO - 2021-08-24 18:30:03 --> Controller "App\Controllers\base\Beranda" loaded.
INFO - 2021-08-24 18:40:02 --> Controller "App\Controllers\base\Beranda" loaded.
INFO - 2021-08-24 18:50:02 --> Controller "App\Controllers\base\Beranda" loaded.
INFO - 2021-08-24 19:00:02 --> Controller "App\Controllers\base\Beranda" loaded.
INFO - 2021-08-24 19:10:02 --> Controller "App\Controllers\base\Beranda" loaded.
INFO - 2021-08-24 19:13:39 --> Controller "App\Controllers\base\Beranda" loaded.
INFO - 2021-08-24 19:20:03 --> Controller "App\Controllers\base\Beranda" loaded.
INFO - 2021-08-24 19:30:02 --> Controller "App\Controllers\base\Beranda" loaded.
INFO - 2021-08-24 19:38:24 --> Controller "App\Controllers\base\Beranda" loaded.
INFO - 2021-08-24 19:40:03 --> Controller "App\Controllers\base\Beranda" loaded.
INFO - 2021-08-24 19:50:02 --> Controller "App\Controllers\base\Beranda" loaded.
INFO - 2021-08-24 20:00:02 --> Controller "App\Controllers\base\Beranda" loaded.
INFO - 2021-08-24 20:01:32 --> Controller "App\Controllers\base\Beranda" loaded.
INFO - 2021-08-24 20:04:13 --> Controller "App\Controllers\base\Beranda" loaded.
INFO - 2021-08-24 20:04:13 --> Controller "App\Controllers\base\Beranda" loaded.
INFO - 2021-08-24 20:04:35 --> Session: Class initialized using 'CodeIgniter\Session\Handlers\FileHandler' driver.
INFO - 2021-08-24 20:04:35 --> Controller "App\Controllers\undangan\Undangan" loaded.
INFO - 2021-08-24 20:05:41 --> Controller "App\Controllers\base\Beranda" loaded.
INFO - 2021-08-24 20:05:42 --> Controller "App\Controllers\base\Beranda" loaded.
INFO - 2021-08-24 20:05:42 --> Controller "App\Controllers\base\Beranda" loaded.
INFO - 2021-08-24 20:05:56 --> Controller "App\Controllers\base\Beranda" loaded.
INFO - 2021-08-24 20:06:10 --> Controller "App\Controllers\base\Beranda" loaded.
INFO - 2021-08-24 20:06:21 --> Controller "App\Controllers\base\Beranda" loaded.
INFO - 2021-08-24 20:06:42 --> Controller "App\Controllers\base\Beranda" loaded.
INFO - 2021-08-24 20:06:42 --> Controller "App\Controllers\base\Beranda" loaded.
INFO - 2021-08-24 20:06:43 --> Controller "App\Controllers\base\Beranda" loaded.
INFO - 2021-08-24 20:06:43 --> Controller "App\Controllers\base\Beranda" loaded.
INFO - 2021-08-24 20:06:49 --> Controller "App\Controllers\base\Beranda" loaded.
INFO - 2021-08-24 20:06:56 --> Controller "App\Controllers\base\Beranda" loaded.
INFO - 2021-08-24 20:07:15 --> Controller "App\Controllers\base\Beranda" loaded.
INFO - 2021-08-24 20:07:16 --> Controller "App\Controllers\base\Beranda" loaded.
INFO - 2021-08-24 20:07:16 --> Controller "App\Controllers\base\Beranda" loaded.
INFO - 2021-08-24 20:07:19 --> Controller "App\Controllers\base\Beranda" loaded.
INFO - 2021-08-24 20:07:19 --> Controller "App\Controllers\base\Beranda" loaded.
INFO - 2021-08-24 20:07:20 --> Controller "App\Controllers\base\Beranda" loaded.
INFO - 2021-08-24 20:09:14 --> Controller "App\Controllers\base\Beranda" loaded.
INFO - 2021-08-24 20:09:53 --> Controller "App\Controllers\base\Beranda" loaded.
INFO - 2021-08-24 20:09:53 --> Controller "App\Controllers\base\Beranda" loaded.
INFO - 2021-08-24 20:09:54 --> Controller "App\Controllers\base\Beranda" loaded.
INFO - 2021-08-24 20:09:54 --> Controller "App\Controllers\base\Beranda" loaded.
INFO - 2021-08-24 20:10:02 --> Controller "App\Controllers\base\Beranda" loaded.
INFO - 2021-08-24 20:11:02 --> Controller "App\Controllers\base\Beranda" loaded.
INFO - 2021-08-24 20:12:42 --> Controller "App\Controllers\base\Beranda" loaded.
INFO - 2021-08-24 20:12:42 --> Controller "App\Controllers\base\Beranda" loaded.
INFO - 2021-08-24 20:12:43 --> Controller "App\Controllers\base\Beranda" loaded.
INFO - 2021-08-24 20:12:55 --> Controller "App\Controllers\base\Beranda" loaded.
INFO - 2021-08-24 20:12:55 --> Controller "App\Controllers\base\Beranda" loaded.
INFO - 2021-08-24 20:12:56 --> Controller "App\Controllers\base\Beranda" loaded.
INFO - 2021-08-24 20:20:03 --> Controller "App\Controllers\base\Beranda" loaded.
INFO - 2021-08-24 20:20:46 --> Controller "App\Controllers\base\Beranda" loaded.
INFO - 2021-08-24 20:20:49 --> Controller "App\Controllers\base\Beranda" loaded.
INFO - 2021-08-24 20:20:52 --> Controller "App\Controllers\base\Beranda" loaded.
INFO - 2021-08-24 20:21:15 --> Controller "App\Controllers\base\Beranda" loaded.
INFO - 2021-08-24 20:21:15 --> Controller "App\Controllers\base\Beranda" loaded.
INFO - 2021-08-24 20:21:16 --> Controller "App\Controllers\base\Beranda" loaded.
INFO - 2021-08-24 20:21:21 --> Controller "App\Controllers\base\Beranda" loaded.
INFO - 2021-08-24 20:21:37 --> Controller "App\Controllers\base\Beranda" loaded.
INFO - 2021-08-24 20:21:42 --> Controller "App\Controllers\base\Beranda" loaded.
INFO - 2021-08-24 20:24:55 --> Controller "App\Controllers\base\Beranda" loaded.
INFO - 2021-08-24 20:24:55 --> Controller "App\Controllers\base\Beranda" loaded.
INFO - 2021-08-24 20:24:55 --> Controller "App\Controllers\base\Beranda" loaded.
INFO - 2021-08-24 20:25:16 --> Controller "App\Controllers\base\Beranda" loaded.
INFO - 2021-08-24 20:25:16 --> Controller "App\Controllers\base\Beranda" loaded.
INFO - 2021-08-24 20:25:17 --> Controller "App\Controllers\base\Beranda" loaded.
INFO - 2021-08-24 20:27:24 --> Controller "App\Controllers\base\Beranda" loaded.
INFO - 2021-08-24 20:27:27 --> Controller "App\Controllers\base\Beranda" loaded.
INFO - 2021-08-24 20:30:02 --> Controller "App\Controllers\base\Beranda" loaded.
INFO - 2021-08-24 20:40:02 --> Controller "App\Controllers\base\Beranda" loaded.
INFO - 2021-08-24 20:50:03 --> Controller "App\Controllers\base\Beranda" loaded.
INFO - 2021-08-24 21:00:03 --> Controller "App\Controllers\base\Beranda" loaded.
INFO - 2021-08-24 21:10:02 --> Controller "App\Controllers\base\Beranda" loaded.
INFO - 2021-08-24 21:20:03 --> Controller "App\Controllers\base\Beranda" loaded.
INFO - 2021-08-24 21:30:02 --> Controller "App\Controllers\base\Beranda" loaded.
INFO - 2021-08-24 21:40:02 --> Controller "App\Controllers\base\Beranda" loaded.
INFO - 2021-08-24 21:42:55 --> Session: Class initialized using 'CodeIgniter\Session\Handlers\FileHandler' driver.
INFO - 2021-08-24 21:42:55 --> Controller "App\Controllers\undangan\Undangan" loaded.
INFO - 2021-08-24 21:50:03 --> Controller "App\Controllers\base\Beranda" loaded.
INFO - 2021-08-24 22:18:15 --> Controller "App\Controllers\base\Beranda" loaded.
INFO - 2021-08-24 23:37:30 --> Session: Class initialized using 'CodeIgniter\Session\Handlers\FileHandler' driver.
INFO - 2021-08-24 23:37:30 --> Controller "App\Controllers\undangan\Undangan" loaded.
INFO - 2021-08-24 23:51:55 --> Session: Class initialized using 'CodeIgniter\Session\Handlers\FileHandler' driver.
INFO - 2021-08-24 23:51:55 --> Controller "App\Controllers\base\Order" loaded.
