INFO - 2021-03-13 00:27:00 --> Controller "App\Controllers\base\Beranda" loaded.
INFO - 2021-03-13 01:30:23 --> Session: Class initialized using 'CodeIgniter\Session\Handlers\FileHandler' driver.
INFO - 2021-03-13 01:30:23 --> Controller "App\Controllers\undangan\Undangan" loaded.
INFO - 2021-03-13 01:57:06 --> Controller "App\Controllers\base\Beranda" loaded.
INFO - 2021-03-13 01:57:32 --> Controller "App\Controllers\base\Beranda" loaded.
INFO - 2021-03-13 01:58:06 --> Controller "App\Controllers\base\Beranda" loaded.
INFO - 2021-03-13 02:05:14 --> Session: Class initialized using 'CodeIgniter\Session\Handlers\FileHandler' driver.
INFO - 2021-03-13 02:05:14 --> Controller "App\Controllers\undangan\Undangan" loaded.
INFO - 2021-03-13 02:05:26 --> Session: Class initialized using 'CodeIgniter\Session\Handlers\FileHandler' driver.
INFO - 2021-03-13 02:05:26 --> Controller "App\Controllers\undangan\Undangan" loaded.
INFO - 2021-03-13 02:05:26 --> Session: Class initialized using 'CodeIgniter\Session\Handlers\FileHandler' driver.
INFO - 2021-03-13 02:05:26 --> Controller "App\Controllers\undangan\Undangan" loaded.
INFO - 2021-03-13 02:05:26 --> Session: Class initialized using 'CodeIgniter\Session\Handlers\FileHandler' driver.
INFO - 2021-03-13 02:05:26 --> Controller "App\Controllers\undangan\Undangan" loaded.
INFO - 2021-03-13 02:05:40 --> Session: Class initialized using 'CodeIgniter\Session\Handlers\FileHandler' driver.
INFO - 2021-03-13 02:05:40 --> Controller "App\Controllers\admin\Admin" loaded.
INFO - 2021-03-13 02:06:02 --> Session: Class initialized using 'CodeIgniter\Session\Handlers\FileHandler' driver.
INFO - 2021-03-13 02:06:02 --> Controller "App\Controllers\admin\Admin" loaded.
INFO - 2021-03-13 02:06:02 --> Session: Class initialized using 'CodeIgniter\Session\Handlers\FileHandler' driver.
INFO - 2021-03-13 02:06:02 --> Controller "App\Controllers\admin\Admin" loaded.
INFO - 2021-03-13 02:06:12 --> Session: Class initialized using 'CodeIgniter\Session\Handlers\FileHandler' driver.
INFO - 2021-03-13 02:06:12 --> Controller "App\Controllers\admin\Admin" loaded.
INFO - 2021-03-13 02:06:17 --> Session: Class initialized using 'CodeIgniter\Session\Handlers\FileHandler' driver.
INFO - 2021-03-13 02:06:17 --> Controller "App\Controllers\admin\Admin" loaded.
INFO - 2021-03-13 02:06:26 --> Session: Class initialized using 'CodeIgniter\Session\Handlers\FileHandler' driver.
INFO - 2021-03-13 02:06:26 --> Controller "App\Controllers\admin\Admin" loaded.
INFO - 2021-03-13 02:06:27 --> Session: Class initialized using 'CodeIgniter\Session\Handlers\FileHandler' driver.
INFO - 2021-03-13 02:06:27 --> Controller "App\Controllers\admin\Admin" loaded.
INFO - 2021-03-13 02:06:49 --> Controller "App\Controllers\base\Beranda" loaded.
INFO - 2021-03-13 02:07:24 --> Controller "App\Controllers\base\Beranda" loaded.
INFO - 2021-03-13 02:07:35 --> Controller "App\Controllers\base\Beranda" loaded.
INFO - 2021-03-13 02:07:50 --> Controller "App\Controllers\base\Beranda" loaded.
INFO - 2021-03-13 03:29:24 --> Session: Class initialized using 'CodeIgniter\Session\Handlers\FileHandler' driver.
INFO - 2021-03-13 03:29:24 --> Controller "App\Controllers\undangan\Undangan" loaded.
INFO - 2021-03-13 04:41:28 --> Controller "App\Controllers\base\Beranda" loaded.
INFO - 2021-03-13 04:41:28 --> Controller "App\Controllers\base\Beranda" loaded.
INFO - 2021-03-13 04:41:28 --> Controller "App\Controllers\base\Beranda" loaded.
INFO - 2021-03-13 04:41:28 --> Controller "App\Controllers\base\Beranda" loaded.
INFO - 2021-03-13 04:41:29 --> Controller "App\Controllers\base\Beranda" loaded.
INFO - 2021-03-13 05:01:54 --> Controller "App\Controllers\base\Beranda" loaded.
INFO - 2021-03-13 05:01:54 --> Controller "App\Controllers\base\Beranda" loaded.
INFO - 2021-03-13 05:01:54 --> Controller "App\Controllers\base\Beranda" loaded.
INFO - 2021-03-13 05:01:54 --> Controller "App\Controllers\base\Beranda" loaded.
INFO - 2021-03-13 05:01:55 --> Controller "App\Controllers\base\Beranda" loaded.
INFO - 2021-03-13 05:02:06 --> Session: Class initialized using 'CodeIgniter\Session\Handlers\FileHandler' driver.
INFO - 2021-03-13 05:02:06 --> Controller "App\Controllers\base\Order" loaded.
INFO - 2021-03-13 05:02:07 --> Controller "App\Controllers\base\Beranda" loaded.
INFO - 2021-03-13 05:02:26 --> Controller "App\Controllers\base\Beranda" loaded.
INFO - 2021-03-13 05:03:44 --> Controller "App\Controllers\base\Beranda" loaded.
INFO - 2021-03-13 05:03:47 --> Controller "App\Controllers\base\Beranda" loaded.
INFO - 2021-03-13 05:21:50 --> Controller "App\Controllers\base\Beranda" loaded.
INFO - 2021-03-13 05:22:03 --> Session: Class initialized using 'CodeIgniter\Session\Handlers\FileHandler' driver.
INFO - 2021-03-13 05:22:03 --> Controller "App\Controllers\base\Order" loaded.
INFO - 2021-03-13 05:22:04 --> Controller "App\Controllers\base\Beranda" loaded.
INFO - 2021-03-13 05:22:08 --> Controller "App\Controllers\base\Beranda" loaded.
INFO - 2021-03-13 05:22:19 --> Controller "App\Controllers\base\Beranda" loaded.
INFO - 2021-03-13 05:32:46 --> Controller "App\Controllers\base\Beranda" loaded.
INFO - 2021-03-13 05:32:50 --> Session: Class initialized using 'CodeIgniter\Session\Handlers\FileHandler' driver.
INFO - 2021-03-13 05:32:50 --> Controller "App\Controllers\base\Order" loaded.
INFO - 2021-03-13 05:32:50 --> Controller "App\Controllers\base\Beranda" loaded.
INFO - 2021-03-13 05:33:24 --> Controller "App\Controllers\base\Beranda" loaded.
INFO - 2021-03-13 05:33:49 --> Controller "App\Controllers\base\Beranda" loaded.
INFO - 2021-03-13 06:54:09 --> Controller "App\Controllers\base\Beranda" loaded.
INFO - 2021-03-13 06:54:09 --> Controller "App\Controllers\base\Beranda" loaded.
INFO - 2021-03-13 06:54:09 --> Controller "App\Controllers\base\Beranda" loaded.
INFO - 2021-03-13 06:54:09 --> Controller "App\Controllers\base\Beranda" loaded.
INFO - 2021-03-13 06:54:09 --> Controller "App\Controllers\base\Beranda" loaded.
INFO - 2021-03-13 06:54:17 --> Session: Class initialized using 'CodeIgniter\Session\Handlers\FileHandler' driver.
INFO - 2021-03-13 06:54:17 --> Controller "App\Controllers\base\Order" loaded.
INFO - 2021-03-13 06:54:17 --> Controller "App\Controllers\base\Beranda" loaded.
INFO - 2021-03-13 06:54:23 --> Controller "App\Controllers\base\Beranda" loaded.
INFO - 2021-03-13 06:54:29 --> Controller "App\Controllers\base\Beranda" loaded.
INFO - 2021-03-13 06:54:33 --> Session: Class initialized using 'CodeIgniter\Session\Handlers\FileHandler' driver.
INFO - 2021-03-13 06:54:33 --> Controller "App\Controllers\base\Order" loaded.
INFO - 2021-03-13 06:54:35 --> Controller "App\Controllers\base\Beranda" loaded.
INFO - 2021-03-13 06:54:44 --> Controller "App\Controllers\base\Beranda" loaded.
INFO - 2021-03-13 07:02:01 --> Controller "App\Controllers\base\Beranda" loaded.
INFO - 2021-03-13 07:02:20 --> Controller "App\Controllers\base\Beranda" loaded.
INFO - 2021-03-13 07:02:25 --> Controller "App\Controllers\base\Beranda" loaded.
INFO - 2021-03-13 08:11:23 --> Controller "App\Controllers\base\Beranda" loaded.
INFO - 2021-03-13 08:11:40 --> Controller "App\Controllers\base\Beranda" loaded.
INFO - 2021-03-13 08:11:42 --> Controller "App\Controllers\base\Beranda" loaded.
INFO - 2021-03-13 08:11:54 --> Controller "App\Controllers\base\Beranda" loaded.
INFO - 2021-03-13 08:11:56 --> Controller "App\Controllers\base\Beranda" loaded.
INFO - 2021-03-13 08:11:59 --> Session: Class initialized using 'CodeIgniter\Session\Handlers\FileHandler' driver.
INFO - 2021-03-13 08:11:59 --> Controller "App\Controllers\base\Order" loaded.
INFO - 2021-03-13 08:11:59 --> Controller "App\Controllers\base\Beranda" loaded.
INFO - 2021-03-13 08:12:02 --> Controller "App\Controllers\base\Beranda" loaded.
INFO - 2021-03-13 08:12:09 --> Controller "App\Controllers\base\Beranda" loaded.
INFO - 2021-03-13 08:48:58 --> Controller "App\Controllers\base\Beranda" loaded.
INFO - 2021-03-13 08:49:19 --> Controller "App\Controllers\base\Beranda" loaded.
INFO - 2021-03-13 08:49:36 --> Controller "App\Controllers\base\Beranda" loaded.
INFO - 2021-03-13 08:54:30 --> Controller "App\Controllers\base\Beranda" loaded.
INFO - 2021-03-13 09:38:03 --> Controller "App\Controllers\base\Beranda" loaded.
INFO - 2021-03-13 09:53:27 --> Controller "App\Controllers\base\Beranda" loaded.
INFO - 2021-03-13 10:20:06 --> Controller "App\Controllers\base\Beranda" loaded.
INFO - 2021-03-13 11:35:36 --> Controller "App\Controllers\base\Beranda" loaded.
INFO - 2021-03-13 14:05:34 --> Controller "App\Controllers\base\Beranda" loaded.
INFO - 2021-03-13 14:06:10 --> Controller "App\Controllers\base\Beranda" loaded.
INFO - 2021-03-13 14:06:21 --> Controller "App\Controllers\base\Beranda" loaded.
INFO - 2021-03-13 14:06:40 --> Controller "App\Controllers\base\Beranda" loaded.
INFO - 2021-03-13 14:06:41 --> Controller "App\Controllers\base\Beranda" loaded.
INFO - 2021-03-13 16:21:53 --> Controller "App\Controllers\base\Beranda" loaded.
INFO - 2021-03-13 16:21:57 --> Controller "App\Controllers\base\Beranda" loaded.
INFO - 2021-03-13 16:21:57 --> Controller "App\Controllers\base\Beranda" loaded.
INFO - 2021-03-13 16:21:57 --> Controller "App\Controllers\base\Beranda" loaded.
INFO - 2021-03-13 16:21:57 --> Controller "App\Controllers\base\Beranda" loaded.
INFO - 2021-03-13 16:21:57 --> Controller "App\Controllers\base\Beranda" loaded.
INFO - 2021-03-13 16:21:57 --> Controller "App\Controllers\base\Beranda" loaded.
INFO - 2021-03-13 16:21:57 --> Controller "App\Controllers\base\Beranda" loaded.
INFO - 2021-03-13 16:21:57 --> Controller "App\Controllers\base\Beranda" loaded.
INFO - 2021-03-13 16:21:57 --> Controller "App\Controllers\base\Beranda" loaded.
INFO - 2021-03-13 16:22:00 --> Controller "App\Controllers\base\Beranda" loaded.
INFO - 2021-03-13 16:22:00 --> Controller "App\Controllers\base\Beranda" loaded.
INFO - 2021-03-13 16:22:00 --> Controller "App\Controllers\base\Beranda" loaded.
INFO - 2021-03-13 16:25:21 --> Controller "App\Controllers\base\Beranda" loaded.
INFO - 2021-03-13 16:45:39 --> Controller "App\Controllers\base\Beranda" loaded.
INFO - 2021-03-13 16:46:27 --> Controller "App\Controllers\base\Beranda" loaded.
INFO - 2021-03-13 16:46:39 --> Session: Class initialized using 'CodeIgniter\Session\Handlers\FileHandler' driver.
INFO - 2021-03-13 16:46:39 --> Controller "App\Controllers\base\Order" loaded.
INFO - 2021-03-13 16:46:39 --> Controller "App\Controllers\base\Beranda" loaded.
INFO - 2021-03-13 16:46:44 --> Controller "App\Controllers\base\Beranda" loaded.
INFO - 2021-03-13 16:47:03 --> Controller "App\Controllers\base\Beranda" loaded.
INFO - 2021-03-13 17:21:46 --> Controller "App\Controllers\base\Beranda" loaded.
INFO - 2021-03-13 17:46:25 --> Controller "App\Controllers\base\Beranda" loaded.
INFO - 2021-03-13 17:46:32 --> Session: Class initialized using 'CodeIgniter\Session\Handlers\FileHandler' driver.
INFO - 2021-03-13 17:46:32 --> Controller "App\Controllers\base\Order" loaded.
INFO - 2021-03-13 17:46:32 --> Controller "App\Controllers\base\Beranda" loaded.
INFO - 2021-03-13 17:46:50 --> Controller "App\Controllers\base\Beranda" loaded.
INFO - 2021-03-13 17:47:02 --> Controller "App\Controllers\base\Beranda" loaded.
INFO - 2021-03-13 18:02:12 --> Controller "App\Controllers\base\Beranda" loaded.
INFO - 2021-03-13 19:05:37 --> Controller "App\Controllers\base\Beranda" loaded.
INFO - 2021-03-13 19:07:14 --> Controller "App\Controllers\base\Beranda" loaded.
INFO - 2021-03-13 21:13:55 --> Controller "App\Controllers\base\Beranda" loaded.
INFO - 2021-03-13 21:57:02 --> Controller "App\Controllers\base\Beranda" loaded.
INFO - 2021-03-13 22:02:58 --> Controller "App\Controllers\base\Beranda" loaded.
INFO - 2021-03-13 22:05:53 --> Controller "App\Controllers\base\Beranda" loaded.
INFO - 2021-03-13 22:06:26 --> Controller "App\Controllers\base\Beranda" loaded.
INFO - 2021-03-13 22:06:41 --> Controller "App\Controllers\base\Beranda" loaded.
INFO - 2021-03-13 22:06:45 --> Controller "App\Controllers\base\Beranda" loaded.
INFO - 2021-03-13 22:06:48 --> Controller "App\Controllers\base\Beranda" loaded.
INFO - 2021-03-13 22:10:37 --> Controller "App\Controllers\base\Beranda" loaded.
INFO - 2021-03-13 22:10:41 --> Controller "App\Controllers\base\Beranda" loaded.
INFO - 2021-03-13 22:10:45 --> Controller "App\Controllers\base\Beranda" loaded.
INFO - 2021-03-13 22:10:53 --> Controller "App\Controllers\base\Beranda" loaded.
INFO - 2021-03-13 22:10:56 --> Controller "App\Controllers\base\Beranda" loaded.
INFO - 2021-03-13 22:31:07 --> Controller "App\Controllers\base\Beranda" loaded.
INFO - 2021-03-13 22:33:47 --> Controller "App\Controllers\base\Beranda" loaded.
INFO - 2021-03-13 22:34:21 --> Controller "App\Controllers\base\Beranda" loaded.
INFO - 2021-03-13 22:34:25 --> Session: Class initialized using 'CodeIgniter\Session\Handlers\FileHandler' driver.
INFO - 2021-03-13 22:34:25 --> Controller "App\Controllers\base\Order" loaded.
INFO - 2021-03-13 22:34:26 --> Controller "App\Controllers\base\Beranda" loaded.
INFO - 2021-03-13 22:34:54 --> Controller "App\Controllers\base\Beranda" loaded.
INFO - 2021-03-13 22:43:04 --> Controller "App\Controllers\base\Beranda" loaded.
INFO - 2021-03-13 22:43:36 --> Controller "App\Controllers\base\Beranda" loaded.
INFO - 2021-03-13 23:18:28 --> Controller "App\Controllers\base\Beranda" loaded.
INFO - 2021-03-13 23:40:28 --> Controller "App\Controllers\base\Beranda" loaded.
INFO - 2021-03-13 23:40:30 --> Controller "App\Controllers\base\Beranda" loaded.
INFO - 2021-03-13 23:48:38 --> Controller "App\Controllers\base\Beranda" loaded.
INFO - 2021-03-13 23:48:44 --> Session: Class initialized using 'CodeIgniter\Session\Handlers\FileHandler' driver.
INFO - 2021-03-13 23:48:44 --> Controller "App\Controllers\base\Order" loaded.
INFO - 2021-03-13 23:48:44 --> Controller "App\Controllers\base\Beranda" loaded.
