INFO - 2021-09-03 00:12:25 --> Session: Class initialized using 'CodeIgniter\Session\Handlers\FileHandler' driver.
INFO - 2021-09-03 00:12:25 --> Controller "App\Controllers\base\Order" loaded.
INFO - 2021-09-03 00:12:53 --> Controller "App\Controllers\base\Beranda" loaded.
INFO - 2021-09-03 02:59:06 --> Controller "App\Controllers\base\Beranda" loaded.
INFO - 2021-09-03 03:15:02 --> Controller "App\Controllers\base\Beranda" loaded.
INFO - 2021-09-03 06:15:27 --> Controller "App\Controllers\base\Beranda" loaded.
INFO - 2021-09-03 06:43:50 --> Controller "App\Controllers\base\Beranda" loaded.
INFO - 2021-09-03 06:47:14 --> Controller "App\Controllers\base\Beranda" loaded.
INFO - 2021-09-03 07:00:03 --> Controller "App\Controllers\base\Beranda" loaded.
INFO - 2021-09-03 07:10:02 --> Controller "App\Controllers\base\Beranda" loaded.
INFO - 2021-09-03 07:15:29 --> Session: Class initialized using 'CodeIgniter\Session\Handlers\FileHandler' driver.
INFO - 2021-09-03 07:15:30 --> Controller "App\Controllers\base\Lupa_password" loaded.
INFO - 2021-09-03 07:19:15 --> Controller "App\Controllers\base\Beranda" loaded.
INFO - 2021-09-03 07:19:56 --> Session: Class initialized using 'CodeIgniter\Session\Handlers\FileHandler' driver.
INFO - 2021-09-03 07:19:56 --> Controller "App\Controllers\undangan\Undangan" loaded.
INFO - 2021-09-03 07:20:03 --> Controller "App\Controllers\base\Beranda" loaded.
INFO - 2021-09-03 07:30:02 --> Controller "App\Controllers\base\Beranda" loaded.
INFO - 2021-09-03 07:40:02 --> Controller "App\Controllers\base\Beranda" loaded.
INFO - 2021-09-03 07:50:02 --> Controller "App\Controllers\base\Beranda" loaded.
INFO - 2021-09-03 07:56:37 --> Controller "App\Controllers\base\Beranda" loaded.
INFO - 2021-09-03 07:56:38 --> Controller "App\Controllers\base\Beranda" loaded.
INFO - 2021-09-03 07:56:47 --> Controller "App\Controllers\base\Beranda" loaded.
INFO - 2021-09-03 07:57:01 --> Controller "App\Controllers\base\Beranda" loaded.
INFO - 2021-09-03 07:57:01 --> Controller "App\Controllers\base\Beranda" loaded.
INFO - 2021-09-03 07:57:02 --> Controller "App\Controllers\base\Beranda" loaded.
INFO - 2021-09-03 07:57:41 --> Controller "App\Controllers\base\Beranda" loaded.
INFO - 2021-09-03 07:57:53 --> Controller "App\Controllers\base\Beranda" loaded.
INFO - 2021-09-03 07:59:21 --> Controller "App\Controllers\base\Beranda" loaded.
INFO - 2021-09-03 07:59:22 --> Controller "App\Controllers\base\Beranda" loaded.
INFO - 2021-09-03 07:59:22 --> Controller "App\Controllers\base\Beranda" loaded.
INFO - 2021-09-03 07:59:30 --> Controller "App\Controllers\base\Beranda" loaded.
INFO - 2021-09-03 07:59:30 --> Controller "App\Controllers\base\Beranda" loaded.
INFO - 2021-09-03 07:59:31 --> Controller "App\Controllers\base\Beranda" loaded.
INFO - 2021-09-03 08:00:02 --> Controller "App\Controllers\base\Beranda" loaded.
INFO - 2021-09-03 08:07:08 --> Controller "App\Controllers\base\Beranda" loaded.
INFO - 2021-09-03 08:07:27 --> Controller "App\Controllers\base\Beranda" loaded.
INFO - 2021-09-03 08:07:44 --> Controller "App\Controllers\base\Beranda" loaded.
INFO - 2021-09-03 08:08:33 --> Controller "App\Controllers\base\Beranda" loaded.
INFO - 2021-09-03 08:08:33 --> Controller "App\Controllers\base\Beranda" loaded.
INFO - 2021-09-03 08:08:35 --> Controller "App\Controllers\base\Beranda" loaded.
INFO - 2021-09-03 08:10:02 --> Controller "App\Controllers\base\Beranda" loaded.
INFO - 2021-09-03 08:20:02 --> Controller "App\Controllers\base\Beranda" loaded.
INFO - 2021-09-03 08:28:06 --> Controller "App\Controllers\base\Beranda" loaded.
INFO - 2021-09-03 08:28:06 --> Controller "App\Controllers\base\Beranda" loaded.
INFO - 2021-09-03 08:30:02 --> Controller "App\Controllers\base\Beranda" loaded.
INFO - 2021-09-03 08:31:20 --> Controller "App\Controllers\base\Beranda" loaded.
INFO - 2021-09-03 08:40:03 --> Controller "App\Controllers\base\Beranda" loaded.
INFO - 2021-09-03 08:50:02 --> Controller "App\Controllers\base\Beranda" loaded.
INFO - 2021-09-03 08:50:56 --> Session: Class initialized using 'CodeIgniter\Session\Handlers\FileHandler' driver.
INFO - 2021-09-03 08:50:56 --> Controller "App\Controllers\base\Order" loaded.
INFO - 2021-09-03 09:00:03 --> Controller "App\Controllers\base\Beranda" loaded.
INFO - 2021-09-03 09:10:02 --> Controller "App\Controllers\base\Beranda" loaded.
INFO - 2021-09-03 09:20:02 --> Controller "App\Controllers\base\Beranda" loaded.
INFO - 2021-09-03 09:23:31 --> Controller "App\Controllers\base\Beranda" loaded.
INFO - 2021-09-03 09:24:23 --> Session: Class initialized using 'CodeIgniter\Session\Handlers\FileHandler' driver.
INFO - 2021-09-03 09:24:23 --> Controller "App\Controllers\base\Order" loaded.
INFO - 2021-09-03 09:25:49 --> Controller "App\Controllers\base\Beranda" loaded.
INFO - 2021-09-03 09:25:49 --> Controller "App\Controllers\base\Beranda" loaded.
INFO - 2021-09-03 09:25:59 --> Controller "App\Controllers\base\Beranda" loaded.
INFO - 2021-09-03 09:27:34 --> Controller "App\Controllers\base\Beranda" loaded.
INFO - 2021-09-03 09:27:34 --> Controller "App\Controllers\base\Beranda" loaded.
INFO - 2021-09-03 09:27:34 --> Controller "App\Controllers\base\Beranda" loaded.
INFO - 2021-09-03 09:27:34 --> Controller "App\Controllers\base\Beranda" loaded.
INFO - 2021-09-03 09:27:34 --> Controller "App\Controllers\base\Beranda" loaded.
INFO - 2021-09-03 09:27:34 --> Controller "App\Controllers\base\Beranda" loaded.
INFO - 2021-09-03 09:27:34 --> Controller "App\Controllers\base\Beranda" loaded.
INFO - 2021-09-03 09:27:35 --> Controller "App\Controllers\base\Beranda" loaded.
INFO - 2021-09-03 09:30:02 --> Controller "App\Controllers\base\Beranda" loaded.
INFO - 2021-09-03 09:33:15 --> Controller "App\Controllers\base\Beranda" loaded.
INFO - 2021-09-03 09:33:22 --> Controller "App\Controllers\base\Beranda" loaded.
INFO - 2021-09-03 09:33:26 --> Controller "App\Controllers\base\Beranda" loaded.
INFO - 2021-09-03 09:33:28 --> Controller "App\Controllers\base\Beranda" loaded.
INFO - 2021-09-03 09:33:51 --> Controller "App\Controllers\base\Beranda" loaded.
INFO - 2021-09-03 09:33:51 --> Controller "App\Controllers\base\Beranda" loaded.
INFO - 2021-09-03 09:33:52 --> Controller "App\Controllers\base\Beranda" loaded.
INFO - 2021-09-03 09:34:51 --> Controller "App\Controllers\base\Beranda" loaded.
INFO - 2021-09-03 09:35:44 --> Controller "App\Controllers\base\Beranda" loaded.
INFO - 2021-09-03 09:35:44 --> Controller "App\Controllers\base\Beranda" loaded.
INFO - 2021-09-03 09:35:44 --> Controller "App\Controllers\base\Beranda" loaded.
INFO - 2021-09-03 09:36:55 --> Controller "App\Controllers\base\Beranda" loaded.
INFO - 2021-09-03 09:36:57 --> Controller "App\Controllers\base\Beranda" loaded.
INFO - 2021-09-03 09:40:03 --> Controller "App\Controllers\base\Beranda" loaded.
INFO - 2021-09-03 09:43:26 --> Controller "App\Controllers\base\Beranda" loaded.
INFO - 2021-09-03 09:45:09 --> Controller "App\Controllers\base\Beranda" loaded.
INFO - 2021-09-03 09:45:33 --> Controller "App\Controllers\base\Beranda" loaded.
INFO - 2021-09-03 09:45:33 --> Controller "App\Controllers\base\Beranda" loaded.
INFO - 2021-09-03 09:45:33 --> Controller "App\Controllers\base\Beranda" loaded.
INFO - 2021-09-03 09:50:02 --> Controller "App\Controllers\base\Beranda" loaded.
INFO - 2021-09-03 10:00:02 --> Controller "App\Controllers\base\Beranda" loaded.
INFO - 2021-09-03 10:10:02 --> Controller "App\Controllers\base\Beranda" loaded.
INFO - 2021-09-03 10:20:02 --> Controller "App\Controllers\base\Beranda" loaded.
INFO - 2021-09-03 10:20:48 --> Controller "App\Controllers\base\Beranda" loaded.
INFO - 2021-09-03 10:20:48 --> Controller "App\Controllers\base\Beranda" loaded.
INFO - 2021-09-03 10:20:50 --> Controller "App\Controllers\base\Beranda" loaded.
INFO - 2021-09-03 10:30:02 --> Controller "App\Controllers\base\Beranda" loaded.
INFO - 2021-09-03 10:38:50 --> Controller "App\Controllers\base\Beranda" loaded.
INFO - 2021-09-03 10:40:02 --> Controller "App\Controllers\base\Beranda" loaded.
INFO - 2021-09-03 10:50:02 --> Controller "App\Controllers\base\Beranda" loaded.
INFO - 2021-09-03 11:00:03 --> Controller "App\Controllers\base\Beranda" loaded.
INFO - 2021-09-03 11:10:02 --> Controller "App\Controllers\base\Beranda" loaded.
INFO - 2021-09-03 11:10:57 --> Controller "App\Controllers\base\Beranda" loaded.
INFO - 2021-09-03 11:20:03 --> Controller "App\Controllers\base\Beranda" loaded.
INFO - 2021-09-03 11:30:02 --> Controller "App\Controllers\base\Beranda" loaded.
INFO - 2021-09-03 11:40:02 --> Controller "App\Controllers\base\Beranda" loaded.
INFO - 2021-09-03 11:50:03 --> Controller "App\Controllers\base\Beranda" loaded.
INFO - 2021-09-03 12:00:03 --> Controller "App\Controllers\base\Beranda" loaded.
INFO - 2021-09-03 12:00:32 --> Controller "App\Controllers\base\Beranda" loaded.
INFO - 2021-09-03 12:06:10 --> Controller "App\Controllers\base\Beranda" loaded.
INFO - 2021-09-03 12:06:10 --> Controller "App\Controllers\base\Beranda" loaded.
INFO - 2021-09-03 12:06:24 --> Controller "App\Controllers\base\Beranda" loaded.
INFO - 2021-09-03 12:07:34 --> Controller "App\Controllers\base\Beranda" loaded.
INFO - 2021-09-03 12:08:00 --> Controller "App\Controllers\base\Beranda" loaded.
INFO - 2021-09-03 12:08:21 --> Controller "App\Controllers\base\Beranda" loaded.
INFO - 2021-09-03 12:10:02 --> Controller "App\Controllers\base\Beranda" loaded.
INFO - 2021-09-03 12:12:16 --> Session: Class initialized using 'CodeIgniter\Session\Handlers\FileHandler' driver.
INFO - 2021-09-03 12:12:16 --> Controller "App\Controllers\base\Dashboard" loaded.
INFO - 2021-09-03 12:20:02 --> Controller "App\Controllers\base\Beranda" loaded.
INFO - 2021-09-03 12:30:02 --> Controller "App\Controllers\base\Beranda" loaded.
INFO - 2021-09-03 12:40:03 --> Controller "App\Controllers\base\Beranda" loaded.
INFO - 2021-09-03 12:50:02 --> Controller "App\Controllers\base\Beranda" loaded.
INFO - 2021-09-03 13:00:03 --> Controller "App\Controllers\base\Beranda" loaded.
INFO - 2021-09-03 13:01:46 --> Controller "App\Controllers\base\Beranda" loaded.
INFO - 2021-09-03 13:02:13 --> Controller "App\Controllers\base\Beranda" loaded.
INFO - 2021-09-03 13:02:15 --> Controller "App\Controllers\base\Beranda" loaded.
INFO - 2021-09-03 13:02:23 --> Session: Class initialized using 'CodeIgniter\Session\Handlers\FileHandler' driver.
INFO - 2021-09-03 13:02:23 --> Controller "App\Controllers\base\Order" loaded.
INFO - 2021-09-03 13:02:23 --> Controller "App\Controllers\base\Beranda" loaded.
INFO - 2021-09-03 13:02:25 --> Session: Class initialized using 'CodeIgniter\Session\Handlers\FileHandler' driver.
INFO - 2021-09-03 13:02:25 --> Controller "App\Controllers\base\Order" loaded.
INFO - 2021-09-03 13:02:26 --> Controller "App\Controllers\base\Beranda" loaded.
INFO - 2021-09-03 13:02:46 --> Controller "App\Controllers\base\Beranda" loaded.
INFO - 2021-09-03 13:03:29 --> Controller "App\Controllers\base\Beranda" loaded.
INFO - 2021-09-03 13:03:30 --> Controller "App\Controllers\base\Beranda" loaded.
INFO - 2021-09-03 13:03:30 --> Controller "App\Controllers\base\Beranda" loaded.
INFO - 2021-09-03 13:10:02 --> Controller "App\Controllers\base\Beranda" loaded.
INFO - 2021-09-03 13:17:55 --> Controller "App\Controllers\base\Beranda" loaded.
INFO - 2021-09-03 13:18:11 --> Session: Class initialized using 'CodeIgniter\Session\Handlers\FileHandler' driver.
INFO - 2021-09-03 13:18:11 --> Controller "App\Controllers\base\Order" loaded.
INFO - 2021-09-03 13:18:11 --> Controller "App\Controllers\base\Beranda" loaded.
INFO - 2021-09-03 13:18:31 --> Controller "App\Controllers\base\Beranda" loaded.
INFO - 2021-09-03 13:20:02 --> Controller "App\Controllers\base\Beranda" loaded.
INFO - 2021-09-03 13:30:03 --> Controller "App\Controllers\base\Beranda" loaded.
INFO - 2021-09-03 13:40:02 --> Controller "App\Controllers\base\Beranda" loaded.
INFO - 2021-09-03 13:50:02 --> Controller "App\Controllers\base\Beranda" loaded.
INFO - 2021-09-03 13:57:59 --> Controller "App\Controllers\base\Beranda" loaded.
INFO - 2021-09-03 13:58:10 --> Session: Class initialized using 'CodeIgniter\Session\Handlers\FileHandler' driver.
INFO - 2021-09-03 13:58:10 --> Controller "App\Controllers\base\Order" loaded.
INFO - 2021-09-03 13:58:11 --> Controller "App\Controllers\base\Beranda" loaded.
INFO - 2021-09-03 13:58:21 --> Controller "App\Controllers\base\Beranda" loaded.
INFO - 2021-09-03 14:00:02 --> Controller "App\Controllers\base\Beranda" loaded.
INFO - 2021-09-03 14:04:27 --> Controller "App\Controllers\base\Beranda" loaded.
INFO - 2021-09-03 14:07:29 --> Controller "App\Controllers\base\Beranda" loaded.
INFO - 2021-09-03 14:07:37 --> Session: Class initialized using 'CodeIgniter\Session\Handlers\FileHandler' driver.
INFO - 2021-09-03 14:07:37 --> Controller "App\Controllers\base\Order" loaded.
INFO - 2021-09-03 14:07:38 --> Controller "App\Controllers\base\Beranda" loaded.
INFO - 2021-09-03 14:07:39 --> Session: Class initialized using 'CodeIgniter\Session\Handlers\FileHandler' driver.
INFO - 2021-09-03 14:07:39 --> Controller "App\Controllers\base\Order" loaded.
INFO - 2021-09-03 14:07:40 --> Controller "App\Controllers\base\Beranda" loaded.
INFO - 2021-09-03 14:07:52 --> Controller "App\Controllers\base\Beranda" loaded.
INFO - 2021-09-03 14:08:18 --> Controller "App\Controllers\base\Beranda" loaded.
INFO - 2021-09-03 14:08:20 --> Controller "App\Controllers\base\Beranda" loaded.
INFO - 2021-09-03 14:10:03 --> Controller "App\Controllers\base\Beranda" loaded.
INFO - 2021-09-03 14:20:03 --> Controller "App\Controllers\base\Beranda" loaded.
INFO - 2021-09-03 14:30:02 --> Controller "App\Controllers\base\Beranda" loaded.
INFO - 2021-09-03 14:40:02 --> Controller "App\Controllers\base\Beranda" loaded.
INFO - 2021-09-03 14:50:03 --> Controller "App\Controllers\base\Beranda" loaded.
INFO - 2021-09-03 15:00:03 --> Controller "App\Controllers\base\Beranda" loaded.
INFO - 2021-09-03 15:10:02 --> Controller "App\Controllers\base\Beranda" loaded.
INFO - 2021-09-03 15:11:31 --> Controller "App\Controllers\base\Beranda" loaded.
INFO - 2021-09-03 15:12:08 --> Controller "App\Controllers\base\Beranda" loaded.
INFO - 2021-09-03 15:12:34 --> Controller "App\Controllers\base\Beranda" loaded.
INFO - 2021-09-03 15:20:02 --> Controller "App\Controllers\base\Beranda" loaded.
INFO - 2021-09-03 15:26:40 --> Controller "App\Controllers\base\Beranda" loaded.
INFO - 2021-09-03 15:26:40 --> Controller "App\Controllers\base\Beranda" loaded.
INFO - 2021-09-03 15:26:40 --> Controller "App\Controllers\base\Beranda" loaded.
INFO - 2021-09-03 15:26:41 --> Controller "App\Controllers\base\Beranda" loaded.
INFO - 2021-09-03 15:27:32 --> Controller "App\Controllers\base\Beranda" loaded.
INFO - 2021-09-03 15:30:02 --> Controller "App\Controllers\base\Beranda" loaded.
INFO - 2021-09-03 15:31:24 --> Controller "App\Controllers\base\Beranda" loaded.
INFO - 2021-09-03 15:31:25 --> Controller "App\Controllers\base\Beranda" loaded.
INFO - 2021-09-03 15:40:02 --> Controller "App\Controllers\base\Beranda" loaded.
INFO - 2021-09-03 15:42:29 --> Controller "App\Controllers\base\Beranda" loaded.
INFO - 2021-09-03 15:44:18 --> Session: Class initialized using 'CodeIgniter\Session\Handlers\FileHandler' driver.
INFO - 2021-09-03 15:44:18 --> Controller "App\Controllers\base\Order" loaded.
INFO - 2021-09-03 15:44:18 --> Controller "App\Controllers\base\Beranda" loaded.
INFO - 2021-09-03 15:44:40 --> Controller "App\Controllers\base\Beranda" loaded.
INFO - 2021-09-03 15:44:46 --> Controller "App\Controllers\base\Beranda" loaded.
INFO - 2021-09-03 15:50:02 --> Controller "App\Controllers\base\Beranda" loaded.
INFO - 2021-09-03 16:00:02 --> Controller "App\Controllers\base\Beranda" loaded.
INFO - 2021-09-03 16:10:02 --> Controller "App\Controllers\base\Beranda" loaded.
INFO - 2021-09-03 16:20:02 --> Controller "App\Controllers\base\Beranda" loaded.
INFO - 2021-09-03 16:30:03 --> Controller "App\Controllers\base\Beranda" loaded.
INFO - 2021-09-03 16:31:02 --> Controller "App\Controllers\base\Beranda" loaded.
INFO - 2021-09-03 16:40:02 --> Controller "App\Controllers\base\Beranda" loaded.
INFO - 2021-09-03 16:50:02 --> Controller "App\Controllers\base\Beranda" loaded.
INFO - 2021-09-03 17:00:02 --> Controller "App\Controllers\base\Beranda" loaded.
INFO - 2021-09-03 17:10:02 --> Controller "App\Controllers\base\Beranda" loaded.
INFO - 2021-09-03 17:13:11 --> Controller "App\Controllers\base\Beranda" loaded.
INFO - 2021-09-03 17:20:02 --> Controller "App\Controllers\base\Beranda" loaded.
INFO - 2021-09-03 17:30:02 --> Controller "App\Controllers\base\Beranda" loaded.
INFO - 2021-09-03 17:30:13 --> Controller "App\Controllers\base\Beranda" loaded.
INFO - 2021-09-03 17:40:02 --> Controller "App\Controllers\base\Beranda" loaded.
INFO - 2021-09-03 17:50:02 --> Controller "App\Controllers\base\Beranda" loaded.
INFO - 2021-09-03 18:00:02 --> Controller "App\Controllers\base\Beranda" loaded.
INFO - 2021-09-03 18:10:02 --> Controller "App\Controllers\base\Beranda" loaded.
INFO - 2021-09-03 18:20:02 --> Controller "App\Controllers\base\Beranda" loaded.
INFO - 2021-09-03 18:30:02 --> Controller "App\Controllers\base\Beranda" loaded.
INFO - 2021-09-03 18:40:03 --> Controller "App\Controllers\base\Beranda" loaded.
INFO - 2021-09-03 18:50:02 --> Controller "App\Controllers\base\Beranda" loaded.
INFO - 2021-09-03 18:58:12 --> Controller "App\Controllers\base\Beranda" loaded.
INFO - 2021-09-03 19:00:03 --> Controller "App\Controllers\base\Beranda" loaded.
INFO - 2021-09-03 19:10:02 --> Controller "App\Controllers\base\Beranda" loaded.
INFO - 2021-09-03 19:17:55 --> Session: Class initialized using 'CodeIgniter\Session\Handlers\FileHandler' driver.
INFO - 2021-09-03 19:17:55 --> Controller "App\Controllers\undangan\Undangan" loaded.
INFO - 2021-09-03 19:19:11 --> Session: Class initialized using 'CodeIgniter\Session\Handlers\FileHandler' driver.
INFO - 2021-09-03 19:19:11 --> Controller "App\Controllers\undangan\Undangan" loaded.
INFO - 2021-09-03 19:19:11 --> Session: Class initialized using 'CodeIgniter\Session\Handlers\FileHandler' driver.
INFO - 2021-09-03 19:19:11 --> Controller "App\Controllers\undangan\Undangan" loaded.
INFO - 2021-09-03 19:19:11 --> Session: Class initialized using 'CodeIgniter\Session\Handlers\FileHandler' driver.
INFO - 2021-09-03 19:19:11 --> Controller "App\Controllers\undangan\Undangan" loaded.
INFO - 2021-09-03 19:20:03 --> Controller "App\Controllers\base\Beranda" loaded.
INFO - 2021-09-03 19:30:02 --> Controller "App\Controllers\base\Beranda" loaded.
INFO - 2021-09-03 19:40:03 --> Controller "App\Controllers\base\Beranda" loaded.
INFO - 2021-09-03 19:50:03 --> Controller "App\Controllers\base\Beranda" loaded.
INFO - 2021-09-03 19:59:00 --> Controller "App\Controllers\base\Beranda" loaded.
INFO - 2021-09-03 19:59:49 --> Controller "App\Controllers\base\Beranda" loaded.
INFO - 2021-09-03 20:00:02 --> Controller "App\Controllers\base\Beranda" loaded.
INFO - 2021-09-03 20:00:11 --> Controller "App\Controllers\base\Beranda" loaded.
INFO - 2021-09-03 20:02:43 --> Controller "App\Controllers\base\Beranda" loaded.
INFO - 2021-09-03 20:10:02 --> Controller "App\Controllers\base\Beranda" loaded.
INFO - 2021-09-03 20:20:03 --> Controller "App\Controllers\base\Beranda" loaded.
INFO - 2021-09-03 20:24:08 --> Controller "App\Controllers\base\Beranda" loaded.
INFO - 2021-09-03 20:28:27 --> Session: Class initialized using 'CodeIgniter\Session\Handlers\FileHandler' driver.
INFO - 2021-09-03 20:28:28 --> Controller "App\Controllers\admin\Admin" loaded.
INFO - 2021-09-03 20:30:02 --> Controller "App\Controllers\base\Beranda" loaded.
INFO - 2021-09-03 20:40:02 --> Controller "App\Controllers\base\Beranda" loaded.
INFO - 2021-09-03 20:48:03 --> Controller "App\Controllers\base\Beranda" loaded.
INFO - 2021-09-03 20:48:27 --> Controller "App\Controllers\base\Beranda" loaded.
INFO - 2021-09-03 20:48:49 --> Controller "App\Controllers\base\Beranda" loaded.
INFO - 2021-09-03 20:48:49 --> Controller "App\Controllers\base\Beranda" loaded.
INFO - 2021-09-03 20:48:50 --> Controller "App\Controllers\base\Beranda" loaded.
INFO - 2021-09-03 20:49:28 --> Controller "App\Controllers\base\Beranda" loaded.
INFO - 2021-09-03 20:49:41 --> Controller "App\Controllers\base\Beranda" loaded.
INFO - 2021-09-03 20:49:52 --> Controller "App\Controllers\base\Beranda" loaded.
INFO - 2021-09-03 20:50:02 --> Controller "App\Controllers\base\Beranda" loaded.
INFO - 2021-09-03 20:50:15 --> Controller "App\Controllers\base\Beranda" loaded.
INFO - 2021-09-03 21:00:02 --> Controller "App\Controllers\base\Beranda" loaded.
INFO - 2021-09-03 21:09:34 --> Controller "App\Controllers\base\Beranda" loaded.
INFO - 2021-09-03 21:09:37 --> Controller "App\Controllers\base\Beranda" loaded.
INFO - 2021-09-03 21:10:02 --> Controller "App\Controllers\base\Beranda" loaded.
INFO - 2021-09-03 21:20:02 --> Controller "App\Controllers\base\Beranda" loaded.
INFO - 2021-09-03 21:24:44 --> Session: Class initialized using 'CodeIgniter\Session\Handlers\FileHandler' driver.
INFO - 2021-09-03 21:24:44 --> Controller "App\Controllers\base\Order" loaded.
INFO - 2021-09-03 21:30:02 --> Controller "App\Controllers\base\Beranda" loaded.
INFO - 2021-09-03 21:30:58 --> Controller "App\Controllers\base\Beranda" loaded.
INFO - 2021-09-03 21:31:10 --> Controller "App\Controllers\base\Beranda" loaded.
INFO - 2021-09-03 21:31:14 --> Controller "App\Controllers\base\Beranda" loaded.
INFO - 2021-09-03 21:31:14 --> Controller "App\Controllers\base\Beranda" loaded.
INFO - 2021-09-03 21:31:15 --> Controller "App\Controllers\base\Beranda" loaded.
INFO - 2021-09-03 21:31:40 --> Controller "App\Controllers\base\Beranda" loaded.
INFO - 2021-09-03 21:31:46 --> Controller "App\Controllers\base\Beranda" loaded.
INFO - 2021-09-03 21:31:46 --> Controller "App\Controllers\base\Beranda" loaded.
INFO - 2021-09-03 21:31:47 --> Controller "App\Controllers\base\Beranda" loaded.
INFO - 2021-09-03 21:31:49 --> Controller "App\Controllers\base\Beranda" loaded.
INFO - 2021-09-03 21:31:52 --> Controller "App\Controllers\base\Beranda" loaded.
INFO - 2021-09-03 21:31:57 --> Session: Class initialized using 'CodeIgniter\Session\Handlers\FileHandler' driver.
INFO - 2021-09-03 21:31:57 --> Controller "App\Controllers\base\Order" loaded.
INFO - 2021-09-03 21:31:58 --> Controller "App\Controllers\base\Beranda" loaded.
INFO - 2021-09-03 21:32:02 --> Controller "App\Controllers\base\Beranda" loaded.
INFO - 2021-09-03 21:32:14 --> Controller "App\Controllers\base\Beranda" loaded.
INFO - 2021-09-03 21:32:14 --> Controller "App\Controllers\base\Beranda" loaded.
INFO - 2021-09-03 21:32:15 --> Controller "App\Controllers\base\Beranda" loaded.
INFO - 2021-09-03 21:32:15 --> Controller "App\Controllers\base\Beranda" loaded.
INFO - 2021-09-03 21:32:17 --> Controller "App\Controllers\base\Beranda" loaded.
INFO - 2021-09-03 21:33:37 --> Controller "App\Controllers\base\Beranda" loaded.
INFO - 2021-09-03 21:33:37 --> Controller "App\Controllers\base\Beranda" loaded.
INFO - 2021-09-03 21:33:39 --> Controller "App\Controllers\base\Beranda" loaded.
INFO - 2021-09-03 21:39:41 --> Controller "App\Controllers\base\Beranda" loaded.
INFO - 2021-09-03 21:39:48 --> Session: Class initialized using 'CodeIgniter\Session\Handlers\FileHandler' driver.
INFO - 2021-09-03 21:39:48 --> Controller "App\Controllers\base\Order" loaded.
INFO - 2021-09-03 21:39:49 --> Controller "App\Controllers\base\Beranda" loaded.
INFO - 2021-09-03 21:40:01 --> Controller "App\Controllers\base\Beranda" loaded.
INFO - 2021-09-03 21:40:02 --> Controller "App\Controllers\base\Beranda" loaded.
INFO - 2021-09-03 21:43:42 --> Controller "App\Controllers\base\Beranda" loaded.
INFO - 2021-09-03 21:43:43 --> Controller "App\Controllers\base\Beranda" loaded.
INFO - 2021-09-03 21:43:45 --> Controller "App\Controllers\base\Beranda" loaded.
INFO - 2021-09-03 21:48:15 --> Controller "App\Controllers\base\Beranda" loaded.
INFO - 2021-09-03 21:48:21 --> Controller "App\Controllers\base\Beranda" loaded.
INFO - 2021-09-03 21:48:27 --> Controller "App\Controllers\base\Beranda" loaded.
INFO - 2021-09-03 21:48:49 --> Controller "App\Controllers\base\Beranda" loaded.
INFO - 2021-09-03 21:48:49 --> Controller "App\Controllers\base\Beranda" loaded.
INFO - 2021-09-03 21:48:51 --> Controller "App\Controllers\base\Beranda" loaded.
INFO - 2021-09-03 21:49:02 --> Controller "App\Controllers\base\Beranda" loaded.
INFO - 2021-09-03 21:49:20 --> Controller "App\Controllers\base\Beranda" loaded.
INFO - 2021-09-03 21:49:20 --> Controller "App\Controllers\base\Beranda" loaded.
INFO - 2021-09-03 21:49:21 --> Controller "App\Controllers\base\Beranda" loaded.
INFO - 2021-09-03 21:49:22 --> Controller "App\Controllers\base\Beranda" loaded.
INFO - 2021-09-03 21:49:34 --> Controller "App\Controllers\base\Beranda" loaded.
INFO - 2021-09-03 21:49:53 --> Controller "App\Controllers\base\Beranda" loaded.
INFO - 2021-09-03 21:49:54 --> Controller "App\Controllers\base\Beranda" loaded.
INFO - 2021-09-03 21:49:55 --> Controller "App\Controllers\base\Beranda" loaded.
INFO - 2021-09-03 21:50:02 --> Controller "App\Controllers\base\Beranda" loaded.
INFO - 2021-09-03 21:50:18 --> Controller "App\Controllers\base\Beranda" loaded.
INFO - 2021-09-03 21:50:18 --> Controller "App\Controllers\base\Beranda" loaded.
INFO - 2021-09-03 21:50:19 --> Controller "App\Controllers\base\Beranda" loaded.
INFO - 2021-09-03 21:50:37 --> Controller "App\Controllers\base\Beranda" loaded.
INFO - 2021-09-03 21:50:44 --> Controller "App\Controllers\base\Beranda" loaded.
INFO - 2021-09-03 21:50:55 --> Controller "App\Controllers\base\Beranda" loaded.
INFO - 2021-09-03 21:51:04 --> Controller "App\Controllers\base\Beranda" loaded.
INFO - 2021-09-03 21:51:49 --> Controller "App\Controllers\base\Beranda" loaded.
INFO - 2021-09-03 21:52:26 --> Controller "App\Controllers\base\Beranda" loaded.
INFO - 2021-09-03 21:55:57 --> Controller "App\Controllers\base\Beranda" loaded.
INFO - 2021-09-03 21:55:57 --> Controller "App\Controllers\base\Beranda" loaded.
INFO - 2021-09-03 21:55:59 --> Controller "App\Controllers\base\Beranda" loaded.
INFO - 2021-09-03 21:56:01 --> Controller "App\Controllers\base\Beranda" loaded.
INFO - 2021-09-03 21:56:01 --> Controller "App\Controllers\base\Beranda" loaded.
INFO - 2021-09-03 21:56:04 --> Controller "App\Controllers\base\Beranda" loaded.
INFO - 2021-09-03 21:58:27 --> Controller "App\Controllers\base\Beranda" loaded.
INFO - 2021-09-03 21:58:28 --> Controller "App\Controllers\base\Beranda" loaded.
INFO - 2021-09-03 21:58:43 --> Controller "App\Controllers\base\Beranda" loaded.
INFO - 2021-09-03 21:58:43 --> Controller "App\Controllers\base\Beranda" loaded.
INFO - 2021-09-03 21:58:43 --> Controller "App\Controllers\base\Beranda" loaded.
INFO - 2021-09-03 21:58:43 --> Controller "App\Controllers\base\Beranda" loaded.
INFO - 2021-09-03 21:58:46 --> Controller "App\Controllers\base\Beranda" loaded.
INFO - 2021-09-03 21:59:18 --> Controller "App\Controllers\base\Beranda" loaded.
INFO - 2021-09-03 22:12:58 --> Controller "App\Controllers\base\Beranda" loaded.
INFO - 2021-09-03 22:12:58 --> Controller "App\Controllers\base\Beranda" loaded.
INFO - 2021-09-03 22:13:03 --> Controller "App\Controllers\base\Beranda" loaded.
INFO - 2021-09-03 22:14:14 --> Controller "App\Controllers\base\Beranda" loaded.
INFO - 2021-09-03 22:15:10 --> Controller "App\Controllers\base\Beranda" loaded.
INFO - 2021-09-03 22:15:24 --> Controller "App\Controllers\base\Beranda" loaded.
INFO - 2021-09-03 22:16:08 --> Controller "App\Controllers\base\Beranda" loaded.
INFO - 2021-09-03 22:16:08 --> Controller "App\Controllers\base\Beranda" loaded.
INFO - 2021-09-03 22:16:08 --> Controller "App\Controllers\base\Beranda" loaded.
INFO - 2021-09-03 23:00:33 --> Session: Class initialized using 'CodeIgniter\Session\Handlers\FileHandler' driver.
INFO - 2021-09-03 23:00:33 --> Controller "App\Controllers\undangan\Undangan" loaded.
INFO - 2021-09-03 23:34:20 --> Controller "App\Controllers\base\Beranda" loaded.
INFO - 2021-09-03 23:35:13 --> Session: Class initialized using 'CodeIgniter\Session\Handlers\FileHandler' driver.
INFO - 2021-09-03 23:35:14 --> Controller "App\Controllers\base\Order" loaded.
INFO - 2021-09-03 23:35:14 --> Controller "App\Controllers\base\Beranda" loaded.
INFO - 2021-09-03 23:35:47 --> Controller "App\Controllers\base\Beranda" loaded.
INFO - 2021-09-03 23:39:42 --> Controller "App\Controllers\base\Beranda" loaded.
INFO - 2021-09-03 23:56:12 --> Session: Class initialized using 'CodeIgniter\Session\Handlers\FileHandler' driver.
INFO - 2021-09-03 23:56:12 --> Controller "App\Controllers\undangan\Undangan" loaded.
INFO - 2021-09-03 23:56:20 --> Session: Class initialized using 'CodeIgniter\Session\Handlers\FileHandler' driver.
INFO - 2021-09-03 23:56:20 --> Controller "App\Controllers\bukutamu\Bukutamu" loaded.
INFO - 2021-09-03 23:56:25 --> Session: Class initialized using 'CodeIgniter\Session\Handlers\FileHandler' driver.
INFO - 2021-09-03 23:56:25 --> Controller "App\Controllers\bukutamu\Bukutamu" loaded.
INFO - 2021-09-03 23:57:13 --> Session: Class initialized using 'CodeIgniter\Session\Handlers\FileHandler' driver.
INFO - 2021-09-03 23:57:13 --> Controller "App\Controllers\bukutamu\Bukutamu" loaded.
INFO - 2021-09-03 23:57:20 --> Controller "App\Controllers\base\Beranda" loaded.
INFO - 2021-09-03 23:58:20 --> Session: Class initialized using 'CodeIgniter\Session\Handlers\FileHandler' driver.
INFO - 2021-09-03 23:58:20 --> Controller "App\Controllers\undangan\Undangan" loaded.
INFO - 2021-09-03 23:58:30 --> Session: Class initialized using 'CodeIgniter\Session\Handlers\FileHandler' driver.
INFO - 2021-09-03 23:58:30 --> Controller "App\Controllers\undangan\Undangan" loaded.
INFO - 2021-09-03 23:58:36 --> Session: Class initialized using 'CodeIgniter\Session\Handlers\FileHandler' driver.
INFO - 2021-09-03 23:58:36 --> Controller "App\Controllers\undangan\Undangan" loaded.
INFO - 2021-09-03 23:59:39 --> Controller "App\Controllers\base\Beranda" loaded.
INFO - 2021-09-03 23:59:49 --> Session: Class initialized using 'CodeIgniter\Session\Handlers\FileHandler' driver.
INFO - 2021-09-03 23:59:49 --> Controller "App\Controllers\bukutamu\Bukutamu" loaded.
