INFO - 2022-02-22 00:50:25 --> Controller "App\Controllers\base\Beranda" loaded.
INFO - 2022-02-22 02:34:12 --> Session: Class initialized using 'CodeIgniter\Session\Handlers\FileHandler' driver.
INFO - 2022-02-22 02:34:12 --> Controller "App\Controllers\admin\Admin" loaded.
INFO - 2022-02-22 03:46:05 --> Controller "App\Controllers\base\Beranda" loaded.
INFO - 2022-02-22 03:55:05 --> Controller "App\Controllers\base\Beranda" loaded.
INFO - 2022-02-22 04:03:39 --> Controller "App\Controllers\base\Beranda" loaded.
INFO - 2022-02-22 04:09:01 --> Controller "App\Controllers\base\Beranda" loaded.
INFO - 2022-02-22 04:44:09 --> Controller "App\Controllers\base\Beranda" loaded.
INFO - 2022-02-22 06:34:55 --> Controller "App\Controllers\base\Beranda" loaded.
INFO - 2022-02-22 06:35:03 --> Controller "App\Controllers\base\Beranda" loaded.
INFO - 2022-02-22 06:35:46 --> Controller "App\Controllers\base\Beranda" loaded.
INFO - 2022-02-22 06:35:59 --> Controller "App\Controllers\base\Beranda" loaded.
INFO - 2022-02-22 06:36:05 --> Controller "App\Controllers\base\Beranda" loaded.
INFO - 2022-02-22 06:48:14 --> Controller "App\Controllers\base\Beranda" loaded.
INFO - 2022-02-22 06:48:15 --> Controller "App\Controllers\base\Beranda" loaded.
INFO - 2022-02-22 06:48:15 --> Session: Class initialized using 'CodeIgniter\Session\Handlers\FileHandler' driver.
INFO - 2022-02-22 06:48:15 --> Controller "App\Controllers\bukutamu\Bukutamu" loaded.
INFO - 2022-02-22 06:48:16 --> Session: Class initialized using 'CodeIgniter\Session\Handlers\FileHandler' driver.
INFO - 2022-02-22 06:48:16 --> Controller "App\Controllers\undangan\Undangan" loaded.
INFO - 2022-02-22 06:48:16 --> Controller "App\Controllers\base\Beranda" loaded.
INFO - 2022-02-22 06:48:17 --> Session: Class initialized using 'CodeIgniter\Session\Handlers\FileHandler' driver.
INFO - 2022-02-22 06:48:17 --> Controller "App\Controllers\undangan\Undangan" loaded.
INFO - 2022-02-22 06:48:18 --> Session: Class initialized using 'CodeIgniter\Session\Handlers\FileHandler' driver.
INFO - 2022-02-22 06:48:18 --> Controller "App\Controllers\bukutamu\Bukutamu" loaded.
INFO - 2022-02-22 06:48:19 --> Session: Class initialized using 'CodeIgniter\Session\Handlers\FileHandler' driver.
INFO - 2022-02-22 06:48:19 --> Controller "App\Controllers\bukutamu\Bukutamu" loaded.
INFO - 2022-02-22 06:48:19 --> Session: Class initialized using 'CodeIgniter\Session\Handlers\FileHandler' driver.
INFO - 2022-02-22 06:48:19 --> Controller "App\Controllers\bukutamu\Bukutamu" loaded.
INFO - 2022-02-22 06:48:20 --> Session: Class initialized using 'CodeIgniter\Session\Handlers\FileHandler' driver.
INFO - 2022-02-22 06:48:20 --> Controller "App\Controllers\undangan\Undangan" loaded.
INFO - 2022-02-22 06:48:21 --> Session: Class initialized using 'CodeIgniter\Session\Handlers\FileHandler' driver.
INFO - 2022-02-22 06:48:21 --> Controller "App\Controllers\undangan\Undangan" loaded.
INFO - 2022-02-22 06:48:22 --> Controller "App\Controllers\base\Beranda" loaded.
INFO - 2022-02-22 06:50:39 --> Session: Class initialized using 'CodeIgniter\Session\Handlers\FileHandler' driver.
INFO - 2022-02-22 06:50:39 --> Controller "App\Controllers\undangan\Undangan" loaded.
INFO - 2022-02-22 06:50:41 --> Session: Class initialized using 'CodeIgniter\Session\Handlers\FileHandler' driver.
INFO - 2022-02-22 06:50:41 --> Controller "App\Controllers\bukutamu\Bukutamu" loaded.
INFO - 2022-02-22 07:00:02 --> Controller "App\Controllers\base\Beranda" loaded.
INFO - 2022-02-22 07:06:15 --> Session: Class initialized using 'CodeIgniter\Session\Handlers\FileHandler' driver.
INFO - 2022-02-22 07:06:15 --> Controller "App\Controllers\undangan\Undangan" loaded.
INFO - 2022-02-22 07:10:02 --> Controller "App\Controllers\base\Beranda" loaded.
INFO - 2022-02-22 07:17:15 --> Controller "App\Controllers\base\Beranda" loaded.
INFO - 2022-02-22 07:17:23 --> Controller "App\Controllers\base\Beranda" loaded.
INFO - 2022-02-22 07:17:45 --> Controller "App\Controllers\base\Beranda" loaded.
INFO - 2022-02-22 07:17:50 --> Session: Class initialized using 'CodeIgniter\Session\Handlers\FileHandler' driver.
INFO - 2022-02-22 07:17:50 --> Controller "App\Controllers\base\Order" loaded.
INFO - 2022-02-22 07:17:50 --> Controller "App\Controllers\base\Beranda" loaded.
INFO - 2022-02-22 07:17:58 --> Session: Class initialized using 'CodeIgniter\Session\Handlers\FileHandler' driver.
INFO - 2022-02-22 07:17:58 --> Controller "App\Controllers\base\Order" loaded.
INFO - 2022-02-22 07:17:58 --> Controller "App\Controllers\base\Beranda" loaded.
INFO - 2022-02-22 07:18:03 --> Controller "App\Controllers\base\Beranda" loaded.
INFO - 2022-02-22 07:18:07 --> Controller "App\Controllers\base\Beranda" loaded.
INFO - 2022-02-22 07:18:18 --> Controller "App\Controllers\base\Beranda" loaded.
INFO - 2022-02-22 07:18:44 --> Controller "App\Controllers\base\Beranda" loaded.
INFO - 2022-02-22 07:18:50 --> Controller "App\Controllers\base\Beranda" loaded.
INFO - 2022-02-22 07:19:51 --> Controller "App\Controllers\base\Beranda" loaded.
INFO - 2022-02-22 07:20:02 --> Controller "App\Controllers\base\Beranda" loaded.
INFO - 2022-02-22 07:30:02 --> Controller "App\Controllers\base\Beranda" loaded.
INFO - 2022-02-22 07:40:02 --> Controller "App\Controllers\base\Beranda" loaded.
INFO - 2022-02-22 07:50:02 --> Controller "App\Controllers\base\Beranda" loaded.
INFO - 2022-02-22 08:00:02 --> Controller "App\Controllers\base\Beranda" loaded.
INFO - 2022-02-22 08:10:02 --> Controller "App\Controllers\base\Beranda" loaded.
INFO - 2022-02-22 08:16:39 --> Controller "App\Controllers\base\Beranda" loaded.
INFO - 2022-02-22 08:17:19 --> Controller "App\Controllers\base\Beranda" loaded.
INFO - 2022-02-22 08:20:01 --> Controller "App\Controllers\base\Beranda" loaded.
INFO - 2022-02-22 08:30:02 --> Controller "App\Controllers\base\Beranda" loaded.
INFO - 2022-02-22 08:40:02 --> Controller "App\Controllers\base\Beranda" loaded.
INFO - 2022-02-22 08:50:02 --> Controller "App\Controllers\base\Beranda" loaded.
INFO - 2022-02-22 09:00:02 --> Controller "App\Controllers\base\Beranda" loaded.
INFO - 2022-02-22 09:10:02 --> Controller "App\Controllers\base\Beranda" loaded.
INFO - 2022-02-22 09:20:02 --> Controller "App\Controllers\base\Beranda" loaded.
INFO - 2022-02-22 09:22:54 --> Session: Class initialized using 'CodeIgniter\Session\Handlers\FileHandler' driver.
INFO - 2022-02-22 09:22:54 --> Controller "App\Controllers\admin\Admin" loaded.
INFO - 2022-02-22 09:30:02 --> Controller "App\Controllers\base\Beranda" loaded.
INFO - 2022-02-22 09:40:02 --> Controller "App\Controllers\base\Beranda" loaded.
INFO - 2022-02-22 09:50:02 --> Controller "App\Controllers\base\Beranda" loaded.
INFO - 2022-02-22 09:58:16 --> Session: Class initialized using 'CodeIgniter\Session\Handlers\FileHandler' driver.
INFO - 2022-02-22 09:58:16 --> Controller "App\Controllers\undangan\Undangan" loaded.
INFO - 2022-02-22 10:00:02 --> Controller "App\Controllers\base\Beranda" loaded.
INFO - 2022-02-22 10:10:01 --> Controller "App\Controllers\base\Beranda" loaded.
INFO - 2022-02-22 10:20:02 --> Controller "App\Controllers\base\Beranda" loaded.
INFO - 2022-02-22 10:30:02 --> Controller "App\Controllers\base\Beranda" loaded.
INFO - 2022-02-22 10:40:02 --> Controller "App\Controllers\base\Beranda" loaded.
INFO - 2022-02-22 10:50:02 --> Controller "App\Controllers\base\Beranda" loaded.
INFO - 2022-02-22 10:59:04 --> Session: Class initialized using 'CodeIgniter\Session\Handlers\FileHandler' driver.
INFO - 2022-02-22 10:59:04 --> Controller "App\Controllers\bukutamu\Bukutamu" loaded.
INFO - 2022-02-22 11:00:01 --> Controller "App\Controllers\base\Beranda" loaded.
INFO - 2022-02-22 11:10:01 --> Controller "App\Controllers\base\Beranda" loaded.
INFO - 2022-02-22 11:20:02 --> Controller "App\Controllers\base\Beranda" loaded.
INFO - 2022-02-22 11:30:02 --> Controller "App\Controllers\base\Beranda" loaded.
INFO - 2022-02-22 11:40:02 --> Controller "App\Controllers\base\Beranda" loaded.
INFO - 2022-02-22 11:50:02 --> Controller "App\Controllers\base\Beranda" loaded.
INFO - 2022-02-22 12:00:02 --> Controller "App\Controllers\base\Beranda" loaded.
INFO - 2022-02-22 12:10:02 --> Controller "App\Controllers\base\Beranda" loaded.
INFO - 2022-02-22 12:13:31 --> Session: Class initialized using 'CodeIgniter\Session\Handlers\FileHandler' driver.
INFO - 2022-02-22 12:13:31 --> Controller "App\Controllers\undangan\Undangan" loaded.
INFO - 2022-02-22 12:20:02 --> Controller "App\Controllers\base\Beranda" loaded.
INFO - 2022-02-22 12:30:02 --> Controller "App\Controllers\base\Beranda" loaded.
INFO - 2022-02-22 12:34:52 --> Controller "App\Controllers\base\Beranda" loaded.
INFO - 2022-02-22 12:40:01 --> Controller "App\Controllers\base\Beranda" loaded.
INFO - 2022-02-22 12:50:02 --> Controller "App\Controllers\base\Beranda" loaded.
INFO - 2022-02-22 13:00:01 --> Controller "App\Controllers\base\Beranda" loaded.
INFO - 2022-02-22 13:02:29 --> Controller "App\Controllers\base\Beranda" loaded.
INFO - 2022-02-22 13:10:02 --> Controller "App\Controllers\base\Beranda" loaded.
INFO - 2022-02-22 13:20:02 --> Controller "App\Controllers\base\Beranda" loaded.
INFO - 2022-02-22 13:30:02 --> Controller "App\Controllers\base\Beranda" loaded.
INFO - 2022-02-22 13:40:02 --> Controller "App\Controllers\base\Beranda" loaded.
INFO - 2022-02-22 13:45:55 --> Session: Class initialized using 'CodeIgniter\Session\Handlers\FileHandler' driver.
INFO - 2022-02-22 13:45:55 --> Controller "App\Controllers\base\Dashboard" loaded.
INFO - 2022-02-22 13:46:10 --> Session: Class initialized using 'CodeIgniter\Session\Handlers\FileHandler' driver.
INFO - 2022-02-22 13:46:10 --> Controller "App\Controllers\base\Dashboard" loaded.
INFO - 2022-02-22 13:46:10 --> Session: Class initialized using 'CodeIgniter\Session\Handlers\FileHandler' driver.
INFO - 2022-02-22 13:46:10 --> Controller "App\Controllers\base\Dashboard" loaded.
INFO - 2022-02-22 13:46:16 --> Session: Class initialized using 'CodeIgniter\Session\Handlers\FileHandler' driver.
INFO - 2022-02-22 13:46:16 --> Controller "App\Controllers\base\Dashboard" loaded.
INFO - 2022-02-22 13:46:23 --> Session: Class initialized using 'CodeIgniter\Session\Handlers\FileHandler' driver.
INFO - 2022-02-22 13:46:23 --> Controller "App\Controllers\base\Dashboard" loaded.
INFO - 2022-02-22 13:46:40 --> Controller "App\Controllers\base\Beranda" loaded.
INFO - 2022-02-22 13:46:50 --> Session: Class initialized using 'CodeIgniter\Session\Handlers\FileHandler' driver.
INFO - 2022-02-22 13:46:50 --> Controller "App\Controllers\base\Dashboard" loaded.
INFO - 2022-02-22 13:46:50 --> Session: Class initialized using 'CodeIgniter\Session\Handlers\FileHandler' driver.
INFO - 2022-02-22 13:46:50 --> Controller "App\Controllers\base\Dashboard" loaded.
INFO - 2022-02-22 13:47:31 --> Session: Class initialized using 'CodeIgniter\Session\Handlers\FileHandler' driver.
INFO - 2022-02-22 13:47:31 --> Controller "App\Controllers\base\Dashboard" loaded.
INFO - 2022-02-22 13:47:37 --> Session: Class initialized using 'CodeIgniter\Session\Handlers\FileHandler' driver.
INFO - 2022-02-22 13:47:37 --> Controller "App\Controllers\base\Dashboard" loaded.
INFO - 2022-02-22 13:49:29 --> Session: Class initialized using 'CodeIgniter\Session\Handlers\FileHandler' driver.
INFO - 2022-02-22 13:49:29 --> Controller "App\Controllers\base\Dashboard" loaded.
INFO - 2022-02-22 13:50:02 --> Controller "App\Controllers\base\Beranda" loaded.
INFO - 2022-02-22 13:52:35 --> Controller "App\Controllers\base\Beranda" loaded.
CRITICAL - 2022-02-22 13:59:21 --> Cannot redeclare App\Controllers\base\Beranda::cek_wa()
#0 [internal function]: CodeIgniter\Debug\Exceptions->shutdownHandler()
#1 {main}
INFO - 2022-02-22 13:59:34 --> Controller "App\Controllers\base\Beranda" loaded.
INFO - 2022-02-22 13:59:38 --> Controller "App\Controllers\base\Beranda" loaded.
INFO - 2022-02-22 14:00:01 --> Controller "App\Controllers\base\Beranda" loaded.
INFO - 2022-02-22 14:00:46 --> Controller "App\Controllers\base\Beranda" loaded.
INFO - 2022-02-22 14:00:49 --> Controller "App\Controllers\base\Beranda" loaded.
INFO - 2022-02-22 14:01:15 --> Controller "App\Controllers\base\Beranda" loaded.
INFO - 2022-02-22 14:01:17 --> Controller "App\Controllers\base\Beranda" loaded.
INFO - 2022-02-22 14:01:29 --> Controller "App\Controllers\base\Beranda" loaded.
INFO - 2022-02-22 14:01:31 --> Controller "App\Controllers\base\Beranda" loaded.
INFO - 2022-02-22 14:01:59 --> Controller "App\Controllers\base\Beranda" loaded.
INFO - 2022-02-22 14:02:02 --> Controller "App\Controllers\base\Beranda" loaded.
INFO - 2022-02-22 14:03:43 --> Controller "App\Controllers\base\Beranda" loaded.
INFO - 2022-02-22 14:03:47 --> Controller "App\Controllers\base\Beranda" loaded.
INFO - 2022-02-22 14:03:48 --> Controller "App\Controllers\base\Beranda" loaded.
INFO - 2022-02-22 14:04:22 --> Controller "App\Controllers\base\Beranda" loaded.
INFO - 2022-02-22 14:04:24 --> Controller "App\Controllers\base\Beranda" loaded.
INFO - 2022-02-22 14:05:02 --> Controller "App\Controllers\base\Beranda" loaded.
INFO - 2022-02-22 14:05:42 --> Controller "App\Controllers\base\Beranda" loaded.
INFO - 2022-02-22 14:05:44 --> Controller "App\Controllers\base\Beranda" loaded.
INFO - 2022-02-22 14:07:06 --> Controller "App\Controllers\base\Beranda" loaded.
INFO - 2022-02-22 14:07:08 --> Controller "App\Controllers\base\Beranda" loaded.
INFO - 2022-02-22 14:10:02 --> Controller "App\Controllers\base\Beranda" loaded.
INFO - 2022-02-22 14:10:55 --> Controller "App\Controllers\base\Beranda" loaded.
INFO - 2022-02-22 14:13:14 --> Controller "App\Controllers\base\Beranda" loaded.
INFO - 2022-02-22 14:16:43 --> Controller "App\Controllers\base\Beranda" loaded.
INFO - 2022-02-22 14:20:02 --> Controller "App\Controllers\base\Beranda" loaded.
INFO - 2022-02-22 14:21:46 --> Controller "App\Controllers\base\Beranda" loaded.
INFO - 2022-02-22 14:21:57 --> Controller "App\Controllers\base\Beranda" loaded.
CRITICAL - 2022-02-22 14:24:25 --> Class 'App\Controllers\base\Error' not found
#0 /home/ngua4317/public_html/system/CodeIgniter.php(945): CodeIgniter\CodeIgniter->createController()
#1 /home/ngua4317/public_html/system/CodeIgniter.php(322): CodeIgniter\CodeIgniter->display404errors(Object(CodeIgniter\Exceptions\PageNotFoundException))
#2 /home/ngua4317/public_html/index.php(45): CodeIgniter\CodeIgniter->run()
#3 {main}
INFO - 2022-02-22 14:28:54 --> Controller "App\Controllers\base\Beranda" loaded.
INFO - 2022-02-22 14:30:02 --> Controller "App\Controllers\base\Beranda" loaded.
CRITICAL - 2022-02-22 14:30:42 --> Class 'App\Controller\base\Beranda' not found
#0 /home/ngua4317/public_html/system/CodeIgniter.php(945): CodeIgniter\CodeIgniter->createController()
#1 /home/ngua4317/public_html/system/CodeIgniter.php(322): CodeIgniter\CodeIgniter->display404errors(Object(CodeIgniter\Exceptions\PageNotFoundException))
#2 /home/ngua4317/public_html/index.php(45): CodeIgniter\CodeIgniter->run()
#3 {main}
INFO - 2022-02-22 14:31:19 --> Controller "App\Controllers\base\Beranda" loaded.
INFO - 2022-02-22 14:33:23 --> Controller "App\Controllers\base\Beranda" loaded.
CRITICAL - 2022-02-22 14:33:23 --> Undefined variable: setting
#0 /home/ngua4317/public_html/app/Views/base/beranda/layout.php(174): CodeIgniter\Debug\Exceptions->errorHandler(8, 'Undefined varia...', '/home/ngua4317/...', 174, Array)
#1 /home/ngua4317/public_html/system/View/View.php(236): include('/home/ngua4317/...')
#2 /home/ngua4317/public_html/system/Common.php(1071): CodeIgniter\View\View->render('base/beranda/er...', Array, true)
#3 /home/ngua4317/public_html/app/Controllers/base/Beranda.php(190): view('base/beranda/la...', Array)
#4 /home/ngua4317/public_html/system/CodeIgniter.php(910): App\Controllers\base\Beranda->error404()
#5 /home/ngua4317/public_html/system/CodeIgniter.php(946): CodeIgniter\CodeIgniter->runController(Object(App\Controllers\base\Beranda))
#6 /home/ngua4317/public_html/system/CodeIgniter.php(322): CodeIgniter\CodeIgniter->display404errors(Object(CodeIgniter\Exceptions\PageNotFoundException))
#7 /home/ngua4317/public_html/index.php(45): CodeIgniter\CodeIgniter->run()
#8 {main}
INFO - 2022-02-22 14:33:31 --> Controller "App\Controllers\base\Beranda" loaded.
CRITICAL - 2022-02-22 14:33:31 --> Undefined variable: setting
#0 /home/ngua4317/public_html/app/Views/base/beranda/layout.php(174): CodeIgniter\Debug\Exceptions->errorHandler(8, 'Undefined varia...', '/home/ngua4317/...', 174, Array)
#1 /home/ngua4317/public_html/system/View/View.php(236): include('/home/ngua4317/...')
#2 /home/ngua4317/public_html/system/Common.php(1071): CodeIgniter\View\View->render('base/beranda/er...', Array, true)
#3 /home/ngua4317/public_html/app/Controllers/base/Beranda.php(190): view('base/beranda/la...', Array)
#4 /home/ngua4317/public_html/system/CodeIgniter.php(910): App\Controllers\base\Beranda->error404()
#5 /home/ngua4317/public_html/system/CodeIgniter.php(946): CodeIgniter\CodeIgniter->runController(Object(App\Controllers\base\Beranda))
#6 /home/ngua4317/public_html/system/CodeIgniter.php(322): CodeIgniter\CodeIgniter->display404errors(Object(CodeIgniter\Exceptions\PageNotFoundException))
#7 /home/ngua4317/public_html/index.php(45): CodeIgniter\CodeIgniter->run()
#8 {main}
INFO - 2022-02-22 14:34:42 --> Controller "App\Controllers\base\Beranda" loaded.
CRITICAL - 2022-02-22 14:34:42 --> Undefined constant 'App\Controllers\base\App\Models\base\BerandaModel'
#0 /home/ngua4317/public_html/system/CodeIgniter.php(910): App\Controllers\base\Beranda->error404()
#1 /home/ngua4317/public_html/system/CodeIgniter.php(946): CodeIgniter\CodeIgniter->runController(Object(App\Controllers\base\Beranda))
#2 /home/ngua4317/public_html/system/CodeIgniter.php(322): CodeIgniter\CodeIgniter->display404errors(Object(CodeIgniter\Exceptions\PageNotFoundException))
#3 /home/ngua4317/public_html/index.php(45): CodeIgniter\CodeIgniter->run()
#4 {main}
INFO - 2022-02-22 14:34:44 --> Controller "App\Controllers\base\Beranda" loaded.
CRITICAL - 2022-02-22 14:34:44 --> Undefined constant 'App\Controllers\base\App\Models\base\BerandaModel'
#0 /home/ngua4317/public_html/system/CodeIgniter.php(910): App\Controllers\base\Beranda->error404()
#1 /home/ngua4317/public_html/system/CodeIgniter.php(946): CodeIgniter\CodeIgniter->runController(Object(App\Controllers\base\Beranda))
#2 /home/ngua4317/public_html/system/CodeIgniter.php(322): CodeIgniter\CodeIgniter->display404errors(Object(CodeIgniter\Exceptions\PageNotFoundException))
#3 /home/ngua4317/public_html/index.php(45): CodeIgniter\CodeIgniter->run()
#4 {main}
INFO - 2022-02-22 14:35:01 --> Controller "App\Controllers\base\Beranda" loaded.
CRITICAL - 2022-02-22 14:35:01 --> Undefined constant 'App\Models\base\BerandaModel'
#0 /home/ngua4317/public_html/system/CodeIgniter.php(910): App\Controllers\base\Beranda->error404()
#1 /home/ngua4317/public_html/system/CodeIgniter.php(946): CodeIgniter\CodeIgniter->runController(Object(App\Controllers\base\Beranda))
#2 /home/ngua4317/public_html/system/CodeIgniter.php(322): CodeIgniter\CodeIgniter->display404errors(Object(CodeIgniter\Exceptions\PageNotFoundException))
#3 /home/ngua4317/public_html/index.php(45): CodeIgniter\CodeIgniter->run()
#4 {main}
INFO - 2022-02-22 14:36:52 --> Controller "App\Controllers\base\Beranda" loaded.
INFO - 2022-02-22 14:36:57 --> Controller "App\Controllers\base\Beranda" loaded.
INFO - 2022-02-22 14:37:00 --> Controller "App\Controllers\base\Beranda" loaded.
INFO - 2022-02-22 14:37:01 --> Controller "App\Controllers\base\Beranda" loaded.
INFO - 2022-02-22 14:37:01 --> Controller "App\Controllers\base\Beranda" loaded.
INFO - 2022-02-22 14:37:02 --> Controller "App\Controllers\base\Beranda" loaded.
INFO - 2022-02-22 14:37:02 --> Controller "App\Controllers\base\Beranda" loaded.
INFO - 2022-02-22 14:40:02 --> Controller "App\Controllers\base\Beranda" loaded.
INFO - 2022-02-22 14:47:13 --> Controller "App\Controllers\base\Beranda" loaded.
INFO - 2022-02-22 14:47:24 --> Controller "App\Controllers\base\Beranda" loaded.
INFO - 2022-02-22 14:47:41 --> Controller "App\Controllers\base\Beranda" loaded.
INFO - 2022-02-22 14:47:54 --> Controller "App\Controllers\base\Beranda" loaded.
INFO - 2022-02-22 14:48:14 --> Controller "App\Controllers\base\Beranda" loaded.
INFO - 2022-02-22 14:48:36 --> Session: Class initialized using 'CodeIgniter\Session\Handlers\FileHandler' driver.
INFO - 2022-02-22 14:48:36 --> Controller "App\Controllers\admin\Admin" loaded.
INFO - 2022-02-22 14:48:50 --> Session: Class initialized using 'CodeIgniter\Session\Handlers\FileHandler' driver.
INFO - 2022-02-22 14:48:50 --> Controller "App\Controllers\admin\Admin" loaded.
INFO - 2022-02-22 14:48:50 --> Session: Class initialized using 'CodeIgniter\Session\Handlers\FileHandler' driver.
INFO - 2022-02-22 14:48:50 --> Controller "App\Controllers\admin\Admin" loaded.
INFO - 2022-02-22 14:49:23 --> Session: Class initialized using 'CodeIgniter\Session\Handlers\FileHandler' driver.
INFO - 2022-02-22 14:49:23 --> Controller "App\Controllers\admin\Admin" loaded.
INFO - 2022-02-22 14:49:23 --> Session: Class initialized using 'CodeIgniter\Session\Handlers\FileHandler' driver.
INFO - 2022-02-22 14:49:23 --> Controller "App\Controllers\admin\Admin" loaded.
INFO - 2022-02-22 14:49:31 --> Session: Class initialized using 'CodeIgniter\Session\Handlers\FileHandler' driver.
INFO - 2022-02-22 14:49:31 --> Controller "App\Controllers\admin\Admin" loaded.
INFO - 2022-02-22 14:49:33 --> Session: Class initialized using 'CodeIgniter\Session\Handlers\FileHandler' driver.
INFO - 2022-02-22 14:49:33 --> Controller "App\Controllers\admin\Admin" loaded.
INFO - 2022-02-22 14:49:38 --> Controller "App\Controllers\base\Beranda" loaded.
INFO - 2022-02-22 14:49:47 --> Controller "App\Controllers\base\Beranda" loaded.
INFO - 2022-02-22 14:50:01 --> Controller "App\Controllers\base\Beranda" loaded.
INFO - 2022-02-22 15:00:02 --> Controller "App\Controllers\base\Beranda" loaded.
INFO - 2022-02-22 15:00:30 --> Controller "App\Controllers\base\Beranda" loaded.
INFO - 2022-02-22 15:00:31 --> Controller "App\Controllers\base\Beranda" loaded.
INFO - 2022-02-22 15:00:32 --> Controller "App\Controllers\base\Beranda" loaded.
INFO - 2022-02-22 15:00:32 --> Controller "App\Controllers\base\Beranda" loaded.
INFO - 2022-02-22 15:00:47 --> Controller "App\Controllers\base\Beranda" loaded.
INFO - 2022-02-22 15:00:50 --> Session: Class initialized using 'CodeIgniter\Session\Handlers\FileHandler' driver.
INFO - 2022-02-22 15:00:50 --> Controller "App\Controllers\base\Order" loaded.
INFO - 2022-02-22 15:01:05 --> Session: Class initialized using 'CodeIgniter\Session\Handlers\FileHandler' driver.
INFO - 2022-02-22 15:01:05 --> Controller "App\Controllers\base\Order" loaded.
INFO - 2022-02-22 15:01:07 --> Session: Class initialized using 'CodeIgniter\Session\Handlers\FileHandler' driver.
INFO - 2022-02-22 15:01:07 --> Controller "App\Controllers\base\Order" loaded.
INFO - 2022-02-22 15:01:09 --> Session: Class initialized using 'CodeIgniter\Session\Handlers\FileHandler' driver.
INFO - 2022-02-22 15:01:09 --> Controller "App\Controllers\base\Order" loaded.
INFO - 2022-02-22 15:01:10 --> Session: Class initialized using 'CodeIgniter\Session\Handlers\FileHandler' driver.
INFO - 2022-02-22 15:01:10 --> Controller "App\Controllers\base\Order" loaded.
INFO - 2022-02-22 15:01:11 --> Controller "App\Controllers\base\Beranda" loaded.
INFO - 2022-02-22 15:01:12 --> Session: Class initialized using 'CodeIgniter\Session\Handlers\FileHandler' driver.
INFO - 2022-02-22 15:01:12 --> Controller "App\Controllers\base\Order" loaded.
INFO - 2022-02-22 15:01:13 --> Session: Class initialized using 'CodeIgniter\Session\Handlers\FileHandler' driver.
INFO - 2022-02-22 15:01:13 --> Controller "App\Controllers\base\Order" loaded.
INFO - 2022-02-22 15:01:13 --> Session: Class initialized using 'CodeIgniter\Session\Handlers\FileHandler' driver.
INFO - 2022-02-22 15:01:13 --> Controller "App\Controllers\base\Order" loaded.
INFO - 2022-02-22 15:01:15 --> Controller "App\Controllers\base\Beranda" loaded.
INFO - 2022-02-22 15:01:17 --> Controller "App\Controllers\base\Beranda" loaded.
INFO - 2022-02-22 15:01:29 --> Controller "App\Controllers\base\Beranda" loaded.
INFO - 2022-02-22 15:01:34 --> Controller "App\Controllers\base\Beranda" loaded.
CRITICAL - 2022-02-22 15:01:34 --> Trying to get property 'no_wa' of non-object
#0 /home/ngua4317/public_html/app/Views/base/beranda/layout.php(174): CodeIgniter\Debug\Exceptions->errorHandler(8, 'Trying to get p...', '/home/ngua4317/...', 174, Array)
#1 /home/ngua4317/public_html/system/View/View.php(236): include('/home/ngua4317/...')
#2 /home/ngua4317/public_html/system/Common.php(1071): CodeIgniter\View\View->render('base/beranda/er...', Array, true)
#3 /home/ngua4317/public_html/app/Controllers/base/Beranda.php(192): view('base/beranda/la...', Array)
#4 /home/ngua4317/public_html/system/CodeIgniter.php(910): App\Controllers\base\Beranda->error404()
#5 /home/ngua4317/public_html/system/CodeIgniter.php(946): CodeIgniter\CodeIgniter->runController(Object(App\Controllers\base\Beranda))
#6 /home/ngua4317/public_html/system/CodeIgniter.php(322): CodeIgniter\CodeIgniter->display404errors(Object(CodeIgniter\Exceptions\PageNotFoundException))
#7 /home/ngua4317/public_html/index.php(45): CodeIgniter\CodeIgniter->run()
#8 {main}
INFO - 2022-02-22 15:01:55 --> Controller "App\Controllers\base\Beranda" loaded.
INFO - 2022-02-22 15:02:19 --> Controller "App\Controllers\base\Beranda" loaded.
CRITICAL - 2022-02-22 15:02:19 --> Trying to access array offset on value of type null
#0 /home/ngua4317/public_html/app/Views/base/beranda/layout.php(174): CodeIgniter\Debug\Exceptions->errorHandler(8, 'Trying to acces...', '/home/ngua4317/...', 174, Array)
#1 /home/ngua4317/public_html/system/View/View.php(236): include('/home/ngua4317/...')
#2 /home/ngua4317/public_html/system/Common.php(1071): CodeIgniter\View\View->render('base/beranda/er...', Array, true)
#3 /home/ngua4317/public_html/app/Controllers/base/Beranda.php(192): view('base/beranda/la...', Array)
#4 /home/ngua4317/public_html/system/CodeIgniter.php(910): App\Controllers\base\Beranda->error404()
#5 /home/ngua4317/public_html/system/CodeIgniter.php(946): CodeIgniter\CodeIgniter->runController(Object(App\Controllers\base\Beranda))
#6 /home/ngua4317/public_html/system/CodeIgniter.php(322): CodeIgniter\CodeIgniter->display404errors(Object(CodeIgniter\Exceptions\PageNotFoundException))
#7 /home/ngua4317/public_html/index.php(45): CodeIgniter\CodeIgniter->run()
#8 {main}
INFO - 2022-02-22 15:02:21 --> Controller "App\Controllers\base\Beranda" loaded.
CRITICAL - 2022-02-22 15:02:21 --> Trying to access array offset on value of type null
#0 /home/ngua4317/public_html/app/Views/base/beranda/layout.php(174): CodeIgniter\Debug\Exceptions->errorHandler(8, 'Trying to acces...', '/home/ngua4317/...', 174, Array)
#1 /home/ngua4317/public_html/system/View/View.php(236): include('/home/ngua4317/...')
#2 /home/ngua4317/public_html/system/Common.php(1071): CodeIgniter\View\View->render('base/beranda/er...', Array, true)
#3 /home/ngua4317/public_html/app/Controllers/base/Beranda.php(192): view('base/beranda/la...', Array)
#4 /home/ngua4317/public_html/system/CodeIgniter.php(910): App\Controllers\base\Beranda->error404()
#5 /home/ngua4317/public_html/system/CodeIgniter.php(946): CodeIgniter\CodeIgniter->runController(Object(App\Controllers\base\Beranda))
#6 /home/ngua4317/public_html/system/CodeIgniter.php(322): CodeIgniter\CodeIgniter->display404errors(Object(CodeIgniter\Exceptions\PageNotFoundException))
#7 /home/ngua4317/public_html/index.php(45): CodeIgniter\CodeIgniter->run()
#8 {main}
INFO - 2022-02-22 15:02:22 --> Controller "App\Controllers\base\Beranda" loaded.
CRITICAL - 2022-02-22 15:02:22 --> Trying to access array offset on value of type null
#0 /home/ngua4317/public_html/app/Views/base/beranda/layout.php(174): CodeIgniter\Debug\Exceptions->errorHandler(8, 'Trying to acces...', '/home/ngua4317/...', 174, Array)
#1 /home/ngua4317/public_html/system/View/View.php(236): include('/home/ngua4317/...')
#2 /home/ngua4317/public_html/system/Common.php(1071): CodeIgniter\View\View->render('base/beranda/er...', Array, true)
#3 /home/ngua4317/public_html/app/Controllers/base/Beranda.php(192): view('base/beranda/la...', Array)
#4 /home/ngua4317/public_html/system/CodeIgniter.php(910): App\Controllers\base\Beranda->error404()
#5 /home/ngua4317/public_html/system/CodeIgniter.php(946): CodeIgniter\CodeIgniter->runController(Object(App\Controllers\base\Beranda))
#6 /home/ngua4317/public_html/system/CodeIgniter.php(322): CodeIgniter\CodeIgniter->display404errors(Object(CodeIgniter\Exceptions\PageNotFoundException))
#7 /home/ngua4317/public_html/index.php(45): CodeIgniter\CodeIgniter->run()
#8 {main}
INFO - 2022-02-22 15:02:22 --> Controller "App\Controllers\base\Beranda" loaded.
CRITICAL - 2022-02-22 15:02:22 --> Trying to access array offset on value of type null
#0 /home/ngua4317/public_html/app/Views/base/beranda/layout.php(174): CodeIgniter\Debug\Exceptions->errorHandler(8, 'Trying to acces...', '/home/ngua4317/...', 174, Array)
#1 /home/ngua4317/public_html/system/View/View.php(236): include('/home/ngua4317/...')
#2 /home/ngua4317/public_html/system/Common.php(1071): CodeIgniter\View\View->render('base/beranda/er...', Array, true)
#3 /home/ngua4317/public_html/app/Controllers/base/Beranda.php(192): view('base/beranda/la...', Array)
#4 /home/ngua4317/public_html/system/CodeIgniter.php(910): App\Controllers\base\Beranda->error404()
#5 /home/ngua4317/public_html/system/CodeIgniter.php(946): CodeIgniter\CodeIgniter->runController(Object(App\Controllers\base\Beranda))
#6 /home/ngua4317/public_html/system/CodeIgniter.php(322): CodeIgniter\CodeIgniter->display404errors(Object(CodeIgniter\Exceptions\PageNotFoundException))
#7 /home/ngua4317/public_html/index.php(45): CodeIgniter\CodeIgniter->run()
#8 {main}
INFO - 2022-02-22 15:02:23 --> Controller "App\Controllers\base\Beranda" loaded.
CRITICAL - 2022-02-22 15:02:23 --> Trying to access array offset on value of type null
#0 /home/ngua4317/public_html/app/Views/base/beranda/layout.php(174): CodeIgniter\Debug\Exceptions->errorHandler(8, 'Trying to acces...', '/home/ngua4317/...', 174, Array)
#1 /home/ngua4317/public_html/system/View/View.php(236): include('/home/ngua4317/...')
#2 /home/ngua4317/public_html/system/Common.php(1071): CodeIgniter\View\View->render('base/beranda/er...', Array, true)
#3 /home/ngua4317/public_html/app/Controllers/base/Beranda.php(192): view('base/beranda/la...', Array)
#4 /home/ngua4317/public_html/system/CodeIgniter.php(910): App\Controllers\base\Beranda->error404()
#5 /home/ngua4317/public_html/system/CodeIgniter.php(946): CodeIgniter\CodeIgniter->runController(Object(App\Controllers\base\Beranda))
#6 /home/ngua4317/public_html/system/CodeIgniter.php(322): CodeIgniter\CodeIgniter->display404errors(Object(CodeIgniter\Exceptions\PageNotFoundException))
#7 /home/ngua4317/public_html/index.php(45): CodeIgniter\CodeIgniter->run()
#8 {main}
INFO - 2022-02-22 15:02:39 --> Controller "App\Controllers\base\Beranda" loaded.
CRITICAL - 2022-02-22 15:02:39 --> Cannot use object of type CodeIgniter\Database\MySQLi\Result as array
#0 /home/ngua4317/public_html/system/View/View.php(236): include()
#1 /home/ngua4317/public_html/system/Common.php(1071): CodeIgniter\View\View->render('base/beranda/er...', Array, true)
#2 /home/ngua4317/public_html/app/Controllers/base/Beranda.php(192): view('base/beranda/la...', Array)
#3 /home/ngua4317/public_html/system/CodeIgniter.php(910): App\Controllers\base\Beranda->error404()
#4 /home/ngua4317/public_html/system/CodeIgniter.php(946): CodeIgniter\CodeIgniter->runController(Object(App\Controllers\base\Beranda))
#5 /home/ngua4317/public_html/system/CodeIgniter.php(322): CodeIgniter\CodeIgniter->display404errors(Object(CodeIgniter\Exceptions\PageNotFoundException))
#6 /home/ngua4317/public_html/index.php(45): CodeIgniter\CodeIgniter->run()
#7 {main}
INFO - 2022-02-22 15:02:41 --> Controller "App\Controllers\base\Beranda" loaded.
CRITICAL - 2022-02-22 15:02:41 --> Cannot use object of type CodeIgniter\Database\MySQLi\Result as array
#0 /home/ngua4317/public_html/system/View/View.php(236): include()
#1 /home/ngua4317/public_html/system/Common.php(1071): CodeIgniter\View\View->render('base/beranda/er...', Array, true)
#2 /home/ngua4317/public_html/app/Controllers/base/Beranda.php(192): view('base/beranda/la...', Array)
#3 /home/ngua4317/public_html/system/CodeIgniter.php(910): App\Controllers\base\Beranda->error404()
#4 /home/ngua4317/public_html/system/CodeIgniter.php(946): CodeIgniter\CodeIgniter->runController(Object(App\Controllers\base\Beranda))
#5 /home/ngua4317/public_html/system/CodeIgniter.php(322): CodeIgniter\CodeIgniter->display404errors(Object(CodeIgniter\Exceptions\PageNotFoundException))
#6 /home/ngua4317/public_html/index.php(45): CodeIgniter\CodeIgniter->run()
#7 {main}
INFO - 2022-02-22 15:02:41 --> Controller "App\Controllers\base\Beranda" loaded.
CRITICAL - 2022-02-22 15:02:41 --> Cannot use object of type CodeIgniter\Database\MySQLi\Result as array
#0 /home/ngua4317/public_html/system/View/View.php(236): include()
#1 /home/ngua4317/public_html/system/Common.php(1071): CodeIgniter\View\View->render('base/beranda/er...', Array, true)
#2 /home/ngua4317/public_html/app/Controllers/base/Beranda.php(192): view('base/beranda/la...', Array)
#3 /home/ngua4317/public_html/system/CodeIgniter.php(910): App\Controllers\base\Beranda->error404()
#4 /home/ngua4317/public_html/system/CodeIgniter.php(946): CodeIgniter\CodeIgniter->runController(Object(App\Controllers\base\Beranda))
#5 /home/ngua4317/public_html/system/CodeIgniter.php(322): CodeIgniter\CodeIgniter->display404errors(Object(CodeIgniter\Exceptions\PageNotFoundException))
#6 /home/ngua4317/public_html/index.php(45): CodeIgniter\CodeIgniter->run()
#7 {main}
INFO - 2022-02-22 15:02:42 --> Controller "App\Controllers\base\Beranda" loaded.
CRITICAL - 2022-02-22 15:02:42 --> Cannot use object of type CodeIgniter\Database\MySQLi\Result as array
#0 /home/ngua4317/public_html/system/View/View.php(236): include()
#1 /home/ngua4317/public_html/system/Common.php(1071): CodeIgniter\View\View->render('base/beranda/er...', Array, true)
#2 /home/ngua4317/public_html/app/Controllers/base/Beranda.php(192): view('base/beranda/la...', Array)
#3 /home/ngua4317/public_html/system/CodeIgniter.php(910): App\Controllers\base\Beranda->error404()
#4 /home/ngua4317/public_html/system/CodeIgniter.php(946): CodeIgniter\CodeIgniter->runController(Object(App\Controllers\base\Beranda))
#5 /home/ngua4317/public_html/system/CodeIgniter.php(322): CodeIgniter\CodeIgniter->display404errors(Object(CodeIgniter\Exceptions\PageNotFoundException))
#6 /home/ngua4317/public_html/index.php(45): CodeIgniter\CodeIgniter->run()
#7 {main}
INFO - 2022-02-22 15:04:21 --> Controller "App\Controllers\base\Beranda" loaded.
INFO - 2022-02-22 15:04:24 --> Controller "App\Controllers\base\Beranda" loaded.
INFO - 2022-02-22 15:06:17 --> Controller "App\Controllers\base\Beranda" loaded.
INFO - 2022-02-22 15:06:21 --> Controller "App\Controllers\base\Beranda" loaded.
INFO - 2022-02-22 15:06:43 --> Controller "App\Controllers\base\Beranda" loaded.
INFO - 2022-02-22 15:10:02 --> Controller "App\Controllers\base\Beranda" loaded.
INFO - 2022-02-22 15:12:13 --> Session: Class initialized using 'CodeIgniter\Session\Handlers\FileHandler' driver.
INFO - 2022-02-22 15:12:13 --> Controller "App\Controllers\base\Dashboard" loaded.
INFO - 2022-02-22 15:12:55 --> Controller "App\Controllers\base\Beranda" loaded.
INFO - 2022-02-22 15:15:16 --> Controller "App\Controllers\base\Beranda" loaded.
INFO - 2022-02-22 15:17:31 --> Controller "App\Controllers\base\Beranda" loaded.
INFO - 2022-02-22 15:20:02 --> Controller "App\Controllers\base\Beranda" loaded.
INFO - 2022-02-22 15:30:02 --> Controller "App\Controllers\base\Beranda" loaded.
INFO - 2022-02-22 15:40:02 --> Controller "App\Controllers\base\Beranda" loaded.
INFO - 2022-02-22 15:41:48 --> Controller "App\Controllers\base\Beranda" loaded.
INFO - 2022-02-22 15:50:02 --> Controller "App\Controllers\base\Beranda" loaded.
INFO - 2022-02-22 15:52:28 --> Controller "App\Controllers\base\Beranda" loaded.
INFO - 2022-02-22 15:52:41 --> Controller "App\Controllers\base\Beranda" loaded.
INFO - 2022-02-22 16:00:02 --> Controller "App\Controllers\base\Beranda" loaded.
INFO - 2022-02-22 16:10:02 --> Controller "App\Controllers\base\Beranda" loaded.
INFO - 2022-02-22 16:19:14 --> Controller "App\Controllers\base\Beranda" loaded.
INFO - 2022-02-22 16:20:02 --> Controller "App\Controllers\base\Beranda" loaded.
INFO - 2022-02-22 16:30:02 --> Controller "App\Controllers\base\Beranda" loaded.
INFO - 2022-02-22 16:33:44 --> Controller "App\Controllers\base\Beranda" loaded.
INFO - 2022-02-22 16:40:02 --> Controller "App\Controllers\base\Beranda" loaded.
INFO - 2022-02-22 16:50:02 --> Controller "App\Controllers\base\Beranda" loaded.
INFO - 2022-02-22 17:00:02 --> Controller "App\Controllers\base\Beranda" loaded.
INFO - 2022-02-22 17:00:29 --> Session: Class initialized using 'CodeIgniter\Session\Handlers\FileHandler' driver.
INFO - 2022-02-22 17:00:29 --> Controller "App\Controllers\admin\Admin" loaded.
INFO - 2022-02-22 17:01:13 --> Session: Class initialized using 'CodeIgniter\Session\Handlers\FileHandler' driver.
INFO - 2022-02-22 17:01:13 --> Controller "App\Controllers\undangan\Undangan" loaded.
INFO - 2022-02-22 17:01:23 --> Session: Class initialized using 'CodeIgniter\Session\Handlers\FileHandler' driver.
INFO - 2022-02-22 17:01:23 --> Controller "App\Controllers\bukutamu\Bukutamu" loaded.
INFO - 2022-02-22 17:10:01 --> Controller "App\Controllers\base\Beranda" loaded.
INFO - 2022-02-22 17:11:15 --> Controller "App\Controllers\base\Beranda" loaded.
INFO - 2022-02-22 17:20:01 --> Controller "App\Controllers\base\Beranda" loaded.
INFO - 2022-02-22 17:30:02 --> Controller "App\Controllers\base\Beranda" loaded.
INFO - 2022-02-22 17:40:02 --> Controller "App\Controllers\base\Beranda" loaded.
INFO - 2022-02-22 17:40:32 --> Controller "App\Controllers\base\Beranda" loaded.
INFO - 2022-02-22 17:50:02 --> Controller "App\Controllers\base\Beranda" loaded.
INFO - 2022-02-22 18:00:02 --> Controller "App\Controllers\base\Beranda" loaded.
INFO - 2022-02-22 18:04:40 --> Controller "App\Controllers\base\Beranda" loaded.
INFO - 2022-02-22 18:10:02 --> Controller "App\Controllers\base\Beranda" loaded.
INFO - 2022-02-22 18:20:02 --> Controller "App\Controllers\base\Beranda" loaded.
INFO - 2022-02-22 18:21:19 --> Controller "App\Controllers\base\Beranda" loaded.
INFO - 2022-02-22 18:30:02 --> Controller "App\Controllers\base\Beranda" loaded.
INFO - 2022-02-22 18:40:02 --> Controller "App\Controllers\base\Beranda" loaded.
INFO - 2022-02-22 18:50:02 --> Controller "App\Controllers\base\Beranda" loaded.
INFO - 2022-02-22 19:00:02 --> Controller "App\Controllers\base\Beranda" loaded.
INFO - 2022-02-22 19:10:02 --> Controller "App\Controllers\base\Beranda" loaded.
INFO - 2022-02-22 19:20:02 --> Controller "App\Controllers\base\Beranda" loaded.
INFO - 2022-02-22 19:20:52 --> Controller "App\Controllers\base\Beranda" loaded.
INFO - 2022-02-22 19:21:19 --> Controller "App\Controllers\base\Beranda" loaded.
INFO - 2022-02-22 19:21:53 --> Controller "App\Controllers\base\Beranda" loaded.
INFO - 2022-02-22 19:22:13 --> Controller "App\Controllers\base\Beranda" loaded.
INFO - 2022-02-22 19:22:21 --> Controller "App\Controllers\base\Beranda" loaded.
INFO - 2022-02-22 19:22:29 --> Controller "App\Controllers\base\Beranda" loaded.
INFO - 2022-02-22 19:22:35 --> Controller "App\Controllers\base\Beranda" loaded.
INFO - 2022-02-22 19:25:38 --> Controller "App\Controllers\base\Beranda" loaded.
INFO - 2022-02-22 19:25:54 --> Controller "App\Controllers\base\Beranda" loaded.
INFO - 2022-02-22 19:26:09 --> Controller "App\Controllers\base\Beranda" loaded.
INFO - 2022-02-22 19:26:23 --> Controller "App\Controllers\base\Beranda" loaded.
INFO - 2022-02-22 19:26:37 --> Controller "App\Controllers\base\Beranda" loaded.
INFO - 2022-02-22 19:26:48 --> Controller "App\Controllers\base\Beranda" loaded.
INFO - 2022-02-22 19:30:02 --> Controller "App\Controllers\base\Beranda" loaded.
INFO - 2022-02-22 19:30:06 --> Controller "App\Controllers\base\Beranda" loaded.
INFO - 2022-02-22 19:30:15 --> Controller "App\Controllers\base\Beranda" loaded.
INFO - 2022-02-22 19:30:53 --> Controller "App\Controllers\base\Beranda" loaded.
INFO - 2022-02-22 19:31:05 --> Controller "App\Controllers\base\Beranda" loaded.
INFO - 2022-02-22 19:31:19 --> Controller "App\Controllers\base\Beranda" loaded.
INFO - 2022-02-22 19:31:27 --> Controller "App\Controllers\base\Beranda" loaded.
INFO - 2022-02-22 19:31:36 --> Controller "App\Controllers\base\Beranda" loaded.
INFO - 2022-02-22 19:31:49 --> Controller "App\Controllers\base\Beranda" loaded.
INFO - 2022-02-22 19:31:57 --> Controller "App\Controllers\base\Beranda" loaded.
INFO - 2022-02-22 19:32:07 --> Controller "App\Controllers\base\Beranda" loaded.
INFO - 2022-02-22 19:32:28 --> Controller "App\Controllers\base\Beranda" loaded.
INFO - 2022-02-22 19:33:43 --> Controller "App\Controllers\base\Beranda" loaded.
INFO - 2022-02-22 19:35:50 --> Controller "App\Controllers\base\Beranda" loaded.
INFO - 2022-02-22 19:38:22 --> Controller "App\Controllers\base\Beranda" loaded.
INFO - 2022-02-22 19:39:59 --> Controller "App\Controllers\base\Beranda" loaded.
INFO - 2022-02-22 19:40:01 --> Controller "App\Controllers\base\Beranda" loaded.
INFO - 2022-02-22 19:40:29 --> Controller "App\Controllers\base\Beranda" loaded.
INFO - 2022-02-22 19:41:20 --> Controller "App\Controllers\base\Beranda" loaded.
INFO - 2022-02-22 19:42:00 --> Controller "App\Controllers\base\Beranda" loaded.
INFO - 2022-02-22 19:42:05 --> Controller "App\Controllers\base\Beranda" loaded.
INFO - 2022-02-22 19:42:15 --> Controller "App\Controllers\base\Beranda" loaded.
INFO - 2022-02-22 19:44:37 --> Controller "App\Controllers\base\Beranda" loaded.
INFO - 2022-02-22 19:44:59 --> Controller "App\Controllers\base\Beranda" loaded.
INFO - 2022-02-22 19:45:27 --> Controller "App\Controllers\base\Beranda" loaded.
INFO - 2022-02-22 19:45:35 --> Controller "App\Controllers\base\Beranda" loaded.
INFO - 2022-02-22 19:46:32 --> Controller "App\Controllers\base\Beranda" loaded.
INFO - 2022-02-22 19:50:02 --> Controller "App\Controllers\base\Beranda" loaded.
INFO - 2022-02-22 19:58:01 --> Controller "App\Controllers\base\Beranda" loaded.
INFO - 2022-02-22 20:00:02 --> Controller "App\Controllers\base\Beranda" loaded.
INFO - 2022-02-22 20:00:35 --> Controller "App\Controllers\base\Beranda" loaded.
INFO - 2022-02-22 20:10:02 --> Controller "App\Controllers\base\Beranda" loaded.
INFO - 2022-02-22 20:20:02 --> Controller "App\Controllers\base\Beranda" loaded.
INFO - 2022-02-22 20:30:02 --> Controller "App\Controllers\base\Beranda" loaded.
INFO - 2022-02-22 20:36:49 --> Controller "App\Controllers\base\Beranda" loaded.
INFO - 2022-02-22 20:36:49 --> Controller "App\Controllers\base\Beranda" loaded.
INFO - 2022-02-22 20:36:51 --> Controller "App\Controllers\base\Beranda" loaded.
INFO - 2022-02-22 20:36:51 --> Controller "App\Controllers\base\Beranda" loaded.
INFO - 2022-02-22 20:40:02 --> Controller "App\Controllers\base\Beranda" loaded.
INFO - 2022-02-22 20:50:02 --> Controller "App\Controllers\base\Beranda" loaded.
INFO - 2022-02-22 21:00:02 --> Controller "App\Controllers\base\Beranda" loaded.
INFO - 2022-02-22 21:10:01 --> Controller "App\Controllers\base\Beranda" loaded.
INFO - 2022-02-22 21:20:02 --> Controller "App\Controllers\base\Beranda" loaded.
INFO - 2022-02-22 21:30:02 --> Controller "App\Controllers\base\Beranda" loaded.
INFO - 2022-02-22 21:40:01 --> Controller "App\Controllers\base\Beranda" loaded.
INFO - 2022-02-22 21:50:02 --> Controller "App\Controllers\base\Beranda" loaded.
INFO - 2022-02-22 22:00:02 --> Controller "App\Controllers\base\Beranda" loaded.
INFO - 2022-02-22 22:06:53 --> Controller "App\Controllers\base\Beranda" loaded.
INFO - 2022-02-22 22:06:53 --> Controller "App\Controllers\base\Beranda" loaded.
INFO - 2022-02-22 22:06:53 --> Controller "App\Controllers\base\Beranda" loaded.
INFO - 2022-02-22 22:06:53 --> Controller "App\Controllers\base\Beranda" loaded.
INFO - 2022-02-22 22:06:53 --> Controller "App\Controllers\base\Beranda" loaded.
INFO - 2022-02-22 22:06:53 --> Controller "App\Controllers\base\Beranda" loaded.
INFO - 2022-02-22 22:06:53 --> Controller "App\Controllers\base\Beranda" loaded.
INFO - 2022-02-22 22:06:53 --> Controller "App\Controllers\base\Beranda" loaded.
INFO - 2022-02-22 22:06:53 --> Controller "App\Controllers\base\Beranda" loaded.
INFO - 2022-02-22 22:06:53 --> Controller "App\Controllers\base\Beranda" loaded.
INFO - 2022-02-22 22:06:53 --> Controller "App\Controllers\base\Beranda" loaded.
INFO - 2022-02-22 22:06:53 --> Controller "App\Controllers\base\Beranda" loaded.
INFO - 2022-02-22 22:06:54 --> Controller "App\Controllers\base\Beranda" loaded.
INFO - 2022-02-22 22:06:54 --> Controller "App\Controllers\base\Beranda" loaded.
INFO - 2022-02-22 22:06:54 --> Controller "App\Controllers\base\Beranda" loaded.
INFO - 2022-02-22 22:06:54 --> Controller "App\Controllers\base\Beranda" loaded.
INFO - 2022-02-22 22:06:54 --> Controller "App\Controllers\base\Beranda" loaded.
INFO - 2022-02-22 22:06:54 --> Controller "App\Controllers\base\Beranda" loaded.
INFO - 2022-02-22 22:06:54 --> Controller "App\Controllers\base\Beranda" loaded.
INFO - 2022-02-22 22:06:54 --> Controller "App\Controllers\base\Beranda" loaded.
INFO - 2022-02-22 22:10:01 --> Controller "App\Controllers\base\Beranda" loaded.
INFO - 2022-02-22 22:20:02 --> Controller "App\Controllers\base\Beranda" loaded.
INFO - 2022-02-22 22:30:02 --> Controller "App\Controllers\base\Beranda" loaded.
INFO - 2022-02-22 22:40:02 --> Controller "App\Controllers\base\Beranda" loaded.
INFO - 2022-02-22 22:50:02 --> Controller "App\Controllers\base\Beranda" loaded.
INFO - 2022-02-22 22:50:08 --> Controller "App\Controllers\base\Beranda" loaded.
INFO - 2022-02-22 22:50:43 --> Controller "App\Controllers\base\Beranda" loaded.
