INFO - 2021-09-02 01:05:10 --> Controller "App\Controllers\base\Beranda" loaded.
INFO - 2021-09-02 01:33:24 --> Controller "App\Controllers\base\Beranda" loaded.
INFO - 2021-09-02 01:38:28 --> Controller "App\Controllers\base\Beranda" loaded.
INFO - 2021-09-02 02:56:52 --> Controller "App\Controllers\base\Beranda" loaded.
INFO - 2021-09-02 02:56:53 --> Controller "App\Controllers\base\Beranda" loaded.
INFO - 2021-09-02 03:50:00 --> Controller "App\Controllers\base\Beranda" loaded.
INFO - 2021-09-02 04:39:54 --> Controller "App\Controllers\base\Beranda" loaded.
INFO - 2021-09-02 05:23:41 --> Controller "App\Controllers\base\Beranda" loaded.
INFO - 2021-09-02 05:34:24 --> Controller "App\Controllers\base\Beranda" loaded.
INFO - 2021-09-02 05:39:24 --> Controller "App\Controllers\base\Beranda" loaded.
INFO - 2021-09-02 05:41:27 --> Controller "App\Controllers\base\Beranda" loaded.
INFO - 2021-09-02 06:00:20 --> Controller "App\Controllers\base\Beranda" loaded.
INFO - 2021-09-02 06:23:59 --> Controller "App\Controllers\base\Beranda" loaded.
INFO - 2021-09-02 06:39:38 --> Controller "App\Controllers\base\Beranda" loaded.
INFO - 2021-09-02 06:39:41 --> Controller "App\Controllers\base\Beranda" loaded.
INFO - 2021-09-02 07:00:02 --> Controller "App\Controllers\base\Beranda" loaded.
INFO - 2021-09-02 07:10:02 --> Controller "App\Controllers\base\Beranda" loaded.
INFO - 2021-09-02 07:15:01 --> Controller "App\Controllers\base\Beranda" loaded.
INFO - 2021-09-02 07:17:25 --> Controller "App\Controllers\base\Beranda" loaded.
INFO - 2021-09-02 07:18:22 --> Session: Class initialized using 'CodeIgniter\Session\Handlers\FileHandler' driver.
INFO - 2021-09-02 07:18:22 --> Controller "App\Controllers\undangan\Undangan" loaded.
INFO - 2021-09-02 07:20:02 --> Controller "App\Controllers\base\Beranda" loaded.
INFO - 2021-09-02 07:22:45 --> Controller "App\Controllers\base\Beranda" loaded.
INFO - 2021-09-02 07:22:50 --> Session: Class initialized using 'CodeIgniter\Session\Handlers\FileHandler' driver.
INFO - 2021-09-02 07:22:50 --> Controller "App\Controllers\undangan\Undangan" loaded.
INFO - 2021-09-02 07:22:58 --> Session: Class initialized using 'CodeIgniter\Session\Handlers\FileHandler' driver.
INFO - 2021-09-02 07:22:58 --> Controller "App\Controllers\bukutamu\Bukutamu" loaded.
INFO - 2021-09-02 07:23:25 --> Session: Class initialized using 'CodeIgniter\Session\Handlers\FileHandler' driver.
INFO - 2021-09-02 07:23:25 --> Controller "App\Controllers\bukutamu\Bukutamu" loaded.
INFO - 2021-09-02 07:23:27 --> Session: Class initialized using 'CodeIgniter\Session\Handlers\FileHandler' driver.
INFO - 2021-09-02 07:23:27 --> Controller "App\Controllers\bukutamu\Bukutamu" loaded.
INFO - 2021-09-02 07:24:19 --> Controller "App\Controllers\base\Beranda" loaded.
INFO - 2021-09-02 07:24:23 --> Controller "App\Controllers\base\Beranda" loaded.
INFO - 2021-09-02 07:24:54 --> Session: Class initialized using 'CodeIgniter\Session\Handlers\FileHandler' driver.
INFO - 2021-09-02 07:24:54 --> Controller "App\Controllers\bukutamu\Bukutamu" loaded.
INFO - 2021-09-02 07:24:57 --> Session: Class initialized using 'CodeIgniter\Session\Handlers\FileHandler' driver.
INFO - 2021-09-02 07:24:57 --> Controller "App\Controllers\bukutamu\Bukutamu" loaded.
INFO - 2021-09-02 07:25:10 --> Session: Class initialized using 'CodeIgniter\Session\Handlers\FileHandler' driver.
INFO - 2021-09-02 07:25:10 --> Controller "App\Controllers\base\Order" loaded.
INFO - 2021-09-02 07:25:25 --> Session: Class initialized using 'CodeIgniter\Session\Handlers\FileHandler' driver.
INFO - 2021-09-02 07:25:25 --> Controller "App\Controllers\base\Order" loaded.
INFO - 2021-09-02 07:25:50 --> Session: Class initialized using 'CodeIgniter\Session\Handlers\FileHandler' driver.
INFO - 2021-09-02 07:25:50 --> Controller "App\Controllers\base\Order" loaded.
INFO - 2021-09-02 07:26:07 --> Session: Class initialized using 'CodeIgniter\Session\Handlers\FileHandler' driver.
INFO - 2021-09-02 07:26:07 --> Controller "App\Controllers\base\Order" loaded.
INFO - 2021-09-02 07:26:14 --> Session: Class initialized using 'CodeIgniter\Session\Handlers\FileHandler' driver.
INFO - 2021-09-02 07:26:14 --> Controller "App\Controllers\base\Order" loaded.
INFO - 2021-09-02 07:26:14 --> Controller "App\Controllers\base\Beranda" loaded.
INFO - 2021-09-02 07:26:17 --> Session: Class initialized using 'CodeIgniter\Session\Handlers\FileHandler' driver.
INFO - 2021-09-02 07:26:17 --> Controller "App\Controllers\base\Order" loaded.
INFO - 2021-09-02 07:26:21 --> Session: Class initialized using 'CodeIgniter\Session\Handlers\FileHandler' driver.
INFO - 2021-09-02 07:26:21 --> Controller "App\Controllers\base\Order" loaded.
INFO - 2021-09-02 07:26:27 --> Session: Class initialized using 'CodeIgniter\Session\Handlers\FileHandler' driver.
INFO - 2021-09-02 07:26:27 --> Controller "App\Controllers\base\Order" loaded.
INFO - 2021-09-02 07:26:34 --> Session: Class initialized using 'CodeIgniter\Session\Handlers\FileHandler' driver.
INFO - 2021-09-02 07:26:34 --> Controller "App\Controllers\undangan\Undangan" loaded.
INFO - 2021-09-02 07:26:35 --> Session: Class initialized using 'CodeIgniter\Session\Handlers\FileHandler' driver.
INFO - 2021-09-02 07:26:35 --> Controller "App\Controllers\undangan\Undangan" loaded.
INFO - 2021-09-02 07:26:35 --> Session: Class initialized using 'CodeIgniter\Session\Handlers\FileHandler' driver.
INFO - 2021-09-02 07:26:35 --> Controller "App\Controllers\undangan\Undangan" loaded.
INFO - 2021-09-02 07:26:35 --> Session: Class initialized using 'CodeIgniter\Session\Handlers\FileHandler' driver.
INFO - 2021-09-02 07:26:35 --> Controller "App\Controllers\undangan\Undangan" loaded.
INFO - 2021-09-02 07:26:35 --> Session: Class initialized using 'CodeIgniter\Session\Handlers\FileHandler' driver.
INFO - 2021-09-02 07:26:35 --> Controller "App\Controllers\undangan\Undangan" loaded.
INFO - 2021-09-02 07:26:39 --> Session: Class initialized using 'CodeIgniter\Session\Handlers\FileHandler' driver.
INFO - 2021-09-02 07:26:39 --> Controller "App\Controllers\undangan\Undangan" loaded.
INFO - 2021-09-02 07:26:51 --> Session: Class initialized using 'CodeIgniter\Session\Handlers\FileHandler' driver.
INFO - 2021-09-02 07:26:51 --> Controller "App\Controllers\base\Dashboard" loaded.
INFO - 2021-09-02 07:26:51 --> Session: Class initialized using 'CodeIgniter\Session\Handlers\FileHandler' driver.
INFO - 2021-09-02 07:26:51 --> Controller "App\Controllers\base\Dashboard" loaded.
INFO - 2021-09-02 07:30:02 --> Controller "App\Controllers\base\Beranda" loaded.
INFO - 2021-09-02 07:31:56 --> Controller "App\Controllers\base\Beranda" loaded.
INFO - 2021-09-02 07:31:58 --> Controller "App\Controllers\base\Beranda" loaded.
INFO - 2021-09-02 07:40:02 --> Controller "App\Controllers\base\Beranda" loaded.
INFO - 2021-09-02 07:50:03 --> Controller "App\Controllers\base\Beranda" loaded.
INFO - 2021-09-02 08:00:02 --> Controller "App\Controllers\base\Beranda" loaded.
INFO - 2021-09-02 08:10:02 --> Controller "App\Controllers\base\Beranda" loaded.
INFO - 2021-09-02 08:17:38 --> Controller "App\Controllers\base\Beranda" loaded.
INFO - 2021-09-02 08:20:02 --> Controller "App\Controllers\base\Beranda" loaded.
INFO - 2021-09-02 08:22:59 --> Controller "App\Controllers\base\Beranda" loaded.
INFO - 2021-09-02 08:30:02 --> Controller "App\Controllers\base\Beranda" loaded.
INFO - 2021-09-02 08:37:08 --> Controller "App\Controllers\base\Beranda" loaded.
INFO - 2021-09-02 08:40:02 --> Controller "App\Controllers\base\Beranda" loaded.
INFO - 2021-09-02 08:41:20 --> Controller "App\Controllers\base\Beranda" loaded.
INFO - 2021-09-02 08:50:02 --> Controller "App\Controllers\base\Beranda" loaded.
INFO - 2021-09-02 09:00:02 --> Controller "App\Controllers\base\Beranda" loaded.
INFO - 2021-09-02 09:10:02 --> Controller "App\Controllers\base\Beranda" loaded.
INFO - 2021-09-02 09:13:27 --> Session: Class initialized using 'CodeIgniter\Session\Handlers\FileHandler' driver.
INFO - 2021-09-02 09:13:27 --> Controller "App\Controllers\base\Order" loaded.
INFO - 2021-09-02 09:20:02 --> Controller "App\Controllers\base\Beranda" loaded.
INFO - 2021-09-02 09:30:02 --> Controller "App\Controllers\base\Beranda" loaded.
INFO - 2021-09-02 09:32:34 --> Controller "App\Controllers\base\Beranda" loaded.
INFO - 2021-09-02 09:32:42 --> Controller "App\Controllers\base\Beranda" loaded.
INFO - 2021-09-02 09:40:03 --> Controller "App\Controllers\base\Beranda" loaded.
INFO - 2021-09-02 09:50:02 --> Controller "App\Controllers\base\Beranda" loaded.
INFO - 2021-09-02 10:00:02 --> Controller "App\Controllers\base\Beranda" loaded.
INFO - 2021-09-02 10:10:02 --> Controller "App\Controllers\base\Beranda" loaded.
INFO - 2021-09-02 10:14:50 --> Session: Class initialized using 'CodeIgniter\Session\Handlers\FileHandler' driver.
INFO - 2021-09-02 10:14:50 --> Controller "App\Controllers\base\Order" loaded.
INFO - 2021-09-02 10:20:03 --> Controller "App\Controllers\base\Beranda" loaded.
INFO - 2021-09-02 10:30:02 --> Controller "App\Controllers\base\Beranda" loaded.
INFO - 2021-09-02 10:40:03 --> Controller "App\Controllers\base\Beranda" loaded.
INFO - 2021-09-02 10:45:11 --> Controller "App\Controllers\base\Beranda" loaded.
INFO - 2021-09-02 10:50:02 --> Controller "App\Controllers\base\Beranda" loaded.
INFO - 2021-09-02 10:58:47 --> Controller "App\Controllers\base\Beranda" loaded.
INFO - 2021-09-02 11:00:02 --> Controller "App\Controllers\base\Beranda" loaded.
INFO - 2021-09-02 11:09:11 --> Session: Class initialized using 'CodeIgniter\Session\Handlers\FileHandler' driver.
INFO - 2021-09-02 11:09:11 --> Controller "App\Controllers\base\Order" loaded.
INFO - 2021-09-02 11:10:02 --> Controller "App\Controllers\base\Beranda" loaded.
INFO - 2021-09-02 11:20:03 --> Controller "App\Controllers\base\Beranda" loaded.
INFO - 2021-09-02 11:30:02 --> Controller "App\Controllers\base\Beranda" loaded.
INFO - 2021-09-02 11:40:03 --> Controller "App\Controllers\base\Beranda" loaded.
INFO - 2021-09-02 11:50:03 --> Controller "App\Controllers\base\Beranda" loaded.
INFO - 2021-09-02 11:59:19 --> Controller "App\Controllers\base\Beranda" loaded.
INFO - 2021-09-02 12:00:02 --> Controller "App\Controllers\base\Beranda" loaded.
INFO - 2021-09-02 12:10:02 --> Controller "App\Controllers\base\Beranda" loaded.
INFO - 2021-09-02 12:20:02 --> Controller "App\Controllers\base\Beranda" loaded.
INFO - 2021-09-02 12:23:04 --> Controller "App\Controllers\base\Beranda" loaded.
INFO - 2021-09-02 12:26:16 --> Session: Class initialized using 'CodeIgniter\Session\Handlers\FileHandler' driver.
INFO - 2021-09-02 12:26:16 --> Controller "App\Controllers\base\Order" loaded.
INFO - 2021-09-02 12:26:16 --> Controller "App\Controllers\base\Beranda" loaded.
INFO - 2021-09-02 12:26:30 --> Controller "App\Controllers\base\Beranda" loaded.
INFO - 2021-09-02 12:30:02 --> Controller "App\Controllers\base\Beranda" loaded.
INFO - 2021-09-02 12:40:02 --> Controller "App\Controllers\base\Beranda" loaded.
INFO - 2021-09-02 12:50:02 --> Controller "App\Controllers\base\Beranda" loaded.
INFO - 2021-09-02 13:00:02 --> Controller "App\Controllers\base\Beranda" loaded.
INFO - 2021-09-02 13:10:03 --> Controller "App\Controllers\base\Beranda" loaded.
INFO - 2021-09-02 13:20:02 --> Controller "App\Controllers\base\Beranda" loaded.
INFO - 2021-09-02 13:30:02 --> Controller "App\Controllers\base\Beranda" loaded.
INFO - 2021-09-02 13:40:03 --> Controller "App\Controllers\base\Beranda" loaded.
INFO - 2021-09-02 13:50:02 --> Controller "App\Controllers\base\Beranda" loaded.
INFO - 2021-09-02 14:00:03 --> Controller "App\Controllers\base\Beranda" loaded.
INFO - 2021-09-02 14:10:02 --> Controller "App\Controllers\base\Beranda" loaded.
INFO - 2021-09-02 14:18:55 --> Session: Class initialized using 'CodeIgniter\Session\Handlers\FileHandler' driver.
INFO - 2021-09-02 14:18:55 --> Controller "App\Controllers\base\Order" loaded.
INFO - 2021-09-02 14:20:02 --> Controller "App\Controllers\base\Beranda" loaded.
INFO - 2021-09-02 14:24:02 --> Controller "App\Controllers\base\Beranda" loaded.
INFO - 2021-09-02 14:25:21 --> Controller "App\Controllers\base\Beranda" loaded.
INFO - 2021-09-02 14:25:31 --> Controller "App\Controllers\base\Beranda" loaded.
INFO - 2021-09-02 14:30:03 --> Controller "App\Controllers\base\Beranda" loaded.
INFO - 2021-09-02 14:40:02 --> Controller "App\Controllers\base\Beranda" loaded.
INFO - 2021-09-02 14:43:26 --> Controller "App\Controllers\base\Beranda" loaded.
INFO - 2021-09-02 14:50:02 --> Controller "App\Controllers\base\Beranda" loaded.
INFO - 2021-09-02 15:00:02 --> Controller "App\Controllers\base\Beranda" loaded.
INFO - 2021-09-02 15:10:03 --> Controller "App\Controllers\base\Beranda" loaded.
INFO - 2021-09-02 15:20:03 --> Controller "App\Controllers\base\Beranda" loaded.
INFO - 2021-09-02 15:30:02 --> Controller "App\Controllers\base\Beranda" loaded.
INFO - 2021-09-02 15:40:02 --> Controller "App\Controllers\base\Beranda" loaded.
INFO - 2021-09-02 15:50:02 --> Controller "App\Controllers\base\Beranda" loaded.
INFO - 2021-09-02 16:00:03 --> Controller "App\Controllers\base\Beranda" loaded.
INFO - 2021-09-02 16:08:26 --> Controller "App\Controllers\base\Beranda" loaded.
INFO - 2021-09-02 16:08:26 --> Controller "App\Controllers\base\Beranda" loaded.
INFO - 2021-09-02 16:10:02 --> Controller "App\Controllers\base\Beranda" loaded.
INFO - 2021-09-02 16:13:56 --> Session: Class initialized using 'CodeIgniter\Session\Handlers\FileHandler' driver.
INFO - 2021-09-02 16:13:56 --> Controller "App\Controllers\admin\Admin" loaded.
INFO - 2021-09-02 16:14:02 --> Session: Class initialized using 'CodeIgniter\Session\Handlers\FileHandler' driver.
INFO - 2021-09-02 16:14:02 --> Controller "App\Controllers\admin\Admin" loaded.
INFO - 2021-09-02 16:14:02 --> Session: Class initialized using 'CodeIgniter\Session\Handlers\FileHandler' driver.
INFO - 2021-09-02 16:14:02 --> Controller "App\Controllers\admin\Admin" loaded.
INFO - 2021-09-02 16:14:10 --> Session: Class initialized using 'CodeIgniter\Session\Handlers\FileHandler' driver.
INFO - 2021-09-02 16:14:10 --> Controller "App\Controllers\admin\Admin" loaded.
INFO - 2021-09-02 16:14:30 --> Session: Class initialized using 'CodeIgniter\Session\Handlers\FileHandler' driver.
INFO - 2021-09-02 16:14:30 --> Controller "App\Controllers\admin\Admin" loaded.
INFO - 2021-09-02 16:14:35 --> Session: Class initialized using 'CodeIgniter\Session\Handlers\FileHandler' driver.
INFO - 2021-09-02 16:14:35 --> Controller "App\Controllers\undangan\Undangan" loaded.
INFO - 2021-09-02 16:14:36 --> Session: Class initialized using 'CodeIgniter\Session\Handlers\FileHandler' driver.
INFO - 2021-09-02 16:14:36 --> Controller "App\Controllers\undangan\Undangan" loaded.
INFO - 2021-09-02 16:14:37 --> Session: Class initialized using 'CodeIgniter\Session\Handlers\FileHandler' driver.
INFO - 2021-09-02 16:14:37 --> Controller "App\Controllers\undangan\Undangan" loaded.
INFO - 2021-09-02 16:14:37 --> Session: Class initialized using 'CodeIgniter\Session\Handlers\FileHandler' driver.
INFO - 2021-09-02 16:14:37 --> Controller "App\Controllers\undangan\Undangan" loaded.
INFO - 2021-09-02 16:14:37 --> Session: Class initialized using 'CodeIgniter\Session\Handlers\FileHandler' driver.
INFO - 2021-09-02 16:14:37 --> Controller "App\Controllers\undangan\Undangan" loaded.
INFO - 2021-09-02 16:14:44 --> Session: Class initialized using 'CodeIgniter\Session\Handlers\FileHandler' driver.
INFO - 2021-09-02 16:14:44 --> Controller "App\Controllers\admin\Admin" loaded.
INFO - 2021-09-02 16:14:55 --> Session: Class initialized using 'CodeIgniter\Session\Handlers\FileHandler' driver.
INFO - 2021-09-02 16:14:55 --> Controller "App\Controllers\admin\Admin" loaded.
INFO - 2021-09-02 16:14:59 --> Session: Class initialized using 'CodeIgniter\Session\Handlers\FileHandler' driver.
INFO - 2021-09-02 16:14:59 --> Controller "App\Controllers\admin\Admin" loaded.
INFO - 2021-09-02 16:15:00 --> Session: Class initialized using 'CodeIgniter\Session\Handlers\FileHandler' driver.
INFO - 2021-09-02 16:15:00 --> Controller "App\Controllers\admin\Admin" loaded.
INFO - 2021-09-02 16:15:06 --> Session: Class initialized using 'CodeIgniter\Session\Handlers\FileHandler' driver.
INFO - 2021-09-02 16:15:06 --> Controller "App\Controllers\admin\Admin" loaded.
INFO - 2021-09-02 16:15:06 --> Session: Class initialized using 'CodeIgniter\Session\Handlers\FileHandler' driver.
INFO - 2021-09-02 16:15:06 --> Controller "App\Controllers\admin\Admin" loaded.
INFO - 2021-09-02 16:15:11 --> Session: Class initialized using 'CodeIgniter\Session\Handlers\FileHandler' driver.
INFO - 2021-09-02 16:15:11 --> Controller "App\Controllers\admin\Admin" loaded.
INFO - 2021-09-02 16:15:11 --> Session: Class initialized using 'CodeIgniter\Session\Handlers\FileHandler' driver.
INFO - 2021-09-02 16:15:11 --> Controller "App\Controllers\admin\Admin" loaded.
INFO - 2021-09-02 16:15:24 --> Session: Class initialized using 'CodeIgniter\Session\Handlers\FileHandler' driver.
INFO - 2021-09-02 16:15:24 --> Controller "App\Controllers\admin\Admin" loaded.
INFO - 2021-09-02 16:15:24 --> Session: Class initialized using 'CodeIgniter\Session\Handlers\FileHandler' driver.
INFO - 2021-09-02 16:15:24 --> Controller "App\Controllers\admin\Admin" loaded.
INFO - 2021-09-02 16:15:29 --> Session: Class initialized using 'CodeIgniter\Session\Handlers\FileHandler' driver.
INFO - 2021-09-02 16:15:29 --> Controller "App\Controllers\admin\Admin" loaded.
INFO - 2021-09-02 16:15:29 --> Session: Class initialized using 'CodeIgniter\Session\Handlers\FileHandler' driver.
INFO - 2021-09-02 16:15:29 --> Controller "App\Controllers\admin\Admin" loaded.
INFO - 2021-09-02 16:15:36 --> Session: Class initialized using 'CodeIgniter\Session\Handlers\FileHandler' driver.
INFO - 2021-09-02 16:15:36 --> Controller "App\Controllers\admin\Admin" loaded.
INFO - 2021-09-02 16:19:38 --> Controller "App\Controllers\base\Beranda" loaded.
INFO - 2021-09-02 16:19:47 --> Controller "App\Controllers\base\Beranda" loaded.
INFO - 2021-09-02 16:20:02 --> Controller "App\Controllers\base\Beranda" loaded.
INFO - 2021-09-02 16:20:03 --> Controller "App\Controllers\base\Beranda" loaded.
INFO - 2021-09-02 16:20:07 --> Controller "App\Controllers\base\Beranda" loaded.
INFO - 2021-09-02 16:20:20 --> Controller "App\Controllers\base\Beranda" loaded.
INFO - 2021-09-02 16:21:15 --> Controller "App\Controllers\base\Beranda" loaded.
INFO - 2021-09-02 16:21:15 --> Controller "App\Controllers\base\Beranda" loaded.
INFO - 2021-09-02 16:21:16 --> Controller "App\Controllers\base\Beranda" loaded.
INFO - 2021-09-02 16:21:17 --> Controller "App\Controllers\base\Beranda" loaded.
INFO - 2021-09-02 16:21:17 --> Controller "App\Controllers\base\Beranda" loaded.
INFO - 2021-09-02 16:21:18 --> Controller "App\Controllers\base\Beranda" loaded.
INFO - 2021-09-02 16:21:18 --> Controller "App\Controllers\base\Beranda" loaded.
INFO - 2021-09-02 16:21:19 --> Controller "App\Controllers\base\Beranda" loaded.
INFO - 2021-09-02 16:21:19 --> Controller "App\Controllers\base\Beranda" loaded.
INFO - 2021-09-02 16:21:21 --> Controller "App\Controllers\base\Beranda" loaded.
INFO - 2021-09-02 16:21:21 --> Controller "App\Controllers\base\Beranda" loaded.
INFO - 2021-09-02 16:21:23 --> Controller "App\Controllers\base\Beranda" loaded.
INFO - 2021-09-02 16:21:23 --> Controller "App\Controllers\base\Beranda" loaded.
INFO - 2021-09-02 16:21:25 --> Controller "App\Controllers\base\Beranda" loaded.
INFO - 2021-09-02 16:21:26 --> Controller "App\Controllers\base\Beranda" loaded.
INFO - 2021-09-02 16:21:27 --> Controller "App\Controllers\base\Beranda" loaded.
INFO - 2021-09-02 16:21:28 --> Controller "App\Controllers\base\Beranda" loaded.
INFO - 2021-09-02 16:21:31 --> Controller "App\Controllers\base\Beranda" loaded.
INFO - 2021-09-02 16:30:02 --> Controller "App\Controllers\base\Beranda" loaded.
INFO - 2021-09-02 16:32:02 --> Controller "App\Controllers\base\Beranda" loaded.
INFO - 2021-09-02 16:32:16 --> Controller "App\Controllers\base\Beranda" loaded.
INFO - 2021-09-02 16:32:30 --> Controller "App\Controllers\base\Beranda" loaded.
INFO - 2021-09-02 16:40:02 --> Controller "App\Controllers\base\Beranda" loaded.
INFO - 2021-09-02 16:45:22 --> Session: Class initialized using 'CodeIgniter\Session\Handlers\FileHandler' driver.
INFO - 2021-09-02 16:45:22 --> Controller "App\Controllers\base\Order" loaded.
INFO - 2021-09-02 16:50:02 --> Controller "App\Controllers\base\Beranda" loaded.
INFO - 2021-09-02 17:00:02 --> Controller "App\Controllers\base\Beranda" loaded.
INFO - 2021-09-02 17:00:15 --> Controller "App\Controllers\base\Beranda" loaded.
INFO - 2021-09-02 17:00:16 --> Controller "App\Controllers\base\Beranda" loaded.
INFO - 2021-09-02 17:10:02 --> Controller "App\Controllers\base\Beranda" loaded.
INFO - 2021-09-02 17:20:03 --> Controller "App\Controllers\base\Beranda" loaded.
INFO - 2021-09-02 17:30:03 --> Controller "App\Controllers\base\Beranda" loaded.
INFO - 2021-09-02 17:40:02 --> Controller "App\Controllers\base\Beranda" loaded.
INFO - 2021-09-02 17:48:13 --> Controller "App\Controllers\base\Beranda" loaded.
INFO - 2021-09-02 17:50:02 --> Controller "App\Controllers\base\Beranda" loaded.
INFO - 2021-09-02 18:00:02 --> Controller "App\Controllers\base\Beranda" loaded.
INFO - 2021-09-02 18:10:02 --> Controller "App\Controllers\base\Beranda" loaded.
INFO - 2021-09-02 18:20:03 --> Controller "App\Controllers\base\Beranda" loaded.
INFO - 2021-09-02 18:30:02 --> Controller "App\Controllers\base\Beranda" loaded.
INFO - 2021-09-02 18:39:34 --> Controller "App\Controllers\base\Beranda" loaded.
INFO - 2021-09-02 18:40:02 --> Controller "App\Controllers\base\Beranda" loaded.
INFO - 2021-09-02 18:50:03 --> Controller "App\Controllers\base\Beranda" loaded.
INFO - 2021-09-02 19:00:03 --> Controller "App\Controllers\base\Beranda" loaded.
INFO - 2021-09-02 19:06:18 --> Controller "App\Controllers\base\Beranda" loaded.
INFO - 2021-09-02 19:10:03 --> Controller "App\Controllers\base\Beranda" loaded.
INFO - 2021-09-02 19:20:02 --> Controller "App\Controllers\base\Beranda" loaded.
INFO - 2021-09-02 19:28:58 --> Controller "App\Controllers\base\Beranda" loaded.
INFO - 2021-09-02 19:28:58 --> Controller "App\Controllers\base\Beranda" loaded.
INFO - 2021-09-02 19:30:03 --> Controller "App\Controllers\base\Beranda" loaded.
INFO - 2021-09-02 19:40:02 --> Controller "App\Controllers\base\Beranda" loaded.
INFO - 2021-09-02 19:50:02 --> Controller "App\Controllers\base\Beranda" loaded.
INFO - 2021-09-02 20:00:02 --> Controller "App\Controllers\base\Beranda" loaded.
INFO - 2021-09-02 20:10:02 --> Controller "App\Controllers\base\Beranda" loaded.
INFO - 2021-09-02 20:20:03 --> Controller "App\Controllers\base\Beranda" loaded.
INFO - 2021-09-02 20:20:46 --> Controller "App\Controllers\base\Beranda" loaded.
INFO - 2021-09-02 20:30:03 --> Controller "App\Controllers\base\Beranda" loaded.
INFO - 2021-09-02 20:40:03 --> Controller "App\Controllers\base\Beranda" loaded.
INFO - 2021-09-02 20:50:02 --> Controller "App\Controllers\base\Beranda" loaded.
INFO - 2021-09-02 21:00:03 --> Controller "App\Controllers\base\Beranda" loaded.
INFO - 2021-09-02 21:01:50 --> Controller "App\Controllers\base\Beranda" loaded.
INFO - 2021-09-02 21:10:02 --> Controller "App\Controllers\base\Beranda" loaded.
INFO - 2021-09-02 21:20:02 --> Controller "App\Controllers\base\Beranda" loaded.
INFO - 2021-09-02 21:30:03 --> Controller "App\Controllers\base\Beranda" loaded.
INFO - 2021-09-02 21:40:03 --> Controller "App\Controllers\base\Beranda" loaded.
INFO - 2021-09-02 21:50:02 --> Controller "App\Controllers\base\Beranda" loaded.
INFO - 2021-09-02 23:18:01 --> Session: Class initialized using 'CodeIgniter\Session\Handlers\FileHandler' driver.
INFO - 2021-09-02 23:18:01 --> Controller "App\Controllers\undangan\Undangan" loaded.
INFO - 2021-09-02 23:18:58 --> Controller "App\Controllers\base\Beranda" loaded.
