INFO - 2021-04-19 00:45:25 --> Controller "App\Controllers\base\Beranda" loaded.
INFO - 2021-04-19 00:45:25 --> Controller "App\Controllers\base\Beranda" loaded.
INFO - 2021-04-19 00:45:26 --> Controller "App\Controllers\base\Beranda" loaded.
INFO - 2021-04-19 00:45:26 --> Controller "App\Controllers\base\Beranda" loaded.
INFO - 2021-04-19 00:46:49 --> Controller "App\Controllers\base\Beranda" loaded.
INFO - 2021-04-19 00:46:49 --> Controller "App\Controllers\base\Beranda" loaded.
INFO - 2021-04-19 00:46:50 --> Controller "App\Controllers\base\Beranda" loaded.
INFO - 2021-04-19 00:47:01 --> Controller "App\Controllers\base\Beranda" loaded.
INFO - 2021-04-19 00:47:01 --> Controller "App\Controllers\base\Beranda" loaded.
INFO - 2021-04-19 00:47:03 --> Controller "App\Controllers\base\Beranda" loaded.
INFO - 2021-04-19 01:07:48 --> Controller "App\Controllers\base\Beranda" loaded.
INFO - 2021-04-19 01:07:51 --> Session: Class initialized using 'CodeIgniter\Session\Handlers\FileHandler' driver.
INFO - 2021-04-19 01:07:51 --> Controller "App\Controllers\undangan\Undangan" loaded.
INFO - 2021-04-19 01:09:25 --> Session: Class initialized using 'CodeIgniter\Session\Handlers\FileHandler' driver.
INFO - 2021-04-19 01:09:25 --> Controller "App\Controllers\undangan\Undangan" loaded.
INFO - 2021-04-19 01:12:46 --> Controller "App\Controllers\base\Beranda" loaded.
INFO - 2021-04-19 02:18:51 --> Controller "App\Controllers\base\Beranda" loaded.
INFO - 2021-04-19 02:20:03 --> Controller "App\Controllers\base\Beranda" loaded.
INFO - 2021-04-19 02:40:02 --> Controller "App\Controllers\base\Beranda" loaded.
INFO - 2021-04-19 02:57:09 --> Controller "App\Controllers\base\Beranda" loaded.
INFO - 2021-04-19 03:14:56 --> Session: Class initialized using 'CodeIgniter\Session\Handlers\FileHandler' driver.
INFO - 2021-04-19 03:14:56 --> Controller "App\Controllers\undangan\Undangan" loaded.
INFO - 2021-04-19 04:28:09 --> Controller "App\Controllers\base\Beranda" loaded.
INFO - 2021-04-19 04:28:11 --> Controller "App\Controllers\base\Beranda" loaded.
INFO - 2021-04-19 04:28:11 --> Controller "App\Controllers\base\Beranda" loaded.
INFO - 2021-04-19 04:28:16 --> Controller "App\Controllers\base\Beranda" loaded.
INFO - 2021-04-19 04:28:16 --> Controller "App\Controllers\base\Beranda" loaded.
INFO - 2021-04-19 04:28:16 --> Controller "App\Controllers\base\Beranda" loaded.
INFO - 2021-04-19 04:28:16 --> Controller "App\Controllers\base\Beranda" loaded.
INFO - 2021-04-19 04:28:16 --> Controller "App\Controllers\base\Beranda" loaded.
INFO - 2021-04-19 04:28:16 --> Controller "App\Controllers\base\Beranda" loaded.
INFO - 2021-04-19 04:28:16 --> Session: Class initialized using 'CodeIgniter\Session\Handlers\FileHandler' driver.
INFO - 2021-04-19 04:28:16 --> Session: Class initialized using 'CodeIgniter\Session\Handlers\FileHandler' driver.
INFO - 2021-04-19 04:28:16 --> Session: Class initialized using 'CodeIgniter\Session\Handlers\FileHandler' driver.
INFO - 2021-04-19 04:28:16 --> Session: Class initialized using 'CodeIgniter\Session\Handlers\FileHandler' driver.
INFO - 2021-04-19 04:28:16 --> Session: Class initialized using 'CodeIgniter\Session\Handlers\FileHandler' driver.
INFO - 2021-04-19 04:28:16 --> Session: Class initialized using 'CodeIgniter\Session\Handlers\FileHandler' driver.
INFO - 2021-04-19 04:28:16 --> Session: Class initialized using 'CodeIgniter\Session\Handlers\FileHandler' driver.
INFO - 2021-04-19 04:28:16 --> Controller "App\Controllers\base\Dashboard" loaded.
INFO - 2021-04-19 04:28:16 --> Controller "App\Controllers\base\Order" loaded.
INFO - 2021-04-19 04:28:16 --> Controller "App\Controllers\base\Order" loaded.
INFO - 2021-04-19 04:28:16 --> Controller "App\Controllers\base\Order" loaded.
INFO - 2021-04-19 04:28:16 --> Controller "App\Controllers\base\Order" loaded.
INFO - 2021-04-19 04:28:16 --> Controller "App\Controllers\base\Beranda" loaded.
INFO - 2021-04-19 04:28:16 --> Controller "App\Controllers\base\Order" loaded.
INFO - 2021-04-19 04:28:16 --> Controller "App\Controllers\base\Order" loaded.
INFO - 2021-04-19 04:28:16 --> Controller "App\Controllers\base\Beranda" loaded.
INFO - 2021-04-19 04:28:16 --> Controller "App\Controllers\base\Beranda" loaded.
INFO - 2021-04-19 04:28:17 --> Controller "App\Controllers\base\Beranda" loaded.
INFO - 2021-04-19 04:28:17 --> Controller "App\Controllers\base\Beranda" loaded.
INFO - 2021-04-19 04:28:17 --> Controller "App\Controllers\base\Beranda" loaded.
INFO - 2021-04-19 04:28:17 --> Controller "App\Controllers\base\Beranda" loaded.
INFO - 2021-04-19 05:18:25 --> Session: Class initialized using 'CodeIgniter\Session\Handlers\FileHandler' driver.
INFO - 2021-04-19 05:18:25 --> Controller "App\Controllers\undangan\Undangan" loaded.
INFO - 2021-04-19 05:55:07 --> Controller "App\Controllers\base\Beranda" loaded.
INFO - 2021-04-19 05:55:45 --> Controller "App\Controllers\base\Beranda" loaded.
INFO - 2021-04-19 07:56:30 --> Controller "App\Controllers\base\Beranda" loaded.
INFO - 2021-04-19 08:16:53 --> Controller "App\Controllers\base\Beranda" loaded.
INFO - 2021-04-19 09:02:25 --> Controller "App\Controllers\base\Beranda" loaded.
INFO - 2021-04-19 10:03:28 --> Controller "App\Controllers\base\Beranda" loaded.
INFO - 2021-04-19 10:03:59 --> Controller "App\Controllers\base\Beranda" loaded.
INFO - 2021-04-19 10:04:07 --> Session: Class initialized using 'CodeIgniter\Session\Handlers\FileHandler' driver.
INFO - 2021-04-19 10:04:07 --> Controller "App\Controllers\base\Order" loaded.
INFO - 2021-04-19 10:04:08 --> Controller "App\Controllers\base\Beranda" loaded.
INFO - 2021-04-19 10:04:16 --> Controller "App\Controllers\base\Beranda" loaded.
INFO - 2021-04-19 10:04:31 --> Controller "App\Controllers\base\Beranda" loaded.
INFO - 2021-04-19 10:08:21 --> Controller "App\Controllers\base\Beranda" loaded.
INFO - 2021-04-19 10:09:57 --> Controller "App\Controllers\base\Beranda" loaded.
INFO - 2021-04-19 10:13:49 --> Controller "App\Controllers\base\Beranda" loaded.
INFO - 2021-04-19 10:34:54 --> Session: Class initialized using 'CodeIgniter\Session\Handlers\FileHandler' driver.
INFO - 2021-04-19 10:34:54 --> Controller "App\Controllers\base\Order" loaded.
INFO - 2021-04-19 11:04:27 --> Controller "App\Controllers\base\Beranda" loaded.
INFO - 2021-04-19 11:05:03 --> Controller "App\Controllers\base\Beranda" loaded.
INFO - 2021-04-19 13:07:03 --> Controller "App\Controllers\base\Beranda" loaded.
INFO - 2021-04-19 15:34:43 --> Controller "App\Controllers\base\Beranda" loaded.
INFO - 2021-04-19 15:35:14 --> Controller "App\Controllers\base\Beranda" loaded.
INFO - 2021-04-19 16:05:18 --> Controller "App\Controllers\base\Beranda" loaded.
INFO - 2021-04-19 16:05:50 --> Controller "App\Controllers\base\Beranda" loaded.
INFO - 2021-04-19 16:06:02 --> Session: Class initialized using 'CodeIgniter\Session\Handlers\FileHandler' driver.
INFO - 2021-04-19 16:06:02 --> Controller "App\Controllers\base\Order" loaded.
INFO - 2021-04-19 16:06:11 --> Controller "App\Controllers\base\Beranda" loaded.
INFO - 2021-04-19 16:06:20 --> Controller "App\Controllers\base\Beranda" loaded.
INFO - 2021-04-19 16:09:02 --> Controller "App\Controllers\base\Beranda" loaded.
INFO - 2021-04-19 16:12:30 --> Controller "App\Controllers\base\Beranda" loaded.
INFO - 2021-04-19 16:14:33 --> Controller "App\Controllers\base\Beranda" loaded.
INFO - 2021-04-19 16:35:19 --> Controller "App\Controllers\base\Beranda" loaded.
INFO - 2021-04-19 16:37:52 --> Controller "App\Controllers\base\Beranda" loaded.
INFO - 2021-04-19 16:37:53 --> Controller "App\Controllers\base\Beranda" loaded.
INFO - 2021-04-19 16:41:15 --> Controller "App\Controllers\base\Beranda" loaded.
INFO - 2021-04-19 17:21:39 --> Controller "App\Controllers\base\Beranda" loaded.
INFO - 2021-04-19 17:21:47 --> Controller "App\Controllers\base\Beranda" loaded.
INFO - 2021-04-19 17:22:08 --> Controller "App\Controllers\base\Beranda" loaded.
INFO - 2021-04-19 17:22:08 --> Controller "App\Controllers\base\Beranda" loaded.
INFO - 2021-04-19 17:22:09 --> Controller "App\Controllers\base\Beranda" loaded.
INFO - 2021-04-19 17:22:15 --> Controller "App\Controllers\base\Beranda" loaded.
INFO - 2021-04-19 17:22:17 --> Controller "App\Controllers\base\Beranda" loaded.
INFO - 2021-04-19 17:22:17 --> Controller "App\Controllers\base\Beranda" loaded.
INFO - 2021-04-19 17:22:18 --> Controller "App\Controllers\base\Beranda" loaded.
INFO - 2021-04-19 17:22:18 --> Controller "App\Controllers\base\Beranda" loaded.
INFO - 2021-04-19 17:22:19 --> Controller "App\Controllers\base\Beranda" loaded.
INFO - 2021-04-19 17:22:25 --> Controller "App\Controllers\base\Beranda" loaded.
INFO - 2021-04-19 17:22:25 --> Controller "App\Controllers\base\Beranda" loaded.
INFO - 2021-04-19 17:22:26 --> Controller "App\Controllers\base\Beranda" loaded.
INFO - 2021-04-19 17:22:27 --> Controller "App\Controllers\base\Beranda" loaded.
INFO - 2021-04-19 17:22:35 --> Controller "App\Controllers\base\Beranda" loaded.
INFO - 2021-04-19 17:22:37 --> Controller "App\Controllers\base\Beranda" loaded.
INFO - 2021-04-19 17:22:41 --> Controller "App\Controllers\base\Beranda" loaded.
INFO - 2021-04-19 17:22:41 --> Controller "App\Controllers\base\Beranda" loaded.
INFO - 2021-04-19 17:22:43 --> Controller "App\Controllers\base\Beranda" loaded.
INFO - 2021-04-19 17:22:43 --> Controller "App\Controllers\base\Beranda" loaded.
INFO - 2021-04-19 17:22:44 --> Controller "App\Controllers\base\Beranda" loaded.
INFO - 2021-04-19 17:23:09 --> Controller "App\Controllers\base\Beranda" loaded.
INFO - 2021-04-19 17:23:09 --> Controller "App\Controllers\base\Beranda" loaded.
INFO - 2021-04-19 17:23:10 --> Controller "App\Controllers\base\Beranda" loaded.
INFO - 2021-04-19 17:23:11 --> Controller "App\Controllers\base\Beranda" loaded.
INFO - 2021-04-19 17:23:22 --> Controller "App\Controllers\base\Beranda" loaded.
INFO - 2021-04-19 17:35:52 --> Controller "App\Controllers\base\Beranda" loaded.
INFO - 2021-04-19 17:42:51 --> Session: Class initialized using 'CodeIgniter\Session\Handlers\FileHandler' driver.
INFO - 2021-04-19 17:42:51 --> Controller "App\Controllers\undangan\Undangan" loaded.
INFO - 2021-04-19 17:43:00 --> Session: Class initialized using 'CodeIgniter\Session\Handlers\FileHandler' driver.
INFO - 2021-04-19 17:43:00 --> Controller "App\Controllers\undangan\Undangan" loaded.
INFO - 2021-04-19 18:42:50 --> Controller "App\Controllers\base\Beranda" loaded.
INFO - 2021-04-19 18:53:14 --> Controller "App\Controllers\base\Beranda" loaded.
INFO - 2021-04-19 18:55:11 --> Controller "App\Controllers\base\Beranda" loaded.
INFO - 2021-04-19 19:00:02 --> Controller "App\Controllers\base\Beranda" loaded.
INFO - 2021-04-19 19:11:07 --> Controller "App\Controllers\base\Beranda" loaded.
INFO - 2021-04-19 19:24:20 --> Controller "App\Controllers\base\Beranda" loaded.
INFO - 2021-04-19 19:24:58 --> Controller "App\Controllers\base\Beranda" loaded.
INFO - 2021-04-19 19:25:07 --> Controller "App\Controllers\base\Beranda" loaded.
INFO - 2021-04-19 19:25:14 --> Session: Class initialized using 'CodeIgniter\Session\Handlers\FileHandler' driver.
INFO - 2021-04-19 19:25:14 --> Controller "App\Controllers\undangan\Undangan" loaded.
INFO - 2021-04-19 19:25:43 --> Controller "App\Controllers\base\Beranda" loaded.
INFO - 2021-04-19 19:42:44 --> Controller "App\Controllers\base\Beranda" loaded.
INFO - 2021-04-19 19:46:46 --> Controller "App\Controllers\base\Beranda" loaded.
INFO - 2021-04-19 19:46:54 --> Session: Class initialized using 'CodeIgniter\Session\Handlers\FileHandler' driver.
INFO - 2021-04-19 19:46:54 --> Controller "App\Controllers\base\Order" loaded.
INFO - 2021-04-19 19:46:55 --> Controller "App\Controllers\base\Beranda" loaded.
INFO - 2021-04-19 19:55:57 --> Session: Class initialized using 'CodeIgniter\Session\Handlers\FileHandler' driver.
INFO - 2021-04-19 19:55:57 --> Controller "App\Controllers\base\Order" loaded.
INFO - 2021-04-19 20:04:11 --> Controller "App\Controllers\base\Beranda" loaded.
INFO - 2021-04-19 20:22:31 --> Controller "App\Controllers\base\Beranda" loaded.
INFO - 2021-04-19 20:25:08 --> Controller "App\Controllers\base\Beranda" loaded.
INFO - 2021-04-19 20:25:11 --> Controller "App\Controllers\base\Beranda" loaded.
INFO - 2021-04-19 20:25:48 --> Controller "App\Controllers\base\Beranda" loaded.
INFO - 2021-04-19 20:26:35 --> Controller "App\Controllers\base\Beranda" loaded.
INFO - 2021-04-19 20:26:52 --> Controller "App\Controllers\base\Beranda" loaded.
INFO - 2021-04-19 20:27:08 --> Controller "App\Controllers\base\Beranda" loaded.
INFO - 2021-04-19 20:27:29 --> Controller "App\Controllers\base\Beranda" loaded.
INFO - 2021-04-19 20:29:31 --> Controller "App\Controllers\base\Beranda" loaded.
INFO - 2021-04-19 20:29:58 --> Controller "App\Controllers\base\Beranda" loaded.
INFO - 2021-04-19 20:29:58 --> Controller "App\Controllers\base\Beranda" loaded.
INFO - 2021-04-19 20:29:58 --> Controller "App\Controllers\base\Beranda" loaded.
INFO - 2021-04-19 20:30:09 --> Controller "App\Controllers\base\Beranda" loaded.
INFO - 2021-04-19 20:30:27 --> Controller "App\Controllers\base\Beranda" loaded.
INFO - 2021-04-19 20:31:12 --> Controller "App\Controllers\base\Beranda" loaded.
INFO - 2021-04-19 20:31:30 --> Controller "App\Controllers\base\Beranda" loaded.
INFO - 2021-04-19 20:31:30 --> Controller "App\Controllers\base\Beranda" loaded.
INFO - 2021-04-19 20:31:31 --> Controller "App\Controllers\base\Beranda" loaded.
INFO - 2021-04-19 20:31:32 --> Controller "App\Controllers\base\Beranda" loaded.
INFO - 2021-04-19 20:31:48 --> Controller "App\Controllers\base\Beranda" loaded.
INFO - 2021-04-19 20:31:48 --> Controller "App\Controllers\base\Beranda" loaded.
INFO - 2021-04-19 20:31:49 --> Controller "App\Controllers\base\Beranda" loaded.
INFO - 2021-04-19 20:31:50 --> Controller "App\Controllers\base\Beranda" loaded.
INFO - 2021-04-19 20:32:18 --> Controller "App\Controllers\base\Beranda" loaded.
INFO - 2021-04-19 20:32:18 --> Controller "App\Controllers\base\Beranda" loaded.
INFO - 2021-04-19 20:32:19 --> Controller "App\Controllers\base\Beranda" loaded.
INFO - 2021-04-19 20:32:20 --> Controller "App\Controllers\base\Beranda" loaded.
INFO - 2021-04-19 20:32:35 --> Controller "App\Controllers\base\Beranda" loaded.
INFO - 2021-04-19 20:32:42 --> Controller "App\Controllers\base\Beranda" loaded.
INFO - 2021-04-19 20:33:35 --> Controller "App\Controllers\base\Beranda" loaded.
INFO - 2021-04-19 20:34:09 --> Controller "App\Controllers\base\Beranda" loaded.
INFO - 2021-04-19 20:34:10 --> Controller "App\Controllers\base\Beranda" loaded.
INFO - 2021-04-19 20:34:10 --> Controller "App\Controllers\base\Beranda" loaded.
INFO - 2021-04-19 20:34:11 --> Controller "App\Controllers\base\Beranda" loaded.
INFO - 2021-04-19 20:34:28 --> Controller "App\Controllers\base\Beranda" loaded.
INFO - 2021-04-19 20:34:28 --> Controller "App\Controllers\base\Beranda" loaded.
INFO - 2021-04-19 20:34:28 --> Controller "App\Controllers\base\Beranda" loaded.
INFO - 2021-04-19 20:34:29 --> Controller "App\Controllers\base\Beranda" loaded.
INFO - 2021-04-19 20:35:20 --> Controller "App\Controllers\base\Beranda" loaded.
INFO - 2021-04-19 20:41:21 --> Controller "App\Controllers\base\Beranda" loaded.
INFO - 2021-04-19 20:44:28 --> Controller "App\Controllers\base\Beranda" loaded.
INFO - 2021-04-19 20:44:28 --> Controller "App\Controllers\base\Beranda" loaded.
INFO - 2021-04-19 20:44:35 --> Controller "App\Controllers\base\Beranda" loaded.
INFO - 2021-04-19 20:44:43 --> Controller "App\Controllers\base\Beranda" loaded.
INFO - 2021-04-19 20:44:47 --> Controller "App\Controllers\base\Beranda" loaded.
INFO - 2021-04-19 20:44:48 --> Controller "App\Controllers\base\Beranda" loaded.
INFO - 2021-04-19 20:46:27 --> Controller "App\Controllers\base\Beranda" loaded.
INFO - 2021-04-19 21:32:02 --> Controller "App\Controllers\base\Beranda" loaded.
INFO - 2021-04-19 21:35:07 --> Controller "App\Controllers\base\Beranda" loaded.
INFO - 2021-04-19 21:35:10 --> Session: Class initialized using 'CodeIgniter\Session\Handlers\FileHandler' driver.
INFO - 2021-04-19 21:35:10 --> Controller "App\Controllers\undangan\Undangan" loaded.
INFO - 2021-04-19 21:35:11 --> Session: Class initialized using 'CodeIgniter\Session\Handlers\FileHandler' driver.
INFO - 2021-04-19 21:35:11 --> Controller "App\Controllers\undangan\Undangan" loaded.
INFO - 2021-04-19 21:35:13 --> Controller "App\Controllers\base\Beranda" loaded.
INFO - 2021-04-19 21:35:14 --> Controller "App\Controllers\base\Beranda" loaded.
INFO - 2021-04-19 21:36:06 --> Controller "App\Controllers\base\Beranda" loaded.
INFO - 2021-04-19 21:36:09 --> Controller "App\Controllers\base\Beranda" loaded.
INFO - 2021-04-19 21:36:09 --> Controller "App\Controllers\base\Beranda" loaded.
INFO - 2021-04-19 21:37:07 --> Controller "App\Controllers\base\Beranda" loaded.
INFO - 2021-04-19 21:37:09 --> Controller "App\Controllers\base\Beranda" loaded.
INFO - 2021-04-19 21:37:10 --> Controller "App\Controllers\base\Beranda" loaded.
INFO - 2021-04-19 21:38:07 --> Controller "App\Controllers\base\Beranda" loaded.
INFO - 2021-04-19 21:38:09 --> Controller "App\Controllers\base\Beranda" loaded.
INFO - 2021-04-19 21:38:10 --> Controller "App\Controllers\base\Beranda" loaded.
INFO - 2021-04-19 21:39:02 --> Controller "App\Controllers\base\Beranda" loaded.
INFO - 2021-04-19 21:39:04 --> Controller "App\Controllers\base\Beranda" loaded.
INFO - 2021-04-19 21:39:05 --> Controller "App\Controllers\base\Beranda" loaded.
INFO - 2021-04-19 21:39:11 --> Controller "App\Controllers\base\Beranda" loaded.
INFO - 2021-04-19 21:39:14 --> Controller "App\Controllers\base\Beranda" loaded.
INFO - 2021-04-19 21:39:14 --> Controller "App\Controllers\base\Beranda" loaded.
INFO - 2021-04-19 21:39:21 --> Controller "App\Controllers\base\Beranda" loaded.
INFO - 2021-04-19 21:39:23 --> Controller "App\Controllers\base\Beranda" loaded.
INFO - 2021-04-19 21:39:24 --> Controller "App\Controllers\base\Beranda" loaded.
INFO - 2021-04-19 21:40:02 --> Controller "App\Controllers\base\Beranda" loaded.
INFO - 2021-04-19 21:40:04 --> Controller "App\Controllers\base\Beranda" loaded.
INFO - 2021-04-19 21:40:05 --> Controller "App\Controllers\base\Beranda" loaded.
INFO - 2021-04-19 21:40:11 --> Controller "App\Controllers\base\Beranda" loaded.
INFO - 2021-04-19 21:40:13 --> Controller "App\Controllers\base\Beranda" loaded.
INFO - 2021-04-19 21:40:14 --> Controller "App\Controllers\base\Beranda" loaded.
INFO - 2021-04-19 21:40:21 --> Controller "App\Controllers\base\Beranda" loaded.
INFO - 2021-04-19 21:40:23 --> Controller "App\Controllers\base\Beranda" loaded.
INFO - 2021-04-19 21:40:31 --> Controller "App\Controllers\base\Beranda" loaded.
INFO - 2021-04-19 21:40:33 --> Controller "App\Controllers\base\Beranda" loaded.
INFO - 2021-04-19 21:40:34 --> Controller "App\Controllers\base\Beranda" loaded.
INFO - 2021-04-19 21:40:34 --> Controller "App\Controllers\base\Beranda" loaded.
INFO - 2021-04-19 21:40:49 --> Controller "App\Controllers\base\Beranda" loaded.
INFO - 2021-04-19 21:41:01 --> Controller "App\Controllers\base\Beranda" loaded.
INFO - 2021-04-19 21:41:06 --> Session: Class initialized using 'CodeIgniter\Session\Handlers\FileHandler' driver.
INFO - 2021-04-19 21:41:06 --> Controller "App\Controllers\undangan\Undangan" loaded.
INFO - 2021-04-19 21:41:06 --> Session: Class initialized using 'CodeIgniter\Session\Handlers\FileHandler' driver.
INFO - 2021-04-19 21:41:06 --> Controller "App\Controllers\undangan\Undangan" loaded.
INFO - 2021-04-19 21:41:09 --> Controller "App\Controllers\base\Beranda" loaded.
INFO - 2021-04-19 21:41:09 --> Controller "App\Controllers\base\Beranda" loaded.
INFO - 2021-04-19 21:41:09 --> Controller "App\Controllers\base\Beranda" loaded.
INFO - 2021-04-19 21:41:21 --> Controller "App\Controllers\base\Beranda" loaded.
INFO - 2021-04-19 21:41:23 --> Controller "App\Controllers\base\Beranda" loaded.
INFO - 2021-04-19 21:41:24 --> Controller "App\Controllers\base\Beranda" loaded.
INFO - 2021-04-19 21:41:31 --> Controller "App\Controllers\base\Beranda" loaded.
INFO - 2021-04-19 21:41:33 --> Controller "App\Controllers\base\Beranda" loaded.
INFO - 2021-04-19 21:41:34 --> Controller "App\Controllers\base\Beranda" loaded.
INFO - 2021-04-19 21:41:41 --> Controller "App\Controllers\base\Beranda" loaded.
INFO - 2021-04-19 21:41:44 --> Controller "App\Controllers\base\Beranda" loaded.
INFO - 2021-04-19 21:41:45 --> Controller "App\Controllers\base\Beranda" loaded.
INFO - 2021-04-19 21:42:01 --> Controller "App\Controllers\base\Beranda" loaded.
INFO - 2021-04-19 21:42:05 --> Controller "App\Controllers\base\Beranda" loaded.
INFO - 2021-04-19 21:42:06 --> Controller "App\Controllers\base\Beranda" loaded.
INFO - 2021-04-19 21:43:01 --> Controller "App\Controllers\base\Beranda" loaded.
INFO - 2021-04-19 21:43:04 --> Controller "App\Controllers\base\Beranda" loaded.
INFO - 2021-04-19 21:43:04 --> Controller "App\Controllers\base\Beranda" loaded.
INFO - 2021-04-19 21:43:10 --> Controller "App\Controllers\base\Beranda" loaded.
INFO - 2021-04-19 21:43:10 --> Controller "App\Controllers\base\Beranda" loaded.
INFO - 2021-04-19 21:43:11 --> Controller "App\Controllers\base\Beranda" loaded.
INFO - 2021-04-19 21:43:13 --> Controller "App\Controllers\base\Beranda" loaded.
INFO - 2021-04-19 21:43:29 --> Controller "App\Controllers\base\Beranda" loaded.
INFO - 2021-04-19 22:00:02 --> Controller "App\Controllers\base\Beranda" loaded.
INFO - 2021-04-19 22:00:05 --> Controller "App\Controllers\base\Beranda" loaded.
INFO - 2021-04-19 22:00:06 --> Controller "App\Controllers\base\Beranda" loaded.
INFO - 2021-04-19 22:01:01 --> Controller "App\Controllers\base\Beranda" loaded.
INFO - 2021-04-19 22:01:04 --> Controller "App\Controllers\base\Beranda" loaded.
INFO - 2021-04-19 22:01:05 --> Controller "App\Controllers\base\Beranda" loaded.
INFO - 2021-04-19 22:02:02 --> Controller "App\Controllers\base\Beranda" loaded.
INFO - 2021-04-19 22:02:07 --> Controller "App\Controllers\base\Beranda" loaded.
INFO - 2021-04-19 22:02:07 --> Controller "App\Controllers\base\Beranda" loaded.
INFO - 2021-04-19 22:03:02 --> Controller "App\Controllers\base\Beranda" loaded.
INFO - 2021-04-19 22:03:04 --> Controller "App\Controllers\base\Beranda" loaded.
INFO - 2021-04-19 22:03:05 --> Controller "App\Controllers\base\Beranda" loaded.
INFO - 2021-04-19 22:04:02 --> Controller "App\Controllers\base\Beranda" loaded.
INFO - 2021-04-19 22:04:04 --> Controller "App\Controllers\base\Beranda" loaded.
INFO - 2021-04-19 22:04:05 --> Controller "App\Controllers\base\Beranda" loaded.
INFO - 2021-04-19 22:59:04 --> Controller "App\Controllers\base\Beranda" loaded.
INFO - 2021-04-19 23:08:37 --> Controller "App\Controllers\base\Beranda" loaded.
INFO - 2021-04-19 23:25:24 --> Controller "App\Controllers\base\Beranda" loaded.
INFO - 2021-04-19 23:30:52 --> Controller "App\Controllers\base\Beranda" loaded.
