INFO - 2022-03-23 00:04:49 --> Session: Class initialized using 'CodeIgniter\Session\Handlers\FileHandler' driver.
INFO - 2022-03-23 00:04:49 --> Controller "App\Controllers\bukutamu\Bukutamu" loaded.
INFO - 2022-03-23 00:14:04 --> Controller "App\Controllers\base\Beranda" loaded.
INFO - 2022-03-23 00:14:39 --> Controller "App\Controllers\base\Beranda" loaded.
INFO - 2022-03-23 00:14:47 --> Controller "App\Controllers\base\Beranda" loaded.
INFO - 2022-03-23 01:28:06 --> Controller "App\Controllers\base\Beranda" loaded.
INFO - 2022-03-23 02:06:15 --> Controller "App\Controllers\base\Beranda" loaded.
INFO - 2022-03-23 02:06:17 --> Controller "App\Controllers\base\Beranda" loaded.
INFO - 2022-03-23 02:24:00 --> Controller "App\Controllers\base\Beranda" loaded.
INFO - 2022-03-23 02:49:45 --> Session: Class initialized using 'CodeIgniter\Session\Handlers\FileHandler' driver.
INFO - 2022-03-23 02:49:45 --> Controller "App\Controllers\undangan\Undangan" loaded.
INFO - 2022-03-23 02:50:26 --> Session: Class initialized using 'CodeIgniter\Session\Handlers\FileHandler' driver.
INFO - 2022-03-23 02:50:26 --> Controller "App\Controllers\undangan\Undangan" loaded.
INFO - 2022-03-23 02:50:35 --> Session: Class initialized using 'CodeIgniter\Session\Handlers\FileHandler' driver.
INFO - 2022-03-23 02:50:35 --> Controller "App\Controllers\undangan\Undangan" loaded.
INFO - 2022-03-23 02:50:41 --> Session: Class initialized using 'CodeIgniter\Session\Handlers\FileHandler' driver.
INFO - 2022-03-23 02:50:41 --> Controller "App\Controllers\undangan\Undangan" loaded.
INFO - 2022-03-23 02:50:47 --> Session: Class initialized using 'CodeIgniter\Session\Handlers\FileHandler' driver.
INFO - 2022-03-23 02:50:47 --> Controller "App\Controllers\undangan\Undangan" loaded.
INFO - 2022-03-23 02:50:53 --> Session: Class initialized using 'CodeIgniter\Session\Handlers\FileHandler' driver.
INFO - 2022-03-23 02:50:53 --> Controller "App\Controllers\undangan\Undangan" loaded.
INFO - 2022-03-23 02:51:00 --> Session: Class initialized using 'CodeIgniter\Session\Handlers\FileHandler' driver.
INFO - 2022-03-23 02:51:00 --> Controller "App\Controllers\undangan\Undangan" loaded.
INFO - 2022-03-23 02:51:06 --> Session: Class initialized using 'CodeIgniter\Session\Handlers\FileHandler' driver.
INFO - 2022-03-23 02:51:06 --> Controller "App\Controllers\undangan\Undangan" loaded.
INFO - 2022-03-23 02:51:28 --> Session: Class initialized using 'CodeIgniter\Session\Handlers\FileHandler' driver.
INFO - 2022-03-23 02:51:28 --> Controller "App\Controllers\undangan\Undangan" loaded.
INFO - 2022-03-23 02:51:31 --> Session: Class initialized using 'CodeIgniter\Session\Handlers\FileHandler' driver.
INFO - 2022-03-23 02:51:31 --> Controller "App\Controllers\undangan\Undangan" loaded.
INFO - 2022-03-23 02:51:34 --> Session: Class initialized using 'CodeIgniter\Session\Handlers\FileHandler' driver.
INFO - 2022-03-23 02:51:34 --> Controller "App\Controllers\undangan\Undangan" loaded.
INFO - 2022-03-23 02:51:45 --> Session: Class initialized using 'CodeIgniter\Session\Handlers\FileHandler' driver.
INFO - 2022-03-23 02:51:45 --> Controller "App\Controllers\undangan\Undangan" loaded.
INFO - 2022-03-23 02:51:49 --> Controller "App\Controllers\base\Beranda" loaded.
INFO - 2022-03-23 02:52:34 --> Controller "App\Controllers\base\Beranda" loaded.
INFO - 2022-03-23 02:52:37 --> Controller "App\Controllers\base\Beranda" loaded.
INFO - 2022-03-23 02:52:40 --> Controller "App\Controllers\base\Beranda" loaded.
INFO - 2022-03-23 02:52:55 --> Controller "App\Controllers\base\Beranda" loaded.
INFO - 2022-03-23 02:53:00 --> Controller "App\Controllers\base\Beranda" loaded.
INFO - 2022-03-23 02:53:07 --> Controller "App\Controllers\base\Beranda" loaded.
INFO - 2022-03-23 02:53:12 --> Controller "App\Controllers\base\Beranda" loaded.
INFO - 2022-03-23 02:53:19 --> Session: Class initialized using 'CodeIgniter\Session\Handlers\FileHandler' driver.
INFO - 2022-03-23 02:53:19 --> Controller "App\Controllers\base\Order" loaded.
INFO - 2022-03-23 02:53:26 --> Controller "App\Controllers\base\Beranda" loaded.
INFO - 2022-03-23 03:52:33 --> Controller "App\Controllers\base\Beranda" loaded.
INFO - 2022-03-23 07:00:02 --> Controller "App\Controllers\base\Beranda" loaded.
INFO - 2022-03-23 07:00:02 --> Controller "App\Controllers\base\Beranda" loaded.
INFO - 2022-03-23 07:08:40 --> Session: Class initialized using 'CodeIgniter\Session\Handlers\FileHandler' driver.
INFO - 2022-03-23 07:08:40 --> Controller "App\Controllers\undangan\Undangan" loaded.
INFO - 2022-03-23 07:10:02 --> Controller "App\Controllers\base\Beranda" loaded.
INFO - 2022-03-23 07:10:45 --> Controller "App\Controllers\base\Beranda" loaded.
INFO - 2022-03-23 07:11:58 --> Controller "App\Controllers\base\Beranda" loaded.
INFO - 2022-03-23 07:12:42 --> Session: Class initialized using 'CodeIgniter\Session\Handlers\FileHandler' driver.
INFO - 2022-03-23 07:12:42 --> Controller "App\Controllers\bukutamu\Bukutamu" loaded.
INFO - 2022-03-23 07:13:03 --> Controller "App\Controllers\base\Beranda" loaded.
INFO - 2022-03-23 07:20:02 --> Controller "App\Controllers\base\Beranda" loaded.
INFO - 2022-03-23 07:20:20 --> Controller "App\Controllers\base\Beranda" loaded.
INFO - 2022-03-23 07:26:31 --> Controller "App\Controllers\base\Beranda" loaded.
INFO - 2022-03-23 07:26:33 --> Controller "App\Controllers\base\Beranda" loaded.
INFO - 2022-03-23 07:26:45 --> Session: Class initialized using 'CodeIgniter\Session\Handlers\FileHandler' driver.
INFO - 2022-03-23 07:26:45 --> Controller "App\Controllers\undangan\Undangan" loaded.
INFO - 2022-03-23 07:28:23 --> Session: Class initialized using 'CodeIgniter\Session\Handlers\FileHandler' driver.
INFO - 2022-03-23 07:28:23 --> Controller "App\Controllers\undangan\Undangan" loaded.
INFO - 2022-03-23 07:28:41 --> Session: Class initialized using 'CodeIgniter\Session\Handlers\FileHandler' driver.
INFO - 2022-03-23 07:28:41 --> Controller "App\Controllers\bukutamu\Bukutamu" loaded.
INFO - 2022-03-23 07:28:54 --> Session: Class initialized using 'CodeIgniter\Session\Handlers\FileHandler' driver.
INFO - 2022-03-23 07:28:54 --> Controller "App\Controllers\bukutamu\Bukutamu" loaded.
INFO - 2022-03-23 07:30:02 --> Controller "App\Controllers\base\Beranda" loaded.
INFO - 2022-03-23 07:37:54 --> Session: Class initialized using 'CodeIgniter\Session\Handlers\FileHandler' driver.
INFO - 2022-03-23 07:37:54 --> Controller "App\Controllers\undangan\Undangan" loaded.
INFO - 2022-03-23 07:40:02 --> Controller "App\Controllers\base\Beranda" loaded.
INFO - 2022-03-23 07:50:02 --> Controller "App\Controllers\base\Beranda" loaded.
INFO - 2022-03-23 07:51:09 --> Session: Class initialized using 'CodeIgniter\Session\Handlers\FileHandler' driver.
INFO - 2022-03-23 07:51:09 --> Controller "App\Controllers\undangan\Undangan" loaded.
INFO - 2022-03-23 07:53:41 --> Controller "App\Controllers\base\Beranda" loaded.
INFO - 2022-03-23 07:53:52 --> Session: Class initialized using 'CodeIgniter\Session\Handlers\FileHandler' driver.
INFO - 2022-03-23 07:53:52 --> Controller "App\Controllers\admin\Admin" loaded.
INFO - 2022-03-23 07:53:57 --> Session: Class initialized using 'CodeIgniter\Session\Handlers\FileHandler' driver.
INFO - 2022-03-23 07:53:57 --> Controller "App\Controllers\admin\Admin" loaded.
INFO - 2022-03-23 07:54:09 --> Session: Class initialized using 'CodeIgniter\Session\Handlers\FileHandler' driver.
INFO - 2022-03-23 07:54:09 --> Controller "App\Controllers\undangan\Undangan" loaded.
INFO - 2022-03-23 07:54:14 --> Session: Class initialized using 'CodeIgniter\Session\Handlers\FileHandler' driver.
INFO - 2022-03-23 07:54:14 --> Controller "App\Controllers\undangan\Undangan" loaded.
INFO - 2022-03-23 07:54:32 --> Session: Class initialized using 'CodeIgniter\Session\Handlers\FileHandler' driver.
INFO - 2022-03-23 07:54:32 --> Controller "App\Controllers\bukutamu\Bukutamu" loaded.
INFO - 2022-03-23 07:54:41 --> Session: Class initialized using 'CodeIgniter\Session\Handlers\FileHandler' driver.
INFO - 2022-03-23 07:54:41 --> Controller "App\Controllers\bukutamu\Bukutamu" loaded.
INFO - 2022-03-23 08:00:02 --> Controller "App\Controllers\base\Beranda" loaded.
INFO - 2022-03-23 08:04:04 --> Session: Class initialized using 'CodeIgniter\Session\Handlers\FileHandler' driver.
INFO - 2022-03-23 08:04:04 --> Controller "App\Controllers\undangan\Undangan" loaded.
INFO - 2022-03-23 08:10:02 --> Controller "App\Controllers\base\Beranda" loaded.
INFO - 2022-03-23 08:15:52 --> Session: Class initialized using 'CodeIgniter\Session\Handlers\FileHandler' driver.
INFO - 2022-03-23 08:15:52 --> Controller "App\Controllers\undangan\Undangan" loaded.
INFO - 2022-03-23 08:20:02 --> Controller "App\Controllers\base\Beranda" loaded.
INFO - 2022-03-23 08:22:39 --> Controller "App\Controllers\base\Beranda" loaded.
INFO - 2022-03-23 08:30:01 --> Controller "App\Controllers\base\Beranda" loaded.
INFO - 2022-03-23 08:38:22 --> Session: Class initialized using 'CodeIgniter\Session\Handlers\FileHandler' driver.
INFO - 2022-03-23 08:38:22 --> Controller "App\Controllers\undangan\Undangan" loaded.
INFO - 2022-03-23 08:40:02 --> Controller "App\Controllers\base\Beranda" loaded.
INFO - 2022-03-23 08:42:11 --> Session: Class initialized using 'CodeIgniter\Session\Handlers\FileHandler' driver.
INFO - 2022-03-23 08:42:11 --> Controller "App\Controllers\undangan\Undangan" loaded.
INFO - 2022-03-23 08:50:02 --> Controller "App\Controllers\base\Beranda" loaded.
INFO - 2022-03-23 09:00:02 --> Controller "App\Controllers\base\Beranda" loaded.
INFO - 2022-03-23 09:10:02 --> Controller "App\Controllers\base\Beranda" loaded.
INFO - 2022-03-23 09:15:14 --> Session: Class initialized using 'CodeIgniter\Session\Handlers\FileHandler' driver.
INFO - 2022-03-23 09:15:14 --> Controller "App\Controllers\bukutamu\Bukutamu" loaded.
INFO - 2022-03-23 09:15:37 --> Session: Class initialized using 'CodeIgniter\Session\Handlers\FileHandler' driver.
INFO - 2022-03-23 09:15:37 --> Controller "App\Controllers\bukutamu\Bukutamu" loaded.
INFO - 2022-03-23 09:15:49 --> Controller "App\Controllers\base\Beranda" loaded.
INFO - 2022-03-23 09:20:02 --> Controller "App\Controllers\base\Beranda" loaded.
INFO - 2022-03-23 09:30:02 --> Controller "App\Controllers\base\Beranda" loaded.
INFO - 2022-03-23 09:32:56 --> Controller "App\Controllers\base\Beranda" loaded.
INFO - 2022-03-23 09:33:05 --> Session: Class initialized using 'CodeIgniter\Session\Handlers\FileHandler' driver.
INFO - 2022-03-23 09:33:05 --> Controller "App\Controllers\base\Order" loaded.
INFO - 2022-03-23 09:33:05 --> Controller "App\Controllers\base\Beranda" loaded.
INFO - 2022-03-23 09:33:09 --> Session: Class initialized using 'CodeIgniter\Session\Handlers\FileHandler' driver.
INFO - 2022-03-23 09:33:09 --> Controller "App\Controllers\base\Order" loaded.
INFO - 2022-03-23 09:33:12 --> Session: Class initialized using 'CodeIgniter\Session\Handlers\FileHandler' driver.
INFO - 2022-03-23 09:33:12 --> Controller "App\Controllers\base\Order" loaded.
INFO - 2022-03-23 09:33:15 --> Controller "App\Controllers\base\Beranda" loaded.
INFO - 2022-03-23 09:33:16 --> Controller "App\Controllers\base\Beranda" loaded.
INFO - 2022-03-23 09:34:01 --> Controller "App\Controllers\base\Beranda" loaded.
INFO - 2022-03-23 09:40:02 --> Controller "App\Controllers\base\Beranda" loaded.
INFO - 2022-03-23 09:50:02 --> Controller "App\Controllers\base\Beranda" loaded.
INFO - 2022-03-23 10:00:02 --> Controller "App\Controllers\base\Beranda" loaded.
INFO - 2022-03-23 10:10:02 --> Controller "App\Controllers\base\Beranda" loaded.
INFO - 2022-03-23 10:20:02 --> Controller "App\Controllers\base\Beranda" loaded.
INFO - 2022-03-23 10:29:10 --> Session: Class initialized using 'CodeIgniter\Session\Handlers\FileHandler' driver.
INFO - 2022-03-23 10:29:10 --> Controller "App\Controllers\undangan\Undangan" loaded.
INFO - 2022-03-23 10:30:02 --> Controller "App\Controllers\base\Beranda" loaded.
INFO - 2022-03-23 10:40:02 --> Controller "App\Controllers\base\Beranda" loaded.
INFO - 2022-03-23 10:50:02 --> Controller "App\Controllers\base\Beranda" loaded.
INFO - 2022-03-23 10:51:06 --> Controller "App\Controllers\base\Beranda" loaded.
INFO - 2022-03-23 11:00:02 --> Controller "App\Controllers\base\Beranda" loaded.
INFO - 2022-03-23 11:01:35 --> Controller "App\Controllers\base\Beranda" loaded.
INFO - 2022-03-23 11:01:59 --> Session: Class initialized using 'CodeIgniter\Session\Handlers\FileHandler' driver.
INFO - 2022-03-23 11:01:59 --> Controller "App\Controllers\base\Order" loaded.
INFO - 2022-03-23 11:01:59 --> Controller "App\Controllers\base\Beranda" loaded.
INFO - 2022-03-23 11:02:11 --> Session: Class initialized using 'CodeIgniter\Session\Handlers\FileHandler' driver.
INFO - 2022-03-23 11:02:11 --> Controller "App\Controllers\base\Order" loaded.
INFO - 2022-03-23 11:10:02 --> Controller "App\Controllers\base\Beranda" loaded.
INFO - 2022-03-23 11:20:02 --> Controller "App\Controllers\base\Beranda" loaded.
INFO - 2022-03-23 11:22:59 --> Session: Class initialized using 'CodeIgniter\Session\Handlers\FileHandler' driver.
INFO - 2022-03-23 11:22:59 --> Controller "App\Controllers\undangan\Undangan" loaded.
INFO - 2022-03-23 11:30:02 --> Controller "App\Controllers\base\Beranda" loaded.
INFO - 2022-03-23 11:40:02 --> Controller "App\Controllers\base\Beranda" loaded.
INFO - 2022-03-23 11:50:02 --> Controller "App\Controllers\base\Beranda" loaded.
INFO - 2022-03-23 12:00:02 --> Controller "App\Controllers\base\Beranda" loaded.
INFO - 2022-03-23 12:06:11 --> Controller "App\Controllers\base\Beranda" loaded.
INFO - 2022-03-23 12:10:02 --> Controller "App\Controllers\base\Beranda" loaded.
INFO - 2022-03-23 12:13:51 --> Controller "App\Controllers\base\Beranda" loaded.
INFO - 2022-03-23 12:14:07 --> Session: Class initialized using 'CodeIgniter\Session\Handlers\FileHandler' driver.
INFO - 2022-03-23 12:14:07 --> Controller "App\Controllers\base\Dashboard" loaded.
INFO - 2022-03-23 12:15:46 --> Session: Class initialized using 'CodeIgniter\Session\Handlers\FileHandler' driver.
INFO - 2022-03-23 12:15:46 --> Controller "App\Controllers\admin\Admin" loaded.
INFO - 2022-03-23 12:15:58 --> Session: Class initialized using 'CodeIgniter\Session\Handlers\FileHandler' driver.
INFO - 2022-03-23 12:15:58 --> Controller "App\Controllers\admin\Admin" loaded.
INFO - 2022-03-23 12:15:58 --> Session: Class initialized using 'CodeIgniter\Session\Handlers\FileHandler' driver.
INFO - 2022-03-23 12:15:58 --> Controller "App\Controllers\admin\Admin" loaded.
INFO - 2022-03-23 12:16:06 --> Session: Class initialized using 'CodeIgniter\Session\Handlers\FileHandler' driver.
INFO - 2022-03-23 12:16:06 --> Controller "App\Controllers\admin\Admin" loaded.
INFO - 2022-03-23 12:16:13 --> Session: Class initialized using 'CodeIgniter\Session\Handlers\FileHandler' driver.
INFO - 2022-03-23 12:16:13 --> Controller "App\Controllers\admin\Admin" loaded.
INFO - 2022-03-23 12:16:13 --> Session: Class initialized using 'CodeIgniter\Session\Handlers\FileHandler' driver.
INFO - 2022-03-23 12:16:13 --> Controller "App\Controllers\admin\Admin" loaded.
INFO - 2022-03-23 12:16:26 --> Session: Class initialized using 'CodeIgniter\Session\Handlers\FileHandler' driver.
INFO - 2022-03-23 12:16:26 --> Controller "App\Controllers\admin\Admin" loaded.
INFO - 2022-03-23 12:16:49 --> Session: Class initialized using 'CodeIgniter\Session\Handlers\FileHandler' driver.
INFO - 2022-03-23 12:16:49 --> Controller "App\Controllers\admin\Admin" loaded.
INFO - 2022-03-23 12:17:04 --> Session: Class initialized using 'CodeIgniter\Session\Handlers\FileHandler' driver.
INFO - 2022-03-23 12:17:04 --> Controller "App\Controllers\admin\Admin" loaded.
INFO - 2022-03-23 12:17:09 --> Session: Class initialized using 'CodeIgniter\Session\Handlers\FileHandler' driver.
INFO - 2022-03-23 12:17:09 --> Controller "App\Controllers\admin\Admin" loaded.
INFO - 2022-03-23 12:18:18 --> Session: Class initialized using 'CodeIgniter\Session\Handlers\FileHandler' driver.
INFO - 2022-03-23 12:18:18 --> Controller "App\Controllers\undangan\Undangan" loaded.
INFO - 2022-03-23 12:20:02 --> Controller "App\Controllers\base\Beranda" loaded.
INFO - 2022-03-23 12:20:03 --> Session: Class initialized using 'CodeIgniter\Session\Handlers\FileHandler' driver.
INFO - 2022-03-23 12:20:03 --> Controller "App\Controllers\admin\Admin" loaded.
INFO - 2022-03-23 12:20:12 --> Session: Class initialized using 'CodeIgniter\Session\Handlers\FileHandler' driver.
INFO - 2022-03-23 12:20:12 --> Controller "App\Controllers\admin\Admin" loaded.
INFO - 2022-03-23 12:20:23 --> Session: Class initialized using 'CodeIgniter\Session\Handlers\FileHandler' driver.
INFO - 2022-03-23 12:20:23 --> Controller "App\Controllers\admin\Admin" loaded.
INFO - 2022-03-23 12:20:30 --> Session: Class initialized using 'CodeIgniter\Session\Handlers\FileHandler' driver.
INFO - 2022-03-23 12:20:30 --> Controller "App\Controllers\admin\Admin" loaded.
INFO - 2022-03-23 12:20:34 --> Session: Class initialized using 'CodeIgniter\Session\Handlers\FileHandler' driver.
INFO - 2022-03-23 12:20:34 --> Controller "App\Controllers\admin\Admin" loaded.
INFO - 2022-03-23 12:20:38 --> Session: Class initialized using 'CodeIgniter\Session\Handlers\FileHandler' driver.
INFO - 2022-03-23 12:20:38 --> Controller "App\Controllers\admin\Admin" loaded.
INFO - 2022-03-23 12:28:43 --> Controller "App\Controllers\base\Beranda" loaded.
INFO - 2022-03-23 12:30:02 --> Controller "App\Controllers\base\Beranda" loaded.
INFO - 2022-03-23 12:40:01 --> Controller "App\Controllers\base\Beranda" loaded.
INFO - 2022-03-23 12:40:02 --> Session: Class initialized using 'CodeIgniter\Session\Handlers\FileHandler' driver.
INFO - 2022-03-23 12:40:02 --> Controller "App\Controllers\base\Order" loaded.
INFO - 2022-03-23 12:50:02 --> Controller "App\Controllers\base\Beranda" loaded.
INFO - 2022-03-23 13:00:02 --> Controller "App\Controllers\base\Beranda" loaded.
INFO - 2022-03-23 13:03:19 --> Controller "App\Controllers\base\Beranda" loaded.
INFO - 2022-03-23 13:05:17 --> Controller "App\Controllers\base\Beranda" loaded.
INFO - 2022-03-23 13:05:28 --> Controller "App\Controllers\base\Beranda" loaded.
INFO - 2022-03-23 13:10:02 --> Controller "App\Controllers\base\Beranda" loaded.
INFO - 2022-03-23 13:13:34 --> Session: Class initialized using 'CodeIgniter\Session\Handlers\FileHandler' driver.
INFO - 2022-03-23 13:13:34 --> Controller "App\Controllers\undangan\Undangan" loaded.
INFO - 2022-03-23 13:19:05 --> Session: Class initialized using 'CodeIgniter\Session\Handlers\FileHandler' driver.
INFO - 2022-03-23 13:19:05 --> Controller "App\Controllers\bukutamu\Bukutamu" loaded.
INFO - 2022-03-23 13:19:08 --> Session: Class initialized using 'CodeIgniter\Session\Handlers\FileHandler' driver.
INFO - 2022-03-23 13:19:08 --> Controller "App\Controllers\bukutamu\Bukutamu" loaded.
INFO - 2022-03-23 13:20:02 --> Controller "App\Controllers\base\Beranda" loaded.
INFO - 2022-03-23 13:30:02 --> Controller "App\Controllers\base\Beranda" loaded.
INFO - 2022-03-23 13:40:02 --> Controller "App\Controllers\base\Beranda" loaded.
INFO - 2022-03-23 13:50:02 --> Controller "App\Controllers\base\Beranda" loaded.
INFO - 2022-03-23 14:00:02 --> Controller "App\Controllers\base\Beranda" loaded.
INFO - 2022-03-23 14:10:05 --> Controller "App\Controllers\base\Beranda" loaded.
INFO - 2022-03-23 14:20:02 --> Controller "App\Controllers\base\Beranda" loaded.
INFO - 2022-03-23 14:22:40 --> Controller "App\Controllers\base\Beranda" loaded.
INFO - 2022-03-23 14:22:43 --> Controller "App\Controllers\base\Beranda" loaded.
INFO - 2022-03-23 14:30:01 --> Controller "App\Controllers\base\Beranda" loaded.
INFO - 2022-03-23 14:30:49 --> Session: Class initialized using 'CodeIgniter\Session\Handlers\FileHandler' driver.
INFO - 2022-03-23 14:30:49 --> Controller "App\Controllers\undangan\Undangan" loaded.
INFO - 2022-03-23 14:40:02 --> Controller "App\Controllers\base\Beranda" loaded.
INFO - 2022-03-23 14:43:28 --> Session: Class initialized using 'CodeIgniter\Session\Handlers\FileHandler' driver.
INFO - 2022-03-23 14:43:28 --> Controller "App\Controllers\base\Order" loaded.
INFO - 2022-03-23 14:50:02 --> Controller "App\Controllers\base\Beranda" loaded.
INFO - 2022-03-23 14:53:52 --> Session: Class initialized using 'CodeIgniter\Session\Handlers\FileHandler' driver.
INFO - 2022-03-23 14:53:52 --> Controller "App\Controllers\base\Dashboard" loaded.
INFO - 2022-03-23 15:00:02 --> Controller "App\Controllers\base\Beranda" loaded.
INFO - 2022-03-23 15:10:01 --> Controller "App\Controllers\base\Beranda" loaded.
INFO - 2022-03-23 15:20:02 --> Controller "App\Controllers\base\Beranda" loaded.
INFO - 2022-03-23 15:22:00 --> Session: Class initialized using 'CodeIgniter\Session\Handlers\FileHandler' driver.
INFO - 2022-03-23 15:22:00 --> Controller "App\Controllers\base\Order" loaded.
INFO - 2022-03-23 15:30:02 --> Controller "App\Controllers\base\Beranda" loaded.
INFO - 2022-03-23 15:35:46 --> Controller "App\Controllers\base\Beranda" loaded.
INFO - 2022-03-23 15:35:48 --> Controller "App\Controllers\base\Beranda" loaded.
INFO - 2022-03-23 15:40:01 --> Controller "App\Controllers\base\Beranda" loaded.
INFO - 2022-03-23 15:43:56 --> Controller "App\Controllers\base\Beranda" loaded.
INFO - 2022-03-23 15:50:02 --> Controller "App\Controllers\base\Beranda" loaded.
INFO - 2022-03-23 15:50:47 --> Session: Class initialized using 'CodeIgniter\Session\Handlers\FileHandler' driver.
INFO - 2022-03-23 15:50:47 --> Controller "App\Controllers\bukutamu\Bukutamu" loaded.
INFO - 2022-03-23 16:00:02 --> Controller "App\Controllers\base\Beranda" loaded.
INFO - 2022-03-23 16:10:01 --> Controller "App\Controllers\base\Beranda" loaded.
INFO - 2022-03-23 16:20:02 --> Controller "App\Controllers\base\Beranda" loaded.
INFO - 2022-03-23 16:30:02 --> Controller "App\Controllers\base\Beranda" loaded.
INFO - 2022-03-23 16:40:02 --> Controller "App\Controllers\base\Beranda" loaded.
INFO - 2022-03-23 16:50:02 --> Controller "App\Controllers\base\Beranda" loaded.
INFO - 2022-03-23 17:00:02 --> Controller "App\Controllers\base\Beranda" loaded.
INFO - 2022-03-23 17:03:56 --> Session: Class initialized using 'CodeIgniter\Session\Handlers\FileHandler' driver.
INFO - 2022-03-23 17:03:56 --> Controller "App\Controllers\undangan\Undangan" loaded.
INFO - 2022-03-23 17:04:59 --> Session: Class initialized using 'CodeIgniter\Session\Handlers\FileHandler' driver.
INFO - 2022-03-23 17:04:59 --> Controller "App\Controllers\undangan\Undangan" loaded.
INFO - 2022-03-23 17:07:33 --> Session: Class initialized using 'CodeIgniter\Session\Handlers\FileHandler' driver.
INFO - 2022-03-23 17:07:33 --> Controller "App\Controllers\undangan\Undangan" loaded.
INFO - 2022-03-23 17:10:02 --> Controller "App\Controllers\base\Beranda" loaded.
INFO - 2022-03-23 17:18:32 --> Session: Class initialized using 'CodeIgniter\Session\Handlers\FileHandler' driver.
INFO - 2022-03-23 17:18:32 --> Controller "App\Controllers\undangan\Undangan" loaded.
INFO - 2022-03-23 17:20:02 --> Controller "App\Controllers\base\Beranda" loaded.
INFO - 2022-03-23 17:20:29 --> Session: Class initialized using 'CodeIgniter\Session\Handlers\FileHandler' driver.
INFO - 2022-03-23 17:20:29 --> Controller "App\Controllers\undangan\Undangan" loaded.
INFO - 2022-03-23 17:30:02 --> Controller "App\Controllers\base\Beranda" loaded.
INFO - 2022-03-23 17:39:12 --> Controller "App\Controllers\base\Beranda" loaded.
INFO - 2022-03-23 17:40:02 --> Controller "App\Controllers\base\Beranda" loaded.
INFO - 2022-03-23 17:50:02 --> Controller "App\Controllers\base\Beranda" loaded.
INFO - 2022-03-23 18:00:02 --> Controller "App\Controllers\base\Beranda" loaded.
INFO - 2022-03-23 18:10:02 --> Controller "App\Controllers\base\Beranda" loaded.
INFO - 2022-03-23 18:20:02 --> Controller "App\Controllers\base\Beranda" loaded.
INFO - 2022-03-23 18:30:02 --> Controller "App\Controllers\base\Beranda" loaded.
INFO - 2022-03-23 18:40:02 --> Controller "App\Controllers\base\Beranda" loaded.
INFO - 2022-03-23 18:50:02 --> Controller "App\Controllers\base\Beranda" loaded.
INFO - 2022-03-23 18:57:45 --> Session: Class initialized using 'CodeIgniter\Session\Handlers\FileHandler' driver.
INFO - 2022-03-23 18:57:45 --> Controller "App\Controllers\base\Order" loaded.
INFO - 2022-03-23 19:00:02 --> Controller "App\Controllers\base\Beranda" loaded.
INFO - 2022-03-23 19:10:02 --> Controller "App\Controllers\base\Beranda" loaded.
INFO - 2022-03-23 19:12:15 --> Session: Class initialized using 'CodeIgniter\Session\Handlers\FileHandler' driver.
INFO - 2022-03-23 19:12:15 --> Controller "App\Controllers\base\Order" loaded.
INFO - 2022-03-23 19:20:02 --> Controller "App\Controllers\base\Beranda" loaded.
INFO - 2022-03-23 19:28:27 --> Session: Class initialized using 'CodeIgniter\Session\Handlers\FileHandler' driver.
INFO - 2022-03-23 19:28:27 --> Controller "App\Controllers\base\Order" loaded.
INFO - 2022-03-23 19:30:02 --> Controller "App\Controllers\base\Beranda" loaded.
INFO - 2022-03-23 19:40:02 --> Controller "App\Controllers\base\Beranda" loaded.
INFO - 2022-03-23 19:43:48 --> Session: Class initialized using 'CodeIgniter\Session\Handlers\FileHandler' driver.
INFO - 2022-03-23 19:43:48 --> Controller "App\Controllers\base\Order" loaded.
INFO - 2022-03-23 19:50:01 --> Controller "App\Controllers\base\Beranda" loaded.
INFO - 2022-03-23 19:58:06 --> Controller "App\Controllers\base\Beranda" loaded.
INFO - 2022-03-23 20:00:02 --> Controller "App\Controllers\base\Beranda" loaded.
INFO - 2022-03-23 20:05:28 --> Session: Class initialized using 'CodeIgniter\Session\Handlers\FileHandler' driver.
INFO - 2022-03-23 20:05:28 --> Controller "App\Controllers\base\Order" loaded.
INFO - 2022-03-23 20:10:02 --> Controller "App\Controllers\base\Beranda" loaded.
INFO - 2022-03-23 20:20:02 --> Controller "App\Controllers\base\Beranda" loaded.
INFO - 2022-03-23 20:24:33 --> Controller "App\Controllers\base\Beranda" loaded.
INFO - 2022-03-23 20:30:02 --> Controller "App\Controllers\base\Beranda" loaded.
INFO - 2022-03-23 20:38:01 --> Controller "App\Controllers\base\Beranda" loaded.
INFO - 2022-03-23 20:39:06 --> Controller "App\Controllers\base\Beranda" loaded.
INFO - 2022-03-23 20:40:02 --> Controller "App\Controllers\base\Beranda" loaded.
INFO - 2022-03-23 20:43:30 --> Session: Class initialized using 'CodeIgniter\Session\Handlers\FileHandler' driver.
INFO - 2022-03-23 20:43:30 --> Controller "App\Controllers\base\Order" loaded.
INFO - 2022-03-23 20:45:38 --> Session: Class initialized using 'CodeIgniter\Session\Handlers\FileHandler' driver.
INFO - 2022-03-23 20:45:38 --> Controller "App\Controllers\base\Order" loaded.
INFO - 2022-03-23 20:50:02 --> Controller "App\Controllers\base\Beranda" loaded.
INFO - 2022-03-23 20:59:24 --> Session: Class initialized using 'CodeIgniter\Session\Handlers\FileHandler' driver.
INFO - 2022-03-23 20:59:24 --> Controller "App\Controllers\base\Order" loaded.
INFO - 2022-03-23 21:00:02 --> Controller "App\Controllers\base\Beranda" loaded.
INFO - 2022-03-23 21:10:02 --> Controller "App\Controllers\base\Beranda" loaded.
INFO - 2022-03-23 21:20:02 --> Controller "App\Controllers\base\Beranda" loaded.
INFO - 2022-03-23 21:21:10 --> Controller "App\Controllers\base\Beranda" loaded.
INFO - 2022-03-23 21:21:32 --> Session: Class initialized using 'CodeIgniter\Session\Handlers\FileHandler' driver.
INFO - 2022-03-23 21:21:32 --> Controller "App\Controllers\undangan\Undangan" loaded.
INFO - 2022-03-23 21:21:36 --> Controller "App\Controllers\base\Beranda" loaded.
INFO - 2022-03-23 21:21:36 --> Controller "App\Controllers\base\Beranda" loaded.
INFO - 2022-03-23 21:21:36 --> Controller "App\Controllers\base\Beranda" loaded.
INFO - 2022-03-23 21:21:36 --> Controller "App\Controllers\base\Beranda" loaded.
INFO - 2022-03-23 21:21:36 --> Controller "App\Controllers\base\Beranda" loaded.
INFO - 2022-03-23 21:21:36 --> Controller "App\Controllers\base\Beranda" loaded.
INFO - 2022-03-23 21:21:36 --> Controller "App\Controllers\base\Beranda" loaded.
INFO - 2022-03-23 21:21:36 --> Controller "App\Controllers\base\Beranda" loaded.
INFO - 2022-03-23 21:21:36 --> Controller "App\Controllers\base\Beranda" loaded.
INFO - 2022-03-23 21:21:36 --> Controller "App\Controllers\base\Beranda" loaded.
INFO - 2022-03-23 21:21:36 --> Controller "App\Controllers\base\Beranda" loaded.
INFO - 2022-03-23 21:21:36 --> Controller "App\Controllers\base\Beranda" loaded.
INFO - 2022-03-23 21:21:36 --> Session: Class initialized using 'CodeIgniter\Session\Handlers\FileHandler' driver.
INFO - 2022-03-23 21:21:36 --> Controller "App\Controllers\undangan\Undangan" loaded.
INFO - 2022-03-23 21:21:36 --> Session: Class initialized using 'CodeIgniter\Session\Handlers\FileHandler' driver.
INFO - 2022-03-23 21:21:36 --> Controller "App\Controllers\undangan\Undangan" loaded.
INFO - 2022-03-23 21:21:37 --> Controller "App\Controllers\base\Beranda" loaded.
INFO - 2022-03-23 21:21:37 --> Controller "App\Controllers\base\Beranda" loaded.
INFO - 2022-03-23 21:21:37 --> Session: Class initialized using 'CodeIgniter\Session\Handlers\FileHandler' driver.
INFO - 2022-03-23 21:21:37 --> Controller "App\Controllers\undangan\Undangan" loaded.
INFO - 2022-03-23 21:21:37 --> Controller "App\Controllers\base\Beranda" loaded.
INFO - 2022-03-23 21:21:37 --> Session: Class initialized using 'CodeIgniter\Session\Handlers\FileHandler' driver.
INFO - 2022-03-23 21:21:37 --> Controller "App\Controllers\undangan\Undangan" loaded.
INFO - 2022-03-23 21:22:07 --> Session: Class initialized using 'CodeIgniter\Session\Handlers\FileHandler' driver.
INFO - 2022-03-23 21:22:07 --> Controller "App\Controllers\bukutamu\Bukutamu" loaded.
INFO - 2022-03-23 21:22:54 --> Controller "App\Controllers\base\Beranda" loaded.
INFO - 2022-03-23 21:27:42 --> Session: Class initialized using 'CodeIgniter\Session\Handlers\FileHandler' driver.
INFO - 2022-03-23 21:27:42 --> Controller "App\Controllers\undangan\Undangan" loaded.
INFO - 2022-03-23 21:30:02 --> Controller "App\Controllers\base\Beranda" loaded.
INFO - 2022-03-23 21:40:02 --> Controller "App\Controllers\base\Beranda" loaded.
INFO - 2022-03-23 21:47:23 --> Controller "App\Controllers\base\Beranda" loaded.
INFO - 2022-03-23 21:50:01 --> Controller "App\Controllers\base\Beranda" loaded.
INFO - 2022-03-23 21:50:09 --> Session: Class initialized using 'CodeIgniter\Session\Handlers\FileHandler' driver.
INFO - 2022-03-23 21:50:09 --> Controller "App\Controllers\undangan\Undangan" loaded.
INFO - 2022-03-23 21:55:56 --> Controller "App\Controllers\base\Beranda" loaded.
INFO - 2022-03-23 22:00:02 --> Controller "App\Controllers\base\Beranda" loaded.
INFO - 2022-03-23 22:00:56 --> Controller "App\Controllers\base\Beranda" loaded.
INFO - 2022-03-23 22:10:02 --> Controller "App\Controllers\base\Beranda" loaded.
INFO - 2022-03-23 22:12:15 --> Controller "App\Controllers\base\Beranda" loaded.
INFO - 2022-03-23 22:16:29 --> Controller "App\Controllers\base\Beranda" loaded.
INFO - 2022-03-23 22:16:51 --> Controller "App\Controllers\base\Beranda" loaded.
INFO - 2022-03-23 22:18:24 --> Controller "App\Controllers\base\Beranda" loaded.
INFO - 2022-03-23 22:19:55 --> Controller "App\Controllers\base\Beranda" loaded.
INFO - 2022-03-23 22:20:02 --> Controller "App\Controllers\base\Beranda" loaded.
INFO - 2022-03-23 22:24:48 --> Controller "App\Controllers\base\Beranda" loaded.
INFO - 2022-03-23 22:25:02 --> Controller "App\Controllers\base\Beranda" loaded.
INFO - 2022-03-23 22:27:13 --> Controller "App\Controllers\base\Beranda" loaded.
INFO - 2022-03-23 22:30:02 --> Controller "App\Controllers\base\Beranda" loaded.
INFO - 2022-03-23 22:30:32 --> Controller "App\Controllers\base\Beranda" loaded.
INFO - 2022-03-23 22:30:56 --> Controller "App\Controllers\base\Beranda" loaded.
INFO - 2022-03-23 22:30:57 --> Controller "App\Controllers\base\Beranda" loaded.
INFO - 2022-03-23 22:34:42 --> Controller "App\Controllers\base\Beranda" loaded.
CRITICAL - 2022-03-23 22:34:42 --> Call to undefined method CodeIgniter\Controller::Controller()
#0 /home/ngua4317/public_html/system/CodeIgniter.php(910): App\Controllers\base\Beranda->index()
#1 /home/ngua4317/public_html/system/CodeIgniter.php(398): CodeIgniter\CodeIgniter->runController(Object(App\Controllers\base\Beranda))
#2 /home/ngua4317/public_html/system/CodeIgniter.php(306): CodeIgniter\CodeIgniter->handleRequest(NULL, Object(Config\Cache), false)
#3 /home/ngua4317/public_html/index.php(45): CodeIgniter\CodeIgniter->run()
#4 {main}
INFO - 2022-03-23 22:36:24 --> Controller "App\Controllers\base\Beranda" loaded.
CRITICAL - 2022-03-23 22:36:24 --> Call to undefined method CodeIgniter\Controller::Controller()
#0 /home/ngua4317/public_html/system/CodeIgniter.php(910): App\Controllers\base\Beranda->index()
#1 /home/ngua4317/public_html/system/CodeIgniter.php(398): CodeIgniter\CodeIgniter->runController(Object(App\Controllers\base\Beranda))
#2 /home/ngua4317/public_html/system/CodeIgniter.php(306): CodeIgniter\CodeIgniter->handleRequest(NULL, Object(Config\Cache), false)
#3 /home/ngua4317/public_html/index.php(45): CodeIgniter\CodeIgniter->run()
#4 {main}
INFO - 2022-03-23 22:36:41 --> Controller "App\Controllers\base\Beranda" loaded.
CRITICAL - 2022-03-23 22:36:41 --> Call to undefined method CodeIgniter\Controller::Controller()
#0 /home/ngua4317/public_html/system/CodeIgniter.php(910): App\Controllers\base\Beranda->index()
#1 /home/ngua4317/public_html/system/CodeIgniter.php(398): CodeIgniter\CodeIgniter->runController(Object(App\Controllers\base\Beranda))
#2 /home/ngua4317/public_html/system/CodeIgniter.php(306): CodeIgniter\CodeIgniter->handleRequest(NULL, Object(Config\Cache), false)
#3 /home/ngua4317/public_html/index.php(45): CodeIgniter\CodeIgniter->run()
#4 {main}
INFO - 2022-03-23 22:37:08 --> Controller "App\Controllers\base\Beranda" loaded.
INFO - 2022-03-23 22:37:08 --> Controller "App\Controllers\base\Beranda" loaded.
INFO - 2022-03-23 22:37:08 --> Controller "App\Controllers\base\Beranda" loaded.
INFO - 2022-03-23 22:37:08 --> Controller "App\Controllers\base\Beranda" loaded.
INFO - 2022-03-23 22:37:08 --> Controller "App\Controllers\base\Beranda" loaded.
INFO - 2022-03-23 22:37:08 --> Controller "App\Controllers\base\Beranda" loaded.
INFO - 2022-03-23 22:37:08 --> Controller "App\Controllers\base\Beranda" loaded.
INFO - 2022-03-23 22:37:09 --> Controller "App\Controllers\base\Beranda" loaded.
INFO - 2022-03-23 22:37:09 --> Controller "App\Controllers\base\Beranda" loaded.
INFO - 2022-03-23 22:37:09 --> Controller "App\Controllers\base\Beranda" loaded.
INFO - 2022-03-23 22:37:09 --> Controller "App\Controllers\base\Beranda" loaded.
INFO - 2022-03-23 22:37:09 --> Controller "App\Controllers\base\Beranda" loaded.
INFO - 2022-03-23 22:37:09 --> Controller "App\Controllers\base\Beranda" loaded.
INFO - 2022-03-23 22:37:09 --> Controller "App\Controllers\base\Beranda" loaded.
INFO - 2022-03-23 22:37:09 --> Controller "App\Controllers\base\Beranda" loaded.
INFO - 2022-03-23 22:37:10 --> Controller "App\Controllers\base\Beranda" loaded.
INFO - 2022-03-23 22:37:10 --> Controller "App\Controllers\base\Beranda" loaded.
INFO - 2022-03-23 22:37:10 --> Controller "App\Controllers\base\Beranda" loaded.
INFO - 2022-03-23 22:37:10 --> Controller "App\Controllers\base\Beranda" loaded.
INFO - 2022-03-23 22:37:10 --> Controller "App\Controllers\base\Beranda" loaded.
INFO - 2022-03-23 22:37:15 --> Controller "App\Controllers\base\Beranda" loaded.
INFO - 2022-03-23 22:37:15 --> Controller "App\Controllers\base\Beranda" loaded.
INFO - 2022-03-23 22:37:15 --> Controller "App\Controllers\base\Beranda" loaded.
INFO - 2022-03-23 22:37:15 --> Controller "App\Controllers\base\Beranda" loaded.
INFO - 2022-03-23 22:37:15 --> Controller "App\Controllers\base\Beranda" loaded.
INFO - 2022-03-23 22:37:15 --> Controller "App\Controllers\base\Beranda" loaded.
INFO - 2022-03-23 22:37:16 --> Controller "App\Controllers\base\Beranda" loaded.
INFO - 2022-03-23 22:37:16 --> Controller "App\Controllers\base\Beranda" loaded.
INFO - 2022-03-23 22:37:16 --> Controller "App\Controllers\base\Beranda" loaded.
INFO - 2022-03-23 22:37:16 --> Controller "App\Controllers\base\Beranda" loaded.
INFO - 2022-03-23 22:37:16 --> Controller "App\Controllers\base\Beranda" loaded.
INFO - 2022-03-23 22:37:16 --> Controller "App\Controllers\base\Beranda" loaded.
INFO - 2022-03-23 22:37:16 --> Controller "App\Controllers\base\Beranda" loaded.
INFO - 2022-03-23 22:37:17 --> Controller "App\Controllers\base\Beranda" loaded.
INFO - 2022-03-23 22:37:17 --> Controller "App\Controllers\base\Beranda" loaded.
INFO - 2022-03-23 22:37:17 --> Controller "App\Controllers\base\Beranda" loaded.
INFO - 2022-03-23 22:37:17 --> Controller "App\Controllers\base\Beranda" loaded.
INFO - 2022-03-23 22:37:17 --> Controller "App\Controllers\base\Beranda" loaded.
INFO - 2022-03-23 22:37:17 --> Controller "App\Controllers\base\Beranda" loaded.
INFO - 2022-03-23 22:37:17 --> Controller "App\Controllers\base\Beranda" loaded.
INFO - 2022-03-23 22:37:19 --> Controller "App\Controllers\base\Beranda" loaded.
INFO - 2022-03-23 22:37:19 --> Controller "App\Controllers\base\Beranda" loaded.
INFO - 2022-03-23 22:37:19 --> Controller "App\Controllers\base\Beranda" loaded.
INFO - 2022-03-23 22:37:19 --> Controller "App\Controllers\base\Beranda" loaded.
INFO - 2022-03-23 22:37:19 --> Controller "App\Controllers\base\Beranda" loaded.
INFO - 2022-03-23 22:37:19 --> Controller "App\Controllers\base\Beranda" loaded.
INFO - 2022-03-23 22:37:20 --> Controller "App\Controllers\base\Beranda" loaded.
INFO - 2022-03-23 22:37:20 --> Controller "App\Controllers\base\Beranda" loaded.
INFO - 2022-03-23 22:37:20 --> Controller "App\Controllers\base\Beranda" loaded.
INFO - 2022-03-23 22:37:20 --> Controller "App\Controllers\base\Beranda" loaded.
INFO - 2022-03-23 22:37:20 --> Controller "App\Controllers\base\Beranda" loaded.
INFO - 2022-03-23 22:37:20 --> Controller "App\Controllers\base\Beranda" loaded.
INFO - 2022-03-23 22:37:20 --> Controller "App\Controllers\base\Beranda" loaded.
INFO - 2022-03-23 22:37:20 --> Controller "App\Controllers\base\Beranda" loaded.
INFO - 2022-03-23 22:37:21 --> Controller "App\Controllers\base\Beranda" loaded.
INFO - 2022-03-23 22:37:21 --> Controller "App\Controllers\base\Beranda" loaded.
INFO - 2022-03-23 22:37:21 --> Controller "App\Controllers\base\Beranda" loaded.
INFO - 2022-03-23 22:37:21 --> Controller "App\Controllers\base\Beranda" loaded.
INFO - 2022-03-23 22:37:21 --> Controller "App\Controllers\base\Beranda" loaded.
INFO - 2022-03-23 22:37:21 --> Controller "App\Controllers\base\Beranda" loaded.
INFO - 2022-03-23 22:37:27 --> Controller "App\Controllers\base\Beranda" loaded.
INFO - 2022-03-23 22:37:27 --> Controller "App\Controllers\base\Beranda" loaded.
INFO - 2022-03-23 22:37:28 --> Controller "App\Controllers\base\Beranda" loaded.
INFO - 2022-03-23 22:37:28 --> Controller "App\Controllers\base\Beranda" loaded.
INFO - 2022-03-23 22:37:28 --> Controller "App\Controllers\base\Beranda" loaded.
INFO - 2022-03-23 22:37:28 --> Controller "App\Controllers\base\Beranda" loaded.
INFO - 2022-03-23 22:37:28 --> Controller "App\Controllers\base\Beranda" loaded.
INFO - 2022-03-23 22:37:28 --> Controller "App\Controllers\base\Beranda" loaded.
INFO - 2022-03-23 22:37:28 --> Controller "App\Controllers\base\Beranda" loaded.
INFO - 2022-03-23 22:37:28 --> Controller "App\Controllers\base\Beranda" loaded.
INFO - 2022-03-23 22:37:29 --> Controller "App\Controllers\base\Beranda" loaded.
INFO - 2022-03-23 22:37:29 --> Controller "App\Controllers\base\Beranda" loaded.
INFO - 2022-03-23 22:37:29 --> Controller "App\Controllers\base\Beranda" loaded.
INFO - 2022-03-23 22:37:29 --> Controller "App\Controllers\base\Beranda" loaded.
INFO - 2022-03-23 22:37:29 --> Controller "App\Controllers\base\Beranda" loaded.
INFO - 2022-03-23 22:37:29 --> Controller "App\Controllers\base\Beranda" loaded.
INFO - 2022-03-23 22:37:29 --> Controller "App\Controllers\base\Beranda" loaded.
INFO - 2022-03-23 22:37:29 --> Controller "App\Controllers\base\Beranda" loaded.
INFO - 2022-03-23 22:37:30 --> Controller "App\Controllers\base\Beranda" loaded.
INFO - 2022-03-23 22:37:30 --> Controller "App\Controllers\base\Beranda" loaded.
INFO - 2022-03-23 22:37:30 --> Controller "App\Controllers\base\Beranda" loaded.
INFO - 2022-03-23 22:37:31 --> Controller "App\Controllers\base\Beranda" loaded.
INFO - 2022-03-23 22:37:32 --> Controller "App\Controllers\base\Beranda" loaded.
INFO - 2022-03-23 22:37:32 --> Controller "App\Controllers\base\Beranda" loaded.
INFO - 2022-03-23 22:37:32 --> Controller "App\Controllers\base\Beranda" loaded.
INFO - 2022-03-23 22:37:32 --> Controller "App\Controllers\base\Beranda" loaded.
INFO - 2022-03-23 22:37:32 --> Controller "App\Controllers\base\Beranda" loaded.
INFO - 2022-03-23 22:37:34 --> Controller "App\Controllers\base\Beranda" loaded.
INFO - 2022-03-23 22:37:34 --> Controller "App\Controllers\base\Beranda" loaded.
INFO - 2022-03-23 22:37:34 --> Controller "App\Controllers\base\Beranda" loaded.
INFO - 2022-03-23 22:37:34 --> Controller "App\Controllers\base\Beranda" loaded.
INFO - 2022-03-23 22:37:34 --> Controller "App\Controllers\base\Beranda" loaded.
INFO - 2022-03-23 22:37:34 --> Controller "App\Controllers\base\Beranda" loaded.
INFO - 2022-03-23 22:37:34 --> Controller "App\Controllers\base\Beranda" loaded.
INFO - 2022-03-23 22:37:35 --> Controller "App\Controllers\base\Beranda" loaded.
INFO - 2022-03-23 22:37:35 --> Controller "App\Controllers\base\Beranda" loaded.
INFO - 2022-03-23 22:37:35 --> Controller "App\Controllers\base\Beranda" loaded.
INFO - 2022-03-23 22:37:35 --> Controller "App\Controllers\base\Beranda" loaded.
INFO - 2022-03-23 22:37:35 --> Controller "App\Controllers\base\Beranda" loaded.
INFO - 2022-03-23 22:37:35 --> Controller "App\Controllers\base\Beranda" loaded.
INFO - 2022-03-23 22:37:35 --> Controller "App\Controllers\base\Beranda" loaded.
INFO - 2022-03-23 22:38:15 --> Controller "App\Controllers\base\Beranda" loaded.
INFO - 2022-03-23 22:38:15 --> Controller "App\Controllers\base\Beranda" loaded.
INFO - 2022-03-23 22:38:16 --> Controller "App\Controllers\base\Beranda" loaded.
INFO - 2022-03-23 22:38:16 --> Controller "App\Controllers\base\Beranda" loaded.
INFO - 2022-03-23 22:38:16 --> Controller "App\Controllers\base\Beranda" loaded.
INFO - 2022-03-23 22:38:16 --> Controller "App\Controllers\base\Beranda" loaded.
INFO - 2022-03-23 22:38:16 --> Controller "App\Controllers\base\Beranda" loaded.
INFO - 2022-03-23 22:38:16 --> Controller "App\Controllers\base\Beranda" loaded.
INFO - 2022-03-23 22:38:17 --> Controller "App\Controllers\base\Beranda" loaded.
INFO - 2022-03-23 22:38:17 --> Controller "App\Controllers\base\Beranda" loaded.
INFO - 2022-03-23 22:38:17 --> Controller "App\Controllers\base\Beranda" loaded.
INFO - 2022-03-23 22:38:17 --> Controller "App\Controllers\base\Beranda" loaded.
INFO - 2022-03-23 22:38:17 --> Controller "App\Controllers\base\Beranda" loaded.
INFO - 2022-03-23 22:38:18 --> Controller "App\Controllers\base\Beranda" loaded.
INFO - 2022-03-23 22:38:18 --> Controller "App\Controllers\base\Beranda" loaded.
INFO - 2022-03-23 22:38:18 --> Controller "App\Controllers\base\Beranda" loaded.
INFO - 2022-03-23 22:38:18 --> Controller "App\Controllers\base\Beranda" loaded.
INFO - 2022-03-23 22:38:19 --> Controller "App\Controllers\base\Beranda" loaded.
INFO - 2022-03-23 22:38:19 --> Controller "App\Controllers\base\Beranda" loaded.
INFO - 2022-03-23 22:38:21 --> Controller "App\Controllers\base\Beranda" loaded.
INFO - 2022-03-23 22:38:21 --> Controller "App\Controllers\base\Beranda" loaded.
INFO - 2022-03-23 22:38:21 --> Controller "App\Controllers\base\Beranda" loaded.
INFO - 2022-03-23 22:38:21 --> Controller "App\Controllers\base\Beranda" loaded.
INFO - 2022-03-23 22:38:21 --> Controller "App\Controllers\base\Beranda" loaded.
INFO - 2022-03-23 22:38:21 --> Controller "App\Controllers\base\Beranda" loaded.
INFO - 2022-03-23 22:38:21 --> Controller "App\Controllers\base\Beranda" loaded.
INFO - 2022-03-23 22:38:21 --> Controller "App\Controllers\base\Beranda" loaded.
INFO - 2022-03-23 22:38:22 --> Controller "App\Controllers\base\Beranda" loaded.
INFO - 2022-03-23 22:38:22 --> Controller "App\Controllers\base\Beranda" loaded.
INFO - 2022-03-23 22:38:22 --> Controller "App\Controllers\base\Beranda" loaded.
INFO - 2022-03-23 22:38:22 --> Controller "App\Controllers\base\Beranda" loaded.
INFO - 2022-03-23 22:38:22 --> Controller "App\Controllers\base\Beranda" loaded.
INFO - 2022-03-23 22:38:22 --> Controller "App\Controllers\base\Beranda" loaded.
INFO - 2022-03-23 22:38:22 --> Controller "App\Controllers\base\Beranda" loaded.
INFO - 2022-03-23 22:38:22 --> Controller "App\Controllers\base\Beranda" loaded.
INFO - 2022-03-23 22:38:22 --> Controller "App\Controllers\base\Beranda" loaded.
INFO - 2022-03-23 22:38:22 --> Controller "App\Controllers\base\Beranda" loaded.
INFO - 2022-03-23 22:38:22 --> Controller "App\Controllers\base\Beranda" loaded.
INFO - 2022-03-23 22:38:22 --> Controller "App\Controllers\base\Beranda" loaded.
INFO - 2022-03-23 22:38:28 --> Controller "App\Controllers\base\Beranda" loaded.
INFO - 2022-03-23 22:38:28 --> Controller "App\Controllers\base\Beranda" loaded.
INFO - 2022-03-23 22:38:28 --> Controller "App\Controllers\base\Beranda" loaded.
INFO - 2022-03-23 22:38:28 --> Controller "App\Controllers\base\Beranda" loaded.
INFO - 2022-03-23 22:38:28 --> Controller "App\Controllers\base\Beranda" loaded.
INFO - 2022-03-23 22:38:28 --> Controller "App\Controllers\base\Beranda" loaded.
INFO - 2022-03-23 22:38:28 --> Controller "App\Controllers\base\Beranda" loaded.
INFO - 2022-03-23 22:38:28 --> Controller "App\Controllers\base\Beranda" loaded.
INFO - 2022-03-23 22:38:29 --> Controller "App\Controllers\base\Beranda" loaded.
INFO - 2022-03-23 22:38:29 --> Controller "App\Controllers\base\Beranda" loaded.
INFO - 2022-03-23 22:38:29 --> Controller "App\Controllers\base\Beranda" loaded.
INFO - 2022-03-23 22:38:29 --> Controller "App\Controllers\base\Beranda" loaded.
INFO - 2022-03-23 22:38:29 --> Controller "App\Controllers\base\Beranda" loaded.
INFO - 2022-03-23 22:38:29 --> Controller "App\Controllers\base\Beranda" loaded.
INFO - 2022-03-23 22:38:29 --> Controller "App\Controllers\base\Beranda" loaded.
INFO - 2022-03-23 22:38:29 --> Controller "App\Controllers\base\Beranda" loaded.
INFO - 2022-03-23 22:38:29 --> Controller "App\Controllers\base\Beranda" loaded.
INFO - 2022-03-23 22:38:29 --> Controller "App\Controllers\base\Beranda" loaded.
INFO - 2022-03-23 22:38:29 --> Controller "App\Controllers\base\Beranda" loaded.
INFO - 2022-03-23 22:38:29 --> Controller "App\Controllers\base\Beranda" loaded.
INFO - 2022-03-23 22:39:22 --> Controller "App\Controllers\base\Beranda" loaded.
INFO - 2022-03-23 22:39:30 --> Controller "App\Controllers\base\Beranda" loaded.
INFO - 2022-03-23 22:40:02 --> Controller "App\Controllers\base\Beranda" loaded.
CRITICAL - 2022-03-23 22:41:18 --> syntax error, unexpected 'public' (T_PUBLIC)
#0 /home/ngua4317/public_html/system/Autoloader/Autoloader.php(296): CodeIgniter\Autoloader\Autoloader->requireFile('/home/ngua4317/...')
#1 /home/ngua4317/public_html/system/Autoloader/Autoloader.php(258): CodeIgniter\Autoloader\Autoloader->loadInNamespace('App\\Controllers...')
#2 [internal function]: CodeIgniter\Autoloader\Autoloader->loadClass('App\\Controllers...')
#3 [internal function]: spl_autoload_call('App\\Controllers...')
#4 /home/ngua4317/public_html/system/CodeIgniter.php(861): class_exists('\\App\\Controller...', true)
#5 /home/ngua4317/public_html/system/CodeIgniter.php(388): CodeIgniter\CodeIgniter->startController()
#6 /home/ngua4317/public_html/system/CodeIgniter.php(306): CodeIgniter\CodeIgniter->handleRequest(NULL, Object(Config\Cache), false)
#7 /home/ngua4317/public_html/index.php(45): CodeIgniter\CodeIgniter->run()
#8 {main}
INFO - 2022-03-23 22:42:25 --> Controller "App\Controllers\base\Beranda" loaded.
INFO - 2022-03-23 22:42:33 --> Controller "App\Controllers\base\Beranda" loaded.
INFO - 2022-03-23 22:43:40 --> Controller "App\Controllers\base\Beranda" loaded.
INFO - 2022-03-23 22:43:48 --> Controller "App\Controllers\base\Beranda" loaded.
INFO - 2022-03-23 22:49:23 --> Controller "App\Controllers\base\Beranda" loaded.
INFO - 2022-03-23 22:49:31 --> Controller "App\Controllers\base\Beranda" loaded.
INFO - 2022-03-23 22:49:47 --> Controller "App\Controllers\base\Beranda" loaded.
INFO - 2022-03-23 22:49:58 --> Controller "App\Controllers\base\Beranda" loaded.
INFO - 2022-03-23 22:50:02 --> Controller "App\Controllers\base\Beranda" loaded.
INFO - 2022-03-23 22:52:13 --> Controller "App\Controllers\base\Beranda" loaded.
INFO - 2022-03-23 23:09:25 --> Controller "App\Controllers\base\Beranda" loaded.
INFO - 2022-03-23 23:36:14 --> Controller "App\Controllers\base\Beranda" loaded.
INFO - 2022-03-23 23:51:55 --> Session: Class initialized using 'CodeIgniter\Session\Handlers\FileHandler' driver.
INFO - 2022-03-23 23:51:55 --> Controller "App\Controllers\admin\Admin" loaded.
INFO - 2022-03-23 23:51:57 --> Session: Class initialized using 'CodeIgniter\Session\Handlers\FileHandler' driver.
INFO - 2022-03-23 23:51:57 --> Controller "App\Controllers\admin\Admin" loaded.
INFO - 2022-03-23 23:52:09 --> Session: Class initialized using 'CodeIgniter\Session\Handlers\FileHandler' driver.
INFO - 2022-03-23 23:52:09 --> Controller "App\Controllers\bukutamu\Bukutamu" loaded.
INFO - 2022-03-23 23:52:11 --> Session: Class initialized using 'CodeIgniter\Session\Handlers\FileHandler' driver.
INFO - 2022-03-23 23:52:11 --> Controller "App\Controllers\bukutamu\Bukutamu" loaded.
