INFO - 2021-09-25 00:16:39 --> Controller "App\Controllers\base\Beranda" loaded.
INFO - 2021-09-25 00:32:24 --> Session: Class initialized using 'CodeIgniter\Session\Handlers\FileHandler' driver.
INFO - 2021-09-25 00:32:24 --> Controller "App\Controllers\base\Order" loaded.
INFO - 2021-09-25 00:39:02 --> Controller "App\Controllers\base\Beranda" loaded.
INFO - 2021-09-25 00:39:04 --> Controller "App\Controllers\base\Beranda" loaded.
INFO - 2021-09-25 00:53:21 --> Session: Class initialized using 'CodeIgniter\Session\Handlers\FileHandler' driver.
INFO - 2021-09-25 00:53:21 --> Controller "App\Controllers\undangan\Undangan" loaded.
INFO - 2021-09-25 00:53:28 --> Session: Class initialized using 'CodeIgniter\Session\Handlers\FileHandler' driver.
INFO - 2021-09-25 00:53:28 --> Controller "App\Controllers\undangan\Undangan" loaded.
INFO - 2021-09-25 01:00:35 --> Session: Class initialized using 'CodeIgniter\Session\Handlers\FileHandler' driver.
INFO - 2021-09-25 01:00:35 --> Controller "App\Controllers\admin\Admin" loaded.
INFO - 2021-09-25 01:20:14 --> Session: Class initialized using 'CodeIgniter\Session\Handlers\FileHandler' driver.
INFO - 2021-09-25 01:20:14 --> Controller "App\Controllers\base\Order" loaded.
INFO - 2021-09-25 01:32:29 --> Session: Class initialized using 'CodeIgniter\Session\Handlers\FileHandler' driver.
INFO - 2021-09-25 01:32:29 --> Controller "App\Controllers\base\Order" loaded.
INFO - 2021-09-25 02:46:54 --> Controller "App\Controllers\base\Beranda" loaded.
INFO - 2021-09-25 03:37:25 --> Controller "App\Controllers\base\Beranda" loaded.
INFO - 2021-09-25 03:38:02 --> Session: Class initialized using 'CodeIgniter\Session\Handlers\FileHandler' driver.
INFO - 2021-09-25 03:38:02 --> Controller "App\Controllers\base\Dashboard" loaded.
INFO - 2021-09-25 03:38:38 --> Controller "App\Controllers\base\Beranda" loaded.
INFO - 2021-09-25 03:38:43 --> Controller "App\Controllers\base\Beranda" loaded.
INFO - 2021-09-25 03:39:09 --> Controller "App\Controllers\base\Beranda" loaded.
INFO - 2021-09-25 03:39:16 --> Controller "App\Controllers\base\Beranda" loaded.
INFO - 2021-09-25 03:39:40 --> Controller "App\Controllers\base\Beranda" loaded.
INFO - 2021-09-25 03:39:40 --> Controller "App\Controllers\base\Beranda" loaded.
INFO - 2021-09-25 03:39:42 --> Controller "App\Controllers\base\Beranda" loaded.
INFO - 2021-09-25 03:39:46 --> Controller "App\Controllers\base\Beranda" loaded.
INFO - 2021-09-25 03:39:57 --> Controller "App\Controllers\base\Beranda" loaded.
INFO - 2021-09-25 03:39:58 --> Controller "App\Controllers\base\Beranda" loaded.
INFO - 2021-09-25 03:40:00 --> Controller "App\Controllers\base\Beranda" loaded.
INFO - 2021-09-25 03:40:01 --> Controller "App\Controllers\base\Beranda" loaded.
INFO - 2021-09-25 03:40:02 --> Controller "App\Controllers\base\Beranda" loaded.
INFO - 2021-09-25 03:40:02 --> Controller "App\Controllers\base\Beranda" loaded.
INFO - 2021-09-25 03:40:03 --> Controller "App\Controllers\base\Beranda" loaded.
INFO - 2021-09-25 03:40:03 --> Controller "App\Controllers\base\Beranda" loaded.
INFO - 2021-09-25 03:40:03 --> Controller "App\Controllers\base\Beranda" loaded.
INFO - 2021-09-25 03:40:04 --> Controller "App\Controllers\base\Beranda" loaded.
INFO - 2021-09-25 03:40:04 --> Controller "App\Controllers\base\Beranda" loaded.
INFO - 2021-09-25 03:40:04 --> Controller "App\Controllers\base\Beranda" loaded.
INFO - 2021-09-25 03:40:05 --> Controller "App\Controllers\base\Beranda" loaded.
INFO - 2021-09-25 03:40:06 --> Controller "App\Controllers\base\Beranda" loaded.
INFO - 2021-09-25 03:40:17 --> Controller "App\Controllers\base\Beranda" loaded.
INFO - 2021-09-25 03:40:18 --> Controller "App\Controllers\base\Beranda" loaded.
INFO - 2021-09-25 03:40:19 --> Controller "App\Controllers\base\Beranda" loaded.
INFO - 2021-09-25 03:40:19 --> Controller "App\Controllers\base\Beranda" loaded.
INFO - 2021-09-25 03:40:20 --> Controller "App\Controllers\base\Beranda" loaded.
INFO - 2021-09-25 03:40:24 --> Controller "App\Controllers\base\Beranda" loaded.
INFO - 2021-09-25 03:40:25 --> Controller "App\Controllers\base\Beranda" loaded.
INFO - 2021-09-25 03:40:25 --> Controller "App\Controllers\base\Beranda" loaded.
INFO - 2021-09-25 03:40:29 --> Controller "App\Controllers\base\Beranda" loaded.
INFO - 2021-09-25 03:40:31 --> Controller "App\Controllers\base\Beranda" loaded.
INFO - 2021-09-25 03:40:32 --> Controller "App\Controllers\base\Beranda" loaded.
INFO - 2021-09-25 03:40:32 --> Controller "App\Controllers\base\Beranda" loaded.
INFO - 2021-09-25 03:40:33 --> Controller "App\Controllers\base\Beranda" loaded.
INFO - 2021-09-25 03:40:33 --> Controller "App\Controllers\base\Beranda" loaded.
INFO - 2021-09-25 03:40:33 --> Controller "App\Controllers\base\Beranda" loaded.
INFO - 2021-09-25 03:40:34 --> Controller "App\Controllers\base\Beranda" loaded.
INFO - 2021-09-25 03:40:34 --> Controller "App\Controllers\base\Beranda" loaded.
INFO - 2021-09-25 03:40:35 --> Controller "App\Controllers\base\Beranda" loaded.
INFO - 2021-09-25 03:40:35 --> Controller "App\Controllers\base\Beranda" loaded.
INFO - 2021-09-25 03:40:36 --> Controller "App\Controllers\base\Beranda" loaded.
INFO - 2021-09-25 03:40:36 --> Controller "App\Controllers\base\Beranda" loaded.
INFO - 2021-09-25 03:40:36 --> Controller "App\Controllers\base\Beranda" loaded.
INFO - 2021-09-25 03:40:36 --> Controller "App\Controllers\base\Beranda" loaded.
INFO - 2021-09-25 03:40:39 --> Controller "App\Controllers\base\Beranda" loaded.
INFO - 2021-09-25 03:40:39 --> Controller "App\Controllers\base\Beranda" loaded.
INFO - 2021-09-25 03:40:39 --> Controller "App\Controllers\base\Beranda" loaded.
INFO - 2021-09-25 03:40:40 --> Controller "App\Controllers\base\Beranda" loaded.
INFO - 2021-09-25 03:40:42 --> Controller "App\Controllers\base\Beranda" loaded.
INFO - 2021-09-25 03:40:42 --> Controller "App\Controllers\base\Beranda" loaded.
INFO - 2021-09-25 03:40:43 --> Controller "App\Controllers\base\Beranda" loaded.
INFO - 2021-09-25 03:40:43 --> Controller "App\Controllers\base\Beranda" loaded.
INFO - 2021-09-25 03:40:44 --> Controller "App\Controllers\base\Beranda" loaded.
INFO - 2021-09-25 03:40:46 --> Controller "App\Controllers\base\Beranda" loaded.
INFO - 2021-09-25 03:40:46 --> Controller "App\Controllers\base\Beranda" loaded.
INFO - 2021-09-25 03:40:48 --> Controller "App\Controllers\base\Beranda" loaded.
INFO - 2021-09-25 03:40:50 --> Controller "App\Controllers\base\Beranda" loaded.
INFO - 2021-09-25 03:40:50 --> Controller "App\Controllers\base\Beranda" loaded.
INFO - 2021-09-25 03:40:50 --> Controller "App\Controllers\base\Beranda" loaded.
INFO - 2021-09-25 03:40:52 --> Controller "App\Controllers\base\Beranda" loaded.
INFO - 2021-09-25 03:40:53 --> Controller "App\Controllers\base\Beranda" loaded.
INFO - 2021-09-25 03:40:53 --> Controller "App\Controllers\base\Beranda" loaded.
INFO - 2021-09-25 03:40:54 --> Controller "App\Controllers\base\Beranda" loaded.
INFO - 2021-09-25 03:40:54 --> Controller "App\Controllers\base\Beranda" loaded.
INFO - 2021-09-25 03:40:55 --> Controller "App\Controllers\base\Beranda" loaded.
INFO - 2021-09-25 03:40:55 --> Controller "App\Controllers\base\Beranda" loaded.
INFO - 2021-09-25 03:40:55 --> Controller "App\Controllers\base\Beranda" loaded.
INFO - 2021-09-25 03:40:55 --> Controller "App\Controllers\base\Beranda" loaded.
INFO - 2021-09-25 03:40:56 --> Controller "App\Controllers\base\Beranda" loaded.
INFO - 2021-09-25 03:40:58 --> Controller "App\Controllers\base\Beranda" loaded.
INFO - 2021-09-25 03:40:59 --> Controller "App\Controllers\base\Beranda" loaded.
INFO - 2021-09-25 03:41:02 --> Controller "App\Controllers\base\Beranda" loaded.
INFO - 2021-09-25 03:41:03 --> Controller "App\Controllers\base\Beranda" loaded.
INFO - 2021-09-25 03:41:05 --> Controller "App\Controllers\base\Beranda" loaded.
INFO - 2021-09-25 03:41:06 --> Controller "App\Controllers\base\Beranda" loaded.
INFO - 2021-09-25 03:41:06 --> Controller "App\Controllers\base\Beranda" loaded.
INFO - 2021-09-25 03:41:08 --> Controller "App\Controllers\base\Beranda" loaded.
INFO - 2021-09-25 03:41:08 --> Controller "App\Controllers\base\Beranda" loaded.
INFO - 2021-09-25 03:41:08 --> Controller "App\Controllers\base\Beranda" loaded.
INFO - 2021-09-25 03:41:09 --> Controller "App\Controllers\base\Beranda" loaded.
INFO - 2021-09-25 03:41:14 --> Controller "App\Controllers\base\Beranda" loaded.
INFO - 2021-09-25 03:41:16 --> Controller "App\Controllers\base\Beranda" loaded.
INFO - 2021-09-25 03:52:29 --> Session: Class initialized using 'CodeIgniter\Session\Handlers\FileHandler' driver.
INFO - 2021-09-25 03:52:29 --> Controller "App\Controllers\undangan\Undangan" loaded.
INFO - 2021-09-25 04:23:15 --> Controller "App\Controllers\base\Beranda" loaded.
INFO - 2021-09-25 05:11:45 --> Controller "App\Controllers\base\Beranda" loaded.
INFO - 2021-09-25 05:13:04 --> Session: Class initialized using 'CodeIgniter\Session\Handlers\FileHandler' driver.
INFO - 2021-09-25 05:13:04 --> Controller "App\Controllers\undangan\Undangan" loaded.
INFO - 2021-09-25 05:28:37 --> Session: Class initialized using 'CodeIgniter\Session\Handlers\FileHandler' driver.
INFO - 2021-09-25 05:28:37 --> Controller "App\Controllers\base\Order" loaded.
INFO - 2021-09-25 05:32:09 --> Controller "App\Controllers\base\Beranda" loaded.
INFO - 2021-09-25 05:42:10 --> Session: Class initialized using 'CodeIgniter\Session\Handlers\FileHandler' driver.
INFO - 2021-09-25 05:42:10 --> Controller "App\Controllers\base\Order" loaded.
INFO - 2021-09-25 05:58:01 --> Session: Class initialized using 'CodeIgniter\Session\Handlers\FileHandler' driver.
INFO - 2021-09-25 05:58:01 --> Controller "App\Controllers\undangan\Undangan" loaded.
INFO - 2021-09-25 06:21:19 --> Controller "App\Controllers\base\Beranda" loaded.
INFO - 2021-09-25 06:21:28 --> Controller "App\Controllers\base\Beranda" loaded.
INFO - 2021-09-25 06:27:03 --> Controller "App\Controllers\base\Beranda" loaded.
INFO - 2021-09-25 06:47:38 --> Session: Class initialized using 'CodeIgniter\Session\Handlers\FileHandler' driver.
INFO - 2021-09-25 06:47:38 --> Controller "App\Controllers\base\Order" loaded.
INFO - 2021-09-25 07:00:03 --> Controller "App\Controllers\base\Beranda" loaded.
INFO - 2021-09-25 07:10:02 --> Controller "App\Controllers\base\Beranda" loaded.
INFO - 2021-09-25 07:20:02 --> Controller "App\Controllers\base\Beranda" loaded.
INFO - 2021-09-25 07:23:45 --> Session: Class initialized using 'CodeIgniter\Session\Handlers\FileHandler' driver.
INFO - 2021-09-25 07:23:45 --> Controller "App\Controllers\base\Order" loaded.
INFO - 2021-09-25 07:30:03 --> Controller "App\Controllers\base\Beranda" loaded.
INFO - 2021-09-25 07:40:02 --> Controller "App\Controllers\base\Beranda" loaded.
INFO - 2021-09-25 07:49:12 --> Session: Class initialized using 'CodeIgniter\Session\Handlers\FileHandler' driver.
INFO - 2021-09-25 07:49:12 --> Controller "App\Controllers\bukutamu\Bukutamu" loaded.
INFO - 2021-09-25 07:50:02 --> Controller "App\Controllers\base\Beranda" loaded.
INFO - 2021-09-25 08:00:02 --> Controller "App\Controllers\base\Beranda" loaded.
INFO - 2021-09-25 08:05:59 --> Controller "App\Controllers\base\Beranda" loaded.
INFO - 2021-09-25 08:10:02 --> Controller "App\Controllers\base\Beranda" loaded.
INFO - 2021-09-25 08:14:24 --> Session: Class initialized using 'CodeIgniter\Session\Handlers\FileHandler' driver.
INFO - 2021-09-25 08:14:24 --> Controller "App\Controllers\base\Order" loaded.
INFO - 2021-09-25 08:20:03 --> Controller "App\Controllers\base\Beranda" loaded.
INFO - 2021-09-25 08:30:03 --> Controller "App\Controllers\base\Beranda" loaded.
INFO - 2021-09-25 08:40:03 --> Controller "App\Controllers\base\Beranda" loaded.
INFO - 2021-09-25 08:46:03 --> Controller "App\Controllers\base\Beranda" loaded.
INFO - 2021-09-25 08:50:02 --> Controller "App\Controllers\base\Beranda" loaded.
INFO - 2021-09-25 08:52:52 --> Controller "App\Controllers\base\Beranda" loaded.
INFO - 2021-09-25 08:59:31 --> Session: Class initialized using 'CodeIgniter\Session\Handlers\FileHandler' driver.
INFO - 2021-09-25 08:59:31 --> Controller "App\Controllers\bukutamu\Bukutamu" loaded.
INFO - 2021-09-25 09:00:03 --> Controller "App\Controllers\base\Beranda" loaded.
INFO - 2021-09-25 09:00:45 --> Controller "App\Controllers\base\Beranda" loaded.
INFO - 2021-09-25 09:00:45 --> Controller "App\Controllers\base\Beranda" loaded.
INFO - 2021-09-25 09:04:00 --> Session: Class initialized using 'CodeIgniter\Session\Handlers\FileHandler' driver.
INFO - 2021-09-25 09:04:00 --> Controller "App\Controllers\base\Order" loaded.
INFO - 2021-09-25 09:10:03 --> Controller "App\Controllers\base\Beranda" loaded.
INFO - 2021-09-25 09:17:41 --> Session: Class initialized using 'CodeIgniter\Session\Handlers\FileHandler' driver.
INFO - 2021-09-25 09:17:41 --> Controller "App\Controllers\base\Order" loaded.
INFO - 2021-09-25 09:17:44 --> Session: Class initialized using 'CodeIgniter\Session\Handlers\FileHandler' driver.
INFO - 2021-09-25 09:17:44 --> Controller "App\Controllers\base\Order" loaded.
INFO - 2021-09-25 09:17:47 --> Session: Class initialized using 'CodeIgniter\Session\Handlers\FileHandler' driver.
INFO - 2021-09-25 09:17:47 --> Controller "App\Controllers\base\Order" loaded.
INFO - 2021-09-25 09:17:53 --> Controller "App\Controllers\base\Beranda" loaded.
INFO - 2021-09-25 09:20:03 --> Controller "App\Controllers\base\Beranda" loaded.
INFO - 2021-09-25 09:30:03 --> Controller "App\Controllers\base\Beranda" loaded.
INFO - 2021-09-25 09:33:30 --> Session: Class initialized using 'CodeIgniter\Session\Handlers\FileHandler' driver.
INFO - 2021-09-25 09:33:30 --> Controller "App\Controllers\undangan\Undangan" loaded.
INFO - 2021-09-25 09:40:03 --> Controller "App\Controllers\base\Beranda" loaded.
INFO - 2021-09-25 09:50:02 --> Controller "App\Controllers\base\Beranda" loaded.
INFO - 2021-09-25 10:00:02 --> Controller "App\Controllers\base\Beranda" loaded.
INFO - 2021-09-25 10:07:49 --> Controller "App\Controllers\base\Beranda" loaded.
INFO - 2021-09-25 10:10:03 --> Controller "App\Controllers\base\Beranda" loaded.
INFO - 2021-09-25 10:13:21 --> Controller "App\Controllers\base\Beranda" loaded.
INFO - 2021-09-25 10:20:03 --> Controller "App\Controllers\base\Beranda" loaded.
INFO - 2021-09-25 10:30:02 --> Controller "App\Controllers\base\Beranda" loaded.
INFO - 2021-09-25 10:40:02 --> Controller "App\Controllers\base\Beranda" loaded.
INFO - 2021-09-25 10:50:03 --> Controller "App\Controllers\base\Beranda" loaded.
INFO - 2021-09-25 11:00:02 --> Controller "App\Controllers\base\Beranda" loaded.
INFO - 2021-09-25 11:06:18 --> Controller "App\Controllers\base\Beranda" loaded.
INFO - 2021-09-25 11:06:20 --> Session: Class initialized using 'CodeIgniter\Session\Handlers\FileHandler' driver.
INFO - 2021-09-25 11:06:20 --> Controller "App\Controllers\base\Order" loaded.
INFO - 2021-09-25 11:06:20 --> Controller "App\Controllers\base\Beranda" loaded.
INFO - 2021-09-25 11:06:29 --> Controller "App\Controllers\base\Beranda" loaded.
INFO - 2021-09-25 11:09:52 --> Controller "App\Controllers\base\Beranda" loaded.
INFO - 2021-09-25 11:10:02 --> Controller "App\Controllers\base\Beranda" loaded.
INFO - 2021-09-25 11:17:17 --> Controller "App\Controllers\base\Beranda" loaded.
INFO - 2021-09-25 11:18:04 --> Controller "App\Controllers\base\Beranda" loaded.
INFO - 2021-09-25 11:20:02 --> Controller "App\Controllers\base\Beranda" loaded.
INFO - 2021-09-25 11:21:11 --> Controller "App\Controllers\base\Beranda" loaded.
INFO - 2021-09-25 11:22:39 --> Controller "App\Controllers\base\Beranda" loaded.
INFO - 2021-09-25 11:27:46 --> Controller "App\Controllers\base\Beranda" loaded.
INFO - 2021-09-25 11:28:35 --> Controller "App\Controllers\base\Beranda" loaded.
INFO - 2021-09-25 11:28:37 --> Controller "App\Controllers\base\Beranda" loaded.
INFO - 2021-09-25 11:28:42 --> Controller "App\Controllers\base\Beranda" loaded.
INFO - 2021-09-25 11:28:42 --> Controller "App\Controllers\base\Beranda" loaded.
INFO - 2021-09-25 11:28:55 --> Session: Class initialized using 'CodeIgniter\Session\Handlers\FileHandler' driver.
INFO - 2021-09-25 11:28:55 --> Controller "App\Controllers\base\Order" loaded.
INFO - 2021-09-25 11:28:55 --> Controller "App\Controllers\base\Beranda" loaded.
INFO - 2021-09-25 11:29:00 --> Controller "App\Controllers\base\Beranda" loaded.
INFO - 2021-09-25 11:30:03 --> Controller "App\Controllers\base\Beranda" loaded.
INFO - 2021-09-25 11:40:03 --> Controller "App\Controllers\base\Beranda" loaded.
INFO - 2021-09-25 11:46:43 --> Controller "App\Controllers\base\Beranda" loaded.
INFO - 2021-09-25 11:47:17 --> Session: Class initialized using 'CodeIgniter\Session\Handlers\FileHandler' driver.
INFO - 2021-09-25 11:47:17 --> Controller "App\Controllers\base\Order" loaded.
INFO - 2021-09-25 11:47:19 --> Controller "App\Controllers\base\Beranda" loaded.
INFO - 2021-09-25 11:47:52 --> Controller "App\Controllers\base\Beranda" loaded.
INFO - 2021-09-25 11:48:09 --> Controller "App\Controllers\base\Beranda" loaded.
INFO - 2021-09-25 11:49:25 --> Controller "App\Controllers\base\Beranda" loaded.
INFO - 2021-09-25 11:49:36 --> Controller "App\Controllers\base\Beranda" loaded.
INFO - 2021-09-25 11:50:01 --> Controller "App\Controllers\base\Beranda" loaded.
INFO - 2021-09-25 11:50:44 --> Controller "App\Controllers\base\Beranda" loaded.
INFO - 2021-09-25 11:51:17 --> Controller "App\Controllers\base\Beranda" loaded.
INFO - 2021-09-25 11:52:13 --> Controller "App\Controllers\base\Beranda" loaded.
INFO - 2021-09-25 11:53:26 --> Controller "App\Controllers\base\Beranda" loaded.
INFO - 2021-09-25 11:54:42 --> Controller "App\Controllers\base\Beranda" loaded.
INFO - 2021-09-25 11:54:57 --> Controller "App\Controllers\base\Beranda" loaded.
INFO - 2021-09-25 11:55:13 --> Controller "App\Controllers\base\Beranda" loaded.
INFO - 2021-09-25 11:55:36 --> Controller "App\Controllers\base\Beranda" loaded.
INFO - 2021-09-25 11:56:24 --> Session: Class initialized using 'CodeIgniter\Session\Handlers\FileHandler' driver.
INFO - 2021-09-25 11:56:24 --> Controller "App\Controllers\base\Dashboard" loaded.
INFO - 2021-09-25 11:56:51 --> Session: Class initialized using 'CodeIgniter\Session\Handlers\FileHandler' driver.
INFO - 2021-09-25 11:56:51 --> Controller "App\Controllers\base\Dashboard" loaded.
INFO - 2021-09-25 11:56:51 --> Session: Class initialized using 'CodeIgniter\Session\Handlers\FileHandler' driver.
INFO - 2021-09-25 11:56:51 --> Controller "App\Controllers\base\Dashboard" loaded.
INFO - 2021-09-25 11:57:14 --> Session: Class initialized using 'CodeIgniter\Session\Handlers\FileHandler' driver.
INFO - 2021-09-25 11:57:14 --> Controller "App\Controllers\base\Dashboard" loaded.
INFO - 2021-09-25 11:57:28 --> Session: Class initialized using 'CodeIgniter\Session\Handlers\FileHandler' driver.
INFO - 2021-09-25 11:57:28 --> Controller "App\Controllers\base\Dashboard" loaded.
INFO - 2021-09-25 11:57:29 --> Session: Class initialized using 'CodeIgniter\Session\Handlers\FileHandler' driver.
INFO - 2021-09-25 11:57:29 --> Controller "App\Controllers\base\Dashboard" loaded.
INFO - 2021-09-25 11:57:47 --> Session: Class initialized using 'CodeIgniter\Session\Handlers\FileHandler' driver.
INFO - 2021-09-25 11:57:47 --> Controller "App\Controllers\base\Dashboard" loaded.
INFO - 2021-09-25 11:57:47 --> Session: Class initialized using 'CodeIgniter\Session\Handlers\FileHandler' driver.
INFO - 2021-09-25 11:57:47 --> Controller "App\Controllers\base\Dashboard" loaded.
INFO - 2021-09-25 11:57:56 --> Session: Class initialized using 'CodeIgniter\Session\Handlers\FileHandler' driver.
INFO - 2021-09-25 11:57:56 --> Controller "App\Controllers\base\Dashboard" loaded.
INFO - 2021-09-25 11:58:08 --> Session: Class initialized using 'CodeIgniter\Session\Handlers\FileHandler' driver.
INFO - 2021-09-25 11:58:08 --> Controller "App\Controllers\undangan\Undangan" loaded.
INFO - 2021-09-25 12:00:02 --> Controller "App\Controllers\base\Beranda" loaded.
INFO - 2021-09-25 12:08:35 --> Controller "App\Controllers\base\Beranda" loaded.
INFO - 2021-09-25 12:10:02 --> Controller "App\Controllers\base\Beranda" loaded.
INFO - 2021-09-25 12:20:03 --> Controller "App\Controllers\base\Beranda" loaded.
INFO - 2021-09-25 12:30:03 --> Controller "App\Controllers\base\Beranda" loaded.
INFO - 2021-09-25 12:40:02 --> Controller "App\Controllers\base\Beranda" loaded.
INFO - 2021-09-25 12:50:03 --> Controller "App\Controllers\base\Beranda" loaded.
INFO - 2021-09-25 12:50:53 --> Controller "App\Controllers\base\Beranda" loaded.
INFO - 2021-09-25 13:00:02 --> Controller "App\Controllers\base\Beranda" loaded.
INFO - 2021-09-25 13:04:12 --> Session: Class initialized using 'CodeIgniter\Session\Handlers\FileHandler' driver.
INFO - 2021-09-25 13:04:12 --> Controller "App\Controllers\base\Order" loaded.
INFO - 2021-09-25 13:10:02 --> Controller "App\Controllers\base\Beranda" loaded.
INFO - 2021-09-25 13:18:36 --> Controller "App\Controllers\base\Beranda" loaded.
INFO - 2021-09-25 13:20:03 --> Controller "App\Controllers\base\Beranda" loaded.
INFO - 2021-09-25 13:28:37 --> Controller "App\Controllers\base\Beranda" loaded.
INFO - 2021-09-25 13:30:02 --> Controller "App\Controllers\base\Beranda" loaded.
INFO - 2021-09-25 13:36:14 --> Session: Class initialized using 'CodeIgniter\Session\Handlers\FileHandler' driver.
INFO - 2021-09-25 13:36:14 --> Controller "App\Controllers\base\Dashboard" loaded.
INFO - 2021-09-25 13:36:47 --> Session: Class initialized using 'CodeIgniter\Session\Handlers\FileHandler' driver.
INFO - 2021-09-25 13:36:47 --> Controller "App\Controllers\undangan\Undangan" loaded.
INFO - 2021-09-25 13:37:22 --> Controller "App\Controllers\base\Beranda" loaded.
INFO - 2021-09-25 13:37:32 --> Controller "App\Controllers\base\Beranda" loaded.
INFO - 2021-09-25 13:37:35 --> Session: Class initialized using 'CodeIgniter\Session\Handlers\FileHandler' driver.
INFO - 2021-09-25 13:37:35 --> Controller "App\Controllers\base\Order" loaded.
INFO - 2021-09-25 13:37:58 --> Controller "App\Controllers\base\Beranda" loaded.
INFO - 2021-09-25 13:38:04 --> Session: Class initialized using 'CodeIgniter\Session\Handlers\FileHandler' driver.
INFO - 2021-09-25 13:38:04 --> Controller "App\Controllers\base\Dashboard" loaded.
INFO - 2021-09-25 13:38:13 --> Session: Class initialized using 'CodeIgniter\Session\Handlers\FileHandler' driver.
INFO - 2021-09-25 13:38:13 --> Controller "App\Controllers\base\Dashboard" loaded.
INFO - 2021-09-25 13:38:13 --> Session: Class initialized using 'CodeIgniter\Session\Handlers\FileHandler' driver.
INFO - 2021-09-25 13:38:13 --> Controller "App\Controllers\base\Dashboard" loaded.
INFO - 2021-09-25 13:38:24 --> Session: Class initialized using 'CodeIgniter\Session\Handlers\FileHandler' driver.
INFO - 2021-09-25 13:38:24 --> Controller "App\Controllers\undangan\Undangan" loaded.
INFO - 2021-09-25 13:38:45 --> Session: Class initialized using 'CodeIgniter\Session\Handlers\FileHandler' driver.
INFO - 2021-09-25 13:38:45 --> Controller "App\Controllers\base\Dashboard" loaded.
INFO - 2021-09-25 13:38:45 --> Session: Class initialized using 'CodeIgniter\Session\Handlers\FileHandler' driver.
INFO - 2021-09-25 13:38:45 --> Controller "App\Controllers\base\Dashboard" loaded.
INFO - 2021-09-25 13:38:56 --> Session: Class initialized using 'CodeIgniter\Session\Handlers\FileHandler' driver.
INFO - 2021-09-25 13:38:56 --> Controller "App\Controllers\undangan\Undangan" loaded.
INFO - 2021-09-25 13:39:09 --> Session: Class initialized using 'CodeIgniter\Session\Handlers\FileHandler' driver.
INFO - 2021-09-25 13:39:09 --> Controller "App\Controllers\undangan\Undangan" loaded.
INFO - 2021-09-25 13:40:03 --> Controller "App\Controllers\base\Beranda" loaded.
INFO - 2021-09-25 13:50:03 --> Controller "App\Controllers\base\Beranda" loaded.
INFO - 2021-09-25 14:00:03 --> Controller "App\Controllers\base\Beranda" loaded.
INFO - 2021-09-25 14:04:13 --> Controller "App\Controllers\base\Beranda" loaded.
INFO - 2021-09-25 14:10:03 --> Controller "App\Controllers\base\Beranda" loaded.
INFO - 2021-09-25 14:20:02 --> Controller "App\Controllers\base\Beranda" loaded.
INFO - 2021-09-25 14:30:03 --> Controller "App\Controllers\base\Beranda" loaded.
INFO - 2021-09-25 14:31:08 --> Controller "App\Controllers\base\Beranda" loaded.
INFO - 2021-09-25 14:36:02 --> Controller "App\Controllers\base\Beranda" loaded.
INFO - 2021-09-25 14:36:19 --> Controller "App\Controllers\base\Beranda" loaded.
INFO - 2021-09-25 14:40:02 --> Controller "App\Controllers\base\Beranda" loaded.
INFO - 2021-09-25 14:43:58 --> Session: Class initialized using 'CodeIgniter\Session\Handlers\FileHandler' driver.
INFO - 2021-09-25 14:43:58 --> Controller "App\Controllers\undangan\Undangan" loaded.
INFO - 2021-09-25 14:46:08 --> Controller "App\Controllers\base\Beranda" loaded.
INFO - 2021-09-25 14:50:02 --> Controller "App\Controllers\base\Beranda" loaded.
INFO - 2021-09-25 14:52:45 --> Controller "App\Controllers\base\Beranda" loaded.
INFO - 2021-09-25 14:52:55 --> Controller "App\Controllers\base\Beranda" loaded.
INFO - 2021-09-25 14:59:36 --> Controller "App\Controllers\base\Beranda" loaded.
INFO - 2021-09-25 15:00:02 --> Controller "App\Controllers\base\Beranda" loaded.
INFO - 2021-09-25 15:01:02 --> Controller "App\Controllers\base\Beranda" loaded.
INFO - 2021-09-25 15:02:03 --> Controller "App\Controllers\base\Beranda" loaded.
INFO - 2021-09-25 15:02:32 --> Controller "App\Controllers\base\Beranda" loaded.
INFO - 2021-09-25 15:04:50 --> Controller "App\Controllers\base\Beranda" loaded.
INFO - 2021-09-25 15:10:02 --> Controller "App\Controllers\base\Beranda" loaded.
INFO - 2021-09-25 15:15:21 --> Controller "App\Controllers\base\Beranda" loaded.
INFO - 2021-09-25 15:20:02 --> Controller "App\Controllers\base\Beranda" loaded.
INFO - 2021-09-25 15:22:25 --> Controller "App\Controllers\base\Beranda" loaded.
INFO - 2021-09-25 15:22:25 --> Controller "App\Controllers\base\Beranda" loaded.
INFO - 2021-09-25 15:30:03 --> Controller "App\Controllers\base\Beranda" loaded.
INFO - 2021-09-25 15:40:03 --> Controller "App\Controllers\base\Beranda" loaded.
INFO - 2021-09-25 15:50:02 --> Controller "App\Controllers\base\Beranda" loaded.
INFO - 2021-09-25 16:00:03 --> Controller "App\Controllers\base\Beranda" loaded.
INFO - 2021-09-25 16:10:02 --> Controller "App\Controllers\base\Beranda" loaded.
INFO - 2021-09-25 16:20:02 --> Controller "App\Controllers\base\Beranda" loaded.
INFO - 2021-09-25 16:30:03 --> Controller "App\Controllers\base\Beranda" loaded.
INFO - 2021-09-25 16:40:02 --> Controller "App\Controllers\base\Beranda" loaded.
INFO - 2021-09-25 16:50:03 --> Controller "App\Controllers\base\Beranda" loaded.
INFO - 2021-09-25 17:00:02 --> Controller "App\Controllers\base\Beranda" loaded.
INFO - 2021-09-25 17:10:03 --> Controller "App\Controllers\base\Beranda" loaded.
INFO - 2021-09-25 17:13:19 --> Controller "App\Controllers\base\Beranda" loaded.
INFO - 2021-09-25 17:20:03 --> Controller "App\Controllers\base\Beranda" loaded.
INFO - 2021-09-25 17:30:03 --> Controller "App\Controllers\base\Beranda" loaded.
INFO - 2021-09-25 17:40:02 --> Controller "App\Controllers\base\Beranda" loaded.
INFO - 2021-09-25 17:45:48 --> Controller "App\Controllers\base\Beranda" loaded.
INFO - 2021-09-25 17:45:49 --> Controller "App\Controllers\base\Beranda" loaded.
INFO - 2021-09-25 17:45:49 --> Controller "App\Controllers\base\Beranda" loaded.
INFO - 2021-09-25 17:45:49 --> Controller "App\Controllers\base\Beranda" loaded.
INFO - 2021-09-25 17:45:49 --> Controller "App\Controllers\base\Beranda" loaded.
INFO - 2021-09-25 17:45:49 --> Controller "App\Controllers\base\Beranda" loaded.
INFO - 2021-09-25 17:45:49 --> Controller "App\Controllers\base\Beranda" loaded.
INFO - 2021-09-25 17:45:49 --> Controller "App\Controllers\base\Beranda" loaded.
INFO - 2021-09-25 17:45:49 --> Controller "App\Controllers\base\Beranda" loaded.
INFO - 2021-09-25 17:45:49 --> Controller "App\Controllers\base\Beranda" loaded.
INFO - 2021-09-25 17:45:49 --> Controller "App\Controllers\base\Beranda" loaded.
INFO - 2021-09-25 17:45:49 --> Controller "App\Controllers\base\Beranda" loaded.
INFO - 2021-09-25 17:45:49 --> Controller "App\Controllers\base\Beranda" loaded.
INFO - 2021-09-25 17:45:49 --> Controller "App\Controllers\base\Beranda" loaded.
INFO - 2021-09-25 17:45:49 --> Controller "App\Controllers\base\Beranda" loaded.
INFO - 2021-09-25 17:45:50 --> Controller "App\Controllers\base\Beranda" loaded.
INFO - 2021-09-25 17:45:50 --> Controller "App\Controllers\base\Beranda" loaded.
INFO - 2021-09-25 17:45:50 --> Controller "App\Controllers\base\Beranda" loaded.
INFO - 2021-09-25 17:45:50 --> Controller "App\Controllers\base\Beranda" loaded.
INFO - 2021-09-25 17:45:50 --> Controller "App\Controllers\base\Beranda" loaded.
INFO - 2021-09-25 17:50:02 --> Controller "App\Controllers\base\Beranda" loaded.
INFO - 2021-09-25 18:00:03 --> Controller "App\Controllers\base\Beranda" loaded.
INFO - 2021-09-25 18:10:02 --> Controller "App\Controllers\base\Beranda" loaded.
INFO - 2021-09-25 18:20:02 --> Controller "App\Controllers\base\Beranda" loaded.
INFO - 2021-09-25 18:30:02 --> Controller "App\Controllers\base\Beranda" loaded.
INFO - 2021-09-25 18:40:02 --> Controller "App\Controllers\base\Beranda" loaded.
INFO - 2021-09-25 18:49:44 --> Controller "App\Controllers\base\Beranda" loaded.
INFO - 2021-09-25 18:50:02 --> Controller "App\Controllers\base\Beranda" loaded.
INFO - 2021-09-25 19:00:02 --> Controller "App\Controllers\base\Beranda" loaded.
INFO - 2021-09-25 19:07:59 --> Controller "App\Controllers\base\Beranda" loaded.
INFO - 2021-09-25 19:10:03 --> Controller "App\Controllers\base\Beranda" loaded.
INFO - 2021-09-25 19:20:03 --> Controller "App\Controllers\base\Beranda" loaded.
INFO - 2021-09-25 19:30:02 --> Controller "App\Controllers\base\Beranda" loaded.
INFO - 2021-09-25 19:40:02 --> Controller "App\Controllers\base\Beranda" loaded.
INFO - 2021-09-25 19:50:02 --> Controller "App\Controllers\base\Beranda" loaded.
INFO - 2021-09-25 20:00:02 --> Controller "App\Controllers\base\Beranda" loaded.
INFO - 2021-09-25 20:04:51 --> Controller "App\Controllers\base\Beranda" loaded.
INFO - 2021-09-25 20:04:52 --> Controller "App\Controllers\base\Beranda" loaded.
INFO - 2021-09-25 20:04:53 --> Controller "App\Controllers\base\Beranda" loaded.
INFO - 2021-09-25 20:04:55 --> Controller "App\Controllers\base\Beranda" loaded.
INFO - 2021-09-25 20:10:02 --> Controller "App\Controllers\base\Beranda" loaded.
INFO - 2021-09-25 20:16:44 --> Session: Class initialized using 'CodeIgniter\Session\Handlers\FileHandler' driver.
INFO - 2021-09-25 20:16:44 --> Controller "App\Controllers\undangan\Undangan" loaded.
INFO - 2021-09-25 20:20:03 --> Controller "App\Controllers\base\Beranda" loaded.
INFO - 2021-09-25 20:27:37 --> Controller "App\Controllers\base\Beranda" loaded.
INFO - 2021-09-25 20:27:43 --> Session: Class initialized using 'CodeIgniter\Session\Handlers\FileHandler' driver.
INFO - 2021-09-25 20:27:43 --> Controller "App\Controllers\base\Order" loaded.
INFO - 2021-09-25 20:27:43 --> Controller "App\Controllers\base\Beranda" loaded.
INFO - 2021-09-25 20:27:50 --> Controller "App\Controllers\base\Beranda" loaded.
INFO - 2021-09-25 20:28:30 --> Controller "App\Controllers\base\Beranda" loaded.
INFO - 2021-09-25 20:29:05 --> Session: Class initialized using 'CodeIgniter\Session\Handlers\FileHandler' driver.
INFO - 2021-09-25 20:29:05 --> Controller "App\Controllers\base\Order" loaded.
INFO - 2021-09-25 20:29:19 --> Controller "App\Controllers\base\Beranda" loaded.
INFO - 2021-09-25 20:30:02 --> Controller "App\Controllers\base\Beranda" loaded.
INFO - 2021-09-25 20:39:43 --> Session: Class initialized using 'CodeIgniter\Session\Handlers\FileHandler' driver.
INFO - 2021-09-25 20:39:43 --> Controller "App\Controllers\bukutamu\Bukutamu" loaded.
INFO - 2021-09-25 20:39:43 --> Session: Class initialized using 'CodeIgniter\Session\Handlers\FileHandler' driver.
INFO - 2021-09-25 20:39:43 --> Controller "App\Controllers\bukutamu\Bukutamu" loaded.
INFO - 2021-09-25 20:39:43 --> Session: Class initialized using 'CodeIgniter\Session\Handlers\FileHandler' driver.
INFO - 2021-09-25 20:39:43 --> Controller "App\Controllers\bukutamu\Bukutamu" loaded.
INFO - 2021-09-25 20:39:43 --> Session: Class initialized using 'CodeIgniter\Session\Handlers\FileHandler' driver.
INFO - 2021-09-25 20:39:43 --> Controller "App\Controllers\bukutamu\Bukutamu" loaded.
INFO - 2021-09-25 20:39:43 --> Session: Class initialized using 'CodeIgniter\Session\Handlers\FileHandler' driver.
INFO - 2021-09-25 20:39:43 --> Controller "App\Controllers\bukutamu\Bukutamu" loaded.
INFO - 2021-09-25 20:39:43 --> Session: Class initialized using 'CodeIgniter\Session\Handlers\FileHandler' driver.
INFO - 2021-09-25 20:39:43 --> Controller "App\Controllers\bukutamu\Bukutamu" loaded.
INFO - 2021-09-25 20:39:43 --> Session: Class initialized using 'CodeIgniter\Session\Handlers\FileHandler' driver.
INFO - 2021-09-25 20:39:43 --> Controller "App\Controllers\bukutamu\Bukutamu" loaded.
INFO - 2021-09-25 20:39:43 --> Session: Class initialized using 'CodeIgniter\Session\Handlers\FileHandler' driver.
INFO - 2021-09-25 20:39:43 --> Controller "App\Controllers\bukutamu\Bukutamu" loaded.
INFO - 2021-09-25 20:39:44 --> Session: Class initialized using 'CodeIgniter\Session\Handlers\FileHandler' driver.
INFO - 2021-09-25 20:39:44 --> Controller "App\Controllers\bukutamu\Bukutamu" loaded.
INFO - 2021-09-25 20:39:44 --> Session: Class initialized using 'CodeIgniter\Session\Handlers\FileHandler' driver.
INFO - 2021-09-25 20:39:44 --> Controller "App\Controllers\bukutamu\Bukutamu" loaded.
INFO - 2021-09-25 20:39:44 --> Session: Class initialized using 'CodeIgniter\Session\Handlers\FileHandler' driver.
INFO - 2021-09-25 20:39:44 --> Controller "App\Controllers\bukutamu\Bukutamu" loaded.
INFO - 2021-09-25 20:39:44 --> Session: Class initialized using 'CodeIgniter\Session\Handlers\FileHandler' driver.
INFO - 2021-09-25 20:39:44 --> Controller "App\Controllers\bukutamu\Bukutamu" loaded.
INFO - 2021-09-25 20:39:44 --> Session: Class initialized using 'CodeIgniter\Session\Handlers\FileHandler' driver.
INFO - 2021-09-25 20:39:44 --> Controller "App\Controllers\bukutamu\Bukutamu" loaded.
INFO - 2021-09-25 20:39:44 --> Session: Class initialized using 'CodeIgniter\Session\Handlers\FileHandler' driver.
INFO - 2021-09-25 20:39:44 --> Controller "App\Controllers\bukutamu\Bukutamu" loaded.
INFO - 2021-09-25 20:39:44 --> Session: Class initialized using 'CodeIgniter\Session\Handlers\FileHandler' driver.
INFO - 2021-09-25 20:39:44 --> Controller "App\Controllers\bukutamu\Bukutamu" loaded.
INFO - 2021-09-25 20:39:44 --> Session: Class initialized using 'CodeIgniter\Session\Handlers\FileHandler' driver.
INFO - 2021-09-25 20:39:44 --> Controller "App\Controllers\bukutamu\Bukutamu" loaded.
INFO - 2021-09-25 20:39:44 --> Session: Class initialized using 'CodeIgniter\Session\Handlers\FileHandler' driver.
INFO - 2021-09-25 20:39:44 --> Controller "App\Controllers\bukutamu\Bukutamu" loaded.
INFO - 2021-09-25 20:39:44 --> Session: Class initialized using 'CodeIgniter\Session\Handlers\FileHandler' driver.
INFO - 2021-09-25 20:39:44 --> Controller "App\Controllers\bukutamu\Bukutamu" loaded.
INFO - 2021-09-25 20:39:44 --> Session: Class initialized using 'CodeIgniter\Session\Handlers\FileHandler' driver.
INFO - 2021-09-25 20:39:44 --> Controller "App\Controllers\bukutamu\Bukutamu" loaded.
INFO - 2021-09-25 20:39:44 --> Session: Class initialized using 'CodeIgniter\Session\Handlers\FileHandler' driver.
INFO - 2021-09-25 20:39:44 --> Controller "App\Controllers\bukutamu\Bukutamu" loaded.
INFO - 2021-09-25 20:40:03 --> Controller "App\Controllers\base\Beranda" loaded.
INFO - 2021-09-25 20:50:03 --> Controller "App\Controllers\base\Beranda" loaded.
INFO - 2021-09-25 21:00:02 --> Controller "App\Controllers\base\Beranda" loaded.
INFO - 2021-09-25 21:01:13 --> Controller "App\Controllers\base\Beranda" loaded.
INFO - 2021-09-25 21:10:02 --> Controller "App\Controllers\base\Beranda" loaded.
INFO - 2021-09-25 21:17:08 --> Controller "App\Controllers\base\Beranda" loaded.
INFO - 2021-09-25 21:20:03 --> Controller "App\Controllers\base\Beranda" loaded.
INFO - 2021-09-25 21:30:03 --> Controller "App\Controllers\base\Beranda" loaded.
INFO - 2021-09-25 21:40:02 --> Controller "App\Controllers\base\Beranda" loaded.
INFO - 2021-09-25 21:50:03 --> Controller "App\Controllers\base\Beranda" loaded.
INFO - 2021-09-25 23:54:11 --> Session: Class initialized using 'CodeIgniter\Session\Handlers\FileHandler' driver.
INFO - 2021-09-25 23:54:11 --> Controller "App\Controllers\base\Order" loaded.
