INFO - 2022-01-30 00:06:15 --> Controller "App\Controllers\base\Beranda" loaded.
INFO - 2022-01-30 00:33:27 --> Controller "App\Controllers\base\Beranda" loaded.
INFO - 2022-01-30 02:59:03 --> Controller "App\Controllers\base\Beranda" loaded.
INFO - 2022-01-30 02:59:03 --> Controller "App\Controllers\base\Beranda" loaded.
INFO - 2022-01-30 02:59:03 --> Controller "App\Controllers\base\Beranda" loaded.
INFO - 2022-01-30 02:59:04 --> Controller "App\Controllers\base\Beranda" loaded.
INFO - 2022-01-30 02:59:04 --> Controller "App\Controllers\base\Beranda" loaded.
INFO - 2022-01-30 02:59:04 --> Controller "App\Controllers\base\Beranda" loaded.
INFO - 2022-01-30 02:59:04 --> Controller "App\Controllers\base\Beranda" loaded.
INFO - 2022-01-30 02:59:04 --> Controller "App\Controllers\base\Beranda" loaded.
INFO - 2022-01-30 02:59:04 --> Controller "App\Controllers\base\Beranda" loaded.
INFO - 2022-01-30 02:59:04 --> Controller "App\Controllers\base\Beranda" loaded.
INFO - 2022-01-30 02:59:04 --> Controller "App\Controllers\base\Beranda" loaded.
INFO - 2022-01-30 02:59:04 --> Controller "App\Controllers\base\Beranda" loaded.
INFO - 2022-01-30 02:59:05 --> Controller "App\Controllers\base\Beranda" loaded.
INFO - 2022-01-30 02:59:05 --> Controller "App\Controllers\base\Beranda" loaded.
INFO - 2022-01-30 02:59:05 --> Controller "App\Controllers\base\Beranda" loaded.
INFO - 2022-01-30 02:59:05 --> Controller "App\Controllers\base\Beranda" loaded.
INFO - 2022-01-30 02:59:05 --> Controller "App\Controllers\base\Beranda" loaded.
INFO - 2022-01-30 02:59:06 --> Controller "App\Controllers\base\Beranda" loaded.
INFO - 2022-01-30 02:59:06 --> Controller "App\Controllers\base\Beranda" loaded.
INFO - 2022-01-30 02:59:06 --> Controller "App\Controllers\base\Beranda" loaded.
INFO - 2022-01-30 03:02:21 --> Session: Class initialized using 'CodeIgniter\Session\Handlers\FileHandler' driver.
INFO - 2022-01-30 03:02:21 --> Controller "App\Controllers\base\Dashboard" loaded.
INFO - 2022-01-30 03:10:05 --> Session: Class initialized using 'CodeIgniter\Session\Handlers\FileHandler' driver.
INFO - 2022-01-30 03:10:05 --> Controller "App\Controllers\base\Order" loaded.
INFO - 2022-01-30 03:10:10 --> Controller "App\Controllers\base\Beranda" loaded.
INFO - 2022-01-30 04:17:39 --> Controller "App\Controllers\base\Beranda" loaded.
INFO - 2022-01-30 05:23:06 --> Session: Class initialized using 'CodeIgniter\Session\Handlers\FileHandler' driver.
INFO - 2022-01-30 05:23:06 --> Controller "App\Controllers\base\Order" loaded.
INFO - 2022-01-30 05:42:14 --> Controller "App\Controllers\base\Beranda" loaded.
INFO - 2022-01-30 05:42:44 --> Controller "App\Controllers\base\Beranda" loaded.
INFO - 2022-01-30 05:53:03 --> Controller "App\Controllers\base\Beranda" loaded.
INFO - 2022-01-30 05:53:04 --> Controller "App\Controllers\base\Beranda" loaded.
INFO - 2022-01-30 05:53:24 --> Controller "App\Controllers\base\Beranda" loaded.
INFO - 2022-01-30 05:53:24 --> Controller "App\Controllers\base\Beranda" loaded.
INFO - 2022-01-30 05:53:35 --> Controller "App\Controllers\base\Beranda" loaded.
INFO - 2022-01-30 05:54:18 --> Controller "App\Controllers\base\Beranda" loaded.
INFO - 2022-01-30 05:54:26 --> Controller "App\Controllers\base\Beranda" loaded.
INFO - 2022-01-30 05:55:22 --> Controller "App\Controllers\base\Beranda" loaded.
INFO - 2022-01-30 05:55:54 --> Controller "App\Controllers\base\Beranda" loaded.
INFO - 2022-01-30 05:56:32 --> Controller "App\Controllers\base\Beranda" loaded.
INFO - 2022-01-30 05:56:34 --> Controller "App\Controllers\base\Beranda" loaded.
INFO - 2022-01-30 05:56:35 --> Controller "App\Controllers\base\Beranda" loaded.
INFO - 2022-01-30 06:10:08 --> Session: Class initialized using 'CodeIgniter\Session\Handlers\FileHandler' driver.
INFO - 2022-01-30 06:10:08 --> Controller "App\Controllers\base\Order" loaded.
INFO - 2022-01-30 06:14:38 --> Controller "App\Controllers\base\Beranda" loaded.
INFO - 2022-01-30 06:16:06 --> Controller "App\Controllers\base\Beranda" loaded.
INFO - 2022-01-30 06:35:55 --> Controller "App\Controllers\base\Beranda" loaded.
INFO - 2022-01-30 06:50:19 --> Session: Class initialized using 'CodeIgniter\Session\Handlers\FileHandler' driver.
INFO - 2022-01-30 06:50:19 --> Controller "App\Controllers\undangan\Undangan" loaded.
INFO - 2022-01-30 07:00:03 --> Controller "App\Controllers\base\Beranda" loaded.
INFO - 2022-01-30 07:10:02 --> Controller "App\Controllers\base\Beranda" loaded.
INFO - 2022-01-30 07:20:02 --> Controller "App\Controllers\base\Beranda" loaded.
INFO - 2022-01-30 07:30:02 --> Controller "App\Controllers\base\Beranda" loaded.
INFO - 2022-01-30 07:40:03 --> Controller "App\Controllers\base\Beranda" loaded.
INFO - 2022-01-30 07:50:03 --> Controller "App\Controllers\base\Beranda" loaded.
INFO - 2022-01-30 08:00:02 --> Controller "App\Controllers\base\Beranda" loaded.
INFO - 2022-01-30 08:10:03 --> Controller "App\Controllers\base\Beranda" loaded.
INFO - 2022-01-30 08:20:03 --> Controller "App\Controllers\base\Beranda" loaded.
INFO - 2022-01-30 08:22:29 --> Controller "App\Controllers\base\Beranda" loaded.
INFO - 2022-01-30 08:29:29 --> Controller "App\Controllers\base\Beranda" loaded.
INFO - 2022-01-30 08:30:03 --> Controller "App\Controllers\base\Beranda" loaded.
INFO - 2022-01-30 08:40:03 --> Controller "App\Controllers\base\Beranda" loaded.
INFO - 2022-01-30 08:45:55 --> Controller "App\Controllers\base\Beranda" loaded.
INFO - 2022-01-30 08:46:42 --> Controller "App\Controllers\base\Beranda" loaded.
INFO - 2022-01-30 08:50:03 --> Controller "App\Controllers\base\Beranda" loaded.
INFO - 2022-01-30 08:56:53 --> Controller "App\Controllers\base\Beranda" loaded.
INFO - 2022-01-30 09:00:02 --> Controller "App\Controllers\base\Beranda" loaded.
INFO - 2022-01-30 09:01:07 --> Controller "App\Controllers\base\Beranda" loaded.
INFO - 2022-01-30 09:10:02 --> Controller "App\Controllers\base\Beranda" loaded.
INFO - 2022-01-30 09:20:02 --> Controller "App\Controllers\base\Beranda" loaded.
INFO - 2022-01-30 09:21:50 --> Session: Class initialized using 'CodeIgniter\Session\Handlers\FileHandler' driver.
INFO - 2022-01-30 09:21:50 --> Controller "App\Controllers\base\Order" loaded.
INFO - 2022-01-30 09:30:02 --> Controller "App\Controllers\base\Beranda" loaded.
INFO - 2022-01-30 09:38:14 --> Controller "App\Controllers\base\Beranda" loaded.
INFO - 2022-01-30 09:40:03 --> Controller "App\Controllers\base\Beranda" loaded.
INFO - 2022-01-30 09:49:19 --> Controller "App\Controllers\base\Beranda" loaded.
INFO - 2022-01-30 09:50:02 --> Controller "App\Controllers\base\Beranda" loaded.
INFO - 2022-01-30 10:00:02 --> Controller "App\Controllers\base\Beranda" loaded.
INFO - 2022-01-30 10:10:02 --> Controller "App\Controllers\base\Beranda" loaded.
INFO - 2022-01-30 10:17:41 --> Controller "App\Controllers\base\Beranda" loaded.
INFO - 2022-01-30 10:19:19 --> Controller "App\Controllers\base\Beranda" loaded.
INFO - 2022-01-30 10:20:03 --> Controller "App\Controllers\base\Beranda" loaded.
INFO - 2022-01-30 10:30:02 --> Controller "App\Controllers\base\Beranda" loaded.
INFO - 2022-01-30 10:40:03 --> Controller "App\Controllers\base\Beranda" loaded.
INFO - 2022-01-30 10:50:03 --> Controller "App\Controllers\base\Beranda" loaded.
INFO - 2022-01-30 11:00:03 --> Controller "App\Controllers\base\Beranda" loaded.
INFO - 2022-01-30 11:10:02 --> Controller "App\Controllers\base\Beranda" loaded.
INFO - 2022-01-30 11:20:03 --> Controller "App\Controllers\base\Beranda" loaded.
INFO - 2022-01-30 11:25:26 --> Controller "App\Controllers\base\Beranda" loaded.
INFO - 2022-01-30 11:30:02 --> Controller "App\Controllers\base\Beranda" loaded.
INFO - 2022-01-30 11:32:42 --> Controller "App\Controllers\base\Beranda" loaded.
INFO - 2022-01-30 11:39:54 --> Controller "App\Controllers\base\Beranda" loaded.
INFO - 2022-01-30 11:40:02 --> Controller "App\Controllers\base\Beranda" loaded.
INFO - 2022-01-30 11:41:12 --> Controller "App\Controllers\base\Beranda" loaded.
INFO - 2022-01-30 11:50:03 --> Controller "App\Controllers\base\Beranda" loaded.
INFO - 2022-01-30 12:00:03 --> Controller "App\Controllers\base\Beranda" loaded.
INFO - 2022-01-30 12:10:03 --> Controller "App\Controllers\base\Beranda" loaded.
INFO - 2022-01-30 12:20:02 --> Controller "App\Controllers\base\Beranda" loaded.
INFO - 2022-01-30 12:30:02 --> Controller "App\Controllers\base\Beranda" loaded.
INFO - 2022-01-30 12:40:02 --> Controller "App\Controllers\base\Beranda" loaded.
INFO - 2022-01-30 12:50:03 --> Controller "App\Controllers\base\Beranda" loaded.
INFO - 2022-01-30 12:57:17 --> Controller "App\Controllers\base\Beranda" loaded.
INFO - 2022-01-30 13:00:02 --> Controller "App\Controllers\base\Beranda" loaded.
INFO - 2022-01-30 13:06:10 --> Controller "App\Controllers\base\Beranda" loaded.
INFO - 2022-01-30 13:10:03 --> Controller "App\Controllers\base\Beranda" loaded.
INFO - 2022-01-30 13:20:02 --> Controller "App\Controllers\base\Beranda" loaded.
INFO - 2022-01-30 13:30:02 --> Controller "App\Controllers\base\Beranda" loaded.
INFO - 2022-01-30 13:40:02 --> Controller "App\Controllers\base\Beranda" loaded.
INFO - 2022-01-30 13:50:03 --> Controller "App\Controllers\base\Beranda" loaded.
INFO - 2022-01-30 13:56:55 --> Controller "App\Controllers\base\Beranda" loaded.
INFO - 2022-01-30 14:00:02 --> Controller "App\Controllers\base\Beranda" loaded.
INFO - 2022-01-30 14:10:03 --> Controller "App\Controllers\base\Beranda" loaded.
INFO - 2022-01-30 14:20:03 --> Controller "App\Controllers\base\Beranda" loaded.
INFO - 2022-01-30 14:30:03 --> Controller "App\Controllers\base\Beranda" loaded.
INFO - 2022-01-30 14:40:03 --> Controller "App\Controllers\base\Beranda" loaded.
INFO - 2022-01-30 14:48:30 --> Controller "App\Controllers\base\Beranda" loaded.
INFO - 2022-01-30 14:50:03 --> Controller "App\Controllers\base\Beranda" loaded.
INFO - 2022-01-30 15:00:03 --> Controller "App\Controllers\base\Beranda" loaded.
INFO - 2022-01-30 15:10:02 --> Controller "App\Controllers\base\Beranda" loaded.
INFO - 2022-01-30 15:20:03 --> Controller "App\Controllers\base\Beranda" loaded.
INFO - 2022-01-30 15:30:03 --> Controller "App\Controllers\base\Beranda" loaded.
INFO - 2022-01-30 15:40:03 --> Controller "App\Controllers\base\Beranda" loaded.
INFO - 2022-01-30 15:50:03 --> Controller "App\Controllers\base\Beranda" loaded.
INFO - 2022-01-30 16:00:02 --> Controller "App\Controllers\base\Beranda" loaded.
INFO - 2022-01-30 16:04:46 --> Controller "App\Controllers\base\Beranda" loaded.
INFO - 2022-01-30 16:10:03 --> Controller "App\Controllers\base\Beranda" loaded.
INFO - 2022-01-30 16:20:03 --> Controller "App\Controllers\base\Beranda" loaded.
INFO - 2022-01-30 16:30:02 --> Controller "App\Controllers\base\Beranda" loaded.
INFO - 2022-01-30 16:40:03 --> Controller "App\Controllers\base\Beranda" loaded.
INFO - 2022-01-30 16:50:02 --> Controller "App\Controllers\base\Beranda" loaded.
INFO - 2022-01-30 17:00:02 --> Controller "App\Controllers\base\Beranda" loaded.
INFO - 2022-01-30 17:03:49 --> Session: Class initialized using 'CodeIgniter\Session\Handlers\FileHandler' driver.
INFO - 2022-01-30 17:03:49 --> Controller "App\Controllers\base\Order" loaded.
INFO - 2022-01-30 17:06:43 --> Controller "App\Controllers\base\Beranda" loaded.
INFO - 2022-01-30 17:10:03 --> Controller "App\Controllers\base\Beranda" loaded.
INFO - 2022-01-30 17:20:03 --> Controller "App\Controllers\base\Beranda" loaded.
INFO - 2022-01-30 17:21:36 --> Controller "App\Controllers\base\Beranda" loaded.
INFO - 2022-01-30 17:28:16 --> Controller "App\Controllers\base\Beranda" loaded.
INFO - 2022-01-30 17:30:03 --> Controller "App\Controllers\base\Beranda" loaded.
INFO - 2022-01-30 17:39:22 --> Session: Class initialized using 'CodeIgniter\Session\Handlers\FileHandler' driver.
INFO - 2022-01-30 17:39:22 --> Controller "App\Controllers\base\Order" loaded.
INFO - 2022-01-30 17:40:03 --> Controller "App\Controllers\base\Beranda" loaded.
INFO - 2022-01-30 17:50:02 --> Controller "App\Controllers\base\Beranda" loaded.
INFO - 2022-01-30 18:00:03 --> Controller "App\Controllers\base\Beranda" loaded.
INFO - 2022-01-30 18:10:02 --> Controller "App\Controllers\base\Beranda" loaded.
INFO - 2022-01-30 18:19:01 --> Controller "App\Controllers\base\Beranda" loaded.
INFO - 2022-01-30 18:19:03 --> Controller "App\Controllers\base\Beranda" loaded.
INFO - 2022-01-30 18:20:02 --> Controller "App\Controllers\base\Beranda" loaded.
INFO - 2022-01-30 18:30:03 --> Controller "App\Controllers\base\Beranda" loaded.
INFO - 2022-01-30 18:40:03 --> Controller "App\Controllers\base\Beranda" loaded.
INFO - 2022-01-30 18:44:15 --> Controller "App\Controllers\base\Beranda" loaded.
INFO - 2022-01-30 18:50:02 --> Controller "App\Controllers\base\Beranda" loaded.
INFO - 2022-01-30 19:00:02 --> Controller "App\Controllers\base\Beranda" loaded.
INFO - 2022-01-30 19:09:16 --> Controller "App\Controllers\base\Beranda" loaded.
INFO - 2022-01-30 19:10:03 --> Controller "App\Controllers\base\Beranda" loaded.
INFO - 2022-01-30 19:13:16 --> Controller "App\Controllers\base\Beranda" loaded.
INFO - 2022-01-30 19:20:02 --> Controller "App\Controllers\base\Beranda" loaded.
INFO - 2022-01-30 19:30:02 --> Controller "App\Controllers\base\Beranda" loaded.
INFO - 2022-01-30 19:40:02 --> Controller "App\Controllers\base\Beranda" loaded.
INFO - 2022-01-30 19:45:33 --> Controller "App\Controllers\base\Beranda" loaded.
INFO - 2022-01-30 19:45:35 --> Controller "App\Controllers\base\Beranda" loaded.
INFO - 2022-01-30 19:50:03 --> Controller "App\Controllers\base\Beranda" loaded.
INFO - 2022-01-30 20:00:03 --> Controller "App\Controllers\base\Beranda" loaded.
INFO - 2022-01-30 20:09:09 --> Controller "App\Controllers\base\Beranda" loaded.
INFO - 2022-01-30 20:10:02 --> Controller "App\Controllers\base\Beranda" loaded.
INFO - 2022-01-30 20:10:50 --> Controller "App\Controllers\base\Beranda" loaded.
INFO - 2022-01-30 20:17:52 --> Controller "App\Controllers\base\Beranda" loaded.
INFO - 2022-01-30 20:17:53 --> Controller "App\Controllers\base\Beranda" loaded.
INFO - 2022-01-30 20:20:03 --> Controller "App\Controllers\base\Beranda" loaded.
INFO - 2022-01-30 20:30:03 --> Controller "App\Controllers\base\Beranda" loaded.
INFO - 2022-01-30 20:40:02 --> Controller "App\Controllers\base\Beranda" loaded.
INFO - 2022-01-30 20:50:02 --> Controller "App\Controllers\base\Beranda" loaded.
INFO - 2022-01-30 21:00:02 --> Controller "App\Controllers\base\Beranda" loaded.
INFO - 2022-01-30 21:10:03 --> Controller "App\Controllers\base\Beranda" loaded.
INFO - 2022-01-30 21:19:20 --> Session: Class initialized using 'CodeIgniter\Session\Handlers\FileHandler' driver.
INFO - 2022-01-30 21:19:20 --> Controller "App\Controllers\undangan\Undangan" loaded.
INFO - 2022-01-30 21:20:03 --> Controller "App\Controllers\base\Beranda" loaded.
INFO - 2022-01-30 21:27:50 --> Controller "App\Controllers\base\Beranda" loaded.
INFO - 2022-01-30 21:30:03 --> Controller "App\Controllers\base\Beranda" loaded.
INFO - 2022-01-30 21:40:03 --> Controller "App\Controllers\base\Beranda" loaded.
INFO - 2022-01-30 21:50:02 --> Controller "App\Controllers\base\Beranda" loaded.
INFO - 2022-01-30 21:53:48 --> Controller "App\Controllers\base\Beranda" loaded.
INFO - 2022-01-30 22:00:03 --> Controller "App\Controllers\base\Beranda" loaded.
INFO - 2022-01-30 22:10:03 --> Controller "App\Controllers\base\Beranda" loaded.
INFO - 2022-01-30 22:20:02 --> Controller "App\Controllers\base\Beranda" loaded.
INFO - 2022-01-30 22:30:03 --> Controller "App\Controllers\base\Beranda" loaded.
INFO - 2022-01-30 22:40:02 --> Controller "App\Controllers\base\Beranda" loaded.
INFO - 2022-01-30 22:43:18 --> Controller "App\Controllers\base\Beranda" loaded.
INFO - 2022-01-30 22:50:02 --> Controller "App\Controllers\base\Beranda" loaded.
INFO - 2022-01-30 22:54:29 --> Controller "App\Controllers\base\Beranda" loaded.
INFO - 2022-01-30 23:12:58 --> Session: Class initialized using 'CodeIgniter\Session\Handlers\FileHandler' driver.
INFO - 2022-01-30 23:12:58 --> Controller "App\Controllers\bukutamu\Bukutamu" loaded.
INFO - 2022-01-30 23:13:55 --> Session: Class initialized using 'CodeIgniter\Session\Handlers\FileHandler' driver.
INFO - 2022-01-30 23:13:55 --> Controller "App\Controllers\bukutamu\Bukutamu" loaded.
INFO - 2022-01-30 23:14:05 --> Controller "App\Controllers\base\Beranda" loaded.
INFO - 2022-01-30 23:14:50 --> Controller "App\Controllers\base\Beranda" loaded.
INFO - 2022-01-30 23:15:00 --> Controller "App\Controllers\base\Beranda" loaded.
INFO - 2022-01-30 23:15:08 --> Session: Class initialized using 'CodeIgniter\Session\Handlers\FileHandler' driver.
INFO - 2022-01-30 23:15:08 --> Controller "App\Controllers\undangan\Undangan" loaded.
INFO - 2022-01-30 23:23:15 --> Session: Class initialized using 'CodeIgniter\Session\Handlers\FileHandler' driver.
INFO - 2022-01-30 23:23:15 --> Controller "App\Controllers\base\Order" loaded.
INFO - 2022-01-30 23:30:42 --> Controller "App\Controllers\base\Beranda" loaded.
INFO - 2022-01-30 23:51:48 --> Controller "App\Controllers\base\Beranda" loaded.
