INFO - 2021-05-02 06:42:44 --> Session: Class initialized using 'CodeIgniter\Session\Handlers\FileHandler' driver.
INFO - 2021-05-02 06:42:44 --> Controller "App\Controllers\base\Dashboard" loaded.
INFO - 2021-05-02 06:42:46 --> Session: Class initialized using 'CodeIgniter\Session\Handlers\FileHandler' driver.
INFO - 2021-05-02 06:42:46 --> Controller "App\Controllers\base\Dashboard" loaded.
INFO - 2021-05-02 06:42:50 --> Session: Class initialized using 'CodeIgniter\Session\Handlers\FileHandler' driver.
INFO - 2021-05-02 06:42:50 --> Controller "App\Controllers\base\Dashboard" loaded.
INFO - 2021-05-02 06:42:52 --> Session: Class initialized using 'CodeIgniter\Session\Handlers\FileHandler' driver.
INFO - 2021-05-02 06:42:52 --> Controller "App\Controllers\base\Dashboard" loaded.
INFO - 2021-05-02 06:42:53 --> Session: Class initialized using 'CodeIgniter\Session\Handlers\FileHandler' driver.
INFO - 2021-05-02 06:42:53 --> Controller "App\Controllers\base\Dashboard" loaded.
INFO - 2021-05-02 06:43:21 --> Session: Class initialized using 'CodeIgniter\Session\Handlers\FileHandler' driver.
INFO - 2021-05-02 06:43:21 --> Controller "App\Controllers\base\Dashboard" loaded.
INFO - 2021-05-02 06:43:23 --> Session: Class initialized using 'CodeIgniter\Session\Handlers\FileHandler' driver.
INFO - 2021-05-02 06:43:23 --> Controller "App\Controllers\base\Dashboard" loaded.
INFO - 2021-05-02 06:43:46 --> Session: Class initialized using 'CodeIgniter\Session\Handlers\FileHandler' driver.
INFO - 2021-05-02 06:43:46 --> Controller "App\Controllers\base\Dashboard" loaded.
INFO - 2021-05-02 06:43:52 --> Session: Class initialized using 'CodeIgniter\Session\Handlers\FileHandler' driver.
INFO - 2021-05-02 06:43:52 --> Controller "App\Controllers\base\Dashboard" loaded.
INFO - 2021-05-02 06:43:56 --> Session: Class initialized using 'CodeIgniter\Session\Handlers\FileHandler' driver.
INFO - 2021-05-02 06:43:56 --> Controller "App\Controllers\base\Dashboard" loaded.
INFO - 2021-05-02 06:43:59 --> Session: Class initialized using 'CodeIgniter\Session\Handlers\FileHandler' driver.
INFO - 2021-05-02 06:43:59 --> Controller "App\Controllers\base\Dashboard" loaded.
INFO - 2021-05-02 06:44:03 --> Session: Class initialized using 'CodeIgniter\Session\Handlers\FileHandler' driver.
INFO - 2021-05-02 06:44:03 --> Controller "App\Controllers\base\Dashboard" loaded.
INFO - 2021-05-02 06:44:03 --> Session: Class initialized using 'CodeIgniter\Session\Handlers\FileHandler' driver.
INFO - 2021-05-02 06:44:03 --> Controller "App\Controllers\base\Dashboard" loaded.
INFO - 2021-05-02 06:45:52 --> Session: Class initialized using 'CodeIgniter\Session\Handlers\FileHandler' driver.
INFO - 2021-05-02 06:45:52 --> Controller "App\Controllers\undangan\Undangan" loaded.
INFO - 2021-05-02 07:09:53 --> Controller "App\Controllers\base\Beranda" loaded.
INFO - 2021-05-02 07:34:55 --> Controller "App\Controllers\base\Beranda" loaded.
INFO - 2021-05-02 07:34:59 --> Session: Class initialized using 'CodeIgniter\Session\Handlers\FileHandler' driver.
INFO - 2021-05-02 07:34:59 --> Controller "App\Controllers\base\Dashboard" loaded.
INFO - 2021-05-02 07:35:00 --> Session: Class initialized using 'CodeIgniter\Session\Handlers\FileHandler' driver.
INFO - 2021-05-02 07:35:00 --> Controller "App\Controllers\base\Dashboard" loaded.
INFO - 2021-05-02 07:35:06 --> Session: Class initialized using 'CodeIgniter\Session\Handlers\FileHandler' driver.
INFO - 2021-05-02 07:35:06 --> Controller "App\Controllers\base\Dashboard" loaded.
INFO - 2021-05-02 07:35:10 --> Session: Class initialized using 'CodeIgniter\Session\Handlers\FileHandler' driver.
INFO - 2021-05-02 07:35:10 --> Controller "App\Controllers\base\Dashboard" loaded.
INFO - 2021-05-02 07:35:10 --> Session: Class initialized using 'CodeIgniter\Session\Handlers\FileHandler' driver.
INFO - 2021-05-02 07:35:10 --> Controller "App\Controllers\base\Dashboard" loaded.
INFO - 2021-05-02 07:35:20 --> Session: Class initialized using 'CodeIgniter\Session\Handlers\FileHandler' driver.
INFO - 2021-05-02 07:35:20 --> Controller "App\Controllers\undangan\Undangan" loaded.
INFO - 2021-05-02 07:56:37 --> Controller "App\Controllers\base\Beranda" loaded.
INFO - 2021-05-02 07:56:37 --> Controller "App\Controllers\base\Beranda" loaded.
INFO - 2021-05-02 07:56:38 --> Controller "App\Controllers\base\Beranda" loaded.
INFO - 2021-05-02 07:57:09 --> Controller "App\Controllers\base\Beranda" loaded.
INFO - 2021-05-02 07:57:09 --> Controller "App\Controllers\base\Beranda" loaded.
INFO - 2021-05-02 07:57:09 --> Controller "App\Controllers\base\Beranda" loaded.
INFO - 2021-05-02 07:57:18 --> Controller "App\Controllers\base\Beranda" loaded.
INFO - 2021-05-02 07:57:18 --> Controller "App\Controllers\base\Beranda" loaded.
INFO - 2021-05-02 07:57:19 --> Controller "App\Controllers\base\Beranda" loaded.
INFO - 2021-05-02 07:57:30 --> Controller "App\Controllers\base\Beranda" loaded.
INFO - 2021-05-02 07:57:30 --> Controller "App\Controllers\base\Beranda" loaded.
INFO - 2021-05-02 07:57:39 --> Controller "App\Controllers\base\Beranda" loaded.
INFO - 2021-05-02 07:57:47 --> Controller "App\Controllers\base\Beranda" loaded.
INFO - 2021-05-02 07:57:55 --> Controller "App\Controllers\base\Beranda" loaded.
INFO - 2021-05-02 07:58:09 --> Controller "App\Controllers\base\Beranda" loaded.
INFO - 2021-05-02 07:58:15 --> Controller "App\Controllers\base\Beranda" loaded.
INFO - 2021-05-02 07:58:27 --> Controller "App\Controllers\base\Beranda" loaded.
INFO - 2021-05-02 07:58:28 --> Controller "App\Controllers\base\Beranda" loaded.
INFO - 2021-05-02 07:58:28 --> Controller "App\Controllers\base\Beranda" loaded.
INFO - 2021-05-02 07:58:47 --> Controller "App\Controllers\base\Beranda" loaded.
INFO - 2021-05-02 07:59:36 --> Controller "App\Controllers\base\Beranda" loaded.
INFO - 2021-05-02 07:59:36 --> Controller "App\Controllers\base\Beranda" loaded.
INFO - 2021-05-02 07:59:36 --> Controller "App\Controllers\base\Beranda" loaded.
INFO - 2021-05-02 07:59:50 --> Controller "App\Controllers\base\Beranda" loaded.
INFO - 2021-05-02 08:00:02 --> Controller "App\Controllers\base\Beranda" loaded.
INFO - 2021-05-02 08:00:38 --> Controller "App\Controllers\base\Beranda" loaded.
INFO - 2021-05-02 08:00:56 --> Controller "App\Controllers\base\Beranda" loaded.
INFO - 2021-05-02 08:00:56 --> Controller "App\Controllers\base\Beranda" loaded.
INFO - 2021-05-02 08:00:57 --> Controller "App\Controllers\base\Beranda" loaded.
INFO - 2021-05-02 08:01:00 --> Controller "App\Controllers\base\Beranda" loaded.
INFO - 2021-05-02 08:01:05 --> Controller "App\Controllers\base\Beranda" loaded.
INFO - 2021-05-02 08:01:05 --> Controller "App\Controllers\base\Beranda" loaded.
INFO - 2021-05-02 08:01:06 --> Controller "App\Controllers\base\Beranda" loaded.
INFO - 2021-05-02 08:01:12 --> Controller "App\Controllers\base\Beranda" loaded.
INFO - 2021-05-02 08:01:30 --> Controller "App\Controllers\base\Beranda" loaded.
INFO - 2021-05-02 08:02:27 --> Controller "App\Controllers\base\Beranda" loaded.
INFO - 2021-05-02 08:02:27 --> Controller "App\Controllers\base\Beranda" loaded.
INFO - 2021-05-02 08:02:27 --> Controller "App\Controllers\base\Beranda" loaded.
INFO - 2021-05-02 08:03:58 --> Controller "App\Controllers\base\Beranda" loaded.
INFO - 2021-05-02 08:04:03 --> Session: Class initialized using 'CodeIgniter\Session\Handlers\FileHandler' driver.
INFO - 2021-05-02 08:04:03 --> Controller "App\Controllers\undangan\Undangan" loaded.
INFO - 2021-05-02 08:04:05 --> Session: Class initialized using 'CodeIgniter\Session\Handlers\FileHandler' driver.
INFO - 2021-05-02 08:04:05 --> Controller "App\Controllers\undangan\Undangan" loaded.
INFO - 2021-05-02 08:05:21 --> Controller "App\Controllers\base\Beranda" loaded.
INFO - 2021-05-02 08:05:21 --> Controller "App\Controllers\base\Beranda" loaded.
INFO - 2021-05-02 08:05:37 --> Controller "App\Controllers\base\Beranda" loaded.
INFO - 2021-05-02 08:06:06 --> Controller "App\Controllers\base\Beranda" loaded.
INFO - 2021-05-02 08:06:06 --> Controller "App\Controllers\base\Beranda" loaded.
INFO - 2021-05-02 08:06:07 --> Controller "App\Controllers\base\Beranda" loaded.
INFO - 2021-05-02 08:06:12 --> Controller "App\Controllers\base\Beranda" loaded.
INFO - 2021-05-02 08:06:51 --> Controller "App\Controllers\base\Beranda" loaded.
INFO - 2021-05-02 08:07:06 --> Controller "App\Controllers\base\Beranda" loaded.
INFO - 2021-05-02 08:07:06 --> Controller "App\Controllers\base\Beranda" loaded.
INFO - 2021-05-02 08:07:06 --> Controller "App\Controllers\base\Beranda" loaded.
INFO - 2021-05-02 08:07:16 --> Controller "App\Controllers\base\Beranda" loaded.
INFO - 2021-05-02 08:07:29 --> Controller "App\Controllers\base\Beranda" loaded.
INFO - 2021-05-02 08:07:31 --> Controller "App\Controllers\base\Beranda" loaded.
INFO - 2021-05-02 08:07:31 --> Controller "App\Controllers\base\Beranda" loaded.
INFO - 2021-05-02 08:07:32 --> Controller "App\Controllers\base\Beranda" loaded.
INFO - 2021-05-02 08:08:43 --> Controller "App\Controllers\base\Beranda" loaded.
INFO - 2021-05-02 08:09:37 --> Controller "App\Controllers\base\Beranda" loaded.
INFO - 2021-05-02 08:09:37 --> Controller "App\Controllers\base\Beranda" loaded.
INFO - 2021-05-02 08:09:39 --> Controller "App\Controllers\base\Beranda" loaded.
INFO - 2021-05-02 08:10:35 --> Controller "App\Controllers\base\Beranda" loaded.
INFO - 2021-05-02 08:10:35 --> Controller "App\Controllers\base\Beranda" loaded.
INFO - 2021-05-02 08:10:37 --> Controller "App\Controllers\base\Beranda" loaded.
INFO - 2021-05-02 08:10:38 --> Controller "App\Controllers\base\Beranda" loaded.
INFO - 2021-05-02 08:11:02 --> Controller "App\Controllers\base\Beranda" loaded.
INFO - 2021-05-02 08:11:50 --> Controller "App\Controllers\base\Beranda" loaded.
INFO - 2021-05-02 08:11:50 --> Controller "App\Controllers\base\Beranda" loaded.
INFO - 2021-05-02 08:11:50 --> Controller "App\Controllers\base\Beranda" loaded.
INFO - 2021-05-02 08:11:53 --> Controller "App\Controllers\base\Beranda" loaded.
INFO - 2021-05-02 08:12:03 --> Controller "App\Controllers\base\Beranda" loaded.
INFO - 2021-05-02 08:12:07 --> Controller "App\Controllers\base\Beranda" loaded.
INFO - 2021-05-02 08:12:25 --> Controller "App\Controllers\base\Beranda" loaded.
INFO - 2021-05-02 08:12:25 --> Controller "App\Controllers\base\Beranda" loaded.
INFO - 2021-05-02 08:12:25 --> Controller "App\Controllers\base\Beranda" loaded.
INFO - 2021-05-02 08:12:35 --> Controller "App\Controllers\base\Beranda" loaded.
INFO - 2021-05-02 08:12:53 --> Controller "App\Controllers\base\Beranda" loaded.
INFO - 2021-05-02 08:12:53 --> Controller "App\Controllers\base\Beranda" loaded.
INFO - 2021-05-02 08:12:54 --> Controller "App\Controllers\base\Beranda" loaded.
INFO - 2021-05-02 08:13:01 --> Controller "App\Controllers\base\Beranda" loaded.
INFO - 2021-05-02 08:13:01 --> Controller "App\Controllers\base\Beranda" loaded.
INFO - 2021-05-02 08:13:02 --> Controller "App\Controllers\base\Beranda" loaded.
INFO - 2021-05-02 08:13:32 --> Controller "App\Controllers\base\Beranda" loaded.
INFO - 2021-05-02 08:13:58 --> Controller "App\Controllers\base\Beranda" loaded.
INFO - 2021-05-02 08:14:09 --> Controller "App\Controllers\base\Beranda" loaded.
INFO - 2021-05-02 08:14:09 --> Controller "App\Controllers\base\Beranda" loaded.
INFO - 2021-05-02 08:14:10 --> Controller "App\Controllers\base\Beranda" loaded.
INFO - 2021-05-02 08:14:14 --> Controller "App\Controllers\base\Beranda" loaded.
INFO - 2021-05-02 08:14:23 --> Controller "App\Controllers\base\Beranda" loaded.
INFO - 2021-05-02 08:14:23 --> Controller "App\Controllers\base\Beranda" loaded.
INFO - 2021-05-02 08:14:23 --> Controller "App\Controllers\base\Beranda" loaded.
INFO - 2021-05-02 08:14:35 --> Controller "App\Controllers\base\Beranda" loaded.
INFO - 2021-05-02 08:14:45 --> Controller "App\Controllers\base\Beranda" loaded.
INFO - 2021-05-02 08:14:54 --> Controller "App\Controllers\base\Beranda" loaded.
INFO - 2021-05-02 08:14:54 --> Controller "App\Controllers\base\Beranda" loaded.
INFO - 2021-05-02 08:14:57 --> Controller "App\Controllers\base\Beranda" loaded.
INFO - 2021-05-02 08:15:00 --> Controller "App\Controllers\base\Beranda" loaded.
INFO - 2021-05-02 08:15:06 --> Controller "App\Controllers\base\Beranda" loaded.
INFO - 2021-05-02 08:15:06 --> Controller "App\Controllers\base\Beranda" loaded.
INFO - 2021-05-02 08:15:06 --> Controller "App\Controllers\base\Beranda" loaded.
INFO - 2021-05-02 08:15:10 --> Controller "App\Controllers\base\Beranda" loaded.
INFO - 2021-05-02 08:15:11 --> Controller "App\Controllers\base\Beranda" loaded.
INFO - 2021-05-02 08:15:11 --> Controller "App\Controllers\base\Beranda" loaded.
INFO - 2021-05-02 08:15:12 --> Controller "App\Controllers\base\Beranda" loaded.
INFO - 2021-05-02 08:15:21 --> Controller "App\Controllers\base\Beranda" loaded.
INFO - 2021-05-02 08:16:19 --> Controller "App\Controllers\base\Beranda" loaded.
INFO - 2021-05-02 08:16:19 --> Controller "App\Controllers\base\Beranda" loaded.
INFO - 2021-05-02 08:16:20 --> Controller "App\Controllers\base\Beranda" loaded.
INFO - 2021-05-02 08:17:39 --> Session: Class initialized using 'CodeIgniter\Session\Handlers\FileHandler' driver.
INFO - 2021-05-02 08:17:39 --> Controller "App\Controllers\bukutamu\Bukutamu" loaded.
INFO - 2021-05-02 08:17:45 --> Session: Class initialized using 'CodeIgniter\Session\Handlers\FileHandler' driver.
INFO - 2021-05-02 08:17:45 --> Controller "App\Controllers\bukutamu\Bukutamu" loaded.
INFO - 2021-05-02 08:18:57 --> Session: Class initialized using 'CodeIgniter\Session\Handlers\FileHandler' driver.
INFO - 2021-05-02 08:18:57 --> Controller "App\Controllers\bukutamu\Bukutamu" loaded.
INFO - 2021-05-02 08:19:01 --> Session: Class initialized using 'CodeIgniter\Session\Handlers\FileHandler' driver.
INFO - 2021-05-02 08:19:01 --> Controller "App\Controllers\bukutamu\Bukutamu" loaded.
INFO - 2021-05-02 08:26:51 --> Controller "App\Controllers\base\Beranda" loaded.
INFO - 2021-05-02 08:45:33 --> Controller "App\Controllers\base\Beranda" loaded.
INFO - 2021-05-02 09:32:08 --> Session: Class initialized using 'CodeIgniter\Session\Handlers\FileHandler' driver.
INFO - 2021-05-02 09:32:08 --> Controller "App\Controllers\undangan\Undangan" loaded.
INFO - 2021-05-02 09:39:33 --> Session: Class initialized using 'CodeIgniter\Session\Handlers\FileHandler' driver.
INFO - 2021-05-02 09:39:33 --> Controller "App\Controllers\undangan\Undangan" loaded.
INFO - 2021-05-02 09:47:07 --> Session: Class initialized using 'CodeIgniter\Session\Handlers\FileHandler' driver.
INFO - 2021-05-02 09:47:07 --> Controller "App\Controllers\undangan\Undangan" loaded.
INFO - 2021-05-02 10:03:10 --> Session: Class initialized using 'CodeIgniter\Session\Handlers\FileHandler' driver.
INFO - 2021-05-02 10:03:10 --> Controller "App\Controllers\undangan\Undangan" loaded.
INFO - 2021-05-02 10:13:29 --> Controller "App\Controllers\base\Beranda" loaded.
INFO - 2021-05-02 10:18:00 --> Session: Class initialized using 'CodeIgniter\Session\Handlers\FileHandler' driver.
INFO - 2021-05-02 10:18:00 --> Controller "App\Controllers\undangan\Undangan" loaded.
INFO - 2021-05-02 10:33:03 --> Session: Class initialized using 'CodeIgniter\Session\Handlers\FileHandler' driver.
INFO - 2021-05-02 10:33:03 --> Controller "App\Controllers\undangan\Undangan" loaded.
INFO - 2021-05-02 11:18:21 --> Controller "App\Controllers\base\Beranda" loaded.
INFO - 2021-05-02 12:11:24 --> Controller "App\Controllers\base\Beranda" loaded.
INFO - 2021-05-02 13:59:52 --> Controller "App\Controllers\base\Beranda" loaded.
INFO - 2021-05-02 14:08:31 --> Controller "App\Controllers\base\Beranda" loaded.
INFO - 2021-05-02 15:42:09 --> Session: Class initialized using 'CodeIgniter\Session\Handlers\FileHandler' driver.
INFO - 2021-05-02 15:42:09 --> Controller "App\Controllers\admin\Admin" loaded.
INFO - 2021-05-02 15:42:19 --> Session: Class initialized using 'CodeIgniter\Session\Handlers\FileHandler' driver.
INFO - 2021-05-02 15:42:19 --> Controller "App\Controllers\admin\Admin" loaded.
INFO - 2021-05-02 15:42:19 --> Session: Class initialized using 'CodeIgniter\Session\Handlers\FileHandler' driver.
INFO - 2021-05-02 15:42:19 --> Controller "App\Controllers\admin\Admin" loaded.
INFO - 2021-05-02 16:05:27 --> Session: Class initialized using 'CodeIgniter\Session\Handlers\FileHandler' driver.
INFO - 2021-05-02 16:05:27 --> Controller "App\Controllers\admin\Admin" loaded.
INFO - 2021-05-02 16:05:33 --> Session: Class initialized using 'CodeIgniter\Session\Handlers\FileHandler' driver.
INFO - 2021-05-02 16:05:33 --> Controller "App\Controllers\undangan\Undangan" loaded.
INFO - 2021-05-02 16:05:34 --> Session: Class initialized using 'CodeIgniter\Session\Handlers\FileHandler' driver.
INFO - 2021-05-02 16:05:34 --> Controller "App\Controllers\undangan\Undangan" loaded.
INFO - 2021-05-02 16:05:36 --> Session: Class initialized using 'CodeIgniter\Session\Handlers\FileHandler' driver.
INFO - 2021-05-02 16:05:36 --> Controller "App\Controllers\undangan\Undangan" loaded.
INFO - 2021-05-02 16:05:50 --> Session: Class initialized using 'CodeIgniter\Session\Handlers\FileHandler' driver.
INFO - 2021-05-02 16:05:50 --> Controller "App\Controllers\admin\Admin" loaded.
INFO - 2021-05-02 16:06:00 --> Session: Class initialized using 'CodeIgniter\Session\Handlers\FileHandler' driver.
INFO - 2021-05-02 16:06:00 --> Controller "App\Controllers\admin\Admin" loaded.
INFO - 2021-05-02 16:06:01 --> Session: Class initialized using 'CodeIgniter\Session\Handlers\FileHandler' driver.
INFO - 2021-05-02 16:06:01 --> Controller "App\Controllers\admin\Admin" loaded.
INFO - 2021-05-02 16:24:07 --> Controller "App\Controllers\base\Beranda" loaded.
INFO - 2021-05-02 18:24:13 --> Controller "App\Controllers\base\Beranda" loaded.
INFO - 2021-05-02 19:15:18 --> Session: Class initialized using 'CodeIgniter\Session\Handlers\FileHandler' driver.
INFO - 2021-05-02 19:15:18 --> Controller "App\Controllers\undangan\Undangan" loaded.
INFO - 2021-05-02 19:15:35 --> Session: Class initialized using 'CodeIgniter\Session\Handlers\FileHandler' driver.
INFO - 2021-05-02 19:15:35 --> Controller "App\Controllers\undangan\Undangan" loaded.
INFO - 2021-05-02 19:15:35 --> Session: Class initialized using 'CodeIgniter\Session\Handlers\FileHandler' driver.
INFO - 2021-05-02 19:15:35 --> Controller "App\Controllers\undangan\Undangan" loaded.
INFO - 2021-05-02 19:15:35 --> Session: Class initialized using 'CodeIgniter\Session\Handlers\FileHandler' driver.
INFO - 2021-05-02 19:15:35 --> Controller "App\Controllers\undangan\Undangan" loaded.
INFO - 2021-05-02 19:16:11 --> Session: Class initialized using 'CodeIgniter\Session\Handlers\FileHandler' driver.
INFO - 2021-05-02 19:16:11 --> Controller "App\Controllers\undangan\Undangan" loaded.
INFO - 2021-05-02 19:16:12 --> Session: Class initialized using 'CodeIgniter\Session\Handlers\FileHandler' driver.
INFO - 2021-05-02 19:16:12 --> Controller "App\Controllers\undangan\Undangan" loaded.
INFO - 2021-05-02 19:18:02 --> Session: Class initialized using 'CodeIgniter\Session\Handlers\FileHandler' driver.
INFO - 2021-05-02 19:18:02 --> Controller "App\Controllers\undangan\Undangan" loaded.
INFO - 2021-05-02 19:42:27 --> Controller "App\Controllers\base\Beranda" loaded.
INFO - 2021-05-02 19:46:03 --> Controller "App\Controllers\base\Beranda" loaded.
INFO - 2021-05-02 19:46:05 --> Controller "App\Controllers\base\Beranda" loaded.
INFO - 2021-05-02 19:47:01 --> Controller "App\Controllers\base\Beranda" loaded.
INFO - 2021-05-02 20:01:22 --> Controller "App\Controllers\base\Beranda" loaded.
INFO - 2021-05-02 20:01:24 --> Controller "App\Controllers\base\Beranda" loaded.
INFO - 2021-05-02 20:01:24 --> Controller "App\Controllers\base\Beranda" loaded.
INFO - 2021-05-02 20:01:24 --> Controller "App\Controllers\base\Beranda" loaded.
INFO - 2021-05-02 20:01:24 --> Controller "App\Controllers\base\Beranda" loaded.
INFO - 2021-05-02 20:01:24 --> Controller "App\Controllers\base\Beranda" loaded.
INFO - 2021-05-02 20:01:24 --> Controller "App\Controllers\base\Beranda" loaded.
INFO - 2021-05-02 20:01:24 --> Controller "App\Controllers\base\Beranda" loaded.
INFO - 2021-05-02 20:01:24 --> Controller "App\Controllers\base\Beranda" loaded.
INFO - 2021-05-02 20:01:24 --> Controller "App\Controllers\base\Beranda" loaded.
INFO - 2021-05-02 20:01:24 --> Controller "App\Controllers\base\Beranda" loaded.
INFO - 2021-05-02 20:01:25 --> Controller "App\Controllers\base\Beranda" loaded.
INFO - 2021-05-02 20:01:25 --> Controller "App\Controllers\base\Beranda" loaded.
INFO - 2021-05-02 20:01:25 --> Controller "App\Controllers\base\Beranda" loaded.
INFO - 2021-05-02 20:01:25 --> Controller "App\Controllers\base\Beranda" loaded.
INFO - 2021-05-02 20:01:25 --> Controller "App\Controllers\base\Beranda" loaded.
INFO - 2021-05-02 20:01:28 --> Controller "App\Controllers\base\Beranda" loaded.
INFO - 2021-05-02 20:05:39 --> Controller "App\Controllers\base\Beranda" loaded.
INFO - 2021-05-02 20:31:31 --> Session: Class initialized using 'CodeIgniter\Session\Handlers\FileHandler' driver.
INFO - 2021-05-02 20:31:31 --> Controller "App\Controllers\undangan\Undangan" loaded.
INFO - 2021-05-02 20:35:44 --> Session: Class initialized using 'CodeIgniter\Session\Handlers\FileHandler' driver.
INFO - 2021-05-02 20:35:44 --> Controller "App\Controllers\undangan\Undangan" loaded.
INFO - 2021-05-02 20:35:44 --> Session: Class initialized using 'CodeIgniter\Session\Handlers\FileHandler' driver.
INFO - 2021-05-02 20:35:44 --> Controller "App\Controllers\undangan\Undangan" loaded.
INFO - 2021-05-02 20:35:44 --> Session: Class initialized using 'CodeIgniter\Session\Handlers\FileHandler' driver.
INFO - 2021-05-02 20:35:44 --> Controller "App\Controllers\undangan\Undangan" loaded.
INFO - 2021-05-02 20:36:01 --> Session: Class initialized using 'CodeIgniter\Session\Handlers\FileHandler' driver.
INFO - 2021-05-02 20:36:01 --> Controller "App\Controllers\undangan\Undangan" loaded.
INFO - 2021-05-02 20:38:27 --> Session: Class initialized using 'CodeIgniter\Session\Handlers\FileHandler' driver.
INFO - 2021-05-02 20:38:27 --> Controller "App\Controllers\undangan\Undangan" loaded.
INFO - 2021-05-02 22:01:57 --> Session: Class initialized using 'CodeIgniter\Session\Handlers\FileHandler' driver.
INFO - 2021-05-02 22:01:57 --> Controller "App\Controllers\base\Order" loaded.
INFO - 2021-05-02 22:02:00 --> Session: Class initialized using 'CodeIgniter\Session\Handlers\FileHandler' driver.
INFO - 2021-05-02 22:02:00 --> Controller "App\Controllers\base\Order" loaded.
INFO - 2021-05-02 22:02:26 --> Session: Class initialized using 'CodeIgniter\Session\Handlers\FileHandler' driver.
INFO - 2021-05-02 22:02:26 --> Controller "App\Controllers\base\Order" loaded.
INFO - 2021-05-02 22:09:25 --> Controller "App\Controllers\base\Beranda" loaded.
INFO - 2021-05-02 23:48:58 --> Controller "App\Controllers\base\Beranda" loaded.
