INFO - 2021-08-29 00:10:36 --> Controller "App\Controllers\base\Beranda" loaded.
INFO - 2021-08-29 01:44:19 --> Controller "App\Controllers\base\Beranda" loaded.
INFO - 2021-08-29 01:57:04 --> Controller "App\Controllers\base\Beranda" loaded.
INFO - 2021-08-29 01:57:28 --> Controller "App\Controllers\base\Beranda" loaded.
INFO - 2021-08-29 01:58:24 --> Controller "App\Controllers\base\Beranda" loaded.
INFO - 2021-08-29 01:58:34 --> Controller "App\Controllers\base\Beranda" loaded.
INFO - 2021-08-29 01:59:13 --> Controller "App\Controllers\base\Beranda" loaded.
INFO - 2021-08-29 01:59:42 --> Controller "App\Controllers\base\Beranda" loaded.
INFO - 2021-08-29 03:07:35 --> Controller "App\Controllers\base\Beranda" loaded.
INFO - 2021-08-29 04:51:42 --> Controller "App\Controllers\base\Beranda" loaded.
INFO - 2021-08-29 04:51:48 --> Session: Class initialized using 'CodeIgniter\Session\Handlers\FileHandler' driver.
INFO - 2021-08-29 04:51:48 --> Controller "App\Controllers\base\Order" loaded.
INFO - 2021-08-29 04:51:49 --> Controller "App\Controllers\base\Beranda" loaded.
INFO - 2021-08-29 05:29:38 --> Controller "App\Controllers\base\Beranda" loaded.
INFO - 2021-08-29 05:54:43 --> Controller "App\Controllers\base\Beranda" loaded.
INFO - 2021-08-29 06:17:21 --> Controller "App\Controllers\base\Beranda" loaded.
INFO - 2021-08-29 06:24:27 --> Session: Class initialized using 'CodeIgniter\Session\Handlers\FileHandler' driver.
INFO - 2021-08-29 06:24:27 --> Controller "App\Controllers\undangan\Undangan" loaded.
INFO - 2021-08-29 06:39:36 --> Controller "App\Controllers\base\Beranda" loaded.
INFO - 2021-08-29 07:00:02 --> Controller "App\Controllers\base\Beranda" loaded.
INFO - 2021-08-29 07:10:02 --> Controller "App\Controllers\base\Beranda" loaded.
INFO - 2021-08-29 07:20:02 --> Controller "App\Controllers\base\Beranda" loaded.
INFO - 2021-08-29 07:30:02 --> Controller "App\Controllers\base\Beranda" loaded.
INFO - 2021-08-29 07:40:02 --> Controller "App\Controllers\base\Beranda" loaded.
INFO - 2021-08-29 07:50:02 --> Controller "App\Controllers\base\Beranda" loaded.
INFO - 2021-08-29 08:00:02 --> Controller "App\Controllers\base\Beranda" loaded.
INFO - 2021-08-29 08:07:01 --> Controller "App\Controllers\base\Beranda" loaded.
INFO - 2021-08-29 08:10:02 --> Controller "App\Controllers\base\Beranda" loaded.
INFO - 2021-08-29 08:20:02 --> Controller "App\Controllers\base\Beranda" loaded.
INFO - 2021-08-29 08:27:31 --> Controller "App\Controllers\base\Beranda" loaded.
INFO - 2021-08-29 08:30:02 --> Controller "App\Controllers\base\Beranda" loaded.
INFO - 2021-08-29 08:40:03 --> Controller "App\Controllers\base\Beranda" loaded.
INFO - 2021-08-29 08:50:03 --> Controller "App\Controllers\base\Beranda" loaded.
INFO - 2021-08-29 09:00:02 --> Controller "App\Controllers\base\Beranda" loaded.
INFO - 2021-08-29 09:07:16 --> Controller "App\Controllers\base\Beranda" loaded.
INFO - 2021-08-29 09:07:45 --> Controller "App\Controllers\base\Beranda" loaded.
INFO - 2021-08-29 09:08:00 --> Controller "App\Controllers\base\Beranda" loaded.
INFO - 2021-08-29 09:10:02 --> Controller "App\Controllers\base\Beranda" loaded.
INFO - 2021-08-29 09:10:22 --> Controller "App\Controllers\base\Beranda" loaded.
INFO - 2021-08-29 09:13:59 --> Controller "App\Controllers\base\Beranda" loaded.
INFO - 2021-08-29 09:20:02 --> Controller "App\Controllers\base\Beranda" loaded.
INFO - 2021-08-29 09:30:03 --> Controller "App\Controllers\base\Beranda" loaded.
INFO - 2021-08-29 09:40:03 --> Controller "App\Controllers\base\Beranda" loaded.
INFO - 2021-08-29 09:50:02 --> Controller "App\Controllers\base\Beranda" loaded.
INFO - 2021-08-29 10:00:03 --> Controller "App\Controllers\base\Beranda" loaded.
INFO - 2021-08-29 10:10:02 --> Controller "App\Controllers\base\Beranda" loaded.
INFO - 2021-08-29 10:20:02 --> Controller "App\Controllers\base\Beranda" loaded.
INFO - 2021-08-29 10:21:35 --> Controller "App\Controllers\base\Beranda" loaded.
INFO - 2021-08-29 10:30:03 --> Controller "App\Controllers\base\Beranda" loaded.
INFO - 2021-08-29 10:40:02 --> Controller "App\Controllers\base\Beranda" loaded.
INFO - 2021-08-29 10:50:02 --> Controller "App\Controllers\base\Beranda" loaded.
INFO - 2021-08-29 11:00:02 --> Controller "App\Controllers\base\Beranda" loaded.
INFO - 2021-08-29 11:06:53 --> Controller "App\Controllers\base\Beranda" loaded.
INFO - 2021-08-29 11:10:02 --> Controller "App\Controllers\base\Beranda" loaded.
INFO - 2021-08-29 11:20:02 --> Controller "App\Controllers\base\Beranda" loaded.
INFO - 2021-08-29 11:30:02 --> Controller "App\Controllers\base\Beranda" loaded.
INFO - 2021-08-29 11:32:05 --> Controller "App\Controllers\base\Beranda" loaded.
INFO - 2021-08-29 11:32:55 --> Controller "App\Controllers\base\Beranda" loaded.
INFO - 2021-08-29 11:36:28 --> Controller "App\Controllers\base\Beranda" loaded.
INFO - 2021-08-29 11:40:02 --> Controller "App\Controllers\base\Beranda" loaded.
INFO - 2021-08-29 11:44:31 --> Controller "App\Controllers\base\Beranda" loaded.
INFO - 2021-08-29 11:44:31 --> Controller "App\Controllers\base\Beranda" loaded.
INFO - 2021-08-29 11:44:31 --> Controller "App\Controllers\base\Beranda" loaded.
INFO - 2021-08-29 11:50:02 --> Controller "App\Controllers\base\Beranda" loaded.
INFO - 2021-08-29 11:53:33 --> Controller "App\Controllers\base\Beranda" loaded.
INFO - 2021-08-29 11:55:24 --> Controller "App\Controllers\base\Beranda" loaded.
INFO - 2021-08-29 11:55:37 --> Controller "App\Controllers\base\Beranda" loaded.
INFO - 2021-08-29 12:00:03 --> Controller "App\Controllers\base\Beranda" loaded.
INFO - 2021-08-29 12:10:03 --> Controller "App\Controllers\base\Beranda" loaded.
INFO - 2021-08-29 12:20:02 --> Controller "App\Controllers\base\Beranda" loaded.
INFO - 2021-08-29 12:30:02 --> Controller "App\Controllers\base\Beranda" loaded.
INFO - 2021-08-29 12:40:03 --> Controller "App\Controllers\base\Beranda" loaded.
INFO - 2021-08-29 12:50:02 --> Controller "App\Controllers\base\Beranda" loaded.
INFO - 2021-08-29 13:00:03 --> Controller "App\Controllers\base\Beranda" loaded.
INFO - 2021-08-29 13:10:02 --> Controller "App\Controllers\base\Beranda" loaded.
INFO - 2021-08-29 13:20:02 --> Controller "App\Controllers\base\Beranda" loaded.
INFO - 2021-08-29 13:30:02 --> Controller "App\Controllers\base\Beranda" loaded.
INFO - 2021-08-29 13:36:25 --> Controller "App\Controllers\base\Beranda" loaded.
INFO - 2021-08-29 13:36:26 --> Controller "App\Controllers\base\Beranda" loaded.
INFO - 2021-08-29 13:37:46 --> Controller "App\Controllers\base\Beranda" loaded.
INFO - 2021-08-29 13:37:47 --> Controller "App\Controllers\base\Beranda" loaded.
INFO - 2021-08-29 13:40:02 --> Controller "App\Controllers\base\Beranda" loaded.
INFO - 2021-08-29 13:50:02 --> Controller "App\Controllers\base\Beranda" loaded.
INFO - 2021-08-29 14:00:02 --> Controller "App\Controllers\base\Beranda" loaded.
INFO - 2021-08-29 14:08:05 --> Controller "App\Controllers\base\Beranda" loaded.
INFO - 2021-08-29 14:10:02 --> Controller "App\Controllers\base\Beranda" loaded.
INFO - 2021-08-29 14:20:02 --> Controller "App\Controllers\base\Beranda" loaded.
INFO - 2021-08-29 14:30:02 --> Controller "App\Controllers\base\Beranda" loaded.
INFO - 2021-08-29 14:40:02 --> Controller "App\Controllers\base\Beranda" loaded.
INFO - 2021-08-29 14:50:02 --> Controller "App\Controllers\base\Beranda" loaded.
INFO - 2021-08-29 15:00:03 --> Controller "App\Controllers\base\Beranda" loaded.
INFO - 2021-08-29 15:06:07 --> Controller "App\Controllers\base\Beranda" loaded.
INFO - 2021-08-29 15:10:02 --> Controller "App\Controllers\base\Beranda" loaded.
INFO - 2021-08-29 15:20:02 --> Controller "App\Controllers\base\Beranda" loaded.
INFO - 2021-08-29 15:30:02 --> Controller "App\Controllers\base\Beranda" loaded.
INFO - 2021-08-29 15:40:02 --> Controller "App\Controllers\base\Beranda" loaded.
INFO - 2021-08-29 15:50:02 --> Controller "App\Controllers\base\Beranda" loaded.
INFO - 2021-08-29 16:00:02 --> Controller "App\Controllers\base\Beranda" loaded.
INFO - 2021-08-29 16:10:02 --> Controller "App\Controllers\base\Beranda" loaded.
INFO - 2021-08-29 16:20:02 --> Controller "App\Controllers\base\Beranda" loaded.
INFO - 2021-08-29 16:30:02 --> Controller "App\Controllers\base\Beranda" loaded.
INFO - 2021-08-29 16:40:02 --> Controller "App\Controllers\base\Beranda" loaded.
INFO - 2021-08-29 16:50:02 --> Controller "App\Controllers\base\Beranda" loaded.
INFO - 2021-08-29 17:00:02 --> Controller "App\Controllers\base\Beranda" loaded.
INFO - 2021-08-29 17:10:02 --> Controller "App\Controllers\base\Beranda" loaded.
INFO - 2021-08-29 17:20:02 --> Controller "App\Controllers\base\Beranda" loaded.
INFO - 2021-08-29 17:30:02 --> Controller "App\Controllers\base\Beranda" loaded.
INFO - 2021-08-29 17:31:29 --> Controller "App\Controllers\base\Beranda" loaded.
INFO - 2021-08-29 17:40:02 --> Controller "App\Controllers\base\Beranda" loaded.
INFO - 2021-08-29 17:50:02 --> Controller "App\Controllers\base\Beranda" loaded.
INFO - 2021-08-29 18:00:02 --> Controller "App\Controllers\base\Beranda" loaded.
INFO - 2021-08-29 18:10:02 --> Controller "App\Controllers\base\Beranda" loaded.
INFO - 2021-08-29 18:20:03 --> Controller "App\Controllers\base\Beranda" loaded.
INFO - 2021-08-29 18:30:02 --> Controller "App\Controllers\base\Beranda" loaded.
INFO - 2021-08-29 18:40:03 --> Controller "App\Controllers\base\Beranda" loaded.
INFO - 2021-08-29 18:50:03 --> Controller "App\Controllers\base\Beranda" loaded.
INFO - 2021-08-29 18:52:48 --> Session: Class initialized using 'CodeIgniter\Session\Handlers\FileHandler' driver.
INFO - 2021-08-29 18:52:48 --> Controller "App\Controllers\base\Order" loaded.
INFO - 2021-08-29 19:00:03 --> Controller "App\Controllers\base\Beranda" loaded.
INFO - 2021-08-29 19:00:12 --> Controller "App\Controllers\base\Beranda" loaded.
INFO - 2021-08-29 19:10:03 --> Controller "App\Controllers\base\Beranda" loaded.
INFO - 2021-08-29 19:12:03 --> Controller "App\Controllers\base\Beranda" loaded.
INFO - 2021-08-29 19:12:03 --> Controller "App\Controllers\base\Beranda" loaded.
INFO - 2021-08-29 19:12:03 --> Controller "App\Controllers\base\Beranda" loaded.
INFO - 2021-08-29 19:20:02 --> Controller "App\Controllers\base\Beranda" loaded.
INFO - 2021-08-29 19:30:02 --> Controller "App\Controllers\base\Beranda" loaded.
INFO - 2021-08-29 19:40:02 --> Controller "App\Controllers\base\Beranda" loaded.
INFO - 2021-08-29 19:50:02 --> Controller "App\Controllers\base\Beranda" loaded.
INFO - 2021-08-29 20:00:02 --> Controller "App\Controllers\base\Beranda" loaded.
INFO - 2021-08-29 20:10:02 --> Controller "App\Controllers\base\Beranda" loaded.
INFO - 2021-08-29 20:15:12 --> Controller "App\Controllers\base\Beranda" loaded.
INFO - 2021-08-29 20:15:40 --> Controller "App\Controllers\base\Beranda" loaded.
INFO - 2021-08-29 20:15:40 --> Controller "App\Controllers\base\Beranda" loaded.
INFO - 2021-08-29 20:15:41 --> Controller "App\Controllers\base\Beranda" loaded.
INFO - 2021-08-29 20:20:02 --> Controller "App\Controllers\base\Beranda" loaded.
INFO - 2021-08-29 20:30:03 --> Controller "App\Controllers\base\Beranda" loaded.
INFO - 2021-08-29 20:40:02 --> Controller "App\Controllers\base\Beranda" loaded.
INFO - 2021-08-29 20:50:02 --> Controller "App\Controllers\base\Beranda" loaded.
INFO - 2021-08-29 21:00:03 --> Controller "App\Controllers\base\Beranda" loaded.
INFO - 2021-08-29 21:10:02 --> Controller "App\Controllers\base\Beranda" loaded.
INFO - 2021-08-29 21:20:03 --> Controller "App\Controllers\base\Beranda" loaded.
INFO - 2021-08-29 21:30:02 --> Controller "App\Controllers\base\Beranda" loaded.
INFO - 2021-08-29 21:34:08 --> Controller "App\Controllers\base\Beranda" loaded.
INFO - 2021-08-29 21:34:25 --> Controller "App\Controllers\base\Beranda" loaded.
INFO - 2021-08-29 21:34:49 --> Controller "App\Controllers\base\Beranda" loaded.
INFO - 2021-08-29 21:34:52 --> Controller "App\Controllers\base\Beranda" loaded.
INFO - 2021-08-29 21:35:12 --> Controller "App\Controllers\base\Beranda" loaded.
INFO - 2021-08-29 21:35:26 --> Controller "App\Controllers\base\Beranda" loaded.
INFO - 2021-08-29 21:35:33 --> Session: Class initialized using 'CodeIgniter\Session\Handlers\FileHandler' driver.
INFO - 2021-08-29 21:35:33 --> Controller "App\Controllers\base\Lupa_password" loaded.
INFO - 2021-08-29 21:35:44 --> Session: Class initialized using 'CodeIgniter\Session\Handlers\FileHandler' driver.
INFO - 2021-08-29 21:35:44 --> Controller "App\Controllers\base\Order" loaded.
INFO - 2021-08-29 21:36:06 --> Session: Class initialized using 'CodeIgniter\Session\Handlers\FileHandler' driver.
INFO - 2021-08-29 21:36:06 --> Controller "App\Controllers\base\Order" loaded.
INFO - 2021-08-29 21:36:15 --> Session: Class initialized using 'CodeIgniter\Session\Handlers\FileHandler' driver.
INFO - 2021-08-29 21:36:15 --> Controller "App\Controllers\base\Order" loaded.
INFO - 2021-08-29 21:36:29 --> Session: Class initialized using 'CodeIgniter\Session\Handlers\FileHandler' driver.
INFO - 2021-08-29 21:36:29 --> Controller "App\Controllers\base\Order" loaded.
INFO - 2021-08-29 21:36:38 --> Session: Class initialized using 'CodeIgniter\Session\Handlers\FileHandler' driver.
INFO - 2021-08-29 21:36:38 --> Controller "App\Controllers\base\Order" loaded.
INFO - 2021-08-29 21:37:05 --> Session: Class initialized using 'CodeIgniter\Session\Handlers\FileHandler' driver.
INFO - 2021-08-29 21:37:05 --> Controller "App\Controllers\base\Order" loaded.
INFO - 2021-08-29 21:37:12 --> Session: Class initialized using 'CodeIgniter\Session\Handlers\FileHandler' driver.
INFO - 2021-08-29 21:37:12 --> Controller "App\Controllers\base\Order" loaded.
INFO - 2021-08-29 21:40:02 --> Controller "App\Controllers\base\Beranda" loaded.
INFO - 2021-08-29 21:46:03 --> Controller "App\Controllers\base\Beranda" loaded.
INFO - 2021-08-29 21:46:29 --> Controller "App\Controllers\base\Beranda" loaded.
INFO - 2021-08-29 21:50:02 --> Controller "App\Controllers\base\Beranda" loaded.
INFO - 2021-08-29 23:16:29 --> Session: Class initialized using 'CodeIgniter\Session\Handlers\FileHandler' driver.
INFO - 2021-08-29 23:16:29 --> Controller "App\Controllers\undangan\Undangan" loaded.
