INFO - 2022-02-03 00:17:28 --> Controller "App\Controllers\base\Beranda" loaded.
INFO - 2022-02-03 01:05:27 --> Controller "App\Controllers\base\Beranda" loaded.
INFO - 2022-02-03 02:28:11 --> Controller "App\Controllers\base\Beranda" loaded.
INFO - 2022-02-03 04:16:04 --> Session: Class initialized using 'CodeIgniter\Session\Handlers\FileHandler' driver.
INFO - 2022-02-03 04:16:04 --> Controller "App\Controllers\base\Order" loaded.
INFO - 2022-02-03 04:27:40 --> Controller "App\Controllers\base\Beranda" loaded.
INFO - 2022-02-03 05:10:17 --> Session: Class initialized using 'CodeIgniter\Session\Handlers\FileHandler' driver.
INFO - 2022-02-03 05:10:17 --> Controller "App\Controllers\base\Order" loaded.
INFO - 2022-02-03 05:35:00 --> Controller "App\Controllers\base\Beranda" loaded.
INFO - 2022-02-03 05:35:00 --> Controller "App\Controllers\base\Beranda" loaded.
INFO - 2022-02-03 05:35:00 --> Controller "App\Controllers\base\Beranda" loaded.
INFO - 2022-02-03 05:35:00 --> Controller "App\Controllers\base\Beranda" loaded.
INFO - 2022-02-03 05:35:00 --> Controller "App\Controllers\base\Beranda" loaded.
INFO - 2022-02-03 05:35:00 --> Controller "App\Controllers\base\Beranda" loaded.
INFO - 2022-02-03 05:35:00 --> Controller "App\Controllers\base\Beranda" loaded.
INFO - 2022-02-03 05:35:00 --> Controller "App\Controllers\base\Beranda" loaded.
INFO - 2022-02-03 05:35:00 --> Controller "App\Controllers\base\Beranda" loaded.
INFO - 2022-02-03 05:35:00 --> Controller "App\Controllers\base\Beranda" loaded.
INFO - 2022-02-03 05:35:01 --> Controller "App\Controllers\base\Beranda" loaded.
INFO - 2022-02-03 05:35:01 --> Controller "App\Controllers\base\Beranda" loaded.
INFO - 2022-02-03 05:35:01 --> Controller "App\Controllers\base\Beranda" loaded.
INFO - 2022-02-03 05:35:01 --> Controller "App\Controllers\base\Beranda" loaded.
INFO - 2022-02-03 05:35:01 --> Controller "App\Controllers\base\Beranda" loaded.
INFO - 2022-02-03 05:35:01 --> Controller "App\Controllers\base\Beranda" loaded.
INFO - 2022-02-03 05:35:01 --> Controller "App\Controllers\base\Beranda" loaded.
INFO - 2022-02-03 05:35:01 --> Controller "App\Controllers\base\Beranda" loaded.
INFO - 2022-02-03 05:35:01 --> Controller "App\Controllers\base\Beranda" loaded.
INFO - 2022-02-03 05:40:49 --> Controller "App\Controllers\base\Beranda" loaded.
INFO - 2022-02-03 06:23:31 --> Controller "App\Controllers\base\Beranda" loaded.
INFO - 2022-02-03 06:24:27 --> Controller "App\Controllers\base\Beranda" loaded.
INFO - 2022-02-03 06:24:50 --> Controller "App\Controllers\base\Beranda" loaded.
INFO - 2022-02-03 06:24:50 --> Controller "App\Controllers\base\Beranda" loaded.
INFO - 2022-02-03 06:24:50 --> Controller "App\Controllers\base\Beranda" loaded.
INFO - 2022-02-03 06:24:51 --> Controller "App\Controllers\base\Beranda" loaded.
INFO - 2022-02-03 07:00:02 --> Controller "App\Controllers\base\Beranda" loaded.
INFO - 2022-02-03 07:10:02 --> Controller "App\Controllers\base\Beranda" loaded.
INFO - 2022-02-03 07:11:31 --> Controller "App\Controllers\base\Beranda" loaded.
INFO - 2022-02-03 07:20:02 --> Controller "App\Controllers\base\Beranda" loaded.
INFO - 2022-02-03 07:30:03 --> Controller "App\Controllers\base\Beranda" loaded.
INFO - 2022-02-03 07:40:03 --> Controller "App\Controllers\base\Beranda" loaded.
INFO - 2022-02-03 07:50:03 --> Controller "App\Controllers\base\Beranda" loaded.
INFO - 2022-02-03 08:00:03 --> Controller "App\Controllers\base\Beranda" loaded.
INFO - 2022-02-03 08:10:03 --> Controller "App\Controllers\base\Beranda" loaded.
INFO - 2022-02-03 08:13:52 --> Controller "App\Controllers\base\Beranda" loaded.
INFO - 2022-02-03 08:13:52 --> Controller "App\Controllers\base\Beranda" loaded.
INFO - 2022-02-03 08:20:02 --> Controller "App\Controllers\base\Beranda" loaded.
INFO - 2022-02-03 08:30:02 --> Controller "App\Controllers\base\Beranda" loaded.
INFO - 2022-02-03 08:40:03 --> Controller "App\Controllers\base\Beranda" loaded.
INFO - 2022-02-03 08:45:24 --> Controller "App\Controllers\base\Beranda" loaded.
INFO - 2022-02-03 08:45:25 --> Controller "App\Controllers\base\Beranda" loaded.
INFO - 2022-02-03 08:50:03 --> Controller "App\Controllers\base\Beranda" loaded.
INFO - 2022-02-03 09:00:03 --> Controller "App\Controllers\base\Beranda" loaded.
INFO - 2022-02-03 09:10:03 --> Controller "App\Controllers\base\Beranda" loaded.
INFO - 2022-02-03 09:20:02 --> Controller "App\Controllers\base\Beranda" loaded.
INFO - 2022-02-03 09:30:03 --> Controller "App\Controllers\base\Beranda" loaded.
INFO - 2022-02-03 09:40:03 --> Controller "App\Controllers\base\Beranda" loaded.
INFO - 2022-02-03 09:50:03 --> Controller "App\Controllers\base\Beranda" loaded.
INFO - 2022-02-03 10:00:03 --> Controller "App\Controllers\base\Beranda" loaded.
INFO - 2022-02-03 10:10:03 --> Controller "App\Controllers\base\Beranda" loaded.
INFO - 2022-02-03 10:15:57 --> Controller "App\Controllers\base\Beranda" loaded.
INFO - 2022-02-03 10:16:10 --> Controller "App\Controllers\base\Beranda" loaded.
INFO - 2022-02-03 10:20:03 --> Controller "App\Controllers\base\Beranda" loaded.
INFO - 2022-02-03 10:30:03 --> Controller "App\Controllers\base\Beranda" loaded.
INFO - 2022-02-03 10:33:33 --> Session: Class initialized using 'CodeIgniter\Session\Handlers\FileHandler' driver.
INFO - 2022-02-03 10:33:33 --> Controller "App\Controllers\base\Order" loaded.
INFO - 2022-02-03 10:37:40 --> Session: Class initialized using 'CodeIgniter\Session\Handlers\FileHandler' driver.
INFO - 2022-02-03 10:37:40 --> Controller "App\Controllers\base\Order" loaded.
INFO - 2022-02-03 10:40:03 --> Controller "App\Controllers\base\Beranda" loaded.
INFO - 2022-02-03 10:50:02 --> Controller "App\Controllers\base\Beranda" loaded.
INFO - 2022-02-03 11:00:03 --> Controller "App\Controllers\base\Beranda" loaded.
INFO - 2022-02-03 11:10:02 --> Controller "App\Controllers\base\Beranda" loaded.
INFO - 2022-02-03 11:20:02 --> Controller "App\Controllers\base\Beranda" loaded.
INFO - 2022-02-03 11:30:03 --> Controller "App\Controllers\base\Beranda" loaded.
INFO - 2022-02-03 11:35:58 --> Controller "App\Controllers\base\Beranda" loaded.
INFO - 2022-02-03 11:36:26 --> Controller "App\Controllers\base\Beranda" loaded.
INFO - 2022-02-03 11:37:23 --> Controller "App\Controllers\base\Beranda" loaded.
INFO - 2022-02-03 11:40:02 --> Controller "App\Controllers\base\Beranda" loaded.
INFO - 2022-02-03 11:50:02 --> Controller "App\Controllers\base\Beranda" loaded.
INFO - 2022-02-03 12:00:03 --> Controller "App\Controllers\base\Beranda" loaded.
INFO - 2022-02-03 12:08:04 --> Controller "App\Controllers\base\Beranda" loaded.
INFO - 2022-02-03 12:10:03 --> Controller "App\Controllers\base\Beranda" loaded.
INFO - 2022-02-03 12:20:03 --> Controller "App\Controllers\base\Beranda" loaded.
INFO - 2022-02-03 12:30:03 --> Controller "App\Controllers\base\Beranda" loaded.
INFO - 2022-02-03 12:40:03 --> Controller "App\Controllers\base\Beranda" loaded.
INFO - 2022-02-03 12:40:55 --> Session: Class initialized using 'CodeIgniter\Session\Handlers\FileHandler' driver.
INFO - 2022-02-03 12:40:55 --> Controller "App\Controllers\undangan\Undangan" loaded.
INFO - 2022-02-03 12:41:48 --> Session: Class initialized using 'CodeIgniter\Session\Handlers\FileHandler' driver.
INFO - 2022-02-03 12:41:48 --> Controller "App\Controllers\undangan\Undangan" loaded.
INFO - 2022-02-03 12:41:48 --> Session: Class initialized using 'CodeIgniter\Session\Handlers\FileHandler' driver.
INFO - 2022-02-03 12:41:48 --> Controller "App\Controllers\undangan\Undangan" loaded.
INFO - 2022-02-03 12:42:20 --> Session: Class initialized using 'CodeIgniter\Session\Handlers\FileHandler' driver.
INFO - 2022-02-03 12:42:20 --> Controller "App\Controllers\bukutamu\Bukutamu" loaded.
INFO - 2022-02-03 12:42:36 --> Session: Class initialized using 'CodeIgniter\Session\Handlers\FileHandler' driver.
INFO - 2022-02-03 12:42:36 --> Controller "App\Controllers\bukutamu\Bukutamu" loaded.
INFO - 2022-02-03 12:50:03 --> Controller "App\Controllers\base\Beranda" loaded.
INFO - 2022-02-03 12:58:49 --> Controller "App\Controllers\base\Beranda" loaded.
INFO - 2022-02-03 13:00:03 --> Controller "App\Controllers\base\Beranda" loaded.
INFO - 2022-02-03 13:10:02 --> Controller "App\Controllers\base\Beranda" loaded.
INFO - 2022-02-03 13:20:03 --> Controller "App\Controllers\base\Beranda" loaded.
INFO - 2022-02-03 13:30:02 --> Controller "App\Controllers\base\Beranda" loaded.
INFO - 2022-02-03 13:40:03 --> Controller "App\Controllers\base\Beranda" loaded.
INFO - 2022-02-03 13:40:28 --> Controller "App\Controllers\base\Beranda" loaded.
INFO - 2022-02-03 13:50:02 --> Controller "App\Controllers\base\Beranda" loaded.
INFO - 2022-02-03 14:00:02 --> Controller "App\Controllers\base\Beranda" loaded.
INFO - 2022-02-03 14:00:59 --> Controller "App\Controllers\base\Beranda" loaded.
INFO - 2022-02-03 14:01:00 --> Controller "App\Controllers\base\Beranda" loaded.
INFO - 2022-02-03 14:10:03 --> Controller "App\Controllers\base\Beranda" loaded.
INFO - 2022-02-03 14:20:02 --> Controller "App\Controllers\base\Beranda" loaded.
INFO - 2022-02-03 14:24:13 --> Controller "App\Controllers\base\Beranda" loaded.
INFO - 2022-02-03 14:30:03 --> Controller "App\Controllers\base\Beranda" loaded.
INFO - 2022-02-03 14:30:11 --> Session: Class initialized using 'CodeIgniter\Session\Handlers\FileHandler' driver.
INFO - 2022-02-03 14:30:11 --> Controller "App\Controllers\base\Order" loaded.
INFO - 2022-02-03 14:40:03 --> Controller "App\Controllers\base\Beranda" loaded.
INFO - 2022-02-03 14:50:03 --> Controller "App\Controllers\base\Beranda" loaded.
INFO - 2022-02-03 14:56:36 --> Controller "App\Controllers\base\Beranda" loaded.
INFO - 2022-02-03 14:58:33 --> Session: Class initialized using 'CodeIgniter\Session\Handlers\FileHandler' driver.
INFO - 2022-02-03 14:58:33 --> Controller "App\Controllers\undangan\Undangan" loaded.
INFO - 2022-02-03 14:59:25 --> Controller "App\Controllers\base\Beranda" loaded.
INFO - 2022-02-03 15:00:02 --> Controller "App\Controllers\base\Beranda" loaded.
INFO - 2022-02-03 15:00:14 --> Session: Class initialized using 'CodeIgniter\Session\Handlers\FileHandler' driver.
INFO - 2022-02-03 15:00:14 --> Controller "App\Controllers\admin\Admin" loaded.
INFO - 2022-02-03 15:03:31 --> Controller "App\Controllers\base\Beranda" loaded.
INFO - 2022-02-03 15:05:45 --> Controller "App\Controllers\base\Beranda" loaded.
INFO - 2022-02-03 15:10:02 --> Controller "App\Controllers\base\Beranda" loaded.
INFO - 2022-02-03 15:20:03 --> Controller "App\Controllers\base\Beranda" loaded.
INFO - 2022-02-03 15:30:02 --> Controller "App\Controllers\base\Beranda" loaded.
INFO - 2022-02-03 15:40:03 --> Controller "App\Controllers\base\Beranda" loaded.
INFO - 2022-02-03 15:43:45 --> Controller "App\Controllers\base\Beranda" loaded.
INFO - 2022-02-03 15:43:47 --> Controller "App\Controllers\base\Beranda" loaded.
INFO - 2022-02-03 15:50:02 --> Controller "App\Controllers\base\Beranda" loaded.
INFO - 2022-02-03 16:00:03 --> Controller "App\Controllers\base\Beranda" loaded.
INFO - 2022-02-03 16:06:05 --> Controller "App\Controllers\base\Beranda" loaded.
INFO - 2022-02-03 16:06:33 --> Controller "App\Controllers\base\Beranda" loaded.
INFO - 2022-02-03 16:06:41 --> Session: Class initialized using 'CodeIgniter\Session\Handlers\FileHandler' driver.
INFO - 2022-02-03 16:06:41 --> Controller "App\Controllers\base\Order" loaded.
INFO - 2022-02-03 16:06:50 --> Controller "App\Controllers\base\Beranda" loaded.
INFO - 2022-02-03 16:06:52 --> Session: Class initialized using 'CodeIgniter\Session\Handlers\FileHandler' driver.
INFO - 2022-02-03 16:06:52 --> Controller "App\Controllers\base\Order" loaded.
INFO - 2022-02-03 16:10:02 --> Controller "App\Controllers\base\Beranda" loaded.
INFO - 2022-02-03 16:20:03 --> Controller "App\Controllers\base\Beranda" loaded.
INFO - 2022-02-03 16:30:03 --> Controller "App\Controllers\base\Beranda" loaded.
INFO - 2022-02-03 16:40:03 --> Controller "App\Controllers\base\Beranda" loaded.
INFO - 2022-02-03 16:50:02 --> Controller "App\Controllers\base\Beranda" loaded.
INFO - 2022-02-03 17:00:03 --> Controller "App\Controllers\base\Beranda" loaded.
INFO - 2022-02-03 17:10:03 --> Controller "App\Controllers\base\Beranda" loaded.
INFO - 2022-02-03 17:17:27 --> Controller "App\Controllers\base\Beranda" loaded.
INFO - 2022-02-03 17:20:03 --> Controller "App\Controllers\base\Beranda" loaded.
INFO - 2022-02-03 17:25:51 --> Controller "App\Controllers\base\Beranda" loaded.
INFO - 2022-02-03 17:30:02 --> Controller "App\Controllers\base\Beranda" loaded.
INFO - 2022-02-03 17:40:03 --> Controller "App\Controllers\base\Beranda" loaded.
INFO - 2022-02-03 17:44:37 --> Session: Class initialized using 'CodeIgniter\Session\Handlers\FileHandler' driver.
INFO - 2022-02-03 17:44:37 --> Controller "App\Controllers\base\Order" loaded.
INFO - 2022-02-03 17:49:06 --> Controller "App\Controllers\base\Beranda" loaded.
INFO - 2022-02-03 17:49:08 --> Controller "App\Controllers\base\Beranda" loaded.
INFO - 2022-02-03 17:50:02 --> Controller "App\Controllers\base\Beranda" loaded.
INFO - 2022-02-03 17:51:29 --> Session: Class initialized using 'CodeIgniter\Session\Handlers\FileHandler' driver.
INFO - 2022-02-03 17:51:29 --> Controller "App\Controllers\base\Order" loaded.
INFO - 2022-02-03 18:00:02 --> Controller "App\Controllers\base\Beranda" loaded.
INFO - 2022-02-03 18:10:03 --> Controller "App\Controllers\base\Beranda" loaded.
INFO - 2022-02-03 18:17:40 --> Controller "App\Controllers\base\Beranda" loaded.
INFO - 2022-02-03 18:17:54 --> Controller "App\Controllers\base\Beranda" loaded.
INFO - 2022-02-03 18:18:04 --> Controller "App\Controllers\base\Beranda" loaded.
INFO - 2022-02-03 18:18:27 --> Controller "App\Controllers\base\Beranda" loaded.
INFO - 2022-02-03 18:18:38 --> Controller "App\Controllers\base\Beranda" loaded.
INFO - 2022-02-03 18:19:14 --> Session: Class initialized using 'CodeIgniter\Session\Handlers\FileHandler' driver.
INFO - 2022-02-03 18:19:14 --> Controller "App\Controllers\base\Order" loaded.
INFO - 2022-02-03 18:19:18 --> Controller "App\Controllers\base\Beranda" loaded.
INFO - 2022-02-03 18:19:23 --> Controller "App\Controllers\base\Beranda" loaded.
INFO - 2022-02-03 18:19:33 --> Session: Class initialized using 'CodeIgniter\Session\Handlers\FileHandler' driver.
INFO - 2022-02-03 18:19:33 --> Controller "App\Controllers\base\Order" loaded.
INFO - 2022-02-03 18:19:35 --> Controller "App\Controllers\base\Beranda" loaded.
INFO - 2022-02-03 18:19:43 --> Controller "App\Controllers\base\Beranda" loaded.
INFO - 2022-02-03 18:20:02 --> Controller "App\Controllers\base\Beranda" loaded.
INFO - 2022-02-03 18:30:02 --> Controller "App\Controllers\base\Beranda" loaded.
INFO - 2022-02-03 18:40:03 --> Controller "App\Controllers\base\Beranda" loaded.
INFO - 2022-02-03 18:50:03 --> Controller "App\Controllers\base\Beranda" loaded.
INFO - 2022-02-03 19:00:03 --> Controller "App\Controllers\base\Beranda" loaded.
INFO - 2022-02-03 19:10:03 --> Controller "App\Controllers\base\Beranda" loaded.
INFO - 2022-02-03 19:20:02 --> Controller "App\Controllers\base\Beranda" loaded.
INFO - 2022-02-03 19:20:08 --> Controller "App\Controllers\base\Beranda" loaded.
INFO - 2022-02-03 19:20:14 --> Controller "App\Controllers\base\Beranda" loaded.
INFO - 2022-02-03 19:20:22 --> Controller "App\Controllers\base\Beranda" loaded.
INFO - 2022-02-03 19:25:50 --> Controller "App\Controllers\base\Beranda" loaded.
INFO - 2022-02-03 19:25:53 --> Controller "App\Controllers\base\Beranda" loaded.
INFO - 2022-02-03 19:25:56 --> Controller "App\Controllers\base\Beranda" loaded.
INFO - 2022-02-03 19:26:01 --> Session: Class initialized using 'CodeIgniter\Session\Handlers\FileHandler' driver.
INFO - 2022-02-03 19:26:01 --> Controller "App\Controllers\base\Order" loaded.
INFO - 2022-02-03 19:26:02 --> Controller "App\Controllers\base\Beranda" loaded.
INFO - 2022-02-03 19:26:09 --> Controller "App\Controllers\base\Beranda" loaded.
INFO - 2022-02-03 19:29:04 --> Session: Class initialized using 'CodeIgniter\Session\Handlers\FileHandler' driver.
INFO - 2022-02-03 19:29:04 --> Controller "App\Controllers\bukutamu\Bukutamu" loaded.
INFO - 2022-02-03 19:29:04 --> Session: Class initialized using 'CodeIgniter\Session\Handlers\FileHandler' driver.
INFO - 2022-02-03 19:29:04 --> Controller "App\Controllers\bukutamu\Bukutamu" loaded.
INFO - 2022-02-03 19:29:05 --> Session: Class initialized using 'CodeIgniter\Session\Handlers\FileHandler' driver.
INFO - 2022-02-03 19:29:05 --> Controller "App\Controllers\bukutamu\Bukutamu" loaded.
INFO - 2022-02-03 19:29:05 --> Session: Class initialized using 'CodeIgniter\Session\Handlers\FileHandler' driver.
INFO - 2022-02-03 19:29:05 --> Controller "App\Controllers\bukutamu\Bukutamu" loaded.
INFO - 2022-02-03 19:29:05 --> Session: Class initialized using 'CodeIgniter\Session\Handlers\FileHandler' driver.
INFO - 2022-02-03 19:29:05 --> Controller "App\Controllers\bukutamu\Bukutamu" loaded.
INFO - 2022-02-03 19:29:05 --> Session: Class initialized using 'CodeIgniter\Session\Handlers\FileHandler' driver.
INFO - 2022-02-03 19:29:05 --> Controller "App\Controllers\bukutamu\Bukutamu" loaded.
INFO - 2022-02-03 19:29:06 --> Session: Class initialized using 'CodeIgniter\Session\Handlers\FileHandler' driver.
INFO - 2022-02-03 19:29:06 --> Controller "App\Controllers\bukutamu\Bukutamu" loaded.
INFO - 2022-02-03 19:29:06 --> Session: Class initialized using 'CodeIgniter\Session\Handlers\FileHandler' driver.
INFO - 2022-02-03 19:29:06 --> Controller "App\Controllers\bukutamu\Bukutamu" loaded.
INFO - 2022-02-03 19:29:06 --> Session: Class initialized using 'CodeIgniter\Session\Handlers\FileHandler' driver.
INFO - 2022-02-03 19:29:06 --> Controller "App\Controllers\bukutamu\Bukutamu" loaded.
INFO - 2022-02-03 19:29:07 --> Session: Class initialized using 'CodeIgniter\Session\Handlers\FileHandler' driver.
INFO - 2022-02-03 19:29:07 --> Controller "App\Controllers\bukutamu\Bukutamu" loaded.
INFO - 2022-02-03 19:29:07 --> Session: Class initialized using 'CodeIgniter\Session\Handlers\FileHandler' driver.
INFO - 2022-02-03 19:29:07 --> Controller "App\Controllers\bukutamu\Bukutamu" loaded.
INFO - 2022-02-03 19:29:07 --> Session: Class initialized using 'CodeIgniter\Session\Handlers\FileHandler' driver.
INFO - 2022-02-03 19:29:07 --> Controller "App\Controllers\bukutamu\Bukutamu" loaded.
INFO - 2022-02-03 19:29:07 --> Session: Class initialized using 'CodeIgniter\Session\Handlers\FileHandler' driver.
INFO - 2022-02-03 19:29:07 --> Controller "App\Controllers\bukutamu\Bukutamu" loaded.
INFO - 2022-02-03 19:29:08 --> Session: Class initialized using 'CodeIgniter\Session\Handlers\FileHandler' driver.
INFO - 2022-02-03 19:29:08 --> Controller "App\Controllers\bukutamu\Bukutamu" loaded.
INFO - 2022-02-03 19:29:08 --> Session: Class initialized using 'CodeIgniter\Session\Handlers\FileHandler' driver.
INFO - 2022-02-03 19:29:08 --> Controller "App\Controllers\bukutamu\Bukutamu" loaded.
INFO - 2022-02-03 19:29:08 --> Session: Class initialized using 'CodeIgniter\Session\Handlers\FileHandler' driver.
INFO - 2022-02-03 19:29:08 --> Controller "App\Controllers\bukutamu\Bukutamu" loaded.
INFO - 2022-02-03 19:29:09 --> Session: Class initialized using 'CodeIgniter\Session\Handlers\FileHandler' driver.
INFO - 2022-02-03 19:29:09 --> Controller "App\Controllers\bukutamu\Bukutamu" loaded.
INFO - 2022-02-03 19:29:09 --> Session: Class initialized using 'CodeIgniter\Session\Handlers\FileHandler' driver.
INFO - 2022-02-03 19:29:09 --> Controller "App\Controllers\bukutamu\Bukutamu" loaded.
INFO - 2022-02-03 19:29:09 --> Session: Class initialized using 'CodeIgniter\Session\Handlers\FileHandler' driver.
INFO - 2022-02-03 19:29:09 --> Controller "App\Controllers\bukutamu\Bukutamu" loaded.
INFO - 2022-02-03 19:30:03 --> Controller "App\Controllers\base\Beranda" loaded.
INFO - 2022-02-03 19:40:03 --> Controller "App\Controllers\base\Beranda" loaded.
INFO - 2022-02-03 19:44:18 --> Controller "App\Controllers\base\Beranda" loaded.
INFO - 2022-02-03 19:44:21 --> Controller "App\Controllers\base\Beranda" loaded.
INFO - 2022-02-03 19:44:28 --> Controller "App\Controllers\base\Beranda" loaded.
CRITICAL - 2022-02-03 19:44:28 --> Call to undefined method CodeIgniter\Database\MySQLi\Result::paginate()
#0 /home/nguh5634/public_html/system/CodeIgniter.php(910): App\Controllers\base\Beranda->themes_video()
#1 /home/nguh5634/public_html/system/CodeIgniter.php(398): CodeIgniter\CodeIgniter->runController(Object(App\Controllers\base\Beranda))
#2 /home/nguh5634/public_html/system/CodeIgniter.php(306): CodeIgniter\CodeIgniter->handleRequest(NULL, Object(Config\Cache), false)
#3 /home/nguh5634/public_html/index.php(45): CodeIgniter\CodeIgniter->run()
#4 {main}
INFO - 2022-02-03 19:44:46 --> Controller "App\Controllers\base\Beranda" loaded.
CRITICAL - 2022-02-03 19:44:46 --> Call to undefined method CodeIgniter\Database\MySQLi\Result::paginate()
#0 /home/nguh5634/public_html/system/CodeIgniter.php(910): App\Controllers\base\Beranda->themes_video()
#1 /home/nguh5634/public_html/system/CodeIgniter.php(398): CodeIgniter\CodeIgniter->runController(Object(App\Controllers\base\Beranda))
#2 /home/nguh5634/public_html/system/CodeIgniter.php(306): CodeIgniter\CodeIgniter->handleRequest(NULL, Object(Config\Cache), false)
#3 /home/nguh5634/public_html/index.php(45): CodeIgniter\CodeIgniter->run()
#4 {main}
INFO - 2022-02-03 19:47:18 --> Controller "App\Controllers\base\Beranda" loaded.
CRITICAL - 2022-02-03 19:47:18 --> Call to undefined method CodeIgniter\Database\MySQLi\Builder::paginate()
#0 /home/nguh5634/public_html/system/CodeIgniter.php(910): App\Controllers\base\Beranda->themes_video()
#1 /home/nguh5634/public_html/system/CodeIgniter.php(398): CodeIgniter\CodeIgniter->runController(Object(App\Controllers\base\Beranda))
#2 /home/nguh5634/public_html/system/CodeIgniter.php(306): CodeIgniter\CodeIgniter->handleRequest(NULL, Object(Config\Cache), false)
#3 /home/nguh5634/public_html/index.php(45): CodeIgniter\CodeIgniter->run()
#4 {main}
INFO - 2022-02-03 19:49:43 --> Controller "App\Controllers\base\Beranda" loaded.
CRITICAL - 2022-02-03 19:49:43 --> Call to undefined method CodeIgniter\Database\MySQLi\Builder::paginate()
#0 /home/nguh5634/public_html/system/CodeIgniter.php(910): App\Controllers\base\Beranda->themes_video()
#1 /home/nguh5634/public_html/system/CodeIgniter.php(398): CodeIgniter\CodeIgniter->runController(Object(App\Controllers\base\Beranda))
#2 /home/nguh5634/public_html/system/CodeIgniter.php(306): CodeIgniter\CodeIgniter->handleRequest(NULL, Object(Config\Cache), false)
#3 /home/nguh5634/public_html/index.php(45): CodeIgniter\CodeIgniter->run()
#4 {main}
INFO - 2022-02-03 19:49:46 --> Controller "App\Controllers\base\Beranda" loaded.
CRITICAL - 2022-02-03 19:49:46 --> Call to undefined method CodeIgniter\Database\MySQLi\Builder::paginate()
#0 /home/nguh5634/public_html/system/CodeIgniter.php(910): App\Controllers\base\Beranda->themes_video()
#1 /home/nguh5634/public_html/system/CodeIgniter.php(398): CodeIgniter\CodeIgniter->runController(Object(App\Controllers\base\Beranda))
#2 /home/nguh5634/public_html/system/CodeIgniter.php(306): CodeIgniter\CodeIgniter->handleRequest(NULL, Object(Config\Cache), false)
#3 /home/nguh5634/public_html/index.php(45): CodeIgniter\CodeIgniter->run()
#4 {main}
INFO - 2022-02-03 19:49:47 --> Controller "App\Controllers\base\Beranda" loaded.
CRITICAL - 2022-02-03 19:49:47 --> Call to undefined method CodeIgniter\Database\MySQLi\Builder::paginate()
#0 /home/nguh5634/public_html/system/CodeIgniter.php(910): App\Controllers\base\Beranda->themes_video()
#1 /home/nguh5634/public_html/system/CodeIgniter.php(398): CodeIgniter\CodeIgniter->runController(Object(App\Controllers\base\Beranda))
#2 /home/nguh5634/public_html/system/CodeIgniter.php(306): CodeIgniter\CodeIgniter->handleRequest(NULL, Object(Config\Cache), false)
#3 /home/nguh5634/public_html/index.php(45): CodeIgniter\CodeIgniter->run()
#4 {main}
INFO - 2022-02-03 19:49:47 --> Controller "App\Controllers\base\Beranda" loaded.
CRITICAL - 2022-02-03 19:49:47 --> Call to undefined method CodeIgniter\Database\MySQLi\Builder::paginate()
#0 /home/nguh5634/public_html/system/CodeIgniter.php(910): App\Controllers\base\Beranda->themes_video()
#1 /home/nguh5634/public_html/system/CodeIgniter.php(398): CodeIgniter\CodeIgniter->runController(Object(App\Controllers\base\Beranda))
#2 /home/nguh5634/public_html/system/CodeIgniter.php(306): CodeIgniter\CodeIgniter->handleRequest(NULL, Object(Config\Cache), false)
#3 /home/nguh5634/public_html/index.php(45): CodeIgniter\CodeIgniter->run()
#4 {main}
INFO - 2022-02-03 19:50:02 --> Controller "App\Controllers\base\Beranda" loaded.
INFO - 2022-02-03 19:51:26 --> Controller "App\Controllers\base\Beranda" loaded.
CRITICAL - 2022-02-03 19:51:26 --> Call to undefined method CodeIgniter\Database\MySQLi\Builder::paginate()
#0 /home/nguh5634/public_html/system/CodeIgniter.php(910): App\Controllers\base\Beranda->themes_video()
#1 /home/nguh5634/public_html/system/CodeIgniter.php(398): CodeIgniter\CodeIgniter->runController(Object(App\Controllers\base\Beranda))
#2 /home/nguh5634/public_html/system/CodeIgniter.php(306): CodeIgniter\CodeIgniter->handleRequest(NULL, Object(Config\Cache), false)
#3 /home/nguh5634/public_html/index.php(45): CodeIgniter\CodeIgniter->run()
#4 {main}
INFO - 2022-02-03 19:51:28 --> Controller "App\Controllers\base\Beranda" loaded.
CRITICAL - 2022-02-03 19:51:28 --> Call to undefined method CodeIgniter\Database\MySQLi\Builder::paginate()
#0 /home/nguh5634/public_html/system/CodeIgniter.php(910): App\Controllers\base\Beranda->themes_video()
#1 /home/nguh5634/public_html/system/CodeIgniter.php(398): CodeIgniter\CodeIgniter->runController(Object(App\Controllers\base\Beranda))
#2 /home/nguh5634/public_html/system/CodeIgniter.php(306): CodeIgniter\CodeIgniter->handleRequest(NULL, Object(Config\Cache), false)
#3 /home/nguh5634/public_html/index.php(45): CodeIgniter\CodeIgniter->run()
#4 {main}
INFO - 2022-02-03 19:51:28 --> Controller "App\Controllers\base\Beranda" loaded.
CRITICAL - 2022-02-03 19:51:28 --> Call to undefined method CodeIgniter\Database\MySQLi\Builder::paginate()
#0 /home/nguh5634/public_html/system/CodeIgniter.php(910): App\Controllers\base\Beranda->themes_video()
#1 /home/nguh5634/public_html/system/CodeIgniter.php(398): CodeIgniter\CodeIgniter->runController(Object(App\Controllers\base\Beranda))
#2 /home/nguh5634/public_html/system/CodeIgniter.php(306): CodeIgniter\CodeIgniter->handleRequest(NULL, Object(Config\Cache), false)
#3 /home/nguh5634/public_html/index.php(45): CodeIgniter\CodeIgniter->run()
#4 {main}
INFO - 2022-02-03 19:51:29 --> Controller "App\Controllers\base\Beranda" loaded.
CRITICAL - 2022-02-03 19:51:29 --> Call to undefined method CodeIgniter\Database\MySQLi\Builder::paginate()
#0 /home/nguh5634/public_html/system/CodeIgniter.php(910): App\Controllers\base\Beranda->themes_video()
#1 /home/nguh5634/public_html/system/CodeIgniter.php(398): CodeIgniter\CodeIgniter->runController(Object(App\Controllers\base\Beranda))
#2 /home/nguh5634/public_html/system/CodeIgniter.php(306): CodeIgniter\CodeIgniter->handleRequest(NULL, Object(Config\Cache), false)
#3 /home/nguh5634/public_html/index.php(45): CodeIgniter\CodeIgniter->run()
#4 {main}
INFO - 2022-02-03 19:51:29 --> Controller "App\Controllers\base\Beranda" loaded.
CRITICAL - 2022-02-03 19:51:29 --> Call to undefined method CodeIgniter\Database\MySQLi\Builder::paginate()
#0 /home/nguh5634/public_html/system/CodeIgniter.php(910): App\Controllers\base\Beranda->themes_video()
#1 /home/nguh5634/public_html/system/CodeIgniter.php(398): CodeIgniter\CodeIgniter->runController(Object(App\Controllers\base\Beranda))
#2 /home/nguh5634/public_html/system/CodeIgniter.php(306): CodeIgniter\CodeIgniter->handleRequest(NULL, Object(Config\Cache), false)
#3 /home/nguh5634/public_html/index.php(45): CodeIgniter\CodeIgniter->run()
#4 {main}
INFO - 2022-02-03 19:51:30 --> Controller "App\Controllers\base\Beranda" loaded.
CRITICAL - 2022-02-03 19:51:30 --> Call to undefined method CodeIgniter\Database\MySQLi\Builder::paginate()
#0 /home/nguh5634/public_html/system/CodeIgniter.php(910): App\Controllers\base\Beranda->themes_video()
#1 /home/nguh5634/public_html/system/CodeIgniter.php(398): CodeIgniter\CodeIgniter->runController(Object(App\Controllers\base\Beranda))
#2 /home/nguh5634/public_html/system/CodeIgniter.php(306): CodeIgniter\CodeIgniter->handleRequest(NULL, Object(Config\Cache), false)
#3 /home/nguh5634/public_html/index.php(45): CodeIgniter\CodeIgniter->run()
#4 {main}
INFO - 2022-02-03 19:51:30 --> Controller "App\Controllers\base\Beranda" loaded.
CRITICAL - 2022-02-03 19:51:30 --> Call to undefined method CodeIgniter\Database\MySQLi\Builder::paginate()
#0 /home/nguh5634/public_html/system/CodeIgniter.php(910): App\Controllers\base\Beranda->themes_video()
#1 /home/nguh5634/public_html/system/CodeIgniter.php(398): CodeIgniter\CodeIgniter->runController(Object(App\Controllers\base\Beranda))
#2 /home/nguh5634/public_html/system/CodeIgniter.php(306): CodeIgniter\CodeIgniter->handleRequest(NULL, Object(Config\Cache), false)
#3 /home/nguh5634/public_html/index.php(45): CodeIgniter\CodeIgniter->run()
#4 {main}
INFO - 2022-02-03 19:51:30 --> Controller "App\Controllers\base\Beranda" loaded.
CRITICAL - 2022-02-03 19:51:30 --> Call to undefined method CodeIgniter\Database\MySQLi\Builder::paginate()
#0 /home/nguh5634/public_html/system/CodeIgniter.php(910): App\Controllers\base\Beranda->themes_video()
#1 /home/nguh5634/public_html/system/CodeIgniter.php(398): CodeIgniter\CodeIgniter->runController(Object(App\Controllers\base\Beranda))
#2 /home/nguh5634/public_html/system/CodeIgniter.php(306): CodeIgniter\CodeIgniter->handleRequest(NULL, Object(Config\Cache), false)
#3 /home/nguh5634/public_html/index.php(45): CodeIgniter\CodeIgniter->run()
#4 {main}
INFO - 2022-02-03 19:53:01 --> Controller "App\Controllers\base\Beranda" loaded.
CRITICAL - 2022-02-03 19:53:01 --> Call to undefined method CodeIgniter\Database\MySQLi\Builder::paginate()
#0 /home/nguh5634/public_html/system/CodeIgniter.php(910): App\Controllers\base\Beranda->themes_video()
#1 /home/nguh5634/public_html/system/CodeIgniter.php(398): CodeIgniter\CodeIgniter->runController(Object(App\Controllers\base\Beranda))
#2 /home/nguh5634/public_html/system/CodeIgniter.php(306): CodeIgniter\CodeIgniter->handleRequest(NULL, Object(Config\Cache), false)
#3 /home/nguh5634/public_html/index.php(45): CodeIgniter\CodeIgniter->run()
#4 {main}
INFO - 2022-02-03 19:53:04 --> Controller "App\Controllers\base\Beranda" loaded.
CRITICAL - 2022-02-03 19:53:04 --> Call to undefined method CodeIgniter\Database\MySQLi\Builder::paginate()
#0 /home/nguh5634/public_html/system/CodeIgniter.php(910): App\Controllers\base\Beranda->themes_video()
#1 /home/nguh5634/public_html/system/CodeIgniter.php(398): CodeIgniter\CodeIgniter->runController(Object(App\Controllers\base\Beranda))
#2 /home/nguh5634/public_html/system/CodeIgniter.php(306): CodeIgniter\CodeIgniter->handleRequest(NULL, Object(Config\Cache), false)
#3 /home/nguh5634/public_html/index.php(45): CodeIgniter\CodeIgniter->run()
#4 {main}
INFO - 2022-02-03 19:55:27 --> Controller "App\Controllers\base\Beranda" loaded.
CRITICAL - 2022-02-03 19:55:27 --> Call to undefined method CodeIgniter\Database\MySQLi\Builder::paginate()
#0 /home/nguh5634/public_html/system/CodeIgniter.php(910): App\Controllers\base\Beranda->themes_video()
#1 /home/nguh5634/public_html/system/CodeIgniter.php(398): CodeIgniter\CodeIgniter->runController(Object(App\Controllers\base\Beranda))
#2 /home/nguh5634/public_html/system/CodeIgniter.php(306): CodeIgniter\CodeIgniter->handleRequest(NULL, Object(Config\Cache), false)
#3 /home/nguh5634/public_html/index.php(45): CodeIgniter\CodeIgniter->run()
#4 {main}
INFO - 2022-02-03 19:56:46 --> Controller "App\Controllers\base\Beranda" loaded.
CRITICAL - 2022-02-03 19:56:46 --> Undefined variable: tema
#0 /home/nguh5634/public_html/app/Controllers/base/Beranda.php(54): CodeIgniter\Debug\Exceptions->errorHandler(8, 'Undefined varia...', '/home/nguh5634/...', 54, Array)
#1 /home/nguh5634/public_html/system/CodeIgniter.php(910): App\Controllers\base\Beranda->themes_video()
#2 /home/nguh5634/public_html/system/CodeIgniter.php(398): CodeIgniter\CodeIgniter->runController(Object(App\Controllers\base\Beranda))
#3 /home/nguh5634/public_html/system/CodeIgniter.php(306): CodeIgniter\CodeIgniter->handleRequest(NULL, Object(Config\Cache), false)
#4 /home/nguh5634/public_html/index.php(45): CodeIgniter\CodeIgniter->run()
#5 {main}
INFO - 2022-02-03 19:57:21 --> Controller "App\Controllers\base\Beranda" loaded.
CRITICAL - 2022-02-03 19:57:21 --> Undefined property: CodeIgniter\Database\MySQLi\Builder::$pager
#0 /home/nguh5634/public_html/app/Controllers/base/Beranda.php(54): CodeIgniter\Debug\Exceptions->errorHandler(8, 'Undefined prope...', '/home/nguh5634/...', 54, Array)
#1 /home/nguh5634/public_html/system/CodeIgniter.php(910): App\Controllers\base\Beranda->themes_video()
#2 /home/nguh5634/public_html/system/CodeIgniter.php(398): CodeIgniter\CodeIgniter->runController(Object(App\Controllers\base\Beranda))
#3 /home/nguh5634/public_html/system/CodeIgniter.php(306): CodeIgniter\CodeIgniter->handleRequest(NULL, Object(Config\Cache), false)
#4 /home/nguh5634/public_html/index.php(45): CodeIgniter\CodeIgniter->run()
#5 {main}
INFO - 2022-02-03 20:00:03 --> Controller "App\Controllers\base\Beranda" loaded.
INFO - 2022-02-03 20:00:14 --> Controller "App\Controllers\base\Beranda" loaded.
CRITICAL - 2022-02-03 20:00:14 --> Call to undefined method CodeIgniter\Database\MySQLi\Builder::paginate()
#0 /home/nguh5634/public_html/system/CodeIgniter.php(910): App\Controllers\base\Beranda->themes_video()
#1 /home/nguh5634/public_html/system/CodeIgniter.php(398): CodeIgniter\CodeIgniter->runController(Object(App\Controllers\base\Beranda))
#2 /home/nguh5634/public_html/system/CodeIgniter.php(306): CodeIgniter\CodeIgniter->handleRequest(NULL, Object(Config\Cache), false)
#3 /home/nguh5634/public_html/index.php(45): CodeIgniter\CodeIgniter->run()
#4 {main}
INFO - 2022-02-03 20:00:16 --> Controller "App\Controllers\base\Beranda" loaded.
CRITICAL - 2022-02-03 20:00:16 --> Call to undefined method CodeIgniter\Database\MySQLi\Builder::paginate()
#0 /home/nguh5634/public_html/system/CodeIgniter.php(910): App\Controllers\base\Beranda->themes_video()
#1 /home/nguh5634/public_html/system/CodeIgniter.php(398): CodeIgniter\CodeIgniter->runController(Object(App\Controllers\base\Beranda))
#2 /home/nguh5634/public_html/system/CodeIgniter.php(306): CodeIgniter\CodeIgniter->handleRequest(NULL, Object(Config\Cache), false)
#3 /home/nguh5634/public_html/index.php(45): CodeIgniter\CodeIgniter->run()
#4 {main}
INFO - 2022-02-03 20:00:17 --> Controller "App\Controllers\base\Beranda" loaded.
CRITICAL - 2022-02-03 20:00:17 --> Call to undefined method CodeIgniter\Database\MySQLi\Builder::paginate()
#0 /home/nguh5634/public_html/system/CodeIgniter.php(910): App\Controllers\base\Beranda->themes_video()
#1 /home/nguh5634/public_html/system/CodeIgniter.php(398): CodeIgniter\CodeIgniter->runController(Object(App\Controllers\base\Beranda))
#2 /home/nguh5634/public_html/system/CodeIgniter.php(306): CodeIgniter\CodeIgniter->handleRequest(NULL, Object(Config\Cache), false)
#3 /home/nguh5634/public_html/index.php(45): CodeIgniter\CodeIgniter->run()
#4 {main}
INFO - 2022-02-03 20:00:17 --> Controller "App\Controllers\base\Beranda" loaded.
CRITICAL - 2022-02-03 20:00:17 --> Call to undefined method CodeIgniter\Database\MySQLi\Builder::paginate()
#0 /home/nguh5634/public_html/system/CodeIgniter.php(910): App\Controllers\base\Beranda->themes_video()
#1 /home/nguh5634/public_html/system/CodeIgniter.php(398): CodeIgniter\CodeIgniter->runController(Object(App\Controllers\base\Beranda))
#2 /home/nguh5634/public_html/system/CodeIgniter.php(306): CodeIgniter\CodeIgniter->handleRequest(NULL, Object(Config\Cache), false)
#3 /home/nguh5634/public_html/index.php(45): CodeIgniter\CodeIgniter->run()
#4 {main}
INFO - 2022-02-03 20:00:18 --> Controller "App\Controllers\base\Beranda" loaded.
CRITICAL - 2022-02-03 20:00:18 --> Call to undefined method CodeIgniter\Database\MySQLi\Builder::paginate()
#0 /home/nguh5634/public_html/system/CodeIgniter.php(910): App\Controllers\base\Beranda->themes_video()
#1 /home/nguh5634/public_html/system/CodeIgniter.php(398): CodeIgniter\CodeIgniter->runController(Object(App\Controllers\base\Beranda))
#2 /home/nguh5634/public_html/system/CodeIgniter.php(306): CodeIgniter\CodeIgniter->handleRequest(NULL, Object(Config\Cache), false)
#3 /home/nguh5634/public_html/index.php(45): CodeIgniter\CodeIgniter->run()
#4 {main}
INFO - 2022-02-03 20:00:18 --> Controller "App\Controllers\base\Beranda" loaded.
CRITICAL - 2022-02-03 20:00:18 --> Call to undefined method CodeIgniter\Database\MySQLi\Builder::paginate()
#0 /home/nguh5634/public_html/system/CodeIgniter.php(910): App\Controllers\base\Beranda->themes_video()
#1 /home/nguh5634/public_html/system/CodeIgniter.php(398): CodeIgniter\CodeIgniter->runController(Object(App\Controllers\base\Beranda))
#2 /home/nguh5634/public_html/system/CodeIgniter.php(306): CodeIgniter\CodeIgniter->handleRequest(NULL, Object(Config\Cache), false)
#3 /home/nguh5634/public_html/index.php(45): CodeIgniter\CodeIgniter->run()
#4 {main}
INFO - 2022-02-03 20:03:17 --> Controller "App\Controllers\base\Beranda" loaded.
CRITICAL - 2022-02-03 20:03:17 --> Call to undefined method CodeIgniter\Database\MySQLi\Builder::paginate()
#0 /home/nguh5634/public_html/system/CodeIgniter.php(910): App\Controllers\base\Beranda->themes_video()
#1 /home/nguh5634/public_html/system/CodeIgniter.php(398): CodeIgniter\CodeIgniter->runController(Object(App\Controllers\base\Beranda))
#2 /home/nguh5634/public_html/system/CodeIgniter.php(306): CodeIgniter\CodeIgniter->handleRequest(NULL, Object(Config\Cache), false)
#3 /home/nguh5634/public_html/index.php(45): CodeIgniter\CodeIgniter->run()
#4 {main}
INFO - 2022-02-03 20:03:21 --> Controller "App\Controllers\base\Beranda" loaded.
CRITICAL - 2022-02-03 20:03:21 --> Call to undefined method CodeIgniter\Database\MySQLi\Builder::paginate()
#0 /home/nguh5634/public_html/system/CodeIgniter.php(910): App\Controllers\base\Beranda->themes_video()
#1 /home/nguh5634/public_html/system/CodeIgniter.php(398): CodeIgniter\CodeIgniter->runController(Object(App\Controllers\base\Beranda))
#2 /home/nguh5634/public_html/system/CodeIgniter.php(306): CodeIgniter\CodeIgniter->handleRequest(NULL, Object(Config\Cache), false)
#3 /home/nguh5634/public_html/index.php(45): CodeIgniter\CodeIgniter->run()
#4 {main}
INFO - 2022-02-03 20:04:53 --> Controller "App\Controllers\base\Beranda" loaded.
CRITICAL - 2022-02-03 20:04:53 --> Call to undefined method CodeIgniter\Database\MySQLi\Builder::paginate()
#0 /home/nguh5634/public_html/system/CodeIgniter.php(910): App\Controllers\base\Beranda->themes_video()
#1 /home/nguh5634/public_html/system/CodeIgniter.php(398): CodeIgniter\CodeIgniter->runController(Object(App\Controllers\base\Beranda))
#2 /home/nguh5634/public_html/system/CodeIgniter.php(306): CodeIgniter\CodeIgniter->handleRequest(NULL, Object(Config\Cache), false)
#3 /home/nguh5634/public_html/index.php(45): CodeIgniter\CodeIgniter->run()
#4 {main}
INFO - 2022-02-03 20:10:03 --> Controller "App\Controllers\base\Beranda" loaded.
INFO - 2022-02-03 20:19:23 --> Controller "App\Controllers\base\Beranda" loaded.
CRITICAL - 2022-02-03 20:19:23 --> Call to undefined method CodeIgniter\Database\MySQLi\Result::paginate()
#0 /home/nguh5634/public_html/system/CodeIgniter.php(910): App\Controllers\base\Beranda->themes_video()
#1 /home/nguh5634/public_html/system/CodeIgniter.php(398): CodeIgniter\CodeIgniter->runController(Object(App\Controllers\base\Beranda))
#2 /home/nguh5634/public_html/system/CodeIgniter.php(306): CodeIgniter\CodeIgniter->handleRequest(NULL, Object(Config\Cache), false)
#3 /home/nguh5634/public_html/index.php(45): CodeIgniter\CodeIgniter->run()
#4 {main}
INFO - 2022-02-03 20:19:57 --> Controller "App\Controllers\base\Beranda" loaded.
CRITICAL - 2022-02-03 20:19:57 --> You must set the database table to be used with your query.
#0 /home/nguh5634/public_html/system/Model.php(1190): CodeIgniter\Database\BaseConnection->table(NULL)
#1 /home/nguh5634/public_html/app/Models/base/BerandaModel.php(48): CodeIgniter\Model->builder()
#2 /home/nguh5634/public_html/app/Controllers/base/Beranda.php(53): App\Models\base\BerandaModel->findAll()
#3 /home/nguh5634/public_html/system/CodeIgniter.php(910): App\Controllers\base\Beranda->themes_video()
#4 /home/nguh5634/public_html/system/CodeIgniter.php(398): CodeIgniter\CodeIgniter->runController(Object(App\Controllers\base\Beranda))
#5 /home/nguh5634/public_html/system/CodeIgniter.php(306): CodeIgniter\CodeIgniter->handleRequest(NULL, Object(Config\Cache), false)
#6 /home/nguh5634/public_html/index.php(45): CodeIgniter\CodeIgniter->run()
#7 {main}
INFO - 2022-02-03 20:20:02 --> Controller "App\Controllers\base\Beranda" loaded.
INFO - 2022-02-03 20:21:13 --> Controller "App\Controllers\base\Beranda" loaded.
CRITICAL - 2022-02-03 20:21:13 --> You must set the database table to be used with your query.
#0 /home/nguh5634/public_html/system/Model.php(1190): CodeIgniter\Database\BaseConnection->table(NULL)
#1 /home/nguh5634/public_html/app/Models/base/BerandaModel.php(48): CodeIgniter\Model->builder()
#2 /home/nguh5634/public_html/app/Controllers/base/Beranda.php(53): App\Models\base\BerandaModel->findAll()
#3 /home/nguh5634/public_html/system/CodeIgniter.php(910): App\Controllers\base\Beranda->themes_video()
#4 /home/nguh5634/public_html/system/CodeIgniter.php(398): CodeIgniter\CodeIgniter->runController(Object(App\Controllers\base\Beranda))
#5 /home/nguh5634/public_html/system/CodeIgniter.php(306): CodeIgniter\CodeIgniter->handleRequest(NULL, Object(Config\Cache), false)
#6 /home/nguh5634/public_html/index.php(45): CodeIgniter\CodeIgniter->run()
#7 {main}
INFO - 2022-02-03 20:21:45 --> Controller "App\Controllers\base\Beranda" loaded.
CRITICAL - 2022-02-03 20:21:45 --> Undefined variable: pager
#0 /home/nguh5634/public_html/app/Views/base/beranda/tema_video.php(141): CodeIgniter\Debug\Exceptions->errorHandler(8, 'Undefined varia...', '/home/nguh5634/...', 141, Array)
#1 /home/nguh5634/public_html/system/View/View.php(236): include('/home/nguh5634/...')
#2 /home/nguh5634/public_html/system/Common.php(1071): CodeIgniter\View\View->render('base/beranda/te...', Array, true)
#3 /home/nguh5634/public_html/app/Controllers/base/Beranda.php(57): view('base/beranda/te...', Array)
#4 /home/nguh5634/public_html/system/CodeIgniter.php(910): App\Controllers\base\Beranda->themes_video()
#5 /home/nguh5634/public_html/system/CodeIgniter.php(398): CodeIgniter\CodeIgniter->runController(Object(App\Controllers\base\Beranda))
#6 /home/nguh5634/public_html/system/CodeIgniter.php(306): CodeIgniter\CodeIgniter->handleRequest(NULL, Object(Config\Cache), false)
#7 /home/nguh5634/public_html/index.php(45): CodeIgniter\CodeIgniter->run()
#8 {main}
INFO - 2022-02-03 20:22:25 --> Controller "App\Controllers\base\Beranda" loaded.
INFO - 2022-02-03 20:22:28 --> Controller "App\Controllers\base\Beranda" loaded.
INFO - 2022-02-03 20:30:02 --> Controller "App\Controllers\base\Beranda" loaded.
INFO - 2022-02-03 20:40:02 --> Controller "App\Controllers\base\Beranda" loaded.
INFO - 2022-02-03 20:40:21 --> Controller "App\Controllers\base\Beranda" loaded.
INFO - 2022-02-03 20:40:46 --> Controller "App\Controllers\base\Beranda" loaded.
CRITICAL - 2022-02-03 20:40:46 --> Call to undefined method CodeIgniter\Database\MySQLi\Result::paginate()
#0 /home/nguh5634/public_html/system/CodeIgniter.php(910): App\Controllers\base\Beranda->themes_video()
#1 /home/nguh5634/public_html/system/CodeIgniter.php(398): CodeIgniter\CodeIgniter->runController(Object(App\Controllers\base\Beranda))
#2 /home/nguh5634/public_html/system/CodeIgniter.php(306): CodeIgniter\CodeIgniter->handleRequest(NULL, Object(Config\Cache), false)
#3 /home/nguh5634/public_html/index.php(45): CodeIgniter\CodeIgniter->run()
#4 {main}
INFO - 2022-02-03 20:45:56 --> Controller "App\Controllers\base\Beranda" loaded.
CRITICAL - 2022-02-03 20:45:56 --> Class 'App\Models\base\VideoModel' not found
#0 /home/nguh5634/public_html/system/CodeIgniter.php(910): App\Controllers\base\Beranda->themes_video()
#1 /home/nguh5634/public_html/system/CodeIgniter.php(398): CodeIgniter\CodeIgniter->runController(Object(App\Controllers\base\Beranda))
#2 /home/nguh5634/public_html/system/CodeIgniter.php(306): CodeIgniter\CodeIgniter->handleRequest(NULL, Object(Config\Cache), false)
#3 /home/nguh5634/public_html/index.php(45): CodeIgniter\CodeIgniter->run()
#4 {main}
INFO - 2022-02-03 20:46:42 --> Controller "App\Controllers\base\Beranda" loaded.
CRITICAL - 2022-02-03 20:46:42 --> Class 'App\Controllers\base\App\Models\base\VideoModel' not found
#0 /home/nguh5634/public_html/system/CodeIgniter.php(910): App\Controllers\base\Beranda->themes_video()
#1 /home/nguh5634/public_html/system/CodeIgniter.php(398): CodeIgniter\CodeIgniter->runController(Object(App\Controllers\base\Beranda))
#2 /home/nguh5634/public_html/system/CodeIgniter.php(306): CodeIgniter\CodeIgniter->handleRequest(NULL, Object(Config\Cache), false)
#3 /home/nguh5634/public_html/index.php(45): CodeIgniter\CodeIgniter->run()
#4 {main}
INFO - 2022-02-03 20:49:39 --> Controller "App\Controllers\base\Beranda" loaded.
CRITICAL - 2022-02-03 20:49:39 --> Class 'App\Models\base\VideoModel' not found
#0 /home/nguh5634/public_html/system/CodeIgniter.php(910): App\Controllers\base\Beranda->themes_video()
#1 /home/nguh5634/public_html/system/CodeIgniter.php(398): CodeIgniter\CodeIgniter->runController(Object(App\Controllers\base\Beranda))
#2 /home/nguh5634/public_html/system/CodeIgniter.php(306): CodeIgniter\CodeIgniter->handleRequest(NULL, Object(Config\Cache), false)
#3 /home/nguh5634/public_html/index.php(45): CodeIgniter\CodeIgniter->run()
#4 {main}
INFO - 2022-02-03 20:50:02 --> Controller "App\Controllers\base\Beranda" loaded.
INFO - 2022-02-03 20:50:12 --> Controller "App\Controllers\base\Beranda" loaded.
CRITICAL - 2022-02-03 20:50:12 --> Class 'App\Models\base\VideoModel' not found
#0 /home/nguh5634/public_html/system/CodeIgniter.php(910): App\Controllers\base\Beranda->themes_video()
#1 /home/nguh5634/public_html/system/CodeIgniter.php(398): CodeIgniter\CodeIgniter->runController(Object(App\Controllers\base\Beranda))
#2 /home/nguh5634/public_html/system/CodeIgniter.php(306): CodeIgniter\CodeIgniter->handleRequest(NULL, Object(Config\Cache), false)
#3 /home/nguh5634/public_html/index.php(45): CodeIgniter\CodeIgniter->run()
#4 {main}
INFO - 2022-02-03 20:50:49 --> Controller "App\Controllers\base\Beranda" loaded.
CRITICAL - 2022-02-03 20:50:49 --> Undefined variable: tema_video
#0 /home/nguh5634/public_html/app/Views/base/beranda/tema_video.php(118): CodeIgniter\Debug\Exceptions->errorHandler(8, 'Undefined varia...', '/home/nguh5634/...', 118, Array)
#1 /home/nguh5634/public_html/system/View/View.php(236): include('/home/nguh5634/...')
#2 /home/nguh5634/public_html/system/Common.php(1071): CodeIgniter\View\View->render('base/beranda/te...', Array, true)
#3 /home/nguh5634/public_html/app/Controllers/base/Beranda.php(61): view('base/beranda/te...', Array)
#4 /home/nguh5634/public_html/system/CodeIgniter.php(910): App\Controllers\base\Beranda->themes_video()
#5 /home/nguh5634/public_html/system/CodeIgniter.php(398): CodeIgniter\CodeIgniter->runController(Object(App\Controllers\base\Beranda))
#6 /home/nguh5634/public_html/system/CodeIgniter.php(306): CodeIgniter\CodeIgniter->handleRequest(NULL, Object(Config\Cache), false)
#7 /home/nguh5634/public_html/index.php(45): CodeIgniter\CodeIgniter->run()
#8 {main}
INFO - 2022-02-03 20:51:10 --> Controller "App\Controllers\base\Beranda" loaded.
CRITICAL - 2022-02-03 20:51:10 --> Call to a member function getResult() on array
#0 /home/nguh5634/public_html/system/View/View.php(236): include()
#1 /home/nguh5634/public_html/system/Common.php(1071): CodeIgniter\View\View->render('base/beranda/te...', Array, true)
#2 /home/nguh5634/public_html/app/Controllers/base/Beranda.php(61): view('base/beranda/te...', Array)
#3 /home/nguh5634/public_html/system/CodeIgniter.php(910): App\Controllers\base\Beranda->themes_video()
#4 /home/nguh5634/public_html/system/CodeIgniter.php(398): CodeIgniter\CodeIgniter->runController(Object(App\Controllers\base\Beranda))
#5 /home/nguh5634/public_html/system/CodeIgniter.php(306): CodeIgniter\CodeIgniter->handleRequest(NULL, Object(Config\Cache), false)
#6 /home/nguh5634/public_html/index.php(45): CodeIgniter\CodeIgniter->run()
#7 {main}
INFO - 2022-02-03 20:51:13 --> Controller "App\Controllers\base\Beranda" loaded.
CRITICAL - 2022-02-03 20:51:13 --> Call to a member function getResult() on array
#0 /home/nguh5634/public_html/system/View/View.php(236): include()
#1 /home/nguh5634/public_html/system/Common.php(1071): CodeIgniter\View\View->render('base/beranda/te...', Array, true)
#2 /home/nguh5634/public_html/app/Controllers/base/Beranda.php(61): view('base/beranda/te...', Array)
#3 /home/nguh5634/public_html/system/CodeIgniter.php(910): App\Controllers\base\Beranda->themes_video()
#4 /home/nguh5634/public_html/system/CodeIgniter.php(398): CodeIgniter\CodeIgniter->runController(Object(App\Controllers\base\Beranda))
#5 /home/nguh5634/public_html/system/CodeIgniter.php(306): CodeIgniter\CodeIgniter->handleRequest(NULL, Object(Config\Cache), false)
#6 /home/nguh5634/public_html/index.php(45): CodeIgniter\CodeIgniter->run()
#7 {main}
INFO - 2022-02-03 20:51:15 --> Controller "App\Controllers\base\Beranda" loaded.
CRITICAL - 2022-02-03 20:51:15 --> Call to a member function getResult() on array
#0 /home/nguh5634/public_html/system/View/View.php(236): include()
#1 /home/nguh5634/public_html/system/Common.php(1071): CodeIgniter\View\View->render('base/beranda/te...', Array, true)
#2 /home/nguh5634/public_html/app/Controllers/base/Beranda.php(61): view('base/beranda/te...', Array)
#3 /home/nguh5634/public_html/system/CodeIgniter.php(910): App\Controllers\base\Beranda->themes_video()
#4 /home/nguh5634/public_html/system/CodeIgniter.php(398): CodeIgniter\CodeIgniter->runController(Object(App\Controllers\base\Beranda))
#5 /home/nguh5634/public_html/system/CodeIgniter.php(306): CodeIgniter\CodeIgniter->handleRequest(NULL, Object(Config\Cache), false)
#6 /home/nguh5634/public_html/index.php(45): CodeIgniter\CodeIgniter->run()
#7 {main}
INFO - 2022-02-03 20:51:34 --> Controller "App\Controllers\base\Beranda" loaded.
CRITICAL - 2022-02-03 20:51:34 --> Call to a member function getResult() on array
#0 /home/nguh5634/public_html/system/View/View.php(236): include()
#1 /home/nguh5634/public_html/system/Common.php(1071): CodeIgniter\View\View->render('base/beranda/te...', Array, true)
#2 /home/nguh5634/public_html/app/Controllers/base/Beranda.php(61): view('base/beranda/te...', Array)
#3 /home/nguh5634/public_html/system/CodeIgniter.php(910): App\Controllers\base\Beranda->themes_video()
#4 /home/nguh5634/public_html/system/CodeIgniter.php(398): CodeIgniter\CodeIgniter->runController(Object(App\Controllers\base\Beranda))
#5 /home/nguh5634/public_html/system/CodeIgniter.php(306): CodeIgniter\CodeIgniter->handleRequest(NULL, Object(Config\Cache), false)
#6 /home/nguh5634/public_html/index.php(45): CodeIgniter\CodeIgniter->run()
#7 {main}
INFO - 2022-02-03 20:53:46 --> Controller "App\Controllers\base\Beranda" loaded.
INFO - 2022-02-03 20:53:57 --> Controller "App\Controllers\base\Beranda" loaded.
INFO - 2022-02-03 20:54:46 --> Controller "App\Controllers\base\Beranda" loaded.
INFO - 2022-02-03 20:54:52 --> Controller "App\Controllers\base\Beranda" loaded.
INFO - 2022-02-03 20:55:01 --> Controller "App\Controllers\base\Beranda" loaded.
INFO - 2022-02-03 20:57:13 --> Controller "App\Controllers\base\Beranda" loaded.
INFO - 2022-02-03 20:57:18 --> Controller "App\Controllers\base\Beranda" loaded.
INFO - 2022-02-03 20:57:26 --> Controller "App\Controllers\base\Beranda" loaded.
INFO - 2022-02-03 20:57:32 --> Controller "App\Controllers\base\Beranda" loaded.
INFO - 2022-02-03 20:57:39 --> Controller "App\Controllers\base\Beranda" loaded.
INFO - 2022-02-03 20:59:42 --> Controller "App\Controllers\base\Beranda" loaded.
INFO - 2022-02-03 20:59:51 --> Controller "App\Controllers\base\Beranda" loaded.
INFO - 2022-02-03 20:59:56 --> Controller "App\Controllers\base\Beranda" loaded.
INFO - 2022-02-03 21:00:02 --> Controller "App\Controllers\base\Beranda" loaded.
INFO - 2022-02-03 21:00:02 --> Controller "App\Controllers\base\Beranda" loaded.
INFO - 2022-02-03 21:00:08 --> Controller "App\Controllers\base\Beranda" loaded.
INFO - 2022-02-03 21:01:37 --> Controller "App\Controllers\base\Beranda" loaded.
INFO - 2022-02-03 21:01:46 --> Controller "App\Controllers\base\Beranda" loaded.
INFO - 2022-02-03 21:01:54 --> Controller "App\Controllers\base\Beranda" loaded.
INFO - 2022-02-03 21:02:00 --> Controller "App\Controllers\base\Beranda" loaded.
INFO - 2022-02-03 21:02:13 --> Controller "App\Controllers\base\Beranda" loaded.
INFO - 2022-02-03 21:02:22 --> Controller "App\Controllers\base\Beranda" loaded.
INFO - 2022-02-03 21:06:30 --> Controller "App\Controllers\base\Beranda" loaded.
INFO - 2022-02-03 21:06:35 --> Controller "App\Controllers\base\Beranda" loaded.
INFO - 2022-02-03 21:06:42 --> Controller "App\Controllers\base\Beranda" loaded.
INFO - 2022-02-03 21:06:59 --> Controller "App\Controllers\base\Beranda" loaded.
INFO - 2022-02-03 21:07:41 --> Controller "App\Controllers\base\Beranda" loaded.
INFO - 2022-02-03 21:07:56 --> Controller "App\Controllers\base\Beranda" loaded.
INFO - 2022-02-03 21:08:52 --> Controller "App\Controllers\base\Beranda" loaded.
INFO - 2022-02-03 21:09:07 --> Controller "App\Controllers\base\Beranda" loaded.
INFO - 2022-02-03 21:09:14 --> Controller "App\Controllers\base\Beranda" loaded.
INFO - 2022-02-03 21:09:23 --> Controller "App\Controllers\base\Beranda" loaded.
INFO - 2022-02-03 21:09:27 --> Controller "App\Controllers\base\Beranda" loaded.
INFO - 2022-02-03 21:09:37 --> Controller "App\Controllers\base\Beranda" loaded.
INFO - 2022-02-03 21:10:02 --> Controller "App\Controllers\base\Beranda" loaded.
INFO - 2022-02-03 21:10:02 --> Controller "App\Controllers\base\Beranda" loaded.
INFO - 2022-02-03 21:10:10 --> Controller "App\Controllers\base\Beranda" loaded.
INFO - 2022-02-03 21:11:18 --> Controller "App\Controllers\base\Beranda" loaded.
INFO - 2022-02-03 21:11:20 --> Controller "App\Controllers\base\Beranda" loaded.
INFO - 2022-02-03 21:11:41 --> Controller "App\Controllers\base\Beranda" loaded.
INFO - 2022-02-03 21:11:44 --> Controller "App\Controllers\base\Beranda" loaded.
INFO - 2022-02-03 21:13:04 --> Controller "App\Controllers\base\Beranda" loaded.
INFO - 2022-02-03 21:14:01 --> Controller "App\Controllers\base\Beranda" loaded.
INFO - 2022-02-03 21:14:04 --> Controller "App\Controllers\base\Beranda" loaded.
INFO - 2022-02-03 21:14:10 --> Controller "App\Controllers\base\Beranda" loaded.
INFO - 2022-02-03 21:14:40 --> Controller "App\Controllers\base\Beranda" loaded.
INFO - 2022-02-03 21:16:34 --> Controller "App\Controllers\base\Beranda" loaded.
INFO - 2022-02-03 21:16:41 --> Controller "App\Controllers\base\Beranda" loaded.
INFO - 2022-02-03 21:16:46 --> Controller "App\Controllers\base\Beranda" loaded.
INFO - 2022-02-03 21:16:51 --> Controller "App\Controllers\base\Beranda" loaded.
INFO - 2022-02-03 21:16:55 --> Controller "App\Controllers\base\Beranda" loaded.
INFO - 2022-02-03 21:17:00 --> Controller "App\Controllers\base\Beranda" loaded.
INFO - 2022-02-03 21:17:03 --> Controller "App\Controllers\base\Beranda" loaded.
INFO - 2022-02-03 21:17:10 --> Controller "App\Controllers\base\Beranda" loaded.
INFO - 2022-02-03 21:17:20 --> Controller "App\Controllers\base\Beranda" loaded.
INFO - 2022-02-03 21:17:25 --> Controller "App\Controllers\base\Beranda" loaded.
INFO - 2022-02-03 21:20:02 --> Controller "App\Controllers\base\Beranda" loaded.
INFO - 2022-02-03 21:25:48 --> Controller "App\Controllers\base\Beranda" loaded.
INFO - 2022-02-03 21:30:03 --> Controller "App\Controllers\base\Beranda" loaded.
INFO - 2022-02-03 21:40:03 --> Controller "App\Controllers\base\Beranda" loaded.
INFO - 2022-02-03 21:50:02 --> Controller "App\Controllers\base\Beranda" loaded.
INFO - 2022-02-03 21:56:54 --> Controller "App\Controllers\base\Beranda" loaded.
INFO - 2022-02-03 21:57:44 --> Controller "App\Controllers\base\Beranda" loaded.
INFO - 2022-02-03 21:57:59 --> Controller "App\Controllers\base\Beranda" loaded.
INFO - 2022-02-03 21:58:14 --> Controller "App\Controllers\base\Beranda" loaded.
INFO - 2022-02-03 21:58:27 --> Controller "App\Controllers\base\Beranda" loaded.
INFO - 2022-02-03 21:59:25 --> Controller "App\Controllers\base\Beranda" loaded.
INFO - 2022-02-03 21:59:31 --> Controller "App\Controllers\base\Beranda" loaded.
INFO - 2022-02-03 21:59:37 --> Controller "App\Controllers\base\Beranda" loaded.
INFO - 2022-02-03 22:00:02 --> Controller "App\Controllers\base\Beranda" loaded.
INFO - 2022-02-03 22:00:04 --> Controller "App\Controllers\base\Beranda" loaded.
INFO - 2022-02-03 22:00:15 --> Controller "App\Controllers\base\Beranda" loaded.
INFO - 2022-02-03 22:00:27 --> Controller "App\Controllers\base\Beranda" loaded.
INFO - 2022-02-03 22:00:46 --> Controller "App\Controllers\base\Beranda" loaded.
INFO - 2022-02-03 22:00:57 --> Controller "App\Controllers\base\Beranda" loaded.
INFO - 2022-02-03 22:01:04 --> Controller "App\Controllers\base\Beranda" loaded.
INFO - 2022-02-03 22:01:09 --> Controller "App\Controllers\base\Beranda" loaded.
INFO - 2022-02-03 22:06:06 --> Controller "App\Controllers\base\Beranda" loaded.
INFO - 2022-02-03 22:06:15 --> Controller "App\Controllers\base\Beranda" loaded.
INFO - 2022-02-03 22:10:02 --> Controller "App\Controllers\base\Beranda" loaded.
INFO - 2022-02-03 22:20:02 --> Controller "App\Controllers\base\Beranda" loaded.
INFO - 2022-02-03 22:30:03 --> Controller "App\Controllers\base\Beranda" loaded.
INFO - 2022-02-03 22:40:03 --> Controller "App\Controllers\base\Beranda" loaded.
INFO - 2022-02-03 22:40:04 --> Controller "App\Controllers\base\Beranda" loaded.
INFO - 2022-02-03 22:50:03 --> Controller "App\Controllers\base\Beranda" loaded.
INFO - 2022-02-03 23:03:39 --> Session: Class initialized using 'CodeIgniter\Session\Handlers\FileHandler' driver.
INFO - 2022-02-03 23:03:39 --> Controller "App\Controllers\base\Order" loaded.
INFO - 2022-02-03 23:47:11 --> Session: Class initialized using 'CodeIgniter\Session\Handlers\FileHandler' driver.
INFO - 2022-02-03 23:47:11 --> Controller "App\Controllers\base\Order" loaded.
INFO - 2022-02-03 23:47:32 --> Controller "App\Controllers\base\Beranda" loaded.
