INFO - 2021-11-21 00:50:26 --> Controller "App\Controllers\base\Beranda" loaded.
INFO - 2021-11-21 01:10:39 --> Session: Class initialized using 'CodeIgniter\Session\Handlers\FileHandler' driver.
INFO - 2021-11-21 01:10:39 --> Controller "App\Controllers\bukutamu\Bukutamu" loaded.
INFO - 2021-11-21 01:10:39 --> Session: Class initialized using 'CodeIgniter\Session\Handlers\FileHandler' driver.
INFO - 2021-11-21 01:10:39 --> Controller "App\Controllers\bukutamu\Bukutamu" loaded.
INFO - 2021-11-21 01:10:39 --> Session: Class initialized using 'CodeIgniter\Session\Handlers\FileHandler' driver.
INFO - 2021-11-21 01:10:39 --> Controller "App\Controllers\bukutamu\Bukutamu" loaded.
INFO - 2021-11-21 01:10:39 --> Session: Class initialized using 'CodeIgniter\Session\Handlers\FileHandler' driver.
INFO - 2021-11-21 01:10:39 --> Controller "App\Controllers\bukutamu\Bukutamu" loaded.
INFO - 2021-11-21 01:10:40 --> Session: Class initialized using 'CodeIgniter\Session\Handlers\FileHandler' driver.
INFO - 2021-11-21 01:10:40 --> Controller "App\Controllers\bukutamu\Bukutamu" loaded.
INFO - 2021-11-21 01:10:40 --> Session: Class initialized using 'CodeIgniter\Session\Handlers\FileHandler' driver.
INFO - 2021-11-21 01:10:40 --> Controller "App\Controllers\bukutamu\Bukutamu" loaded.
INFO - 2021-11-21 01:10:40 --> Session: Class initialized using 'CodeIgniter\Session\Handlers\FileHandler' driver.
INFO - 2021-11-21 01:10:40 --> Controller "App\Controllers\bukutamu\Bukutamu" loaded.
INFO - 2021-11-21 01:10:41 --> Session: Class initialized using 'CodeIgniter\Session\Handlers\FileHandler' driver.
INFO - 2021-11-21 01:10:41 --> Controller "App\Controllers\bukutamu\Bukutamu" loaded.
INFO - 2021-11-21 01:10:41 --> Session: Class initialized using 'CodeIgniter\Session\Handlers\FileHandler' driver.
INFO - 2021-11-21 01:10:41 --> Controller "App\Controllers\bukutamu\Bukutamu" loaded.
INFO - 2021-11-21 01:10:41 --> Session: Class initialized using 'CodeIgniter\Session\Handlers\FileHandler' driver.
INFO - 2021-11-21 01:10:41 --> Controller "App\Controllers\bukutamu\Bukutamu" loaded.
INFO - 2021-11-21 01:10:42 --> Session: Class initialized using 'CodeIgniter\Session\Handlers\FileHandler' driver.
INFO - 2021-11-21 01:10:42 --> Controller "App\Controllers\bukutamu\Bukutamu" loaded.
INFO - 2021-11-21 01:10:42 --> Session: Class initialized using 'CodeIgniter\Session\Handlers\FileHandler' driver.
INFO - 2021-11-21 01:10:42 --> Controller "App\Controllers\bukutamu\Bukutamu" loaded.
INFO - 2021-11-21 01:10:42 --> Session: Class initialized using 'CodeIgniter\Session\Handlers\FileHandler' driver.
INFO - 2021-11-21 01:10:42 --> Controller "App\Controllers\bukutamu\Bukutamu" loaded.
INFO - 2021-11-21 01:10:43 --> Session: Class initialized using 'CodeIgniter\Session\Handlers\FileHandler' driver.
INFO - 2021-11-21 01:10:43 --> Controller "App\Controllers\bukutamu\Bukutamu" loaded.
INFO - 2021-11-21 01:10:43 --> Session: Class initialized using 'CodeIgniter\Session\Handlers\FileHandler' driver.
INFO - 2021-11-21 01:10:43 --> Controller "App\Controllers\bukutamu\Bukutamu" loaded.
INFO - 2021-11-21 01:10:43 --> Session: Class initialized using 'CodeIgniter\Session\Handlers\FileHandler' driver.
INFO - 2021-11-21 01:10:43 --> Controller "App\Controllers\bukutamu\Bukutamu" loaded.
INFO - 2021-11-21 01:10:43 --> Session: Class initialized using 'CodeIgniter\Session\Handlers\FileHandler' driver.
INFO - 2021-11-21 01:10:43 --> Controller "App\Controllers\bukutamu\Bukutamu" loaded.
INFO - 2021-11-21 01:10:44 --> Session: Class initialized using 'CodeIgniter\Session\Handlers\FileHandler' driver.
INFO - 2021-11-21 01:10:44 --> Controller "App\Controllers\bukutamu\Bukutamu" loaded.
INFO - 2021-11-21 01:10:44 --> Session: Class initialized using 'CodeIgniter\Session\Handlers\FileHandler' driver.
INFO - 2021-11-21 01:10:44 --> Controller "App\Controllers\bukutamu\Bukutamu" loaded.
INFO - 2021-11-21 01:10:44 --> Session: Class initialized using 'CodeIgniter\Session\Handlers\FileHandler' driver.
INFO - 2021-11-21 01:10:44 --> Controller "App\Controllers\bukutamu\Bukutamu" loaded.
INFO - 2021-11-21 03:01:59 --> Session: Class initialized using 'CodeIgniter\Session\Handlers\FileHandler' driver.
INFO - 2021-11-21 03:01:59 --> Controller "App\Controllers\undangan\Undangan" loaded.
INFO - 2021-11-21 03:10:12 --> Controller "App\Controllers\base\Beranda" loaded.
INFO - 2021-11-21 03:48:17 --> Session: Class initialized using 'CodeIgniter\Session\Handlers\FileHandler' driver.
INFO - 2021-11-21 03:48:17 --> Controller "App\Controllers\undangan\Undangan" loaded.
INFO - 2021-11-21 04:13:32 --> Controller "App\Controllers\base\Beranda" loaded.
INFO - 2021-11-21 05:35:23 --> Controller "App\Controllers\base\Beranda" loaded.
INFO - 2021-11-21 06:11:35 --> Controller "App\Controllers\base\Beranda" loaded.
INFO - 2021-11-21 06:39:09 --> Session: Class initialized using 'CodeIgniter\Session\Handlers\FileHandler' driver.
INFO - 2021-11-21 06:39:09 --> Controller "App\Controllers\undangan\Undangan" loaded.
INFO - 2021-11-21 07:00:02 --> Controller "App\Controllers\base\Beranda" loaded.
INFO - 2021-11-21 07:00:07 --> Controller "App\Controllers\base\Beranda" loaded.
INFO - 2021-11-21 07:00:08 --> Controller "App\Controllers\base\Beranda" loaded.
INFO - 2021-11-21 07:00:10 --> Controller "App\Controllers\base\Beranda" loaded.
INFO - 2021-11-21 07:04:30 --> Controller "App\Controllers\base\Beranda" loaded.
INFO - 2021-11-21 07:10:03 --> Controller "App\Controllers\base\Beranda" loaded.
INFO - 2021-11-21 07:20:03 --> Controller "App\Controllers\base\Beranda" loaded.
INFO - 2021-11-21 07:30:02 --> Controller "App\Controllers\base\Beranda" loaded.
INFO - 2021-11-21 07:40:03 --> Controller "App\Controllers\base\Beranda" loaded.
INFO - 2021-11-21 07:50:03 --> Controller "App\Controllers\base\Beranda" loaded.
INFO - 2021-11-21 08:00:02 --> Controller "App\Controllers\base\Beranda" loaded.
INFO - 2021-11-21 08:10:03 --> Controller "App\Controllers\base\Beranda" loaded.
INFO - 2021-11-21 08:20:02 --> Controller "App\Controllers\base\Beranda" loaded.
INFO - 2021-11-21 08:30:02 --> Controller "App\Controllers\base\Beranda" loaded.
INFO - 2021-11-21 08:40:02 --> Controller "App\Controllers\base\Beranda" loaded.
INFO - 2021-11-21 08:47:14 --> Controller "App\Controllers\base\Beranda" loaded.
INFO - 2021-11-21 08:50:02 --> Controller "App\Controllers\base\Beranda" loaded.
INFO - 2021-11-21 08:57:14 --> Controller "App\Controllers\base\Beranda" loaded.
INFO - 2021-11-21 08:57:26 --> Controller "App\Controllers\base\Beranda" loaded.
INFO - 2021-11-21 08:57:47 --> Controller "App\Controllers\base\Beranda" loaded.
INFO - 2021-11-21 08:57:49 --> Controller "App\Controllers\base\Beranda" loaded.
INFO - 2021-11-21 08:58:28 --> Controller "App\Controllers\base\Beranda" loaded.
INFO - 2021-11-21 08:58:28 --> Controller "App\Controllers\base\Beranda" loaded.
INFO - 2021-11-21 08:58:28 --> Controller "App\Controllers\base\Beranda" loaded.
INFO - 2021-11-21 09:00:02 --> Controller "App\Controllers\base\Beranda" loaded.
INFO - 2021-11-21 09:08:02 --> Controller "App\Controllers\base\Beranda" loaded.
INFO - 2021-11-21 09:10:02 --> Controller "App\Controllers\base\Beranda" loaded.
INFO - 2021-11-21 09:20:03 --> Controller "App\Controllers\base\Beranda" loaded.
INFO - 2021-11-21 09:30:03 --> Controller "App\Controllers\base\Beranda" loaded.
INFO - 2021-11-21 09:40:03 --> Controller "App\Controllers\base\Beranda" loaded.
INFO - 2021-11-21 09:50:02 --> Controller "App\Controllers\base\Beranda" loaded.
INFO - 2021-11-21 10:00:02 --> Controller "App\Controllers\base\Beranda" loaded.
INFO - 2021-11-21 10:10:03 --> Controller "App\Controllers\base\Beranda" loaded.
INFO - 2021-11-21 10:20:03 --> Controller "App\Controllers\base\Beranda" loaded.
INFO - 2021-11-21 10:30:02 --> Controller "App\Controllers\base\Beranda" loaded.
INFO - 2021-11-21 10:40:02 --> Controller "App\Controllers\base\Beranda" loaded.
INFO - 2021-11-21 10:50:03 --> Controller "App\Controllers\base\Beranda" loaded.
INFO - 2021-11-21 11:00:02 --> Controller "App\Controllers\base\Beranda" loaded.
INFO - 2021-11-21 11:05:08 --> Controller "App\Controllers\base\Beranda" loaded.
INFO - 2021-11-21 11:10:02 --> Controller "App\Controllers\base\Beranda" loaded.
INFO - 2021-11-21 11:20:03 --> Controller "App\Controllers\base\Beranda" loaded.
INFO - 2021-11-21 11:30:02 --> Controller "App\Controllers\base\Beranda" loaded.
INFO - 2021-11-21 11:40:02 --> Controller "App\Controllers\base\Beranda" loaded.
INFO - 2021-11-21 11:42:19 --> Controller "App\Controllers\base\Beranda" loaded.
INFO - 2021-11-21 11:50:02 --> Controller "App\Controllers\base\Beranda" loaded.
INFO - 2021-11-21 12:00:02 --> Controller "App\Controllers\base\Beranda" loaded.
INFO - 2021-11-21 12:09:35 --> Controller "App\Controllers\base\Beranda" loaded.
INFO - 2021-11-21 12:10:02 --> Controller "App\Controllers\base\Beranda" loaded.
INFO - 2021-11-21 12:10:11 --> Controller "App\Controllers\base\Beranda" loaded.
INFO - 2021-11-21 12:10:45 --> Controller "App\Controllers\base\Beranda" loaded.
INFO - 2021-11-21 12:12:02 --> Session: Class initialized using 'CodeIgniter\Session\Handlers\FileHandler' driver.
INFO - 2021-11-21 12:12:02 --> Controller "App\Controllers\base\Order" loaded.
INFO - 2021-11-21 12:12:16 --> Controller "App\Controllers\base\Beranda" loaded.
INFO - 2021-11-21 12:12:26 --> Session: Class initialized using 'CodeIgniter\Session\Handlers\FileHandler' driver.
INFO - 2021-11-21 12:12:26 --> Controller "App\Controllers\base\Order" loaded.
INFO - 2021-11-21 12:12:33 --> Controller "App\Controllers\base\Beranda" loaded.
INFO - 2021-11-21 12:15:40 --> Controller "App\Controllers\base\Beranda" loaded.
INFO - 2021-11-21 12:20:02 --> Controller "App\Controllers\base\Beranda" loaded.
INFO - 2021-11-21 12:30:03 --> Controller "App\Controllers\base\Beranda" loaded.
INFO - 2021-11-21 12:40:03 --> Controller "App\Controllers\base\Beranda" loaded.
INFO - 2021-11-21 12:50:03 --> Controller "App\Controllers\base\Beranda" loaded.
INFO - 2021-11-21 13:00:02 --> Controller "App\Controllers\base\Beranda" loaded.
INFO - 2021-11-21 13:10:02 --> Controller "App\Controllers\base\Beranda" loaded.
INFO - 2021-11-21 13:20:02 --> Controller "App\Controllers\base\Beranda" loaded.
INFO - 2021-11-21 13:30:02 --> Controller "App\Controllers\base\Beranda" loaded.
INFO - 2021-11-21 13:40:03 --> Controller "App\Controllers\base\Beranda" loaded.
INFO - 2021-11-21 13:50:02 --> Controller "App\Controllers\base\Beranda" loaded.
INFO - 2021-11-21 14:00:03 --> Controller "App\Controllers\base\Beranda" loaded.
INFO - 2021-11-21 14:10:02 --> Controller "App\Controllers\base\Beranda" loaded.
INFO - 2021-11-21 14:20:02 --> Controller "App\Controllers\base\Beranda" loaded.
INFO - 2021-11-21 14:25:13 --> Controller "App\Controllers\base\Beranda" loaded.
INFO - 2021-11-21 14:30:02 --> Controller "App\Controllers\base\Beranda" loaded.
INFO - 2021-11-21 14:40:02 --> Controller "App\Controllers\base\Beranda" loaded.
INFO - 2021-11-21 14:50:02 --> Controller "App\Controllers\base\Beranda" loaded.
INFO - 2021-11-21 14:52:48 --> Controller "App\Controllers\base\Beranda" loaded.
INFO - 2021-11-21 15:00:02 --> Controller "App\Controllers\base\Beranda" loaded.
INFO - 2021-11-21 15:10:03 --> Controller "App\Controllers\base\Beranda" loaded.
INFO - 2021-11-21 15:13:43 --> Controller "App\Controllers\base\Beranda" loaded.
INFO - 2021-11-21 15:17:25 --> Controller "App\Controllers\base\Beranda" loaded.
INFO - 2021-11-21 15:17:36 --> Controller "App\Controllers\base\Beranda" loaded.
INFO - 2021-11-21 15:18:33 --> Controller "App\Controllers\base\Beranda" loaded.
INFO - 2021-11-21 15:18:44 --> Controller "App\Controllers\base\Beranda" loaded.
INFO - 2021-11-21 15:20:02 --> Controller "App\Controllers\base\Beranda" loaded.
INFO - 2021-11-21 15:30:03 --> Controller "App\Controllers\base\Beranda" loaded.
INFO - 2021-11-21 15:36:11 --> Controller "App\Controllers\base\Beranda" loaded.
INFO - 2021-11-21 15:36:35 --> Controller "App\Controllers\base\Beranda" loaded.
INFO - 2021-11-21 15:40:02 --> Controller "App\Controllers\base\Beranda" loaded.
INFO - 2021-11-21 15:50:02 --> Controller "App\Controllers\base\Beranda" loaded.
INFO - 2021-11-21 16:00:02 --> Controller "App\Controllers\base\Beranda" loaded.
INFO - 2021-11-21 16:04:46 --> Controller "App\Controllers\base\Beranda" loaded.
INFO - 2021-11-21 16:04:50 --> Session: Class initialized using 'CodeIgniter\Session\Handlers\FileHandler' driver.
INFO - 2021-11-21 16:04:50 --> Controller "App\Controllers\base\Dashboard" loaded.
INFO - 2021-11-21 16:10:03 --> Controller "App\Controllers\base\Beranda" loaded.
INFO - 2021-11-21 16:20:02 --> Controller "App\Controllers\base\Beranda" loaded.
INFO - 2021-11-21 16:30:03 --> Controller "App\Controllers\base\Beranda" loaded.
INFO - 2021-11-21 16:40:03 --> Controller "App\Controllers\base\Beranda" loaded.
INFO - 2021-11-21 16:45:56 --> Session: Class initialized using 'CodeIgniter\Session\Handlers\FileHandler' driver.
INFO - 2021-11-21 16:45:56 --> Controller "App\Controllers\admin\Admin" loaded.
INFO - 2021-11-21 16:45:56 --> Session: Class initialized using 'CodeIgniter\Session\Handlers\FileHandler' driver.
INFO - 2021-11-21 16:45:56 --> Controller "App\Controllers\admin\Admin" loaded.
INFO - 2021-11-21 16:50:03 --> Controller "App\Controllers\base\Beranda" loaded.
INFO - 2021-11-21 17:00:03 --> Controller "App\Controllers\base\Beranda" loaded.
INFO - 2021-11-21 17:10:02 --> Controller "App\Controllers\base\Beranda" loaded.
INFO - 2021-11-21 17:20:02 --> Controller "App\Controllers\base\Beranda" loaded.
INFO - 2021-11-21 17:28:11 --> Controller "App\Controllers\base\Beranda" loaded.
INFO - 2021-11-21 17:30:03 --> Controller "App\Controllers\base\Beranda" loaded.
INFO - 2021-11-21 17:36:16 --> Controller "App\Controllers\base\Beranda" loaded.
INFO - 2021-11-21 17:40:02 --> Controller "App\Controllers\base\Beranda" loaded.
INFO - 2021-11-21 17:43:34 --> Controller "App\Controllers\base\Beranda" loaded.
INFO - 2021-11-21 17:50:02 --> Controller "App\Controllers\base\Beranda" loaded.
INFO - 2021-11-21 18:00:03 --> Controller "App\Controllers\base\Beranda" loaded.
INFO - 2021-11-21 18:00:51 --> Controller "App\Controllers\base\Beranda" loaded.
INFO - 2021-11-21 18:06:08 --> Controller "App\Controllers\base\Beranda" loaded.
INFO - 2021-11-21 18:10:03 --> Controller "App\Controllers\base\Beranda" loaded.
INFO - 2021-11-21 18:20:03 --> Controller "App\Controllers\base\Beranda" loaded.
INFO - 2021-11-21 18:30:02 --> Controller "App\Controllers\base\Beranda" loaded.
INFO - 2021-11-21 18:40:02 --> Controller "App\Controllers\base\Beranda" loaded.
INFO - 2021-11-21 18:50:03 --> Controller "App\Controllers\base\Beranda" loaded.
INFO - 2021-11-21 19:00:03 --> Controller "App\Controllers\base\Beranda" loaded.
INFO - 2021-11-21 19:10:02 --> Controller "App\Controllers\base\Beranda" loaded.
INFO - 2021-11-21 19:20:02 --> Controller "App\Controllers\base\Beranda" loaded.
INFO - 2021-11-21 19:30:03 --> Controller "App\Controllers\base\Beranda" loaded.
INFO - 2021-11-21 19:40:02 --> Controller "App\Controllers\base\Beranda" loaded.
INFO - 2021-11-21 19:50:03 --> Controller "App\Controllers\base\Beranda" loaded.
INFO - 2021-11-21 20:00:03 --> Controller "App\Controllers\base\Beranda" loaded.
INFO - 2021-11-21 20:05:56 --> Session: Class initialized using 'CodeIgniter\Session\Handlers\FileHandler' driver.
INFO - 2021-11-21 20:05:56 --> Controller "App\Controllers\bukutamu\Bukutamu" loaded.
INFO - 2021-11-21 20:05:57 --> Session: Class initialized using 'CodeIgniter\Session\Handlers\FileHandler' driver.
INFO - 2021-11-21 20:05:57 --> Controller "App\Controllers\bukutamu\Bukutamu" loaded.
INFO - 2021-11-21 20:05:57 --> Session: Class initialized using 'CodeIgniter\Session\Handlers\FileHandler' driver.
INFO - 2021-11-21 20:05:57 --> Controller "App\Controllers\bukutamu\Bukutamu" loaded.
INFO - 2021-11-21 20:05:57 --> Session: Class initialized using 'CodeIgniter\Session\Handlers\FileHandler' driver.
INFO - 2021-11-21 20:05:57 --> Controller "App\Controllers\bukutamu\Bukutamu" loaded.
INFO - 2021-11-21 20:05:57 --> Session: Class initialized using 'CodeIgniter\Session\Handlers\FileHandler' driver.
INFO - 2021-11-21 20:05:57 --> Controller "App\Controllers\bukutamu\Bukutamu" loaded.
INFO - 2021-11-21 20:05:57 --> Session: Class initialized using 'CodeIgniter\Session\Handlers\FileHandler' driver.
INFO - 2021-11-21 20:05:57 --> Controller "App\Controllers\bukutamu\Bukutamu" loaded.
INFO - 2021-11-21 20:05:58 --> Session: Class initialized using 'CodeIgniter\Session\Handlers\FileHandler' driver.
INFO - 2021-11-21 20:05:58 --> Controller "App\Controllers\bukutamu\Bukutamu" loaded.
INFO - 2021-11-21 20:05:58 --> Session: Class initialized using 'CodeIgniter\Session\Handlers\FileHandler' driver.
INFO - 2021-11-21 20:05:58 --> Controller "App\Controllers\bukutamu\Bukutamu" loaded.
INFO - 2021-11-21 20:05:58 --> Session: Class initialized using 'CodeIgniter\Session\Handlers\FileHandler' driver.
INFO - 2021-11-21 20:05:58 --> Controller "App\Controllers\bukutamu\Bukutamu" loaded.
INFO - 2021-11-21 20:05:59 --> Session: Class initialized using 'CodeIgniter\Session\Handlers\FileHandler' driver.
INFO - 2021-11-21 20:05:59 --> Controller "App\Controllers\bukutamu\Bukutamu" loaded.
INFO - 2021-11-21 20:05:59 --> Session: Class initialized using 'CodeIgniter\Session\Handlers\FileHandler' driver.
INFO - 2021-11-21 20:05:59 --> Controller "App\Controllers\bukutamu\Bukutamu" loaded.
INFO - 2021-11-21 20:05:59 --> Session: Class initialized using 'CodeIgniter\Session\Handlers\FileHandler' driver.
INFO - 2021-11-21 20:05:59 --> Controller "App\Controllers\bukutamu\Bukutamu" loaded.
INFO - 2021-11-21 20:05:59 --> Session: Class initialized using 'CodeIgniter\Session\Handlers\FileHandler' driver.
INFO - 2021-11-21 20:05:59 --> Controller "App\Controllers\bukutamu\Bukutamu" loaded.
INFO - 2021-11-21 20:06:00 --> Session: Class initialized using 'CodeIgniter\Session\Handlers\FileHandler' driver.
INFO - 2021-11-21 20:06:00 --> Controller "App\Controllers\bukutamu\Bukutamu" loaded.
INFO - 2021-11-21 20:06:00 --> Session: Class initialized using 'CodeIgniter\Session\Handlers\FileHandler' driver.
INFO - 2021-11-21 20:06:00 --> Controller "App\Controllers\bukutamu\Bukutamu" loaded.
INFO - 2021-11-21 20:06:00 --> Session: Class initialized using 'CodeIgniter\Session\Handlers\FileHandler' driver.
INFO - 2021-11-21 20:06:00 --> Controller "App\Controllers\bukutamu\Bukutamu" loaded.
INFO - 2021-11-21 20:06:00 --> Session: Class initialized using 'CodeIgniter\Session\Handlers\FileHandler' driver.
INFO - 2021-11-21 20:06:00 --> Controller "App\Controllers\bukutamu\Bukutamu" loaded.
INFO - 2021-11-21 20:06:00 --> Session: Class initialized using 'CodeIgniter\Session\Handlers\FileHandler' driver.
INFO - 2021-11-21 20:06:00 --> Controller "App\Controllers\bukutamu\Bukutamu" loaded.
INFO - 2021-11-21 20:06:01 --> Session: Class initialized using 'CodeIgniter\Session\Handlers\FileHandler' driver.
INFO - 2021-11-21 20:06:01 --> Controller "App\Controllers\bukutamu\Bukutamu" loaded.
INFO - 2021-11-21 20:06:01 --> Session: Class initialized using 'CodeIgniter\Session\Handlers\FileHandler' driver.
INFO - 2021-11-21 20:06:01 --> Controller "App\Controllers\bukutamu\Bukutamu" loaded.
INFO - 2021-11-21 20:10:02 --> Controller "App\Controllers\base\Beranda" loaded.
INFO - 2021-11-21 20:20:03 --> Controller "App\Controllers\base\Beranda" loaded.
INFO - 2021-11-21 20:30:02 --> Controller "App\Controllers\base\Beranda" loaded.
INFO - 2021-11-21 20:33:53 --> Controller "App\Controllers\base\Beranda" loaded.
INFO - 2021-11-21 20:34:14 --> Session: Class initialized using 'CodeIgniter\Session\Handlers\FileHandler' driver.
INFO - 2021-11-21 20:34:14 --> Controller "App\Controllers\undangan\Undangan" loaded.
INFO - 2021-11-21 20:40:03 --> Controller "App\Controllers\base\Beranda" loaded.
INFO - 2021-11-21 20:50:03 --> Controller "App\Controllers\base\Beranda" loaded.
INFO - 2021-11-21 21:00:03 --> Controller "App\Controllers\base\Beranda" loaded.
INFO - 2021-11-21 21:10:02 --> Controller "App\Controllers\base\Beranda" loaded.
INFO - 2021-11-21 21:11:50 --> Session: Class initialized using 'CodeIgniter\Session\Handlers\FileHandler' driver.
INFO - 2021-11-21 21:11:50 --> Controller "App\Controllers\base\Order" loaded.
INFO - 2021-11-21 21:20:03 --> Controller "App\Controllers\base\Beranda" loaded.
INFO - 2021-11-21 21:30:02 --> Controller "App\Controllers\base\Beranda" loaded.
INFO - 2021-11-21 21:40:03 --> Controller "App\Controllers\base\Beranda" loaded.
INFO - 2021-11-21 21:50:02 --> Controller "App\Controllers\base\Beranda" loaded.
INFO - 2021-11-21 22:00:02 --> Controller "App\Controllers\base\Beranda" loaded.
INFO - 2021-11-21 22:10:02 --> Controller "App\Controllers\base\Beranda" loaded.
INFO - 2021-11-21 22:13:52 --> Controller "App\Controllers\base\Beranda" loaded.
INFO - 2021-11-21 22:20:03 --> Controller "App\Controllers\base\Beranda" loaded.
INFO - 2021-11-21 22:21:45 --> Controller "App\Controllers\base\Beranda" loaded.
INFO - 2021-11-21 22:30:03 --> Controller "App\Controllers\base\Beranda" loaded.
INFO - 2021-11-21 22:34:06 --> Controller "App\Controllers\base\Beranda" loaded.
INFO - 2021-11-21 22:34:15 --> Controller "App\Controllers\base\Beranda" loaded.
INFO - 2021-11-21 22:34:30 --> Controller "App\Controllers\base\Beranda" loaded.
INFO - 2021-11-21 22:34:47 --> Controller "App\Controllers\base\Beranda" loaded.
INFO - 2021-11-21 22:40:02 --> Controller "App\Controllers\base\Beranda" loaded.
INFO - 2021-11-21 22:50:02 --> Controller "App\Controllers\base\Beranda" loaded.
INFO - 2021-11-21 23:44:38 --> Controller "App\Controllers\base\Beranda" loaded.
INFO - 2021-11-21 23:44:39 --> Controller "App\Controllers\base\Beranda" loaded.
INFO - 2021-11-21 23:44:45 --> Session: Class initialized using 'CodeIgniter\Session\Handlers\FileHandler' driver.
INFO - 2021-11-21 23:44:45 --> Controller "App\Controllers\admin\Admin" loaded.
