INFO - 2021-04-16 00:16:32 --> Controller "App\Controllers\base\Beranda" loaded.
INFO - 2021-04-16 01:01:29 --> Controller "App\Controllers\base\Beranda" loaded.
INFO - 2021-04-16 01:01:29 --> Controller "App\Controllers\base\Beranda" loaded.
INFO - 2021-04-16 01:01:31 --> Controller "App\Controllers\base\Beranda" loaded.
INFO - 2021-04-16 01:10:34 --> Controller "App\Controllers\base\Beranda" loaded.
INFO - 2021-04-16 01:23:15 --> Controller "App\Controllers\base\Beranda" loaded.
INFO - 2021-04-16 01:23:28 --> Controller "App\Controllers\base\Beranda" loaded.
INFO - 2021-04-16 01:23:33 --> Controller "App\Controllers\base\Beranda" loaded.
INFO - 2021-04-16 01:23:39 --> Controller "App\Controllers\base\Beranda" loaded.
INFO - 2021-04-16 01:23:53 --> Controller "App\Controllers\base\Beranda" loaded.
INFO - 2021-04-16 01:23:53 --> Controller "App\Controllers\base\Beranda" loaded.
INFO - 2021-04-16 01:23:54 --> Controller "App\Controllers\base\Beranda" loaded.
INFO - 2021-04-16 01:23:54 --> Controller "App\Controllers\base\Beranda" loaded.
INFO - 2021-04-16 01:24:04 --> Controller "App\Controllers\base\Beranda" loaded.
INFO - 2021-04-16 01:24:19 --> Controller "App\Controllers\base\Beranda" loaded.
INFO - 2021-04-16 01:24:19 --> Controller "App\Controllers\base\Beranda" loaded.
INFO - 2021-04-16 01:24:20 --> Controller "App\Controllers\base\Beranda" loaded.
INFO - 2021-04-16 01:24:20 --> Controller "App\Controllers\base\Beranda" loaded.
INFO - 2021-04-16 01:24:30 --> Controller "App\Controllers\base\Beranda" loaded.
INFO - 2021-04-16 01:24:30 --> Controller "App\Controllers\base\Beranda" loaded.
INFO - 2021-04-16 01:24:31 --> Controller "App\Controllers\base\Beranda" loaded.
INFO - 2021-04-16 01:24:32 --> Controller "App\Controllers\base\Beranda" loaded.
INFO - 2021-04-16 01:24:32 --> Controller "App\Controllers\base\Beranda" loaded.
INFO - 2021-04-16 01:24:43 --> Controller "App\Controllers\base\Beranda" loaded.
INFO - 2021-04-16 01:24:52 --> Controller "App\Controllers\base\Beranda" loaded.
INFO - 2021-04-16 01:25:01 --> Controller "App\Controllers\base\Beranda" loaded.
INFO - 2021-04-16 01:25:07 --> Controller "App\Controllers\base\Beranda" loaded.
INFO - 2021-04-16 01:25:09 --> Controller "App\Controllers\base\Beranda" loaded.
INFO - 2021-04-16 01:26:17 --> Controller "App\Controllers\base\Beranda" loaded.
INFO - 2021-04-16 01:26:17 --> Controller "App\Controllers\base\Beranda" loaded.
INFO - 2021-04-16 01:26:17 --> Controller "App\Controllers\base\Beranda" loaded.
INFO - 2021-04-16 01:26:37 --> Controller "App\Controllers\base\Beranda" loaded.
INFO - 2021-04-16 01:26:37 --> Controller "App\Controllers\base\Beranda" loaded.
INFO - 2021-04-16 01:26:38 --> Controller "App\Controllers\base\Beranda" loaded.
INFO - 2021-04-16 01:27:08 --> Controller "App\Controllers\base\Beranda" loaded.
INFO - 2021-04-16 01:27:08 --> Controller "App\Controllers\base\Beranda" loaded.
INFO - 2021-04-16 01:27:10 --> Controller "App\Controllers\base\Beranda" loaded.
INFO - 2021-04-16 01:33:59 --> Controller "App\Controllers\base\Beranda" loaded.
INFO - 2021-04-16 01:34:01 --> Controller "App\Controllers\base\Beranda" loaded.
INFO - 2021-04-16 01:41:49 --> Controller "App\Controllers\base\Beranda" loaded.
INFO - 2021-04-16 01:41:49 --> Controller "App\Controllers\base\Beranda" loaded.
INFO - 2021-04-16 01:41:56 --> Controller "App\Controllers\base\Beranda" loaded.
INFO - 2021-04-16 01:42:10 --> Controller "App\Controllers\base\Beranda" loaded.
INFO - 2021-04-16 01:42:10 --> Controller "App\Controllers\base\Beranda" loaded.
INFO - 2021-04-16 01:42:14 --> Controller "App\Controllers\base\Beranda" loaded.
INFO - 2021-04-16 01:59:44 --> Controller "App\Controllers\base\Beranda" loaded.
INFO - 2021-04-16 02:01:10 --> Controller "App\Controllers\base\Beranda" loaded.
INFO - 2021-04-16 03:32:19 --> Controller "App\Controllers\base\Beranda" loaded.
INFO - 2021-04-16 03:43:38 --> Session: Class initialized using 'CodeIgniter\Session\Handlers\FileHandler' driver.
INFO - 2021-04-16 03:43:38 --> Controller "App\Controllers\undangan\Undangan" loaded.
INFO - 2021-04-16 03:44:48 --> Session: Class initialized using 'CodeIgniter\Session\Handlers\FileHandler' driver.
INFO - 2021-04-16 03:44:48 --> Controller "App\Controllers\undangan\Undangan" loaded.
INFO - 2021-04-16 03:45:10 --> Controller "App\Controllers\base\Beranda" loaded.
INFO - 2021-04-16 03:45:15 --> Session: Class initialized using 'CodeIgniter\Session\Handlers\FileHandler' driver.
INFO - 2021-04-16 03:45:15 --> Controller "App\Controllers\base\Order" loaded.
INFO - 2021-04-16 03:45:15 --> Controller "App\Controllers\base\Beranda" loaded.
INFO - 2021-04-16 03:45:36 --> Controller "App\Controllers\base\Beranda" loaded.
INFO - 2021-04-16 03:45:46 --> Controller "App\Controllers\base\Beranda" loaded.
INFO - 2021-04-16 03:45:49 --> Session: Class initialized using 'CodeIgniter\Session\Handlers\FileHandler' driver.
INFO - 2021-04-16 03:45:49 --> Controller "App\Controllers\base\Order" loaded.
INFO - 2021-04-16 03:46:34 --> Controller "App\Controllers\base\Beranda" loaded.
INFO - 2021-04-16 04:13:17 --> Controller "App\Controllers\base\Beranda" loaded.
INFO - 2021-04-16 04:13:17 --> Controller "App\Controllers\base\Beranda" loaded.
INFO - 2021-04-16 04:13:20 --> Controller "App\Controllers\base\Beranda" loaded.
INFO - 2021-04-16 04:15:15 --> Controller "App\Controllers\base\Beranda" loaded.
INFO - 2021-04-16 04:15:24 --> Controller "App\Controllers\base\Beranda" loaded.
INFO - 2021-04-16 04:15:24 --> Controller "App\Controllers\base\Beranda" loaded.
INFO - 2021-04-16 04:31:47 --> Controller "App\Controllers\base\Beranda" loaded.
INFO - 2021-04-16 04:31:48 --> Controller "App\Controllers\base\Beranda" loaded.
INFO - 2021-04-16 04:31:48 --> Controller "App\Controllers\base\Beranda" loaded.
INFO - 2021-04-16 04:31:52 --> Controller "App\Controllers\base\Beranda" loaded.
INFO - 2021-04-16 04:31:52 --> Controller "App\Controllers\base\Beranda" loaded.
INFO - 2021-04-16 04:31:53 --> Controller "App\Controllers\base\Beranda" loaded.
INFO - 2021-04-16 04:32:48 --> Controller "App\Controllers\base\Beranda" loaded.
INFO - 2021-04-16 04:33:00 --> Controller "App\Controllers\base\Beranda" loaded.
INFO - 2021-04-16 04:33:01 --> Controller "App\Controllers\base\Beranda" loaded.
INFO - 2021-04-16 04:33:48 --> Controller "App\Controllers\base\Beranda" loaded.
INFO - 2021-04-16 04:33:48 --> Controller "App\Controllers\base\Beranda" loaded.
INFO - 2021-04-16 04:33:49 --> Controller "App\Controllers\base\Beranda" loaded.
INFO - 2021-04-16 04:35:17 --> Controller "App\Controllers\base\Beranda" loaded.
INFO - 2021-04-16 04:35:26 --> Controller "App\Controllers\base\Beranda" loaded.
INFO - 2021-04-16 04:35:31 --> Controller "App\Controllers\base\Beranda" loaded.
INFO - 2021-04-16 04:35:48 --> Controller "App\Controllers\base\Beranda" loaded.
INFO - 2021-04-16 04:35:48 --> Controller "App\Controllers\base\Beranda" loaded.
INFO - 2021-04-16 04:35:49 --> Controller "App\Controllers\base\Beranda" loaded.
INFO - 2021-04-16 04:36:03 --> Controller "App\Controllers\base\Beranda" loaded.
INFO - 2021-04-16 04:36:03 --> Controller "App\Controllers\base\Beranda" loaded.
INFO - 2021-04-16 04:36:04 --> Controller "App\Controllers\base\Beranda" loaded.
INFO - 2021-04-16 04:38:22 --> Controller "App\Controllers\base\Beranda" loaded.
INFO - 2021-04-16 04:38:28 --> Controller "App\Controllers\base\Beranda" loaded.
INFO - 2021-04-16 04:39:10 --> Controller "App\Controllers\base\Beranda" loaded.
INFO - 2021-04-16 04:39:10 --> Controller "App\Controllers\base\Beranda" loaded.
INFO - 2021-04-16 04:39:11 --> Controller "App\Controllers\base\Beranda" loaded.
INFO - 2021-04-16 04:39:14 --> Controller "App\Controllers\base\Beranda" loaded.
INFO - 2021-04-16 04:39:14 --> Controller "App\Controllers\base\Beranda" loaded.
INFO - 2021-04-16 04:39:14 --> Controller "App\Controllers\base\Beranda" loaded.
INFO - 2021-04-16 04:39:15 --> Controller "App\Controllers\base\Beranda" loaded.
INFO - 2021-04-16 04:39:54 --> Session: Class initialized using 'CodeIgniter\Session\Handlers\FileHandler' driver.
INFO - 2021-04-16 04:39:54 --> Session: Class initialized using 'CodeIgniter\Session\Handlers\FileHandler' driver.
INFO - 2021-04-16 04:39:54 --> Controller "App\Controllers\admin\Admin" loaded.
INFO - 2021-04-16 04:43:28 --> Controller "App\Controllers\base\Beranda" loaded.
INFO - 2021-04-16 04:43:28 --> Controller "App\Controllers\base\Beranda" loaded.
INFO - 2021-04-16 04:43:28 --> Controller "App\Controllers\base\Beranda" loaded.
INFO - 2021-04-16 04:43:31 --> Controller "App\Controllers\base\Beranda" loaded.
INFO - 2021-04-16 04:51:54 --> Controller "App\Controllers\base\Beranda" loaded.
INFO - 2021-04-16 04:52:16 --> Controller "App\Controllers\base\Beranda" loaded.
INFO - 2021-04-16 04:52:53 --> Controller "App\Controllers\base\Beranda" loaded.
INFO - 2021-04-16 05:01:16 --> Controller "App\Controllers\base\Beranda" loaded.
INFO - 2021-04-16 05:06:40 --> Controller "App\Controllers\base\Beranda" loaded.
INFO - 2021-04-16 05:07:37 --> Controller "App\Controllers\base\Beranda" loaded.
INFO - 2021-04-16 06:31:03 --> Controller "App\Controllers\base\Beranda" loaded.
INFO - 2021-04-16 06:43:29 --> Controller "App\Controllers\base\Beranda" loaded.
INFO - 2021-04-16 06:46:08 --> Controller "App\Controllers\base\Beranda" loaded.
INFO - 2021-04-16 07:14:30 --> Session: Class initialized using 'CodeIgniter\Session\Handlers\FileHandler' driver.
INFO - 2021-04-16 07:14:30 --> Controller "App\Controllers\undangan\Undangan" loaded.
INFO - 2021-04-16 07:17:17 --> Controller "App\Controllers\base\Beranda" loaded.
INFO - 2021-04-16 07:17:49 --> Controller "App\Controllers\base\Beranda" loaded.
INFO - 2021-04-16 07:18:08 --> Controller "App\Controllers\base\Beranda" loaded.
INFO - 2021-04-16 07:40:37 --> Controller "App\Controllers\base\Beranda" loaded.
INFO - 2021-04-16 08:05:57 --> Controller "App\Controllers\base\Beranda" loaded.
INFO - 2021-04-16 08:23:51 --> Controller "App\Controllers\base\Beranda" loaded.
INFO - 2021-04-16 08:25:19 --> Controller "App\Controllers\base\Beranda" loaded.
INFO - 2021-04-16 08:51:50 --> Controller "App\Controllers\base\Beranda" loaded.
INFO - 2021-04-16 09:15:41 --> Controller "App\Controllers\base\Beranda" loaded.
INFO - 2021-04-16 09:15:42 --> Controller "App\Controllers\base\Beranda" loaded.
INFO - 2021-04-16 09:15:43 --> Controller "App\Controllers\base\Beranda" loaded.
INFO - 2021-04-16 09:15:44 --> Controller "App\Controllers\base\Beranda" loaded.
INFO - 2021-04-16 09:15:46 --> Controller "App\Controllers\base\Beranda" loaded.
INFO - 2021-04-16 09:15:47 --> Controller "App\Controllers\base\Beranda" loaded.
INFO - 2021-04-16 09:15:48 --> Controller "App\Controllers\base\Beranda" loaded.
INFO - 2021-04-16 09:15:49 --> Controller "App\Controllers\base\Beranda" loaded.
INFO - 2021-04-16 09:15:49 --> Controller "App\Controllers\base\Beranda" loaded.
INFO - 2021-04-16 09:25:24 --> Controller "App\Controllers\base\Beranda" loaded.
INFO - 2021-04-16 09:32:09 --> Controller "App\Controllers\base\Beranda" loaded.
INFO - 2021-04-16 09:32:10 --> Controller "App\Controllers\base\Beranda" loaded.
INFO - 2021-04-16 09:32:10 --> Controller "App\Controllers\base\Beranda" loaded.
INFO - 2021-04-16 09:32:10 --> Controller "App\Controllers\base\Beranda" loaded.
INFO - 2021-04-16 09:32:10 --> Controller "App\Controllers\base\Beranda" loaded.
INFO - 2021-04-16 09:32:10 --> Controller "App\Controllers\base\Beranda" loaded.
INFO - 2021-04-16 09:32:10 --> Controller "App\Controllers\base\Beranda" loaded.
INFO - 2021-04-16 09:32:10 --> Controller "App\Controllers\base\Beranda" loaded.
INFO - 2021-04-16 09:32:10 --> Controller "App\Controllers\base\Beranda" loaded.
INFO - 2021-04-16 09:32:10 --> Controller "App\Controllers\base\Beranda" loaded.
INFO - 2021-04-16 09:42:35 --> Controller "App\Controllers\base\Beranda" loaded.
INFO - 2021-04-16 09:42:49 --> Controller "App\Controllers\base\Beranda" loaded.
INFO - 2021-04-16 09:44:31 --> Controller "App\Controllers\base\Beranda" loaded.
INFO - 2021-04-16 10:34:16 --> Controller "App\Controllers\base\Beranda" loaded.
INFO - 2021-04-16 10:38:06 --> Controller "App\Controllers\base\Beranda" loaded.
INFO - 2021-04-16 11:19:47 --> Controller "App\Controllers\base\Beranda" loaded.
INFO - 2021-04-16 11:38:13 --> Controller "App\Controllers\base\Beranda" loaded.
INFO - 2021-04-16 11:38:16 --> Controller "App\Controllers\base\Beranda" loaded.
INFO - 2021-04-16 11:38:16 --> Controller "App\Controllers\base\Beranda" loaded.
INFO - 2021-04-16 11:38:17 --> Controller "App\Controllers\base\Beranda" loaded.
INFO - 2021-04-16 11:38:20 --> Controller "App\Controllers\base\Beranda" loaded.
INFO - 2021-04-16 11:38:21 --> Controller "App\Controllers\base\Beranda" loaded.
INFO - 2021-04-16 11:38:22 --> Controller "App\Controllers\base\Beranda" loaded.
INFO - 2021-04-16 11:38:29 --> Controller "App\Controllers\base\Beranda" loaded.
INFO - 2021-04-16 11:38:37 --> Controller "App\Controllers\base\Beranda" loaded.
INFO - 2021-04-16 12:38:24 --> Session: Class initialized using 'CodeIgniter\Session\Handlers\FileHandler' driver.
INFO - 2021-04-16 12:38:24 --> Session: Class initialized using 'CodeIgniter\Session\Handlers\FileHandler' driver.
INFO - 2021-04-16 12:38:24 --> Controller "App\Controllers\undangan\Undangan" loaded.
INFO - 2021-04-16 12:38:24 --> Controller "App\Controllers\undangan\Undangan" loaded.
INFO - 2021-04-16 12:40:36 --> Controller "App\Controllers\base\Beranda" loaded.
INFO - 2021-04-16 12:40:57 --> Session: Class initialized using 'CodeIgniter\Session\Handlers\FileHandler' driver.
INFO - 2021-04-16 12:40:57 --> Controller "App\Controllers\base\Order" loaded.
INFO - 2021-04-16 12:40:57 --> Controller "App\Controllers\base\Beranda" loaded.
INFO - 2021-04-16 12:41:03 --> Controller "App\Controllers\base\Beranda" loaded.
INFO - 2021-04-16 12:44:08 --> Session: Class initialized using 'CodeIgniter\Session\Handlers\FileHandler' driver.
INFO - 2021-04-16 12:44:08 --> Controller "App\Controllers\undangan\Undangan" loaded.
INFO - 2021-04-16 12:44:16 --> Session: Class initialized using 'CodeIgniter\Session\Handlers\FileHandler' driver.
INFO - 2021-04-16 12:44:16 --> Controller "App\Controllers\undangan\Undangan" loaded.
INFO - 2021-04-16 13:01:48 --> Controller "App\Controllers\base\Beranda" loaded.
INFO - 2021-04-16 13:01:52 --> Session: Class initialized using 'CodeIgniter\Session\Handlers\FileHandler' driver.
INFO - 2021-04-16 13:01:52 --> Controller "App\Controllers\base\Order" loaded.
INFO - 2021-04-16 13:02:06 --> Controller "App\Controllers\base\Beranda" loaded.
INFO - 2021-04-16 13:02:07 --> Controller "App\Controllers\base\Beranda" loaded.
INFO - 2021-04-16 13:46:14 --> Controller "App\Controllers\base\Beranda" loaded.
INFO - 2021-04-16 13:46:14 --> Controller "App\Controllers\base\Beranda" loaded.
INFO - 2021-04-16 13:46:15 --> Controller "App\Controllers\base\Beranda" loaded.
INFO - 2021-04-16 13:46:15 --> Controller "App\Controllers\base\Beranda" loaded.
INFO - 2021-04-16 13:46:15 --> Controller "App\Controllers\base\Beranda" loaded.
INFO - 2021-04-16 13:46:15 --> Controller "App\Controllers\base\Beranda" loaded.
INFO - 2021-04-16 13:46:16 --> Controller "App\Controllers\base\Beranda" loaded.
INFO - 2021-04-16 13:46:16 --> Controller "App\Controllers\base\Beranda" loaded.
INFO - 2021-04-16 13:46:16 --> Controller "App\Controllers\base\Beranda" loaded.
INFO - 2021-04-16 13:46:16 --> Controller "App\Controllers\base\Beranda" loaded.
INFO - 2021-04-16 15:00:53 --> Controller "App\Controllers\base\Beranda" loaded.
INFO - 2021-04-16 15:00:53 --> Controller "App\Controllers\base\Beranda" loaded.
INFO - 2021-04-16 15:08:07 --> Controller "App\Controllers\base\Beranda" loaded.
INFO - 2021-04-16 16:50:31 --> Session: Class initialized using 'CodeIgniter\Session\Handlers\FileHandler' driver.
INFO - 2021-04-16 16:50:31 --> Controller "App\Controllers\undangan\Undangan" loaded.
INFO - 2021-04-16 17:01:30 --> Controller "App\Controllers\base\Beranda" loaded.
INFO - 2021-04-16 17:08:23 --> Controller "App\Controllers\base\Beranda" loaded.
INFO - 2021-04-16 17:12:14 --> Controller "App\Controllers\base\Beranda" loaded.
INFO - 2021-04-16 17:12:31 --> Controller "App\Controllers\base\Beranda" loaded.
INFO - 2021-04-16 17:12:54 --> Controller "App\Controllers\base\Beranda" loaded.
INFO - 2021-04-16 17:34:24 --> Controller "App\Controllers\base\Beranda" loaded.
INFO - 2021-04-16 17:42:33 --> Session: Class initialized using 'CodeIgniter\Session\Handlers\FileHandler' driver.
INFO - 2021-04-16 17:42:33 --> Controller "App\Controllers\undangan\Undangan" loaded.
INFO - 2021-04-16 17:42:39 --> Controller "App\Controllers\base\Beranda" loaded.
INFO - 2021-04-16 17:42:42 --> Session: Class initialized using 'CodeIgniter\Session\Handlers\FileHandler' driver.
INFO - 2021-04-16 17:42:42 --> Controller "App\Controllers\undangan\Undangan" loaded.
INFO - 2021-04-16 17:42:55 --> Controller "App\Controllers\base\Beranda" loaded.
INFO - 2021-04-16 18:42:54 --> Controller "App\Controllers\base\Beranda" loaded.
INFO - 2021-04-16 19:00:02 --> Controller "App\Controllers\base\Beranda" loaded.
INFO - 2021-04-16 19:25:57 --> Controller "App\Controllers\base\Beranda" loaded.
INFO - 2021-04-16 19:53:39 --> Session: Class initialized using 'CodeIgniter\Session\Handlers\FileHandler' driver.
INFO - 2021-04-16 19:53:39 --> Controller "App\Controllers\undangan\Undangan" loaded.
INFO - 2021-04-16 19:54:45 --> Session: Class initialized using 'CodeIgniter\Session\Handlers\FileHandler' driver.
INFO - 2021-04-16 19:54:45 --> Controller "App\Controllers\undangan\Undangan" loaded.
INFO - 2021-04-16 19:55:23 --> Controller "App\Controllers\base\Beranda" loaded.
INFO - 2021-04-16 19:55:46 --> Session: Class initialized using 'CodeIgniter\Session\Handlers\FileHandler' driver.
INFO - 2021-04-16 19:55:46 --> Controller "App\Controllers\base\Order" loaded.
INFO - 2021-04-16 19:56:15 --> Session: Class initialized using 'CodeIgniter\Session\Handlers\FileHandler' driver.
INFO - 2021-04-16 19:56:15 --> Controller "App\Controllers\base\Order" loaded.
INFO - 2021-04-16 19:58:48 --> Controller "App\Controllers\base\Beranda" loaded.
INFO - 2021-04-16 19:58:49 --> Controller "App\Controllers\base\Beranda" loaded.
INFO - 2021-04-16 19:58:49 --> Controller "App\Controllers\base\Beranda" loaded.
INFO - 2021-04-16 19:58:49 --> Controller "App\Controllers\base\Beranda" loaded.
INFO - 2021-04-16 19:58:52 --> Controller "App\Controllers\base\Beranda" loaded.
INFO - 2021-04-16 19:58:52 --> Controller "App\Controllers\base\Beranda" loaded.
INFO - 2021-04-16 19:58:53 --> Controller "App\Controllers\base\Beranda" loaded.
INFO - 2021-04-16 19:58:53 --> Controller "App\Controllers\base\Beranda" loaded.
INFO - 2021-04-16 19:58:53 --> Controller "App\Controllers\base\Beranda" loaded.
INFO - 2021-04-16 20:10:59 --> Controller "App\Controllers\base\Beranda" loaded.
INFO - 2021-04-16 20:12:36 --> Controller "App\Controllers\base\Beranda" loaded.
INFO - 2021-04-16 21:26:56 --> Controller "App\Controllers\base\Beranda" loaded.
INFO - 2021-04-16 22:01:35 --> Session: Class initialized using 'CodeIgniter\Session\Handlers\FileHandler' driver.
INFO - 2021-04-16 22:01:35 --> Controller "App\Controllers\undangan\Undangan" loaded.
INFO - 2021-04-16 22:57:45 --> Controller "App\Controllers\base\Beranda" loaded.
INFO - 2021-04-16 22:58:28 --> Controller "App\Controllers\base\Beranda" loaded.
INFO - 2021-04-16 23:00:41 --> Controller "App\Controllers\base\Beranda" loaded.
INFO - 2021-04-16 23:52:08 --> Controller "App\Controllers\base\Beranda" loaded.
INFO - 2021-04-16 23:52:18 --> Controller "App\Controllers\base\Beranda" loaded.
INFO - 2021-04-16 23:58:45 --> Controller "App\Controllers\base\Beranda" loaded.
INFO - 2021-04-16 23:59:24 --> Session: Class initialized using 'CodeIgniter\Session\Handlers\FileHandler' driver.
INFO - 2021-04-16 23:59:24 --> Controller "App\Controllers\base\Order" loaded.
INFO - 2021-04-16 23:59:24 --> Controller "App\Controllers\base\Beranda" loaded.
INFO - 2021-04-16 23:59:31 --> Controller "App\Controllers\base\Beranda" loaded.
