INFO - 2021-07-26 00:55:48 --> Controller "App\Controllers\base\Beranda" loaded.
INFO - 2021-07-26 00:58:21 --> Controller "App\Controllers\base\Beranda" loaded.
INFO - 2021-07-26 01:14:47 --> Controller "App\Controllers\base\Beranda" loaded.
INFO - 2021-07-26 03:24:49 --> Session: Class initialized using 'CodeIgniter\Session\Handlers\FileHandler' driver.
INFO - 2021-07-26 03:24:49 --> Controller "App\Controllers\bukutamu\Bukutamu" loaded.
INFO - 2021-07-26 05:32:57 --> Controller "App\Controllers\base\Beranda" loaded.
INFO - 2021-07-26 05:33:01 --> Controller "App\Controllers\base\Beranda" loaded.
INFO - 2021-07-26 05:33:04 --> Session: Class initialized using 'CodeIgniter\Session\Handlers\FileHandler' driver.
INFO - 2021-07-26 05:33:04 --> Controller "App\Controllers\undangan\Undangan" loaded.
INFO - 2021-07-26 05:33:04 --> Session: Class initialized using 'CodeIgniter\Session\Handlers\FileHandler' driver.
INFO - 2021-07-26 05:33:04 --> Controller "App\Controllers\undangan\Undangan" loaded.
INFO - 2021-07-26 05:33:04 --> Session: Class initialized using 'CodeIgniter\Session\Handlers\FileHandler' driver.
INFO - 2021-07-26 05:33:04 --> Controller "App\Controllers\bukutamu\Bukutamu" loaded.
INFO - 2021-07-26 05:33:04 --> Session: Class initialized using 'CodeIgniter\Session\Handlers\FileHandler' driver.
INFO - 2021-07-26 05:33:04 --> Controller "App\Controllers\undangan\Undangan" loaded.
INFO - 2021-07-26 05:33:04 --> Controller "App\Controllers\base\Beranda" loaded.
INFO - 2021-07-26 05:33:04 --> Controller "App\Controllers\base\Beranda" loaded.
INFO - 2021-07-26 05:33:04 --> Session: Class initialized using 'CodeIgniter\Session\Handlers\FileHandler' driver.
INFO - 2021-07-26 05:33:04 --> Controller "App\Controllers\bukutamu\Bukutamu" loaded.
INFO - 2021-07-26 05:33:04 --> Session: Class initialized using 'CodeIgniter\Session\Handlers\FileHandler' driver.
INFO - 2021-07-26 05:33:04 --> Controller "App\Controllers\bukutamu\Bukutamu" loaded.
INFO - 2021-07-26 05:33:04 --> Session: Class initialized using 'CodeIgniter\Session\Handlers\FileHandler' driver.
INFO - 2021-07-26 05:33:04 --> Controller "App\Controllers\bukutamu\Bukutamu" loaded.
INFO - 2021-07-26 05:33:06 --> Session: Class initialized using 'CodeIgniter\Session\Handlers\FileHandler' driver.
INFO - 2021-07-26 05:33:06 --> Controller "App\Controllers\undangan\Undangan" loaded.
INFO - 2021-07-26 06:09:03 --> Controller "App\Controllers\base\Beranda" loaded.
INFO - 2021-07-26 06:20:54 --> Controller "App\Controllers\base\Beranda" loaded.
INFO - 2021-07-26 06:47:20 --> Controller "App\Controllers\base\Beranda" loaded.
INFO - 2021-07-26 07:00:02 --> Controller "App\Controllers\base\Beranda" loaded.
INFO - 2021-07-26 07:13:02 --> Controller "App\Controllers\base\Beranda" loaded.
INFO - 2021-07-26 07:13:52 --> Session: Class initialized using 'CodeIgniter\Session\Handlers\FileHandler' driver.
INFO - 2021-07-26 07:13:52 --> Controller "App\Controllers\base\Order" loaded.
INFO - 2021-07-26 07:13:52 --> Controller "App\Controllers\base\Beranda" loaded.
INFO - 2021-07-26 07:14:13 --> Session: Class initialized using 'CodeIgniter\Session\Handlers\FileHandler' driver.
INFO - 2021-07-26 07:14:13 --> Controller "App\Controllers\undangan\Undangan" loaded.
INFO - 2021-07-26 07:14:48 --> Session: Class initialized using 'CodeIgniter\Session\Handlers\FileHandler' driver.
INFO - 2021-07-26 07:14:48 --> Controller "App\Controllers\base\Order" loaded.
INFO - 2021-07-26 07:59:56 --> Session: Class initialized using 'CodeIgniter\Session\Handlers\FileHandler' driver.
INFO - 2021-07-26 07:59:56 --> Controller "App\Controllers\base\Order" loaded.
INFO - 2021-07-26 08:20:26 --> Controller "App\Controllers\base\Beranda" loaded.
INFO - 2021-07-26 08:21:38 --> Session: Class initialized using 'CodeIgniter\Session\Handlers\FileHandler' driver.
INFO - 2021-07-26 08:21:38 --> Controller "App\Controllers\bukutamu\Bukutamu" loaded.
INFO - 2021-07-26 08:21:38 --> Controller "App\Controllers\base\Beranda" loaded.
INFO - 2021-07-26 08:21:38 --> Controller "App\Controllers\base\Beranda" loaded.
INFO - 2021-07-26 08:21:38 --> Controller "App\Controllers\base\Beranda" loaded.
INFO - 2021-07-26 08:21:39 --> Controller "App\Controllers\base\Beranda" loaded.
INFO - 2021-07-26 08:21:40 --> Session: Class initialized using 'CodeIgniter\Session\Handlers\FileHandler' driver.
INFO - 2021-07-26 08:21:40 --> Controller "App\Controllers\bukutamu\Bukutamu" loaded.
INFO - 2021-07-26 08:21:40 --> Session: Class initialized using 'CodeIgniter\Session\Handlers\FileHandler' driver.
INFO - 2021-07-26 08:21:40 --> Controller "App\Controllers\bukutamu\Bukutamu" loaded.
INFO - 2021-07-26 08:21:40 --> Controller "App\Controllers\base\Beranda" loaded.
INFO - 2021-07-26 08:21:40 --> Session: Class initialized using 'CodeIgniter\Session\Handlers\FileHandler' driver.
INFO - 2021-07-26 08:21:40 --> Controller "App\Controllers\undangan\Undangan" loaded.
INFO - 2021-07-26 08:21:40 --> Session: Class initialized using 'CodeIgniter\Session\Handlers\FileHandler' driver.
INFO - 2021-07-26 08:21:40 --> Controller "App\Controllers\undangan\Undangan" loaded.
INFO - 2021-07-26 08:21:40 --> Session: Class initialized using 'CodeIgniter\Session\Handlers\FileHandler' driver.
INFO - 2021-07-26 08:21:40 --> Controller "App\Controllers\bukutamu\Bukutamu" loaded.
INFO - 2021-07-26 08:21:41 --> Session: Class initialized using 'CodeIgniter\Session\Handlers\FileHandler' driver.
INFO - 2021-07-26 08:21:41 --> Controller "App\Controllers\undangan\Undangan" loaded.
INFO - 2021-07-26 08:21:42 --> Session: Class initialized using 'CodeIgniter\Session\Handlers\FileHandler' driver.
INFO - 2021-07-26 08:21:42 --> Controller "App\Controllers\undangan\Undangan" loaded.
INFO - 2021-07-26 08:21:43 --> Session: Class initialized using 'CodeIgniter\Session\Handlers\FileHandler' driver.
INFO - 2021-07-26 08:21:43 --> Controller "App\Controllers\undangan\Undangan" loaded.
INFO - 2021-07-26 08:23:41 --> Session: Class initialized using 'CodeIgniter\Session\Handlers\FileHandler' driver.
INFO - 2021-07-26 08:23:41 --> Controller "App\Controllers\bukutamu\Bukutamu" loaded.
INFO - 2021-07-26 08:24:28 --> Controller "App\Controllers\base\Beranda" loaded.
INFO - 2021-07-26 08:26:35 --> Session: Class initialized using 'CodeIgniter\Session\Handlers\FileHandler' driver.
INFO - 2021-07-26 08:26:35 --> Controller "App\Controllers\bukutamu\Bukutamu" loaded.
INFO - 2021-07-26 08:30:22 --> Controller "App\Controllers\base\Beranda" loaded.
INFO - 2021-07-26 08:33:17 --> Controller "App\Controllers\base\Beranda" loaded.
INFO - 2021-07-26 09:13:54 --> Controller "App\Controllers\base\Beranda" loaded.
INFO - 2021-07-26 10:19:32 --> Controller "App\Controllers\base\Beranda" loaded.
INFO - 2021-07-26 10:23:18 --> Controller "App\Controllers\base\Beranda" loaded.
INFO - 2021-07-26 10:40:19 --> Controller "App\Controllers\base\Beranda" loaded.
INFO - 2021-07-26 10:40:21 --> Session: Class initialized using 'CodeIgniter\Session\Handlers\FileHandler' driver.
INFO - 2021-07-26 10:40:21 --> Controller "App\Controllers\bukutamu\Bukutamu" loaded.
INFO - 2021-07-26 10:40:21 --> Session: Class initialized using 'CodeIgniter\Session\Handlers\FileHandler' driver.
INFO - 2021-07-26 10:40:21 --> Controller "App\Controllers\undangan\Undangan" loaded.
INFO - 2021-07-26 10:50:27 --> Controller "App\Controllers\base\Beranda" loaded.
INFO - 2021-07-26 10:50:39 --> Controller "App\Controllers\base\Beranda" loaded.
INFO - 2021-07-26 10:57:23 --> Controller "App\Controllers\base\Beranda" loaded.
INFO - 2021-07-26 11:06:05 --> Session: Class initialized using 'CodeIgniter\Session\Handlers\FileHandler' driver.
INFO - 2021-07-26 11:06:05 --> Controller "App\Controllers\base\Order" loaded.
INFO - 2021-07-26 11:39:50 --> Session: Class initialized using 'CodeIgniter\Session\Handlers\FileHandler' driver.
INFO - 2021-07-26 11:39:50 --> Controller "App\Controllers\undangan\Undangan" loaded.
INFO - 2021-07-26 12:01:11 --> Controller "App\Controllers\base\Beranda" loaded.
INFO - 2021-07-26 12:04:46 --> Session: Class initialized using 'CodeIgniter\Session\Handlers\FileHandler' driver.
INFO - 2021-07-26 12:04:46 --> Controller "App\Controllers\undangan\Undangan" loaded.
INFO - 2021-07-26 12:40:36 --> Controller "App\Controllers\base\Beranda" loaded.
INFO - 2021-07-26 13:16:19 --> Controller "App\Controllers\base\Beranda" loaded.
INFO - 2021-07-26 13:16:27 --> Controller "App\Controllers\base\Beranda" loaded.
INFO - 2021-07-26 13:16:27 --> Controller "App\Controllers\base\Beranda" loaded.
INFO - 2021-07-26 13:16:28 --> Controller "App\Controllers\base\Beranda" loaded.
INFO - 2021-07-26 13:16:37 --> Session: Class initialized using 'CodeIgniter\Session\Handlers\FileHandler' driver.
INFO - 2021-07-26 13:16:37 --> Controller "App\Controllers\undangan\Undangan" loaded.
INFO - 2021-07-26 13:17:04 --> Session: Class initialized using 'CodeIgniter\Session\Handlers\FileHandler' driver.
INFO - 2021-07-26 13:17:04 --> Controller "App\Controllers\undangan\Undangan" loaded.
INFO - 2021-07-26 13:21:20 --> Controller "App\Controllers\base\Beranda" loaded.
INFO - 2021-07-26 13:28:30 --> Session: Class initialized using 'CodeIgniter\Session\Handlers\FileHandler' driver.
INFO - 2021-07-26 13:28:30 --> Controller "App\Controllers\bukutamu\Bukutamu" loaded.
INFO - 2021-07-26 13:28:30 --> Session: Class initialized using 'CodeIgniter\Session\Handlers\FileHandler' driver.
INFO - 2021-07-26 13:28:30 --> Controller "App\Controllers\undangan\Undangan" loaded.
INFO - 2021-07-26 14:22:20 --> Controller "App\Controllers\base\Beranda" loaded.
INFO - 2021-07-26 15:25:50 --> Controller "App\Controllers\base\Beranda" loaded.
INFO - 2021-07-26 15:54:14 --> Controller "App\Controllers\base\Beranda" loaded.
INFO - 2021-07-26 17:09:27 --> Controller "App\Controllers\base\Beranda" loaded.
INFO - 2021-07-26 17:09:28 --> Controller "App\Controllers\base\Beranda" loaded.
INFO - 2021-07-26 17:20:48 --> Controller "App\Controllers\base\Beranda" loaded.
INFO - 2021-07-26 17:50:33 --> Controller "App\Controllers\base\Beranda" loaded.
INFO - 2021-07-26 17:50:35 --> Controller "App\Controllers\base\Beranda" loaded.
INFO - 2021-07-26 17:59:29 --> Controller "App\Controllers\base\Beranda" loaded.
INFO - 2021-07-26 18:18:29 --> Session: Class initialized using 'CodeIgniter\Session\Handlers\FileHandler' driver.
INFO - 2021-07-26 18:18:29 --> Controller "App\Controllers\base\Order" loaded.
INFO - 2021-07-26 18:54:17 --> Session: Class initialized using 'CodeIgniter\Session\Handlers\FileHandler' driver.
INFO - 2021-07-26 18:54:17 --> Controller "App\Controllers\base\Order" loaded.
INFO - 2021-07-26 19:15:25 --> Session: Class initialized using 'CodeIgniter\Session\Handlers\FileHandler' driver.
INFO - 2021-07-26 19:15:25 --> Controller "App\Controllers\undangan\Undangan" loaded.
INFO - 2021-07-26 20:02:42 --> Session: Class initialized using 'CodeIgniter\Session\Handlers\FileHandler' driver.
INFO - 2021-07-26 20:02:42 --> Controller "App\Controllers\bukutamu\Bukutamu" loaded.
INFO - 2021-07-26 20:08:09 --> Controller "App\Controllers\base\Beranda" loaded.
INFO - 2021-07-26 20:08:28 --> Session: Class initialized using 'CodeIgniter\Session\Handlers\FileHandler' driver.
INFO - 2021-07-26 20:08:28 --> Controller "App\Controllers\base\Order" loaded.
INFO - 2021-07-26 20:08:28 --> Controller "App\Controllers\base\Beranda" loaded.
INFO - 2021-07-26 20:08:33 --> Controller "App\Controllers\base\Beranda" loaded.
INFO - 2021-07-26 20:09:02 --> Controller "App\Controllers\base\Beranda" loaded.
INFO - 2021-07-26 20:09:12 --> Controller "App\Controllers\base\Beranda" loaded.
INFO - 2021-07-26 20:09:43 --> Controller "App\Controllers\base\Beranda" loaded.
INFO - 2021-07-26 20:09:43 --> Controller "App\Controllers\base\Beranda" loaded.
INFO - 2021-07-26 20:09:43 --> Controller "App\Controllers\base\Beranda" loaded.
INFO - 2021-07-26 20:09:55 --> Controller "App\Controllers\base\Beranda" loaded.
INFO - 2021-07-26 20:10:07 --> Controller "App\Controllers\base\Beranda" loaded.
INFO - 2021-07-26 20:14:58 --> Controller "App\Controllers\base\Beranda" loaded.
INFO - 2021-07-26 20:54:01 --> Controller "App\Controllers\base\Beranda" loaded.
INFO - 2021-07-26 21:10:47 --> Controller "App\Controllers\base\Beranda" loaded.
INFO - 2021-07-26 21:40:01 --> Controller "App\Controllers\base\Beranda" loaded.
INFO - 2021-07-26 22:15:17 --> Controller "App\Controllers\base\Beranda" loaded.
INFO - 2021-07-26 22:20:05 --> Controller "App\Controllers\base\Beranda" loaded.
INFO - 2021-07-26 22:23:59 --> Controller "App\Controllers\base\Beranda" loaded.
INFO - 2021-07-26 22:41:43 --> Controller "App\Controllers\base\Beranda" loaded.
INFO - 2021-07-26 23:00:07 --> Controller "App\Controllers\base\Beranda" loaded.
