INFO - 2021-11-29 00:16:28 --> Controller "App\Controllers\base\Beranda" loaded.
INFO - 2021-11-29 00:50:51 --> Controller "App\Controllers\base\Beranda" loaded.
INFO - 2021-11-29 01:06:55 --> Controller "App\Controllers\base\Beranda" loaded.
INFO - 2021-11-29 01:06:56 --> Controller "App\Controllers\base\Beranda" loaded.
INFO - 2021-11-29 01:06:56 --> Controller "App\Controllers\base\Beranda" loaded.
INFO - 2021-11-29 01:06:57 --> Controller "App\Controllers\base\Beranda" loaded.
INFO - 2021-11-29 01:06:57 --> Controller "App\Controllers\base\Beranda" loaded.
INFO - 2021-11-29 01:06:57 --> Controller "App\Controllers\base\Beranda" loaded.
INFO - 2021-11-29 01:06:58 --> Controller "App\Controllers\base\Beranda" loaded.
INFO - 2021-11-29 01:06:58 --> Controller "App\Controllers\base\Beranda" loaded.
INFO - 2021-11-29 01:06:59 --> Controller "App\Controllers\base\Beranda" loaded.
INFO - 2021-11-29 01:06:59 --> Controller "App\Controllers\base\Beranda" loaded.
INFO - 2021-11-29 01:07:00 --> Controller "App\Controllers\base\Beranda" loaded.
INFO - 2021-11-29 01:07:00 --> Controller "App\Controllers\base\Beranda" loaded.
INFO - 2021-11-29 01:07:01 --> Controller "App\Controllers\base\Beranda" loaded.
INFO - 2021-11-29 01:07:01 --> Controller "App\Controllers\base\Beranda" loaded.
INFO - 2021-11-29 01:07:02 --> Controller "App\Controllers\base\Beranda" loaded.
INFO - 2021-11-29 01:07:02 --> Controller "App\Controllers\base\Beranda" loaded.
INFO - 2021-11-29 01:07:02 --> Controller "App\Controllers\base\Beranda" loaded.
INFO - 2021-11-29 01:07:03 --> Controller "App\Controllers\base\Beranda" loaded.
INFO - 2021-11-29 01:07:03 --> Controller "App\Controllers\base\Beranda" loaded.
INFO - 2021-11-29 01:07:04 --> Controller "App\Controllers\base\Beranda" loaded.
INFO - 2021-11-29 01:55:00 --> Controller "App\Controllers\base\Beranda" loaded.
INFO - 2021-11-29 02:10:45 --> Controller "App\Controllers\base\Beranda" loaded.
INFO - 2021-11-29 02:14:18 --> Controller "App\Controllers\base\Beranda" loaded.
INFO - 2021-11-29 02:41:20 --> Controller "App\Controllers\base\Beranda" loaded.
INFO - 2021-11-29 02:42:09 --> Session: Class initialized using 'CodeIgniter\Session\Handlers\FileHandler' driver.
INFO - 2021-11-29 02:42:09 --> Controller "App\Controllers\base\Order" loaded.
INFO - 2021-11-29 02:42:18 --> Controller "App\Controllers\base\Beranda" loaded.
INFO - 2021-11-29 02:42:47 --> Controller "App\Controllers\base\Beranda" loaded.
INFO - 2021-11-29 02:44:43 --> Controller "App\Controllers\base\Beranda" loaded.
INFO - 2021-11-29 02:45:10 --> Controller "App\Controllers\base\Beranda" loaded.
INFO - 2021-11-29 02:45:21 --> Controller "App\Controllers\base\Beranda" loaded.
INFO - 2021-11-29 02:46:05 --> Controller "App\Controllers\base\Beranda" loaded.
INFO - 2021-11-29 02:46:15 --> Controller "App\Controllers\base\Beranda" loaded.
INFO - 2021-11-29 02:46:42 --> Controller "App\Controllers\base\Beranda" loaded.
INFO - 2021-11-29 02:46:55 --> Controller "App\Controllers\base\Beranda" loaded.
INFO - 2021-11-29 02:47:15 --> Controller "App\Controllers\base\Beranda" loaded.
CRITICAL - 2021-11-29 02:47:15 --> Unknown column 'Budi' in 'where clause'
#0 /home/nguh5634/public_html/system/Database/MySQLi/Connection.php(330): mysqli->query('SELECT *\nFROM `...')
#1 /home/nguh5634/public_html/system/Database/BaseConnection.php(738): CodeIgniter\Database\MySQLi\Connection->execute('SELECT *\nFROM `...')
#2 /home/nguh5634/public_html/system/Database/BaseConnection.php(666): CodeIgniter\Database\BaseConnection->simpleQuery('SELECT *\nFROM `...')
#3 /home/nguh5634/public_html/system/Database/BaseBuilder.php(1819): CodeIgniter\Database\BaseConnection->query('SELECT *\nFROM `...', Array, false)
#4 /home/nguh5634/public_html/app/Models/base/BerandaModel.php(70): CodeIgniter\Database\BaseBuilder->get()
#5 /home/nguh5634/public_html/app/Controllers/base/Beranda.php(75): App\Models\base\BerandaModel->cek_tamu('1', 'Budi')
#6 /home/nguh5634/public_html/system/CodeIgniter.php(910): App\Controllers\base\Beranda->demo()
#7 /home/nguh5634/public_html/system/CodeIgniter.php(398): CodeIgniter\CodeIgniter->runController(Object(App\Controllers\base\Beranda))
#8 /home/nguh5634/public_html/system/CodeIgniter.php(306): CodeIgniter\CodeIgniter->handleRequest(NULL, Object(Config\Cache), false)
#9 /home/nguh5634/public_html/index.php(45): CodeIgniter\CodeIgniter->run()
#10 {main}
INFO - 2021-11-29 02:47:20 --> Controller "App\Controllers\base\Beranda" loaded.
INFO - 2021-11-29 02:47:33 --> Controller "App\Controllers\base\Beranda" loaded.
INFO - 2021-11-29 02:47:44 --> Controller "App\Controllers\base\Beranda" loaded.
INFO - 2021-11-29 02:47:53 --> Controller "App\Controllers\base\Beranda" loaded.
INFO - 2021-11-29 03:04:45 --> Session: Class initialized using 'CodeIgniter\Session\Handlers\FileHandler' driver.
INFO - 2021-11-29 03:04:45 --> Controller "App\Controllers\base\Order" loaded.
INFO - 2021-11-29 03:04:47 --> Controller "App\Controllers\base\Beranda" loaded.
INFO - 2021-11-29 03:32:39 --> Session: Class initialized using 'CodeIgniter\Session\Handlers\FileHandler' driver.
INFO - 2021-11-29 03:32:39 --> Controller "App\Controllers\undangan\Undangan" loaded.
INFO - 2021-11-29 03:32:52 --> Controller "App\Controllers\base\Beranda" loaded.
INFO - 2021-11-29 03:33:01 --> Session: Class initialized using 'CodeIgniter\Session\Handlers\FileHandler' driver.
INFO - 2021-11-29 03:33:01 --> Controller "App\Controllers\base\Dashboard" loaded.
INFO - 2021-11-29 03:33:06 --> Controller "App\Controllers\base\Beranda" loaded.
INFO - 2021-11-29 03:34:54 --> Controller "App\Controllers\base\Beranda" loaded.
INFO - 2021-11-29 03:34:54 --> Controller "App\Controllers\base\Beranda" loaded.
INFO - 2021-11-29 03:35:44 --> Controller "App\Controllers\base\Beranda" loaded.
INFO - 2021-11-29 03:35:58 --> Controller "App\Controllers\base\Beranda" loaded.
INFO - 2021-11-29 03:40:24 --> Session: Class initialized using 'CodeIgniter\Session\Handlers\FileHandler' driver.
INFO - 2021-11-29 03:40:24 --> Controller "App\Controllers\undangan\Undangan" loaded.
INFO - 2021-11-29 03:58:44 --> Session: Class initialized using 'CodeIgniter\Session\Handlers\FileHandler' driver.
INFO - 2021-11-29 03:58:55 --> Session: Class initialized using 'CodeIgniter\Session\Handlers\FileHandler' driver.
INFO - 2021-11-29 03:58:55 --> Controller "App\Controllers\base\Dashboard" loaded.
INFO - 2021-11-29 04:32:16 --> Session: Class initialized using 'CodeIgniter\Session\Handlers\FileHandler' driver.
INFO - 2021-11-29 04:32:16 --> Controller "App\Controllers\base\Order" loaded.
INFO - 2021-11-29 05:43:59 --> Session: Class initialized using 'CodeIgniter\Session\Handlers\FileHandler' driver.
INFO - 2021-11-29 05:43:59 --> Controller "App\Controllers\base\Order" loaded.
INFO - 2021-11-29 05:53:23 --> Session: Class initialized using 'CodeIgniter\Session\Handlers\FileHandler' driver.
INFO - 2021-11-29 05:53:23 --> Controller "App\Controllers\bukutamu\Bukutamu" loaded.
INFO - 2021-11-29 06:15:18 --> Controller "App\Controllers\base\Beranda" loaded.
INFO - 2021-11-29 06:15:37 --> Controller "App\Controllers\base\Beranda" loaded.
INFO - 2021-11-29 06:18:50 --> Controller "App\Controllers\base\Beranda" loaded.
INFO - 2021-11-29 07:00:03 --> Controller "App\Controllers\base\Beranda" loaded.
INFO - 2021-11-29 07:10:03 --> Controller "App\Controllers\base\Beranda" loaded.
INFO - 2021-11-29 07:14:41 --> Controller "App\Controllers\base\Beranda" loaded.
INFO - 2021-11-29 07:17:00 --> Controller "App\Controllers\base\Beranda" loaded.
INFO - 2021-11-29 07:20:02 --> Controller "App\Controllers\base\Beranda" loaded.
INFO - 2021-11-29 07:22:32 --> Controller "App\Controllers\base\Beranda" loaded.
INFO - 2021-11-29 07:22:32 --> Controller "App\Controllers\base\Beranda" loaded.
INFO - 2021-11-29 07:30:02 --> Controller "App\Controllers\base\Beranda" loaded.
INFO - 2021-11-29 07:40:03 --> Controller "App\Controllers\base\Beranda" loaded.
INFO - 2021-11-29 07:50:03 --> Controller "App\Controllers\base\Beranda" loaded.
INFO - 2021-11-29 07:54:19 --> Session: Class initialized using 'CodeIgniter\Session\Handlers\FileHandler' driver.
INFO - 2021-11-29 07:54:19 --> Controller "App\Controllers\base\Dashboard" loaded.
INFO - 2021-11-29 07:54:52 --> Session: Class initialized using 'CodeIgniter\Session\Handlers\FileHandler' driver.
INFO - 2021-11-29 07:54:52 --> Controller "App\Controllers\admin\Admin" loaded.
INFO - 2021-11-29 08:00:03 --> Controller "App\Controllers\base\Beranda" loaded.
INFO - 2021-11-29 08:03:46 --> Controller "App\Controllers\base\Beranda" loaded.
INFO - 2021-11-29 08:10:03 --> Controller "App\Controllers\base\Beranda" loaded.
INFO - 2021-11-29 08:20:03 --> Controller "App\Controllers\base\Beranda" loaded.
INFO - 2021-11-29 08:24:10 --> Controller "App\Controllers\base\Beranda" loaded.
INFO - 2021-11-29 08:24:11 --> Controller "App\Controllers\base\Beranda" loaded.
INFO - 2021-11-29 08:24:48 --> Controller "App\Controllers\base\Beranda" loaded.
INFO - 2021-11-29 08:24:52 --> Controller "App\Controllers\base\Beranda" loaded.
INFO - 2021-11-29 08:30:02 --> Controller "App\Controllers\base\Beranda" loaded.
INFO - 2021-11-29 08:38:02 --> Session: Class initialized using 'CodeIgniter\Session\Handlers\FileHandler' driver.
INFO - 2021-11-29 08:38:02 --> Controller "App\Controllers\base\Dashboard" loaded.
INFO - 2021-11-29 08:40:02 --> Controller "App\Controllers\base\Beranda" loaded.
INFO - 2021-11-29 08:47:32 --> Controller "App\Controllers\base\Beranda" loaded.
INFO - 2021-11-29 08:50:02 --> Controller "App\Controllers\base\Beranda" loaded.
INFO - 2021-11-29 09:00:02 --> Controller "App\Controllers\base\Beranda" loaded.
INFO - 2021-11-29 09:10:02 --> Controller "App\Controllers\base\Beranda" loaded.
INFO - 2021-11-29 09:17:56 --> Controller "App\Controllers\base\Beranda" loaded.
INFO - 2021-11-29 09:20:02 --> Controller "App\Controllers\base\Beranda" loaded.
INFO - 2021-11-29 09:25:52 --> Controller "App\Controllers\base\Beranda" loaded.
INFO - 2021-11-29 09:30:03 --> Controller "App\Controllers\base\Beranda" loaded.
INFO - 2021-11-29 09:32:42 --> Controller "App\Controllers\base\Beranda" loaded.
INFO - 2021-11-29 09:40:03 --> Controller "App\Controllers\base\Beranda" loaded.
INFO - 2021-11-29 09:40:47 --> Controller "App\Controllers\base\Beranda" loaded.
INFO - 2021-11-29 09:41:11 --> Controller "App\Controllers\base\Beranda" loaded.
INFO - 2021-11-29 09:43:33 --> Controller "App\Controllers\base\Beranda" loaded.
INFO - 2021-11-29 09:50:02 --> Controller "App\Controllers\base\Beranda" loaded.
INFO - 2021-11-29 10:00:02 --> Controller "App\Controllers\base\Beranda" loaded.
INFO - 2021-11-29 10:10:03 --> Controller "App\Controllers\base\Beranda" loaded.
INFO - 2021-11-29 10:20:03 --> Controller "App\Controllers\base\Beranda" loaded.
INFO - 2021-11-29 10:22:11 --> Controller "App\Controllers\base\Beranda" loaded.
INFO - 2021-11-29 10:22:12 --> Controller "App\Controllers\base\Beranda" loaded.
INFO - 2021-11-29 10:22:14 --> Controller "App\Controllers\base\Beranda" loaded.
INFO - 2021-11-29 10:22:36 --> Controller "App\Controllers\base\Beranda" loaded.
INFO - 2021-11-29 10:30:02 --> Controller "App\Controllers\base\Beranda" loaded.
INFO - 2021-11-29 10:40:02 --> Controller "App\Controllers\base\Beranda" loaded.
INFO - 2021-11-29 10:50:02 --> Controller "App\Controllers\base\Beranda" loaded.
INFO - 2021-11-29 11:00:03 --> Controller "App\Controllers\base\Beranda" loaded.
INFO - 2021-11-29 11:07:40 --> Controller "App\Controllers\base\Beranda" loaded.
INFO - 2021-11-29 11:10:03 --> Controller "App\Controllers\base\Beranda" loaded.
INFO - 2021-11-29 11:19:54 --> Controller "App\Controllers\base\Beranda" loaded.
INFO - 2021-11-29 11:19:54 --> Controller "App\Controllers\base\Beranda" loaded.
INFO - 2021-11-29 11:19:55 --> Controller "App\Controllers\base\Beranda" loaded.
INFO - 2021-11-29 11:19:55 --> Controller "App\Controllers\base\Beranda" loaded.
INFO - 2021-11-29 11:19:55 --> Controller "App\Controllers\base\Beranda" loaded.
INFO - 2021-11-29 11:19:55 --> Controller "App\Controllers\base\Beranda" loaded.
INFO - 2021-11-29 11:19:55 --> Controller "App\Controllers\base\Beranda" loaded.
INFO - 2021-11-29 11:19:56 --> Controller "App\Controllers\base\Beranda" loaded.
INFO - 2021-11-29 11:19:56 --> Controller "App\Controllers\base\Beranda" loaded.
INFO - 2021-11-29 11:19:56 --> Controller "App\Controllers\base\Beranda" loaded.
INFO - 2021-11-29 11:19:56 --> Controller "App\Controllers\base\Beranda" loaded.
INFO - 2021-11-29 11:19:57 --> Controller "App\Controllers\base\Beranda" loaded.
INFO - 2021-11-29 11:19:57 --> Controller "App\Controllers\base\Beranda" loaded.
INFO - 2021-11-29 11:19:57 --> Controller "App\Controllers\base\Beranda" loaded.
INFO - 2021-11-29 11:19:57 --> Controller "App\Controllers\base\Beranda" loaded.
INFO - 2021-11-29 11:19:58 --> Controller "App\Controllers\base\Beranda" loaded.
INFO - 2021-11-29 11:19:58 --> Controller "App\Controllers\base\Beranda" loaded.
INFO - 2021-11-29 11:19:58 --> Controller "App\Controllers\base\Beranda" loaded.
INFO - 2021-11-29 11:19:58 --> Controller "App\Controllers\base\Beranda" loaded.
INFO - 2021-11-29 11:19:59 --> Controller "App\Controllers\base\Beranda" loaded.
INFO - 2021-11-29 11:20:02 --> Controller "App\Controllers\base\Beranda" loaded.
INFO - 2021-11-29 11:20:44 --> Controller "App\Controllers\base\Beranda" loaded.
INFO - 2021-11-29 11:20:55 --> Controller "App\Controllers\base\Beranda" loaded.
INFO - 2021-11-29 11:30:03 --> Controller "App\Controllers\base\Beranda" loaded.
INFO - 2021-11-29 11:38:27 --> Controller "App\Controllers\base\Beranda" loaded.
INFO - 2021-11-29 11:38:52 --> Controller "App\Controllers\base\Beranda" loaded.
INFO - 2021-11-29 11:38:53 --> Controller "App\Controllers\base\Beranda" loaded.
INFO - 2021-11-29 11:40:03 --> Controller "App\Controllers\base\Beranda" loaded.
INFO - 2021-11-29 11:40:16 --> Controller "App\Controllers\base\Beranda" loaded.
INFO - 2021-11-29 11:50:03 --> Controller "App\Controllers\base\Beranda" loaded.
INFO - 2021-11-29 12:00:03 --> Controller "App\Controllers\base\Beranda" loaded.
INFO - 2021-11-29 12:00:33 --> Controller "App\Controllers\base\Beranda" loaded.
INFO - 2021-11-29 12:06:05 --> Controller "App\Controllers\base\Beranda" loaded.
INFO - 2021-11-29 12:06:14 --> Controller "App\Controllers\base\Beranda" loaded.
INFO - 2021-11-29 12:09:19 --> Controller "App\Controllers\base\Beranda" loaded.
INFO - 2021-11-29 12:10:03 --> Controller "App\Controllers\base\Beranda" loaded.
INFO - 2021-11-29 12:10:51 --> Controller "App\Controllers\base\Beranda" loaded.
INFO - 2021-11-29 12:12:12 --> Controller "App\Controllers\base\Beranda" loaded.
INFO - 2021-11-29 12:20:02 --> Controller "App\Controllers\base\Beranda" loaded.
INFO - 2021-11-29 12:30:03 --> Controller "App\Controllers\base\Beranda" loaded.
INFO - 2021-11-29 12:40:02 --> Controller "App\Controllers\base\Beranda" loaded.
INFO - 2021-11-29 12:50:02 --> Controller "App\Controllers\base\Beranda" loaded.
INFO - 2021-11-29 12:52:02 --> Controller "App\Controllers\base\Beranda" loaded.
INFO - 2021-11-29 13:00:02 --> Controller "App\Controllers\base\Beranda" loaded.
INFO - 2021-11-29 13:01:55 --> Controller "App\Controllers\base\Beranda" loaded.
INFO - 2021-11-29 13:02:00 --> Controller "App\Controllers\base\Beranda" loaded.
INFO - 2021-11-29 13:10:02 --> Controller "App\Controllers\base\Beranda" loaded.
INFO - 2021-11-29 13:20:03 --> Controller "App\Controllers\base\Beranda" loaded.
INFO - 2021-11-29 13:30:03 --> Controller "App\Controllers\base\Beranda" loaded.
INFO - 2021-11-29 13:32:52 --> Controller "App\Controllers\base\Beranda" loaded.
INFO - 2021-11-29 13:40:03 --> Controller "App\Controllers\base\Beranda" loaded.
INFO - 2021-11-29 13:50:03 --> Controller "App\Controllers\base\Beranda" loaded.
INFO - 2021-11-29 13:53:38 --> Controller "App\Controllers\base\Beranda" loaded.
INFO - 2021-11-29 14:00:03 --> Controller "App\Controllers\base\Beranda" loaded.
INFO - 2021-11-29 14:10:03 --> Controller "App\Controllers\base\Beranda" loaded.
INFO - 2021-11-29 14:20:02 --> Controller "App\Controllers\base\Beranda" loaded.
INFO - 2021-11-29 14:30:03 --> Controller "App\Controllers\base\Beranda" loaded.
INFO - 2021-11-29 14:40:03 --> Controller "App\Controllers\base\Beranda" loaded.
INFO - 2021-11-29 14:50:03 --> Controller "App\Controllers\base\Beranda" loaded.
INFO - 2021-11-29 14:50:44 --> Session: Class initialized using 'CodeIgniter\Session\Handlers\FileHandler' driver.
INFO - 2021-11-29 14:50:44 --> Controller "App\Controllers\bukutamu\Bukutamu" loaded.
INFO - 2021-11-29 14:50:48 --> Session: Class initialized using 'CodeIgniter\Session\Handlers\FileHandler' driver.
INFO - 2021-11-29 14:50:48 --> Controller "App\Controllers\bukutamu\Bukutamu" loaded.
INFO - 2021-11-29 14:50:51 --> Session: Class initialized using 'CodeIgniter\Session\Handlers\FileHandler' driver.
INFO - 2021-11-29 14:50:51 --> Controller "App\Controllers\bukutamu\Bukutamu" loaded.
INFO - 2021-11-29 14:54:38 --> Controller "App\Controllers\base\Beranda" loaded.
INFO - 2021-11-29 14:54:42 --> Session: Class initialized using 'CodeIgniter\Session\Handlers\FileHandler' driver.
INFO - 2021-11-29 14:54:42 --> Controller "App\Controllers\base\Order" loaded.
INFO - 2021-11-29 14:58:30 --> Controller "App\Controllers\base\Beranda" loaded.
INFO - 2021-11-29 15:00:03 --> Controller "App\Controllers\base\Beranda" loaded.
INFO - 2021-11-29 15:10:02 --> Controller "App\Controllers\base\Beranda" loaded.
INFO - 2021-11-29 15:20:02 --> Controller "App\Controllers\base\Beranda" loaded.
INFO - 2021-11-29 15:30:03 --> Controller "App\Controllers\base\Beranda" loaded.
INFO - 2021-11-29 15:39:36 --> Session: Class initialized using 'CodeIgniter\Session\Handlers\FileHandler' driver.
INFO - 2021-11-29 15:39:36 --> Controller "App\Controllers\admin\Admin" loaded.
INFO - 2021-11-29 15:40:03 --> Controller "App\Controllers\base\Beranda" loaded.
INFO - 2021-11-29 15:50:02 --> Controller "App\Controllers\base\Beranda" loaded.
INFO - 2021-11-29 16:00:03 --> Controller "App\Controllers\base\Beranda" loaded.
INFO - 2021-11-29 16:10:02 --> Controller "App\Controllers\base\Beranda" loaded.
INFO - 2021-11-29 16:14:44 --> Controller "App\Controllers\base\Beranda" loaded.
INFO - 2021-11-29 16:20:03 --> Controller "App\Controllers\base\Beranda" loaded.
INFO - 2021-11-29 16:30:02 --> Controller "App\Controllers\base\Beranda" loaded.
INFO - 2021-11-29 16:40:03 --> Controller "App\Controllers\base\Beranda" loaded.
INFO - 2021-11-29 16:48:01 --> Controller "App\Controllers\base\Beranda" loaded.
INFO - 2021-11-29 16:48:01 --> Controller "App\Controllers\base\Beranda" loaded.
INFO - 2021-11-29 16:50:02 --> Controller "App\Controllers\base\Beranda" loaded.
INFO - 2021-11-29 16:52:16 --> Controller "App\Controllers\base\Beranda" loaded.
INFO - 2021-11-29 16:52:23 --> Controller "App\Controllers\base\Beranda" loaded.
INFO - 2021-11-29 16:52:25 --> Controller "App\Controllers\base\Beranda" loaded.
INFO - 2021-11-29 16:52:26 --> Controller "App\Controllers\base\Beranda" loaded.
INFO - 2021-11-29 16:52:29 --> Controller "App\Controllers\base\Beranda" loaded.
INFO - 2021-11-29 16:52:33 --> Controller "App\Controllers\base\Beranda" loaded.
INFO - 2021-11-29 16:52:36 --> Controller "App\Controllers\base\Beranda" loaded.
INFO - 2021-11-29 16:52:37 --> Controller "App\Controllers\base\Beranda" loaded.
INFO - 2021-11-29 16:52:39 --> Controller "App\Controllers\base\Beranda" loaded.
INFO - 2021-11-29 16:52:41 --> Controller "App\Controllers\base\Beranda" loaded.
INFO - 2021-11-29 16:52:43 --> Controller "App\Controllers\base\Beranda" loaded.
INFO - 2021-11-29 16:52:45 --> Controller "App\Controllers\base\Beranda" loaded.
INFO - 2021-11-29 16:52:47 --> Controller "App\Controllers\base\Beranda" loaded.
INFO - 2021-11-29 16:52:48 --> Controller "App\Controllers\base\Beranda" loaded.
INFO - 2021-11-29 16:52:50 --> Controller "App\Controllers\base\Beranda" loaded.
INFO - 2021-11-29 16:52:51 --> Controller "App\Controllers\base\Beranda" loaded.
INFO - 2021-11-29 16:52:53 --> Controller "App\Controllers\base\Beranda" loaded.
INFO - 2021-11-29 16:52:54 --> Controller "App\Controllers\base\Beranda" loaded.
INFO - 2021-11-29 16:52:56 --> Controller "App\Controllers\base\Beranda" loaded.
INFO - 2021-11-29 16:52:57 --> Controller "App\Controllers\base\Beranda" loaded.
INFO - 2021-11-29 16:57:03 --> Controller "App\Controllers\base\Beranda" loaded.
INFO - 2021-11-29 17:00:02 --> Controller "App\Controllers\base\Beranda" loaded.
INFO - 2021-11-29 17:04:07 --> Controller "App\Controllers\base\Beranda" loaded.
INFO - 2021-11-29 17:10:03 --> Controller "App\Controllers\base\Beranda" loaded.
INFO - 2021-11-29 17:20:02 --> Controller "App\Controllers\base\Beranda" loaded.
INFO - 2021-11-29 17:30:02 --> Controller "App\Controllers\base\Beranda" loaded.
INFO - 2021-11-29 17:40:02 --> Controller "App\Controllers\base\Beranda" loaded.
INFO - 2021-11-29 17:50:02 --> Controller "App\Controllers\base\Beranda" loaded.
INFO - 2021-11-29 17:55:00 --> Controller "App\Controllers\base\Beranda" loaded.
INFO - 2021-11-29 18:00:03 --> Controller "App\Controllers\base\Beranda" loaded.
INFO - 2021-11-29 18:10:03 --> Controller "App\Controllers\base\Beranda" loaded.
INFO - 2021-11-29 18:20:03 --> Controller "App\Controllers\base\Beranda" loaded.
INFO - 2021-11-29 18:30:02 --> Controller "App\Controllers\base\Beranda" loaded.
INFO - 2021-11-29 18:40:02 --> Controller "App\Controllers\base\Beranda" loaded.
INFO - 2021-11-29 18:50:02 --> Controller "App\Controllers\base\Beranda" loaded.
INFO - 2021-11-29 19:00:02 --> Controller "App\Controllers\base\Beranda" loaded.
INFO - 2021-11-29 19:08:07 --> Session: Class initialized using 'CodeIgniter\Session\Handlers\FileHandler' driver.
INFO - 2021-11-29 19:08:07 --> Controller "App\Controllers\base\Order" loaded.
INFO - 2021-11-29 19:10:03 --> Controller "App\Controllers\base\Beranda" loaded.
INFO - 2021-11-29 19:20:03 --> Controller "App\Controllers\base\Beranda" loaded.
INFO - 2021-11-29 19:30:03 --> Controller "App\Controllers\base\Beranda" loaded.
INFO - 2021-11-29 19:40:03 --> Controller "App\Controllers\base\Beranda" loaded.
INFO - 2021-11-29 19:50:03 --> Controller "App\Controllers\base\Beranda" loaded.
INFO - 2021-11-29 20:00:02 --> Controller "App\Controllers\base\Beranda" loaded.
INFO - 2021-11-29 20:08:48 --> Controller "App\Controllers\base\Beranda" loaded.
INFO - 2021-11-29 20:10:03 --> Controller "App\Controllers\base\Beranda" loaded.
INFO - 2021-11-29 20:19:52 --> Session: Class initialized using 'CodeIgniter\Session\Handlers\FileHandler' driver.
INFO - 2021-11-29 20:19:52 --> Controller "App\Controllers\bukutamu\Bukutamu" loaded.
INFO - 2021-11-29 20:20:03 --> Controller "App\Controllers\base\Beranda" loaded.
INFO - 2021-11-29 20:30:03 --> Controller "App\Controllers\base\Beranda" loaded.
INFO - 2021-11-29 20:40:03 --> Controller "App\Controllers\base\Beranda" loaded.
INFO - 2021-11-29 20:47:39 --> Session: Class initialized using 'CodeIgniter\Session\Handlers\FileHandler' driver.
INFO - 2021-11-29 20:47:39 --> Controller "App\Controllers\undangan\Undangan" loaded.
INFO - 2021-11-29 20:47:46 --> Controller "App\Controllers\base\Beranda" loaded.
INFO - 2021-11-29 20:49:26 --> Controller "App\Controllers\base\Beranda" loaded.
INFO - 2021-11-29 20:49:32 --> Controller "App\Controllers\base\Beranda" loaded.
INFO - 2021-11-29 20:49:41 --> Controller "App\Controllers\base\Beranda" loaded.
INFO - 2021-11-29 20:50:02 --> Controller "App\Controllers\base\Beranda" loaded.
INFO - 2021-11-29 20:50:28 --> Session: Class initialized using 'CodeIgniter\Session\Handlers\FileHandler' driver.
INFO - 2021-11-29 20:50:28 --> Controller "App\Controllers\undangan\Undangan" loaded.
CRITICAL - 2021-11-29 20:50:28 --> Unknown column 'hwflower' in 'where clause'
#0 /home/nguh5634/public_html/system/Database/MySQLi/Connection.php(330): mysqli->query('SELECT *\nFROM `...')
#1 /home/nguh5634/public_html/system/Database/BaseConnection.php(738): CodeIgniter\Database\MySQLi\Connection->execute('SELECT *\nFROM `...')
#2 /home/nguh5634/public_html/system/Database/BaseConnection.php(666): CodeIgniter\Database\BaseConnection->simpleQuery('SELECT *\nFROM `...')
#3 /home/nguh5634/public_html/system/Database/BaseBuilder.php(1819): CodeIgniter\Database\BaseConnection->query('SELECT *\nFROM `...', Array, false)
#4 /home/nguh5634/public_html/app/Models/undangan/UndanganModel.php(53): CodeIgniter\Database\BaseBuilder->get()
#5 /home/nguh5634/public_html/app/Controllers/undangan/Undangan.php(90): App\Models\undangan\UndanganModel->cek_tamu('1', 'hwflower')
#6 /home/nguh5634/public_html/system/CodeIgniter.php(910): App\Controllers\undangan\Undangan->undangan()
#7 /home/nguh5634/public_html/system/CodeIgniter.php(398): CodeIgniter\CodeIgniter->runController(Object(App\Controllers\undangan\Undangan))
#8 /home/nguh5634/public_html/system/CodeIgniter.php(306): CodeIgniter\CodeIgniter->handleRequest(NULL, Object(Config\Cache), false)
#9 /home/nguh5634/public_html/index.php(45): CodeIgniter\CodeIgniter->run()
#10 {main}
INFO - 2021-11-29 20:50:32 --> Session: Class initialized using 'CodeIgniter\Session\Handlers\FileHandler' driver.
INFO - 2021-11-29 20:50:32 --> Controller "App\Controllers\undangan\Undangan" loaded.
INFO - 2021-11-29 20:53:18 --> Session: Class initialized using 'CodeIgniter\Session\Handlers\FileHandler' driver.
INFO - 2021-11-29 20:53:18 --> Controller "App\Controllers\undangan\Undangan" loaded.
INFO - 2021-11-29 20:53:22 --> Controller "App\Controllers\base\Beranda" loaded.
INFO - 2021-11-29 20:55:48 --> Session: Class initialized using 'CodeIgniter\Session\Handlers\FileHandler' driver.
INFO - 2021-11-29 20:55:48 --> Controller "App\Controllers\undangan\Undangan" loaded.
INFO - 2021-11-29 20:56:04 --> Session: Class initialized using 'CodeIgniter\Session\Handlers\FileHandler' driver.
INFO - 2021-11-29 20:56:04 --> Controller "App\Controllers\undangan\Undangan" loaded.
INFO - 2021-11-29 21:00:03 --> Controller "App\Controllers\base\Beranda" loaded.
INFO - 2021-11-29 21:02:54 --> Controller "App\Controllers\base\Beranda" loaded.
INFO - 2021-11-29 21:10:03 --> Controller "App\Controllers\base\Beranda" loaded.
INFO - 2021-11-29 21:20:02 --> Controller "App\Controllers\base\Beranda" loaded.
INFO - 2021-11-29 21:30:02 --> Controller "App\Controllers\base\Beranda" loaded.
INFO - 2021-11-29 21:38:06 --> Controller "App\Controllers\base\Beranda" loaded.
INFO - 2021-11-29 21:38:06 --> Controller "App\Controllers\base\Beranda" loaded.
INFO - 2021-11-29 21:38:06 --> Controller "App\Controllers\base\Beranda" loaded.
INFO - 2021-11-29 21:38:06 --> Controller "App\Controllers\base\Beranda" loaded.
INFO - 2021-11-29 21:38:06 --> Controller "App\Controllers\base\Beranda" loaded.
INFO - 2021-11-29 21:38:06 --> Controller "App\Controllers\base\Beranda" loaded.
INFO - 2021-11-29 21:38:07 --> Controller "App\Controllers\base\Beranda" loaded.
INFO - 2021-11-29 21:38:07 --> Controller "App\Controllers\base\Beranda" loaded.
INFO - 2021-11-29 21:38:07 --> Controller "App\Controllers\base\Beranda" loaded.
INFO - 2021-11-29 21:38:07 --> Controller "App\Controllers\base\Beranda" loaded.
INFO - 2021-11-29 21:38:07 --> Controller "App\Controllers\base\Beranda" loaded.
INFO - 2021-11-29 21:38:07 --> Controller "App\Controllers\base\Beranda" loaded.
INFO - 2021-11-29 21:38:07 --> Controller "App\Controllers\base\Beranda" loaded.
INFO - 2021-11-29 21:38:07 --> Controller "App\Controllers\base\Beranda" loaded.
INFO - 2021-11-29 21:38:07 --> Controller "App\Controllers\base\Beranda" loaded.
INFO - 2021-11-29 21:38:07 --> Controller "App\Controllers\base\Beranda" loaded.
INFO - 2021-11-29 21:38:07 --> Controller "App\Controllers\base\Beranda" loaded.
INFO - 2021-11-29 21:38:08 --> Controller "App\Controllers\base\Beranda" loaded.
INFO - 2021-11-29 21:38:08 --> Controller "App\Controllers\base\Beranda" loaded.
INFO - 2021-11-29 21:39:16 --> Session: Class initialized using 'CodeIgniter\Session\Handlers\FileHandler' driver.
INFO - 2021-11-29 21:39:16 --> Controller "App\Controllers\undangan\Undangan" loaded.
INFO - 2021-11-29 21:40:03 --> Controller "App\Controllers\base\Beranda" loaded.
INFO - 2021-11-29 21:40:35 --> Session: Class initialized using 'CodeIgniter\Session\Handlers\FileHandler' driver.
INFO - 2021-11-29 21:40:35 --> Controller "App\Controllers\undangan\Undangan" loaded.
INFO - 2021-11-29 21:40:46 --> Controller "App\Controllers\base\Beranda" loaded.
INFO - 2021-11-29 21:41:18 --> Session: Class initialized using 'CodeIgniter\Session\Handlers\FileHandler' driver.
INFO - 2021-11-29 21:41:18 --> Controller "App\Controllers\undangan\Undangan" loaded.
INFO - 2021-11-29 21:49:16 --> Session: Class initialized using 'CodeIgniter\Session\Handlers\FileHandler' driver.
INFO - 2021-11-29 21:49:16 --> Controller "App\Controllers\undangan\Undangan" loaded.
INFO - 2021-11-29 21:50:02 --> Controller "App\Controllers\base\Beranda" loaded.
INFO - 2021-11-29 21:51:41 --> Controller "App\Controllers\base\Beranda" loaded.
INFO - 2021-11-29 22:00:02 --> Controller "App\Controllers\base\Beranda" loaded.
INFO - 2021-11-29 22:10:02 --> Controller "App\Controllers\base\Beranda" loaded.
INFO - 2021-11-29 22:20:02 --> Controller "App\Controllers\base\Beranda" loaded.
INFO - 2021-11-29 22:30:03 --> Controller "App\Controllers\base\Beranda" loaded.
INFO - 2021-11-29 22:40:03 --> Controller "App\Controllers\base\Beranda" loaded.
INFO - 2021-11-29 22:46:40 --> Session: Class initialized using 'CodeIgniter\Session\Handlers\FileHandler' driver.
INFO - 2021-11-29 22:46:40 --> Controller "App\Controllers\undangan\Undangan" loaded.
INFO - 2021-11-29 22:46:48 --> Controller "App\Controllers\base\Beranda" loaded.
INFO - 2021-11-29 22:50:02 --> Controller "App\Controllers\base\Beranda" loaded.
INFO - 2021-11-29 23:58:55 --> Controller "App\Controllers\base\Beranda" loaded.
INFO - 2021-11-29 23:58:55 --> Controller "App\Controllers\base\Beranda" loaded.
INFO - 2021-11-29 23:58:55 --> Controller "App\Controllers\base\Beranda" loaded.
INFO - 2021-11-29 23:58:56 --> Controller "App\Controllers\base\Beranda" loaded.
INFO - 2021-11-29 23:58:56 --> Controller "App\Controllers\base\Beranda" loaded.
INFO - 2021-11-29 23:58:56 --> Controller "App\Controllers\base\Beranda" loaded.
INFO - 2021-11-29 23:58:56 --> Controller "App\Controllers\base\Beranda" loaded.
INFO - 2021-11-29 23:58:56 --> Controller "App\Controllers\base\Beranda" loaded.
INFO - 2021-11-29 23:58:57 --> Controller "App\Controllers\base\Beranda" loaded.
INFO - 2021-11-29 23:58:57 --> Controller "App\Controllers\base\Beranda" loaded.
INFO - 2021-11-29 23:58:57 --> Controller "App\Controllers\base\Beranda" loaded.
INFO - 2021-11-29 23:58:57 --> Controller "App\Controllers\base\Beranda" loaded.
INFO - 2021-11-29 23:58:57 --> Controller "App\Controllers\base\Beranda" loaded.
INFO - 2021-11-29 23:58:58 --> Controller "App\Controllers\base\Beranda" loaded.
INFO - 2021-11-29 23:58:58 --> Controller "App\Controllers\base\Beranda" loaded.
INFO - 2021-11-29 23:58:58 --> Controller "App\Controllers\base\Beranda" loaded.
INFO - 2021-11-29 23:58:58 --> Controller "App\Controllers\base\Beranda" loaded.
INFO - 2021-11-29 23:58:58 --> Controller "App\Controllers\base\Beranda" loaded.
INFO - 2021-11-29 23:58:59 --> Controller "App\Controllers\base\Beranda" loaded.
INFO - 2021-11-29 23:58:59 --> Controller "App\Controllers\base\Beranda" loaded.
