INFO - 2021-08-18 00:36:31 --> Controller "App\Controllers\base\Beranda" loaded.
INFO - 2021-08-18 00:47:13 --> Controller "App\Controllers\base\Beranda" loaded.
INFO - 2021-08-18 00:51:16 --> Controller "App\Controllers\base\Beranda" loaded.
INFO - 2021-08-18 00:54:33 --> Controller "App\Controllers\base\Beranda" loaded.
INFO - 2021-08-18 00:56:38 --> Controller "App\Controllers\base\Beranda" loaded.
INFO - 2021-08-18 01:06:39 --> Controller "App\Controllers\base\Beranda" loaded.
INFO - 2021-08-18 01:24:45 --> Controller "App\Controllers\base\Beranda" loaded.
INFO - 2021-08-18 01:39:24 --> Controller "App\Controllers\base\Beranda" loaded.
INFO - 2021-08-18 01:39:25 --> Session: Class initialized using 'CodeIgniter\Session\Handlers\FileHandler' driver.
INFO - 2021-08-18 01:39:25 --> Controller "App\Controllers\base\Dashboard" loaded.
INFO - 2021-08-18 01:39:26 --> Session: Class initialized using 'CodeIgniter\Session\Handlers\FileHandler' driver.
INFO - 2021-08-18 01:39:26 --> Controller "App\Controllers\base\Order" loaded.
INFO - 2021-08-18 01:39:27 --> Controller "App\Controllers\base\Beranda" loaded.
INFO - 2021-08-18 01:39:28 --> Session: Class initialized using 'CodeIgniter\Session\Handlers\FileHandler' driver.
INFO - 2021-08-18 01:39:28 --> Controller "App\Controllers\base\Order" loaded.
INFO - 2021-08-18 01:39:28 --> Controller "App\Controllers\base\Beranda" loaded.
INFO - 2021-08-18 01:39:30 --> Session: Class initialized using 'CodeIgniter\Session\Handlers\FileHandler' driver.
INFO - 2021-08-18 01:39:30 --> Controller "App\Controllers\base\Order" loaded.
INFO - 2021-08-18 01:39:31 --> Controller "App\Controllers\base\Beranda" loaded.
INFO - 2021-08-18 01:39:32 --> Session: Class initialized using 'CodeIgniter\Session\Handlers\FileHandler' driver.
INFO - 2021-08-18 01:39:32 --> Controller "App\Controllers\base\Order" loaded.
INFO - 2021-08-18 01:39:33 --> Controller "App\Controllers\base\Beranda" loaded.
INFO - 2021-08-18 01:39:34 --> Session: Class initialized using 'CodeIgniter\Session\Handlers\FileHandler' driver.
INFO - 2021-08-18 01:39:34 --> Controller "App\Controllers\base\Order" loaded.
INFO - 2021-08-18 01:39:35 --> Controller "App\Controllers\base\Beranda" loaded.
INFO - 2021-08-18 02:05:12 --> Controller "App\Controllers\base\Beranda" loaded.
INFO - 2021-08-18 02:06:06 --> Controller "App\Controllers\base\Beranda" loaded.
INFO - 2021-08-18 02:34:36 --> Controller "App\Controllers\base\Beranda" loaded.
INFO - 2021-08-18 02:55:36 --> Session: Class initialized using 'CodeIgniter\Session\Handlers\FileHandler' driver.
INFO - 2021-08-18 02:55:36 --> Controller "App\Controllers\base\Order" loaded.
INFO - 2021-08-18 03:42:48 --> Controller "App\Controllers\base\Beranda" loaded.
INFO - 2021-08-18 03:54:42 --> Controller "App\Controllers\base\Beranda" loaded.
INFO - 2021-08-18 04:27:21 --> Controller "App\Controllers\base\Beranda" loaded.
INFO - 2021-08-18 04:27:41 --> Controller "App\Controllers\base\Beranda" loaded.
INFO - 2021-08-18 05:31:29 --> Session: Class initialized using 'CodeIgniter\Session\Handlers\FileHandler' driver.
INFO - 2021-08-18 05:31:29 --> Controller "App\Controllers\undangan\Undangan" loaded.
INFO - 2021-08-18 05:39:56 --> Session: Class initialized using 'CodeIgniter\Session\Handlers\FileHandler' driver.
INFO - 2021-08-18 05:39:56 --> Controller "App\Controllers\undangan\Undangan" loaded.
INFO - 2021-08-18 05:40:32 --> Session: Class initialized using 'CodeIgniter\Session\Handlers\FileHandler' driver.
INFO - 2021-08-18 05:40:32 --> Controller "App\Controllers\undangan\Undangan" loaded.
INFO - 2021-08-18 05:41:19 --> Session: Class initialized using 'CodeIgniter\Session\Handlers\FileHandler' driver.
INFO - 2021-08-18 05:41:19 --> Controller "App\Controllers\base\Dashboard" loaded.
INFO - 2021-08-18 05:41:43 --> Session: Class initialized using 'CodeIgniter\Session\Handlers\FileHandler' driver.
INFO - 2021-08-18 05:41:43 --> Controller "App\Controllers\base\Dashboard" loaded.
INFO - 2021-08-18 05:41:43 --> Session: Class initialized using 'CodeIgniter\Session\Handlers\FileHandler' driver.
INFO - 2021-08-18 05:41:43 --> Controller "App\Controllers\base\Dashboard" loaded.
INFO - 2021-08-18 05:41:45 --> Controller "App\Controllers\base\Beranda" loaded.
INFO - 2021-08-18 05:41:57 --> Session: Class initialized using 'CodeIgniter\Session\Handlers\FileHandler' driver.
INFO - 2021-08-18 05:41:57 --> Controller "App\Controllers\base\Dashboard" loaded.
INFO - 2021-08-18 05:42:20 --> Session: Class initialized using 'CodeIgniter\Session\Handlers\FileHandler' driver.
INFO - 2021-08-18 05:42:20 --> Controller "App\Controllers\base\Dashboard" loaded.
INFO - 2021-08-18 05:42:23 --> Session: Class initialized using 'CodeIgniter\Session\Handlers\FileHandler' driver.
INFO - 2021-08-18 05:42:23 --> Controller "App\Controllers\base\Dashboard" loaded.
INFO - 2021-08-18 05:42:26 --> Session: Class initialized using 'CodeIgniter\Session\Handlers\FileHandler' driver.
INFO - 2021-08-18 05:42:26 --> Controller "App\Controllers\base\Dashboard" loaded.
INFO - 2021-08-18 05:42:30 --> Session: Class initialized using 'CodeIgniter\Session\Handlers\FileHandler' driver.
INFO - 2021-08-18 05:42:30 --> Controller "App\Controllers\base\Dashboard" loaded.
INFO - 2021-08-18 05:43:02 --> Controller "App\Controllers\base\Beranda" loaded.
INFO - 2021-08-18 06:03:27 --> Controller "App\Controllers\base\Beranda" loaded.
INFO - 2021-08-18 06:34:48 --> Controller "App\Controllers\base\Beranda" loaded.
INFO - 2021-08-18 06:42:37 --> Controller "App\Controllers\base\Beranda" loaded.
INFO - 2021-08-18 07:00:03 --> Controller "App\Controllers\base\Beranda" loaded.
INFO - 2021-08-18 07:08:11 --> Controller "App\Controllers\base\Beranda" loaded.
INFO - 2021-08-18 07:10:02 --> Controller "App\Controllers\base\Beranda" loaded.
INFO - 2021-08-18 07:20:02 --> Controller "App\Controllers\base\Beranda" loaded.
INFO - 2021-08-18 07:29:21 --> Controller "App\Controllers\base\Beranda" loaded.
INFO - 2021-08-18 07:30:02 --> Controller "App\Controllers\base\Beranda" loaded.
INFO - 2021-08-18 07:40:02 --> Controller "App\Controllers\base\Beranda" loaded.
INFO - 2021-08-18 07:40:47 --> Session: Class initialized using 'CodeIgniter\Session\Handlers\FileHandler' driver.
INFO - 2021-08-18 07:40:47 --> Controller "App\Controllers\base\Order" loaded.
INFO - 2021-08-18 07:40:49 --> Controller "App\Controllers\base\Beranda" loaded.
INFO - 2021-08-18 07:50:02 --> Controller "App\Controllers\base\Beranda" loaded.
INFO - 2021-08-18 08:00:03 --> Controller "App\Controllers\base\Beranda" loaded.
INFO - 2021-08-18 08:00:13 --> Session: Class initialized using 'CodeIgniter\Session\Handlers\FileHandler' driver.
INFO - 2021-08-18 08:00:13 --> Controller "App\Controllers\undangan\Undangan" loaded.
INFO - 2021-08-18 08:04:28 --> Controller "App\Controllers\base\Beranda" loaded.
INFO - 2021-08-18 08:08:02 --> Controller "App\Controllers\base\Beranda" loaded.
INFO - 2021-08-18 08:08:03 --> Controller "App\Controllers\base\Beranda" loaded.
INFO - 2021-08-18 08:10:02 --> Controller "App\Controllers\base\Beranda" loaded.
INFO - 2021-08-18 08:11:49 --> Session: Class initialized using 'CodeIgniter\Session\Handlers\FileHandler' driver.
INFO - 2021-08-18 08:11:49 --> Controller "App\Controllers\base\Order" loaded.
INFO - 2021-08-18 08:14:44 --> Controller "App\Controllers\base\Beranda" loaded.
INFO - 2021-08-18 08:15:11 --> Controller "App\Controllers\base\Beranda" loaded.
INFO - 2021-08-18 08:16:55 --> Controller "App\Controllers\base\Beranda" loaded.
INFO - 2021-08-18 08:20:02 --> Controller "App\Controllers\base\Beranda" loaded.
INFO - 2021-08-18 08:25:16 --> Controller "App\Controllers\base\Beranda" loaded.
INFO - 2021-08-18 08:25:50 --> Session: Class initialized using 'CodeIgniter\Session\Handlers\FileHandler' driver.
INFO - 2021-08-18 08:25:50 --> Controller "App\Controllers\bukutamu\Bukutamu" loaded.
INFO - 2021-08-18 08:30:02 --> Controller "App\Controllers\base\Beranda" loaded.
INFO - 2021-08-18 08:40:02 --> Controller "App\Controllers\base\Beranda" loaded.
INFO - 2021-08-18 08:50:03 --> Controller "App\Controllers\base\Beranda" loaded.
INFO - 2021-08-18 09:00:02 --> Controller "App\Controllers\base\Beranda" loaded.
INFO - 2021-08-18 09:10:02 --> Controller "App\Controllers\base\Beranda" loaded.
INFO - 2021-08-18 09:20:02 --> Controller "App\Controllers\base\Beranda" loaded.
INFO - 2021-08-18 09:30:02 --> Controller "App\Controllers\base\Beranda" loaded.
INFO - 2021-08-18 09:40:02 --> Controller "App\Controllers\base\Beranda" loaded.
INFO - 2021-08-18 09:50:03 --> Controller "App\Controllers\base\Beranda" loaded.
INFO - 2021-08-18 09:58:32 --> Controller "App\Controllers\base\Beranda" loaded.
INFO - 2021-08-18 10:00:03 --> Controller "App\Controllers\base\Beranda" loaded.
INFO - 2021-08-18 10:10:03 --> Controller "App\Controllers\base\Beranda" loaded.
INFO - 2021-08-18 10:20:02 --> Controller "App\Controllers\base\Beranda" loaded.
INFO - 2021-08-18 10:26:11 --> Controller "App\Controllers\base\Beranda" loaded.
INFO - 2021-08-18 10:26:20 --> Session: Class initialized using 'CodeIgniter\Session\Handlers\FileHandler' driver.
INFO - 2021-08-18 10:26:20 --> Controller "App\Controllers\base\Order" loaded.
INFO - 2021-08-18 10:26:24 --> Controller "App\Controllers\base\Beranda" loaded.
INFO - 2021-08-18 10:26:31 --> Controller "App\Controllers\base\Beranda" loaded.
INFO - 2021-08-18 10:26:37 --> Session: Class initialized using 'CodeIgniter\Session\Handlers\FileHandler' driver.
INFO - 2021-08-18 10:26:37 --> Controller "App\Controllers\undangan\Undangan" loaded.
INFO - 2021-08-18 10:27:18 --> Session: Class initialized using 'CodeIgniter\Session\Handlers\FileHandler' driver.
INFO - 2021-08-18 10:27:18 --> Controller "App\Controllers\undangan\Undangan" loaded.
INFO - 2021-08-18 10:27:31 --> Session: Class initialized using 'CodeIgniter\Session\Handlers\FileHandler' driver.
INFO - 2021-08-18 10:27:31 --> Controller "App\Controllers\undangan\Undangan" loaded.
INFO - 2021-08-18 10:27:46 --> Session: Class initialized using 'CodeIgniter\Session\Handlers\FileHandler' driver.
INFO - 2021-08-18 10:27:46 --> Controller "App\Controllers\undangan\Undangan" loaded.
INFO - 2021-08-18 10:30:02 --> Controller "App\Controllers\base\Beranda" loaded.
INFO - 2021-08-18 10:40:02 --> Controller "App\Controllers\base\Beranda" loaded.
INFO - 2021-08-18 10:50:03 --> Controller "App\Controllers\base\Beranda" loaded.
INFO - 2021-08-18 11:00:02 --> Controller "App\Controllers\base\Beranda" loaded.
INFO - 2021-08-18 11:10:02 --> Controller "App\Controllers\base\Beranda" loaded.
INFO - 2021-08-18 11:20:02 --> Controller "App\Controllers\base\Beranda" loaded.
INFO - 2021-08-18 11:30:02 --> Controller "App\Controllers\base\Beranda" loaded.
INFO - 2021-08-18 11:32:21 --> Session: Class initialized using 'CodeIgniter\Session\Handlers\FileHandler' driver.
INFO - 2021-08-18 11:32:21 --> Controller "App\Controllers\undangan\Undangan" loaded.
INFO - 2021-08-18 11:40:02 --> Controller "App\Controllers\base\Beranda" loaded.
INFO - 2021-08-18 11:50:02 --> Controller "App\Controllers\base\Beranda" loaded.
INFO - 2021-08-18 12:00:02 --> Controller "App\Controllers\base\Beranda" loaded.
INFO - 2021-08-18 12:10:02 --> Controller "App\Controllers\base\Beranda" loaded.
INFO - 2021-08-18 12:20:02 --> Controller "App\Controllers\base\Beranda" loaded.
INFO - 2021-08-18 12:30:02 --> Controller "App\Controllers\base\Beranda" loaded.
INFO - 2021-08-18 12:30:53 --> Controller "App\Controllers\base\Beranda" loaded.
INFO - 2021-08-18 12:39:15 --> Session: Class initialized using 'CodeIgniter\Session\Handlers\FileHandler' driver.
INFO - 2021-08-18 12:39:15 --> Controller "App\Controllers\admin\Admin" loaded.
INFO - 2021-08-18 12:40:02 --> Controller "App\Controllers\base\Beranda" loaded.
INFO - 2021-08-18 12:50:02 --> Controller "App\Controllers\base\Beranda" loaded.
INFO - 2021-08-18 13:00:02 --> Controller "App\Controllers\base\Beranda" loaded.
INFO - 2021-08-18 13:09:07 --> Controller "App\Controllers\base\Beranda" loaded.
INFO - 2021-08-18 13:10:03 --> Controller "App\Controllers\base\Beranda" loaded.
INFO - 2021-08-18 13:20:04 --> Controller "App\Controllers\base\Beranda" loaded.
INFO - 2021-08-18 13:30:02 --> Controller "App\Controllers\base\Beranda" loaded.
INFO - 2021-08-18 13:40:02 --> Controller "App\Controllers\base\Beranda" loaded.
INFO - 2021-08-18 13:50:03 --> Controller "App\Controllers\base\Beranda" loaded.
INFO - 2021-08-18 14:00:02 --> Controller "App\Controllers\base\Beranda" loaded.
INFO - 2021-08-18 14:10:02 --> Controller "App\Controllers\base\Beranda" loaded.
INFO - 2021-08-18 14:20:02 --> Controller "App\Controllers\base\Beranda" loaded.
INFO - 2021-08-18 14:30:03 --> Controller "App\Controllers\base\Beranda" loaded.
INFO - 2021-08-18 14:36:28 --> Controller "App\Controllers\base\Beranda" loaded.
INFO - 2021-08-18 14:40:03 --> Controller "App\Controllers\base\Beranda" loaded.
INFO - 2021-08-18 14:50:02 --> Controller "App\Controllers\base\Beranda" loaded.
INFO - 2021-08-18 15:00:02 --> Controller "App\Controllers\base\Beranda" loaded.
INFO - 2021-08-18 15:08:08 --> Controller "App\Controllers\base\Beranda" loaded.
INFO - 2021-08-18 15:10:02 --> Controller "App\Controllers\base\Beranda" loaded.
INFO - 2021-08-18 15:20:03 --> Controller "App\Controllers\base\Beranda" loaded.
INFO - 2021-08-18 15:30:02 --> Controller "App\Controllers\base\Beranda" loaded.
INFO - 2021-08-18 15:40:02 --> Controller "App\Controllers\base\Beranda" loaded.
INFO - 2021-08-18 15:50:02 --> Controller "App\Controllers\base\Beranda" loaded.
INFO - 2021-08-18 16:00:02 --> Controller "App\Controllers\base\Beranda" loaded.
INFO - 2021-08-18 16:10:02 --> Controller "App\Controllers\base\Beranda" loaded.
INFO - 2021-08-18 16:20:03 --> Controller "App\Controllers\base\Beranda" loaded.
INFO - 2021-08-18 16:26:56 --> Controller "App\Controllers\base\Beranda" loaded.
INFO - 2021-08-18 16:30:02 --> Controller "App\Controllers\base\Beranda" loaded.
INFO - 2021-08-18 16:35:34 --> Controller "App\Controllers\base\Beranda" loaded.
INFO - 2021-08-18 16:40:02 --> Controller "App\Controllers\base\Beranda" loaded.
INFO - 2021-08-18 16:44:27 --> Controller "App\Controllers\base\Beranda" loaded.
INFO - 2021-08-18 16:48:31 --> Controller "App\Controllers\base\Beranda" loaded.
INFO - 2021-08-18 16:50:02 --> Controller "App\Controllers\base\Beranda" loaded.
INFO - 2021-08-18 17:00:03 --> Controller "App\Controllers\base\Beranda" loaded.
INFO - 2021-08-18 17:00:40 --> Controller "App\Controllers\base\Beranda" loaded.
INFO - 2021-08-18 17:10:02 --> Controller "App\Controllers\base\Beranda" loaded.
INFO - 2021-08-18 17:20:03 --> Controller "App\Controllers\base\Beranda" loaded.
INFO - 2021-08-18 17:21:49 --> Controller "App\Controllers\base\Beranda" loaded.
INFO - 2021-08-18 17:30:03 --> Controller "App\Controllers\base\Beranda" loaded.
INFO - 2021-08-18 17:40:02 --> Controller "App\Controllers\base\Beranda" loaded.
INFO - 2021-08-18 17:50:02 --> Controller "App\Controllers\base\Beranda" loaded.
INFO - 2021-08-18 17:53:57 --> Controller "App\Controllers\base\Beranda" loaded.
INFO - 2021-08-18 18:00:03 --> Controller "App\Controllers\base\Beranda" loaded.
INFO - 2021-08-18 18:10:03 --> Controller "App\Controllers\base\Beranda" loaded.
INFO - 2021-08-18 18:20:02 --> Controller "App\Controllers\base\Beranda" loaded.
INFO - 2021-08-18 18:30:02 --> Controller "App\Controllers\base\Beranda" loaded.
INFO - 2021-08-18 18:40:02 --> Controller "App\Controllers\base\Beranda" loaded.
INFO - 2021-08-18 18:50:02 --> Controller "App\Controllers\base\Beranda" loaded.
INFO - 2021-08-18 19:00:03 --> Controller "App\Controllers\base\Beranda" loaded.
INFO - 2021-08-18 19:10:03 --> Controller "App\Controllers\base\Beranda" loaded.
INFO - 2021-08-18 19:20:03 --> Controller "App\Controllers\base\Beranda" loaded.
INFO - 2021-08-18 19:30:02 --> Controller "App\Controllers\base\Beranda" loaded.
INFO - 2021-08-18 19:40:03 --> Controller "App\Controllers\base\Beranda" loaded.
INFO - 2021-08-18 19:50:02 --> Controller "App\Controllers\base\Beranda" loaded.
INFO - 2021-08-18 20:00:03 --> Controller "App\Controllers\base\Beranda" loaded.
INFO - 2021-08-18 20:00:45 --> Session: Class initialized using 'CodeIgniter\Session\Handlers\FileHandler' driver.
INFO - 2021-08-18 20:00:46 --> Controller "App\Controllers\base\Order" loaded.
INFO - 2021-08-18 20:10:02 --> Controller "App\Controllers\base\Beranda" loaded.
INFO - 2021-08-18 20:20:02 --> Controller "App\Controllers\base\Beranda" loaded.
INFO - 2021-08-18 20:30:02 --> Controller "App\Controllers\base\Beranda" loaded.
INFO - 2021-08-18 20:40:02 --> Controller "App\Controllers\base\Beranda" loaded.
INFO - 2021-08-18 20:50:02 --> Controller "App\Controllers\base\Beranda" loaded.
INFO - 2021-08-18 20:54:22 --> Controller "App\Controllers\base\Beranda" loaded.
INFO - 2021-08-18 20:57:51 --> Controller "App\Controllers\base\Beranda" loaded.
INFO - 2021-08-18 21:00:02 --> Controller "App\Controllers\base\Beranda" loaded.
INFO - 2021-08-18 21:08:25 --> Controller "App\Controllers\base\Beranda" loaded.
INFO - 2021-08-18 21:10:03 --> Controller "App\Controllers\base\Beranda" loaded.
INFO - 2021-08-18 21:20:03 --> Controller "App\Controllers\base\Beranda" loaded.
INFO - 2021-08-18 21:30:02 --> Controller "App\Controllers\base\Beranda" loaded.
INFO - 2021-08-18 21:40:02 --> Controller "App\Controllers\base\Beranda" loaded.
INFO - 2021-08-18 21:43:38 --> Session: Class initialized using 'CodeIgniter\Session\Handlers\FileHandler' driver.
INFO - 2021-08-18 21:43:38 --> Controller "App\Controllers\undangan\Undangan" loaded.
INFO - 2021-08-18 21:50:02 --> Controller "App\Controllers\base\Beranda" loaded.
INFO - 2021-08-18 22:40:29 --> Session: Class initialized using 'CodeIgniter\Session\Handlers\FileHandler' driver.
INFO - 2021-08-18 22:40:29 --> Controller "App\Controllers\bukutamu\Bukutamu" loaded.
INFO - 2021-08-18 22:40:29 --> Session: Class initialized using 'CodeIgniter\Session\Handlers\FileHandler' driver.
INFO - 2021-08-18 22:40:29 --> Controller "App\Controllers\bukutamu\Bukutamu" loaded.
INFO - 2021-08-18 22:40:29 --> Session: Class initialized using 'CodeIgniter\Session\Handlers\FileHandler' driver.
INFO - 2021-08-18 22:40:29 --> Controller "App\Controllers\bukutamu\Bukutamu" loaded.
INFO - 2021-08-18 22:40:30 --> Session: Class initialized using 'CodeIgniter\Session\Handlers\FileHandler' driver.
INFO - 2021-08-18 22:40:30 --> Controller "App\Controllers\bukutamu\Bukutamu" loaded.
INFO - 2021-08-18 22:40:44 --> Controller "App\Controllers\base\Beranda" loaded.
