INFO - 2021-03-10 00:04:08 --> Controller "App\Controllers\base\Beranda" loaded.
INFO - 2021-03-10 00:10:14 --> Controller "App\Controllers\base\Beranda" loaded.
INFO - 2021-03-10 00:17:50 --> Controller "App\Controllers\base\Beranda" loaded.
INFO - 2021-03-10 00:56:23 --> Controller "App\Controllers\base\Beranda" loaded.
INFO - 2021-03-10 00:56:53 --> Session: Class initialized using 'CodeIgniter\Session\Handlers\FileHandler' driver.
INFO - 2021-03-10 00:56:53 --> Controller "App\Controllers\base\Dashboard" loaded.
INFO - 2021-03-10 00:57:04 --> Session: Class initialized using 'CodeIgniter\Session\Handlers\FileHandler' driver.
INFO - 2021-03-10 00:57:04 --> Controller "App\Controllers\base\Dashboard" loaded.
INFO - 2021-03-10 00:57:04 --> Session: Class initialized using 'CodeIgniter\Session\Handlers\FileHandler' driver.
INFO - 2021-03-10 00:57:04 --> Controller "App\Controllers\base\Dashboard" loaded.
INFO - 2021-03-10 00:57:26 --> Session: Class initialized using 'CodeIgniter\Session\Handlers\FileHandler' driver.
INFO - 2021-03-10 00:57:26 --> Controller "App\Controllers\base\Dashboard" loaded.
INFO - 2021-03-10 00:57:26 --> Session: Class initialized using 'CodeIgniter\Session\Handlers\FileHandler' driver.
INFO - 2021-03-10 00:57:26 --> Controller "App\Controllers\base\Dashboard" loaded.
INFO - 2021-03-10 00:57:43 --> Session: Class initialized using 'CodeIgniter\Session\Handlers\FileHandler' driver.
INFO - 2021-03-10 00:57:43 --> Controller "App\Controllers\base\Dashboard" loaded.
INFO - 2021-03-10 00:57:43 --> Session: Class initialized using 'CodeIgniter\Session\Handlers\FileHandler' driver.
INFO - 2021-03-10 00:57:43 --> Controller "App\Controllers\base\Dashboard" loaded.
INFO - 2021-03-10 00:57:46 --> Session: Class initialized using 'CodeIgniter\Session\Handlers\FileHandler' driver.
INFO - 2021-03-10 00:57:46 --> Controller "App\Controllers\base\Dashboard" loaded.
INFO - 2021-03-10 00:57:49 --> Session: Class initialized using 'CodeIgniter\Session\Handlers\FileHandler' driver.
INFO - 2021-03-10 00:57:49 --> Controller "App\Controllers\base\Dashboard" loaded.
INFO - 2021-03-10 00:57:50 --> Session: Class initialized using 'CodeIgniter\Session\Handlers\FileHandler' driver.
INFO - 2021-03-10 00:57:50 --> Controller "App\Controllers\base\Dashboard" loaded.
INFO - 2021-03-10 00:57:51 --> Controller "App\Controllers\base\Beranda" loaded.
INFO - 2021-03-10 00:57:56 --> Session: Class initialized using 'CodeIgniter\Session\Handlers\FileHandler' driver.
INFO - 2021-03-10 00:57:56 --> Controller "App\Controllers\base\Dashboard" loaded.
INFO - 2021-03-10 00:58:00 --> Controller "App\Controllers\base\Beranda" loaded.
INFO - 2021-03-10 01:29:09 --> Controller "App\Controllers\base\Beranda" loaded.
INFO - 2021-03-10 01:29:37 --> Controller "App\Controllers\base\Beranda" loaded.
INFO - 2021-03-10 01:30:04 --> Session: Class initialized using 'CodeIgniter\Session\Handlers\FileHandler' driver.
INFO - 2021-03-10 01:30:04 --> Controller "App\Controllers\base\Order" loaded.
INFO - 2021-03-10 01:30:04 --> Controller "App\Controllers\base\Beranda" loaded.
INFO - 2021-03-10 01:30:08 --> Session: Class initialized using 'CodeIgniter\Session\Handlers\FileHandler' driver.
INFO - 2021-03-10 01:30:08 --> Controller "App\Controllers\base\Order" loaded.
INFO - 2021-03-10 01:38:37 --> Controller "App\Controllers\base\Beranda" loaded.
INFO - 2021-03-10 01:38:53 --> Controller "App\Controllers\base\Beranda" loaded.
INFO - 2021-03-10 01:40:25 --> Controller "App\Controllers\base\Beranda" loaded.
INFO - 2021-03-10 03:23:58 --> Controller "App\Controllers\base\Beranda" loaded.
INFO - 2021-03-10 03:24:12 --> Controller "App\Controllers\base\Beranda" loaded.
INFO - 2021-03-10 03:24:37 --> Controller "App\Controllers\base\Beranda" loaded.
INFO - 2021-03-10 03:24:45 --> Controller "App\Controllers\base\Beranda" loaded.
INFO - 2021-03-10 03:25:34 --> Controller "App\Controllers\base\Beranda" loaded.
INFO - 2021-03-10 03:25:48 --> Controller "App\Controllers\base\Beranda" loaded.
INFO - 2021-03-10 03:25:48 --> Controller "App\Controllers\base\Beranda" loaded.
INFO - 2021-03-10 03:25:48 --> Controller "App\Controllers\base\Beranda" loaded.
INFO - 2021-03-10 03:26:09 --> Controller "App\Controllers\base\Beranda" loaded.
INFO - 2021-03-10 03:37:10 --> Controller "App\Controllers\base\Beranda" loaded.
INFO - 2021-03-10 05:29:17 --> Controller "App\Controllers\base\Beranda" loaded.
INFO - 2021-03-10 05:29:23 --> Session: Class initialized using 'CodeIgniter\Session\Handlers\FileHandler' driver.
INFO - 2021-03-10 05:29:23 --> Controller "App\Controllers\base\Order" loaded.
INFO - 2021-03-10 05:29:23 --> Controller "App\Controllers\base\Beranda" loaded.
INFO - 2021-03-10 05:29:32 --> Session: Class initialized using 'CodeIgniter\Session\Handlers\FileHandler' driver.
INFO - 2021-03-10 05:29:32 --> Controller "App\Controllers\base\Order" loaded.
INFO - 2021-03-10 05:30:29 --> Session: Class initialized using 'CodeIgniter\Session\Handlers\FileHandler' driver.
INFO - 2021-03-10 05:30:29 --> Controller "App\Controllers\base\Order" loaded.
INFO - 2021-03-10 05:30:34 --> Session: Class initialized using 'CodeIgniter\Session\Handlers\FileHandler' driver.
INFO - 2021-03-10 05:30:34 --> Controller "App\Controllers\base\Order" loaded.
INFO - 2021-03-10 05:50:49 --> Controller "App\Controllers\base\Beranda" loaded.
INFO - 2021-03-10 05:50:50 --> Controller "App\Controllers\base\Beranda" loaded.
INFO - 2021-03-10 05:51:53 --> Controller "App\Controllers\base\Beranda" loaded.
INFO - 2021-03-10 05:52:14 --> Controller "App\Controllers\base\Beranda" loaded.
INFO - 2021-03-10 05:52:23 --> Controller "App\Controllers\base\Beranda" loaded.
INFO - 2021-03-10 05:52:33 --> Controller "App\Controllers\base\Beranda" loaded.
INFO - 2021-03-10 05:54:29 --> Controller "App\Controllers\base\Beranda" loaded.
INFO - 2021-03-10 05:54:32 --> Controller "App\Controllers\base\Beranda" loaded.
INFO - 2021-03-10 05:54:51 --> Controller "App\Controllers\base\Beranda" loaded.
INFO - 2021-03-10 05:55:55 --> Controller "App\Controllers\base\Beranda" loaded.
INFO - 2021-03-10 06:16:21 --> Controller "App\Controllers\base\Beranda" loaded.
INFO - 2021-03-10 06:29:19 --> Controller "App\Controllers\base\Beranda" loaded.
INFO - 2021-03-10 06:29:20 --> Controller "App\Controllers\base\Beranda" loaded.
INFO - 2021-03-10 07:30:25 --> Controller "App\Controllers\base\Beranda" loaded.
INFO - 2021-03-10 07:30:32 --> Controller "App\Controllers\base\Beranda" loaded.
INFO - 2021-03-10 07:52:57 --> Controller "App\Controllers\base\Beranda" loaded.
INFO - 2021-03-10 07:54:25 --> Controller "App\Controllers\base\Beranda" loaded.
INFO - 2021-03-10 07:55:29 --> Controller "App\Controllers\base\Beranda" loaded.
INFO - 2021-03-10 07:55:48 --> Controller "App\Controllers\base\Beranda" loaded.
INFO - 2021-03-10 07:55:55 --> Controller "App\Controllers\base\Beranda" loaded.
INFO - 2021-03-10 07:56:25 --> Controller "App\Controllers\base\Beranda" loaded.
INFO - 2021-03-10 07:56:32 --> Session: Class initialized using 'CodeIgniter\Session\Handlers\FileHandler' driver.
INFO - 2021-03-10 07:56:32 --> Controller "App\Controllers\base\Order" loaded.
INFO - 2021-03-10 07:56:32 --> Controller "App\Controllers\base\Beranda" loaded.
INFO - 2021-03-10 08:12:11 --> Controller "App\Controllers\base\Beranda" loaded.
INFO - 2021-03-10 08:23:35 --> Controller "App\Controllers\base\Beranda" loaded.
INFO - 2021-03-10 08:23:46 --> Controller "App\Controllers\base\Beranda" loaded.
INFO - 2021-03-10 08:23:55 --> Controller "App\Controllers\base\Beranda" loaded.
INFO - 2021-03-10 08:23:58 --> Controller "App\Controllers\base\Beranda" loaded.
INFO - 2021-03-10 08:24:03 --> Controller "App\Controllers\base\Beranda" loaded.
INFO - 2021-03-10 08:24:16 --> Controller "App\Controllers\base\Beranda" loaded.
INFO - 2021-03-10 08:24:27 --> Controller "App\Controllers\base\Beranda" loaded.
INFO - 2021-03-10 08:26:43 --> Controller "App\Controllers\base\Beranda" loaded.
INFO - 2021-03-10 08:28:30 --> Controller "App\Controllers\base\Beranda" loaded.
INFO - 2021-03-10 08:30:44 --> Controller "App\Controllers\base\Beranda" loaded.
INFO - 2021-03-10 09:20:12 --> Controller "App\Controllers\base\Beranda" loaded.
INFO - 2021-03-10 09:20:20 --> Session: Class initialized using 'CodeIgniter\Session\Handlers\FileHandler' driver.
INFO - 2021-03-10 09:20:20 --> Controller "App\Controllers\base\Order" loaded.
INFO - 2021-03-10 09:20:20 --> Controller "App\Controllers\base\Beranda" loaded.
INFO - 2021-03-10 09:20:43 --> Controller "App\Controllers\base\Beranda" loaded.
INFO - 2021-03-10 09:21:36 --> Controller "App\Controllers\base\Beranda" loaded.
INFO - 2021-03-10 09:21:39 --> Session: Class initialized using 'CodeIgniter\Session\Handlers\FileHandler' driver.
INFO - 2021-03-10 09:21:39 --> Controller "App\Controllers\base\Order" loaded.
INFO - 2021-03-10 09:21:56 --> Controller "App\Controllers\base\Beranda" loaded.
INFO - 2021-03-10 09:22:04 --> Controller "App\Controllers\base\Beranda" loaded.
INFO - 2021-03-10 09:23:51 --> Session: Class initialized using 'CodeIgniter\Session\Handlers\FileHandler' driver.
INFO - 2021-03-10 09:23:51 --> Controller "App\Controllers\base\Order" loaded.
INFO - 2021-03-10 09:24:16 --> Session: Class initialized using 'CodeIgniter\Session\Handlers\FileHandler' driver.
INFO - 2021-03-10 09:24:16 --> Controller "App\Controllers\base\Order" loaded.
INFO - 2021-03-10 09:24:17 --> Controller "App\Controllers\base\Beranda" loaded.
INFO - 2021-03-10 09:24:44 --> Session: Class initialized using 'CodeIgniter\Session\Handlers\FileHandler' driver.
INFO - 2021-03-10 09:24:44 --> Controller "App\Controllers\base\Order" loaded.
INFO - 2021-03-10 09:25:03 --> Session: Class initialized using 'CodeIgniter\Session\Handlers\FileHandler' driver.
INFO - 2021-03-10 09:25:03 --> Controller "App\Controllers\base\Order" loaded.
INFO - 2021-03-10 09:25:03 --> Session: Class initialized using 'CodeIgniter\Session\Handlers\FileHandler' driver.
INFO - 2021-03-10 09:25:03 --> Controller "App\Controllers\base\Order" loaded.
INFO - 2021-03-10 09:25:04 --> Session: Class initialized using 'CodeIgniter\Session\Handlers\FileHandler' driver.
INFO - 2021-03-10 09:25:04 --> Controller "App\Controllers\base\Order" loaded.
INFO - 2021-03-10 09:25:08 --> Session: Class initialized using 'CodeIgniter\Session\Handlers\FileHandler' driver.
INFO - 2021-03-10 09:25:08 --> Controller "App\Controllers\base\Order" loaded.
INFO - 2021-03-10 09:25:32 --> Controller "App\Controllers\base\Beranda" loaded.
INFO - 2021-03-10 09:25:52 --> Session: Class initialized using 'CodeIgniter\Session\Handlers\FileHandler' driver.
INFO - 2021-03-10 09:25:52 --> Controller "App\Controllers\base\Order" loaded.
INFO - 2021-03-10 09:37:15 --> Controller "App\Controllers\base\Beranda" loaded.
INFO - 2021-03-10 10:01:57 --> Controller "App\Controllers\base\Beranda" loaded.
INFO - 2021-03-10 10:03:42 --> Controller "App\Controllers\base\Beranda" loaded.
INFO - 2021-03-10 11:26:58 --> Controller "App\Controllers\base\Beranda" loaded.
INFO - 2021-03-10 11:27:59 --> Controller "App\Controllers\base\Beranda" loaded.
INFO - 2021-03-10 12:49:59 --> Session: Class initialized using 'CodeIgniter\Session\Handlers\FileHandler' driver.
INFO - 2021-03-10 12:49:59 --> Session: Class initialized using 'CodeIgniter\Session\Handlers\FileHandler' driver.
INFO - 2021-03-10 12:49:59 --> Controller "App\Controllers\undangan\Undangan" loaded.
INFO - 2021-03-10 12:49:59 --> Controller "App\Controllers\undangan\Undangan" loaded.
INFO - 2021-03-10 14:15:24 --> Controller "App\Controllers\base\Beranda" loaded.
INFO - 2021-03-10 14:15:29 --> Controller "App\Controllers\base\Beranda" loaded.
INFO - 2021-03-10 16:30:32 --> Controller "App\Controllers\base\Beranda" loaded.
CRITICAL - 2021-03-10 16:30:32 --> Connection refused
#0 /home/aguestpdmy/public_html/ngulemind/system/Database/BaseConnection.php(377): CodeIgniter\Database\MySQLi\Connection->connect(false)
#1 /home/aguestpdmy/public_html/ngulemind/system/Database/BaseConnection.php(643): CodeIgniter\Database\BaseConnection->initialize()
#2 /home/aguestpdmy/public_html/ngulemind/system/Database/BaseBuilder.php(1819): CodeIgniter\Database\BaseConnection->query('SELECT *\nFROM `...', Array, false)
#3 /home/agINFO - 2021-03-10 18:54:43 --> Controller "App\Controllers\base\Beranda" loaded.
INFO - 2021-03-10 18:54:53 --> Controller "App\Controllers\base\Beranda" loaded.
INFO - 2021-03-10 18:55:17 --> Session: Class initialized using 'CodeIgniter\Session\Handlers\FileHandler' driver.
INFO - 2021-03-10 18:55:17 --> Controller "App\Controllers\undangan\Undangan" loaded.
INFO - 2021-03-10 19:01:22 --> Session: Class initialized using 'CodeIgniter\Session\Handlers\FileHandler' driver.
INFO - 2021-03-10 19:01:22 --> Controller "App\Controllers\undangan\Undangan" loaded.
INFO - 2021-03-10 19:09:12 --> Controller "App\Controllers\base\Beranda" loaded.
INFO - 2021-03-10 19:09:14 --> Controller "App\Controllers\base\Beranda" loaded.
INFO - 2021-03-10 19:49:14 --> Controller "App\Controllers\base\Beranda" loaded.
INFO - 2021-03-10 19:51:56 --> Controller "App\Controllers\base\Beranda" loaded.
INFO - 2021-03-10 19:58:25 --> Controller "App\Controllers\base\Beranda" loaded.
INFO - 2021-03-10 19:58:41 --> Session: Class initialized using 'CodeIgniter\Session\Handlers\FileHandler' driver.
INFO - 2021-03-10 19:58:41 --> Controller "App\Controllers\admin\Admin" loaded.
INFO - 2021-03-10 19:58:57 --> Session: Class initialized using 'CodeIgniter\Session\Handlers\FileHandler' driver.
INFO - 2021-03-10 19:58:57 --> Controller "App\Controllers\admin\Admin" loaded.
INFO - 2021-03-10 19:58:57 --> Session: Class initialized using 'CodeIgniter\Session\Handlers\FileHandler' driver.
INFO - 2021-03-10 19:58:57 --> Controller "App\Controllers\admin\Admin" loaded.
INFO - 2021-03-10 19:59:07 --> Session: Class initialized using 'CodeIgniter\Session\Handlers\FileHandler' driver.
INFO - 2021-03-10 19:59:07 --> Controller "App\Controllers\admin\Admin" loaded.
INFO - 2021-03-10 19:59:20 --> Session: Class initialized using 'CodeIgniter\Session\Handlers\FileHandler' driver.
INFO - 2021-03-10 19:59:20 --> Controller "App\Controllers\admin\Admin" loaded.
INFO - 2021-03-10 19:59:29 --> Session: Class initialized using 'CodeIgniter\Session\Handlers\FileHandler' driver.
INFO - 2021-03-10 19:59:29 --> Controller "App\Controllers\undangan\Undangan" loaded.
INFO - 2021-03-10 19:59:44 --> Session: Class initialized using 'CodeIgniter\Session\Handlers\FileHandler' driver.
INFO - 2021-03-10 19:59:44 --> Controller "App\Controllers\admin\Admin" loaded.
INFO - 2021-03-10 19:59:52 --> Session: Class initialized using 'CodeIgniter\Session\Handlers\FileHandler' driver.
INFO - 2021-03-10 19:59:52 --> Controller "App\Controllers\admin\Admin" loaded.
INFO - 2021-03-10 19:59:59 --> Session: Class initialized using 'CodeIgniter\Session\Handlers\FileHandler' driver.
INFO - 2021-03-10 19:59:59 --> Controller "App\Controllers\admin\Admin" loaded.
INFO - 2021-03-10 20:00:58 --> Session: Class initialized using 'CodeIgniter\Session\Handlers\FileHandler' driver.
INFO - 2021-03-10 20:00:58 --> Controller "App\Controllers\admin\Admin" loaded.
INFO - 2021-03-10 20:01:06 --> Session: Class initialized using 'CodeIgniter\Session\Handlers\FileHandler' driver.
INFO - 2021-03-10 20:01:06 --> Controller "App\Controllers\admin\Admin" loaded.
INFO - 2021-03-10 20:01:08 --> Session: Class initialized using 'CodeIgniter\Session\Handlers\FileHandler' driver.
INFO - 2021-03-10 20:01:08 --> Controller "App\Controllers\admin\Admin" loaded.
INFO - 2021-03-10 20:01:16 --> Session: Class initialized using 'CodeIgniter\Session\Handlers\FileHandler' driver.
INFO - 2021-03-10 20:01:16 --> Controller "App\Controllers\admin\Admin" loaded.
INFO - 2021-03-10 20:01:31 --> Session: Class initialized using 'CodeIgniter\Session\Handlers\FileHandler' driver.
INFO - 2021-03-10 20:01:31 --> Controller "App\Controllers\admin\Admin" loaded.
INFO - 2021-03-10 20:01:31 --> Session: Class initialized using 'CodeIgniter\Session\Handlers\FileHandler' driver.
INFO - 2021-03-10 20:01:31 --> Controller "App\Controllers\admin\Admin" loaded.
INFO - 2021-03-10 20:01:45 --> Session: Class initialized using 'CodeIgniter\Session\Handlers\FileHandler' driver.
INFO - 2021-03-10 20:01:45 --> Controller "App\Controllers\undangan\Undangan" loaded.
INFO - 2021-03-10 21:27:21 --> Controller "App\Controllers\base\Beranda" loaded.
INFO - 2021-03-10 21:27:23 --> Controller "App\Controllers\base\Beranda" loaded.
INFO - 2021-03-10 21:27:28 --> Session: Class initialized using 'CodeIgniter\Session\Handlers\FileHandler' driver.
INFO - 2021-03-10 21:27:28 --> Controller "App\Controllers\base\Dashboard" loaded.
INFO - 2021-03-10 21:27:31 --> Controller "App\Controllers\base\Beranda" loaded.
INFO - 2021-03-10 21:27:33 --> Controller "App\Controllers\base\Beranda" loaded.
INFO - 2021-03-10 21:27:36 --> Session: Class initialized using 'CodeIgniter\Session\Handlers\FileHandler' driver.
INFO - 2021-03-10 21:27:36 --> Controller "App\Controllers\base\Order" loaded.
INFO - 2021-03-10 21:27:36 --> Controller "App\Controllers\base\Beranda" loaded.
INFO - 2021-03-10 21:27:41 --> Session: Class initialized using 'CodeIgniter\Session\Handlers\FileHandler' driver.
INFO - 2021-03-10 21:27:41 --> Controller "App\Controllers\base\Order" loaded.
INFO - 2021-03-10 21:28:11 --> Session: Class initialized using 'CodeIgniter\Session\Handlers\FileHandler' driver.
INFO - 2021-03-10 21:28:11 --> Controller "App\Controllers\base\Order" loaded.
INFO - 2021-03-10 21:28:25 --> Session: Class initialized using 'CodeIgniter\Session\Handlers\FileHandler' driver.
INFO - 2021-03-10 21:28:25 --> Controller "App\Controllers\base\Order" loaded.
INFO - 2021-03-10 21:29:00 --> Session: Class initialized using 'CodeIgniter\Session\Handlers\FileHandler' driver.
INFO - 2021-03-10 21:29:00 --> Controller "App\Controllers\base\Order" loaded.
INFO - 2021-03-10 21:29:23 --> Session: Class initialized using 'CodeIgniter\Session\Handlers\FileHandler' driver.
INFO - 2021-03-10 21:29:23 --> Controller "App\Controllers\base\Order" loaded.
INFO - 2021-03-10 21:30:15 --> Session: Class initialized using 'CodeIgniter\Session\Handlers\FileHandler' driver.
INFO - 2021-03-10 21:30:15 --> Controller "App\Controllers\base\Order" loaded.
INFO - 2021-03-10 21:30:17 --> Session: Class initialized using 'CodeIgniter\Session\Handlers\FileHandler' driver.
INFO - 2021-03-10 21:30:17 --> Controller "App\Controllers\base\Order" loaded.
INFO - 2021-03-10 21:30:46 --> Session: Class initialized using 'CodeIgniter\Session\Handlers\FileHandler' driver.
INFO - 2021-03-10 21:30:46 --> Controller "App\Controllers\base\Order" loaded.
INFO - 2021-03-10 21:30:51 --> Session: Class initialized using 'CodeIgniter\Session\Handlers\FileHandler' driver.
INFO - 2021-03-10 21:30:51 --> Controller "App\Controllers\base\Order" loaded.
INFO - 2021-03-10 21:30:51 --> Controller "App\Controllers\base\Beranda" loaded.
INFO - 2021-03-10 21:30:54 --> Session: Class initialized using 'CodeIgniter\Session\Handlers\FileHandler' driver.
INFO - 2021-03-10 21:30:54 --> Controller "App\Controllers\base\Order" loaded.
INFO - 2021-03-10 21:30:58 --> Session: Class initialized using 'CodeIgniter\Session\Handlers\FileHandler' driver.
INFO - 2021-03-10 21:30:58 --> Controller "App\Controllers\base\Order" loaded.
INFO - 2021-03-10 21:30:58 --> Session: Class initialized using 'CodeIgniter\Session\Handlers\FileHandler' driver.
INFO - 2021-03-10 21:30:58 --> Controller "App\Controllers\base\Order" loaded.
INFO - 2021-03-10 21:31:01 --> Session: Class initialized using 'CodeIgniter\Session\Handlers\FileHandler' driver.
INFO - 2021-03-10 21:31:01 --> Controller "App\Controllers\base\Dashboard" loaded.
INFO - 2021-03-10 21:31:02 --> Session: Class initialized using 'CodeIgniter\Session\Handlers\FileHandler' driver.
INFO - 2021-03-10 21:31:02 --> Controller "App\Controllers\base\Dashboard" loaded.
INFO - 2021-03-10 21:31:13 --> Session: Class initialized using 'CodeIgniter\Session\Handlers\FileHandler' driver.
INFO - 2021-03-10 21:31:13 --> Controller "App\Controllers\base\Dashboard" loaded.
INFO - 2021-03-10 21:31:13 --> Session: Class initialized using 'CodeIgniter\Session\Handlers\FileHandler' driver.
INFO - 2021-03-10 21:31:13 --> Controller "App\Controllers\base\Dashboard" loaded.
INFO - 2021-03-10 21:31:16 --> Session: Class initialized using 'CodeIgniter\Session\Handlers\FileHandler' driver.
INFO - 2021-03-10 21:31:16 --> Controller "App\Controllers\undangan\Undangan" loaded.
INFO - 2021-03-10 21:54:15 --> Controller "App\Controllers\base\Beranda" loaded.
INFO - 2021-03-10 22:05:34 --> Session: Class initialized using 'CodeIgniter\Session\Handlers\FileHandler' driver.
INFO - 2021-03-10 22:05:34 --> Controller "App\Controllers\base\Order" loaded.
INFO - 2021-03-10 22:05:34 --> Controller "App\Controllers\base\Beranda" loaded.
INFO - 2021-03-10 22:38:05 --> Controller "App\Controllers\base\Beranda" loaded.
INFO - 2021-03-10 22:38:09 --> Session: Class initialized using 'CodeIgniter\Session\Handlers\FileHandler' driver.
INFO - 2021-03-10 22:38:09 --> Controller "App\Controllers\base\Order" loaded.
INFO - 2021-03-10 22:38:09 --> Controller "App\Controllers\base\Beranda" loaded.
INFO - 2021-03-10 22:38:12 --> Session: Class initialized using 'CodeIgniter\Session\Handlers\FileHandler' driver.
INFO - 2021-03-10 22:38:12 --> Controller "App\Controllers\base\Order" loaded.
INFO - 2021-03-10 22:38:25 --> Session: Class initialized using 'CodeIgniter\Session\Handlers\FileHandler' driver.
INFO - 2021-03-10 22:38:25 --> Controller "App\Controllers\base\Order" loaded.
INFO - 2021-03-10 22:38:35 --> Session: Class initialized using 'CodeIgniter\Session\Handlers\FileHandler' driver.
INFO - 2021-03-10 22:38:35 --> Controller "App\Controllers\base\Order" loaded.
INFO - 2021-03-10 22:38:55 --> Session: Class initialized using 'CodeIgniter\Session\Handlers\FileHandler' driver.
INFO - 2021-03-10 22:38:55 --> Controller "App\Controllers\base\Order" loaded.
INFO - 2021-03-10 22:39:11 --> Session: Class initialized using 'CodeIgniter\Session\Handlers\FileHandler' driver.
INFO - 2021-03-10 22:39:11 --> Controller "App\Controllers\base\Order" loaded.
INFO - 2021-03-10 22:39:12 --> Session: Class initialized using 'CodeIgniter\Session\Handlers\FileHandler' driver.
INFO - 2021-03-10 22:39:12 --> Controller "App\Controllers\base\Order" loaded.
INFO - 2021-03-10 22:39:31 --> Session: Class initialized using 'CodeIgniter\Session\Handlers\FileHandler' driver.
INFO - 2021-03-10 22:39:31 --> Controller "App\Controllers\base\Order" loaded.
INFO - 2021-03-10 22:39:37 --> Session: Class initialized using 'CodeIgniter\Session\Handlers\FileHandler' driver.
INFO - 2021-03-10 22:39:37 --> Controller "App\Controllers\base\Order" loaded.
INFO - 2021-03-10 22:39:38 --> Controller "App\Controllers\base\Beranda" loaded.
INFO - 2021-03-10 22:39:43 --> Session: Class initialized using 'CodeIgniter\Session\Handlers\FileHandler' driver.
INFO - 2021-03-10 22:39:43 --> Controller "App\Controllers\base\Order" loaded.
INFO - 2021-03-10 22:39:46 --> Session: Class initialized using 'CodeIgniter\Session\Handlers\FileHandler' driver.
INFO - 2021-03-10 22:39:46 --> Controller "App\Controllers\base\Order" loaded.
INFO - 2021-03-10 22:39:46 --> Session: Class initialized using 'CodeIgniter\Session\Handlers\FileHandler' driver.
INFO - 2021-03-10 22:39:46 --> Controller "App\Controllers\base\Order" loaded.
INFO - 2021-03-10 22:40:50 --> Session: Class initialized using 'CodeIgniter\Session\Handlers\FileHandler' driver.
INFO - 2021-03-10 22:40:50 --> Controller "App\Controllers\base\Order" loaded.
INFO - 2021-03-10 22:40:53 --> Session: Class initialized using 'CodeIgniter\Session\Handlers\FileHandler' driver.
INFO - 2021-03-10 22:40:53 --> Controller "App\Controllers\undangan\Undangan" loaded.
INFO - 2021-03-10 22:41:14 --> Session: Class initialized using 'CodeIgniter\Session\Handlers\FileHandler' driver.
INFO - 2021-03-10 22:41:14 --> Controller "App\Controllers\undangan\Undangan" loaded.
INFO - 2021-03-10 22:41:32 --> Session: Class initialized using 'CodeIgniter\Session\Handlers\FileHandler' driver.
INFO - 2021-03-10 22:41:32 --> Controller "App\Controllers\undangan\Undangan" loaded.
INFO - 2021-03-10 22:41:45 --> Session: Class initialized using 'CodeIgniter\Session\Handlers\FileHandler' driver.
INFO - 2021-03-10 22:41:45 --> Controller "App\Controllers\undangan\Undangan" loaded.
INFO - 2021-03-10 22:42:01 --> Session: Class initialized using 'CodeIgniter\Session\Handlers\FileHandler' driver.
INFO - 2021-03-10 22:42:01 --> Controller "App\Controllers\base\Dashboard" loaded.
INFO - 2021-03-10 22:42:02 --> Session: Class initialized using 'CodeIgniter\Session\Handlers\FileHandler' driver.
INFO - 2021-03-10 22:42:02 --> Controller "App\Controllers\base\Dashboard" loaded.
INFO - 2021-03-10 22:42:07 --> Controller "App\Controllers\base\Beranda" loaded.
INFO - 2021-03-10 22:42:13 --> Session: Class initialized using 'CodeIgniter\Session\Handlers\FileHandler' driver.
INFO - 2021-03-10 22:42:13 --> Controller "App\Controllers\base\Order" loaded.
INFO - 2021-03-10 22:42:13 --> Controller "App\Controllers\base\Beranda" loaded.
INFO - 2021-03-10 22:42:32 --> Session: Class initialized using 'CodeIgniter\Session\Handlers\FileHandler' driver.
INFO - 2021-03-10 22:42:32 --> Controller "App\Controllers\admin\Admin" loaded.
INFO - 2021-03-10 22:42:43 --> Session: Class initialized using 'CodeIgniter\Session\Handlers\FileHandler' driver.
INFO - 2021-03-10 22:42:43 --> Controller "App\Controllers\admin\Admin" loaded.
INFO - 2021-03-10 22:42:43 --> Session: Class initialized using 'CodeIgniter\Session\Handlers\FileHandler' driver.
INFO - 2021-03-10 22:42:43 --> Controller "App\Controllers\admin\Admin" loaded.
INFO - 2021-03-10 22:42:48 --> Session: Class initialized using 'CodeIgniter\Session\Handlers\FileHandler' driver.
INFO - 2021-03-10 22:42:48 --> Controller "App\Controllers\admin\Admin" loaded.
INFO - 2021-03-10 22:42:51 --> Session: Class initialized using 'CodeIgniter\Session\Handlers\FileHandler' driver.
INFO - 2021-03-10 22:42:51 --> Controller "App\Controllers\admin\Admin" loaded.
INFO - 2021-03-10 22:43:04 --> Session: Class initialized using 'CodeIgniter\Session\Handlers\FileHandler' driver.
INFO - 2021-03-10 22:43:04 --> Controller "App\Controllers\admin\Admin" loaded.
INFO - 2021-03-10 22:43:10 --> Session: Class initialized using 'CodeIgniter\Session\Handlers\FileHandler' driver.
INFO - 2021-03-10 22:43:10 --> Controller "App\Controllers\admin\Admin" loaded.
INFO - 2021-03-10 22:43:10 --> Session: Class initialized using 'CodeIgniter\Session\Handlers\FileHandler' driver.
INFO - 2021-03-10 22:43:10 --> Controller "App\Controllers\admin\Admin" loaded.
INFO - 2021-03-10 22:43:14 --> Session: Class initialized using 'CodeIgniter\Session\Handlers\FileHandler' driver.
INFO - 2021-03-10 22:43:14 --> Controller "App\Controllers\admin\Admin" loaded.
CRITICAL - 2021-03-10 22:43:14 --> rmdir(assets/users/a6e537f45e3a6844ff6c7e4203f6bd96): No such file or directory
#0 [internal function]: CodeIgniter\Debug\Exceptions->errorHandler(2, 'rmdir(assets/us...', '/home/aguestpdm...', 91, Array)
#1 /home/aguestpdmy/public_html/ngulemind/app/Controllers/admin/Admin.php(91): rmdir('assets/users/a6...')
#2 /home/aguestpdmy/public_html/ngulemind/system/CodeIgniter.php(910): App\Controllers\admin\Admin->do_hapus_user()
#3 /home/aguestpdmy/public_html/ngulemind/system/CodeIgniter.php(398): CodeIgniter\CodeIgniter->runController(Object(App\Controllers\admin\Admin))
#4 /home/aguestpdmy/public_html/ngulemind/system/CodeIgniter.php(306): CodeIgniter\CodeIgniter->handleRequest(NULL, Object(Config\Cache), false)
#5 /home/aguestpdmy/public_html/ngulemind/index.php(45): CodeIgniter\CodeIgniter->run()
#6 {main}
INFO - 2021-03-10 22:43:19 --> Session: Class initialized using 'CodeIgniter\Session\Handlers\FileHandler' driver.
INFO - 2021-03-10 22:43:19 --> Controller "App\Controllers\admin\Admin" loaded.
CRITICAL - 2021-03-10 22:43:19 --> rmdir(assets/users/8236774d008cc4774df0d4cb2bddd8ed): No such file or directory
#0 [internal function]: CodeIgniter\Debug\Exceptions->errorHandler(2, 'rmdir(assets/us...', '/home/aguestpdm...', 91, Array)
#1 /home/aguestpdmy/public_html/ngulemind/app/Controllers/admin/Admin.php(91): rmdir('assets/users/82...')
#2 /home/aguestpdmy/public_html/ngulemind/system/CodeIgniter.php(910): App\Controllers\admin\Admin->do_hapus_user()
#3 /home/aguestpdmy/public_html/ngulemind/system/CodeIgniter.php(398): CodeIgniter\CodeIgniter->runController(Object(App\Controllers\admin\Admin))
#4 /home/aguestpdmy/public_html/ngulemind/system/CodeIgniter.php(306): CodeIgniter\CodeIgniter->handleRequest(NULL, Object(Config\Cache), false)
#5 /home/aguestpdmy/public_html/ngulemind/index.php(45): CodeIgniter\CodeIgniter->run()
#6 {main}
INFO - 2021-03-10 22:43:26 --> Session: Class initialized using 'CodeIgniter\Session\Handlers\FileHandler' driver.
INFO - 2021-03-10 22:43:26 --> Controller "App\Controllers\admin\Admin" loaded.
INFO - 2021-03-10 22:43:26 --> Session: Class initialized using 'CodeIgniter\Session\Handlers\FileHandler' driver.
INFO - 2021-03-10 22:43:26 --> Controller "App\Controllers\admin\Admin" loaded.
INFO - 2021-03-10 22:43:29 --> Session: Class initialized using 'CodeIgniter\Session\Handlers\FileHandler' driver.
INFO - 2021-03-10 22:43:29 --> Controller "App\Controllers\admin\Admin" loaded.
INFO - 2021-03-10 22:43:29 --> Session: Class initialized using 'CodeIgniter\Session\Handlers\FileHandler' driver.
INFO - 2021-03-10 22:43:29 --> Controller "App\Controllers\admin\Admin" loaded.
INFO - 2021-03-10 22:43:36 --> Session: Class initialized using 'CodeIgniter\Session\Handlers\FileHandler' driver.
INFO - 2021-03-10 22:43:36 --> Controller "App\Controllers\admin\Admin" loaded.
INFO - 2021-03-10 22:43:42 --> Session: Class initialized using 'CodeIgniter\Session\Handlers\FileHandler' driver.
INFO - 2021-03-10 22:43:42 --> Controller "App\Controllers\admin\Admin" loaded.
INFO - 2021-03-10 22:43:48 --> Session: Class initialized using 'CodeIgniter\Session\Handlers\FileHandler' driver.
INFO - 2021-03-10 22:43:48 --> Controller "App\Controllers\admin\Admin" loaded.
INFO - 2021-03-10 22:43:56 --> Session: Class initialized using 'CodeIgniter\Session\Handlers\FileHandler' driver.
INFO - 2021-03-10 22:43:56 --> Controller "App\Controllers\admin\Admin" loaded.
INFO - 2021-03-10 22:44:09 --> Session: Class initialized using 'CodeIgniter\Session\Handlers\FileHandler' driver.
INFO - 2021-03-10 22:44:09 --> Controller "App\Controllers\admin\Admin" loaded.
INFO - 2021-03-10 22:44:09 --> Session: Class initialized using 'CodeIgniter\Session\Handlers\FileHandler' driver.
INFO - 2021-03-10 22:44:09 --> Controller "App\Controllers\admin\Admin" loaded.
INFO - 2021-03-10 22:44:14 --> Session: Class initialized using 'CodeIgniter\Session\Handlers\FileHandler' driver.
INFO - 2021-03-10 22:44:14 --> Controller "App\Controllers\admin\Admin" loaded.
INFO - 2021-03-10 22:44:20 --> Session: Class initialized using 'CodeIgniter\Session\Handlers\FileHandler' driver.
INFO - 2021-03-10 22:44:20 --> Controller "App\Controllers\admin\Admin" loaded.
INFO - 2021-03-10 22:44:20 --> Session: Class initialized using 'CodeIgniter\Session\Handlers\FileHandler' driver.
INFO - 2021-03-10 22:44:20 --> Controller "App\Controllers\admin\Admin" loaded.
INFO - 2021-03-10 22:44:25 --> Session: Class initialized using 'CodeIgniter\Session\Handlers\FileHandler' driver.
INFO - 2021-03-10 22:44:25 --> Controller "App\Controllers\admin\Admin" loaded.
CRITICAL - 2021-03-10 22:44:25 --> rmdir(assets/users/a6e537f45e3a6844ff6c7e4203f6bd96): No such file or directory
#0 [internal function]: CodeIgniter\Debug\Exceptions->errorHandler(2, 'rmdir(assets/us...', '/home/aguestpdm...', 91, Array)
#1 /home/aguestpdmy/public_html/ngulemind/app/Controllers/admin/Admin.php(91): rmdir('assets/users/a6...')
#2 /home/aguestpdmy/public_html/ngulemind/system/CodeIgniter.php(910): App\Controllers\admin\Admin->do_hapus_user()
#3 /home/aguestpdmy/public_html/ngulemind/system/CodeIgniter.php(398): CodeIgniter\CodeIgniter->runController(Object(App\Controllers\admin\Admin))
#4 /home/aguestpdmy/public_html/ngulemind/system/CodeIgniter.php(306): CodeIgniter\CodeIgniter->handleRequest(NULL, Object(Config\Cache), false)
#5 /home/aguestpdmy/public_html/ngulemind/index.php(45): CodeIgniter\CodeIgniter->run()
#6 {main}
INFO - 2021-03-10 22:44:27 --> Session: Class initialized using 'CodeIgniter\Session\Handlers\FileHandler' driver.
INFO - 2021-03-10 22:44:27 --> Controller "App\Controllers\admin\Admin" loaded.
INFO - 2021-03-10 22:44:33 --> Session: Class initialized using 'CodeIgniter\Session\Handlers\FileHandler' driver.
INFO - 2021-03-10 22:44:33 --> Controller "App\Controllers\admin\Admin" loaded.
INFO - 2021-03-10 22:44:38 --> Session: Class initialized using 'CodeIgniter\Session\Handlers\FileHandler' driver.
INFO - 2021-03-10 22:44:38 --> Controller "App\Controllers\admin\Admin" loaded.
INFO - 2021-03-10 22:44:45 --> Session: Class initialized using 'CodeIgniter\Session\Handlers\FileHandler' driver.
INFO - 2021-03-10 22:44:45 --> Controller "App\Controllers\admin\Admin" loaded.
INFO - 2021-03-10 22:44:49 --> Session: Class initialized using 'CodeIgniter\Session\Handlers\FileHandler' driver.
INFO - 2021-03-10 22:44:49 --> Controller "App\Controllers\admin\Admin" loaded.
INFO - 2021-03-10 22:44:53 --> Session: Class initialized using 'CodeIgniter\Session\Handlers\FileHandler' driver.
INFO - 2021-03-10 22:44:53 --> Controller "App\Controllers\admin\Admin" loaded.
INFO - 2021-03-10 22:44:53 --> Session: Class initialized using 'CodeIgniter\Session\Handlers\FileHandler' driver.
INFO - 2021-03-10 22:44:53 --> Controller "App\Controllers\admin\Admin" loaded.
INFO - 2021-03-10 22:45:01 --> Controller "App\Controllers\base\Beranda" loaded.
INFO - 2021-03-10 22:45:04 --> Session: Class initialized using 'CodeIgniter\Session\Handlers\FileHandler' driver.
INFO - 2021-03-10 22:45:04 --> Controller "App\Controllers\base\Order" loaded.
INFO - 2021-03-10 22:45:31 --> Session: Class initialized using 'CodeIgniter\Session\Handlers\FileHandler' driver.
INFO - 2021-03-10 22:45:31 --> Controller "App\Controllers\base\Order" loaded.
INFO - 2021-03-10 22:45:41 --> Session: Class initialized using 'CodeIgniter\Session\Handlers\FileHandler' driver.
INFO - 2021-03-10 22:45:41 --> Controller "App\Controllers\base\Order" loaded.
INFO - 2021-03-10 22:46:02 --> Session: Class initialized using 'CodeIgniter\Session\Handlers\FileHandler' driver.
INFO - 2021-03-10 22:46:02 --> Controller "App\Controllers\base\Order" loaded.
INFO - 2021-03-10 22:46:22 --> Session: Class initialized using 'CodeIgniter\Session\Handlers\FileHandler' driver.
INFO - 2021-03-10 22:46:22 --> Controller "App\Controllers\base\Order" loaded.
INFO - 2021-03-10 22:46:23 --> Session: Class initialized using 'CodeIgniter\Session\Handlers\FileHandler' driver.
INFO - 2021-03-10 22:46:23 --> Controller "App\Controllers\base\Order" loaded.
INFO - 2021-03-10 22:46:45 --> Session: Class initialized using 'CodeIgniter\Session\Handlers\FileHandler' driver.
INFO - 2021-03-10 22:46:45 --> Controller "App\Controllers\base\Order" loaded.
INFO - 2021-03-10 22:46:52 --> Session: Class initialized using 'CodeIgniter\Session\Handlers\FileHandler' driver.
INFO - 2021-03-10 22:46:52 --> Controller "App\Controllers\base\Order" loaded.
INFO - 2021-03-10 22:46:53 --> Controller "App\Controllers\base\Beranda" loaded.
INFO - 2021-03-10 22:46:57 --> Session: Class initialized using 'CodeIgniter\Session\Handlers\FileHandler' driver.
INFO - 2021-03-10 22:46:57 --> Controller "App\Controllers\base\Order" loaded.
INFO - 2021-03-10 22:47:01 --> Session: Class initialized using 'CodeIgniter\Session\Handlers\FileHandler' driver.
INFO - 2021-03-10 22:47:01 --> Controller "App\Controllers\base\Order" loaded.
INFO - 2021-03-10 22:47:01 --> Session: Class initialized using 'CodeIgniter\Session\Handlers\FileHandler' driver.
INFO - 2021-03-10 22:47:01 --> Controller "App\Controllers\base\Order" loaded.
INFO - 2021-03-10 22:47:02 --> Session: Class initialized using 'CodeIgniter\Session\Handlers\FileHandler' driver.
INFO - 2021-03-10 22:47:02 --> Controller "App\Controllers\undangan\Undangan" loaded.
INFO - 2021-03-10 22:47:24 --> Session: Class initialized using 'CodeIgniter\Session\Handlers\FileHandler' driver.
INFO - 2021-03-10 22:47:24 --> Controller "App\Controllers\admin\Admin" loaded.
INFO - 2021-03-10 22:47:28 --> Session: Class initialized using 'CodeIgniter\Session\Handlers\FileHandler' driver.
INFO - 2021-03-10 22:47:28 --> Controller "App\Controllers\admin\Admin" loaded.
INFO - 2021-03-10 22:47:28 --> Session: Class initialized using 'CodeIgniter\Session\Handlers\FileHandler' driver.
INFO - 2021-03-10 22:47:28 --> Controller "App\Controllers\admin\Admin" loaded.
INFO - 2021-03-10 22:50:34 --> Controller "App\Controllers\base\Beranda" loaded.
INFO - 2021-03-10 22:50:38 --> Session: Class initialized using 'CodeIgniter\Session\Handlers\FileHandler' driver.
INFO - 2021-03-10 22:50:38 --> Controller "App\Controllers\base\Order" loaded.
INFO - 2021-03-10 22:50:38 --> Controller "App\Controllers\base\Beranda" loaded.
INFO - 2021-03-10 22:50:42 --> Session: Class initialized using 'CodeIgniter\Session\Handlers\FileHandler' driver.
INFO - 2021-03-10 22:50:42 --> Controller "App\Controllers\base\Order" loaded.
INFO - 2021-03-10 22:50:59 --> Session: Class initialized using 'CodeIgniter\Session\Handlers\FileHandler' driver.
INFO - 2021-03-10 22:50:59 --> Controller "App\Controllers\admin\Admin" loaded.
INFO - 2021-03-10 22:51:20 --> Session: Class initialized using 'CodeIgniter\Session\Handlers\FileHandler' driver.
INFO - 2021-03-10 22:51:20 --> Controller "App\Controllers\base\Order" loaded.
INFO - 2021-03-10 22:52:16 --> Session: Class initialized using 'CodeIgniter\Session\Handlers\FileHandler' driver.
INFO - 2021-03-10 22:52:16 --> Controller "App\Controllers\base\Order" loaded.
INFO - 2021-03-10 22:52:31 --> Session: Class initialized using 'CodeIgniter\Session\Handlers\FileHandler' driver.
INFO - 2021-03-10 22:52:31 --> Controller "App\Controllers\base\Order" loaded.
INFO - 2021-03-10 22:52:50 --> Session: Class initialized using 'CodeIgniter\Session\Handlers\FileHandler' driver.
INFO - 2021-03-10 22:52:50 --> Controller "App\Controllers\base\Order" loaded.
INFO - 2021-03-10 22:53:11 --> Session: Class initialized using 'CodeIgniter\Session\Handlers\FileHandler' driver.
INFO - 2021-03-10 22:53:11 --> Controller "App\Controllers\base\Order" loaded.
INFO - 2021-03-10 22:53:35 --> Session: Class initialized using 'CodeIgniter\Session\Handlers\FileHandler' driver.
INFO - 2021-03-10 22:53:35 --> Controller "App\Controllers\base\Order" loaded.
INFO - 2021-03-10 22:53:38 --> Session: Class initialized using 'CodeIgniter\Session\Handlers\FileHandler' driver.
INFO - 2021-03-10 22:53:38 --> Controller "App\Controllers\base\Order" loaded.
INFO - 2021-03-10 22:53:39 --> Controller "App\Controllers\base\Beranda" loaded.
INFO - 2021-03-10 22:53:41 --> Session: Class initialized using 'CodeIgniter\Session\Handlers\FileHandler' driver.
INFO - 2021-03-10 22:53:41 --> Controller "App\Controllers\base\Order" loaded.
INFO - 2021-03-10 22:53:44 --> Session: Class initialized using 'CodeIgniter\Session\Handlers\FileHandler' driver.
INFO - 2021-03-10 22:53:44 --> Controller "App\Controllers\base\Order" loaded.
INFO - 2021-03-10 22:53:45 --> Session: Class initialized using 'CodeIgniter\Session\Handlers\FileHandler' driver.
INFO - 2021-03-10 22:53:45 --> Controller "App\Controllers\base\Order" loaded.
INFO - 2021-03-10 22:53:47 --> Session: Class initialized using 'CodeIgniter\Session\Handlers\FileHandler' driver.
INFO - 2021-03-10 22:53:47 --> Controller "App\Controllers\undangan\Undangan" loaded.
INFO - 2021-03-10 22:54:56 --> Session: Class initialized using 'CodeIgniter\Session\Handlers\FileHandler' driver.
INFO - 2021-03-10 22:54:56 --> Controller "App\Controllers\undangan\Undangan" loaded.
INFO - 2021-03-10 22:55:07 --> Session: Class initialized using 'CodeIgniter\Session\Handlers\FileHandler' driver.
INFO - 2021-03-10 22:55:07 --> Session: Class initialized using 'CodeIgniter\Session\Handlers\FileHandler' driver.
INFO - 2021-03-10 22:55:07 --> Controller "App\Controllers\base\Dashboard" loaded.
INFO - 2021-03-10 22:55:18 --> Session: Class initialized using 'CodeIgniter\Session\Handlers\FileHandler' driver.
INFO - 2021-03-10 22:55:18 --> Controller "App\Controllers\base\Dashboard" loaded.
INFO - 2021-03-10 22:55:18 --> Session: Class initialized using 'CodeIgniter\Session\Handlers\FileHandler' driver.
INFO - 2021-03-10 22:55:18 --> Controller "App\Controllers\base\Dashboard" loaded.
INFO - 2021-03-10 22:55:24 --> Session: Class initialized using 'CodeIgniter\Session\Handlers\FileHandler' driver.
INFO - 2021-03-10 22:55:24 --> Controller "App\Controllers\base\Dashboard" loaded.
INFO - 2021-03-10 22:55:40 --> Session: Class initialized using 'CodeIgniter\Session\Handlers\FileHandler' driver.
INFO - 2021-03-10 22:55:40 --> Controller "App\Controllers\base\Dashboard" loaded.
INFO - 2021-03-10 22:55:58 --> Session: Class initialized using 'CodeIgniter\Session\Handlers\FileHandler' driver.
INFO - 2021-03-10 22:55:58 --> Controller "App\Controllers\admin\Admin" loaded.
INFO - 2021-03-10 22:56:01 --> Session: Class initialized using 'CodeIgniter\Session\Handlers\FileHandler' driver.
INFO - 2021-03-10 22:56:01 --> Controller "App\Controllers\undangan\Undangan" loaded.
INFO - 2021-03-10 22:56:17 --> Session: Class initialized using 'CodeIgniter\Session\Handlers\FileHandler' driver.
INFO - 2021-03-10 22:56:17 --> Session: Class initialized using 'CodeIgniter\Session\Handlers\FileHandler' driver.
INFO - 2021-03-10 22:56:17 --> Controller "App\Controllers\base\Dashboard" loaded.
INFO - 2021-03-10 22:56:34 --> Session: Class initialized using 'CodeIgniter\Session\Handlers\FileHandler' driver.
INFO - 2021-03-10 22:56:34 --> Controller "App\Controllers\base\Dashboard" loaded.
INFO - 2021-03-10 22:56:34 --> Session: Class initialized using 'CodeIgniter\Session\Handlers\FileHandler' driver.
INFO - 2021-03-10 22:56:34 --> Controller "App\Controllers\base\Dashboard" loaded.
INFO - 2021-03-10 22:56:39 --> Session: Class initialized using 'CodeIgniter\Session\Handlers\FileHandler' driver.
INFO - 2021-03-10 22:56:39 --> Controller "App\Controllers\base\Dashboard" loaded.
INFO - 2021-03-10 22:57:02 --> Session: Class initialized using 'CodeIgniter\Session\Handlers\FileHandler' driver.
INFO - 2021-03-10 22:57:02 --> Controller "App\Controllers\base\Dashboard" loaded.
INFO - 2021-03-10 22:59:04 --> Controller "App\Controllers\base\Beranda" loaded.
INFO - 2021-03-10 23:00:44 --> Session: Class initialized using 'CodeIgniter\Session\Handlers\FileHandler' driver.
INFO - 2021-03-10 23:00:44 --> Controller "App\Controllers\base\Dashboard" loaded.
INFO - 2021-03-10 23:00:51 --> Session: Class initialized using 'CodeIgniter\Session\Handlers\FileHandler' driver.
INFO - 2021-03-10 23:00:51 --> Controller "App\Controllers\base\Dashboard" loaded.
INFO - 2021-03-10 23:01:03 --> Session: Class initialized using 'CodeIgniter\Session\Handlers\FileHandler' driver.
INFO - 2021-03-10 23:01:04 --> Session: Class initialized using 'CodeIgniter\Session\Handlers\FileHandler' driver.
INFO - 2021-03-10 23:01:04 --> Controller "App\Controllers\base\Dashboard" loaded.
INFO - 2021-03-10 23:01:20 --> Session: Class initialized using 'CodeIgniter\Session\Handlers\FileHandler' driver.
INFO - 2021-03-10 23:01:20 --> Controller "App\Controllers\base\Dashboard" loaded.
INFO - 2021-03-10 23:01:20 --> Session: Class initialized using 'CodeIgniter\Session\Handlers\FileHandler' driver.
INFO - 2021-03-10 23:01:20 --> Controller "App\Controllers\base\Dashboard" loaded.
INFO - 2021-03-10 23:01:33 --> Session: Class initialized using 'CodeIgniter\Session\Handlers\FileHandler' driver.
INFO - 2021-03-10 23:01:33 --> Controller "App\Controllers\base\Dashboard" loaded.
INFO - 2021-03-10 23:01:33 --> Session: Class initialized using 'CodeIgniter\Session\Handlers\FileHandler' driver.
INFO - 2021-03-10 23:01:33 --> Controller "App\Controllers\base\Dashboard" loaded.
INFO - 2021-03-10 23:01:39 --> Session: Class initialized using 'CodeIgniter\Session\Handlers\FileHandler' driver.
INFO - 2021-03-10 23:01:39 --> Controller "App\Controllers\base\Dashboard" loaded.
INFO - 2021-03-10 23:02:17 --> Session: Class initialized using 'CodeIgniter\Session\Handlers\FileHandler' driver.
INFO - 2021-03-10 23:02:17 --> Controller "App\Controllers\base\Dashboard" loaded.
INFO - 2021-03-10 23:02:41 --> Session: Class initialized using 'CodeIgniter\Session\Handlers\FileHandler' driver.
INFO - 2021-03-10 23:02:42 --> Session: Class initialized using 'CodeIgniter\Session\Handlers\FileHandler' driver.
INFO - 2021-03-10 23:02:42 --> Controller "App\Controllers\base\Dashboard" loaded.
INFO - 2021-03-10 23:02:59 --> Session: Class initialized using 'CodeIgniter\Session\Handlers\FileHandler' driver.
INFO - 2021-03-10 23:02:59 --> Controller "App\Controllers\base\Dashboard" loaded.
INFO - 2021-03-10 23:02:59 --> Session: Class initialized using 'CodeIgniter\Session\Handlers\FileHandler' driver.
INFO - 2021-03-10 23:02:59 --> Controller "App\Controllers\base\Dashboard" loaded.
INFO - 2021-03-10 23:03:04 --> Session: Class initialized using 'CodeIgniter\Session\Handlers\FileHandler' driver.
INFO - 2021-03-10 23:03:04 --> Controller "App\Controllers\base\Dashboard" loaded.
INFO - 2021-03-10 23:03:35 --> Session: Class initialized using 'CodeIgniter\Session\Handlers\FileHandler' driver.
INFO - 2021-03-10 23:03:35 --> Controller "App\Controllers\base\Dashboard" loaded.
INFO - 2021-03-10 23:03:50 --> Session: Class initialized using 'CodeIgniter\Session\Handlers\FileHandler' driver.
INFO - 2021-03-10 23:03:50 --> Controller "App\Controllers\base\Dashboard" loaded.
