INFO - 2021-11-11 00:02:33 --> Controller "App\Controllers\base\Beranda" loaded.
INFO - 2021-11-11 01:34:36 --> Session: Class initialized using 'CodeIgniter\Session\Handlers\FileHandler' driver.
INFO - 2021-11-11 01:34:36 --> Controller "App\Controllers\undangan\Undangan" loaded.
INFO - 2021-11-11 01:35:08 --> Session: Class initialized using 'CodeIgniter\Session\Handlers\FileHandler' driver.
INFO - 2021-11-11 01:35:08 --> Controller "App\Controllers\undangan\Undangan" loaded.
INFO - 2021-11-11 01:54:13 --> Controller "App\Controllers\base\Beranda" loaded.
INFO - 2021-11-11 01:54:30 --> Session: Class initialized using 'CodeIgniter\Session\Handlers\FileHandler' driver.
INFO - 2021-11-11 01:54:30 --> Controller "App\Controllers\undangan\Undangan" loaded.
INFO - 2021-11-11 01:55:18 --> Session: Class initialized using 'CodeIgniter\Session\Handlers\FileHandler' driver.
INFO - 2021-11-11 01:55:18 --> Controller "App\Controllers\undangan\Undangan" loaded.
INFO - 2021-11-11 02:14:39 --> Controller "App\Controllers\base\Beranda" loaded.
INFO - 2021-11-11 02:14:40 --> Controller "App\Controllers\base\Beranda" loaded.
INFO - 2021-11-11 02:35:47 --> Controller "App\Controllers\base\Beranda" loaded.
INFO - 2021-11-11 04:06:29 --> Controller "App\Controllers\base\Beranda" loaded.
INFO - 2021-11-11 04:06:29 --> Controller "App\Controllers\base\Beranda" loaded.
INFO - 2021-11-11 04:06:29 --> Controller "App\Controllers\base\Beranda" loaded.
INFO - 2021-11-11 04:06:29 --> Controller "App\Controllers\base\Beranda" loaded.
INFO - 2021-11-11 04:06:29 --> Controller "App\Controllers\base\Beranda" loaded.
INFO - 2021-11-11 04:06:29 --> Controller "App\Controllers\base\Beranda" loaded.
INFO - 2021-11-11 04:44:31 --> Controller "App\Controllers\base\Beranda" loaded.
INFO - 2021-11-11 05:46:38 --> Session: Class initialized using 'CodeIgniter\Session\Handlers\FileHandler' driver.
INFO - 2021-11-11 05:46:38 --> Controller "App\Controllers\undangan\Undangan" loaded.
INFO - 2021-11-11 05:46:40 --> Session: Class initialized using 'CodeIgniter\Session\Handlers\FileHandler' driver.
INFO - 2021-11-11 05:46:40 --> Controller "App\Controllers\undangan\Undangan" loaded.
INFO - 2021-11-11 05:48:30 --> Session: Class initialized using 'CodeIgniter\Session\Handlers\FileHandler' driver.
INFO - 2021-11-11 05:48:30 --> Controller "App\Controllers\undangan\Undangan" loaded.
INFO - 2021-11-11 05:48:32 --> Session: Class initialized using 'CodeIgniter\Session\Handlers\FileHandler' driver.
INFO - 2021-11-11 05:48:32 --> Controller "App\Controllers\undangan\Undangan" loaded.
INFO - 2021-11-11 05:54:58 --> Session: Class initialized using 'CodeIgniter\Session\Handlers\FileHandler' driver.
INFO - 2021-11-11 05:54:58 --> Controller "App\Controllers\base\Dashboard" loaded.
INFO - 2021-11-11 05:55:09 --> Session: Class initialized using 'CodeIgniter\Session\Handlers\FileHandler' driver.
INFO - 2021-11-11 05:55:09 --> Controller "App\Controllers\base\Dashboard" loaded.
INFO - 2021-11-11 05:55:09 --> Session: Class initialized using 'CodeIgniter\Session\Handlers\FileHandler' driver.
INFO - 2021-11-11 05:55:09 --> Controller "App\Controllers\base\Dashboard" loaded.
INFO - 2021-11-11 06:09:30 --> Controller "App\Controllers\base\Beranda" loaded.
INFO - 2021-11-11 07:00:03 --> Controller "App\Controllers\base\Beranda" loaded.
INFO - 2021-11-11 07:10:02 --> Controller "App\Controllers\base\Beranda" loaded.
INFO - 2021-11-11 07:20:03 --> Controller "App\Controllers\base\Beranda" loaded.
INFO - 2021-11-11 07:30:02 --> Controller "App\Controllers\base\Beranda" loaded.
INFO - 2021-11-11 07:32:58 --> Controller "App\Controllers\base\Beranda" loaded.
INFO - 2021-11-11 07:40:02 --> Controller "App\Controllers\base\Beranda" loaded.
INFO - 2021-11-11 07:50:02 --> Controller "App\Controllers\base\Beranda" loaded.
INFO - 2021-11-11 07:53:07 --> Session: Class initialized using 'CodeIgniter\Session\Handlers\FileHandler' driver.
INFO - 2021-11-11 07:53:07 --> Controller "App\Controllers\admin\Admin" loaded.
INFO - 2021-11-11 08:00:02 --> Controller "App\Controllers\base\Beranda" loaded.
INFO - 2021-11-11 08:10:02 --> Controller "App\Controllers\base\Beranda" loaded.
INFO - 2021-11-11 08:20:02 --> Controller "App\Controllers\base\Beranda" loaded.
INFO - 2021-11-11 08:26:04 --> Controller "App\Controllers\base\Beranda" loaded.
INFO - 2021-11-11 08:29:36 --> Controller "App\Controllers\base\Beranda" loaded.
INFO - 2021-11-11 08:30:02 --> Controller "App\Controllers\base\Beranda" loaded.
INFO - 2021-11-11 08:40:02 --> Controller "App\Controllers\base\Beranda" loaded.
INFO - 2021-11-11 08:50:02 --> Controller "App\Controllers\base\Beranda" loaded.
INFO - 2021-11-11 09:00:02 --> Controller "App\Controllers\base\Beranda" loaded.
INFO - 2021-11-11 09:10:02 --> Controller "App\Controllers\base\Beranda" loaded.
INFO - 2021-11-11 09:16:24 --> Controller "App\Controllers\base\Beranda" loaded.
INFO - 2021-11-11 09:16:24 --> Controller "App\Controllers\base\Beranda" loaded.
INFO - 2021-11-11 09:16:24 --> Controller "App\Controllers\base\Beranda" loaded.
INFO - 2021-11-11 09:16:24 --> Controller "App\Controllers\base\Beranda" loaded.
INFO - 2021-11-11 09:16:24 --> Controller "App\Controllers\base\Beranda" loaded.
INFO - 2021-11-11 09:16:24 --> Controller "App\Controllers\base\Beranda" loaded.
INFO - 2021-11-11 09:16:25 --> Controller "App\Controllers\base\Beranda" loaded.
INFO - 2021-11-11 09:16:25 --> Controller "App\Controllers\base\Beranda" loaded.
INFO - 2021-11-11 09:16:25 --> Controller "App\Controllers\base\Beranda" loaded.
INFO - 2021-11-11 09:16:25 --> Controller "App\Controllers\base\Beranda" loaded.
INFO - 2021-11-11 09:16:25 --> Controller "App\Controllers\base\Beranda" loaded.
INFO - 2021-11-11 09:16:25 --> Controller "App\Controllers\base\Beranda" loaded.
INFO - 2021-11-11 09:16:25 --> Controller "App\Controllers\base\Beranda" loaded.
INFO - 2021-11-11 09:16:25 --> Controller "App\Controllers\base\Beranda" loaded.
INFO - 2021-11-11 09:16:25 --> Controller "App\Controllers\base\Beranda" loaded.
INFO - 2021-11-11 09:16:25 --> Controller "App\Controllers\base\Beranda" loaded.
INFO - 2021-11-11 09:16:25 --> Controller "App\Controllers\base\Beranda" loaded.
INFO - 2021-11-11 09:16:25 --> Controller "App\Controllers\base\Beranda" loaded.
INFO - 2021-11-11 09:16:25 --> Controller "App\Controllers\base\Beranda" loaded.
INFO - 2021-11-11 09:16:25 --> Controller "App\Controllers\base\Beranda" loaded.
INFO - 2021-11-11 09:20:02 --> Controller "App\Controllers\base\Beranda" loaded.
INFO - 2021-11-11 09:30:02 --> Controller "App\Controllers\base\Beranda" loaded.
INFO - 2021-11-11 09:33:16 --> Controller "App\Controllers\base\Beranda" loaded.
INFO - 2021-11-11 09:40:02 --> Controller "App\Controllers\base\Beranda" loaded.
INFO - 2021-11-11 09:50:02 --> Controller "App\Controllers\base\Beranda" loaded.
INFO - 2021-11-11 10:00:02 --> Controller "App\Controllers\base\Beranda" loaded.
INFO - 2021-11-11 10:10:03 --> Controller "App\Controllers\base\Beranda" loaded.
INFO - 2021-11-11 10:20:02 --> Controller "App\Controllers\base\Beranda" loaded.
INFO - 2021-11-11 10:30:02 --> Controller "App\Controllers\base\Beranda" loaded.
INFO - 2021-11-11 10:36:47 --> Controller "App\Controllers\base\Beranda" loaded.
INFO - 2021-11-11 10:40:03 --> Controller "App\Controllers\base\Beranda" loaded.
INFO - 2021-11-11 10:50:03 --> Controller "App\Controllers\base\Beranda" loaded.
INFO - 2021-11-11 11:00:03 --> Controller "App\Controllers\base\Beranda" loaded.
INFO - 2021-11-11 11:10:02 --> Controller "App\Controllers\base\Beranda" loaded.
INFO - 2021-11-11 11:20:02 --> Controller "App\Controllers\base\Beranda" loaded.
INFO - 2021-11-11 11:28:40 --> Session: Class initialized using 'CodeIgniter\Session\Handlers\FileHandler' driver.
INFO - 2021-11-11 11:28:40 --> Controller "App\Controllers\undangan\Undangan" loaded.
INFO - 2021-11-11 11:30:03 --> Controller "App\Controllers\base\Beranda" loaded.
INFO - 2021-11-11 11:40:03 --> Controller "App\Controllers\base\Beranda" loaded.
INFO - 2021-11-11 11:45:28 --> Session: Class initialized using 'CodeIgniter\Session\Handlers\FileHandler' driver.
INFO - 2021-11-11 11:45:28 --> Controller "App\Controllers\undangan\Undangan" loaded.
INFO - 2021-11-11 11:45:32 --> Session: Class initialized using 'CodeIgniter\Session\Handlers\FileHandler' driver.
INFO - 2021-11-11 11:45:32 --> Controller "App\Controllers\undangan\Undangan" loaded.
INFO - 2021-11-11 11:45:41 --> Session: Class initialized using 'CodeIgniter\Session\Handlers\FileHandler' driver.
INFO - 2021-11-11 11:45:41 --> Controller "App\Controllers\undangan\Undangan" loaded.
INFO - 2021-11-11 11:45:50 --> Session: Class initialized using 'CodeIgniter\Session\Handlers\FileHandler' driver.
INFO - 2021-11-11 11:45:50 --> Controller "App\Controllers\undangan\Undangan" loaded.
INFO - 2021-11-11 11:45:54 --> Session: Class initialized using 'CodeIgniter\Session\Handlers\FileHandler' driver.
INFO - 2021-11-11 11:45:54 --> Controller "App\Controllers\undangan\Undangan" loaded.
INFO - 2021-11-11 11:45:58 --> Session: Class initialized using 'CodeIgniter\Session\Handlers\FileHandler' driver.
INFO - 2021-11-11 11:45:58 --> Controller "App\Controllers\undangan\Undangan" loaded.
INFO - 2021-11-11 11:50:02 --> Controller "App\Controllers\base\Beranda" loaded.
INFO - 2021-11-11 12:00:03 --> Controller "App\Controllers\base\Beranda" loaded.
INFO - 2021-11-11 12:10:03 --> Controller "App\Controllers\base\Beranda" loaded.
INFO - 2021-11-11 12:20:02 --> Controller "App\Controllers\base\Beranda" loaded.
INFO - 2021-11-11 12:30:03 --> Controller "App\Controllers\base\Beranda" loaded.
INFO - 2021-11-11 12:35:18 --> Controller "App\Controllers\base\Beranda" loaded.
CRITICAL - 2021-11-11 12:35:18 --> You must set the database table to be used with your query.
#0 /home/nguh5634/public_html/system/Model.php(1190): CodeIgniter\Database\BaseConnection->table(NULL)
#1 /home/nguh5634/public_html/system/Model.php(1700): CodeIgniter\Model->builder()
#2 /home/nguh5634/public_html/app/Controllers/base/Beranda.php(218): CodeIgniter\Model->__call('get_pembayaran_...', Array)
#3 /home/nguh5634/public_html/system/CodeIgniter.php(910): App\Controllers\base\Beranda->notification()
#4 /home/nguh5634/public_html/system/CodeIgniter.php(398): CodeIgniter\CodeIgniter->runController(Object(App\Controllers\base\Beranda))
#5 /home/nguh5634/public_html/system/CodeIgniter.php(306): CodeIgniter\CodeIgniter->handleRequest(NULL, Object(Config\Cache), false)
#6 /home/nguh5634/public_html/index.php(45): CodeIgniter\CodeIgniter->run()
#7 {main}
INFO - 2021-11-11 12:37:15 --> Controller "App\Controllers\base\Beranda" loaded.
CRITICAL - 2021-11-11 12:37:15 --> You must set the database table to be used with your query.
#0 /home/nguh5634/public_html/system/Model.php(1190): CodeIgniter\Database\BaseConnection->table(NULL)
#1 /home/nguh5634/public_html/system/Model.php(1700): CodeIgniter\Model->builder()
#2 /home/nguh5634/public_html/app/Controllers/base/Beranda.php(218): CodeIgniter\Model->__call('get_pembayaran_...', Array)
#3 /home/nguh5634/public_html/system/CodeIgniter.php(910): App\Controllers\base\Beranda->notification()
#4 /home/nguh5634/public_html/system/CodeIgniter.php(398): CodeIgniter\CodeIgniter->runController(Object(App\Controllers\base\Beranda))
#5 /home/nguh5634/public_html/system/CodeIgniter.php(306): CodeIgniter\CodeIgniter->handleRequest(NULL, Object(Config\Cache), false)
#6 /home/nguh5634/public_html/index.php(45): CodeIgniter\CodeIgniter->run()
#7 {main}
INFO - 2021-11-11 12:40:03 --> Controller "App\Controllers\base\Beranda" loaded.
INFO - 2021-11-11 12:50:03 --> Controller "App\Controllers\base\Beranda" loaded.
INFO - 2021-11-11 13:00:03 --> Controller "App\Controllers\base\Beranda" loaded.
INFO - 2021-11-11 13:10:02 --> Controller "App\Controllers\base\Beranda" loaded.
INFO - 2021-11-11 13:20:03 --> Controller "App\Controllers\base\Beranda" loaded.
INFO - 2021-11-11 13:20:38 --> Controller "App\Controllers\base\Beranda" loaded.
INFO - 2021-11-11 13:26:00 --> Controller "App\Controllers\base\Beranda" loaded.
INFO - 2021-11-11 13:26:00 --> Controller "App\Controllers\base\Beranda" loaded.
INFO - 2021-11-11 13:26:01 --> Controller "App\Controllers\base\Beranda" loaded.
INFO - 2021-11-11 13:26:01 --> Controller "App\Controllers\base\Beranda" loaded.
INFO - 2021-11-11 13:26:01 --> Controller "App\Controllers\base\Beranda" loaded.
INFO - 2021-11-11 13:26:01 --> Controller "App\Controllers\base\Beranda" loaded.
INFO - 2021-11-11 13:26:03 --> Controller "App\Controllers\base\Beranda" loaded.
INFO - 2021-11-11 13:26:03 --> Controller "App\Controllers\base\Beranda" loaded.
INFO - 2021-11-11 13:26:03 --> Controller "App\Controllers\base\Beranda" loaded.
INFO - 2021-11-11 13:26:03 --> Controller "App\Controllers\base\Beranda" loaded.
INFO - 2021-11-11 13:26:04 --> Controller "App\Controllers\base\Beranda" loaded.
INFO - 2021-11-11 13:26:04 --> Controller "App\Controllers\base\Beranda" loaded.
INFO - 2021-11-11 13:26:05 --> Controller "App\Controllers\base\Beranda" loaded.
INFO - 2021-11-11 13:26:05 --> Controller "App\Controllers\base\Beranda" loaded.
INFO - 2021-11-11 13:26:05 --> Controller "App\Controllers\base\Beranda" loaded.
INFO - 2021-11-11 13:26:05 --> Controller "App\Controllers\base\Beranda" loaded.
INFO - 2021-11-11 13:26:06 --> Controller "App\Controllers\base\Beranda" loaded.
INFO - 2021-11-11 13:26:06 --> Controller "App\Controllers\base\Beranda" loaded.
INFO - 2021-11-11 13:26:06 --> Controller "App\Controllers\base\Beranda" loaded.
INFO - 2021-11-11 13:26:06 --> Controller "App\Controllers\base\Beranda" loaded.
INFO - 2021-11-11 13:26:07 --> Controller "App\Controllers\base\Beranda" loaded.
INFO - 2021-11-11 13:26:07 --> Controller "App\Controllers\base\Beranda" loaded.
INFO - 2021-11-11 13:26:09 --> Controller "App\Controllers\base\Beranda" loaded.
INFO - 2021-11-11 13:26:09 --> Controller "App\Controllers\base\Beranda" loaded.
INFO - 2021-11-11 13:26:09 --> Controller "App\Controllers\base\Beranda" loaded.
INFO - 2021-11-11 13:26:09 --> Controller "App\Controllers\base\Beranda" loaded.
INFO - 2021-11-11 13:26:10 --> Controller "App\Controllers\base\Beranda" loaded.
INFO - 2021-11-11 13:26:10 --> Controller "App\Controllers\base\Beranda" loaded.
INFO - 2021-11-11 13:26:11 --> Controller "App\Controllers\base\Beranda" loaded.
INFO - 2021-11-11 13:26:11 --> Controller "App\Controllers\base\Beranda" loaded.
INFO - 2021-11-11 13:26:11 --> Controller "App\Controllers\base\Beranda" loaded.
INFO - 2021-11-11 13:26:11 --> Controller "App\Controllers\base\Beranda" loaded.
INFO - 2021-11-11 13:26:12 --> Controller "App\Controllers\base\Beranda" loaded.
INFO - 2021-11-11 13:26:12 --> Controller "App\Controllers\base\Beranda" loaded.
INFO - 2021-11-11 13:26:13 --> Controller "App\Controllers\base\Beranda" loaded.
INFO - 2021-11-11 13:26:13 --> Controller "App\Controllers\base\Beranda" loaded.
INFO - 2021-11-11 13:26:13 --> Controller "App\Controllers\base\Beranda" loaded.
INFO - 2021-11-11 13:26:13 --> Controller "App\Controllers\base\Beranda" loaded.
INFO - 2021-11-11 13:26:14 --> Controller "App\Controllers\base\Beranda" loaded.
INFO - 2021-11-11 13:26:14 --> Controller "App\Controllers\base\Beranda" loaded.
INFO - 2021-11-11 13:26:15 --> Controller "App\Controllers\base\Beranda" loaded.
INFO - 2021-11-11 13:26:16 --> Controller "App\Controllers\base\Beranda" loaded.
INFO - 2021-11-11 13:26:16 --> Controller "App\Controllers\base\Beranda" loaded.
INFO - 2021-11-11 13:26:17 --> Controller "App\Controllers\base\Beranda" loaded.
INFO - 2021-11-11 13:26:17 --> Controller "App\Controllers\base\Beranda" loaded.
INFO - 2021-11-11 13:26:18 --> Controller "App\Controllers\base\Beranda" loaded.
INFO - 2021-11-11 13:26:18 --> Controller "App\Controllers\base\Beranda" loaded.
INFO - 2021-11-11 13:26:18 --> Controller "App\Controllers\base\Beranda" loaded.
INFO - 2021-11-11 13:26:19 --> Controller "App\Controllers\base\Beranda" loaded.
INFO - 2021-11-11 13:26:19 --> Controller "App\Controllers\base\Beranda" loaded.
INFO - 2021-11-11 13:26:19 --> Controller "App\Controllers\base\Beranda" loaded.
INFO - 2021-11-11 13:26:19 --> Controller "App\Controllers\base\Beranda" loaded.
INFO - 2021-11-11 13:26:20 --> Controller "App\Controllers\base\Beranda" loaded.
INFO - 2021-11-11 13:26:20 --> Controller "App\Controllers\base\Beranda" loaded.
INFO - 2021-11-11 13:26:20 --> Controller "App\Controllers\base\Beranda" loaded.
INFO - 2021-11-11 13:26:21 --> Controller "App\Controllers\base\Beranda" loaded.
INFO - 2021-11-11 13:26:21 --> Controller "App\Controllers\base\Beranda" loaded.
INFO - 2021-11-11 13:26:21 --> Controller "App\Controllers\base\Beranda" loaded.
INFO - 2021-11-11 13:30:02 --> Controller "App\Controllers\base\Beranda" loaded.
INFO - 2021-11-11 13:35:54 --> Controller "App\Controllers\base\Beranda" loaded.
INFO - 2021-11-11 13:40:02 --> Controller "App\Controllers\base\Beranda" loaded.
INFO - 2021-11-11 13:44:00 --> Controller "App\Controllers\base\Beranda" loaded.
INFO - 2021-11-11 13:44:15 --> Session: Class initialized using 'CodeIgniter\Session\Handlers\FileHandler' driver.
INFO - 2021-11-11 13:44:15 --> Controller "App\Controllers\undangan\Undangan" loaded.
INFO - 2021-11-11 13:44:19 --> Controller "App\Controllers\base\Beranda" loaded.
INFO - 2021-11-11 13:44:22 --> Controller "App\Controllers\base\Beranda" loaded.
INFO - 2021-11-11 13:44:31 --> Session: Class initialized using 'CodeIgniter\Session\Handlers\FileHandler' driver.
INFO - 2021-11-11 13:44:31 --> Controller "App\Controllers\undangan\Undangan" loaded.
INFO - 2021-11-11 13:45:28 --> Session: Class initialized using 'CodeIgniter\Session\Handlers\FileHandler' driver.
INFO - 2021-11-11 13:45:28 --> Controller "App\Controllers\bukutamu\Bukutamu" loaded.
INFO - 2021-11-11 13:45:33 --> Session: Class initialized using 'CodeIgniter\Session\Handlers\FileHandler' driver.
INFO - 2021-11-11 13:45:33 --> Controller "App\Controllers\bukutamu\Bukutamu" loaded.
INFO - 2021-11-11 13:50:03 --> Controller "App\Controllers\base\Beranda" loaded.
INFO - 2021-11-11 14:00:02 --> Controller "App\Controllers\base\Beranda" loaded.
INFO - 2021-11-11 14:10:03 --> Controller "App\Controllers\base\Beranda" loaded.
INFO - 2021-11-11 14:20:03 --> Controller "App\Controllers\base\Beranda" loaded.
INFO - 2021-11-11 14:27:21 --> Controller "App\Controllers\base\Beranda" loaded.
INFO - 2021-11-11 14:30:02 --> Controller "App\Controllers\base\Beranda" loaded.
INFO - 2021-11-11 14:36:50 --> Session: Class initialized using 'CodeIgniter\Session\Handlers\FileHandler' driver.
INFO - 2021-11-11 14:36:50 --> Controller "App\Controllers\base\Order" loaded.
INFO - 2021-11-11 14:40:03 --> Controller "App\Controllers\base\Beranda" loaded.
INFO - 2021-11-11 14:50:02 --> Controller "App\Controllers\base\Beranda" loaded.
INFO - 2021-11-11 15:00:02 --> Controller "App\Controllers\base\Beranda" loaded.
INFO - 2021-11-11 15:10:03 --> Controller "App\Controllers\base\Beranda" loaded.
INFO - 2021-11-11 15:20:02 --> Controller "App\Controllers\base\Beranda" loaded.
INFO - 2021-11-11 15:30:03 --> Controller "App\Controllers\base\Beranda" loaded.
INFO - 2021-11-11 15:40:02 --> Controller "App\Controllers\base\Beranda" loaded.
INFO - 2021-11-11 15:50:02 --> Controller "App\Controllers\base\Beranda" loaded.
INFO - 2021-11-11 16:00:03 --> Controller "App\Controllers\base\Beranda" loaded.
INFO - 2021-11-11 16:10:03 --> Controller "App\Controllers\base\Beranda" loaded.
INFO - 2021-11-11 16:20:02 --> Controller "App\Controllers\base\Beranda" loaded.
INFO - 2021-11-11 16:30:03 --> Controller "App\Controllers\base\Beranda" loaded.
INFO - 2021-11-11 16:40:02 --> Controller "App\Controllers\base\Beranda" loaded.
INFO - 2021-11-11 16:50:03 --> Controller "App\Controllers\base\Beranda" loaded.
INFO - 2021-11-11 17:00:02 --> Controller "App\Controllers\base\Beranda" loaded.
INFO - 2021-11-11 17:10:03 --> Controller "App\Controllers\base\Beranda" loaded.
INFO - 2021-11-11 17:20:03 --> Controller "App\Controllers\base\Beranda" loaded.
INFO - 2021-11-11 17:30:02 --> Controller "App\Controllers\base\Beranda" loaded.
INFO - 2021-11-11 17:39:26 --> Session: Class initialized using 'CodeIgniter\Session\Handlers\FileHandler' driver.
INFO - 2021-11-11 17:39:26 --> Controller "App\Controllers\undangan\Undangan" loaded.
INFO - 2021-11-11 17:40:02 --> Controller "App\Controllers\base\Beranda" loaded.
INFO - 2021-11-11 17:50:02 --> Controller "App\Controllers\base\Beranda" loaded.
INFO - 2021-11-11 17:57:46 --> Session: Class initialized using 'CodeIgniter\Session\Handlers\FileHandler' driver.
INFO - 2021-11-11 17:57:46 --> Controller "App\Controllers\bukutamu\Bukutamu" loaded.
INFO - 2021-11-11 17:57:54 --> Session: Class initialized using 'CodeIgniter\Session\Handlers\FileHandler' driver.
INFO - 2021-11-11 17:57:54 --> Controller "App\Controllers\bukutamu\Bukutamu" loaded.
INFO - 2021-11-11 17:58:16 --> Session: Class initialized using 'CodeIgniter\Session\Handlers\FileHandler' driver.
INFO - 2021-11-11 17:58:16 --> Controller "App\Controllers\bukutamu\Bukutamu" loaded.
INFO - 2021-11-11 17:58:33 --> Session: Class initialized using 'CodeIgniter\Session\Handlers\FileHandler' driver.
INFO - 2021-11-11 17:58:33 --> Controller "App\Controllers\bukutamu\Bukutamu" loaded.
INFO - 2021-11-11 17:58:51 --> Session: Class initialized using 'CodeIgniter\Session\Handlers\FileHandler' driver.
INFO - 2021-11-11 17:58:51 --> Controller "App\Controllers\bukutamu\Bukutamu" loaded.
INFO - 2021-11-11 17:59:03 --> Session: Class initialized using 'CodeIgniter\Session\Handlers\FileHandler' driver.
INFO - 2021-11-11 17:59:03 --> Controller "App\Controllers\bukutamu\Bukutamu" loaded.
INFO - 2021-11-11 18:00:02 --> Controller "App\Controllers\base\Beranda" loaded.
INFO - 2021-11-11 18:10:02 --> Controller "App\Controllers\base\Beranda" loaded.
INFO - 2021-11-11 18:20:03 --> Controller "App\Controllers\base\Beranda" loaded.
INFO - 2021-11-11 18:30:02 --> Controller "App\Controllers\base\Beranda" loaded.
INFO - 2021-11-11 18:40:02 --> Controller "App\Controllers\base\Beranda" loaded.
INFO - 2021-11-11 18:41:50 --> Session: Class initialized using 'CodeIgniter\Session\Handlers\FileHandler' driver.
INFO - 2021-11-11 18:41:50 --> Controller "App\Controllers\undangan\Undangan" loaded.
INFO - 2021-11-11 18:50:02 --> Controller "App\Controllers\base\Beranda" loaded.
INFO - 2021-11-11 19:00:02 --> Controller "App\Controllers\base\Beranda" loaded.
INFO - 2021-11-11 19:10:03 --> Controller "App\Controllers\base\Beranda" loaded.
INFO - 2021-11-11 19:18:31 --> Session: Class initialized using 'CodeIgniter\Session\Handlers\FileHandler' driver.
INFO - 2021-11-11 19:18:31 --> Controller "App\Controllers\base\Order" loaded.
INFO - 2021-11-11 19:20:02 --> Controller "App\Controllers\base\Beranda" loaded.
INFO - 2021-11-11 19:25:05 --> Session: Class initialized using 'CodeIgniter\Session\Handlers\FileHandler' driver.
INFO - 2021-11-11 19:25:05 --> Controller "App\Controllers\admin\Admin" loaded.
INFO - 2021-11-11 19:29:47 --> Controller "App\Controllers\base\Beranda" loaded.
INFO - 2021-11-11 19:30:02 --> Controller "App\Controllers\base\Beranda" loaded.
INFO - 2021-11-11 19:40:02 --> Controller "App\Controllers\base\Beranda" loaded.
INFO - 2021-11-11 19:43:48 --> Controller "App\Controllers\base\Beranda" loaded.
INFO - 2021-11-11 19:50:03 --> Controller "App\Controllers\base\Beranda" loaded.
INFO - 2021-11-11 20:00:03 --> Controller "App\Controllers\base\Beranda" loaded.
INFO - 2021-11-11 20:10:03 --> Controller "App\Controllers\base\Beranda" loaded.
INFO - 2021-11-11 20:17:41 --> Controller "App\Controllers\base\Beranda" loaded.
INFO - 2021-11-11 20:17:41 --> Controller "App\Controllers\base\Beranda" loaded.
INFO - 2021-11-11 20:17:41 --> Controller "App\Controllers\base\Beranda" loaded.
INFO - 2021-11-11 20:17:42 --> Controller "App\Controllers\base\Beranda" loaded.
INFO - 2021-11-11 20:17:42 --> Controller "App\Controllers\base\Beranda" loaded.
INFO - 2021-11-11 20:17:42 --> Controller "App\Controllers\base\Beranda" loaded.
INFO - 2021-11-11 20:17:42 --> Controller "App\Controllers\base\Beranda" loaded.
INFO - 2021-11-11 20:17:42 --> Controller "App\Controllers\base\Beranda" loaded.
INFO - 2021-11-11 20:17:42 --> Controller "App\Controllers\base\Beranda" loaded.
INFO - 2021-11-11 20:17:42 --> Controller "App\Controllers\base\Beranda" loaded.
INFO - 2021-11-11 20:17:42 --> Controller "App\Controllers\base\Beranda" loaded.
INFO - 2021-11-11 20:17:42 --> Controller "App\Controllers\base\Beranda" loaded.
INFO - 2021-11-11 20:17:42 --> Controller "App\Controllers\base\Beranda" loaded.
INFO - 2021-11-11 20:17:42 --> Controller "App\Controllers\base\Beranda" loaded.
INFO - 2021-11-11 20:17:42 --> Controller "App\Controllers\base\Beranda" loaded.
INFO - 2021-11-11 20:17:43 --> Controller "App\Controllers\base\Beranda" loaded.
INFO - 2021-11-11 20:17:43 --> Controller "App\Controllers\base\Beranda" loaded.
INFO - 2021-11-11 20:17:43 --> Controller "App\Controllers\base\Beranda" loaded.
INFO - 2021-11-11 20:17:43 --> Controller "App\Controllers\base\Beranda" loaded.
INFO - 2021-11-11 20:17:43 --> Controller "App\Controllers\base\Beranda" loaded.
INFO - 2021-11-11 20:20:02 --> Controller "App\Controllers\base\Beranda" loaded.
INFO - 2021-11-11 20:30:03 --> Controller "App\Controllers\base\Beranda" loaded.
INFO - 2021-11-11 20:35:27 --> Session: Class initialized using 'CodeIgniter\Session\Handlers\FileHandler' driver.
INFO - 2021-11-11 20:35:27 --> Controller "App\Controllers\undangan\Undangan" loaded.
INFO - 2021-11-11 20:36:49 --> Controller "App\Controllers\base\Beranda" loaded.
INFO - 2021-11-11 20:40:02 --> Controller "App\Controllers\base\Beranda" loaded.
INFO - 2021-11-11 20:40:58 --> Session: Class initialized using 'CodeIgniter\Session\Handlers\FileHandler' driver.
INFO - 2021-11-11 20:40:58 --> Controller "App\Controllers\bukutamu\Bukutamu" loaded.
INFO - 2021-11-11 20:50:02 --> Controller "App\Controllers\base\Beranda" loaded.
INFO - 2021-11-11 21:00:02 --> Controller "App\Controllers\base\Beranda" loaded.
INFO - 2021-11-11 21:04:15 --> Session: Class initialized using 'CodeIgniter\Session\Handlers\FileHandler' driver.
INFO - 2021-11-11 21:04:15 --> Controller "App\Controllers\undangan\Undangan" loaded.
INFO - 2021-11-11 21:04:48 --> Session: Class initialized using 'CodeIgniter\Session\Handlers\FileHandler' driver.
INFO - 2021-11-11 21:04:48 --> Controller "App\Controllers\undangan\Undangan" loaded.
INFO - 2021-11-11 21:10:02 --> Controller "App\Controllers\base\Beranda" loaded.
INFO - 2021-11-11 21:11:49 --> Controller "App\Controllers\base\Beranda" loaded.
INFO - 2021-11-11 21:20:02 --> Controller "App\Controllers\base\Beranda" loaded.
INFO - 2021-11-11 21:26:28 --> Session: Class initialized using 'CodeIgniter\Session\Handlers\FileHandler' driver.
INFO - 2021-11-11 21:26:28 --> Controller "App\Controllers\undangan\Undangan" loaded.
INFO - 2021-11-11 21:26:45 --> Session: Class initialized using 'CodeIgniter\Session\Handlers\FileHandler' driver.
INFO - 2021-11-11 21:26:45 --> Controller "App\Controllers\undangan\Undangan" loaded.
INFO - 2021-11-11 21:27:05 --> Session: Class initialized using 'CodeIgniter\Session\Handlers\FileHandler' driver.
INFO - 2021-11-11 21:27:05 --> Controller "App\Controllers\undangan\Undangan" loaded.
INFO - 2021-11-11 21:27:42 --> Session: Class initialized using 'CodeIgniter\Session\Handlers\FileHandler' driver.
INFO - 2021-11-11 21:27:42 --> Controller "App\Controllers\undangan\Undangan" loaded.
INFO - 2021-11-11 21:28:07 --> Session: Class initialized using 'CodeIgniter\Session\Handlers\FileHandler' driver.
INFO - 2021-11-11 21:28:07 --> Controller "App\Controllers\undangan\Undangan" loaded.
INFO - 2021-11-11 21:28:16 --> Session: Class initialized using 'CodeIgniter\Session\Handlers\FileHandler' driver.
INFO - 2021-11-11 21:28:16 --> Controller "App\Controllers\undangan\Undangan" loaded.
INFO - 2021-11-11 21:30:02 --> Controller "App\Controllers\base\Beranda" loaded.
INFO - 2021-11-11 21:36:25 --> Session: Class initialized using 'CodeIgniter\Session\Handlers\FileHandler' driver.
INFO - 2021-11-11 21:36:25 --> Controller "App\Controllers\undangan\Undangan" loaded.
INFO - 2021-11-11 21:40:02 --> Controller "App\Controllers\base\Beranda" loaded.
INFO - 2021-11-11 21:48:14 --> Session: Class initialized using 'CodeIgniter\Session\Handlers\FileHandler' driver.
INFO - 2021-11-11 21:48:14 --> Session: Class initialized using 'CodeIgniter\Session\Handlers\FileHandler' driver.
INFO - 2021-11-11 21:48:14 --> Controller "App\Controllers\admin\Admin" loaded.
INFO - 2021-11-11 21:49:56 --> Session: Class initialized using 'CodeIgniter\Session\Handlers\FileHandler' driver.
INFO - 2021-11-11 21:49:56 --> Controller "App\Controllers\admin\Admin" loaded.
INFO - 2021-11-11 21:49:56 --> Session: Class initialized using 'CodeIgniter\Session\Handlers\FileHandler' driver.
INFO - 2021-11-11 21:49:56 --> Controller "App\Controllers\admin\Admin" loaded.
INFO - 2021-11-11 21:50:02 --> Controller "App\Controllers\base\Beranda" loaded.
INFO - 2021-11-11 21:50:17 --> Session: Class initialized using 'CodeIgniter\Session\Handlers\FileHandler' driver.
INFO - 2021-11-11 21:50:17 --> Controller "App\Controllers\admin\Admin" loaded.
INFO - 2021-11-11 21:50:17 --> Session: Class initialized using 'CodeIgniter\Session\Handlers\FileHandler' driver.
INFO - 2021-11-11 21:50:17 --> Controller "App\Controllers\admin\Admin" loaded.
INFO - 2021-11-11 21:57:26 --> Session: Class initialized using 'CodeIgniter\Session\Handlers\FileHandler' driver.
INFO - 2021-11-11 21:57:26 --> Controller "App\Controllers\admin\Admin" loaded.
INFO - 2021-11-11 21:57:26 --> Session: Class initialized using 'CodeIgniter\Session\Handlers\FileHandler' driver.
INFO - 2021-11-11 21:57:26 --> Controller "App\Controllers\admin\Admin" loaded.
INFO - 2021-11-11 21:57:48 --> Session: Class initialized using 'CodeIgniter\Session\Handlers\FileHandler' driver.
INFO - 2021-11-11 21:57:48 --> Controller "App\Controllers\admin\Admin" loaded.
INFO - 2021-11-11 22:00:03 --> Controller "App\Controllers\base\Beranda" loaded.
INFO - 2021-11-11 22:10:03 --> Controller "App\Controllers\base\Beranda" loaded.
INFO - 2021-11-11 22:14:16 --> Session: Class initialized using 'CodeIgniter\Session\Handlers\FileHandler' driver.
INFO - 2021-11-11 22:14:16 --> Controller "App\Controllers\admin\Admin" loaded.
INFO - 2021-11-11 22:14:24 --> Session: Class initialized using 'CodeIgniter\Session\Handlers\FileHandler' driver.
INFO - 2021-11-11 22:14:24 --> Controller "App\Controllers\undangan\Undangan" loaded.
INFO - 2021-11-11 22:14:39 --> Session: Class initialized using 'CodeIgniter\Session\Handlers\FileHandler' driver.
INFO - 2021-11-11 22:14:39 --> Controller "App\Controllers\undangan\Undangan" loaded.
INFO - 2021-11-11 22:14:47 --> Controller "App\Controllers\base\Beranda" loaded.
INFO - 2021-11-11 22:18:26 --> Controller "App\Controllers\base\Beranda" loaded.
INFO - 2021-11-11 22:18:43 --> Controller "App\Controllers\base\Beranda" loaded.
INFO - 2021-11-11 22:20:02 --> Controller "App\Controllers\base\Beranda" loaded.
INFO - 2021-11-11 22:30:02 --> Controller "App\Controllers\base\Beranda" loaded.
INFO - 2021-11-11 22:35:49 --> Session: Class initialized using 'CodeIgniter\Session\Handlers\FileHandler' driver.
INFO - 2021-11-11 22:35:49 --> Controller "App\Controllers\bukutamu\Bukutamu" loaded.
INFO - 2021-11-11 22:35:49 --> Session: Class initialized using 'CodeIgniter\Session\Handlers\FileHandler' driver.
INFO - 2021-11-11 22:35:49 --> Controller "App\Controllers\bukutamu\Bukutamu" loaded.
INFO - 2021-11-11 22:35:50 --> Session: Class initialized using 'CodeIgniter\Session\Handlers\FileHandler' driver.
INFO - 2021-11-11 22:35:50 --> Controller "App\Controllers\bukutamu\Bukutamu" loaded.
INFO - 2021-11-11 22:35:50 --> Session: Class initialized using 'CodeIgniter\Session\Handlers\FileHandler' driver.
INFO - 2021-11-11 22:35:50 --> Controller "App\Controllers\bukutamu\Bukutamu" loaded.
INFO - 2021-11-11 22:35:50 --> Session: Class initialized using 'CodeIgniter\Session\Handlers\FileHandler' driver.
INFO - 2021-11-11 22:35:50 --> Controller "App\Controllers\bukutamu\Bukutamu" loaded.
INFO - 2021-11-11 22:35:50 --> Session: Class initialized using 'CodeIgniter\Session\Handlers\FileHandler' driver.
INFO - 2021-11-11 22:35:50 --> Controller "App\Controllers\bukutamu\Bukutamu" loaded.
INFO - 2021-11-11 22:35:51 --> Session: Class initialized using 'CodeIgniter\Session\Handlers\FileHandler' driver.
INFO - 2021-11-11 22:35:51 --> Controller "App\Controllers\bukutamu\Bukutamu" loaded.
INFO - 2021-11-11 22:35:51 --> Session: Class initialized using 'CodeIgniter\Session\Handlers\FileHandler' driver.
INFO - 2021-11-11 22:35:51 --> Controller "App\Controllers\bukutamu\Bukutamu" loaded.
INFO - 2021-11-11 22:35:51 --> Session: Class initialized using 'CodeIgniter\Session\Handlers\FileHandler' driver.
INFO - 2021-11-11 22:35:51 --> Controller "App\Controllers\bukutamu\Bukutamu" loaded.
INFO - 2021-11-11 22:35:52 --> Session: Class initialized using 'CodeIgniter\Session\Handlers\FileHandler' driver.
INFO - 2021-11-11 22:35:52 --> Controller "App\Controllers\bukutamu\Bukutamu" loaded.
INFO - 2021-11-11 22:35:52 --> Session: Class initialized using 'CodeIgniter\Session\Handlers\FileHandler' driver.
INFO - 2021-11-11 22:35:52 --> Controller "App\Controllers\bukutamu\Bukutamu" loaded.
INFO - 2021-11-11 22:35:52 --> Session: Class initialized using 'CodeIgniter\Session\Handlers\FileHandler' driver.
INFO - 2021-11-11 22:35:52 --> Controller "App\Controllers\bukutamu\Bukutamu" loaded.
INFO - 2021-11-11 22:35:52 --> Session: Class initialized using 'CodeIgniter\Session\Handlers\FileHandler' driver.
INFO - 2021-11-11 22:35:52 --> Controller "App\Controllers\bukutamu\Bukutamu" loaded.
INFO - 2021-11-11 22:35:53 --> Session: Class initialized using 'CodeIgniter\Session\Handlers\FileHandler' driver.
INFO - 2021-11-11 22:35:53 --> Controller "App\Controllers\bukutamu\Bukutamu" loaded.
INFO - 2021-11-11 22:35:53 --> Session: Class initialized using 'CodeIgniter\Session\Handlers\FileHandler' driver.
INFO - 2021-11-11 22:35:53 --> Controller "App\Controllers\bukutamu\Bukutamu" loaded.
INFO - 2021-11-11 22:35:53 --> Session: Class initialized using 'CodeIgniter\Session\Handlers\FileHandler' driver.
INFO - 2021-11-11 22:35:53 --> Controller "App\Controllers\bukutamu\Bukutamu" loaded.
INFO - 2021-11-11 22:35:54 --> Session: Class initialized using 'CodeIgniter\Session\Handlers\FileHandler' driver.
INFO - 2021-11-11 22:35:54 --> Controller "App\Controllers\bukutamu\Bukutamu" loaded.
INFO - 2021-11-11 22:35:54 --> Session: Class initialized using 'CodeIgniter\Session\Handlers\FileHandler' driver.
INFO - 2021-11-11 22:35:54 --> Controller "App\Controllers\bukutamu\Bukutamu" loaded.
INFO - 2021-11-11 22:35:54 --> Session: Class initialized using 'CodeIgniter\Session\Handlers\FileHandler' driver.
INFO - 2021-11-11 22:35:54 --> Controller "App\Controllers\bukutamu\Bukutamu" loaded.
INFO - 2021-11-11 22:35:54 --> Session: Class initialized using 'CodeIgniter\Session\Handlers\FileHandler' driver.
INFO - 2021-11-11 22:35:54 --> Controller "App\Controllers\bukutamu\Bukutamu" loaded.
INFO - 2021-11-11 22:38:13 --> Session: Class initialized using 'CodeIgniter\Session\Handlers\FileHandler' driver.
INFO - 2021-11-11 22:38:13 --> Controller "App\Controllers\undangan\Undangan" loaded.
INFO - 2021-11-11 22:40:02 --> Controller "App\Controllers\base\Beranda" loaded.
INFO - 2021-11-11 22:48:15 --> Controller "App\Controllers\base\Beranda" loaded.
INFO - 2021-11-11 22:48:42 --> Controller "App\Controllers\base\Beranda" loaded.
INFO - 2021-11-11 22:50:02 --> Controller "App\Controllers\base\Beranda" loaded.
INFO - 2021-11-11 23:23:00 --> Session: Class initialized using 'CodeIgniter\Session\Handlers\FileHandler' driver.
INFO - 2021-11-11 23:23:00 --> Controller "App\Controllers\undangan\Undangan" loaded.
INFO - 2021-11-11 23:23:01 --> Session: Class initialized using 'CodeIgniter\Session\Handlers\FileHandler' driver.
INFO - 2021-11-11 23:23:01 --> Controller "App\Controllers\undangan\Undangan" loaded.
INFO - 2021-11-11 23:23:01 --> Session: Class initialized using 'CodeIgniter\Session\Handlers\FileHandler' driver.
INFO - 2021-11-11 23:23:01 --> Controller "App\Controllers\undangan\Undangan" loaded.
INFO - 2021-11-11 23:23:01 --> Session: Class initialized using 'CodeIgniter\Session\Handlers\FileHandler' driver.
INFO - 2021-11-11 23:23:01 --> Controller "App\Controllers\undangan\Undangan" loaded.
INFO - 2021-11-11 23:23:02 --> Session: Class initialized using 'CodeIgniter\Session\Handlers\FileHandler' driver.
INFO - 2021-11-11 23:23:02 --> Controller "App\Controllers\undangan\Undangan" loaded.
INFO - 2021-11-11 23:23:02 --> Session: Class initialized using 'CodeIgniter\Session\Handlers\FileHandler' driver.
INFO - 2021-11-11 23:23:02 --> Controller "App\Controllers\undangan\Undangan" loaded.
INFO - 2021-11-11 23:23:02 --> Session: Class initialized using 'CodeIgniter\Session\Handlers\FileHandler' driver.
INFO - 2021-11-11 23:23:02 --> Controller "App\Controllers\undangan\Undangan" loaded.
INFO - 2021-11-11 23:23:02 --> Session: Class initialized using 'CodeIgniter\Session\Handlers\FileHandler' driver.
INFO - 2021-11-11 23:23:02 --> Controller "App\Controllers\undangan\Undangan" loaded.
INFO - 2021-11-11 23:23:03 --> Session: Class initialized using 'CodeIgniter\Session\Handlers\FileHandler' driver.
INFO - 2021-11-11 23:23:03 --> Controller "App\Controllers\undangan\Undangan" loaded.
INFO - 2021-11-11 23:23:04 --> Session: Class initialized using 'CodeIgniter\Session\Handlers\FileHandler' driver.
INFO - 2021-11-11 23:23:04 --> Controller "App\Controllers\undangan\Undangan" loaded.
INFO - 2021-11-11 23:23:04 --> Session: Class initialized using 'CodeIgniter\Session\Handlers\FileHandler' driver.
INFO - 2021-11-11 23:23:04 --> Controller "App\Controllers\undangan\Undangan" loaded.
INFO - 2021-11-11 23:23:04 --> Session: Class initialized using 'CodeIgniter\Session\Handlers\FileHandler' driver.
INFO - 2021-11-11 23:23:04 --> Controller "App\Controllers\undangan\Undangan" loaded.
INFO - 2021-11-11 23:23:04 --> Session: Class initialized using 'CodeIgniter\Session\Handlers\FileHandler' driver.
INFO - 2021-11-11 23:23:04 --> Controller "App\Controllers\undangan\Undangan" loaded.
INFO - 2021-11-11 23:23:05 --> Session: Class initialized using 'CodeIgniter\Session\Handlers\FileHandler' driver.
INFO - 2021-11-11 23:23:05 --> Controller "App\Controllers\undangan\Undangan" loaded.
INFO - 2021-11-11 23:23:05 --> Session: Class initialized using 'CodeIgniter\Session\Handlers\FileHandler' driver.
INFO - 2021-11-11 23:23:05 --> Controller "App\Controllers\undangan\Undangan" loaded.
INFO - 2021-11-11 23:23:05 --> Session: Class initialized using 'CodeIgniter\Session\Handlers\FileHandler' driver.
INFO - 2021-11-11 23:23:05 --> Controller "App\Controllers\undangan\Undangan" loaded.
INFO - 2021-11-11 23:23:06 --> Session: Class initialized using 'CodeIgniter\Session\Handlers\FileHandler' driver.
INFO - 2021-11-11 23:23:06 --> Controller "App\Controllers\undangan\Undangan" loaded.
INFO - 2021-11-11 23:23:06 --> Session: Class initialized using 'CodeIgniter\Session\Handlers\FileHandler' driver.
INFO - 2021-11-11 23:23:06 --> Controller "App\Controllers\undangan\Undangan" loaded.
INFO - 2021-11-11 23:23:06 --> Session: Class initialized using 'CodeIgniter\Session\Handlers\FileHandler' driver.
INFO - 2021-11-11 23:23:06 --> Controller "App\Controllers\undangan\Undangan" loaded.
INFO - 2021-11-11 23:23:07 --> Session: Class initialized using 'CodeIgniter\Session\Handlers\FileHandler' driver.
INFO - 2021-11-11 23:23:07 --> Controller "App\Controllers\undangan\Undangan" loaded.
