INFO - 2021-11-13 00:04:41 --> Controller "App\Controllers\base\Beranda" loaded.
INFO - 2021-11-13 00:31:05 --> Session: Class initialized using 'CodeIgniter\Session\Handlers\FileHandler' driver.
INFO - 2021-11-13 00:31:05 --> Controller "App\Controllers\undangan\Undangan" loaded.
INFO - 2021-11-13 00:57:53 --> Session: Class initialized using 'CodeIgniter\Session\Handlers\FileHandler' driver.
INFO - 2021-11-13 00:57:53 --> Controller "App\Controllers\base\Order" loaded.
INFO - 2021-11-13 01:20:05 --> Controller "App\Controllers\base\Beranda" loaded.
INFO - 2021-11-13 02:54:16 --> Controller "App\Controllers\base\Beranda" loaded.
INFO - 2021-11-13 03:50:19 --> Session: Class initialized using 'CodeIgniter\Session\Handlers\FileHandler' driver.
INFO - 2021-11-13 03:50:19 --> Controller "App\Controllers\bukutamu\Bukutamu" loaded.
INFO - 2021-11-13 04:31:19 --> Session: Class initialized using 'CodeIgniter\Session\Handlers\FileHandler' driver.
INFO - 2021-11-13 04:31:19 --> Controller "App\Controllers\bukutamu\Bukutamu" loaded.
INFO - 2021-11-13 06:09:53 --> Controller "App\Controllers\base\Beranda" loaded.
INFO - 2021-11-13 06:12:10 --> Controller "App\Controllers\base\Beranda" loaded.
INFO - 2021-11-13 06:21:44 --> Controller "App\Controllers\base\Beranda" loaded.
INFO - 2021-11-13 07:00:03 --> Controller "App\Controllers\base\Beranda" loaded.
INFO - 2021-11-13 07:10:03 --> Controller "App\Controllers\base\Beranda" loaded.
INFO - 2021-11-13 07:20:03 --> Controller "App\Controllers\base\Beranda" loaded.
INFO - 2021-11-13 07:30:03 --> Controller "App\Controllers\base\Beranda" loaded.
INFO - 2021-11-13 07:40:03 --> Controller "App\Controllers\base\Beranda" loaded.
INFO - 2021-11-13 07:50:02 --> Controller "App\Controllers\base\Beranda" loaded.
INFO - 2021-11-13 08:00:02 --> Controller "App\Controllers\base\Beranda" loaded.
INFO - 2021-11-13 08:10:02 --> Controller "App\Controllers\base\Beranda" loaded.
INFO - 2021-11-13 08:20:02 --> Controller "App\Controllers\base\Beranda" loaded.
INFO - 2021-11-13 08:27:18 --> Session: Class initialized using 'CodeIgniter\Session\Handlers\FileHandler' driver.
INFO - 2021-11-13 08:27:18 --> Controller "App\Controllers\base\Lupa_password" loaded.
INFO - 2021-11-13 08:30:02 --> Controller "App\Controllers\base\Beranda" loaded.
INFO - 2021-11-13 08:30:35 --> Controller "App\Controllers\base\Beranda" loaded.
INFO - 2021-11-13 08:30:36 --> Controller "App\Controllers\base\Beranda" loaded.
INFO - 2021-11-13 08:40:03 --> Controller "App\Controllers\base\Beranda" loaded.
INFO - 2021-11-13 08:50:02 --> Controller "App\Controllers\base\Beranda" loaded.
INFO - 2021-11-13 09:00:03 --> Controller "App\Controllers\base\Beranda" loaded.
INFO - 2021-11-13 09:10:02 --> Controller "App\Controllers\base\Beranda" loaded.
INFO - 2021-11-13 09:20:02 --> Controller "App\Controllers\base\Beranda" loaded.
INFO - 2021-11-13 09:30:02 --> Controller "App\Controllers\base\Beranda" loaded.
INFO - 2021-11-13 09:40:02 --> Controller "App\Controllers\base\Beranda" loaded.
INFO - 2021-11-13 09:50:02 --> Controller "App\Controllers\base\Beranda" loaded.
INFO - 2021-11-13 10:00:02 --> Controller "App\Controllers\base\Beranda" loaded.
INFO - 2021-11-13 10:03:57 --> Controller "App\Controllers\base\Beranda" loaded.
INFO - 2021-11-13 10:04:05 --> Controller "App\Controllers\base\Beranda" loaded.
INFO - 2021-11-13 10:10:02 --> Controller "App\Controllers\base\Beranda" loaded.
INFO - 2021-11-13 10:20:02 --> Controller "App\Controllers\base\Beranda" loaded.
INFO - 2021-11-13 10:30:03 --> Controller "App\Controllers\base\Beranda" loaded.
INFO - 2021-11-13 10:40:02 --> Controller "App\Controllers\base\Beranda" loaded.
INFO - 2021-11-13 10:50:02 --> Controller "App\Controllers\base\Beranda" loaded.
INFO - 2021-11-13 10:51:49 --> Controller "App\Controllers\base\Beranda" loaded.
INFO - 2021-11-13 11:00:02 --> Controller "App\Controllers\base\Beranda" loaded.
INFO - 2021-11-13 11:07:18 --> Controller "App\Controllers\base\Beranda" loaded.
INFO - 2021-11-13 11:10:02 --> Controller "App\Controllers\base\Beranda" loaded.
INFO - 2021-11-13 11:12:25 --> Controller "App\Controllers\base\Beranda" loaded.
INFO - 2021-11-13 11:20:02 --> Controller "App\Controllers\base\Beranda" loaded.
INFO - 2021-11-13 11:20:23 --> Session: Class initialized using 'CodeIgniter\Session\Handlers\FileHandler' driver.
INFO - 2021-11-13 11:20:23 --> Controller "App\Controllers\admin\Admin" loaded.
INFO - 2021-11-13 11:30:02 --> Controller "App\Controllers\base\Beranda" loaded.
INFO - 2021-11-13 11:40:03 --> Controller "App\Controllers\base\Beranda" loaded.
INFO - 2021-11-13 11:40:35 --> Controller "App\Controllers\base\Beranda" loaded.
INFO - 2021-11-13 11:50:02 --> Controller "App\Controllers\base\Beranda" loaded.
INFO - 2021-11-13 11:56:57 --> Controller "App\Controllers\base\Beranda" loaded.
INFO - 2021-11-13 11:57:35 --> Controller "App\Controllers\base\Beranda" loaded.
INFO - 2021-11-13 11:57:35 --> Controller "App\Controllers\base\Beranda" loaded.
INFO - 2021-11-13 11:57:35 --> Controller "App\Controllers\base\Beranda" loaded.
INFO - 2021-11-13 12:00:03 --> Controller "App\Controllers\base\Beranda" loaded.
INFO - 2021-11-13 12:01:01 --> Session: Class initialized using 'CodeIgniter\Session\Handlers\FileHandler' driver.
INFO - 2021-11-13 12:01:01 --> Controller "App\Controllers\bukutamu\Bukutamu" loaded.
INFO - 2021-11-13 12:01:08 --> Session: Class initialized using 'CodeIgniter\Session\Handlers\FileHandler' driver.
INFO - 2021-11-13 12:01:08 --> Controller "App\Controllers\undangan\Undangan" loaded.
INFO - 2021-11-13 12:01:38 --> Session: Class initialized using 'CodeIgniter\Session\Handlers\FileHandler' driver.
INFO - 2021-11-13 12:01:38 --> Controller "App\Controllers\bukutamu\Bukutamu" loaded.
INFO - 2021-11-13 12:02:03 --> Controller "App\Controllers\base\Beranda" loaded.
INFO - 2021-11-13 12:02:07 --> Session: Class initialized using 'CodeIgniter\Session\Handlers\FileHandler' driver.
INFO - 2021-11-13 12:02:07 --> Controller "App\Controllers\bukutamu\Bukutamu" loaded.
INFO - 2021-11-13 12:02:15 --> Session: Class initialized using 'CodeIgniter\Session\Handlers\FileHandler' driver.
INFO - 2021-11-13 12:02:15 --> Controller "App\Controllers\bukutamu\Bukutamu" loaded.
INFO - 2021-11-13 12:10:02 --> Controller "App\Controllers\base\Beranda" loaded.
INFO - 2021-11-13 12:14:45 --> Controller "App\Controllers\base\Beranda" loaded.
INFO - 2021-11-13 12:20:02 --> Controller "App\Controllers\base\Beranda" loaded.
INFO - 2021-11-13 12:30:02 --> Controller "App\Controllers\base\Beranda" loaded.
INFO - 2021-11-13 12:40:02 --> Controller "App\Controllers\base\Beranda" loaded.
INFO - 2021-11-13 12:48:46 --> Controller "App\Controllers\base\Beranda" loaded.
INFO - 2021-11-13 12:50:02 --> Controller "App\Controllers\base\Beranda" loaded.
INFO - 2021-11-13 13:00:03 --> Controller "App\Controllers\base\Beranda" loaded.
INFO - 2021-11-13 13:10:03 --> Controller "App\Controllers\base\Beranda" loaded.
INFO - 2021-11-13 13:19:53 --> Controller "App\Controllers\base\Beranda" loaded.
INFO - 2021-11-13 13:20:02 --> Controller "App\Controllers\base\Beranda" loaded.
INFO - 2021-11-13 13:23:22 --> Controller "App\Controllers\base\Beranda" loaded.
INFO - 2021-11-13 13:30:03 --> Controller "App\Controllers\base\Beranda" loaded.
INFO - 2021-11-13 13:40:03 --> Controller "App\Controllers\base\Beranda" loaded.
INFO - 2021-11-13 13:43:51 --> Controller "App\Controllers\base\Beranda" loaded.
INFO - 2021-11-13 13:50:03 --> Controller "App\Controllers\base\Beranda" loaded.
INFO - 2021-11-13 14:00:03 --> Controller "App\Controllers\base\Beranda" loaded.
INFO - 2021-11-13 14:10:03 --> Controller "App\Controllers\base\Beranda" loaded.
INFO - 2021-11-13 14:11:17 --> Controller "App\Controllers\base\Beranda" loaded.
INFO - 2021-11-13 14:11:18 --> Controller "App\Controllers\base\Beranda" loaded.
INFO - 2021-11-13 14:11:42 --> Controller "App\Controllers\base\Beranda" loaded.
INFO - 2021-11-13 14:11:50 --> Controller "App\Controllers\base\Beranda" loaded.
INFO - 2021-11-13 14:12:08 --> Controller "App\Controllers\base\Beranda" loaded.
INFO - 2021-11-13 14:12:22 --> Controller "App\Controllers\base\Beranda" loaded.
INFO - 2021-11-13 14:12:48 --> Controller "App\Controllers\base\Beranda" loaded.
INFO - 2021-11-13 14:12:53 --> Controller "App\Controllers\base\Beranda" loaded.
INFO - 2021-11-13 14:20:03 --> Controller "App\Controllers\base\Beranda" loaded.
INFO - 2021-11-13 14:30:03 --> Controller "App\Controllers\base\Beranda" loaded.
INFO - 2021-11-13 14:40:02 --> Controller "App\Controllers\base\Beranda" loaded.
INFO - 2021-11-13 14:49:53 --> Controller "App\Controllers\base\Beranda" loaded.
INFO - 2021-11-13 14:50:02 --> Controller "App\Controllers\base\Beranda" loaded.
INFO - 2021-11-13 14:53:31 --> Controller "App\Controllers\base\Beranda" loaded.
INFO - 2021-11-13 14:53:31 --> Controller "App\Controllers\base\Beranda" loaded.
INFO - 2021-11-13 14:53:31 --> Controller "App\Controllers\base\Beranda" loaded.
INFO - 2021-11-13 14:53:31 --> Controller "App\Controllers\base\Beranda" loaded.
INFO - 2021-11-13 14:53:31 --> Controller "App\Controllers\base\Beranda" loaded.
INFO - 2021-11-13 14:53:31 --> Controller "App\Controllers\base\Beranda" loaded.
INFO - 2021-11-13 14:53:31 --> Controller "App\Controllers\base\Beranda" loaded.
INFO - 2021-11-13 14:53:31 --> Controller "App\Controllers\base\Beranda" loaded.
INFO - 2021-11-13 14:53:31 --> Controller "App\Controllers\base\Beranda" loaded.
INFO - 2021-11-13 14:53:32 --> Controller "App\Controllers\base\Beranda" loaded.
INFO - 2021-11-13 14:53:32 --> Controller "App\Controllers\base\Beranda" loaded.
INFO - 2021-11-13 14:53:32 --> Controller "App\Controllers\base\Beranda" loaded.
INFO - 2021-11-13 14:53:32 --> Controller "App\Controllers\base\Beranda" loaded.
INFO - 2021-11-13 14:53:32 --> Controller "App\Controllers\base\Beranda" loaded.
INFO - 2021-11-13 14:53:32 --> Controller "App\Controllers\base\Beranda" loaded.
INFO - 2021-11-13 14:53:32 --> Controller "App\Controllers\base\Beranda" loaded.
INFO - 2021-11-13 14:53:32 --> Controller "App\Controllers\base\Beranda" loaded.
INFO - 2021-11-13 14:53:32 --> Controller "App\Controllers\base\Beranda" loaded.
INFO - 2021-11-13 14:53:32 --> Controller "App\Controllers\base\Beranda" loaded.
INFO - 2021-11-13 14:53:32 --> Controller "App\Controllers\base\Beranda" loaded.
INFO - 2021-11-13 15:00:02 --> Controller "App\Controllers\base\Beranda" loaded.
INFO - 2021-11-13 15:10:02 --> Controller "App\Controllers\base\Beranda" loaded.
INFO - 2021-11-13 15:16:37 --> Controller "App\Controllers\base\Beranda" loaded.
INFO - 2021-11-13 15:20:03 --> Controller "App\Controllers\base\Beranda" loaded.
INFO - 2021-11-13 15:30:02 --> Controller "App\Controllers\base\Beranda" loaded.
INFO - 2021-11-13 15:36:04 --> Controller "App\Controllers\base\Beranda" loaded.
INFO - 2021-11-13 15:36:40 --> Controller "App\Controllers\base\Beranda" loaded.
INFO - 2021-11-13 15:36:58 --> Session: Class initialized using 'CodeIgniter\Session\Handlers\FileHandler' driver.
INFO - 2021-11-13 15:36:58 --> Controller "App\Controllers\base\Order" loaded.
INFO - 2021-11-13 15:37:33 --> Session: Class initialized using 'CodeIgniter\Session\Handlers\FileHandler' driver.
INFO - 2021-11-13 15:37:33 --> Controller "App\Controllers\base\Dashboard" loaded.
INFO - 2021-11-13 15:37:59 --> Session: Class initialized using 'CodeIgniter\Session\Handlers\FileHandler' driver.
INFO - 2021-11-13 15:37:59 --> Controller "App\Controllers\base\Order" loaded.
INFO - 2021-11-13 15:38:11 --> Session: Class initialized using 'CodeIgniter\Session\Handlers\FileHandler' driver.
INFO - 2021-11-13 15:38:11 --> Controller "App\Controllers\base\Order" loaded.
INFO - 2021-11-13 15:38:41 --> Controller "App\Controllers\base\Beranda" loaded.
INFO - 2021-11-13 15:39:12 --> Session: Class initialized using 'CodeIgniter\Session\Handlers\FileHandler' driver.
INFO - 2021-11-13 15:39:12 --> Controller "App\Controllers\base\Order" loaded.
INFO - 2021-11-13 15:39:13 --> Session: Class initialized using 'CodeIgniter\Session\Handlers\FileHandler' driver.
INFO - 2021-11-13 15:39:13 --> Controller "App\Controllers\base\Order" loaded.
INFO - 2021-11-13 15:39:23 --> Controller "App\Controllers\base\Beranda" loaded.
INFO - 2021-11-13 15:39:38 --> Controller "App\Controllers\base\Beranda" loaded.
INFO - 2021-11-13 15:40:02 --> Controller "App\Controllers\base\Beranda" loaded.
INFO - 2021-11-13 15:50:03 --> Controller "App\Controllers\base\Beranda" loaded.
INFO - 2021-11-13 16:00:03 --> Controller "App\Controllers\base\Beranda" loaded.
INFO - 2021-11-13 16:02:54 --> Session: Class initialized using 'CodeIgniter\Session\Handlers\FileHandler' driver.
INFO - 2021-11-13 16:02:54 --> Controller "App\Controllers\base\Order" loaded.
INFO - 2021-11-13 16:07:51 --> Controller "App\Controllers\base\Beranda" loaded.
INFO - 2021-11-13 16:08:44 --> Session: Class initialized using 'CodeIgniter\Session\Handlers\FileHandler' driver.
INFO - 2021-11-13 16:08:44 --> Controller "App\Controllers\undangan\Undangan" loaded.
INFO - 2021-11-13 16:10:02 --> Controller "App\Controllers\base\Beranda" loaded.
INFO - 2021-11-13 16:10:03 --> Session: Class initialized using 'CodeIgniter\Session\Handlers\FileHandler' driver.
INFO - 2021-11-13 16:10:03 --> Controller "App\Controllers\bukutamu\Bukutamu" loaded.
INFO - 2021-11-13 16:20:02 --> Controller "App\Controllers\base\Beranda" loaded.
INFO - 2021-11-13 16:30:03 --> Controller "App\Controllers\base\Beranda" loaded.
INFO - 2021-11-13 16:33:25 --> Controller "App\Controllers\base\Beranda" loaded.
INFO - 2021-11-13 16:40:02 --> Controller "App\Controllers\base\Beranda" loaded.
INFO - 2021-11-13 16:50:02 --> Controller "App\Controllers\base\Beranda" loaded.
INFO - 2021-11-13 17:00:02 --> Controller "App\Controllers\base\Beranda" loaded.
INFO - 2021-11-13 17:10:03 --> Controller "App\Controllers\base\Beranda" loaded.
INFO - 2021-11-13 17:20:02 --> Controller "App\Controllers\base\Beranda" loaded.
INFO - 2021-11-13 17:30:03 --> Controller "App\Controllers\base\Beranda" loaded.
INFO - 2021-11-13 17:36:09 --> Controller "App\Controllers\base\Beranda" loaded.
INFO - 2021-11-13 17:40:02 --> Controller "App\Controllers\base\Beranda" loaded.
INFO - 2021-11-13 17:50:03 --> Controller "App\Controllers\base\Beranda" loaded.
INFO - 2021-11-13 18:00:03 --> Controller "App\Controllers\base\Beranda" loaded.
INFO - 2021-11-13 18:10:03 --> Controller "App\Controllers\base\Beranda" loaded.
INFO - 2021-11-13 18:19:13 --> Session: Class initialized using 'CodeIgniter\Session\Handlers\FileHandler' driver.
INFO - 2021-11-13 18:19:13 --> Controller "App\Controllers\undangan\Undangan" loaded.
INFO - 2021-11-13 18:20:03 --> Controller "App\Controllers\base\Beranda" loaded.
INFO - 2021-11-13 18:20:39 --> Controller "App\Controllers\base\Beranda" loaded.
INFO - 2021-11-13 18:21:03 --> Controller "App\Controllers\base\Beranda" loaded.
INFO - 2021-11-13 18:22:29 --> Controller "App\Controllers\base\Beranda" loaded.
INFO - 2021-11-13 18:22:58 --> Controller "App\Controllers\base\Beranda" loaded.
INFO - 2021-11-13 18:30:02 --> Controller "App\Controllers\base\Beranda" loaded.
INFO - 2021-11-13 18:40:03 --> Controller "App\Controllers\base\Beranda" loaded.
INFO - 2021-11-13 18:50:02 --> Controller "App\Controllers\base\Beranda" loaded.
INFO - 2021-11-13 19:00:03 --> Controller "App\Controllers\base\Beranda" loaded.
INFO - 2021-11-13 19:07:19 --> Controller "App\Controllers\base\Beranda" loaded.
INFO - 2021-11-13 19:10:02 --> Controller "App\Controllers\base\Beranda" loaded.
INFO - 2021-11-13 19:20:02 --> Controller "App\Controllers\base\Beranda" loaded.
INFO - 2021-11-13 19:30:03 --> Controller "App\Controllers\base\Beranda" loaded.
INFO - 2021-11-13 19:33:09 --> Controller "App\Controllers\base\Beranda" loaded.
INFO - 2021-11-13 19:33:48 --> Controller "App\Controllers\base\Beranda" loaded.
INFO - 2021-11-13 19:35:10 --> Session: Class initialized using 'CodeIgniter\Session\Handlers\FileHandler' driver.
INFO - 2021-11-13 19:35:10 --> Controller "App\Controllers\admin\Admin" loaded.
INFO - 2021-11-13 19:35:24 --> Controller "App\Controllers\base\Beranda" loaded.
INFO - 2021-11-13 19:40:02 --> Controller "App\Controllers\base\Beranda" loaded.
INFO - 2021-11-13 19:40:21 --> Controller "App\Controllers\base\Beranda" loaded.
INFO - 2021-11-13 19:49:55 --> Controller "App\Controllers\base\Beranda" loaded.
INFO - 2021-11-13 19:50:02 --> Controller "App\Controllers\base\Beranda" loaded.
INFO - 2021-11-13 19:50:21 --> Controller "App\Controllers\base\Beranda" loaded.
INFO - 2021-11-13 19:53:45 --> Session: Class initialized using 'CodeIgniter\Session\Handlers\FileHandler' driver.
INFO - 2021-11-13 19:53:45 --> Controller "App\Controllers\base\Order" loaded.
INFO - 2021-11-13 20:00:02 --> Controller "App\Controllers\base\Beranda" loaded.
INFO - 2021-11-13 20:07:04 --> Controller "App\Controllers\base\Beranda" loaded.
INFO - 2021-11-13 20:08:27 --> Controller "App\Controllers\base\Beranda" loaded.
INFO - 2021-11-13 20:10:02 --> Controller "App\Controllers\base\Beranda" loaded.
INFO - 2021-11-13 20:11:40 --> Controller "App\Controllers\base\Beranda" loaded.
INFO - 2021-11-13 20:20:02 --> Controller "App\Controllers\base\Beranda" loaded.
INFO - 2021-11-13 20:24:18 --> Session: Class initialized using 'CodeIgniter\Session\Handlers\FileHandler' driver.
INFO - 2021-11-13 20:24:18 --> Controller "App\Controllers\undangan\Undangan" loaded.
INFO - 2021-11-13 20:24:21 --> Session: Class initialized using 'CodeIgniter\Session\Handlers\FileHandler' driver.
INFO - 2021-11-13 20:24:21 --> Controller "App\Controllers\undangan\Undangan" loaded.
INFO - 2021-11-13 20:30:02 --> Controller "App\Controllers\base\Beranda" loaded.
INFO - 2021-11-13 20:40:03 --> Controller "App\Controllers\base\Beranda" loaded.
INFO - 2021-11-13 20:50:03 --> Controller "App\Controllers\base\Beranda" loaded.
INFO - 2021-11-13 20:51:48 --> Controller "App\Controllers\base\Beranda" loaded.
INFO - 2021-11-13 21:00:02 --> Controller "App\Controllers\base\Beranda" loaded.
INFO - 2021-11-13 21:02:30 --> Controller "App\Controllers\base\Beranda" loaded.
INFO - 2021-11-13 21:10:02 --> Controller "App\Controllers\base\Beranda" loaded.
INFO - 2021-11-13 21:16:57 --> Session: Class initialized using 'CodeIgniter\Session\Handlers\FileHandler' driver.
INFO - 2021-11-13 21:16:57 --> Controller "App\Controllers\admin\Admin" loaded.
INFO - 2021-11-13 21:17:01 --> Session: Class initialized using 'CodeIgniter\Session\Handlers\FileHandler' driver.
INFO - 2021-11-13 21:17:01 --> Controller "App\Controllers\admin\Admin" loaded.
INFO - 2021-11-13 21:17:02 --> Session: Class initialized using 'CodeIgniter\Session\Handlers\FileHandler' driver.
INFO - 2021-11-13 21:17:02 --> Controller "App\Controllers\admin\Admin" loaded.
INFO - 2021-11-13 21:17:07 --> Session: Class initialized using 'CodeIgniter\Session\Handlers\FileHandler' driver.
INFO - 2021-11-13 21:17:07 --> Controller "App\Controllers\admin\Admin" loaded.
INFO - 2021-11-13 21:17:09 --> Session: Class initialized using 'CodeIgniter\Session\Handlers\FileHandler' driver.
INFO - 2021-11-13 21:17:09 --> Controller "App\Controllers\admin\Admin" loaded.
INFO - 2021-11-13 21:17:15 --> Session: Class initialized using 'CodeIgniter\Session\Handlers\FileHandler' driver.
INFO - 2021-11-13 21:17:15 --> Controller "App\Controllers\admin\Admin" loaded.
INFO - 2021-11-13 21:17:15 --> Session: Class initialized using 'CodeIgniter\Session\Handlers\FileHandler' driver.
INFO - 2021-11-13 21:17:15 --> Controller "App\Controllers\admin\Admin" loaded.
INFO - 2021-11-13 21:17:21 --> Session: Class initialized using 'CodeIgniter\Session\Handlers\FileHandler' driver.
INFO - 2021-11-13 21:17:21 --> Controller "App\Controllers\admin\Admin" loaded.
INFO - 2021-11-13 21:17:21 --> Session: Class initialized using 'CodeIgniter\Session\Handlers\FileHandler' driver.
INFO - 2021-11-13 21:17:21 --> Controller "App\Controllers\admin\Admin" loaded.
INFO - 2021-11-13 21:17:27 --> Session: Class initialized using 'CodeIgniter\Session\Handlers\FileHandler' driver.
INFO - 2021-11-13 21:17:27 --> Controller "App\Controllers\admin\Admin" loaded.
INFO - 2021-11-13 21:17:27 --> Session: Class initialized using 'CodeIgniter\Session\Handlers\FileHandler' driver.
INFO - 2021-11-13 21:17:27 --> Controller "App\Controllers\admin\Admin" loaded.
INFO - 2021-11-13 21:17:34 --> Session: Class initialized using 'CodeIgniter\Session\Handlers\FileHandler' driver.
INFO - 2021-11-13 21:17:34 --> Controller "App\Controllers\admin\Admin" loaded.
INFO - 2021-11-13 21:17:39 --> Session: Class initialized using 'CodeIgniter\Session\Handlers\FileHandler' driver.
INFO - 2021-11-13 21:17:39 --> Controller "App\Controllers\undangan\Undangan" loaded.
INFO - 2021-11-13 21:17:56 --> Session: Class initialized using 'CodeIgniter\Session\Handlers\FileHandler' driver.
INFO - 2021-11-13 21:17:56 --> Controller "App\Controllers\admin\Admin" loaded.
INFO - 2021-11-13 21:18:01 --> Session: Class initialized using 'CodeIgniter\Session\Handlers\FileHandler' driver.
INFO - 2021-11-13 21:18:01 --> Controller "App\Controllers\admin\Admin" loaded.
INFO - 2021-11-13 21:20:03 --> Controller "App\Controllers\base\Beranda" loaded.
INFO - 2021-11-13 21:22:11 --> Session: Class initialized using 'CodeIgniter\Session\Handlers\FileHandler' driver.
INFO - 2021-11-13 21:22:11 --> Controller "App\Controllers\admin\Admin" loaded.
INFO - 2021-11-13 21:25:52 --> Session: Class initialized using 'CodeIgniter\Session\Handlers\FileHandler' driver.
INFO - 2021-11-13 21:25:52 --> Controller "App\Controllers\admin\Admin" loaded.
INFO - 2021-11-13 21:28:09 --> Session: Class initialized using 'CodeIgniter\Session\Handlers\FileHandler' driver.
INFO - 2021-11-13 21:28:09 --> Controller "App\Controllers\undangan\Undangan" loaded.
INFO - 2021-11-13 21:28:50 --> Session: Class initialized using 'CodeIgniter\Session\Handlers\FileHandler' driver.
INFO - 2021-11-13 21:28:50 --> Controller "App\Controllers\undangan\Undangan" loaded.
INFO - 2021-11-13 21:30:00 --> Session: Class initialized using 'CodeIgniter\Session\Handlers\FileHandler' driver.
INFO - 2021-11-13 21:30:00 --> Controller "App\Controllers\bukutamu\Bukutamu" loaded.
INFO - 2021-11-13 21:30:03 --> Controller "App\Controllers\base\Beranda" loaded.
INFO - 2021-11-13 21:30:08 --> Controller "App\Controllers\base\Beranda" loaded.
INFO - 2021-11-13 21:30:23 --> Controller "App\Controllers\base\Beranda" loaded.
INFO - 2021-11-13 21:30:41 --> Controller "App\Controllers\base\Beranda" loaded.
INFO - 2021-11-13 21:33:22 --> Controller "App\Controllers\base\Beranda" loaded.
INFO - 2021-11-13 21:40:02 --> Controller "App\Controllers\base\Beranda" loaded.
INFO - 2021-11-13 21:40:52 --> Controller "App\Controllers\base\Beranda" loaded.
INFO - 2021-11-13 21:41:49 --> Controller "App\Controllers\base\Beranda" loaded.
INFO - 2021-11-13 21:50:03 --> Controller "App\Controllers\base\Beranda" loaded.
INFO - 2021-11-13 21:59:53 --> Controller "App\Controllers\base\Beranda" loaded.
INFO - 2021-11-13 22:00:01 --> Controller "App\Controllers\base\Beranda" loaded.
INFO - 2021-11-13 22:00:23 --> Controller "App\Controllers\base\Beranda" loaded.
INFO - 2021-11-13 22:10:03 --> Controller "App\Controllers\base\Beranda" loaded.
INFO - 2021-11-13 22:20:03 --> Controller "App\Controllers\base\Beranda" loaded.
INFO - 2021-11-13 22:30:03 --> Controller "App\Controllers\base\Beranda" loaded.
INFO - 2021-11-13 22:40:02 --> Controller "App\Controllers\base\Beranda" loaded.
INFO - 2021-11-13 22:41:58 --> Controller "App\Controllers\base\Beranda" loaded.
INFO - 2021-11-13 22:50:02 --> Controller "App\Controllers\base\Beranda" loaded.
INFO - 2021-11-13 23:06:12 --> Controller "App\Controllers\base\Beranda" loaded.
INFO - 2021-11-13 23:06:13 --> Controller "App\Controllers\base\Beranda" loaded.
INFO - 2021-11-13 23:06:13 --> Controller "App\Controllers\base\Beranda" loaded.
INFO - 2021-11-13 23:06:13 --> Controller "App\Controllers\base\Beranda" loaded.
INFO - 2021-11-13 23:06:13 --> Controller "App\Controllers\base\Beranda" loaded.
INFO - 2021-11-13 23:06:14 --> Controller "App\Controllers\base\Beranda" loaded.
INFO - 2021-11-13 23:06:14 --> Controller "App\Controllers\base\Beranda" loaded.
INFO - 2021-11-13 23:06:14 --> Controller "App\Controllers\base\Beranda" loaded.
INFO - 2021-11-13 23:06:14 --> Controller "App\Controllers\base\Beranda" loaded.
INFO - 2021-11-13 23:06:15 --> Controller "App\Controllers\base\Beranda" loaded.
INFO - 2021-11-13 23:06:15 --> Controller "App\Controllers\base\Beranda" loaded.
INFO - 2021-11-13 23:06:15 --> Controller "App\Controllers\base\Beranda" loaded.
INFO - 2021-11-13 23:06:15 --> Controller "App\Controllers\base\Beranda" loaded.
INFO - 2021-11-13 23:06:15 --> Controller "App\Controllers\base\Beranda" loaded.
INFO - 2021-11-13 23:06:16 --> Controller "App\Controllers\base\Beranda" loaded.
INFO - 2021-11-13 23:06:16 --> Controller "App\Controllers\base\Beranda" loaded.
INFO - 2021-11-13 23:06:16 --> Controller "App\Controllers\base\Beranda" loaded.
INFO - 2021-11-13 23:06:16 --> Controller "App\Controllers\base\Beranda" loaded.
INFO - 2021-11-13 23:06:17 --> Controller "App\Controllers\base\Beranda" loaded.
INFO - 2021-11-13 23:06:17 --> Controller "App\Controllers\base\Beranda" loaded.
INFO - 2021-11-13 23:09:49 --> Controller "App\Controllers\base\Beranda" loaded.
INFO - 2021-11-13 23:21:36 --> Controller "App\Controllers\base\Beranda" loaded.
