INFO - 2021-10-17 00:12:37 --> Session: Class initialized using 'CodeIgniter\Session\Handlers\FileHandler' driver.
INFO - 2021-10-17 00:12:37 --> Controller "App\Controllers\undangan\Undangan" loaded.
INFO - 2021-10-17 00:12:43 --> Session: Class initialized using 'CodeIgniter\Session\Handlers\FileHandler' driver.
INFO - 2021-10-17 00:12:43 --> Controller "App\Controllers\undangan\Undangan" loaded.
INFO - 2021-10-17 00:12:49 --> Session: Class initialized using 'CodeIgniter\Session\Handlers\FileHandler' driver.
INFO - 2021-10-17 00:12:49 --> Controller "App\Controllers\undangan\Undangan" loaded.
INFO - 2021-10-17 00:23:07 --> Controller "App\Controllers\base\Beranda" loaded.
INFO - 2021-10-17 00:55:25 --> Controller "App\Controllers\base\Beranda" loaded.
INFO - 2021-10-17 00:55:32 --> Controller "App\Controllers\base\Beranda" loaded.
INFO - 2021-10-17 00:55:39 --> Controller "App\Controllers\base\Beranda" loaded.
INFO - 2021-10-17 01:00:31 --> Session: Class initialized using 'CodeIgniter\Session\Handlers\FileHandler' driver.
INFO - 2021-10-17 01:00:31 --> Controller "App\Controllers\bukutamu\Bukutamu" loaded.
INFO - 2021-10-17 01:00:35 --> Session: Class initialized using 'CodeIgniter\Session\Handlers\FileHandler' driver.
INFO - 2021-10-17 01:00:35 --> Controller "App\Controllers\bukutamu\Bukutamu" loaded.
INFO - 2021-10-17 01:00:37 --> Session: Class initialized using 'CodeIgniter\Session\Handlers\FileHandler' driver.
INFO - 2021-10-17 01:00:37 --> Controller "App\Controllers\bukutamu\Bukutamu" loaded.
INFO - 2021-10-17 01:00:39 --> Session: Class initialized using 'CodeIgniter\Session\Handlers\FileHandler' driver.
INFO - 2021-10-17 01:00:39 --> Controller "App\Controllers\bukutamu\Bukutamu" loaded.
INFO - 2021-10-17 01:00:42 --> Session: Class initialized using 'CodeIgniter\Session\Handlers\FileHandler' driver.
INFO - 2021-10-17 01:00:42 --> Controller "App\Controllers\bukutamu\Bukutamu" loaded.
INFO - 2021-10-17 01:00:45 --> Session: Class initialized using 'CodeIgniter\Session\Handlers\FileHandler' driver.
INFO - 2021-10-17 01:00:45 --> Controller "App\Controllers\bukutamu\Bukutamu" loaded.
INFO - 2021-10-17 01:00:46 --> Session: Class initialized using 'CodeIgniter\Session\Handlers\FileHandler' driver.
INFO - 2021-10-17 01:00:46 --> Controller "App\Controllers\bukutamu\Bukutamu" loaded.
INFO - 2021-10-17 01:00:51 --> Session: Class initialized using 'CodeIgniter\Session\Handlers\FileHandler' driver.
INFO - 2021-10-17 01:00:51 --> Controller "App\Controllers\bukutamu\Bukutamu" loaded.
INFO - 2021-10-17 01:00:56 --> Session: Class initialized using 'CodeIgniter\Session\Handlers\FileHandler' driver.
INFO - 2021-10-17 01:00:56 --> Controller "App\Controllers\bukutamu\Bukutamu" loaded.
INFO - 2021-10-17 01:01:01 --> Session: Class initialized using 'CodeIgniter\Session\Handlers\FileHandler' driver.
INFO - 2021-10-17 01:01:01 --> Controller "App\Controllers\bukutamu\Bukutamu" loaded.
INFO - 2021-10-17 01:01:06 --> Session: Class initialized using 'CodeIgniter\Session\Handlers\FileHandler' driver.
INFO - 2021-10-17 01:01:06 --> Controller "App\Controllers\bukutamu\Bukutamu" loaded.
INFO - 2021-10-17 01:01:12 --> Session: Class initialized using 'CodeIgniter\Session\Handlers\FileHandler' driver.
INFO - 2021-10-17 01:01:12 --> Controller "App\Controllers\bukutamu\Bukutamu" loaded.
INFO - 2021-10-17 01:01:17 --> Session: Class initialized using 'CodeIgniter\Session\Handlers\FileHandler' driver.
INFO - 2021-10-17 01:01:17 --> Controller "App\Controllers\bukutamu\Bukutamu" loaded.
INFO - 2021-10-17 01:01:21 --> Session: Class initialized using 'CodeIgniter\Session\Handlers\FileHandler' driver.
INFO - 2021-10-17 01:01:21 --> Controller "App\Controllers\bukutamu\Bukutamu" loaded.
INFO - 2021-10-17 01:01:32 --> Session: Class initialized using 'CodeIgniter\Session\Handlers\FileHandler' driver.
INFO - 2021-10-17 01:01:32 --> Controller "App\Controllers\bukutamu\Bukutamu" loaded.
INFO - 2021-10-17 01:18:33 --> Controller "App\Controllers\base\Beranda" loaded.
INFO - 2021-10-17 01:18:36 --> Controller "App\Controllers\base\Beranda" loaded.
INFO - 2021-10-17 01:18:55 --> Controller "App\Controllers\base\Beranda" loaded.
INFO - 2021-10-17 01:45:28 --> Session: Class initialized using 'CodeIgniter\Session\Handlers\FileHandler' driver.
INFO - 2021-10-17 01:45:28 --> Controller "App\Controllers\undangan\Undangan" loaded.
INFO - 2021-10-17 01:45:28 --> Session: Class initialized using 'CodeIgniter\Session\Handlers\FileHandler' driver.
INFO - 2021-10-17 01:45:28 --> Controller "App\Controllers\undangan\Undangan" loaded.
INFO - 2021-10-17 01:45:28 --> Session: Class initialized using 'CodeIgniter\Session\Handlers\FileHandler' driver.
INFO - 2021-10-17 01:45:28 --> Controller "App\Controllers\undangan\Undangan" loaded.
INFO - 2021-10-17 01:45:28 --> Session: Class initialized using 'CodeIgniter\Session\Handlers\FileHandler' driver.
INFO - 2021-10-17 01:45:28 --> Controller "App\Controllers\undangan\Undangan" loaded.
INFO - 2021-10-17 01:45:28 --> Session: Class initialized using 'CodeIgniter\Session\Handlers\FileHandler' driver.
INFO - 2021-10-17 01:45:28 --> Controller "App\Controllers\undangan\Undangan" loaded.
INFO - 2021-10-17 01:45:28 --> Session: Class initialized using 'CodeIgniter\Session\Handlers\FileHandler' driver.
INFO - 2021-10-17 01:45:28 --> Controller "App\Controllers\undangan\Undangan" loaded.
INFO - 2021-10-17 01:45:28 --> Session: Class initialized using 'CodeIgniter\Session\Handlers\FileHandler' driver.
INFO - 2021-10-17 01:45:28 --> Controller "App\Controllers\undangan\Undangan" loaded.
INFO - 2021-10-17 01:45:28 --> Session: Class initialized using 'CodeIgniter\Session\Handlers\FileHandler' driver.
INFO - 2021-10-17 01:45:28 --> Controller "App\Controllers\undangan\Undangan" loaded.
INFO - 2021-10-17 01:45:28 --> Session: Class initialized using 'CodeIgniter\Session\Handlers\FileHandler' driver.
INFO - 2021-10-17 01:45:28 --> Controller "App\Controllers\undangan\Undangan" loaded.
INFO - 2021-10-17 02:22:09 --> Session: Class initialized using 'CodeIgniter\Session\Handlers\FileHandler' driver.
INFO - 2021-10-17 02:22:09 --> Controller "App\Controllers\undangan\Undangan" loaded.
INFO - 2021-10-17 02:22:14 --> Session: Class initialized using 'CodeIgniter\Session\Handlers\FileHandler' driver.
INFO - 2021-10-17 02:22:14 --> Controller "App\Controllers\undangan\Undangan" loaded.
INFO - 2021-10-17 02:22:20 --> Session: Class initialized using 'CodeIgniter\Session\Handlers\FileHandler' driver.
INFO - 2021-10-17 02:22:20 --> Controller "App\Controllers\undangan\Undangan" loaded.
INFO - 2021-10-17 02:22:25 --> Session: Class initialized using 'CodeIgniter\Session\Handlers\FileHandler' driver.
INFO - 2021-10-17 02:22:25 --> Controller "App\Controllers\undangan\Undangan" loaded.
INFO - 2021-10-17 02:22:29 --> Session: Class initialized using 'CodeIgniter\Session\Handlers\FileHandler' driver.
INFO - 2021-10-17 02:22:29 --> Controller "App\Controllers\undangan\Undangan" loaded.
INFO - 2021-10-17 02:22:34 --> Session: Class initialized using 'CodeIgniter\Session\Handlers\FileHandler' driver.
INFO - 2021-10-17 02:22:34 --> Controller "App\Controllers\undangan\Undangan" loaded.
INFO - 2021-10-17 02:22:39 --> Session: Class initialized using 'CodeIgniter\Session\Handlers\FileHandler' driver.
INFO - 2021-10-17 02:22:39 --> Controller "App\Controllers\undangan\Undangan" loaded.
INFO - 2021-10-17 02:22:44 --> Session: Class initialized using 'CodeIgniter\Session\Handlers\FileHandler' driver.
INFO - 2021-10-17 02:22:44 --> Controller "App\Controllers\undangan\Undangan" loaded.
INFO - 2021-10-17 02:22:48 --> Session: Class initialized using 'CodeIgniter\Session\Handlers\FileHandler' driver.
INFO - 2021-10-17 02:22:48 --> Controller "App\Controllers\undangan\Undangan" loaded.
INFO - 2021-10-17 02:22:53 --> Session: Class initialized using 'CodeIgniter\Session\Handlers\FileHandler' driver.
INFO - 2021-10-17 02:22:53 --> Controller "App\Controllers\undangan\Undangan" loaded.
INFO - 2021-10-17 02:22:58 --> Session: Class initialized using 'CodeIgniter\Session\Handlers\FileHandler' driver.
INFO - 2021-10-17 02:22:58 --> Controller "App\Controllers\undangan\Undangan" loaded.
INFO - 2021-10-17 02:23:03 --> Session: Class initialized using 'CodeIgniter\Session\Handlers\FileHandler' driver.
INFO - 2021-10-17 02:23:03 --> Controller "App\Controllers\undangan\Undangan" loaded.
INFO - 2021-10-17 02:23:07 --> Session: Class initialized using 'CodeIgniter\Session\Handlers\FileHandler' driver.
INFO - 2021-10-17 02:23:07 --> Controller "App\Controllers\undangan\Undangan" loaded.
INFO - 2021-10-17 02:23:12 --> Session: Class initialized using 'CodeIgniter\Session\Handlers\FileHandler' driver.
INFO - 2021-10-17 02:23:12 --> Controller "App\Controllers\undangan\Undangan" loaded.
INFO - 2021-10-17 02:23:17 --> Session: Class initialized using 'CodeIgniter\Session\Handlers\FileHandler' driver.
INFO - 2021-10-17 02:23:17 --> Controller "App\Controllers\undangan\Undangan" loaded.
INFO - 2021-10-17 02:23:22 --> Session: Class initialized using 'CodeIgniter\Session\Handlers\FileHandler' driver.
INFO - 2021-10-17 02:23:22 --> Controller "App\Controllers\undangan\Undangan" loaded.
INFO - 2021-10-17 02:23:27 --> Session: Class initialized using 'CodeIgniter\Session\Handlers\FileHandler' driver.
INFO - 2021-10-17 02:23:27 --> Controller "App\Controllers\undangan\Undangan" loaded.
INFO - 2021-10-17 02:23:31 --> Session: Class initialized using 'CodeIgniter\Session\Handlers\FileHandler' driver.
INFO - 2021-10-17 02:23:31 --> Controller "App\Controllers\undangan\Undangan" loaded.
INFO - 2021-10-17 02:23:36 --> Session: Class initialized using 'CodeIgniter\Session\Handlers\FileHandler' driver.
INFO - 2021-10-17 02:23:36 --> Controller "App\Controllers\undangan\Undangan" loaded.
INFO - 2021-10-17 02:23:42 --> Session: Class initialized using 'CodeIgniter\Session\Handlers\FileHandler' driver.
INFO - 2021-10-17 02:23:42 --> Controller "App\Controllers\undangan\Undangan" loaded.
INFO - 2021-10-17 02:23:46 --> Session: Class initialized using 'CodeIgniter\Session\Handlers\FileHandler' driver.
INFO - 2021-10-17 02:23:46 --> Controller "App\Controllers\undangan\Undangan" loaded.
INFO - 2021-10-17 02:23:51 --> Session: Class initialized using 'CodeIgniter\Session\Handlers\FileHandler' driver.
INFO - 2021-10-17 02:23:51 --> Controller "App\Controllers\undangan\Undangan" loaded.
INFO - 2021-10-17 02:23:57 --> Session: Class initialized using 'CodeIgniter\Session\Handlers\FileHandler' driver.
INFO - 2021-10-17 02:23:57 --> Controller "App\Controllers\undangan\Undangan" loaded.
INFO - 2021-10-17 02:24:01 --> Session: Class initialized using 'CodeIgniter\Session\Handlers\FileHandler' driver.
INFO - 2021-10-17 02:24:01 --> Controller "App\Controllers\undangan\Undangan" loaded.
INFO - 2021-10-17 02:24:06 --> Session: Class initialized using 'CodeIgniter\Session\Handlers\FileHandler' driver.
INFO - 2021-10-17 02:24:06 --> Controller "App\Controllers\undangan\Undangan" loaded.
INFO - 2021-10-17 02:24:10 --> Session: Class initialized using 'CodeIgniter\Session\Handlers\FileHandler' driver.
INFO - 2021-10-17 02:24:10 --> Controller "App\Controllers\undangan\Undangan" loaded.
INFO - 2021-10-17 02:24:15 --> Session: Class initialized using 'CodeIgniter\Session\Handlers\FileHandler' driver.
INFO - 2021-10-17 02:24:15 --> Controller "App\Controllers\undangan\Undangan" loaded.
INFO - 2021-10-17 02:24:19 --> Session: Class initialized using 'CodeIgniter\Session\Handlers\FileHandler' driver.
INFO - 2021-10-17 02:24:19 --> Controller "App\Controllers\undangan\Undangan" loaded.
INFO - 2021-10-17 02:24:23 --> Session: Class initialized using 'CodeIgniter\Session\Handlers\FileHandler' driver.
INFO - 2021-10-17 02:24:23 --> Controller "App\Controllers\undangan\Undangan" loaded.
INFO - 2021-10-17 02:24:29 --> Session: Class initialized using 'CodeIgniter\Session\Handlers\FileHandler' driver.
INFO - 2021-10-17 02:24:29 --> Controller "App\Controllers\undangan\Undangan" loaded.
INFO - 2021-10-17 02:24:34 --> Session: Class initialized using 'CodeIgniter\Session\Handlers\FileHandler' driver.
INFO - 2021-10-17 02:24:34 --> Controller "App\Controllers\undangan\Undangan" loaded.
INFO - 2021-10-17 02:24:40 --> Session: Class initialized using 'CodeIgniter\Session\Handlers\FileHandler' driver.
INFO - 2021-10-17 02:24:40 --> Controller "App\Controllers\undangan\Undangan" loaded.
INFO - 2021-10-17 02:24:44 --> Session: Class initialized using 'CodeIgniter\Session\Handlers\FileHandler' driver.
INFO - 2021-10-17 02:24:44 --> Controller "App\Controllers\undangan\Undangan" loaded.
INFO - 2021-10-17 02:24:45 --> Session: Class initialized using 'CodeIgniter\Session\Handlers\FileHandler' driver.
INFO - 2021-10-17 02:24:45 --> Controller "App\Controllers\bukutamu\Bukutamu" loaded.
INFO - 2021-10-17 02:24:49 --> Session: Class initialized using 'CodeIgniter\Session\Handlers\FileHandler' driver.
INFO - 2021-10-17 02:24:49 --> Controller "App\Controllers\undangan\Undangan" loaded.
INFO - 2021-10-17 02:24:54 --> Session: Class initialized using 'CodeIgniter\Session\Handlers\FileHandler' driver.
INFO - 2021-10-17 02:24:54 --> Controller "App\Controllers\undangan\Undangan" loaded.
INFO - 2021-10-17 02:24:58 --> Session: Class initialized using 'CodeIgniter\Session\Handlers\FileHandler' driver.
INFO - 2021-10-17 02:24:58 --> Controller "App\Controllers\undangan\Undangan" loaded.
INFO - 2021-10-17 02:25:03 --> Session: Class initialized using 'CodeIgniter\Session\Handlers\FileHandler' driver.
INFO - 2021-10-17 02:25:03 --> Controller "App\Controllers\undangan\Undangan" loaded.
INFO - 2021-10-17 02:25:07 --> Session: Class initialized using 'CodeIgniter\Session\Handlers\FileHandler' driver.
INFO - 2021-10-17 02:25:07 --> Controller "App\Controllers\undangan\Undangan" loaded.
INFO - 2021-10-17 02:25:12 --> Session: Class initialized using 'CodeIgniter\Session\Handlers\FileHandler' driver.
INFO - 2021-10-17 02:25:12 --> Controller "App\Controllers\undangan\Undangan" loaded.
INFO - 2021-10-17 02:25:17 --> Session: Class initialized using 'CodeIgniter\Session\Handlers\FileHandler' driver.
INFO - 2021-10-17 02:25:17 --> Controller "App\Controllers\undangan\Undangan" loaded.
INFO - 2021-10-17 02:25:21 --> Session: Class initialized using 'CodeIgniter\Session\Handlers\FileHandler' driver.
INFO - 2021-10-17 02:25:21 --> Controller "App\Controllers\undangan\Undangan" loaded.
INFO - 2021-10-17 02:25:26 --> Session: Class initialized using 'CodeIgniter\Session\Handlers\FileHandler' driver.
INFO - 2021-10-17 02:25:26 --> Controller "App\Controllers\undangan\Undangan" loaded.
INFO - 2021-10-17 02:25:31 --> Session: Class initialized using 'CodeIgniter\Session\Handlers\FileHandler' driver.
INFO - 2021-10-17 02:25:31 --> Controller "App\Controllers\undangan\Undangan" loaded.
INFO - 2021-10-17 02:25:36 --> Session: Class initialized using 'CodeIgniter\Session\Handlers\FileHandler' driver.
INFO - 2021-10-17 02:25:36 --> Controller "App\Controllers\undangan\Undangan" loaded.
INFO - 2021-10-17 02:25:41 --> Session: Class initialized using 'CodeIgniter\Session\Handlers\FileHandler' driver.
INFO - 2021-10-17 02:25:41 --> Controller "App\Controllers\undangan\Undangan" loaded.
INFO - 2021-10-17 02:25:46 --> Session: Class initialized using 'CodeIgniter\Session\Handlers\FileHandler' driver.
INFO - 2021-10-17 02:25:46 --> Controller "App\Controllers\undangan\Undangan" loaded.
INFO - 2021-10-17 03:03:03 --> Controller "App\Controllers\base\Beranda" loaded.
INFO - 2021-10-17 03:09:24 --> Controller "App\Controllers\base\Beranda" loaded.
INFO - 2021-10-17 03:09:27 --> Controller "App\Controllers\base\Beranda" loaded.
INFO - 2021-10-17 03:09:32 --> Session: Class initialized using 'CodeIgniter\Session\Handlers\FileHandler' driver.
INFO - 2021-10-17 03:09:32 --> Controller "App\Controllers\bukutamu\Bukutamu" loaded.
INFO - 2021-10-17 03:22:01 --> Session: Class initialized using 'CodeIgniter\Session\Handlers\FileHandler' driver.
INFO - 2021-10-17 03:22:01 --> Controller "App\Controllers\undangan\Undangan" loaded.
INFO - 2021-10-17 03:27:51 --> Controller "App\Controllers\base\Beranda" loaded.
INFO - 2021-10-17 04:05:28 --> Controller "App\Controllers\base\Beranda" loaded.
INFO - 2021-10-17 04:15:55 --> Controller "App\Controllers\base\Beranda" loaded.
INFO - 2021-10-17 04:57:58 --> Controller "App\Controllers\base\Beranda" loaded.
INFO - 2021-10-17 05:00:08 --> Session: Class initialized using 'CodeIgniter\Session\Handlers\FileHandler' driver.
INFO - 2021-10-17 05:00:08 --> Session: Class initialized using 'CodeIgniter\Session\Handlers\FileHandler' driver.
INFO - 2021-10-17 05:00:08 --> Controller "App\Controllers\base\Dashboard" loaded.
INFO - 2021-10-17 05:22:06 --> Controller "App\Controllers\base\Beranda" loaded.
INFO - 2021-10-17 05:26:17 --> Session: Class initialized using 'CodeIgniter\Session\Handlers\FileHandler' driver.
INFO - 2021-10-17 05:26:17 --> Controller "App\Controllers\base\Dashboard" loaded.
INFO - 2021-10-17 05:26:30 --> Session: Class initialized using 'CodeIgniter\Session\Handlers\FileHandler' driver.
INFO - 2021-10-17 05:26:30 --> Controller "App\Controllers\base\Dashboard" loaded.
INFO - 2021-10-17 05:26:30 --> Session: Class initialized using 'CodeIgniter\Session\Handlers\FileHandler' driver.
INFO - 2021-10-17 05:26:30 --> Controller "App\Controllers\base\Dashboard" loaded.
INFO - 2021-10-17 05:26:36 --> Session: Class initialized using 'CodeIgniter\Session\Handlers\FileHandler' driver.
INFO - 2021-10-17 05:26:36 --> Controller "App\Controllers\base\Dashboard" loaded.
INFO - 2021-10-17 05:26:40 --> Controller "App\Controllers\base\Beranda" loaded.
INFO - 2021-10-17 05:27:07 --> Session: Class initialized using 'CodeIgniter\Session\Handlers\FileHandler' driver.
INFO - 2021-10-17 05:27:07 --> Session: Class initialized using 'CodeIgniter\Session\Handlers\FileHandler' driver.
INFO - 2021-10-17 05:27:07 --> Controller "App\Controllers\base\Dashboard" loaded.
INFO - 2021-10-17 05:27:18 --> Session: Class initialized using 'CodeIgniter\Session\Handlers\FileHandler' driver.
INFO - 2021-10-17 05:27:18 --> Controller "App\Controllers\base\Dashboard" loaded.
INFO - 2021-10-17 05:27:18 --> Session: Class initialized using 'CodeIgniter\Session\Handlers\FileHandler' driver.
INFO - 2021-10-17 05:27:18 --> Controller "App\Controllers\base\Dashboard" loaded.
INFO - 2021-10-17 05:27:23 --> Session: Class initialized using 'CodeIgniter\Session\Handlers\FileHandler' driver.
INFO - 2021-10-17 05:27:23 --> Controller "App\Controllers\base\Dashboard" loaded.
INFO - 2021-10-17 05:27:25 --> Controller "App\Controllers\base\Beranda" loaded.
INFO - 2021-10-17 05:30:49 --> Session: Class initialized using 'CodeIgniter\Session\Handlers\FileHandler' driver.
INFO - 2021-10-17 05:30:49 --> Controller "App\Controllers\base\Dashboard" loaded.
CRITICAL - 2021-10-17 05:30:49 --> Call to undefined method Codenom\Midtrans\Midtrans::setData()
#0 /home/nguh5634/public_html/project/undangan/system/CodeIgniter.php(910): App\Controllers\base\Dashboard->invoice()
#1 /home/nguh5634/public_html/project/undangan/system/CodeIgniter.php(398): CodeIgniter\CodeIgniter->runController(Object(App\Controllers\base\Dashboard))
#2 /home/nguh5634/public_html/project/undangan/system/CodeIgniter.php(306): CodeIgniter\CodeIgniter->handleRequest(NULL, Object(Config\Cache), false)
#3 /home/nguh5634/public_html/project/undangan/index.php(45): CodeIgniter\CodeIgniter->run()
#4 {main}
INFO - 2021-10-17 05:34:47 --> Session: Class initialized using 'CodeIgniter\Session\Handlers\FileHandler' driver.
INFO - 2021-10-17 05:34:47 --> Controller "App\Controllers\base\Dashboard" loaded.
CRITICAL - 2021-10-17 05:34:47 --> Undefined variable: idMerchant
#0 /home/nguh5634/public_html/project/undangan/app/Views/base/dashboard/invoice.php(193): CodeIgniter\Debug\Exceptions->errorHandler(8, 'Undefined varia...', '/home/nguh5634/...', 193, Array)
#1 /home/nguh5634/public_html/project/undangan/system/View/View.php(236): include('/home/nguh5634/...')
#2 /home/nguh5634/public_html/project/undangan/system/Common.php(1071): CodeIgniter\View\View->render('base/dashboard/...', Array, true)
#3 /home/nguh5634/public_html/project/undangan/app/Views/base/dashboard/layout.php(157): view('base/dashboard/...')
#4 /home/nguh5634/public_html/project/undangan/system/View/View.php(236): include('/home/nguh5634/...')
#5 /home/nguh5634/public_html/project/undangan/system/Common.php(1071): CodeIgniter\View\View->render('base/dashboard/...', Array, true)
#6 /home/nguh5634/public_html/project/undangan/app/Controllers/base/Dashboard.php(633): view('base/dashboard/...', Array)
#7 /home/nguh5634/public_html/project/undangan/system/CodeIgniter.php(910): App\Controllers\base\Dashboard->invoice()
#8 /home/nguh5634/public_html/project/undangan/system/CodeIgniter.php(398): CodeIgniter\CodeIgniter->runController(Object(App\Controllers\base\Dashboard))
#9 /home/nguh5634/public_html/project/undangan/system/CodeIgniter.php(306): CodeIgniter\CodeIgniter->handleRequest(NULL, Object(Config\Cache), false)
#10 /home/nguh5634/public_html/project/undangan/index.php(45): CodeIgniter\CodeIgniter->run()
#11 {main}
INFO - 2021-10-17 05:35:23 --> Session: Class initialized using 'CodeIgniter\Session\Handlers\FileHandler' driver.
INFO - 2021-10-17 05:35:23 --> Controller "App\Controllers\base\Dashboard" loaded.
CRITICAL - 2021-10-17 05:35:23 --> Undefined variable: idMerchant
#0 /home/nguh5634/public_html/project/undangan/app/Views/base/dashboard/invoice.php(193): CodeIgniter\Debug\Exceptions->errorHandler(8, 'Undefined varia...', '/home/nguh5634/...', 193, Array)
#1 /home/nguh5634/public_html/project/undangan/system/View/View.php(236): include('/home/nguh5634/...')
#2 /home/nguh5634/public_html/project/undangan/system/Common.php(1071): CodeIgniter\View\View->render('base/dashboard/...', Array, true)
#3 /home/nguh5634/public_html/project/undangan/app/Views/base/dashboard/layout.php(157): view('base/dashboard/...')
#4 /home/nguh5634/public_html/project/undangan/system/View/View.php(236): include('/home/nguh5634/...')
#5 /home/nguh5634/public_html/project/undangan/system/Common.php(1071): CodeIgniter\View\View->render('base/dashboard/...', Array, true)
#6 /home/nguh5634/public_html/project/undangan/app/Controllers/base/Dashboard.php(633): view('base/dashboard/...', Array)
#7 /home/nguh5634/public_html/project/undangan/system/CodeIgniter.php(910): App\Controllers\base\Dashboard->invoice()
#8 /home/nguh5634/public_html/project/undangan/system/CodeIgniter.php(398): CodeIgniter\CodeIgniter->runController(Object(App\Controllers\base\Dashboard))
#9 /home/nguh5634/public_html/project/undangan/system/CodeIgniter.php(306): CodeIgniter\CodeIgniter->handleRequest(NULL, Object(Config\Cache), false)
#10 /home/nguh5634/public_html/project/undangan/index.php(45): CodeIgniter\CodeIgniter->run()
#11 {main}
INFO - 2021-10-17 05:35:58 --> Session: Class initialized using 'CodeIgniter\Session\Handlers\FileHandler' driver.
INFO - 2021-10-17 05:35:58 --> Controller "App\Controllers\base\Dashboard" loaded.
CRITICAL - 2021-10-17 05:35:58 --> Undefined variable: idMerchant
#0 /home/nguh5634/public_html/project/undangan/app/Views/base/dashboard/invoice.php(193): CodeIgniter\Debug\Exceptions->errorHandler(8, 'Undefined varia...', '/home/nguh5634/...', 193, Array)
#1 /home/nguh5634/public_html/project/undangan/system/View/View.php(236): include('/home/nguh5634/...')
#2 /home/nguh5634/public_html/project/undangan/system/Common.php(1071): CodeIgniter\View\View->render('base/dashboard/...', Array, true)
#3 /home/nguh5634/public_html/project/undangan/app/Views/base/dashboard/layout.php(157): view('base/dashboard/...')
#4 /home/nguh5634/public_html/project/undangan/system/View/View.php(236): include('/home/nguh5634/...')
#5 /home/nguh5634/public_html/project/undangan/system/Common.php(1071): CodeIgniter\View\View->render('base/dashboard/...', Array, true)
#6 /home/nguh5634/public_html/project/undangan/app/Controllers/base/Dashboard.php(633): view('base/dashboard/...', Array)
#7 /home/nguh5634/public_html/project/undangan/system/CodeIgniter.php(910): App\Controllers\base\Dashboard->invoice()
#8 /home/nguh5634/public_html/project/undangan/system/CodeIgniter.php(398): CodeIgniter\CodeIgniter->runController(Object(App\Controllers\base\Dashboard))
#9 /home/nguh5634/public_html/project/undangan/system/CodeIgniter.php(306): CodeIgniter\CodeIgniter->handleRequest(NULL, Object(Config\Cache), false)
#10 /home/nguh5634/public_html/project/undangan/index.php(45): CodeIgniter\CodeIgniter->run()
#11 {main}
INFO - 2021-10-17 05:36:02 --> Session: Class initialized using 'CodeIgniter\Session\Handlers\FileHandler' driver.
INFO - 2021-10-17 05:36:02 --> Controller "App\Controllers\base\Dashboard" loaded.
CRITICAL - 2021-10-17 05:36:02 --> Undefined variable: idMerchant
#0 /home/nguh5634/public_html/project/undangan/app/Views/base/dashboard/invoice.php(193): CodeIgniter\Debug\Exceptions->errorHandler(8, 'Undefined varia...', '/home/nguh5634/...', 193, Array)
#1 /home/nguh5634/public_html/project/undangan/system/View/View.php(236): include('/home/nguh5634/...')
#2 /home/nguh5634/public_html/project/undangan/system/Common.php(1071): CodeIgniter\View\View->render('base/dashboard/...', Array, true)
#3 /home/nguh5634/public_html/project/undangan/app/Views/base/dashboard/layout.php(157): view('base/dashboard/...')
#4 /home/nguh5634/public_html/project/undangan/system/View/View.php(236): include('/home/nguh5634/...')
#5 /home/nguh5634/public_html/project/undangan/system/Common.php(1071): CodeIgniter\View\View->render('base/dashboard/...', Array, true)
#6 /home/nguh5634/public_html/project/undangan/app/Controllers/base/Dashboard.php(633): view('base/dashboard/...', Array)
#7 /home/nguh5634/public_html/project/undangan/system/CodeIgniter.php(910): App\Controllers\base\Dashboard->invoice()
#8 /home/nguh5634/public_html/project/undangan/system/CodeIgniter.php(398): CodeIgniter\CodeIgniter->runController(Object(App\Controllers\base\Dashboard))
#9 /home/nguh5634/public_html/project/undangan/system/CodeIgniter.php(306): CodeIgniter\CodeIgniter->handleRequest(NULL, Object(Config\Cache), false)
#10 /home/nguh5634/public_html/project/undangan/index.php(45): CodeIgniter\CodeIgniter->run()
#11 {main}
INFO - 2021-10-17 05:37:11 --> Session: Class initialized using 'CodeIgniter\Session\Handlers\FileHandler' driver.
INFO - 2021-10-17 05:37:11 --> Controller "App\Controllers\base\Dashboard" loaded.
CRITICAL - 2021-10-17 05:37:11 --> Call to undefined method Codenom\Midtrans\Midtrans::setData()
#0 /home/nguh5634/public_html/project/undangan/system/CodeIgniter.php(910): App\Controllers\base\Dashboard->invoice()
#1 /home/nguh5634/public_html/project/undangan/system/CodeIgniter.php(398): CodeIgniter\CodeIgniter->runController(Object(App\Controllers\base\Dashboard))
#2 /home/nguh5634/public_html/project/undangan/system/CodeIgniter.php(306): CodeIgniter\CodeIgniter->handleRequest(NULL, Object(Config\Cache), false)
#3 /home/nguh5634/public_html/project/undangan/index.php(45): CodeIgniter\CodeIgniter->run()
#4 {main}
INFO - 2021-10-17 05:38:27 --> Session: Class initialized using 'CodeIgniter\Session\Handlers\FileHandler' driver.
INFO - 2021-10-17 05:38:27 --> Controller "App\Controllers\base\Dashboard" loaded.
CRITICAL - 2021-10-17 05:38:27 --> Call to undefined method App\Controllers\base\Dashboard::render()
#0 /home/nguh5634/public_html/project/undangan/system/CodeIgniter.php(910): App\Controllers\base\Dashboard->invoice()
#1 /home/nguh5634/public_html/project/undangan/system/CodeIgniter.php(398): CodeIgniter\CodeIgniter->runController(Object(App\Controllers\base\Dashboard))
#2 /home/nguh5634/public_html/project/undangan/system/CodeIgniter.php(306): CodeIgniter\CodeIgniter->handleRequest(NULL, Object(Config\Cache), false)
#3 /home/nguh5634/public_html/project/undangan/index.php(45): CodeIgniter\CodeIgniter->run()
#4 {main}
INFO - 2021-10-17 05:40:13 --> Session: Class initialized using 'CodeIgniter\Session\Handlers\FileHandler' driver.
INFO - 2021-10-17 05:40:13 --> Controller "App\Controllers\base\Dashboard" loaded.
CRITICAL - 2021-10-17 05:40:13 --> Call to undefined method Codenom\Midtrans\Midtrans::setData()
#0 /home/nguh5634/public_html/project/undangan/system/CodeIgniter.php(910): App\Controllers\base\Dashboard->invoice()
#1 /home/nguh5634/public_html/project/undangan/system/CodeIgniter.php(398): CodeIgniter\CodeIgniter->runController(Object(App\Controllers\base\Dashboard))
#2 /home/nguh5634/public_html/project/undangan/system/CodeIgniter.php(306): CodeIgniter\CodeIgniter->handleRequest(NULL, Object(Config\Cache), false)
#3 /home/nguh5634/public_html/project/undangan/index.php(45): CodeIgniter\CodeIgniter->run()
#4 {main}
INFO - 2021-10-17 05:46:52 --> Session: Class initialized using 'CodeIgniter\Session\Handlers\FileHandler' driver.
INFO - 2021-10-17 05:46:52 --> Controller "App\Controllers\base\Dashboard" loaded.
CRITICAL - 2021-10-17 05:46:52 --> Cannot use object of type CodeIgniter\View\View as array
#0 /home/nguh5634/public_html/project/undangan/system/View/View.php(236): include()
#1 /home/nguh5634/public_html/project/undangan/system/Common.php(1071): CodeIgniter\View\View->render('base/dashboard/...', Array, true)
#2 /home/nguh5634/public_html/project/undangan/app/Views/base/dashboard/layout.php(157): view('base/dashboard/...')
#3 /home/nguh5634/public_html/project/undangan/system/View/View.php(236): include('/home/nguh5634/...')
#4 /home/nguh5634/public_html/project/undangan/system/Common.php(1071): CodeIgniter\View\View->render('base/dashboard/...', Array, true)
#5 /home/nguh5634/public_html/project/undangan/app/Controllers/base/Dashboard.php(633): view('base/dashboard/...', Array)
#6 /home/nguh5634/public_html/project/undangan/system/CodeIgniter.php(910): App\Controllers\base\Dashboard->invoice()
#7 /home/nguh5634/public_html/project/undangan/system/CodeIgniter.php(398): CodeIgniter\CodeIgniter->runController(Object(App\Controllers\base\Dashboard))
#8 /home/nguh5634/public_html/project/undangan/system/CodeIgniter.php(306): CodeIgniter\CodeIgniter->handleRequest(NULL, Object(Config\Cache), false)
#9 /home/nguh5634/public_html/project/undangan/index.php(45): CodeIgniter\CodeIgniter->run()
#10 {main}
INFO - 2021-10-17 05:47:26 --> Session: Class initialized using 'CodeIgniter\Session\Handlers\FileHandler' driver.
INFO - 2021-10-17 05:47:26 --> Controller "App\Controllers\base\Dashboard" loaded.
CRITICAL - 2021-10-17 05:47:27 --> Object of class CodeIgniter\View\View could not be converted to string
#0 /home/nguh5634/public_html/project/undangan/app/Views/base/dashboard/invoice.php(193): CodeIgniter\Debug\Exceptions->errorHandler(4096, 'Object of class...', '/home/nguh5634/...', 193, Array)
#1 /home/nguh5634/public_html/project/undangan/system/View/View.php(236): include('/home/nguh5634/...')
#2 /home/nguh5634/public_html/project/undangan/system/Common.php(1071): CodeIgniter\View\View->render('base/dashboard/...', Array, true)
#3 /home/nguh5634/public_html/project/undangan/app/Views/base/dashboard/layout.php(157): view('base/dashboard/...')
#4 /home/nguh5634/public_html/project/undangan/system/View/View.php(236): include('/home/nguh5634/...')
#5 /home/nguh5634/public_html/project/undangan/system/Common.php(1071): CodeIgniter\View\View->render('base/dashboard/...', Array, true)
#6 /home/nguh5634/public_html/project/undangan/app/Controllers/base/Dashboard.php(633): view('base/dashboard/...', Array)
#7 /home/nguh5634/public_html/project/undangan/system/CodeIgniter.php(910): App\Controllers\base\Dashboard->invoice()
#8 /home/nguh5634/public_html/project/undangan/system/CodeIgniter.php(398): CodeIgniter\CodeIgniter->runController(Object(App\Controllers\base\Dashboard))
#9 /home/nguh5634/public_html/project/undangan/system/CodeIgniter.php(306): CodeIgniter\CodeIgniter->handleRequest(NULL, Object(Config\Cache), false)
#10 /home/nguh5634/public_html/project/undangan/index.php(45): CodeIgniter\CodeIgniter->run()
#11 {main}
INFO - 2021-10-17 05:47:48 --> Session: Class initialized using 'CodeIgniter\Session\Handlers\FileHandler' driver.
INFO - 2021-10-17 05:47:48 --> Controller "App\Controllers\base\Dashboard" loaded.
CRITICAL - 2021-10-17 05:47:48 --> Cannot use object of type CodeIgniter\View\View as array
#0 /home/nguh5634/public_html/project/undangan/system/View/View.php(236): include()
#1 /home/nguh5634/public_html/project/undangan/system/Common.php(1071): CodeIgniter\View\View->render('base/dashboard/...', Array, true)
#2 /home/nguh5634/public_html/project/undangan/app/Views/base/dashboard/layout.php(157): view('base/dashboard/...')
#3 /home/nguh5634/public_html/project/undangan/system/View/View.php(236): include('/home/nguh5634/...')
#4 /home/nguh5634/public_html/project/undangan/system/Common.php(1071): CodeIgniter\View\View->render('base/dashboard/...', Array, true)
#5 /home/nguh5634/public_html/project/undangan/app/Controllers/base/Dashboard.php(633): view('base/dashboard/...', Array)
#6 /home/nguh5634/public_html/project/undangan/system/CodeIgniter.php(910): App\Controllers\base\Dashboard->invoice()
#7 /home/nguh5634/public_html/project/undangan/system/CodeIgniter.php(398): CodeIgniter\CodeIgniter->runController(Object(App\Controllers\base\Dashboard))
#8 /home/nguh5634/public_html/project/undangan/system/CodeIgniter.php(306): CodeIgniter\CodeIgniter->handleRequest(NULL, Object(Config\Cache), false)
#9 /home/nguh5634/public_html/project/undangan/index.php(45): CodeIgniter\CodeIgniter->run()
#10 {main}
INFO - 2021-10-17 05:47:51 --> Session: Class initialized using 'CodeIgniter\Session\Handlers\FileHandler' driver.
INFO - 2021-10-17 05:47:51 --> Controller "App\Controllers\base\Dashboard" loaded.
CRITICAL - 2021-10-17 05:47:51 --> Cannot use object of type CodeIgniter\View\View as array
#0 /home/nguh5634/public_html/project/undangan/system/View/View.php(236): include()
#1 /home/nguh5634/public_html/project/undangan/system/Common.php(1071): CodeIgniter\View\View->render('base/dashboard/...', Array, true)
#2 /home/nguh5634/public_html/project/undangan/app/Views/base/dashboard/layout.php(157): view('base/dashboard/...')
#3 /home/nguh5634/public_html/project/undangan/system/View/View.php(236): include('/home/nguh5634/...')
#4 /home/nguh5634/public_html/project/undangan/system/Common.php(1071): CodeIgniter\View\View->render('base/dashboard/...', Array, true)
#5 /home/nguh5634/public_html/project/undangan/app/Controllers/base/Dashboard.php(633): view('base/dashboard/...', Array)
#6 /home/nguh5634/public_html/project/undangan/system/CodeIgniter.php(910): App\Controllers\base\Dashboard->invoice()
#7 /home/nguh5634/public_html/project/undangan/system/CodeIgniter.php(398): CodeIgniter\CodeIgniter->runController(Object(App\Controllers\base\Dashboard))
#8 /home/nguh5634/public_html/project/undangan/system/CodeIgniter.php(306): CodeIgniter\CodeIgniter->handleRequest(NULL, Object(Config\Cache), false)
#9 /home/nguh5634/public_html/project/undangan/index.php(45): CodeIgniter\CodeIgniter->run()
#10 {main}
INFO - 2021-10-17 05:47:52 --> Session: Class initialized using 'CodeIgniter\Session\Handlers\FileHandler' driver.
INFO - 2021-10-17 05:47:52 --> Controller "App\Controllers\base\Dashboard" loaded.
CRITICAL - 2021-10-17 05:47:52 --> Cannot use object of type CodeIgniter\View\View as array
#0 /home/nguh5634/public_html/project/undangan/system/View/View.php(236): include()
#1 /home/nguh5634/public_html/project/undangan/system/Common.php(1071): CodeIgniter\View\View->render('base/dashboard/...', Array, true)
#2 /home/nguh5634/public_html/project/undangan/app/Views/base/dashboard/layout.php(157): view('base/dashboard/...')
#3 /home/nguh5634/public_html/project/undangan/system/View/View.php(236): include('/home/nguh5634/...')
#4 /home/nguh5634/public_html/project/undangan/system/Common.php(1071): CodeIgniter\View\View->render('base/dashboard/...', Array, true)
#5 /home/nguh5634/public_html/project/undangan/app/Controllers/base/Dashboard.php(633): view('base/dashboard/...', Array)
#6 /home/nguh5634/public_html/project/undangan/system/CodeIgniter.php(910): App\Controllers\base\Dashboard->invoice()
#7 /home/nguh5634/public_html/project/undangan/system/CodeIgniter.php(398): CodeIgniter\CodeIgniter->runController(Object(App\Controllers\base\Dashboard))
#8 /home/nguh5634/public_html/project/undangan/system/CodeIgniter.php(306): CodeIgniter\CodeIgniter->handleRequest(NULL, Object(Config\Cache), false)
#9 /home/nguh5634/public_html/project/undangan/index.php(45): CodeIgniter\CodeIgniter->run()
#10 {main}
INFO - 2021-10-17 05:49:43 --> Session: Class initialized using 'CodeIgniter\Session\Handlers\FileHandler' driver.
INFO - 2021-10-17 05:49:43 --> Controller "App\Controllers\base\Dashboard" loaded.
CRITICAL - 2021-10-17 05:49:43 --> Cannot use object of type CodeIgniter\View\View as array
#0 /home/nguh5634/public_html/project/undangan/system/View/View.php(236): include()
#1 /home/nguh5634/public_html/project/undangan/system/Common.php(1071): CodeIgniter\View\View->render('base/dashboard/...', Array, true)
#2 /home/nguh5634/public_html/project/undangan/app/Views/base/dashboard/layout.php(157): view('base/dashboard/...')
#3 /home/nguh5634/public_html/project/undangan/system/View/View.php(236): include('/home/nguh5634/...')
#4 /home/nguh5634/public_html/project/undangan/system/Common.php(1071): CodeIgniter\View\View->render('base/dashboard/...', Array, true)
#5 /home/nguh5634/public_html/project/undangan/app/Controllers/base/Dashboard.php(633): view('base/dashboard/...', Array)
#6 /home/nguh5634/public_html/project/undangan/system/CodeIgniter.php(910): App\Controllers\base\Dashboard->invoice()
#7 /home/nguh5634/public_html/project/undangan/system/CodeIgniter.php(398): CodeIgniter\CodeIgniter->runController(Object(App\Controllers\base\Dashboard))
#8 /home/nguh5634/public_html/project/undangan/system/CodeIgniter.php(306): CodeIgniter\CodeIgniter->handleRequest(NULL, Object(Config\Cache), false)
#9 /home/nguh5634/public_html/project/undangan/index.php(45): CodeIgniter\CodeIgniter->run()
#10 {main}
INFO - 2021-10-17 05:50:59 --> Session: Class initialized using 'CodeIgniter\Session\Handlers\FileHandler' driver.
INFO - 2021-10-17 05:50:59 --> Controller "App\Controllers\base\Dashboard" loaded.
CRITICAL - 2021-10-17 05:51:00 --> Object of class CodeIgniter\View\View could not be converted to string
#0 /home/nguh5634/public_html/project/undangan/app/Views/base/dashboard/invoice.php(193): CodeIgniter\Debug\Exceptions->errorHandler(4096, 'Object of class...', '/home/nguh5634/...', 193, Array)
#1 /home/nguh5634/public_html/project/undangan/system/View/View.php(236): include('/home/nguh5634/...')
#2 /home/nguh5634/public_html/project/undangan/system/Common.php(1071): CodeIgniter\View\View->render('base/dashboard/...', Array, true)
#3 /home/nguh5634/public_html/project/undangan/app/Views/base/dashboard/layout.php(157): view('base/dashboard/...')
#4 /home/nguh5634/public_html/project/undangan/system/View/View.php(236): include('/home/nguh5634/...')
#5 /home/nguh5634/public_html/project/undangan/system/Common.php(1071): CodeIgniter\View\View->render('base/dashboard/...', Array, true)
#6 /home/nguh5634/public_html/project/undangan/app/Controllers/base/Dashboard.php(633): view('base/dashboard/...', Array)
#7 /home/nguh5634/public_html/project/undangan/system/CodeIgniter.php(910): App\Controllers\base\Dashboard->invoice()
#8 /home/nguh5634/public_html/project/undangan/system/CodeIgniter.php(398): CodeIgniter\CodeIgniter->runController(Object(App\Controllers\base\Dashboard))
#9 /home/nguh5634/public_html/project/undangan/system/CodeIgniter.php(306): CodeIgniter\CodeIgniter->handleRequest(NULL, Object(Config\Cache), false)
#10 /home/nguh5634/public_html/project/undangan/index.php(45): CodeIgniter\CodeIgniter->run()
#11 {main}
INFO - 2021-10-17 05:52:30 --> Session: Class initialized using 'CodeIgniter\Session\Handlers\FileHandler' driver.
INFO - 2021-10-17 05:52:30 --> Controller "App\Controllers\base\Dashboard" loaded.
INFO - 2021-10-17 05:52:35 --> Controller "App\Controllers\base\Beranda" loaded.
INFO - 2021-10-17 05:52:47 --> Controller "App\Controllers\base\Beranda" loaded.
INFO - 2021-10-17 05:53:11 --> Session: Class initialized using 'CodeIgniter\Session\Handlers\FileHandler' driver.
INFO - 2021-10-17 05:53:11 --> Controller "App\Controllers\base\Dashboard" loaded.
INFO - 2021-10-17 05:53:12 --> Controller "App\Controllers\base\Beranda" loaded.
INFO - 2021-10-17 05:53:56 --> Session: Class initialized using 'CodeIgniter\Session\Handlers\FileHandler' driver.
INFO - 2021-10-17 05:53:57 --> Controller "App\Controllers\base\Dashboard" loaded.
INFO - 2021-10-17 05:53:57 --> Controller "App\Controllers\base\Beranda" loaded.
INFO - 2021-10-17 05:54:00 --> Controller "App\Controllers\base\Beranda" loaded.
INFO - 2021-10-17 05:57:04 --> Session: Class initialized using 'CodeIgniter\Session\Handlers\FileHandler' driver.
INFO - 2021-10-17 05:57:04 --> Controller "App\Controllers\base\Dashboard" loaded.
INFO - 2021-10-17 05:57:05 --> Controller "App\Controllers\base\Beranda" loaded.
INFO - 2021-10-17 05:57:09 --> Controller "App\Controllers\base\Beranda" loaded.
INFO - 2021-10-17 05:59:47 --> Session: Class initialized using 'CodeIgniter\Session\Handlers\FileHandler' driver.
INFO - 2021-10-17 05:59:47 --> Controller "App\Controllers\base\Dashboard" loaded.
INFO - 2021-10-17 05:59:48 --> Controller "App\Controllers\base\Beranda" loaded.
INFO - 2021-10-17 05:59:52 --> Session: Class initialized using 'CodeIgniter\Session\Handlers\FileHandler' driver.
INFO - 2021-10-17 05:59:52 --> Controller "App\Controllers\base\Beranda" loaded.
INFO - 2021-10-17 06:01:20 --> Session: Class initialized using 'CodeIgniter\Session\Handlers\FileHandler' driver.
INFO - 2021-10-17 06:01:21 --> Controller "App\Controllers\base\Dashboard" loaded.
INFO - 2021-10-17 06:01:21 --> Controller "App\Controllers\base\Beranda" loaded.
INFO - 2021-10-17 06:01:27 --> Session: Class initialized using 'CodeIgniter\Session\Handlers\FileHandler' driver.
INFO - 2021-10-17 06:01:27 --> Controller "App\Controllers\base\Beranda" loaded.
INFO - 2021-10-17 06:02:44 --> Session: Class initialized using 'CodeIgniter\Session\Handlers\FileHandler' driver.
INFO - 2021-10-17 06:02:44 --> Controller "App\Controllers\base\Dashboard" loaded.
INFO - 2021-10-17 06:02:45 --> Controller "App\Controllers\base\Beranda" loaded.
INFO - 2021-10-17 06:02:49 --> Session: Class initialized using 'CodeIgniter\Session\Handlers\FileHandler' driver.
INFO - 2021-10-17 06:02:49 --> Controller "App\Controllers\base\Dashboard" loaded.
CRITICAL - 2021-10-17 06:02:49 --> Call to undefined method CodeIgniter\View\View::getSnapToken()
#0 /home/nguh5634/public_html/project/undangan/system/CodeIgniter.php(910): App\Controllers\base\Dashboard->token()
#1 /home/nguh5634/public_html/project/undangan/system/CodeIgniter.php(398): CodeIgniter\CodeIgniter->runController(Object(App\Controllers\base\Dashboard))
#2 /home/nguh5634/public_html/project/undangan/system/CodeIgniter.php(306): CodeIgniter\CodeIgniter->handleRequest(NULL, Object(Config\Cache), false)
#3 /home/nguh5634/public_html/project/undangan/index.php(45): CodeIgniter\CodeIgniter->run()
#4 {main}
INFO - 2021-10-17 06:04:15 --> Session: Class initialized using 'CodeIgniter\Session\Handlers\FileHandler' driver.
INFO - 2021-10-17 06:04:15 --> Controller "App\Controllers\base\Dashboard" loaded.
INFO - 2021-10-17 06:04:16 --> Controller "App\Controllers\base\Beranda" loaded.
INFO - 2021-10-17 06:04:21 --> Session: Class initialized using 'CodeIgniter\Session\Handlers\FileHandler' driver.
INFO - 2021-10-17 06:04:21 --> Controller "App\Controllers\base\Dashboard" loaded.
CRITICAL - 2021-10-17 06:04:21 --> Call to undefined method CodeIgniter\View\View::getSnapToken()
#0 /home/nguh5634/public_html/project/undangan/system/CodeIgniter.php(910): App\Controllers\base\Dashboard->token()
#1 /home/nguh5634/public_html/project/undangan/system/CodeIgniter.php(398): CodeIgniter\CodeIgniter->runController(Object(App\Controllers\base\Dashboard))
#2 /home/nguh5634/public_html/project/undangan/system/CodeIgniter.php(306): CodeIgniter\CodeIgniter->handleRequest(NULL, Object(Config\Cache), false)
#3 /home/nguh5634/public_html/project/undangan/index.php(45): CodeIgniter\CodeIgniter->run()
#4 {main}
INFO - 2021-10-17 06:05:41 --> Session: Class initialized using 'CodeIgniter\Session\Handlers\FileHandler' driver.
INFO - 2021-10-17 06:05:41 --> Controller "App\Controllers\base\Dashboard" loaded.
INFO - 2021-10-17 06:05:41 --> Controller "App\Controllers\base\Beranda" loaded.
INFO - 2021-10-17 06:05:46 --> Session: Class initialized using 'CodeIgniter\Session\Handlers\FileHandler' driver.
INFO - 2021-10-17 06:05:46 --> Controller "App\Controllers\base\Dashboard" loaded.
CRITICAL - 2021-10-17 06:05:46 --> Call to undefined method CodeIgniter\View\View::getSnapToken()
#0 /home/nguh5634/public_html/project/undangan/system/CodeIgniter.php(910): App\Controllers\base\Dashboard->token()
#1 /home/nguh5634/public_html/project/undangan/system/CodeIgniter.php(398): CodeIgniter\CodeIgniter->runController(Object(App\Controllers\base\Dashboard))
#2 /home/nguh5634/public_html/project/undangan/system/CodeIgniter.php(306): CodeIgniter\CodeIgniter->handleRequest(NULL, Object(Config\Cache), false)
#3 /home/nguh5634/public_html/project/undangan/index.php(45): CodeIgniter\CodeIgniter->run()
#4 {main}
INFO - 2021-10-17 06:08:00 --> Session: Class initialized using 'CodeIgniter\Session\Handlers\FileHandler' driver.
INFO - 2021-10-17 06:08:00 --> Controller "App\Controllers\base\Dashboard" loaded.
INFO - 2021-10-17 06:08:00 --> Controller "App\Controllers\base\Beranda" loaded.
INFO - 2021-10-17 06:08:05 --> Session: Class initialized using 'CodeIgniter\Session\Handlers\FileHandler' driver.
INFO - 2021-10-17 06:08:05 --> Controller "App\Controllers\base\Dashboard" loaded.
CRITICAL - 2021-10-17 06:08:05 --> Call to undefined method CodeIgniter\View\View::getSnapToken()
#0 /home/nguh5634/public_html/project/undangan/system/CodeIgniter.php(910): App\Controllers\base\Dashboard->token()
#1 /home/nguh5634/public_html/project/undangan/system/CodeIgniter.php(398): CodeIgniter\CodeIgniter->runController(Object(App\Controllers\base\Dashboard))
#2 /home/nguh5634/public_html/project/undangan/system/CodeIgniter.php(306): CodeIgniter\CodeIgniter->handleRequest(NULL, Object(Config\Cache), false)
#3 /home/nguh5634/public_html/project/undangan/index.php(45): CodeIgniter\CodeIgniter->run()
#4 {main}
INFO - 2021-10-17 06:10:43 --> Session: Class initialized using 'CodeIgniter\Session\Handlers\FileHandler' driver.
INFO - 2021-10-17 06:10:43 --> Controller "App\Controllers\base\Dashboard" loaded.
INFO - 2021-10-17 06:10:44 --> Controller "App\Controllers\base\Beranda" loaded.
INFO - 2021-10-17 06:10:48 --> Session: Class initialized using 'CodeIgniter\Session\Handlers\FileHandler' driver.
INFO - 2021-10-17 06:10:48 --> Controller "App\Controllers\base\Dashboard" loaded.
CRITICAL - 2021-10-17 06:10:48 --> Call to undefined method CodeIgniter\View\View::getSnapToken()
#0 /home/nguh5634/public_html/project/undangan/system/CodeIgniter.php(910): App\Controllers\base\Dashboard->token()
#1 /home/nguh5634/public_html/project/undangan/system/CodeIgniter.php(398): CodeIgniter\CodeIgniter->runController(Object(App\Controllers\base\Dashboard))
#2 /home/nguh5634/public_html/project/undangan/system/CodeIgniter.php(306): CodeIgniter\CodeIgniter->handleRequest(NULL, Object(Config\Cache), false)
#3 /home/nguh5634/public_html/project/undangan/index.php(45): CodeIgniter\CodeIgniter->run()
#4 {main}
INFO - 2021-10-17 06:13:41 --> Session: Class initialized using 'CodeIgniter\Session\Handlers\FileHandler' driver.
INFO - 2021-10-17 06:13:41 --> Controller "App\Controllers\base\Dashboard" loaded.
INFO - 2021-10-17 06:13:42 --> Controller "App\Controllers\base\Beranda" loaded.
INFO - 2021-10-17 06:13:47 --> Session: Class initialized using 'CodeIgniter\Session\Handlers\FileHandler' driver.
INFO - 2021-10-17 06:13:47 --> Controller "App\Controllers\base\Dashboard" loaded.
CRITICAL - 2021-10-17 06:13:47 --> Call to undefined method CodeIgniter\View\View::getSnapToken()
#0 /home/nguh5634/public_html/project/undangan/system/CodeIgniter.php(910): App\Controllers\base\Dashboard->token()
#1 /home/nguh5634/public_html/project/undangan/system/CodeIgniter.php(398): CodeIgniter\CodeIgniter->runController(Object(App\Controllers\base\Dashboard))
#2 /home/nguh5634/public_html/project/undangan/system/CodeIgniter.php(306): CodeIgniter\CodeIgniter->handleRequest(NULL, Object(Config\Cache), false)
#3 /home/nguh5634/public_html/project/undangan/index.php(45): CodeIgniter\CodeIgniter->run()
#4 {main}
INFO - 2021-10-17 06:14:38 --> Controller "App\Controllers\base\Beranda" loaded.
INFO - 2021-10-17 06:14:42 --> Session: Class initialized using 'CodeIgniter\Session\Handlers\FileHandler' driver.
INFO - 2021-10-17 06:14:42 --> Controller "App\Controllers\base\Dashboard" loaded.
INFO - 2021-10-17 06:14:55 --> Session: Class initialized using 'CodeIgniter\Session\Handlers\FileHandler' driver.
INFO - 2021-10-17 06:14:55 --> Controller "App\Controllers\base\Dashboard" loaded.
INFO - 2021-10-17 06:14:55 --> Session: Class initialized using 'CodeIgniter\Session\Handlers\FileHandler' driver.
INFO - 2021-10-17 06:14:55 --> Controller "App\Controllers\base\Dashboard" loaded.
INFO - 2021-10-17 06:15:01 --> Session: Class initialized using 'CodeIgniter\Session\Handlers\FileHandler' driver.
INFO - 2021-10-17 06:15:01 --> Controller "App\Controllers\base\Dashboard" loaded.
INFO - 2021-10-17 06:15:04 --> Session: Class initialized using 'CodeIgniter\Session\Handlers\FileHandler' driver.
INFO - 2021-10-17 06:15:04 --> Controller "App\Controllers\base\Dashboard" loaded.
CRITICAL - 2021-10-17 06:15:04 --> Call to undefined method CodeIgniter\View\View::getSnapToken()
#0 /home/nguh5634/public_html/project/undangan/system/CodeIgniter.php(910): App\Controllers\base\Dashboard->token()
#1 /home/nguh5634/public_html/project/undangan/system/CodeIgniter.php(398): CodeIgniter\CodeIgniter->runController(Object(App\Controllers\base\Dashboard))
#2 /home/nguh5634/public_html/project/undangan/system/CodeIgniter.php(306): CodeIgniter\CodeIgniter->handleRequest(NULL, Object(Config\Cache), false)
#3 /home/nguh5634/public_html/project/undangan/index.php(45): CodeIgniter\CodeIgniter->run()
#4 {main}
INFO - 2021-10-17 06:15:13 --> Session: Class initialized using 'CodeIgniter\Session\Handlers\FileHandler' driver.
INFO - 2021-10-17 06:15:13 --> Controller "App\Controllers\base\Dashboard" loaded.
INFO - 2021-10-17 06:15:16 --> Session: Class initialized using 'CodeIgniter\Session\Handlers\FileHandler' driver.
INFO - 2021-10-17 06:15:16 --> Controller "App\Controllers\base\Dashboard" loaded.
CRITICAL - 2021-10-17 06:15:16 --> Call to undefined method CodeIgniter\View\View::getSnapToken()
#0 /home/nguh5634/public_html/project/undangan/system/CodeIgniter.php(910): App\Controllers\base\Dashboard->token()
#1 /home/nguh5634/public_html/project/undangan/system/CodeIgniter.php(398): CodeIgniter\CodeIgniter->runController(Object(App\Controllers\base\Dashboard))
#2 /home/nguh5634/public_html/project/undangan/system/CodeIgniter.php(306): CodeIgniter\CodeIgniter->handleRequest(NULL, Object(Config\Cache), false)
#3 /home/nguh5634/public_html/project/undangan/index.php(45): CodeIgniter\CodeIgniter->run()
#4 {main}
INFO - 2021-10-17 06:20:09 --> Session: Class initialized using 'CodeIgniter\Session\Handlers\FileHandler' driver.
INFO - 2021-10-17 06:20:09 --> Controller "App\Controllers\base\Dashboard" loaded.
INFO - 2021-10-17 06:20:09 --> Controller "App\Controllers\base\Beranda" loaded.
INFO - 2021-10-17 06:20:14 --> Session: Class initialized using 'CodeIgniter\Session\Handlers\FileHandler' driver.
INFO - 2021-10-17 06:20:14 --> Controller "App\Controllers\base\Dashboard" loaded.
CRITICAL - 2021-10-17 06:20:14 --> Call to undefined method CodeIgniter\View\View::getSnapToken()
#0 /home/nguh5634/public_html/project/undangan/system/CodeIgniter.php(910): App\Controllers\base\Dashboard->token()
#1 /home/nguh5634/public_html/project/undangan/system/CodeIgniter.php(398): CodeIgniter\CodeIgniter->runController(Object(App\Controllers\base\Dashboard))
#2 /home/nguh5634/public_html/project/undangan/system/CodeIgniter.php(306): CodeIgniter\CodeIgniter->handleRequest(NULL, Object(Config\Cache), false)
#3 /home/nguh5634/public_html/project/undangan/index.php(45): CodeIgniter\CodeIgniter->run()
#4 {main}
INFO - 2021-10-17 06:22:45 --> Session: Class initialized using 'CodeIgniter\Session\Handlers\FileHandler' driver.
INFO - 2021-10-17 06:22:45 --> Controller "App\Controllers\base\Dashboard" loaded.
INFO - 2021-10-17 06:22:46 --> Controller "App\Controllers\base\Beranda" loaded.
INFO - 2021-10-17 06:22:52 --> Session: Class initialized using 'CodeIgniter\Session\Handlers\FileHandler' driver.
INFO - 2021-10-17 06:22:52 --> Controller "App\Controllers\base\Dashboard" loaded.
CRITICAL - 2021-10-17 06:22:52 --> Call to undefined method CodeIgniter\View\View::getSnapToken()
#0 /home/nguh5634/public_html/project/undangan/system/CodeIgniter.php(910): App\Controllers\base\Dashboard->token()
#1 /home/nguh5634/public_html/project/undangan/system/CodeIgniter.php(398): CodeIgniter\CodeIgniter->runController(Object(App\Controllers\base\Dashboard))
#2 /home/nguh5634/public_html/project/undangan/system/CodeIgniter.php(306): CodeIgniter\CodeIgniter->handleRequest(NULL, Object(Config\Cache), false)
#3 /home/nguh5634/public_html/project/undangan/index.php(45): CodeIgniter\CodeIgniter->run()
#4 {main}
INFO - 2021-10-17 06:24:14 --> Session: Class initialized using 'CodeIgniter\Session\Handlers\FileHandler' driver.
INFO - 2021-10-17 06:24:14 --> Controller "App\Controllers\base\Dashboard" loaded.
INFO - 2021-10-17 06:24:15 --> Controller "App\Controllers\base\Beranda" loaded.
INFO - 2021-10-17 06:24:24 --> Session: Class initialized using 'CodeIgniter\Session\Handlers\FileHandler' driver.
INFO - 2021-10-17 06:24:24 --> Controller "App\Controllers\base\Dashboard" loaded.
CRITICAL - 2021-10-17 06:24:24 --> Call to undefined method CodeIgniter\View\View::getSnapToken()
#0 /home/nguh5634/public_html/project/undangan/system/CodeIgniter.php(910): App\Controllers\base\Dashboard->token()
#1 /home/nguh5634/public_html/project/undangan/system/CodeIgniter.php(398): CodeIgniter\CodeIgniter->runController(Object(App\Controllers\base\Dashboard))
#2 /home/nguh5634/public_html/project/undangan/system/CodeIgniter.php(306): CodeIgniter\CodeIgniter->handleRequest(NULL, Object(Config\Cache), false)
#3 /home/nguh5634/public_html/project/undangan/index.php(45): CodeIgniter\CodeIgniter->run()
#4 {main}
INFO - 2021-10-17 06:24:55 --> Session: Class initialized using 'CodeIgniter\Session\Handlers\FileHandler' driver.
INFO - 2021-10-17 06:24:55 --> Controller "App\Controllers\admin\Admin" loaded.
INFO - 2021-10-17 06:26:05 --> Session: Class initialized using 'CodeIgniter\Session\Handlers\FileHandler' driver.
INFO - 2021-10-17 06:26:06 --> Controller "App\Controllers\base\Dashboard" loaded.
INFO - 2021-10-17 06:26:06 --> Controller "App\Controllers\base\Beranda" loaded.
INFO - 2021-10-17 06:26:11 --> Session: Class initialized using 'CodeIgniter\Session\Handlers\FileHandler' driver.
INFO - 2021-10-17 06:26:11 --> Controller "App\Controllers\base\Dashboard" loaded.
CRITICAL - 2021-10-17 06:26:11 --> Call to undefined method CodeIgniter\View\View::getSnapToken()
#0 /home/nguh5634/public_html/project/undangan/system/CodeIgniter.php(910): App\Controllers\base\Dashboard->token()
#1 /home/nguh5634/public_html/project/undangan/system/CodeIgniter.php(398): CodeIgniter\CodeIgniter->runController(Object(App\Controllers\base\Dashboard))
#2 /home/nguh5634/public_html/project/undangan/system/CodeIgniter.php(306): CodeIgniter\CodeIgniter->handleRequest(NULL, Object(Config\Cache), false)
#3 /home/nguh5634/public_html/project/undangan/index.php(45): CodeIgniter\CodeIgniter->run()
#4 {main}
INFO - 2021-10-17 06:26:13 --> Session: Class initialized using 'CodeIgniter\Session\Handlers\FileHandler' driver.
INFO - 2021-10-17 06:26:13 --> Controller "App\Controllers\bukutamu\Bukutamu" loaded.
INFO - 2021-10-17 07:34:45 --> Session: Class initialized using 'CodeIgniter\Session\Handlers\FileHandler' driver.
INFO - 2021-10-17 07:34:45 --> Controller "App\Controllers\base\Dashboard" loaded.
INFO - 2021-10-17 07:34:52 --> Session: Class initialized using 'CodeIgniter\Session\Handlers\FileHandler' driver.
INFO - 2021-10-17 07:34:52 --> Controller "App\Controllers\base\Dashboard" loaded.
CRITICAL - 2021-10-17 07:34:52 --> Call to undefined method CodeIgniter\View\View::getSnapToken()
#0 /home/nguh5634/public_html/project/undangan/system/CodeIgniter.php(910): App\Controllers\base\Dashboard->token()
#1 /home/nguh5634/public_html/project/undangan/system/CodeIgniter.php(398): CodeIgniter\CodeIgniter->runController(Object(App\Controllers\base\Dashboard))
#2 /home/nguh5634/public_html/project/undangan/system/CodeIgniter.php(306): CodeIgniter\CodeIgniter->handleRequest(NULL, Object(Config\Cache), false)
#3 /home/nguh5634/public_html/project/undangan/index.php(45): CodeIgniter\CodeIgniter->run()
#4 {main}
INFO - 2021-10-17 07:34:56 --> Session: Class initialized using 'CodeIgniter\Session\Handlers\FileHandler' driver.
INFO - 2021-10-17 07:34:56 --> Controller "App\Controllers\base\Dashboard" loaded.
INFO - 2021-10-17 07:35:01 --> Session: Class initialized using 'CodeIgniter\Session\Handlers\FileHandler' driver.
INFO - 2021-10-17 07:35:01 --> Controller "App\Controllers\base\Dashboard" loaded.
CRITICAL - 2021-10-17 07:35:01 --> Call to undefined method CodeIgniter\View\View::getSnapToken()
#0 /home/nguh5634/public_html/project/undangan/system/CodeIgniter.php(910): App\Controllers\base\Dashboard->token()
#1 /home/nguh5634/public_html/project/undangan/system/CodeIgniter.php(398): CodeIgniter\CodeIgniter->runController(Object(App\Controllers\base\Dashboard))
#2 /home/nguh5634/public_html/project/undangan/system/CodeIgniter.php(306): CodeIgniter\CodeIgniter->handleRequest(NULL, Object(Config\Cache), false)
#3 /home/nguh5634/public_html/project/undangan/index.php(45): CodeIgniter\CodeIgniter->run()
#4 {main}
INFO - 2021-10-17 07:35:08 --> Session: Class initialized using 'CodeIgniter\Session\Handlers\FileHandler' driver.
INFO - 2021-10-17 07:35:08 --> Controller "App\Controllers\base\Dashboard" loaded.
INFO - 2021-10-17 07:35:11 --> Session: Class initialized using 'CodeIgniter\Session\Handlers\FileHandler' driver.
INFO - 2021-10-17 07:35:11 --> Controller "App\Controllers\base\Dashboard" loaded.
CRITICAL - 2021-10-17 07:35:11 --> Call to undefined method CodeIgniter\View\View::getSnapToken()
#0 /home/nguh5634/public_html/project/undangan/system/CodeIgniter.php(910): App\Controllers\base\Dashboard->token()
#1 /home/nguh5634/public_html/project/undangan/system/CodeIgniter.php(398): CodeIgniter\CodeIgniter->runController(Object(App\Controllers\base\Dashboard))
#2 /home/nguh5634/public_html/project/undangan/system/CodeIgniter.php(306): CodeIgniter\CodeIgniter->handleRequest(NULL, Object(Config\Cache), false)
#3 /home/nguh5634/public_html/project/undangan/index.php(45): CodeIgniter\CodeIgniter->run()
#4 {main}
INFO - 2021-10-17 07:35:20 --> Session: Class initialized using 'CodeIgniter\Session\Handlers\FileHandler' driver.
INFO - 2021-10-17 07:35:20 --> Controller "App\Controllers\base\Dashboard" loaded.
INFO - 2021-10-17 07:35:24 --> Session: Class initialized using 'CodeIgniter\Session\Handlers\FileHandler' driver.
INFO - 2021-10-17 07:35:24 --> Controller "App\Controllers\base\Dashboard" loaded.
CRITICAL - 2021-10-17 07:35:24 --> Call to undefined method CodeIgniter\View\View::getSnapToken()
#0 /home/nguh5634/public_html/project/undangan/system/CodeIgniter.php(910): App\Controllers\base\Dashboard->token()
#1 /home/nguh5634/public_html/project/undangan/system/CodeIgniter.php(398): CodeIgniter\CodeIgniter->runController(Object(App\Controllers\base\Dashboard))
#2 /home/nguh5634/public_html/project/undangan/system/CodeIgniter.php(306): CodeIgniter\CodeIgniter->handleRequest(NULL, Object(Config\Cache), false)
#3 /home/nguh5634/public_html/project/undangan/index.php(45): CodeIgniter\CodeIgniter->run()
#4 {main}
INFO - 2021-10-17 10:36:24 --> Controller "App\Controllers\base\Beranda" loaded.
INFO - 2021-10-17 10:36:33 --> Controller "App\Controllers\base\Beranda" loaded.
INFO - 2021-10-17 10:36:33 --> Session: Class initialized using 'CodeIgniter\Session\Handlers\FileHandler' driver.
INFO - 2021-10-17 10:36:33 --> Controller "App\Controllers\bukutamu\Bukutamu" loaded.
INFO - 2021-10-17 12:56:33 --> Session: Class initialized using 'CodeIgniter\Session\Handlers\FileHandler' driver.
INFO - 2021-10-17 12:56:33 --> Session: Class initialized using 'CodeIgniter\Session\Handlers\FileHandler' driver.
INFO - 2021-10-17 12:56:33 --> Controller "App\Controllers\base\Dashboard" loaded.
INFO - 2021-10-17 12:56:53 --> Session: Class initialized using 'CodeIgniter\Session\Handlers\FileHandler' driver.
INFO - 2021-10-17 12:56:53 --> Controller "App\Controllers\base\Dashboard" loaded.
INFO - 2021-10-17 12:56:53 --> Session: Class initialized using 'CodeIgniter\Session\Handlers\FileHandler' driver.
INFO - 2021-10-17 12:56:53 --> Controller "App\Controllers\base\Dashboard" loaded.
INFO - 2021-10-17 12:57:03 --> Session: Class initialized using 'CodeIgniter\Session\Handlers\FileHandler' driver.
INFO - 2021-10-17 12:57:03 --> Controller "App\Controllers\base\Dashboard" loaded.
INFO - 2021-10-17 12:57:10 --> Session: Class initialized using 'CodeIgniter\Session\Handlers\FileHandler' driver.
INFO - 2021-10-17 12:57:10 --> Controller "App\Controllers\base\Dashboard" loaded.
CRITICAL - 2021-10-17 12:57:10 --> Call to undefined method CodeIgniter\View\View::getSnapToken()
#0 /home/nguh5634/public_html/project/undangan/system/CodeIgniter.php(910): App\Controllers\base\Dashboard->token()
#1 /home/nguh5634/public_html/project/undangan/system/CodeIgniter.php(398): CodeIgniter\CodeIgniter->runController(Object(App\Controllers\base\Dashboard))
#2 /home/nguh5634/public_html/project/undangan/system/CodeIgniter.php(306): CodeIgniter\CodeIgniter->handleRequest(NULL, Object(Config\Cache), false)
#3 /home/nguh5634/public_html/project/undangan/index.php(45): CodeIgniter\CodeIgniter->run()
#4 {main}
INFO - 2021-10-17 13:00:15 --> Session: Class initialized using 'CodeIgniter\Session\Handlers\FileHandler' driver.
INFO - 2021-10-17 13:00:15 --> Controller "App\Controllers\admin\Admin" loaded.
INFO - 2021-10-17 13:13:47 --> Session: Class initialized using 'CodeIgniter\Session\Handlers\FileHandler' driver.
INFO - 2021-10-17 13:13:47 --> Controller "App\Controllers\base\Dashboard" loaded.
INFO - 2021-10-17 13:13:52 --> Session: Class initialized using 'CodeIgniter\Session\Handlers\FileHandler' driver.
INFO - 2021-10-17 13:13:52 --> Controller "App\Controllers\base\Dashboard" loaded.
CRITICAL - 2021-10-17 13:13:52 --> Call to undefined method CodeIgniter\View\View::getSnapToken()
#0 /home/nguh5634/public_html/project/undangan/system/CodeIgniter.php(910): App\Controllers\base\Dashboard->token()
#1 /home/nguh5634/public_html/project/undangan/system/CodeIgniter.php(398): CodeIgniter\CodeIgniter->runController(Object(App\Controllers\base\Dashboard))
#2 /home/nguh5634/public_html/project/undangan/system/CodeIgniter.php(306): CodeIgniter\CodeIgniter->handleRequest(NULL, Object(Config\Cache), false)
#3 /home/nguh5634/public_html/project/undangan/index.php(45): CodeIgniter\CodeIgniter->run()
#4 {main}
INFO - 2021-10-17 14:02:58 --> Session: Class initialized using 'CodeIgniter\Session\Handlers\FileHandler' driver.
INFO - 2021-10-17 14:02:58 --> Controller "App\Controllers\base\Dashboard" loaded.
INFO - 2021-10-17 14:04:36 --> Controller "App\Controllers\base\Beranda" loaded.
INFO - 2021-10-17 14:04:44 --> Session: Class initialized using 'CodeIgniter\Session\Handlers\FileHandler' driver.
INFO - 2021-10-17 14:04:44 --> Controller "App\Controllers\base\Dashboard" loaded.
INFO - 2021-10-17 14:04:44 --> Session: Class initialized using 'CodeIgniter\Session\Handlers\FileHandler' driver.
INFO - 2021-10-17 14:04:44 --> Controller "App\Controllers\base\Dashboard" loaded.
INFO - 2021-10-17 14:04:53 --> Session: Class initialized using 'CodeIgniter\Session\Handlers\FileHandler' driver.
INFO - 2021-10-17 14:04:53 --> Controller "App\Controllers\base\Dashboard" loaded.
INFO - 2021-10-17 14:05:00 --> Session: Class initialized using 'CodeIgniter\Session\Handlers\FileHandler' driver.
INFO - 2021-10-17 14:05:00 --> Controller "App\Controllers\base\Dashboard" loaded.
INFO - 2021-10-17 14:05:07 --> Session: Class initialized using 'CodeIgniter\Session\Handlers\FileHandler' driver.
INFO - 2021-10-17 14:05:07 --> Controller "App\Controllers\base\Dashboard" loaded.
CRITICAL - 2021-10-17 14:05:07 --> Call to undefined method CodeIgniter\View\View::getSnapToken()
#0 /home/nguh5634/public_html/project/undangan/system/CodeIgniter.php(910): App\Controllers\base\Dashboard->token()
#1 /home/nguh5634/public_html/project/undangan/system/CodeIgniter.php(398): CodeIgniter\CodeIgniter->runController(Object(App\Controllers\base\Dashboard))
#2 /home/nguh5634/public_html/project/undangan/system/CodeIgniter.php(306): CodeIgniter\CodeIgniter->handleRequest(NULL, Object(Config\Cache), false)
#3 /home/nguh5634/public_html/project/undangan/index.php(45): CodeIgniter\CodeIgniter->run()
#4 {main}
INFO - 2021-10-17 14:23:47 --> Session: Class initialized using 'CodeIgniter\Session\Handlers\FileHandler' driver.
INFO - 2021-10-17 14:23:47 --> Controller "App\Controllers\base\Dashboard" loaded.
INFO - 2021-10-17 14:32:11 --> Session: Class initialized using 'CodeIgniter\Session\Handlers\FileHandler' driver.
INFO - 2021-10-17 14:32:11 --> Controller "App\Controllers\base\Dashboard" loaded.
INFO - 2021-10-17 14:32:17 --> Session: Class initialized using 'CodeIgniter\Session\Handlers\FileHandler' driver.
INFO - 2021-10-17 14:32:17 --> Controller "App\Controllers\base\Dashboard" loaded.
CRITICAL - 2021-10-17 14:32:17 --> Call to undefined method CodeIgniter\View\View::getSnapToken()
#0 /home/nguh5634/public_html/project/undangan/system/CodeIgniter.php(910): App\Controllers\base\Dashboard->token()
#1 /home/nguh5634/public_html/project/undangan/system/CodeIgniter.php(398): CodeIgniter\CodeIgniter->runController(Object(App\Controllers\base\Dashboard))
#2 /home/nguh5634/public_html/project/undangan/system/CodeIgniter.php(306): CodeIgniter\CodeIgniter->handleRequest(NULL, Object(Config\Cache), false)
#3 /home/nguh5634/public_html/project/undangan/index.php(45): CodeIgniter\CodeIgniter->run()
#4 {main}
INFO - 2021-10-17 14:53:25 --> Session: Class initialized using 'CodeIgniter\Session\Handlers\FileHandler' driver.
INFO - 2021-10-17 14:53:25 --> Controller "App\Controllers\base\Dashboard" loaded.
CRITICAL - 2021-10-17 14:53:25 --> Undefined variable: idMerchant
#0 /home/nguh5634/public_html/project/undangan/app/Views/base/dashboard/invoice.php(198): CodeIgniter\Debug\Exceptions->errorHandler(8, 'Undefined varia...', '/home/nguh5634/...', 198, Array)
#1 /home/nguh5634/public_html/project/undangan/system/View/View.php(236): include('/home/nguh5634/...')
#2 /home/nguh5634/public_html/project/undangan/system/Common.php(1071): CodeIgniter\View\View->render('base/dashboard/...', Array, true)
#3 /home/nguh5634/public_html/project/undangan/app/Views/base/dashboard/layout.php(157): view('base/dashboard/...')
#4 /home/nguh5634/public_html/project/undangan/system/View/View.php(236): include('/home/nguh5634/...')
#5 /home/nguh5634/public_html/project/undangan/system/Common.php(1071): CodeIgniter\View\View->render('base/dashboard/...', Array, true)
#6 /home/nguh5634/public_html/project/undangan/app/Controllers/base/Dashboard.php(643): view('base/dashboard/...', Array)
#7 /home/nguh5634/public_html/project/undangan/system/CodeIgniter.php(910): App\Controllers\base\Dashboard->invoice()
#8 /home/nguh5634/public_html/project/undangan/system/CodeIgniter.php(398): CodeIgniter\CodeIgniter->runController(Object(App\Controllers\base\Dashboard))
#9 /home/nguh5634/public_html/project/undangan/system/CodeIgniter.php(306): CodeIgniter\CodeIgniter->handleRequest(NULL, Object(Config\Cache), false)
#10 /home/nguh5634/public_html/project/undangan/index.php(45): CodeIgniter\CodeIgniter->run()
#11 {main}
INFO - 2021-10-17 15:01:46 --> Session: Class initialized using 'CodeIgniter\Session\Handlers\FileHandler' driver.
INFO - 2021-10-17 15:01:46 --> Controller "App\Controllers\base\Dashboard" loaded.
INFO - 2021-10-17 15:01:50 --> Session: Class initialized using 'CodeIgniter\Session\Handlers\FileHandler' driver.
INFO - 2021-10-17 15:01:50 --> Controller "App\Controllers\base\Dashboard" loaded.
INFO - 2021-10-17 15:01:56 --> Session: Class initialized using 'CodeIgniter\Session\Handlers\FileHandler' driver.
INFO - 2021-10-17 15:01:56 --> Controller "App\Controllers\base\Dashboard" loaded.
CRITICAL - 2021-10-17 15:01:56 --> Call to undefined method CodeIgniter\View\View::getSnapToken()
#0 /home/nguh5634/public_html/project/undangan/system/CodeIgniter.php(910): App\Controllers\base\Dashboard->token()
#1 /home/nguh5634/public_html/project/undangan/system/CodeIgniter.php(398): CodeIgniter\CodeIgniter->runController(Object(App\Controllers\base\Dashboard))
#2 /home/nguh5634/public_html/project/undangan/system/CodeIgniter.php(306): CodeIgniter\CodeIgniter->handleRequest(NULL, Object(Config\Cache), false)
#3 /home/nguh5634/public_html/project/undangan/index.php(45): CodeIgniter\CodeIgniter->run()
#4 {main}
INFO - 2021-10-17 15:02:11 --> Session: Class initialized using 'CodeIgniter\Session\Handlers\FileHandler' driver.
INFO - 2021-10-17 15:02:11 --> Controller "App\Controllers\undangan\Undangan" loaded.
INFO - 2021-10-17 15:02:14 --> Session: Class initialized using 'CodeIgniter\Session\Handlers\FileHandler' driver.
INFO - 2021-10-17 15:02:14 --> Controller "App\Controllers\base\Dashboard" loaded.
INFO - 2021-10-17 15:02:16 --> Session: Class initialized using 'CodeIgniter\Session\Handlers\FileHandler' driver.
INFO - 2021-10-17 15:02:16 --> Controller "App\Controllers\base\Dashboard" loaded.
INFO - 2021-10-17 15:09:18 --> Session: Class initialized using 'CodeIgniter\Session\Handlers\FileHandler' driver.
INFO - 2021-10-17 15:09:18 --> Controller "App\Controllers\base\Dashboard" loaded.
INFO - 2021-10-17 15:24:57 --> Controller "App\Controllers\base\Beranda" loaded.
INFO - 2021-10-17 15:48:28 --> Session: Class initialized using 'CodeIgniter\Session\Handlers\FileHandler' driver.
INFO - 2021-10-17 15:48:28 --> Controller "App\Controllers\admin\Admin" loaded.
INFO - 2021-10-17 18:27:02 --> Session: Class initialized using 'CodeIgniter\Session\Handlers\FileHandler' driver.
INFO - 2021-10-17 18:27:02 --> Controller "App\Controllers\admin\Admin" loaded.
INFO - 2021-10-17 18:28:03 --> Session: Class initialized using 'CodeIgniter\Session\Handlers\FileHandler' driver.
INFO - 2021-10-17 18:28:03 --> Controller "App\Controllers\bukutamu\Bukutamu" loaded.
