INFO - 2020-10-09 12:48:22 --> Session: Class initialized using 'CodeIgniter\Session\Handlers\FileHandler' driver.
INFO - 2020-10-09 12:48:22 --> Controller "App\Controllers\base\Dashboard" loaded.
INFO - 2020-10-09 12:48:31 --> Session: Class initialized using 'CodeIgniter\Session\Handlers\FileHandler' driver.
INFO - 2020-10-09 12:48:31 --> Controller "App\Controllers\base\Dashboard" loaded.
INFO - 2020-10-09 12:48:31 --> Session: Class initialized using 'CodeIgniter\Session\Handlers\FileHandler' driver.
INFO - 2020-10-09 12:48:31 --> Controller "App\Controllers\base\Dashboard" loaded.
INFO - 2020-10-09 12:52:20 --> Session: Class initialized using 'CodeIgniter\Session\Handlers\FileHandler' driver.
INFO - 2020-10-09 12:52:20 --> Controller "App\Controllers\admin\Admin" loaded.
INFO - 2020-10-09 12:52:30 --> Session: Class initialized using 'CodeIgniter\Session\Handlers\FileHandler' driver.
INFO - 2020-10-09 12:52:30 --> Controller "App\Controllers\admin\Admin" loaded.
INFO - 2020-10-09 12:52:30 --> Session: Class initialized using 'CodeIgniter\Session\Handlers\FileHandler' driver.
INFO - 2020-10-09 12:52:30 --> Controller "App\Controllers\admin\Admin" loaded.
INFO - 2020-10-09 12:56:50 --> Session: Class initialized using 'CodeIgniter\Session\Handlers\FileHandler' driver.
INFO - 2020-10-09 12:56:50 --> Controller "App\Controllers\admin\Admin" loaded.
INFO - 2020-10-09 12:57:00 --> Session: Class initialized using 'CodeIgniter\Session\Handlers\FileHandler' driver.
INFO - 2020-10-09 12:57:00 --> Controller "App\Controllers\admin\Admin" loaded.
INFO - 2020-10-09 12:57:00 --> Session: Class initialized using 'CodeIgniter\Session\Handlers\FileHandler' driver.
INFO - 2020-10-09 12:57:00 --> Controller "App\Controllers\admin\Admin" loaded.
INFO - 2020-10-09 12:57:05 --> Session: Class initialized using 'CodeIgniter\Session\Handlers\FileHandler' driver.
INFO - 2020-10-09 12:57:05 --> Controller "App\Controllers\admin\Admin" loaded.
INFO - 2020-10-09 12:58:17 --> Session: Class initialized using 'CodeIgniter\Session\Handlers\FileHandler' driver.
INFO - 2020-10-09 12:58:17 --> Controller "App\Controllers\admin\Admin" loaded.
INFO - 2020-10-09 12:58:17 --> Session: Class initialized using 'CodeIgniter\Session\Handlers\FileHandler' driver.
INFO - 2020-10-09 12:58:17 --> Controller "App\Controllers\admin\Admin" loaded.
INFO - 2020-10-09 12:58:22 --> Session: Class initialized using 'CodeIgniter\Session\Handlers\FileHandler' driver.
INFO - 2020-10-09 12:58:22 --> Controller "App\Controllers\admin\Admin" loaded.
INFO - 2020-10-09 12:58:32 --> Session: Class initialized using 'CodeIgniter\Session\Handlers\FileHandler' driver.
INFO - 2020-10-09 12:58:32 --> Controller "App\Controllers\admin\Admin" loaded.
INFO - 2020-10-09 12:59:01 --> Session: Class initialized using 'CodeIgniter\Session\Handlers\FileHandler' driver.
INFO - 2020-10-09 12:59:01 --> Controller "App\Controllers\admin\Admin" loaded.
INFO - 2020-10-09 12:59:03 --> Session: Class initialized using 'CodeIgniter\Session\Handlers\FileHandler' driver.
INFO - 2020-10-09 12:59:03 --> Controller "App\Controllers\admin\Admin" loaded.
INFO - 2020-10-09 12:59:11 --> Session: Class initialized using 'CodeIgniter\Session\Handlers\FileHandler' driver.
INFO - 2020-10-09 12:59:11 --> Controller "App\Controllers\admin\Admin" loaded.
INFO - 2020-10-09 12:59:19 --> Session: Class initialized using 'CodeIgniter\Session\Handlers\FileHandler' driver.
INFO - 2020-10-09 12:59:19 --> Controller "App\Controllers\admin\Admin" loaded.
INFO - 2020-10-09 12:59:19 --> Session: Class initialized using 'CodeIgniter\Session\Handlers\FileHandler' driver.
INFO - 2020-10-09 12:59:19 --> Controller "App\Controllers\admin\Admin" loaded.
INFO - 2020-10-09 12:59:30 --> Session: Class initialized using 'CodeIgniter\Session\Handlers\FileHandler' driver.
INFO - 2020-10-09 12:59:30 --> Controller "App\Controllers\undangan\Undangan" loaded.
INFO - 2020-10-09 12:59:42 --> Session: Class initialized using 'CodeIgniter\Session\Handlers\FileHandler' driver.
INFO - 2020-10-09 12:59:42 --> Controller "App\Controllers\admin\Admin" loaded.
INFO - 2020-10-09 12:59:44 --> Session: Class initialized using 'CodeIgniter\Session\Handlers\FileHandler' driver.
INFO - 2020-10-09 12:59:44 --> Controller "App\Controllers\admin\Admin" loaded.
INFO - 2020-10-09 12:59:51 --> Session: Class initialized using 'CodeIgniter\Session\Handlers\FileHandler' driver.
INFO - 2020-10-09 12:59:51 --> Controller "App\Controllers\admin\Admin" loaded.
INFO - 2020-10-09 12:59:55 --> Session: Class initialized using 'CodeIgniter\Session\Handlers\FileHandler' driver.
INFO - 2020-10-09 12:59:55 --> Controller "App\Controllers\admin\Admin" loaded.
INFO - 2020-10-09 12:59:57 --> Session: Class initialized using 'CodeIgniter\Session\Handlers\FileHandler' driver.
INFO - 2020-10-09 12:59:57 --> Controller "App\Controllers\admin\Admin" loaded.
INFO - 2020-10-09 13:00:01 --> Session: Class initialized using 'CodeIgniter\Session\Handlers\FileHandler' driver.
INFO - 2020-10-09 13:00:01 --> Controller "App\Controllers\admin\Admin" loaded.
INFO - 2020-10-09 13:00:25 --> Session: Class initialized using 'CodeIgniter\Session\Handlers\FileHandler' driver.
INFO - 2020-10-09 13:00:25 --> Controller "App\Controllers\admin\Admin" loaded.
INFO - 2020-10-09 13:00:25 --> Session: Class initialized using 'CodeIgniter\Session\Handlers\FileHandler' driver.
INFO - 2020-10-09 13:00:25 --> Controller "App\Controllers\admin\Admin" loaded.
INFO - 2020-10-09 13:00:30 --> Session: Class initialized using 'CodeIgniter\Session\Handlers\FileHandler' driver.
INFO - 2020-10-09 13:00:30 --> Controller "App\Controllers\admin\Admin" loaded.
INFO - 2020-10-09 13:00:30 --> Session: Class initialized using 'CodeIgniter\Session\Handlers\FileHandler' driver.
INFO - 2020-10-09 13:00:30 --> Controller "App\Controllers\admin\Admin" loaded.
INFO - 2020-10-09 13:00:43 --> Session: Class initialized using 'CodeIgniter\Session\Handlers\FileHandler' driver.
INFO - 2020-10-09 13:00:43 --> Controller "App\Controllers\admin\Admin" loaded.
INFO - 2020-10-09 13:00:43 --> Session: Class initialized using 'CodeIgniter\Session\Handlers\FileHandler' driver.
INFO - 2020-10-09 13:00:43 --> Controller "App\Controllers\admin\Admin" loaded.
INFO - 2020-10-09 13:00:48 --> Session: Class initialized using 'CodeIgniter\Session\Handlers\FileHandler' driver.
INFO - 2020-10-09 13:00:48 --> Controller "App\Controllers\admin\Admin" loaded.
INFO - 2020-10-09 13:00:48 --> Session: Class initialized using 'CodeIgniter\Session\Handlers\FileHandler' driver.
INFO - 2020-10-09 13:00:48 --> Controller "App\Controllers\admin\Admin" loaded.
INFO - 2020-10-09 13:01:02 --> Controller "App\Controllers\base\Beranda" loaded.
INFO - 2020-10-09 13:01:03 --> Controller "App\Controllers\base\Beranda" loaded.
INFO - 2020-10-09 13:01:06 --> Session: Class initialized using 'CodeIgniter\Session\Handlers\FileHandler' driver.
INFO - 2020-10-09 13:01:06 --> Controller "App\Controllers\base\Dashboard" loaded.
INFO - 2020-10-09 13:01:19 --> Session: Class initialized using 'CodeIgniter\Session\Handlers\FileHandler' driver.
INFO - 2020-10-09 13:01:19 --> Controller "App\Controllers\base\Dashboard" loaded.
INFO - 2020-10-09 13:01:19 --> Session: Class initialized using 'CodeIgniter\Session\Handlers\FileHandler' driver.
INFO - 2020-10-09 13:01:19 --> Controller "App\Controllers\base\Dashboard" loaded.
INFO - 2020-10-09 13:01:24 --> Controller "App\Controllers\base\Beranda" loaded.
INFO - 2020-10-09 13:01:24 --> Controller "App\Controllers\base\Beranda" loaded.
INFO - 2020-10-09 13:01:25 --> Session: Class initialized using 'CodeIgniter\Session\Handlers\FileHandler' driver.
INFO - 2020-10-09 13:01:25 --> Controller "App\Controllers\base\Order" loaded.
INFO - 2020-10-09 13:01:25 --> Controller "App\Controllers\base\Beranda" loaded.
INFO - 2020-10-09 13:01:25 --> Controller "App\Controllers\base\Beranda" loaded.
INFO - 2020-10-09 13:01:35 --> Controller "App\Controllers\base\Beranda" loaded.
INFO - 2020-10-09 13:01:45 --> Controller "App\Controllers\base\Beranda" loaded.
INFO - 2020-10-09 13:01:46 --> Controller "App\Controllers\base\Beranda" loaded.
INFO - 2020-10-09 13:01:46 --> Controller "App\Controllers\base\Beranda" loaded.
INFO - 2020-10-09 13:01:48 --> Session: Class initialized using 'CodeIgniter\Session\Handlers\FileHandler' driver.
INFO - 2020-10-09 13:01:48 --> Controller "App\Controllers\base\Order" loaded.
INFO - 2020-10-09 13:01:48 --> Controller "App\Controllers\base\Beranda" loaded.
INFO - 2020-10-09 13:01:51 --> Session: Class initialized using 'CodeIgniter\Session\Handlers\FileHandler' driver.
INFO - 2020-10-09 13:01:51 --> Controller "App\Controllers\base\Order" loaded.
INFO - 2020-10-09 13:02:08 --> Controller "App\Controllers\base\Beranda" loaded.
INFO - 2020-10-09 13:32:58 --> Session: Class initialized using 'CodeIgniter\Session\Handlers\FileHandler' driver.
INFO - 2020-10-09 13:32:58 --> Controller "App\Controllers\undangan\Undangan" loaded.
INFO - 2020-10-09 13:39:05 --> Session: Class initialized using 'CodeIgniter\Session\Handlers\FileHandler' driver.
INFO - 2020-10-09 13:39:05 --> Controller "App\Controllers\undangan\Undangan" loaded.
INFO - 2020-10-09 14:53:52 --> Controller "App\Controllers\base\Beranda" loaded.
INFO - 2020-10-09 16:46:20 --> Controller "App\Controllers\base\Beranda" loaded.
INFO - 2020-10-09 19:21:30 --> Controller "App\Controllers\base\Beranda" loaded.
INFO - 2020-10-09 19:21:47 --> Controller "App\Controllers\base\Beranda" loaded.
