INFO - 2022-03-30 00:00:04 --> Controller "App\Controllers\base\Beranda" loaded.
INFO - 2022-03-30 00:00:15 --> Controller "App\Controllers\base\Beranda" loaded.
INFO - 2022-03-30 00:00:16 --> Controller "App\Controllers\base\Beranda" loaded.
INFO - 2022-03-30 00:00:25 --> Controller "App\Controllers\base\Beranda" loaded.
INFO - 2022-03-30 00:01:02 --> Controller "App\Controllers\base\Beranda" loaded.
INFO - 2022-03-30 00:01:13 --> Controller "App\Controllers\base\Beranda" loaded.
INFO - 2022-03-30 00:01:17 --> Controller "App\Controllers\base\Beranda" loaded.
INFO - 2022-03-30 00:02:19 --> Controller "App\Controllers\base\Beranda" loaded.
INFO - 2022-03-30 00:02:37 --> Controller "App\Controllers\base\Beranda" loaded.
INFO - 2022-03-30 00:03:14 --> Controller "App\Controllers\base\Beranda" loaded.
INFO - 2022-03-30 00:05:03 --> Controller "App\Controllers\base\Beranda" loaded.
INFO - 2022-03-30 00:05:14 --> Controller "App\Controllers\base\Beranda" loaded.
INFO - 2022-03-30 00:06:40 --> Controller "App\Controllers\base\Beranda" loaded.
INFO - 2022-03-30 00:07:23 --> Controller "App\Controllers\base\Beranda" loaded.
INFO - 2022-03-30 00:07:36 --> Controller "App\Controllers\base\Beranda" loaded.
INFO - 2022-03-30 00:07:37 --> Controller "App\Controllers\base\Beranda" loaded.
INFO - 2022-03-30 00:08:45 --> Controller "App\Controllers\base\Beranda" loaded.
INFO - 2022-03-30 00:25:02 --> Controller "App\Controllers\base\Beranda" loaded.
INFO - 2022-03-30 00:25:15 --> Controller "App\Controllers\base\Beranda" loaded.
INFO - 2022-03-30 00:27:17 --> Controller "App\Controllers\base\Beranda" loaded.
INFO - 2022-03-30 00:27:30 --> Controller "App\Controllers\base\Beranda" loaded.
INFO - 2022-03-30 00:42:39 --> Controller "App\Controllers\base\Beranda" loaded.
INFO - 2022-03-30 00:46:21 --> Controller "App\Controllers\base\Beranda" loaded.
INFO - 2022-03-30 00:47:40 --> Controller "App\Controllers\base\Beranda" loaded.
INFO - 2022-03-30 01:34:05 --> Controller "App\Controllers\base\Beranda" loaded.
INFO - 2022-03-30 01:59:25 --> Controller "App\Controllers\base\Beranda" loaded.
INFO - 2022-03-30 02:13:33 --> Controller "App\Controllers\base\Beranda" loaded.
INFO - 2022-03-30 02:27:10 --> Controller "App\Controllers\base\Beranda" loaded.
INFO - 2022-03-30 02:55:48 --> Controller "App\Controllers\base\Beranda" loaded.
INFO - 2022-03-30 02:56:48 --> Controller "App\Controllers\base\Beranda" loaded.
INFO - 2022-03-30 03:22:47 --> Controller "App\Controllers\base\Beranda" loaded.
INFO - 2022-03-30 03:25:02 --> Session: Class initialized using 'CodeIgniter\Session\Handlers\FileHandler' driver.
INFO - 2022-03-30 03:25:02 --> Controller "App\Controllers\base\Order" loaded.
INFO - 2022-03-30 03:58:34 --> Controller "App\Controllers\base\Beranda" loaded.
INFO - 2022-03-30 04:21:19 --> Session: Class initialized using 'CodeIgniter\Session\Handlers\FileHandler' driver.
INFO - 2022-03-30 04:21:19 --> Controller "App\Controllers\base\Order" loaded.
INFO - 2022-03-30 04:57:27 --> Session: Class initialized using 'CodeIgniter\Session\Handlers\FileHandler' driver.
INFO - 2022-03-30 04:57:27 --> Controller "App\Controllers\undangan\Undangan" loaded.
INFO - 2022-03-30 05:03:31 --> Session: Class initialized using 'CodeIgniter\Session\Handlers\FileHandler' driver.
INFO - 2022-03-30 05:03:31 --> Controller "App\Controllers\undangan\Undangan" loaded.
INFO - 2022-03-30 05:14:07 --> Controller "App\Controllers\base\Beranda" loaded.
INFO - 2022-03-30 05:14:53 --> Controller "App\Controllers\base\Beranda" loaded.
INFO - 2022-03-30 06:17:27 --> Session: Class initialized using 'CodeIgniter\Session\Handlers\FileHandler' driver.
INFO - 2022-03-30 06:17:27 --> Controller "App\Controllers\undangan\Undangan" loaded.
INFO - 2022-03-30 06:24:02 --> Session: Class initialized using 'CodeIgniter\Session\Handlers\FileHandler' driver.
INFO - 2022-03-30 06:24:02 --> Controller "App\Controllers\undangan\Undangan" loaded.
INFO - 2022-03-30 07:00:02 --> Controller "App\Controllers\base\Beranda" loaded.
INFO - 2022-03-30 07:00:02 --> Controller "App\Controllers\base\Beranda" loaded.
INFO - 2022-03-30 07:01:35 --> Controller "App\Controllers\base\Beranda" loaded.
INFO - 2022-03-30 07:10:02 --> Controller "App\Controllers\base\Beranda" loaded.
INFO - 2022-03-30 07:16:14 --> Controller "App\Controllers\base\Beranda" loaded.
INFO - 2022-03-30 07:18:19 --> Session: Class initialized using 'CodeIgniter\Session\Handlers\FileHandler' driver.
INFO - 2022-03-30 07:18:19 --> Controller "App\Controllers\base\Dashboard" loaded.
INFO - 2022-03-30 07:19:19 --> Session: Class initialized using 'CodeIgniter\Session\Handlers\FileHandler' driver.
INFO - 2022-03-30 07:19:19 --> Controller "App\Controllers\base\Dashboard" loaded.
INFO - 2022-03-30 07:19:20 --> Session: Class initialized using 'CodeIgniter\Session\Handlers\FileHandler' driver.
INFO - 2022-03-30 07:19:20 --> Controller "App\Controllers\base\Dashboard" loaded.
INFO - 2022-03-30 07:19:25 --> Session: Class initialized using 'CodeIgniter\Session\Handlers\FileHandler' driver.
INFO - 2022-03-30 07:19:25 --> Controller "App\Controllers\base\Dashboard" loaded.
INFO - 2022-03-30 07:19:28 --> Session: Class initialized using 'CodeIgniter\Session\Handlers\FileHandler' driver.
INFO - 2022-03-30 07:19:28 --> Controller "App\Controllers\base\Dashboard" loaded.
CRITICAL - 2022-03-30 07:19:28 --> Midtrans API is returning API error. HTTP status code: 400 API response: {"error_messages":["transaction_details.order_id sudah digunakan"]}
#0 /home/ngua4317/public_html/vendor/midtrans/midtrans-php/Midtrans/ApiRequestor.php(39): Midtrans\ApiRequestor::remoteCall('https://app.mid...', 'Mid-server-ukNz...', Array, 'POST')
#1 /home/ngua4317/public_html/vendor/midtrans/midtrans-php/Midtrans/Snap.php(109): Midtrans\ApiRequestor::post('https://app.mid...', 'Mid-server-ukNz...', Array)
#2 /home/ngua4317/public_html/vendor/midtrans/midtrans-php/Midtrans/Snap.php(36): Midtrans\Snap::createTransaction(Array)
#3 /home/ngua4317/public_html/app/Controllers/base/Dashboard.php(1478): Midtrans\Snap::getSnapToken(Array)
#4 /home/ngua4317/public_html/system/CodeIgniter.php(910): App\Controllers\base\Dashboard->token()
#5 /home/ngua4317/public_html/system/CodeIgniter.php(398): CodeIgniter\CodeIgniter->runController(Object(App\Controllers\base\Dashboard))
#6 /home/ngua4317/public_html/system/CodeIgniter.php(306): CodeIgniter\CodeIgniter->handleRequest(NULL, Object(Config\Cache), false)
#7 /home/ngua4317/public_html/index.php(45): CodeIgniter\CodeIgniter->run()
#8 {main}
INFO - 2022-03-30 07:20:02 --> Controller "App\Controllers\base\Beranda" loaded.
INFO - 2022-03-30 07:20:12 --> Session: Class initialized using 'CodeIgniter\Session\Handlers\FileHandler' driver.
INFO - 2022-03-30 07:20:12 --> Controller "App\Controllers\base\Dashboard" loaded.
INFO - 2022-03-30 07:20:20 --> Session: Class initialized using 'CodeIgniter\Session\Handlers\FileHandler' driver.
INFO - 2022-03-30 07:20:20 --> Controller "App\Controllers\base\Dashboard" loaded.
CRITICAL - 2022-03-30 07:20:20 --> Midtrans API is returning API error. HTTP status code: 400 API response: {"error_messages":["transaction_details.order_id sudah digunakan"]}
#0 /home/ngua4317/public_html/vendor/midtrans/midtrans-php/Midtrans/ApiRequestor.php(39): Midtrans\ApiRequestor::remoteCall('https://app.mid...', 'Mid-server-ukNz...', Array, 'POST')
#1 /home/ngua4317/public_html/vendor/midtrans/midtrans-php/Midtrans/Snap.php(109): Midtrans\ApiRequestor::post('https://app.mid...', 'Mid-server-ukNz...', Array)
#2 /home/ngua4317/public_html/vendor/midtrans/midtrans-php/Midtrans/Snap.php(36): Midtrans\Snap::createTransaction(Array)
#3 /home/ngua4317/public_html/app/Controllers/base/Dashboard.php(1478): Midtrans\Snap::getSnapToken(Array)
#4 /home/ngua4317/public_html/system/CodeIgniter.php(910): App\Controllers\base\Dashboard->token()
#5 /home/ngua4317/public_html/system/CodeIgniter.php(398): CodeIgniter\CodeIgniter->runController(Object(App\Controllers\base\Dashboard))
#6 /home/ngua4317/public_html/system/CodeIgniter.php(306): CodeIgniter\CodeIgniter->handleRequest(NULL, Object(Config\Cache), false)
#7 /home/ngua4317/public_html/index.php(45): CodeIgniter\CodeIgniter->run()
#8 {main}
INFO - 2022-03-30 07:20:22 --> Session: Class initialized using 'CodeIgniter\Session\Handlers\FileHandler' driver.
INFO - 2022-03-30 07:20:22 --> Controller "App\Controllers\base\Dashboard" loaded.
INFO - 2022-03-30 07:20:23 --> Session: Class initialized using 'CodeIgniter\Session\Handlers\FileHandler' driver.
INFO - 2022-03-30 07:20:23 --> Controller "App\Controllers\base\Dashboard" loaded.
INFO - 2022-03-30 07:20:31 --> Session: Class initialized using 'CodeIgniter\Session\Handlers\FileHandler' driver.
INFO - 2022-03-30 07:20:31 --> Controller "App\Controllers\base\Dashboard" loaded.
INFO - 2022-03-30 07:20:39 --> Controller "App\Controllers\base\Beranda" loaded.
INFO - 2022-03-30 07:20:46 --> Session: Class initialized using 'CodeIgniter\Session\Handlers\FileHandler' driver.
INFO - 2022-03-30 07:20:46 --> Controller "App\Controllers\base\Dashboard" loaded.
INFO - 2022-03-30 07:20:46 --> Session: Class initialized using 'CodeIgniter\Session\Handlers\FileHandler' driver.
INFO - 2022-03-30 07:20:47 --> Controller "App\Controllers\base\Dashboard" loaded.
INFO - 2022-03-30 07:21:49 --> Session: Class initialized using 'CodeIgniter\Session\Handlers\FileHandler' driver.
INFO - 2022-03-30 07:21:49 --> Controller "App\Controllers\base\Dashboard" loaded.
INFO - 2022-03-30 07:21:49 --> Session: Class initialized using 'CodeIgniter\Session\Handlers\FileHandler' driver.
INFO - 2022-03-30 07:21:49 --> Controller "App\Controllers\base\Dashboard" loaded.
INFO - 2022-03-30 07:21:56 --> Session: Class initialized using 'CodeIgniter\Session\Handlers\FileHandler' driver.
INFO - 2022-03-30 07:21:56 --> Controller "App\Controllers\base\Dashboard" loaded.
CRITICAL - 2022-03-30 07:21:56 --> Midtrans API is returning API error. HTTP status code: 400 API response: {"error_messages":["transaction_details.order_id sudah digunakan"]}
#0 /home/ngua4317/public_html/vendor/midtrans/midtrans-php/Midtrans/ApiRequestor.php(39): Midtrans\ApiRequestor::remoteCall('https://app.mid...', 'Mid-server-ukNz...', Array, 'POST')
#1 /home/ngua4317/public_html/vendor/midtrans/midtrans-php/Midtrans/Snap.php(109): Midtrans\ApiRequestor::post('https://app.mid...', 'Mid-server-ukNz...', Array)
#2 /home/ngua4317/public_html/vendor/midtrans/midtrans-php/Midtrans/Snap.php(36): Midtrans\Snap::createTransaction(Array)
#3 /home/ngua4317/public_html/app/Controllers/base/Dashboard.php(1478): Midtrans\Snap::getSnapToken(Array)
#4 /home/ngua4317/public_html/system/CodeIgniter.php(910): App\Controllers\base\Dashboard->token()
#5 /home/ngua4317/public_html/system/CodeIgniter.php(398): CodeIgniter\CodeIgniter->runController(Object(App\Controllers\base\Dashboard))
#6 /home/ngua4317/public_html/system/CodeIgniter.php(306): CodeIgniter\CodeIgniter->handleRequest(NULL, Object(Config\Cache), false)
#7 /home/ngua4317/public_html/index.php(45): CodeIgniter\CodeIgniter->run()
#8 {main}
INFO - 2022-03-30 07:22:03 --> Session: Class initialized using 'CodeIgniter\Session\Handlers\FileHandler' driver.
INFO - 2022-03-30 07:22:03 --> Controller "App\Controllers\base\Dashboard" loaded.
INFO - 2022-03-30 07:22:22 --> Session: Class initialized using 'CodeIgniter\Session\Handlers\FileHandler' driver.
INFO - 2022-03-30 07:22:22 --> Controller "App\Controllers\base\Dashboard" loaded.
CRITICAL - 2022-03-30 07:22:22 --> Midtrans API is returning API error. HTTP status code: 400 API response: {"error_messages":["transaction_details.order_id sudah digunakan"]}
#0 /home/ngua4317/public_html/vendor/midtrans/midtrans-php/Midtrans/ApiRequestor.php(39): Midtrans\ApiRequestor::remoteCall('https://app.mid...', 'Mid-server-ukNz...', Array, 'POST')
#1 /home/ngua4317/public_html/vendor/midtrans/midtrans-php/Midtrans/Snap.php(109): Midtrans\ApiRequestor::post('https://app.mid...', 'Mid-server-ukNz...', Array)
#2 /home/ngua4317/public_html/vendor/midtrans/midtrans-php/Midtrans/Snap.php(36): Midtrans\Snap::createTransaction(Array)
#3 /home/ngua4317/public_html/app/Controllers/base/Dashboard.php(1478): Midtrans\Snap::getSnapToken(Array)
#4 /home/ngua4317/public_html/system/CodeIgniter.php(910): App\Controllers\base\Dashboard->token()
#5 /home/ngua4317/public_html/system/CodeIgniter.php(398): CodeIgniter\CodeIgniter->runController(Object(App\Controllers\base\Dashboard))
#6 /home/ngua4317/public_html/system/CodeIgniter.php(306): CodeIgniter\CodeIgniter->handleRequest(NULL, Object(Config\Cache), false)
#7 /home/ngua4317/public_html/index.php(45): CodeIgniter\CodeIgniter->run()
#8 {main}
INFO - 2022-03-30 07:22:25 --> Session: Class initialized using 'CodeIgniter\Session\Handlers\FileHandler' driver.
INFO - 2022-03-30 07:22:25 --> Controller "App\Controllers\base\Dashboard" loaded.
INFO - 2022-03-30 07:22:25 --> Session: Class initialized using 'CodeIgniter\Session\Handlers\FileHandler' driver.
INFO - 2022-03-30 07:22:25 --> Controller "App\Controllers\base\Dashboard" loaded.
INFO - 2022-03-30 07:22:30 --> Session: Class initialized using 'CodeIgniter\Session\Handlers\FileHandler' driver.
INFO - 2022-03-30 07:22:30 --> Controller "App\Controllers\base\Dashboard" loaded.
INFO - 2022-03-30 07:22:44 --> Session: Class initialized using 'CodeIgniter\Session\Handlers\FileHandler' driver.
INFO - 2022-03-30 07:22:44 --> Controller "App\Controllers\base\Dashboard" loaded.
INFO - 2022-03-30 07:22:48 --> Session: Class initialized using 'CodeIgniter\Session\Handlers\FileHandler' driver.
INFO - 2022-03-30 07:22:48 --> Controller "App\Controllers\base\Dashboard" loaded.
INFO - 2022-03-30 07:22:57 --> Controller "App\Controllers\base\Beranda" loaded.
INFO - 2022-03-30 07:22:57 --> Session: Class initialized using 'CodeIgniter\Session\Handlers\FileHandler' driver.
INFO - 2022-03-30 07:22:57 --> Controller "App\Controllers\base\Dashboard" loaded.
INFO - 2022-03-30 07:22:58 --> Session: Class initialized using 'CodeIgniter\Session\Handlers\FileHandler' driver.
INFO - 2022-03-30 07:22:58 --> Controller "App\Controllers\base\Dashboard" loaded.
INFO - 2022-03-30 07:25:04 --> Session: Class initialized using 'CodeIgniter\Session\Handlers\FileHandler' driver.
INFO - 2022-03-30 07:25:04 --> Controller "App\Controllers\base\Dashboard" loaded.
INFO - 2022-03-30 07:30:02 --> Controller "App\Controllers\base\Beranda" loaded.
INFO - 2022-03-30 07:40:02 --> Controller "App\Controllers\base\Beranda" loaded.
INFO - 2022-03-30 07:50:02 --> Controller "App\Controllers\base\Beranda" loaded.
INFO - 2022-03-30 08:00:02 --> Controller "App\Controllers\base\Beranda" loaded.
INFO - 2022-03-30 08:10:03 --> Controller "App\Controllers\base\Beranda" loaded.
INFO - 2022-03-30 08:14:29 --> Controller "App\Controllers\base\Beranda" loaded.
INFO - 2022-03-30 08:20:02 --> Controller "App\Controllers\base\Beranda" loaded.
INFO - 2022-03-30 08:20:32 --> Controller "App\Controllers\base\Beranda" loaded.
INFO - 2022-03-30 08:22:50 --> Controller "App\Controllers\base\Beranda" loaded.
INFO - 2022-03-30 08:30:02 --> Controller "App\Controllers\base\Beranda" loaded.
INFO - 2022-03-30 08:37:47 --> Controller "App\Controllers\base\Beranda" loaded.
INFO - 2022-03-30 08:40:02 --> Controller "App\Controllers\base\Beranda" loaded.
INFO - 2022-03-30 08:50:02 --> Controller "App\Controllers\base\Beranda" loaded.
INFO - 2022-03-30 09:00:02 --> Controller "App\Controllers\base\Beranda" loaded.
INFO - 2022-03-30 09:06:00 --> Controller "App\Controllers\base\Beranda" loaded.
INFO - 2022-03-30 09:10:02 --> Controller "App\Controllers\base\Beranda" loaded.
INFO - 2022-03-30 09:20:02 --> Controller "App\Controllers\base\Beranda" loaded.
INFO - 2022-03-30 09:30:02 --> Controller "App\Controllers\base\Beranda" loaded.
INFO - 2022-03-30 09:40:02 --> Controller "App\Controllers\base\Beranda" loaded.
INFO - 2022-03-30 09:47:44 --> Session: Class initialized using 'CodeIgniter\Session\Handlers\FileHandler' driver.
INFO - 2022-03-30 09:47:44 --> Session: Class initialized using 'CodeIgniter\Session\Handlers\FileHandler' driver.
INFO - 2022-03-30 09:47:44 --> Controller "App\Controllers\base\Dashboard" loaded.
INFO - 2022-03-30 09:49:37 --> Session: Class initialized using 'CodeIgniter\Session\Handlers\FileHandler' driver.
INFO - 2022-03-30 09:49:37 --> Controller "App\Controllers\base\Dashboard" loaded.
INFO - 2022-03-30 09:49:37 --> Session: Class initialized using 'CodeIgniter\Session\Handlers\FileHandler' driver.
INFO - 2022-03-30 09:49:37 --> Controller "App\Controllers\base\Dashboard" loaded.
INFO - 2022-03-30 09:49:44 --> Session: Class initialized using 'CodeIgniter\Session\Handlers\FileHandler' driver.
INFO - 2022-03-30 09:49:44 --> Controller "App\Controllers\base\Dashboard" loaded.
INFO - 2022-03-30 09:49:44 --> Session: Class initialized using 'CodeIgniter\Session\Handlers\FileHandler' driver.
INFO - 2022-03-30 09:49:44 --> Controller "App\Controllers\base\Dashboard" loaded.
INFO - 2022-03-30 09:49:56 --> Session: Class initialized using 'CodeIgniter\Session\Handlers\FileHandler' driver.
INFO - 2022-03-30 09:49:56 --> Controller "App\Controllers\base\Dashboard" loaded.
INFO - 2022-03-30 09:50:01 --> Controller "App\Controllers\base\Beranda" loaded.
INFO - 2022-03-30 09:50:41 --> Session: Class initialized using 'CodeIgniter\Session\Handlers\FileHandler' driver.
INFO - 2022-03-30 09:50:41 --> Controller "App\Controllers\base\Dashboard" loaded.
INFO - 2022-03-30 09:50:45 --> Session: Class initialized using 'CodeIgniter\Session\Handlers\FileHandler' driver.
INFO - 2022-03-30 09:50:45 --> Controller "App\Controllers\base\Dashboard" loaded.
INFO - 2022-03-30 09:50:49 --> Session: Class initialized using 'CodeIgniter\Session\Handlers\FileHandler' driver.
INFO - 2022-03-30 09:50:49 --> Controller "App\Controllers\base\Dashboard" loaded.
INFO - 2022-03-30 09:51:04 --> Session: Class initialized using 'CodeIgniter\Session\Handlers\FileHandler' driver.
INFO - 2022-03-30 09:51:04 --> Controller "App\Controllers\base\Dashboard" loaded.
INFO - 2022-03-30 09:51:08 --> Session: Class initialized using 'CodeIgniter\Session\Handlers\FileHandler' driver.
INFO - 2022-03-30 09:51:08 --> Controller "App\Controllers\base\Dashboard" loaded.
INFO - 2022-03-30 10:00:02 --> Controller "App\Controllers\base\Beranda" loaded.
INFO - 2022-03-30 10:01:03 --> Session: Class initialized using 'CodeIgniter\Session\Handlers\FileHandler' driver.
INFO - 2022-03-30 10:01:03 --> Controller "App\Controllers\base\Dashboard" loaded.
INFO - 2022-03-30 10:01:07 --> Session: Class initialized using 'CodeIgniter\Session\Handlers\FileHandler' driver.
INFO - 2022-03-30 10:01:07 --> Controller "App\Controllers\base\Dashboard" loaded.
INFO - 2022-03-30 10:01:11 --> Session: Class initialized using 'CodeIgniter\Session\Handlers\FileHandler' driver.
INFO - 2022-03-30 10:01:11 --> Controller "App\Controllers\base\Dashboard" loaded.
CRITICAL - 2022-03-30 10:01:11 --> You must set the database table to be used with your query.
#0 /home/ngua4317/public_html/system/Model.php(1190): CodeIgniter\Database\BaseConnection->table(NULL)
#1 /home/ngua4317/public_html/system/Model.php(1648): CodeIgniter\Model->builder()
#2 /home/ngua4317/public_html/app/Models/base/DashboardModel.php(209): CodeIgniter\Model->__get('quote')
#3 /home/ngua4317/public_html/app/Controllers/base/Dashboard.php(636): App\Models\base\DashboardModel->get_quote_by_id_user()
#4 /home/ngua4317/public_html/system/CodeIgniter.php(910): App\Controllers\base\Dashboard->cerita()
#5 /home/ngua4317/public_html/system/CodeIgniter.php(398): CodeIgniter\CodeIgniter->runController(Object(App\Controllers\base\Dashboard))
#6 /home/ngua4317/public_html/system/CodeIgniter.php(306): CodeIgniter\CodeIgniter->handleRequest(NULL, Object(Config\Cache), false)
#7 /home/ngua4317/public_html/index.php(45): CodeIgniter\CodeIgniter->run()
#8 {main}
INFO - 2022-03-30 10:01:39 --> Session: Class initialized using 'CodeIgniter\Session\Handlers\FileHandler' driver.
INFO - 2022-03-30 10:01:39 --> Controller "App\Controllers\base\Dashboard" loaded.
CRITICAL - 2022-03-30 10:01:39 --> You must set the database table to be used with your query.
#0 /home/ngua4317/public_html/system/Model.php(1190): CodeIgniter\Database\BaseConnection->table(NULL)
#1 /home/ngua4317/public_html/system/Model.php(1648): CodeIgniter\Model->builder()
#2 /home/ngua4317/public_html/app/Models/base/DashboardModel.php(209): CodeIgniter\Model->__get('quote')
#3 /home/ngua4317/public_html/app/Controllers/base/Dashboard.php(636): App\Models\base\DashboardModel->get_quote_by_id_user()
#4 /home/ngua4317/public_html/system/CodeIgniter.php(910): App\Controllers\base\Dashboard->cerita()
#5 /home/ngua4317/public_html/system/CodeIgniter.php(398): CodeIgniter\CodeIgniter->runController(Object(App\Controllers\base\Dashboard))
#6 /home/ngua4317/public_html/system/CodeIgniter.php(306): CodeIgniter\CodeIgniter->handleRequest(NULL, Object(Config\Cache), false)
#7 /home/ngua4317/public_html/index.php(45): CodeIgniter\CodeIgniter->run()
#8 {main}
INFO - 2022-03-30 10:02:16 --> Session: Class initialized using 'CodeIgniter\Session\Handlers\FileHandler' driver.
INFO - 2022-03-30 10:02:16 --> Controller "App\Controllers\base\Dashboard" loaded.
INFO - 2022-03-30 10:02:38 --> Session: Class initialized using 'CodeIgniter\Session\Handlers\FileHandler' driver.
INFO - 2022-03-30 10:02:38 --> Controller "App\Controllers\base\Dashboard" loaded.
INFO - 2022-03-30 10:02:39 --> Session: Class initialized using 'CodeIgniter\Session\Handlers\FileHandler' driver.
INFO - 2022-03-30 10:02:39 --> Controller "App\Controllers\base\Dashboard" loaded.
INFO - 2022-03-30 10:02:45 --> Session: Class initialized using 'CodeIgniter\Session\Handlers\FileHandler' driver.
INFO - 2022-03-30 10:02:45 --> Controller "App\Controllers\base\Dashboard" loaded.
INFO - 2022-03-30 10:03:32 --> Session: Class initialized using 'CodeIgniter\Session\Handlers\FileHandler' driver.
INFO - 2022-03-30 10:03:32 --> Controller "App\Controllers\base\Dashboard" loaded.
INFO - 2022-03-30 10:03:36 --> Session: Class initialized using 'CodeIgniter\Session\Handlers\FileHandler' driver.
INFO - 2022-03-30 10:03:36 --> Controller "App\Controllers\base\Dashboard" loaded.
INFO - 2022-03-30 10:03:48 --> Session: Class initialized using 'CodeIgniter\Session\Handlers\FileHandler' driver.
INFO - 2022-03-30 10:03:48 --> Controller "App\Controllers\base\Dashboard" loaded.
INFO - 2022-03-30 10:04:36 --> Controller "App\Controllers\base\Beranda" loaded.
INFO - 2022-03-30 10:06:35 --> Controller "App\Controllers\base\Beranda" loaded.
INFO - 2022-03-30 10:08:33 --> Session: Class initialized using 'CodeIgniter\Session\Handlers\FileHandler' driver.
INFO - 2022-03-30 10:08:33 --> Controller "App\Controllers\base\Dashboard" loaded.
INFO - 2022-03-30 10:08:44 --> Controller "App\Controllers\base\Beranda" loaded.
INFO - 2022-03-30 10:09:16 --> Session: Class initialized using 'CodeIgniter\Session\Handlers\FileHandler' driver.
INFO - 2022-03-30 10:09:16 --> Controller "App\Controllers\undangan\Undangan" loaded.
INFO - 2022-03-30 10:10:02 --> Controller "App\Controllers\base\Beranda" loaded.
INFO - 2022-03-30 10:13:27 --> Controller "App\Controllers\base\Beranda" loaded.
INFO - 2022-03-30 10:13:40 --> Controller "App\Controllers\base\Beranda" loaded.
INFO - 2022-03-30 10:15:10 --> Session: Class initialized using 'CodeIgniter\Session\Handlers\FileHandler' driver.
INFO - 2022-03-30 10:15:10 --> Controller "App\Controllers\base\Order" loaded.
INFO - 2022-03-30 10:15:10 --> Controller "App\Controllers\base\Beranda" loaded.
INFO - 2022-03-30 10:15:19 --> Controller "App\Controllers\base\Beranda" loaded.
INFO - 2022-03-30 10:15:35 --> Session: Class initialized using 'CodeIgniter\Session\Handlers\FileHandler' driver.
INFO - 2022-03-30 10:15:35 --> Controller "App\Controllers\base\Order" loaded.
INFO - 2022-03-30 10:15:42 --> Controller "App\Controllers\base\Beranda" loaded.
INFO - 2022-03-30 10:16:05 --> Session: Class initialized using 'CodeIgniter\Session\Handlers\FileHandler' driver.
INFO - 2022-03-30 10:16:05 --> Controller "App\Controllers\base\Order" loaded.
INFO - 2022-03-30 10:20:02 --> Controller "App\Controllers\base\Beranda" loaded.
INFO - 2022-03-30 10:20:20 --> Session: Class initialized using 'CodeIgniter\Session\Handlers\FileHandler' driver.
INFO - 2022-03-30 10:20:20 --> Controller "App\Controllers\undangan\Undangan" loaded.
INFO - 2022-03-30 10:23:10 --> Session: Class initialized using 'CodeIgniter\Session\Handlers\FileHandler' driver.
INFO - 2022-03-30 10:23:10 --> Controller "App\Controllers\undangan\Undangan" loaded.
INFO - 2022-03-30 10:23:33 --> Session: Class initialized using 'CodeIgniter\Session\Handlers\FileHandler' driver.
INFO - 2022-03-30 10:23:33 --> Controller "App\Controllers\undangan\Undangan" loaded.
INFO - 2022-03-30 10:23:42 --> Controller "App\Controllers\base\Beranda" loaded.
INFO - 2022-03-30 10:24:42 --> Session: Class initialized using 'CodeIgniter\Session\Handlers\FileHandler' driver.
INFO - 2022-03-30 10:24:42 --> Controller "App\Controllers\base\Dashboard" loaded.
INFO - 2022-03-30 10:25:05 --> Session: Class initialized using 'CodeIgniter\Session\Handlers\FileHandler' driver.
INFO - 2022-03-30 10:25:05 --> Controller "App\Controllers\undangan\Undangan" loaded.
INFO - 2022-03-30 10:25:27 --> Session: Class initialized using 'CodeIgniter\Session\Handlers\FileHandler' driver.
INFO - 2022-03-30 10:25:27 --> Controller "App\Controllers\undangan\Undangan" loaded.
INFO - 2022-03-30 10:25:46 --> Session: Class initialized using 'CodeIgniter\Session\Handlers\FileHandler' driver.
INFO - 2022-03-30 10:25:46 --> Controller "App\Controllers\undangan\Undangan" loaded.
INFO - 2022-03-30 10:30:01 --> Controller "App\Controllers\base\Beranda" loaded.
INFO - 2022-03-30 10:31:55 --> Session: Class initialized using 'CodeIgniter\Session\Handlers\FileHandler' driver.
INFO - 2022-03-30 10:31:55 --> Controller "App\Controllers\undangan\Undangan" loaded.
INFO - 2022-03-30 10:31:59 --> Session: Class initialized using 'CodeIgniter\Session\Handlers\FileHandler' driver.
INFO - 2022-03-30 10:31:59 --> Controller "App\Controllers\undangan\Undangan" loaded.
INFO - 2022-03-30 10:32:07 --> Session: Class initialized using 'CodeIgniter\Session\Handlers\FileHandler' driver.
INFO - 2022-03-30 10:32:07 --> Controller "App\Controllers\undangan\Undangan" loaded.
INFO - 2022-03-30 10:36:31 --> Controller "App\Controllers\base\Beranda" loaded.
INFO - 2022-03-30 10:40:02 --> Controller "App\Controllers\base\Beranda" loaded.
INFO - 2022-03-30 10:40:43 --> Session: Class initialized using 'CodeIgniter\Session\Handlers\FileHandler' driver.
INFO - 2022-03-30 10:40:43 --> Controller "App\Controllers\undangan\Undangan" loaded.
INFO - 2022-03-30 10:41:12 --> Controller "App\Controllers\base\Beranda" loaded.
INFO - 2022-03-30 10:41:16 --> Session: Class initialized using 'CodeIgniter\Session\Handlers\FileHandler' driver.
INFO - 2022-03-30 10:41:16 --> Controller "App\Controllers\base\Dashboard" loaded.
INFO - 2022-03-30 10:41:18 --> Controller "App\Controllers\base\Beranda" loaded.
INFO - 2022-03-30 10:41:25 --> Session: Class initialized using 'CodeIgniter\Session\Handlers\FileHandler' driver.
INFO - 2022-03-30 10:41:25 --> Controller "App\Controllers\undangan\Undangan" loaded.
INFO - 2022-03-30 10:44:44 --> Controller "App\Controllers\base\Beranda" loaded.
INFO - 2022-03-30 10:50:02 --> Controller "App\Controllers\base\Beranda" loaded.
INFO - 2022-03-30 10:52:30 --> Controller "App\Controllers\base\Beranda" loaded.
INFO - 2022-03-30 10:55:07 --> Session: Class initialized using 'CodeIgniter\Session\Handlers\FileHandler' driver.
INFO - 2022-03-30 10:55:07 --> Controller "App\Controllers\base\Dashboard" loaded.
INFO - 2022-03-30 10:55:16 --> Session: Class initialized using 'CodeIgniter\Session\Handlers\FileHandler' driver.
INFO - 2022-03-30 10:55:16 --> Controller "App\Controllers\base\Dashboard" loaded.
INFO - 2022-03-30 10:55:22 --> Session: Class initialized using 'CodeIgniter\Session\Handlers\FileHandler' driver.
INFO - 2022-03-30 10:55:22 --> Controller "App\Controllers\base\Dashboard" loaded.
INFO - 2022-03-30 10:55:22 --> Session: Class initialized using 'CodeIgniter\Session\Handlers\FileHandler' driver.
INFO - 2022-03-30 10:55:22 --> Controller "App\Controllers\base\Dashboard" loaded.
INFO - 2022-03-30 10:55:31 --> Session: Class initialized using 'CodeIgniter\Session\Handlers\FileHandler' driver.
INFO - 2022-03-30 10:55:31 --> Controller "App\Controllers\base\Dashboard" loaded.
INFO - 2022-03-30 10:55:31 --> Session: Class initialized using 'CodeIgniter\Session\Handlers\FileHandler' driver.
INFO - 2022-03-30 10:55:31 --> Controller "App\Controllers\base\Dashboard" loaded.
INFO - 2022-03-30 10:55:44 --> Session: Class initialized using 'CodeIgniter\Session\Handlers\FileHandler' driver.
INFO - 2022-03-30 10:55:44 --> Controller "App\Controllers\base\Dashboard" loaded.
INFO - 2022-03-30 10:55:44 --> Session: Class initialized using 'CodeIgniter\Session\Handlers\FileHandler' driver.
INFO - 2022-03-30 10:55:44 --> Controller "App\Controllers\base\Dashboard" loaded.
INFO - 2022-03-30 10:55:54 --> Session: Class initialized using 'CodeIgniter\Session\Handlers\FileHandler' driver.
INFO - 2022-03-30 10:55:54 --> Controller "App\Controllers\base\Dashboard" loaded.
INFO - 2022-03-30 10:55:54 --> Session: Class initialized using 'CodeIgniter\Session\Handlers\FileHandler' driver.
INFO - 2022-03-30 10:55:54 --> Controller "App\Controllers\base\Dashboard" loaded.
INFO - 2022-03-30 10:56:01 --> Session: Class initialized using 'CodeIgniter\Session\Handlers\FileHandler' driver.
INFO - 2022-03-30 10:56:01 --> Controller "App\Controllers\base\Dashboard" loaded.
INFO - 2022-03-30 10:56:05 --> Session: Class initialized using 'CodeIgniter\Session\Handlers\FileHandler' driver.
INFO - 2022-03-30 10:56:05 --> Controller "App\Controllers\base\Dashboard" loaded.
INFO - 2022-03-30 10:56:05 --> Session: Class initialized using 'CodeIgniter\Session\Handlers\FileHandler' driver.
INFO - 2022-03-30 10:56:05 --> Controller "App\Controllers\base\Dashboard" loaded.
INFO - 2022-03-30 10:56:08 --> Controller "App\Controllers\base\Beranda" loaded.
INFO - 2022-03-30 11:12:03 --> Controller "CodeIgniter\CLI\CommandRunner" loaded.
INFO - 2022-03-30 11:15:15 --> Controller "App\Controllers\base\Beranda" loaded.
CRITICAL - 2022-03-30 11:15:15 --> Table 'db_ngulemind.themes' doesn't exist
#0 C:\xampp\htdocs\admin_4\system\Database\MySQLi\Connection.php(330): mysqli->query('SELECT `themes`...')
#1 C:\xampp\htdocs\admin_4\system\Database\BaseConnection.php(738): CodeIgniter\Database\MySQLi\Connection->execute('SELECT `themes`...')
#2 C:\xampp\htdocs\admin_4\system\Database\BaseConnection.php(666): CodeIgniter\Database\BaseConnection->simpleQuery('SELECT `themes`...')
#3 C:\xampp\htdocs\admin_4\system\Database\BaseBuilder.php(1819): CodeIgniter\Database\BaseConnection->query('SELECT `themes`...', Array, false)
#4 C:\xampp\htdocs\admin_4\app\Models\base\BerandaModel.php(44): CodeIgniter\Database\BaseBuilder->get()
#5 C:\xampp\htdocs\admin_4\app\Controllers\base\Beranda.php(35): App\Models\base\BerandaModel->get_all_themes()
#6 C:\xampp\htdocs\admin_4\system\CodeIgniter.php(910): App\Controllers\base\Beranda->index()
#7 C:\xampp\htdocs\admin_4\system\CodeIgniter.php(398): CodeIgniter\CodeIgniter->runController(Object(App\Controllers\base\Beranda))
#8 C:\xampp\htdocs\admin_4\system\CodeIgniter.php(306): CodeIgniter\CodeIgniter->handleRequest(NULL, Object(Config\Cache), false)
#9 C:\xampp\htdocs\admin_4\public\index.php(45): CodeIgniter\CodeIgniter->run()
#10 C:\xampp\htdocs\admin_4\system\Commands\Server\rewrite.php(34): require_once('C:\\xampp\\htdocs...')
#11 {main}
INFO - 2022-03-30 11:15:27 --> Controller "App\Controllers\base\Beranda" loaded.
INFO - 2022-03-30 11:15:29 --> Controller "App\Controllers\base\Beranda" loaded.
INFO - 2022-03-30 11:15:29 --> Controller "App\Controllers\base\Beranda" loaded.
INFO - 2022-03-30 11:15:30 --> Controller "App\Controllers\base\Beranda" loaded.
INFO - 2022-03-30 11:15:30 --> Controller "App\Controllers\base\Beranda" loaded.
INFO - 2022-03-30 11:15:30 --> Controller "App\Controllers\base\Beranda" loaded.
INFO - 2022-03-30 11:15:31 --> Controller "App\Controllers\base\Beranda" loaded.
INFO - 2022-03-30 11:15:32 --> Controller "App\Controllers\base\Beranda" loaded.
INFO - 2022-03-30 11:15:32 --> Controller "App\Controllers\base\Beranda" loaded.
INFO - 2022-03-30 11:15:33 --> Controller "App\Controllers\base\Beranda" loaded.
INFO - 2022-03-30 11:15:33 --> Controller "App\Controllers\base\Beranda" loaded.
INFO - 2022-03-30 11:15:34 --> Controller "App\Controllers\base\Beranda" loaded.
INFO - 2022-03-30 11:15:35 --> Controller "App\Controllers\base\Beranda" loaded.
INFO - 2022-03-30 11:15:35 --> Controller "App\Controllers\base\Beranda" loaded.
INFO - 2022-03-30 11:15:36 --> Controller "App\Controllers\base\Beranda" loaded.
INFO - 2022-03-30 11:15:40 --> Controller "App\Controllers\base\Beranda" loaded.
INFO - 2022-03-30 11:15:41 --> Controller "App\Controllers\base\Beranda" loaded.
INFO - 2022-03-30 11:15:42 --> Controller "App\Controllers\base\Beranda" loaded.
INFO - 2022-03-30 11:15:42 --> Controller "App\Controllers\base\Beranda" loaded.
INFO - 2022-03-30 11:15:42 --> Controller "App\Controllers\base\Beranda" loaded.
INFO - 2022-03-30 11:15:43 --> Controller "App\Controllers\base\Beranda" loaded.
INFO - 2022-03-30 11:15:44 --> Controller "App\Controllers\base\Beranda" loaded.
INFO - 2022-03-30 11:15:44 --> Controller "App\Controllers\base\Beranda" loaded.
INFO - 2022-03-30 11:15:44 --> Controller "App\Controllers\base\Beranda" loaded.
INFO - 2022-03-30 11:15:45 --> Controller "App\Controllers\base\Beranda" loaded.
INFO - 2022-03-30 11:15:45 --> Controller "App\Controllers\base\Beranda" loaded.
INFO - 2022-03-30 11:15:46 --> Controller "App\Controllers\base\Beranda" loaded.
INFO - 2022-03-30 11:15:46 --> Controller "App\Controllers\base\Beranda" loaded.
INFO - 2022-03-30 11:15:46 --> Controller "App\Controllers\base\Beranda" loaded.
INFO - 2022-03-30 11:15:47 --> Controller "App\Controllers\base\Beranda" loaded.
INFO - 2022-03-30 11:15:47 --> Controller "App\Controllers\base\Beranda" loaded.
INFO - 2022-03-30 11:15:48 --> Controller "App\Controllers\base\Beranda" loaded.
INFO - 2022-03-30 11:15:49 --> Controller "App\Controllers\base\Beranda" loaded.
INFO - 2022-03-30 11:15:49 --> Controller "App\Controllers\base\Beranda" loaded.
INFO - 2022-03-30 11:15:49 --> Controller "App\Controllers\base\Beranda" loaded.
INFO - 2022-03-30 11:15:49 --> Controller "App\Controllers\base\Beranda" loaded.
INFO - 2022-03-30 11:15:54 --> Controller "App\Controllers\base\Beranda" loaded.
INFO - 2022-03-30 11:16:08 --> Session: Class initialized using 'CodeIgniter\Session\Handlers\FileHandler' driver.
INFO - 2022-03-30 11:16:08 --> Controller "App\Controllers\admin\Admin" loaded.
INFO - 2022-03-30 11:16:09 --> Session: Class initialized using 'CodeIgniter\Session\Handlers\FileHandler' driver.
INFO - 2022-03-30 11:16:09 --> Controller "App\Controllers\admin\Admin" loaded.
INFO - 2022-03-30 11:16:23 --> Session: Class initialized using 'CodeIgniter\Session\Handlers\FileHandler' driver.
INFO - 2022-03-30 11:16:23 --> Controller "App\Controllers\admin\Admin" loaded.
INFO - 2022-03-30 11:16:23 --> Session: Class initialized using 'CodeIgniter\Session\Handlers\FileHandler' driver.
INFO - 2022-03-30 11:16:23 --> Controller "App\Controllers\admin\Admin" loaded.
INFO - 2022-03-30 11:16:28 --> Session: Class initialized using 'CodeIgniter\Session\Handlers\FileHandler' driver.
INFO - 2022-03-30 11:16:28 --> Controller "App\Controllers\admin\Admin" loaded.
INFO - 2022-03-30 11:16:33 --> Session: Class initialized using 'CodeIgniter\Session\Handlers\FileHandler' driver.
INFO - 2022-03-30 11:16:33 --> Controller "App\Controllers\admin\Admin" loaded.
INFO - 2022-03-30 11:16:35 --> Session: Class initialized using 'CodeIgniter\Session\Handlers\FileHandler' driver.
INFO - 2022-03-30 11:16:35 --> Controller "App\Controllers\admin\Admin" loaded.
INFO - 2022-03-30 11:16:43 --> Session: Class initialized using 'CodeIgniter\Session\Handlers\FileHandler' driver.
INFO - 2022-03-30 11:16:43 --> Controller "App\Controllers\admin\Admin" loaded.
INFO - 2022-03-30 11:16:44 --> Session: Class initialized using 'CodeIgniter\Session\Handlers\FileHandler' driver.
INFO - 2022-03-30 11:16:44 --> Controller "App\Controllers\admin\Admin" loaded.
INFO - 2022-03-30 11:16:53 --> Session: Class initialized using 'CodeIgniter\Session\Handlers\FileHandler' driver.
INFO - 2022-03-30 11:16:53 --> Controller "App\Controllers\admin\Admin" loaded.
INFO - 2022-03-30 11:16:54 --> Session: Class initialized using 'CodeIgniter\Session\Handlers\FileHandler' driver.
INFO - 2022-03-30 11:16:54 --> Controller "App\Controllers\admin\Admin" loaded.
INFO - 2022-03-30 11:17:00 --> Session: Class initialized using 'CodeIgniter\Session\Handlers\FileHandler' driver.
INFO - 2022-03-30 11:17:00 --> Controller "App\Controllers\admin\Admin" loaded.
INFO - 2022-03-30 11:17:01 --> Session: Class initialized using 'CodeIgniter\Session\Handlers\FileHandler' driver.
INFO - 2022-03-30 11:17:01 --> Controller "App\Controllers\admin\Admin" loaded.
INFO - 2022-03-30 11:17:07 --> Session: Class initialized using 'CodeIgniter\Session\Handlers\FileHandler' driver.
INFO - 2022-03-30 11:17:07 --> Controller "App\Controllers\admin\Admin" loaded.
INFO - 2022-03-30 11:17:08 --> Session: Class initialized using 'CodeIgniter\Session\Handlers\FileHandler' driver.
INFO - 2022-03-30 11:17:08 --> Controller "App\Controllers\admin\Admin" loaded.
INFO - 2022-03-30 11:17:14 --> Session: Class initialized using 'CodeIgniter\Session\Handlers\FileHandler' driver.
INFO - 2022-03-30 11:17:14 --> Controller "App\Controllers\admin\Admin" loaded.
INFO - 2022-03-30 11:17:15 --> Session: Class initialized using 'CodeIgniter\Session\Handlers\FileHandler' driver.
INFO - 2022-03-30 11:17:15 --> Controller "App\Controllers\admin\Admin" loaded.
INFO - 2022-03-30 11:17:24 --> Session: Class initialized using 'CodeIgniter\Session\Handlers\FileHandler' driver.
INFO - 2022-03-30 11:17:24 --> Controller "App\Controllers\admin\Admin" loaded.
INFO - 2022-03-30 11:17:25 --> Session: Class initialized using 'CodeIgniter\Session\Handlers\FileHandler' driver.
INFO - 2022-03-30 11:17:25 --> Controller "App\Controllers\admin\Admin" loaded.
INFO - 2022-03-30 11:17:34 --> Session: Class initialized using 'CodeIgniter\Session\Handlers\FileHandler' driver.
INFO - 2022-03-30 11:17:34 --> Controller "App\Controllers\admin\Admin" loaded.
INFO - 2022-03-30 11:17:35 --> Session: Class initialized using 'CodeIgniter\Session\Handlers\FileHandler' driver.
INFO - 2022-03-30 11:17:35 --> Controller "App\Controllers\admin\Admin" loaded.
INFO - 2022-03-30 11:17:40 --> Session: Class initialized using 'CodeIgniter\Session\Handlers\FileHandler' driver.
INFO - 2022-03-30 11:17:40 --> Controller "App\Controllers\admin\Admin" loaded.
INFO - 2022-03-30 11:17:41 --> Session: Class initialized using 'CodeIgniter\Session\Handlers\FileHandler' driver.
INFO - 2022-03-30 11:17:41 --> Controller "App\Controllers\admin\Admin" loaded.
INFO - 2022-03-30 11:17:48 --> Session: Class initialized using 'CodeIgniter\Session\Handlers\FileHandler' driver.
INFO - 2022-03-30 11:17:48 --> Controller "App\Controllers\admin\Admin" loaded.
INFO - 2022-03-30 11:17:48 --> Session: Class initialized using 'CodeIgniter\Session\Handlers\FileHandler' driver.
INFO - 2022-03-30 11:17:49 --> Controller "App\Controllers\admin\Admin" loaded.
INFO - 2022-03-30 11:17:55 --> Session: Class initialized using 'CodeIgniter\Session\Handlers\FileHandler' driver.
INFO - 2022-03-30 11:17:55 --> Controller "App\Controllers\admin\Admin" loaded.
INFO - 2022-03-30 11:17:56 --> Session: Class initialized using 'CodeIgniter\Session\Handlers\FileHandler' driver.
INFO - 2022-03-30 11:17:56 --> Controller "App\Controllers\admin\Admin" loaded.
INFO - 2022-03-30 11:18:05 --> Session: Class initialized using 'CodeIgniter\Session\Handlers\FileHandler' driver.
INFO - 2022-03-30 11:18:05 --> Controller "App\Controllers\admin\Admin" loaded.
INFO - 2022-03-30 11:18:07 --> Session: Class initialized using 'CodeIgniter\Session\Handlers\FileHandler' driver.
INFO - 2022-03-30 11:18:07 --> Controller "App\Controllers\admin\Admin" loaded.
INFO - 2022-03-30 11:18:12 --> Session: Class initialized using 'CodeIgniter\Session\Handlers\FileHandler' driver.
INFO - 2022-03-30 11:18:12 --> Controller "App\Controllers\admin\Admin" loaded.
INFO - 2022-03-30 11:18:12 --> Session: Class initialized using 'CodeIgniter\Session\Handlers\FileHandler' driver.
INFO - 2022-03-30 11:18:12 --> Controller "App\Controllers\admin\Admin" loaded.
INFO - 2022-03-30 11:18:18 --> Session: Class initialized using 'CodeIgniter\Session\Handlers\FileHandler' driver.
INFO - 2022-03-30 11:18:18 --> Controller "App\Controllers\admin\Admin" loaded.
INFO - 2022-03-30 11:18:19 --> Session: Class initialized using 'CodeIgniter\Session\Handlers\FileHandler' driver.
INFO - 2022-03-30 11:18:19 --> Controller "App\Controllers\admin\Admin" loaded.
INFO - 2022-03-30 11:24:59 --> Session: Class initialized using 'CodeIgniter\Session\Handlers\FileHandler' driver.
INFO - 2022-03-30 11:24:59 --> Controller "App\Controllers\admin\Admin" loaded.
INFO - 2022-03-30 11:25:01 --> Session: Class initialized using 'CodeIgniter\Session\Handlers\FileHandler' driver.
INFO - 2022-03-30 11:25:01 --> Controller "App\Controllers\admin\Admin" loaded.
INFO - 2022-03-30 11:25:03 --> Session: Class initialized using 'CodeIgniter\Session\Handlers\FileHandler' driver.
INFO - 2022-03-30 11:25:03 --> Controller "App\Controllers\admin\Admin" loaded.
INFO - 2022-03-30 11:25:08 --> Session: Class initialized using 'CodeIgniter\Session\Handlers\FileHandler' driver.
INFO - 2022-03-30 11:25:08 --> Controller "App\Controllers\admin\Admin" loaded.
INFO - 2022-03-30 11:32:59 --> Session: Class initialized using 'CodeIgniter\Session\Handlers\FileHandler' driver.
INFO - 2022-03-30 11:32:59 --> Controller "App\Controllers\admin\Admin" loaded.
INFO - 2022-03-30 11:33:02 --> Session: Class initialized using 'CodeIgniter\Session\Handlers\FileHandler' driver.
INFO - 2022-03-30 11:33:02 --> Controller "App\Controllers\admin\Admin" loaded.
INFO - 2022-03-30 11:33:04 --> Session: Class initialized using 'CodeIgniter\Session\Handlers\FileHandler' driver.
INFO - 2022-03-30 11:33:04 --> Controller "App\Controllers\admin\Admin" loaded.
INFO - 2022-03-30 11:33:06 --> Session: Class initialized using 'CodeIgniter\Session\Handlers\FileHandler' driver.
INFO - 2022-03-30 11:33:06 --> Controller "App\Controllers\admin\Admin" loaded.
INFO - 2022-03-30 11:33:10 --> Session: Class initialized using 'CodeIgniter\Session\Handlers\FileHandler' driver.
INFO - 2022-03-30 11:33:10 --> Controller "App\Controllers\admin\Admin" loaded.
