INFO - 2021-08-21 00:07:27 --> Controller "App\Controllers\base\Beranda" loaded.
INFO - 2021-08-21 00:27:59 --> Session: Class initialized using 'CodeIgniter\Session\Handlers\FileHandler' driver.
INFO - 2021-08-21 00:27:59 --> Controller "App\Controllers\base\Order" loaded.
INFO - 2021-08-21 01:54:29 --> Controller "App\Controllers\base\Beranda" loaded.
INFO - 2021-08-21 02:23:14 --> Controller "App\Controllers\base\Beranda" loaded.
INFO - 2021-08-21 02:23:16 --> Controller "App\Controllers\base\Beranda" loaded.
INFO - 2021-08-21 02:23:19 --> Controller "App\Controllers\base\Beranda" loaded.
INFO - 2021-08-21 02:40:17 --> Session: Class initialized using 'CodeIgniter\Session\Handlers\FileHandler' driver.
INFO - 2021-08-21 02:40:17 --> Controller "App\Controllers\undangan\Undangan" loaded.
INFO - 2021-08-21 02:40:48 --> Session: Class initialized using 'CodeIgniter\Session\Handlers\FileHandler' driver.
INFO - 2021-08-21 02:40:48 --> Controller "App\Controllers\undangan\Undangan" loaded.
INFO - 2021-08-21 03:00:25 --> Controller "App\Controllers\base\Beranda" loaded.
INFO - 2021-08-21 03:58:48 --> Controller "App\Controllers\base\Beranda" loaded.
INFO - 2021-08-21 04:05:37 --> Session: Class initialized using 'CodeIgniter\Session\Handlers\FileHandler' driver.
INFO - 2021-08-21 04:05:37 --> Controller "App\Controllers\admin\Admin" loaded.
INFO - 2021-08-21 04:06:00 --> Session: Class initialized using 'CodeIgniter\Session\Handlers\FileHandler' driver.
INFO - 2021-08-21 04:06:00 --> Controller "App\Controllers\admin\Admin" loaded.
INFO - 2021-08-21 04:06:00 --> Session: Class initialized using 'CodeIgniter\Session\Handlers\FileHandler' driver.
INFO - 2021-08-21 04:06:00 --> Controller "App\Controllers\admin\Admin" loaded.
INFO - 2021-08-21 04:06:05 --> Session: Class initialized using 'CodeIgniter\Session\Handlers\FileHandler' driver.
INFO - 2021-08-21 04:06:05 --> Controller "App\Controllers\admin\Admin" loaded.
INFO - 2021-08-21 04:06:20 --> Session: Class initialized using 'CodeIgniter\Session\Handlers\FileHandler' driver.
INFO - 2021-08-21 04:06:20 --> Controller "App\Controllers\admin\Admin" loaded.
INFO - 2021-08-21 04:06:47 --> Session: Class initialized using 'CodeIgniter\Session\Handlers\FileHandler' driver.
INFO - 2021-08-21 04:06:47 --> Controller "App\Controllers\admin\Admin" loaded.
INFO - 2021-08-21 04:06:56 --> Session: Class initialized using 'CodeIgniter\Session\Handlers\FileHandler' driver.
INFO - 2021-08-21 04:06:56 --> Controller "App\Controllers\undangan\Undangan" loaded.
INFO - 2021-08-21 04:06:56 --> Session: Class initialized using 'CodeIgniter\Session\Handlers\FileHandler' driver.
INFO - 2021-08-21 04:06:56 --> Controller "App\Controllers\undangan\Undangan" loaded.
INFO - 2021-08-21 04:06:56 --> Session: Class initialized using 'CodeIgniter\Session\Handlers\FileHandler' driver.
INFO - 2021-08-21 04:06:56 --> Controller "App\Controllers\undangan\Undangan" loaded.
INFO - 2021-08-21 04:06:56 --> Session: Class initialized using 'CodeIgniter\Session\Handlers\FileHandler' driver.
INFO - 2021-08-21 04:06:56 --> Controller "App\Controllers\undangan\Undangan" loaded.
INFO - 2021-08-21 04:06:56 --> Session: Class initialized using 'CodeIgniter\Session\Handlers\FileHandler' driver.
INFO - 2021-08-21 04:06:56 --> Controller "App\Controllers\undangan\Undangan" loaded.
INFO - 2021-08-21 04:06:58 --> Session: Class initialized using 'CodeIgniter\Session\Handlers\FileHandler' driver.
INFO - 2021-08-21 04:06:58 --> Controller "App\Controllers\undangan\Undangan" loaded.
INFO - 2021-08-21 05:29:31 --> Controller "App\Controllers\base\Beranda" loaded.
INFO - 2021-08-21 05:42:08 --> Controller "App\Controllers\base\Beranda" loaded.
INFO - 2021-08-21 05:54:28 --> Controller "App\Controllers\base\Beranda" loaded.
INFO - 2021-08-21 06:15:39 --> Controller "App\Controllers\base\Beranda" loaded.
INFO - 2021-08-21 06:51:56 --> Controller "App\Controllers\base\Beranda" loaded.
INFO - 2021-08-21 06:52:05 --> Session: Class initialized using 'CodeIgniter\Session\Handlers\FileHandler' driver.
INFO - 2021-08-21 06:52:05 --> Controller "App\Controllers\undangan\Undangan" loaded.
INFO - 2021-08-21 06:58:37 --> Controller "App\Controllers\base\Beranda" loaded.
INFO - 2021-08-21 07:00:02 --> Controller "App\Controllers\base\Beranda" loaded.
INFO - 2021-08-21 07:10:02 --> Controller "App\Controllers\base\Beranda" loaded.
INFO - 2021-08-21 07:20:03 --> Controller "App\Controllers\base\Beranda" loaded.
INFO - 2021-08-21 07:30:02 --> Controller "App\Controllers\base\Beranda" loaded.
INFO - 2021-08-21 07:33:16 --> Session: Class initialized using 'CodeIgniter\Session\Handlers\FileHandler' driver.
INFO - 2021-08-21 07:33:16 --> Controller "App\Controllers\undangan\Undangan" loaded.
INFO - 2021-08-21 07:34:18 --> Session: Class initialized using 'CodeIgniter\Session\Handlers\FileHandler' driver.
INFO - 2021-08-21 07:34:18 --> Controller "App\Controllers\undangan\Undangan" loaded.
INFO - 2021-08-21 07:34:18 --> Session: Class initialized using 'CodeIgniter\Session\Handlers\FileHandler' driver.
INFO - 2021-08-21 07:34:18 --> Controller "App\Controllers\undangan\Undangan" loaded.
INFO - 2021-08-21 07:34:18 --> Session: Class initialized using 'CodeIgniter\Session\Handlers\FileHandler' driver.
INFO - 2021-08-21 07:34:18 --> Controller "App\Controllers\undangan\Undangan" loaded.
INFO - 2021-08-21 07:35:45 --> Session: Class initialized using 'CodeIgniter\Session\Handlers\FileHandler' driver.
INFO - 2021-08-21 07:35:45 --> Controller "App\Controllers\undangan\Undangan" loaded.
INFO - 2021-08-21 07:36:33 --> Controller "App\Controllers\base\Beranda" loaded.
INFO - 2021-08-21 07:36:56 --> Controller "App\Controllers\base\Beranda" loaded.
INFO - 2021-08-21 07:37:35 --> Controller "App\Controllers\base\Beranda" loaded.
INFO - 2021-08-21 07:38:12 --> Controller "App\Controllers\base\Beranda" loaded.
INFO - 2021-08-21 07:38:25 --> Controller "App\Controllers\base\Beranda" loaded.
INFO - 2021-08-21 07:38:45 --> Controller "App\Controllers\base\Beranda" loaded.
INFO - 2021-08-21 07:38:48 --> Controller "App\Controllers\base\Beranda" loaded.
INFO - 2021-08-21 07:39:47 --> Controller "App\Controllers\base\Beranda" loaded.
INFO - 2021-08-21 07:39:47 --> Controller "App\Controllers\base\Beranda" loaded.
INFO - 2021-08-21 07:39:47 --> Controller "App\Controllers\base\Beranda" loaded.
INFO - 2021-08-21 07:40:01 --> Controller "App\Controllers\base\Beranda" loaded.
INFO - 2021-08-21 07:50:02 --> Controller "App\Controllers\base\Beranda" loaded.
INFO - 2021-08-21 08:00:02 --> Controller "App\Controllers\base\Beranda" loaded.
INFO - 2021-08-21 08:10:04 --> Controller "App\Controllers\base\Beranda" loaded.
INFO - 2021-08-21 08:13:38 --> Controller "App\Controllers\base\Beranda" loaded.
INFO - 2021-08-21 08:20:02 --> Controller "App\Controllers\base\Beranda" loaded.
INFO - 2021-08-21 08:30:02 --> Controller "App\Controllers\base\Beranda" loaded.
INFO - 2021-08-21 08:40:02 --> Controller "App\Controllers\base\Beranda" loaded.
INFO - 2021-08-21 08:50:02 --> Controller "App\Controllers\base\Beranda" loaded.
INFO - 2021-08-21 09:00:02 --> Controller "App\Controllers\base\Beranda" loaded.
INFO - 2021-08-21 09:10:02 --> Controller "App\Controllers\base\Beranda" loaded.
INFO - 2021-08-21 09:20:02 --> Controller "App\Controllers\base\Beranda" loaded.
INFO - 2021-08-21 09:30:03 --> Controller "App\Controllers\base\Beranda" loaded.
INFO - 2021-08-21 09:31:31 --> Session: Class initialized using 'CodeIgniter\Session\Handlers\FileHandler' driver.
INFO - 2021-08-21 09:31:31 --> Controller "App\Controllers\base\Order" loaded.
INFO - 2021-08-21 09:33:59 --> Session: Class initialized using 'CodeIgniter\Session\Handlers\FileHandler' driver.
INFO - 2021-08-21 09:33:59 --> Controller "App\Controllers\base\Order" loaded.
INFO - 2021-08-21 09:40:02 --> Controller "App\Controllers\base\Beranda" loaded.
INFO - 2021-08-21 09:50:02 --> Controller "App\Controllers\base\Beranda" loaded.
INFO - 2021-08-21 10:00:03 --> Controller "App\Controllers\base\Beranda" loaded.
INFO - 2021-08-21 10:10:02 --> Controller "App\Controllers\base\Beranda" loaded.
INFO - 2021-08-21 10:20:02 --> Controller "App\Controllers\base\Beranda" loaded.
INFO - 2021-08-21 10:30:02 --> Controller "App\Controllers\base\Beranda" loaded.
INFO - 2021-08-21 10:34:25 --> Controller "App\Controllers\base\Beranda" loaded.
INFO - 2021-08-21 10:40:02 --> Controller "App\Controllers\base\Beranda" loaded.
INFO - 2021-08-21 10:50:03 --> Controller "App\Controllers\base\Beranda" loaded.
INFO - 2021-08-21 11:00:03 --> Controller "App\Controllers\base\Beranda" loaded.
INFO - 2021-08-21 11:10:02 --> Controller "App\Controllers\base\Beranda" loaded.
INFO - 2021-08-21 11:20:02 --> Controller "App\Controllers\base\Beranda" loaded.
INFO - 2021-08-21 11:30:02 --> Controller "App\Controllers\base\Beranda" loaded.
INFO - 2021-08-21 11:30:37 --> Controller "App\Controllers\base\Beranda" loaded.
INFO - 2021-08-21 11:40:03 --> Controller "App\Controllers\base\Beranda" loaded.
INFO - 2021-08-21 11:50:02 --> Controller "App\Controllers\base\Beranda" loaded.
INFO - 2021-08-21 12:00:02 --> Controller "App\Controllers\base\Beranda" loaded.
INFO - 2021-08-21 12:05:28 --> Controller "App\Controllers\base\Beranda" loaded.
INFO - 2021-08-21 12:10:02 --> Controller "App\Controllers\base\Beranda" loaded.
INFO - 2021-08-21 12:20:02 --> Controller "App\Controllers\base\Beranda" loaded.
INFO - 2021-08-21 12:30:02 --> Controller "App\Controllers\base\Beranda" loaded.
INFO - 2021-08-21 12:40:02 --> Controller "App\Controllers\base\Beranda" loaded.
INFO - 2021-08-21 12:50:02 --> Controller "App\Controllers\base\Beranda" loaded.
INFO - 2021-08-21 13:00:02 --> Controller "App\Controllers\base\Beranda" loaded.
INFO - 2021-08-21 13:10:02 --> Controller "App\Controllers\base\Beranda" loaded.
INFO - 2021-08-21 13:20:02 --> Controller "App\Controllers\base\Beranda" loaded.
INFO - 2021-08-21 13:30:03 --> Controller "App\Controllers\base\Beranda" loaded.
INFO - 2021-08-21 13:40:02 --> Controller "App\Controllers\base\Beranda" loaded.
INFO - 2021-08-21 13:48:15 --> Controller "App\Controllers\base\Beranda" loaded.
INFO - 2021-08-21 13:48:15 --> Controller "App\Controllers\base\Beranda" loaded.
INFO - 2021-08-21 13:50:03 --> Controller "App\Controllers\base\Beranda" loaded.
INFO - 2021-08-21 13:53:29 --> Controller "App\Controllers\base\Beranda" loaded.
INFO - 2021-08-21 13:53:29 --> Controller "App\Controllers\base\Beranda" loaded.
INFO - 2021-08-21 13:55:09 --> Controller "App\Controllers\base\Beranda" loaded.
INFO - 2021-08-21 13:55:10 --> Controller "App\Controllers\base\Beranda" loaded.
INFO - 2021-08-21 14:00:02 --> Controller "App\Controllers\base\Beranda" loaded.
INFO - 2021-08-21 14:09:13 --> Controller "App\Controllers\base\Beranda" loaded.
INFO - 2021-08-21 14:09:14 --> Controller "App\Controllers\base\Beranda" loaded.
INFO - 2021-08-21 14:10:02 --> Controller "App\Controllers\base\Beranda" loaded.
INFO - 2021-08-21 14:15:27 --> Controller "App\Controllers\base\Beranda" loaded.
INFO - 2021-08-21 14:15:27 --> Controller "App\Controllers\base\Beranda" loaded.
INFO - 2021-08-21 14:15:30 --> Controller "App\Controllers\base\Beranda" loaded.
INFO - 2021-08-21 14:20:02 --> Controller "App\Controllers\base\Beranda" loaded.
INFO - 2021-08-21 14:30:02 --> Controller "App\Controllers\base\Beranda" loaded.
INFO - 2021-08-21 14:40:02 --> Controller "App\Controllers\base\Beranda" loaded.
INFO - 2021-08-21 14:50:02 --> Controller "App\Controllers\base\Beranda" loaded.
INFO - 2021-08-21 15:00:02 --> Controller "App\Controllers\base\Beranda" loaded.
INFO - 2021-08-21 15:06:59 --> Controller "App\Controllers\base\Beranda" loaded.
INFO - 2021-08-21 15:06:59 --> Controller "App\Controllers\base\Beranda" loaded.
INFO - 2021-08-21 15:07:20 --> Controller "App\Controllers\base\Beranda" loaded.
INFO - 2021-08-21 15:07:21 --> Controller "App\Controllers\base\Beranda" loaded.
INFO - 2021-08-21 15:10:02 --> Controller "App\Controllers\base\Beranda" loaded.
INFO - 2021-08-21 15:16:18 --> Controller "App\Controllers\base\Beranda" loaded.
INFO - 2021-08-21 15:16:19 --> Controller "App\Controllers\base\Beranda" loaded.
INFO - 2021-08-21 15:16:22 --> Controller "App\Controllers\base\Beranda" loaded.
INFO - 2021-08-21 15:20:03 --> Controller "App\Controllers\base\Beranda" loaded.
INFO - 2021-08-21 15:30:02 --> Controller "App\Controllers\base\Beranda" loaded.
INFO - 2021-08-21 15:40:02 --> Controller "App\Controllers\base\Beranda" loaded.
INFO - 2021-08-21 15:50:02 --> Controller "App\Controllers\base\Beranda" loaded.
INFO - 2021-08-21 15:50:28 --> Controller "App\Controllers\base\Beranda" loaded.
INFO - 2021-08-21 15:50:28 --> Controller "App\Controllers\base\Beranda" loaded.
INFO - 2021-08-21 15:50:44 --> Controller "App\Controllers\base\Beranda" loaded.
INFO - 2021-08-21 15:50:45 --> Controller "App\Controllers\base\Beranda" loaded.
INFO - 2021-08-21 16:00:02 --> Controller "App\Controllers\base\Beranda" loaded.
INFO - 2021-08-21 16:10:03 --> Controller "App\Controllers\base\Beranda" loaded.
INFO - 2021-08-21 16:20:02 --> Controller "App\Controllers\base\Beranda" loaded.
INFO - 2021-08-21 16:30:02 --> Controller "App\Controllers\base\Beranda" loaded.
INFO - 2021-08-21 16:40:02 --> Controller "App\Controllers\base\Beranda" loaded.
INFO - 2021-08-21 16:50:02 --> Controller "App\Controllers\base\Beranda" loaded.
INFO - 2021-08-21 17:00:02 --> Controller "App\Controllers\base\Beranda" loaded.
INFO - 2021-08-21 17:10:02 --> Controller "App\Controllers\base\Beranda" loaded.
INFO - 2021-08-21 17:20:02 --> Controller "App\Controllers\base\Beranda" loaded.
INFO - 2021-08-21 17:30:03 --> Controller "App\Controllers\base\Beranda" loaded.
INFO - 2021-08-21 17:40:03 --> Controller "App\Controllers\base\Beranda" loaded.
INFO - 2021-08-21 17:40:12 --> Controller "App\Controllers\base\Beranda" loaded.
INFO - 2021-08-21 17:40:13 --> Controller "App\Controllers\base\Beranda" loaded.
INFO - 2021-08-21 17:40:24 --> Controller "App\Controllers\base\Beranda" loaded.
INFO - 2021-08-21 17:50:03 --> Controller "App\Controllers\base\Beranda" loaded.
INFO - 2021-08-21 18:00:02 --> Controller "App\Controllers\base\Beranda" loaded.
INFO - 2021-08-21 18:10:02 --> Controller "App\Controllers\base\Beranda" loaded.
INFO - 2021-08-21 18:20:02 --> Controller "App\Controllers\base\Beranda" loaded.
INFO - 2021-08-21 18:30:02 --> Controller "App\Controllers\base\Beranda" loaded.
INFO - 2021-08-21 18:40:02 --> Controller "App\Controllers\base\Beranda" loaded.
INFO - 2021-08-21 18:48:13 --> Controller "App\Controllers\base\Beranda" loaded.
INFO - 2021-08-21 18:50:02 --> Controller "App\Controllers\base\Beranda" loaded.
INFO - 2021-08-21 19:00:02 --> Controller "App\Controllers\base\Beranda" loaded.
INFO - 2021-08-21 19:10:02 --> Controller "App\Controllers\base\Beranda" loaded.
INFO - 2021-08-21 19:20:03 --> Controller "App\Controllers\base\Beranda" loaded.
INFO - 2021-08-21 19:30:02 --> Controller "App\Controllers\base\Beranda" loaded.
INFO - 2021-08-21 19:40:02 --> Controller "App\Controllers\base\Beranda" loaded.
INFO - 2021-08-21 19:44:33 --> Controller "App\Controllers\base\Beranda" loaded.
INFO - 2021-08-21 19:50:02 --> Controller "App\Controllers\base\Beranda" loaded.
INFO - 2021-08-21 20:00:02 --> Controller "App\Controllers\base\Beranda" loaded.
INFO - 2021-08-21 20:10:02 --> Controller "App\Controllers\base\Beranda" loaded.
INFO - 2021-08-21 20:20:02 --> Controller "App\Controllers\base\Beranda" loaded.
INFO - 2021-08-21 20:30:02 --> Controller "App\Controllers\base\Beranda" loaded.
INFO - 2021-08-21 20:40:02 --> Controller "App\Controllers\base\Beranda" loaded.
INFO - 2021-08-21 20:42:32 --> Controller "App\Controllers\base\Beranda" loaded.
INFO - 2021-08-21 20:43:12 --> Controller "App\Controllers\base\Beranda" loaded.
INFO - 2021-08-21 20:43:32 --> Controller "App\Controllers\base\Beranda" loaded.
INFO - 2021-08-21 20:44:57 --> Controller "App\Controllers\base\Beranda" loaded.
INFO - 2021-08-21 20:45:06 --> Controller "App\Controllers\base\Beranda" loaded.
INFO - 2021-08-21 20:45:27 --> Session: Class initialized using 'CodeIgniter\Session\Handlers\FileHandler' driver.
INFO - 2021-08-21 20:45:27 --> Controller "App\Controllers\base\Order" loaded.
INFO - 2021-08-21 20:45:27 --> Controller "App\Controllers\base\Beranda" loaded.
INFO - 2021-08-21 20:45:31 --> Controller "App\Controllers\base\Beranda" loaded.
INFO - 2021-08-21 20:50:02 --> Controller "App\Controllers\base\Beranda" loaded.
INFO - 2021-08-21 21:00:02 --> Controller "App\Controllers\base\Beranda" loaded.
INFO - 2021-08-21 21:10:02 --> Controller "App\Controllers\base\Beranda" loaded.
INFO - 2021-08-21 21:10:24 --> Controller "App\Controllers\base\Beranda" loaded.
INFO - 2021-08-21 21:20:03 --> Controller "App\Controllers\base\Beranda" loaded.
INFO - 2021-08-21 21:30:02 --> Controller "App\Controllers\base\Beranda" loaded.
INFO - 2021-08-21 21:40:02 --> Controller "App\Controllers\base\Beranda" loaded.
INFO - 2021-08-21 21:44:42 --> Controller "App\Controllers\base\Beranda" loaded.
INFO - 2021-08-21 21:50:02 --> Controller "App\Controllers\base\Beranda" loaded.
INFO - 2021-08-21 22:12:09 --> Session: Class initialized using 'CodeIgniter\Session\Handlers\FileHandler' driver.
INFO - 2021-08-21 22:12:09 --> Controller "App\Controllers\undangan\Undangan" loaded.
INFO - 2021-08-21 22:28:38 --> Controller "App\Controllers\base\Beranda" loaded.
INFO - 2021-08-21 22:28:39 --> Controller "App\Controllers\base\Beranda" loaded.
INFO - 2021-08-21 22:43:54 --> Controller "App\Controllers\base\Beranda" loaded.
INFO - 2021-08-21 22:44:02 --> Session: Class initialized using 'CodeIgniter\Session\Handlers\FileHandler' driver.
INFO - 2021-08-21 22:44:02 --> Controller "App\Controllers\base\Order" loaded.
INFO - 2021-08-21 22:44:02 --> Controller "App\Controllers\base\Beranda" loaded.
INFO - 2021-08-21 22:44:24 --> Controller "App\Controllers\base\Beranda" loaded.
INFO - 2021-08-21 22:44:32 --> Controller "App\Controllers\base\Beranda" loaded.
INFO - 2021-08-21 22:44:34 --> Controller "App\Controllers\base\Beranda" loaded.
INFO - 2021-08-21 23:15:32 --> Session: Class initialized using 'CodeIgniter\Session\Handlers\FileHandler' driver.
INFO - 2021-08-21 23:15:32 --> Controller "App\Controllers\undangan\Undangan" loaded.
INFO - 2021-08-21 23:15:32 --> Session: Class initialized using 'CodeIgniter\Session\Handlers\FileHandler' driver.
INFO - 2021-08-21 23:15:32 --> Controller "App\Controllers\undangan\Undangan" loaded.
INFO - 2021-08-21 23:15:33 --> Session: Class initialized using 'CodeIgniter\Session\Handlers\FileHandler' driver.
INFO - 2021-08-21 23:15:33 --> Controller "App\Controllers\undangan\Undangan" loaded.
INFO - 2021-08-21 23:15:33 --> Session: Class initialized using 'CodeIgniter\Session\Handlers\FileHandler' driver.
INFO - 2021-08-21 23:15:33 --> Controller "App\Controllers\undangan\Undangan" loaded.
INFO - 2021-08-21 23:15:33 --> Session: Class initialized using 'CodeIgniter\Session\Handlers\FileHandler' driver.
INFO - 2021-08-21 23:15:33 --> Controller "App\Controllers\undangan\Undangan" loaded.
INFO - 2021-08-21 23:15:33 --> Session: Class initialized using 'CodeIgniter\Session\Handlers\FileHandler' driver.
INFO - 2021-08-21 23:15:33 --> Controller "App\Controllers\undangan\Undangan" loaded.
INFO - 2021-08-21 23:15:33 --> Session: Class initialized using 'CodeIgniter\Session\Handlers\FileHandler' driver.
INFO - 2021-08-21 23:15:33 --> Controller "App\Controllers\undangan\Undangan" loaded.
INFO - 2021-08-21 23:15:33 --> Session: Class initialized using 'CodeIgniter\Session\Handlers\FileHandler' driver.
INFO - 2021-08-21 23:15:33 --> Controller "App\Controllers\undangan\Undangan" loaded.
INFO - 2021-08-21 23:15:33 --> Session: Class initialized using 'CodeIgniter\Session\Handlers\FileHandler' driver.
INFO - 2021-08-21 23:15:33 --> Controller "App\Controllers\undangan\Undangan" loaded.
INFO - 2021-08-21 23:15:34 --> Session: Class initialized using 'CodeIgniter\Session\Handlers\FileHandler' driver.
INFO - 2021-08-21 23:15:34 --> Controller "App\Controllers\undangan\Undangan" loaded.
INFO - 2021-08-21 23:15:34 --> Session: Class initialized using 'CodeIgniter\Session\Handlers\FileHandler' driver.
INFO - 2021-08-21 23:15:34 --> Controller "App\Controllers\undangan\Undangan" loaded.
INFO - 2021-08-21 23:15:34 --> Session: Class initialized using 'CodeIgniter\Session\Handlers\FileHandler' driver.
INFO - 2021-08-21 23:15:34 --> Controller "App\Controllers\undangan\Undangan" loaded.
INFO - 2021-08-21 23:15:34 --> Session: Class initialized using 'CodeIgniter\Session\Handlers\FileHandler' driver.
INFO - 2021-08-21 23:15:34 --> Controller "App\Controllers\undangan\Undangan" loaded.
INFO - 2021-08-21 23:15:34 --> Session: Class initialized using 'CodeIgniter\Session\Handlers\FileHandler' driver.
INFO - 2021-08-21 23:15:34 --> Controller "App\Controllers\undangan\Undangan" loaded.
INFO - 2021-08-21 23:15:34 --> Session: Class initialized using 'CodeIgniter\Session\Handlers\FileHandler' driver.
INFO - 2021-08-21 23:15:34 --> Controller "App\Controllers\undangan\Undangan" loaded.
INFO - 2021-08-21 23:15:35 --> Session: Class initialized using 'CodeIgniter\Session\Handlers\FileHandler' driver.
INFO - 2021-08-21 23:15:35 --> Controller "App\Controllers\undangan\Undangan" loaded.
INFO - 2021-08-21 23:15:35 --> Session: Class initialized using 'CodeIgniter\Session\Handlers\FileHandler' driver.
INFO - 2021-08-21 23:15:35 --> Controller "App\Controllers\undangan\Undangan" loaded.
INFO - 2021-08-21 23:15:35 --> Session: Class initialized using 'CodeIgniter\Session\Handlers\FileHandler' driver.
INFO - 2021-08-21 23:15:35 --> Controller "App\Controllers\undangan\Undangan" loaded.
INFO - 2021-08-21 23:15:35 --> Session: Class initialized using 'CodeIgniter\Session\Handlers\FileHandler' driver.
INFO - 2021-08-21 23:15:35 --> Controller "App\Controllers\undangan\Undangan" loaded.
INFO - 2021-08-21 23:15:35 --> Session: Class initialized using 'CodeIgniter\Session\Handlers\FileHandler' driver.
INFO - 2021-08-21 23:15:35 --> Controller "App\Controllers\undangan\Undangan" loaded.
INFO - 2021-08-21 23:40:17 --> Controller "App\Controllers\base\Beranda" loaded.
INFO - 2021-08-21 23:40:17 --> Controller "App\Controllers\base\Beranda" loaded.
INFO - 2021-08-21 23:55:18 --> Controller "App\Controllers\base\Beranda" loaded.
