INFO - 2022-01-28 00:40:21 --> Controller "App\Controllers\base\Beranda" loaded.
INFO - 2022-01-28 00:40:31 --> Controller "App\Controllers\base\Beranda" loaded.
INFO - 2022-01-28 00:40:34 --> Controller "App\Controllers\base\Beranda" loaded.
INFO - 2022-01-28 00:41:39 --> Controller "App\Controllers\base\Beranda" loaded.
INFO - 2022-01-28 00:42:00 --> Controller "App\Controllers\base\Beranda" loaded.
INFO - 2022-01-28 00:42:32 --> Controller "App\Controllers\base\Beranda" loaded.
INFO - 2022-01-28 00:45:51 --> Controller "App\Controllers\base\Beranda" loaded.
INFO - 2022-01-28 00:46:19 --> Controller "App\Controllers\base\Beranda" loaded.
INFO - 2022-01-28 00:52:33 --> Controller "App\Controllers\base\Beranda" loaded.
INFO - 2022-01-28 00:52:33 --> Controller "App\Controllers\base\Beranda" loaded.
INFO - 2022-01-28 01:08:01 --> Controller "App\Controllers\base\Beranda" loaded.
INFO - 2022-01-28 02:12:10 --> Controller "App\Controllers\base\Beranda" loaded.
INFO - 2022-01-28 02:48:58 --> Session: Class initialized using 'CodeIgniter\Session\Handlers\FileHandler' driver.
INFO - 2022-01-28 02:48:58 --> Controller "App\Controllers\undangan\Undangan" loaded.
INFO - 2022-01-28 03:27:58 --> Session: Class initialized using 'CodeIgniter\Session\Handlers\FileHandler' driver.
INFO - 2022-01-28 03:27:58 --> Controller "App\Controllers\base\Order" loaded.
INFO - 2022-01-28 04:15:34 --> Controller "App\Controllers\base\Beranda" loaded.
INFO - 2022-01-28 05:27:24 --> Controller "App\Controllers\base\Beranda" loaded.
INFO - 2022-01-28 05:36:55 --> Controller "App\Controllers\base\Beranda" loaded.
INFO - 2022-01-28 05:44:42 --> Controller "App\Controllers\base\Beranda" loaded.
INFO - 2022-01-28 06:01:11 --> Controller "App\Controllers\base\Beranda" loaded.
INFO - 2022-01-28 06:30:29 --> Session: Class initialized using 'CodeIgniter\Session\Handlers\FileHandler' driver.
INFO - 2022-01-28 06:30:29 --> Controller "App\Controllers\base\Order" loaded.
INFO - 2022-01-28 06:55:18 --> Controller "App\Controllers\base\Beranda" loaded.
INFO - 2022-01-28 06:55:39 --> Session: Class initialized using 'CodeIgniter\Session\Handlers\FileHandler' driver.
INFO - 2022-01-28 06:55:39 --> Controller "App\Controllers\base\Order" loaded.
INFO - 2022-01-28 06:55:46 --> Controller "App\Controllers\base\Beranda" loaded.
INFO - 2022-01-28 06:55:48 --> Controller "App\Controllers\base\Beranda" loaded.
INFO - 2022-01-28 07:00:03 --> Controller "App\Controllers\base\Beranda" loaded.
INFO - 2022-01-28 07:10:02 --> Controller "App\Controllers\base\Beranda" loaded.
INFO - 2022-01-28 07:20:03 --> Controller "App\Controllers\base\Beranda" loaded.
INFO - 2022-01-28 07:30:03 --> Controller "App\Controllers\base\Beranda" loaded.
INFO - 2022-01-28 07:36:06 --> Controller "App\Controllers\base\Beranda" loaded.
INFO - 2022-01-28 07:36:12 --> Controller "App\Controllers\base\Beranda" loaded.
INFO - 2022-01-28 07:36:27 --> Controller "App\Controllers\base\Beranda" loaded.
INFO - 2022-01-28 07:37:20 --> Controller "App\Controllers\base\Beranda" loaded.
INFO - 2022-01-28 07:39:27 --> Controller "App\Controllers\base\Beranda" loaded.
INFO - 2022-01-28 07:40:02 --> Controller "App\Controllers\base\Beranda" loaded.
INFO - 2022-01-28 07:41:11 --> Session: Class initialized using 'CodeIgniter\Session\Handlers\FileHandler' driver.
INFO - 2022-01-28 07:41:11 --> Controller "App\Controllers\base\Order" loaded.
INFO - 2022-01-28 07:50:02 --> Controller "App\Controllers\base\Beranda" loaded.
INFO - 2022-01-28 07:58:38 --> Controller "App\Controllers\base\Beranda" loaded.
INFO - 2022-01-28 08:00:03 --> Controller "App\Controllers\base\Beranda" loaded.
INFO - 2022-01-28 08:01:47 --> Session: Class initialized using 'CodeIgniter\Session\Handlers\FileHandler' driver.
INFO - 2022-01-28 08:01:47 --> Controller "App\Controllers\bukutamu\Bukutamu" loaded.
INFO - 2022-01-28 08:04:46 --> Controller "App\Controllers\base\Beranda" loaded.
INFO - 2022-01-28 08:10:03 --> Controller "App\Controllers\base\Beranda" loaded.
INFO - 2022-01-28 08:20:03 --> Controller "App\Controllers\base\Beranda" loaded.
INFO - 2022-01-28 08:30:02 --> Controller "App\Controllers\base\Beranda" loaded.
INFO - 2022-01-28 08:40:03 --> Controller "App\Controllers\base\Beranda" loaded.
INFO - 2022-01-28 08:50:03 --> Controller "App\Controllers\base\Beranda" loaded.
INFO - 2022-01-28 09:00:03 --> Controller "App\Controllers\base\Beranda" loaded.
INFO - 2022-01-28 09:10:03 --> Controller "App\Controllers\base\Beranda" loaded.
INFO - 2022-01-28 09:20:03 --> Controller "App\Controllers\base\Beranda" loaded.
INFO - 2022-01-28 09:30:03 --> Controller "App\Controllers\base\Beranda" loaded.
INFO - 2022-01-28 09:33:15 --> Controller "App\Controllers\base\Beranda" loaded.
INFO - 2022-01-28 09:40:02 --> Controller "App\Controllers\base\Beranda" loaded.
INFO - 2022-01-28 09:47:50 --> Controller "App\Controllers\base\Beranda" loaded.
INFO - 2022-01-28 09:50:02 --> Controller "App\Controllers\base\Beranda" loaded.
INFO - 2022-01-28 09:51:03 --> Controller "App\Controllers\base\Beranda" loaded.
INFO - 2022-01-28 10:00:03 --> Controller "App\Controllers\base\Beranda" loaded.
INFO - 2022-01-28 10:10:02 --> Controller "App\Controllers\base\Beranda" loaded.
INFO - 2022-01-28 10:11:29 --> Controller "App\Controllers\base\Beranda" loaded.
INFO - 2022-01-28 10:20:03 --> Controller "App\Controllers\base\Beranda" loaded.
INFO - 2022-01-28 10:24:53 --> Session: Class initialized using 'CodeIgniter\Session\Handlers\FileHandler' driver.
INFO - 2022-01-28 10:24:53 --> Controller "App\Controllers\admin\Admin" loaded.
INFO - 2022-01-28 10:24:55 --> Session: Class initialized using 'CodeIgniter\Session\Handlers\FileHandler' driver.
INFO - 2022-01-28 10:24:55 --> Controller "App\Controllers\admin\Admin" loaded.
INFO - 2022-01-28 10:24:55 --> Session: Class initialized using 'CodeIgniter\Session\Handlers\FileHandler' driver.
INFO - 2022-01-28 10:24:55 --> Controller "App\Controllers\admin\Admin" loaded.
INFO - 2022-01-28 10:24:59 --> Session: Class initialized using 'CodeIgniter\Session\Handlers\FileHandler' driver.
INFO - 2022-01-28 10:24:59 --> Controller "App\Controllers\admin\Admin" loaded.
INFO - 2022-01-28 10:25:08 --> Session: Class initialized using 'CodeIgniter\Session\Handlers\FileHandler' driver.
INFO - 2022-01-28 10:25:08 --> Controller "App\Controllers\admin\Admin" loaded.
INFO - 2022-01-28 10:25:08 --> Session: Class initialized using 'CodeIgniter\Session\Handlers\FileHandler' driver.
INFO - 2022-01-28 10:25:08 --> Controller "App\Controllers\admin\Admin" loaded.
INFO - 2022-01-28 10:25:19 --> Session: Class initialized using 'CodeIgniter\Session\Handlers\FileHandler' driver.
INFO - 2022-01-28 10:25:19 --> Controller "App\Controllers\base\Dashboard" loaded.
INFO - 2022-01-28 10:25:21 --> Session: Class initialized using 'CodeIgniter\Session\Handlers\FileHandler' driver.
INFO - 2022-01-28 10:25:21 --> Controller "App\Controllers\base\Dashboard" loaded.
INFO - 2022-01-28 10:25:21 --> Session: Class initialized using 'CodeIgniter\Session\Handlers\FileHandler' driver.
INFO - 2022-01-28 10:25:21 --> Controller "App\Controllers\base\Dashboard" loaded.
INFO - 2022-01-28 10:25:32 --> Session: Class initialized using 'CodeIgniter\Session\Handlers\FileHandler' driver.
INFO - 2022-01-28 10:25:32 --> Controller "App\Controllers\base\Dashboard" loaded.
INFO - 2022-01-28 10:25:32 --> Session: Class initialized using 'CodeIgniter\Session\Handlers\FileHandler' driver.
INFO - 2022-01-28 10:25:32 --> Controller "App\Controllers\base\Dashboard" loaded.
INFO - 2022-01-28 10:25:46 --> Session: Class initialized using 'CodeIgniter\Session\Handlers\FileHandler' driver.
INFO - 2022-01-28 10:25:46 --> Controller "App\Controllers\base\Dashboard" loaded.
INFO - 2022-01-28 10:26:18 --> Session: Class initialized using 'CodeIgniter\Session\Handlers\FileHandler' driver.
INFO - 2022-01-28 10:26:18 --> Controller "App\Controllers\base\Dashboard" loaded.
INFO - 2022-01-28 10:26:37 --> Session: Class initialized using 'CodeIgniter\Session\Handlers\FileHandler' driver.
INFO - 2022-01-28 10:26:37 --> Controller "App\Controllers\base\Dashboard" loaded.
INFO - 2022-01-28 10:26:45 --> Session: Class initialized using 'CodeIgniter\Session\Handlers\FileHandler' driver.
INFO - 2022-01-28 10:26:45 --> Controller "App\Controllers\admin\Admin" loaded.
INFO - 2022-01-28 10:26:45 --> Session: Class initialized using 'CodeIgniter\Session\Handlers\FileHandler' driver.
INFO - 2022-01-28 10:26:45 --> Controller "App\Controllers\admin\Admin" loaded.
INFO - 2022-01-28 10:26:48 --> Session: Class initialized using 'CodeIgniter\Session\Handlers\FileHandler' driver.
INFO - 2022-01-28 10:26:48 --> Controller "App\Controllers\admin\Admin" loaded.
INFO - 2022-01-28 10:26:56 --> Session: Class initialized using 'CodeIgniter\Session\Handlers\FileHandler' driver.
INFO - 2022-01-28 10:26:56 --> Controller "App\Controllers\admin\Admin" loaded.
INFO - 2022-01-28 10:26:56 --> Session: Class initialized using 'CodeIgniter\Session\Handlers\FileHandler' driver.
INFO - 2022-01-28 10:26:56 --> Controller "App\Controllers\admin\Admin" loaded.
INFO - 2022-01-28 10:30:03 --> Controller "App\Controllers\base\Beranda" loaded.
INFO - 2022-01-28 10:40:03 --> Controller "App\Controllers\base\Beranda" loaded.
INFO - 2022-01-28 10:48:55 --> Controller "App\Controllers\base\Beranda" loaded.
INFO - 2022-01-28 10:50:03 --> Controller "App\Controllers\base\Beranda" loaded.
INFO - 2022-01-28 11:00:03 --> Controller "App\Controllers\base\Beranda" loaded.
INFO - 2022-01-28 11:10:02 --> Controller "App\Controllers\base\Beranda" loaded.
INFO - 2022-01-28 11:20:03 --> Controller "App\Controllers\base\Beranda" loaded.
INFO - 2022-01-28 11:30:03 --> Controller "App\Controllers\base\Beranda" loaded.
INFO - 2022-01-28 11:40:03 --> Controller "App\Controllers\base\Beranda" loaded.
INFO - 2022-01-28 11:45:58 --> Session: Class initialized using 'CodeIgniter\Session\Handlers\FileHandler' driver.
INFO - 2022-01-28 11:45:58 --> Controller "App\Controllers\undangan\Undangan" loaded.
INFO - 2022-01-28 11:46:33 --> Controller "App\Controllers\base\Beranda" loaded.
INFO - 2022-01-28 11:50:03 --> Controller "App\Controllers\base\Beranda" loaded.
INFO - 2022-01-28 12:00:03 --> Controller "App\Controllers\base\Beranda" loaded.
INFO - 2022-01-28 12:10:03 --> Controller "App\Controllers\base\Beranda" loaded.
INFO - 2022-01-28 12:15:31 --> Controller "App\Controllers\base\Beranda" loaded.
INFO - 2022-01-28 12:20:02 --> Controller "App\Controllers\base\Beranda" loaded.
INFO - 2022-01-28 12:30:02 --> Controller "App\Controllers\base\Beranda" loaded.
INFO - 2022-01-28 12:40:03 --> Controller "App\Controllers\base\Beranda" loaded.
INFO - 2022-01-28 12:50:03 --> Controller "App\Controllers\base\Beranda" loaded.
INFO - 2022-01-28 12:54:53 --> Controller "App\Controllers\base\Beranda" loaded.
INFO - 2022-01-28 12:56:51 --> Controller "App\Controllers\base\Beranda" loaded.
INFO - 2022-01-28 13:00:03 --> Controller "App\Controllers\base\Beranda" loaded.
INFO - 2022-01-28 13:09:10 --> Controller "App\Controllers\base\Beranda" loaded.
INFO - 2022-01-28 13:10:02 --> Controller "App\Controllers\base\Beranda" loaded.
INFO - 2022-01-28 13:20:02 --> Controller "App\Controllers\base\Beranda" loaded.
INFO - 2022-01-28 13:30:02 --> Controller "App\Controllers\base\Beranda" loaded.
INFO - 2022-01-28 13:31:23 --> Controller "App\Controllers\base\Beranda" loaded.
INFO - 2022-01-28 13:40:02 --> Controller "App\Controllers\base\Beranda" loaded.
INFO - 2022-01-28 13:50:03 --> Controller "App\Controllers\base\Beranda" loaded.
INFO - 2022-01-28 14:00:03 --> Controller "App\Controllers\base\Beranda" loaded.
INFO - 2022-01-28 14:10:03 --> Controller "App\Controllers\base\Beranda" loaded.
INFO - 2022-01-28 14:11:35 --> Controller "App\Controllers\base\Beranda" loaded.
INFO - 2022-01-28 14:11:53 --> Controller "App\Controllers\base\Beranda" loaded.
INFO - 2022-01-28 14:11:56 --> Controller "App\Controllers\base\Beranda" loaded.
INFO - 2022-01-28 14:20:02 --> Controller "App\Controllers\base\Beranda" loaded.
INFO - 2022-01-28 14:30:03 --> Controller "App\Controllers\base\Beranda" loaded.
INFO - 2022-01-28 14:40:03 --> Controller "App\Controllers\base\Beranda" loaded.
INFO - 2022-01-28 14:50:02 --> Controller "App\Controllers\base\Beranda" loaded.
INFO - 2022-01-28 15:00:02 --> Controller "App\Controllers\base\Beranda" loaded.
INFO - 2022-01-28 15:03:15 --> Controller "App\Controllers\base\Beranda" loaded.
INFO - 2022-01-28 15:10:02 --> Controller "App\Controllers\base\Beranda" loaded.
INFO - 2022-01-28 15:20:02 --> Controller "App\Controllers\base\Beranda" loaded.
INFO - 2022-01-28 15:30:03 --> Controller "App\Controllers\base\Beranda" loaded.
INFO - 2022-01-28 15:40:03 --> Controller "App\Controllers\base\Beranda" loaded.
INFO - 2022-01-28 15:50:02 --> Controller "App\Controllers\base\Beranda" loaded.
INFO - 2022-01-28 16:00:03 --> Controller "App\Controllers\base\Beranda" loaded.
INFO - 2022-01-28 16:10:02 --> Controller "App\Controllers\base\Beranda" loaded.
INFO - 2022-01-28 16:18:45 --> Session: Class initialized using 'CodeIgniter\Session\Handlers\FileHandler' driver.
INFO - 2022-01-28 16:18:45 --> Controller "App\Controllers\base\Order" loaded.
INFO - 2022-01-28 16:20:03 --> Controller "App\Controllers\base\Beranda" loaded.
INFO - 2022-01-28 16:30:02 --> Controller "App\Controllers\base\Beranda" loaded.
INFO - 2022-01-28 16:30:23 --> Session: Class initialized using 'CodeIgniter\Session\Handlers\FileHandler' driver.
INFO - 2022-01-28 16:30:23 --> Controller "App\Controllers\admin\Admin" loaded.
INFO - 2022-01-28 16:30:25 --> Session: Class initialized using 'CodeIgniter\Session\Handlers\FileHandler' driver.
INFO - 2022-01-28 16:30:25 --> Controller "App\Controllers\admin\Admin" loaded.
INFO - 2022-01-28 16:30:25 --> Session: Class initialized using 'CodeIgniter\Session\Handlers\FileHandler' driver.
INFO - 2022-01-28 16:30:25 --> Controller "App\Controllers\admin\Admin" loaded.
INFO - 2022-01-28 16:30:29 --> Session: Class initialized using 'CodeIgniter\Session\Handlers\FileHandler' driver.
INFO - 2022-01-28 16:30:29 --> Controller "App\Controllers\admin\Admin" loaded.
INFO - 2022-01-28 16:36:53 --> Session: Class initialized using 'CodeIgniter\Session\Handlers\FileHandler' driver.
INFO - 2022-01-28 16:36:53 --> Controller "App\Controllers\admin\Admin" loaded.
INFO - 2022-01-28 16:37:50 --> Session: Class initialized using 'CodeIgniter\Session\Handlers\FileHandler' driver.
INFO - 2022-01-28 16:37:50 --> Controller "App\Controllers\admin\Admin" loaded.
CRITICAL - 2022-01-28 16:37:50 --> A non-numeric value encountered
#0 /home/nguh5634/public_html/app/Controllers/admin/Admin.php(666): CodeIgniter\Debug\Exceptions->errorHandler(2, 'A non-numeric v...', '/home/nguh5634/...', 666, Array)
#1 /home/nguh5634/public_html/system/CodeIgniter.php(910): App\Controllers\admin\Admin->tema()
#2 /home/nguh5634/public_html/system/CodeIgniter.php(398): CodeIgniter\CodeIgniter->runController(Object(App\Controllers\admin\Admin))
#3 /home/nguh5634/public_html/system/CodeIgniter.php(306): CodeIgniter\CodeIgniter->handleRequest(NULL, Object(Config\Cache), false)
#4 /home/nguh5634/public_html/index.php(45): CodeIgniter\CodeIgniter->run()
#5 {main}
INFO - 2022-01-28 16:38:26 --> Session: Class initialized using 'CodeIgniter\Session\Handlers\FileHandler' driver.
INFO - 2022-01-28 16:38:26 --> Controller "App\Controllers\admin\Admin" loaded.
INFO - 2022-01-28 16:38:37 --> Controller "App\Controllers\base\Beranda" loaded.
INFO - 2022-01-28 16:40:03 --> Controller "App\Controllers\base\Beranda" loaded.
INFO - 2022-01-28 16:40:27 --> Controller "App\Controllers\base\Beranda" loaded.
INFO - 2022-01-28 16:40:27 --> Controller "App\Controllers\base\Beranda" loaded.
INFO - 2022-01-28 16:40:27 --> Controller "App\Controllers\base\Beranda" loaded.
INFO - 2022-01-28 16:40:27 --> Controller "App\Controllers\base\Beranda" loaded.
INFO - 2022-01-28 16:40:27 --> Controller "App\Controllers\base\Beranda" loaded.
INFO - 2022-01-28 16:40:27 --> Controller "App\Controllers\base\Beranda" loaded.
INFO - 2022-01-28 16:40:27 --> Controller "App\Controllers\base\Beranda" loaded.
INFO - 2022-01-28 16:40:27 --> Controller "App\Controllers\base\Beranda" loaded.
INFO - 2022-01-28 16:40:27 --> Controller "App\Controllers\base\Beranda" loaded.
INFO - 2022-01-28 16:40:27 --> Controller "App\Controllers\base\Beranda" loaded.
INFO - 2022-01-28 16:40:27 --> Controller "App\Controllers\base\Beranda" loaded.
INFO - 2022-01-28 16:40:27 --> Controller "App\Controllers\base\Beranda" loaded.
INFO - 2022-01-28 16:40:27 --> Controller "App\Controllers\base\Beranda" loaded.
INFO - 2022-01-28 16:40:27 --> Controller "App\Controllers\base\Beranda" loaded.
INFO - 2022-01-28 16:40:27 --> Controller "App\Controllers\base\Beranda" loaded.
INFO - 2022-01-28 16:40:27 --> Controller "App\Controllers\base\Beranda" loaded.
INFO - 2022-01-28 16:40:27 --> Controller "App\Controllers\base\Beranda" loaded.
INFO - 2022-01-28 16:40:28 --> Controller "App\Controllers\base\Beranda" loaded.
INFO - 2022-01-28 16:40:28 --> Controller "App\Controllers\base\Beranda" loaded.
INFO - 2022-01-28 16:40:28 --> Controller "App\Controllers\base\Beranda" loaded.
INFO - 2022-01-28 16:40:28 --> Controller "App\Controllers\base\Beranda" loaded.
INFO - 2022-01-28 16:40:28 --> Controller "App\Controllers\base\Beranda" loaded.
INFO - 2022-01-28 16:40:28 --> Controller "App\Controllers\base\Beranda" loaded.
INFO - 2022-01-28 16:40:28 --> Controller "App\Controllers\base\Beranda" loaded.
INFO - 2022-01-28 16:40:28 --> Controller "App\Controllers\base\Beranda" loaded.
INFO - 2022-01-28 16:40:28 --> Controller "App\Controllers\base\Beranda" loaded.
INFO - 2022-01-28 16:40:29 --> Controller "App\Controllers\base\Beranda" loaded.
INFO - 2022-01-28 16:41:44 --> Controller "App\Controllers\base\Beranda" loaded.
INFO - 2022-01-28 16:41:44 --> Controller "App\Controllers\base\Beranda" loaded.
INFO - 2022-01-28 16:41:44 --> Controller "App\Controllers\base\Beranda" loaded.
INFO - 2022-01-28 16:41:44 --> Controller "App\Controllers\base\Beranda" loaded.
INFO - 2022-01-28 16:41:44 --> Controller "App\Controllers\base\Beranda" loaded.
INFO - 2022-01-28 16:41:44 --> Controller "App\Controllers\base\Beranda" loaded.
INFO - 2022-01-28 16:41:44 --> Controller "App\Controllers\base\Beranda" loaded.
INFO - 2022-01-28 16:41:44 --> Controller "App\Controllers\base\Beranda" loaded.
INFO - 2022-01-28 16:41:45 --> Controller "App\Controllers\base\Beranda" loaded.
INFO - 2022-01-28 16:41:45 --> Controller "App\Controllers\base\Beranda" loaded.
INFO - 2022-01-28 16:41:45 --> Controller "App\Controllers\base\Beranda" loaded.
INFO - 2022-01-28 16:41:45 --> Controller "App\Controllers\base\Beranda" loaded.
INFO - 2022-01-28 16:41:45 --> Controller "App\Controllers\base\Beranda" loaded.
INFO - 2022-01-28 16:41:45 --> Controller "App\Controllers\base\Beranda" loaded.
INFO - 2022-01-28 16:41:45 --> Controller "App\Controllers\base\Beranda" loaded.
INFO - 2022-01-28 16:41:45 --> Controller "App\Controllers\base\Beranda" loaded.
INFO - 2022-01-28 16:41:45 --> Controller "App\Controllers\base\Beranda" loaded.
INFO - 2022-01-28 16:41:45 --> Controller "App\Controllers\base\Beranda" loaded.
INFO - 2022-01-28 16:41:45 --> Controller "App\Controllers\base\Beranda" loaded.
INFO - 2022-01-28 16:41:45 --> Controller "App\Controllers\base\Beranda" loaded.
INFO - 2022-01-28 16:41:45 --> Controller "App\Controllers\base\Beranda" loaded.
INFO - 2022-01-28 16:41:45 --> Controller "App\Controllers\base\Beranda" loaded.
INFO - 2022-01-28 16:41:45 --> Controller "App\Controllers\base\Beranda" loaded.
INFO - 2022-01-28 16:41:47 --> Controller "App\Controllers\base\Beranda" loaded.
INFO - 2022-01-28 16:41:47 --> Controller "App\Controllers\base\Beranda" loaded.
INFO - 2022-01-28 16:41:47 --> Controller "App\Controllers\base\Beranda" loaded.
INFO - 2022-01-28 16:41:47 --> Controller "App\Controllers\base\Beranda" loaded.
INFO - 2022-01-28 16:41:48 --> Controller "App\Controllers\base\Beranda" loaded.
INFO - 2022-01-28 16:41:48 --> Controller "App\Controllers\base\Beranda" loaded.
INFO - 2022-01-28 16:41:48 --> Controller "App\Controllers\base\Beranda" loaded.
INFO - 2022-01-28 16:41:48 --> Controller "App\Controllers\base\Beranda" loaded.
INFO - 2022-01-28 16:41:48 --> Controller "App\Controllers\base\Beranda" loaded.
INFO - 2022-01-28 16:41:48 --> Controller "App\Controllers\base\Beranda" loaded.
INFO - 2022-01-28 16:41:48 --> Controller "App\Controllers\base\Beranda" loaded.
INFO - 2022-01-28 16:41:48 --> Controller "App\Controllers\base\Beranda" loaded.
INFO - 2022-01-28 16:41:48 --> Controller "App\Controllers\base\Beranda" loaded.
INFO - 2022-01-28 16:41:48 --> Controller "App\Controllers\base\Beranda" loaded.
INFO - 2022-01-28 16:41:48 --> Controller "App\Controllers\base\Beranda" loaded.
INFO - 2022-01-28 16:41:48 --> Controller "App\Controllers\base\Beranda" loaded.
INFO - 2022-01-28 16:41:48 --> Controller "App\Controllers\base\Beranda" loaded.
INFO - 2022-01-28 16:41:48 --> Controller "App\Controllers\base\Beranda" loaded.
INFO - 2022-01-28 16:41:48 --> Controller "App\Controllers\base\Beranda" loaded.
INFO - 2022-01-28 16:41:48 --> Controller "App\Controllers\base\Beranda" loaded.
INFO - 2022-01-28 16:41:48 --> Controller "App\Controllers\base\Beranda" loaded.
INFO - 2022-01-28 16:41:49 --> Controller "App\Controllers\base\Beranda" loaded.
INFO - 2022-01-28 16:41:49 --> Controller "App\Controllers\base\Beranda" loaded.
INFO - 2022-01-28 16:43:05 --> Controller "App\Controllers\base\Beranda" loaded.
INFO - 2022-01-28 16:43:05 --> Controller "App\Controllers\base\Beranda" loaded.
INFO - 2022-01-28 16:43:06 --> Controller "App\Controllers\base\Beranda" loaded.
INFO - 2022-01-28 16:43:06 --> Controller "App\Controllers\base\Beranda" loaded.
INFO - 2022-01-28 16:43:06 --> Controller "App\Controllers\base\Beranda" loaded.
INFO - 2022-01-28 16:43:06 --> Controller "App\Controllers\base\Beranda" loaded.
INFO - 2022-01-28 16:43:06 --> Controller "App\Controllers\base\Beranda" loaded.
INFO - 2022-01-28 16:43:06 --> Controller "App\Controllers\base\Beranda" loaded.
INFO - 2022-01-28 16:43:06 --> Controller "App\Controllers\base\Beranda" loaded.
INFO - 2022-01-28 16:43:06 --> Controller "App\Controllers\base\Beranda" loaded.
INFO - 2022-01-28 16:43:06 --> Controller "App\Controllers\base\Beranda" loaded.
INFO - 2022-01-28 16:43:06 --> Controller "App\Controllers\base\Beranda" loaded.
INFO - 2022-01-28 16:43:07 --> Controller "App\Controllers\base\Beranda" loaded.
INFO - 2022-01-28 16:43:07 --> Controller "App\Controllers\base\Beranda" loaded.
INFO - 2022-01-28 16:43:10 --> Controller "App\Controllers\base\Beranda" loaded.
INFO - 2022-01-28 16:50:03 --> Controller "App\Controllers\base\Beranda" loaded.
INFO - 2022-01-28 17:00:03 --> Controller "App\Controllers\base\Beranda" loaded.
INFO - 2022-01-28 17:00:27 --> Controller "App\Controllers\base\Beranda" loaded.
INFO - 2022-01-28 17:10:03 --> Controller "App\Controllers\base\Beranda" loaded.
INFO - 2022-01-28 17:20:02 --> Controller "App\Controllers\base\Beranda" loaded.
INFO - 2022-01-28 17:30:02 --> Controller "App\Controllers\base\Beranda" loaded.
INFO - 2022-01-28 17:40:03 --> Controller "App\Controllers\base\Beranda" loaded.
INFO - 2022-01-28 17:50:03 --> Controller "App\Controllers\base\Beranda" loaded.
INFO - 2022-01-28 17:51:02 --> Controller "App\Controllers\base\Beranda" loaded.
INFO - 2022-01-28 17:59:42 --> Controller "App\Controllers\base\Beranda" loaded.
INFO - 2022-01-28 18:00:02 --> Controller "App\Controllers\base\Beranda" loaded.
INFO - 2022-01-28 18:00:40 --> Session: Class initialized using 'CodeIgniter\Session\Handlers\FileHandler' driver.
INFO - 2022-01-28 18:00:40 --> Controller "App\Controllers\base\Order" loaded.
INFO - 2022-01-28 18:00:40 --> Controller "App\Controllers\base\Beranda" loaded.
INFO - 2022-01-28 18:00:41 --> Controller "App\Controllers\base\Beranda" loaded.
INFO - 2022-01-28 18:00:57 --> Controller "App\Controllers\base\Beranda" loaded.
INFO - 2022-01-28 18:02:59 --> Controller "App\Controllers\base\Beranda" loaded.
INFO - 2022-01-28 18:10:02 --> Controller "App\Controllers\base\Beranda" loaded.
INFO - 2022-01-28 18:20:02 --> Controller "App\Controllers\base\Beranda" loaded.
INFO - 2022-01-28 18:30:03 --> Controller "App\Controllers\base\Beranda" loaded.
INFO - 2022-01-28 18:40:02 --> Controller "App\Controllers\base\Beranda" loaded.
INFO - 2022-01-28 18:50:03 --> Controller "App\Controllers\base\Beranda" loaded.
INFO - 2022-01-28 19:00:03 --> Controller "App\Controllers\base\Beranda" loaded.
INFO - 2022-01-28 19:10:03 --> Controller "App\Controllers\base\Beranda" loaded.
INFO - 2022-01-28 19:20:03 --> Controller "App\Controllers\base\Beranda" loaded.
INFO - 2022-01-28 19:30:03 --> Controller "App\Controllers\base\Beranda" loaded.
INFO - 2022-01-28 19:40:02 --> Controller "App\Controllers\base\Beranda" loaded.
INFO - 2022-01-28 19:50:02 --> Controller "App\Controllers\base\Beranda" loaded.
INFO - 2022-01-28 20:00:03 --> Controller "App\Controllers\base\Beranda" loaded.
INFO - 2022-01-28 20:10:03 --> Controller "App\Controllers\base\Beranda" loaded.
INFO - 2022-01-28 20:20:03 --> Controller "App\Controllers\base\Beranda" loaded.
INFO - 2022-01-28 20:30:03 --> Controller "App\Controllers\base\Beranda" loaded.
INFO - 2022-01-28 20:34:59 --> Controller "App\Controllers\base\Beranda" loaded.
INFO - 2022-01-28 20:40:03 --> Controller "App\Controllers\base\Beranda" loaded.
INFO - 2022-01-28 20:40:56 --> Controller "App\Controllers\base\Beranda" loaded.
INFO - 2022-01-28 20:50:03 --> Controller "App\Controllers\base\Beranda" loaded.
INFO - 2022-01-28 20:50:11 --> Controller "App\Controllers\base\Beranda" loaded.
INFO - 2022-01-28 21:00:03 --> Controller "App\Controllers\base\Beranda" loaded.
INFO - 2022-01-28 21:10:02 --> Controller "App\Controllers\base\Beranda" loaded.
INFO - 2022-01-28 21:20:02 --> Controller "App\Controllers\base\Beranda" loaded.
INFO - 2022-01-28 21:30:03 --> Controller "App\Controllers\base\Beranda" loaded.
INFO - 2022-01-28 21:40:03 --> Controller "App\Controllers\base\Beranda" loaded.
INFO - 2022-01-28 21:50:03 --> Controller "App\Controllers\base\Beranda" loaded.
INFO - 2022-01-28 22:00:03 --> Controller "App\Controllers\base\Beranda" loaded.
INFO - 2022-01-28 22:06:30 --> Controller "App\Controllers\base\Beranda" loaded.
INFO - 2022-01-28 22:10:02 --> Controller "App\Controllers\base\Beranda" loaded.
INFO - 2022-01-28 22:18:47 --> Controller "App\Controllers\base\Beranda" loaded.
INFO - 2022-01-28 22:20:03 --> Controller "App\Controllers\base\Beranda" loaded.
INFO - 2022-01-28 22:30:02 --> Controller "App\Controllers\base\Beranda" loaded.
INFO - 2022-01-28 22:32:48 --> Controller "App\Controllers\base\Beranda" loaded.
INFO - 2022-01-28 22:40:03 --> Controller "App\Controllers\base\Beranda" loaded.
INFO - 2022-01-28 22:40:26 --> Controller "App\Controllers\base\Beranda" loaded.
INFO - 2022-01-28 22:40:27 --> Controller "App\Controllers\base\Beranda" loaded.
INFO - 2022-01-28 22:50:02 --> Controller "App\Controllers\base\Beranda" loaded.
INFO - 2022-01-28 23:06:50 --> Controller "App\Controllers\base\Beranda" loaded.
INFO - 2022-01-28 23:06:52 --> Controller "App\Controllers\base\Beranda" loaded.
INFO - 2022-01-28 23:16:04 --> Controller "App\Controllers\base\Beranda" loaded.
INFO - 2022-01-28 23:35:10 --> Controller "App\Controllers\base\Beranda" loaded.
INFO - 2022-01-28 23:35:12 --> Controller "App\Controllers\base\Beranda" loaded.
