INFO - 2021-05-21 00:08:25 --> Controller "App\Controllers\base\Beranda" loaded.
INFO - 2021-05-21 01:17:36 --> Session: Class initialized using 'CodeIgniter\Session\Handlers\FileHandler' driver.
INFO - 2021-05-21 01:17:36 --> Controller "App\Controllers\undangan\Undangan" loaded.
INFO - 2021-05-21 01:17:48 --> Controller "App\Controllers\base\Beranda" loaded.
INFO - 2021-05-21 01:18:17 --> Controller "App\Controllers\base\Beranda" loaded.
INFO - 2021-05-21 01:19:44 --> Controller "App\Controllers\base\Beranda" loaded.
INFO - 2021-05-21 01:19:44 --> Controller "App\Controllers\base\Beranda" loaded.
INFO - 2021-05-21 01:19:44 --> Controller "App\Controllers\base\Beranda" loaded.
INFO - 2021-05-21 01:20:05 --> Controller "App\Controllers\base\Beranda" loaded.
INFO - 2021-05-21 01:20:11 --> Controller "App\Controllers\base\Beranda" loaded.
INFO - 2021-05-21 02:06:42 --> Session: Class initialized using 'CodeIgniter\Session\Handlers\FileHandler' driver.
INFO - 2021-05-21 02:06:42 --> Controller "App\Controllers\base\Order" loaded.
INFO - 2021-05-21 02:09:52 --> Session: Class initialized using 'CodeIgniter\Session\Handlers\FileHandler' driver.
INFO - 2021-05-21 02:09:52 --> Controller "App\Controllers\base\Order" loaded.
INFO - 2021-05-21 02:13:33 --> Controller "App\Controllers\base\Beranda" loaded.
INFO - 2021-05-21 02:13:33 --> Controller "App\Controllers\base\Beranda" loaded.
INFO - 2021-05-21 02:13:33 --> Controller "App\Controllers\base\Beranda" loaded.
INFO - 2021-05-21 02:13:33 --> Controller "App\Controllers\base\Beranda" loaded.
INFO - 2021-05-21 02:48:14 --> Controller "App\Controllers\base\Beranda" loaded.
INFO - 2021-05-21 03:26:38 --> Controller "App\Controllers\base\Beranda" loaded.
INFO - 2021-05-21 04:11:42 --> Session: Class initialized using 'CodeIgniter\Session\Handlers\FileHandler' driver.
INFO - 2021-05-21 04:11:42 --> Controller "App\Controllers\undangan\Undangan" loaded.
INFO - 2021-05-21 05:23:38 --> Controller "App\Controllers\base\Beranda" loaded.
INFO - 2021-05-21 06:11:14 --> Controller "App\Controllers\base\Beranda" loaded.
INFO - 2021-05-21 06:12:08 --> Controller "App\Controllers\base\Beranda" loaded.
INFO - 2021-05-21 06:24:35 --> Controller "App\Controllers\base\Beranda" loaded.
INFO - 2021-05-21 06:36:46 --> Controller "App\Controllers\base\Beranda" loaded.
INFO - 2021-05-21 06:36:46 --> Controller "App\Controllers\base\Beranda" loaded.
INFO - 2021-05-21 06:43:28 --> Controller "App\Controllers\base\Beranda" loaded.
INFO - 2021-05-21 07:05:06 --> Session: Class initialized using 'CodeIgniter\Session\Handlers\FileHandler' driver.
INFO - 2021-05-21 07:05:06 --> Controller "App\Controllers\admin\Admin" loaded.
INFO - 2021-05-21 07:05:11 --> Session: Class initialized using 'CodeIgniter\Session\Handlers\FileHandler' driver.
INFO - 2021-05-21 07:05:11 --> Controller "App\Controllers\admin\Admin" loaded.
INFO - 2021-05-21 07:05:11 --> Session: Class initialized using 'CodeIgniter\Session\Handlers\FileHandler' driver.
INFO - 2021-05-21 07:05:11 --> Controller "App\Controllers\admin\Admin" loaded.
INFO - 2021-05-21 07:05:23 --> Session: Class initialized using 'CodeIgniter\Session\Handlers\FileHandler' driver.
INFO - 2021-05-21 07:05:23 --> Controller "App\Controllers\admin\Admin" loaded.
INFO - 2021-05-21 07:05:38 --> Session: Class initialized using 'CodeIgniter\Session\Handlers\FileHandler' driver.
INFO - 2021-05-21 07:05:38 --> Controller "App\Controllers\admin\Admin" loaded.
INFO - 2021-05-21 07:05:40 --> Session: Class initialized using 'CodeIgniter\Session\Handlers\FileHandler' driver.
INFO - 2021-05-21 07:05:40 --> Controller "App\Controllers\admin\Admin" loaded.
INFO - 2021-05-21 07:05:42 --> Session: Class initialized using 'CodeIgniter\Session\Handlers\FileHandler' driver.
INFO - 2021-05-21 07:05:42 --> Controller "App\Controllers\admin\Admin" loaded.
INFO - 2021-05-21 07:05:44 --> Session: Class initialized using 'CodeIgniter\Session\Handlers\FileHandler' driver.
INFO - 2021-05-21 07:05:44 --> Controller "App\Controllers\admin\Admin" loaded.
INFO - 2021-05-21 07:05:45 --> Session: Class initialized using 'CodeIgniter\Session\Handlers\FileHandler' driver.
INFO - 2021-05-21 07:05:45 --> Controller "App\Controllers\admin\Admin" loaded.
INFO - 2021-05-21 07:05:47 --> Session: Class initialized using 'CodeIgniter\Session\Handlers\FileHandler' driver.
INFO - 2021-05-21 07:05:47 --> Controller "App\Controllers\admin\Admin" loaded.
INFO - 2021-05-21 07:05:51 --> Session: Class initialized using 'CodeIgniter\Session\Handlers\FileHandler' driver.
INFO - 2021-05-21 07:05:51 --> Controller "App\Controllers\admin\Admin" loaded.
INFO - 2021-05-21 07:05:52 --> Session: Class initialized using 'CodeIgniter\Session\Handlers\FileHandler' driver.
INFO - 2021-05-21 07:05:52 --> Controller "App\Controllers\admin\Admin" loaded.
INFO - 2021-05-21 07:05:54 --> Session: Class initialized using 'CodeIgniter\Session\Handlers\FileHandler' driver.
INFO - 2021-05-21 07:05:54 --> Controller "App\Controllers\admin\Admin" loaded.
INFO - 2021-05-21 07:05:57 --> Session: Class initialized using 'CodeIgniter\Session\Handlers\FileHandler' driver.
INFO - 2021-05-21 07:05:57 --> Controller "App\Controllers\admin\Admin" loaded.
INFO - 2021-05-21 07:05:59 --> Session: Class initialized using 'CodeIgniter\Session\Handlers\FileHandler' driver.
INFO - 2021-05-21 07:05:59 --> Controller "App\Controllers\admin\Admin" loaded.
INFO - 2021-05-21 07:06:01 --> Session: Class initialized using 'CodeIgniter\Session\Handlers\FileHandler' driver.
INFO - 2021-05-21 07:06:01 --> Controller "App\Controllers\admin\Admin" loaded.
INFO - 2021-05-21 07:06:03 --> Session: Class initialized using 'CodeIgniter\Session\Handlers\FileHandler' driver.
INFO - 2021-05-21 07:06:03 --> Controller "App\Controllers\admin\Admin" loaded.
INFO - 2021-05-21 07:06:13 --> Session: Class initialized using 'CodeIgniter\Session\Handlers\FileHandler' driver.
INFO - 2021-05-21 07:06:13 --> Controller "App\Controllers\admin\Admin" loaded.
INFO - 2021-05-21 07:06:13 --> Session: Class initialized using 'CodeIgniter\Session\Handlers\FileHandler' driver.
INFO - 2021-05-21 07:06:13 --> Controller "App\Controllers\admin\Admin" loaded.
INFO - 2021-05-21 07:06:17 --> Session: Class initialized using 'CodeIgniter\Session\Handlers\FileHandler' driver.
INFO - 2021-05-21 07:06:17 --> Controller "App\Controllers\admin\Admin" loaded.
INFO - 2021-05-21 07:06:57 --> Session: Class initialized using 'CodeIgniter\Session\Handlers\FileHandler' driver.
INFO - 2021-05-21 07:06:57 --> Controller "App\Controllers\base\Dashboard" loaded.
INFO - 2021-05-21 07:07:04 --> Session: Class initialized using 'CodeIgniter\Session\Handlers\FileHandler' driver.
INFO - 2021-05-21 07:07:04 --> Controller "App\Controllers\base\Dashboard" loaded.
INFO - 2021-05-21 07:07:04 --> Session: Class initialized using 'CodeIgniter\Session\Handlers\FileHandler' driver.
INFO - 2021-05-21 07:07:05 --> Controller "App\Controllers\base\Dashboard" loaded.
INFO - 2021-05-21 07:07:13 --> Session: Class initialized using 'CodeIgniter\Session\Handlers\FileHandler' driver.
INFO - 2021-05-21 07:07:13 --> Controller "App\Controllers\base\Dashboard" loaded.
INFO - 2021-05-21 07:07:15 --> Session: Class initialized using 'CodeIgniter\Session\Handlers\FileHandler' driver.
INFO - 2021-05-21 07:07:15 --> Controller "App\Controllers\base\Dashboard" loaded.
INFO - 2021-05-21 07:07:17 --> Session: Class initialized using 'CodeIgniter\Session\Handlers\FileHandler' driver.
INFO - 2021-05-21 07:07:17 --> Controller "App\Controllers\base\Dashboard" loaded.
INFO - 2021-05-21 07:07:20 --> Session: Class initialized using 'CodeIgniter\Session\Handlers\FileHandler' driver.
INFO - 2021-05-21 07:07:20 --> Controller "App\Controllers\base\Dashboard" loaded.
INFO - 2021-05-21 07:07:22 --> Session: Class initialized using 'CodeIgniter\Session\Handlers\FileHandler' driver.
INFO - 2021-05-21 07:07:22 --> Controller "App\Controllers\base\Dashboard" loaded.
INFO - 2021-05-21 07:07:52 --> Session: Class initialized using 'CodeIgniter\Session\Handlers\FileHandler' driver.
INFO - 2021-05-21 07:07:52 --> Controller "App\Controllers\admin\Admin" loaded.
INFO - 2021-05-21 07:07:57 --> Session: Class initialized using 'CodeIgniter\Session\Handlers\FileHandler' driver.
INFO - 2021-05-21 07:07:57 --> Controller "App\Controllers\base\Dashboard" loaded.
INFO - 2021-05-21 07:09:25 --> Session: Class initialized using 'CodeIgniter\Session\Handlers\FileHandler' driver.
INFO - 2021-05-21 07:09:25 --> Controller "App\Controllers\base\Dashboard" loaded.
INFO - 2021-05-21 07:09:28 --> Session: Class initialized using 'CodeIgniter\Session\Handlers\FileHandler' driver.
INFO - 2021-05-21 07:09:28 --> Controller "App\Controllers\admin\Admin" loaded.
INFO - 2021-05-21 07:10:02 --> Session: Class initialized using 'CodeIgniter\Session\Handlers\FileHandler' driver.
INFO - 2021-05-21 07:10:02 --> Controller "App\Controllers\base\Dashboard" loaded.
INFO - 2021-05-21 07:10:05 --> Session: Class initialized using 'CodeIgniter\Session\Handlers\FileHandler' driver.
INFO - 2021-05-21 07:10:05 --> Controller "App\Controllers\admin\Admin" loaded.
INFO - 2021-05-21 07:10:49 --> Session: Class initialized using 'CodeIgniter\Session\Handlers\FileHandler' driver.
INFO - 2021-05-21 07:10:49 --> Controller "App\Controllers\admin\Admin" loaded.
INFO - 2021-05-21 07:12:12 --> Session: Class initialized using 'CodeIgniter\Session\Handlers\FileHandler' driver.
INFO - 2021-05-21 07:12:12 --> Controller "App\Controllers\admin\Admin" loaded.
CRITICAL - 2021-05-21 07:12:12 --> Invalid argument supplied for foreach()
#0 /home/nguh5634/public_html/app/Views/admin/tampilan.php(84): CodeIgniter\Debug\Exceptions->errorHandler(2, 'Invalid argumen...', '/home/nguh5634/...', 84, Array)
#1 /home/nguh5634/public_html/system/View/View.php(236): include('/home/nguh5634/...')
#2 /home/nguh5634/public_html/system/Common.php(1071): CodeIgniter\View\View->render('admin/tampilan', Array, true)
#3 /home/nguh5634/public_html/app/Views/admin/layout.php(110): view('admin/tampilan')
#4 /home/nguh5634/public_html/system/View/View.php(236): include('/home/nguh5634/...')
#5 /home/nguh5634/public_html/system/Common.php(1071): CodeIgniter\View\View->render('admin/tampilan', Array, true)
#6 /home/nguh5634/public_html/app/Controllers/admin/Admin.php(591): view('admin/layout', Array)
#7 /home/nguh5634/public_html/system/CodeIgniter.php(910): App\Controllers\admin\Admin->tema()
#8 /home/nguh5634/public_html/system/CodeIgniter.php(398): CodeIgniter\CodeIgniter->runController(Object(App\Controllers\admin\Admin))
#9 /home/nguh5634/public_html/system/CodeIgniter.php(306): CodeIgniter\CodeIgniter->handleRequest(NULL, Object(Config\Cache), false)
#10 /home/nguh5634/public_html/index.php(45): CodeIgniter\CodeIgniter->run()
#11 {main}
INFO - 2021-05-21 07:12:47 --> Session: Class initialized using 'CodeIgniter\Session\Handlers\FileHandler' driver.
INFO - 2021-05-21 07:12:47 --> Controller "App\Controllers\admin\Admin" loaded.
INFO - 2021-05-21 07:13:39 --> Session: Class initialized using 'CodeIgniter\Session\Handlers\FileHandler' driver.
INFO - 2021-05-21 07:13:39 --> Controller "App\Controllers\admin\Admin" loaded.
INFO - 2021-05-21 07:15:41 --> Session: Class initialized using 'CodeIgniter\Session\Handlers\FileHandler' driver.
INFO - 2021-05-21 07:15:41 --> Controller "App\Controllers\admin\Admin" loaded.
INFO - 2021-05-21 07:16:24 --> Session: Class initialized using 'CodeIgniter\Session\Handlers\FileHandler' driver.
INFO - 2021-05-21 07:16:24 --> Controller "App\Controllers\admin\Admin" loaded.
INFO - 2021-05-21 07:18:05 --> Session: Class initialized using 'CodeIgniter\Session\Handlers\FileHandler' driver.
INFO - 2021-05-21 07:18:05 --> Controller "App\Controllers\base\Dashboard" loaded.
INFO - 2021-05-21 07:18:06 --> Session: Class initialized using 'CodeIgniter\Session\Handlers\FileHandler' driver.
INFO - 2021-05-21 07:18:06 --> Controller "App\Controllers\admin\Admin" loaded.
CRITICAL - 2021-05-21 07:18:06 --> Call to undefined function form_open_multipart()
#0 /home/nguh5634/public_html/system/View/View.php(236): include()
#1 /home/nguh5634/public_html/system/Common.php(1071): CodeIgniter\View\View->render('admin/tampilan', Array, true)
#2 /home/nguh5634/public_html/app/Views/admin/layout.php(110): view('admin/tampilan')
#3 /home/nguh5634/public_html/system/View/View.php(236): include('/home/nguh5634/...')
#4 /home/nguh5634/public_html/system/Common.php(1071): CodeIgniter\View\View->render('admin/tampilan', Array, true)
#5 /home/nguh5634/public_html/app/Controllers/admin/Admin.php(591): view('admin/layout', Array)
#6 /home/nguh5634/public_html/system/CodeIgniter.php(910): App\Controllers\admin\Admin->tema()
#7 /home/nguh5634/public_html/system/CodeIgniter.php(398): CodeIgniter\CodeIgniter->runController(Object(App\Controllers\admin\Admin))
#8 /home/nguh5634/public_html/system/CodeIgniter.php(306): CodeIgniter\CodeIgniter->handleRequest(NULL, Object(Config\Cache), false)
#9 /home/nguh5634/public_html/index.php(45): CodeIgniter\CodeIgniter->run()
#10 {main}
INFO - 2021-05-21 07:18:24 --> Session: Class initialized using 'CodeIgniter\Session\Handlers\FileHandler' driver.
INFO - 2021-05-21 07:18:24 --> Controller "App\Controllers\admin\Admin" loaded.
CRITICAL - 2021-05-21 07:18:24 --> Call to undefined function form_open_multipart()
#0 /home/nguh5634/public_html/system/View/View.php(236): include()
#1 /home/nguh5634/public_html/system/Common.php(1071): CodeIgniter\View\View->render('admin/tampilan', Array, true)
#2 /home/nguh5634/public_html/app/Views/admin/layout.php(110): view('admin/tampilan')
#3 /home/nguh5634/public_html/system/View/View.php(236): include('/home/nguh5634/...')
#4 /home/nguh5634/public_html/system/Common.php(1071): CodeIgniter\View\View->render('admin/tampilan', Array, true)
#5 /home/nguh5634/public_html/app/Controllers/admin/Admin.php(591): view('admin/layout', Array)
#6 /home/nguh5634/public_html/system/CodeIgniter.php(910): App\Controllers\admin\Admin->tema()
#7 /home/nguh5634/public_html/system/CodeIgniter.php(398): CodeIgniter\CodeIgniter->runController(Object(App\Controllers\admin\Admin))
#8 /home/nguh5634/public_html/system/CodeIgniter.php(306): CodeIgniter\CodeIgniter->handleRequest(NULL, Object(Config\Cache), false)
#9 /home/nguh5634/public_html/index.php(45): CodeIgniter\CodeIgniter->run()
#10 {main}
INFO - 2021-05-21 07:19:12 --> Session: Class initialized using 'CodeIgniter\Session\Handlers\FileHandler' driver.
INFO - 2021-05-21 07:19:12 --> Controller "App\Controllers\admin\Admin" loaded.
INFO - 2021-05-21 07:31:18 --> Controller "App\Controllers\base\Beranda" loaded.
INFO - 2021-05-21 08:00:02 --> Controller "App\Controllers\base\Beranda" loaded.
INFO - 2021-05-21 08:01:48 --> Controller "App\Controllers\base\Beranda" loaded.
INFO - 2021-05-21 08:11:32 --> Controller "App\Controllers\base\Beranda" loaded.
INFO - 2021-05-21 08:35:44 --> Controller "App\Controllers\base\Beranda" loaded.
INFO - 2021-05-21 08:49:17 --> Controller "App\Controllers\base\Beranda" loaded.
INFO - 2021-05-21 09:06:44 --> Controller "App\Controllers\base\Beranda" loaded.
INFO - 2021-05-21 09:22:33 --> Session: Class initialized using 'CodeIgniter\Session\Handlers\FileHandler' driver.
INFO - 2021-05-21 09:22:33 --> Controller "App\Controllers\undangan\Undangan" loaded.
INFO - 2021-05-21 09:33:40 --> Controller "App\Controllers\base\Beranda" loaded.
INFO - 2021-05-21 09:35:30 --> Session: Class initialized using 'CodeIgniter\Session\Handlers\FileHandler' driver.
INFO - 2021-05-21 09:35:30 --> Controller "App\Controllers\admin\Admin" loaded.
INFO - 2021-05-21 09:35:34 --> Session: Class initialized using 'CodeIgniter\Session\Handlers\FileHandler' driver.
INFO - 2021-05-21 09:35:34 --> Controller "App\Controllers\admin\Admin" loaded.
INFO - 2021-05-21 09:35:35 --> Session: Class initialized using 'CodeIgniter\Session\Handlers\FileHandler' driver.
INFO - 2021-05-21 09:35:35 --> Controller "App\Controllers\admin\Admin" loaded.
INFO - 2021-05-21 09:35:40 --> Session: Class initialized using 'CodeIgniter\Session\Handlers\FileHandler' driver.
INFO - 2021-05-21 09:35:40 --> Controller "App\Controllers\undangan\Undangan" loaded.
INFO - 2021-05-21 09:35:41 --> Session: Class initialized using 'CodeIgniter\Session\Handlers\FileHandler' driver.
INFO - 2021-05-21 09:35:41 --> Controller "App\Controllers\undangan\Undangan" loaded.
INFO - 2021-05-21 09:35:42 --> Session: Class initialized using 'CodeIgniter\Session\Handlers\FileHandler' driver.
INFO - 2021-05-21 09:35:42 --> Controller "App\Controllers\admin\Admin" loaded.
INFO - 2021-05-21 09:35:47 --> Session: Class initialized using 'CodeIgniter\Session\Handlers\FileHandler' driver.
INFO - 2021-05-21 09:35:47 --> Controller "App\Controllers\admin\Admin" loaded.
INFO - 2021-05-21 09:35:52 --> Session: Class initialized using 'CodeIgniter\Session\Handlers\FileHandler' driver.
INFO - 2021-05-21 09:35:52 --> Controller "App\Controllers\admin\Admin" loaded.
INFO - 2021-05-21 09:35:55 --> Session: Class initialized using 'CodeIgniter\Session\Handlers\FileHandler' driver.
INFO - 2021-05-21 09:35:55 --> Controller "App\Controllers\admin\Admin" loaded.
INFO - 2021-05-21 09:35:55 --> Session: Class initialized using 'CodeIgniter\Session\Handlers\FileHandler' driver.
INFO - 2021-05-21 09:35:55 --> Controller "App\Controllers\admin\Admin" loaded.
INFO - 2021-05-21 09:35:58 --> Session: Class initialized using 'CodeIgniter\Session\Handlers\FileHandler' driver.
INFO - 2021-05-21 09:35:58 --> Controller "App\Controllers\undangan\Undangan" loaded.
INFO - 2021-05-21 09:35:59 --> Session: Class initialized using 'CodeIgniter\Session\Handlers\FileHandler' driver.
INFO - 2021-05-21 09:35:59 --> Controller "App\Controllers\undangan\Undangan" loaded.
INFO - 2021-05-21 09:36:21 --> Session: Class initialized using 'CodeIgniter\Session\Handlers\FileHandler' driver.
INFO - 2021-05-21 09:36:21 --> Session: Class initialized using 'CodeIgniter\Session\Handlers\FileHandler' driver.
INFO - 2021-05-21 09:36:21 --> Controller "App\Controllers\undangan\Undangan" loaded.
INFO - 2021-05-21 09:36:21 --> Controller "App\Controllers\admin\Admin" loaded.
INFO - 2021-05-21 09:36:21 --> Session: Class initialized using 'CodeIgniter\Session\Handlers\FileHandler' driver.
INFO - 2021-05-21 09:36:21 --> Controller "App\Controllers\undangan\Undangan" loaded.
INFO - 2021-05-21 09:36:25 --> Session: Class initialized using 'CodeIgniter\Session\Handlers\FileHandler' driver.
INFO - 2021-05-21 09:36:25 --> Controller "App\Controllers\admin\Admin" loaded.
INFO - 2021-05-21 09:36:30 --> Session: Class initialized using 'CodeIgniter\Session\Handlers\FileHandler' driver.
INFO - 2021-05-21 09:36:30 --> Controller "App\Controllers\admin\Admin" loaded.
INFO - 2021-05-21 09:36:30 --> Session: Class initialized using 'CodeIgniter\Session\Handlers\FileHandler' driver.
INFO - 2021-05-21 09:36:30 --> Controller "App\Controllers\admin\Admin" loaded.
INFO - 2021-05-21 09:36:35 --> Session: Class initialized using 'CodeIgniter\Session\Handlers\FileHandler' driver.
INFO - 2021-05-21 09:36:35 --> Controller "App\Controllers\admin\Admin" loaded.
INFO - 2021-05-21 09:36:42 --> Session: Class initialized using 'CodeIgniter\Session\Handlers\FileHandler' driver.
INFO - 2021-05-21 09:36:42 --> Controller "App\Controllers\admin\Admin" loaded.
INFO - 2021-05-21 09:36:46 --> Controller "App\Controllers\base\Beranda" loaded.
INFO - 2021-05-21 09:36:53 --> Session: Class initialized using 'CodeIgniter\Session\Handlers\FileHandler' driver.
INFO - 2021-05-21 09:36:53 --> Controller "App\Controllers\admin\Admin" loaded.
INFO - 2021-05-21 09:37:02 --> Controller "App\Controllers\base\Beranda" loaded.
INFO - 2021-05-21 09:37:13 --> Session: Class initialized using 'CodeIgniter\Session\Handlers\FileHandler' driver.
INFO - 2021-05-21 09:37:13 --> Controller "App\Controllers\admin\Admin" loaded.
INFO - 2021-05-21 09:37:24 --> Session: Class initialized using 'CodeIgniter\Session\Handlers\FileHandler' driver.
INFO - 2021-05-21 09:37:24 --> Controller "App\Controllers\admin\Admin" loaded.
INFO - 2021-05-21 09:37:24 --> Session: Class initialized using 'CodeIgniter\Session\Handlers\FileHandler' driver.
INFO - 2021-05-21 09:37:24 --> Controller "App\Controllers\admin\Admin" loaded.
INFO - 2021-05-21 09:37:28 --> Session: Class initialized using 'CodeIgniter\Session\Handlers\FileHandler' driver.
INFO - 2021-05-21 09:37:28 --> Controller "App\Controllers\admin\Admin" loaded.
INFO - 2021-05-21 09:37:28 --> Session: Class initialized using 'CodeIgniter\Session\Handlers\FileHandler' driver.
INFO - 2021-05-21 09:37:28 --> Controller "App\Controllers\admin\Admin" loaded.
INFO - 2021-05-21 09:37:32 --> Controller "App\Controllers\base\Beranda" loaded.
INFO - 2021-05-21 09:37:34 --> Session: Class initialized using 'CodeIgniter\Session\Handlers\FileHandler' driver.
INFO - 2021-05-21 09:37:34 --> Controller "App\Controllers\base\Order" loaded.
INFO - 2021-05-21 09:37:34 --> Controller "App\Controllers\base\Beranda" loaded.
INFO - 2021-05-21 09:37:47 --> Session: Class initialized using 'CodeIgniter\Session\Handlers\FileHandler' driver.
INFO - 2021-05-21 09:37:47 --> Controller "App\Controllers\admin\Admin" loaded.
INFO - 2021-05-21 09:37:47 --> Session: Class initialized using 'CodeIgniter\Session\Handlers\FileHandler' driver.
INFO - 2021-05-21 09:37:47 --> Controller "App\Controllers\admin\Admin" loaded.
INFO - 2021-05-21 09:37:51 --> Controller "App\Controllers\base\Beranda" loaded.
INFO - 2021-05-21 09:38:17 --> Session: Class initialized using 'CodeIgniter\Session\Handlers\FileHandler' driver.
INFO - 2021-05-21 09:38:17 --> Controller "App\Controllers\admin\Admin" loaded.
INFO - 2021-05-21 10:34:39 --> Controller "App\Controllers\base\Beranda" loaded.
INFO - 2021-05-21 10:40:05 --> Controller "App\Controllers\base\Beranda" loaded.
INFO - 2021-05-21 10:40:49 --> Controller "App\Controllers\base\Beranda" loaded.
INFO - 2021-05-21 10:51:52 --> Controller "App\Controllers\base\Beranda" loaded.
INFO - 2021-05-21 11:09:38 --> Session: Class initialized using 'CodeIgniter\Session\Handlers\FileHandler' driver.
INFO - 2021-05-21 11:09:38 --> Controller "App\Controllers\base\Order" loaded.
INFO - 2021-05-21 11:19:40 --> Controller "App\Controllers\base\Beranda" loaded.
INFO - 2021-05-21 11:27:08 --> Session: Class initialized using 'CodeIgniter\Session\Handlers\FileHandler' driver.
INFO - 2021-05-21 11:27:08 --> Controller "App\Controllers\base\Order" loaded.
INFO - 2021-05-21 11:41:13 --> Session: Class initialized using 'CodeIgniter\Session\Handlers\FileHandler' driver.
INFO - 2021-05-21 11:41:13 --> Controller "App\Controllers\undangan\Undangan" loaded.
INFO - 2021-05-21 12:38:15 --> Controller "App\Controllers\base\Beranda" loaded.
INFO - 2021-05-21 12:45:56 --> Session: Class initialized using 'CodeIgniter\Session\Handlers\FileHandler' driver.
INFO - 2021-05-21 12:46:15 --> Session: Class initialized using 'CodeIgniter\Session\Handlers\FileHandler' driver.
INFO - 2021-05-21 12:46:15 --> Controller "App\Controllers\admin\Admin" loaded.
INFO - 2021-05-21 12:58:30 --> Session: Class initialized using 'CodeIgniter\Session\Handlers\FileHandler' driver.
INFO - 2021-05-21 12:58:30 --> Controller "App\Controllers\undangan\Undangan" loaded.
INFO - 2021-05-21 13:32:10 --> Controller "App\Controllers\base\Beranda" loaded.
INFO - 2021-05-21 13:32:15 --> Controller "App\Controllers\base\Beranda" loaded.
INFO - 2021-05-21 13:32:16 --> Controller "App\Controllers\base\Beranda" loaded.
INFO - 2021-05-21 13:32:18 --> Session: Class initialized using 'CodeIgniter\Session\Handlers\FileHandler' driver.
INFO - 2021-05-21 13:32:18 --> Controller "App\Controllers\base\Dashboard" loaded.
INFO - 2021-05-21 13:32:19 --> Session: Class initialized using 'CodeIgniter\Session\Handlers\FileHandler' driver.
INFO - 2021-05-21 13:32:19 --> Controller "App\Controllers\base\Order" loaded.
INFO - 2021-05-21 13:32:21 --> Session: Class initialized using 'CodeIgniter\Session\Handlers\FileHandler' driver.
INFO - 2021-05-21 13:32:21 --> Controller "App\Controllers\base\Order" loaded.
INFO - 2021-05-21 13:32:22 --> Controller "App\Controllers\base\Beranda" loaded.
INFO - 2021-05-21 13:32:24 --> Session: Class initialized using 'CodeIgniter\Session\Handlers\FileHandler' driver.
INFO - 2021-05-21 13:32:24 --> Controller "App\Controllers\base\Order" loaded.
INFO - 2021-05-21 13:32:26 --> Controller "App\Controllers\base\Beranda" loaded.
INFO - 2021-05-21 13:32:27 --> Session: Class initialized using 'CodeIgniter\Session\Handlers\FileHandler' driver.
INFO - 2021-05-21 13:32:27 --> Controller "App\Controllers\base\Order" loaded.
INFO - 2021-05-21 13:32:29 --> Controller "App\Controllers\base\Beranda" loaded.
INFO - 2021-05-21 13:32:31 --> Session: Class initialized using 'CodeIgniter\Session\Handlers\FileHandler' driver.
INFO - 2021-05-21 13:32:31 --> Controller "App\Controllers\base\Order" loaded.
INFO - 2021-05-21 13:32:32 --> Controller "App\Controllers\base\Beranda" loaded.
INFO - 2021-05-21 13:32:34 --> Controller "App\Controllers\base\Beranda" loaded.
INFO - 2021-05-21 13:32:35 --> Controller "App\Controllers\base\Beranda" loaded.
INFO - 2021-05-21 13:32:53 --> Controller "App\Controllers\base\Beranda" loaded.
INFO - 2021-05-21 14:04:37 --> Controller "App\Controllers\base\Beranda" loaded.
INFO - 2021-05-21 14:04:52 --> Session: Class initialized using 'CodeIgniter\Session\Handlers\FileHandler' driver.
INFO - 2021-05-21 14:04:52 --> Controller "App\Controllers\undangan\Undangan" loaded.
INFO - 2021-05-21 14:18:52 --> Session: Class initialized using 'CodeIgniter\Session\Handlers\FileHandler' driver.
INFO - 2021-05-21 14:18:52 --> Controller "App\Controllers\undangan\Undangan" loaded.
INFO - 2021-05-21 14:27:57 --> Controller "App\Controllers\base\Beranda" loaded.
INFO - 2021-05-21 14:52:18 --> Controller "App\Controllers\base\Beranda" loaded.
INFO - 2021-05-21 14:59:55 --> Controller "App\Controllers\base\Beranda" loaded.
INFO - 2021-05-21 15:00:38 --> Controller "App\Controllers\base\Beranda" loaded.
INFO - 2021-05-21 15:25:06 --> Controller "App\Controllers\base\Beranda" loaded.
INFO - 2021-05-21 15:25:12 --> Controller "App\Controllers\base\Beranda" loaded.
INFO - 2021-05-21 15:25:34 --> Controller "App\Controllers\base\Beranda" loaded.
INFO - 2021-05-21 15:26:35 --> Controller "App\Controllers\base\Beranda" loaded.
INFO - 2021-05-21 15:43:20 --> Controller "App\Controllers\base\Beranda" loaded.
INFO - 2021-05-21 15:43:25 --> Controller "App\Controllers\base\Beranda" loaded.
INFO - 2021-05-21 16:04:35 --> Session: Class initialized using 'CodeIgniter\Session\Handlers\FileHandler' driver.
INFO - 2021-05-21 16:04:35 --> Controller "App\Controllers\base\Dashboard" loaded.
INFO - 2021-05-21 16:06:23 --> Session: Class initialized using 'CodeIgniter\Session\Handlers\FileHandler' driver.
INFO - 2021-05-21 16:06:23 --> Controller "App\Controllers\base\Dashboard" loaded.
INFO - 2021-05-21 17:52:28 --> Session: Class initialized using 'CodeIgniter\Session\Handlers\FileHandler' driver.
INFO - 2021-05-21 17:52:28 --> Controller "App\Controllers\undangan\Undangan" loaded.
INFO - 2021-05-21 17:54:02 --> Controller "App\Controllers\base\Beranda" loaded.
INFO - 2021-05-21 17:54:14 --> Session: Class initialized using 'CodeIgniter\Session\Handlers\FileHandler' driver.
INFO - 2021-05-21 17:54:14 --> Controller "App\Controllers\base\Dashboard" loaded.
INFO - 2021-05-21 17:54:33 --> Session: Class initialized using 'CodeIgniter\Session\Handlers\FileHandler' driver.
INFO - 2021-05-21 17:54:33 --> Controller "App\Controllers\base\Dashboard" loaded.
INFO - 2021-05-21 17:54:34 --> Session: Class initialized using 'CodeIgniter\Session\Handlers\FileHandler' driver.
INFO - 2021-05-21 17:54:34 --> Controller "App\Controllers\base\Dashboard" loaded.
INFO - 2021-05-21 17:54:47 --> Session: Class initialized using 'CodeIgniter\Session\Handlers\FileHandler' driver.
INFO - 2021-05-21 17:54:47 --> Controller "App\Controllers\base\Dashboard" loaded.
INFO - 2021-05-21 17:54:59 --> Session: Class initialized using 'CodeIgniter\Session\Handlers\FileHandler' driver.
INFO - 2021-05-21 17:54:59 --> Controller "App\Controllers\base\Dashboard" loaded.
INFO - 2021-05-21 17:55:08 --> Session: Class initialized using 'CodeIgniter\Session\Handlers\FileHandler' driver.
INFO - 2021-05-21 17:55:08 --> Controller "App\Controllers\base\Dashboard" loaded.
INFO - 2021-05-21 17:55:17 --> Session: Class initialized using 'CodeIgniter\Session\Handlers\FileHandler' driver.
INFO - 2021-05-21 17:55:17 --> Controller "App\Controllers\base\Dashboard" loaded.
INFO - 2021-05-21 17:55:17 --> Session: Class initialized using 'CodeIgniter\Session\Handlers\FileHandler' driver.
INFO - 2021-05-21 17:55:17 --> Controller "App\Controllers\base\Dashboard" loaded.
INFO - 2021-05-21 17:55:21 --> Session: Class initialized using 'CodeIgniter\Session\Handlers\FileHandler' driver.
INFO - 2021-05-21 17:55:21 --> Controller "App\Controllers\base\Dashboard" loaded.
INFO - 2021-05-21 17:55:23 --> Session: Class initialized using 'CodeIgniter\Session\Handlers\FileHandler' driver.
INFO - 2021-05-21 17:55:23 --> Controller "App\Controllers\undangan\Undangan" loaded.
INFO - 2021-05-21 17:55:45 --> Session: Class initialized using 'CodeIgniter\Session\Handlers\FileHandler' driver.
INFO - 2021-05-21 17:55:45 --> Controller "App\Controllers\base\Dashboard" loaded.
INFO - 2021-05-21 17:55:51 --> Session: Class initialized using 'CodeIgniter\Session\Handlers\FileHandler' driver.
INFO - 2021-05-21 17:55:51 --> Controller "App\Controllers\base\Dashboard" loaded.
INFO - 2021-05-21 17:55:56 --> Session: Class initialized using 'CodeIgniter\Session\Handlers\FileHandler' driver.
INFO - 2021-05-21 17:55:56 --> Controller "App\Controllers\base\Dashboard" loaded.
INFO - 2021-05-21 17:55:56 --> Session: Class initialized using 'CodeIgniter\Session\Handlers\FileHandler' driver.
INFO - 2021-05-21 17:55:56 --> Controller "App\Controllers\base\Dashboard" loaded.
INFO - 2021-05-21 18:01:32 --> Controller "App\Controllers\base\Beranda" loaded.
INFO - 2021-05-21 18:26:58 --> Controller "App\Controllers\base\Beranda" loaded.
INFO - 2021-05-21 18:37:19 --> Session: Class initialized using 'CodeIgniter\Session\Handlers\FileHandler' driver.
INFO - 2021-05-21 18:37:19 --> Controller "App\Controllers\base\Dashboard" loaded.
INFO - 2021-05-21 18:37:28 --> Session: Class initialized using 'CodeIgniter\Session\Handlers\FileHandler' driver.
INFO - 2021-05-21 18:37:28 --> Controller "App\Controllers\base\Dashboard" loaded.
INFO - 2021-05-21 18:40:49 --> Controller "App\Controllers\base\Beranda" loaded.
INFO - 2021-05-21 18:43:01 --> Session: Class initialized using 'CodeIgniter\Session\Handlers\FileHandler' driver.
INFO - 2021-05-21 18:43:01 --> Controller "App\Controllers\base\Order" loaded.
INFO - 2021-05-21 18:43:02 --> Controller "App\Controllers\base\Beranda" loaded.
INFO - 2021-05-21 18:51:45 --> Controller "App\Controllers\base\Beranda" loaded.
INFO - 2021-05-21 19:03:55 --> Controller "App\Controllers\base\Beranda" loaded.
INFO - 2021-05-21 19:12:09 --> Session: Class initialized using 'CodeIgniter\Session\Handlers\FileHandler' driver.
INFO - 2021-05-21 19:12:09 --> Controller "App\Controllers\undangan\Undangan" loaded.
INFO - 2021-05-21 19:13:36 --> Controller "App\Controllers\base\Beranda" loaded.
INFO - 2021-05-21 19:13:36 --> Controller "App\Controllers\base\Beranda" loaded.
INFO - 2021-05-21 19:13:37 --> Controller "App\Controllers\base\Beranda" loaded.
INFO - 2021-05-21 19:13:37 --> Controller "App\Controllers\base\Beranda" loaded.
INFO - 2021-05-21 19:13:38 --> Controller "App\Controllers\base\Beranda" loaded.
INFO - 2021-05-21 19:13:39 --> Controller "App\Controllers\base\Beranda" loaded.
INFO - 2021-05-21 19:13:39 --> Controller "App\Controllers\base\Beranda" loaded.
INFO - 2021-05-21 19:13:40 --> Controller "App\Controllers\base\Beranda" loaded.
INFO - 2021-05-21 19:13:40 --> Controller "App\Controllers\base\Beranda" loaded.
INFO - 2021-05-21 19:13:41 --> Controller "App\Controllers\base\Beranda" loaded.
INFO - 2021-05-21 19:13:42 --> Controller "App\Controllers\base\Beranda" loaded.
INFO - 2021-05-21 19:13:42 --> Controller "App\Controllers\base\Beranda" loaded.
INFO - 2021-05-21 19:13:42 --> Controller "App\Controllers\base\Beranda" loaded.
INFO - 2021-05-21 19:13:42 --> Controller "App\Controllers\base\Beranda" loaded.
INFO - 2021-05-21 19:13:43 --> Controller "App\Controllers\base\Beranda" loaded.
INFO - 2021-05-21 19:13:43 --> Controller "App\Controllers\base\Beranda" loaded.
INFO - 2021-05-21 19:13:43 --> Controller "App\Controllers\base\Beranda" loaded.
INFO - 2021-05-21 19:13:44 --> Controller "App\Controllers\base\Beranda" loaded.
INFO - 2021-05-21 19:13:44 --> Controller "App\Controllers\base\Beranda" loaded.
INFO - 2021-05-21 19:13:44 --> Controller "App\Controllers\base\Beranda" loaded.
INFO - 2021-05-21 19:19:16 --> Controller "App\Controllers\base\Beranda" loaded.
INFO - 2021-05-21 20:00:12 --> Session: Class initialized using 'CodeIgniter\Session\Handlers\FileHandler' driver.
INFO - 2021-05-21 20:00:12 --> Controller "App\Controllers\base\Order" loaded.
INFO - 2021-05-21 20:00:52 --> Session: Class initialized using 'CodeIgniter\Session\Handlers\FileHandler' driver.
INFO - 2021-05-21 20:00:52 --> Controller "App\Controllers\base\Order" loaded.
INFO - 2021-05-21 20:04:01 --> Session: Class initialized using 'CodeIgniter\Session\Handlers\FileHandler' driver.
INFO - 2021-05-21 20:04:01 --> Controller "App\Controllers\admin\Admin" loaded.
INFO - 2021-05-21 20:14:09 --> Controller "App\Controllers\base\Beranda" loaded.
INFO - 2021-05-21 20:28:05 --> Session: Class initialized using 'CodeIgniter\Session\Handlers\FileHandler' driver.
INFO - 2021-05-21 20:28:05 --> Controller "App\Controllers\undangan\Undangan" loaded.
INFO - 2021-05-21 20:36:09 --> Controller "App\Controllers\base\Beranda" loaded.
INFO - 2021-05-21 21:29:55 --> Session: Class initialized using 'CodeIgniter\Session\Handlers\FileHandler' driver.
INFO - 2021-05-21 21:29:55 --> Controller "App\Controllers\base\Dashboard" loaded.
INFO - 2021-05-21 22:07:09 --> Session: Class initialized using 'CodeIgniter\Session\Handlers\FileHandler' driver.
INFO - 2021-05-21 22:07:09 --> Controller "App\Controllers\undangan\Undangan" loaded.
