INFO - 2021-02-10 07:54:37 --> Controller "App\Controllers\base\Beranda" loaded.
INFO - 2021-02-10 07:58:06 --> Controller "App\Controllers\base\Beranda" loaded.
INFO - 2021-02-10 07:58:09 --> Controller "App\Controllers\base\Beranda" loaded.
INFO - 2021-02-10 07:58:10 --> Controller "App\Controllers\base\Beranda" loaded.
INFO - 2021-02-10 07:58:11 --> Controller "App\Controllers\base\Beranda" loaded.
INFO - 2021-02-10 07:58:11 --> Controller "App\Controllers\base\Beranda" loaded.
INFO - 2021-02-10 07:58:13 --> Controller "App\Controllers\base\Beranda" loaded.
INFO - 2021-02-10 07:58:13 --> Controller "App\Controllers\base\Beranda" loaded.
INFO - 2021-02-10 08:21:32 --> Controller "App\Controllers\base\Beranda" loaded.
INFO - 2021-02-10 08:21:39 --> Controller "App\Controllers\base\Beranda" loaded.
INFO - 2021-02-10 08:21:41 --> Controller "App\Controllers\base\Beranda" loaded.
INFO - 2021-02-10 08:21:42 --> Controller "App\Controllers\base\Beranda" loaded.
INFO - 2021-02-10 08:21:43 --> Controller "App\Controllers\base\Beranda" loaded.
INFO - 2021-02-10 08:21:45 --> Controller "App\Controllers\base\Beranda" loaded.
INFO - 2021-02-10 08:21:45 --> Controller "App\Controllers\base\Beranda" loaded.
INFO - 2021-02-10 08:25:25 --> Controller "App\Controllers\base\Beranda" loaded.
INFO - 2021-02-10 08:25:37 --> Controller "App\Controllers\base\Beranda" loaded.
INFO - 2021-02-10 08:25:38 --> Controller "App\Controllers\base\Beranda" loaded.
INFO - 2021-02-10 08:25:41 --> Controller "App\Controllers\base\Beranda" loaded.
INFO - 2021-02-10 08:25:55 --> Controller "App\Controllers\base\Beranda" loaded.
INFO - 2021-02-10 08:25:59 --> Session: Class initialized using 'CodeIgniter\Session\Handlers\FileHandler' driver.
INFO - 2021-02-10 08:25:59 --> Controller "App\Controllers\base\Order" loaded.
INFO - 2021-02-10 08:27:37 --> Session: Class initialized using 'CodeIgniter\Session\Handlers\FileHandler' driver.
INFO - 2021-02-10 08:27:37 --> Controller "App\Controllers\base\Order" loaded.
INFO - 2021-02-10 08:27:38 --> Controller "App\Controllers\base\Beranda" loaded.
INFO - 2021-02-10 08:27:41 --> Controller "App\Controllers\base\Beranda" loaded.
INFO - 2021-02-10 08:27:53 --> Session: Class initialized using 'CodeIgniter\Session\Handlers\FileHandler' driver.
INFO - 2021-02-10 08:27:53 --> Controller "App\Controllers\base\Dashboard" loaded.
INFO - 2021-02-10 08:28:48 --> Session: Class initialized using 'CodeIgniter\Session\Handlers\FileHandler' driver.
INFO - 2021-02-10 08:28:48 --> Controller "App\Controllers\base\Dashboard" loaded.
INFO - 2021-02-10 08:28:58 --> Session: Class initialized using 'CodeIgniter\Session\Handlers\FileHandler' driver.
INFO - 2021-02-10 08:28:58 --> Controller "App\Controllers\base\Dashboard" loaded.
INFO - 2021-02-10 08:28:59 --> Session: Class initialized using 'CodeIgniter\Session\Handlers\FileHandler' driver.
INFO - 2021-02-10 08:28:59 --> Controller "App\Controllers\base\Dashboard" loaded.
INFO - 2021-02-10 08:29:03 --> Session: Class initialized using 'CodeIgniter\Session\Handlers\FileHandler' driver.
INFO - 2021-02-10 08:29:03 --> Controller "App\Controllers\base\Dashboard" loaded.
INFO - 2021-02-10 08:29:06 --> Session: Class initialized using 'CodeIgniter\Session\Handlers\FileHandler' driver.
INFO - 2021-02-10 08:29:06 --> Controller "App\Controllers\base\Dashboard" loaded.
INFO - 2021-02-10 08:29:17 --> Session: Class initialized using 'CodeIgniter\Session\Handlers\FileHandler' driver.
INFO - 2021-02-10 08:29:17 --> Controller "App\Controllers\base\Dashboard" loaded.
INFO - 2021-02-10 08:29:17 --> Session: Class initialized using 'CodeIgniter\Session\Handlers\FileHandler' driver.
INFO - 2021-02-10 08:29:17 --> Controller "App\Controllers\base\Dashboard" loaded.
INFO - 2021-02-10 08:29:22 --> Session: Class initialized using 'CodeIgniter\Session\Handlers\FileHandler' driver.
INFO - 2021-02-10 08:29:22 --> Controller "App\Controllers\base\Dashboard" loaded.
INFO - 2021-02-10 08:29:30 --> Session: Class initialized using 'CodeIgniter\Session\Handlers\FileHandler' driver.
INFO - 2021-02-10 08:29:30 --> Controller "App\Controllers\base\Dashboard" loaded.
INFO - 2021-02-10 08:29:31 --> Session: Class initialized using 'CodeIgniter\Session\Handlers\FileHandler' driver.
INFO - 2021-02-10 08:29:31 --> Controller "App\Controllers\base\Dashboard" loaded.
INFO - 2021-02-10 08:29:57 --> Session: Class initialized using 'CodeIgniter\Session\Handlers\FileHandler' driver.
INFO - 2021-02-10 08:29:57 --> Controller "App\Controllers\admin\Admin" loaded.
INFO - 2021-02-10 08:30:05 --> Session: Class initialized using 'CodeIgniter\Session\Handlers\FileHandler' driver.
INFO - 2021-02-10 08:30:05 --> Controller "App\Controllers\admin\Admin" loaded.
INFO - 2021-02-10 08:30:20 --> Session: Class initialized using 'CodeIgniter\Session\Handlers\FileHandler' driver.
INFO - 2021-02-10 08:30:20 --> Controller "App\Controllers\admin\Admin" loaded.
INFO - 2021-02-10 08:30:21 --> Session: Class initialized using 'CodeIgniter\Session\Handlers\FileHandler' driver.
INFO - 2021-02-10 08:30:21 --> Controller "App\Controllers\admin\Admin" loaded.
INFO - 2021-02-10 08:30:34 --> Session: Class initialized using 'CodeIgniter\Session\Handlers\FileHandler' driver.
INFO - 2021-02-10 08:30:34 --> Controller "App\Controllers\admin\Admin" loaded.
INFO - 2021-02-10 08:30:42 --> Session: Class initialized using 'CodeIgniter\Session\Handlers\FileHandler' driver.
INFO - 2021-02-10 08:30:42 --> Controller "App\Controllers\admin\Admin" loaded.
INFO - 2021-02-10 08:30:45 --> Session: Class initialized using 'CodeIgniter\Session\Handlers\FileHandler' driver.
INFO - 2021-02-10 08:30:45 --> Controller "App\Controllers\admin\Admin" loaded.
INFO - 2021-02-10 08:30:48 --> Session: Class initialized using 'CodeIgniter\Session\Handlers\FileHandler' driver.
INFO - 2021-02-10 08:30:48 --> Controller "App\Controllers\admin\Admin" loaded.
INFO - 2021-02-10 08:30:49 --> Session: Class initialized using 'CodeIgniter\Session\Handlers\FileHandler' driver.
INFO - 2021-02-10 08:30:49 --> Controller "App\Controllers\admin\Admin" loaded.
INFO - 2021-02-10 08:30:53 --> Session: Class initialized using 'CodeIgniter\Session\Handlers\FileHandler' driver.
INFO - 2021-02-10 08:30:53 --> Controller "App\Controllers\admin\Admin" loaded.
INFO - 2021-02-10 08:31:15 --> Session: Class initialized using 'CodeIgniter\Session\Handlers\FileHandler' driver.
INFO - 2021-02-10 08:31:15 --> Controller "App\Controllers\admin\Admin" loaded.
INFO - 2021-02-10 08:31:16 --> Session: Class initialized using 'CodeIgniter\Session\Handlers\FileHandler' driver.
INFO - 2021-02-10 08:31:16 --> Controller "App\Controllers\admin\Admin" loaded.
INFO - 2021-02-10 08:31:19 --> Session: Class initialized using 'CodeIgniter\Session\Handlers\FileHandler' driver.
INFO - 2021-02-10 08:31:19 --> Controller "App\Controllers\admin\Admin" loaded.
INFO - 2021-02-10 08:33:00 --> Session: Class initialized using 'CodeIgniter\Session\Handlers\FileHandler' driver.
INFO - 2021-02-10 08:33:00 --> Controller "App\Controllers\admin\Admin" loaded.
INFO - 2021-02-10 08:44:26 --> Session: Class initialized using 'CodeIgniter\Session\Handlers\FileHandler' driver.
INFO - 2021-02-10 08:44:26 --> Controller "App\Controllers\admin\Admin" loaded.
INFO - 2021-02-10 08:48:17 --> Session: Class initialized using 'CodeIgniter\Session\Handlers\FileHandler' driver.
INFO - 2021-02-10 08:48:17 --> Controller "App\Controllers\admin\Admin" loaded.
INFO - 2021-02-10 08:48:23 --> Session: Class initialized using 'CodeIgniter\Session\Handlers\FileHandler' driver.
INFO - 2021-02-10 08:48:23 --> Controller "App\Controllers\admin\Admin" loaded.
INFO - 2021-02-10 08:48:29 --> Session: Class initialized using 'CodeIgniter\Session\Handlers\FileHandler' driver.
INFO - 2021-02-10 08:48:29 --> Controller "App\Controllers\admin\Admin" loaded.
INFO - 2021-02-10 08:48:37 --> Session: Class initialized using 'CodeIgniter\Session\Handlers\FileHandler' driver.
INFO - 2021-02-10 08:48:37 --> Controller "App\Controllers\admin\Admin" loaded.
INFO - 2021-02-10 08:48:38 --> Session: Class initialized using 'CodeIgniter\Session\Handlers\FileHandler' driver.
INFO - 2021-02-10 08:48:38 --> Controller "App\Controllers\admin\Admin" loaded.
INFO - 2021-02-10 08:49:32 --> Controller "App\Controllers\base\Beranda" loaded.
INFO - 2021-02-10 08:49:32 --> Controller "App\Controllers\base\Beranda" loaded.
INFO - 2021-02-10 08:50:01 --> Session: Class initialized using 'CodeIgniter\Session\Handlers\FileHandler' driver.
INFO - 2021-02-10 08:50:01 --> Controller "App\Controllers\base\Order" loaded.
INFO - 2021-02-10 08:50:22 --> Session: Class initialized using 'CodeIgniter\Session\Handlers\FileHandler' driver.
INFO - 2021-02-10 08:50:22 --> Controller "App\Controllers\base\Order" loaded.
INFO - 2021-02-10 08:50:32 --> Session: Class initialized using 'CodeIgniter\Session\Handlers\FileHandler' driver.
INFO - 2021-02-10 08:50:32 --> Controller "App\Controllers\base\Order" loaded.
INFO - 2021-02-10 08:51:51 --> Session: Class initialized using 'CodeIgniter\Session\Handlers\FileHandler' driver.
INFO - 2021-02-10 08:51:51 --> Controller "App\Controllers\base\Order" loaded.
INFO - 2021-02-10 08:53:27 --> Session: Class initialized using 'CodeIgniter\Session\Handlers\FileHandler' driver.
INFO - 2021-02-10 08:53:27 --> Controller "App\Controllers\base\Order" loaded.
INFO - 2021-02-10 08:53:29 --> Session: Class initialized using 'CodeIgniter\Session\Handlers\FileHandler' driver.
INFO - 2021-02-10 08:53:29 --> Controller "App\Controllers\base\Order" loaded.
INFO - 2021-02-10 08:54:10 --> Session: Class initialized using 'CodeIgniter\Session\Handlers\FileHandler' driver.
INFO - 2021-02-10 08:54:10 --> Controller "App\Controllers\base\Order" loaded.
INFO - 2021-02-10 08:54:14 --> Session: Class initialized using 'CodeIgniter\Session\Handlers\FileHandler' driver.
INFO - 2021-02-10 08:54:14 --> Controller "App\Controllers\base\Order" loaded.
INFO - 2021-02-10 08:54:15 --> Controller "App\Controllers\base\Beranda" loaded.
INFO - 2021-02-10 08:54:16 --> Session: Class initialized using 'CodeIgniter\Session\Handlers\FileHandler' driver.
INFO - 2021-02-10 08:54:16 --> Controller "App\Controllers\base\Order" loaded.
INFO - 2021-02-10 08:54:20 --> Session: Class initialized using 'CodeIgniter\Session\Handlers\FileHandler' driver.
INFO - 2021-02-10 08:54:20 --> Controller "App\Controllers\base\Order" loaded.
INFO - 2021-02-10 08:54:20 --> Controller "App\Controllers\base\Beranda" loaded.
INFO - 2021-02-10 08:54:23 --> Session: Class initialized using 'CodeIgniter\Session\Handlers\FileHandler' driver.
INFO - 2021-02-10 08:54:23 --> Controller "App\Controllers\base\Order" loaded.
INFO - 2021-02-10 08:54:26 --> Session: Class initialized using 'CodeIgniter\Session\Handlers\FileHandler' driver.
INFO - 2021-02-10 08:54:26 --> Controller "App\Controllers\base\Order" loaded.
INFO - 2021-02-10 08:54:26 --> Session: Class initialized using 'CodeIgniter\Session\Handlers\FileHandler' driver.
INFO - 2021-02-10 08:54:26 --> Controller "App\Controllers\base\Order" loaded.
INFO - 2021-02-10 08:54:35 --> Session: Class initialized using 'CodeIgniter\Session\Handlers\FileHandler' driver.
INFO - 2021-02-10 08:54:35 --> Controller "App\Controllers\base\Dashboard" loaded.
INFO - 2021-02-10 08:54:35 --> Session: Class initialized using 'CodeIgniter\Session\Handlers\FileHandler' driver.
INFO - 2021-02-10 08:54:35 --> Controller "App\Controllers\base\Dashboard" loaded.
INFO - 2021-02-10 08:54:46 --> Session: Class initialized using 'CodeIgniter\Session\Handlers\FileHandler' driver.
INFO - 2021-02-10 08:54:46 --> Controller "App\Controllers\base\Dashboard" loaded.
INFO - 2021-02-10 08:54:46 --> Session: Class initialized using 'CodeIgniter\Session\Handlers\FileHandler' driver.
INFO - 2021-02-10 08:54:46 --> Controller "App\Controllers\base\Dashboard" loaded.
INFO - 2021-02-10 08:54:54 --> Session: Class initialized using 'CodeIgniter\Session\Handlers\FileHandler' driver.
INFO - 2021-02-10 08:54:54 --> Controller "App\Controllers\base\Dashboard" loaded.
INFO - 2021-02-10 08:55:26 --> Session: Class initialized using 'CodeIgniter\Session\Handlers\FileHandler' driver.
INFO - 2021-02-10 08:55:26 --> Controller "App\Controllers\base\Dashboard" loaded.
INFO - 2021-02-10 08:55:26 --> Session: Class initialized using 'CodeIgniter\Session\Handlers\FileHandler' driver.
INFO - 2021-02-10 08:55:26 --> Controller "App\Controllers\base\Dashboard" loaded.
INFO - 2021-02-10 08:55:31 --> Session: Class initialized using 'CodeIgniter\Session\Handlers\FileHandler' driver.
INFO - 2021-02-10 08:55:31 --> Controller "App\Controllers\base\Dashboard" loaded.
INFO - 2021-02-10 08:55:39 --> Session: Class initialized using 'CodeIgniter\Session\Handlers\FileHandler' driver.
INFO - 2021-02-10 08:55:39 --> Controller "App\Controllers\admin\Admin" loaded.
INFO - 2021-02-10 08:55:45 --> Session: Class initialized using 'CodeIgniter\Session\Handlers\FileHandler' driver.
INFO - 2021-02-10 08:55:45 --> Controller "App\Controllers\admin\Admin" loaded.
INFO - 2021-02-10 08:55:45 --> Session: Class initialized using 'CodeIgniter\Session\Handlers\FileHandler' driver.
INFO - 2021-02-10 08:55:45 --> Controller "App\Controllers\admin\Admin" loaded.
INFO - 2021-02-10 08:55:49 --> Session: Class initialized using 'CodeIgniter\Session\Handlers\FileHandler' driver.
INFO - 2021-02-10 08:55:49 --> Controller "App\Controllers\admin\Admin" loaded.
INFO - 2021-02-10 08:55:58 --> Session: Class initialized using 'CodeIgniter\Session\Handlers\FileHandler' driver.
INFO - 2021-02-10 08:55:58 --> Controller "App\Controllers\admin\Admin" loaded.
INFO - 2021-02-10 08:55:58 --> Session: Class initialized using 'CodeIgniter\Session\Handlers\FileHandler' driver.
INFO - 2021-02-10 08:55:58 --> Controller "App\Controllers\admin\Admin" loaded.
INFO - 2021-02-10 08:56:06 --> Session: Class initialized using 'CodeIgniter\Session\Handlers\FileHandler' driver.
INFO - 2021-02-10 08:56:06 --> Controller "App\Controllers\admin\Admin" loaded.
INFO - 2021-02-10 08:56:13 --> Session: Class initialized using 'CodeIgniter\Session\Handlers\FileHandler' driver.
INFO - 2021-02-10 08:56:13 --> Controller "App\Controllers\admin\Admin" loaded.
INFO - 2021-02-10 08:56:24 --> Session: Class initialized using 'CodeIgniter\Session\Handlers\FileHandler' driver.
INFO - 2021-02-10 08:56:24 --> Controller "App\Controllers\admin\Admin" loaded.
INFO - 2021-02-10 08:56:25 --> Session: Class initialized using 'CodeIgniter\Session\Handlers\FileHandler' driver.
INFO - 2021-02-10 08:56:25 --> Controller "App\Controllers\admin\Admin" loaded.
INFO - 2021-02-10 08:56:30 --> Session: Class initialized using 'CodeIgniter\Session\Handlers\FileHandler' driver.
INFO - 2021-02-10 08:56:30 --> Controller "App\Controllers\admin\Admin" loaded.
INFO - 2021-02-10 08:56:30 --> Session: Class initialized using 'CodeIgniter\Session\Handlers\FileHandler' driver.
INFO - 2021-02-10 08:56:30 --> Controller "App\Controllers\admin\Admin" loaded.
INFO - 2021-02-10 08:56:38 --> Controller "App\Controllers\base\Beranda" loaded.
INFO - 2021-02-10 08:56:39 --> Controller "App\Controllers\base\Beranda" loaded.
INFO - 2021-02-10 08:56:53 --> Session: Class initialized using 'CodeIgniter\Session\Handlers\FileHandler' driver.
INFO - 2021-02-10 08:56:53 --> Controller "App\Controllers\base\Order" loaded.
INFO - 2021-02-10 08:56:53 --> Controller "App\Controllers\base\Beranda" loaded.
INFO - 2021-02-10 08:56:57 --> Session: Class initialized using 'CodeIgniter\Session\Handlers\FileHandler' driver.
INFO - 2021-02-10 08:56:57 --> Controller "App\Controllers\base\Order" loaded.
INFO - 2021-02-10 08:57:08 --> Session: Class initialized using 'CodeIgniter\Session\Handlers\FileHandler' driver.
INFO - 2021-02-10 08:57:08 --> Controller "App\Controllers\base\Order" loaded.
INFO - 2021-02-10 08:59:51 --> Session: Class initialized using 'CodeIgniter\Session\Handlers\FileHandler' driver.
INFO - 2021-02-10 08:59:51 --> Controller "App\Controllers\base\Order" loaded.
INFO - 2021-02-10 09:00:13 --> Session: Class initialized using 'CodeIgniter\Session\Handlers\FileHandler' driver.
INFO - 2021-02-10 09:00:13 --> Controller "App\Controllers\base\Order" loaded.
INFO - 2021-02-10 09:05:13 --> Session: Class initialized using 'CodeIgniter\Session\Handlers\FileHandler' driver.
INFO - 2021-02-10 09:05:13 --> Controller "App\Controllers\admin\Admin" loaded.
INFO - 2021-02-10 09:05:19 --> Session: Class initialized using 'CodeIgniter\Session\Handlers\FileHandler' driver.
INFO - 2021-02-10 09:05:19 --> Controller "App\Controllers\admin\Admin" loaded.
INFO - 2021-02-10 09:05:19 --> Session: Class initialized using 'CodeIgniter\Session\Handlers\FileHandler' driver.
INFO - 2021-02-10 09:05:19 --> Controller "App\Controllers\admin\Admin" loaded.
INFO - 2021-02-10 09:05:36 --> Controller "App\Controllers\base\Beranda" loaded.
INFO - 2021-02-10 09:05:38 --> Controller "App\Controllers\base\Beranda" loaded.
INFO - 2021-02-10 09:05:40 --> Session: Class initialized using 'CodeIgniter\Session\Handlers\FileHandler' driver.
INFO - 2021-02-10 09:05:40 --> Controller "App\Controllers\base\Dashboard" loaded.
INFO - 2021-02-10 09:05:41 --> Session: Class initialized using 'CodeIgniter\Session\Handlers\FileHandler' driver.
INFO - 2021-02-10 09:05:41 --> Controller "App\Controllers\base\Dashboard" loaded.
INFO - 2021-02-10 09:05:45 --> Session: Class initialized using 'CodeIgniter\Session\Handlers\FileHandler' driver.
INFO - 2021-02-10 09:05:45 --> Controller "App\Controllers\base\Dashboard" loaded.
INFO - 2021-02-10 09:05:51 --> Session: Class initialized using 'CodeIgniter\Session\Handlers\FileHandler' driver.
INFO - 2021-02-10 09:05:51 --> Controller "App\Controllers\admin\Admin" loaded.
INFO - 2021-02-10 09:07:00 --> Session: Class initialized using 'CodeIgniter\Session\Handlers\FileHandler' driver.
INFO - 2021-02-10 09:07:00 --> Controller "App\Controllers\admin\Admin" loaded.
INFO - 2021-02-10 09:07:07 --> Session: Class initialized using 'CodeIgniter\Session\Handlers\FileHandler' driver.
INFO - 2021-02-10 09:07:07 --> Controller "App\Controllers\admin\Admin" loaded.
INFO - 2021-02-10 09:07:07 --> Session: Class initialized using 'CodeIgniter\Session\Handlers\FileHandler' driver.
INFO - 2021-02-10 09:07:07 --> Controller "App\Controllers\admin\Admin" loaded.
INFO - 2021-02-10 09:07:29 --> Session: Class initialized using 'CodeIgniter\Session\Handlers\FileHandler' driver.
INFO - 2021-02-10 09:07:29 --> Controller "App\Controllers\admin\Admin" loaded.
INFO - 2021-02-10 09:07:37 --> Session: Class initialized using 'CodeIgniter\Session\Handlers\FileHandler' driver.
INFO - 2021-02-10 09:07:37 --> Controller "App\Controllers\admin\Admin" loaded.
INFO - 2021-02-10 09:07:38 --> Session: Class initialized using 'CodeIgniter\Session\Handlers\FileHandler' driver.
INFO - 2021-02-10 09:07:38 --> Controller "App\Controllers\admin\Admin" loaded.
INFO - 2021-02-10 09:07:39 --> Session: Class initialized using 'CodeIgniter\Session\Handlers\FileHandler' driver.
INFO - 2021-02-10 09:07:39 --> Controller "App\Controllers\admin\Admin" loaded.
INFO - 2021-02-10 11:37:10 --> Session: Class initialized using 'CodeIgniter\Session\Handlers\FileHandler' driver.
INFO - 2021-02-10 11:37:10 --> Controller "App\Controllers\admin\Admin" loaded.
INFO - 2021-02-10 12:24:13 --> Controller "App\Controllers\base\Beranda" loaded.
INFO - 2021-02-10 12:24:16 --> Controller "App\Controllers\base\Beranda" loaded.
INFO - 2021-02-10 12:36:11 --> Controller "App\Controllers\base\Beranda" loaded.
INFO - 2021-02-10 12:49:51 --> Session: Class initialized using 'CodeIgniter\Session\Handlers\FileHandler' driver.
INFO - 2021-02-10 12:49:51 --> Controller "App\Controllers\admin\Admin" loaded.
INFO - 2021-02-10 13:08:19 --> Controller "App\Controllers\base\Beranda" loaded.
INFO - 2021-02-10 13:08:21 --> Controller "App\Controllers\base\Beranda" loaded.
INFO - 2021-02-10 15:14:18 --> Controller "App\Controllers\base\Beranda" loaded.
INFO - 2021-02-10 15:24:13 --> Controller "App\Controllers\base\Beranda" loaded.
INFO - 2021-02-10 15:32:39 --> Session: Class initialized using 'CodeIgniter\Session\Handlers\FileHandler' driver.
INFO - 2021-02-10 15:32:40 --> Controller "App\Controllers\admin\Admin" loaded.
INFO - 2021-02-10 15:41:59 --> Session: Class initialized using 'CodeIgniter\Session\Handlers\FileHandler' driver.
INFO - 2021-02-10 15:41:59 --> Controller "App\Controllers\admin\Admin" loaded.
INFO - 2021-02-10 16:40:42 --> Controller "App\Controllers\base\Beranda" loaded.
INFO - 2021-02-10 16:47:28 --> Session: Class initialized using 'CodeIgniter\Session\Handlers\FileHandler' driver.
INFO - 2021-02-10 16:47:28 --> Session: Class initialized using 'CodeIgniter\Session\Handlers\FileHandler' driver.
INFO - 2021-02-10 16:47:29 --> Controller "App\Controllers\admin\Admin" loaded.
INFO - 2021-02-10 16:48:49 --> Controller "App\Controllers\base\Beranda" loaded.
INFO - 2021-02-10 16:48:52 --> Controller "App\Controllers\base\Beranda" loaded.
INFO - 2021-02-10 16:48:57 --> Controller "App\Controllers\base\Beranda" loaded.
INFO - 2021-02-10 16:49:02 --> Controller "App\Controllers\base\Beranda" loaded.
INFO - 2021-02-10 16:49:34 --> Controller "App\Controllers\base\Beranda" loaded.
INFO - 2021-02-10 16:49:35 --> Controller "App\Controllers\base\Beranda" loaded.
INFO - 2021-02-10 16:49:36 --> Controller "App\Controllers\base\Beranda" loaded.
INFO - 2021-02-10 17:35:15 --> Controller "App\Controllers\base\Beranda" loaded.
INFO - 2021-02-10 17:41:39 --> Controller "App\Controllers\base\Beranda" loaded.
INFO - 2021-02-10 17:41:42 --> Session: Class initialized using 'CodeIgniter\Session\Handlers\FileHandler' driver.
INFO - 2021-02-10 17:41:42 --> Controller "App\Controllers\base\Order" loaded.
INFO - 2021-02-10 17:42:10 --> Session: Class initialized using 'CodeIgniter\Session\Handlers\FileHandler' driver.
INFO - 2021-02-10 17:42:10 --> Controller "App\Controllers\base\Order" loaded.
INFO - 2021-02-10 17:42:22 --> Session: Class initialized using 'CodeIgniter\Session\Handlers\FileHandler' driver.
INFO - 2021-02-10 17:42:22 --> Controller "App\Controllers\base\Order" loaded.
INFO - 2021-02-10 17:43:56 --> Session: Class initialized using 'CodeIgniter\Session\Handlers\FileHandler' driver.
INFO - 2021-02-10 17:43:56 --> Controller "App\Controllers\base\Order" loaded.
INFO - 2021-02-10 17:45:18 --> Session: Class initialized using 'CodeIgniter\Session\Handlers\FileHandler' driver.
INFO - 2021-02-10 17:45:18 --> Controller "App\Controllers\base\Order" loaded.
INFO - 2021-02-10 17:45:22 --> Session: Class initialized using 'CodeIgniter\Session\Handlers\FileHandler' driver.
INFO - 2021-02-10 17:45:22 --> Controller "App\Controllers\base\Order" loaded.
INFO - 2021-02-10 17:45:56 --> Session: Class initialized using 'CodeIgniter\Session\Handlers\FileHandler' driver.
INFO - 2021-02-10 17:45:56 --> Controller "App\Controllers\base\Order" loaded.
INFO - 2021-02-10 17:45:59 --> Session: Class initialized using 'CodeIgniter\Session\Handlers\FileHandler' driver.
INFO - 2021-02-10 17:45:59 --> Controller "App\Controllers\base\Order" loaded.
INFO - 2021-02-10 17:46:00 --> Controller "App\Controllers\base\Beranda" loaded.
INFO - 2021-02-10 17:46:02 --> Session: Class initialized using 'CodeIgniter\Session\Handlers\FileHandler' driver.
INFO - 2021-02-10 17:46:02 --> Controller "App\Controllers\base\Order" loaded.
INFO - 2021-02-10 17:46:06 --> Session: Class initialized using 'CodeIgniter\Session\Handlers\FileHandler' driver.
INFO - 2021-02-10 17:46:06 --> Controller "App\Controllers\base\Order" loaded.
INFO - 2021-02-10 17:46:06 --> Session: Class initialized using 'CodeIgniter\Session\Handlers\FileHandler' driver.
INFO - 2021-02-10 17:46:06 --> Controller "App\Controllers\base\Order" loaded.
INFO - 2021-02-10 17:46:35 --> Session: Class initialized using 'CodeIgniter\Session\Handlers\FileHandler' driver.
INFO - 2021-02-10 17:46:35 --> Controller "App\Controllers\admin\Admin" loaded.
INFO - 2021-02-10 17:46:43 --> Session: Class initialized using 'CodeIgniter\Session\Handlers\FileHandler' driver.
INFO - 2021-02-10 17:46:43 --> Controller "App\Controllers\admin\Admin" loaded.
INFO - 2021-02-10 17:47:00 --> Session: Class initialized using 'CodeIgniter\Session\Handlers\FileHandler' driver.
INFO - 2021-02-10 17:47:00 --> Controller "App\Controllers\admin\Admin" loaded.
INFO - 2021-02-10 17:47:01 --> Session: Class initialized using 'CodeIgniter\Session\Handlers\FileHandler' driver.
INFO - 2021-02-10 17:47:01 --> Controller "App\Controllers\admin\Admin" loaded.
INFO - 2021-02-10 17:47:05 --> Session: Class initialized using 'CodeIgniter\Session\Handlers\FileHandler' driver.
INFO - 2021-02-10 17:47:05 --> Controller "App\Controllers\admin\Admin" loaded.
INFO - 2021-02-10 17:47:10 --> Session: Class initialized using 'CodeIgniter\Session\Handlers\FileHandler' driver.
INFO - 2021-02-10 17:47:11 --> Controller "App\Controllers\admin\Admin" loaded.
CRITICAL - 2021-02-10 17:47:11 --> rmdir(assets/users/08f31b56e9aef982c238b7d3e5cf755c): Directory not empty
#0 [internal function]: CodeIgniter\Debug\Exceptions->errorHandler(2, 'rmdir(assets/us...', '/home/aguestpdm...', 90, Array)
#1 /home/aguestpdmy/public_html/project/ci_nikahan/app/Controllers/admin/Admin.php(90): rmdir('assets/users/08...')
#2 /home/aguestpdmy/public_html/project/ci_nikahan/system/CodeIgniter.php(910): App\Controllers\admin\Admin->do_hapus_user()
#3 /home/aguestpdmy/public_html/project/ci_nikahan/system/CodeIgniter.php(398): CodeIgniter\CodeIgniter->runController(Object(App\Controllers\admin\Admin))
#4 /home/aguestpdmy/public_html/project/ci_nikahan/system/CodeIgniter.php(306): CodeIgniter\CodeIgniter->handleRequest(NULL, Object(Config\Cache), false)
#5 /home/aguestpdmy/public_html/project/ci_nikahan/index.php(45): CodeIgniter\CodeIgniter->run()
#6 {main}
INFO - 2021-02-10 17:47:13 --> Session: Class initialized using 'CodeIgniter\Session\Handlers\FileHandler' driver.
INFO - 2021-02-10 17:47:13 --> Controller "App\Controllers\admin\Admin" loaded.
CRITICAL - 2021-02-10 17:47:13 --> rmdir(assets/users/08f31b56e9aef982c238b7d3e5cf755c): Directory not empty
#0 [internal function]: CodeIgniter\Debug\Exceptions->errorHandler(2, 'rmdir(assets/us...', '/home/aguestpdm...', 90, Array)
#1 /home/aguestpdmy/public_html/project/ci_nikahan/app/Controllers/admin/Admin.php(90): rmdir('assets/users/08...')
#2 /home/aguestpdmy/public_html/project/ci_nikahan/system/CodeIgniter.php(910): App\Controllers\admin\Admin->do_hapus_user()
#3 /home/aguestpdmy/public_html/project/ci_nikahan/system/CodeIgniter.php(398): CodeIgniter\CodeIgniter->runController(Object(App\Controllers\admin\Admin))
#4 /home/aguestpdmy/public_html/project/ci_nikahan/system/CodeIgniter.php(306): CodeIgniter\CodeIgniter->handleRequest(NULL, Object(Config\Cache), false)
#5 /home/aguestpdmy/public_html/project/ci_nikahan/index.php(45): CodeIgniter\CodeIgniter->run()
#6 {main}
INFO - 2021-02-10 17:47:14 --> Session: Class initialized using 'CodeIgniter\Session\Handlers\FileHandler' driver.
INFO - 2021-02-10 17:47:14 --> Controller "App\Controllers\admin\Admin" loaded.
CRITICAL - 2021-02-10 17:47:14 --> rmdir(assets/users/08f31b56e9aef982c238b7d3e5cf755c): Directory not empty
#0 [internal function]: CodeIgniter\Debug\Exceptions->errorHandler(2, 'rmdir(assets/us...', '/home/aguestpdm...', 90, Array)
#1 /home/aguestpdmy/public_html/project/ci_nikahan/app/Controllers/admin/Admin.php(90): rmdir('assets/users/08...')
#2 /home/aguestpdmy/public_html/project/ci_nikahan/system/CodeIgniter.php(910): App\Controllers\admin\Admin->do_hapus_user()
#3 /home/aguestpdmy/public_html/project/ci_nikahan/system/CodeIgniter.php(398): CodeIgniter\CodeIgniter->runController(Object(App\Controllers\admin\Admin))
#4 /home/aguestpdmy/public_html/project/ci_nikahan/system/CodeIgniter.php(306): CodeIgniter\CodeIgniter->handleRequest(NULL, Object(Config\Cache), false)
#5 /home/aguestpdmy/public_html/project/ci_nikahan/index.php(45): CodeIgniter\CodeIgniter->run()
#6 {main}
INFO - 2021-02-10 17:47:15 --> Session: Class initialized using 'CodeIgniter\Session\Handlers\FileHandler' driver.
INFO - 2021-02-10 17:47:15 --> Controller "App\Controllers\admin\Admin" loaded.
CRITICAL - 2021-02-10 17:47:15 --> rmdir(assets/users/08f31b56e9aef982c238b7d3e5cf755c): Directory not empty
#0 [internal function]: CodeIgniter\Debug\Exceptions->errorHandler(2, 'rmdir(assets/us...', '/home/aguestpdm...', 90, Array)
#1 /home/aguestpdmy/public_html/project/ci_nikahan/app/Controllers/admin/Admin.php(90): rmdir('assets/users/08...')
#2 /home/aguestpdmy/public_html/project/ci_nikahan/system/CodeIgniter.php(910): App\Controllers\admin\Admin->do_hapus_user()
#3 /home/aguestpdmy/public_html/project/ci_nikahan/system/CodeIgniter.php(398): CodeIgniter\CodeIgniter->runController(Object(App\Controllers\admin\Admin))
#4 /home/aguestpdmy/public_html/project/ci_nikahan/system/CodeIgniter.php(306): CodeIgniter\CodeIgniter->handleRequest(NULL, Object(Config\Cache), false)
#5 /home/aguestpdmy/public_html/project/ci_nikahan/index.php(45): CodeIgniter\CodeIgniter->run()
#6 {main}
INFO - 2021-02-10 17:47:15 --> Session: Class initialized using 'CodeIgniter\Session\Handlers\FileHandler' driver.
INFO - 2021-02-10 17:47:15 --> Controller "App\Controllers\admin\Admin" loaded.
CRITICAL - 2021-02-10 17:47:15 --> rmdir(assets/users/08f31b56e9aef982c238b7d3e5cf755c): Directory not empty
#0 [internal function]: CodeIgniter\Debug\Exceptions->errorHandler(2, 'rmdir(assets/us...', '/home/aguestpdm...', 90, Array)
#1 /home/aguestpdmy/public_html/project/ci_nikahan/app/Controllers/admin/Admin.php(90): rmdir('assets/users/08...')
#2 /home/aguestpdmy/public_html/project/ci_nikahan/system/CodeIgniter.php(910): App\Controllers\admin\Admin->do_hapus_user()
#3 /home/aguestpdmy/public_html/project/ci_nikahan/system/CodeIgniter.php(398): CodeIgniter\CodeIgniter->runController(Object(App\Controllers\admin\Admin))
#4 /home/aguestpdmy/public_html/project/ci_nikahan/system/CodeIgniter.php(306): CodeIgniter\CodeIgniter->handleRequest(NULL, Object(Config\Cache), false)
#5 /home/aguestpdmy/public_html/project/ci_nikahan/index.php(45): CodeIgniter\CodeIgniter->run()
#6 {main}
INFO - 2021-02-10 17:47:18 --> Session: Class initialized using 'CodeIgniter\Session\Handlers\FileHandler' driver.
INFO - 2021-02-10 17:47:18 --> Controller "App\Controllers\admin\Admin" loaded.
CRITICAL - 2021-02-10 17:47:18 --> rmdir(assets/users/ecf20bc3c66fbd47ebb7c2e1ec595734): Directory not empty
#0 [internal function]: CodeIgniter\Debug\Exceptions->errorHandler(2, 'rmdir(assets/us...', '/home/aguestpdm...', 90, Array)
#1 /home/aguestpdmy/public_html/project/ci_nikahan/app/Controllers/admin/Admin.php(90): rmdir('assets/users/ec...')
#2 /home/aguestpdmy/public_html/project/ci_nikahan/system/CodeIgniter.php(910): App\Controllers\admin\Admin->do_hapus_user()
#3 /home/aguestpdmy/public_html/project/ci_nikahan/system/CodeIgniter.php(398): CodeIgniter\CodeIgniter->runController(Object(App\Controllers\admin\Admin))
#4 /home/aguestpdmy/public_html/project/ci_nikahan/system/CodeIgniter.php(306): CodeIgniter\CodeIgniter->handleRequest(NULL, Object(Config\Cache), false)
#5 /home/aguestpdmy/public_html/project/ci_nikahan/index.php(45): CodeIgniter\CodeIgniter->run()
#6 {main}
INFO - 2021-02-10 17:47:18 --> Session: Class initialized using 'CodeIgniter\Session\Handlers\FileHandler' driver.
INFO - 2021-02-10 17:47:18 --> Controller "App\Controllers\admin\Admin" loaded.
CRITICAL - 2021-02-10 17:47:18 --> rmdir(assets/users/ecf20bc3c66fbd47ebb7c2e1ec595734): Directory not empty
#0 [internal function]: CodeIgniter\Debug\Exceptions->errorHandler(2, 'rmdir(assets/us...', '/home/aguestpdm...', 90, Array)
#1 /home/aguestpdmy/public_html/project/ci_nikahan/app/Controllers/admin/Admin.php(90): rmdir('assets/users/ec...')
#2 /home/aguestpdmy/public_html/project/ci_nikahan/system/CodeIgniter.php(910): App\Controllers\admin\Admin->do_hapus_user()
#3 /home/aguestpdmy/public_html/project/ci_nikahan/system/CodeIgniter.php(398): CodeIgniter\CodeIgniter->runController(Object(App\Controllers\admin\Admin))
#4 /home/aguestpdmy/public_html/project/ci_nikahan/system/CodeIgniter.php(306): CodeIgniter\CodeIgniter->handleRequest(NULL, Object(Config\Cache), false)
#5 /home/aguestpdmy/public_html/project/ci_nikahan/index.php(45): CodeIgniter\CodeIgniter->run()
#6 {main}
INFO - 2021-02-10 17:52:14 --> Session: Class initialized using 'CodeIgniter\Session\Handlers\FileHandler' driver.
INFO - 2021-02-10 17:52:14 --> Controller "App\Controllers\admin\Admin" loaded.
INFO - 2021-02-10 17:52:17 --> Session: Class initialized using 'CodeIgniter\Session\Handlers\FileHandler' driver.
INFO - 2021-02-10 17:52:17 --> Controller "App\Controllers\admin\Admin" loaded.
INFO - 2021-02-10 17:52:20 --> Session: Class initialized using 'CodeIgniter\Session\Handlers\FileHandler' driver.
INFO - 2021-02-10 17:52:20 --> Controller "App\Controllers\admin\Admin" loaded.
INFO - 2021-02-10 17:52:23 --> Session: Class initialized using 'CodeIgniter\Session\Handlers\FileHandler' driver.
INFO - 2021-02-10 17:52:23 --> Controller "App\Controllers\admin\Admin" loaded.
INFO - 2021-02-10 17:52:27 --> Session: Class initialized using 'CodeIgniter\Session\Handlers\FileHandler' driver.
INFO - 2021-02-10 17:52:27 --> Controller "App\Controllers\admin\Admin" loaded.
INFO - 2021-02-10 17:53:35 --> Controller "App\Controllers\base\Beranda" loaded.
INFO - 2021-02-10 17:53:58 --> Session: Class initialized using 'CodeIgniter\Session\Handlers\FileHandler' driver.
INFO - 2021-02-10 17:53:58 --> Controller "App\Controllers\base\Order" loaded.
INFO - 2021-02-10 17:53:58 --> Controller "App\Controllers\base\Beranda" loaded.
INFO - 2021-02-10 17:54:01 --> Session: Class initialized using 'CodeIgniter\Session\Handlers\FileHandler' driver.
INFO - 2021-02-10 17:54:01 --> Controller "App\Controllers\base\Order" loaded.
INFO - 2021-02-10 17:54:17 --> Session: Class initialized using 'CodeIgniter\Session\Handlers\FileHandler' driver.
INFO - 2021-02-10 17:54:17 --> Controller "App\Controllers\base\Order" loaded.
INFO - 2021-02-10 17:56:08 --> Session: Class initialized using 'CodeIgniter\Session\Handlers\FileHandler' driver.
INFO - 2021-02-10 17:56:08 --> Controller "App\Controllers\base\Order" loaded.
INFO - 2021-02-10 18:03:35 --> Session: Class initialized using 'CodeIgniter\Session\Handlers\FileHandler' driver.
INFO - 2021-02-10 18:03:35 --> Controller "App\Controllers\base\Order" loaded.
INFO - 2021-02-10 18:03:51 --> Session: Class initialized using 'CodeIgniter\Session\Handlers\FileHandler' driver.
INFO - 2021-02-10 18:03:51 --> Controller "App\Controllers\base\Order" loaded.
INFO - 2021-02-10 18:04:06 --> Session: Class initialized using 'CodeIgniter\Session\Handlers\FileHandler' driver.
INFO - 2021-02-10 18:04:06 --> Controller "App\Controllers\base\Order" loaded.
INFO - 2021-02-10 18:04:14 --> Session: Class initialized using 'CodeIgniter\Session\Handlers\FileHandler' driver.
INFO - 2021-02-10 18:04:14 --> Controller "App\Controllers\base\Order" loaded.
INFO - 2021-02-10 18:04:33 --> Session: Class initialized using 'CodeIgniter\Session\Handlers\FileHandler' driver.
INFO - 2021-02-10 18:04:33 --> Controller "App\Controllers\base\Order" loaded.
INFO - 2021-02-10 18:04:37 --> Session: Class initialized using 'CodeIgniter\Session\Handlers\FileHandler' driver.
INFO - 2021-02-10 18:04:37 --> Controller "App\Controllers\base\Order" loaded.
INFO - 2021-02-10 18:04:37 --> Controller "App\Controllers\base\Beranda" loaded.
INFO - 2021-02-10 18:04:39 --> Session: Class initialized using 'CodeIgniter\Session\Handlers\FileHandler' driver.
INFO - 2021-02-10 18:04:39 --> Controller "App\Controllers\base\Order" loaded.
INFO - 2021-02-10 18:04:43 --> Session: Class initialized using 'CodeIgniter\Session\Handlers\FileHandler' driver.
INFO - 2021-02-10 18:04:43 --> Controller "App\Controllers\base\Order" loaded.
INFO - 2021-02-10 18:04:43 --> Session: Class initialized using 'CodeIgniter\Session\Handlers\FileHandler' driver.
INFO - 2021-02-10 18:04:43 --> Controller "App\Controllers\base\Order" loaded.
INFO - 2021-02-10 18:04:55 --> Session: Class initialized using 'CodeIgniter\Session\Handlers\FileHandler' driver.
INFO - 2021-02-10 18:04:55 --> Controller "App\Controllers\admin\Admin" loaded.
INFO - 2021-02-10 18:04:59 --> Session: Class initialized using 'CodeIgniter\Session\Handlers\FileHandler' driver.
INFO - 2021-02-10 18:04:59 --> Controller "App\Controllers\admin\Admin" loaded.
INFO - 2021-02-10 18:04:59 --> Session: Class initialized using 'CodeIgniter\Session\Handlers\FileHandler' driver.
INFO - 2021-02-10 18:04:59 --> Controller "App\Controllers\admin\Admin" loaded.
INFO - 2021-02-10 18:05:09 --> Session: Class initialized using 'CodeIgniter\Session\Handlers\FileHandler' driver.
INFO - 2021-02-10 18:05:09 --> Controller "App\Controllers\admin\Admin" loaded.
INFO - 2021-02-10 18:05:13 --> Session: Class initialized using 'CodeIgniter\Session\Handlers\FileHandler' driver.
INFO - 2021-02-10 18:05:13 --> Controller "App\Controllers\admin\Admin" loaded.
INFO - 2021-02-10 18:05:17 --> Session: Class initialized using 'CodeIgniter\Session\Handlers\FileHandler' driver.
INFO - 2021-02-10 18:05:17 --> Controller "App\Controllers\admin\Admin" loaded.
CRITICAL - 2021-02-10 18:05:17 --> rmdir(assets/users/): Directory not empty
#0 [internal function]: CodeIgniter\Debug\Exceptions->errorHandler(2, 'rmdir(assets/us...', '/home/aguestpdm...', 90, Array)
#1 /home/aguestpdmy/public_html/project/ci_nikahan/app/Controllers/admin/Admin.php(90): rmdir('assets/users/')
#2 /home/aguestpdmy/public_html/project/ci_nikahan/system/CodeIgniter.php(910): App\Controllers\admin\Admin->do_hapus_user()
#3 /home/aguestpdmy/public_html/project/ci_nikahan/system/CodeIgniter.php(398): CodeIgniter\CodeIgniter->runController(Object(App\Controllers\admin\Admin))
#4 /home/aguestpdmy/public_html/project/ci_nikahan/system/CodeIgniter.php(306): CodeIgniter\CodeIgniter->handleRequest(NULL, Object(Config\Cache), false)
#5 /home/aguestpdmy/public_html/project/ci_nikahan/index.php(45): CodeIgniter\CodeIgniter->run()
#6 {main}
INFO - 2021-02-10 18:05:23 --> Session: Class initialized using 'CodeIgniter\Session\Handlers\FileHandler' driver.
INFO - 2021-02-10 18:05:23 --> Controller "App\Controllers\admin\Admin" loaded.
INFO - 2021-02-10 18:09:58 --> Session: Class initialized using 'CodeIgniter\Session\Handlers\FileHandler' driver.
INFO - 2021-02-10 18:09:58 --> Controller "App\Controllers\admin\Admin" loaded.
INFO - 2021-02-10 18:16:15 --> Session: Class initialized using 'CodeIgniter\Session\Handlers\FileHandler' driver.
INFO - 2021-02-10 18:16:15 --> Controller "App\Controllers\admin\Admin" loaded.
INFO - 2021-02-10 18:16:22 --> Controller "App\Controllers\base\Beranda" loaded.
INFO - 2021-02-10 18:16:23 --> Session: Class initialized using 'CodeIgniter\Session\Handlers\FileHandler' driver.
INFO - 2021-02-10 18:16:23 --> Controller "App\Controllers\base\Order" loaded.
INFO - 2021-02-10 18:16:24 --> Controller "App\Controllers\base\Beranda" loaded.
INFO - 2021-02-10 18:16:26 --> Session: Class initialized using 'CodeIgniter\Session\Handlers\FileHandler' driver.
INFO - 2021-02-10 18:16:26 --> Controller "App\Controllers\base\Order" loaded.
INFO - 2021-02-10 18:16:44 --> Session: Class initialized using 'CodeIgniter\Session\Handlers\FileHandler' driver.
INFO - 2021-02-10 18:16:44 --> Controller "App\Controllers\base\Order" loaded.
INFO - 2021-02-10 18:16:53 --> Session: Class initialized using 'CodeIgniter\Session\Handlers\FileHandler' driver.
INFO - 2021-02-10 18:16:53 --> Controller "App\Controllers\base\Order" loaded.
INFO - 2021-02-10 18:17:10 --> Session: Class initialized using 'CodeIgniter\Session\Handlers\FileHandler' driver.
INFO - 2021-02-10 18:17:10 --> Controller "App\Controllers\base\Order" loaded.
INFO - 2021-02-10 18:18:17 --> Session: Class initialized using 'CodeIgniter\Session\Handlers\FileHandler' driver.
INFO - 2021-02-10 18:18:17 --> Controller "App\Controllers\base\Order" loaded.
INFO - 2021-02-10 18:18:18 --> Session: Class initialized using 'CodeIgniter\Session\Handlers\FileHandler' driver.
INFO - 2021-02-10 18:18:18 --> Controller "App\Controllers\base\Order" loaded.
INFO - 2021-02-10 18:18:38 --> Session: Class initialized using 'CodeIgniter\Session\Handlers\FileHandler' driver.
INFO - 2021-02-10 18:18:38 --> Controller "App\Controllers\base\Order" loaded.
INFO - 2021-02-10 18:18:41 --> Session: Class initialized using 'CodeIgniter\Session\Handlers\FileHandler' driver.
INFO - 2021-02-10 18:18:41 --> Controller "App\Controllers\base\Order" loaded.
INFO - 2021-02-10 18:18:41 --> Controller "App\Controllers\base\Beranda" loaded.
INFO - 2021-02-10 18:18:44 --> Session: Class initialized using 'CodeIgniter\Session\Handlers\FileHandler' driver.
INFO - 2021-02-10 18:18:44 --> Controller "App\Controllers\base\Order" loaded.
INFO - 2021-02-10 18:18:47 --> Session: Class initialized using 'CodeIgniter\Session\Handlers\FileHandler' driver.
INFO - 2021-02-10 18:18:47 --> Controller "App\Controllers\base\Order" loaded.
INFO - 2021-02-10 18:18:48 --> Session: Class initialized using 'CodeIgniter\Session\Handlers\FileHandler' driver.
INFO - 2021-02-10 18:18:48 --> Controller "App\Controllers\base\Order" loaded.
INFO - 2021-02-10 18:18:53 --> Session: Class initialized using 'CodeIgniter\Session\Handlers\FileHandler' driver.
INFO - 2021-02-10 18:18:53 --> Controller "App\Controllers\admin\Admin" loaded.
INFO - 2021-02-10 18:18:57 --> Session: Class initialized using 'CodeIgniter\Session\Handlers\FileHandler' driver.
INFO - 2021-02-10 18:18:57 --> Controller "App\Controllers\admin\Admin" loaded.
CRITICAL - 2021-02-10 18:18:57 --> rmdir(assets/users/588d28571ebfea48c49ad686af76872c): Directory not empty
#0 [internal function]: CodeIgniter\Debug\Exceptions->errorHandler(2, 'rmdir(assets/us...', '/home/aguestpdm...', 90, Array)
#1 /home/aguestpdmy/public_html/project/ci_nikahan/app/Controllers/admin/Admin.php(90): rmdir('assets/users/58...')
#2 /home/aguestpdmy/public_html/project/ci_nikahan/system/CodeIgniter.php(910): App\Controllers\admin\Admin->do_hapus_user()
#3 /home/aguestpdmy/public_html/project/ci_nikahan/system/CodeIgniter.php(398): CodeIgniter\CodeIgniter->runController(Object(App\Controllers\admin\Admin))
#4 /home/aguestpdmy/public_html/project/ci_nikahan/system/CodeIgniter.php(306): CodeIgniter\CodeIgniter->handleRequest(NULL, Object(Config\Cache), false)
#5 /home/aguestpdmy/public_html/project/ci_nikahan/index.php(45): CodeIgniter\CodeIgniter->run()
#6 {main}
INFO - 2021-02-10 18:24:37 --> Session: Class initialized using 'CodeIgniter\Session\Handlers\FileHandler' driver.
INFO - 2021-02-10 18:24:37 --> Controller "App\Controllers\admin\Admin" loaded.
INFO - 2021-02-10 18:24:48 --> Controller "App\Controllers\base\Beranda" loaded.
INFO - 2021-02-10 18:24:53 --> Session: Class initialized using 'CodeIgniter\Session\Handlers\FileHandler' driver.
INFO - 2021-02-10 18:24:53 --> Controller "App\Controllers\base\Order" loaded.
INFO - 2021-02-10 18:24:53 --> Controller "App\Controllers\base\Beranda" loaded.
INFO - 2021-02-10 18:25:37 --> Controller "App\Controllers\base\Beranda" loaded.
INFO - 2021-02-10 18:25:39 --> Session: Class initialized using 'CodeIgniter\Session\Handlers\FileHandler' driver.
INFO - 2021-02-10 18:25:39 --> Controller "App\Controllers\base\Order" loaded.
INFO - 2021-02-10 18:26:03 --> Session: Class initialized using 'CodeIgniter\Session\Handlers\FileHandler' driver.
INFO - 2021-02-10 18:26:03 --> Controller "App\Controllers\base\Order" loaded.
INFO - 2021-02-10 18:26:18 --> Session: Class initialized using 'CodeIgniter\Session\Handlers\FileHandler' driver.
INFO - 2021-02-10 18:26:18 --> Controller "App\Controllers\base\Order" loaded.
INFO - 2021-02-10 18:27:50 --> Session: Class initialized using 'CodeIgniter\Session\Handlers\FileHandler' driver.
INFO - 2021-02-10 18:27:50 --> Controller "App\Controllers\base\Order" loaded.
INFO - 2021-02-10 18:28:05 --> Session: Class initialized using 'CodeIgniter\Session\Handlers\FileHandler' driver.
INFO - 2021-02-10 18:28:05 --> Controller "App\Controllers\base\Order" loaded.
INFO - 2021-02-10 18:28:09 --> Session: Class initialized using 'CodeIgniter\Session\Handlers\FileHandler' driver.
INFO - 2021-02-10 18:28:09 --> Controller "App\Controllers\base\Order" loaded.
INFO - 2021-02-10 18:28:26 --> Session: Class initialized using 'CodeIgniter\Session\Handlers\FileHandler' driver.
INFO - 2021-02-10 18:28:26 --> Controller "App\Controllers\base\Order" loaded.
INFO - 2021-02-10 18:28:47 --> Session: Class initialized using 'CodeIgniter\Session\Handlers\FileHandler' driver.
INFO - 2021-02-10 18:28:47 --> Controller "App\Controllers\base\Order" loaded.
INFO - 2021-02-10 18:28:51 --> Session: Class initialized using 'CodeIgniter\Session\Handlers\FileHandler' driver.
INFO - 2021-02-10 18:28:51 --> Controller "App\Controllers\base\Order" loaded.
INFO - 2021-02-10 18:28:51 --> Controller "App\Controllers\base\Beranda" loaded.
INFO - 2021-02-10 18:28:55 --> Session: Class initialized using 'CodeIgniter\Session\Handlers\FileHandler' driver.
INFO - 2021-02-10 18:28:55 --> Controller "App\Controllers\base\Order" loaded.
INFO - 2021-02-10 18:28:58 --> Session: Class initialized using 'CodeIgniter\Session\Handlers\FileHandler' driver.
INFO - 2021-02-10 18:28:58 --> Controller "App\Controllers\base\Order" loaded.
INFO - 2021-02-10 18:28:59 --> Session: Class initialized using 'CodeIgniter\Session\Handlers\FileHandler' driver.
INFO - 2021-02-10 18:28:59 --> Controller "App\Controllers\base\Order" loaded.
INFO - 2021-02-10 18:29:03 --> Session: Class initialized using 'CodeIgniter\Session\Handlers\FileHandler' driver.
INFO - 2021-02-10 18:29:03 --> Controller "App\Controllers\admin\Admin" loaded.
INFO - 2021-02-10 18:29:07 --> Session: Class initialized using 'CodeIgniter\Session\Handlers\FileHandler' driver.
INFO - 2021-02-10 18:29:07 --> Controller "App\Controllers\admin\Admin" loaded.
CRITICAL - 2021-02-10 18:29:08 --> rmdir(assets/users/b946cf0df1f9954e6f355f15a2a80afd): Directory not empty
#0 [internal function]: CodeIgniter\Debug\Exceptions->errorHandler(2, 'rmdir(assets/us...', '/home/aguestpdm...', 90, Array)
#1 /home/aguestpdmy/public_html/project/ci_nikahan/app/Controllers/admin/Admin.php(90): rmdir('assets/users/b9...')
#2 /home/aguestpdmy/public_html/project/ci_nikahan/system/CodeIgniter.php(910): App\Controllers\admin\Admin->do_hapus_user()
#3 /home/aguestpdmy/public_html/project/ci_nikahan/system/CodeIgniter.php(398): CodeIgniter\CodeIgniter->runController(Object(App\Controllers\admin\Admin))
#4 /home/aguestpdmy/public_html/project/ci_nikahan/system/CodeIgniter.php(306): CodeIgniter\CodeIgniter->handleRequest(NULL, Object(Config\Cache), false)
#5 /home/aguestpdmy/public_html/project/ci_nikahan/index.php(45): CodeIgniter\CodeIgniter->run()
#6 {main}
INFO - 2021-02-10 18:38:44 --> Session: Class initialized using 'CodeIgniter\Session\Handlers\FileHandler' driver.
INFO - 2021-02-10 18:38:44 --> Controller "App\Controllers\base\Order" loaded.
INFO - 2021-02-10 18:38:45 --> Session: Class initialized using 'CodeIgniter\Session\Handlers\FileHandler' driver.
INFO - 2021-02-10 18:38:45 --> Controller "App\Controllers\base\Order" loaded.
INFO - 2021-02-10 18:38:45 --> Session: Class initialized using 'CodeIgniter\Session\Handlers\FileHandler' driver.
INFO - 2021-02-10 18:38:45 --> Controller "App\Controllers\base\Order" loaded.
INFO - 2021-02-10 18:38:45 --> Controller "App\Controllers\base\Beranda" loaded.
INFO - 2021-02-10 18:38:47 --> Controller "App\Controllers\base\Beranda" loaded.
INFO - 2021-02-10 18:38:49 --> Session: Class initialized using 'CodeIgniter\Session\Handlers\FileHandler' driver.
INFO - 2021-02-10 18:38:49 --> Controller "App\Controllers\base\Order" loaded.
INFO - 2021-02-10 18:39:06 --> Session: Class initialized using 'CodeIgniter\Session\Handlers\FileHandler' driver.
INFO - 2021-02-10 18:39:06 --> Controller "App\Controllers\base\Order" loaded.
INFO - 2021-02-10 18:44:24 --> Session: Class initialized using 'CodeIgniter\Session\Handlers\FileHandler' driver.
INFO - 2021-02-10 18:44:24 --> Controller "App\Controllers\base\Order" loaded.
INFO - 2021-02-10 18:44:51 --> Session: Class initialized using 'CodeIgniter\Session\Handlers\FileHandler' driver.
INFO - 2021-02-10 18:44:51 --> Controller "App\Controllers\base\Order" loaded.
INFO - 2021-02-10 18:45:21 --> Session: Class initialized using 'CodeIgniter\Session\Handlers\FileHandler' driver.
INFO - 2021-02-10 18:45:21 --> Controller "App\Controllers\base\Order" loaded.
INFO - 2021-02-10 18:46:47 --> Session: Class initialized using 'CodeIgniter\Session\Handlers\FileHandler' driver.
INFO - 2021-02-10 18:46:47 --> Controller "App\Controllers\base\Order" loaded.
INFO - 2021-02-10 18:46:50 --> Session: Class initialized using 'CodeIgniter\Session\Handlers\FileHandler' driver.
INFO - 2021-02-10 18:46:50 --> Controller "App\Controllers\base\Order" loaded.
INFO - 2021-02-10 18:47:12 --> Session: Class initialized using 'CodeIgniter\Session\Handlers\FileHandler' driver.
INFO - 2021-02-10 18:47:12 --> Controller "App\Controllers\base\Order" loaded.
INFO - 2021-02-10 18:47:16 --> Session: Class initialized using 'CodeIgniter\Session\Handlers\FileHandler' driver.
INFO - 2021-02-10 18:47:16 --> Controller "App\Controllers\base\Order" loaded.
INFO - 2021-02-10 18:47:16 --> Controller "App\Controllers\base\Beranda" loaded.
INFO - 2021-02-10 18:47:18 --> Session: Class initialized using 'CodeIgniter\Session\Handlers\FileHandler' driver.
INFO - 2021-02-10 18:47:18 --> Controller "App\Controllers\base\Order" loaded.
INFO - 2021-02-10 18:47:22 --> Session: Class initialized using 'CodeIgniter\Session\Handlers\FileHandler' driver.
INFO - 2021-02-10 18:47:22 --> Controller "App\Controllers\base\Order" loaded.
INFO - 2021-02-10 18:47:22 --> Session: Class initialized using 'CodeIgniter\Session\Handlers\FileHandler' driver.
INFO - 2021-02-10 18:47:22 --> Controller "App\Controllers\base\Order" loaded.
INFO - 2021-02-10 18:47:28 --> Session: Class initialized using 'CodeIgniter\Session\Handlers\FileHandler' driver.
INFO - 2021-02-10 18:47:28 --> Controller "App\Controllers\admin\Admin" loaded.
INFO - 2021-02-10 18:47:30 --> Session: Class initialized using 'CodeIgniter\Session\Handlers\FileHandler' driver.
INFO - 2021-02-10 18:47:30 --> Controller "App\Controllers\admin\Admin" loaded.
INFO - 2021-02-10 18:47:34 --> Session: Class initialized using 'CodeIgniter\Session\Handlers\FileHandler' driver.
INFO - 2021-02-10 18:47:34 --> Controller "App\Controllers\admin\Admin" loaded.
CRITICAL - 2021-02-10 18:47:34 --> rmdir(assets/users/52282523b095bf02f748f0a30d375641): Directory not empty
#0 [internal function]: CodeIgniter\Debug\Exceptions->errorHandler(2, 'rmdir(assets/us...', '/home/aguestpdm...', 88, Array)
#1 /home/aguestpdmy/public_html/project/ci_nikahan/app/Controllers/admin/Admin.php(88): rmdir('assets/users/52...')
#2 /home/aguestpdmy/public_html/project/ci_nikahan/system/CodeIgniter.php(910): App\Controllers\admin\Admin->do_hapus_user()
#3 /home/aguestpdmy/public_html/project/ci_nikahan/system/CodeIgniter.php(398): CodeIgniter\CodeIgniter->runController(Object(App\Controllers\admin\Admin))
#4 /home/aguestpdmy/public_html/project/ci_nikahan/system/CodeIgniter.php(306): CodeIgniter\CodeIgniter->handleRequest(NULL, Object(Config\Cache), false)
#5 /home/aguestpdmy/public_html/project/ci_nikahan/index.php(45): CodeIgniter\CodeIgniter->run()
#6 {main}
INFO - 2021-02-10 18:49:55 --> Session: Class initialized using 'CodeIgniter\Session\Handlers\FileHandler' driver.
INFO - 2021-02-10 18:49:55 --> Controller "App\Controllers\admin\Admin" loaded.
INFO - 2021-02-10 18:50:00 --> Session: Class initialized using 'CodeIgniter\Session\Handlers\FileHandler' driver.
INFO - 2021-02-10 18:50:00 --> Controller "App\Controllers\admin\Admin" loaded.
INFO - 2021-02-10 18:50:03 --> Session: Class initialized using 'CodeIgniter\Session\Handlers\FileHandler' driver.
INFO - 2021-02-10 18:50:03 --> Controller "App\Controllers\admin\Admin" loaded.
INFO - 2021-02-10 18:50:04 --> Session: Class initialized using 'CodeIgniter\Session\Handlers\FileHandler' driver.
INFO - 2021-02-10 18:50:04 --> Controller "App\Controllers\admin\Admin" loaded.
INFO - 2021-02-10 18:55:51 --> Session: Class initialized using 'CodeIgniter\Session\Handlers\FileHandler' driver.
INFO - 2021-02-10 18:55:51 --> Controller "App\Controllers\admin\Admin" loaded.
INFO - 2021-02-10 18:55:57 --> Controller "App\Controllers\base\Beranda" loaded.
INFO - 2021-02-10 18:55:59 --> Session: Class initialized using 'CodeIgniter\Session\Handlers\FileHandler' driver.
INFO - 2021-02-10 18:55:59 --> Controller "App\Controllers\base\Order" loaded.
INFO - 2021-02-10 18:55:59 --> Controller "App\Controllers\base\Beranda" loaded.
INFO - 2021-02-10 18:56:03 --> Session: Class initialized using 'CodeIgniter\Session\Handlers\FileHandler' driver.
INFO - 2021-02-10 18:56:03 --> Controller "App\Controllers\base\Order" loaded.
INFO - 2021-02-10 18:56:17 --> Session: Class initialized using 'CodeIgniter\Session\Handlers\FileHandler' driver.
INFO - 2021-02-10 18:56:17 --> Controller "App\Controllers\base\Order" loaded.
INFO - 2021-02-10 18:56:36 --> Session: Class initialized using 'CodeIgniter\Session\Handlers\FileHandler' driver.
INFO - 2021-02-10 18:56:36 --> Controller "App\Controllers\base\Order" loaded.
INFO - 2021-02-10 18:57:11 --> Session: Class initialized using 'CodeIgniter\Session\Handlers\FileHandler' driver.
INFO - 2021-02-10 18:57:11 --> Controller "App\Controllers\base\Order" loaded.
INFO - 2021-02-10 18:57:32 --> Session: Class initialized using 'CodeIgniter\Session\Handlers\FileHandler' driver.
INFO - 2021-02-10 18:57:32 --> Controller "App\Controllers\base\Order" loaded.
INFO - 2021-02-10 18:57:52 --> Session: Class initialized using 'CodeIgniter\Session\Handlers\FileHandler' driver.
INFO - 2021-02-10 18:57:52 --> Controller "App\Controllers\base\Order" loaded.
INFO - 2021-02-10 18:57:55 --> Session: Class initialized using 'CodeIgniter\Session\Handlers\FileHandler' driver.
INFO - 2021-02-10 18:57:55 --> Controller "App\Controllers\base\Order" loaded.
INFO - 2021-02-10 18:57:55 --> Controller "App\Controllers\base\Beranda" loaded.
INFO - 2021-02-10 18:57:57 --> Session: Class initialized using 'CodeIgniter\Session\Handlers\FileHandler' driver.
INFO - 2021-02-10 18:57:57 --> Controller "App\Controllers\base\Order" loaded.
INFO - 2021-02-10 18:58:00 --> Session: Class initialized using 'CodeIgniter\Session\Handlers\FileHandler' driver.
INFO - 2021-02-10 18:58:00 --> Controller "App\Controllers\base\Order" loaded.
INFO - 2021-02-10 18:58:01 --> Session: Class initialized using 'CodeIgniter\Session\Handlers\FileHandler' driver.
INFO - 2021-02-10 18:58:01 --> Controller "App\Controllers\base\Order" loaded.
INFO - 2021-02-10 18:58:05 --> Session: Class initialized using 'CodeIgniter\Session\Handlers\FileHandler' driver.
INFO - 2021-02-10 18:58:05 --> Controller "App\Controllers\admin\Admin" loaded.
INFO - 2021-02-10 18:58:09 --> Session: Class initialized using 'CodeIgniter\Session\Handlers\FileHandler' driver.
INFO - 2021-02-10 18:58:09 --> Controller "App\Controllers\admin\Admin" loaded.
CRITICAL - 2021-02-10 18:58:09 --> Call to a member function base_url() on null
#0 /home/aguestpdmy/public_html/project/ci_nikahan/system/CodeIgniter.php(910): App\Controllers\admin\Admin->do_hapus_user()
#1 /home/aguestpdmy/public_html/project/ci_nikahan/system/CodeIgniter.php(398): CodeIgniter\CodeIgniter->runController(Object(App\Controllers\admin\Admin))
#2 /home/aguestpdmy/public_html/project/ci_nikahan/system/CodeIgniter.php(306): CodeIgniter\CodeIgniter->handleRequest(NULL, Object(Config\Cache), false)
#3 /home/aguestpdmy/public_html/project/ci_nikahan/index.php(45): CodeIgniter\CodeIgniter->run()
#4 {main}
INFO - 2021-02-10 18:58:14 --> Session: Class initialized using 'CodeIgniter\Session\Handlers\FileHandler' driver.
INFO - 2021-02-10 18:58:14 --> Controller "App\Controllers\admin\Admin" loaded.
CRITICAL - 2021-02-10 18:58:14 --> Call to a member function base_url() on null
#0 /home/aguestpdmy/public_html/project/ci_nikahan/system/CodeIgniter.php(910): App\Controllers\admin\Admin->do_hapus_user()
#1 /home/aguestpdmy/public_html/project/ci_nikahan/system/CodeIgniter.php(398): CodeIgniter\CodeIgniter->runController(Object(App\Controllers\admin\Admin))
#2 /home/aguestpdmy/public_html/project/ci_nikahan/system/CodeIgniter.php(306): CodeIgniter\CodeIgniter->handleRequest(NULL, Object(Config\Cache), false)
#3 /home/aguestpdmy/public_html/project/ci_nikahan/index.php(45): CodeIgniter\CodeIgniter->run()
#4 {main}
INFO - 2021-02-10 18:58:17 --> Session: Class initialized using 'CodeIgniter\Session\Handlers\FileHandler' driver.
INFO - 2021-02-10 18:58:17 --> Controller "App\Controllers\admin\Admin" loaded.
INFO - 2021-02-10 18:58:20 --> Session: Class initialized using 'CodeIgniter\Session\Handlers\FileHandler' driver.
INFO - 2021-02-10 18:58:20 --> Controller "App\Controllers\admin\Admin" loaded.
CRITICAL - 2021-02-10 18:58:20 --> Call to a member function base_url() on null
#0 /home/aguestpdmy/public_html/project/ci_nikahan/system/CodeIgniter.php(910): App\Controllers\admin\Admin->do_hapus_user()
#1 /home/aguestpdmy/public_html/project/ci_nikahan/system/CodeIgniter.php(398): CodeIgniter\CodeIgniter->runController(Object(App\Controllers\admin\Admin))
#2 /home/aguestpdmy/public_html/project/ci_nikahan/system/CodeIgniter.php(306): CodeIgniter\CodeIgniter->handleRequest(NULL, Object(Config\Cache), false)
#3 /home/aguestpdmy/public_html/project/ci_nikahan/index.php(45): CodeIgniter\CodeIgniter->run()
#4 {main}
INFO - 2021-02-10 18:58:22 --> Session: Class initialized using 'CodeIgniter\Session\Handlers\FileHandler' driver.
INFO - 2021-02-10 18:58:22 --> Controller "App\Controllers\admin\Admin" loaded.
INFO - 2021-02-10 19:02:10 --> Session: Class initialized using 'CodeIgniter\Session\Handlers\FileHandler' driver.
INFO - 2021-02-10 19:02:10 --> Controller "App\Controllers\admin\Admin" loaded.
INFO - 2021-02-10 19:02:13 --> Session: Class initialized using 'CodeIgniter\Session\Handlers\FileHandler' driver.
INFO - 2021-02-10 19:02:13 --> Controller "App\Controllers\admin\Admin" loaded.
CRITICAL - 2021-02-10 19:02:13 --> Call to a member function helper() on null
#0 /home/aguestpdmy/public_html/project/ci_nikahan/system/CodeIgniter.php(910): App\Controllers\admin\Admin->do_hapus_user()
#1 /home/aguestpdmy/public_html/project/ci_nikahan/system/CodeIgniter.php(398): CodeIgniter\CodeIgniter->runController(Object(App\Controllers\admin\Admin))
#2 /home/aguestpdmy/public_html/project/ci_nikahan/system/CodeIgniter.php(306): CodeIgniter\CodeIgniter->handleRequest(NULL, Object(Config\Cache), false)
#3 /home/aguestpdmy/public_html/project/ci_nikahan/index.php(45): CodeIgniter\CodeIgniter->run()
#4 {main}
INFO - 2021-02-10 19:02:16 --> Session: Class initialized using 'CodeIgniter\Session\Handlers\FileHandler' driver.
INFO - 2021-02-10 19:02:16 --> Controller "App\Controllers\admin\Admin" loaded.
INFO - 2021-02-10 19:02:19 --> Session: Class initialized using 'CodeIgniter\Session\Handlers\FileHandler' driver.
INFO - 2021-02-10 19:02:19 --> Controller "App\Controllers\admin\Admin" loaded.
CRITICAL - 2021-02-10 19:02:19 --> Call to a member function helper() on null
#0 /home/aguestpdmy/public_html/project/ci_nikahan/system/CodeIgniter.php(910): App\Controllers\admin\Admin->do_hapus_user()
#1 /home/aguestpdmy/public_html/project/ci_nikahan/system/CodeIgniter.php(398): CodeIgniter\CodeIgniter->runController(Object(App\Controllers\admin\Admin))
#2 /home/aguestpdmy/public_html/project/ci_nikahan/system/CodeIgniter.php(306): CodeIgniter\CodeIgniter->handleRequest(NULL, Object(Config\Cache), false)
#3 /home/aguestpdmy/public_html/project/ci_nikahan/index.php(45): CodeIgniter\CodeIgniter->run()
#4 {main}
INFO - 2021-02-10 19:06:11 --> Session: Class initialized using 'CodeIgniter\Session\Handlers\FileHandler' driver.
INFO - 2021-02-10 19:06:11 --> Controller "App\Controllers\admin\Admin" loaded.
INFO - 2021-02-10 19:06:14 --> Session: Class initialized using 'CodeIgniter\Session\Handlers\FileHandler' driver.
INFO - 2021-02-10 19:06:14 --> Controller "App\Controllers\admin\Admin" loaded.
CRITICAL - 2021-02-10 19:06:14 --> Call to a member function helper() on null
#0 /home/aguestpdmy/public_html/project/ci_nikahan/system/CodeIgniter.php(910): App\Controllers\admin\Admin->do_hapus_user()
#1 /home/aguestpdmy/public_html/project/ci_nikahan/system/CodeIgniter.php(398): CodeIgniter\CodeIgniter->runController(Object(App\Controllers\admin\Admin))
#2 /home/aguestpdmy/public_html/project/ci_nikahan/system/CodeIgniter.php(306): CodeIgniter\CodeIgniter->handleRequest(NULL, Object(Config\Cache), false)
#3 /home/aguestpdmy/public_html/project/ci_nikahan/index.php(45): CodeIgniter\CodeIgniter->run()
#4 {main}
INFO - 2021-02-10 19:06:54 --> Session: Class initialized using 'CodeIgniter\Session\Handlers\FileHandler' driver.
INFO - 2021-02-10 19:06:54 --> Controller "App\Controllers\admin\Admin" loaded.
INFO - 2021-02-10 19:06:57 --> Session: Class initialized using 'CodeIgniter\Session\Handlers\FileHandler' driver.
INFO - 2021-02-10 19:06:57 --> Controller "App\Controllers\admin\Admin" loaded.
CRITICAL - 2021-02-10 19:06:57 --> Call to undefined function App\Controllers\admin\delete_files()
#0 /home/aguestpdmy/public_html/project/ci_nikahan/system/CodeIgniter.php(910): App\Controllers\admin\Admin->do_hapus_user()
#1 /home/aguestpdmy/public_html/project/ci_nikahan/system/CodeIgniter.php(398): CodeIgniter\CodeIgniter->runController(Object(App\Controllers\admin\Admin))
#2 /home/aguestpdmy/public_html/project/ci_nikahan/system/CodeIgniter.php(306): CodeIgniter\CodeIgniter->handleRequest(NULL, Object(Config\Cache), false)
#3 /home/aguestpdmy/public_html/project/ci_nikahan/index.php(45): CodeIgniter\CodeIgniter->run()
#4 {main}
INFO - 2021-02-10 19:07:03 --> Session: Class initialized using 'CodeIgniter\Session\Handlers\FileHandler' driver.
INFO - 2021-02-10 19:07:03 --> Controller "App\Controllers\admin\Admin" loaded.
INFO - 2021-02-10 19:07:06 --> Session: Class initialized using 'CodeIgniter\Session\Handlers\FileHandler' driver.
INFO - 2021-02-10 19:07:06 --> Controller "App\Controllers\admin\Admin" loaded.
CRITICAL - 2021-02-10 19:07:06 --> Call to undefined function App\Controllers\admin\delete_files()
#0 /home/aguestpdmy/public_html/project/ci_nikahan/system/CodeIgniter.php(910): App\Controllers\admin\Admin->do_hapus_user()
#1 /home/aguestpdmy/public_html/project/ci_nikahan/system/CodeIgniter.php(398): CodeIgniter\CodeIgniter->runController(Object(App\Controllers\admin\Admin))
#2 /home/aguestpdmy/public_html/project/ci_nikahan/system/CodeIgniter.php(306): CodeIgniter\CodeIgniter->handleRequest(NULL, Object(Config\Cache), false)
#3 /home/aguestpdmy/public_html/project/ci_nikahan/index.php(45): CodeIgniter\CodeIgniter->run()
#4 {main}
INFO - 2021-02-10 19:10:12 --> Session: Class initialized using 'CodeIgniter\Session\Handlers\FileHandler' driver.
CRITICAL - 2021-02-10 19:10:12 --> syntax error, unexpected ')'
#0 /home/aguestpdmy/public_html/project/ci_nikahan/system/Autoloader/Autoloader.php(296): CodeIgniter\Autoloader\Autoloader->requireFile('/home/aguestpdm...')
#1 /home/aguestpdmy/public_html/project/ci_nikahan/system/Autoloader/Autoloader.php(258): CodeIgniter\Autoloader\Autoloader->loadInNamespace('App\\Controllers...')
#2 [internal function]: CodeIgniter\Autoloader\Autoloader->loadClass('App\\Controllers...')
#3 [internal function]: spl_autoload_call('App\\Controllers...')
#4 /home/aguestpdmy/public_html/project/ci_nikahan/system/CodeIgniter.php(861): class_exists('\\App\\Controller...', true)
#5 /home/aguestpdmy/public_html/project/ci_nikahan/system/CodeIgniter.php(388): CodeIgniter\CodeIgniter->startController()
#6 /home/aguestpdmy/public_html/project/ci_nikahan/system/CodeIgniter.php(306): CodeIgniter\CodeIgniter->handleRequest(NULL, Object(Config\Cache), false)
#7 /home/aguestpdmy/public_html/project/ci_nikahan/index.php(45): CodeIgniter\CodeIgniter->run()
#8 {main}
INFO - 2021-02-10 19:10:57 --> Session: Class initialized using 'CodeIgniter\Session\Handlers\FileHandler' driver.
CRITICAL - 2021-02-10 19:10:57 --> syntax error, unexpected '$path' (T_VARIABLE), expecting ',' or ')'
#0 /home/aguestpdmy/public_html/project/ci_nikahan/system/Autoloader/Autoloader.php(296): CodeIgniter\Autoloader\Autoloader->requireFile('/home/aguestpdm...')
#1 /home/aguestpdmy/public_html/project/ci_nikahan/system/Autoloader/Autoloader.php(258): CodeIgniter\Autoloader\Autoloader->loadInNamespace('App\\Controllers...')
#2 [internal function]: CodeIgniter\Autoloader\Autoloader->loadClass('App\\Controllers...')
#3 [internal function]: spl_autoload_call('App\\Controllers...')
#4 /home/aguestpdmy/public_html/project/ci_nikahan/system/CodeIgniter.php(861): class_exists('\\App\\Controller...', true)
#5 /home/aguestpdmy/public_html/project/ci_nikahan/system/CodeIgniter.php(388): CodeIgniter\CodeIgniter->startController()
#6 /home/aguestpdmy/public_html/project/ci_nikahan/system/CodeIgniter.php(306): CodeIgniter\CodeIgniter->handleRequest(NULL, Object(Config\Cache), false)
#7 /home/aguestpdmy/public_html/project/ci_nikahan/index.php(45): CodeIgniter\CodeIgniter->run()
#8 {main}
INFO - 2021-02-10 19:10:59 --> Session: Class initialized using 'CodeIgniter\Session\Handlers\FileHandler' driver.
CRITICAL - 2021-02-10 19:10:59 --> syntax error, unexpected '$path' (T_VARIABLE), expecting ',' or ')'
#0 /home/aguestpdmy/public_html/project/ci_nikahan/system/Autoloader/Autoloader.php(296): CodeIgniter\Autoloader\Autoloader->requireFile('/home/aguestpdm...')
#1 /home/aguestpdmy/public_html/project/ci_nikahan/system/Autoloader/Autoloader.php(258): CodeIgniter\Autoloader\Autoloader->loadInNamespace('App\\Controllers...')
#2 [internal function]: CodeIgniter\Autoloader\Autoloader->loadClass('App\\Controllers...')
#3 [internal function]: spl_autoload_call('App\\Controllers...')
#4 /home/aguestpdmy/public_html/project/ci_nikahan/system/CodeIgniter.php(861): class_exists('\\App\\Controller...', true)
#5 /home/aguestpdmy/public_html/project/ci_nikahan/system/CodeIgniter.php(388): CodeIgniter\CodeIgniter->startController()
#6 /home/aguestpdmy/public_html/project/ci_nikahan/system/CodeIgniter.php(306): CodeIgniter\CodeIgniter->handleRequest(NULL, Object(Config\Cache), false)
#7 /home/aguestpdmy/public_html/project/ci_nikahan/index.php(45): CodeIgniter\CodeIgniter->run()
#8 {main}
INFO - 2021-02-10 19:11:44 --> Session: Class initialized using 'CodeIgniter\Session\Handlers\FileHandler' driver.
INFO - 2021-02-10 19:11:44 --> Controller "App\Controllers\admin\Admin" loaded.
INFO - 2021-02-10 19:11:48 --> Session: Class initialized using 'CodeIgniter\Session\Handlers\FileHandler' driver.
INFO - 2021-02-10 19:11:48 --> Controller "App\Controllers\admin\Admin" loaded.
CRITICAL - 2021-02-10 19:11:48 --> Call to a member function helper() on null
#0 /home/aguestpdmy/public_html/project/ci_nikahan/system/CodeIgniter.php(910): App\Controllers\admin\Admin->do_hapus_user()
#1 /home/aguestpdmy/public_html/project/ci_nikahan/system/CodeIgniter.php(398): CodeIgniter\CodeIgniter->runController(Object(App\Controllers\admin\Admin))
#2 /home/aguestpdmy/public_html/project/ci_nikahan/system/CodeIgniter.php(306): CodeIgniter\CodeIgniter->handleRequest(NULL, Object(Config\Cache), false)
#3 /home/aguestpdmy/public_html/project/ci_nikahan/index.php(45): CodeIgniter\CodeIgniter->run()
#4 {main}
INFO - 2021-02-10 19:11:51 --> Session: Class initialized using 'CodeIgniter\Session\Handlers\FileHandler' driver.
INFO - 2021-02-10 19:11:51 --> Controller "App\Controllers\admin\Admin" loaded.
INFO - 2021-02-10 19:11:54 --> Session: Class initialized using 'CodeIgniter\Session\Handlers\FileHandler' driver.
INFO - 2021-02-10 19:11:54 --> Controller "App\Controllers\admin\Admin" loaded.
CRITICAL - 2021-02-10 19:11:54 --> Call to a member function helper() on null
#0 /home/aguestpdmy/public_html/project/ci_nikahan/system/CodeIgniter.php(910): App\Controllers\admin\Admin->do_hapus_user()
#1 /home/aguestpdmy/public_html/project/ci_nikahan/system/CodeIgniter.php(398): CodeIgniter\CodeIgniter->runController(Object(App\Controllers\admin\Admin))
#2 /home/aguestpdmy/public_html/project/ci_nikahan/system/CodeIgniter.php(306): CodeIgniter\CodeIgniter->handleRequest(NULL, Object(Config\Cache), false)
#3 /home/aguestpdmy/public_html/project/ci_nikahan/index.php(45): CodeIgniter\CodeIgniter->run()
#4 {main}
INFO - 2021-02-10 19:13:43 --> Session: Class initialized using 'CodeIgniter\Session\Handlers\FileHandler' driver.
INFO - 2021-02-10 19:13:43 --> Controller "App\Controllers\admin\Admin" loaded.
INFO - 2021-02-10 19:13:46 --> Session: Class initialized using 'CodeIgniter\Session\Handlers\FileHandler' driver.
INFO - 2021-02-10 19:13:46 --> Controller "App\Controllers\admin\Admin" loaded.
INFO - 2021-02-10 19:13:47 --> Session: Class initialized using 'CodeIgniter\Session\Handlers\FileHandler' driver.
INFO - 2021-02-10 19:13:47 --> Controller "App\Controllers\admin\Admin" loaded.
INFO - 2021-02-10 19:20:32 --> Controller "App\Controllers\base\Beranda" loaded.
INFO - 2021-02-10 19:20:34 --> Session: Class initialized using 'CodeIgniter\Session\Handlers\FileHandler' driver.
INFO - 2021-02-10 19:20:34 --> Controller "App\Controllers\base\Order" loaded.
INFO - 2021-02-10 19:20:35 --> Controller "App\Controllers\base\Beranda" loaded.
INFO - 2021-02-10 19:22:33 --> Session: Class initialized using 'CodeIgniter\Session\Handlers\FileHandler' driver.
INFO - 2021-02-10 19:22:33 --> Controller "App\Controllers\base\Order" loaded.
INFO - 2021-02-10 19:22:51 --> Session: Class initialized using 'CodeIgniter\Session\Handlers\FileHandler' driver.
INFO - 2021-02-10 19:22:51 --> Controller "App\Controllers\base\Order" loaded.
INFO - 2021-02-10 19:23:15 --> Session: Class initialized using 'CodeIgniter\Session\Handlers\FileHandler' driver.
INFO - 2021-02-10 19:23:15 --> Controller "App\Controllers\base\Order" loaded.
INFO - 2021-02-10 19:25:24 --> Session: Class initialized using 'CodeIgniter\Session\Handlers\FileHandler' driver.
INFO - 2021-02-10 19:25:24 --> Controller "App\Controllers\base\Order" loaded.
INFO - 2021-02-10 19:25:26 --> Session: Class initialized using 'CodeIgniter\Session\Handlers\FileHandler' driver.
INFO - 2021-02-10 19:25:26 --> Controller "App\Controllers\base\Order" loaded.
INFO - 2021-02-10 19:25:45 --> Session: Class initialized using 'CodeIgniter\Session\Handlers\FileHandler' driver.
INFO - 2021-02-10 19:25:45 --> Controller "App\Controllers\base\Order" loaded.
INFO - 2021-02-10 19:25:48 --> Session: Class initialized using 'CodeIgniter\Session\Handlers\FileHandler' driver.
INFO - 2021-02-10 19:25:48 --> Controller "App\Controllers\base\Order" loaded.
INFO - 2021-02-10 19:25:49 --> Controller "App\Controllers\base\Beranda" loaded.
INFO - 2021-02-10 19:25:51 --> Session: Class initialized using 'CodeIgniter\Session\Handlers\FileHandler' driver.
INFO - 2021-02-10 19:25:51 --> Controller "App\Controllers\base\Order" loaded.
INFO - 2021-02-10 19:25:54 --> Session: Class initialized using 'CodeIgniter\Session\Handlers\FileHandler' driver.
INFO - 2021-02-10 19:25:54 --> Controller "App\Controllers\base\Order" loaded.
INFO - 2021-02-10 19:25:55 --> Session: Class initialized using 'CodeIgniter\Session\Handlers\FileHandler' driver.
INFO - 2021-02-10 19:25:55 --> Controller "App\Controllers\base\Order" loaded.
INFO - 2021-02-10 19:26:00 --> Session: Class initialized using 'CodeIgniter\Session\Handlers\FileHandler' driver.
INFO - 2021-02-10 19:26:01 --> Controller "App\Controllers\admin\Admin" loaded.
INFO - 2021-02-10 19:26:04 --> Session: Class initialized using 'CodeIgniter\Session\Handlers\FileHandler' driver.
INFO - 2021-02-10 19:26:04 --> Controller "App\Controllers\admin\Admin" loaded.
INFO - 2021-02-10 19:26:05 --> Session: Class initialized using 'CodeIgniter\Session\Handlers\FileHandler' driver.
INFO - 2021-02-10 19:26:05 --> Controller "App\Controllers\admin\Admin" loaded.
INFO - 2021-02-10 19:47:55 --> Session: Class initialized using 'CodeIgniter\Session\Handlers\FileHandler' driver.
INFO - 2021-02-10 19:47:55 --> Controller "App\Controllers\base\Order" loaded.
INFO - 2021-02-10 19:47:56 --> Session: Class initialized using 'CodeIgniter\Session\Handlers\FileHandler' driver.
INFO - 2021-02-10 19:47:56 --> Controller "App\Controllers\base\Order" loaded.
INFO - 2021-02-10 19:47:56 --> Session: Class initialized using 'CodeIgniter\Session\Handlers\FileHandler' driver.
INFO - 2021-02-10 19:47:56 --> Controller "App\Controllers\base\Order" loaded.
INFO - 2021-02-10 19:47:57 --> Controller "App\Controllers\base\Beranda" loaded.
INFO - 2021-02-10 20:06:21 --> Controller "App\Controllers\base\Beranda" loaded.
INFO - 2021-02-10 20:06:21 --> Controller "App\Controllers\base\Beranda" loaded.
INFO - 2021-02-10 20:06:22 --> Controller "App\Controllers\base\Beranda" loaded.
INFO - 2021-02-10 20:06:29 --> Controller "App\Controllers\base\Beranda" loaded.
INFO - 2021-02-10 20:06:39 --> Controller "App\Controllers\base\Beranda" loaded.
INFO - 2021-02-10 20:07:08 --> Controller "App\Controllers\base\Beranda" loaded.
INFO - 2021-02-10 20:07:11 --> Controller "App\Controllers\base\Beranda" loaded.
INFO - 2021-02-10 20:07:11 --> Controller "App\Controllers\base\Beranda" loaded.
INFO - 2021-02-10 20:07:39 --> Session: Class initialized using 'CodeIgniter\Session\Handlers\FileHandler' driver.
INFO - 2021-02-10 20:07:39 --> Controller "App\Controllers\base\Order" loaded.
INFO - 2021-02-10 20:07:39 --> Controller "App\Controllers\base\Beranda" loaded.
INFO - 2021-02-10 20:07:41 --> Controller "App\Controllers\base\Beranda" loaded.
INFO - 2021-02-10 20:07:42 --> Controller "App\Controllers\base\Beranda" loaded.
INFO - 2021-02-10 20:07:51 --> Session: Class initialized using 'CodeIgniter\Session\Handlers\FileHandler' driver.
INFO - 2021-02-10 20:07:51 --> Controller "App\Controllers\base\Dashboard" loaded.
INFO - 2021-02-10 20:07:51 --> Session: Class initialized using 'CodeIgniter\Session\Handlers\FileHandler' driver.
INFO - 2021-02-10 20:07:51 --> Controller "App\Controllers\base\Dashboard" loaded.
INFO - 2021-02-10 20:07:57 --> Session: Class initialized using 'CodeIgniter\Session\Handlers\FileHandler' driver.
INFO - 2021-02-10 20:07:57 --> Controller "App\Controllers\base\Dashboard" loaded.
INFO - 2021-02-10 20:08:03 --> Session: Class initialized using 'CodeIgniter\Session\Handlers\FileHandler' driver.
INFO - 2021-02-10 20:08:03 --> Controller "App\Controllers\base\Dashboard" loaded.
INFO - 2021-02-10 20:08:07 --> Session: Class initialized using 'CodeIgniter\Session\Handlers\FileHandler' driver.
INFO - 2021-02-10 20:08:07 --> Controller "App\Controllers\base\Dashboard" loaded.
INFO - 2021-02-10 20:08:17 --> Session: Class initialized using 'CodeIgniter\Session\Handlers\FileHandler' driver.
INFO - 2021-02-10 20:08:17 --> Controller "App\Controllers\base\Dashboard" loaded.
INFO - 2021-02-10 20:08:21 --> Session: Class initialized using 'CodeIgniter\Session\Handlers\FileHandler' driver.
INFO - 2021-02-10 20:08:21 --> Controller "App\Controllers\base\Dashboard" loaded.
INFO - 2021-02-10 20:12:21 --> Session: Class initialized using 'CodeIgniter\Session\Handlers\FileHandler' driver.
INFO - 2021-02-10 20:12:21 --> Controller "App\Controllers\base\Dashboard" loaded.
INFO - 2021-02-10 20:12:21 --> Session: Class initialized using 'CodeIgniter\Session\Handlers\FileHandler' driver.
INFO - 2021-02-10 20:12:21 --> Controller "App\Controllers\base\Dashboard" loaded.
INFO - 2021-02-10 20:13:12 --> Session: Class initialized using 'CodeIgniter\Session\Handlers\FileHandler' driver.
INFO - 2021-02-10 20:13:12 --> Controller "App\Controllers\admin\Admin" loaded.
INFO - 2021-02-10 20:13:16 --> Session: Class initialized using 'CodeIgniter\Session\Handlers\FileHandler' driver.
INFO - 2021-02-10 20:13:16 --> Controller "App\Controllers\admin\Admin" loaded.
INFO - 2021-02-10 20:13:19 --> Session: Class initialized using 'CodeIgniter\Session\Handlers\FileHandler' driver.
INFO - 2021-02-10 20:13:19 --> Controller "App\Controllers\admin\Admin" loaded.
INFO - 2021-02-10 20:13:28 --> Controller "App\Controllers\base\Beranda" loaded.
INFO - 2021-02-10 20:13:53 --> Session: Class initialized using 'CodeIgniter\Session\Handlers\FileHandler' driver.
INFO - 2021-02-10 20:13:53 --> Controller "App\Controllers\base\Order" loaded.
INFO - 2021-02-10 20:14:09 --> Session: Class initialized using 'CodeIgniter\Session\Handlers\FileHandler' driver.
INFO - 2021-02-10 20:14:09 --> Controller "App\Controllers\base\Order" loaded.
INFO - 2021-02-10 20:14:37 --> Session: Class initialized using 'CodeIgniter\Session\Handlers\FileHandler' driver.
INFO - 2021-02-10 20:14:37 --> Controller "App\Controllers\base\Order" loaded.
INFO - 2021-02-10 20:14:54 --> Session: Class initialized using 'CodeIgniter\Session\Handlers\FileHandler' driver.
INFO - 2021-02-10 20:14:54 --> Controller "App\Controllers\base\Order" loaded.
INFO - 2021-02-10 20:15:07 --> Session: Class initialized using 'CodeIgniter\Session\Handlers\FileHandler' driver.
INFO - 2021-02-10 20:15:07 --> Controller "App\Controllers\base\Order" loaded.
INFO - 2021-02-10 20:15:34 --> Session: Class initialized using 'CodeIgniter\Session\Handlers\FileHandler' driver.
INFO - 2021-02-10 20:15:34 --> Controller "App\Controllers\base\Order" loaded.
INFO - 2021-02-10 20:15:36 --> Session: Class initialized using 'CodeIgniter\Session\Handlers\FileHandler' driver.
INFO - 2021-02-10 20:15:36 --> Controller "App\Controllers\base\Order" loaded.
INFO - 2021-02-10 20:16:15 --> Session: Class initialized using 'CodeIgniter\Session\Handlers\FileHandler' driver.
INFO - 2021-02-10 20:16:15 --> Controller "App\Controllers\base\Order" loaded.
INFO - 2021-02-10 20:16:23 --> Session: Class initialized using 'CodeIgniter\Session\Handlers\FileHandler' driver.
INFO - 2021-02-10 20:16:23 --> Controller "App\Controllers\base\Order" loaded.
INFO - 2021-02-10 20:16:24 --> Controller "App\Controllers\base\Beranda" loaded.
INFO - 2021-02-10 20:16:27 --> Session: Class initialized using 'CodeIgniter\Session\Handlers\FileHandler' driver.
INFO - 2021-02-10 20:16:27 --> Controller "App\Controllers\base\Order" loaded.
INFO - 2021-02-10 20:16:30 --> Session: Class initialized using 'CodeIgniter\Session\Handlers\FileHandler' driver.
INFO - 2021-02-10 20:16:30 --> Controller "App\Controllers\base\Order" loaded.
INFO - 2021-02-10 20:16:31 --> Session: Class initialized using 'CodeIgniter\Session\Handlers\FileHandler' driver.
INFO - 2021-02-10 20:16:31 --> Controller "App\Controllers\base\Order" loaded.
INFO - 2021-02-10 20:16:35 --> Session: Class initialized using 'CodeIgniter\Session\Handlers\FileHandler' driver.
INFO - 2021-02-10 20:16:35 --> Controller "App\Controllers\base\Dashboard" loaded.
INFO - 2021-02-10 20:16:35 --> Session: Class initialized using 'CodeIgniter\Session\Handlers\FileHandler' driver.
INFO - 2021-02-10 20:16:35 --> Controller "App\Controllers\base\Dashboard" loaded.
INFO - 2021-02-10 20:16:51 --> Session: Class initialized using 'CodeIgniter\Session\Handlers\FileHandler' driver.
INFO - 2021-02-10 20:16:51 --> Controller "App\Controllers\admin\Admin" loaded.
INFO - 2021-02-10 20:17:12 --> Session: Class initialized using 'CodeIgniter\Session\Handlers\FileHandler' driver.
INFO - 2021-02-10 20:17:12 --> Controller "App\Controllers\base\Dashboard" loaded.
INFO - 2021-02-10 20:17:12 --> Session: Class initialized using 'CodeIgniter\Session\Handlers\FileHandler' driver.
INFO - 2021-02-10 20:17:12 --> Controller "App\Controllers\base\Dashboard" loaded.
INFO - 2021-02-10 20:18:01 --> Session: Class initialized using 'CodeIgniter\Session\Handlers\FileHandler' driver.
INFO - 2021-02-10 20:18:01 --> Controller "App\Controllers\base\Dashboard" loaded.
INFO - 2021-02-10 20:18:10 --> Session: Class initialized using 'CodeIgniter\Session\Handlers\FileHandler' driver.
INFO - 2021-02-10 20:18:10 --> Controller "App\Controllers\base\Dashboard" loaded.
INFO - 2021-02-10 20:18:24 --> Session: Class initialized using 'CodeIgniter\Session\Handlers\FileHandler' driver.
INFO - 2021-02-10 20:18:24 --> Controller "App\Controllers\admin\Admin" loaded.
INFO - 2021-02-10 20:18:58 --> Session: Class initialized using 'CodeIgniter\Session\Handlers\FileHandler' driver.
INFO - 2021-02-10 20:18:58 --> Controller "App\Controllers\admin\Admin" loaded.
INFO - 2021-02-10 20:19:04 --> Session: Class initialized using 'CodeIgniter\Session\Handlers\FileHandler' driver.
INFO - 2021-02-10 20:19:04 --> Controller "App\Controllers\admin\Admin" loaded.
INFO - 2021-02-10 20:19:12 --> Session: Class initialized using 'CodeIgniter\Session\Handlers\FileHandler' driver.
INFO - 2021-02-10 20:19:12 --> Controller "App\Controllers\admin\Admin" loaded.
INFO - 2021-02-10 20:19:12 --> Session: Class initialized using 'CodeIgniter\Session\Handlers\FileHandler' driver.
INFO - 2021-02-10 20:19:12 --> Controller "App\Controllers\admin\Admin" loaded.
INFO - 2021-02-10 20:19:16 --> Session: Class initialized using 'CodeIgniter\Session\Handlers\FileHandler' driver.
INFO - 2021-02-10 20:19:16 --> Controller "App\Controllers\admin\Admin" loaded.
INFO - 2021-02-10 20:19:20 --> Session: Class initialized using 'CodeIgniter\Session\Handlers\FileHandler' driver.
INFO - 2021-02-10 20:19:20 --> Controller "App\Controllers\admin\Admin" loaded.
INFO - 2021-02-10 20:19:24 --> Session: Class initialized using 'CodeIgniter\Session\Handlers\FileHandler' driver.
INFO - 2021-02-10 20:19:24 --> Controller "App\Controllers\admin\Admin" loaded.
INFO - 2021-02-10 20:19:24 --> Session: Class initialized using 'CodeIgniter\Session\Handlers\FileHandler' driver.
INFO - 2021-02-10 20:19:24 --> Controller "App\Controllers\admin\Admin" loaded.
