INFO - 2021-09-07 01:59:45 --> Controller "App\Controllers\base\Beranda" loaded.
INFO - 2021-09-07 02:29:18 --> Controller "App\Controllers\base\Beranda" loaded.
INFO - 2021-09-07 02:43:12 --> Controller "App\Controllers\base\Beranda" loaded.
INFO - 2021-09-07 05:58:31 --> Session: Class initialized using 'CodeIgniter\Session\Handlers\FileHandler' driver.
INFO - 2021-09-07 05:58:31 --> Controller "App\Controllers\undangan\Undangan" loaded.
INFO - 2021-09-07 05:59:53 --> Controller "App\Controllers\base\Beranda" loaded.
INFO - 2021-09-07 06:00:01 --> Controller "App\Controllers\base\Beranda" loaded.
INFO - 2021-09-07 06:19:08 --> Session: Class initialized using 'CodeIgniter\Session\Handlers\FileHandler' driver.
INFO - 2021-09-07 06:19:08 --> Controller "App\Controllers\undangan\Undangan" loaded.
INFO - 2021-09-07 06:28:04 --> Session: Class initialized using 'CodeIgniter\Session\Handlers\FileHandler' driver.
INFO - 2021-09-07 06:28:04 --> Controller "App\Controllers\undangan\Undangan" loaded.
INFO - 2021-09-07 06:31:25 --> Controller "App\Controllers\base\Beranda" loaded.
INFO - 2021-09-07 07:00:02 --> Controller "App\Controllers\base\Beranda" loaded.
INFO - 2021-09-07 07:09:45 --> Controller "App\Controllers\base\Beranda" loaded.
INFO - 2021-09-07 07:09:58 --> Session: Class initialized using 'CodeIgniter\Session\Handlers\FileHandler' driver.
INFO - 2021-09-07 07:09:58 --> Session: Class initialized using 'CodeIgniter\Session\Handlers\FileHandler' driver.
INFO - 2021-09-07 07:09:58 --> Controller "App\Controllers\admin\Admin" loaded.
INFO - 2021-09-07 07:10:02 --> Controller "App\Controllers\base\Beranda" loaded.
INFO - 2021-09-07 07:10:05 --> Session: Class initialized using 'CodeIgniter\Session\Handlers\FileHandler' driver.
INFO - 2021-09-07 07:10:05 --> Controller "App\Controllers\admin\Admin" loaded.
INFO - 2021-09-07 07:10:05 --> Session: Class initialized using 'CodeIgniter\Session\Handlers\FileHandler' driver.
INFO - 2021-09-07 07:10:05 --> Controller "App\Controllers\admin\Admin" loaded.
INFO - 2021-09-07 07:10:09 --> Session: Class initialized using 'CodeIgniter\Session\Handlers\FileHandler' driver.
INFO - 2021-09-07 07:10:09 --> Controller "App\Controllers\undangan\Undangan" loaded.
INFO - 2021-09-07 07:10:09 --> Session: Class initialized using 'CodeIgniter\Session\Handlers\FileHandler' driver.
INFO - 2021-09-07 07:10:09 --> Controller "App\Controllers\undangan\Undangan" loaded.
INFO - 2021-09-07 07:10:09 --> Session: Class initialized using 'CodeIgniter\Session\Handlers\FileHandler' driver.
INFO - 2021-09-07 07:10:09 --> Controller "App\Controllers\undangan\Undangan" loaded.
INFO - 2021-09-07 07:10:09 --> Session: Class initialized using 'CodeIgniter\Session\Handlers\FileHandler' driver.
INFO - 2021-09-07 07:10:09 --> Controller "App\Controllers\undangan\Undangan" loaded.
INFO - 2021-09-07 07:10:09 --> Session: Class initialized using 'CodeIgniter\Session\Handlers\FileHandler' driver.
INFO - 2021-09-07 07:10:09 --> Controller "App\Controllers\undangan\Undangan" loaded.
INFO - 2021-09-07 07:10:10 --> Session: Class initialized using 'CodeIgniter\Session\Handlers\FileHandler' driver.
INFO - 2021-09-07 07:10:10 --> Controller "App\Controllers\undangan\Undangan" loaded.
INFO - 2021-09-07 07:10:14 --> Session: Class initialized using 'CodeIgniter\Session\Handlers\FileHandler' driver.
INFO - 2021-09-07 07:10:14 --> Controller "App\Controllers\admin\Admin" loaded.
INFO - 2021-09-07 07:10:18 --> Session: Class initialized using 'CodeIgniter\Session\Handlers\FileHandler' driver.
INFO - 2021-09-07 07:10:18 --> Controller "App\Controllers\undangan\Undangan" loaded.
INFO - 2021-09-07 07:20:02 --> Controller "App\Controllers\base\Beranda" loaded.
INFO - 2021-09-07 07:30:02 --> Controller "App\Controllers\base\Beranda" loaded.
INFO - 2021-09-07 07:40:02 --> Controller "App\Controllers\base\Beranda" loaded.
INFO - 2021-09-07 07:49:46 --> Controller "App\Controllers\base\Beranda" loaded.
INFO - 2021-09-07 07:50:01 --> Controller "App\Controllers\base\Beranda" loaded.
INFO - 2021-09-07 08:00:02 --> Controller "App\Controllers\base\Beranda" loaded.
INFO - 2021-09-07 08:09:34 --> Session: Class initialized using 'CodeIgniter\Session\Handlers\FileHandler' driver.
INFO - 2021-09-07 08:09:34 --> Controller "App\Controllers\base\Order" loaded.
INFO - 2021-09-07 08:09:35 --> Controller "App\Controllers\base\Beranda" loaded.
INFO - 2021-09-07 08:10:02 --> Controller "App\Controllers\base\Beranda" loaded.
INFO - 2021-09-07 08:18:57 --> Controller "App\Controllers\base\Beranda" loaded.
INFO - 2021-09-07 08:20:03 --> Controller "App\Controllers\base\Beranda" loaded.
INFO - 2021-09-07 08:30:02 --> Controller "App\Controllers\base\Beranda" loaded.
INFO - 2021-09-07 08:38:14 --> Controller "App\Controllers\base\Beranda" loaded.
INFO - 2021-09-07 08:39:03 --> Controller "App\Controllers\base\Beranda" loaded.
INFO - 2021-09-07 08:40:03 --> Controller "App\Controllers\base\Beranda" loaded.
INFO - 2021-09-07 08:50:02 --> Controller "App\Controllers\base\Beranda" loaded.
INFO - 2021-09-07 08:57:13 --> Session: Class initialized using 'CodeIgniter\Session\Handlers\FileHandler' driver.
INFO - 2021-09-07 08:57:13 --> Controller "App\Controllers\base\Order" loaded.
INFO - 2021-09-07 08:57:18 --> Controller "App\Controllers\base\Beranda" loaded.
INFO - 2021-09-07 08:58:07 --> Controller "App\Controllers\base\Beranda" loaded.
INFO - 2021-09-07 09:00:02 --> Controller "App\Controllers\base\Beranda" loaded.
INFO - 2021-09-07 09:10:02 --> Controller "App\Controllers\base\Beranda" loaded.
INFO - 2021-09-07 09:18:04 --> Controller "App\Controllers\base\Beranda" loaded.
INFO - 2021-09-07 09:18:31 --> Session: Class initialized using 'CodeIgniter\Session\Handlers\FileHandler' driver.
INFO - 2021-09-07 09:18:31 --> Controller "App\Controllers\bukutamu\Bukutamu" loaded.
INFO - 2021-09-07 09:18:55 --> Controller "App\Controllers\base\Beranda" loaded.
INFO - 2021-09-07 09:19:01 --> Controller "App\Controllers\base\Beranda" loaded.
INFO - 2021-09-07 09:19:24 --> Session: Class initialized using 'CodeIgniter\Session\Handlers\FileHandler' driver.
INFO - 2021-09-07 09:19:24 --> Controller "App\Controllers\undangan\Undangan" loaded.
INFO - 2021-09-07 09:20:02 --> Controller "App\Controllers\base\Beranda" loaded.
INFO - 2021-09-07 09:22:43 --> Controller "App\Controllers\base\Beranda" loaded.
INFO - 2021-09-07 09:30:02 --> Controller "App\Controllers\base\Beranda" loaded.
INFO - 2021-09-07 09:40:03 --> Controller "App\Controllers\base\Beranda" loaded.
INFO - 2021-09-07 09:50:03 --> Controller "App\Controllers\base\Beranda" loaded.
INFO - 2021-09-07 09:50:46 --> Controller "App\Controllers\base\Beranda" loaded.
INFO - 2021-09-07 09:54:49 --> Controller "App\Controllers\base\Beranda" loaded.
INFO - 2021-09-07 10:00:02 --> Controller "App\Controllers\base\Beranda" loaded.
INFO - 2021-09-07 10:01:08 --> Controller "App\Controllers\base\Beranda" loaded.
INFO - 2021-09-07 10:10:03 --> Controller "App\Controllers\base\Beranda" loaded.
INFO - 2021-09-07 10:13:30 --> Controller "App\Controllers\base\Beranda" loaded.
INFO - 2021-09-07 10:20:02 --> Controller "App\Controllers\base\Beranda" loaded.
INFO - 2021-09-07 10:30:02 --> Controller "App\Controllers\base\Beranda" loaded.
INFO - 2021-09-07 10:31:02 --> Controller "App\Controllers\base\Beranda" loaded.
INFO - 2021-09-07 10:40:02 --> Controller "App\Controllers\base\Beranda" loaded.
INFO - 2021-09-07 10:50:03 --> Controller "App\Controllers\base\Beranda" loaded.
INFO - 2021-09-07 11:00:03 --> Controller "App\Controllers\base\Beranda" loaded.
INFO - 2021-09-07 11:10:02 --> Controller "App\Controllers\base\Beranda" loaded.
INFO - 2021-09-07 11:19:37 --> Controller "App\Controllers\base\Beranda" loaded.
INFO - 2021-09-07 11:20:02 --> Controller "App\Controllers\base\Beranda" loaded.
INFO - 2021-09-07 11:30:02 --> Controller "App\Controllers\base\Beranda" loaded.
INFO - 2021-09-07 11:38:44 --> Controller "App\Controllers\base\Beranda" loaded.
INFO - 2021-09-07 11:40:03 --> Controller "App\Controllers\base\Beranda" loaded.
INFO - 2021-09-07 11:50:03 --> Controller "App\Controllers\base\Beranda" loaded.
INFO - 2021-09-07 11:56:57 --> Controller "App\Controllers\base\Beranda" loaded.
INFO - 2021-09-07 12:00:02 --> Controller "App\Controllers\base\Beranda" loaded.
INFO - 2021-09-07 12:10:02 --> Controller "App\Controllers\base\Beranda" loaded.
INFO - 2021-09-07 12:16:37 --> Session: Class initialized using 'CodeIgniter\Session\Handlers\FileHandler' driver.
INFO - 2021-09-07 12:16:37 --> Controller "App\Controllers\base\Lupa_password" loaded.
INFO - 2021-09-07 12:20:03 --> Controller "App\Controllers\base\Beranda" loaded.
INFO - 2021-09-07 12:30:02 --> Controller "App\Controllers\base\Beranda" loaded.
INFO - 2021-09-07 12:34:46 --> Controller "App\Controllers\base\Beranda" loaded.
INFO - 2021-09-07 12:40:03 --> Controller "App\Controllers\base\Beranda" loaded.
INFO - 2021-09-07 12:41:53 --> Controller "App\Controllers\base\Beranda" loaded.
INFO - 2021-09-07 12:41:53 --> Controller "App\Controllers\base\Beranda" loaded.
INFO - 2021-09-07 12:41:54 --> Controller "App\Controllers\base\Beranda" loaded.
INFO - 2021-09-07 12:41:54 --> Controller "App\Controllers\base\Beranda" loaded.
INFO - 2021-09-07 12:41:54 --> Controller "App\Controllers\base\Beranda" loaded.
INFO - 2021-09-07 12:41:54 --> Controller "App\Controllers\base\Beranda" loaded.
INFO - 2021-09-07 12:41:55 --> Controller "App\Controllers\base\Beranda" loaded.
INFO - 2021-09-07 12:41:55 --> Controller "App\Controllers\base\Beranda" loaded.
INFO - 2021-09-07 12:41:55 --> Controller "App\Controllers\base\Beranda" loaded.
INFO - 2021-09-07 12:41:56 --> Controller "App\Controllers\base\Beranda" loaded.
INFO - 2021-09-07 12:41:56 --> Controller "App\Controllers\base\Beranda" loaded.
INFO - 2021-09-07 12:41:56 --> Controller "App\Controllers\base\Beranda" loaded.
INFO - 2021-09-07 12:41:56 --> Controller "App\Controllers\base\Beranda" loaded.
INFO - 2021-09-07 12:41:57 --> Controller "App\Controllers\base\Beranda" loaded.
INFO - 2021-09-07 12:41:57 --> Controller "App\Controllers\base\Beranda" loaded.
INFO - 2021-09-07 12:41:57 --> Controller "App\Controllers\base\Beranda" loaded.
INFO - 2021-09-07 12:50:03 --> Controller "App\Controllers\base\Beranda" loaded.
INFO - 2021-09-07 12:56:41 --> Controller "App\Controllers\base\Beranda" loaded.
INFO - 2021-09-07 13:00:03 --> Controller "App\Controllers\base\Beranda" loaded.
INFO - 2021-09-07 13:10:02 --> Controller "App\Controllers\base\Beranda" loaded.
INFO - 2021-09-07 13:20:02 --> Controller "App\Controllers\base\Beranda" loaded.
INFO - 2021-09-07 13:30:02 --> Controller "App\Controllers\base\Beranda" loaded.
INFO - 2021-09-07 13:40:03 --> Controller "App\Controllers\base\Beranda" loaded.
INFO - 2021-09-07 13:46:10 --> Controller "App\Controllers\base\Beranda" loaded.
INFO - 2021-09-07 13:50:02 --> Controller "App\Controllers\base\Beranda" loaded.
INFO - 2021-09-07 14:00:02 --> Controller "App\Controllers\base\Beranda" loaded.
INFO - 2021-09-07 14:02:26 --> Controller "App\Controllers\base\Beranda" loaded.
INFO - 2021-09-07 14:02:29 --> Controller "App\Controllers\base\Beranda" loaded.
INFO - 2021-09-07 14:09:38 --> Controller "App\Controllers\base\Beranda" loaded.
INFO - 2021-09-07 14:10:01 --> Controller "App\Controllers\base\Beranda" loaded.
INFO - 2021-09-07 14:12:30 --> Controller "App\Controllers\base\Beranda" loaded.
INFO - 2021-09-07 14:20:03 --> Controller "App\Controllers\base\Beranda" loaded.
INFO - 2021-09-07 14:23:24 --> Controller "App\Controllers\base\Beranda" loaded.
INFO - 2021-09-07 14:30:02 --> Controller "App\Controllers\base\Beranda" loaded.
INFO - 2021-09-07 14:40:02 --> Controller "App\Controllers\base\Beranda" loaded.
INFO - 2021-09-07 14:50:03 --> Controller "App\Controllers\base\Beranda" loaded.
INFO - 2021-09-07 14:53:40 --> Controller "App\Controllers\base\Beranda" loaded.
INFO - 2021-09-07 14:54:56 --> Controller "App\Controllers\base\Beranda" loaded.
INFO - 2021-09-07 15:00:02 --> Controller "App\Controllers\base\Beranda" loaded.
INFO - 2021-09-07 15:10:02 --> Controller "App\Controllers\base\Beranda" loaded.
INFO - 2021-09-07 15:20:03 --> Controller "App\Controllers\base\Beranda" loaded.
INFO - 2021-09-07 15:30:02 --> Controller "App\Controllers\base\Beranda" loaded.
INFO - 2021-09-07 15:40:02 --> Controller "App\Controllers\base\Beranda" loaded.
INFO - 2021-09-07 15:42:24 --> Controller "App\Controllers\base\Beranda" loaded.
INFO - 2021-09-07 15:50:03 --> Controller "App\Controllers\base\Beranda" loaded.
INFO - 2021-09-07 16:00:02 --> Controller "App\Controllers\base\Beranda" loaded.
INFO - 2021-09-07 16:10:02 --> Controller "App\Controllers\base\Beranda" loaded.
INFO - 2021-09-07 16:20:03 --> Controller "App\Controllers\base\Beranda" loaded.
INFO - 2021-09-07 16:30:02 --> Controller "App\Controllers\base\Beranda" loaded.
INFO - 2021-09-07 16:30:19 --> Session: Class initialized using 'CodeIgniter\Session\Handlers\FileHandler' driver.
INFO - 2021-09-07 16:30:19 --> Controller "App\Controllers\base\Order" loaded.
INFO - 2021-09-07 16:30:56 --> Session: Class initialized using 'CodeIgniter\Session\Handlers\FileHandler' driver.
INFO - 2021-09-07 16:30:56 --> Controller "App\Controllers\base\Order" loaded.
INFO - 2021-09-07 16:31:03 --> Session: Class initialized using 'CodeIgniter\Session\Handlers\FileHandler' driver.
INFO - 2021-09-07 16:31:03 --> Controller "App\Controllers\base\Order" loaded.
INFO - 2021-09-07 16:31:08 --> Controller "App\Controllers\base\Beranda" loaded.
INFO - 2021-09-07 16:40:02 --> Controller "App\Controllers\base\Beranda" loaded.
INFO - 2021-09-07 16:50:03 --> Controller "App\Controllers\base\Beranda" loaded.
INFO - 2021-09-07 16:55:54 --> Controller "App\Controllers\base\Beranda" loaded.
INFO - 2021-09-07 16:55:55 --> Controller "App\Controllers\base\Beranda" loaded.
INFO - 2021-09-07 16:56:08 --> Controller "App\Controllers\base\Beranda" loaded.
INFO - 2021-09-07 16:56:18 --> Controller "App\Controllers\base\Beranda" loaded.
INFO - 2021-09-07 16:56:19 --> Controller "App\Controllers\base\Beranda" loaded.
INFO - 2021-09-07 16:57:18 --> Controller "App\Controllers\base\Beranda" loaded.
INFO - 2021-09-07 16:57:18 --> Controller "App\Controllers\base\Beranda" loaded.
INFO - 2021-09-07 16:57:18 --> Controller "App\Controllers\base\Beranda" loaded.
INFO - 2021-09-07 17:00:03 --> Controller "App\Controllers\base\Beranda" loaded.
INFO - 2021-09-07 17:10:02 --> Controller "App\Controllers\base\Beranda" loaded.
INFO - 2021-09-07 17:20:03 --> Controller "App\Controllers\base\Beranda" loaded.
INFO - 2021-09-07 17:20:48 --> Controller "App\Controllers\base\Beranda" loaded.
INFO - 2021-09-07 17:20:48 --> Controller "App\Controllers\base\Beranda" loaded.
INFO - 2021-09-07 17:20:49 --> Controller "App\Controllers\base\Beranda" loaded.
INFO - 2021-09-07 17:21:01 --> Controller "App\Controllers\base\Beranda" loaded.
INFO - 2021-09-07 17:21:01 --> Controller "App\Controllers\base\Beranda" loaded.
INFO - 2021-09-07 17:21:02 --> Controller "App\Controllers\base\Beranda" loaded.
INFO - 2021-09-07 17:25:38 --> Controller "App\Controllers\base\Beranda" loaded.
INFO - 2021-09-07 17:29:14 --> Controller "App\Controllers\base\Beranda" loaded.
INFO - 2021-09-07 17:29:14 --> Controller "App\Controllers\base\Beranda" loaded.
INFO - 2021-09-07 17:29:15 --> Controller "App\Controllers\base\Beranda" loaded.
INFO - 2021-09-07 17:30:02 --> Controller "App\Controllers\base\Beranda" loaded.
INFO - 2021-09-07 17:30:02 --> Controller "App\Controllers\base\Beranda" loaded.
INFO - 2021-09-07 17:30:02 --> Controller "App\Controllers\base\Beranda" loaded.
INFO - 2021-09-07 17:30:03 --> Controller "App\Controllers\base\Beranda" loaded.
INFO - 2021-09-07 17:30:58 --> Controller "App\Controllers\base\Beranda" loaded.
INFO - 2021-09-07 17:30:58 --> Controller "App\Controllers\base\Beranda" loaded.
INFO - 2021-09-07 17:30:58 --> Controller "App\Controllers\base\Beranda" loaded.
INFO - 2021-09-07 17:31:07 --> Controller "App\Controllers\base\Beranda" loaded.
INFO - 2021-09-07 17:31:07 --> Controller "App\Controllers\base\Beranda" loaded.
INFO - 2021-09-07 17:31:08 --> Controller "App\Controllers\base\Beranda" loaded.
INFO - 2021-09-07 17:32:00 --> Controller "App\Controllers\base\Beranda" loaded.
INFO - 2021-09-07 17:34:03 --> Controller "App\Controllers\base\Beranda" loaded.
INFO - 2021-09-07 17:40:02 --> Controller "App\Controllers\base\Beranda" loaded.
INFO - 2021-09-07 17:49:23 --> Controller "App\Controllers\base\Beranda" loaded.
INFO - 2021-09-07 17:49:41 --> Controller "App\Controllers\base\Beranda" loaded.
INFO - 2021-09-07 17:50:01 --> Controller "App\Controllers\base\Beranda" loaded.
INFO - 2021-09-07 17:50:36 --> Controller "App\Controllers\base\Beranda" loaded.
INFO - 2021-09-07 17:50:36 --> Controller "App\Controllers\base\Beranda" loaded.
INFO - 2021-09-07 17:50:36 --> Controller "App\Controllers\base\Beranda" loaded.
INFO - 2021-09-07 17:50:41 --> Controller "App\Controllers\base\Beranda" loaded.
INFO - 2021-09-07 17:51:13 --> Controller "App\Controllers\base\Beranda" loaded.
INFO - 2021-09-07 17:58:55 --> Controller "App\Controllers\base\Beranda" loaded.
INFO - 2021-09-07 17:58:55 --> Controller "App\Controllers\base\Beranda" loaded.
INFO - 2021-09-07 17:58:55 --> Controller "App\Controllers\base\Beranda" loaded.
INFO - 2021-09-07 17:58:56 --> Controller "App\Controllers\base\Beranda" loaded.
INFO - 2021-09-07 17:58:56 --> Controller "App\Controllers\base\Beranda" loaded.
INFO - 2021-09-07 17:58:56 --> Controller "App\Controllers\base\Beranda" loaded.
INFO - 2021-09-07 17:58:56 --> Controller "App\Controllers\base\Beranda" loaded.
INFO - 2021-09-07 17:58:56 --> Controller "App\Controllers\base\Beranda" loaded.
INFO - 2021-09-07 17:58:57 --> Controller "App\Controllers\base\Beranda" loaded.
INFO - 2021-09-07 17:58:57 --> Controller "App\Controllers\base\Beranda" loaded.
INFO - 2021-09-07 17:58:57 --> Controller "App\Controllers\base\Beranda" loaded.
INFO - 2021-09-07 17:58:58 --> Controller "App\Controllers\base\Beranda" loaded.
INFO - 2021-09-07 17:58:58 --> Controller "App\Controllers\base\Beranda" loaded.
INFO - 2021-09-07 17:58:58 --> Controller "App\Controllers\base\Beranda" loaded.
INFO - 2021-09-07 17:58:58 --> Controller "App\Controllers\base\Beranda" loaded.
INFO - 2021-09-07 17:58:58 --> Controller "App\Controllers\base\Beranda" loaded.
INFO - 2021-09-07 17:58:58 --> Controller "App\Controllers\base\Beranda" loaded.
INFO - 2021-09-07 17:58:59 --> Controller "App\Controllers\base\Beranda" loaded.
INFO - 2021-09-07 18:00:02 --> Controller "App\Controllers\base\Beranda" loaded.
INFO - 2021-09-07 18:02:03 --> Controller "App\Controllers\base\Beranda" loaded.
INFO - 2021-09-07 18:02:03 --> Controller "App\Controllers\base\Beranda" loaded.
INFO - 2021-09-07 18:02:03 --> Controller "App\Controllers\base\Beranda" loaded.
INFO - 2021-09-07 18:02:23 --> Controller "App\Controllers\base\Beranda" loaded.
INFO - 2021-09-07 18:02:26 --> Controller "App\Controllers\base\Beranda" loaded.
INFO - 2021-09-07 18:02:28 --> Controller "App\Controllers\base\Beranda" loaded.
INFO - 2021-09-07 18:03:08 --> Controller "App\Controllers\base\Beranda" loaded.
INFO - 2021-09-07 18:03:08 --> Controller "App\Controllers\base\Beranda" loaded.
INFO - 2021-09-07 18:03:09 --> Controller "App\Controllers\base\Beranda" loaded.
INFO - 2021-09-07 18:04:39 --> Controller "App\Controllers\base\Beranda" loaded.
INFO - 2021-09-07 18:04:52 --> Controller "App\Controllers\base\Beranda" loaded.
INFO - 2021-09-07 18:05:08 --> Controller "App\Controllers\base\Beranda" loaded.
INFO - 2021-09-07 18:10:03 --> Controller "App\Controllers\base\Beranda" loaded.
INFO - 2021-09-07 18:20:02 --> Controller "App\Controllers\base\Beranda" loaded.
INFO - 2021-09-07 18:26:56 --> Session: Class initialized using 'CodeIgniter\Session\Handlers\FileHandler' driver.
INFO - 2021-09-07 18:26:56 --> Controller "App\Controllers\admin\Admin" loaded.
INFO - 2021-09-07 18:30:03 --> Controller "App\Controllers\base\Beranda" loaded.
INFO - 2021-09-07 18:40:02 --> Controller "App\Controllers\base\Beranda" loaded.
INFO - 2021-09-07 18:50:02 --> Controller "App\Controllers\base\Beranda" loaded.
INFO - 2021-09-07 19:00:03 --> Controller "App\Controllers\base\Beranda" loaded.
INFO - 2021-09-07 19:02:53 --> Controller "App\Controllers\base\Beranda" loaded.
INFO - 2021-09-07 19:02:56 --> Session: Class initialized using 'CodeIgniter\Session\Handlers\FileHandler' driver.
INFO - 2021-09-07 19:02:56 --> Controller "App\Controllers\base\Order" loaded.
INFO - 2021-09-07 19:02:57 --> Controller "App\Controllers\base\Beranda" loaded.
INFO - 2021-09-07 19:05:33 --> Controller "App\Controllers\base\Beranda" loaded.
INFO - 2021-09-07 19:06:06 --> Controller "App\Controllers\base\Beranda" loaded.
INFO - 2021-09-07 19:10:02 --> Controller "App\Controllers\base\Beranda" loaded.
INFO - 2021-09-07 19:16:40 --> Controller "App\Controllers\base\Beranda" loaded.
INFO - 2021-09-07 19:18:20 --> Controller "App\Controllers\base\Beranda" loaded.
INFO - 2021-09-07 19:18:20 --> Controller "App\Controllers\base\Beranda" loaded.
INFO - 2021-09-07 19:18:20 --> Controller "App\Controllers\base\Beranda" loaded.
INFO - 2021-09-07 19:19:40 --> Controller "App\Controllers\base\Beranda" loaded.
INFO - 2021-09-07 19:20:02 --> Controller "App\Controllers\base\Beranda" loaded.
INFO - 2021-09-07 19:21:40 --> Controller "App\Controllers\base\Beranda" loaded.
INFO - 2021-09-07 19:24:00 --> Controller "App\Controllers\base\Beranda" loaded.
INFO - 2021-09-07 19:24:01 --> Controller "App\Controllers\base\Beranda" loaded.
INFO - 2021-09-07 19:24:01 --> Controller "App\Controllers\base\Beranda" loaded.
INFO - 2021-09-07 19:24:06 --> Controller "App\Controllers\base\Beranda" loaded.
INFO - 2021-09-07 19:24:13 --> Controller "App\Controllers\base\Beranda" loaded.
INFO - 2021-09-07 19:24:18 --> Controller "App\Controllers\base\Beranda" loaded.
INFO - 2021-09-07 19:25:00 --> Controller "App\Controllers\base\Beranda" loaded.
INFO - 2021-09-07 19:25:00 --> Controller "App\Controllers\base\Beranda" loaded.
INFO - 2021-09-07 19:25:01 --> Controller "App\Controllers\base\Beranda" loaded.
INFO - 2021-09-07 19:25:15 --> Controller "App\Controllers\base\Beranda" loaded.
INFO - 2021-09-07 19:25:15 --> Controller "App\Controllers\base\Beranda" loaded.
INFO - 2021-09-07 19:25:16 --> Controller "App\Controllers\base\Beranda" loaded.
INFO - 2021-09-07 19:25:38 --> Controller "App\Controllers\base\Beranda" loaded.
INFO - 2021-09-07 19:26:07 --> Controller "App\Controllers\base\Beranda" loaded.
INFO - 2021-09-07 19:26:16 --> Controller "App\Controllers\base\Beranda" loaded.
INFO - 2021-09-07 19:26:21 --> Controller "App\Controllers\base\Beranda" loaded.
INFO - 2021-09-07 19:26:35 --> Controller "App\Controllers\base\Beranda" loaded.
INFO - 2021-09-07 19:27:14 --> Controller "App\Controllers\base\Beranda" loaded.
INFO - 2021-09-07 19:27:14 --> Controller "App\Controllers\base\Beranda" loaded.
INFO - 2021-09-07 19:27:15 --> Controller "App\Controllers\base\Beranda" loaded.
INFO - 2021-09-07 19:27:24 --> Controller "App\Controllers\base\Beranda" loaded.
INFO - 2021-09-07 19:27:32 --> Controller "App\Controllers\base\Beranda" loaded.
INFO - 2021-09-07 19:27:32 --> Controller "App\Controllers\base\Beranda" loaded.
INFO - 2021-09-07 19:30:02 --> Controller "App\Controllers\base\Beranda" loaded.
INFO - 2021-09-07 19:30:28 --> Controller "App\Controllers\base\Beranda" loaded.
INFO - 2021-09-07 19:30:35 --> Session: Class initialized using 'CodeIgniter\Session\Handlers\FileHandler' driver.
INFO - 2021-09-07 19:30:35 --> Controller "App\Controllers\base\Order" loaded.
INFO - 2021-09-07 19:30:35 --> Controller "App\Controllers\base\Beranda" loaded.
INFO - 2021-09-07 19:30:52 --> Session: Class initialized using 'CodeIgniter\Session\Handlers\FileHandler' driver.
INFO - 2021-09-07 19:30:52 --> Controller "App\Controllers\base\Order" loaded.
INFO - 2021-09-07 19:31:21 --> Session: Class initialized using 'CodeIgniter\Session\Handlers\FileHandler' driver.
INFO - 2021-09-07 19:31:21 --> Controller "App\Controllers\base\Order" loaded.
INFO - 2021-09-07 19:31:26 --> Session: Class initialized using 'CodeIgniter\Session\Handlers\FileHandler' driver.
INFO - 2021-09-07 19:31:26 --> Controller "App\Controllers\base\Order" loaded.
INFO - 2021-09-07 19:31:30 --> Session: Class initialized using 'CodeIgniter\Session\Handlers\FileHandler' driver.
INFO - 2021-09-07 19:31:30 --> Controller "App\Controllers\base\Order" loaded.
INFO - 2021-09-07 19:31:36 --> Session: Class initialized using 'CodeIgniter\Session\Handlers\FileHandler' driver.
INFO - 2021-09-07 19:31:36 --> Controller "App\Controllers\base\Order" loaded.
INFO - 2021-09-07 19:31:47 --> Controller "App\Controllers\base\Beranda" loaded.
INFO - 2021-09-07 19:31:53 --> Session: Class initialized using 'CodeIgniter\Session\Handlers\FileHandler' driver.
INFO - 2021-09-07 19:31:53 --> Controller "App\Controllers\base\Order" loaded.
INFO - 2021-09-07 19:32:41 --> Session: Class initialized using 'CodeIgniter\Session\Handlers\FileHandler' driver.
INFO - 2021-09-07 19:32:41 --> Controller "App\Controllers\base\Order" loaded.
INFO - 2021-09-07 19:33:04 --> Session: Class initialized using 'CodeIgniter\Session\Handlers\FileHandler' driver.
INFO - 2021-09-07 19:33:04 --> Controller "App\Controllers\base\Order" loaded.
INFO - 2021-09-07 19:33:06 --> Session: Class initialized using 'CodeIgniter\Session\Handlers\FileHandler' driver.
INFO - 2021-09-07 19:33:06 --> Controller "App\Controllers\base\Order" loaded.
INFO - 2021-09-07 19:33:21 --> Controller "App\Controllers\base\Beranda" loaded.
INFO - 2021-09-07 19:33:40 --> Session: Class initialized using 'CodeIgniter\Session\Handlers\FileHandler' driver.
INFO - 2021-09-07 19:33:40 --> Controller "App\Controllers\base\Order" loaded.
INFO - 2021-09-07 19:33:49 --> Session: Class initialized using 'CodeIgniter\Session\Handlers\FileHandler' driver.
INFO - 2021-09-07 19:33:49 --> Controller "App\Controllers\base\Order" loaded.
INFO - 2021-09-07 19:33:49 --> Controller "App\Controllers\base\Beranda" loaded.
INFO - 2021-09-07 19:34:02 --> Session: Class initialized using 'CodeIgniter\Session\Handlers\FileHandler' driver.
INFO - 2021-09-07 19:34:02 --> Controller "App\Controllers\base\Order" loaded.
INFO - 2021-09-07 19:34:03 --> Session: Class initialized using 'CodeIgniter\Session\Handlers\FileHandler' driver.
INFO - 2021-09-07 19:34:03 --> Controller "App\Controllers\base\Order" loaded.
INFO - 2021-09-07 19:34:04 --> Session: Class initialized using 'CodeIgniter\Session\Handlers\FileHandler' driver.
INFO - 2021-09-07 19:34:04 --> Controller "App\Controllers\base\Order" loaded.
INFO - 2021-09-07 19:34:04 --> Session: Class initialized using 'CodeIgniter\Session\Handlers\FileHandler' driver.
INFO - 2021-09-07 19:34:04 --> Controller "App\Controllers\base\Order" loaded.
INFO - 2021-09-07 19:34:05 --> Session: Class initialized using 'CodeIgniter\Session\Handlers\FileHandler' driver.
INFO - 2021-09-07 19:34:05 --> Controller "App\Controllers\base\Order" loaded.
INFO - 2021-09-07 19:34:06 --> Session: Class initialized using 'CodeIgniter\Session\Handlers\FileHandler' driver.
INFO - 2021-09-07 19:34:06 --> Controller "App\Controllers\base\Order" loaded.
INFO - 2021-09-07 19:34:06 --> Session: Class initialized using 'CodeIgniter\Session\Handlers\FileHandler' driver.
INFO - 2021-09-07 19:34:06 --> Controller "App\Controllers\base\Order" loaded.
INFO - 2021-09-07 19:34:06 --> Session: Class initialized using 'CodeIgniter\Session\Handlers\FileHandler' driver.
INFO - 2021-09-07 19:34:06 --> Controller "App\Controllers\base\Order" loaded.
INFO - 2021-09-07 19:34:07 --> Session: Class initialized using 'CodeIgniter\Session\Handlers\FileHandler' driver.
INFO - 2021-09-07 19:34:07 --> Controller "App\Controllers\base\Order" loaded.
INFO - 2021-09-07 19:34:07 --> Session: Class initialized using 'CodeIgniter\Session\Handlers\FileHandler' driver.
INFO - 2021-09-07 19:34:07 --> Controller "App\Controllers\base\Order" loaded.
INFO - 2021-09-07 19:34:08 --> Session: Class initialized using 'CodeIgniter\Session\Handlers\FileHandler' driver.
INFO - 2021-09-07 19:34:08 --> Controller "App\Controllers\base\Order" loaded.
INFO - 2021-09-07 19:34:08 --> Session: Class initialized using 'CodeIgniter\Session\Handlers\FileHandler' driver.
INFO - 2021-09-07 19:34:08 --> Controller "App\Controllers\base\Order" loaded.
INFO - 2021-09-07 19:34:11 --> Session: Class initialized using 'CodeIgniter\Session\Handlers\FileHandler' driver.
INFO - 2021-09-07 19:34:11 --> Controller "App\Controllers\base\Order" loaded.
INFO - 2021-09-07 19:34:12 --> Session: Class initialized using 'CodeIgniter\Session\Handlers\FileHandler' driver.
INFO - 2021-09-07 19:34:12 --> Controller "App\Controllers\base\Order" loaded.
INFO - 2021-09-07 19:34:13 --> Session: Class initialized using 'CodeIgniter\Session\Handlers\FileHandler' driver.
INFO - 2021-09-07 19:34:13 --> Controller "App\Controllers\base\Order" loaded.
INFO - 2021-09-07 19:34:14 --> Session: Class initialized using 'CodeIgniter\Session\Handlers\FileHandler' driver.
INFO - 2021-09-07 19:34:14 --> Controller "App\Controllers\base\Order" loaded.
INFO - 2021-09-07 19:34:14 --> Session: Class initialized using 'CodeIgniter\Session\Handlers\FileHandler' driver.
INFO - 2021-09-07 19:34:14 --> Controller "App\Controllers\base\Order" loaded.
INFO - 2021-09-07 19:34:16 --> Session: Class initialized using 'CodeIgniter\Session\Handlers\FileHandler' driver.
INFO - 2021-09-07 19:34:16 --> Controller "App\Controllers\base\Order" loaded.
INFO - 2021-09-07 19:34:16 --> Session: Class initialized using 'CodeIgniter\Session\Handlers\FileHandler' driver.
INFO - 2021-09-07 19:34:16 --> Controller "App\Controllers\base\Order" loaded.
INFO - 2021-09-07 19:34:18 --> Session: Class initialized using 'CodeIgniter\Session\Handlers\FileHandler' driver.
INFO - 2021-09-07 19:34:18 --> Controller "App\Controllers\base\Order" loaded.
INFO - 2021-09-07 19:34:33 --> Session: Class initialized using 'CodeIgniter\Session\Handlers\FileHandler' driver.
INFO - 2021-09-07 19:34:33 --> Controller "App\Controllers\base\Order" loaded.
INFO - 2021-09-07 19:34:34 --> Session: Class initialized using 'CodeIgniter\Session\Handlers\FileHandler' driver.
INFO - 2021-09-07 19:34:34 --> Controller "App\Controllers\base\Order" loaded.
INFO - 2021-09-07 19:34:36 --> Session: Class initialized using 'CodeIgniter\Session\Handlers\FileHandler' driver.
INFO - 2021-09-07 19:34:36 --> Controller "App\Controllers\base\Order" loaded.
INFO - 2021-09-07 19:34:37 --> Session: Class initialized using 'CodeIgniter\Session\Handlers\FileHandler' driver.
INFO - 2021-09-07 19:34:37 --> Controller "App\Controllers\base\Order" loaded.
INFO - 2021-09-07 19:34:42 --> Session: Class initialized using 'CodeIgniter\Session\Handlers\FileHandler' driver.
INFO - 2021-09-07 19:34:42 --> Controller "App\Controllers\base\Order" loaded.
INFO - 2021-09-07 19:34:46 --> Session: Class initialized using 'CodeIgniter\Session\Handlers\FileHandler' driver.
INFO - 2021-09-07 19:34:46 --> Controller "App\Controllers\base\Order" loaded.
INFO - 2021-09-07 19:34:50 --> Session: Class initialized using 'CodeIgniter\Session\Handlers\FileHandler' driver.
INFO - 2021-09-07 19:34:50 --> Controller "App\Controllers\base\Order" loaded.
INFO - 2021-09-07 19:34:52 --> Controller "App\Controllers\base\Beranda" loaded.
INFO - 2021-09-07 19:34:58 --> Controller "App\Controllers\base\Beranda" loaded.
INFO - 2021-09-07 19:35:03 --> Controller "App\Controllers\base\Beranda" loaded.
INFO - 2021-09-07 19:35:11 --> Controller "App\Controllers\base\Beranda" loaded.
INFO - 2021-09-07 19:35:12 --> Controller "App\Controllers\base\Beranda" loaded.
INFO - 2021-09-07 19:35:12 --> Controller "App\Controllers\base\Beranda" loaded.
INFO - 2021-09-07 19:35:25 --> Session: Class initialized using 'CodeIgniter\Session\Handlers\FileHandler' driver.
INFO - 2021-09-07 19:35:25 --> Controller "App\Controllers\undangan\Undangan" loaded.
INFO - 2021-09-07 19:37:24 --> Controller "App\Controllers\base\Beranda" loaded.
INFO - 2021-09-07 19:37:28 --> Session: Class initialized using 'CodeIgniter\Session\Handlers\FileHandler' driver.
INFO - 2021-09-07 19:37:28 --> Controller "App\Controllers\undangan\Undangan" loaded.
INFO - 2021-09-07 19:38:29 --> Controller "App\Controllers\base\Beranda" loaded.
INFO - 2021-09-07 19:38:30 --> Controller "App\Controllers\base\Beranda" loaded.
INFO - 2021-09-07 19:38:30 --> Controller "App\Controllers\base\Beranda" loaded.
INFO - 2021-09-07 19:38:42 --> Controller "App\Controllers\base\Beranda" loaded.
INFO - 2021-09-07 19:38:42 --> Controller "App\Controllers\base\Beranda" loaded.
INFO - 2021-09-07 19:38:43 --> Controller "App\Controllers\base\Beranda" loaded.
INFO - 2021-09-07 19:39:59 --> Controller "App\Controllers\base\Beranda" loaded.
INFO - 2021-09-07 19:40:02 --> Controller "App\Controllers\base\Beranda" loaded.
INFO - 2021-09-07 19:40:03 --> Controller "App\Controllers\base\Beranda" loaded.
INFO - 2021-09-07 19:40:12 --> Controller "App\Controllers\base\Beranda" loaded.
INFO - 2021-09-07 19:40:21 --> Controller "App\Controllers\base\Beranda" loaded.
INFO - 2021-09-07 19:40:37 --> Controller "App\Controllers\base\Beranda" loaded.
INFO - 2021-09-07 19:40:37 --> Controller "App\Controllers\base\Beranda" loaded.
INFO - 2021-09-07 19:40:38 --> Controller "App\Controllers\base\Beranda" loaded.
INFO - 2021-09-07 19:40:40 --> Controller "App\Controllers\base\Beranda" loaded.
INFO - 2021-09-07 19:40:52 --> Controller "App\Controllers\base\Beranda" loaded.
INFO - 2021-09-07 19:40:52 --> Controller "App\Controllers\base\Beranda" loaded.
INFO - 2021-09-07 19:40:53 --> Controller "App\Controllers\base\Beranda" loaded.
INFO - 2021-09-07 19:41:03 --> Controller "App\Controllers\base\Beranda" loaded.
INFO - 2021-09-07 19:41:22 --> Controller "App\Controllers\base\Beranda" loaded.
INFO - 2021-09-07 19:41:22 --> Controller "App\Controllers\base\Beranda" loaded.
INFO - 2021-09-07 19:41:23 --> Controller "App\Controllers\base\Beranda" loaded.
INFO - 2021-09-07 19:41:32 --> Controller "App\Controllers\base\Beranda" loaded.
INFO - 2021-09-07 19:41:41 --> Controller "App\Controllers\base\Beranda" loaded.
INFO - 2021-09-07 19:41:42 --> Controller "App\Controllers\base\Beranda" loaded.
INFO - 2021-09-07 19:41:42 --> Controller "App\Controllers\base\Beranda" loaded.
INFO - 2021-09-07 19:41:52 --> Controller "App\Controllers\base\Beranda" loaded.
INFO - 2021-09-07 19:41:52 --> Controller "App\Controllers\base\Beranda" loaded.
INFO - 2021-09-07 19:41:53 --> Controller "App\Controllers\base\Beranda" loaded.
INFO - 2021-09-07 19:41:53 --> Controller "App\Controllers\base\Beranda" loaded.
INFO - 2021-09-07 19:42:04 --> Controller "App\Controllers\base\Beranda" loaded.
INFO - 2021-09-07 19:42:09 --> Controller "App\Controllers\base\Beranda" loaded.
INFO - 2021-09-07 19:42:09 --> Controller "App\Controllers\base\Beranda" loaded.
INFO - 2021-09-07 19:42:10 --> Controller "App\Controllers\base\Beranda" loaded.
INFO - 2021-09-07 19:42:13 --> Controller "App\Controllers\base\Beranda" loaded.
INFO - 2021-09-07 19:42:13 --> Controller "App\Controllers\base\Beranda" loaded.
INFO - 2021-09-07 19:42:14 --> Controller "App\Controllers\base\Beranda" loaded.
INFO - 2021-09-07 19:42:28 --> Controller "App\Controllers\base\Beranda" loaded.
INFO - 2021-09-07 19:42:28 --> Controller "App\Controllers\base\Beranda" loaded.
INFO - 2021-09-07 19:42:29 --> Controller "App\Controllers\base\Beranda" loaded.
INFO - 2021-09-07 19:42:51 --> Controller "App\Controllers\base\Beranda" loaded.
INFO - 2021-09-07 19:42:51 --> Controller "App\Controllers\base\Beranda" loaded.
INFO - 2021-09-07 19:42:52 --> Controller "App\Controllers\base\Beranda" loaded.
INFO - 2021-09-07 19:43:06 --> Controller "App\Controllers\base\Beranda" loaded.
INFO - 2021-09-07 19:44:20 --> Controller "App\Controllers\base\Beranda" loaded.
INFO - 2021-09-07 19:44:20 --> Controller "App\Controllers\base\Beranda" loaded.
INFO - 2021-09-07 19:44:20 --> Controller "App\Controllers\base\Beranda" loaded.
INFO - 2021-09-07 19:45:01 --> Controller "App\Controllers\base\Beranda" loaded.
INFO - 2021-09-07 19:45:16 --> Controller "App\Controllers\base\Beranda" loaded.
INFO - 2021-09-07 19:45:16 --> Controller "App\Controllers\base\Beranda" loaded.
INFO - 2021-09-07 19:45:16 --> Controller "App\Controllers\base\Beranda" loaded.
INFO - 2021-09-07 19:45:36 --> Controller "App\Controllers\base\Beranda" loaded.
INFO - 2021-09-07 19:45:47 --> Controller "App\Controllers\base\Beranda" loaded.
INFO - 2021-09-07 19:45:47 --> Controller "App\Controllers\base\Beranda" loaded.
INFO - 2021-09-07 19:45:48 --> Controller "App\Controllers\base\Beranda" loaded.
INFO - 2021-09-07 19:45:59 --> Controller "App\Controllers\base\Beranda" loaded.
INFO - 2021-09-07 19:45:59 --> Controller "App\Controllers\base\Beranda" loaded.
INFO - 2021-09-07 19:46:00 --> Controller "App\Controllers\base\Beranda" loaded.
INFO - 2021-09-07 19:46:16 --> Controller "App\Controllers\base\Beranda" loaded.
INFO - 2021-09-07 19:46:35 --> Controller "App\Controllers\base\Beranda" loaded.
INFO - 2021-09-07 19:46:35 --> Controller "App\Controllers\base\Beranda" loaded.
INFO - 2021-09-07 19:46:36 --> Controller "App\Controllers\base\Beranda" loaded.
INFO - 2021-09-07 19:46:39 --> Controller "App\Controllers\base\Beranda" loaded.
INFO - 2021-09-07 19:46:47 --> Controller "App\Controllers\base\Beranda" loaded.
INFO - 2021-09-07 19:47:01 --> Controller "App\Controllers\base\Beranda" loaded.
INFO - 2021-09-07 19:47:01 --> Controller "App\Controllers\base\Beranda" loaded.
INFO - 2021-09-07 19:47:02 --> Controller "App\Controllers\base\Beranda" loaded.
INFO - 2021-09-07 19:47:07 --> Controller "App\Controllers\base\Beranda" loaded.
INFO - 2021-09-07 19:47:15 --> Controller "App\Controllers\base\Beranda" loaded.
INFO - 2021-09-07 19:47:27 --> Controller "App\Controllers\base\Beranda" loaded.
INFO - 2021-09-07 19:47:27 --> Controller "App\Controllers\base\Beranda" loaded.
INFO - 2021-09-07 19:47:28 --> Controller "App\Controllers\base\Beranda" loaded.
INFO - 2021-09-07 19:47:36 --> Controller "App\Controllers\base\Beranda" loaded.
INFO - 2021-09-07 19:47:36 --> Controller "App\Controllers\base\Beranda" loaded.
INFO - 2021-09-07 19:47:37 --> Controller "App\Controllers\base\Beranda" loaded.
INFO - 2021-09-07 19:47:57 --> Controller "App\Controllers\base\Beranda" loaded.
INFO - 2021-09-07 19:48:15 --> Controller "App\Controllers\base\Beranda" loaded.
INFO - 2021-09-07 19:48:22 --> Controller "App\Controllers\base\Beranda" loaded.
INFO - 2021-09-07 19:48:22 --> Controller "App\Controllers\base\Beranda" loaded.
INFO - 2021-09-07 19:48:23 --> Controller "App\Controllers\base\Beranda" loaded.
INFO - 2021-09-07 19:48:26 --> Controller "App\Controllers\base\Beranda" loaded.
INFO - 2021-09-07 19:48:47 --> Controller "App\Controllers\base\Beranda" loaded.
INFO - 2021-09-07 19:49:21 --> Controller "App\Controllers\base\Beranda" loaded.
INFO - 2021-09-07 19:49:21 --> Controller "App\Controllers\base\Beranda" loaded.
INFO - 2021-09-07 19:49:21 --> Controller "App\Controllers\base\Beranda" loaded.
INFO - 2021-09-07 19:49:30 --> Controller "App\Controllers\base\Beranda" loaded.
INFO - 2021-09-07 19:49:37 --> Controller "App\Controllers\base\Beranda" loaded.
INFO - 2021-09-07 19:49:37 --> Controller "App\Controllers\base\Beranda" loaded.
INFO - 2021-09-07 19:49:38 --> Controller "App\Controllers\base\Beranda" loaded.
INFO - 2021-09-07 19:49:48 --> Controller "App\Controllers\base\Beranda" loaded.
INFO - 2021-09-07 19:49:48 --> Controller "App\Controllers\base\Beranda" loaded.
INFO - 2021-09-07 19:49:49 --> Controller "App\Controllers\base\Beranda" loaded.
INFO - 2021-09-07 19:49:55 --> Controller "App\Controllers\base\Beranda" loaded.
INFO - 2021-09-07 19:49:55 --> Controller "App\Controllers\base\Beranda" loaded.
INFO - 2021-09-07 19:49:56 --> Controller "App\Controllers\base\Beranda" loaded.
INFO - 2021-09-07 19:50:02 --> Controller "App\Controllers\base\Beranda" loaded.
INFO - 2021-09-07 19:50:08 --> Controller "App\Controllers\base\Beranda" loaded.
INFO - 2021-09-07 19:50:08 --> Controller "App\Controllers\base\Beranda" loaded.
INFO - 2021-09-07 19:50:09 --> Controller "App\Controllers\base\Beranda" loaded.
INFO - 2021-09-07 19:50:30 --> Controller "App\Controllers\base\Beranda" loaded.
INFO - 2021-09-07 19:50:35 --> Controller "App\Controllers\base\Beranda" loaded.
INFO - 2021-09-07 19:50:35 --> Controller "App\Controllers\base\Beranda" loaded.
INFO - 2021-09-07 19:50:36 --> Controller "App\Controllers\base\Beranda" loaded.
INFO - 2021-09-07 19:50:37 --> Controller "App\Controllers\base\Beranda" loaded.
INFO - 2021-09-07 19:50:51 --> Controller "App\Controllers\base\Beranda" loaded.
INFO - 2021-09-07 19:50:51 --> Controller "App\Controllers\base\Beranda" loaded.
INFO - 2021-09-07 19:50:52 --> Controller "App\Controllers\base\Beranda" loaded.
INFO - 2021-09-07 19:50:55 --> Controller "App\Controllers\base\Beranda" loaded.
INFO - 2021-09-07 19:51:07 --> Controller "App\Controllers\base\Beranda" loaded.
INFO - 2021-09-07 19:51:07 --> Controller "App\Controllers\base\Beranda" loaded.
INFO - 2021-09-07 19:51:07 --> Controller "App\Controllers\base\Beranda" loaded.
INFO - 2021-09-07 19:51:12 --> Controller "App\Controllers\base\Beranda" loaded.
INFO - 2021-09-07 19:51:12 --> Controller "App\Controllers\base\Beranda" loaded.
INFO - 2021-09-07 19:51:13 --> Controller "App\Controllers\base\Beranda" loaded.
INFO - 2021-09-07 19:51:27 --> Controller "App\Controllers\base\Beranda" loaded.
INFO - 2021-09-07 19:51:30 --> Controller "App\Controllers\base\Beranda" loaded.
INFO - 2021-09-07 19:51:34 --> Controller "App\Controllers\base\Beranda" loaded.
INFO - 2021-09-07 19:51:44 --> Controller "App\Controllers\base\Beranda" loaded.
INFO - 2021-09-07 19:51:44 --> Controller "App\Controllers\base\Beranda" loaded.
INFO - 2021-09-07 19:51:45 --> Controller "App\Controllers\base\Beranda" loaded.
INFO - 2021-09-07 19:51:49 --> Controller "App\Controllers\base\Beranda" loaded.
INFO - 2021-09-07 19:51:49 --> Controller "App\Controllers\base\Beranda" loaded.
INFO - 2021-09-07 19:51:49 --> Controller "App\Controllers\base\Beranda" loaded.
INFO - 2021-09-07 19:51:50 --> Controller "App\Controllers\base\Beranda" loaded.
INFO - 2021-09-07 19:51:57 --> Controller "App\Controllers\base\Beranda" loaded.
INFO - 2021-09-07 19:52:06 --> Controller "App\Controllers\base\Beranda" loaded.
INFO - 2021-09-07 19:52:06 --> Controller "App\Controllers\base\Beranda" loaded.
INFO - 2021-09-07 19:52:07 --> Controller "App\Controllers\base\Beranda" loaded.
INFO - 2021-09-07 19:52:11 --> Controller "App\Controllers\base\Beranda" loaded.
INFO - 2021-09-07 19:52:15 --> Controller "App\Controllers\base\Beranda" loaded.
INFO - 2021-09-07 19:52:27 --> Controller "App\Controllers\base\Beranda" loaded.
INFO - 2021-09-07 19:52:28 --> Controller "App\Controllers\base\Beranda" loaded.
INFO - 2021-09-07 19:52:28 --> Controller "App\Controllers\base\Beranda" loaded.
INFO - 2021-09-07 19:52:35 --> Controller "App\Controllers\base\Beranda" loaded.
INFO - 2021-09-07 19:52:43 --> Controller "App\Controllers\base\Beranda" loaded.
INFO - 2021-09-07 19:53:39 --> Controller "App\Controllers\base\Beranda" loaded.
INFO - 2021-09-07 19:58:14 --> Controller "App\Controllers\base\Beranda" loaded.
INFO - 2021-09-07 19:58:14 --> Controller "App\Controllers\base\Beranda" loaded.
INFO - 2021-09-07 19:58:33 --> Controller "App\Controllers\base\Beranda" loaded.
INFO - 2021-09-07 19:58:33 --> Controller "App\Controllers\base\Beranda" loaded.
INFO - 2021-09-07 19:58:34 --> Controller "App\Controllers\base\Beranda" loaded.
INFO - 2021-09-07 19:59:17 --> Controller "App\Controllers\base\Beranda" loaded.
INFO - 2021-09-07 19:59:17 --> Controller "App\Controllers\base\Beranda" loaded.
INFO - 2021-09-07 19:59:17 --> Controller "App\Controllers\base\Beranda" loaded.
INFO - 2021-09-07 19:59:52 --> Controller "App\Controllers\base\Beranda" loaded.
INFO - 2021-09-07 19:59:57 --> Controller "App\Controllers\base\Beranda" loaded.
INFO - 2021-09-07 20:00:02 --> Controller "App\Controllers\base\Beranda" loaded.
INFO - 2021-09-07 20:01:27 --> Controller "App\Controllers\base\Beranda" loaded.
INFO - 2021-09-07 20:01:32 --> Controller "App\Controllers\base\Beranda" loaded.
INFO - 2021-09-07 20:01:46 --> Controller "App\Controllers\base\Beranda" loaded.
INFO - 2021-09-07 20:01:46 --> Controller "App\Controllers\base\Beranda" loaded.
INFO - 2021-09-07 20:01:47 --> Controller "App\Controllers\base\Beranda" loaded.
INFO - 2021-09-07 20:01:50 --> Controller "App\Controllers\base\Beranda" loaded.
INFO - 2021-09-07 20:01:56 --> Controller "App\Controllers\base\Beranda" loaded.
INFO - 2021-09-07 20:02:09 --> Controller "App\Controllers\base\Beranda" loaded.
INFO - 2021-09-07 20:02:09 --> Controller "App\Controllers\base\Beranda" loaded.
INFO - 2021-09-07 20:02:10 --> Controller "App\Controllers\base\Beranda" loaded.
INFO - 2021-09-07 20:02:30 --> Controller "App\Controllers\base\Beranda" loaded.
INFO - 2021-09-07 20:02:30 --> Controller "App\Controllers\base\Beranda" loaded.
INFO - 2021-09-07 20:02:30 --> Controller "App\Controllers\base\Beranda" loaded.
INFO - 2021-09-07 20:02:31 --> Controller "App\Controllers\base\Beranda" loaded.
INFO - 2021-09-07 20:02:43 --> Controller "App\Controllers\base\Beranda" loaded.
INFO - 2021-09-07 20:02:43 --> Controller "App\Controllers\base\Beranda" loaded.
INFO - 2021-09-07 20:02:44 --> Controller "App\Controllers\base\Beranda" loaded.
INFO - 2021-09-07 20:02:46 --> Controller "App\Controllers\base\Beranda" loaded.
INFO - 2021-09-07 20:02:49 --> Controller "App\Controllers\base\Beranda" loaded.
INFO - 2021-09-07 20:02:49 --> Controller "App\Controllers\base\Beranda" loaded.
INFO - 2021-09-07 20:02:50 --> Controller "App\Controllers\base\Beranda" loaded.
INFO - 2021-09-07 20:03:34 --> Controller "App\Controllers\base\Beranda" loaded.
INFO - 2021-09-07 20:03:52 --> Controller "App\Controllers\base\Beranda" loaded.
INFO - 2021-09-07 20:03:52 --> Controller "App\Controllers\base\Beranda" loaded.
INFO - 2021-09-07 20:03:53 --> Controller "App\Controllers\base\Beranda" loaded.
INFO - 2021-09-07 20:03:55 --> Controller "App\Controllers\base\Beranda" loaded.
INFO - 2021-09-07 20:04:00 --> Controller "App\Controllers\base\Beranda" loaded.
INFO - 2021-09-07 20:04:14 --> Controller "App\Controllers\base\Beranda" loaded.
INFO - 2021-09-07 20:04:19 --> Controller "App\Controllers\base\Beranda" loaded.
INFO - 2021-09-07 20:04:19 --> Controller "App\Controllers\base\Beranda" loaded.
INFO - 2021-09-07 20:04:20 --> Controller "App\Controllers\base\Beranda" loaded.
INFO - 2021-09-07 20:04:29 --> Controller "App\Controllers\base\Beranda" loaded.
INFO - 2021-09-07 20:04:29 --> Controller "App\Controllers\base\Beranda" loaded.
INFO - 2021-09-07 20:04:29 --> Controller "App\Controllers\base\Beranda" loaded.
INFO - 2021-09-07 20:04:53 --> Controller "App\Controllers\base\Beranda" loaded.
INFO - 2021-09-07 20:05:04 --> Controller "App\Controllers\base\Beranda" loaded.
INFO - 2021-09-07 20:05:08 --> Controller "App\Controllers\base\Beranda" loaded.
INFO - 2021-09-07 20:08:57 --> Controller "App\Controllers\base\Beranda" loaded.
INFO - 2021-09-07 20:08:57 --> Controller "App\Controllers\base\Beranda" loaded.
INFO - 2021-09-07 20:08:59 --> Controller "App\Controllers\base\Beranda" loaded.
INFO - 2021-09-07 20:09:02 --> Controller "App\Controllers\base\Beranda" loaded.
INFO - 2021-09-07 20:09:03 --> Controller "App\Controllers\base\Beranda" loaded.
INFO - 2021-09-07 20:09:03 --> Controller "App\Controllers\base\Beranda" loaded.
INFO - 2021-09-07 20:10:02 --> Controller "App\Controllers\base\Beranda" loaded.
INFO - 2021-09-07 20:10:43 --> Controller "App\Controllers\base\Beranda" loaded.
INFO - 2021-09-07 20:10:44 --> Controller "App\Controllers\base\Beranda" loaded.
INFO - 2021-09-07 20:10:44 --> Controller "App\Controllers\base\Beranda" loaded.
INFO - 2021-09-07 20:10:44 --> Controller "App\Controllers\base\Beranda" loaded.
INFO - 2021-09-07 20:11:54 --> Controller "App\Controllers\base\Beranda" loaded.
INFO - 2021-09-07 20:11:55 --> Controller "App\Controllers\base\Beranda" loaded.
INFO - 2021-09-07 20:11:56 --> Controller "App\Controllers\base\Beranda" loaded.
INFO - 2021-09-07 20:12:16 --> Controller "App\Controllers\base\Beranda" loaded.
INFO - 2021-09-07 20:12:16 --> Controller "App\Controllers\base\Beranda" loaded.
INFO - 2021-09-07 20:12:19 --> Controller "App\Controllers\base\Beranda" loaded.
INFO - 2021-09-07 20:12:21 --> Controller "App\Controllers\base\Beranda" loaded.
INFO - 2021-09-07 20:12:23 --> Controller "App\Controllers\base\Beranda" loaded.
INFO - 2021-09-07 20:12:23 --> Controller "App\Controllers\base\Beranda" loaded.
INFO - 2021-09-07 20:12:25 --> Controller "App\Controllers\base\Beranda" loaded.
INFO - 2021-09-07 20:12:48 --> Controller "App\Controllers\base\Beranda" loaded.
INFO - 2021-09-07 20:12:51 --> Controller "App\Controllers\base\Beranda" loaded.
INFO - 2021-09-07 20:13:56 --> Controller "App\Controllers\base\Beranda" loaded.
INFO - 2021-09-07 20:13:56 --> Controller "App\Controllers\base\Beranda" loaded.
INFO - 2021-09-07 20:13:56 --> Controller "App\Controllers\base\Beranda" loaded.
INFO - 2021-09-07 20:14:38 --> Controller "App\Controllers\base\Beranda" loaded.
INFO - 2021-09-07 20:14:39 --> Controller "App\Controllers\base\Beranda" loaded.
INFO - 2021-09-07 20:14:39 --> Controller "App\Controllers\base\Beranda" loaded.
INFO - 2021-09-07 20:14:47 --> Controller "App\Controllers\base\Beranda" loaded.
INFO - 2021-09-07 20:14:47 --> Controller "App\Controllers\base\Beranda" loaded.
INFO - 2021-09-07 20:14:49 --> Controller "App\Controllers\base\Beranda" loaded.
INFO - 2021-09-07 20:15:08 --> Controller "App\Controllers\base\Beranda" loaded.
INFO - 2021-09-07 20:15:08 --> Controller "App\Controllers\base\Beranda" loaded.
INFO - 2021-09-07 20:15:09 --> Controller "App\Controllers\base\Beranda" loaded.
INFO - 2021-09-07 20:16:18 --> Controller "App\Controllers\base\Beranda" loaded.
INFO - 2021-09-07 20:17:09 --> Controller "App\Controllers\base\Beranda" loaded.
INFO - 2021-09-07 20:17:14 --> Controller "App\Controllers\base\Beranda" loaded.
INFO - 2021-09-07 20:17:59 --> Controller "App\Controllers\base\Beranda" loaded.
INFO - 2021-09-07 20:18:05 --> Controller "App\Controllers\base\Beranda" loaded.
INFO - 2021-09-07 20:18:14 --> Controller "App\Controllers\base\Beranda" loaded.
INFO - 2021-09-07 20:18:15 --> Controller "App\Controllers\base\Beranda" loaded.
INFO - 2021-09-07 20:18:16 --> Controller "App\Controllers\base\Beranda" loaded.
INFO - 2021-09-07 20:18:31 --> Controller "App\Controllers\base\Beranda" loaded.
INFO - 2021-09-07 20:19:07 --> Controller "App\Controllers\base\Beranda" loaded.
INFO - 2021-09-07 20:19:38 --> Controller "App\Controllers\base\Beranda" loaded.
INFO - 2021-09-07 20:19:39 --> Controller "App\Controllers\base\Beranda" loaded.
INFO - 2021-09-07 20:19:39 --> Controller "App\Controllers\base\Beranda" loaded.
INFO - 2021-09-07 20:20:02 --> Controller "App\Controllers\base\Beranda" loaded.
INFO - 2021-09-07 20:20:03 --> Controller "App\Controllers\base\Beranda" loaded.
INFO - 2021-09-07 20:20:03 --> Controller "App\Controllers\base\Beranda" loaded.
INFO - 2021-09-07 20:20:05 --> Controller "App\Controllers\base\Beranda" loaded.
INFO - 2021-09-07 20:20:32 --> Controller "App\Controllers\base\Beranda" loaded.
INFO - 2021-09-07 20:20:34 --> Controller "App\Controllers\base\Beranda" loaded.
INFO - 2021-09-07 20:20:36 --> Controller "App\Controllers\base\Beranda" loaded.
INFO - 2021-09-07 20:20:36 --> Controller "App\Controllers\base\Beranda" loaded.
INFO - 2021-09-07 20:21:09 --> Controller "App\Controllers\base\Beranda" loaded.
INFO - 2021-09-07 20:21:23 --> Controller "App\Controllers\base\Beranda" loaded.
INFO - 2021-09-07 20:21:35 --> Controller "App\Controllers\base\Beranda" loaded.
INFO - 2021-09-07 20:21:35 --> Controller "App\Controllers\base\Beranda" loaded.
INFO - 2021-09-07 20:21:36 --> Controller "App\Controllers\base\Beranda" loaded.
INFO - 2021-09-07 20:21:48 --> Controller "App\Controllers\base\Beranda" loaded.
INFO - 2021-09-07 20:21:48 --> Controller "App\Controllers\base\Beranda" loaded.
INFO - 2021-09-07 20:21:49 --> Controller "App\Controllers\base\Beranda" loaded.
INFO - 2021-09-07 20:21:59 --> Controller "App\Controllers\base\Beranda" loaded.
INFO - 2021-09-07 20:22:10 --> Controller "App\Controllers\base\Beranda" loaded.
INFO - 2021-09-07 20:22:11 --> Controller "App\Controllers\base\Beranda" loaded.
INFO - 2021-09-07 20:22:14 --> Controller "App\Controllers\base\Beranda" loaded.
INFO - 2021-09-07 20:24:21 --> Controller "App\Controllers\base\Beranda" loaded.
INFO - 2021-09-07 20:27:42 --> Controller "App\Controllers\base\Beranda" loaded.
INFO - 2021-09-07 20:27:51 --> Controller "App\Controllers\base\Beranda" loaded.
INFO - 2021-09-07 20:29:01 --> Controller "App\Controllers\base\Beranda" loaded.
INFO - 2021-09-07 20:29:18 --> Controller "App\Controllers\base\Beranda" loaded.
INFO - 2021-09-07 20:29:24 --> Controller "App\Controllers\base\Beranda" loaded.
INFO - 2021-09-07 20:29:34 --> Controller "App\Controllers\base\Beranda" loaded.
INFO - 2021-09-07 20:30:00 --> Controller "App\Controllers\base\Beranda" loaded.
INFO - 2021-09-07 20:30:00 --> Controller "App\Controllers\base\Beranda" loaded.
INFO - 2021-09-07 20:30:01 --> Controller "App\Controllers\base\Beranda" loaded.
INFO - 2021-09-07 20:30:02 --> Controller "App\Controllers\base\Beranda" loaded.
INFO - 2021-09-07 20:30:30 --> Controller "App\Controllers\base\Beranda" loaded.
INFO - 2021-09-07 20:30:30 --> Controller "App\Controllers\base\Beranda" loaded.
INFO - 2021-09-07 20:30:31 --> Controller "App\Controllers\base\Beranda" loaded.
INFO - 2021-09-07 20:31:46 --> Controller "App\Controllers\base\Beranda" loaded.
INFO - 2021-09-07 20:31:56 --> Controller "App\Controllers\base\Beranda" loaded.
INFO - 2021-09-07 20:32:27 --> Controller "App\Controllers\base\Beranda" loaded.
INFO - 2021-09-07 20:32:28 --> Controller "App\Controllers\base\Beranda" loaded.
INFO - 2021-09-07 20:32:28 --> Controller "App\Controllers\base\Beranda" loaded.
INFO - 2021-09-07 20:32:35 --> Controller "App\Controllers\base\Beranda" loaded.
INFO - 2021-09-07 20:32:35 --> Controller "App\Controllers\base\Beranda" loaded.
INFO - 2021-09-07 20:32:36 --> Controller "App\Controllers\base\Beranda" loaded.
INFO - 2021-09-07 20:32:40 --> Controller "App\Controllers\base\Beranda" loaded.
INFO - 2021-09-07 20:33:07 --> Controller "App\Controllers\base\Beranda" loaded.
INFO - 2021-09-07 20:33:15 --> Controller "App\Controllers\base\Beranda" loaded.
INFO - 2021-09-07 20:33:49 --> Controller "App\Controllers\base\Beranda" loaded.
INFO - 2021-09-07 20:33:49 --> Controller "App\Controllers\base\Beranda" loaded.
INFO - 2021-09-07 20:33:49 --> Controller "App\Controllers\base\Beranda" loaded.
INFO - 2021-09-07 20:33:50 --> Controller "App\Controllers\base\Beranda" loaded.
INFO - 2021-09-07 20:33:50 --> Controller "App\Controllers\base\Beranda" loaded.
INFO - 2021-09-07 20:33:51 --> Controller "App\Controllers\base\Beranda" loaded.
INFO - 2021-09-07 20:40:02 --> Controller "App\Controllers\base\Beranda" loaded.
INFO - 2021-09-07 20:50:03 --> Controller "App\Controllers\base\Beranda" loaded.
INFO - 2021-09-07 20:50:52 --> Controller "App\Controllers\base\Beranda" loaded.
INFO - 2021-09-07 20:51:51 --> Controller "App\Controllers\base\Beranda" loaded.
INFO - 2021-09-07 20:51:54 --> Controller "App\Controllers\base\Beranda" loaded.
INFO - 2021-09-07 20:56:25 --> Controller "App\Controllers\base\Beranda" loaded.
INFO - 2021-09-07 20:56:25 --> Controller "App\Controllers\base\Beranda" loaded.
INFO - 2021-09-07 20:57:01 --> Controller "App\Controllers\base\Beranda" loaded.
INFO - 2021-09-07 20:57:02 --> Controller "App\Controllers\base\Beranda" loaded.
INFO - 2021-09-07 20:57:03 --> Controller "App\Controllers\base\Beranda" loaded.
INFO - 2021-09-07 20:57:05 --> Controller "App\Controllers\base\Beranda" loaded.
INFO - 2021-09-07 21:00:03 --> Controller "App\Controllers\base\Beranda" loaded.
INFO - 2021-09-07 21:10:02 --> Controller "App\Controllers\base\Beranda" loaded.
INFO - 2021-09-07 21:12:52 --> Controller "App\Controllers\base\Beranda" loaded.
INFO - 2021-09-07 21:19:01 --> Controller "App\Controllers\base\Beranda" loaded.
INFO - 2021-09-07 21:19:01 --> Controller "App\Controllers\base\Beranda" loaded.
INFO - 2021-09-07 21:19:05 --> Controller "App\Controllers\base\Beranda" loaded.
INFO - 2021-09-07 21:19:05 --> Controller "App\Controllers\base\Beranda" loaded.
INFO - 2021-09-07 21:20:03 --> Controller "App\Controllers\base\Beranda" loaded.
INFO - 2021-09-07 21:21:04 --> Controller "App\Controllers\base\Beranda" loaded.
INFO - 2021-09-07 21:21:45 --> Controller "App\Controllers\base\Beranda" loaded.
INFO - 2021-09-07 21:21:45 --> Controller "App\Controllers\base\Beranda" loaded.
INFO - 2021-09-07 21:21:45 --> Controller "App\Controllers\base\Beranda" loaded.
INFO - 2021-09-07 21:21:48 --> Controller "App\Controllers\base\Beranda" loaded.
INFO - 2021-09-07 21:22:20 --> Controller "App\Controllers\base\Beranda" loaded.
INFO - 2021-09-07 21:22:30 --> Controller "App\Controllers\base\Beranda" loaded.
INFO - 2021-09-07 21:23:37 --> Controller "App\Controllers\base\Beranda" loaded.
INFO - 2021-09-07 21:23:37 --> Controller "App\Controllers\base\Beranda" loaded.
INFO - 2021-09-07 21:23:38 --> Controller "App\Controllers\base\Beranda" loaded.
INFO - 2021-09-07 21:25:07 --> Controller "App\Controllers\base\Beranda" loaded.
INFO - 2021-09-07 21:25:07 --> Controller "App\Controllers\base\Beranda" loaded.
INFO - 2021-09-07 21:27:19 --> Controller "App\Controllers\base\Beranda" loaded.
INFO - 2021-09-07 21:28:18 --> Controller "App\Controllers\base\Beranda" loaded.
INFO - 2021-09-07 21:28:18 --> Controller "App\Controllers\base\Beranda" loaded.
INFO - 2021-09-07 21:28:18 --> Controller "App\Controllers\base\Beranda" loaded.
INFO - 2021-09-07 21:29:05 --> Controller "App\Controllers\base\Beranda" loaded.
INFO - 2021-09-07 21:29:06 --> Controller "App\Controllers\base\Beranda" loaded.
INFO - 2021-09-07 21:30:02 --> Controller "App\Controllers\base\Beranda" loaded.
INFO - 2021-09-07 21:30:05 --> Controller "App\Controllers\base\Beranda" loaded.
INFO - 2021-09-07 21:35:34 --> Controller "App\Controllers\base\Beranda" loaded.
INFO - 2021-09-07 21:35:34 --> Controller "App\Controllers\base\Beranda" loaded.
INFO - 2021-09-07 21:39:18 --> Controller "App\Controllers\base\Beranda" loaded.
INFO - 2021-09-07 21:39:24 --> Controller "App\Controllers\base\Beranda" loaded.
INFO - 2021-09-07 21:39:45 --> Controller "App\Controllers\base\Beranda" loaded.
INFO - 2021-09-07 21:40:02 --> Controller "App\Controllers\base\Beranda" loaded.
INFO - 2021-09-07 21:44:15 --> Controller "App\Controllers\base\Beranda" loaded.
INFO - 2021-09-07 21:44:15 --> Controller "App\Controllers\base\Beranda" loaded.
INFO - 2021-09-07 21:44:17 --> Controller "App\Controllers\base\Beranda" loaded.
INFO - 2021-09-07 21:44:41 --> Controller "App\Controllers\base\Beranda" loaded.
INFO - 2021-09-07 21:44:41 --> Controller "App\Controllers\base\Beranda" loaded.
INFO - 2021-09-07 21:44:42 --> Controller "App\Controllers\base\Beranda" loaded.
INFO - 2021-09-07 21:45:43 --> Controller "App\Controllers\base\Beranda" loaded.
INFO - 2021-09-07 21:45:50 --> Controller "App\Controllers\base\Beranda" loaded.
INFO - 2021-09-07 21:46:09 --> Controller "App\Controllers\base\Beranda" loaded.
INFO - 2021-09-07 21:46:31 --> Controller "App\Controllers\base\Beranda" loaded.
INFO - 2021-09-07 21:46:31 --> Controller "App\Controllers\base\Beranda" loaded.
INFO - 2021-09-07 21:46:32 --> Controller "App\Controllers\base\Beranda" loaded.
INFO - 2021-09-07 21:46:52 --> Controller "App\Controllers\base\Beranda" loaded.
INFO - 2021-09-07 21:46:52 --> Controller "App\Controllers\base\Beranda" loaded.
INFO - 2021-09-07 21:46:53 --> Controller "App\Controllers\base\Beranda" loaded.
INFO - 2021-09-07 21:48:57 --> Controller "App\Controllers\base\Beranda" loaded.
INFO - 2021-09-07 21:49:29 --> Controller "App\Controllers\base\Beranda" loaded.
INFO - 2021-09-07 21:49:35 --> Controller "App\Controllers\base\Beranda" loaded.
INFO - 2021-09-07 21:49:51 --> Controller "App\Controllers\base\Beranda" loaded.
INFO - 2021-09-07 21:49:51 --> Controller "App\Controllers\base\Beranda" loaded.
INFO - 2021-09-07 21:49:52 --> Controller "App\Controllers\base\Beranda" loaded.
INFO - 2021-09-07 21:50:02 --> Controller "App\Controllers\base\Beranda" loaded.
INFO - 2021-09-07 21:50:15 --> Controller "App\Controllers\base\Beranda" loaded.
INFO - 2021-09-07 21:50:26 --> Controller "App\Controllers\base\Beranda" loaded.
INFO - 2021-09-07 21:50:50 --> Controller "App\Controllers\base\Beranda" loaded.
INFO - 2021-09-07 21:50:50 --> Controller "App\Controllers\base\Beranda" loaded.
INFO - 2021-09-07 21:50:51 --> Controller "App\Controllers\base\Beranda" loaded.
INFO - 2021-09-07 21:51:19 --> Controller "App\Controllers\base\Beranda" loaded.
INFO - 2021-09-07 21:51:19 --> Controller "App\Controllers\base\Beranda" loaded.
INFO - 2021-09-07 21:51:19 --> Controller "App\Controllers\base\Beranda" loaded.
INFO - 2021-09-07 21:51:55 --> Controller "App\Controllers\base\Beranda" loaded.
INFO - 2021-09-07 21:52:56 --> Controller "App\Controllers\base\Beranda" loaded.
INFO - 2021-09-07 21:52:57 --> Controller "App\Controllers\base\Beranda" loaded.
INFO - 2021-09-07 21:52:57 --> Controller "App\Controllers\base\Beranda" loaded.
INFO - 2021-09-07 21:53:03 --> Controller "App\Controllers\base\Beranda" loaded.
INFO - 2021-09-07 21:53:28 --> Controller "App\Controllers\base\Beranda" loaded.
INFO - 2021-09-07 21:54:02 --> Controller "App\Controllers\base\Beranda" loaded.
INFO - 2021-09-07 21:55:19 --> Controller "App\Controllers\base\Beranda" loaded.
INFO - 2021-09-07 21:55:19 --> Controller "App\Controllers\base\Beranda" loaded.
INFO - 2021-09-07 21:55:20 --> Controller "App\Controllers\base\Beranda" loaded.
INFO - 2021-09-07 21:55:28 --> Controller "App\Controllers\base\Beranda" loaded.
INFO - 2021-09-07 21:55:45 --> Controller "App\Controllers\base\Beranda" loaded.
INFO - 2021-09-07 21:55:45 --> Controller "App\Controllers\base\Beranda" loaded.
INFO - 2021-09-07 21:55:45 --> Controller "App\Controllers\base\Beranda" loaded.
INFO - 2021-09-07 21:55:52 --> Controller "App\Controllers\base\Beranda" loaded.
INFO - 2021-09-07 21:56:06 --> Controller "App\Controllers\base\Beranda" loaded.
INFO - 2021-09-07 21:56:06 --> Controller "App\Controllers\base\Beranda" loaded.
INFO - 2021-09-07 21:56:07 --> Controller "App\Controllers\base\Beranda" loaded.
INFO - 2021-09-07 21:56:30 --> Controller "App\Controllers\base\Beranda" loaded.
INFO - 2021-09-07 21:56:30 --> Controller "App\Controllers\base\Beranda" loaded.
INFO - 2021-09-07 21:56:31 --> Controller "App\Controllers\base\Beranda" loaded.
INFO - 2021-09-07 21:56:58 --> Controller "App\Controllers\base\Beranda" loaded.
INFO - 2021-09-07 21:56:58 --> Controller "App\Controllers\base\Beranda" loaded.
INFO - 2021-09-07 21:56:59 --> Controller "App\Controllers\base\Beranda" loaded.
INFO - 2021-09-07 22:01:15 --> Controller "App\Controllers\base\Beranda" loaded.
INFO - 2021-09-07 22:01:18 --> Controller "App\Controllers\base\Beranda" loaded.
INFO - 2021-09-07 22:01:24 --> Controller "App\Controllers\base\Beranda" loaded.
INFO - 2021-09-07 22:03:37 --> Session: Class initialized using 'CodeIgniter\Session\Handlers\FileHandler' driver.
INFO - 2021-09-07 22:03:37 --> Controller "App\Controllers\bukutamu\Bukutamu" loaded.
INFO - 2021-09-07 22:04:14 --> Controller "App\Controllers\base\Beranda" loaded.
INFO - 2021-09-07 22:04:47 --> Controller "App\Controllers\base\Beranda" loaded.
INFO - 2021-09-07 22:04:47 --> Controller "App\Controllers\base\Beranda" loaded.
INFO - 2021-09-07 22:04:48 --> Controller "App\Controllers\base\Beranda" loaded.
INFO - 2021-09-07 22:06:29 --> Controller "App\Controllers\base\Beranda" loaded.
INFO - 2021-09-07 22:07:04 --> Controller "App\Controllers\base\Beranda" loaded.
INFO - 2021-09-07 22:07:08 --> Controller "App\Controllers\base\Beranda" loaded.
INFO - 2021-09-07 22:14:23 --> Controller "App\Controllers\base\Beranda" loaded.
INFO - 2021-09-07 22:14:23 --> Controller "App\Controllers\base\Beranda" loaded.
INFO - 2021-09-07 22:15:23 --> Controller "App\Controllers\base\Beranda" loaded.
INFO - 2021-09-07 22:15:23 --> Controller "App\Controllers\base\Beranda" loaded.
INFO - 2021-09-07 22:15:23 --> Controller "App\Controllers\base\Beranda" loaded.
INFO - 2021-09-07 22:15:29 --> Controller "App\Controllers\base\Beranda" loaded.
INFO - 2021-09-07 22:15:59 --> Controller "App\Controllers\base\Beranda" loaded.
INFO - 2021-09-07 22:34:14 --> Controller "App\Controllers\base\Beranda" loaded.
INFO - 2021-09-07 22:34:14 --> Controller "App\Controllers\base\Beranda" loaded.
INFO - 2021-09-07 22:34:22 --> Controller "App\Controllers\base\Beranda" loaded.
INFO - 2021-09-07 22:34:28 --> Session: Class initialized using 'CodeIgniter\Session\Handlers\FileHandler' driver.
INFO - 2021-09-07 22:34:28 --> Controller "App\Controllers\undangan\Undangan" loaded.
INFO - 2021-09-07 22:45:41 --> Controller "App\Controllers\base\Beranda" loaded.
INFO - 2021-09-07 22:46:18 --> Controller "App\Controllers\base\Beranda" loaded.
INFO - 2021-09-07 22:47:27 --> Controller "App\Controllers\base\Beranda" loaded.
INFO - 2021-09-07 22:47:27 --> Controller "App\Controllers\base\Beranda" loaded.
INFO - 2021-09-07 22:47:28 --> Controller "App\Controllers\base\Beranda" loaded.
INFO - 2021-09-07 22:47:42 --> Controller "App\Controllers\base\Beranda" loaded.
INFO - 2021-09-07 22:47:46 --> Controller "App\Controllers\base\Beranda" loaded.
INFO - 2021-09-07 22:47:48 --> Controller "App\Controllers\base\Beranda" loaded.
INFO - 2021-09-07 22:47:55 --> Controller "App\Controllers\base\Beranda" loaded.
INFO - 2021-09-07 22:48:34 --> Controller "App\Controllers\base\Beranda" loaded.
INFO - 2021-09-07 22:48:35 --> Controller "App\Controllers\base\Beranda" loaded.
INFO - 2021-09-07 22:48:35 --> Controller "App\Controllers\base\Beranda" loaded.
INFO - 2021-09-07 22:48:42 --> Controller "App\Controllers\base\Beranda" loaded.
INFO - 2021-09-07 22:48:46 --> Controller "App\Controllers\base\Beranda" loaded.
INFO - 2021-09-07 22:48:51 --> Controller "App\Controllers\base\Beranda" loaded.
INFO - 2021-09-07 22:50:24 --> Controller "App\Controllers\base\Beranda" loaded.
INFO - 2021-09-07 22:55:36 --> Controller "App\Controllers\base\Beranda" loaded.
INFO - 2021-09-07 23:10:03 --> Controller "App\Controllers\base\Beranda" loaded.
INFO - 2021-09-07 23:26:15 --> Controller "App\Controllers\base\Beranda" loaded.
