INFO - 2021-07-18 00:19:27 --> Controller "App\Controllers\base\Beranda" loaded.
INFO - 2021-07-18 00:19:32 --> Session: Class initialized using 'CodeIgniter\Session\Handlers\FileHandler' driver.
INFO - 2021-07-18 00:19:32 --> Controller "App\Controllers\base\Order" loaded.
INFO - 2021-07-18 00:19:32 --> Controller "App\Controllers\base\Beranda" loaded.
INFO - 2021-07-18 00:19:39 --> Controller "App\Controllers\base\Beranda" loaded.
INFO - 2021-07-18 00:19:55 --> Controller "App\Controllers\base\Beranda" loaded.
INFO - 2021-07-18 00:31:03 --> Controller "App\Controllers\base\Beranda" loaded.
INFO - 2021-07-18 00:31:27 --> Session: Class initialized using 'CodeIgniter\Session\Handlers\FileHandler' driver.
INFO - 2021-07-18 00:31:27 --> Controller "App\Controllers\undangan\Undangan" loaded.
CRITICAL - 2021-07-18 00:31:27 --> Unknown column 'bon' in 'where clause'
#0 /home/nguh5634/public_html/system/Database/MySQLi/Connection.php(330): mysqli->query('SELECT *\nFROM `...')
#1 /home/nguh5634/public_html/system/Database/BaseConnection.php(738): CodeIgniter\Database\MySQLi\Connection->execute('SELECT *\nFROM `...')
#2 /home/nguh5634/public_html/system/Database/BaseConnection.php(666): CodeIgniter\Database\BaseConnection->simpleQuery('SELECT *\nFROM `...')
#3 /home/nguh5634/public_html/system/Database/BaseBuilder.php(1819): CodeIgniter\Database\BaseConnection->query('SELECT *\nFROM `...', Array, false)
#4 /home/nguh5634/public_html/app/Models/undangan/UndanganModel.php(53): CodeIgniter\Database\BaseBuilder->get()
#5 /home/nguh5634/public_html/app/Controllers/undangan/Undangan.php(89): App\Models\undangan\UndanganModel->cek_tamu('1', 'bon%20jovi')
#6 /home/nguh5634/public_html/system/CodeIgniter.php(910): App\Controllers\undangan\Undangan->undangan()
#7 /home/nguh5634/public_html/system/CodeIgniter.php(398): CodeIgniter\CodeIgniter->runController(Object(App\Controllers\undangan\Undangan))
#8 /home/nguh5634/public_html/system/CodeIgniter.php(306): CodeIgniter\CodeIgniter->handleRequest(NULL, Object(Config\Cache), false)
#9 /home/nguh5634/public_html/index.php(45): CodeIgniter\CodeIgniter->run()
#10 {main}
INFO - 2021-07-18 00:31:46 --> Session: Class initialized using 'CodeIgniter\Session\Handlers\FileHandler' driver.
INFO - 2021-07-18 00:31:46 --> Controller "App\Controllers\undangan\Undangan" loaded.
INFO - 2021-07-18 00:32:23 --> Session: Class initialized using 'CodeIgniter\Session\Handlers\FileHandler' driver.
INFO - 2021-07-18 00:32:23 --> Controller "App\Controllers\undangan\Undangan" loaded.
INFO - 2021-07-18 01:13:27 --> Session: Class initialized using 'CodeIgniter\Session\Handlers\FileHandler' driver.
INFO - 2021-07-18 01:13:27 --> Controller "App\Controllers\undangan\Undangan" loaded.
INFO - 2021-07-18 01:33:03 --> Controller "App\Controllers\base\Beranda" loaded.
INFO - 2021-07-18 02:11:12 --> Controller "App\Controllers\base\Beranda" loaded.
INFO - 2021-07-18 02:11:12 --> Controller "App\Controllers\base\Beranda" loaded.
INFO - 2021-07-18 02:11:13 --> Controller "App\Controllers\base\Beranda" loaded.
INFO - 2021-07-18 02:11:13 --> Controller "App\Controllers\base\Beranda" loaded.
INFO - 2021-07-18 02:11:13 --> Controller "App\Controllers\base\Beranda" loaded.
INFO - 2021-07-18 02:11:13 --> Controller "App\Controllers\base\Beranda" loaded.
INFO - 2021-07-18 02:11:13 --> Controller "App\Controllers\base\Beranda" loaded.
INFO - 2021-07-18 02:11:14 --> Controller "App\Controllers\base\Beranda" loaded.
INFO - 2021-07-18 02:11:14 --> Controller "App\Controllers\base\Beranda" loaded.
INFO - 2021-07-18 02:11:14 --> Controller "App\Controllers\base\Beranda" loaded.
INFO - 2021-07-18 02:11:14 --> Controller "App\Controllers\base\Beranda" loaded.
INFO - 2021-07-18 02:11:15 --> Controller "App\Controllers\base\Beranda" loaded.
INFO - 2021-07-18 02:11:15 --> Controller "App\Controllers\base\Beranda" loaded.
INFO - 2021-07-18 02:11:15 --> Controller "App\Controllers\base\Beranda" loaded.
INFO - 2021-07-18 02:11:15 --> Controller "App\Controllers\base\Beranda" loaded.
INFO - 2021-07-18 02:11:16 --> Controller "App\Controllers\base\Beranda" loaded.
INFO - 2021-07-18 02:24:28 --> Controller "App\Controllers\base\Beranda" loaded.
INFO - 2021-07-18 02:31:01 --> Session: Class initialized using 'CodeIgniter\Session\Handlers\FileHandler' driver.
INFO - 2021-07-18 02:31:01 --> Controller "App\Controllers\undangan\Undangan" loaded.
INFO - 2021-07-18 03:56:14 --> Controller "App\Controllers\base\Beranda" loaded.
INFO - 2021-07-18 05:40:32 --> Session: Class initialized using 'CodeIgniter\Session\Handlers\FileHandler' driver.
INFO - 2021-07-18 05:40:32 --> Controller "App\Controllers\undangan\Undangan" loaded.
INFO - 2021-07-18 05:41:04 --> Session: Class initialized using 'CodeIgniter\Session\Handlers\FileHandler' driver.
INFO - 2021-07-18 05:41:04 --> Controller "App\Controllers\bukutamu\Bukutamu" loaded.
INFO - 2021-07-18 05:41:05 --> Session: Class initialized using 'CodeIgniter\Session\Handlers\FileHandler' driver.
INFO - 2021-07-18 05:41:05 --> Controller "App\Controllers\bukutamu\Bukutamu" loaded.
INFO - 2021-07-18 05:41:07 --> Controller "App\Controllers\base\Beranda" loaded.
INFO - 2021-07-18 05:41:07 --> Controller "App\Controllers\base\Beranda" loaded.
INFO - 2021-07-18 05:41:07 --> Controller "App\Controllers\base\Beranda" loaded.
INFO - 2021-07-18 05:41:07 --> Controller "App\Controllers\base\Beranda" loaded.
INFO - 2021-07-18 05:41:07 --> Controller "App\Controllers\base\Beranda" loaded.
INFO - 2021-07-18 05:41:07 --> Controller "App\Controllers\base\Beranda" loaded.
INFO - 2021-07-18 05:41:07 --> Controller "App\Controllers\base\Beranda" loaded.
INFO - 2021-07-18 05:41:07 --> Controller "App\Controllers\base\Beranda" loaded.
INFO - 2021-07-18 05:41:08 --> Controller "App\Controllers\base\Beranda" loaded.
INFO - 2021-07-18 05:41:08 --> Controller "App\Controllers\base\Beranda" loaded.
INFO - 2021-07-18 05:41:08 --> Session: Class initialized using 'CodeIgniter\Session\Handlers\FileHandler' driver.
INFO - 2021-07-18 05:41:08 --> Controller "App\Controllers\undangan\Undangan" loaded.
INFO - 2021-07-18 05:41:08 --> Session: Class initialized using 'CodeIgniter\Session\Handlers\FileHandler' driver.
INFO - 2021-07-18 05:41:08 --> Controller "App\Controllers\undangan\Undangan" loaded.
INFO - 2021-07-18 05:41:08 --> Session: Class initialized using 'CodeIgniter\Session\Handlers\FileHandler' driver.
INFO - 2021-07-18 05:41:08 --> Controller "App\Controllers\undangan\Undangan" loaded.
INFO - 2021-07-18 05:41:09 --> Session: Class initialized using 'CodeIgniter\Session\Handlers\FileHandler' driver.
INFO - 2021-07-18 05:41:09 --> Controller "App\Controllers\undangan\Undangan" loaded.
INFO - 2021-07-18 05:42:45 --> Session: Class initialized using 'CodeIgniter\Session\Handlers\FileHandler' driver.
INFO - 2021-07-18 05:42:45 --> Controller "App\Controllers\undangan\Undangan" loaded.
INFO - 2021-07-18 05:43:05 --> Session: Class initialized using 'CodeIgniter\Session\Handlers\FileHandler' driver.
INFO - 2021-07-18 05:43:05 --> Controller "App\Controllers\bukutamu\Bukutamu" loaded.
INFO - 2021-07-18 05:49:12 --> Controller "App\Controllers\base\Beranda" loaded.
INFO - 2021-07-18 05:49:16 --> Session: Class initialized using 'CodeIgniter\Session\Handlers\FileHandler' driver.
INFO - 2021-07-18 05:49:16 --> Controller "App\Controllers\base\Order" loaded.
INFO - 2021-07-18 05:49:17 --> Controller "App\Controllers\base\Beranda" loaded.
INFO - 2021-07-18 05:49:24 --> Controller "App\Controllers\base\Beranda" loaded.
INFO - 2021-07-18 05:49:25 --> Controller "App\Controllers\base\Beranda" loaded.
INFO - 2021-07-18 05:49:40 --> Controller "App\Controllers\base\Beranda" loaded.
INFO - 2021-07-18 05:50:02 --> Controller "App\Controllers\base\Beranda" loaded.
INFO - 2021-07-18 06:12:20 --> Controller "App\Controllers\base\Beranda" loaded.
INFO - 2021-07-18 06:20:58 --> Controller "App\Controllers\base\Beranda" loaded.
INFO - 2021-07-18 06:21:27 --> Session: Class initialized using 'CodeIgniter\Session\Handlers\FileHandler' driver.
INFO - 2021-07-18 06:21:27 --> Controller "App\Controllers\bukutamu\Bukutamu" loaded.
INFO - 2021-07-18 06:21:32 --> Session: Class initialized using 'CodeIgniter\Session\Handlers\FileHandler' driver.
INFO - 2021-07-18 06:21:32 --> Controller "App\Controllers\bukutamu\Bukutamu" loaded.
INFO - 2021-07-18 06:52:35 --> Controller "App\Controllers\base\Beranda" loaded.
INFO - 2021-07-18 07:41:09 --> Controller "App\Controllers\base\Beranda" loaded.
INFO - 2021-07-18 09:22:44 --> Controller "App\Controllers\base\Beranda" loaded.
INFO - 2021-07-18 09:22:49 --> Controller "App\Controllers\base\Beranda" loaded.
INFO - 2021-07-18 09:22:50 --> Controller "App\Controllers\base\Beranda" loaded.
INFO - 2021-07-18 09:22:50 --> Controller "App\Controllers\base\Beranda" loaded.
INFO - 2021-07-18 09:23:07 --> Session: Class initialized using 'CodeIgniter\Session\Handlers\FileHandler' driver.
INFO - 2021-07-18 09:23:07 --> Controller "App\Controllers\undangan\Undangan" loaded.
INFO - 2021-07-18 10:06:24 --> Session: Class initialized using 'CodeIgniter\Session\Handlers\FileHandler' driver.
INFO - 2021-07-18 10:06:24 --> Controller "App\Controllers\undangan\Undangan" loaded.
INFO - 2021-07-18 10:06:59 --> Controller "App\Controllers\base\Beranda" loaded.
INFO - 2021-07-18 10:07:41 --> Session: Class initialized using 'CodeIgniter\Session\Handlers\FileHandler' driver.
INFO - 2021-07-18 10:07:41 --> Controller "App\Controllers\bukutamu\Bukutamu" loaded.
INFO - 2021-07-18 10:07:46 --> Session: Class initialized using 'CodeIgniter\Session\Handlers\FileHandler' driver.
INFO - 2021-07-18 10:07:46 --> Controller "App\Controllers\bukutamu\Bukutamu" loaded.
INFO - 2021-07-18 10:07:46 --> Session: Class initialized using 'CodeIgniter\Session\Handlers\FileHandler' driver.
INFO - 2021-07-18 10:07:46 --> Controller "App\Controllers\bukutamu\Bukutamu" loaded.
INFO - 2021-07-18 10:07:52 --> Session: Class initialized using 'CodeIgniter\Session\Handlers\FileHandler' driver.
INFO - 2021-07-18 10:07:52 --> Controller "App\Controllers\bukutamu\Bukutamu" loaded.
INFO - 2021-07-18 10:07:56 --> Session: Class initialized using 'CodeIgniter\Session\Handlers\FileHandler' driver.
INFO - 2021-07-18 10:07:56 --> Controller "App\Controllers\bukutamu\Bukutamu" loaded.
INFO - 2021-07-18 10:07:58 --> Session: Class initialized using 'CodeIgniter\Session\Handlers\FileHandler' driver.
INFO - 2021-07-18 10:07:58 --> Controller "App\Controllers\undangan\Undangan" loaded.
INFO - 2021-07-18 10:08:06 --> Session: Class initialized using 'CodeIgniter\Session\Handlers\FileHandler' driver.
INFO - 2021-07-18 10:08:06 --> Controller "App\Controllers\undangan\Undangan" loaded.
INFO - 2021-07-18 10:29:51 --> Session: Class initialized using 'CodeIgniter\Session\Handlers\FileHandler' driver.
INFO - 2021-07-18 10:29:51 --> Controller "App\Controllers\undangan\Undangan" loaded.
INFO - 2021-07-18 10:29:52 --> Session: Class initialized using 'CodeIgniter\Session\Handlers\FileHandler' driver.
INFO - 2021-07-18 10:29:52 --> Controller "App\Controllers\undangan\Undangan" loaded.
INFO - 2021-07-18 10:29:52 --> Session: Class initialized using 'CodeIgniter\Session\Handlers\FileHandler' driver.
INFO - 2021-07-18 10:29:52 --> Controller "App\Controllers\undangan\Undangan" loaded.
INFO - 2021-07-18 10:29:52 --> Session: Class initialized using 'CodeIgniter\Session\Handlers\FileHandler' driver.
INFO - 2021-07-18 10:29:52 --> Controller "App\Controllers\undangan\Undangan" loaded.
INFO - 2021-07-18 10:29:52 --> Session: Class initialized using 'CodeIgniter\Session\Handlers\FileHandler' driver.
INFO - 2021-07-18 10:29:52 --> Controller "App\Controllers\undangan\Undangan" loaded.
INFO - 2021-07-18 10:29:54 --> Session: Class initialized using 'CodeIgniter\Session\Handlers\FileHandler' driver.
INFO - 2021-07-18 10:29:54 --> Controller "App\Controllers\undangan\Undangan" loaded.
INFO - 2021-07-18 10:37:16 --> Session: Class initialized using 'CodeIgniter\Session\Handlers\FileHandler' driver.
INFO - 2021-07-18 10:37:16 --> Controller "App\Controllers\undangan\Undangan" loaded.
INFO - 2021-07-18 10:37:18 --> Session: Class initialized using 'CodeIgniter\Session\Handlers\FileHandler' driver.
INFO - 2021-07-18 10:37:18 --> Controller "App\Controllers\bukutamu\Bukutamu" loaded.
INFO - 2021-07-18 10:46:01 --> Session: Class initialized using 'CodeIgniter\Session\Handlers\FileHandler' driver.
INFO - 2021-07-18 10:46:01 --> Controller "App\Controllers\undangan\Undangan" loaded.
CRITICAL - 2021-07-18 10:46:01 --> Unknown column 'bon' in 'where clause'
#0 /home/nguh5634/public_html/system/Database/MySQLi/Connection.php(330): mysqli->query('SELECT *\nFROM `...')
#1 /home/nguh5634/public_html/system/Database/BaseConnection.php(738): CodeIgniter\Database\MySQLi\Connection->execute('SELECT *\nFROM `...')
#2 /home/nguh5634/public_html/system/Database/BaseConnection.php(666): CodeIgniter\Database\BaseConnection->simpleQuery('SELECT *\nFROM `...')
#3 /home/nguh5634/public_html/system/Database/BaseBuilder.php(1819): CodeIgniter\Database\BaseConnection->query('SELECT *\nFROM `...', Array, false)
#4 /home/nguh5634/public_html/app/Models/undangan/UndanganModel.php(53): CodeIgniter\Database\BaseBuilder->get()
#5 /home/nguh5634/public_html/app/Controllers/undangan/Undangan.php(89): App\Models\undangan\UndanganModel->cek_tamu('1', 'bon%20jovi')
#6 /home/nguh5634/public_html/system/CodeIgniter.php(910): App\Controllers\undangan\Undangan->undangan()
#7 /home/nguh5634/public_html/system/CodeIgniter.php(398): CodeIgniter\CodeIgniter->runController(Object(App\Controllers\undangan\Undangan))
#8 /home/nguh5634/public_html/system/CodeIgniter.php(306): CodeIgniter\CodeIgniter->handleRequest(NULL, Object(Config\Cache), false)
#9 /home/nguh5634/public_html/index.php(45): CodeIgniter\CodeIgniter->run()
#10 {main}
INFO - 2021-07-18 10:46:11 --> Session: Class initialized using 'CodeIgniter\Session\Handlers\FileHandler' driver.
INFO - 2021-07-18 10:46:11 --> Controller "App\Controllers\undangan\Undangan" loaded.
CRITICAL - 2021-07-18 10:46:11 --> Unknown column 'bon' in 'where clause'
#0 /home/nguh5634/public_html/system/Database/MySQLi/Connection.php(330): mysqli->query('SELECT *\nFROM `...')
#1 /home/nguh5634/public_html/system/Database/BaseConnection.php(738): CodeIgniter\Database\MySQLi\Connection->execute('SELECT *\nFROM `...')
#2 /home/nguh5634/public_html/system/Database/BaseConnection.php(666): CodeIgniter\Database\BaseConnection->simpleQuery('SELECT *\nFROM `...')
#3 /home/nguh5634/public_html/system/Database/BaseBuilder.php(1819): CodeIgniter\Database\BaseConnection->query('SELECT *\nFROM `...', Array, false)
#4 /home/nguh5634/public_html/app/Models/undangan/UndanganModel.php(53): CodeIgniter\Database\BaseBuilder->get()
#5 /home/nguh5634/public_html/app/Controllers/undangan/Undangan.php(89): App\Models\undangan\UndanganModel->cek_tamu('1', 'bon%20jovi')
#6 /home/nguh5634/public_html/system/CodeIgniter.php(910): App\Controllers\undangan\Undangan->undangan()
#7 /home/nguh5634/public_html/system/CodeIgniter.php(398): CodeIgniter\CodeIgniter->runController(Object(App\Controllers\undangan\Undangan))
#8 /home/nguh5634/public_html/system/CodeIgniter.php(306): CodeIgniter\CodeIgniter->handleRequest(NULL, Object(Config\Cache), false)
#9 /home/nguh5634/public_html/index.php(45): CodeIgniter\CodeIgniter->run()
#10 {main}
INFO - 2021-07-18 10:46:18 --> Session: Class initialized using 'CodeIgniter\Session\Handlers\FileHandler' driver.
INFO - 2021-07-18 10:46:18 --> Controller "App\Controllers\undangan\Undangan" loaded.
INFO - 2021-07-18 10:52:35 --> Session: Class initialized using 'CodeIgniter\Session\Handlers\FileHandler' driver.
INFO - 2021-07-18 10:52:35 --> Controller "App\Controllers\undangan\Undangan" loaded.
INFO - 2021-07-18 10:53:30 --> Session: Class initialized using 'CodeIgniter\Session\Handlers\FileHandler' driver.
INFO - 2021-07-18 10:53:30 --> Controller "App\Controllers\undangan\Undangan" loaded.
CRITICAL - 2021-07-18 10:53:30 --> Unknown column 'bon' in 'where clause'
#0 /home/nguh5634/public_html/system/Database/MySQLi/Connection.php(330): mysqli->query('SELECT *\nFROM `...')
#1 /home/nguh5634/public_html/system/Database/BaseConnection.php(738): CodeIgniter\Database\MySQLi\Connection->execute('SELECT *\nFROM `...')
#2 /home/nguh5634/public_html/system/Database/BaseConnection.php(666): CodeIgniter\Database\BaseConnection->simpleQuery('SELECT *\nFROM `...')
#3 /home/nguh5634/public_html/system/Database/BaseBuilder.php(1819): CodeIgniter\Database\BaseConnection->query('SELECT *\nFROM `...', Array, false)
#4 /home/nguh5634/public_html/app/Models/undangan/UndanganModel.php(53): CodeIgniter\Database\BaseBuilder->get()
#5 /home/nguh5634/public_html/app/Controllers/undangan/Undangan.php(89): App\Models\undangan\UndanganModel->cek_tamu('1', 'bon%20jovi')
#6 /home/nguh5634/public_html/system/CodeIgniter.php(910): App\Controllers\undangan\Undangan->undangan()
#7 /home/nguh5634/public_html/system/CodeIgniter.php(398): CodeIgniter\CodeIgniter->runController(Object(App\Controllers\undangan\Undangan))
#8 /home/nguh5634/public_html/system/CodeIgniter.php(306): CodeIgniter\CodeIgniter->handleRequest(NULL, Object(Config\Cache), false)
#9 /home/nguh5634/public_html/index.php(45): CodeIgniter\CodeIgniter->run()
#10 {main}
INFO - 2021-07-18 10:53:49 --> Session: Class initialized using 'CodeIgniter\Session\Handlers\FileHandler' driver.
INFO - 2021-07-18 10:53:49 --> Controller "App\Controllers\undangan\Undangan" loaded.
CRITICAL - 2021-07-18 10:53:49 --> Unknown column 'bon' in 'where clause'
#0 /home/nguh5634/public_html/system/Database/MySQLi/Connection.php(330): mysqli->query('SELECT *\nFROM `...')
#1 /home/nguh5634/public_html/system/Database/BaseConnection.php(738): CodeIgniter\Database\MySQLi\Connection->execute('SELECT *\nFROM `...')
#2 /home/nguh5634/public_html/system/Database/BaseConnection.php(666): CodeIgniter\Database\BaseConnection->simpleQuery('SELECT *\nFROM `...')
#3 /home/nguh5634/public_html/system/Database/BaseBuilder.php(1819): CodeIgniter\Database\BaseConnection->query('SELECT *\nFROM `...', Array, false)
#4 /home/nguh5634/public_html/app/Models/undangan/UndanganModel.php(53): CodeIgniter\Database\BaseBuilder->get()
#5 /home/nguh5634/public_html/app/Controllers/undangan/Undangan.php(89): App\Models\undangan\UndanganModel->cek_tamu('1', 'bon-jovi')
#6 /home/nguh5634/public_html/system/CodeIgniter.php(910): App\Controllers\undangan\Undangan->undangan()
#7 /home/nguh5634/public_html/system/CodeIgniter.php(398): CodeIgniter\CodeIgniter->runController(Object(App\Controllers\undangan\Undangan))
#8 /home/nguh5634/public_html/system/CodeIgniter.php(306): CodeIgniter\CodeIgniter->handleRequest(NULL, Object(Config\Cache), false)
#9 /home/nguh5634/public_html/index.php(45): CodeIgniter\CodeIgniter->run()
#10 {main}
INFO - 2021-07-18 10:54:12 --> Session: Class initialized using 'CodeIgniter\Session\Handlers\FileHandler' driver.
INFO - 2021-07-18 10:54:12 --> Controller "App\Controllers\undangan\Undangan" loaded.
CRITICAL - 2021-07-18 10:54:12 --> Unknown column 'bon_jovi' in 'where clause'
#0 /home/nguh5634/public_html/system/Database/MySQLi/Connection.php(330): mysqli->query('SELECT *\nFROM `...')
#1 /home/nguh5634/public_html/system/Database/BaseConnection.php(738): CodeIgniter\Database\MySQLi\Connection->execute('SELECT *\nFROM `...')
#2 /home/nguh5634/public_html/system/Database/BaseConnection.php(666): CodeIgniter\Database\BaseConnection->simpleQuery('SELECT *\nFROM `...')
#3 /home/nguh5634/public_html/system/Database/BaseBuilder.php(1819): CodeIgniter\Database\BaseConnection->query('SELECT *\nFROM `...', Array, false)
#4 /home/nguh5634/public_html/app/Models/undangan/UndanganModel.php(53): CodeIgniter\Database\BaseBuilder->get()
#5 /home/nguh5634/public_html/app/Controllers/undangan/Undangan.php(89): App\Models\undangan\UndanganModel->cek_tamu('1', 'bon_jovi')
#6 /home/nguh5634/public_html/system/CodeIgniter.php(910): App\Controllers\undangan\Undangan->undangan()
#7 /home/nguh5634/public_html/system/CodeIgniter.php(398): CodeIgniter\CodeIgniter->runController(Object(App\Controllers\undangan\Undangan))
#8 /home/nguh5634/public_html/system/CodeIgniter.php(306): CodeIgniter\CodeIgniter->handleRequest(NULL, Object(Config\Cache), false)
#9 /home/nguh5634/public_html/index.php(45): CodeIgniter\CodeIgniter->run()
#10 {main}
INFO - 2021-07-18 10:54:14 --> Session: Class initialized using 'CodeIgniter\Session\Handlers\FileHandler' driver.
INFO - 2021-07-18 10:54:14 --> Controller "App\Controllers\undangan\Undangan" loaded.
CRITICAL - 2021-07-18 10:54:14 --> Unknown column 'bon' in 'where clause'
#0 /home/nguh5634/public_html/system/Database/MySQLi/Connection.php(330): mysqli->query('SELECT *\nFROM `...')
#1 /home/nguh5634/public_html/system/Database/BaseConnection.php(738): CodeIgniter\Database\MySQLi\Connection->execute('SELECT *\nFROM `...')
#2 /home/nguh5634/public_html/system/Database/BaseConnection.php(666): CodeIgniter\Database\BaseConnection->simpleQuery('SELECT *\nFROM `...')
#3 /home/nguh5634/public_html/system/Database/BaseBuilder.php(1819): CodeIgniter\Database\BaseConnection->query('SELECT *\nFROM `...', Array, false)
#4 /home/nguh5634/public_html/app/Models/undangan/UndanganModel.php(53): CodeIgniter\Database\BaseBuilder->get()
#5 /home/nguh5634/public_html/app/Controllers/undangan/Undangan.php(89): App\Models\undangan\UndanganModel->cek_tamu('1', 'bon-jovi')
#6 /home/nguh5634/public_html/system/CodeIgniter.php(910): App\Controllers\undangan\Undangan->undangan()
#7 /home/nguh5634/public_html/system/CodeIgniter.php(398): CodeIgniter\CodeIgniter->runController(Object(App\Controllers\undangan\Undangan))
#8 /home/nguh5634/public_html/system/CodeIgniter.php(306): CodeIgniter\CodeIgniter->handleRequest(NULL, Object(Config\Cache), false)
#9 /home/nguh5634/public_html/index.php(45): CodeIgniter\CodeIgniter->run()
#10 {main}
INFO - 2021-07-18 10:54:18 --> Session: Class initialized using 'CodeIgniter\Session\Handlers\FileHandler' driver.
INFO - 2021-07-18 10:54:18 --> Controller "App\Controllers\undangan\Undangan" loaded.
CRITICAL - 2021-07-18 10:54:18 --> Unknown column 'bon' in 'where clause'
#0 /home/nguh5634/public_html/system/Database/MySQLi/Connection.php(330): mysqli->query('SELECT *\nFROM `...')
#1 /home/nguh5634/public_html/system/Database/BaseConnection.php(738): CodeIgniter\Database\MySQLi\Connection->execute('SELECT *\nFROM `...')
#2 /home/nguh5634/public_html/system/Database/BaseConnection.php(666): CodeIgniter\Database\BaseConnection->simpleQuery('SELECT *\nFROM `...')
#3 /home/nguh5634/public_html/system/Database/BaseBuilder.php(1819): CodeIgniter\Database\BaseConnection->query('SELECT *\nFROM `...', Array, false)
#4 /home/nguh5634/public_html/app/Models/undangan/UndanganModel.php(53): CodeIgniter\Database\BaseBuilder->get()
#5 /home/nguh5634/public_html/app/Controllers/undangan/Undangan.php(89): App\Models\undangan\UndanganModel->cek_tamu('1', 'bon%20jovi')
#6 /home/nguh5634/public_html/system/CodeIgniter.php(910): App\Controllers\undangan\Undangan->undangan()
#7 /home/nguh5634/public_html/system/CodeIgniter.php(398): CodeIgniter\CodeIgniter->runController(Object(App\Controllers\undangan\Undangan))
#8 /home/nguh5634/public_html/system/CodeIgniter.php(306): CodeIgniter\CodeIgniter->handleRequest(NULL, Object(Config\Cache), false)
#9 /home/nguh5634/public_html/index.php(45): CodeIgniter\CodeIgniter->run()
#10 {main}
INFO - 2021-07-18 11:00:03 --> Controller "App\Controllers\base\Beranda" loaded.
INFO - 2021-07-18 11:48:02 --> Controller "App\Controllers\base\Beranda" loaded.
INFO - 2021-07-18 12:10:50 --> Controller "App\Controllers\base\Beranda" loaded.
INFO - 2021-07-18 12:17:14 --> Controller "App\Controllers\base\Beranda" loaded.
INFO - 2021-07-18 12:23:51 --> Controller "App\Controllers\base\Beranda" loaded.
INFO - 2021-07-18 13:07:00 --> Controller "App\Controllers\base\Beranda" loaded.
INFO - 2021-07-18 13:08:40 --> Controller "App\Controllers\base\Beranda" loaded.
INFO - 2021-07-18 13:37:33 --> Session: Class initialized using 'CodeIgniter\Session\Handlers\FileHandler' driver.
INFO - 2021-07-18 13:37:33 --> Controller "App\Controllers\undangan\Undangan" loaded.
INFO - 2021-07-18 13:37:33 --> Session: Class initialized using 'CodeIgniter\Session\Handlers\FileHandler' driver.
INFO - 2021-07-18 13:37:33 --> Controller "App\Controllers\undangan\Undangan" loaded.
INFO - 2021-07-18 13:37:33 --> Session: Class initialized using 'CodeIgniter\Session\Handlers\FileHandler' driver.
INFO - 2021-07-18 13:37:33 --> Controller "App\Controllers\undangan\Undangan" loaded.
INFO - 2021-07-18 13:37:33 --> Session: Class initialized using 'CodeIgniter\Session\Handlers\FileHandler' driver.
INFO - 2021-07-18 13:37:33 --> Controller "App\Controllers\undangan\Undangan" loaded.
INFO - 2021-07-18 13:37:34 --> Session: Class initialized using 'CodeIgniter\Session\Handlers\FileHandler' driver.
INFO - 2021-07-18 13:37:34 --> Controller "App\Controllers\undangan\Undangan" loaded.
INFO - 2021-07-18 13:37:35 --> Session: Class initialized using 'CodeIgniter\Session\Handlers\FileHandler' driver.
INFO - 2021-07-18 13:37:35 --> Controller "App\Controllers\undangan\Undangan" loaded.
INFO - 2021-07-18 13:52:34 --> Session: Class initialized using 'CodeIgniter\Session\Handlers\FileHandler' driver.
INFO - 2021-07-18 13:52:34 --> Controller "App\Controllers\undangan\Undangan" loaded.
INFO - 2021-07-18 13:52:36 --> Session: Class initialized using 'CodeIgniter\Session\Handlers\FileHandler' driver.
INFO - 2021-07-18 13:52:36 --> Controller "App\Controllers\undangan\Undangan" loaded.
INFO - 2021-07-18 13:52:36 --> Session: Class initialized using 'CodeIgniter\Session\Handlers\FileHandler' driver.
INFO - 2021-07-18 13:52:36 --> Controller "App\Controllers\bukutamu\Bukutamu" loaded.
INFO - 2021-07-18 13:52:36 --> Session: Class initialized using 'CodeIgniter\Session\Handlers\FileHandler' driver.
INFO - 2021-07-18 13:52:36 --> Controller "App\Controllers\bukutamu\Bukutamu" loaded.
INFO - 2021-07-18 13:52:37 --> Session: Class initialized using 'CodeIgniter\Session\Handlers\FileHandler' driver.
INFO - 2021-07-18 13:52:37 --> Controller "App\Controllers\undangan\Undangan" loaded.
INFO - 2021-07-18 14:11:32 --> Session: Class initialized using 'CodeIgniter\Session\Handlers\FileHandler' driver.
INFO - 2021-07-18 14:11:32 --> Controller "App\Controllers\bukutamu\Bukutamu" loaded.
INFO - 2021-07-18 14:11:50 --> Controller "App\Controllers\base\Beranda" loaded.
INFO - 2021-07-18 14:11:58 --> Session: Class initialized using 'CodeIgniter\Session\Handlers\FileHandler' driver.
INFO - 2021-07-18 14:11:58 --> Controller "App\Controllers\undangan\Undangan" loaded.
INFO - 2021-07-18 14:12:45 --> Controller "App\Controllers\base\Beranda" loaded.
INFO - 2021-07-18 14:12:50 --> Session: Class initialized using 'CodeIgniter\Session\Handlers\FileHandler' driver.
INFO - 2021-07-18 14:12:50 --> Controller "App\Controllers\base\Order" loaded.
INFO - 2021-07-18 14:12:51 --> Controller "App\Controllers\base\Beranda" loaded.
INFO - 2021-07-18 14:12:54 --> Controller "App\Controllers\base\Beranda" loaded.
INFO - 2021-07-18 14:13:14 --> Session: Class initialized using 'CodeIgniter\Session\Handlers\FileHandler' driver.
INFO - 2021-07-18 14:13:14 --> Controller "App\Controllers\base\Order" loaded.
INFO - 2021-07-18 14:13:14 --> Controller "App\Controllers\base\Beranda" loaded.
INFO - 2021-07-18 14:13:15 --> Controller "App\Controllers\base\Beranda" loaded.
INFO - 2021-07-18 14:13:32 --> Controller "App\Controllers\base\Beranda" loaded.
INFO - 2021-07-18 14:22:25 --> Controller "App\Controllers\base\Beranda" loaded.
INFO - 2021-07-18 14:53:00 --> Session: Class initialized using 'CodeIgniter\Session\Handlers\FileHandler' driver.
INFO - 2021-07-18 14:53:00 --> Controller "App\Controllers\undangan\Undangan" loaded.
INFO - 2021-07-18 15:00:27 --> Session: Class initialized using 'CodeIgniter\Session\Handlers\FileHandler' driver.
INFO - 2021-07-18 15:00:27 --> Controller "App\Controllers\undangan\Undangan" loaded.
INFO - 2021-07-18 15:00:27 --> Session: Class initialized using 'CodeIgniter\Session\Handlers\FileHandler' driver.
INFO - 2021-07-18 15:00:27 --> Controller "App\Controllers\undangan\Undangan" loaded.
INFO - 2021-07-18 15:00:27 --> Session: Class initialized using 'CodeIgniter\Session\Handlers\FileHandler' driver.
INFO - 2021-07-18 15:00:27 --> Controller "App\Controllers\undangan\Undangan" loaded.
INFO - 2021-07-18 15:00:27 --> Session: Class initialized using 'CodeIgniter\Session\Handlers\FileHandler' driver.
INFO - 2021-07-18 15:00:27 --> Controller "App\Controllers\undangan\Undangan" loaded.
INFO - 2021-07-18 15:00:29 --> Session: Class initialized using 'CodeIgniter\Session\Handlers\FileHandler' driver.
INFO - 2021-07-18 15:00:29 --> Controller "App\Controllers\undangan\Undangan" loaded.
INFO - 2021-07-18 15:00:29 --> Session: Class initialized using 'CodeIgniter\Session\Handlers\FileHandler' driver.
INFO - 2021-07-18 15:00:29 --> Controller "App\Controllers\undangan\Undangan" loaded.
INFO - 2021-07-18 15:49:26 --> Controller "App\Controllers\base\Beranda" loaded.
INFO - 2021-07-18 15:49:45 --> Controller "App\Controllers\base\Beranda" loaded.
INFO - 2021-07-18 15:57:51 --> Session: Class initialized using 'CodeIgniter\Session\Handlers\FileHandler' driver.
INFO - 2021-07-18 15:57:51 --> Controller "App\Controllers\base\Order" loaded.
INFO - 2021-07-18 16:08:38 --> Controller "App\Controllers\base\Beranda" loaded.
INFO - 2021-07-18 16:15:41 --> Controller "App\Controllers\base\Beranda" loaded.
INFO - 2021-07-18 16:16:00 --> Session: Class initialized using 'CodeIgniter\Session\Handlers\FileHandler' driver.
INFO - 2021-07-18 16:16:00 --> Controller "App\Controllers\base\Dashboard" loaded.
INFO - 2021-07-18 16:16:17 --> Controller "App\Controllers\base\Beranda" loaded.
INFO - 2021-07-18 16:16:29 --> Session: Class initialized using 'CodeIgniter\Session\Handlers\FileHandler' driver.
INFO - 2021-07-18 16:16:29 --> Controller "App\Controllers\base\Order" loaded.
INFO - 2021-07-18 16:16:55 --> Session: Class initialized using 'CodeIgniter\Session\Handlers\FileHandler' driver.
INFO - 2021-07-18 16:16:55 --> Controller "App\Controllers\base\Order" loaded.
INFO - 2021-07-18 16:17:02 --> Session: Class initialized using 'CodeIgniter\Session\Handlers\FileHandler' driver.
INFO - 2021-07-18 16:17:02 --> Controller "App\Controllers\base\Order" loaded.
INFO - 2021-07-18 16:17:16 --> Session: Class initialized using 'CodeIgniter\Session\Handlers\FileHandler' driver.
INFO - 2021-07-18 16:17:16 --> Controller "App\Controllers\base\Order" loaded.
INFO - 2021-07-18 16:17:20 --> Session: Class initialized using 'CodeIgniter\Session\Handlers\FileHandler' driver.
INFO - 2021-07-18 16:17:20 --> Controller "App\Controllers\base\Order" loaded.
INFO - 2021-07-18 16:17:21 --> Controller "App\Controllers\base\Beranda" loaded.
INFO - 2021-07-18 16:17:22 --> Session: Class initialized using 'CodeIgniter\Session\Handlers\FileHandler' driver.
INFO - 2021-07-18 16:17:22 --> Controller "App\Controllers\base\Order" loaded.
INFO - 2021-07-18 16:17:25 --> Session: Class initialized using 'CodeIgniter\Session\Handlers\FileHandler' driver.
INFO - 2021-07-18 16:17:25 --> Controller "App\Controllers\base\Order" loaded.
INFO - 2021-07-18 16:17:32 --> Session: Class initialized using 'CodeIgniter\Session\Handlers\FileHandler' driver.
INFO - 2021-07-18 16:17:32 --> Controller "App\Controllers\base\Order" loaded.
INFO - 2021-07-18 16:17:44 --> Session: Class initialized using 'CodeIgniter\Session\Handlers\FileHandler' driver.
INFO - 2021-07-18 16:17:44 --> Controller "App\Controllers\base\Dashboard" loaded.
INFO - 2021-07-18 16:17:44 --> Session: Class initialized using 'CodeIgniter\Session\Handlers\FileHandler' driver.
INFO - 2021-07-18 16:17:44 --> Controller "App\Controllers\base\Dashboard" loaded.
INFO - 2021-07-18 16:41:23 --> Controller "App\Controllers\base\Beranda" loaded.
INFO - 2021-07-18 17:48:44 --> Controller "App\Controllers\base\Beranda" loaded.
INFO - 2021-07-18 17:48:52 --> Session: Class initialized using 'CodeIgniter\Session\Handlers\FileHandler' driver.
INFO - 2021-07-18 17:48:52 --> Controller "App\Controllers\base\Order" loaded.
INFO - 2021-07-18 17:48:52 --> Controller "App\Controllers\base\Beranda" loaded.
INFO - 2021-07-18 17:48:59 --> Session: Class initialized using 'CodeIgniter\Session\Handlers\FileHandler' driver.
INFO - 2021-07-18 17:48:59 --> Controller "App\Controllers\base\Order" loaded.
INFO - 2021-07-18 17:49:09 --> Controller "App\Controllers\base\Beranda" loaded.
INFO - 2021-07-18 17:49:13 --> Controller "App\Controllers\base\Beranda" loaded.
INFO - 2021-07-18 17:54:19 --> Controller "App\Controllers\base\Beranda" loaded.
INFO - 2021-07-18 17:55:15 --> Controller "App\Controllers\base\Beranda" loaded.
INFO - 2021-07-18 17:55:18 --> Session: Class initialized using 'CodeIgniter\Session\Handlers\FileHandler' driver.
INFO - 2021-07-18 17:55:18 --> Controller "App\Controllers\base\Order" loaded.
INFO - 2021-07-18 17:55:19 --> Controller "App\Controllers\base\Beranda" loaded.
INFO - 2021-07-18 17:55:26 --> Controller "App\Controllers\base\Beranda" loaded.
INFO - 2021-07-18 17:56:11 --> Controller "App\Controllers\base\Beranda" loaded.
INFO - 2021-07-18 18:32:13 --> Controller "App\Controllers\base\Beranda" loaded.
INFO - 2021-07-18 18:33:41 --> Controller "App\Controllers\base\Beranda" loaded.
INFO - 2021-07-18 18:33:41 --> Controller "App\Controllers\base\Beranda" loaded.
INFO - 2021-07-18 18:33:41 --> Controller "App\Controllers\base\Beranda" loaded.
INFO - 2021-07-18 18:33:41 --> Controller "App\Controllers\base\Beranda" loaded.
INFO - 2021-07-18 18:33:41 --> Controller "App\Controllers\base\Beranda" loaded.
INFO - 2021-07-18 18:33:41 --> Controller "App\Controllers\base\Beranda" loaded.
INFO - 2021-07-18 18:33:41 --> Controller "App\Controllers\base\Beranda" loaded.
INFO - 2021-07-18 18:33:41 --> Controller "App\Controllers\base\Beranda" loaded.
INFO - 2021-07-18 18:33:41 --> Controller "App\Controllers\base\Beranda" loaded.
INFO - 2021-07-18 18:33:41 --> Controller "App\Controllers\base\Beranda" loaded.
INFO - 2021-07-18 18:33:41 --> Controller "App\Controllers\base\Beranda" loaded.
INFO - 2021-07-18 18:33:42 --> Controller "App\Controllers\base\Beranda" loaded.
INFO - 2021-07-18 18:33:42 --> Controller "App\Controllers\base\Beranda" loaded.
INFO - 2021-07-18 18:33:42 --> Controller "App\Controllers\base\Beranda" loaded.
INFO - 2021-07-18 18:33:42 --> Controller "App\Controllers\base\Beranda" loaded.
INFO - 2021-07-18 18:33:42 --> Controller "App\Controllers\base\Beranda" loaded.
INFO - 2021-07-18 18:33:42 --> Controller "App\Controllers\base\Beranda" loaded.
INFO - 2021-07-18 18:33:42 --> Controller "App\Controllers\base\Beranda" loaded.
INFO - 2021-07-18 18:33:42 --> Controller "App\Controllers\base\Beranda" loaded.
INFO - 2021-07-18 18:33:42 --> Controller "App\Controllers\base\Beranda" loaded.
INFO - 2021-07-18 19:08:28 --> Controller "App\Controllers\base\Beranda" loaded.
INFO - 2021-07-18 19:08:29 --> Controller "App\Controllers\base\Beranda" loaded.
INFO - 2021-07-18 19:08:29 --> Controller "App\Controllers\base\Beranda" loaded.
INFO - 2021-07-18 19:08:30 --> Controller "App\Controllers\base\Beranda" loaded.
INFO - 2021-07-18 19:08:30 --> Controller "App\Controllers\base\Beranda" loaded.
INFO - 2021-07-18 19:08:30 --> Controller "App\Controllers\base\Beranda" loaded.
INFO - 2021-07-18 19:08:31 --> Controller "App\Controllers\base\Beranda" loaded.
INFO - 2021-07-18 19:08:31 --> Controller "App\Controllers\base\Beranda" loaded.
INFO - 2021-07-18 19:08:31 --> Controller "App\Controllers\base\Beranda" loaded.
INFO - 2021-07-18 19:08:32 --> Controller "App\Controllers\base\Beranda" loaded.
INFO - 2021-07-18 19:08:32 --> Controller "App\Controllers\base\Beranda" loaded.
INFO - 2021-07-18 19:08:32 --> Controller "App\Controllers\base\Beranda" loaded.
INFO - 2021-07-18 19:08:33 --> Controller "App\Controllers\base\Beranda" loaded.
INFO - 2021-07-18 19:08:33 --> Controller "App\Controllers\base\Beranda" loaded.
INFO - 2021-07-18 19:08:33 --> Controller "App\Controllers\base\Beranda" loaded.
INFO - 2021-07-18 19:08:33 --> Controller "App\Controllers\base\Beranda" loaded.
INFO - 2021-07-18 19:08:34 --> Controller "App\Controllers\base\Beranda" loaded.
INFO - 2021-07-18 19:08:34 --> Controller "App\Controllers\base\Beranda" loaded.
INFO - 2021-07-18 19:08:34 --> Controller "App\Controllers\base\Beranda" loaded.
INFO - 2021-07-18 19:26:28 --> Controller "App\Controllers\base\Beranda" loaded.
INFO - 2021-07-18 19:26:28 --> Session: Class initialized using 'CodeIgniter\Session\Handlers\FileHandler' driver.
INFO - 2021-07-18 19:26:28 --> Controller "App\Controllers\bukutamu\Bukutamu" loaded.
INFO - 2021-07-18 19:26:28 --> Controller "App\Controllers\base\Beranda" loaded.
INFO - 2021-07-18 19:26:28 --> Session: Class initialized using 'CodeIgniter\Session\Handlers\FileHandler' driver.
INFO - 2021-07-18 19:26:28 --> Controller "App\Controllers\bukutamu\Bukutamu" loaded.
INFO - 2021-07-18 19:26:29 --> Controller "App\Controllers\base\Beranda" loaded.
INFO - 2021-07-18 19:26:29 --> Session: Class initialized using 'CodeIgniter\Session\Handlers\FileHandler' driver.
INFO - 2021-07-18 19:26:29 --> Controller "App\Controllers\bukutamu\Bukutamu" loaded.
INFO - 2021-07-18 19:26:29 --> Session: Class initialized using 'CodeIgniter\Session\Handlers\FileHandler' driver.
INFO - 2021-07-18 19:26:29 --> Controller "App\Controllers\undangan\Undangan" loaded.
INFO - 2021-07-18 19:26:29 --> Session: Class initialized using 'CodeIgniter\Session\Handlers\FileHandler' driver.
INFO - 2021-07-18 19:26:29 --> Controller "App\Controllers\undangan\Undangan" loaded.
INFO - 2021-07-18 19:26:29 --> Session: Class initialized using 'CodeIgniter\Session\Handlers\FileHandler' driver.
INFO - 2021-07-18 19:26:29 --> Controller "App\Controllers\undangan\Undangan" loaded.
INFO - 2021-07-18 19:26:31 --> Controller "App\Controllers\base\Beranda" loaded.
INFO - 2021-07-18 19:45:43 --> Controller "App\Controllers\base\Beranda" loaded.
INFO - 2021-07-18 19:50:18 --> Controller "App\Controllers\base\Beranda" loaded.
INFO - 2021-07-18 19:59:50 --> Controller "App\Controllers\base\Beranda" loaded.
INFO - 2021-07-18 20:00:34 --> Controller "App\Controllers\base\Beranda" loaded.
INFO - 2021-07-18 20:07:18 --> Session: Class initialized using 'CodeIgniter\Session\Handlers\FileHandler' driver.
INFO - 2021-07-18 20:07:18 --> Controller "App\Controllers\undangan\Undangan" loaded.
INFO - 2021-07-18 20:39:11 --> Controller "App\Controllers\base\Beranda" loaded.
INFO - 2021-07-18 20:40:50 --> Controller "App\Controllers\base\Beranda" loaded.
INFO - 2021-07-18 21:06:34 --> Session: Class initialized using 'CodeIgniter\Session\Handlers\FileHandler' driver.
INFO - 2021-07-18 21:06:34 --> Controller "App\Controllers\undangan\Undangan" loaded.
INFO - 2021-07-18 21:09:32 --> Session: Class initialized using 'CodeIgniter\Session\Handlers\FileHandler' driver.
INFO - 2021-07-18 21:09:32 --> Controller "App\Controllers\bukutamu\Bukutamu" loaded.
INFO - 2021-07-18 21:09:34 --> Session: Class initialized using 'CodeIgniter\Session\Handlers\FileHandler' driver.
INFO - 2021-07-18 21:09:34 --> Controller "App\Controllers\bukutamu\Bukutamu" loaded.
INFO - 2021-07-18 21:09:36 --> Session: Class initialized using 'CodeIgniter\Session\Handlers\FileHandler' driver.
INFO - 2021-07-18 21:09:36 --> Controller "App\Controllers\bukutamu\Bukutamu" loaded.
INFO - 2021-07-18 21:11:14 --> Session: Class initialized using 'CodeIgniter\Session\Handlers\FileHandler' driver.
INFO - 2021-07-18 21:11:14 --> Controller "App\Controllers\undangan\Undangan" loaded.
INFO - 2021-07-18 21:11:14 --> Session: Class initialized using 'CodeIgniter\Session\Handlers\FileHandler' driver.
INFO - 2021-07-18 21:11:14 --> Controller "App\Controllers\undangan\Undangan" loaded.
INFO - 2021-07-18 21:11:36 --> Controller "App\Controllers\base\Beranda" loaded.
INFO - 2021-07-18 21:12:49 --> Session: Class initialized using 'CodeIgniter\Session\Handlers\FileHandler' driver.
INFO - 2021-07-18 21:12:49 --> Controller "App\Controllers\bukutamu\Bukutamu" loaded.
INFO - 2021-07-18 21:17:43 --> Session: Class initialized using 'CodeIgniter\Session\Handlers\FileHandler' driver.
INFO - 2021-07-18 21:17:43 --> Controller "App\Controllers\undangan\Undangan" loaded.
INFO - 2021-07-18 21:17:48 --> Controller "App\Controllers\base\Beranda" loaded.
INFO - 2021-07-18 21:19:09 --> Controller "App\Controllers\base\Beranda" loaded.
INFO - 2021-07-18 21:21:55 --> Controller "App\Controllers\base\Beranda" loaded.
INFO - 2021-07-18 21:29:31 --> Controller "App\Controllers\base\Beranda" loaded.
INFO - 2021-07-18 21:29:33 --> Session: Class initialized using 'CodeIgniter\Session\Handlers\FileHandler' driver.
INFO - 2021-07-18 21:29:33 --> Controller "App\Controllers\base\Dashboard" loaded.
INFO - 2021-07-18 21:29:38 --> Session: Class initialized using 'CodeIgniter\Session\Handlers\FileHandler' driver.
INFO - 2021-07-18 21:29:38 --> Controller "App\Controllers\base\Order" loaded.
INFO - 2021-07-18 21:29:40 --> Controller "App\Controllers\base\Beranda" loaded.
INFO - 2021-07-18 21:29:44 --> Session: Class initialized using 'CodeIgniter\Session\Handlers\FileHandler' driver.
INFO - 2021-07-18 21:29:44 --> Controller "App\Controllers\base\Order" loaded.
INFO - 2021-07-18 21:29:49 --> Controller "App\Controllers\base\Beranda" loaded.
INFO - 2021-07-18 21:29:53 --> Session: Class initialized using 'CodeIgniter\Session\Handlers\FileHandler' driver.
INFO - 2021-07-18 21:29:53 --> Controller "App\Controllers\base\Order" loaded.
INFO - 2021-07-18 21:29:58 --> Controller "App\Controllers\base\Beranda" loaded.
INFO - 2021-07-18 21:30:03 --> Session: Class initialized using 'CodeIgniter\Session\Handlers\FileHandler' driver.
INFO - 2021-07-18 21:30:03 --> Controller "App\Controllers\base\Order" loaded.
INFO - 2021-07-18 21:30:06 --> Controller "App\Controllers\base\Beranda" loaded.
INFO - 2021-07-18 21:30:11 --> Session: Class initialized using 'CodeIgniter\Session\Handlers\FileHandler' driver.
INFO - 2021-07-18 21:30:11 --> Controller "App\Controllers\base\Order" loaded.
INFO - 2021-07-18 21:30:15 --> Controller "App\Controllers\base\Beranda" loaded.
INFO - 2021-07-18 21:30:20 --> Controller "App\Controllers\base\Beranda" loaded.
INFO - 2021-07-18 21:30:23 --> Controller "App\Controllers\base\Beranda" loaded.
INFO - 2021-07-18 21:30:44 --> Controller "App\Controllers\base\Beranda" loaded.
INFO - 2021-07-18 21:37:39 --> Controller "App\Controllers\base\Beranda" loaded.
INFO - 2021-07-18 21:46:09 --> Session: Class initialized using 'CodeIgniter\Session\Handlers\FileHandler' driver.
INFO - 2021-07-18 21:46:09 --> Controller "App\Controllers\bukutamu\Bukutamu" loaded.
INFO - 2021-07-18 21:46:09 --> Session: Class initialized using 'CodeIgniter\Session\Handlers\FileHandler' driver.
INFO - 2021-07-18 21:46:09 --> Controller "App\Controllers\undangan\Undangan" loaded.
INFO - 2021-07-18 21:46:09 --> Session: Class initialized using 'CodeIgniter\Session\Handlers\FileHandler' driver.
INFO - 2021-07-18 21:46:09 --> Controller "App\Controllers\bukutamu\Bukutamu" loaded.
INFO - 2021-07-18 21:46:09 --> Session: Class initialized using 'CodeIgniter\Session\Handlers\FileHandler' driver.
INFO - 2021-07-18 21:46:09 --> Controller "App\Controllers\undangan\Undangan" loaded.
INFO - 2021-07-18 21:46:09 --> Controller "App\Controllers\base\Beranda" loaded.
INFO - 2021-07-18 21:46:09 --> Controller "App\Controllers\base\Beranda" loaded.
INFO - 2021-07-18 21:46:10 --> Controller "App\Controllers\base\Beranda" loaded.
INFO - 2021-07-18 21:48:34 --> Session: Class initialized using 'CodeIgniter\Session\Handlers\FileHandler' driver.
INFO - 2021-07-18 21:48:34 --> Controller "App\Controllers\bukutamu\Bukutamu" loaded.
INFO - 2021-07-18 21:48:37 --> Session: Class initialized using 'CodeIgniter\Session\Handlers\FileHandler' driver.
INFO - 2021-07-18 21:48:37 --> Controller "App\Controllers\undangan\Undangan" loaded.
INFO - 2021-07-18 21:56:09 --> Session: Class initialized using 'CodeIgniter\Session\Handlers\FileHandler' driver.
INFO - 2021-07-18 21:56:09 --> Controller "App\Controllers\bukutamu\Bukutamu" loaded.
INFO - 2021-07-18 21:57:09 --> Session: Class initialized using 'CodeIgniter\Session\Handlers\FileHandler' driver.
INFO - 2021-07-18 21:57:09 --> Controller "App\Controllers\undangan\Undangan" loaded.
INFO - 2021-07-18 22:01:58 --> Controller "App\Controllers\base\Beranda" loaded.
INFO - 2021-07-18 22:02:14 --> Session: Class initialized using 'CodeIgniter\Session\Handlers\FileHandler' driver.
INFO - 2021-07-18 22:02:14 --> Controller "App\Controllers\base\Order" loaded.
INFO - 2021-07-18 22:02:15 --> Controller "App\Controllers\base\Beranda" loaded.
INFO - 2021-07-18 22:02:35 --> Controller "App\Controllers\base\Beranda" loaded.
INFO - 2021-07-18 22:04:23 --> Controller "App\Controllers\base\Beranda" loaded.
INFO - 2021-07-18 22:04:31 --> Session: Class initialized using 'CodeIgniter\Session\Handlers\FileHandler' driver.
INFO - 2021-07-18 22:04:31 --> Controller "App\Controllers\base\Dashboard" loaded.
INFO - 2021-07-18 22:04:36 --> Controller "App\Controllers\base\Beranda" loaded.
INFO - 2021-07-18 22:04:48 --> Session: Class initialized using 'CodeIgniter\Session\Handlers\FileHandler' driver.
INFO - 2021-07-18 22:04:48 --> Controller "App\Controllers\base\Order" loaded.
INFO - 2021-07-18 22:04:58 --> Controller "App\Controllers\base\Beranda" loaded.
INFO - 2021-07-18 22:05:00 --> Controller "App\Controllers\base\Beranda" loaded.
INFO - 2021-07-18 22:05:21 --> Session: Class initialized using 'CodeIgniter\Session\Handlers\FileHandler' driver.
INFO - 2021-07-18 22:05:21 --> Controller "App\Controllers\bukutamu\Bukutamu" loaded.
INFO - 2021-07-18 22:05:37 --> Session: Class initialized using 'CodeIgniter\Session\Handlers\FileHandler' driver.
INFO - 2021-07-18 22:05:37 --> Controller "App\Controllers\bukutamu\Bukutamu" loaded.
INFO - 2021-07-18 22:06:22 --> Controller "App\Controllers\base\Beranda" loaded.
INFO - 2021-07-18 22:16:13 --> Session: Class initialized using 'CodeIgniter\Session\Handlers\FileHandler' driver.
INFO - 2021-07-18 22:16:13 --> Controller "App\Controllers\undangan\Undangan" loaded.
INFO - 2021-07-18 22:17:22 --> Controller "App\Controllers\base\Beranda" loaded.
INFO - 2021-07-18 22:17:31 --> Session: Class initialized using 'CodeIgniter\Session\Handlers\FileHandler' driver.
INFO - 2021-07-18 22:17:31 --> Controller "App\Controllers\base\Order" loaded.
INFO - 2021-07-18 22:17:31 --> Controller "App\Controllers\base\Beranda" loaded.
INFO - 2021-07-18 22:17:41 --> Controller "App\Controllers\base\Beranda" loaded.
INFO - 2021-07-18 22:18:07 --> Controller "App\Controllers\base\Beranda" loaded.
INFO - 2021-07-18 22:18:24 --> Session: Class initialized using 'CodeIgniter\Session\Handlers\FileHandler' driver.
INFO - 2021-07-18 22:18:24 --> Controller "App\Controllers\base\Order" loaded.
INFO - 2021-07-18 22:18:26 --> Controller "App\Controllers\base\Beranda" loaded.
INFO - 2021-07-18 22:18:57 --> Controller "App\Controllers\base\Beranda" loaded.
INFO - 2021-07-18 22:19:25 --> Session: Class initialized using 'CodeIgniter\Session\Handlers\FileHandler' driver.
INFO - 2021-07-18 22:19:25 --> Controller "App\Controllers\bukutamu\Bukutamu" loaded.
INFO - 2021-07-18 22:27:56 --> Controller "App\Controllers\base\Beranda" loaded.
INFO - 2021-07-18 23:05:17 --> Controller "App\Controllers\base\Beranda" loaded.
INFO - 2021-07-18 23:05:22 --> Session: Class initialized using 'CodeIgniter\Session\Handlers\FileHandler' driver.
INFO - 2021-07-18 23:05:22 --> Controller "App\Controllers\undangan\Undangan" loaded.
INFO - 2021-07-18 23:05:25 --> Session: Class initialized using 'CodeIgniter\Session\Handlers\FileHandler' driver.
INFO - 2021-07-18 23:05:25 --> Controller "App\Controllers\bukutamu\Bukutamu" loaded.
INFO - 2021-07-18 23:06:34 --> Session: Class initialized using 'CodeIgniter\Session\Handlers\FileHandler' driver.
INFO - 2021-07-18 23:06:34 --> Controller "App\Controllers\base\Order" loaded.
INFO - 2021-07-18 23:12:18 --> Controller "App\Controllers\base\Beranda" loaded.
INFO - 2021-07-18 23:12:47 --> Session: Class initialized using 'CodeIgniter\Session\Handlers\FileHandler' driver.
INFO - 2021-07-18 23:12:47 --> Controller "App\Controllers\undangan\Undangan" loaded.
INFO - 2021-07-18 23:12:52 --> Session: Class initialized using 'CodeIgniter\Session\Handlers\FileHandler' driver.
INFO - 2021-07-18 23:12:52 --> Controller "App\Controllers\undangan\Undangan" loaded.
INFO - 2021-07-18 23:12:53 --> Session: Class initialized using 'CodeIgniter\Session\Handlers\FileHandler' driver.
INFO - 2021-07-18 23:12:53 --> Controller "App\Controllers\undangan\Undangan" loaded.
INFO - 2021-07-18 23:12:56 --> Session: Class initialized using 'CodeIgniter\Session\Handlers\FileHandler' driver.
INFO - 2021-07-18 23:12:56 --> Controller "App\Controllers\bukutamu\Bukutamu" loaded.
INFO - 2021-07-18 23:12:58 --> Session: Class initialized using 'CodeIgniter\Session\Handlers\FileHandler' driver.
INFO - 2021-07-18 23:12:58 --> Controller "App\Controllers\bukutamu\Bukutamu" loaded.
INFO - 2021-07-18 23:12:59 --> Session: Class initialized using 'CodeIgniter\Session\Handlers\FileHandler' driver.
INFO - 2021-07-18 23:12:59 --> Controller "App\Controllers\bukutamu\Bukutamu" loaded.
INFO - 2021-07-18 23:17:42 --> Controller "App\Controllers\base\Beranda" loaded.
INFO - 2021-07-18 23:18:14 --> Session: Class initialized using 'CodeIgniter\Session\Handlers\FileHandler' driver.
INFO - 2021-07-18 23:18:14 --> Controller "App\Controllers\base\Order" loaded.
INFO - 2021-07-18 23:18:15 --> Controller "App\Controllers\base\Beranda" loaded.
INFO - 2021-07-18 23:18:23 --> Session: Class initialized using 'CodeIgniter\Session\Handlers\FileHandler' driver.
INFO - 2021-07-18 23:18:23 --> Controller "App\Controllers\base\Order" loaded.
INFO - 2021-07-18 23:18:47 --> Session: Class initialized using 'CodeIgniter\Session\Handlers\FileHandler' driver.
INFO - 2021-07-18 23:18:47 --> Controller "App\Controllers\undangan\Undangan" loaded.
INFO - 2021-07-18 23:22:09 --> Controller "App\Controllers\base\Beranda" loaded.
INFO - 2021-07-18 23:31:59 --> Controller "App\Controllers\base\Beranda" loaded.
INFO - 2021-07-18 23:32:09 --> Session: Class initialized using 'CodeIgniter\Session\Handlers\FileHandler' driver.
INFO - 2021-07-18 23:32:09 --> Controller "App\Controllers\base\Order" loaded.
INFO - 2021-07-18 23:32:09 --> Controller "App\Controllers\base\Beranda" loaded.
INFO - 2021-07-18 23:32:15 --> Session: Class initialized using 'CodeIgniter\Session\Handlers\FileHandler' driver.
INFO - 2021-07-18 23:32:15 --> Controller "App\Controllers\base\Order" loaded.
INFO - 2021-07-18 23:32:51 --> Session: Class initialized using 'CodeIgniter\Session\Handlers\FileHandler' driver.
INFO - 2021-07-18 23:32:51 --> Controller "App\Controllers\base\Order" loaded.
INFO - 2021-07-18 23:32:51 --> Controller "App\Controllers\base\Beranda" loaded.
INFO - 2021-07-18 23:32:59 --> Session: Class initialized using 'CodeIgniter\Session\Handlers\FileHandler' driver.
INFO - 2021-07-18 23:32:59 --> Controller "App\Controllers\undangan\Undangan" loaded.
INFO - 2021-07-18 23:33:15 --> Session: Class initialized using 'CodeIgniter\Session\Handlers\FileHandler' driver.
INFO - 2021-07-18 23:33:15 --> Controller "App\Controllers\base\Order" loaded.
INFO - 2021-07-18 23:33:35 --> Session: Class initialized using 'CodeIgniter\Session\Handlers\FileHandler' driver.
INFO - 2021-07-18 23:33:35 --> Controller "App\Controllers\base\Order" loaded.
INFO - 2021-07-18 23:33:46 --> Session: Class initialized using 'CodeIgniter\Session\Handlers\FileHandler' driver.
INFO - 2021-07-18 23:33:46 --> Controller "App\Controllers\base\Order" loaded.
INFO - 2021-07-18 23:33:46 --> Controller "App\Controllers\base\Beranda" loaded.
INFO - 2021-07-18 23:33:49 --> Session: Class initialized using 'CodeIgniter\Session\Handlers\FileHandler' driver.
INFO - 2021-07-18 23:33:49 --> Controller "App\Controllers\base\Order" loaded.
INFO - 2021-07-18 23:33:52 --> Session: Class initialized using 'CodeIgniter\Session\Handlers\FileHandler' driver.
INFO - 2021-07-18 23:33:52 --> Controller "App\Controllers\base\Order" loaded.
INFO - 2021-07-18 23:33:56 --> Session: Class initialized using 'CodeIgniter\Session\Handlers\FileHandler' driver.
INFO - 2021-07-18 23:33:56 --> Controller "App\Controllers\base\Order" loaded.
INFO - 2021-07-18 23:34:01 --> Session: Class initialized using 'CodeIgniter\Session\Handlers\FileHandler' driver.
INFO - 2021-07-18 23:34:01 --> Controller "App\Controllers\undangan\Undangan" loaded.
INFO - 2021-07-18 23:34:01 --> Session: Class initialized using 'CodeIgniter\Session\Handlers\FileHandler' driver.
INFO - 2021-07-18 23:34:01 --> Controller "App\Controllers\undangan\Undangan" loaded.
INFO - 2021-07-18 23:34:01 --> Session: Class initialized using 'CodeIgniter\Session\Handlers\FileHandler' driver.
INFO - 2021-07-18 23:34:01 --> Controller "App\Controllers\undangan\Undangan" loaded.
INFO - 2021-07-18 23:34:01 --> Session: Class initialized using 'CodeIgniter\Session\Handlers\FileHandler' driver.
INFO - 2021-07-18 23:34:01 --> Controller "App\Controllers\undangan\Undangan" loaded.
INFO - 2021-07-18 23:34:02 --> Session: Class initialized using 'CodeIgniter\Session\Handlers\FileHandler' driver.
INFO - 2021-07-18 23:34:02 --> Controller "App\Controllers\undangan\Undangan" loaded.
INFO - 2021-07-18 23:34:04 --> Session: Class initialized using 'CodeIgniter\Session\Handlers\FileHandler' driver.
INFO - 2021-07-18 23:34:04 --> Controller "App\Controllers\undangan\Undangan" loaded.
INFO - 2021-07-18 23:34:48 --> Session: Class initialized using 'CodeIgniter\Session\Handlers\FileHandler' driver.
INFO - 2021-07-18 23:34:48 --> Controller "App\Controllers\undangan\Undangan" loaded.
INFO - 2021-07-18 23:43:11 --> Session: Class initialized using 'CodeIgniter\Session\Handlers\FileHandler' driver.
INFO - 2021-07-18 23:43:11 --> Controller "App\Controllers\undangan\Undangan" loaded.
INFO - 2021-07-18 23:43:12 --> Session: Class initialized using 'CodeIgniter\Session\Handlers\FileHandler' driver.
INFO - 2021-07-18 23:43:12 --> Controller "App\Controllers\undangan\Undangan" loaded.
INFO - 2021-07-18 23:43:12 --> Controller "App\Controllers\base\Beranda" loaded.
INFO - 2021-07-18 23:43:13 --> Session: Class initialized using 'CodeIgniter\Session\Handlers\FileHandler' driver.
INFO - 2021-07-18 23:43:13 --> Controller "App\Controllers\undangan\Undangan" loaded.
INFO - 2021-07-18 23:43:13 --> Controller "App\Controllers\base\Beranda" loaded.
INFO - 2021-07-18 23:43:13 --> Session: Class initialized using 'CodeIgniter\Session\Handlers\FileHandler' driver.
INFO - 2021-07-18 23:43:13 --> Controller "App\Controllers\undangan\Undangan" loaded.
INFO - 2021-07-18 23:43:14 --> Session: Class initialized using 'CodeIgniter\Session\Handlers\FileHandler' driver.
INFO - 2021-07-18 23:43:14 --> Controller "App\Controllers\undangan\Undangan" loaded.
INFO - 2021-07-18 23:43:14 --> Controller "App\Controllers\base\Beranda" loaded.
INFO - 2021-07-18 23:43:15 --> Session: Class initialized using 'CodeIgniter\Session\Handlers\FileHandler' driver.
INFO - 2021-07-18 23:43:15 --> Controller "App\Controllers\undangan\Undangan" loaded.
INFO - 2021-07-18 23:43:15 --> Session: Class initialized using 'CodeIgniter\Session\Handlers\FileHandler' driver.
INFO - 2021-07-18 23:43:15 --> Controller "App\Controllers\undangan\Undangan" loaded.
INFO - 2021-07-18 23:43:16 --> Controller "App\Controllers\base\Beranda" loaded.
INFO - 2021-07-18 23:43:16 --> Session: Class initialized using 'CodeIgniter\Session\Handlers\FileHandler' driver.
INFO - 2021-07-18 23:43:16 --> Controller "App\Controllers\undangan\Undangan" loaded.
INFO - 2021-07-18 23:43:17 --> Session: Class initialized using 'CodeIgniter\Session\Handlers\FileHandler' driver.
INFO - 2021-07-18 23:43:17 --> Controller "App\Controllers\undangan\Undangan" loaded.
INFO - 2021-07-18 23:43:17 --> Controller "App\Controllers\base\Beranda" loaded.
INFO - 2021-07-18 23:43:17 --> Session: Class initialized using 'CodeIgniter\Session\Handlers\FileHandler' driver.
INFO - 2021-07-18 23:43:17 --> Controller "App\Controllers\undangan\Undangan" loaded.
INFO - 2021-07-18 23:43:18 --> Session: Class initialized using 'CodeIgniter\Session\Handlers\FileHandler' driver.
INFO - 2021-07-18 23:43:18 --> Controller "App\Controllers\undangan\Undangan" loaded.
INFO - 2021-07-18 23:43:18 --> Session: Class initialized using 'CodeIgniter\Session\Handlers\FileHandler' driver.
INFO - 2021-07-18 23:43:18 --> Controller "App\Controllers\undangan\Undangan" loaded.
INFO - 2021-07-18 23:43:19 --> Session: Class initialized using 'CodeIgniter\Session\Handlers\FileHandler' driver.
INFO - 2021-07-18 23:43:19 --> Controller "App\Controllers\undangan\Undangan" loaded.
INFO - 2021-07-18 23:43:19 --> Controller "App\Controllers\base\Beranda" loaded.
INFO - 2021-07-18 23:43:19 --> Session: Class initialized using 'CodeIgniter\Session\Handlers\FileHandler' driver.
INFO - 2021-07-18 23:43:19 --> Controller "App\Controllers\undangan\Undangan" loaded.
INFO - 2021-07-18 23:43:20 --> Session: Class initialized using 'CodeIgniter\Session\Handlers\FileHandler' driver.
INFO - 2021-07-18 23:43:20 --> Controller "App\Controllers\undangan\Undangan" loaded.
INFO - 2021-07-18 23:43:20 --> Controller "App\Controllers\base\Beranda" loaded.
INFO - 2021-07-18 23:43:20 --> Session: Class initialized using 'CodeIgniter\Session\Handlers\FileHandler' driver.
INFO - 2021-07-18 23:43:20 --> Controller "App\Controllers\undangan\Undangan" loaded.
INFO - 2021-07-18 23:43:20 --> Controller "App\Controllers\base\Beranda" loaded.
INFO - 2021-07-18 23:43:21 --> Controller "App\Controllers\base\Beranda" loaded.
INFO - 2021-07-18 23:43:22 --> Controller "App\Controllers\base\Beranda" loaded.
INFO - 2021-07-18 23:43:23 --> Controller "App\Controllers\base\Beranda" loaded.
INFO - 2021-07-18 23:43:24 --> Controller "App\Controllers\base\Beranda" loaded.
INFO - 2021-07-18 23:43:25 --> Controller "App\Controllers\base\Beranda" loaded.
INFO - 2021-07-18 23:43:26 --> Controller "App\Controllers\base\Beranda" loaded.
INFO - 2021-07-18 23:43:27 --> Controller "App\Controllers\base\Beranda" loaded.
INFO - 2021-07-18 23:43:28 --> Controller "App\Controllers\base\Beranda" loaded.
INFO - 2021-07-18 23:53:26 --> Controller "App\Controllers\base\Beranda" loaded.
INFO - 2021-07-18 23:59:26 --> Controller "App\Controllers\base\Beranda" loaded.
