INFO - 2021-10-29 00:38:55 --> Controller "App\Controllers\base\Beranda" loaded.
INFO - 2021-10-29 00:39:15 --> Controller "App\Controllers\base\Beranda" loaded.
INFO - 2021-10-29 00:40:21 --> Controller "App\Controllers\base\Beranda" loaded.
INFO - 2021-10-29 00:40:26 --> Controller "App\Controllers\base\Beranda" loaded.
INFO - 2021-10-29 00:40:52 --> Controller "App\Controllers\base\Beranda" loaded.
INFO - 2021-10-29 00:40:52 --> Controller "App\Controllers\base\Beranda" loaded.
INFO - 2021-10-29 00:40:52 --> Controller "App\Controllers\base\Beranda" loaded.
INFO - 2021-10-29 00:41:03 --> Controller "App\Controllers\base\Beranda" loaded.
INFO - 2021-10-29 00:41:58 --> Controller "App\Controllers\base\Beranda" loaded.
INFO - 2021-10-29 00:42:05 --> Controller "App\Controllers\base\Beranda" loaded.
INFO - 2021-10-29 00:42:18 --> Controller "App\Controllers\base\Beranda" loaded.
INFO - 2021-10-29 00:42:33 --> Session: Class initialized using 'CodeIgniter\Session\Handlers\FileHandler' driver.
INFO - 2021-10-29 00:42:33 --> Controller "App\Controllers\undangan\Undangan" loaded.
INFO - 2021-10-29 00:43:43 --> Session: Class initialized using 'CodeIgniter\Session\Handlers\FileHandler' driver.
INFO - 2021-10-29 00:43:43 --> Controller "App\Controllers\bukutamu\Bukutamu" loaded.
INFO - 2021-10-29 00:44:20 --> Session: Class initialized using 'CodeIgniter\Session\Handlers\FileHandler' driver.
INFO - 2021-10-29 00:44:20 --> Controller "App\Controllers\bukutamu\Bukutamu" loaded.
INFO - 2021-10-29 01:01:27 --> Session: Class initialized using 'CodeIgniter\Session\Handlers\FileHandler' driver.
INFO - 2021-10-29 01:01:27 --> Controller "App\Controllers\undangan\Undangan" loaded.
INFO - 2021-10-29 01:01:52 --> Session: Class initialized using 'CodeIgniter\Session\Handlers\FileHandler' driver.
INFO - 2021-10-29 01:01:52 --> Controller "App\Controllers\base\Dashboard" loaded.
INFO - 2021-10-29 01:30:36 --> Controller "App\Controllers\base\Beranda" loaded.
INFO - 2021-10-29 01:50:00 --> Controller "App\Controllers\base\Beranda" loaded.
INFO - 2021-10-29 01:59:08 --> Controller "App\Controllers\base\Beranda" loaded.
INFO - 2021-10-29 02:24:42 --> Controller "App\Controllers\base\Beranda" loaded.
INFO - 2021-10-29 02:24:58 --> Controller "App\Controllers\base\Beranda" loaded.
INFO - 2021-10-29 02:24:58 --> Controller "App\Controllers\base\Beranda" loaded.
INFO - 2021-10-29 02:38:37 --> Controller "App\Controllers\base\Beranda" loaded.
INFO - 2021-10-29 02:46:50 --> Controller "App\Controllers\base\Beranda" loaded.
INFO - 2021-10-29 02:53:53 --> Controller "App\Controllers\base\Beranda" loaded.
INFO - 2021-10-29 04:21:37 --> Session: Class initialized using 'CodeIgniter\Session\Handlers\FileHandler' driver.
INFO - 2021-10-29 04:21:37 --> Controller "App\Controllers\undangan\Undangan" loaded.
INFO - 2021-10-29 04:52:16 --> Session: Class initialized using 'CodeIgniter\Session\Handlers\FileHandler' driver.
INFO - 2021-10-29 04:52:16 --> Controller "App\Controllers\undangan\Undangan" loaded.
INFO - 2021-10-29 04:52:16 --> Session: Class initialized using 'CodeIgniter\Session\Handlers\FileHandler' driver.
INFO - 2021-10-29 04:52:16 --> Controller "App\Controllers\undangan\Undangan" loaded.
INFO - 2021-10-29 04:52:16 --> Session: Class initialized using 'CodeIgniter\Session\Handlers\FileHandler' driver.
INFO - 2021-10-29 04:52:16 --> Controller "App\Controllers\undangan\Undangan" loaded.
INFO - 2021-10-29 04:52:16 --> Session: Class initialized using 'CodeIgniter\Session\Handlers\FileHandler' driver.
INFO - 2021-10-29 04:52:16 --> Controller "App\Controllers\undangan\Undangan" loaded.
INFO - 2021-10-29 04:52:17 --> Session: Class initialized using 'CodeIgniter\Session\Handlers\FileHandler' driver.
INFO - 2021-10-29 04:52:17 --> Controller "App\Controllers\undangan\Undangan" loaded.
INFO - 2021-10-29 04:52:17 --> Session: Class initialized using 'CodeIgniter\Session\Handlers\FileHandler' driver.
INFO - 2021-10-29 04:52:17 --> Controller "App\Controllers\undangan\Undangan" loaded.
INFO - 2021-10-29 04:52:17 --> Session: Class initialized using 'CodeIgniter\Session\Handlers\FileHandler' driver.
INFO - 2021-10-29 04:52:17 --> Controller "App\Controllers\undangan\Undangan" loaded.
INFO - 2021-10-29 04:52:17 --> Session: Class initialized using 'CodeIgniter\Session\Handlers\FileHandler' driver.
INFO - 2021-10-29 04:52:17 --> Controller "App\Controllers\undangan\Undangan" loaded.
INFO - 2021-10-29 04:52:17 --> Session: Class initialized using 'CodeIgniter\Session\Handlers\FileHandler' driver.
INFO - 2021-10-29 04:52:17 --> Controller "App\Controllers\undangan\Undangan" loaded.
INFO - 2021-10-29 04:52:17 --> Session: Class initialized using 'CodeIgniter\Session\Handlers\FileHandler' driver.
INFO - 2021-10-29 04:52:17 --> Controller "App\Controllers\undangan\Undangan" loaded.
INFO - 2021-10-29 04:52:17 --> Session: Class initialized using 'CodeIgniter\Session\Handlers\FileHandler' driver.
INFO - 2021-10-29 04:52:17 --> Controller "App\Controllers\undangan\Undangan" loaded.
INFO - 2021-10-29 04:52:17 --> Session: Class initialized using 'CodeIgniter\Session\Handlers\FileHandler' driver.
INFO - 2021-10-29 04:52:17 --> Controller "App\Controllers\undangan\Undangan" loaded.
INFO - 2021-10-29 04:52:17 --> Session: Class initialized using 'CodeIgniter\Session\Handlers\FileHandler' driver.
INFO - 2021-10-29 04:52:17 --> Controller "App\Controllers\undangan\Undangan" loaded.
INFO - 2021-10-29 04:52:17 --> Session: Class initialized using 'CodeIgniter\Session\Handlers\FileHandler' driver.
INFO - 2021-10-29 04:52:17 --> Controller "App\Controllers\undangan\Undangan" loaded.
INFO - 2021-10-29 04:52:17 --> Session: Class initialized using 'CodeIgniter\Session\Handlers\FileHandler' driver.
INFO - 2021-10-29 04:52:17 --> Controller "App\Controllers\undangan\Undangan" loaded.
INFO - 2021-10-29 04:52:17 --> Session: Class initialized using 'CodeIgniter\Session\Handlers\FileHandler' driver.
INFO - 2021-10-29 04:52:17 --> Controller "App\Controllers\undangan\Undangan" loaded.
INFO - 2021-10-29 04:52:17 --> Session: Class initialized using 'CodeIgniter\Session\Handlers\FileHandler' driver.
INFO - 2021-10-29 04:52:17 --> Controller "App\Controllers\undangan\Undangan" loaded.
INFO - 2021-10-29 04:52:17 --> Session: Class initialized using 'CodeIgniter\Session\Handlers\FileHandler' driver.
INFO - 2021-10-29 04:52:17 --> Controller "App\Controllers\undangan\Undangan" loaded.
INFO - 2021-10-29 04:52:17 --> Session: Class initialized using 'CodeIgniter\Session\Handlers\FileHandler' driver.
INFO - 2021-10-29 04:52:17 --> Controller "App\Controllers\undangan\Undangan" loaded.
INFO - 2021-10-29 05:05:48 --> Session: Class initialized using 'CodeIgniter\Session\Handlers\FileHandler' driver.
INFO - 2021-10-29 05:05:48 --> Controller "App\Controllers\admin\Admin" loaded.
INFO - 2021-10-29 05:06:44 --> Session: Class initialized using 'CodeIgniter\Session\Handlers\FileHandler' driver.
INFO - 2021-10-29 05:06:44 --> Controller "App\Controllers\admin\Admin" loaded.
INFO - 2021-10-29 05:15:45 --> Session: Class initialized using 'CodeIgniter\Session\Handlers\FileHandler' driver.
INFO - 2021-10-29 05:15:45 --> Session: Class initialized using 'CodeIgniter\Session\Handlers\FileHandler' driver.
INFO - 2021-10-29 05:15:45 --> Controller "App\Controllers\base\Dashboard" loaded.
INFO - 2021-10-29 05:24:50 --> Controller "App\Controllers\base\Beranda" loaded.
INFO - 2021-10-29 05:53:37 --> Session: Class initialized using 'CodeIgniter\Session\Handlers\FileHandler' driver.
INFO - 2021-10-29 05:53:37 --> Controller "App\Controllers\base\Order" loaded.
INFO - 2021-10-29 06:18:04 --> Controller "App\Controllers\base\Beranda" loaded.
INFO - 2021-10-29 06:29:33 --> Controller "App\Controllers\base\Beranda" loaded.
INFO - 2021-10-29 06:51:15 --> Controller "App\Controllers\base\Beranda" loaded.
INFO - 2021-10-29 06:56:40 --> Controller "App\Controllers\base\Beranda" loaded.
INFO - 2021-10-29 06:56:40 --> Controller "App\Controllers\base\Beranda" loaded.
INFO - 2021-10-29 06:56:40 --> Controller "App\Controllers\base\Beranda" loaded.
INFO - 2021-10-29 06:56:40 --> Controller "App\Controllers\base\Beranda" loaded.
INFO - 2021-10-29 06:56:40 --> Controller "App\Controllers\base\Beranda" loaded.
INFO - 2021-10-29 06:56:40 --> Controller "App\Controllers\base\Beranda" loaded.
INFO - 2021-10-29 06:56:40 --> Controller "App\Controllers\base\Beranda" loaded.
INFO - 2021-10-29 06:56:40 --> Controller "App\Controllers\base\Beranda" loaded.
INFO - 2021-10-29 06:56:40 --> Controller "App\Controllers\base\Beranda" loaded.
INFO - 2021-10-29 06:56:40 --> Controller "App\Controllers\base\Beranda" loaded.
INFO - 2021-10-29 06:56:40 --> Controller "App\Controllers\base\Beranda" loaded.
INFO - 2021-10-29 06:56:41 --> Controller "App\Controllers\base\Beranda" loaded.
INFO - 2021-10-29 06:56:41 --> Controller "App\Controllers\base\Beranda" loaded.
INFO - 2021-10-29 06:56:41 --> Controller "App\Controllers\base\Beranda" loaded.
INFO - 2021-10-29 06:56:41 --> Controller "App\Controllers\base\Beranda" loaded.
INFO - 2021-10-29 06:56:41 --> Controller "App\Controllers\base\Beranda" loaded.
INFO - 2021-10-29 06:56:41 --> Controller "App\Controllers\base\Beranda" loaded.
INFO - 2021-10-29 06:56:41 --> Controller "App\Controllers\base\Beranda" loaded.
INFO - 2021-10-29 06:56:41 --> Controller "App\Controllers\base\Beranda" loaded.
INFO - 2021-10-29 07:00:02 --> Controller "App\Controllers\base\Beranda" loaded.
INFO - 2021-10-29 07:06:52 --> Controller "App\Controllers\base\Beranda" loaded.
INFO - 2021-10-29 07:10:03 --> Controller "App\Controllers\base\Beranda" loaded.
INFO - 2021-10-29 07:20:02 --> Controller "App\Controllers\base\Beranda" loaded.
INFO - 2021-10-29 07:21:57 --> Session: Class initialized using 'CodeIgniter\Session\Handlers\FileHandler' driver.
INFO - 2021-10-29 07:21:57 --> Controller "App\Controllers\undangan\Undangan" loaded.
INFO - 2021-10-29 07:26:32 --> Controller "App\Controllers\base\Beranda" loaded.
INFO - 2021-10-29 07:30:03 --> Controller "App\Controllers\base\Beranda" loaded.
INFO - 2021-10-29 07:40:02 --> Controller "App\Controllers\base\Beranda" loaded.
INFO - 2021-10-29 07:41:15 --> Controller "App\Controllers\base\Beranda" loaded.
INFO - 2021-10-29 07:41:16 --> Controller "App\Controllers\base\Beranda" loaded.
INFO - 2021-10-29 07:50:03 --> Controller "App\Controllers\base\Beranda" loaded.
INFO - 2021-10-29 08:00:02 --> Controller "App\Controllers\base\Beranda" loaded.
INFO - 2021-10-29 08:01:13 --> Session: Class initialized using 'CodeIgniter\Session\Handlers\FileHandler' driver.
INFO - 2021-10-29 08:01:13 --> Controller "App\Controllers\undangan\Undangan" loaded.
INFO - 2021-10-29 08:10:03 --> Controller "App\Controllers\base\Beranda" loaded.
INFO - 2021-10-29 08:11:00 --> Controller "App\Controllers\base\Beranda" loaded.
INFO - 2021-10-29 08:14:18 --> Session: Class initialized using 'CodeIgniter\Session\Handlers\FileHandler' driver.
INFO - 2021-10-29 08:14:18 --> Controller "App\Controllers\base\Order" loaded.
INFO - 2021-10-29 08:20:02 --> Controller "App\Controllers\base\Beranda" loaded.
INFO - 2021-10-29 08:22:39 --> Controller "App\Controllers\base\Beranda" loaded.
INFO - 2021-10-29 08:26:48 --> Controller "App\Controllers\base\Beranda" loaded.
INFO - 2021-10-29 08:27:09 --> Controller "App\Controllers\base\Beranda" loaded.
INFO - 2021-10-29 08:30:02 --> Controller "App\Controllers\base\Beranda" loaded.
INFO - 2021-10-29 08:40:02 --> Controller "App\Controllers\base\Beranda" loaded.
INFO - 2021-10-29 08:50:02 --> Controller "App\Controllers\base\Beranda" loaded.
INFO - 2021-10-29 09:00:03 --> Controller "App\Controllers\base\Beranda" loaded.
INFO - 2021-10-29 09:03:46 --> Controller "App\Controllers\base\Beranda" loaded.
INFO - 2021-10-29 09:04:21 --> Session: Class initialized using 'CodeIgniter\Session\Handlers\FileHandler' driver.
INFO - 2021-10-29 09:04:21 --> Controller "App\Controllers\base\Dashboard" loaded.
INFO - 2021-10-29 09:10:02 --> Controller "App\Controllers\base\Beranda" loaded.
INFO - 2021-10-29 09:20:03 --> Controller "App\Controllers\base\Beranda" loaded.
INFO - 2021-10-29 09:30:03 --> Controller "App\Controllers\base\Beranda" loaded.
INFO - 2021-10-29 09:40:03 --> Controller "App\Controllers\base\Beranda" loaded.
INFO - 2021-10-29 09:45:02 --> Controller "App\Controllers\base\Beranda" loaded.
INFO - 2021-10-29 09:45:19 --> Session: Class initialized using 'CodeIgniter\Session\Handlers\FileHandler' driver.
INFO - 2021-10-29 09:45:19 --> Controller "App\Controllers\base\Order" loaded.
INFO - 2021-10-29 09:45:19 --> Controller "App\Controllers\base\Beranda" loaded.
INFO - 2021-10-29 09:45:28 --> Controller "App\Controllers\base\Beranda" loaded.
INFO - 2021-10-29 09:45:40 --> Controller "App\Controllers\base\Beranda" loaded.
INFO - 2021-10-29 09:47:39 --> Controller "App\Controllers\base\Beranda" loaded.
INFO - 2021-10-29 09:47:39 --> Controller "App\Controllers\base\Beranda" loaded.
INFO - 2021-10-29 09:47:47 --> Controller "App\Controllers\base\Beranda" loaded.
INFO - 2021-10-29 09:47:50 --> Controller "App\Controllers\base\Beranda" loaded.
INFO - 2021-10-29 09:47:51 --> Controller "App\Controllers\base\Beranda" loaded.
INFO - 2021-10-29 09:48:15 --> Controller "App\Controllers\base\Beranda" loaded.
INFO - 2021-10-29 09:48:59 --> Controller "App\Controllers\base\Beranda" loaded.
INFO - 2021-10-29 09:49:08 --> Controller "App\Controllers\base\Beranda" loaded.
INFO - 2021-10-29 09:49:09 --> Controller "App\Controllers\base\Beranda" loaded.
INFO - 2021-10-29 09:49:20 --> Controller "App\Controllers\base\Beranda" loaded.
INFO - 2021-10-29 09:50:02 --> Controller "App\Controllers\base\Beranda" loaded.
INFO - 2021-10-29 09:50:32 --> Session: Class initialized using 'CodeIgniter\Session\Handlers\FileHandler' driver.
INFO - 2021-10-29 09:50:32 --> Controller "App\Controllers\base\Order" loaded.
INFO - 2021-10-29 09:53:16 --> Controller "App\Controllers\base\Beranda" loaded.
INFO - 2021-10-29 09:53:19 --> Controller "App\Controllers\base\Beranda" loaded.
INFO - 2021-10-29 09:58:10 --> Session: Class initialized using 'CodeIgniter\Session\Handlers\FileHandler' driver.
INFO - 2021-10-29 09:58:10 --> Controller "App\Controllers\undangan\Undangan" loaded.
INFO - 2021-10-29 10:00:03 --> Controller "App\Controllers\base\Beranda" loaded.
INFO - 2021-10-29 10:10:03 --> Controller "App\Controllers\base\Beranda" loaded.
INFO - 2021-10-29 10:20:02 --> Controller "App\Controllers\base\Beranda" loaded.
INFO - 2021-10-29 10:22:54 --> Controller "App\Controllers\base\Beranda" loaded.
INFO - 2021-10-29 10:30:02 --> Controller "App\Controllers\base\Beranda" loaded.
INFO - 2021-10-29 10:38:31 --> Controller "App\Controllers\base\Beranda" loaded.
INFO - 2021-10-29 10:40:02 --> Controller "App\Controllers\base\Beranda" loaded.
INFO - 2021-10-29 10:45:46 --> Session: Class initialized using 'CodeIgniter\Session\Handlers\FileHandler' driver.
INFO - 2021-10-29 10:45:46 --> Controller "App\Controllers\base\Dashboard" loaded.
INFO - 2021-10-29 10:48:37 --> Controller "App\Controllers\base\Beranda" loaded.
INFO - 2021-10-29 10:50:03 --> Controller "App\Controllers\base\Beranda" loaded.
INFO - 2021-10-29 10:55:02 --> Controller "App\Controllers\base\Beranda" loaded.
INFO - 2021-10-29 11:00:02 --> Controller "App\Controllers\base\Beranda" loaded.
INFO - 2021-10-29 11:02:21 --> Controller "App\Controllers\base\Beranda" loaded.
INFO - 2021-10-29 11:06:48 --> Controller "App\Controllers\base\Beranda" loaded.
INFO - 2021-10-29 11:07:46 --> Controller "App\Controllers\base\Beranda" loaded.
INFO - 2021-10-29 11:08:45 --> Controller "App\Controllers\base\Beranda" loaded.
INFO - 2021-10-29 11:10:02 --> Controller "App\Controllers\base\Beranda" loaded.
INFO - 2021-10-29 11:15:47 --> Controller "App\Controllers\base\Beranda" loaded.
INFO - 2021-10-29 11:20:03 --> Controller "App\Controllers\base\Beranda" loaded.
INFO - 2021-10-29 11:30:02 --> Controller "App\Controllers\base\Beranda" loaded.
INFO - 2021-10-29 11:33:48 --> Controller "App\Controllers\base\Beranda" loaded.
INFO - 2021-10-29 11:40:02 --> Controller "App\Controllers\base\Beranda" loaded.
INFO - 2021-10-29 11:46:00 --> Controller "App\Controllers\base\Beranda" loaded.
INFO - 2021-10-29 11:50:02 --> Controller "App\Controllers\base\Beranda" loaded.
INFO - 2021-10-29 12:00:03 --> Controller "App\Controllers\base\Beranda" loaded.
INFO - 2021-10-29 12:10:03 --> Controller "App\Controllers\base\Beranda" loaded.
INFO - 2021-10-29 12:19:09 --> Controller "App\Controllers\base\Beranda" loaded.
INFO - 2021-10-29 12:20:03 --> Controller "App\Controllers\base\Beranda" loaded.
INFO - 2021-10-29 12:30:03 --> Controller "App\Controllers\base\Beranda" loaded.
INFO - 2021-10-29 12:37:32 --> Controller "App\Controllers\base\Beranda" loaded.
INFO - 2021-10-29 12:40:03 --> Controller "App\Controllers\base\Beranda" loaded.
INFO - 2021-10-29 12:50:03 --> Controller "App\Controllers\base\Beranda" loaded.
INFO - 2021-10-29 12:56:44 --> Controller "App\Controllers\base\Beranda" loaded.
INFO - 2021-10-29 12:56:46 --> Session: Class initialized using 'CodeIgniter\Session\Handlers\FileHandler' driver.
INFO - 2021-10-29 12:56:46 --> Controller "App\Controllers\base\Dashboard" loaded.
INFO - 2021-10-29 12:57:03 --> Controller "App\Controllers\base\Beranda" loaded.
INFO - 2021-10-29 12:57:07 --> Session: Class initialized using 'CodeIgniter\Session\Handlers\FileHandler' driver.
INFO - 2021-10-29 12:57:07 --> Controller "App\Controllers\base\Order" loaded.
INFO - 2021-10-29 12:57:07 --> Controller "App\Controllers\base\Beranda" loaded.
INFO - 2021-10-29 12:57:15 --> Controller "App\Controllers\base\Beranda" loaded.
INFO - 2021-10-29 12:57:30 --> Session: Class initialized using 'CodeIgniter\Session\Handlers\FileHandler' driver.
INFO - 2021-10-29 12:57:30 --> Controller "App\Controllers\base\Dashboard" loaded.
INFO - 2021-10-29 12:58:11 --> Controller "App\Controllers\base\Beranda" loaded.
INFO - 2021-10-29 13:00:02 --> Controller "App\Controllers\base\Beranda" loaded.
INFO - 2021-10-29 13:10:02 --> Controller "App\Controllers\base\Beranda" loaded.
INFO - 2021-10-29 13:20:03 --> Controller "App\Controllers\base\Beranda" loaded.
INFO - 2021-10-29 13:30:02 --> Controller "App\Controllers\base\Beranda" loaded.
INFO - 2021-10-29 13:39:20 --> Controller "App\Controllers\base\Beranda" loaded.
INFO - 2021-10-29 13:39:41 --> Session: Class initialized using 'CodeIgniter\Session\Handlers\FileHandler' driver.
INFO - 2021-10-29 13:39:41 --> Controller "App\Controllers\base\Order" loaded.
INFO - 2021-10-29 13:39:44 --> Controller "App\Controllers\base\Beranda" loaded.
INFO - 2021-10-29 13:39:46 --> Controller "App\Controllers\base\Beranda" loaded.
INFO - 2021-10-29 13:40:02 --> Controller "App\Controllers\base\Beranda" loaded.
INFO - 2021-10-29 13:40:56 --> Controller "App\Controllers\base\Beranda" loaded.
INFO - 2021-10-29 13:50:03 --> Controller "App\Controllers\base\Beranda" loaded.
INFO - 2021-10-29 14:00:03 --> Controller "App\Controllers\base\Beranda" loaded.
INFO - 2021-10-29 14:03:38 --> Controller "App\Controllers\base\Beranda" loaded.
INFO - 2021-10-29 14:10:03 --> Controller "App\Controllers\base\Beranda" loaded.
INFO - 2021-10-29 14:20:03 --> Controller "App\Controllers\base\Beranda" loaded.
INFO - 2021-10-29 14:24:50 --> Controller "App\Controllers\base\Beranda" loaded.
INFO - 2021-10-29 14:30:02 --> Controller "App\Controllers\base\Beranda" loaded.
INFO - 2021-10-29 14:40:02 --> Controller "App\Controllers\base\Beranda" loaded.
INFO - 2021-10-29 14:41:03 --> Controller "App\Controllers\base\Beranda" loaded.
INFO - 2021-10-29 14:41:13 --> Controller "App\Controllers\base\Beranda" loaded.
INFO - 2021-10-29 14:42:58 --> Controller "App\Controllers\base\Beranda" loaded.
INFO - 2021-10-29 14:50:03 --> Controller "App\Controllers\base\Beranda" loaded.
INFO - 2021-10-29 15:00:02 --> Controller "App\Controllers\base\Beranda" loaded.
INFO - 2021-10-29 15:10:03 --> Controller "App\Controllers\base\Beranda" loaded.
INFO - 2021-10-29 15:20:03 --> Controller "App\Controllers\base\Beranda" loaded.
INFO - 2021-10-29 15:25:19 --> Controller "App\Controllers\base\Beranda" loaded.
INFO - 2021-10-29 15:30:03 --> Controller "App\Controllers\base\Beranda" loaded.
INFO - 2021-10-29 15:30:32 --> Controller "App\Controllers\base\Beranda" loaded.
INFO - 2021-10-29 15:40:03 --> Controller "App\Controllers\base\Beranda" loaded.
INFO - 2021-10-29 15:50:03 --> Controller "App\Controllers\base\Beranda" loaded.
INFO - 2021-10-29 15:52:37 --> Controller "App\Controllers\base\Beranda" loaded.
INFO - 2021-10-29 15:52:40 --> Controller "App\Controllers\base\Beranda" loaded.
INFO - 2021-10-29 15:52:41 --> Controller "App\Controllers\base\Beranda" loaded.
INFO - 2021-10-29 15:52:43 --> Controller "App\Controllers\base\Beranda" loaded.
INFO - 2021-10-29 15:52:44 --> Controller "App\Controllers\base\Beranda" loaded.
INFO - 2021-10-29 15:52:46 --> Controller "App\Controllers\base\Beranda" loaded.
INFO - 2021-10-29 15:52:48 --> Controller "App\Controllers\base\Beranda" loaded.
INFO - 2021-10-29 15:52:49 --> Controller "App\Controllers\base\Beranda" loaded.
INFO - 2021-10-29 15:52:51 --> Controller "App\Controllers\base\Beranda" loaded.
INFO - 2021-10-29 15:52:52 --> Controller "App\Controllers\base\Beranda" loaded.
INFO - 2021-10-29 15:52:54 --> Controller "App\Controllers\base\Beranda" loaded.
INFO - 2021-10-29 15:52:56 --> Controller "App\Controllers\base\Beranda" loaded.
INFO - 2021-10-29 16:00:03 --> Controller "App\Controllers\base\Beranda" loaded.
INFO - 2021-10-29 16:10:03 --> Controller "App\Controllers\base\Beranda" loaded.
INFO - 2021-10-29 16:17:54 --> Controller "App\Controllers\base\Beranda" loaded.
INFO - 2021-10-29 16:18:53 --> Session: Class initialized using 'CodeIgniter\Session\Handlers\FileHandler' driver.
INFO - 2021-10-29 16:18:53 --> Controller "App\Controllers\base\Order" loaded.
INFO - 2021-10-29 16:18:53 --> Controller "App\Controllers\base\Beranda" loaded.
INFO - 2021-10-29 16:19:04 --> Controller "App\Controllers\base\Beranda" loaded.
INFO - 2021-10-29 16:19:12 --> Controller "App\Controllers\base\Beranda" loaded.
INFO - 2021-10-29 16:19:28 --> Session: Class initialized using 'CodeIgniter\Session\Handlers\FileHandler' driver.
INFO - 2021-10-29 16:19:28 --> Controller "App\Controllers\base\Order" loaded.
INFO - 2021-10-29 16:19:28 --> Controller "App\Controllers\base\Beranda" loaded.
INFO - 2021-10-29 16:19:36 --> Session: Class initialized using 'CodeIgniter\Session\Handlers\FileHandler' driver.
INFO - 2021-10-29 16:19:36 --> Controller "App\Controllers\base\Order" loaded.
INFO - 2021-10-29 16:19:36 --> Controller "App\Controllers\base\Beranda" loaded.
INFO - 2021-10-29 16:19:50 --> Controller "App\Controllers\base\Beranda" loaded.
INFO - 2021-10-29 16:20:02 --> Controller "App\Controllers\base\Beranda" loaded.
INFO - 2021-10-29 16:30:03 --> Controller "App\Controllers\base\Beranda" loaded.
INFO - 2021-10-29 16:40:03 --> Controller "App\Controllers\base\Beranda" loaded.
INFO - 2021-10-29 16:47:48 --> Controller "App\Controllers\base\Beranda" loaded.
INFO - 2021-10-29 16:50:02 --> Controller "App\Controllers\base\Beranda" loaded.
INFO - 2021-10-29 17:00:03 --> Controller "App\Controllers\base\Beranda" loaded.
INFO - 2021-10-29 17:10:02 --> Controller "App\Controllers\base\Beranda" loaded.
INFO - 2021-10-29 17:10:03 --> Controller "App\Controllers\base\Beranda" loaded.
INFO - 2021-10-29 17:11:28 --> Session: Class initialized using 'CodeIgniter\Session\Handlers\FileHandler' driver.
INFO - 2021-10-29 17:11:28 --> Controller "App\Controllers\base\Dashboard" loaded.
INFO - 2021-10-29 17:20:02 --> Controller "App\Controllers\base\Beranda" loaded.
INFO - 2021-10-29 17:30:02 --> Controller "App\Controllers\base\Beranda" loaded.
INFO - 2021-10-29 17:40:02 --> Controller "App\Controllers\base\Beranda" loaded.
INFO - 2021-10-29 17:50:02 --> Controller "App\Controllers\base\Beranda" loaded.
INFO - 2021-10-29 18:00:02 --> Controller "App\Controllers\base\Beranda" loaded.
INFO - 2021-10-29 18:10:03 --> Controller "App\Controllers\base\Beranda" loaded.
INFO - 2021-10-29 18:20:03 --> Controller "App\Controllers\base\Beranda" loaded.
INFO - 2021-10-29 18:21:30 --> Controller "App\Controllers\base\Beranda" loaded.
INFO - 2021-10-29 18:30:03 --> Controller "App\Controllers\base\Beranda" loaded.
INFO - 2021-10-29 18:40:02 --> Controller "App\Controllers\base\Beranda" loaded.
INFO - 2021-10-29 18:50:02 --> Controller "App\Controllers\base\Beranda" loaded.
INFO - 2021-10-29 18:56:06 --> Controller "App\Controllers\base\Beranda" loaded.
INFO - 2021-10-29 18:56:06 --> Controller "App\Controllers\base\Beranda" loaded.
INFO - 2021-10-29 18:56:10 --> Controller "App\Controllers\base\Beranda" loaded.
INFO - 2021-10-29 19:00:03 --> Controller "App\Controllers\base\Beranda" loaded.
INFO - 2021-10-29 19:02:40 --> Controller "App\Controllers\base\Beranda" loaded.
INFO - 2021-10-29 19:02:41 --> Session: Class initialized using 'CodeIgniter\Session\Handlers\FileHandler' driver.
INFO - 2021-10-29 19:02:41 --> Controller "App\Controllers\undangan\Undangan" loaded.
INFO - 2021-10-29 19:07:12 --> Controller "App\Controllers\base\Beranda" loaded.
INFO - 2021-10-29 19:10:03 --> Controller "App\Controllers\base\Beranda" loaded.
INFO - 2021-10-29 19:10:59 --> Session: Class initialized using 'CodeIgniter\Session\Handlers\FileHandler' driver.
INFO - 2021-10-29 19:10:59 --> Controller "App\Controllers\base\Dashboard" loaded.
INFO - 2021-10-29 19:11:09 --> Session: Class initialized using 'CodeIgniter\Session\Handlers\FileHandler' driver.
INFO - 2021-10-29 19:11:09 --> Controller "App\Controllers\base\Dashboard" loaded.
INFO - 2021-10-29 19:11:10 --> Session: Class initialized using 'CodeIgniter\Session\Handlers\FileHandler' driver.
INFO - 2021-10-29 19:11:10 --> Controller "App\Controllers\base\Dashboard" loaded.
INFO - 2021-10-29 19:11:16 --> Session: Class initialized using 'CodeIgniter\Session\Handlers\FileHandler' driver.
INFO - 2021-10-29 19:11:16 --> Controller "App\Controllers\base\Dashboard" loaded.
INFO - 2021-10-29 19:11:24 --> Session: Class initialized using 'CodeIgniter\Session\Handlers\FileHandler' driver.
INFO - 2021-10-29 19:11:24 --> Controller "App\Controllers\base\Dashboard" loaded.
INFO - 2021-10-29 19:13:55 --> Session: Class initialized using 'CodeIgniter\Session\Handlers\FileHandler' driver.
INFO - 2021-10-29 19:13:55 --> Controller "App\Controllers\base\Dashboard" loaded.
INFO - 2021-10-29 19:14:12 --> Session: Class initialized using 'CodeIgniter\Session\Handlers\FileHandler' driver.
INFO - 2021-10-29 19:14:12 --> Controller "App\Controllers\base\Dashboard" loaded.
INFO - 2021-10-29 19:14:16 --> Session: Class initialized using 'CodeIgniter\Session\Handlers\FileHandler' driver.
INFO - 2021-10-29 19:14:16 --> Controller "App\Controllers\base\Dashboard" loaded.
INFO - 2021-10-29 19:14:29 --> Controller "App\Controllers\base\Beranda" loaded.
INFO - 2021-10-29 19:14:31 --> Session: Class initialized using 'CodeIgniter\Session\Handlers\FileHandler' driver.
INFO - 2021-10-29 19:14:31 --> Controller "App\Controllers\base\Dashboard" loaded.
INFO - 2021-10-29 19:14:31 --> Session: Class initialized using 'CodeIgniter\Session\Handlers\FileHandler' driver.
INFO - 2021-10-29 19:14:31 --> Controller "App\Controllers\base\Dashboard" loaded.
INFO - 2021-10-29 19:20:03 --> Controller "App\Controllers\base\Beranda" loaded.
INFO - 2021-10-29 19:23:37 --> Controller "App\Controllers\base\Beranda" loaded.
INFO - 2021-10-29 19:23:41 --> Session: Class initialized using 'CodeIgniter\Session\Handlers\FileHandler' driver.
INFO - 2021-10-29 19:23:41 --> Controller "App\Controllers\base\Dashboard" loaded.
INFO - 2021-10-29 19:24:57 --> Session: Class initialized using 'CodeIgniter\Session\Handlers\FileHandler' driver.
INFO - 2021-10-29 19:24:57 --> Controller "App\Controllers\base\Dashboard" loaded.
INFO - 2021-10-29 19:25:00 --> Session: Class initialized using 'CodeIgniter\Session\Handlers\FileHandler' driver.
INFO - 2021-10-29 19:25:00 --> Controller "App\Controllers\base\Dashboard" loaded.
CRITICAL - 2021-10-29 19:25:00 --> 22 : The requested URL returned error: 400
#0 /home/nguh5634/public_html/system/HTTP/CURLRequest.php(823): CodeIgniter\HTTP\Exceptions\HTTPException::forCurlError('22', 'The requested U...')
#1 /home/nguh5634/public_html/system/HTTP/CURLRequest.php(449): CodeIgniter\HTTP\CURLRequest->sendRequest(Array)
#2 /home/nguh5634/public_html/system/HTTP/CURLRequest.php(158): CodeIgniter\HTTP\CURLRequest->send('POST', 'https://app.san...')
#3 /home/nguh5634/public_html/app/ThirdParty/Codenom/Midtrans/src/HTTP/APIMidtrans.php(37): CodeIgniter\HTTP\CURLRequest->request('POST', 'https://app.san...', Array)
#4 /home/nguh5634/public_html/app/ThirdParty/Codenom/Midtrans/src/Midtrans.php(58): Codenom\Midtrans\HTTP\APIMidtrans::call('POST', 'https://app.san...', 'SB-Mid-server-5...', Array)
#5 /home/nguh5634/public_html/app/Controllers/base/Dashboard.php(1194): Codenom\Midtrans\Midtrans->getSnapToken(Array)
#6 /home/nguh5634/public_html/system/CodeIgniter.php(910): App\Controllers\base\Dashboard->token()
#7 /home/nguh5634/public_html/system/CodeIgniter.php(398): CodeIgniter\CodeIgniter->runController(Object(App\Controllers\base\Dashboard))
#8 /home/nguh5634/public_html/system/CodeIgniter.php(306): CodeIgniter\CodeIgniter->handleRequest(NULL, Object(Config\Cache), false)
#9 /home/nguh5634/public_html/index.php(45): CodeIgniter\CodeIgniter->run()
#10 {main}
INFO - 2021-10-29 19:25:03 --> Session: Class initialized using 'CodeIgniter\Session\Handlers\FileHandler' driver.
INFO - 2021-10-29 19:25:03 --> Controller "App\Controllers\base\Dashboard" loaded.
INFO - 2021-10-29 19:25:04 --> Session: Class initialized using 'CodeIgniter\Session\Handlers\FileHandler' driver.
INFO - 2021-10-29 19:25:04 --> Controller "App\Controllers\base\Dashboard" loaded.
INFO - 2021-10-29 19:25:07 --> Session: Class initialized using 'CodeIgniter\Session\Handlers\FileHandler' driver.
INFO - 2021-10-29 19:25:07 --> Controller "App\Controllers\base\Dashboard" loaded.
INFO - 2021-10-29 19:25:23 --> Controller "App\Controllers\base\Beranda" loaded.
INFO - 2021-10-29 19:25:27 --> Controller "App\Controllers\base\Beranda" loaded.
INFO - 2021-10-29 19:25:28 --> Session: Class initialized using 'CodeIgniter\Session\Handlers\FileHandler' driver.
INFO - 2021-10-29 19:25:28 --> Controller "App\Controllers\base\Dashboard" loaded.
INFO - 2021-10-29 19:25:29 --> Session: Class initialized using 'CodeIgniter\Session\Handlers\FileHandler' driver.
INFO - 2021-10-29 19:25:29 --> Controller "App\Controllers\base\Dashboard" loaded.
INFO - 2021-10-29 19:25:45 --> Controller "App\Controllers\base\Beranda" loaded.
INFO - 2021-10-29 19:25:48 --> Session: Class initialized using 'CodeIgniter\Session\Handlers\FileHandler' driver.
INFO - 2021-10-29 19:25:48 --> Controller "App\Controllers\base\Dashboard" loaded.
INFO - 2021-10-29 19:27:57 --> Controller "App\Controllers\base\Beranda" loaded.
INFO - 2021-10-29 19:29:48 --> Session: Class initialized using 'CodeIgniter\Session\Handlers\FileHandler' driver.
INFO - 2021-10-29 19:29:48 --> Controller "App\Controllers\base\Dashboard" loaded.
INFO - 2021-10-29 19:30:00 --> Session: Class initialized using 'CodeIgniter\Session\Handlers\FileHandler' driver.
INFO - 2021-10-29 19:30:00 --> Controller "App\Controllers\base\Dashboard" loaded.
INFO - 2021-10-29 19:30:02 --> Controller "App\Controllers\base\Beranda" loaded.
INFO - 2021-10-29 19:30:03 --> Session: Class initialized using 'CodeIgniter\Session\Handlers\FileHandler' driver.
INFO - 2021-10-29 19:30:03 --> Controller "App\Controllers\base\Dashboard" loaded.
CRITICAL - 2021-10-29 19:30:03 --> 22 : The requested URL returned error: 400
#0 /home/nguh5634/public_html/system/HTTP/CURLRequest.php(823): CodeIgniter\HTTP\Exceptions\HTTPException::forCurlError('22', 'The requested U...')
#1 /home/nguh5634/public_html/system/HTTP/CURLRequest.php(449): CodeIgniter\HTTP\CURLRequest->sendRequest(Array)
#2 /home/nguh5634/public_html/system/HTTP/CURLRequest.php(158): CodeIgniter\HTTP\CURLRequest->send('POST', 'https://app.san...')
#3 /home/nguh5634/public_html/app/ThirdParty/Codenom/Midtrans/src/HTTP/APIMidtrans.php(37): CodeIgniter\HTTP\CURLRequest->request('POST', 'https://app.san...', Array)
#4 /home/nguh5634/public_html/app/ThirdParty/Codenom/Midtrans/src/Midtrans.php(58): Codenom\Midtrans\HTTP\APIMidtrans::call('POST', 'https://app.san...', 'SB-Mid-server-5...', Array)
#5 /home/nguh5634/public_html/app/Controllers/base/Dashboard.php(1194): Codenom\Midtrans\Midtrans->getSnapToken(Array)
#6 /home/nguh5634/public_html/system/CodeIgniter.php(910): App\Controllers\base\Dashboard->token()
#7 /home/nguh5634/public_html/system/CodeIgniter.php(398): CodeIgniter\CodeIgniter->runController(Object(App\Controllers\base\Dashboard))
#8 /home/nguh5634/public_html/system/CodeIgniter.php(306): CodeIgniter\CodeIgniter->handleRequest(NULL, Object(Config\Cache), false)
#9 /home/nguh5634/public_html/index.php(45): CodeIgniter\CodeIgniter->run()
#10 {main}
INFO - 2021-10-29 19:30:05 --> Session: Class initialized using 'CodeIgniter\Session\Handlers\FileHandler' driver.
INFO - 2021-10-29 19:30:05 --> Controller "App\Controllers\base\Dashboard" loaded.
INFO - 2021-10-29 19:30:05 --> Session: Class initialized using 'CodeIgniter\Session\Handlers\FileHandler' driver.
INFO - 2021-10-29 19:30:05 --> Controller "App\Controllers\base\Dashboard" loaded.
INFO - 2021-10-29 19:30:08 --> Session: Class initialized using 'CodeIgniter\Session\Handlers\FileHandler' driver.
INFO - 2021-10-29 19:30:08 --> Controller "App\Controllers\base\Dashboard" loaded.
CRITICAL - 2021-10-29 19:30:09 --> 22 : The requested URL returned error: 400
#0 /home/nguh5634/public_html/system/HTTP/CURLRequest.php(823): CodeIgniter\HTTP\Exceptions\HTTPException::forCurlError('22', 'The requested U...')
#1 /home/nguh5634/public_html/system/HTTP/CURLRequest.php(449): CodeIgniter\HTTP\CURLRequest->sendRequest(Array)
#2 /home/nguh5634/public_html/system/HTTP/CURLRequest.php(158): CodeIgniter\HTTP\CURLRequest->send('POST', 'https://app.san...')
#3 /home/nguh5634/public_html/app/ThirdParty/Codenom/Midtrans/src/HTTP/APIMidtrans.php(37): CodeIgniter\HTTP\CURLRequest->request('POST', 'https://app.san...', Array)
#4 /home/nguh5634/public_html/app/ThirdParty/Codenom/Midtrans/src/Midtrans.php(58): Codenom\Midtrans\HTTP\APIMidtrans::call('POST', 'https://app.san...', 'SB-Mid-server-5...', Array)
#5 /home/nguh5634/public_html/app/Controllers/base/Dashboard.php(1194): Codenom\Midtrans\Midtrans->getSnapToken(Array)
#6 /home/nguh5634/public_html/system/CodeIgniter.php(910): App\Controllers\base\Dashboard->token()
#7 /home/nguh5634/public_html/system/CodeIgniter.php(398): CodeIgniter\CodeIgniter->runController(Object(App\Controllers\base\Dashboard))
#8 /home/nguh5634/public_html/system/CodeIgniter.php(306): CodeIgniter\CodeIgniter->handleRequest(NULL, Object(Config\Cache), false)
#9 /home/nguh5634/public_html/index.php(45): CodeIgniter\CodeIgniter->run()
#10 {main}
INFO - 2021-10-29 19:30:10 --> Session: Class initialized using 'CodeIgniter\Session\Handlers\FileHandler' driver.
INFO - 2021-10-29 19:30:10 --> Controller "App\Controllers\base\Dashboard" loaded.
INFO - 2021-10-29 19:30:11 --> Session: Class initialized using 'CodeIgniter\Session\Handlers\FileHandler' driver.
INFO - 2021-10-29 19:30:11 --> Controller "App\Controllers\base\Dashboard" loaded.
INFO - 2021-10-29 19:30:14 --> Session: Class initialized using 'CodeIgniter\Session\Handlers\FileHandler' driver.
INFO - 2021-10-29 19:30:14 --> Controller "App\Controllers\base\Dashboard" loaded.
INFO - 2021-10-29 19:30:24 --> Session: Class initialized using 'CodeIgniter\Session\Handlers\FileHandler' driver.
INFO - 2021-10-29 19:30:24 --> Controller "App\Controllers\base\Dashboard" loaded.
INFO - 2021-10-29 19:30:24 --> Controller "App\Controllers\base\Beranda" loaded.
INFO - 2021-10-29 19:30:24 --> Session: Class initialized using 'CodeIgniter\Session\Handlers\FileHandler' driver.
INFO - 2021-10-29 19:30:24 --> Controller "App\Controllers\base\Dashboard" loaded.
INFO - 2021-10-29 19:30:38 --> Controller "App\Controllers\base\Beranda" loaded.
INFO - 2021-10-29 19:33:23 --> Session: Class initialized using 'CodeIgniter\Session\Handlers\FileHandler' driver.
INFO - 2021-10-29 19:33:23 --> Controller "App\Controllers\base\Dashboard" loaded.
INFO - 2021-10-29 19:33:24 --> Session: Class initialized using 'CodeIgniter\Session\Handlers\FileHandler' driver.
INFO - 2021-10-29 19:33:24 --> Controller "App\Controllers\base\Dashboard" loaded.
INFO - 2021-10-29 19:33:28 --> Session: Class initialized using 'CodeIgniter\Session\Handlers\FileHandler' driver.
INFO - 2021-10-29 19:33:28 --> Controller "App\Controllers\base\Dashboard" loaded.
INFO - 2021-10-29 19:34:02 --> Session: Class initialized using 'CodeIgniter\Session\Handlers\FileHandler' driver.
INFO - 2021-10-29 19:34:03 --> Controller "App\Controllers\base\Dashboard" loaded.
INFO - 2021-10-29 19:34:03 --> Session: Class initialized using 'CodeIgniter\Session\Handlers\FileHandler' driver.
INFO - 2021-10-29 19:34:03 --> Controller "App\Controllers\base\Dashboard" loaded.
INFO - 2021-10-29 19:34:03 --> Controller "App\Controllers\base\Beranda" loaded.
INFO - 2021-10-29 19:34:18 --> Controller "App\Controllers\base\Beranda" loaded.
INFO - 2021-10-29 19:35:41 --> Session: Class initialized using 'CodeIgniter\Session\Handlers\FileHandler' driver.
INFO - 2021-10-29 19:35:41 --> Controller "App\Controllers\base\Dashboard" loaded.
INFO - 2021-10-29 19:35:41 --> Session: Class initialized using 'CodeIgniter\Session\Handlers\FileHandler' driver.
INFO - 2021-10-29 19:35:41 --> Controller "App\Controllers\base\Dashboard" loaded.
INFO - 2021-10-29 19:35:45 --> Session: Class initialized using 'CodeIgniter\Session\Handlers\FileHandler' driver.
INFO - 2021-10-29 19:35:45 --> Controller "App\Controllers\base\Dashboard" loaded.
CRITICAL - 2021-10-29 19:35:46 --> 22 : The requested URL returned error: 400
#0 /home/nguh5634/public_html/system/HTTP/CURLRequest.php(823): CodeIgniter\HTTP\Exceptions\HTTPException::forCurlError('22', 'The requested U...')
#1 /home/nguh5634/public_html/system/HTTP/CURLRequest.php(449): CodeIgniter\HTTP\CURLRequest->sendRequest(Array)
#2 /home/nguh5634/public_html/system/HTTP/CURLRequest.php(158): CodeIgniter\HTTP\CURLRequest->send('POST', 'https://app.san...')
#3 /home/nguh5634/public_html/app/ThirdParty/Codenom/Midtrans/src/HTTP/APIMidtrans.php(37): CodeIgniter\HTTP\CURLRequest->request('POST', 'https://app.san...', Array)
#4 /home/nguh5634/public_html/app/ThirdParty/Codenom/Midtrans/src/Midtrans.php(58): Codenom\Midtrans\HTTP\APIMidtrans::call('POST', 'https://app.san...', 'SB-Mid-server-5...', Array)
#5 /home/nguh5634/public_html/app/Controllers/base/Dashboard.php(1194): Codenom\Midtrans\Midtrans->getSnapToken(Array)
#6 /home/nguh5634/public_html/system/CodeIgniter.php(910): App\Controllers\base\Dashboard->token()
#7 /home/nguh5634/public_html/system/CodeIgniter.php(398): CodeIgniter\CodeIgniter->runController(Object(App\Controllers\base\Dashboard))
#8 /home/nguh5634/public_html/system/CodeIgniter.php(306): CodeIgniter\CodeIgniter->handleRequest(NULL, Object(Config\Cache), false)
#9 /home/nguh5634/public_html/index.php(45): CodeIgniter\CodeIgniter->run()
#10 {main}
INFO - 2021-10-29 19:35:48 --> Session: Class initialized using 'CodeIgniter\Session\Handlers\FileHandler' driver.
INFO - 2021-10-29 19:35:48 --> Controller "App\Controllers\base\Dashboard" loaded.
INFO - 2021-10-29 19:35:48 --> Session: Class initialized using 'CodeIgniter\Session\Handlers\FileHandler' driver.
INFO - 2021-10-29 19:35:48 --> Controller "App\Controllers\base\Dashboard" loaded.
INFO - 2021-10-29 19:35:51 --> Session: Class initialized using 'CodeIgniter\Session\Handlers\FileHandler' driver.
INFO - 2021-10-29 19:35:51 --> Controller "App\Controllers\base\Dashboard" loaded.
INFO - 2021-10-29 19:36:06 --> Controller "App\Controllers\base\Beranda" loaded.
INFO - 2021-10-29 19:36:06 --> Session: Class initialized using 'CodeIgniter\Session\Handlers\FileHandler' driver.
INFO - 2021-10-29 19:36:06 --> Controller "App\Controllers\base\Dashboard" loaded.
INFO - 2021-10-29 19:36:06 --> Session: Class initialized using 'CodeIgniter\Session\Handlers\FileHandler' driver.
INFO - 2021-10-29 19:36:06 --> Controller "App\Controllers\base\Dashboard" loaded.
INFO - 2021-10-29 19:36:35 --> Session: Class initialized using 'CodeIgniter\Session\Handlers\FileHandler' driver.
INFO - 2021-10-29 19:36:35 --> Controller "App\Controllers\base\Dashboard" loaded.
INFO - 2021-10-29 19:36:35 --> Session: Class initialized using 'CodeIgniter\Session\Handlers\FileHandler' driver.
INFO - 2021-10-29 19:36:35 --> Controller "App\Controllers\base\Dashboard" loaded.
INFO - 2021-10-29 19:36:39 --> Session: Class initialized using 'CodeIgniter\Session\Handlers\FileHandler' driver.
INFO - 2021-10-29 19:36:39 --> Controller "App\Controllers\base\Dashboard" loaded.
INFO - 2021-10-29 19:37:02 --> Controller "App\Controllers\base\Beranda" loaded.
INFO - 2021-10-29 19:37:02 --> Session: Class initialized using 'CodeIgniter\Session\Handlers\FileHandler' driver.
INFO - 2021-10-29 19:37:02 --> Controller "App\Controllers\base\Dashboard" loaded.
INFO - 2021-10-29 19:37:03 --> Session: Class initialized using 'CodeIgniter\Session\Handlers\FileHandler' driver.
INFO - 2021-10-29 19:37:03 --> Controller "App\Controllers\base\Dashboard" loaded.
INFO - 2021-10-29 19:37:18 --> Controller "App\Controllers\base\Beranda" loaded.
INFO - 2021-10-29 19:40:03 --> Controller "App\Controllers\base\Beranda" loaded.
INFO - 2021-10-29 19:44:57 --> Session: Class initialized using 'CodeIgniter\Session\Handlers\FileHandler' driver.
INFO - 2021-10-29 19:44:57 --> Controller "App\Controllers\base\Dashboard" loaded.
INFO - 2021-10-29 19:44:57 --> Session: Class initialized using 'CodeIgniter\Session\Handlers\FileHandler' driver.
INFO - 2021-10-29 19:44:57 --> Controller "App\Controllers\base\Dashboard" loaded.
INFO - 2021-10-29 19:45:01 --> Session: Class initialized using 'CodeIgniter\Session\Handlers\FileHandler' driver.
INFO - 2021-10-29 19:45:01 --> Controller "App\Controllers\base\Dashboard" loaded.
CRITICAL - 2021-10-29 19:45:01 --> 22 : The requested URL returned error: 400
#0 /home/nguh5634/public_html/system/HTTP/CURLRequest.php(823): CodeIgniter\HTTP\Exceptions\HTTPException::forCurlError('22', 'The requested U...')
#1 /home/nguh5634/public_html/system/HTTP/CURLRequest.php(449): CodeIgniter\HTTP\CURLRequest->sendRequest(Array)
#2 /home/nguh5634/public_html/system/HTTP/CURLRequest.php(158): CodeIgniter\HTTP\CURLRequest->send('POST', 'https://app.san...')
#3 /home/nguh5634/public_html/app/ThirdParty/Codenom/Midtrans/src/HTTP/APIMidtrans.php(37): CodeIgniter\HTTP\CURLRequest->request('POST', 'https://app.san...', Array)
#4 /home/nguh5634/public_html/app/ThirdParty/Codenom/Midtrans/src/Midtrans.php(58): Codenom\Midtrans\HTTP\APIMidtrans::call('POST', 'https://app.san...', 'SB-Mid-server-5...', Array)
#5 /home/nguh5634/public_html/app/Controllers/base/Dashboard.php(1194): Codenom\Midtrans\Midtrans->getSnapToken(Array)
#6 /home/nguh5634/public_html/system/CodeIgniter.php(910): App\Controllers\base\Dashboard->token()
#7 /home/nguh5634/public_html/system/CodeIgniter.php(398): CodeIgniter\CodeIgniter->runController(Object(App\Controllers\base\Dashboard))
#8 /home/nguh5634/public_html/system/CodeIgniter.php(306): CodeIgniter\CodeIgniter->handleRequest(NULL, Object(Config\Cache), false)
#9 /home/nguh5634/public_html/index.php(45): CodeIgniter\CodeIgniter->run()
#10 {main}
INFO - 2021-10-29 19:45:03 --> Session: Class initialized using 'CodeIgniter\Session\Handlers\FileHandler' driver.
INFO - 2021-10-29 19:45:03 --> Controller "App\Controllers\base\Dashboard" loaded.
INFO - 2021-10-29 19:45:04 --> Session: Class initialized using 'CodeIgniter\Session\Handlers\FileHandler' driver.
INFO - 2021-10-29 19:45:04 --> Controller "App\Controllers\base\Dashboard" loaded.
INFO - 2021-10-29 19:45:05 --> Session: Class initialized using 'CodeIgniter\Session\Handlers\FileHandler' driver.
INFO - 2021-10-29 19:45:05 --> Controller "App\Controllers\base\Dashboard" loaded.
INFO - 2021-10-29 19:45:09 --> Session: Class initialized using 'CodeIgniter\Session\Handlers\FileHandler' driver.
INFO - 2021-10-29 19:45:09 --> Controller "App\Controllers\base\Dashboard" loaded.
INFO - 2021-10-29 19:45:12 --> Session: Class initialized using 'CodeIgniter\Session\Handlers\FileHandler' driver.
INFO - 2021-10-29 19:45:12 --> Controller "App\Controllers\base\Dashboard" loaded.
INFO - 2021-10-29 19:45:25 --> Controller "App\Controllers\base\Beranda" loaded.
INFO - 2021-10-29 19:45:26 --> Session: Class initialized using 'CodeIgniter\Session\Handlers\FileHandler' driver.
INFO - 2021-10-29 19:45:26 --> Controller "App\Controllers\base\Dashboard" loaded.
INFO - 2021-10-29 19:45:26 --> Session: Class initialized using 'CodeIgniter\Session\Handlers\FileHandler' driver.
INFO - 2021-10-29 19:45:26 --> Controller "App\Controllers\base\Dashboard" loaded.
INFO - 2021-10-29 19:45:41 --> Controller "App\Controllers\base\Beranda" loaded.
INFO - 2021-10-29 19:48:16 --> Session: Class initialized using 'CodeIgniter\Session\Handlers\FileHandler' driver.
INFO - 2021-10-29 19:48:16 --> Controller "App\Controllers\base\Dashboard" loaded.
INFO - 2021-10-29 19:48:16 --> Session: Class initialized using 'CodeIgniter\Session\Handlers\FileHandler' driver.
INFO - 2021-10-29 19:48:16 --> Controller "App\Controllers\base\Dashboard" loaded.
INFO - 2021-10-29 19:48:20 --> Session: Class initialized using 'CodeIgniter\Session\Handlers\FileHandler' driver.
INFO - 2021-10-29 19:48:20 --> Controller "App\Controllers\base\Dashboard" loaded.
CRITICAL - 2021-10-29 19:48:20 --> 22 : The requested URL returned error: 400
#0 /home/nguh5634/public_html/system/HTTP/CURLRequest.php(823): CodeIgniter\HTTP\Exceptions\HTTPException::forCurlError('22', 'The requested U...')
#1 /home/nguh5634/public_html/system/HTTP/CURLRequest.php(449): CodeIgniter\HTTP\CURLRequest->sendRequest(Array)
#2 /home/nguh5634/public_html/system/HTTP/CURLRequest.php(158): CodeIgniter\HTTP\CURLRequest->send('POST', 'https://app.san...')
#3 /home/nguh5634/public_html/app/ThirdParty/Codenom/Midtrans/src/HTTP/APIMidtrans.php(37): CodeIgniter\HTTP\CURLRequest->request('POST', 'https://app.san...', Array)
#4 /home/nguh5634/public_html/app/ThirdParty/Codenom/Midtrans/src/Midtrans.php(58): Codenom\Midtrans\HTTP\APIMidtrans::call('POST', 'https://app.san...', 'SB-Mid-server-5...', Array)
#5 /home/nguh5634/public_html/app/Controllers/base/Dashboard.php(1194): Codenom\Midtrans\Midtrans->getSnapToken(Array)
#6 /home/nguh5634/public_html/system/CodeIgniter.php(910): App\Controllers\base\Dashboard->token()
#7 /home/nguh5634/public_html/system/CodeIgniter.php(398): CodeIgniter\CodeIgniter->runController(Object(App\Controllers\base\Dashboard))
#8 /home/nguh5634/public_html/system/CodeIgniter.php(306): CodeIgniter\CodeIgniter->handleRequest(NULL, Object(Config\Cache), false)
#9 /home/nguh5634/public_html/index.php(45): CodeIgniter\CodeIgniter->run()
#10 {main}
INFO - 2021-10-29 19:48:23 --> Session: Class initialized using 'CodeIgniter\Session\Handlers\FileHandler' driver.
INFO - 2021-10-29 19:48:23 --> Controller "App\Controllers\base\Dashboard" loaded.
INFO - 2021-10-29 19:48:23 --> Session: Class initialized using 'CodeIgniter\Session\Handlers\FileHandler' driver.
INFO - 2021-10-29 19:48:23 --> Controller "App\Controllers\base\Dashboard" loaded.
INFO - 2021-10-29 19:48:30 --> Session: Class initialized using 'CodeIgniter\Session\Handlers\FileHandler' driver.
INFO - 2021-10-29 19:48:30 --> Controller "App\Controllers\base\Dashboard" loaded.
INFO - 2021-10-29 19:48:38 --> Controller "App\Controllers\base\Beranda" loaded.
INFO - 2021-10-29 19:48:39 --> Session: Class initialized using 'CodeIgniter\Session\Handlers\FileHandler' driver.
INFO - 2021-10-29 19:48:39 --> Controller "App\Controllers\base\Dashboard" loaded.
INFO - 2021-10-29 19:48:40 --> Session: Class initialized using 'CodeIgniter\Session\Handlers\FileHandler' driver.
INFO - 2021-10-29 19:48:40 --> Controller "App\Controllers\base\Dashboard" loaded.
INFO - 2021-10-29 19:49:00 --> Controller "App\Controllers\base\Beranda" loaded.
INFO - 2021-10-29 19:49:49 --> Session: Class initialized using 'CodeIgniter\Session\Handlers\FileHandler' driver.
INFO - 2021-10-29 19:49:49 --> Controller "App\Controllers\base\Dashboard" loaded.
INFO - 2021-10-29 19:49:50 --> Session: Class initialized using 'CodeIgniter\Session\Handlers\FileHandler' driver.
INFO - 2021-10-29 19:49:50 --> Controller "App\Controllers\base\Dashboard" loaded.
INFO - 2021-10-29 19:49:54 --> Session: Class initialized using 'CodeIgniter\Session\Handlers\FileHandler' driver.
INFO - 2021-10-29 19:49:54 --> Controller "App\Controllers\base\Dashboard" loaded.
INFO - 2021-10-29 19:50:02 --> Controller "App\Controllers\base\Beranda" loaded.
INFO - 2021-10-29 19:50:06 --> Controller "App\Controllers\base\Beranda" loaded.
INFO - 2021-10-29 19:50:07 --> Session: Class initialized using 'CodeIgniter\Session\Handlers\FileHandler' driver.
INFO - 2021-10-29 19:50:07 --> Controller "App\Controllers\base\Dashboard" loaded.
INFO - 2021-10-29 19:50:07 --> Session: Class initialized using 'CodeIgniter\Session\Handlers\FileHandler' driver.
INFO - 2021-10-29 19:50:07 --> Controller "App\Controllers\base\Dashboard" loaded.
INFO - 2021-10-29 19:50:23 --> Controller "App\Controllers\base\Beranda" loaded.
INFO - 2021-10-29 19:52:44 --> Session: Class initialized using 'CodeIgniter\Session\Handlers\FileHandler' driver.
INFO - 2021-10-29 19:52:44 --> Controller "App\Controllers\base\Dashboard" loaded.
INFO - 2021-10-29 19:52:44 --> Session: Class initialized using 'CodeIgniter\Session\Handlers\FileHandler' driver.
INFO - 2021-10-29 19:52:44 --> Controller "App\Controllers\base\Dashboard" loaded.
INFO - 2021-10-29 19:52:48 --> Session: Class initialized using 'CodeIgniter\Session\Handlers\FileHandler' driver.
INFO - 2021-10-29 19:52:48 --> Controller "App\Controllers\base\Dashboard" loaded.
INFO - 2021-10-29 19:53:02 --> Controller "App\Controllers\base\Beranda" loaded.
INFO - 2021-10-29 19:53:05 --> Controller "App\Controllers\base\Beranda" loaded.
INFO - 2021-10-29 19:53:06 --> Session: Class initialized using 'CodeIgniter\Session\Handlers\FileHandler' driver.
INFO - 2021-10-29 19:53:06 --> Controller "App\Controllers\base\Dashboard" loaded.
INFO - 2021-10-29 19:53:06 --> Session: Class initialized using 'CodeIgniter\Session\Handlers\FileHandler' driver.
INFO - 2021-10-29 19:53:06 --> Controller "App\Controllers\base\Dashboard" loaded.
INFO - 2021-10-29 19:54:53 --> Session: Class initialized using 'CodeIgniter\Session\Handlers\FileHandler' driver.
INFO - 2021-10-29 19:54:53 --> Controller "App\Controllers\base\Dashboard" loaded.
INFO - 2021-10-29 19:54:53 --> Session: Class initialized using 'CodeIgniter\Session\Handlers\FileHandler' driver.
INFO - 2021-10-29 19:54:53 --> Controller "App\Controllers\base\Dashboard" loaded.
INFO - 2021-10-29 19:55:06 --> Session: Class initialized using 'CodeIgniter\Session\Handlers\FileHandler' driver.
INFO - 2021-10-29 19:55:06 --> Controller "App\Controllers\base\Dashboard" loaded.
INFO - 2021-10-29 19:55:20 --> Controller "App\Controllers\base\Beranda" loaded.
INFO - 2021-10-29 19:55:21 --> Session: Class initialized using 'CodeIgniter\Session\Handlers\FileHandler' driver.
INFO - 2021-10-29 19:55:21 --> Controller "App\Controllers\base\Dashboard" loaded.
INFO - 2021-10-29 19:55:21 --> Session: Class initialized using 'CodeIgniter\Session\Handlers\FileHandler' driver.
INFO - 2021-10-29 19:55:21 --> Controller "App\Controllers\base\Dashboard" loaded.
INFO - 2021-10-29 19:55:38 --> Controller "App\Controllers\base\Beranda" loaded.
INFO - 2021-10-29 19:57:54 --> Session: Class initialized using 'CodeIgniter\Session\Handlers\FileHandler' driver.
INFO - 2021-10-29 19:57:54 --> Controller "App\Controllers\base\Dashboard" loaded.
INFO - 2021-10-29 19:57:54 --> Session: Class initialized using 'CodeIgniter\Session\Handlers\FileHandler' driver.
INFO - 2021-10-29 19:57:54 --> Controller "App\Controllers\base\Dashboard" loaded.
INFO - 2021-10-29 19:58:00 --> Session: Class initialized using 'CodeIgniter\Session\Handlers\FileHandler' driver.
INFO - 2021-10-29 19:58:00 --> Controller "App\Controllers\base\Dashboard" loaded.
INFO - 2021-10-29 19:58:05 --> Session: Class initialized using 'CodeIgniter\Session\Handlers\FileHandler' driver.
INFO - 2021-10-29 19:58:05 --> Controller "App\Controllers\base\Dashboard" loaded.
CRITICAL - 2021-10-29 19:58:05 --> 22 : The requested URL returned error: 400
#0 /home/nguh5634/public_html/system/HTTP/CURLRequest.php(823): CodeIgniter\HTTP\Exceptions\HTTPException::forCurlError('22', 'The requested U...')
#1 /home/nguh5634/public_html/system/HTTP/CURLRequest.php(449): CodeIgniter\HTTP\CURLRequest->sendRequest(Array)
#2 /home/nguh5634/public_html/system/HTTP/CURLRequest.php(158): CodeIgniter\HTTP\CURLRequest->send('POST', 'https://app.san...')
#3 /home/nguh5634/public_html/app/ThirdParty/Codenom/Midtrans/src/HTTP/APIMidtrans.php(37): CodeIgniter\HTTP\CURLRequest->request('POST', 'https://app.san...', Array)
#4 /home/nguh5634/public_html/app/ThirdParty/Codenom/Midtrans/src/Midtrans.php(58): Codenom\Midtrans\HTTP\APIMidtrans::call('POST', 'https://app.san...', 'SB-Mid-server-5...', Array)
#5 /home/nguh5634/public_html/app/Controllers/base/Dashboard.php(1194): Codenom\Midtrans\Midtrans->getSnapToken(Array)
#6 /home/nguh5634/public_html/system/CodeIgniter.php(910): App\Controllers\base\Dashboard->token()
#7 /home/nguh5634/public_html/system/CodeIgniter.php(398): CodeIgniter\CodeIgniter->runController(Object(App\Controllers\base\Dashboard))
#8 /home/nguh5634/public_html/system/CodeIgniter.php(306): CodeIgniter\CodeIgniter->handleRequest(NULL, Object(Config\Cache), false)
#9 /home/nguh5634/public_html/index.php(45): CodeIgniter\CodeIgniter->run()
#10 {main}
INFO - 2021-10-29 19:58:26 --> Session: Class initialized using 'CodeIgniter\Session\Handlers\FileHandler' driver.
INFO - 2021-10-29 19:58:26 --> Controller "App\Controllers\base\Dashboard" loaded.
INFO - 2021-10-29 19:58:26 --> Session: Class initialized using 'CodeIgniter\Session\Handlers\FileHandler' driver.
INFO - 2021-10-29 19:58:26 --> Controller "App\Controllers\base\Dashboard" loaded.
INFO - 2021-10-29 19:58:30 --> Session: Class initialized using 'CodeIgniter\Session\Handlers\FileHandler' driver.
INFO - 2021-10-29 19:58:30 --> Controller "App\Controllers\base\Dashboard" loaded.
INFO - 2021-10-29 19:58:40 --> Controller "App\Controllers\base\Beranda" loaded.
INFO - 2021-10-29 19:58:42 --> Session: Class initialized using 'CodeIgniter\Session\Handlers\FileHandler' driver.
INFO - 2021-10-29 19:58:42 --> Controller "App\Controllers\base\Dashboard" loaded.
INFO - 2021-10-29 19:58:42 --> Session: Class initialized using 'CodeIgniter\Session\Handlers\FileHandler' driver.
INFO - 2021-10-29 19:58:42 --> Controller "App\Controllers\base\Dashboard" loaded.
INFO - 2021-10-29 19:58:57 --> Controller "App\Controllers\base\Beranda" loaded.
INFO - 2021-10-29 20:00:03 --> Controller "App\Controllers\base\Beranda" loaded.
INFO - 2021-10-29 20:04:29 --> Session: Class initialized using 'CodeIgniter\Session\Handlers\FileHandler' driver.
INFO - 2021-10-29 20:04:29 --> Controller "App\Controllers\base\Dashboard" loaded.
INFO - 2021-10-29 20:04:33 --> Session: Class initialized using 'CodeIgniter\Session\Handlers\FileHandler' driver.
INFO - 2021-10-29 20:04:33 --> Controller "App\Controllers\base\Dashboard" loaded.
INFO - 2021-10-29 20:08:38 --> Session: Class initialized using 'CodeIgniter\Session\Handlers\FileHandler' driver.
INFO - 2021-10-29 20:08:38 --> Controller "App\Controllers\base\Dashboard" loaded.
INFO - 2021-10-29 20:08:41 --> Session: Class initialized using 'CodeIgniter\Session\Handlers\FileHandler' driver.
INFO - 2021-10-29 20:08:41 --> Controller "App\Controllers\base\Dashboard" loaded.
INFO - 2021-10-29 20:08:41 --> Session: Class initialized using 'CodeIgniter\Session\Handlers\FileHandler' driver.
INFO - 2021-10-29 20:08:41 --> Controller "App\Controllers\base\Dashboard" loaded.
INFO - 2021-10-29 20:08:45 --> Session: Class initialized using 'CodeIgniter\Session\Handlers\FileHandler' driver.
INFO - 2021-10-29 20:08:45 --> Controller "App\Controllers\base\Dashboard" loaded.
INFO - 2021-10-29 20:08:45 --> Session: Class initialized using 'CodeIgniter\Session\Handlers\FileHandler' driver.
INFO - 2021-10-29 20:08:45 --> Controller "App\Controllers\base\Dashboard" loaded.
INFO - 2021-10-29 20:08:48 --> Session: Class initialized using 'CodeIgniter\Session\Handlers\FileHandler' driver.
INFO - 2021-10-29 20:08:49 --> Controller "App\Controllers\base\Dashboard" loaded.
INFO - 2021-10-29 20:08:57 --> Controller "App\Controllers\base\Beranda" loaded.
INFO - 2021-10-29 20:08:57 --> Session: Class initialized using 'CodeIgniter\Session\Handlers\FileHandler' driver.
INFO - 2021-10-29 20:08:57 --> Controller "App\Controllers\base\Dashboard" loaded.
INFO - 2021-10-29 20:08:58 --> Session: Class initialized using 'CodeIgniter\Session\Handlers\FileHandler' driver.
INFO - 2021-10-29 20:08:58 --> Controller "App\Controllers\base\Dashboard" loaded.
INFO - 2021-10-29 20:09:11 --> Controller "App\Controllers\base\Beranda" loaded.
INFO - 2021-10-29 20:09:25 --> Session: Class initialized using 'CodeIgniter\Session\Handlers\FileHandler' driver.
INFO - 2021-10-29 20:09:25 --> Controller "App\Controllers\base\Dashboard" loaded.
INFO - 2021-10-29 20:10:02 --> Controller "App\Controllers\base\Beranda" loaded.
INFO - 2021-10-29 20:11:44 --> Session: Class initialized using 'CodeIgniter\Session\Handlers\FileHandler' driver.
INFO - 2021-10-29 20:11:44 --> Controller "App\Controllers\base\Dashboard" loaded.
INFO - 2021-10-29 20:12:16 --> Session: Class initialized using 'CodeIgniter\Session\Handlers\FileHandler' driver.
INFO - 2021-10-29 20:12:17 --> Controller "App\Controllers\base\Dashboard" loaded.
INFO - 2021-10-29 20:15:00 --> Session: Class initialized using 'CodeIgniter\Session\Handlers\FileHandler' driver.
INFO - 2021-10-29 20:15:00 --> Controller "App\Controllers\bukutamu\Bukutamu" loaded.
INFO - 2021-10-29 20:15:12 --> Controller "App\Controllers\base\Beranda" loaded.
INFO - 2021-10-29 20:15:30 --> Controller "App\Controllers\base\Beranda" loaded.
INFO - 2021-10-29 20:15:30 --> Session: Class initialized using 'CodeIgniter\Session\Handlers\FileHandler' driver.
INFO - 2021-10-29 20:15:30 --> Controller "App\Controllers\base\Dashboard" loaded.
INFO - 2021-10-29 20:15:44 --> Session: Class initialized using 'CodeIgniter\Session\Handlers\FileHandler' driver.
INFO - 2021-10-29 20:15:44 --> Controller "App\Controllers\base\Dashboard" loaded.
INFO - 2021-10-29 20:15:53 --> Controller "App\Controllers\base\Beranda" loaded.
INFO - 2021-10-29 20:16:01 --> Controller "App\Controllers\base\Beranda" loaded.
INFO - 2021-10-29 20:17:00 --> Session: Class initialized using 'CodeIgniter\Session\Handlers\FileHandler' driver.
INFO - 2021-10-29 20:17:00 --> Controller "App\Controllers\base\Dashboard" loaded.
INFO - 2021-10-29 20:17:52 --> Session: Class initialized using 'CodeIgniter\Session\Handlers\FileHandler' driver.
INFO - 2021-10-29 20:17:52 --> Controller "App\Controllers\base\Dashboard" loaded.
INFO - 2021-10-29 20:18:06 --> Session: Class initialized using 'CodeIgniter\Session\Handlers\FileHandler' driver.
INFO - 2021-10-29 20:18:06 --> Controller "App\Controllers\base\Order" loaded.
INFO - 2021-10-29 20:20:03 --> Controller "App\Controllers\base\Beranda" loaded.
INFO - 2021-10-29 20:23:05 --> Session: Class initialized using 'CodeIgniter\Session\Handlers\FileHandler' driver.
INFO - 2021-10-29 20:23:05 --> Controller "App\Controllers\base\Dashboard" loaded.
INFO - 2021-10-29 20:24:05 --> Session: Class initialized using 'CodeIgniter\Session\Handlers\FileHandler' driver.
INFO - 2021-10-29 20:24:05 --> Controller "App\Controllers\base\Dashboard" loaded.
INFO - 2021-10-29 20:24:09 --> Session: Class initialized using 'CodeIgniter\Session\Handlers\FileHandler' driver.
INFO - 2021-10-29 20:24:09 --> Controller "App\Controllers\base\Dashboard" loaded.
INFO - 2021-10-29 20:28:10 --> Session: Class initialized using 'CodeIgniter\Session\Handlers\FileHandler' driver.
INFO - 2021-10-29 20:28:10 --> Controller "App\Controllers\base\Dashboard" loaded.
INFO - 2021-10-29 20:30:02 --> Controller "App\Controllers\base\Beranda" loaded.
INFO - 2021-10-29 20:30:37 --> Session: Class initialized using 'CodeIgniter\Session\Handlers\FileHandler' driver.
INFO - 2021-10-29 20:30:37 --> Controller "App\Controllers\base\Dashboard" loaded.
INFO - 2021-10-29 20:31:08 --> Session: Class initialized using 'CodeIgniter\Session\Handlers\FileHandler' driver.
INFO - 2021-10-29 20:31:08 --> Controller "App\Controllers\base\Dashboard" loaded.
INFO - 2021-10-29 20:33:31 --> Session: Class initialized using 'CodeIgniter\Session\Handlers\FileHandler' driver.
INFO - 2021-10-29 20:33:31 --> Controller "App\Controllers\base\Dashboard" loaded.
INFO - 2021-10-29 20:33:34 --> Session: Class initialized using 'CodeIgniter\Session\Handlers\FileHandler' driver.
INFO - 2021-10-29 20:33:34 --> Controller "App\Controllers\base\Dashboard" loaded.
INFO - 2021-10-29 20:34:15 --> Session: Class initialized using 'CodeIgniter\Session\Handlers\FileHandler' driver.
INFO - 2021-10-29 20:34:15 --> Controller "App\Controllers\base\Dashboard" loaded.
INFO - 2021-10-29 20:36:21 --> Controller "App\Controllers\base\Beranda" loaded.
INFO - 2021-10-29 20:36:28 --> Session: Class initialized using 'CodeIgniter\Session\Handlers\FileHandler' driver.
INFO - 2021-10-29 20:36:28 --> Controller "App\Controllers\base\Dashboard" loaded.
INFO - 2021-10-29 20:36:31 --> Session: Class initialized using 'CodeIgniter\Session\Handlers\FileHandler' driver.
INFO - 2021-10-29 20:36:31 --> Controller "App\Controllers\base\Dashboard" loaded.
INFO - 2021-10-29 20:37:40 --> Session: Class initialized using 'CodeIgniter\Session\Handlers\FileHandler' driver.
INFO - 2021-10-29 20:37:40 --> Session: Class initialized using 'CodeIgniter\Session\Handlers\FileHandler' driver.
INFO - 2021-10-29 20:37:40 --> Controller "App\Controllers\base\Dashboard" loaded.
INFO - 2021-10-29 20:37:55 --> Session: Class initialized using 'CodeIgniter\Session\Handlers\FileHandler' driver.
INFO - 2021-10-29 20:37:55 --> Controller "App\Controllers\base\Dashboard" loaded.
INFO - 2021-10-29 20:37:55 --> Session: Class initialized using 'CodeIgniter\Session\Handlers\FileHandler' driver.
INFO - 2021-10-29 20:37:55 --> Controller "App\Controllers\base\Dashboard" loaded.
INFO - 2021-10-29 20:38:05 --> Session: Class initialized using 'CodeIgniter\Session\Handlers\FileHandler' driver.
INFO - 2021-10-29 20:38:05 --> Controller "App\Controllers\base\Dashboard" loaded.
INFO - 2021-10-29 20:38:05 --> Session: Class initialized using 'CodeIgniter\Session\Handlers\FileHandler' driver.
INFO - 2021-10-29 20:38:05 --> Controller "App\Controllers\base\Dashboard" loaded.
INFO - 2021-10-29 20:38:07 --> Session: Class initialized using 'CodeIgniter\Session\Handlers\FileHandler' driver.
INFO - 2021-10-29 20:38:07 --> Controller "App\Controllers\undangan\Undangan" loaded.
INFO - 2021-10-29 20:38:11 --> Session: Class initialized using 'CodeIgniter\Session\Handlers\FileHandler' driver.
INFO - 2021-10-29 20:38:11 --> Controller "App\Controllers\base\Dashboard" loaded.
INFO - 2021-10-29 20:38:14 --> Session: Class initialized using 'CodeIgniter\Session\Handlers\FileHandler' driver.
INFO - 2021-10-29 20:38:14 --> Controller "App\Controllers\base\Dashboard" loaded.
INFO - 2021-10-29 20:40:02 --> Controller "App\Controllers\base\Beranda" loaded.
INFO - 2021-10-29 20:40:29 --> Session: Class initialized using 'CodeIgniter\Session\Handlers\FileHandler' driver.
INFO - 2021-10-29 20:40:29 --> Controller "App\Controllers\base\Dashboard" loaded.
INFO - 2021-10-29 20:42:45 --> Session: Class initialized using 'CodeIgniter\Session\Handlers\FileHandler' driver.
INFO - 2021-10-29 20:42:45 --> Controller "App\Controllers\base\Dashboard" loaded.
INFO - 2021-10-29 20:42:49 --> Session: Class initialized using 'CodeIgniter\Session\Handlers\FileHandler' driver.
INFO - 2021-10-29 20:42:49 --> Controller "App\Controllers\base\Dashboard" loaded.
INFO - 2021-10-29 20:42:51 --> Session: Class initialized using 'CodeIgniter\Session\Handlers\FileHandler' driver.
INFO - 2021-10-29 20:42:51 --> Controller "App\Controllers\base\Dashboard" loaded.
INFO - 2021-10-29 20:43:32 --> Controller "App\Controllers\base\Beranda" loaded.
INFO - 2021-10-29 20:45:54 --> Controller "App\Controllers\base\Beranda" loaded.
INFO - 2021-10-29 20:45:57 --> Session: Class initialized using 'CodeIgniter\Session\Handlers\FileHandler' driver.
INFO - 2021-10-29 20:45:57 --> Controller "App\Controllers\base\Dashboard" loaded.
INFO - 2021-10-29 20:46:19 --> Session: Class initialized using 'CodeIgniter\Session\Handlers\FileHandler' driver.
INFO - 2021-10-29 20:46:19 --> Controller "App\Controllers\base\Dashboard" loaded.
INFO - 2021-10-29 20:46:19 --> Session: Class initialized using 'CodeIgniter\Session\Handlers\FileHandler' driver.
INFO - 2021-10-29 20:46:19 --> Controller "App\Controllers\base\Dashboard" loaded.
INFO - 2021-10-29 20:48:08 --> Session: Class initialized using 'CodeIgniter\Session\Handlers\FileHandler' driver.
INFO - 2021-10-29 20:48:08 --> Controller "App\Controllers\base\Dashboard" loaded.
INFO - 2021-10-29 20:50:03 --> Controller "App\Controllers\base\Beranda" loaded.
INFO - 2021-10-29 20:51:16 --> Session: Class initialized using 'CodeIgniter\Session\Handlers\FileHandler' driver.
INFO - 2021-10-29 20:51:16 --> Controller "App\Controllers\base\Dashboard" loaded.
INFO - 2021-10-29 20:52:41 --> Session: Class initialized using 'CodeIgniter\Session\Handlers\FileHandler' driver.
INFO - 2021-10-29 20:52:41 --> Controller "App\Controllers\base\Dashboard" loaded.
INFO - 2021-10-29 20:53:38 --> Session: Class initialized using 'CodeIgniter\Session\Handlers\FileHandler' driver.
INFO - 2021-10-29 20:53:38 --> Controller "App\Controllers\base\Dashboard" loaded.
INFO - 2021-10-29 20:54:40 --> Session: Class initialized using 'CodeIgniter\Session\Handlers\FileHandler' driver.
INFO - 2021-10-29 20:54:40 --> Controller "App\Controllers\base\Dashboard" loaded.
INFO - 2021-10-29 20:54:56 --> Session: Class initialized using 'CodeIgniter\Session\Handlers\FileHandler' driver.
INFO - 2021-10-29 20:54:56 --> Controller "App\Controllers\base\Dashboard" loaded.
INFO - 2021-10-29 20:54:58 --> Session: Class initialized using 'CodeIgniter\Session\Handlers\FileHandler' driver.
INFO - 2021-10-29 20:54:58 --> Controller "App\Controllers\undangan\Undangan" loaded.
INFO - 2021-10-29 20:55:03 --> Session: Class initialized using 'CodeIgniter\Session\Handlers\FileHandler' driver.
INFO - 2021-10-29 20:55:03 --> Controller "App\Controllers\base\Dashboard" loaded.
INFO - 2021-10-29 20:55:19 --> Session: Class initialized using 'CodeIgniter\Session\Handlers\FileHandler' driver.
INFO - 2021-10-29 20:55:19 --> Controller "App\Controllers\base\Dashboard" loaded.
INFO - 2021-10-29 20:55:40 --> Session: Class initialized using 'CodeIgniter\Session\Handlers\FileHandler' driver.
INFO - 2021-10-29 20:55:40 --> Controller "App\Controllers\base\Dashboard" loaded.
INFO - 2021-10-29 20:55:43 --> Session: Class initialized using 'CodeIgniter\Session\Handlers\FileHandler' driver.
INFO - 2021-10-29 20:55:43 --> Controller "App\Controllers\undangan\Undangan" loaded.
INFO - 2021-10-29 20:55:44 --> Session: Class initialized using 'CodeIgniter\Session\Handlers\FileHandler' driver.
INFO - 2021-10-29 20:55:44 --> Controller "App\Controllers\undangan\Undangan" loaded.
INFO - 2021-10-29 20:56:03 --> Session: Class initialized using 'CodeIgniter\Session\Handlers\FileHandler' driver.
INFO - 2021-10-29 20:56:03 --> Controller "App\Controllers\admin\Admin" loaded.
INFO - 2021-10-29 20:56:08 --> Session: Class initialized using 'CodeIgniter\Session\Handlers\FileHandler' driver.
INFO - 2021-10-29 20:56:08 --> Controller "App\Controllers\admin\Admin" loaded.
INFO - 2021-10-29 20:56:08 --> Session: Class initialized using 'CodeIgniter\Session\Handlers\FileHandler' driver.
INFO - 2021-10-29 20:56:08 --> Controller "App\Controllers\admin\Admin" loaded.
INFO - 2021-10-29 20:56:17 --> Session: Class initialized using 'CodeIgniter\Session\Handlers\FileHandler' driver.
INFO - 2021-10-29 20:56:17 --> Controller "App\Controllers\admin\Admin" loaded.
INFO - 2021-10-29 20:56:34 --> Session: Class initialized using 'CodeIgniter\Session\Handlers\FileHandler' driver.
INFO - 2021-10-29 20:56:34 --> Controller "App\Controllers\base\Dashboard" loaded.
INFO - 2021-10-29 20:57:02 --> Session: Class initialized using 'CodeIgniter\Session\Handlers\FileHandler' driver.
INFO - 2021-10-29 20:57:02 --> Controller "App\Controllers\admin\Admin" loaded.
INFO - 2021-10-29 20:57:29 --> Session: Class initialized using 'CodeIgniter\Session\Handlers\FileHandler' driver.
INFO - 2021-10-29 20:57:29 --> Controller "App\Controllers\admin\Admin" loaded.
INFO - 2021-10-29 20:57:32 --> Session: Class initialized using 'CodeIgniter\Session\Handlers\FileHandler' driver.
INFO - 2021-10-29 20:57:32 --> Controller "App\Controllers\admin\Admin" loaded.
INFO - 2021-10-29 20:57:48 --> Session: Class initialized using 'CodeIgniter\Session\Handlers\FileHandler' driver.
INFO - 2021-10-29 20:57:48 --> Controller "App\Controllers\base\Dashboard" loaded.
INFO - 2021-10-29 20:58:02 --> Session: Class initialized using 'CodeIgniter\Session\Handlers\FileHandler' driver.
INFO - 2021-10-29 20:58:02 --> Controller "App\Controllers\admin\Admin" loaded.
INFO - 2021-10-29 20:58:10 --> Session: Class initialized using 'CodeIgniter\Session\Handlers\FileHandler' driver.
INFO - 2021-10-29 20:58:10 --> Controller "App\Controllers\admin\Admin" loaded.
INFO - 2021-10-29 20:58:11 --> Session: Class initialized using 'CodeIgniter\Session\Handlers\FileHandler' driver.
INFO - 2021-10-29 20:58:11 --> Controller "App\Controllers\admin\Admin" loaded.
INFO - 2021-10-29 20:58:28 --> Session: Class initialized using 'CodeIgniter\Session\Handlers\FileHandler' driver.
INFO - 2021-10-29 20:58:28 --> Controller "App\Controllers\base\Dashboard" loaded.
INFO - 2021-10-29 20:58:35 --> Session: Class initialized using 'CodeIgniter\Session\Handlers\FileHandler' driver.
INFO - 2021-10-29 20:58:35 --> Controller "App\Controllers\base\Dashboard" loaded.
INFO - 2021-10-29 20:58:35 --> Session: Class initialized using 'CodeIgniter\Session\Handlers\FileHandler' driver.
INFO - 2021-10-29 20:58:35 --> Controller "App\Controllers\base\Dashboard" loaded.
INFO - 2021-10-29 20:58:43 --> Session: Class initialized using 'CodeIgniter\Session\Handlers\FileHandler' driver.
INFO - 2021-10-29 20:58:43 --> Controller "App\Controllers\base\Dashboard" loaded.
INFO - 2021-10-29 20:58:43 --> Session: Class initialized using 'CodeIgniter\Session\Handlers\FileHandler' driver.
INFO - 2021-10-29 20:58:43 --> Controller "App\Controllers\base\Dashboard" loaded.
INFO - 2021-10-29 20:58:46 --> Session: Class initialized using 'CodeIgniter\Session\Handlers\FileHandler' driver.
INFO - 2021-10-29 20:58:46 --> Controller "App\Controllers\base\Dashboard" loaded.
INFO - 2021-10-29 20:58:46 --> Session: Class initialized using 'CodeIgniter\Session\Handlers\FileHandler' driver.
INFO - 2021-10-29 20:58:46 --> Controller "App\Controllers\base\Dashboard" loaded.
INFO - 2021-10-29 20:58:58 --> Session: Class initialized using 'CodeIgniter\Session\Handlers\FileHandler' driver.
INFO - 2021-10-29 20:58:58 --> Controller "App\Controllers\base\Dashboard" loaded.
INFO - 2021-10-29 20:59:23 --> Session: Class initialized using 'CodeIgniter\Session\Handlers\FileHandler' driver.
INFO - 2021-10-29 20:59:24 --> Controller "App\Controllers\base\Dashboard" loaded.
INFO - 2021-10-29 20:59:26 --> Session: Class initialized using 'CodeIgniter\Session\Handlers\FileHandler' driver.
INFO - 2021-10-29 20:59:26 --> Controller "App\Controllers\base\Dashboard" loaded.
INFO - 2021-10-29 20:59:37 --> Controller "App\Controllers\base\Beranda" loaded.
INFO - 2021-10-29 20:59:37 --> Session: Class initialized using 'CodeIgniter\Session\Handlers\FileHandler' driver.
INFO - 2021-10-29 20:59:38 --> Controller "App\Controllers\base\Dashboard" loaded.
INFO - 2021-10-29 20:59:38 --> Session: Class initialized using 'CodeIgniter\Session\Handlers\FileHandler' driver.
INFO - 2021-10-29 20:59:38 --> Controller "App\Controllers\base\Dashboard" loaded.
INFO - 2021-10-29 21:00:01 --> Controller "App\Controllers\base\Beranda" loaded.
INFO - 2021-10-29 21:01:08 --> Session: Class initialized using 'CodeIgniter\Session\Handlers\FileHandler' driver.
INFO - 2021-10-29 21:01:08 --> Controller "App\Controllers\base\Dashboard" loaded.
INFO - 2021-10-29 21:04:20 --> Session: Class initialized using 'CodeIgniter\Session\Handlers\FileHandler' driver.
INFO - 2021-10-29 21:04:20 --> Controller "App\Controllers\base\Dashboard" loaded.
INFO - 2021-10-29 21:04:20 --> Session: Class initialized using 'CodeIgniter\Session\Handlers\FileHandler' driver.
INFO - 2021-10-29 21:04:20 --> Controller "App\Controllers\base\Dashboard" loaded.
INFO - 2021-10-29 21:04:24 --> Session: Class initialized using 'CodeIgniter\Session\Handlers\FileHandler' driver.
INFO - 2021-10-29 21:04:24 --> Controller "App\Controllers\base\Dashboard" loaded.
INFO - 2021-10-29 21:04:35 --> Controller "App\Controllers\base\Beranda" loaded.
INFO - 2021-10-29 21:04:36 --> Session: Class initialized using 'CodeIgniter\Session\Handlers\FileHandler' driver.
INFO - 2021-10-29 21:04:36 --> Controller "App\Controllers\base\Dashboard" loaded.
INFO - 2021-10-29 21:04:36 --> Session: Class initialized using 'CodeIgniter\Session\Handlers\FileHandler' driver.
INFO - 2021-10-29 21:04:36 --> Controller "App\Controllers\base\Dashboard" loaded.
INFO - 2021-10-29 21:04:44 --> Session: Class initialized using 'CodeIgniter\Session\Handlers\FileHandler' driver.
INFO - 2021-10-29 21:04:44 --> Controller "App\Controllers\base\Dashboard" loaded.
INFO - 2021-10-29 21:04:44 --> Session: Class initialized using 'CodeIgniter\Session\Handlers\FileHandler' driver.
INFO - 2021-10-29 21:04:44 --> Controller "App\Controllers\base\Dashboard" loaded.
INFO - 2021-10-29 21:04:48 --> Session: Class initialized using 'CodeIgniter\Session\Handlers\FileHandler' driver.
INFO - 2021-10-29 21:04:48 --> Controller "App\Controllers\base\Dashboard" loaded.
INFO - 2021-10-29 21:05:00 --> Controller "App\Controllers\base\Beranda" loaded.
INFO - 2021-10-29 21:05:02 --> Session: Class initialized using 'CodeIgniter\Session\Handlers\FileHandler' driver.
INFO - 2021-10-29 21:05:02 --> Controller "App\Controllers\base\Dashboard" loaded.
INFO - 2021-10-29 21:05:02 --> Session: Class initialized using 'CodeIgniter\Session\Handlers\FileHandler' driver.
INFO - 2021-10-29 21:05:02 --> Controller "App\Controllers\base\Dashboard" loaded.
INFO - 2021-10-29 21:05:32 --> Controller "App\Controllers\base\Beranda" loaded.
INFO - 2021-10-29 21:05:36 --> Session: Class initialized using 'CodeIgniter\Session\Handlers\FileHandler' driver.
INFO - 2021-10-29 21:05:36 --> Controller "App\Controllers\base\Dashboard" loaded.
INFO - 2021-10-29 21:06:00 --> Session: Class initialized using 'CodeIgniter\Session\Handlers\FileHandler' driver.
INFO - 2021-10-29 21:06:00 --> Controller "App\Controllers\base\Dashboard" loaded.
INFO - 2021-10-29 21:06:06 --> Session: Class initialized using 'CodeIgniter\Session\Handlers\FileHandler' driver.
INFO - 2021-10-29 21:06:06 --> Controller "App\Controllers\base\Order" loaded.
INFO - 2021-10-29 21:06:26 --> Session: Class initialized using 'CodeIgniter\Session\Handlers\FileHandler' driver.
INFO - 2021-10-29 21:06:26 --> Controller "App\Controllers\base\Dashboard" loaded.
INFO - 2021-10-29 21:08:02 --> Session: Class initialized using 'CodeIgniter\Session\Handlers\FileHandler' driver.
INFO - 2021-10-29 21:08:02 --> Controller "App\Controllers\base\Dashboard" loaded.
INFO - 2021-10-29 21:08:40 --> Session: Class initialized using 'CodeIgniter\Session\Handlers\FileHandler' driver.
INFO - 2021-10-29 21:08:40 --> Controller "App\Controllers\base\Dashboard" loaded.
INFO - 2021-10-29 21:08:42 --> Session: Class initialized using 'CodeIgniter\Session\Handlers\FileHandler' driver.
INFO - 2021-10-29 21:08:42 --> Controller "App\Controllers\base\Dashboard" loaded.
INFO - 2021-10-29 21:08:44 --> Session: Class initialized using 'CodeIgniter\Session\Handlers\FileHandler' driver.
INFO - 2021-10-29 21:08:44 --> Controller "App\Controllers\base\Dashboard" loaded.
INFO - 2021-10-29 21:08:45 --> Session: Class initialized using 'CodeIgniter\Session\Handlers\FileHandler' driver.
INFO - 2021-10-29 21:08:45 --> Controller "App\Controllers\base\Dashboard" loaded.
INFO - 2021-10-29 21:08:49 --> Session: Class initialized using 'CodeIgniter\Session\Handlers\FileHandler' driver.
INFO - 2021-10-29 21:08:49 --> Controller "App\Controllers\base\Dashboard" loaded.
INFO - 2021-10-29 21:09:07 --> Controller "App\Controllers\base\Beranda" loaded.
INFO - 2021-10-29 21:09:08 --> Session: Class initialized using 'CodeIgniter\Session\Handlers\FileHandler' driver.
INFO - 2021-10-29 21:09:08 --> Controller "App\Controllers\base\Dashboard" loaded.
INFO - 2021-10-29 21:09:08 --> Session: Class initialized using 'CodeIgniter\Session\Handlers\FileHandler' driver.
INFO - 2021-10-29 21:09:08 --> Controller "App\Controllers\base\Dashboard" loaded.
INFO - 2021-10-29 21:09:20 --> Controller "App\Controllers\base\Beranda" loaded.
INFO - 2021-10-29 21:09:38 --> Session: Class initialized using 'CodeIgniter\Session\Handlers\FileHandler' driver.
INFO - 2021-10-29 21:09:38 --> Controller "App\Controllers\base\Dashboard" loaded.
INFO - 2021-10-29 21:10:02 --> Controller "App\Controllers\base\Beranda" loaded.
INFO - 2021-10-29 21:10:06 --> Session: Class initialized using 'CodeIgniter\Session\Handlers\FileHandler' driver.
INFO - 2021-10-29 21:10:06 --> Controller "App\Controllers\base\Dashboard" loaded.
INFO - 2021-10-29 21:10:06 --> Session: Class initialized using 'CodeIgniter\Session\Handlers\FileHandler' driver.
INFO - 2021-10-29 21:10:06 --> Controller "App\Controllers\base\Dashboard" loaded.
INFO - 2021-10-29 21:10:12 --> Session: Class initialized using 'CodeIgniter\Session\Handlers\FileHandler' driver.
INFO - 2021-10-29 21:10:12 --> Controller "App\Controllers\base\Dashboard" loaded.
INFO - 2021-10-29 21:10:13 --> Session: Class initialized using 'CodeIgniter\Session\Handlers\FileHandler' driver.
INFO - 2021-10-29 21:10:13 --> Controller "App\Controllers\base\Dashboard" loaded.
INFO - 2021-10-29 21:10:14 --> Session: Class initialized using 'CodeIgniter\Session\Handlers\FileHandler' driver.
INFO - 2021-10-29 21:10:14 --> Controller "App\Controllers\undangan\Undangan" loaded.
INFO - 2021-10-29 21:10:14 --> Session: Class initialized using 'CodeIgniter\Session\Handlers\FileHandler' driver.
INFO - 2021-10-29 21:10:14 --> Controller "App\Controllers\undangan\Undangan" loaded.
INFO - 2021-10-29 21:10:33 --> Session: Class initialized using 'CodeIgniter\Session\Handlers\FileHandler' driver.
INFO - 2021-10-29 21:10:33 --> Controller "App\Controllers\undangan\Undangan" loaded.
INFO - 2021-10-29 21:12:35 --> Session: Class initialized using 'CodeIgniter\Session\Handlers\FileHandler' driver.
INFO - 2021-10-29 21:12:35 --> Controller "App\Controllers\base\Dashboard" loaded.
INFO - 2021-10-29 21:12:37 --> Session: Class initialized using 'CodeIgniter\Session\Handlers\FileHandler' driver.
INFO - 2021-10-29 21:12:37 --> Controller "App\Controllers\base\Dashboard" loaded.
INFO - 2021-10-29 21:12:39 --> Session: Class initialized using 'CodeIgniter\Session\Handlers\FileHandler' driver.
INFO - 2021-10-29 21:12:39 --> Controller "App\Controllers\base\Dashboard" loaded.
CRITICAL - 2021-10-29 21:12:40 --> 22 : The requested URL returned error: 400
#0 /home/nguh5634/public_html/system/HTTP/CURLRequest.php(823): CodeIgniter\HTTP\Exceptions\HTTPException::forCurlError('22', 'The requested U...')
#1 /home/nguh5634/public_html/system/HTTP/CURLRequest.php(449): CodeIgniter\HTTP\CURLRequest->sendRequest(Array)
#2 /home/nguh5634/public_html/system/HTTP/CURLRequest.php(158): CodeIgniter\HTTP\CURLRequest->send('POST', 'https://app.san...')
#3 /home/nguh5634/public_html/app/ThirdParty/Codenom/Midtrans/src/HTTP/APIMidtrans.php(37): CodeIgniter\HTTP\CURLRequest->request('POST', 'https://app.san...', Array)
#4 /home/nguh5634/public_html/app/ThirdParty/Codenom/Midtrans/src/Midtrans.php(58): Codenom\Midtrans\HTTP\APIMidtrans::call('POST', 'https://app.san...', 'SB-Mid-server-5...', Array)
#5 /home/nguh5634/public_html/app/Controllers/base/Dashboard.php(1187): Codenom\Midtrans\Midtrans->getSnapToken(Array)
#6 /home/nguh5634/public_html/system/CodeIgniter.php(910): App\Controllers\base\Dashboard->token()
#7 /home/nguh5634/public_html/system/CodeIgniter.php(398): CodeIgniter\CodeIgniter->runController(Object(App\Controllers\base\Dashboard))
#8 /home/nguh5634/public_html/system/CodeIgniter.php(306): CodeIgniter\CodeIgniter->handleRequest(NULL, Object(Config\Cache), false)
#9 /home/nguh5634/public_html/index.php(45): CodeIgniter\CodeIgniter->run()
#10 {main}
INFO - 2021-10-29 21:12:42 --> Session: Class initialized using 'CodeIgniter\Session\Handlers\FileHandler' driver.
INFO - 2021-10-29 21:12:42 --> Controller "App\Controllers\base\Dashboard" loaded.
INFO - 2021-10-29 21:12:42 --> Session: Class initialized using 'CodeIgniter\Session\Handlers\FileHandler' driver.
INFO - 2021-10-29 21:12:42 --> Controller "App\Controllers\base\Dashboard" loaded.
INFO - 2021-10-29 21:12:45 --> Session: Class initialized using 'CodeIgniter\Session\Handlers\FileHandler' driver.
INFO - 2021-10-29 21:12:45 --> Controller "App\Controllers\base\Dashboard" loaded.
INFO - 2021-10-29 21:12:52 --> Controller "App\Controllers\base\Beranda" loaded.
INFO - 2021-10-29 21:12:53 --> Session: Class initialized using 'CodeIgniter\Session\Handlers\FileHandler' driver.
INFO - 2021-10-29 21:12:53 --> Controller "App\Controllers\base\Dashboard" loaded.
INFO - 2021-10-29 21:12:54 --> Session: Class initialized using 'CodeIgniter\Session\Handlers\FileHandler' driver.
INFO - 2021-10-29 21:12:54 --> Controller "App\Controllers\base\Dashboard" loaded.
INFO - 2021-10-29 21:13:09 --> Controller "App\Controllers\base\Beranda" loaded.
INFO - 2021-10-29 21:16:58 --> Session: Class initialized using 'CodeIgniter\Session\Handlers\FileHandler' driver.
INFO - 2021-10-29 21:16:58 --> Controller "App\Controllers\base\Dashboard" loaded.
INFO - 2021-10-29 21:17:00 --> Session: Class initialized using 'CodeIgniter\Session\Handlers\FileHandler' driver.
INFO - 2021-10-29 21:17:00 --> Controller "App\Controllers\base\Dashboard" loaded.
INFO - 2021-10-29 21:17:00 --> Session: Class initialized using 'CodeIgniter\Session\Handlers\FileHandler' driver.
INFO - 2021-10-29 21:17:00 --> Controller "App\Controllers\base\Dashboard" loaded.
INFO - 2021-10-29 21:17:04 --> Session: Class initialized using 'CodeIgniter\Session\Handlers\FileHandler' driver.
INFO - 2021-10-29 21:17:04 --> Controller "App\Controllers\base\Dashboard" loaded.
INFO - 2021-10-29 21:17:16 --> Controller "App\Controllers\base\Beranda" loaded.
INFO - 2021-10-29 21:17:19 --> Session: Class initialized using 'CodeIgniter\Session\Handlers\FileHandler' driver.
INFO - 2021-10-29 21:17:19 --> Controller "App\Controllers\base\Dashboard" loaded.
INFO - 2021-10-29 21:17:19 --> Session: Class initialized using 'CodeIgniter\Session\Handlers\FileHandler' driver.
INFO - 2021-10-29 21:17:19 --> Controller "App\Controllers\base\Dashboard" loaded.
INFO - 2021-10-29 21:17:41 --> Controller "App\Controllers\base\Beranda" loaded.
INFO - 2021-10-29 21:18:36 --> Session: Class initialized using 'CodeIgniter\Session\Handlers\FileHandler' driver.
INFO - 2021-10-29 21:18:37 --> Controller "App\Controllers\admin\Admin" loaded.
INFO - 2021-10-29 21:18:53 --> Session: Class initialized using 'CodeIgniter\Session\Handlers\FileHandler' driver.
INFO - 2021-10-29 21:18:53 --> Controller "App\Controllers\undangan\Undangan" loaded.
INFO - 2021-10-29 21:20:03 --> Controller "App\Controllers\base\Beranda" loaded.
INFO - 2021-10-29 21:24:54 --> Session: Class initialized using 'CodeIgniter\Session\Handlers\FileHandler' driver.
INFO - 2021-10-29 21:24:54 --> Controller "App\Controllers\base\Dashboard" loaded.
INFO - 2021-10-29 21:24:54 --> Session: Class initialized using 'CodeIgniter\Session\Handlers\FileHandler' driver.
INFO - 2021-10-29 21:24:54 --> Controller "App\Controllers\base\Dashboard" loaded.
INFO - 2021-10-29 21:24:58 --> Session: Class initialized using 'CodeIgniter\Session\Handlers\FileHandler' driver.
INFO - 2021-10-29 21:24:58 --> Controller "App\Controllers\base\Dashboard" loaded.
INFO - 2021-10-29 21:26:02 --> Session: Class initialized using 'CodeIgniter\Session\Handlers\FileHandler' driver.
INFO - 2021-10-29 21:26:02 --> Controller "App\Controllers\base\Dashboard" loaded.
INFO - 2021-10-29 21:26:05 --> Session: Class initialized using 'CodeIgniter\Session\Handlers\FileHandler' driver.
INFO - 2021-10-29 21:26:05 --> Controller "App\Controllers\base\Dashboard" loaded.
INFO - 2021-10-29 21:26:15 --> Controller "App\Controllers\base\Beranda" loaded.
INFO - 2021-10-29 21:26:16 --> Session: Class initialized using 'CodeIgniter\Session\Handlers\FileHandler' driver.
INFO - 2021-10-29 21:26:16 --> Controller "App\Controllers\base\Dashboard" loaded.
INFO - 2021-10-29 21:26:16 --> Session: Class initialized using 'CodeIgniter\Session\Handlers\FileHandler' driver.
INFO - 2021-10-29 21:26:16 --> Controller "App\Controllers\base\Dashboard" loaded.
INFO - 2021-10-29 21:26:21 --> Session: Class initialized using 'CodeIgniter\Session\Handlers\FileHandler' driver.
INFO - 2021-10-29 21:26:21 --> Controller "App\Controllers\base\Dashboard" loaded.
INFO - 2021-10-29 21:26:21 --> Session: Class initialized using 'CodeIgniter\Session\Handlers\FileHandler' driver.
INFO - 2021-10-29 21:26:21 --> Controller "App\Controllers\base\Dashboard" loaded.
INFO - 2021-10-29 21:26:25 --> Session: Class initialized using 'CodeIgniter\Session\Handlers\FileHandler' driver.
INFO - 2021-10-29 21:26:25 --> Controller "App\Controllers\base\Dashboard" loaded.
INFO - 2021-10-29 21:26:32 --> Controller "App\Controllers\base\Beranda" loaded.
INFO - 2021-10-29 21:26:35 --> Session: Class initialized using 'CodeIgniter\Session\Handlers\FileHandler' driver.
INFO - 2021-10-29 21:26:35 --> Controller "App\Controllers\base\Dashboard" loaded.
INFO - 2021-10-29 21:26:36 --> Session: Class initialized using 'CodeIgniter\Session\Handlers\FileHandler' driver.
INFO - 2021-10-29 21:26:36 --> Controller "App\Controllers\base\Dashboard" loaded.
INFO - 2021-10-29 21:26:40 --> Session: Class initialized using 'CodeIgniter\Session\Handlers\FileHandler' driver.
INFO - 2021-10-29 21:26:40 --> Controller "App\Controllers\base\Dashboard" loaded.
INFO - 2021-10-29 21:26:40 --> Session: Class initialized using 'CodeIgniter\Session\Handlers\FileHandler' driver.
INFO - 2021-10-29 21:26:40 --> Controller "App\Controllers\base\Dashboard" loaded.
INFO - 2021-10-29 21:28:26 --> Session: Class initialized using 'CodeIgniter\Session\Handlers\FileHandler' driver.
INFO - 2021-10-29 21:28:26 --> Controller "App\Controllers\base\Dashboard" loaded.
INFO - 2021-10-29 21:28:26 --> Session: Class initialized using 'CodeIgniter\Session\Handlers\FileHandler' driver.
INFO - 2021-10-29 21:28:26 --> Controller "App\Controllers\base\Dashboard" loaded.
INFO - 2021-10-29 21:28:31 --> Session: Class initialized using 'CodeIgniter\Session\Handlers\FileHandler' driver.
INFO - 2021-10-29 21:28:31 --> Controller "App\Controllers\base\Dashboard" loaded.
INFO - 2021-10-29 21:28:45 --> Controller "App\Controllers\base\Beranda" loaded.
INFO - 2021-10-29 21:28:59 --> Controller "App\Controllers\base\Beranda" loaded.
INFO - 2021-10-29 21:29:02 --> Session: Class initialized using 'CodeIgniter\Session\Handlers\FileHandler' driver.
INFO - 2021-10-29 21:29:02 --> Controller "App\Controllers\base\Dashboard" loaded.
INFO - 2021-10-29 21:29:02 --> Session: Class initialized using 'CodeIgniter\Session\Handlers\FileHandler' driver.
INFO - 2021-10-29 21:29:02 --> Controller "App\Controllers\base\Dashboard" loaded.
INFO - 2021-10-29 21:29:20 --> Controller "App\Controllers\base\Beranda" loaded.
INFO - 2021-10-29 21:29:26 --> Session: Class initialized using 'CodeIgniter\Session\Handlers\FileHandler' driver.
INFO - 2021-10-29 21:29:26 --> Controller "App\Controllers\base\Dashboard" loaded.
INFO - 2021-10-29 21:29:47 --> Session: Class initialized using 'CodeIgniter\Session\Handlers\FileHandler' driver.
INFO - 2021-10-29 21:29:47 --> Controller "App\Controllers\base\Dashboard" loaded.
INFO - 2021-10-29 21:30:02 --> Controller "App\Controllers\base\Beranda" loaded.
INFO - 2021-10-29 21:37:06 --> Session: Class initialized using 'CodeIgniter\Session\Handlers\FileHandler' driver.
INFO - 2021-10-29 21:37:06 --> Controller "App\Controllers\base\Dashboard" loaded.
INFO - 2021-10-29 21:37:09 --> Session: Class initialized using 'CodeIgniter\Session\Handlers\FileHandler' driver.
INFO - 2021-10-29 21:37:09 --> Controller "App\Controllers\base\Dashboard" loaded.
INFO - 2021-10-29 21:37:11 --> Session: Class initialized using 'CodeIgniter\Session\Handlers\FileHandler' driver.
INFO - 2021-10-29 21:37:11 --> Controller "App\Controllers\base\Dashboard" loaded.
INFO - 2021-10-29 21:37:14 --> Session: Class initialized using 'CodeIgniter\Session\Handlers\FileHandler' driver.
INFO - 2021-10-29 21:37:14 --> Controller "App\Controllers\base\Dashboard" loaded.
INFO - 2021-10-29 21:37:14 --> Session: Class initialized using 'CodeIgniter\Session\Handlers\FileHandler' driver.
INFO - 2021-10-29 21:37:14 --> Controller "App\Controllers\base\Dashboard" loaded.
INFO - 2021-10-29 21:37:19 --> Controller "App\Controllers\base\Beranda" loaded.
INFO - 2021-10-29 21:38:21 --> Session: Class initialized using 'CodeIgniter\Session\Handlers\FileHandler' driver.
INFO - 2021-10-29 21:38:22 --> Controller "App\Controllers\base\Dashboard" loaded.
INFO - 2021-10-29 21:38:22 --> Session: Class initialized using 'CodeIgniter\Session\Handlers\FileHandler' driver.
INFO - 2021-10-29 21:38:22 --> Controller "App\Controllers\base\Dashboard" loaded.
INFO - 2021-10-29 21:38:49 --> Session: Class initialized using 'CodeIgniter\Session\Handlers\FileHandler' driver.
INFO - 2021-10-29 21:38:49 --> Controller "App\Controllers\base\Dashboard" loaded.
INFO - 2021-10-29 21:38:51 --> Session: Class initialized using 'CodeIgniter\Session\Handlers\FileHandler' driver.
INFO - 2021-10-29 21:38:51 --> Controller "App\Controllers\base\Dashboard" loaded.
INFO - 2021-10-29 21:38:54 --> Session: Class initialized using 'CodeIgniter\Session\Handlers\FileHandler' driver.
INFO - 2021-10-29 21:38:54 --> Controller "App\Controllers\base\Dashboard" loaded.
INFO - 2021-10-29 21:38:54 --> Session: Class initialized using 'CodeIgniter\Session\Handlers\FileHandler' driver.
INFO - 2021-10-29 21:38:54 --> Controller "App\Controllers\base\Dashboard" loaded.
INFO - 2021-10-29 21:38:58 --> Session: Class initialized using 'CodeIgniter\Session\Handlers\FileHandler' driver.
INFO - 2021-10-29 21:38:58 --> Controller "App\Controllers\base\Dashboard" loaded.
INFO - 2021-10-29 21:39:21 --> Controller "App\Controllers\base\Beranda" loaded.
INFO - 2021-10-29 21:39:21 --> Session: Class initialized using 'CodeIgniter\Session\Handlers\FileHandler' driver.
INFO - 2021-10-29 21:39:21 --> Controller "App\Controllers\base\Dashboard" loaded.
INFO - 2021-10-29 21:39:22 --> Session: Class initialized using 'CodeIgniter\Session\Handlers\FileHandler' driver.
INFO - 2021-10-29 21:39:22 --> Controller "App\Controllers\base\Dashboard" loaded.
INFO - 2021-10-29 21:40:02 --> Controller "App\Controllers\base\Beranda" loaded.
INFO - 2021-10-29 21:50:02 --> Controller "App\Controllers\base\Beranda" loaded.
INFO - 2021-10-29 21:54:13 --> Session: Class initialized using 'CodeIgniter\Session\Handlers\FileHandler' driver.
INFO - 2021-10-29 21:54:13 --> Controller "App\Controllers\undangan\Undangan" loaded.
INFO - 2021-10-29 21:54:48 --> Controller "App\Controllers\base\Beranda" loaded.
INFO - 2021-10-29 21:54:55 --> Session: Class initialized using 'CodeIgniter\Session\Handlers\FileHandler' driver.
INFO - 2021-10-29 21:54:55 --> Controller "App\Controllers\bukutamu\Bukutamu" loaded.
INFO - 2021-10-29 21:55:05 --> Controller "App\Controllers\base\Beranda" loaded.
INFO - 2021-10-29 21:55:22 --> Controller "App\Controllers\base\Beranda" loaded.
INFO - 2021-10-29 21:55:45 --> Controller "App\Controllers\base\Beranda" loaded.
INFO - 2021-10-29 21:55:49 --> Session: Class initialized using 'CodeIgniter\Session\Handlers\FileHandler' driver.
INFO - 2021-10-29 21:55:49 --> Controller "App\Controllers\base\Order" loaded.
INFO - 2021-10-29 21:55:49 --> Controller "App\Controllers\base\Beranda" loaded.
INFO - 2021-10-29 21:55:53 --> Session: Class initialized using 'CodeIgniter\Session\Handlers\FileHandler' driver.
INFO - 2021-10-29 21:55:53 --> Controller "App\Controllers\base\Order" loaded.
INFO - 2021-10-29 21:56:02 --> Controller "App\Controllers\base\Beranda" loaded.
INFO - 2021-10-29 21:56:11 --> Controller "App\Controllers\base\Beranda" loaded.
INFO - 2021-10-29 21:56:17 --> Controller "App\Controllers\base\Beranda" loaded.
INFO - 2021-10-29 21:56:33 --> Controller "App\Controllers\base\Beranda" loaded.
INFO - 2021-10-29 21:56:36 --> Controller "App\Controllers\base\Beranda" loaded.
INFO - 2021-10-29 21:56:43 --> Controller "App\Controllers\base\Beranda" loaded.
INFO - 2021-10-29 21:56:46 --> Controller "App\Controllers\base\Beranda" loaded.
INFO - 2021-10-29 21:56:51 --> Controller "App\Controllers\base\Beranda" loaded.
INFO - 2021-10-29 21:59:40 --> Controller "App\Controllers\base\Beranda" loaded.
INFO - 2021-10-29 22:00:02 --> Controller "App\Controllers\base\Beranda" loaded.
INFO - 2021-10-29 22:02:41 --> Session: Class initialized using 'CodeIgniter\Session\Handlers\FileHandler' driver.
INFO - 2021-10-29 22:02:41 --> Controller "App\Controllers\admin\Admin" loaded.
INFO - 2021-10-29 22:02:45 --> Session: Class initialized using 'CodeIgniter\Session\Handlers\FileHandler' driver.
INFO - 2021-10-29 22:02:45 --> Controller "App\Controllers\base\Dashboard" loaded.
INFO - 2021-10-29 22:10:02 --> Controller "App\Controllers\base\Beranda" loaded.
INFO - 2021-10-29 22:20:02 --> Controller "App\Controllers\base\Beranda" loaded.
INFO - 2021-10-29 22:30:02 --> Controller "App\Controllers\base\Beranda" loaded.
INFO - 2021-10-29 22:40:02 --> Controller "App\Controllers\base\Beranda" loaded.
INFO - 2021-10-29 22:50:02 --> Controller "App\Controllers\base\Beranda" loaded.
INFO - 2021-10-29 23:04:10 --> Session: Class initialized using 'CodeIgniter\Session\Handlers\FileHandler' driver.
INFO - 2021-10-29 23:04:10 --> Controller "App\Controllers\undangan\Undangan" loaded.
INFO - 2021-10-29 23:07:36 --> Controller "App\Controllers\base\Beranda" loaded.
INFO - 2021-10-29 23:07:50 --> Controller "App\Controllers\base\Beranda" loaded.
INFO - 2021-10-29 23:08:00 --> Controller "App\Controllers\base\Beranda" loaded.
INFO - 2021-10-29 23:13:13 --> Controller "App\Controllers\base\Beranda" loaded.
INFO - 2021-10-29 23:23:26 --> Controller "App\Controllers\base\Beranda" loaded.
INFO - 2021-10-29 23:25:05 --> Session: Class initialized using 'CodeIgniter\Session\Handlers\FileHandler' driver.
INFO - 2021-10-29 23:25:05 --> Controller "App\Controllers\base\Order" loaded.
INFO - 2021-10-29 23:25:05 --> Controller "App\Controllers\base\Beranda" loaded.
INFO - 2021-10-29 23:25:58 --> Session: Class initialized using 'CodeIgniter\Session\Handlers\FileHandler' driver.
INFO - 2021-10-29 23:25:58 --> Controller "App\Controllers\base\Order" loaded.
INFO - 2021-10-29 23:26:08 --> Controller "App\Controllers\base\Beranda" loaded.
INFO - 2021-10-29 23:26:14 --> Controller "App\Controllers\base\Beranda" loaded.
INFO - 2021-10-29 23:44:18 --> Controller "App\Controllers\base\Beranda" loaded.
INFO - 2021-10-29 23:45:16 --> Controller "App\Controllers\base\Beranda" loaded.
INFO - 2021-10-29 23:45:16 --> Controller "App\Controllers\base\Beranda" loaded.
