INFO - 2021-02-25 00:09:11 --> Session: Class initialized using 'CodeIgniter\Session\Handlers\FileHandler' driver.
INFO - 2021-02-25 00:09:11 --> Controller "App\Controllers\admin\Admin" loaded.
INFO - 2021-02-25 00:09:18 --> Controller "App\Controllers\base\Beranda" loaded.
INFO - 2021-02-25 00:09:22 --> Session: Class initialized using 'CodeIgniter\Session\Handlers\FileHandler' driver.
INFO - 2021-02-25 00:09:22 --> Controller "App\Controllers\base\Dashboard" loaded.
INFO - 2021-02-25 00:09:22 --> Session: Class initialized using 'CodeIgniter\Session\Handlers\FileHandler' driver.
INFO - 2021-02-25 00:09:22 --> Controller "App\Controllers\base\Dashboard" loaded.
INFO - 2021-02-25 00:09:31 --> Session: Class initialized using 'CodeIgniter\Session\Handlers\FileHandler' driver.
INFO - 2021-02-25 00:09:31 --> Controller "App\Controllers\base\Dashboard" loaded.
INFO - 2021-02-25 00:09:31 --> Session: Class initialized using 'CodeIgniter\Session\Handlers\FileHandler' driver.
INFO - 2021-02-25 00:09:31 --> Controller "App\Controllers\base\Dashboard" loaded.
INFO - 2021-02-25 00:09:40 --> Session: Class initialized using 'CodeIgniter\Session\Handlers\FileHandler' driver.
INFO - 2021-02-25 00:09:40 --> Controller "App\Controllers\base\Dashboard" loaded.
INFO - 2021-02-25 00:09:40 --> Session: Class initialized using 'CodeIgniter\Session\Handlers\FileHandler' driver.
INFO - 2021-02-25 00:09:40 --> Controller "App\Controllers\base\Dashboard" loaded.
INFO - 2021-02-25 00:10:02 --> Session: Class initialized using 'CodeIgniter\Session\Handlers\FileHandler' driver.
INFO - 2021-02-25 00:10:02 --> Controller "App\Controllers\base\Dashboard" loaded.
INFO - 2021-02-25 00:10:05 --> Session: Class initialized using 'CodeIgniter\Session\Handlers\FileHandler' driver.
INFO - 2021-02-25 00:10:05 --> Controller "App\Controllers\base\Dashboard" loaded.
INFO - 2021-02-25 00:10:31 --> Session: Class initialized using 'CodeIgniter\Session\Handlers\FileHandler' driver.
INFO - 2021-02-25 00:10:31 --> Controller "App\Controllers\base\Dashboard" loaded.
INFO - 2021-02-25 00:12:03 --> Session: Class initialized using 'CodeIgniter\Session\Handlers\FileHandler' driver.
INFO - 2021-02-25 00:12:03 --> Controller "App\Controllers\base\Dashboard" loaded.
INFO - 2021-02-25 00:24:29 --> Session: Class initialized using 'CodeIgniter\Session\Handlers\FileHandler' driver.
INFO - 2021-02-25 00:24:29 --> Controller "App\Controllers\base\Dashboard" loaded.
INFO - 2021-02-25 00:24:31 --> Session: Class initialized using 'CodeIgniter\Session\Handlers\FileHandler' driver.
INFO - 2021-02-25 00:24:31 --> Controller "App\Controllers\base\Dashboard" loaded.
INFO - 2021-02-25 00:24:34 --> Session: Class initialized using 'CodeIgniter\Session\Handlers\FileHandler' driver.
INFO - 2021-02-25 00:24:34 --> Controller "App\Controllers\base\Dashboard" loaded.
INFO - 2021-02-25 00:26:10 --> Session: Class initialized using 'CodeIgniter\Session\Handlers\FileHandler' driver.
INFO - 2021-02-25 00:26:10 --> Controller "App\Controllers\base\Dashboard" loaded.
INFO - 2021-02-25 00:26:10 --> Session: Class initialized using 'CodeIgniter\Session\Handlers\FileHandler' driver.
INFO - 2021-02-25 00:26:10 --> Controller "App\Controllers\base\Dashboard" loaded.
INFO - 2021-02-25 00:26:16 --> Session: Class initialized using 'CodeIgniter\Session\Handlers\FileHandler' driver.
INFO - 2021-02-25 00:26:16 --> Controller "App\Controllers\undangan\Undangan" loaded.
INFO - 2021-02-25 00:26:23 --> Controller "App\Controllers\base\Beranda" loaded.
INFO - 2021-02-25 00:26:28 --> Session: Class initialized using 'CodeIgniter\Session\Handlers\FileHandler' driver.
INFO - 2021-02-25 00:26:28 --> Controller "App\Controllers\base\Dashboard" loaded.
INFO - 2021-02-25 00:26:42 --> Session: Class initialized using 'CodeIgniter\Session\Handlers\FileHandler' driver.
INFO - 2021-02-25 00:26:42 --> Controller "App\Controllers\base\Dashboard" loaded.
INFO - 2021-02-25 00:26:42 --> Session: Class initialized using 'CodeIgniter\Session\Handlers\FileHandler' driver.
INFO - 2021-02-25 00:26:42 --> Controller "App\Controllers\base\Dashboard" loaded.
INFO - 2021-02-25 00:30:11 --> Session: Class initialized using 'CodeIgniter\Session\Handlers\FileHandler' driver.
INFO - 2021-02-25 00:30:11 --> Controller "App\Controllers\base\Dashboard" loaded.
INFO - 2021-02-25 00:30:55 --> Session: Class initialized using 'CodeIgniter\Session\Handlers\FileHandler' driver.
INFO - 2021-02-25 00:30:55 --> Controller "App\Controllers\base\Dashboard" loaded.
INFO - 2021-02-25 00:31:02 --> Session: Class initialized using 'CodeIgniter\Session\Handlers\FileHandler' driver.
INFO - 2021-02-25 00:31:02 --> Controller "App\Controllers\base\Dashboard" loaded.
INFO - 2021-02-25 00:31:19 --> Session: Class initialized using 'CodeIgniter\Session\Handlers\FileHandler' driver.
INFO - 2021-02-25 00:31:19 --> Controller "App\Controllers\undangan\Undangan" loaded.
INFO - 2021-02-25 00:31:47 --> Session: Class initialized using 'CodeIgniter\Session\Handlers\FileHandler' driver.
INFO - 2021-02-25 00:31:47 --> Controller "App\Controllers\undangan\Undangan" loaded.
INFO - 2021-02-25 00:31:51 --> Session: Class initialized using 'CodeIgniter\Session\Handlers\FileHandler' driver.
INFO - 2021-02-25 00:31:51 --> Controller "App\Controllers\base\Dashboard" loaded.
INFO - 2021-02-25 00:31:56 --> Session: Class initialized using 'CodeIgniter\Session\Handlers\FileHandler' driver.
INFO - 2021-02-25 00:31:56 --> Controller "App\Controllers\base\Dashboard" loaded.
INFO - 2021-02-25 00:32:04 --> Session: Class initialized using 'CodeIgniter\Session\Handlers\FileHandler' driver.
INFO - 2021-02-25 00:32:04 --> Controller "App\Controllers\base\Dashboard" loaded.
INFO - 2021-02-25 00:32:06 --> Session: Class initialized using 'CodeIgniter\Session\Handlers\FileHandler' driver.
INFO - 2021-02-25 00:32:06 --> Controller "App\Controllers\base\Dashboard" loaded.
INFO - 2021-02-25 00:32:09 --> Session: Class initialized using 'CodeIgniter\Session\Handlers\FileHandler' driver.
INFO - 2021-02-25 00:32:10 --> Controller "App\Controllers\base\Dashboard" loaded.
INFO - 2021-02-25 00:35:26 --> Session: Class initialized using 'CodeIgniter\Session\Handlers\FileHandler' driver.
INFO - 2021-02-25 00:35:26 --> Controller "App\Controllers\base\Dashboard" loaded.
INFO - 2021-02-25 00:35:36 --> Session: Class initialized using 'CodeIgniter\Session\Handlers\FileHandler' driver.
INFO - 2021-02-25 00:35:36 --> Controller "App\Controllers\base\Dashboard" loaded.
INFO - 2021-02-25 00:36:57 --> Session: Class initialized using 'CodeIgniter\Session\Handlers\FileHandler' driver.
INFO - 2021-02-25 00:36:57 --> Controller "App\Controllers\base\Dashboard" loaded.
INFO - 2021-02-25 00:36:59 --> Session: Class initialized using 'CodeIgniter\Session\Handlers\FileHandler' driver.
INFO - 2021-02-25 00:36:59 --> Controller "App\Controllers\base\Dashboard" loaded.
INFO - 2021-02-25 00:37:02 --> Session: Class initialized using 'CodeIgniter\Session\Handlers\FileHandler' driver.
INFO - 2021-02-25 00:37:02 --> Controller "App\Controllers\undangan\Undangan" loaded.
INFO - 2021-02-25 00:37:05 --> Session: Class initialized using 'CodeIgniter\Session\Handlers\FileHandler' driver.
INFO - 2021-02-25 00:37:05 --> Controller "App\Controllers\base\Dashboard" loaded.
INFO - 2021-02-25 00:37:08 --> Session: Class initialized using 'CodeIgniter\Session\Handlers\FileHandler' driver.
INFO - 2021-02-25 00:37:08 --> Controller "App\Controllers\base\Dashboard" loaded.
INFO - 2021-02-25 00:38:23 --> Session: Class initialized using 'CodeIgniter\Session\Handlers\FileHandler' driver.
INFO - 2021-02-25 00:38:23 --> Controller "App\Controllers\base\Dashboard" loaded.
INFO - 2021-02-25 00:38:25 --> Session: Class initialized using 'CodeIgniter\Session\Handlers\FileHandler' driver.
INFO - 2021-02-25 00:38:25 --> Controller "App\Controllers\base\Dashboard" loaded.
INFO - 2021-02-25 00:38:27 --> Session: Class initialized using 'CodeIgniter\Session\Handlers\FileHandler' driver.
INFO - 2021-02-25 00:38:27 --> Controller "App\Controllers\base\Dashboard" loaded.
INFO - 2021-02-25 00:42:28 --> Session: Class initialized using 'CodeIgniter\Session\Handlers\FileHandler' driver.
INFO - 2021-02-25 00:42:28 --> Controller "App\Controllers\base\Dashboard" loaded.
INFO - 2021-02-25 00:42:31 --> Session: Class initialized using 'CodeIgniter\Session\Handlers\FileHandler' driver.
INFO - 2021-02-25 00:42:31 --> Controller "App\Controllers\base\Dashboard" loaded.
INFO - 2021-02-25 00:42:34 --> Session: Class initialized using 'CodeIgniter\Session\Handlers\FileHandler' driver.
INFO - 2021-02-25 00:42:34 --> Controller "App\Controllers\base\Dashboard" loaded.
INFO - 2021-02-25 00:43:13 --> Session: Class initialized using 'CodeIgniter\Session\Handlers\FileHandler' driver.
INFO - 2021-02-25 00:43:13 --> Controller "App\Controllers\base\Dashboard" loaded.
INFO - 2021-02-25 00:43:16 --> Session: Class initialized using 'CodeIgniter\Session\Handlers\FileHandler' driver.
INFO - 2021-02-25 00:43:16 --> Controller "App\Controllers\base\Dashboard" loaded.
INFO - 2021-02-25 00:45:06 --> Session: Class initialized using 'CodeIgniter\Session\Handlers\FileHandler' driver.
INFO - 2021-02-25 00:45:06 --> Controller "App\Controllers\base\Dashboard" loaded.
INFO - 2021-02-25 00:45:09 --> Session: Class initialized using 'CodeIgniter\Session\Handlers\FileHandler' driver.
INFO - 2021-02-25 00:45:09 --> Controller "App\Controllers\base\Dashboard" loaded.
INFO - 2021-02-25 00:45:13 --> Session: Class initialized using 'CodeIgniter\Session\Handlers\FileHandler' driver.
INFO - 2021-02-25 00:45:13 --> Controller "App\Controllers\base\Dashboard" loaded.
INFO - 2021-02-25 00:45:13 --> Session: Class initialized using 'CodeIgniter\Session\Handlers\FileHandler' driver.
INFO - 2021-02-25 00:45:13 --> Controller "App\Controllers\base\Dashboard" loaded.
INFO - 2021-02-25 00:45:21 --> Session: Class initialized using 'CodeIgniter\Session\Handlers\FileHandler' driver.
INFO - 2021-02-25 00:45:21 --> Controller "App\Controllers\base\Dashboard" loaded.
INFO - 2021-02-25 00:45:21 --> Session: Class initialized using 'CodeIgniter\Session\Handlers\FileHandler' driver.
INFO - 2021-02-25 00:45:21 --> Controller "App\Controllers\base\Dashboard" loaded.
INFO - 2021-02-25 00:45:24 --> Session: Class initialized using 'CodeIgniter\Session\Handlers\FileHandler' driver.
INFO - 2021-02-25 00:45:24 --> Controller "App\Controllers\base\Dashboard" loaded.
INFO - 2021-02-25 00:48:49 --> Session: Class initialized using 'CodeIgniter\Session\Handlers\FileHandler' driver.
INFO - 2021-02-25 00:48:49 --> Controller "App\Controllers\base\Dashboard" loaded.
INFO - 2021-02-25 00:48:52 --> Session: Class initialized using 'CodeIgniter\Session\Handlers\FileHandler' driver.
INFO - 2021-02-25 00:48:52 --> Controller "App\Controllers\base\Dashboard" loaded.
INFO - 2021-02-25 00:48:52 --> Session: Class initialized using 'CodeIgniter\Session\Handlers\FileHandler' driver.
INFO - 2021-02-25 00:48:52 --> Controller "App\Controllers\base\Dashboard" loaded.
INFO - 2021-02-25 00:49:03 --> Session: Class initialized using 'CodeIgniter\Session\Handlers\FileHandler' driver.
INFO - 2021-02-25 00:49:03 --> Controller "App\Controllers\base\Dashboard" loaded.
INFO - 2021-02-25 00:49:03 --> Session: Class initialized using 'CodeIgniter\Session\Handlers\FileHandler' driver.
INFO - 2021-02-25 00:49:03 --> Controller "App\Controllers\base\Dashboard" loaded.
INFO - 2021-02-25 00:49:05 --> Session: Class initialized using 'CodeIgniter\Session\Handlers\FileHandler' driver.
INFO - 2021-02-25 00:49:05 --> Controller "App\Controllers\base\Dashboard" loaded.
INFO - 2021-02-25 00:49:33 --> Session: Class initialized using 'CodeIgniter\Session\Handlers\FileHandler' driver.
INFO - 2021-02-25 00:49:33 --> Controller "App\Controllers\base\Dashboard" loaded.
INFO - 2021-02-25 00:49:40 --> Session: Class initialized using 'CodeIgniter\Session\Handlers\FileHandler' driver.
INFO - 2021-02-25 00:49:40 --> Controller "App\Controllers\base\Dashboard" loaded.
INFO - 2021-02-25 00:50:15 --> Session: Class initialized using 'CodeIgniter\Session\Handlers\FileHandler' driver.
INFO - 2021-02-25 00:50:15 --> Controller "App\Controllers\base\Dashboard" loaded.
INFO - 2021-02-25 00:51:27 --> Session: Class initialized using 'CodeIgniter\Session\Handlers\FileHandler' driver.
INFO - 2021-02-25 00:51:27 --> Controller "App\Controllers\base\Dashboard" loaded.
INFO - 2021-02-25 00:53:09 --> Session: Class initialized using 'CodeIgniter\Session\Handlers\FileHandler' driver.
INFO - 2021-02-25 00:53:09 --> Controller "App\Controllers\base\Dashboard" loaded.
INFO - 2021-02-25 01:25:20 --> Session: Class initialized using 'CodeIgniter\Session\Handlers\FileHandler' driver.
INFO - 2021-02-25 01:25:20 --> Controller "App\Controllers\admin\Admin" loaded.
INFO - 2021-02-25 01:25:20 --> Session: Class initialized using 'CodeIgniter\Session\Handlers\FileHandler' driver.
INFO - 2021-02-25 01:25:20 --> Controller "App\Controllers\admin\Admin" loaded.
INFO - 2021-02-25 01:25:24 --> Session: Class initialized using 'CodeIgniter\Session\Handlers\FileHandler' driver.
INFO - 2021-02-25 01:25:24 --> Controller "App\Controllers\admin\Admin" loaded.
INFO - 2021-02-25 01:31:25 --> Controller "App\Controllers\base\Beranda" loaded.
INFO - 2021-02-25 01:31:31 --> Session: Class initialized using 'CodeIgniter\Session\Handlers\FileHandler' driver.
INFO - 2021-02-25 01:31:31 --> Controller "App\Controllers\base\Dashboard" loaded.
INFO - 2021-02-25 01:31:31 --> Session: Class initialized using 'CodeIgniter\Session\Handlers\FileHandler' driver.
INFO - 2021-02-25 01:31:31 --> Controller "App\Controllers\base\Dashboard" loaded.
INFO - 2021-02-25 01:31:36 --> Session: Class initialized using 'CodeIgniter\Session\Handlers\FileHandler' driver.
INFO - 2021-02-25 01:31:36 --> Controller "App\Controllers\base\Dashboard" loaded.
INFO - 2021-02-25 01:32:10 --> Session: Class initialized using 'CodeIgniter\Session\Handlers\FileHandler' driver.
INFO - 2021-02-25 01:32:10 --> Controller "App\Controllers\admin\Admin" loaded.
INFO - 2021-02-25 01:32:52 --> Session: Class initialized using 'CodeIgniter\Session\Handlers\FileHandler' driver.
INFO - 2021-02-25 01:32:52 --> Controller "App\Controllers\base\Dashboard" loaded.
INFO - 2021-02-25 01:33:08 --> Session: Class initialized using 'CodeIgniter\Session\Handlers\FileHandler' driver.
INFO - 2021-02-25 01:33:08 --> Controller "App\Controllers\admin\Admin" loaded.
INFO - 2021-02-25 01:33:13 --> Session: Class initialized using 'CodeIgniter\Session\Handlers\FileHandler' driver.
INFO - 2021-02-25 01:33:13 --> Controller "App\Controllers\admin\Admin" loaded.
INFO - 2021-02-25 01:33:13 --> Session: Class initialized using 'CodeIgniter\Session\Handlers\FileHandler' driver.
INFO - 2021-02-25 01:33:13 --> Controller "App\Controllers\admin\Admin" loaded.
INFO - 2021-02-25 01:33:17 --> Session: Class initialized using 'CodeIgniter\Session\Handlers\FileHandler' driver.
INFO - 2021-02-25 01:33:17 --> Controller "App\Controllers\base\Dashboard" loaded.
INFO - 2021-02-25 01:33:36 --> Session: Class initialized using 'CodeIgniter\Session\Handlers\FileHandler' driver.
INFO - 2021-02-25 01:33:36 --> Controller "App\Controllers\base\Dashboard" loaded.
INFO - 2021-02-25 01:34:26 --> Session: Class initialized using 'CodeIgniter\Session\Handlers\FileHandler' driver.
INFO - 2021-02-25 01:34:26 --> Controller "App\Controllers\base\Dashboard" loaded.
INFO - 2021-02-25 01:34:26 --> Session: Class initialized using 'CodeIgniter\Session\Handlers\FileHandler' driver.
INFO - 2021-02-25 01:34:26 --> Controller "App\Controllers\base\Dashboard" loaded.
INFO - 2021-02-25 01:34:34 --> Session: Class initialized using 'CodeIgniter\Session\Handlers\FileHandler' driver.
INFO - 2021-02-25 01:34:34 --> Controller "App\Controllers\admin\Admin" loaded.
INFO - 2021-02-25 01:34:56 --> Session: Class initialized using 'CodeIgniter\Session\Handlers\FileHandler' driver.
INFO - 2021-02-25 01:34:56 --> Controller "App\Controllers\admin\Admin" loaded.
INFO - 2021-02-25 01:34:59 --> Session: Class initialized using 'CodeIgniter\Session\Handlers\FileHandler' driver.
INFO - 2021-02-25 01:34:59 --> Controller "App\Controllers\admin\Admin" loaded.
INFO - 2021-02-25 01:35:00 --> Session: Class initialized using 'CodeIgniter\Session\Handlers\FileHandler' driver.
INFO - 2021-02-25 01:35:00 --> Controller "App\Controllers\admin\Admin" loaded.
INFO - 2021-02-25 01:35:00 --> Session: Class initialized using 'CodeIgniter\Session\Handlers\FileHandler' driver.
INFO - 2021-02-25 01:35:00 --> Controller "App\Controllers\admin\Admin" loaded.
INFO - 2021-02-25 01:35:00 --> Session: Class initialized using 'CodeIgniter\Session\Handlers\FileHandler' driver.
INFO - 2021-02-25 01:35:00 --> Controller "App\Controllers\admin\Admin" loaded.
INFO - 2021-02-25 01:35:01 --> Session: Class initialized using 'CodeIgniter\Session\Handlers\FileHandler' driver.
INFO - 2021-02-25 01:35:01 --> Controller "App\Controllers\admin\Admin" loaded.
INFO - 2021-02-25 01:35:24 --> Session: Class initialized using 'CodeIgniter\Session\Handlers\FileHandler' driver.
INFO - 2021-02-25 01:35:24 --> Controller "App\Controllers\admin\Admin" loaded.
INFO - 2021-02-25 01:35:24 --> Session: Class initialized using 'CodeIgniter\Session\Handlers\FileHandler' driver.
INFO - 2021-02-25 01:35:24 --> Controller "App\Controllers\admin\Admin" loaded.
INFO - 2021-02-25 01:35:24 --> Session: Class initialized using 'CodeIgniter\Session\Handlers\FileHandler' driver.
INFO - 2021-02-25 01:35:24 --> Controller "App\Controllers\admin\Admin" loaded.
INFO - 2021-02-25 01:35:24 --> Session: Class initialized using 'CodeIgniter\Session\Handlers\FileHandler' driver.
INFO - 2021-02-25 01:35:24 --> Controller "App\Controllers\admin\Admin" loaded.
INFO - 2021-02-25 01:35:24 --> Session: Class initialized using 'CodeIgniter\Session\Handlers\FileHandler' driver.
INFO - 2021-02-25 01:35:24 --> Controller "App\Controllers\admin\Admin" loaded.
INFO - 2021-02-25 01:35:24 --> Session: Class initialized using 'CodeIgniter\Session\Handlers\FileHandler' driver.
INFO - 2021-02-25 01:35:24 --> Controller "App\Controllers\admin\Admin" loaded.
INFO - 2021-02-25 01:35:24 --> Session: Class initialized using 'CodeIgniter\Session\Handlers\FileHandler' driver.
INFO - 2021-02-25 01:35:24 --> Controller "App\Controllers\admin\Admin" loaded.
INFO - 2021-02-25 01:35:24 --> Session: Class initialized using 'CodeIgniter\Session\Handlers\FileHandler' driver.
INFO - 2021-02-25 01:35:24 --> Controller "App\Controllers\admin\Admin" loaded.
INFO - 2021-02-25 01:35:24 --> Session: Class initialized using 'CodeIgniter\Session\Handlers\FileHandler' driver.
INFO - 2021-02-25 01:35:24 --> Controller "App\Controllers\admin\Admin" loaded.
INFO - 2021-02-25 01:35:24 --> Session: Class initialized using 'CodeIgniter\Session\Handlers\FileHandler' driver.
INFO - 2021-02-25 01:35:24 --> Controller "App\Controllers\admin\Admin" loaded.
INFO - 2021-02-25 01:35:24 --> Session: Class initialized using 'CodeIgniter\Session\Handlers\FileHandler' driver.
INFO - 2021-02-25 01:35:24 --> Controller "App\Controllers\admin\Admin" loaded.
INFO - 2021-02-25 01:35:24 --> Session: Class initialized using 'CodeIgniter\Session\Handlers\FileHandler' driver.
INFO - 2021-02-25 01:35:24 --> Controller "App\Controllers\admin\Admin" loaded.
INFO - 2021-02-25 01:35:24 --> Session: Class initialized using 'CodeIgniter\Session\Handlers\FileHandler' driver.
INFO - 2021-02-25 01:35:24 --> Controller "App\Controllers\admin\Admin" loaded.
INFO - 2021-02-25 01:35:24 --> Session: Class initialized using 'CodeIgniter\Session\Handlers\FileHandler' driver.
INFO - 2021-02-25 01:35:24 --> Controller "App\Controllers\admin\Admin" loaded.
INFO - 2021-02-25 01:35:24 --> Session: Class initialized using 'CodeIgniter\Session\Handlers\FileHandler' driver.
INFO - 2021-02-25 01:35:24 --> Controller "App\Controllers\admin\Admin" loaded.
INFO - 2021-02-25 01:35:25 --> Session: Class initialized using 'CodeIgniter\Session\Handlers\FileHandler' driver.
INFO - 2021-02-25 01:35:25 --> Controller "App\Controllers\admin\Admin" loaded.
INFO - 2021-02-25 01:35:25 --> Session: Class initialized using 'CodeIgniter\Session\Handlers\FileHandler' driver.
INFO - 2021-02-25 01:35:25 --> Controller "App\Controllers\admin\Admin" loaded.
INFO - 2021-02-25 01:35:35 --> Session: Class initialized using 'CodeIgniter\Session\Handlers\FileHandler' driver.
INFO - 2021-02-25 01:35:35 --> Controller "App\Controllers\admin\Admin" loaded.
INFO - 2021-02-25 01:35:36 --> Session: Class initialized using 'CodeIgniter\Session\Handlers\FileHandler' driver.
INFO - 2021-02-25 01:35:36 --> Controller "App\Controllers\admin\Admin" loaded.
INFO - 2021-02-25 01:35:42 --> Session: Class initialized using 'CodeIgniter\Session\Handlers\FileHandler' driver.
INFO - 2021-02-25 01:35:42 --> Controller "App\Controllers\base\Dashboard" loaded.
INFO - 2021-02-25 01:35:50 --> Session: Class initialized using 'CodeIgniter\Session\Handlers\FileHandler' driver.
INFO - 2021-02-25 01:35:50 --> Controller "App\Controllers\base\Dashboard" loaded.
INFO - 2021-02-25 01:35:59 --> Session: Class initialized using 'CodeIgniter\Session\Handlers\FileHandler' driver.
INFO - 2021-02-25 01:35:59 --> Controller "App\Controllers\base\Dashboard" loaded.
INFO - 2021-02-25 01:36:08 --> Session: Class initialized using 'CodeIgniter\Session\Handlers\FileHandler' driver.
INFO - 2021-02-25 01:36:08 --> Controller "App\Controllers\admin\Admin" loaded.
INFO - 2021-02-25 01:39:52 --> Session: Class initialized using 'CodeIgniter\Session\Handlers\FileHandler' driver.
INFO - 2021-02-25 01:39:52 --> Controller "App\Controllers\base\Dashboard" loaded.
INFO - 2021-02-25 01:39:55 --> Session: Class initialized using 'CodeIgniter\Session\Handlers\FileHandler' driver.
INFO - 2021-02-25 01:39:55 --> Controller "App\Controllers\base\Dashboard" loaded.
INFO - 2021-02-25 01:46:38 --> Session: Class initialized using 'CodeIgniter\Session\Handlers\FileHandler' driver.
INFO - 2021-02-25 01:46:38 --> Controller "App\Controllers\base\Dashboard" loaded.
INFO - 2021-02-25 01:46:46 --> Session: Class initialized using 'CodeIgniter\Session\Handlers\FileHandler' driver.
INFO - 2021-02-25 01:46:46 --> Controller "App\Controllers\base\Dashboard" loaded.
INFO - 2021-02-25 01:58:49 --> Controller "App\Controllers\base\Beranda" loaded.
INFO - 2021-02-25 01:59:37 --> Session: Class initialized using 'CodeIgniter\Session\Handlers\FileHandler' driver.
INFO - 2021-02-25 01:59:37 --> Controller "App\Controllers\base\Dashboard" loaded.
INFO - 2021-02-25 02:04:16 --> Session: Class initialized using 'CodeIgniter\Session\Handlers\FileHandler' driver.
INFO - 2021-02-25 02:04:16 --> Controller "App\Controllers\base\Dashboard" loaded.
INFO - 2021-02-25 02:09:11 --> Controller "App\Controllers\base\Beranda" loaded.
INFO - 2021-02-25 02:09:35 --> Controller "App\Controllers\base\Beranda" loaded.
INFO - 2021-02-25 02:09:37 --> Controller "App\Controllers\base\Beranda" loaded.
INFO - 2021-02-25 02:10:12 --> Controller "App\Controllers\base\Beranda" loaded.
INFO - 2021-02-25 02:10:13 --> Controller "App\Controllers\base\Beranda" loaded.
INFO - 2021-02-25 02:10:15 --> Controller "App\Controllers\base\Beranda" loaded.
INFO - 2021-02-25 02:10:18 --> Controller "App\Controllers\base\Beranda" loaded.
INFO - 2021-02-25 02:11:41 --> Controller "App\Controllers\base\Beranda" loaded.
INFO - 2021-02-25 02:28:24 --> Session: Class initialized using 'CodeIgniter\Session\Handlers\FileHandler' driver.
INFO - 2021-02-25 02:28:24 --> Controller "App\Controllers\undangan\Undangan" loaded.
INFO - 2021-02-25 02:28:52 --> Session: Class initialized using 'CodeIgniter\Session\Handlers\FileHandler' driver.
INFO - 2021-02-25 02:28:52 --> Controller "App\Controllers\base\Dashboard" loaded.
INFO - 2021-02-25 02:28:54 --> Session: Class initialized using 'CodeIgniter\Session\Handlers\FileHandler' driver.
INFO - 2021-02-25 02:28:54 --> Controller "App\Controllers\base\Dashboard" loaded.
INFO - 2021-02-25 02:29:17 --> Session: Class initialized using 'CodeIgniter\Session\Handlers\FileHandler' driver.
INFO - 2021-02-25 02:29:17 --> Controller "App\Controllers\base\Dashboard" loaded.
INFO - 2021-02-25 02:33:59 --> Controller "App\Controllers\base\Beranda" loaded.
INFO - 2021-02-25 02:42:33 --> Session: Class initialized using 'CodeIgniter\Session\Handlers\FileHandler' driver.
INFO - 2021-02-25 02:42:33 --> Controller "App\Controllers\base\Dashboard" loaded.
INFO - 2021-02-25 02:42:36 --> Session: Class initialized using 'CodeIgniter\Session\Handlers\FileHandler' driver.
INFO - 2021-02-25 02:42:36 --> Controller "App\Controllers\base\Dashboard" loaded.
INFO - 2021-02-25 02:43:35 --> Session: Class initialized using 'CodeIgniter\Session\Handlers\FileHandler' driver.
INFO - 2021-02-25 02:43:35 --> Controller "App\Controllers\base\Dashboard" loaded.
INFO - 2021-02-25 02:43:43 --> Session: Class initialized using 'CodeIgniter\Session\Handlers\FileHandler' driver.
INFO - 2021-02-25 02:43:43 --> Controller "App\Controllers\base\Dashboard" loaded.
INFO - 2021-02-25 02:44:06 --> Session: Class initialized using 'CodeIgniter\Session\Handlers\FileHandler' driver.
INFO - 2021-02-25 02:44:06 --> Controller "App\Controllers\base\Dashboard" loaded.
INFO - 2021-02-25 02:44:08 --> Session: Class initialized using 'CodeIgniter\Session\Handlers\FileHandler' driver.
INFO - 2021-02-25 02:44:08 --> Controller "App\Controllers\undangan\Undangan" loaded.
INFO - 2021-02-25 02:47:09 --> Session: Class initialized using 'CodeIgniter\Session\Handlers\FileHandler' driver.
INFO - 2021-02-25 02:47:09 --> Controller "App\Controllers\base\Dashboard" loaded.
INFO - 2021-02-25 02:47:13 --> Session: Class initialized using 'CodeIgniter\Session\Handlers\FileHandler' driver.
INFO - 2021-02-25 02:47:13 --> Controller "App\Controllers\base\Dashboard" loaded.
INFO - 2021-02-25 02:47:20 --> Session: Class initialized using 'CodeIgniter\Session\Handlers\FileHandler' driver.
INFO - 2021-02-25 02:47:20 --> Controller "App\Controllers\base\Dashboard" loaded.
INFO - 2021-02-25 02:49:30 --> Session: Class initialized using 'CodeIgniter\Session\Handlers\FileHandler' driver.
INFO - 2021-02-25 02:49:30 --> Controller "App\Controllers\base\Dashboard" loaded.
INFO - 2021-02-25 02:49:32 --> Session: Class initialized using 'CodeIgniter\Session\Handlers\FileHandler' driver.
INFO - 2021-02-25 02:49:32 --> Controller "App\Controllers\base\Dashboard" loaded.
INFO - 2021-02-25 02:49:55 --> Session: Class initialized using 'CodeIgniter\Session\Handlers\FileHandler' driver.
INFO - 2021-02-25 02:49:55 --> Controller "App\Controllers\base\Dashboard" loaded.
INFO - 2021-02-25 02:50:27 --> Session: Class initialized using 'CodeIgniter\Session\Handlers\FileHandler' driver.
INFO - 2021-02-25 02:50:27 --> Controller "App\Controllers\base\Dashboard" loaded.
INFO - 2021-02-25 02:51:01 --> Session: Class initialized using 'CodeIgniter\Session\Handlers\FileHandler' driver.
INFO - 2021-02-25 02:51:01 --> Controller "App\Controllers\base\Dashboard" loaded.
INFO - 2021-02-25 02:51:04 --> Session: Class initialized using 'CodeIgniter\Session\Handlers\FileHandler' driver.
INFO - 2021-02-25 02:51:04 --> Controller "App\Controllers\base\Dashboard" loaded.
INFO - 2021-02-25 02:51:07 --> Session: Class initialized using 'CodeIgniter\Session\Handlers\FileHandler' driver.
INFO - 2021-02-25 02:51:07 --> Controller "App\Controllers\base\Dashboard" loaded.
INFO - 2021-02-25 02:51:09 --> Session: Class initialized using 'CodeIgniter\Session\Handlers\FileHandler' driver.
INFO - 2021-02-25 02:51:09 --> Controller "App\Controllers\base\Dashboard" loaded.
INFO - 2021-02-25 02:51:31 --> Session: Class initialized using 'CodeIgniter\Session\Handlers\FileHandler' driver.
INFO - 2021-02-25 02:51:31 --> Controller "App\Controllers\base\Dashboard" loaded.
INFO - 2021-02-25 02:55:22 --> Session: Class initialized using 'CodeIgniter\Session\Handlers\FileHandler' driver.
INFO - 2021-02-25 02:55:22 --> Controller "App\Controllers\base\Dashboard" loaded.
CRITICAL - 2021-02-25 02:55:22 --> syntax error, unexpected '}', expecting end of file
#0 /home/aguestpdmy/public_html/ngulemind/system/Common.php(1071): CodeIgniter\View\View->render('base/dashboard/...', Array, true)
#1 /home/aguestpdmy/public_html/ngulemind/app/Views/base/dashboard/layout.php(141): view('base/dashboard/...')
#2 /home/aguestpdmy/public_html/ngulemind/system/View/View.php(236): include('/home/aguestpdm...')
#3 /home/aguestpdmy/public_html/ngulemind/system/Common.php(1071): CodeIgniter\View\View->render('base/dashboard/...', Array, true)
#4 /home/aguestpdmy/public_html/ngulemind/app/Controllers/base/Dashboard.php(460): view('base/dashboard/...', Array)
#5 /home/aguestpdmy/public_html/ngulemind/system/CodeIgniter.php(910): App\Controllers\base\Dashboard->invoice()
#6 /home/aguestpdmy/public_html/ngulemind/system/CodeIgniter.php(398): CodeIgniter\CodeIgniter->runController(Object(App\Controllers\base\Dashboard))
#7 /home/aguestpdmy/public_html/ngulemind/system/CodeIgniter.php(306): CodeIgniter\CodeIgniter->handleRequest(NULL, Object(Config\Cache), false)
#8 /home/aguestpdmy/public_html/ngulemind/index.php(45): CodeIgniter\CodeIgniter->run()
#9 {main}
INFO - 2021-02-25 02:55:24 --> Session: Class initialized using 'CodeIgniter\Session\Handlers\FileHandler' driver.
INFO - 2021-02-25 02:55:24 --> Controller "App\Controllers\base\Dashboard" loaded.
CRITICAL - 2021-02-25 02:55:24 --> syntax error, unexpected '}', expecting end of file
#0 /home/aguestpdmy/public_html/ngulemind/system/Common.php(1071): CodeIgniter\View\View->render('base/dashboard/...', Array, true)
#1 /home/aguestpdmy/public_html/ngulemind/app/Views/base/dashboard/layout.php(141): view('base/dashboard/...')
#2 /home/aguestpdmy/public_html/ngulemind/system/View/View.php(236): include('/home/aguestpdm...')
#3 /home/aguestpdmy/public_html/ngulemind/system/Common.php(1071): CodeIgniter\View\View->render('base/dashboard/...', Array, true)
#4 /home/aguestpdmy/public_html/ngulemind/app/Controllers/base/Dashboard.php(460): view('base/dashboard/...', Array)
#5 /home/aguestpdmy/public_html/ngulemind/system/CodeIgniter.php(910): App\Controllers\base\Dashboard->invoice()
#6 /home/aguestpdmy/public_html/ngulemind/system/CodeIgniter.php(398): CodeIgniter\CodeIgniter->runController(Object(App\Controllers\base\Dashboard))
#7 /home/aguestpdmy/public_html/ngulemind/system/CodeIgniter.php(306): CodeIgniter\CodeIgniter->handleRequest(NULL, Object(Config\Cache), false)
#8 /home/aguestpdmy/public_html/ngulemind/index.php(45): CodeIgniter\CodeIgniter->run()
#9 {main}
INFO - 2021-02-25 02:56:18 --> Session: Class initialized using 'CodeIgniter\Session\Handlers\FileHandler' driver.
INFO - 2021-02-25 02:56:18 --> Controller "App\Controllers\base\Dashboard" loaded.
INFO - 2021-02-25 02:56:28 --> Session: Class initialized using 'CodeIgniter\Session\Handlers\FileHandler' driver.
INFO - 2021-02-25 02:56:28 --> Controller "App\Controllers\base\Dashboard" loaded.
INFO - 2021-02-25 03:01:11 --> Session: Class initialized using 'CodeIgniter\Session\Handlers\FileHandler' driver.
INFO - 2021-02-25 03:01:11 --> Controller "App\Controllers\base\Dashboard" loaded.
INFO - 2021-02-25 03:01:14 --> Session: Class initialized using 'CodeIgniter\Session\Handlers\FileHandler' driver.
INFO - 2021-02-25 03:01:14 --> Controller "App\Controllers\base\Dashboard" loaded.
INFO - 2021-02-25 03:01:16 --> Session: Class initialized using 'CodeIgniter\Session\Handlers\FileHandler' driver.
INFO - 2021-02-25 03:01:16 --> Controller "App\Controllers\base\Dashboard" loaded.
INFO - 2021-02-25 03:01:18 --> Session: Class initialized using 'CodeIgniter\Session\Handlers\FileHandler' driver.
INFO - 2021-02-25 03:01:18 --> Controller "App\Controllers\base\Dashboard" loaded.
INFO - 2021-02-25 03:01:19 --> Session: Class initialized using 'CodeIgniter\Session\Handlers\FileHandler' driver.
INFO - 2021-02-25 03:01:19 --> Controller "App\Controllers\base\Dashboard" loaded.
INFO - 2021-02-25 03:01:22 --> Session: Class initialized using 'CodeIgniter\Session\Handlers\FileHandler' driver.
INFO - 2021-02-25 03:01:22 --> Controller "App\Controllers\base\Dashboard" loaded.
INFO - 2021-02-25 03:01:24 --> Session: Class initialized using 'CodeIgniter\Session\Handlers\FileHandler' driver.
INFO - 2021-02-25 03:01:24 --> Controller "App\Controllers\base\Dashboard" loaded.
INFO - 2021-02-25 03:01:43 --> Session: Class initialized using 'CodeIgniter\Session\Handlers\FileHandler' driver.
INFO - 2021-02-25 03:01:43 --> Controller "App\Controllers\base\Dashboard" loaded.
INFO - 2021-02-25 03:01:47 --> Session: Class initialized using 'CodeIgniter\Session\Handlers\FileHandler' driver.
INFO - 2021-02-25 03:01:47 --> Controller "App\Controllers\base\Dashboard" loaded.
INFO - 2021-02-25 03:01:51 --> Session: Class initialized using 'CodeIgniter\Session\Handlers\FileHandler' driver.
INFO - 2021-02-25 03:01:51 --> Controller "App\Controllers\base\Dashboard" loaded.
INFO - 2021-02-25 03:02:21 --> Controller "App\Controllers\base\Beranda" loaded.
INFO - 2021-02-25 03:03:33 --> Session: Class initialized using 'CodeIgniter\Session\Handlers\FileHandler' driver.
INFO - 2021-02-25 03:03:33 --> Controller "App\Controllers\base\Dashboard" loaded.
INFO - 2021-02-25 03:03:35 --> Session: Class initialized using 'CodeIgniter\Session\Handlers\FileHandler' driver.
INFO - 2021-02-25 03:03:35 --> Controller "App\Controllers\base\Dashboard" loaded.
INFO - 2021-02-25 03:03:53 --> Session: Class initialized using 'CodeIgniter\Session\Handlers\FileHandler' driver.
INFO - 2021-02-25 03:03:53 --> Controller "App\Controllers\base\Dashboard" loaded.
INFO - 2021-02-25 03:06:22 --> Session: Class initialized using 'CodeIgniter\Session\Handlers\FileHandler' driver.
INFO - 2021-02-25 03:06:22 --> Controller "App\Controllers\base\Dashboard" loaded.
INFO - 2021-02-25 03:06:26 --> Session: Class initialized using 'CodeIgniter\Session\Handlers\FileHandler' driver.
INFO - 2021-02-25 03:06:26 --> Controller "App\Controllers\base\Dashboard" loaded.
INFO - 2021-02-25 03:08:43 --> Session: Class initialized using 'CodeIgniter\Session\Handlers\FileHandler' driver.
INFO - 2021-02-25 03:08:43 --> Controller "App\Controllers\base\Dashboard" loaded.
INFO - 2021-02-25 03:09:06 --> Session: Class initialized using 'CodeIgniter\Session\Handlers\FileHandler' driver.
INFO - 2021-02-25 03:09:06 --> Controller "App\Controllers\base\Dashboard" loaded.
INFO - 2021-02-25 03:09:06 --> Session: Class initialized using 'CodeIgniter\Session\Handlers\FileHandler' driver.
INFO - 2021-02-25 03:09:06 --> Controller "App\Controllers\base\Dashboard" loaded.
INFO - 2021-02-25 03:09:22 --> Session: Class initialized using 'CodeIgniter\Session\Handlers\FileHandler' driver.
INFO - 2021-02-25 03:09:22 --> Controller "App\Controllers\base\Dashboard" loaded.
INFO - 2021-02-25 03:09:36 --> Session: Class initialized using 'CodeIgniter\Session\Handlers\FileHandler' driver.
INFO - 2021-02-25 03:09:36 --> Controller "App\Controllers\base\Dashboard" loaded.
INFO - 2021-02-25 03:13:08 --> Session: Class initialized using 'CodeIgniter\Session\Handlers\FileHandler' driver.
INFO - 2021-02-25 03:13:08 --> Controller "App\Controllers\base\Dashboard" loaded.
INFO - 2021-02-25 03:13:13 --> Session: Class initialized using 'CodeIgniter\Session\Handlers\FileHandler' driver.
INFO - 2021-02-25 03:13:13 --> Controller "App\Controllers\base\Dashboard" loaded.
INFO - 2021-02-25 03:14:47 --> Session: Class initialized using 'CodeIgniter\Session\Handlers\FileHandler' driver.
INFO - 2021-02-25 03:14:47 --> Controller "App\Controllers\base\Dashboard" loaded.
INFO - 2021-02-25 03:14:54 --> Session: Class initialized using 'CodeIgniter\Session\Handlers\FileHandler' driver.
INFO - 2021-02-25 03:14:54 --> Controller "App\Controllers\base\Dashboard" loaded.
INFO - 2021-02-25 03:15:19 --> Session: Class initialized using 'CodeIgniter\Session\Handlers\FileHandler' driver.
INFO - 2021-02-25 03:15:19 --> Controller "App\Controllers\base\Dashboard" loaded.
INFO - 2021-02-25 03:15:44 --> Session: Class initialized using 'CodeIgniter\Session\Handlers\FileHandler' driver.
INFO - 2021-02-25 03:15:44 --> Controller "App\Controllers\base\Dashboard" loaded.
INFO - 2021-02-25 03:15:45 --> Session: Class initialized using 'CodeIgniter\Session\Handlers\FileHandler' driver.
INFO - 2021-02-25 03:15:45 --> Controller "App\Controllers\base\Dashboard" loaded.
INFO - 2021-02-25 03:16:03 --> Session: Class initialized using 'CodeIgniter\Session\Handlers\FileHandler' driver.
INFO - 2021-02-25 03:16:03 --> Controller "App\Controllers\base\Dashboard" loaded.
INFO - 2021-02-25 03:18:13 --> Session: Class initialized using 'CodeIgniter\Session\Handlers\FileHandler' driver.
INFO - 2021-02-25 03:18:13 --> Controller "App\Controllers\base\Dashboard" loaded.
INFO - 2021-02-25 03:18:15 --> Session: Class initialized using 'CodeIgniter\Session\Handlers\FileHandler' driver.
INFO - 2021-02-25 03:18:15 --> Controller "App\Controllers\base\Dashboard" loaded.
INFO - 2021-02-25 03:18:19 --> Session: Class initialized using 'CodeIgniter\Session\Handlers\FileHandler' driver.
INFO - 2021-02-25 03:18:19 --> Controller "App\Controllers\base\Dashboard" loaded.
INFO - 2021-02-25 03:18:21 --> Session: Class initialized using 'CodeIgniter\Session\Handlers\FileHandler' driver.
INFO - 2021-02-25 03:18:21 --> Controller "App\Controllers\base\Dashboard" loaded.
INFO - 2021-02-25 03:19:55 --> Session: Class initialized using 'CodeIgniter\Session\Handlers\FileHandler' driver.
INFO - 2021-02-25 03:19:55 --> Controller "App\Controllers\base\Dashboard" loaded.
INFO - 2021-02-25 03:25:58 --> Session: Class initialized using 'CodeIgniter\Session\Handlers\FileHandler' driver.
INFO - 2021-02-25 03:25:58 --> Controller "App\Controllers\base\Dashboard" loaded.
CRITICAL - 2021-02-25 03:25:58 --> syntax error, unexpected 'else' (T_ELSE)
#0 /home/aguestpdmy/public_html/ngulemind/system/Common.php(1071): CodeIgniter\View\View->render('base/dashboard/...', Array, true)
#1 /home/aguestpdmy/public_html/ngulemind/app/Views/base/dashboard/layout.php(141): view('base/dashboard/...')
#2 /home/aguestpdmy/public_html/ngulemind/system/View/View.php(236): include('/home/aguestpdm...')
#3 /home/aguestpdmy/public_html/ngulemind/system/Common.php(1071): CodeIgniter\View\View->render('base/dashboard/...', Array, true)
#4 /home/aguestpdmy/public_html/ngulemind/app/Controllers/base/Dashboard.php(460): view('base/dashboard/...', Array)
#5 /home/aguestpdmy/public_html/ngulemind/system/CodeIgniter.php(910): App\Controllers\base\Dashboard->invoice()
#6 /home/aguestpdmy/public_html/ngulemind/system/CodeIgniter.php(398): CodeIgniter\CodeIgniter->runController(Object(App\Controllers\base\Dashboard))
#7 /home/aguestpdmy/public_html/ngulemind/system/CodeIgniter.php(306): CodeIgniter\CodeIgniter->handleRequest(NULL, Object(Config\Cache), false)
#8 /home/aguestpdmy/public_html/ngulemind/index.php(45): CodeIgniter\CodeIgniter->run()
#9 {main}
INFO - 2021-02-25 03:26:00 --> Session: Class initialized using 'CodeIgniter\Session\Handlers\FileHandler' driver.
INFO - 2021-02-25 03:26:00 --> Controller "App\Controllers\base\Dashboard" loaded.
CRITICAL - 2021-02-25 03:26:00 --> syntax error, unexpected 'else' (T_ELSE)
#0 /home/aguestpdmy/public_html/ngulemind/system/Common.php(1071): CodeIgniter\View\View->render('base/dashboard/...', Array, true)
#1 /home/aguestpdmy/public_html/ngulemind/app/Views/base/dashboard/layout.php(141): view('base/dashboard/...')
#2 /home/aguestpdmy/public_html/ngulemind/system/View/View.php(236): include('/home/aguestpdm...')
#3 /home/aguestpdmy/public_html/ngulemind/system/Common.php(1071): CodeIgniter\View\View->render('base/dashboard/...', Array, true)
#4 /home/aguestpdmy/public_html/ngulemind/app/Controllers/base/Dashboard.php(460): view('base/dashboard/...', Array)
#5 /home/aguestpdmy/public_html/ngulemind/system/CodeIgniter.php(910): App\Controllers\base\Dashboard->invoice()
#6 /home/aguestpdmy/public_html/ngulemind/system/CodeIgniter.php(398): CodeIgniter\CodeIgniter->runController(Object(App\Controllers\base\Dashboard))
#7 /home/aguestpdmy/public_html/ngulemind/system/CodeIgniter.php(306): CodeIgniter\CodeIgniter->handleRequest(NULL, Object(Config\Cache), false)
#8 /home/aguestpdmy/public_html/ngulemind/index.php(45): CodeIgniter\CodeIgniter->run()
#9 {main}
INFO - 2021-02-25 03:27:13 --> Session: Class initialized using 'CodeIgniter\Session\Handlers\FileHandler' driver.
INFO - 2021-02-25 03:27:13 --> Controller "App\Controllers\base\Dashboard" loaded.
INFO - 2021-02-25 03:27:52 --> Session: Class initialized using 'CodeIgniter\Session\Handlers\FileHandler' driver.
INFO - 2021-02-25 03:27:52 --> Controller "App\Controllers\base\Dashboard" loaded.
INFO - 2021-02-25 03:28:18 --> Session: Class initialized using 'CodeIgniter\Session\Handlers\FileHandler' driver.
INFO - 2021-02-25 03:28:18 --> Controller "App\Controllers\base\Dashboard" loaded.
INFO - 2021-02-25 03:28:20 --> Session: Class initialized using 'CodeIgniter\Session\Handlers\FileHandler' driver.
INFO - 2021-02-25 03:28:20 --> Controller "App\Controllers\base\Dashboard" loaded.
INFO - 2021-02-25 03:28:23 --> Session: Class initialized using 'CodeIgniter\Session\Handlers\FileHandler' driver.
INFO - 2021-02-25 03:28:23 --> Controller "App\Controllers\base\Dashboard" loaded.
INFO - 2021-02-25 03:28:46 --> Session: Class initialized using 'CodeIgniter\Session\Handlers\FileHandler' driver.
INFO - 2021-02-25 03:28:46 --> Controller "App\Controllers\base\Dashboard" loaded.
INFO - 2021-02-25 03:31:19 --> Session: Class initialized using 'CodeIgniter\Session\Handlers\FileHandler' driver.
INFO - 2021-02-25 03:31:19 --> Controller "App\Controllers\base\Dashboard" loaded.
INFO - 2021-02-25 03:31:24 --> Session: Class initialized using 'CodeIgniter\Session\Handlers\FileHandler' driver.
INFO - 2021-02-25 03:31:24 --> Controller "App\Controllers\base\Dashboard" loaded.
INFO - 2021-02-25 03:34:05 --> Session: Class initialized using 'CodeIgniter\Session\Handlers\FileHandler' driver.
INFO - 2021-02-25 03:34:05 --> Controller "App\Controllers\base\Dashboard" loaded.
INFO - 2021-02-25 03:34:09 --> Session: Class initialized using 'CodeIgniter\Session\Handlers\FileHandler' driver.
INFO - 2021-02-25 03:34:09 --> Controller "App\Controllers\base\Dashboard" loaded.
INFO - 2021-02-25 03:34:25 --> Session: Class initialized using 'CodeIgniter\Session\Handlers\FileHandler' driver.
INFO - 2021-02-25 03:34:25 --> Controller "App\Controllers\base\Dashboard" loaded.
INFO - 2021-02-25 03:35:21 --> Session: Class initialized using 'CodeIgniter\Session\Handlers\FileHandler' driver.
INFO - 2021-02-25 03:35:21 --> Controller "App\Controllers\base\Dashboard" loaded.
INFO - 2021-02-25 03:35:23 --> Session: Class initialized using 'CodeIgniter\Session\Handlers\FileHandler' driver.
INFO - 2021-02-25 03:35:23 --> Controller "App\Controllers\base\Dashboard" loaded.
INFO - 2021-02-25 03:35:59 --> Session: Class initialized using 'CodeIgniter\Session\Handlers\FileHandler' driver.
INFO - 2021-02-25 03:35:59 --> Controller "App\Controllers\base\Dashboard" loaded.
INFO - 2021-02-25 03:36:01 --> Session: Class initialized using 'CodeIgniter\Session\Handlers\FileHandler' driver.
INFO - 2021-02-25 03:36:01 --> Controller "App\Controllers\base\Dashboard" loaded.
INFO - 2021-02-25 03:36:04 --> Session: Class initialized using 'CodeIgniter\Session\Handlers\FileHandler' driver.
INFO - 2021-02-25 03:36:04 --> Controller "App\Controllers\base\Dashboard" loaded.
INFO - 2021-02-25 03:37:26 --> Session: Class initialized using 'CodeIgniter\Session\Handlers\FileHandler' driver.
INFO - 2021-02-25 03:37:26 --> Controller "App\Controllers\base\Dashboard" loaded.
INFO - 2021-02-25 03:37:29 --> Session: Class initialized using 'CodeIgniter\Session\Handlers\FileHandler' driver.
INFO - 2021-02-25 03:37:29 --> Controller "App\Controllers\base\Dashboard" loaded.
INFO - 2021-02-25 03:37:52 --> Session: Class initialized using 'CodeIgniter\Session\Handlers\FileHandler' driver.
INFO - 2021-02-25 03:37:52 --> Controller "App\Controllers\base\Dashboard" loaded.
INFO - 2021-02-25 03:37:52 --> Session: Class initialized using 'CodeIgniter\Session\Handlers\FileHandler' driver.
INFO - 2021-02-25 03:37:52 --> Controller "App\Controllers\base\Dashboard" loaded.
INFO - 2021-02-25 03:38:00 --> Session: Class initialized using 'CodeIgniter\Session\Handlers\FileHandler' driver.
INFO - 2021-02-25 03:38:00 --> Controller "App\Controllers\base\Dashboard" loaded.
INFO - 2021-02-25 03:38:31 --> Session: Class initialized using 'CodeIgniter\Session\Handlers\FileHandler' driver.
INFO - 2021-02-25 03:38:31 --> Controller "App\Controllers\base\Dashboard" loaded.
INFO - 2021-02-25 03:38:33 --> Session: Class initialized using 'CodeIgniter\Session\Handlers\FileHandler' driver.
INFO - 2021-02-25 03:38:33 --> Controller "App\Controllers\base\Dashboard" loaded.
INFO - 2021-02-25 03:38:35 --> Session: Class initialized using 'CodeIgniter\Session\Handlers\FileHandler' driver.
INFO - 2021-02-25 03:38:35 --> Controller "App\Controllers\base\Dashboard" loaded.
INFO - 2021-02-25 03:38:39 --> Session: Class initialized using 'CodeIgniter\Session\Handlers\FileHandler' driver.
INFO - 2021-02-25 03:38:39 --> Controller "App\Controllers\base\Dashboard" loaded.
INFO - 2021-02-25 03:38:42 --> Session: Class initialized using 'CodeIgniter\Session\Handlers\FileHandler' driver.
INFO - 2021-02-25 03:38:42 --> Controller "App\Controllers\base\Dashboard" loaded.
INFO - 2021-02-25 03:38:45 --> Session: Class initialized using 'CodeIgniter\Session\Handlers\FileHandler' driver.
INFO - 2021-02-25 03:38:45 --> Controller "App\Controllers\base\Dashboard" loaded.
INFO - 2021-02-25 03:39:45 --> Controller "App\Controllers\base\Beranda" loaded.
INFO - 2021-02-25 03:45:16 --> Session: Class initialized using 'CodeIgniter\Session\Handlers\FileHandler' driver.
INFO - 2021-02-25 03:45:16 --> Controller "App\Controllers\base\Dashboard" loaded.
INFO - 2021-02-25 03:45:19 --> Session: Class initialized using 'CodeIgniter\Session\Handlers\FileHandler' driver.
INFO - 2021-02-25 03:45:19 --> Controller "App\Controllers\base\Dashboard" loaded.
INFO - 2021-02-25 03:45:50 --> Session: Class initialized using 'CodeIgniter\Session\Handlers\FileHandler' driver.
INFO - 2021-02-25 03:45:50 --> Controller "App\Controllers\base\Dashboard" loaded.
INFO - 2021-02-25 03:45:55 --> Session: Class initialized using 'CodeIgniter\Session\Handlers\FileHandler' driver.
INFO - 2021-02-25 03:45:55 --> Controller "App\Controllers\base\Dashboard" loaded.
INFO - 2021-02-25 03:47:04 --> Session: Class initialized using 'CodeIgniter\Session\Handlers\FileHandler' driver.
INFO - 2021-02-25 03:47:04 --> Controller "App\Controllers\base\Dashboard" loaded.
INFO - 2021-02-25 03:47:08 --> Session: Class initialized using 'CodeIgniter\Session\Handlers\FileHandler' driver.
INFO - 2021-02-25 03:47:08 --> Controller "App\Controllers\base\Dashboard" loaded.
INFO - 2021-02-25 03:47:11 --> Session: Class initialized using 'CodeIgniter\Session\Handlers\FileHandler' driver.
INFO - 2021-02-25 03:47:11 --> Controller "App\Controllers\base\Dashboard" loaded.
INFO - 2021-02-25 03:47:34 --> Session: Class initialized using 'CodeIgniter\Session\Handlers\FileHandler' driver.
INFO - 2021-02-25 03:47:34 --> Controller "App\Controllers\base\Dashboard" loaded.
INFO - 2021-02-25 03:47:34 --> Session: Class initialized using 'CodeIgniter\Session\Handlers\FileHandler' driver.
INFO - 2021-02-25 03:47:34 --> Controller "App\Controllers\base\Dashboard" loaded.
INFO - 2021-02-25 03:47:37 --> Session: Class initialized using 'CodeIgniter\Session\Handlers\FileHandler' driver.
INFO - 2021-02-25 03:47:37 --> Controller "App\Controllers\base\Dashboard" loaded.
INFO - 2021-02-25 03:47:41 --> Session: Class initialized using 'CodeIgniter\Session\Handlers\FileHandler' driver.
INFO - 2021-02-25 03:47:41 --> Controller "App\Controllers\base\Dashboard" loaded.
INFO - 2021-02-25 03:47:45 --> Session: Class initialized using 'CodeIgniter\Session\Handlers\FileHandler' driver.
INFO - 2021-02-25 03:47:45 --> Controller "App\Controllers\base\Dashboard" loaded.
INFO - 2021-02-25 03:47:50 --> Session: Class initialized using 'CodeIgniter\Session\Handlers\FileHandler' driver.
INFO - 2021-02-25 03:47:50 --> Controller "App\Controllers\base\Dashboard" loaded.
INFO - 2021-02-25 03:47:53 --> Session: Class initialized using 'CodeIgniter\Session\Handlers\FileHandler' driver.
INFO - 2021-02-25 03:47:53 --> Controller "App\Controllers\base\Dashboard" loaded.
INFO - 2021-02-25 03:48:05 --> Session: Class initialized using 'CodeIgniter\Session\Handlers\FileHandler' driver.
INFO - 2021-02-25 03:48:05 --> Controller "App\Controllers\base\Dashboard" loaded.
INFO - 2021-02-25 03:48:11 --> Session: Class initialized using 'CodeIgniter\Session\Handlers\FileHandler' driver.
INFO - 2021-02-25 03:48:11 --> Session: Class initialized using 'CodeIgniter\Session\Handlers\FileHandler' driver.
INFO - 2021-02-25 03:48:11 --> Controller "App\Controllers\admin\Admin" loaded.
INFO - 2021-02-25 03:48:23 --> Session: Class initialized using 'CodeIgniter\Session\Handlers\FileHandler' driver.
INFO - 2021-02-25 03:48:23 --> Controller "App\Controllers\admin\Admin" loaded.
INFO - 2021-02-25 03:48:24 --> Session: Class initialized using 'CodeIgniter\Session\Handlers\FileHandler' driver.
INFO - 2021-02-25 03:48:24 --> Controller "App\Controllers\admin\Admin" loaded.
INFO - 2021-02-25 03:48:33 --> Session: Class initialized using 'CodeIgniter\Session\Handlers\FileHandler' driver.
INFO - 2021-02-25 03:48:33 --> Controller "App\Controllers\admin\Admin" loaded.
INFO - 2021-02-25 03:48:42 --> Session: Class initialized using 'CodeIgniter\Session\Handlers\FileHandler' driver.
INFO - 2021-02-25 03:48:42 --> Controller "App\Controllers\admin\Admin" loaded.
INFO - 2021-02-25 03:48:47 --> Session: Class initialized using 'CodeIgniter\Session\Handlers\FileHandler' driver.
INFO - 2021-02-25 03:48:47 --> Controller "App\Controllers\admin\Admin" loaded.
INFO - 2021-02-25 03:48:47 --> Session: Class initialized using 'CodeIgniter\Session\Handlers\FileHandler' driver.
INFO - 2021-02-25 03:48:47 --> Controller "App\Controllers\admin\Admin" loaded.
INFO - 2021-02-25 03:48:53 --> Session: Class initialized using 'CodeIgniter\Session\Handlers\FileHandler' driver.
INFO - 2021-02-25 03:48:53 --> Controller "App\Controllers\base\Dashboard" loaded.
INFO - 2021-02-25 03:48:55 --> Session: Class initialized using 'CodeIgniter\Session\Handlers\FileHandler' driver.
INFO - 2021-02-25 03:48:55 --> Controller "App\Controllers\base\Dashboard" loaded.
INFO - 2021-02-25 03:49:01 --> Session: Class initialized using 'CodeIgniter\Session\Handlers\FileHandler' driver.
INFO - 2021-02-25 03:49:02 --> Controller "App\Controllers\base\Dashboard" loaded.
INFO - 2021-02-25 03:49:23 --> Session: Class initialized using 'CodeIgniter\Session\Handlers\FileHandler' driver.
INFO - 2021-02-25 03:49:23 --> Controller "App\Controllers\base\Dashboard" loaded.
INFO - 2021-02-25 03:49:23 --> Session: Class initialized using 'CodeIgniter\Session\Handlers\FileHandler' driver.
INFO - 2021-02-25 03:49:23 --> Controller "App\Controllers\base\Dashboard" loaded.
INFO - 2021-02-25 03:49:48 --> Session: Class initialized using 'CodeIgniter\Session\Handlers\FileHandler' driver.
INFO - 2021-02-25 03:49:48 --> Controller "App\Controllers\base\Dashboard" loaded.
INFO - 2021-02-25 03:49:48 --> Session: Class initialized using 'CodeIgniter\Session\Handlers\FileHandler' driver.
INFO - 2021-02-25 03:49:48 --> Controller "App\Controllers\base\Dashboard" loaded.
INFO - 2021-02-25 03:49:52 --> Session: Class initialized using 'CodeIgniter\Session\Handlers\FileHandler' driver.
INFO - 2021-02-25 03:49:52 --> Controller "App\Controllers\base\Dashboard" loaded.
INFO - 2021-02-25 03:49:54 --> Session: Class initialized using 'CodeIgniter\Session\Handlers\FileHandler' driver.
INFO - 2021-02-25 03:49:54 --> Controller "App\Controllers\undangan\Undangan" loaded.
INFO - 2021-02-25 03:49:57 --> Session: Class initialized using 'CodeIgniter\Session\Handlers\FileHandler' driver.
INFO - 2021-02-25 03:49:57 --> Controller "App\Controllers\base\Dashboard" loaded.
INFO - 2021-02-25 04:12:43 --> Session: Class initialized using 'CodeIgniter\Session\Handlers\FileHandler' driver.
INFO - 2021-02-25 04:12:43 --> Controller "App\Controllers\base\Dashboard" loaded.
INFO - 2021-02-25 04:12:45 --> Session: Class initialized using 'CodeIgniter\Session\Handlers\FileHandler' driver.
INFO - 2021-02-25 04:12:45 --> Controller "App\Controllers\base\Dashboard" loaded.
INFO - 2021-02-25 04:12:47 --> Session: Class initialized using 'CodeIgniter\Session\Handlers\FileHandler' driver.
INFO - 2021-02-25 04:12:47 --> Controller "App\Controllers\base\Dashboard" loaded.
INFO - 2021-02-25 04:13:07 --> Session: Class initialized using 'CodeIgniter\Session\Handlers\FileHandler' driver.
INFO - 2021-02-25 04:13:07 --> Controller "App\Controllers\base\Dashboard" loaded.
INFO - 2021-02-25 04:13:11 --> Session: Class initialized using 'CodeIgniter\Session\Handlers\FileHandler' driver.
INFO - 2021-02-25 04:13:11 --> Controller "App\Controllers\base\Dashboard" loaded.
INFO - 2021-02-25 04:29:52 --> Session: Class initialized using 'CodeIgniter\Session\Handlers\FileHandler' driver.
INFO - 2021-02-25 04:29:52 --> Controller "App\Controllers\base\Dashboard" loaded.
INFO - 2021-02-25 04:30:46 --> Session: Class initialized using 'CodeIgniter\Session\Handlers\FileHandler' driver.
INFO - 2021-02-25 04:30:46 --> Controller "App\Controllers\base\Dashboard" loaded.
INFO - 2021-02-25 04:31:16 --> Session: Class initialized using 'CodeIgniter\Session\Handlers\FileHandler' driver.
INFO - 2021-02-25 04:31:16 --> Controller "App\Controllers\base\Dashboard" loaded.
INFO - 2021-02-25 04:31:46 --> Session: Class initialized using 'CodeIgniter\Session\Handlers\FileHandler' driver.
INFO - 2021-02-25 04:31:46 --> Controller "App\Controllers\base\Dashboard" loaded.
INFO - 2021-02-25 04:32:08 --> Session: Class initialized using 'CodeIgniter\Session\Handlers\FileHandler' driver.
INFO - 2021-02-25 04:32:09 --> Controller "App\Controllers\base\Dashboard" loaded.
INFO - 2021-02-25 04:32:45 --> Session: Class initialized using 'CodeIgniter\Session\Handlers\FileHandler' driver.
INFO - 2021-02-25 04:32:45 --> Controller "App\Controllers\base\Dashboard" loaded.
INFO - 2021-02-25 04:33:17 --> Session: Class initialized using 'CodeIgniter\Session\Handlers\FileHandler' driver.
INFO - 2021-02-25 04:33:17 --> Controller "App\Controllers\base\Dashboard" loaded.
INFO - 2021-02-25 04:33:17 --> Session: Class initialized using 'CodeIgniter\Session\Handlers\FileHandler' driver.
INFO - 2021-02-25 04:33:17 --> Controller "App\Controllers\base\Dashboard" loaded.
INFO - 2021-02-25 04:33:25 --> Session: Class initialized using 'CodeIgniter\Session\Handlers\FileHandler' driver.
INFO - 2021-02-25 04:33:25 --> Controller "App\Controllers\base\Dashboard" loaded.
INFO - 2021-02-25 04:33:27 --> Session: Class initialized using 'CodeIgniter\Session\Handlers\FileHandler' driver.
INFO - 2021-02-25 04:33:27 --> Controller "App\Controllers\undangan\Undangan" loaded.
INFO - 2021-02-25 04:33:31 --> Session: Class initialized using 'CodeIgniter\Session\Handlers\FileHandler' driver.
INFO - 2021-02-25 04:33:31 --> Controller "App\Controllers\base\Dashboard" loaded.
INFO - 2021-02-25 04:34:40 --> Session: Class initialized using 'CodeIgniter\Session\Handlers\FileHandler' driver.
INFO - 2021-02-25 04:34:40 --> Controller "App\Controllers\base\Dashboard" loaded.
INFO - 2021-02-25 04:34:43 --> Session: Class initialized using 'CodeIgniter\Session\Handlers\FileHandler' driver.
INFO - 2021-02-25 04:34:43 --> Controller "App\Controllers\undangan\Undangan" loaded.
INFO - 2021-02-25 04:34:49 --> Session: Class initialized using 'CodeIgniter\Session\Handlers\FileHandler' driver.
INFO - 2021-02-25 04:34:49 --> Controller "App\Controllers\base\Dashboard" loaded.
INFO - 2021-02-25 04:34:51 --> Session: Class initialized using 'CodeIgniter\Session\Handlers\FileHandler' driver.
INFO - 2021-02-25 04:34:51 --> Controller "App\Controllers\base\Dashboard" loaded.
INFO - 2021-02-25 04:34:53 --> Session: Class initialized using 'CodeIgniter\Session\Handlers\FileHandler' driver.
INFO - 2021-02-25 04:34:53 --> Controller "App\Controllers\base\Dashboard" loaded.
INFO - 2021-02-25 04:35:05 --> Session: Class initialized using 'CodeIgniter\Session\Handlers\FileHandler' driver.
INFO - 2021-02-25 04:35:06 --> Controller "App\Controllers\admin\Admin" loaded.
INFO - 2021-02-25 04:41:51 --> Session: Class initialized using 'CodeIgniter\Session\Handlers\FileHandler' driver.
INFO - 2021-02-25 04:41:51 --> Controller "App\Controllers\base\Dashboard" loaded.
INFO - 2021-02-25 04:41:56 --> Session: Class initialized using 'CodeIgniter\Session\Handlers\FileHandler' driver.
INFO - 2021-02-25 04:41:56 --> Controller "App\Controllers\admin\Admin" loaded.
INFO - 2021-02-25 04:42:00 --> Session: Class initialized using 'CodeIgniter\Session\Handlers\FileHandler' driver.
INFO - 2021-02-25 04:42:00 --> Controller "App\Controllers\admin\Admin" loaded.
CRITICAL - 2021-02-25 04:42:00 --> Unknown column 'create_at' in 'field list'
#0 /home/aguestpdmy/public_html/ngulemind/system/Database/MySQLi/Connection.php(330): mysqli->query('UPDATE `pembaya...')
#1 /home/aguestpdmy/public_html/ngulemind/system/Database/BaseConnection.php(738): CodeIgniter\Database\MySQLi\Connection->execute('UPDATE `pembaya...')
#2 /home/aguestpdmy/public_html/ngulemind/system/Database/BaseConnection.php(666): CodeIgniter\Database\BaseConnection->simpleQuery('UPDATE `pembaya...')
#3 /home/aguestpdmy/public_html/ngulemind/system/Database/BaseBuilder.php(2410): CodeIgniter\Database\BaseConnection->query('UPDATE `pembaya...', Array, false)
#4 /home/aguestpdmy/public_html/ngulemind/app/Models/admin/AdminModel.php(332): CodeIgniter\Database\BaseBuilder->update()
#5 /home/aguestpdmy/public_html/ngulemind/app/Controllers/admin/Admin.php(158): App\Models\admin\AdminModel->konfirmasi_user('48')
#6 /home/aguestpdmy/public_html/ngulemind/system/CodeIgniter.php(910): App\Controllers\admin\Admin->do_konfirmasi()
#7 /home/aguestpdmy/public_html/ngulemind/system/CodeIgniter.php(398): CodeIgniter\CodeIgniter->runController(Object(App\Controllers\admin\Admin))
#8 /home/aguestpdmy/public_html/ngulemind/system/CodeIgniter.php(306): CodeIgniter\CodeIgniter->handleRequest(NULL, Object(Config\Cache), false)
#9 /home/aguestpdmy/public_html/ngulemind/index.php(45): CodeIgniter\CodeIgniter->run()
#10 {main}
INFO - 2021-02-25 04:42:02 --> Session: Class initialized using 'CodeIgniter\Session\Handlers\FileHandler' driver.
INFO - 2021-02-25 04:42:02 --> Controller "App\Controllers\admin\Admin" loaded.
CRITICAL - 2021-02-25 04:42:02 --> Unknown column 'create_at' in 'field list'
#0 /home/aguestpdmy/public_html/ngulemind/system/Database/MySQLi/Connection.php(330): mysqli->query('UPDATE `pembaya...')
#1 /home/aguestpdmy/public_html/ngulemind/system/Database/BaseConnection.php(738): CodeIgniter\Database\MySQLi\Connection->execute('UPDATE `pembaya...')
#2 /home/aguestpdmy/public_html/ngulemind/system/Database/BaseConnection.php(666): CodeIgniter\Database\BaseConnection->simpleQuery('UPDATE `pembaya...')
#3 /home/aguestpdmy/public_html/ngulemind/system/Database/BaseBuilder.php(2410): CodeIgniter\Database\BaseConnection->query('UPDATE `pembaya...', Array, false)
#4 /home/aguestpdmy/public_html/ngulemind/app/Models/admin/AdminModel.php(332): CodeIgniter\Database\BaseBuilder->update()
#5 /home/aguestpdmy/public_html/ngulemind/app/Controllers/admin/Admin.php(158): App\Models\admin\AdminModel->konfirmasi_user('48')
#6 /home/aguestpdmy/public_html/ngulemind/system/CodeIgniter.php(910): App\Controllers\admin\Admin->do_konfirmasi()
#7 /home/aguestpdmy/public_html/ngulemind/system/CodeIgniter.php(398): CodeIgniter\CodeIgniter->runController(Object(App\Controllers\admin\Admin))
#8 /home/aguestpdmy/public_html/ngulemind/system/CodeIgniter.php(306): CodeIgniter\CodeIgniter->handleRequest(NULL, Object(Config\Cache), false)
#9 /home/aguestpdmy/public_html/ngulemind/index.php(45): CodeIgniter\CodeIgniter->run()
#10 {main}
INFO - 2021-02-25 04:42:03 --> Session: Class initialized using 'CodeIgniter\Session\Handlers\FileHandler' driver.
INFO - 2021-02-25 04:42:03 --> Controller "App\Controllers\admin\Admin" loaded.
CRITICAL - 2021-02-25 04:42:03 --> Unknown column 'create_at' in 'field list'
#0 /home/aguestpdmy/public_html/ngulemind/system/Database/MySQLi/Connection.php(330): mysqli->query('UPDATE `pembaya...')
#1 /home/aguestpdmy/public_html/ngulemind/system/Database/BaseConnection.php(738): CodeIgniter\Database\MySQLi\Connection->execute('UPDATE `pembaya...')
#2 /home/aguestpdmy/public_html/ngulemind/system/Database/BaseConnection.php(666): CodeIgniter\Database\BaseConnection->simpleQuery('UPDATE `pembaya...')
#3 /home/aguestpdmy/public_html/ngulemind/system/Database/BaseBuilder.php(2410): CodeIgniter\Database\BaseConnection->query('UPDATE `pembaya...', Array, false)
#4 /home/aguestpdmy/public_html/ngulemind/app/Models/admin/AdminModel.php(332): CodeIgniter\Database\BaseBuilder->update()
#5 /home/aguestpdmy/public_html/ngulemind/app/Controllers/admin/Admin.php(158): App\Models\admin\AdminModel->konfirmasi_user('48')
#6 /home/aguestpdmy/public_html/ngulemind/system/CodeIgniter.php(910): App\Controllers\admin\Admin->do_konfirmasi()
#7 /home/aguestpdmy/public_html/ngulemind/system/CodeIgniter.php(398): CodeIgniter\CodeIgniter->runController(Object(App\Controllers\admin\Admin))
#8 /home/aguestpdmy/public_html/ngulemind/system/CodeIgniter.php(306): CodeIgniter\CodeIgniter->handleRequest(NULL, Object(Config\Cache), false)
#9 /home/aguestpdmy/public_html/ngulemind/index.php(45): CodeIgniter\CodeIgniter->run()
#10 {main}
INFO - 2021-02-25 04:42:04 --> Session: Class initialized using 'CodeIgniter\Session\Handlers\FileHandler' driver.
INFO - 2021-02-25 04:42:04 --> Controller "App\Controllers\admin\Admin" loaded.
CRITICAL - 2021-02-25 04:42:04 --> Unknown column 'create_at' in 'field list'
#0 /home/aguestpdmy/public_html/ngulemind/system/Database/MySQLi/Connection.php(330): mysqli->query('UPDATE `pembaya...')
#1 /home/aguestpdmy/public_html/ngulemind/system/Database/BaseConnection.php(738): CodeIgniter\Database\MySQLi\Connection->execute('UPDATE `pembaya...')
#2 /home/aguestpdmy/public_html/ngulemind/system/Database/BaseConnection.php(666): CodeIgniter\Database\BaseConnection->simpleQuery('UPDATE `pembaya...')
#3 /home/aguestpdmy/public_html/ngulemind/system/Database/BaseBuilder.php(2410): CodeIgniter\Database\BaseConnection->query('UPDATE `pembaya...', Array, false)
#4 /home/aguestpdmy/public_html/ngulemind/app/Models/admin/AdminModel.php(332): CodeIgniter\Database\BaseBuilder->update()
#5 /home/aguestpdmy/public_html/ngulemind/app/Controllers/admin/Admin.php(158): App\Models\admin\AdminModel->konfirmasi_user('48')
#6 /home/aguestpdmy/public_html/ngulemind/system/CodeIgniter.php(910): App\Controllers\admin\Admin->do_konfirmasi()
#7 /home/aguestpdmy/public_html/ngulemind/system/CodeIgniter.php(398): CodeIgniter\CodeIgniter->runController(Object(App\Controllers\admin\Admin))
#8 /home/aguestpdmy/public_html/ngulemind/system/CodeIgniter.php(306): CodeIgniter\CodeIgniter->handleRequest(NULL, Object(Config\Cache), false)
#9 /home/aguestpdmy/public_html/ngulemind/index.php(45): CodeIgniter\CodeIgniter->run()
#10 {main}
INFO - 2021-02-25 04:42:10 --> Session: Class initialized using 'CodeIgniter\Session\Handlers\FileHandler' driver.
INFO - 2021-02-25 04:42:10 --> Controller "App\Controllers\admin\Admin" loaded.
CRITICAL - 2021-02-25 04:42:10 --> Unknown column 'create_at' in 'field list'
#0 /home/aguestpdmy/public_html/ngulemind/system/Database/MySQLi/Connection.php(330): mysqli->query('UPDATE `pembaya...')
#1 /home/aguestpdmy/public_html/ngulemind/system/Database/BaseConnection.php(738): CodeIgniter\Database\MySQLi\Connection->execute('UPDATE `pembaya...')
#2 /home/aguestpdmy/public_html/ngulemind/system/Database/BaseConnection.php(666): CodeIgniter\Database\BaseConnection->simpleQuery('UPDATE `pembaya...')
#3 /home/aguestpdmy/public_html/ngulemind/system/Database/BaseBuilder.php(2410): CodeIgniter\Database\BaseConnection->query('UPDATE `pembaya...', Array, false)
#4 /home/aguestpdmy/public_html/ngulemind/app/Models/admin/AdminModel.php(332): CodeIgniter\Database\BaseBuilder->update()
#5 /home/aguestpdmy/public_html/ngulemind/app/Controllers/admin/Admin.php(158): App\Models\admin\AdminModel->konfirmasi_user('48')
#6 /home/aguestpdmy/public_html/ngulemind/system/CodeIgniter.php(910): App\Controllers\admin\Admin->do_konfirmasi()
#7 /home/aguestpdmy/public_html/ngulemind/system/CodeIgniter.php(398): CodeIgniter\CodeIgniter->runController(Object(App\Controllers\admin\Admin))
#8 /home/aguestpdmy/public_html/ngulemind/system/CodeIgniter.php(306): CodeIgniter\CodeIgniter->handleRequest(NULL, Object(Config\Cache), false)
#9 /home/aguestpdmy/public_html/ngulemind/index.php(45): CodeIgniter\CodeIgniter->run()
#10 {main}
INFO - 2021-02-25 04:42:11 --> Session: Class initialized using 'CodeIgniter\Session\Handlers\FileHandler' driver.
INFO - 2021-02-25 04:42:11 --> Controller "App\Controllers\admin\Admin" loaded.
CRITICAL - 2021-02-25 04:42:11 --> Unknown column 'create_at' in 'field list'
#0 /home/aguestpdmy/public_html/ngulemind/system/Database/MySQLi/Connection.php(330): mysqli->query('UPDATE `pembaya...')
#1 /home/aguestpdmy/public_html/ngulemind/system/Database/BaseConnection.php(738): CodeIgniter\Database\MySQLi\Connection->execute('UPDATE `pembaya...')
#2 /home/aguestpdmy/public_html/ngulemind/system/Database/BaseConnection.php(666): CodeIgniter\Database\BaseConnection->simpleQuery('UPDATE `pembaya...')
#3 /home/aguestpdmy/public_html/ngulemind/system/Database/BaseBuilder.php(2410): CodeIgniter\Database\BaseConnection->query('UPDATE `pembaya...', Array, false)
#4 /home/aguestpdmy/public_html/ngulemind/app/Models/admin/AdminModel.php(332): CodeIgniter\Database\BaseBuilder->update()
#5 /home/aguestpdmy/public_html/ngulemind/app/Controllers/admin/Admin.php(158): App\Models\admin\AdminModel->konfirmasi_user('48')
#6 /home/aguestpdmy/public_html/ngulemind/system/CodeIgniter.php(910): App\Controllers\admin\Admin->do_konfirmasi()
#7 /home/aguestpdmy/public_html/ngulemind/system/CodeIgniter.php(398): CodeIgniter\CodeIgniter->runController(Object(App\Controllers\admin\Admin))
#8 /home/aguestpdmy/public_html/ngulemind/system/CodeIgniter.php(306): CodeIgniter\CodeIgniter->handleRequest(NULL, Object(Config\Cache), false)
#9 /home/aguestpdmy/public_html/ngulemind/index.php(45): CodeIgniter\CodeIgniter->run()
#10 {main}
INFO - 2021-02-25 04:43:32 --> Session: Class initialized using 'CodeIgniter\Session\Handlers\FileHandler' driver.
INFO - 2021-02-25 04:43:32 --> Controller "App\Controllers\base\Dashboard" loaded.
INFO - 2021-02-25 04:43:35 --> Session: Class initialized using 'CodeIgniter\Session\Handlers\FileHandler' driver.
INFO - 2021-02-25 04:43:35 --> Controller "App\Controllers\base\Dashboard" loaded.
INFO - 2021-02-25 04:43:41 --> Session: Class initialized using 'CodeIgniter\Session\Handlers\FileHandler' driver.
INFO - 2021-02-25 04:43:41 --> Controller "App\Controllers\admin\Admin" loaded.
INFO - 2021-02-25 04:43:45 --> Session: Class initialized using 'CodeIgniter\Session\Handlers\FileHandler' driver.
INFO - 2021-02-25 04:43:45 --> Controller "App\Controllers\admin\Admin" loaded.
INFO - 2021-02-25 04:43:45 --> Session: Class initialized using 'CodeIgniter\Session\Handlers\FileHandler' driver.
INFO - 2021-02-25 04:43:45 --> Controller "App\Controllers\admin\Admin" loaded.
INFO - 2021-02-25 04:47:07 --> Session: Class initialized using 'CodeIgniter\Session\Handlers\FileHandler' driver.
INFO - 2021-02-25 04:47:07 --> Controller "App\Controllers\base\Dashboard" loaded.
INFO - 2021-02-25 04:47:14 --> Session: Class initialized using 'CodeIgniter\Session\Handlers\FileHandler' driver.
INFO - 2021-02-25 04:47:14 --> Controller "App\Controllers\admin\Admin" loaded.
INFO - 2021-02-25 04:47:18 --> Session: Class initialized using 'CodeIgniter\Session\Handlers\FileHandler' driver.
INFO - 2021-02-25 04:47:18 --> Controller "App\Controllers\admin\Admin" loaded.
CRITICAL - 2021-02-25 04:47:18 --> Call to undefined function App\Models\admin\NOW()
#0 /home/aguestpdmy/public_html/ngulemind/app/Controllers/admin/Admin.php(158): App\Models\admin\AdminModel->konfirmasi_user('48')
#1 /home/aguestpdmy/public_html/ngulemind/system/CodeIgniter.php(910): App\Controllers\admin\Admin->do_konfirmasi()
#2 /home/aguestpdmy/public_html/ngulemind/system/CodeIgniter.php(398): CodeIgniter\CodeIgniter->runController(Object(App\Controllers\admin\Admin))
#3 /home/aguestpdmy/public_html/ngulemind/system/CodeIgniter.php(306): CodeIgniter\CodeIgniter->handleRequest(NULL, Object(Config\Cache), false)
#4 /home/aguestpdmy/public_html/ngulemind/index.php(45): CodeIgniter\CodeIgniter->run()
#5 {main}
INFO - 2021-02-25 04:47:19 --> Session: Class initialized using 'CodeIgniter\Session\Handlers\FileHandler' driver.
INFO - 2021-02-25 04:47:19 --> Controller "App\Controllers\admin\Admin" loaded.
CRITICAL - 2021-02-25 04:47:19 --> Call to undefined function App\Models\admin\NOW()
#0 /home/aguestpdmy/public_html/ngulemind/app/Controllers/admin/Admin.php(158): App\Models\admin\AdminModel->konfirmasi_user('48')
#1 /home/aguestpdmy/public_html/ngulemind/system/CodeIgniter.php(910): App\Controllers\admin\Admin->do_konfirmasi()
#2 /home/aguestpdmy/public_html/ngulemind/system/CodeIgniter.php(398): CodeIgniter\CodeIgniter->runController(Object(App\Controllers\admin\Admin))
#3 /home/aguestpdmy/public_html/ngulemind/system/CodeIgniter.php(306): CodeIgniter\CodeIgniter->handleRequest(NULL, Object(Config\Cache), false)
#4 /home/aguestpdmy/public_html/ngulemind/index.php(45): CodeIgniter\CodeIgniter->run()
#5 {main}
INFO - 2021-02-25 04:47:20 --> Session: Class initialized using 'CodeIgniter\Session\Handlers\FileHandler' driver.
INFO - 2021-02-25 04:47:20 --> Controller "App\Controllers\admin\Admin" loaded.
CRITICAL - 2021-02-25 04:47:20 --> Call to undefined function App\Models\admin\NOW()
#0 /home/aguestpdmy/public_html/ngulemind/app/Controllers/admin/Admin.php(158): App\Models\admin\AdminModel->konfirmasi_user('48')
#1 /home/aguestpdmy/public_html/ngulemind/system/CodeIgniter.php(910): App\Controllers\admin\Admin->do_konfirmasi()
#2 /home/aguestpdmy/public_html/ngulemind/system/CodeIgniter.php(398): CodeIgniter\CodeIgniter->runController(Object(App\Controllers\admin\Admin))
#3 /home/aguestpdmy/public_html/ngulemind/system/CodeIgniter.php(306): CodeIgniter\CodeIgniter->handleRequest(NULL, Object(Config\Cache), false)
#4 /home/aguestpdmy/public_html/ngulemind/index.php(45): CodeIgniter\CodeIgniter->run()
#5 {main}
INFO - 2021-02-25 04:47:21 --> Session: Class initialized using 'CodeIgniter\Session\Handlers\FileHandler' driver.
INFO - 2021-02-25 04:47:21 --> Controller "App\Controllers\admin\Admin" loaded.
CRITICAL - 2021-02-25 04:47:21 --> Call to undefined function App\Models\admin\NOW()
#0 /home/aguestpdmy/public_html/ngulemind/app/Controllers/admin/Admin.php(158): App\Models\admin\AdminModel->konfirmasi_user('48')
#1 /home/aguestpdmy/public_html/ngulemind/system/CodeIgniter.php(910): App\Controllers\admin\Admin->do_konfirmasi()
#2 /home/aguestpdmy/public_html/ngulemind/system/CodeIgniter.php(398): CodeIgniter\CodeIgniter->runController(Object(App\Controllers\admin\Admin))
#3 /home/aguestpdmy/public_html/ngulemind/system/CodeIgniter.php(306): CodeIgniter\CodeIgniter->handleRequest(NULL, Object(Config\Cache), false)
#4 /home/aguestpdmy/public_html/ngulemind/index.php(45): CodeIgniter\CodeIgniter->run()
#5 {main}
INFO - 2021-02-25 04:47:21 --> Session: Class initialized using 'CodeIgniter\Session\Handlers\FileHandler' driver.
INFO - 2021-02-25 04:47:21 --> Controller "App\Controllers\admin\Admin" loaded.
CRITICAL - 2021-02-25 04:47:21 --> Call to undefined function App\Models\admin\NOW()
#0 /home/aguestpdmy/public_html/ngulemind/app/Controllers/admin/Admin.php(158): App\Models\admin\AdminModel->konfirmasi_user('48')
#1 /home/aguestpdmy/public_html/ngulemind/system/CodeIgniter.php(910): App\Controllers\admin\Admin->do_konfirmasi()
#2 /home/aguestpdmy/public_html/ngulemind/system/CodeIgniter.php(398): CodeIgniter\CodeIgniter->runController(Object(App\Controllers\admin\Admin))
#3 /home/aguestpdmy/public_html/ngulemind/system/CodeIgniter.php(306): CodeIgniter\CodeIgniter->handleRequest(NULL, Object(Config\Cache), false)
#4 /home/aguestpdmy/public_html/ngulemind/index.php(45): CodeIgniter\CodeIgniter->run()
#5 {main}
INFO - 2021-02-25 04:47:21 --> Session: Class initialized using 'CodeIgniter\Session\Handlers\FileHandler' driver.
INFO - 2021-02-25 04:47:21 --> Controller "App\Controllers\admin\Admin" loaded.
CRITICAL - 2021-02-25 04:47:21 --> Call to undefined function App\Models\admin\NOW()
#0 /home/aguestpdmy/public_html/ngulemind/app/Controllers/admin/Admin.php(158): App\Models\admin\AdminModel->konfirmasi_user('48')
#1 /home/aguestpdmy/public_html/ngulemind/system/CodeIgniter.php(910): App\Controllers\admin\Admin->do_konfirmasi()
#2 /home/aguestpdmy/public_html/ngulemind/system/CodeIgniter.php(398): CodeIgniter\CodeIgniter->runController(Object(App\Controllers\admin\Admin))
#3 /home/aguestpdmy/public_html/ngulemind/system/CodeIgniter.php(306): CodeIgniter\CodeIgniter->handleRequest(NULL, Object(Config\Cache), false)
#4 /home/aguestpdmy/public_html/ngulemind/index.php(45): CodeIgniter\CodeIgniter->run()
#5 {main}
INFO - 2021-02-25 04:47:22 --> Session: Class initialized using 'CodeIgniter\Session\Handlers\FileHandler' driver.
INFO - 2021-02-25 04:47:22 --> Controller "App\Controllers\admin\Admin" loaded.
CRITICAL - 2021-02-25 04:47:22 --> Call to undefined function App\Models\admin\NOW()
#0 /home/aguestpdmy/public_html/ngulemind/app/Controllers/admin/Admin.php(158): App\Models\admin\AdminModel->konfirmasi_user('48')
#1 /home/aguestpdmy/public_html/ngulemind/system/CodeIgniter.php(910): App\Controllers\admin\Admin->do_konfirmasi()
#2 /home/aguestpdmy/public_html/ngulemind/system/CodeIgniter.php(398): CodeIgniter\CodeIgniter->runController(Object(App\Controllers\admin\Admin))
#3 /home/aguestpdmy/public_html/ngulemind/system/CodeIgniter.php(306): CodeIgniter\CodeIgniter->handleRequest(NULL, Object(Config\Cache), false)
#4 /home/aguestpdmy/public_html/ngulemind/index.php(45): CodeIgniter\CodeIgniter->run()
#5 {main}
INFO - 2021-02-25 04:47:28 --> Session: Class initialized using 'CodeIgniter\Session\Handlers\FileHandler' driver.
INFO - 2021-02-25 04:47:28 --> Controller "App\Controllers\admin\Admin" loaded.
CRITICAL - 2021-02-25 04:47:28 --> Call to undefined function App\Models\admin\NOW()
#0 /home/aguestpdmy/public_html/ngulemind/app/Controllers/admin/Admin.php(158): App\Models\admin\AdminModel->konfirmasi_user('48')
#1 /home/aguestpdmy/public_html/ngulemind/system/CodeIgniter.php(910): App\Controllers\admin\Admin->do_konfirmasi()
#2 /home/aguestpdmy/public_html/ngulemind/system/CodeIgniter.php(398): CodeIgniter\CodeIgniter->runController(Object(App\Controllers\admin\Admin))
#3 /home/aguestpdmy/public_html/ngulemind/system/CodeIgniter.php(306): CodeIgniter\CodeIgniter->handleRequest(NULL, Object(Config\Cache), false)
#4 /home/aguestpdmy/public_html/ngulemind/index.php(45): CodeIgniter\CodeIgniter->run()
#5 {main}
INFO - 2021-02-25 04:47:30 --> Session: Class initialized using 'CodeIgniter\Session\Handlers\FileHandler' driver.
INFO - 2021-02-25 04:47:30 --> Controller "App\Controllers\admin\Admin" loaded.
INFO - 2021-02-25 04:47:33 --> Session: Class initialized using 'CodeIgniter\Session\Handlers\FileHandler' driver.
INFO - 2021-02-25 04:47:33 --> Controller "App\Controllers\admin\Admin" loaded.
CRITICAL - 2021-02-25 04:47:33 --> Call to undefined function App\Models\admin\NOW()
#0 /home/aguestpdmy/public_html/ngulemind/app/Controllers/admin/Admin.php(158): App\Models\admin\AdminModel->konfirmasi_user('48')
#1 /home/aguestpdmy/public_html/ngulemind/system/CodeIgniter.php(910): App\Controllers\admin\Admin->do_konfirmasi()
#2 /home/aguestpdmy/public_html/ngulemind/system/CodeIgniter.php(398): CodeIgniter\CodeIgniter->runController(Object(App\Controllers\admin\Admin))
#3 /home/aguestpdmy/public_html/ngulemind/system/CodeIgniter.php(306): CodeIgniter\CodeIgniter->handleRequest(NULL, Object(Config\Cache), false)
#4 /home/aguestpdmy/public_html/ngulemind/index.php(45): CodeIgniter\CodeIgniter->run()
#5 {main}
INFO - 2021-02-25 04:47:34 --> Session: Class initialized using 'CodeIgniter\Session\Handlers\FileHandler' driver.
INFO - 2021-02-25 04:47:34 --> Controller "App\Controllers\admin\Admin" loaded.
CRITICAL - 2021-02-25 04:47:34 --> Call to undefined function App\Models\admin\NOW()
#0 /home/aguestpdmy/public_html/ngulemind/app/Controllers/admin/Admin.php(158): App\Models\admin\AdminModel->konfirmasi_user('48')
#1 /home/aguestpdmy/public_html/ngulemind/system/CodeIgniter.php(910): App\Controllers\admin\Admin->do_konfirmasi()
#2 /home/aguestpdmy/public_html/ngulemind/system/CodeIgniter.php(398): CodeIgniter\CodeIgniter->runController(Object(App\Controllers\admin\Admin))
#3 /home/aguestpdmy/public_html/ngulemind/system/CodeIgniter.php(306): CodeIgniter\CodeIgniter->handleRequest(NULL, Object(Config\Cache), false)
#4 /home/aguestpdmy/public_html/ngulemind/index.php(45): CodeIgniter\CodeIgniter->run()
#5 {main}
INFO - 2021-02-25 04:54:03 --> Session: Class initialized using 'CodeIgniter\Session\Handlers\FileHandler' driver.
INFO - 2021-02-25 04:54:03 --> Controller "App\Controllers\admin\Admin" loaded.
INFO - 2021-02-25 04:54:07 --> Session: Class initialized using 'CodeIgniter\Session\Handlers\FileHandler' driver.
INFO - 2021-02-25 04:54:07 --> Controller "App\Controllers\admin\Admin" loaded.
INFO - 2021-02-25 04:54:08 --> Session: Class initialized using 'CodeIgniter\Session\Handlers\FileHandler' driver.
INFO - 2021-02-25 04:54:08 --> Controller "App\Controllers\admin\Admin" loaded.
INFO - 2021-02-25 04:54:30 --> Session: Class initialized using 'CodeIgniter\Session\Handlers\FileHandler' driver.
INFO - 2021-02-25 04:54:30 --> Controller "App\Controllers\base\Dashboard" loaded.
INFO - 2021-02-25 05:05:50 --> Session: Class initialized using 'CodeIgniter\Session\Handlers\FileHandler' driver.
INFO - 2021-02-25 05:05:50 --> Controller "App\Controllers\base\Dashboard" loaded.
INFO - 2021-02-25 05:05:52 --> Session: Class initialized using 'CodeIgniter\Session\Handlers\FileHandler' driver.
INFO - 2021-02-25 05:05:52 --> Controller "App\Controllers\base\Dashboard" loaded.
INFO - 2021-02-25 05:06:08 --> Session: Class initialized using 'CodeIgniter\Session\Handlers\FileHandler' driver.
INFO - 2021-02-25 05:06:08 --> Controller "App\Controllers\admin\Admin" loaded.
INFO - 2021-02-25 05:06:25 --> Session: Class initialized using 'CodeIgniter\Session\Handlers\FileHandler' driver.
INFO - 2021-02-25 05:06:25 --> Controller "App\Controllers\base\Dashboard" loaded.
INFO - 2021-02-25 05:06:29 --> Session: Class initialized using 'CodeIgniter\Session\Handlers\FileHandler' driver.
INFO - 2021-02-25 05:06:29 --> Controller "App\Controllers\admin\Admin" loaded.
INFO - 2021-02-25 05:06:33 --> Session: Class initialized using 'CodeIgniter\Session\Handlers\FileHandler' driver.
INFO - 2021-02-25 05:06:33 --> Controller "App\Controllers\admin\Admin" loaded.
INFO - 2021-02-25 05:06:34 --> Session: Class initialized using 'CodeIgniter\Session\Handlers\FileHandler' driver.
INFO - 2021-02-25 05:06:34 --> Controller "App\Controllers\admin\Admin" loaded.
INFO - 2021-02-25 05:17:46 --> Session: Class initialized using 'CodeIgniter\Session\Handlers\FileHandler' driver.
INFO - 2021-02-25 05:17:46 --> Controller "App\Controllers\base\Dashboard" loaded.
INFO - 2021-02-25 05:17:50 --> Session: Class initialized using 'CodeIgniter\Session\Handlers\FileHandler' driver.
INFO - 2021-02-25 05:17:50 --> Controller "App\Controllers\admin\Admin" loaded.
INFO - 2021-02-25 05:17:54 --> Session: Class initialized using 'CodeIgniter\Session\Handlers\FileHandler' driver.
INFO - 2021-02-25 05:17:54 --> Controller "App\Controllers\admin\Admin" loaded.
INFO - 2021-02-25 05:17:54 --> Session: Class initialized using 'CodeIgniter\Session\Handlers\FileHandler' driver.
INFO - 2021-02-25 05:17:54 --> Controller "App\Controllers\admin\Admin" loaded.
INFO - 2021-02-25 05:17:58 --> Session: Class initialized using 'CodeIgniter\Session\Handlers\FileHandler' driver.
INFO - 2021-02-25 05:17:58 --> Controller "App\Controllers\base\Dashboard" loaded.
INFO - 2021-02-25 05:18:22 --> Session: Class initialized using 'CodeIgniter\Session\Handlers\FileHandler' driver.
INFO - 2021-02-25 05:18:22 --> Controller "App\Controllers\base\Dashboard" loaded.
INFO - 2021-02-25 05:20:51 --> Session: Class initialized using 'CodeIgniter\Session\Handlers\FileHandler' driver.
INFO - 2021-02-25 05:20:51 --> Controller "App\Controllers\base\Dashboard" loaded.
INFO - 2021-02-25 05:20:55 --> Session: Class initialized using 'CodeIgniter\Session\Handlers\FileHandler' driver.
INFO - 2021-02-25 05:20:55 --> Controller "App\Controllers\undangan\Undangan" loaded.
INFO - 2021-02-25 05:21:03 --> Session: Class initialized using 'CodeIgniter\Session\Handlers\FileHandler' driver.
INFO - 2021-02-25 05:21:03 --> Controller "App\Controllers\base\Dashboard" loaded.
INFO - 2021-02-25 05:21:07 --> Session: Class initialized using 'CodeIgniter\Session\Handlers\FileHandler' driver.
INFO - 2021-02-25 05:21:07 --> Controller "App\Controllers\base\Dashboard" loaded.
INFO - 2021-02-25 05:21:55 --> Controller "App\Controllers\base\Beranda" loaded.
INFO - 2021-02-25 06:07:00 --> Session: Class initialized using 'CodeIgniter\Session\Handlers\FileHandler' driver.
INFO - 2021-02-25 06:07:00 --> Controller "App\Controllers\base\Dashboard" loaded.
INFO - 2021-02-25 07:06:32 --> Session: Class initialized using 'CodeIgniter\Session\Handlers\FileHandler' driver.
INFO - 2021-02-25 07:06:32 --> Controller "App\Controllers\undangan\Undangan" loaded.
INFO - 2021-02-25 07:21:34 --> Controller "App\Controllers\base\Beranda" loaded.
INFO - 2021-02-25 08:21:10 --> Controller "App\Controllers\base\Beranda" loaded.
INFO - 2021-02-25 08:21:28 --> Controller "App\Controllers\base\Beranda" loaded.
INFO - 2021-02-25 08:21:34 --> Controller "App\Controllers\base\Beranda" loaded.
INFO - 2021-02-25 08:21:54 --> Controller "App\Controllers\base\Beranda" loaded.
INFO - 2021-02-25 08:21:54 --> Controller "App\Controllers\base\Beranda" loaded.
INFO - 2021-02-25 08:21:54 --> Controller "App\Controllers\base\Beranda" loaded.
INFO - 2021-02-25 13:55:34 --> Controller "App\Controllers\base\Beranda" loaded.
INFO - 2021-02-25 15:20:19 --> Controller "App\Controllers\base\Beranda" loaded.
INFO - 2021-02-25 16:26:22 --> Controller "App\Controllers\base\Beranda" loaded.
INFO - 2021-02-25 16:50:43 --> Session: Class initialized using 'CodeIgniter\Session\Handlers\FileHandler' driver.
INFO - 2021-02-25 16:50:43 --> Controller "App\Controllers\undangan\Undangan" loaded.
INFO - 2021-02-25 16:51:26 --> Session: Class initialized using 'CodeIgniter\Session\Handlers\FileHandler' driver.
INFO - 2021-02-25 16:51:26 --> Controller "App\Controllers\undangan\Undangan" loaded.
INFO - 2021-02-25 16:51:37 --> Session: Class initialized using 'CodeIgniter\Session\Handlers\FileHandler' driver.
INFO - 2021-02-25 16:51:37 --> Controller "App\Controllers\undangan\Undangan" loaded.
INFO - 2021-02-25 16:52:27 --> Session: Class initialized using 'CodeIgniter\Session\Handlers\FileHandler' driver.
INFO - 2021-02-25 16:52:27 --> Controller "App\Controllers\undangan\Undangan" loaded.
INFO - 2021-02-25 16:53:40 --> Session: Class initialized using 'CodeIgniter\Session\Handlers\FileHandler' driver.
INFO - 2021-02-25 16:53:40 --> Controller "App\Controllers\undangan\Undangan" loaded.
INFO - 2021-02-25 16:53:40 --> Session: Class initialized using 'CodeIgniter\Session\Handlers\FileHandler' driver.
INFO - 2021-02-25 16:53:40 --> Controller "App\Controllers\undangan\Undangan" loaded.
INFO - 2021-02-25 16:53:40 --> Session: Class initialized using 'CodeIgniter\Session\Handlers\FileHandler' driver.
INFO - 2021-02-25 16:53:40 --> Controller "App\Controllers\undangan\Undangan" loaded.
INFO - 2021-02-25 16:53:43 --> Session: Class initialized using 'CodeIgniter\Session\Handlers\FileHandler' driver.
INFO - 2021-02-25 16:53:43 --> Controller "App\Controllers\undangan\Undangan" loaded.
INFO - 2021-02-25 16:59:27 --> Controller "App\Controllers\base\Beranda" loaded.
INFO - 2021-02-25 17:37:33 --> Session: Class initialized using 'CodeIgniter\Session\Handlers\FileHandler' driver.
INFO - 2021-02-25 17:37:33 --> Controller "App\Controllers\undangan\Undangan" loaded.
INFO - 2021-02-25 17:42:19 --> Controller "App\Controllers\base\Beranda" loaded.
INFO - 2021-02-25 18:11:58 --> Controller "App\Controllers\base\Beranda" loaded.
INFO - 2021-02-25 18:30:56 --> Controller "App\Controllers\base\Beranda" loaded.
INFO - 2021-02-25 18:31:46 --> Controller "App\Controllers\base\Beranda" loaded.
INFO - 2021-02-25 18:31:50 --> Controller "App\Controllers\base\Beranda" loaded.
INFO - 2021-02-25 18:32:49 --> Session: Class initialized using 'CodeIgniter\Session\Handlers\FileHandler' driver.
INFO - 2021-02-25 18:32:49 --> Controller "App\Controllers\base\Dashboard" loaded.
INFO - 2021-02-25 18:33:27 --> Session: Class initialized using 'CodeIgniter\Session\Handlers\FileHandler' driver.
INFO - 2021-02-25 18:33:27 --> Controller "App\Controllers\base\Dashboard" loaded.
INFO - 2021-02-25 18:34:03 --> Session: Class initialized using 'CodeIgniter\Session\Handlers\FileHandler' driver.
INFO - 2021-02-25 18:34:03 --> Controller "App\Controllers\undangan\Undangan" loaded.
INFO - 2021-02-25 18:34:18 --> Controller "App\Controllers\base\Beranda" loaded.
INFO - 2021-02-25 18:34:36 --> Controller "App\Controllers\base\Beranda" loaded.
INFO - 2021-02-25 18:34:47 --> Session: Class initialized using 'CodeIgniter\Session\Handlers\FileHandler' driver.
INFO - 2021-02-25 18:34:47 --> Controller "App\Controllers\base\Order" loaded.
INFO - 2021-02-25 18:35:51 --> Session: Class initialized using 'CodeIgniter\Session\Handlers\FileHandler' driver.
INFO - 2021-02-25 18:35:51 --> Controller "App\Controllers\base\Order" loaded.
INFO - 2021-02-25 18:36:19 --> Session: Class initialized using 'CodeIgniter\Session\Handlers\FileHandler' driver.
INFO - 2021-02-25 18:36:19 --> Controller "App\Controllers\base\Dashboard" loaded.
INFO - 2021-02-25 18:36:37 --> Session: Class initialized using 'CodeIgniter\Session\Handlers\FileHandler' driver.
INFO - 2021-02-25 18:36:37 --> Controller "App\Controllers\base\Dashboard" loaded.
INFO - 2021-02-25 18:36:37 --> Session: Class initialized using 'CodeIgniter\Session\Handlers\FileHandler' driver.
INFO - 2021-02-25 18:36:37 --> Controller "App\Controllers\base\Dashboard" loaded.
INFO - 2021-02-25 18:47:38 --> Controller "App\Controllers\base\Beranda" loaded.
INFO - 2021-02-25 18:48:05 --> Controller "App\Controllers\base\Beranda" loaded.
INFO - 2021-02-25 18:48:19 --> Controller "App\Controllers\base\Beranda" loaded.
INFO - 2021-02-25 20:35:12 --> Controller "App\Controllers\base\Beranda" loaded.
INFO - 2021-02-25 20:35:15 --> Controller "App\Controllers\base\Beranda" loaded.
INFO - 2021-02-25 20:35:25 --> Controller "App\Controllers\base\Beranda" loaded.
INFO - 2021-02-25 20:35:31 --> Session: Class initialized using 'CodeIgniter\Session\Handlers\FileHandler' driver.
INFO - 2021-02-25 20:35:31 --> Controller "App\Controllers\base\Dashboard" loaded.
INFO - 2021-02-25 20:45:29 --> Controller "App\Controllers\base\Beranda" loaded.
INFO - 2021-02-25 20:45:29 --> Controller "App\Controllers\base\Beranda" loaded.
INFO - 2021-02-25 20:45:30 --> Controller "App\Controllers\base\Beranda" loaded.
INFO - 2021-02-25 20:55:06 --> Controller "App\Controllers\base\Beranda" loaded.
INFO - 2021-02-25 20:55:21 --> Controller "App\Controllers\base\Beranda" loaded.
INFO - 2021-02-25 20:55:36 --> Controller "App\Controllers\base\Beranda" loaded.
INFO - 2021-02-25 20:55:39 --> Controller "App\Controllers\base\Beranda" loaded.
INFO - 2021-02-25 20:55:57 --> Controller "App\Controllers\base\Beranda" loaded.
INFO - 2021-02-25 20:56:02 --> Controller "App\Controllers\base\Beranda" loaded.
INFO - 2021-02-25 21:00:25 --> Session: Class initialized using 'CodeIgniter\Session\Handlers\FileHandler' driver.
INFO - 2021-02-25 21:00:25 --> Controller "App\Controllers\undangan\Undangan" loaded.
INFO - 2021-02-25 21:09:20 --> Session: Class initialized using 'CodeIgniter\Session\Handlers\FileHandler' driver.
INFO - 2021-02-25 21:09:20 --> Controller "App\Controllers\base\Dashboard" loaded.
INFO - 2021-02-25 21:09:27 --> Controller "App\Controllers\base\Beranda" loaded.
INFO - 2021-02-25 21:15:40 --> Session: Class initialized using 'CodeIgniter\Session\Handlers\FileHandler' driver.
INFO - 2021-02-25 21:15:40 --> Controller "App\Controllers\undangan\Undangan" loaded.
INFO - 2021-02-25 21:15:40 --> Session: Class initialized using 'CodeIgniter\Session\Handlers\FileHandler' driver.
INFO - 2021-02-25 21:15:40 --> Controller "App\Controllers\undangan\Undangan" loaded.
INFO - 2021-02-25 21:15:40 --> Session: Class initialized using 'CodeIgniter\Session\Handlers\FileHandler' driver.
INFO - 2021-02-25 21:15:40 --> Controller "App\Controllers\base\Dashboard" loaded.
INFO - 2021-02-25 21:15:41 --> Session: Class initialized using 'CodeIgniter\Session\Handlers\FileHandler' driver.
INFO - 2021-02-25 21:15:41 --> Controller "App\Controllers\base\Dashboard" loaded.
INFO - 2021-02-25 21:15:41 --> Session: Class initialized using 'CodeIgniter\Session\Handlers\FileHandler' driver.
INFO - 2021-02-25 21:15:41 --> Controller "App\Controllers\base\Dashboard" loaded.
INFO - 2021-02-25 21:15:41 --> Session: Class initialized using 'CodeIgniter\Session\Handlers\FileHandler' driver.
INFO - 2021-02-25 21:15:41 --> Controller "App\Controllers\undangan\Undangan" loaded.
INFO - 2021-02-25 21:15:41 --> Session: Class initialized using 'CodeIgniter\Session\Handlers\FileHandler' driver.
INFO - 2021-02-25 21:15:41 --> Controller "App\Controllers\base\Dashboard" loaded.
INFO - 2021-02-25 21:15:41 --> Session: Class initialized using 'CodeIgniter\Session\Handlers\FileHandler' driver.
INFO - 2021-02-25 21:15:41 --> Controller "App\Controllers\undangan\Undangan" loaded.
INFO - 2021-02-25 21:27:49 --> Controller "App\Controllers\base\Beranda" loaded.
INFO - 2021-02-25 21:27:51 --> Session: Class initialized using 'CodeIgniter\Session\Handlers\FileHandler' driver.
INFO - 2021-02-25 21:27:51 --> Controller "App\Controllers\undangan\Undangan" loaded.
INFO - 2021-02-25 21:27:54 --> Session: Class initialized using 'CodeIgniter\Session\Handlers\FileHandler' driver.
INFO - 2021-02-25 21:27:54 --> Controller "App\Controllers\base\Dashboard" loaded.
INFO - 2021-02-25 21:29:21 --> Controller "App\Controllers\base\Beranda" loaded.
INFO - 2021-02-25 21:29:22 --> Controller "App\Controllers\base\Beranda" loaded.
INFO - 2021-02-25 21:29:25 --> Controller "App\Controllers\base\Beranda" loaded.
INFO - 2021-02-25 21:32:08 --> Controller "App\Controllers\base\Beranda" loaded.
INFO - 2021-02-25 21:32:21 --> Controller "App\Controllers\base\Beranda" loaded.
INFO - 2021-02-25 22:14:55 --> Controller "App\Controllers\base\Beranda" loaded.
INFO - 2021-02-25 22:15:27 --> Session: Class initialized using 'CodeIgniter\Session\Handlers\FileHandler' driver.
INFO - 2021-02-25 22:15:27 --> Controller "App\Controllers\base\Order" loaded.
INFO - 2021-02-25 23:08:33 --> Controller "App\Controllers\base\Beranda" loaded.
INFO - 2021-02-25 23:49:52 --> Controller "App\Controllers\base\Beranda" loaded.
INFO - 2021-02-25 23:56:15 --> Controller "App\Controllers\base\Beranda" loaded.
