INFO - 2021-11-30 00:57:15 --> Controller "App\Controllers\base\Beranda" loaded.
INFO - 2021-11-30 01:22:35 --> Controller "App\Controllers\base\Beranda" loaded.
INFO - 2021-11-30 01:41:32 --> Session: Class initialized using 'CodeIgniter\Session\Handlers\FileHandler' driver.
INFO - 2021-11-30 01:41:32 --> Controller "App\Controllers\base\Lupa_password" loaded.
INFO - 2021-11-30 02:21:54 --> Controller "App\Controllers\base\Beranda" loaded.
INFO - 2021-11-30 02:45:37 --> Controller "App\Controllers\base\Beranda" loaded.
INFO - 2021-11-30 03:13:02 --> Session: Class initialized using 'CodeIgniter\Session\Handlers\FileHandler' driver.
INFO - 2021-11-30 03:13:02 --> Controller "App\Controllers\base\Order" loaded.
INFO - 2021-11-30 03:26:05 --> Session: Class initialized using 'CodeIgniter\Session\Handlers\FileHandler' driver.
INFO - 2021-11-30 03:26:05 --> Controller "App\Controllers\undangan\Undangan" loaded.
INFO - 2021-11-30 03:28:25 --> Session: Class initialized using 'CodeIgniter\Session\Handlers\FileHandler' driver.
INFO - 2021-11-30 03:28:25 --> Controller "App\Controllers\undangan\Undangan" loaded.
INFO - 2021-11-30 03:39:49 --> Controller "App\Controllers\base\Beranda" loaded.
INFO - 2021-11-30 03:39:49 --> Session: Class initialized using 'CodeIgniter\Session\Handlers\FileHandler' driver.
INFO - 2021-11-30 03:39:49 --> Controller "App\Controllers\undangan\Undangan" loaded.
INFO - 2021-11-30 04:36:14 --> Session: Class initialized using 'CodeIgniter\Session\Handlers\FileHandler' driver.
INFO - 2021-11-30 04:36:14 --> Controller "App\Controllers\undangan\Undangan" loaded.
INFO - 2021-11-30 05:16:15 --> Controller "App\Controllers\base\Beranda" loaded.
INFO - 2021-11-30 06:56:11 --> Controller "App\Controllers\base\Beranda" loaded.
INFO - 2021-11-30 07:00:02 --> Controller "App\Controllers\base\Beranda" loaded.
INFO - 2021-11-30 07:08:21 --> Controller "App\Controllers\base\Beranda" loaded.
INFO - 2021-11-30 07:08:32 --> Controller "App\Controllers\base\Beranda" loaded.
INFO - 2021-11-30 07:08:37 --> Controller "App\Controllers\base\Beranda" loaded.
INFO - 2021-11-30 07:10:03 --> Controller "App\Controllers\base\Beranda" loaded.
INFO - 2021-11-30 07:12:37 --> Controller "App\Controllers\base\Beranda" loaded.
INFO - 2021-11-30 07:20:03 --> Controller "App\Controllers\base\Beranda" loaded.
INFO - 2021-11-30 07:30:03 --> Controller "App\Controllers\base\Beranda" loaded.
INFO - 2021-11-30 07:40:02 --> Controller "App\Controllers\base\Beranda" loaded.
INFO - 2021-11-30 07:50:03 --> Controller "App\Controllers\base\Beranda" loaded.
INFO - 2021-11-30 08:00:03 --> Controller "App\Controllers\base\Beranda" loaded.
INFO - 2021-11-30 08:10:02 --> Controller "App\Controllers\base\Beranda" loaded.
INFO - 2021-11-30 08:15:31 --> Controller "App\Controllers\base\Beranda" loaded.
INFO - 2021-11-30 08:20:03 --> Controller "App\Controllers\base\Beranda" loaded.
INFO - 2021-11-30 08:30:03 --> Controller "App\Controllers\base\Beranda" loaded.
INFO - 2021-11-30 08:40:03 --> Controller "App\Controllers\base\Beranda" loaded.
INFO - 2021-11-30 08:44:43 --> Controller "App\Controllers\base\Beranda" loaded.
INFO - 2021-11-30 08:44:44 --> Controller "App\Controllers\base\Beranda" loaded.
INFO - 2021-11-30 08:44:44 --> Controller "App\Controllers\base\Beranda" loaded.
INFO - 2021-11-30 08:44:45 --> Controller "App\Controllers\base\Beranda" loaded.
INFO - 2021-11-30 08:44:45 --> Controller "App\Controllers\base\Beranda" loaded.
INFO - 2021-11-30 08:44:46 --> Controller "App\Controllers\base\Beranda" loaded.
INFO - 2021-11-30 08:44:47 --> Controller "App\Controllers\base\Beranda" loaded.
INFO - 2021-11-30 08:44:48 --> Controller "App\Controllers\base\Beranda" loaded.
INFO - 2021-11-30 08:44:49 --> Controller "App\Controllers\base\Beranda" loaded.
INFO - 2021-11-30 08:44:50 --> Controller "App\Controllers\base\Beranda" loaded.
INFO - 2021-11-30 08:44:51 --> Controller "App\Controllers\base\Beranda" loaded.
INFO - 2021-11-30 08:44:52 --> Controller "App\Controllers\base\Beranda" loaded.
INFO - 2021-11-30 08:44:53 --> Controller "App\Controllers\base\Beranda" loaded.
INFO - 2021-11-30 08:44:54 --> Controller "App\Controllers\base\Beranda" loaded.
INFO - 2021-11-30 08:44:55 --> Controller "App\Controllers\base\Beranda" loaded.
INFO - 2021-11-30 08:44:55 --> Controller "App\Controllers\base\Beranda" loaded.
INFO - 2021-11-30 08:44:56 --> Controller "App\Controllers\base\Beranda" loaded.
INFO - 2021-11-30 08:44:57 --> Controller "App\Controllers\base\Beranda" loaded.
INFO - 2021-11-30 08:45:04 --> Controller "App\Controllers\base\Beranda" loaded.
INFO - 2021-11-30 08:45:21 --> Controller "App\Controllers\base\Beranda" loaded.
INFO - 2021-11-30 08:46:25 --> Controller "App\Controllers\base\Beranda" loaded.
INFO - 2021-11-30 08:50:02 --> Controller "App\Controllers\base\Beranda" loaded.
INFO - 2021-11-30 08:54:50 --> Controller "App\Controllers\base\Beranda" loaded.
INFO - 2021-11-30 08:55:58 --> Controller "App\Controllers\base\Beranda" loaded.
INFO - 2021-11-30 09:00:03 --> Controller "App\Controllers\base\Beranda" loaded.
INFO - 2021-11-30 09:00:06 --> Controller "App\Controllers\base\Beranda" loaded.
INFO - 2021-11-30 09:00:07 --> Controller "App\Controllers\base\Beranda" loaded.
INFO - 2021-11-30 09:10:03 --> Controller "App\Controllers\base\Beranda" loaded.
INFO - 2021-11-30 09:19:57 --> Controller "App\Controllers\base\Beranda" loaded.
INFO - 2021-11-30 09:20:02 --> Controller "App\Controllers\base\Beranda" loaded.
INFO - 2021-11-30 09:27:55 --> Controller "App\Controllers\base\Beranda" loaded.
INFO - 2021-11-30 09:30:03 --> Controller "App\Controllers\base\Beranda" loaded.
INFO - 2021-11-30 09:40:03 --> Controller "App\Controllers\base\Beranda" loaded.
INFO - 2021-11-30 09:50:03 --> Controller "App\Controllers\base\Beranda" loaded.
INFO - 2021-11-30 09:54:43 --> Controller "App\Controllers\base\Beranda" loaded.
INFO - 2021-11-30 10:00:02 --> Controller "App\Controllers\base\Beranda" loaded.
INFO - 2021-11-30 10:00:50 --> Controller "App\Controllers\base\Beranda" loaded.
INFO - 2021-11-30 10:10:03 --> Controller "App\Controllers\base\Beranda" loaded.
INFO - 2021-11-30 10:13:05 --> Controller "App\Controllers\base\Beranda" loaded.
INFO - 2021-11-30 10:20:03 --> Controller "App\Controllers\base\Beranda" loaded.
INFO - 2021-11-30 10:30:03 --> Controller "App\Controllers\base\Beranda" loaded.
INFO - 2021-11-30 10:40:02 --> Controller "App\Controllers\base\Beranda" loaded.
INFO - 2021-11-30 10:50:02 --> Controller "App\Controllers\base\Beranda" loaded.
INFO - 2021-11-30 11:00:03 --> Controller "App\Controllers\base\Beranda" loaded.
INFO - 2021-11-30 11:10:02 --> Controller "App\Controllers\base\Beranda" loaded.
INFO - 2021-11-30 11:14:44 --> Session: Class initialized using 'CodeIgniter\Session\Handlers\FileHandler' driver.
INFO - 2021-11-30 11:14:44 --> Controller "App\Controllers\base\Order" loaded.
INFO - 2021-11-30 11:15:49 --> Controller "App\Controllers\base\Beranda" loaded.
INFO - 2021-11-30 11:20:03 --> Controller "App\Controllers\base\Beranda" loaded.
INFO - 2021-11-30 11:28:32 --> Controller "App\Controllers\base\Beranda" loaded.
INFO - 2021-11-30 11:30:03 --> Controller "App\Controllers\base\Beranda" loaded.
INFO - 2021-11-30 11:40:03 --> Controller "App\Controllers\base\Beranda" loaded.
INFO - 2021-11-30 11:41:48 --> Controller "App\Controllers\base\Beranda" loaded.
INFO - 2021-11-30 11:44:22 --> Session: Class initialized using 'CodeIgniter\Session\Handlers\FileHandler' driver.
INFO - 2021-11-30 11:44:22 --> Controller "App\Controllers\base\Dashboard" loaded.
INFO - 2021-11-30 11:50:03 --> Controller "App\Controllers\base\Beranda" loaded.
INFO - 2021-11-30 12:00:02 --> Controller "App\Controllers\base\Beranda" loaded.
INFO - 2021-11-30 12:00:07 --> Controller "App\Controllers\base\Beranda" loaded.
INFO - 2021-11-30 12:10:03 --> Controller "App\Controllers\base\Beranda" loaded.
INFO - 2021-11-30 12:20:02 --> Controller "App\Controllers\base\Beranda" loaded.
INFO - 2021-11-30 12:21:09 --> Controller "App\Controllers\base\Beranda" loaded.
INFO - 2021-11-30 12:21:26 --> Controller "App\Controllers\base\Beranda" loaded.
INFO - 2021-11-30 12:27:58 --> Session: Class initialized using 'CodeIgniter\Session\Handlers\FileHandler' driver.
INFO - 2021-11-30 12:27:58 --> Controller "App\Controllers\bukutamu\Bukutamu" loaded.
INFO - 2021-11-30 12:28:00 --> Session: Class initialized using 'CodeIgniter\Session\Handlers\FileHandler' driver.
INFO - 2021-11-30 12:28:00 --> Controller "App\Controllers\bukutamu\Bukutamu" loaded.
INFO - 2021-11-30 12:28:02 --> Session: Class initialized using 'CodeIgniter\Session\Handlers\FileHandler' driver.
INFO - 2021-11-30 12:28:02 --> Controller "App\Controllers\bukutamu\Bukutamu" loaded.
INFO - 2021-11-30 12:28:05 --> Session: Class initialized using 'CodeIgniter\Session\Handlers\FileHandler' driver.
INFO - 2021-11-30 12:28:05 --> Controller "App\Controllers\bukutamu\Bukutamu" loaded.
INFO - 2021-11-30 12:28:07 --> Session: Class initialized using 'CodeIgniter\Session\Handlers\FileHandler' driver.
INFO - 2021-11-30 12:28:07 --> Controller "App\Controllers\bukutamu\Bukutamu" loaded.
INFO - 2021-11-30 12:28:09 --> Session: Class initialized using 'CodeIgniter\Session\Handlers\FileHandler' driver.
INFO - 2021-11-30 12:28:09 --> Controller "App\Controllers\bukutamu\Bukutamu" loaded.
INFO - 2021-11-30 12:28:12 --> Session: Class initialized using 'CodeIgniter\Session\Handlers\FileHandler' driver.
INFO - 2021-11-30 12:28:12 --> Controller "App\Controllers\bukutamu\Bukutamu" loaded.
INFO - 2021-11-30 12:28:13 --> Session: Class initialized using 'CodeIgniter\Session\Handlers\FileHandler' driver.
INFO - 2021-11-30 12:28:13 --> Controller "App\Controllers\bukutamu\Bukutamu" loaded.
INFO - 2021-11-30 12:28:15 --> Session: Class initialized using 'CodeIgniter\Session\Handlers\FileHandler' driver.
INFO - 2021-11-30 12:28:15 --> Controller "App\Controllers\bukutamu\Bukutamu" loaded.
INFO - 2021-11-30 12:28:17 --> Session: Class initialized using 'CodeIgniter\Session\Handlers\FileHandler' driver.
INFO - 2021-11-30 12:28:17 --> Controller "App\Controllers\bukutamu\Bukutamu" loaded.
INFO - 2021-11-30 12:28:19 --> Session: Class initialized using 'CodeIgniter\Session\Handlers\FileHandler' driver.
INFO - 2021-11-30 12:28:19 --> Controller "App\Controllers\bukutamu\Bukutamu" loaded.
INFO - 2021-11-30 12:28:21 --> Session: Class initialized using 'CodeIgniter\Session\Handlers\FileHandler' driver.
INFO - 2021-11-30 12:28:21 --> Controller "App\Controllers\bukutamu\Bukutamu" loaded.
INFO - 2021-11-30 12:30:03 --> Controller "App\Controllers\base\Beranda" loaded.
INFO - 2021-11-30 12:39:19 --> Session: Class initialized using 'CodeIgniter\Session\Handlers\FileHandler' driver.
INFO - 2021-11-30 12:39:19 --> Controller "App\Controllers\bukutamu\Bukutamu" loaded.
INFO - 2021-11-30 12:40:02 --> Controller "App\Controllers\base\Beranda" loaded.
INFO - 2021-11-30 12:50:02 --> Controller "App\Controllers\base\Beranda" loaded.
INFO - 2021-11-30 12:58:39 --> Controller "App\Controllers\base\Beranda" loaded.
INFO - 2021-11-30 13:00:02 --> Controller "App\Controllers\base\Beranda" loaded.
INFO - 2021-11-30 13:09:35 --> Controller "App\Controllers\base\Beranda" loaded.
INFO - 2021-11-30 13:10:02 --> Controller "App\Controllers\base\Beranda" loaded.
INFO - 2021-11-30 13:20:03 --> Controller "App\Controllers\base\Beranda" loaded.
INFO - 2021-11-30 13:30:02 --> Controller "App\Controllers\base\Beranda" loaded.
INFO - 2021-11-30 13:40:03 --> Controller "App\Controllers\base\Beranda" loaded.
INFO - 2021-11-30 13:50:03 --> Controller "App\Controllers\base\Beranda" loaded.
INFO - 2021-11-30 14:00:02 --> Controller "App\Controllers\base\Beranda" loaded.
INFO - 2021-11-30 14:10:02 --> Controller "App\Controllers\base\Beranda" loaded.
INFO - 2021-11-30 14:20:03 --> Controller "App\Controllers\base\Beranda" loaded.
INFO - 2021-11-30 14:30:02 --> Controller "App\Controllers\base\Beranda" loaded.
INFO - 2021-11-30 14:32:21 --> Controller "App\Controllers\base\Beranda" loaded.
INFO - 2021-11-30 14:36:52 --> Controller "App\Controllers\base\Beranda" loaded.
INFO - 2021-11-30 14:40:02 --> Controller "App\Controllers\base\Beranda" loaded.
INFO - 2021-11-30 14:47:06 --> Controller "App\Controllers\base\Beranda" loaded.
INFO - 2021-11-30 14:50:03 --> Controller "App\Controllers\base\Beranda" loaded.
INFO - 2021-11-30 15:00:03 --> Controller "App\Controllers\base\Beranda" loaded.
INFO - 2021-11-30 15:10:03 --> Controller "App\Controllers\base\Beranda" loaded.
INFO - 2021-11-30 15:17:19 --> Session: Class initialized using 'CodeIgniter\Session\Handlers\FileHandler' driver.
INFO - 2021-11-30 15:17:19 --> Controller "App\Controllers\undangan\Undangan" loaded.
INFO - 2021-11-30 15:20:02 --> Controller "App\Controllers\base\Beranda" loaded.
INFO - 2021-11-30 15:29:27 --> Controller "App\Controllers\base\Beranda" loaded.
INFO - 2021-11-30 15:29:28 --> Controller "App\Controllers\base\Beranda" loaded.
INFO - 2021-11-30 15:29:28 --> Controller "App\Controllers\base\Beranda" loaded.
INFO - 2021-11-30 15:29:28 --> Controller "App\Controllers\base\Beranda" loaded.
INFO - 2021-11-30 15:29:28 --> Controller "App\Controllers\base\Beranda" loaded.
INFO - 2021-11-30 15:29:29 --> Controller "App\Controllers\base\Beranda" loaded.
INFO - 2021-11-30 15:29:29 --> Controller "App\Controllers\base\Beranda" loaded.
INFO - 2021-11-30 15:29:29 --> Controller "App\Controllers\base\Beranda" loaded.
INFO - 2021-11-30 15:29:29 --> Controller "App\Controllers\base\Beranda" loaded.
INFO - 2021-11-30 15:29:30 --> Controller "App\Controllers\base\Beranda" loaded.
INFO - 2021-11-30 15:29:30 --> Controller "App\Controllers\base\Beranda" loaded.
INFO - 2021-11-30 15:29:30 --> Controller "App\Controllers\base\Beranda" loaded.
INFO - 2021-11-30 15:29:30 --> Controller "App\Controllers\base\Beranda" loaded.
INFO - 2021-11-30 15:29:31 --> Controller "App\Controllers\base\Beranda" loaded.
INFO - 2021-11-30 15:29:31 --> Controller "App\Controllers\base\Beranda" loaded.
INFO - 2021-11-30 15:29:31 --> Controller "App\Controllers\base\Beranda" loaded.
INFO - 2021-11-30 15:29:31 --> Controller "App\Controllers\base\Beranda" loaded.
INFO - 2021-11-30 15:29:32 --> Controller "App\Controllers\base\Beranda" loaded.
INFO - 2021-11-30 15:29:32 --> Controller "App\Controllers\base\Beranda" loaded.
INFO - 2021-11-30 15:29:32 --> Controller "App\Controllers\base\Beranda" loaded.
INFO - 2021-11-30 15:30:02 --> Controller "App\Controllers\base\Beranda" loaded.
INFO - 2021-11-30 15:40:03 --> Controller "App\Controllers\base\Beranda" loaded.
INFO - 2021-11-30 15:40:38 --> Session: Class initialized using 'CodeIgniter\Session\Handlers\FileHandler' driver.
INFO - 2021-11-30 15:40:38 --> Controller "App\Controllers\bukutamu\Bukutamu" loaded.
INFO - 2021-11-30 15:40:38 --> Session: Class initialized using 'CodeIgniter\Session\Handlers\FileHandler' driver.
INFO - 2021-11-30 15:40:38 --> Controller "App\Controllers\bukutamu\Bukutamu" loaded.
INFO - 2021-11-30 15:40:38 --> Session: Class initialized using 'CodeIgniter\Session\Handlers\FileHandler' driver.
INFO - 2021-11-30 15:40:38 --> Controller "App\Controllers\bukutamu\Bukutamu" loaded.
INFO - 2021-11-30 15:40:38 --> Session: Class initialized using 'CodeIgniter\Session\Handlers\FileHandler' driver.
INFO - 2021-11-30 15:40:38 --> Controller "App\Controllers\bukutamu\Bukutamu" loaded.
INFO - 2021-11-30 15:40:39 --> Session: Class initialized using 'CodeIgniter\Session\Handlers\FileHandler' driver.
INFO - 2021-11-30 15:40:39 --> Controller "App\Controllers\bukutamu\Bukutamu" loaded.
INFO - 2021-11-30 15:40:39 --> Session: Class initialized using 'CodeIgniter\Session\Handlers\FileHandler' driver.
INFO - 2021-11-30 15:40:39 --> Controller "App\Controllers\bukutamu\Bukutamu" loaded.
INFO - 2021-11-30 15:40:39 --> Session: Class initialized using 'CodeIgniter\Session\Handlers\FileHandler' driver.
INFO - 2021-11-30 15:40:39 --> Controller "App\Controllers\bukutamu\Bukutamu" loaded.
INFO - 2021-11-30 15:40:39 --> Session: Class initialized using 'CodeIgniter\Session\Handlers\FileHandler' driver.
INFO - 2021-11-30 15:40:39 --> Controller "App\Controllers\bukutamu\Bukutamu" loaded.
INFO - 2021-11-30 15:40:40 --> Session: Class initialized using 'CodeIgniter\Session\Handlers\FileHandler' driver.
INFO - 2021-11-30 15:40:40 --> Controller "App\Controllers\bukutamu\Bukutamu" loaded.
INFO - 2021-11-30 15:40:40 --> Session: Class initialized using 'CodeIgniter\Session\Handlers\FileHandler' driver.
INFO - 2021-11-30 15:40:40 --> Controller "App\Controllers\bukutamu\Bukutamu" loaded.
INFO - 2021-11-30 15:40:40 --> Session: Class initialized using 'CodeIgniter\Session\Handlers\FileHandler' driver.
INFO - 2021-11-30 15:40:40 --> Controller "App\Controllers\bukutamu\Bukutamu" loaded.
INFO - 2021-11-30 15:40:40 --> Session: Class initialized using 'CodeIgniter\Session\Handlers\FileHandler' driver.
INFO - 2021-11-30 15:40:40 --> Controller "App\Controllers\bukutamu\Bukutamu" loaded.
INFO - 2021-11-30 15:40:41 --> Session: Class initialized using 'CodeIgniter\Session\Handlers\FileHandler' driver.
INFO - 2021-11-30 15:40:41 --> Controller "App\Controllers\bukutamu\Bukutamu" loaded.
INFO - 2021-11-30 15:40:41 --> Session: Class initialized using 'CodeIgniter\Session\Handlers\FileHandler' driver.
INFO - 2021-11-30 15:40:41 --> Controller "App\Controllers\bukutamu\Bukutamu" loaded.
INFO - 2021-11-30 15:40:41 --> Session: Class initialized using 'CodeIgniter\Session\Handlers\FileHandler' driver.
INFO - 2021-11-30 15:40:41 --> Controller "App\Controllers\bukutamu\Bukutamu" loaded.
INFO - 2021-11-30 15:40:41 --> Session: Class initialized using 'CodeIgniter\Session\Handlers\FileHandler' driver.
INFO - 2021-11-30 15:40:41 --> Controller "App\Controllers\bukutamu\Bukutamu" loaded.
INFO - 2021-11-30 15:40:42 --> Session: Class initialized using 'CodeIgniter\Session\Handlers\FileHandler' driver.
INFO - 2021-11-30 15:40:42 --> Controller "App\Controllers\bukutamu\Bukutamu" loaded.
INFO - 2021-11-30 15:40:42 --> Session: Class initialized using 'CodeIgniter\Session\Handlers\FileHandler' driver.
INFO - 2021-11-30 15:40:42 --> Controller "App\Controllers\bukutamu\Bukutamu" loaded.
INFO - 2021-11-30 15:40:42 --> Session: Class initialized using 'CodeIgniter\Session\Handlers\FileHandler' driver.
INFO - 2021-11-30 15:40:42 --> Controller "App\Controllers\bukutamu\Bukutamu" loaded.
INFO - 2021-11-30 15:40:42 --> Session: Class initialized using 'CodeIgniter\Session\Handlers\FileHandler' driver.
INFO - 2021-11-30 15:40:42 --> Controller "App\Controllers\bukutamu\Bukutamu" loaded.
INFO - 2021-11-30 15:50:02 --> Controller "App\Controllers\base\Beranda" loaded.
INFO - 2021-11-30 15:53:15 --> Controller "App\Controllers\base\Beranda" loaded.
INFO - 2021-11-30 16:00:02 --> Controller "App\Controllers\base\Beranda" loaded.
INFO - 2021-11-30 16:10:03 --> Controller "App\Controllers\base\Beranda" loaded.
INFO - 2021-11-30 16:20:03 --> Controller "App\Controllers\base\Beranda" loaded.
INFO - 2021-11-30 16:30:02 --> Controller "App\Controllers\base\Beranda" loaded.
INFO - 2021-11-30 16:40:02 --> Controller "App\Controllers\base\Beranda" loaded.
INFO - 2021-11-30 16:50:02 --> Controller "App\Controllers\base\Beranda" loaded.
INFO - 2021-11-30 17:00:03 --> Controller "App\Controllers\base\Beranda" loaded.
INFO - 2021-11-30 17:10:03 --> Controller "App\Controllers\base\Beranda" loaded.
INFO - 2021-11-30 17:20:02 --> Controller "App\Controllers\base\Beranda" loaded.
INFO - 2021-11-30 17:30:02 --> Controller "App\Controllers\base\Beranda" loaded.
INFO - 2021-11-30 17:40:03 --> Controller "App\Controllers\base\Beranda" loaded.
INFO - 2021-11-30 17:50:02 --> Controller "App\Controllers\base\Beranda" loaded.
INFO - 2021-11-30 18:00:02 --> Controller "App\Controllers\base\Beranda" loaded.
INFO - 2021-11-30 18:10:03 --> Controller "App\Controllers\base\Beranda" loaded.
INFO - 2021-11-30 18:15:47 --> Session: Class initialized using 'CodeIgniter\Session\Handlers\FileHandler' driver.
INFO - 2021-11-30 18:15:52 --> Session: Class initialized using 'CodeIgniter\Session\Handlers\FileHandler' driver.
INFO - 2021-11-30 18:15:52 --> Controller "App\Controllers\admin\Admin" loaded.
INFO - 2021-11-30 18:20:02 --> Controller "App\Controllers\base\Beranda" loaded.
INFO - 2021-11-30 18:24:30 --> Controller "App\Controllers\base\Beranda" loaded.
INFO - 2021-11-30 18:30:02 --> Controller "App\Controllers\base\Beranda" loaded.
INFO - 2021-11-30 18:40:03 --> Controller "App\Controllers\base\Beranda" loaded.
INFO - 2021-11-30 18:50:02 --> Controller "App\Controllers\base\Beranda" loaded.
INFO - 2021-11-30 18:56:55 --> Session: Class initialized using 'CodeIgniter\Session\Handlers\FileHandler' driver.
INFO - 2021-11-30 18:56:55 --> Controller "App\Controllers\base\Order" loaded.
INFO - 2021-11-30 19:00:03 --> Controller "App\Controllers\base\Beranda" loaded.
INFO - 2021-11-30 19:10:03 --> Controller "App\Controllers\base\Beranda" loaded.
INFO - 2021-11-30 19:20:03 --> Controller "App\Controllers\base\Beranda" loaded.
INFO - 2021-11-30 19:30:02 --> Controller "App\Controllers\base\Beranda" loaded.
INFO - 2021-11-30 19:40:03 --> Controller "App\Controllers\base\Beranda" loaded.
INFO - 2021-11-30 19:50:02 --> Controller "App\Controllers\base\Beranda" loaded.
INFO - 2021-11-30 20:00:03 --> Controller "App\Controllers\base\Beranda" loaded.
INFO - 2021-11-30 20:04:07 --> Controller "App\Controllers\base\Beranda" loaded.
INFO - 2021-11-30 20:10:03 --> Controller "App\Controllers\base\Beranda" loaded.
INFO - 2021-11-30 20:20:03 --> Controller "App\Controllers\base\Beranda" loaded.
INFO - 2021-11-30 20:22:28 --> Session: Class initialized using 'CodeIgniter\Session\Handlers\FileHandler' driver.
INFO - 2021-11-30 20:22:28 --> Controller "App\Controllers\undangan\Undangan" loaded.
INFO - 2021-11-30 20:24:08 --> Session: Class initialized using 'CodeIgniter\Session\Handlers\FileHandler' driver.
INFO - 2021-11-30 20:24:08 --> Controller "App\Controllers\undangan\Undangan" loaded.
INFO - 2021-11-30 20:30:03 --> Controller "App\Controllers\base\Beranda" loaded.
INFO - 2021-11-30 20:40:02 --> Controller "App\Controllers\base\Beranda" loaded.
INFO - 2021-11-30 20:50:02 --> Controller "App\Controllers\base\Beranda" loaded.
INFO - 2021-11-30 21:00:03 --> Controller "App\Controllers\base\Beranda" loaded.
INFO - 2021-11-30 21:10:02 --> Controller "App\Controllers\base\Beranda" loaded.
INFO - 2021-11-30 21:20:02 --> Controller "App\Controllers\base\Beranda" loaded.
INFO - 2021-11-30 21:30:02 --> Controller "App\Controllers\base\Beranda" loaded.
INFO - 2021-11-30 21:37:37 --> Session: Class initialized using 'CodeIgniter\Session\Handlers\FileHandler' driver.
INFO - 2021-11-30 21:37:37 --> Controller "App\Controllers\bukutamu\Bukutamu" loaded.
INFO - 2021-11-30 21:40:03 --> Controller "App\Controllers\base\Beranda" loaded.
INFO - 2021-11-30 21:50:02 --> Controller "App\Controllers\base\Beranda" loaded.
INFO - 2021-11-30 22:00:03 --> Controller "App\Controllers\base\Beranda" loaded.
INFO - 2021-11-30 22:02:22 --> Controller "App\Controllers\base\Beranda" loaded.
INFO - 2021-11-30 22:02:54 --> Session: Class initialized using 'CodeIgniter\Session\Handlers\FileHandler' driver.
INFO - 2021-11-30 22:02:54 --> Controller "App\Controllers\base\Order" loaded.
INFO - 2021-11-30 22:03:13 --> Controller "App\Controllers\base\Beranda" loaded.
INFO - 2021-11-30 22:03:18 --> Controller "App\Controllers\base\Beranda" loaded.
INFO - 2021-11-30 22:10:03 --> Controller "App\Controllers\base\Beranda" loaded.
INFO - 2021-11-30 22:20:03 --> Controller "App\Controllers\base\Beranda" loaded.
INFO - 2021-11-30 22:30:03 --> Controller "App\Controllers\base\Beranda" loaded.
INFO - 2021-11-30 22:40:03 --> Controller "App\Controllers\base\Beranda" loaded.
INFO - 2021-11-30 22:50:02 --> Controller "App\Controllers\base\Beranda" loaded.
