INFO - 2021-03-12 00:39:24 --> Session: Class initialized using 'CodeIgniter\Session\Handlers\FileHandler' driver.
INFO - 2021-03-12 00:39:24 --> Session: Class initialized using 'CodeIgniter\Session\Handlers\FileHandler' driver.
INFO - 2021-03-12 00:39:24 --> Controller "App\Controllers\base\Dashboard" loaded.
INFO - 2021-03-12 00:39:31 --> Controller "App\Controllers\base\Beranda" loaded.
INFO - 2021-03-12 00:39:44 --> Controller "App\Controllers\base\Beranda" loaded.
INFO - 2021-03-12 00:42:53 --> Controller "App\Controllers\base\Beranda" loaded.
INFO - 2021-03-12 01:09:55 --> Controller "App\Controllers\base\Beranda" loaded.
INFO - 2021-03-12 01:10:54 --> Controller "App\Controllers\base\Beranda" loaded.
INFO - 2021-03-12 01:12:51 --> Controller "App\Controllers\base\Beranda" loaded.
INFO - 2021-03-12 01:12:54 --> Controller "App\Controllers\base\Beranda" loaded.
INFO - 2021-03-12 01:13:10 --> Session: Class initialized using 'CodeIgniter\Session\Handlers\FileHandler' driver.
INFO - 2021-03-12 01:13:10 --> Controller "App\Controllers\base\Dashboard" loaded.
INFO - 2021-03-12 01:13:17 --> Session: Class initialized using 'CodeIgniter\Session\Handlers\FileHandler' driver.
INFO - 2021-03-12 01:13:17 --> Controller "App\Controllers\base\Dashboard" loaded.
INFO - 2021-03-12 01:13:17 --> Session: Class initialized using 'CodeIgniter\Session\Handlers\FileHandler' driver.
INFO - 2021-03-12 01:13:17 --> Controller "App\Controllers\base\Dashboard" loaded.
INFO - 2021-03-12 01:13:24 --> Session: Class initialized using 'CodeIgniter\Session\Handlers\FileHandler' driver.
INFO - 2021-03-12 01:13:24 --> Controller "App\Controllers\base\Dashboard" loaded.
INFO - 2021-03-12 01:13:24 --> Session: Class initialized using 'CodeIgniter\Session\Handlers\FileHandler' driver.
INFO - 2021-03-12 01:13:24 --> Controller "App\Controllers\base\Dashboard" loaded.
INFO - 2021-03-12 01:13:27 --> Controller "App\Controllers\base\Beranda" loaded.
INFO - 2021-03-12 01:24:28 --> Controller "App\Controllers\base\Beranda" loaded.
INFO - 2021-03-12 01:38:38 --> Controller "App\Controllers\base\Beranda" loaded.
INFO - 2021-03-12 01:48:05 --> Controller "App\Controllers\base\Beranda" loaded.
INFO - 2021-03-12 01:55:49 --> Controller "App\Controllers\base\Beranda" loaded.
INFO - 2021-03-12 01:56:05 --> Controller "App\Controllers\base\Beranda" loaded.
INFO - 2021-03-12 01:56:09 --> Session: Class initialized using 'CodeIgniter\Session\Handlers\FileHandler' driver.
INFO - 2021-03-12 01:56:09 --> Controller "App\Controllers\base\Dashboard" loaded.
INFO - 2021-03-12 01:56:12 --> Controller "App\Controllers\base\Beranda" loaded.
INFO - 2021-03-12 01:56:16 --> Session: Class initialized using 'CodeIgniter\Session\Handlers\FileHandler' driver.
INFO - 2021-03-12 01:56:16 --> Controller "App\Controllers\base\Order" loaded.
INFO - 2021-03-12 01:56:16 --> Controller "App\Controllers\base\Beranda" loaded.
INFO - 2021-03-12 01:56:21 --> Session: Class initialized using 'CodeIgniter\Session\Handlers\FileHandler' driver.
INFO - 2021-03-12 01:56:21 --> Controller "App\Controllers\base\Order" loaded.
INFO - 2021-03-12 01:56:38 --> Session: Class initialized using 'CodeIgniter\Session\Handlers\FileHandler' driver.
INFO - 2021-03-12 01:56:38 --> Controller "App\Controllers\base\Order" loaded.
INFO - 2021-03-12 01:56:47 --> Session: Class initialized using 'CodeIgniter\Session\Handlers\FileHandler' driver.
INFO - 2021-03-12 01:56:47 --> Controller "App\Controllers\base\Order" loaded.
INFO - 2021-03-12 01:56:59 --> Session: Class initialized using 'CodeIgniter\Session\Handlers\FileHandler' driver.
INFO - 2021-03-12 01:56:59 --> Controller "App\Controllers\base\Order" loaded.
INFO - 2021-03-12 01:57:08 --> Session: Class initialized using 'CodeIgniter\Session\Handlers\FileHandler' driver.
INFO - 2021-03-12 01:57:08 --> Controller "App\Controllers\base\Order" loaded.
INFO - 2021-03-12 01:57:08 --> Session: Class initialized using 'CodeIgniter\Session\Handlers\FileHandler' driver.
INFO - 2021-03-12 01:57:08 --> Controller "App\Controllers\base\Order" loaded.
INFO - 2021-03-12 01:57:28 --> Session: Class initialized using 'CodeIgniter\Session\Handlers\FileHandler' driver.
INFO - 2021-03-12 01:57:28 --> Controller "App\Controllers\base\Order" loaded.
INFO - 2021-03-12 01:57:35 --> Session: Class initialized using 'CodeIgniter\Session\Handlers\FileHandler' driver.
INFO - 2021-03-12 01:57:35 --> Controller "App\Controllers\base\Order" loaded.
INFO - 2021-03-12 01:57:36 --> Controller "App\Controllers\base\Beranda" loaded.
INFO - 2021-03-12 01:57:43 --> Session: Class initialized using 'CodeIgniter\Session\Handlers\FileHandler' driver.
INFO - 2021-03-12 01:57:43 --> Controller "App\Controllers\base\Order" loaded.
INFO - 2021-03-12 01:57:45 --> Session: Class initialized using 'CodeIgniter\Session\Handlers\FileHandler' driver.
INFO - 2021-03-12 01:57:45 --> Controller "App\Controllers\base\Order" loaded.
INFO - 2021-03-12 01:57:48 --> Session: Class initialized using 'CodeIgniter\Session\Handlers\FileHandler' driver.
INFO - 2021-03-12 01:57:48 --> Controller "App\Controllers\base\Order" loaded.
INFO - 2021-03-12 01:57:49 --> Session: Class initialized using 'CodeIgniter\Session\Handlers\FileHandler' driver.
INFO - 2021-03-12 01:57:49 --> Controller "App\Controllers\base\Order" loaded.
INFO - 2021-03-12 01:57:56 --> Session: Class initialized using 'CodeIgniter\Session\Handlers\FileHandler' driver.
INFO - 2021-03-12 01:57:56 --> Controller "App\Controllers\undangan\Undangan" loaded.
INFO - 2021-03-12 03:01:36 --> Controller "App\Controllers\base\Beranda" loaded.
INFO - 2021-03-12 03:26:19 --> Controller "App\Controllers\base\Beranda" loaded.
INFO - 2021-03-12 04:02:13 --> Controller "App\Controllers\base\Beranda" loaded.
INFO - 2021-03-12 04:02:16 --> Controller "App\Controllers\base\Beranda" loaded.
INFO - 2021-03-12 04:02:18 --> Controller "App\Controllers\base\Beranda" loaded.
INFO - 2021-03-12 04:02:21 --> Controller "App\Controllers\base\Beranda" loaded.
INFO - 2021-03-12 04:04:37 --> Controller "App\Controllers\base\Beranda" loaded.
INFO - 2021-03-12 04:04:40 --> Session: Class initialized using 'CodeIgniter\Session\Handlers\FileHandler' driver.
INFO - 2021-03-12 04:04:40 --> Controller "App\Controllers\base\Order" loaded.
INFO - 2021-03-12 04:04:40 --> Controller "App\Controllers\base\Beranda" loaded.
INFO - 2021-03-12 04:04:44 --> Session: Class initialized using 'CodeIgniter\Session\Handlers\FileHandler' driver.
INFO - 2021-03-12 04:04:44 --> Controller "App\Controllers\base\Order" loaded.
INFO - 2021-03-12 04:05:03 --> Session: Class initialized using 'CodeIgniter\Session\Handlers\FileHandler' driver.
INFO - 2021-03-12 04:05:03 --> Controller "App\Controllers\base\Order" loaded.
INFO - 2021-03-12 04:05:29 --> Session: Class initialized using 'CodeIgniter\Session\Handlers\FileHandler' driver.
INFO - 2021-03-12 04:05:29 --> Controller "App\Controllers\base\Order" loaded.
INFO - 2021-03-12 04:05:49 --> Session: Class initialized using 'CodeIgniter\Session\Handlers\FileHandler' driver.
INFO - 2021-03-12 04:05:49 --> Controller "App\Controllers\base\Order" loaded.
INFO - 2021-03-12 04:06:10 --> Session: Class initialized using 'CodeIgniter\Session\Handlers\FileHandler' driver.
INFO - 2021-03-12 04:06:10 --> Controller "App\Controllers\base\Order" loaded.
INFO - 2021-03-12 04:06:43 --> Session: Class initialized using 'CodeIgniter\Session\Handlers\FileHandler' driver.
INFO - 2021-03-12 04:06:43 --> Controller "App\Controllers\base\Order" loaded.
INFO - 2021-03-12 04:06:58 --> Session: Class initialized using 'CodeIgniter\Session\Handlers\FileHandler' driver.
INFO - 2021-03-12 04:06:58 --> Controller "App\Controllers\base\Order" loaded.
INFO - 2021-03-12 04:07:41 --> Session: Class initialized using 'CodeIgniter\Session\Handlers\FileHandler' driver.
INFO - 2021-03-12 04:07:41 --> Controller "App\Controllers\base\Order" loaded.
INFO - 2021-03-12 04:08:40 --> Session: Class initialized using 'CodeIgniter\Session\Handlers\FileHandler' driver.
INFO - 2021-03-12 04:08:40 --> Controller "App\Controllers\base\Order" loaded.
INFO - 2021-03-12 04:08:46 --> Session: Class initialized using 'CodeIgniter\Session\Handlers\FileHandler' driver.
INFO - 2021-03-12 04:08:46 --> Controller "App\Controllers\base\Order" loaded.
INFO - 2021-03-12 04:08:47 --> Controller "App\Controllers\base\Beranda" loaded.
INFO - 2021-03-12 04:09:35 --> Session: Class initialized using 'CodeIgniter\Session\Handlers\FileHandler' driver.
INFO - 2021-03-12 04:09:35 --> Controller "App\Controllers\base\Order" loaded.
INFO - 2021-03-12 04:09:35 --> Session: Class initialized using 'CodeIgniter\Session\Handlers\FileHandler' driver.
INFO - 2021-03-12 04:09:35 --> Controller "App\Controllers\base\Order" loaded.
INFO - 2021-03-12 04:09:38 --> Session: Class initialized using 'CodeIgniter\Session\Handlers\FileHandler' driver.
INFO - 2021-03-12 04:09:38 --> Controller "App\Controllers\base\Order" loaded.
INFO - 2021-03-12 04:09:41 --> Session: Class initialized using 'CodeIgniter\Session\Handlers\FileHandler' driver.
INFO - 2021-03-12 04:09:41 --> Controller "App\Controllers\base\Order" loaded.
INFO - 2021-03-12 04:09:42 --> Session: Class initialized using 'CodeIgniter\Session\Handlers\FileHandler' driver.
INFO - 2021-03-12 04:09:42 --> Controller "App\Controllers\base\Order" loaded.
INFO - 2021-03-12 04:09:44 --> Session: Class initialized using 'CodeIgniter\Session\Handlers\FileHandler' driver.
INFO - 2021-03-12 04:09:44 --> Controller "App\Controllers\undangan\Undangan" loaded.
INFO - 2021-03-12 04:10:04 --> Session: Class initialized using 'CodeIgniter\Session\Handlers\FileHandler' driver.
INFO - 2021-03-12 04:10:04 --> Controller "App\Controllers\undangan\Undangan" loaded.
INFO - 2021-03-12 04:10:05 --> Session: Class initialized using 'CodeIgniter\Session\Handlers\FileHandler' driver.
INFO - 2021-03-12 04:10:05 --> Controller "App\Controllers\undangan\Undangan" loaded.
INFO - 2021-03-12 04:10:05 --> Session: Class initialized using 'CodeIgniter\Session\Handlers\FileHandler' driver.
INFO - 2021-03-12 04:10:05 --> Controller "App\Controllers\undangan\Undangan" loaded.
INFO - 2021-03-12 05:02:26 --> Controller "App\Controllers\base\Beranda" loaded.
INFO - 2021-03-12 05:02:39 --> Session: Class initialized using 'CodeIgniter\Session\Handlers\FileHandler' driver.
INFO - 2021-03-12 05:02:39 --> Controller "App\Controllers\base\Order" loaded.
INFO - 2021-03-12 05:02:39 --> Controller "App\Controllers\base\Beranda" loaded.
INFO - 2021-03-12 05:02:48 --> Controller "App\Controllers\base\Beranda" loaded.
INFO - 2021-03-12 05:33:28 --> Controller "App\Controllers\base\Beranda" loaded.
INFO - 2021-03-12 06:02:22 --> Controller "App\Controllers\base\Beranda" loaded.
INFO - 2021-03-12 06:05:09 --> Controller "App\Controllers\base\Beranda" loaded.
INFO - 2021-03-12 06:05:19 --> Session: Class initialized using 'CodeIgniter\Session\Handlers\FileHandler' driver.
INFO - 2021-03-12 06:05:19 --> Controller "App\Controllers\base\Order" loaded.
INFO - 2021-03-12 06:05:20 --> Controller "App\Controllers\base\Beranda" loaded.
INFO - 2021-03-12 06:06:36 --> Controller "App\Controllers\base\Beranda" loaded.
INFO - 2021-03-12 06:12:46 --> Controller "App\Controllers\base\Beranda" loaded.
INFO - 2021-03-12 06:12:59 --> Controller "App\Controllers\base\Beranda" loaded.
INFO - 2021-03-12 06:13:04 --> Controller "App\Controllers\base\Beranda" loaded.
INFO - 2021-03-12 06:13:13 --> Controller "App\Controllers\base\Beranda" loaded.
INFO - 2021-03-12 06:13:35 --> Controller "App\Controllers\base\Beranda" loaded.
INFO - 2021-03-12 06:13:42 --> Controller "App\Controllers\base\Beranda" loaded.
INFO - 2021-03-12 06:14:00 --> Controller "App\Controllers\base\Beranda" loaded.
INFO - 2021-03-12 06:14:06 --> Controller "App\Controllers\base\Beranda" loaded.
INFO - 2021-03-12 06:14:11 --> Session: Class initialized using 'CodeIgniter\Session\Handlers\FileHandler' driver.
INFO - 2021-03-12 06:14:11 --> Controller "App\Controllers\base\Order" loaded.
INFO - 2021-03-12 06:14:11 --> Controller "App\Controllers\base\Beranda" loaded.
INFO - 2021-03-12 06:14:14 --> Controller "App\Controllers\base\Beranda" loaded.
INFO - 2021-03-12 06:14:26 --> Controller "App\Controllers\base\Beranda" loaded.
INFO - 2021-03-12 06:14:29 --> Controller "App\Controllers\base\Beranda" loaded.
INFO - 2021-03-12 06:14:42 --> Controller "App\Controllers\base\Beranda" loaded.
INFO - 2021-03-12 06:14:45 --> Controller "App\Controllers\base\Beranda" loaded.
INFO - 2021-03-12 06:14:54 --> Controller "App\Controllers\base\Beranda" loaded.
INFO - 2021-03-12 06:19:16 --> Controller "App\Controllers\base\Beranda" loaded.
INFO - 2021-03-12 06:19:18 --> Controller "App\Controllers\base\Beranda" loaded.
INFO - 2021-03-12 06:19:23 --> Session: Class initialized using 'CodeIgniter\Session\Handlers\FileHandler' driver.
INFO - 2021-03-12 06:19:23 --> Controller "App\Controllers\base\Order" loaded.
INFO - 2021-03-12 06:19:23 --> Controller "App\Controllers\base\Beranda" loaded.
INFO - 2021-03-12 06:19:29 --> Controller "App\Controllers\base\Beranda" loaded.
INFO - 2021-03-12 06:19:34 --> Controller "App\Controllers\base\Beranda" loaded.
INFO - 2021-03-12 06:19:47 --> Session: Class initialized using 'CodeIgniter\Session\Handlers\FileHandler' driver.
INFO - 2021-03-12 06:19:47 --> Controller "App\Controllers\base\Dashboard" loaded.
INFO - 2021-03-12 06:19:47 --> Session: Class initialized using 'CodeIgniter\Session\Handlers\FileHandler' driver.
INFO - 2021-03-12 06:19:47 --> Controller "App\Controllers\base\Dashboard" loaded.
INFO - 2021-03-12 06:19:57 --> Session: Class initialized using 'CodeIgniter\Session\Handlers\FileHandler' driver.
INFO - 2021-03-12 06:19:57 --> Controller "App\Controllers\base\Dashboard" loaded.
INFO - 2021-03-12 06:19:59 --> Session: Class initialized using 'CodeIgniter\Session\Handlers\FileHandler' driver.
INFO - 2021-03-12 06:19:59 --> Controller "App\Controllers\base\Dashboard" loaded.
INFO - 2021-03-12 06:20:00 --> Session: Class initialized using 'CodeIgniter\Session\Handlers\FileHandler' driver.
INFO - 2021-03-12 06:20:00 --> Controller "App\Controllers\base\Dashboard" loaded.
INFO - 2021-03-12 06:20:17 --> Session: Class initialized using 'CodeIgniter\Session\Handlers\FileHandler' driver.
INFO - 2021-03-12 06:20:17 --> Controller "App\Controllers\base\Dashboard" loaded.
INFO - 2021-03-12 06:20:17 --> Session: Class initialized using 'CodeIgniter\Session\Handlers\FileHandler' driver.
INFO - 2021-03-12 06:20:17 --> Controller "App\Controllers\base\Dashboard" loaded.
INFO - 2021-03-12 06:20:25 --> Session: Class initialized using 'CodeIgniter\Session\Handlers\FileHandler' driver.
INFO - 2021-03-12 06:20:25 --> Controller "App\Controllers\base\Dashboard" loaded.
INFO - 2021-03-12 06:20:48 --> Session: Class initialized using 'CodeIgniter\Session\Handlers\FileHandler' driver.
INFO - 2021-03-12 06:20:48 --> Controller "App\Controllers\base\Dashboard" loaded.
INFO - 2021-03-12 06:20:59 --> Session: Class initialized using 'CodeIgniter\Session\Handlers\FileHandler' driver.
INFO - 2021-03-12 06:20:59 --> Controller "App\Controllers\base\Dashboard" loaded.
INFO - 2021-03-12 07:14:03 --> Controller "App\Controllers\base\Beranda" loaded.
INFO - 2021-03-12 07:14:12 --> Controller "App\Controllers\base\Beranda" loaded.
INFO - 2021-03-12 07:14:14 --> Controller "App\Controllers\base\Beranda" loaded.
INFO - 2021-03-12 07:14:43 --> Controller "App\Controllers\base\Beranda" loaded.
INFO - 2021-03-12 07:15:00 --> Controller "App\Controllers\base\Beranda" loaded.
INFO - 2021-03-12 07:15:19 --> Controller "App\Controllers\base\Beranda" loaded.
INFO - 2021-03-12 07:15:25 --> Controller "App\Controllers\base\Beranda" loaded.
INFO - 2021-03-12 07:15:28 --> Controller "App\Controllers\base\Beranda" loaded.
INFO - 2021-03-12 07:16:57 --> Session: Class initialized using 'CodeIgniter\Session\Handlers\FileHandler' driver.
INFO - 2021-03-12 07:16:57 --> Controller "App\Controllers\base\Order" loaded.
INFO - 2021-03-12 07:16:57 --> Controller "App\Controllers\base\Beranda" loaded.
INFO - 2021-03-12 07:17:01 --> Controller "App\Controllers\base\Beranda" loaded.
INFO - 2021-03-12 07:17:04 --> Controller "App\Controllers\base\Beranda" loaded.
INFO - 2021-03-12 07:18:18 --> Controller "App\Controllers\base\Beranda" loaded.
INFO - 2021-03-12 07:19:17 --> Controller "App\Controllers\base\Beranda" loaded.
INFO - 2021-03-12 07:19:35 --> Session: Class initialized using 'CodeIgniter\Session\Handlers\FileHandler' driver.
INFO - 2021-03-12 07:19:35 --> Controller "App\Controllers\base\Order" loaded.
INFO - 2021-03-12 07:19:35 --> Controller "App\Controllers\base\Beranda" loaded.
INFO - 2021-03-12 07:19:42 --> Controller "App\Controllers\base\Beranda" loaded.
INFO - 2021-03-12 07:21:02 --> Controller "App\Controllers\base\Beranda" loaded.
INFO - 2021-03-12 07:23:11 --> Controller "App\Controllers\base\Beranda" loaded.
INFO - 2021-03-12 07:39:44 --> Session: Class initialized using 'CodeIgniter\Session\Handlers\FileHandler' driver.
INFO - 2021-03-12 07:39:44 --> Controller "App\Controllers\undangan\Undangan" loaded.
INFO - 2021-03-12 07:39:45 --> Session: Class initialized using 'CodeIgniter\Session\Handlers\FileHandler' driver.
INFO - 2021-03-12 07:39:45 --> Controller "App\Controllers\undangan\Undangan" loaded.
INFO - 2021-03-12 07:39:59 --> Session: Class initialized using 'CodeIgniter\Session\Handlers\FileHandler' driver.
INFO - 2021-03-12 07:39:59 --> Controller "App\Controllers\undangan\Undangan" loaded.
INFO - 2021-03-12 07:44:37 --> Session: Class initialized using 'CodeIgniter\Session\Handlers\FileHandler' driver.
INFO - 2021-03-12 07:44:37 --> Controller "App\Controllers\undangan\Undangan" loaded.
INFO - 2021-03-12 08:28:57 --> Controller "App\Controllers\base\Beranda" loaded.
INFO - 2021-03-12 15:09:45 --> Controller "App\Controllers\base\Beranda" loaded.
INFO - 2021-03-12 15:09:49 --> Session: Class initialized using 'CodeIgniter\Session\Handlers\FileHandler' driver.
INFO - 2021-03-12 15:09:49 --> Controller "App\Controllers\base\Order" loaded.
INFO - 2021-03-12 15:09:49 --> Controller "App\Controllers\base\Beranda" loaded.
INFO - 2021-03-12 15:09:53 --> Session: Class initialized using 'CodeIgniter\Session\Handlers\FileHandler' driver.
INFO - 2021-03-12 15:09:53 --> Controller "App\Controllers\base\Order" loaded.
INFO - 2021-03-12 15:10:07 --> Session: Class initialized using 'CodeIgniter\Session\Handlers\FileHandler' driver.
INFO - 2021-03-12 15:10:07 --> Controller "App\Controllers\base\Order" loaded.
INFO - 2021-03-12 15:18:37 --> Session: Class initialized using 'CodeIgniter\Session\Handlers\FileHandler' driver.
INFO - 2021-03-12 15:18:37 --> Controller "App\Controllers\base\Order" loaded.
INFO - 2021-03-12 15:18:48 --> Session: Class initialized using 'CodeIgniter\Session\Handlers\FileHandler' driver.
INFO - 2021-03-12 15:18:48 --> Controller "App\Controllers\base\Order" loaded.
INFO - 2021-03-12 15:20:57 --> Session: Class initialized using 'CodeIgniter\Session\Handlers\FileHandler' driver.
INFO - 2021-03-12 15:20:57 --> Controller "App\Controllers\base\Order" loaded.
INFO - 2021-03-12 15:24:07 --> Session: Class initialized using 'CodeIgniter\Session\Handlers\FileHandler' driver.
INFO - 2021-03-12 15:24:07 --> Controller "App\Controllers\base\Order" loaded.
INFO - 2021-03-12 15:25:02 --> Controller "App\Controllers\base\Beranda" loaded.
INFO - 2021-03-12 15:33:29 --> Session: Class initialized using 'CodeIgniter\Session\Handlers\FileHandler' driver.
INFO - 2021-03-12 15:33:29 --> Controller "App\Controllers\base\Order" loaded.
INFO - 2021-03-12 15:34:16 --> Session: Class initialized using 'CodeIgniter\Session\Handlers\FileHandler' driver.
INFO - 2021-03-12 15:34:16 --> Controller "App\Controllers\base\Order" loaded.
INFO - 2021-03-12 15:34:50 --> Session: Class initialized using 'CodeIgniter\Session\Handlers\FileHandler' driver.
INFO - 2021-03-12 15:34:50 --> Controller "App\Controllers\base\Order" loaded.
INFO - 2021-03-12 15:45:58 --> Controller "App\Controllers\base\Beranda" loaded.
INFO - 2021-03-12 15:46:02 --> Session: Class initialized using 'CodeIgniter\Session\Handlers\FileHandler' driver.
INFO - 2021-03-12 15:46:02 --> Controller "App\Controllers\base\Order" loaded.
INFO - 2021-03-12 15:46:02 --> Controller "App\Controllers\base\Beranda" loaded.
INFO - 2021-03-12 15:46:04 --> Session: Class initialized using 'CodeIgniter\Session\Handlers\FileHandler' driver.
INFO - 2021-03-12 15:46:04 --> Controller "App\Controllers\base\Order" loaded.
INFO - 2021-03-12 15:46:07 --> Session: Class initialized using 'CodeIgniter\Session\Handlers\FileHandler' driver.
INFO - 2021-03-12 15:46:07 --> Controller "App\Controllers\base\Order" loaded.
INFO - 2021-03-12 15:46:07 --> Session: Class initialized using 'CodeIgniter\Session\Handlers\FileHandler' driver.
INFO - 2021-03-12 15:46:07 --> Controller "App\Controllers\base\Order" loaded.
INFO - 2021-03-12 15:46:07 --> Session: Class initialized using 'CodeIgniter\Session\Handlers\FileHandler' driver.
INFO - 2021-03-12 15:46:07 --> Controller "App\Controllers\base\Order" loaded.
INFO - 2021-03-12 15:46:10 --> Session: Class initialized using 'CodeIgniter\Session\Handlers\FileHandler' driver.
INFO - 2021-03-12 15:46:10 --> Controller "App\Controllers\base\Order" loaded.
INFO - 2021-03-12 15:46:11 --> Session: Class initialized using 'CodeIgniter\Session\Handlers\FileHandler' driver.
INFO - 2021-03-12 15:46:11 --> Controller "App\Controllers\base\Order" loaded.
INFO - 2021-03-12 15:46:12 --> Controller "App\Controllers\base\Beranda" loaded.
INFO - 2021-03-12 15:46:12 --> Session: Class initialized using 'CodeIgniter\Session\Handlers\FileHandler' driver.
INFO - 2021-03-12 15:46:12 --> Controller "App\Controllers\base\Order" loaded.
INFO - 2021-03-12 15:46:12 --> Session: Class initialized using 'CodeIgniter\Session\Handlers\FileHandler' driver.
INFO - 2021-03-12 15:46:12 --> Controller "App\Controllers\base\Order" loaded.
INFO - 2021-03-12 15:46:12 --> Session: Class initialized using 'CodeIgniter\Session\Handlers\FileHandler' driver.
INFO - 2021-03-12 15:46:12 --> Controller "App\Controllers\base\Order" loaded.
INFO - 2021-03-12 15:46:14 --> Session: Class initialized using 'CodeIgniter\Session\Handlers\FileHandler' driver.
INFO - 2021-03-12 15:46:14 --> Controller "App\Controllers\base\Order" loaded.
INFO - 2021-03-12 15:46:14 --> Session: Class initialized using 'CodeIgniter\Session\Handlers\FileHandler' driver.
INFO - 2021-03-12 15:46:14 --> Controller "App\Controllers\base\Order" loaded.
INFO - 2021-03-12 15:46:14 --> Session: Class initialized using 'CodeIgniter\Session\Handlers\FileHandler' driver.
INFO - 2021-03-12 15:46:14 --> Controller "App\Controllers\base\Order" loaded.
INFO - 2021-03-12 15:46:20 --> Session: Class initialized using 'CodeIgniter\Session\Handlers\FileHandler' driver.
INFO - 2021-03-12 15:46:20 --> Controller "App\Controllers\base\Order" loaded.
INFO - 2021-03-12 15:46:20 --> Session: Class initialized using 'CodeIgniter\Session\Handlers\FileHandler' driver.
INFO - 2021-03-12 15:46:20 --> Controller "App\Controllers\base\Order" loaded.
INFO - 2021-03-12 15:46:21 --> Session: Class initialized using 'CodeIgniter\Session\Handlers\FileHandler' driver.
INFO - 2021-03-12 15:46:21 --> Controller "App\Controllers\base\Order" loaded.
INFO - 2021-03-12 15:46:31 --> Session: Class initialized using 'CodeIgniter\Session\Handlers\FileHandler' driver.
INFO - 2021-03-12 15:46:31 --> Controller "App\Controllers\base\Order" loaded.
INFO - 2021-03-12 15:46:31 --> Session: Class initialized using 'CodeIgniter\Session\Handlers\FileHandler' driver.
INFO - 2021-03-12 15:46:31 --> Controller "App\Controllers\base\Order" loaded.
INFO - 2021-03-12 15:46:31 --> Session: Class initialized using 'CodeIgniter\Session\Handlers\FileHandler' driver.
INFO - 2021-03-12 15:46:31 --> Controller "App\Controllers\base\Order" loaded.
INFO - 2021-03-12 15:46:36 --> Session: Class initialized using 'CodeIgniter\Session\Handlers\FileHandler' driver.
INFO - 2021-03-12 15:46:36 --> Controller "App\Controllers\base\Order" loaded.
INFO - 2021-03-12 15:46:37 --> Session: Class initialized using 'CodeIgniter\Session\Handlers\FileHandler' driver.
INFO - 2021-03-12 15:46:37 --> Controller "App\Controllers\base\Order" loaded.
INFO - 2021-03-12 15:46:37 --> Session: Class initialized using 'CodeIgniter\Session\Handlers\FileHandler' driver.
INFO - 2021-03-12 15:46:37 --> Controller "App\Controllers\base\Order" loaded.
INFO - 2021-03-12 15:46:51 --> Session: Class initialized using 'CodeIgniter\Session\Handlers\FileHandler' driver.
INFO - 2021-03-12 15:46:51 --> Controller "App\Controllers\base\Order" loaded.
INFO - 2021-03-12 15:46:51 --> Controller "App\Controllers\base\Beranda" loaded.
INFO - 2021-03-12 15:46:55 --> Session: Class initialized using 'CodeIgniter\Session\Handlers\FileHandler' driver.
INFO - 2021-03-12 15:46:55 --> Controller "App\Controllers\base\Order" loaded.
INFO - 2021-03-12 15:47:13 --> Session: Class initialized using 'CodeIgniter\Session\Handlers\FileHandler' driver.
INFO - 2021-03-12 15:47:13 --> Controller "App\Controllers\base\Order" loaded.
INFO - 2021-03-12 15:53:47 --> Session: Class initialized using 'CodeIgniter\Session\Handlers\FileHandler' driver.
INFO - 2021-03-12 15:53:47 --> Controller "App\Controllers\base\Order" loaded.
INFO - 2021-03-12 15:54:36 --> Session: Class initialized using 'CodeIgniter\Session\Handlers\FileHandler' driver.
INFO - 2021-03-12 15:54:36 --> Controller "App\Controllers\base\Order" loaded.
INFO - 2021-03-12 15:55:29 --> Session: Class initialized using 'CodeIgniter\Session\Handlers\FileHandler' driver.
INFO - 2021-03-12 15:55:29 --> Controller "App\Controllers\base\Order" loaded.
INFO - 2021-03-12 15:57:17 --> Session: Class initialized using 'CodeIgniter\Session\Handlers\FileHandler' driver.
INFO - 2021-03-12 15:57:17 --> Controller "App\Controllers\base\Order" loaded.
INFO - 2021-03-12 15:57:25 --> Session: Class initialized using 'CodeIgniter\Session\Handlers\FileHandler' driver.
INFO - 2021-03-12 15:57:25 --> Controller "App\Controllers\base\Order" loaded.
INFO - 2021-03-12 15:57:27 --> Session: Class initialized using 'CodeIgniter\Session\Handlers\FileHandler' driver.
INFO - 2021-03-12 15:57:27 --> Controller "App\Controllers\base\Order" loaded.
INFO - 2021-03-12 15:58:07 --> Session: Class initialized using 'CodeIgniter\Session\Handlers\FileHandler' driver.
INFO - 2021-03-12 15:58:07 --> Controller "App\Controllers\base\Order" loaded.
INFO - 2021-03-12 15:58:11 --> Session: Class initialized using 'CodeIgniter\Session\Handlers\FileHandler' driver.
INFO - 2021-03-12 15:58:11 --> Controller "App\Controllers\base\Order" loaded.
INFO - 2021-03-12 15:58:11 --> Controller "App\Controllers\base\Beranda" loaded.
INFO - 2021-03-12 15:58:13 --> Session: Class initialized using 'CodeIgniter\Session\Handlers\FileHandler' driver.
INFO - 2021-03-12 15:58:13 --> Controller "App\Controllers\base\Order" loaded.
INFO - 2021-03-12 15:58:16 --> Session: Class initialized using 'CodeIgniter\Session\Handlers\FileHandler' driver.
INFO - 2021-03-12 15:58:16 --> Controller "App\Controllers\base\Order" loaded.
INFO - 2021-03-12 15:58:17 --> Session: Class initialized using 'CodeIgniter\Session\Handlers\FileHandler' driver.
INFO - 2021-03-12 15:58:17 --> Controller "App\Controllers\base\Order" loaded.
INFO - 2021-03-12 15:58:20 --> Session: Class initialized using 'CodeIgniter\Session\Handlers\FileHandler' driver.
INFO - 2021-03-12 15:58:20 --> Controller "App\Controllers\undangan\Undangan" loaded.
INFO - 2021-03-12 15:59:04 --> Session: Class initialized using 'CodeIgniter\Session\Handlers\FileHandler' driver.
INFO - 2021-03-12 15:59:04 --> Controller "App\Controllers\undangan\Undangan" loaded.
INFO - 2021-03-12 16:03:46 --> Session: Class initialized using 'CodeIgniter\Session\Handlers\FileHandler' driver.
INFO - 2021-03-12 16:03:46 --> Controller "App\Controllers\base\Order" loaded.
INFO - 2021-03-12 16:03:48 --> Controller "App\Controllers\base\Beranda" loaded.
INFO - 2021-03-12 16:03:52 --> Session: Class initialized using 'CodeIgniter\Session\Handlers\FileHandler' driver.
INFO - 2021-03-12 16:03:52 --> Controller "App\Controllers\base\Order" loaded.
INFO - 2021-03-12 16:03:52 --> Controller "App\Controllers\base\Beranda" loaded.
INFO - 2021-03-12 16:03:55 --> Session: Class initialized using 'CodeIgniter\Session\Handlers\FileHandler' driver.
INFO - 2021-03-12 16:03:55 --> Controller "App\Controllers\base\Order" loaded.
INFO - 2021-03-12 16:04:29 --> Session: Class initialized using 'CodeIgniter\Session\Handlers\FileHandler' driver.
INFO - 2021-03-12 16:04:29 --> Controller "App\Controllers\base\Order" loaded.
INFO - 2021-03-12 16:05:04 --> Session: Class initialized using 'CodeIgniter\Session\Handlers\FileHandler' driver.
INFO - 2021-03-12 16:05:04 --> Controller "App\Controllers\base\Order" loaded.
INFO - 2021-03-12 16:05:14 --> Session: Class initialized using 'CodeIgniter\Session\Handlers\FileHandler' driver.
INFO - 2021-03-12 16:05:14 --> Controller "App\Controllers\base\Order" loaded.
INFO - 2021-03-12 16:07:13 --> Session: Class initialized using 'CodeIgniter\Session\Handlers\FileHandler' driver.
INFO - 2021-03-12 16:07:13 --> Controller "App\Controllers\base\Order" loaded.
INFO - 2021-03-12 16:08:10 --> Session: Class initialized using 'CodeIgniter\Session\Handlers\FileHandler' driver.
INFO - 2021-03-12 16:08:10 --> Controller "App\Controllers\base\Order" loaded.
CRITICAL - 2021-03-12 16:08:10 --> Call to undefined function App\Controllers\base\ucword()
#0 /home/aguestpdmy/public_html/ngulemind/app/Controllers/base/Order.php(135): App\Controllers\base\Order->simpan_data_sessions('mempelai')
#1 /home/aguestpdmy/public_html/ngulemind/system/CodeIgniter.php(910): App\Controllers\base\Order->acara()
#2 /home/aguestpdmy/public_html/ngulemind/system/CodeIgniter.php(398): CodeIgniter\CodeIgniter->runController(Object(App\Controllers\base\Order))
#3 /home/aguestpdmy/public_html/ngulemind/system/CodeIgniter.php(306): CodeIgniter\CodeIgniter->handleRequest(NULL, Object(Config\Cache), false)
#4 /home/aguestpdmy/public_html/ngulemind/index.php(45): CodeIgniter\CodeIgniter->run()
#5 {main}
INFO - 2021-03-12 16:11:50 --> Session: Class initialized using 'CodeIgniter\Session\Handlers\FileHandler' driver.
INFO - 2021-03-12 16:11:50 --> Controller "App\Controllers\base\Order" loaded.
CRITICAL - 2021-03-12 16:11:50 --> Call to undefined function App\Controllers\base\ucword()
#0 /home/aguestpdmy/public_html/ngulemind/app/Controllers/base/Order.php(135): App\Controllers\base\Order->simpan_data_sessions('mempelai')
#1 /home/aguestpdmy/public_html/ngulemind/system/CodeIgniter.php(910): App\Controllers\base\Order->acara()
#2 /home/aguestpdmy/public_html/ngulemind/system/CodeIgniter.php(398): CodeIgniter\CodeIgniter->runController(Object(App\Controllers\base\Order))
#3 /home/aguestpdmy/public_html/ngulemind/system/CodeIgniter.php(306): CodeIgniter\CodeIgniter->handleRequest(NULL, Object(Config\Cache), false)
#4 /home/aguestpdmy/public_html/ngulemind/index.php(45): CodeIgniter\CodeIgniter->run()
#5 {main}
INFO - 2021-03-12 16:14:19 --> Session: Class initialized using 'CodeIgniter\Session\Handlers\FileHandler' driver.
INFO - 2021-03-12 16:14:19 --> Controller "App\Controllers\base\Order" loaded.
INFO - 2021-03-12 16:14:46 --> Session: Class initialized using 'CodeIgniter\Session\Handlers\FileHandler' driver.
INFO - 2021-03-12 16:14:46 --> Controller "App\Controllers\base\Order" loaded.
INFO - 2021-03-12 16:14:49 --> Session: Class initialized using 'CodeIgniter\Session\Handlers\FileHandler' driver.
INFO - 2021-03-12 16:14:49 --> Controller "App\Controllers\base\Order" loaded.
INFO - 2021-03-12 16:14:49 --> Controller "App\Controllers\base\Beranda" loaded.
INFO - 2021-03-12 16:14:52 --> Session: Class initialized using 'CodeIgniter\Session\Handlers\FileHandler' driver.
INFO - 2021-03-12 16:14:52 --> Controller "App\Controllers\base\Order" loaded.
INFO - 2021-03-12 16:14:55 --> Session: Class initialized using 'CodeIgniter\Session\Handlers\FileHandler' driver.
INFO - 2021-03-12 16:14:55 --> Controller "App\Controllers\base\Order" loaded.
INFO - 2021-03-12 16:14:57 --> Session: Class initialized using 'CodeIgniter\Session\Handlers\FileHandler' driver.
INFO - 2021-03-12 16:14:57 --> Controller "App\Controllers\base\Order" loaded.
INFO - 2021-03-12 16:15:01 --> Controller "App\Controllers\base\Beranda" loaded.
INFO - 2021-03-12 16:15:05 --> Session: Class initialized using 'CodeIgniter\Session\Handlers\FileHandler' driver.
INFO - 2021-03-12 16:15:05 --> Controller "App\Controllers\base\Order" loaded.
INFO - 2021-03-12 16:15:05 --> Session: Class initialized using 'CodeIgniter\Session\Handlers\FileHandler' driver.
INFO - 2021-03-12 16:15:05 --> Controller "App\Controllers\base\Order" loaded.
INFO - 2021-03-12 16:15:06 --> Session: Class initialized using 'CodeIgniter\Session\Handlers\FileHandler' driver.
INFO - 2021-03-12 16:15:06 --> Controller "App\Controllers\base\Order" loaded.
INFO - 2021-03-12 16:15:06 --> Controller "App\Controllers\base\Beranda" loaded.
INFO - 2021-03-12 16:27:34 --> Controller "App\Controllers\base\Beranda" loaded.
INFO - 2021-03-12 16:27:38 --> Session: Class initialized using 'CodeIgniter\Session\Handlers\FileHandler' driver.
INFO - 2021-03-12 16:27:38 --> Controller "App\Controllers\base\Order" loaded.
INFO - 2021-03-12 16:27:38 --> Controller "App\Controllers\base\Beranda" loaded.
INFO - 2021-03-12 16:27:41 --> Session: Class initialized using 'CodeIgniter\Session\Handlers\FileHandler' driver.
INFO - 2021-03-12 16:27:41 --> Controller "App\Controllers\base\Order" loaded.
INFO - 2021-03-12 16:28:04 --> Session: Class initialized using 'CodeIgniter\Session\Handlers\FileHandler' driver.
INFO - 2021-03-12 16:28:04 --> Controller "App\Controllers\base\Order" loaded.
INFO - 2021-03-12 16:28:24 --> Session: Class initialized using 'CodeIgniter\Session\Handlers\FileHandler' driver.
INFO - 2021-03-12 16:28:24 --> Controller "App\Controllers\base\Order" loaded.
INFO - 2021-03-12 16:28:34 --> Session: Class initialized using 'CodeIgniter\Session\Handlers\FileHandler' driver.
INFO - 2021-03-12 16:28:34 --> Controller "App\Controllers\base\Order" loaded.
INFO - 2021-03-12 16:28:44 --> Session: Class initialized using 'CodeIgniter\Session\Handlers\FileHandler' driver.
INFO - 2021-03-12 16:28:44 --> Controller "App\Controllers\base\Order" loaded.
INFO - 2021-03-12 16:29:21 --> Session: Class initialized using 'CodeIgniter\Session\Handlers\FileHandler' driver.
INFO - 2021-03-12 16:29:21 --> Controller "App\Controllers\base\Order" loaded.
INFO - 2021-03-12 16:29:46 --> Session: Class initialized using 'CodeIgniter\Session\Handlers\FileHandler' driver.
INFO - 2021-03-12 16:29:46 --> Controller "App\Controllers\base\Order" loaded.
INFO - 2021-03-12 16:29:49 --> Session: Class initialized using 'CodeIgniter\Session\Handlers\FileHandler' driver.
INFO - 2021-03-12 16:29:49 --> Controller "App\Controllers\base\Order" loaded.
INFO - 2021-03-12 16:29:50 --> Controller "App\Controllers\base\Beranda" loaded.
INFO - 2021-03-12 16:29:52 --> Session: Class initialized using 'CodeIgniter\Session\Handlers\FileHandler' driver.
INFO - 2021-03-12 16:29:52 --> Controller "App\Controllers\base\Order" loaded.
INFO - 2021-03-12 16:29:55 --> Session: Class initialized using 'CodeIgniter\Session\Handlers\FileHandler' driver.
INFO - 2021-03-12 16:29:55 --> Controller "App\Controllers\base\Order" loaded.
INFO - 2021-03-12 16:29:55 --> Session: Class initialized using 'CodeIgniter\Session\Handlers\FileHandler' driver.
INFO - 2021-03-12 16:29:55 --> Controller "App\Controllers\base\Order" loaded.
INFO - 2021-03-12 16:29:57 --> Session: Class initialized using 'CodeIgniter\Session\Handlers\FileHandler' driver.
INFO - 2021-03-12 16:29:57 --> Controller "App\Controllers\undangan\Undangan" loaded.
INFO - 2021-03-12 16:30:28 --> Controller "App\Controllers\base\Beranda" loaded.
INFO - 2021-03-12 16:30:33 --> Session: Class initialized using 'CodeIgniter\Session\Handlers\FileHandler' driver.
INFO - 2021-03-12 16:30:33 --> Controller "App\Controllers\base\Order" loaded.
INFO - 2021-03-12 16:30:45 --> Session: Class initialized using 'CodeIgniter\Session\Handlers\FileHandler' driver.
INFO - 2021-03-12 16:30:45 --> Controller "App\Controllers\base\Order" loaded.
INFO - 2021-03-12 16:30:52 --> Session: Class initialized using 'CodeIgniter\Session\Handlers\FileHandler' driver.
INFO - 2021-03-12 16:30:52 --> Controller "App\Controllers\base\Order" loaded.
INFO - 2021-03-12 16:30:58 --> Session: Class initialized using 'CodeIgniter\Session\Handlers\FileHandler' driver.
INFO - 2021-03-12 16:30:58 --> Controller "App\Controllers\base\Order" loaded.
INFO - 2021-03-12 16:31:14 --> Session: Class initialized using 'CodeIgniter\Session\Handlers\FileHandler' driver.
INFO - 2021-03-12 16:31:14 --> Controller "App\Controllers\base\Order" loaded.
INFO - 2021-03-12 16:31:45 --> Session: Class initialized using 'CodeIgniter\Session\Handlers\FileHandler' driver.
INFO - 2021-03-12 16:31:45 --> Controller "App\Controllers\base\Order" loaded.
INFO - 2021-03-12 16:32:13 --> Session: Class initialized using 'CodeIgniter\Session\Handlers\FileHandler' driver.
INFO - 2021-03-12 16:32:13 --> Controller "App\Controllers\base\Order" loaded.
INFO - 2021-03-12 16:32:17 --> Session: Class initialized using 'CodeIgniter\Session\Handlers\FileHandler' driver.
INFO - 2021-03-12 16:32:17 --> Controller "App\Controllers\base\Order" loaded.
INFO - 2021-03-12 16:32:17 --> Controller "App\Controllers\base\Beranda" loaded.
INFO - 2021-03-12 16:32:19 --> Session: Class initialized using 'CodeIgniter\Session\Handlers\FileHandler' driver.
INFO - 2021-03-12 16:32:19 --> Controller "App\Controllers\base\Order" loaded.
INFO - 2021-03-12 16:32:22 --> Session: Class initialized using 'CodeIgniter\Session\Handlers\FileHandler' driver.
INFO - 2021-03-12 16:32:22 --> Controller "App\Controllers\base\Order" loaded.
INFO - 2021-03-12 16:32:23 --> Session: Class initialized using 'CodeIgniter\Session\Handlers\FileHandler' driver.
INFO - 2021-03-12 16:32:23 --> Controller "App\Controllers\base\Order" loaded.
INFO - 2021-03-12 16:32:24 --> Session: Class initialized using 'CodeIgniter\Session\Handlers\FileHandler' driver.
INFO - 2021-03-12 16:32:24 --> Controller "App\Controllers\undangan\Undangan" loaded.
INFO - 2021-03-12 16:32:47 --> Session: Class initialized using 'CodeIgniter\Session\Handlers\FileHandler' driver.
INFO - 2021-03-12 16:32:47 --> Controller "App\Controllers\admin\Admin" loaded.
INFO - 2021-03-12 16:33:07 --> Session: Class initialized using 'CodeIgniter\Session\Handlers\FileHandler' driver.
INFO - 2021-03-12 16:33:07 --> Controller "App\Controllers\admin\Admin" loaded.
INFO - 2021-03-12 16:33:08 --> Session: Class initialized using 'CodeIgniter\Session\Handlers\FileHandler' driver.
INFO - 2021-03-12 16:33:08 --> Controller "App\Controllers\admin\Admin" loaded.
INFO - 2021-03-12 16:33:13 --> Session: Class initialized using 'CodeIgniter\Session\Handlers\FileHandler' driver.
INFO - 2021-03-12 16:33:13 --> Controller "App\Controllers\admin\Admin" loaded.
INFO - 2021-03-12 16:33:17 --> Session: Class initialized using 'CodeIgniter\Session\Handlers\FileHandler' driver.
INFO - 2021-03-12 16:33:17 --> Controller "App\Controllers\admin\Admin" loaded.
INFO - 2021-03-12 16:33:18 --> Session: Class initialized using 'CodeIgniter\Session\Handlers\FileHandler' driver.
INFO - 2021-03-12 16:33:18 --> Controller "App\Controllers\admin\Admin" loaded.
INFO - 2021-03-12 16:33:21 --> Session: Class initialized using 'CodeIgniter\Session\Handlers\FileHandler' driver.
INFO - 2021-03-12 16:33:21 --> Controller "App\Controllers\admin\Admin" loaded.
INFO - 2021-03-12 16:33:21 --> Session: Class initialized using 'CodeIgniter\Session\Handlers\FileHandler' driver.
INFO - 2021-03-12 16:33:21 --> Controller "App\Controllers\admin\Admin" loaded.
INFO - 2021-03-12 16:33:26 --> Session: Class initialized using 'CodeIgniter\Session\Handlers\FileHandler' driver.
INFO - 2021-03-12 16:33:26 --> Controller "App\Controllers\admin\Admin" loaded.
INFO - 2021-03-12 16:33:26 --> Session: Class initialized using 'CodeIgniter\Session\Handlers\FileHandler' driver.
INFO - 2021-03-12 16:33:26 --> Controller "App\Controllers\admin\Admin" loaded.
INFO - 2021-03-12 16:33:31 --> Session: Class initialized using 'CodeIgniter\Session\Handlers\FileHandler' driver.
INFO - 2021-03-12 16:33:31 --> Controller "App\Controllers\admin\Admin" loaded.
INFO - 2021-03-12 16:33:31 --> Session: Class initialized using 'CodeIgniter\Session\Handlers\FileHandler' driver.
INFO - 2021-03-12 16:33:31 --> Controller "App\Controllers\admin\Admin" loaded.
INFO - 2021-03-12 16:33:40 --> Session: Class initialized using 'CodeIgniter\Session\Handlers\FileHandler' driver.
INFO - 2021-03-12 16:33:40 --> Controller "App\Controllers\admin\Admin" loaded.
INFO - 2021-03-12 16:33:43 --> Session: Class initialized using 'CodeIgniter\Session\Handlers\FileHandler' driver.
INFO - 2021-03-12 16:33:43 --> Controller "App\Controllers\undangan\Undangan" loaded.
INFO - 2021-03-12 19:22:23 --> Controller "App\Controllers\base\Beranda" loaded.
INFO - 2021-03-12 19:22:26 --> Controller "App\Controllers\base\Beranda" loaded.
INFO - 2021-03-12 19:33:47 --> Controller "App\Controllers\base\Beranda" loaded.
INFO - 2021-03-12 19:34:05 --> Session: Class initialized using 'CodeIgniter\Session\Handlers\FileHandler' driver.
INFO - 2021-03-12 19:34:05 --> Controller "App\Controllers\admin\Admin" loaded.
INFO - 2021-03-12 19:34:16 --> Session: Class initialized using 'CodeIgniter\Session\Handlers\FileHandler' driver.
INFO - 2021-03-12 19:34:16 --> Controller "App\Controllers\admin\Admin" loaded.
INFO - 2021-03-12 19:34:16 --> Session: Class initialized using 'CodeIgniter\Session\Handlers\FileHandler' driver.
INFO - 2021-03-12 19:34:16 --> Controller "App\Controllers\admin\Admin" loaded.
INFO - 2021-03-12 19:34:22 --> Session: Class initialized using 'CodeIgniter\Session\Handlers\FileHandler' driver.
INFO - 2021-03-12 19:34:22 --> Controller "App\Controllers\undangan\Undangan" loaded.
INFO - 2021-03-12 19:34:37 --> Session: Class initialized using 'CodeIgniter\Session\Handlers\FileHandler' driver.
INFO - 2021-03-12 19:34:37 --> Controller "App\Controllers\undangan\Undangan" loaded.
INFO - 2021-03-12 19:34:37 --> Session: Class initialized using 'CodeIgniter\Session\Handlers\FileHandler' driver.
INFO - 2021-03-12 19:34:37 --> Controller "App\Controllers\undangan\Undangan" loaded.
INFO - 2021-03-12 19:34:56 --> Session: Class initialized using 'CodeIgniter\Session\Handlers\FileHandler' driver.
INFO - 2021-03-12 19:34:56 --> Controller "App\Controllers\undangan\Undangan" loaded.
INFO - 2021-03-12 19:35:02 --> Session: Class initialized using 'CodeIgniter\Session\Handlers\FileHandler' driver.
INFO - 2021-03-12 19:35:02 --> Controller "App\Controllers\admin\Admin" loaded.
INFO - 2021-03-12 19:35:07 --> Session: Class initialized using 'CodeIgniter\Session\Handlers\FileHandler' driver.
INFO - 2021-03-12 19:35:07 --> Controller "App\Controllers\admin\Admin" loaded.
INFO - 2021-03-12 19:49:04 --> Session: Class initialized using 'CodeIgniter\Session\Handlers\FileHandler' driver.
INFO - 2021-03-12 19:49:04 --> Controller "App\Controllers\admin\Admin" loaded.
INFO - 2021-03-12 19:49:09 --> Controller "App\Controllers\base\Beranda" loaded.
INFO - 2021-03-12 19:54:25 --> Controller "App\Controllers\base\Beranda" loaded.
INFO - 2021-03-12 19:55:26 --> Controller "App\Controllers\base\Beranda" loaded.
INFO - 2021-03-12 19:56:59 --> Controller "App\Controllers\base\Beranda" loaded.
INFO - 2021-03-12 19:57:15 --> Controller "App\Controllers\base\Beranda" loaded.
INFO - 2021-03-12 20:04:19 --> Controller "App\Controllers\base\Beranda" loaded.
INFO - 2021-03-12 20:04:31 --> Controller "App\Controllers\base\Beranda" loaded.
INFO - 2021-03-12 20:04:39 --> Controller "App\Controllers\base\Beranda" loaded.
INFO - 2021-03-12 20:05:20 --> Controller "App\Controllers\base\Beranda" loaded.
INFO - 2021-03-12 20:29:10 --> Controller "App\Controllers\base\Beranda" loaded.
INFO - 2021-03-12 20:56:09 --> Controller "App\Controllers\base\Beranda" loaded.
INFO - 2021-03-12 20:56:37 --> Controller "App\Controllers\base\Beranda" loaded.
INFO - 2021-03-12 21:58:26 --> Controller "App\Controllers\base\Beranda" loaded.
INFO - 2021-03-12 21:58:37 --> Session: Class initialized using 'CodeIgniter\Session\Handlers\FileHandler' driver.
INFO - 2021-03-12 21:58:37 --> Controller "App\Controllers\admin\Admin" loaded.
INFO - 2021-03-12 21:58:47 --> Session: Class initialized using 'CodeIgniter\Session\Handlers\FileHandler' driver.
INFO - 2021-03-12 21:58:47 --> Controller "App\Controllers\admin\Admin" loaded.
INFO - 2021-03-12 21:58:48 --> Session: Class initialized using 'CodeIgniter\Session\Handlers\FileHandler' driver.
INFO - 2021-03-12 21:58:48 --> Controller "App\Controllers\admin\Admin" loaded.
INFO - 2021-03-12 21:58:53 --> Session: Class initialized using 'CodeIgniter\Session\Handlers\FileHandler' driver.
INFO - 2021-03-12 21:58:53 --> Controller "App\Controllers\undangan\Undangan" loaded.
INFO - 2021-03-12 21:59:04 --> Session: Class initialized using 'CodeIgniter\Session\Handlers\FileHandler' driver.
INFO - 2021-03-12 21:59:04 --> Controller "App\Controllers\undangan\Undangan" loaded.
INFO - 2021-03-12 21:59:04 --> Session: Class initialized using 'CodeIgniter\Session\Handlers\FileHandler' driver.
INFO - 2021-03-12 21:59:04 --> Controller "App\Controllers\undangan\Undangan" loaded.
INFO - 2021-03-12 21:59:33 --> Session: Class initialized using 'CodeIgniter\Session\Handlers\FileHandler' driver.
INFO - 2021-03-12 21:59:33 --> Controller "App\Controllers\admin\Admin" loaded.
INFO - 2021-03-12 21:59:36 --> Session: Class initialized using 'CodeIgniter\Session\Handlers\FileHandler' driver.
INFO - 2021-03-12 21:59:36 --> Controller "App\Controllers\undangan\Undangan" loaded.
INFO - 2021-03-12 21:59:44 --> Session: Class initialized using 'CodeIgniter\Session\Handlers\FileHandler' driver.
INFO - 2021-03-12 21:59:44 --> Controller "App\Controllers\undangan\Undangan" loaded.
INFO - 2021-03-12 22:02:15 --> Session: Class initialized using 'CodeIgniter\Session\Handlers\FileHandler' driver.
INFO - 2021-03-12 22:02:15 --> Controller "App\Controllers\undangan\Undangan" loaded.
INFO - 2021-03-12 22:50:30 --> Controller "App\Controllers\base\Beranda" loaded.
INFO - 2021-03-12 22:50:44 --> Session: Class initialized using 'CodeIgniter\Session\Handlers\FileHandler' driver.
INFO - 2021-03-12 22:50:44 --> Controller "App\Controllers\admin\Admin" loaded.
INFO - 2021-03-12 22:50:44 --> Session: Class initialized using 'CodeIgniter\Session\Handlers\FileHandler' driver.
INFO - 2021-03-12 22:50:44 --> Controller "App\Controllers\admin\Admin" loaded.
INFO - 2021-03-12 22:50:53 --> Session: Class initialized using 'CodeIgniter\Session\Handlers\FileHandler' driver.
INFO - 2021-03-12 22:50:53 --> Controller "App\Controllers\undangan\Undangan" loaded.
INFO - 2021-03-12 22:50:58 --> Session: Class initialized using 'CodeIgniter\Session\Handlers\FileHandler' driver.
INFO - 2021-03-12 22:50:58 --> Controller "App\Controllers\admin\Admin" loaded.
INFO - 2021-03-12 22:51:04 --> Session: Class initialized using 'CodeIgniter\Session\Handlers\FileHandler' driver.
INFO - 2021-03-12 22:51:04 --> Controller "App\Controllers\admin\Admin" loaded.
INFO - 2021-03-12 22:51:08 --> Session: Class initialized using 'CodeIgniter\Session\Handlers\FileHandler' driver.
INFO - 2021-03-12 22:51:08 --> Controller "App\Controllers\admin\Admin" loaded.
INFO - 2021-03-12 23:24:31 --> Controller "App\Controllers\base\Beranda" loaded.
INFO - 2021-03-12 23:39:27 --> Controller "App\Controllers\base\Beranda" loaded.
INFO - 2021-03-12 23:40:39 --> Controller "App\Controllers\base\Beranda" loaded.
INFO - 2021-03-12 23:45:20 --> Controller "App\Controllers\base\Beranda" loaded.
