INFO - 2021-06-01 00:55:57 --> Controller "App\Controllers\base\Beranda" loaded.
INFO - 2021-06-01 01:12:49 --> Controller "App\Controllers\base\Beranda" loaded.
INFO - 2021-06-01 02:06:56 --> Controller "App\Controllers\base\Beranda" loaded.
INFO - 2021-06-01 02:08:41 --> Controller "App\Controllers\base\Beranda" loaded.
INFO - 2021-06-01 02:21:11 --> Session: Class initialized using 'CodeIgniter\Session\Handlers\FileHandler' driver.
INFO - 2021-06-01 02:21:11 --> Controller "App\Controllers\undangan\Undangan" loaded.
INFO - 2021-06-01 02:22:06 --> Session: Class initialized using 'CodeIgniter\Session\Handlers\FileHandler' driver.
INFO - 2021-06-01 02:22:06 --> Controller "App\Controllers\undangan\Undangan" loaded.
INFO - 2021-06-01 02:49:31 --> Controller "App\Controllers\base\Beranda" loaded.
INFO - 2021-06-01 02:49:31 --> Controller "App\Controllers\base\Beranda" loaded.
INFO - 2021-06-01 02:49:31 --> Controller "App\Controllers\base\Beranda" loaded.
INFO - 2021-06-01 02:49:32 --> Controller "App\Controllers\base\Beranda" loaded.
INFO - 2021-06-01 02:49:32 --> Controller "App\Controllers\base\Beranda" loaded.
INFO - 2021-06-01 02:49:32 --> Controller "App\Controllers\base\Beranda" loaded.
INFO - 2021-06-01 02:49:32 --> Controller "App\Controllers\base\Beranda" loaded.
INFO - 2021-06-01 02:49:32 --> Controller "App\Controllers\base\Beranda" loaded.
INFO - 2021-06-01 02:49:32 --> Controller "App\Controllers\base\Beranda" loaded.
INFO - 2021-06-01 02:49:32 --> Controller "App\Controllers\base\Beranda" loaded.
INFO - 2021-06-01 02:49:32 --> Controller "App\Controllers\base\Beranda" loaded.
INFO - 2021-06-01 02:49:32 --> Controller "App\Controllers\base\Beranda" loaded.
INFO - 2021-06-01 02:49:32 --> Controller "App\Controllers\base\Beranda" loaded.
INFO - 2021-06-01 02:49:32 --> Controller "App\Controllers\base\Beranda" loaded.
INFO - 2021-06-01 02:49:32 --> Controller "App\Controllers\base\Beranda" loaded.
INFO - 2021-06-01 02:49:32 --> Controller "App\Controllers\base\Beranda" loaded.
INFO - 2021-06-01 02:49:32 --> Controller "App\Controllers\base\Beranda" loaded.
INFO - 2021-06-01 02:49:32 --> Controller "App\Controllers\base\Beranda" loaded.
INFO - 2021-06-01 02:49:32 --> Controller "App\Controllers\base\Beranda" loaded.
INFO - 2021-06-01 02:49:33 --> Controller "App\Controllers\base\Beranda" loaded.
INFO - 2021-06-01 02:55:47 --> Controller "App\Controllers\base\Beranda" loaded.
INFO - 2021-06-01 03:50:45 --> Controller "App\Controllers\base\Beranda" loaded.
INFO - 2021-06-01 04:34:17 --> Controller "App\Controllers\base\Beranda" loaded.
INFO - 2021-06-01 05:01:54 --> Controller "App\Controllers\base\Beranda" loaded.
INFO - 2021-06-01 05:53:46 --> Controller "App\Controllers\base\Beranda" loaded.
INFO - 2021-06-01 06:06:52 --> Controller "App\Controllers\base\Beranda" loaded.
INFO - 2021-06-01 06:41:18 --> Controller "App\Controllers\base\Beranda" loaded.
INFO - 2021-06-01 07:04:12 --> Controller "App\Controllers\base\Beranda" loaded.
INFO - 2021-06-01 07:04:19 --> Controller "App\Controllers\base\Beranda" loaded.
INFO - 2021-06-01 07:20:40 --> Controller "App\Controllers\base\Beranda" loaded.
INFO - 2021-06-01 08:00:02 --> Controller "App\Controllers\base\Beranda" loaded.
INFO - 2021-06-01 08:00:12 --> Session: Class initialized using 'CodeIgniter\Session\Handlers\FileHandler' driver.
INFO - 2021-06-01 08:00:12 --> Controller "App\Controllers\undangan\Undangan" loaded.
INFO - 2021-06-01 08:00:12 --> Session: Class initialized using 'CodeIgniter\Session\Handlers\FileHandler' driver.
INFO - 2021-06-01 08:00:12 --> Controller "App\Controllers\undangan\Undangan" loaded.
INFO - 2021-06-01 08:00:14 --> Controller "App\Controllers\base\Beranda" loaded.
INFO - 2021-06-01 08:00:52 --> Controller "App\Controllers\base\Beranda" loaded.
INFO - 2021-06-01 08:04:16 --> Session: Class initialized using 'CodeIgniter\Session\Handlers\FileHandler' driver.
INFO - 2021-06-01 08:04:16 --> Controller "App\Controllers\undangan\Undangan" loaded.
INFO - 2021-06-01 08:13:35 --> Session: Class initialized using 'CodeIgniter\Session\Handlers\FileHandler' driver.
INFO - 2021-06-01 08:13:35 --> Controller "App\Controllers\undangan\Undangan" loaded.
INFO - 2021-06-01 08:21:39 --> Session: Class initialized using 'CodeIgniter\Session\Handlers\FileHandler' driver.
INFO - 2021-06-01 08:21:39 --> Controller "App\Controllers\undangan\Undangan" loaded.
INFO - 2021-06-01 08:21:59 --> Session: Class initialized using 'CodeIgniter\Session\Handlers\FileHandler' driver.
INFO - 2021-06-01 08:21:59 --> Controller "App\Controllers\undangan\Undangan" loaded.
INFO - 2021-06-01 08:22:11 --> Session: Class initialized using 'CodeIgniter\Session\Handlers\FileHandler' driver.
INFO - 2021-06-01 08:22:11 --> Controller "App\Controllers\undangan\Undangan" loaded.
INFO - 2021-06-01 08:25:54 --> Controller "App\Controllers\base\Beranda" loaded.
INFO - 2021-06-01 08:26:32 --> Controller "App\Controllers\base\Beranda" loaded.
INFO - 2021-06-01 08:33:24 --> Session: Class initialized using 'CodeIgniter\Session\Handlers\FileHandler' driver.
INFO - 2021-06-01 08:33:24 --> Controller "App\Controllers\undangan\Undangan" loaded.
INFO - 2021-06-01 08:33:47 --> Session: Class initialized using 'CodeIgniter\Session\Handlers\FileHandler' driver.
INFO - 2021-06-01 08:33:47 --> Controller "App\Controllers\base\Dashboard" loaded.
INFO - 2021-06-01 08:34:02 --> Session: Class initialized using 'CodeIgniter\Session\Handlers\FileHandler' driver.
INFO - 2021-06-01 08:34:02 --> Controller "App\Controllers\base\Dashboard" loaded.
INFO - 2021-06-01 08:34:02 --> Session: Class initialized using 'CodeIgniter\Session\Handlers\FileHandler' driver.
INFO - 2021-06-01 08:34:02 --> Controller "App\Controllers\base\Dashboard" loaded.
INFO - 2021-06-01 08:34:09 --> Session: Class initialized using 'CodeIgniter\Session\Handlers\FileHandler' driver.
INFO - 2021-06-01 08:34:09 --> Controller "App\Controllers\base\Dashboard" loaded.
INFO - 2021-06-01 08:34:14 --> Session: Class initialized using 'CodeIgniter\Session\Handlers\FileHandler' driver.
INFO - 2021-06-01 08:34:14 --> Controller "App\Controllers\undangan\Undangan" loaded.
INFO - 2021-06-01 08:34:46 --> Session: Class initialized using 'CodeIgniter\Session\Handlers\FileHandler' driver.
INFO - 2021-06-01 08:34:46 --> Controller "App\Controllers\undangan\Undangan" loaded.
CRITICAL - 2021-06-01 08:34:46 --> Unknown column 'agus' in 'where clause'
#0 /home/nguh5634/public_html/system/Database/MySQLi/Connection.php(330): mysqli->query('SELECT *\nFROM `...')
#1 /home/nguh5634/public_html/system/Database/BaseConnection.php(738): CodeIgniter\Database\MySQLi\Connection->execute('SELECT *\nFROM `...')
#2 /home/nguh5634/public_html/system/Database/BaseConnection.php(666): CodeIgniter\Database\BaseConnection->simpleQuery('SELECT *\nFROM `...')
#3 /home/nguh5634/public_html/system/Database/BaseBuilder.php(1819): CodeIgniter\Database\BaseConnection->query('SELECT *\nFROM `...', Array, false)
#4 /home/nguh5634/public_html/app/Models/undangan/UndanganModel.php(53): CodeIgniter\Database\BaseBuilder->get()
#5 /home/nguh5634/public_html/app/Controllers/undangan/Undangan.php(88): App\Models\undangan\UndanganModel->cek_tamu('1', 'agus%20sukamto')
#6 /home/nguh5634/public_html/system/CodeIgniter.php(910): App\Controllers\undangan\Undangan->undangan()
#7 /home/nguh5634/public_html/system/CodeIgniter.php(398): CodeIgniter\CodeIgniter->runController(Object(App\Controllers\undangan\Undangan))
#8 /home/nguh5634/public_html/system/CodeIgniter.php(306): CodeIgniter\CodeIgniter->handleRequest(NULL, Object(Config\Cache), false)
#9 /home/nguh5634/public_html/index.php(45): CodeIgniter\CodeIgniter->run()
#10 {main}
INFO - 2021-06-01 08:35:05 --> Session: Class initialized using 'CodeIgniter\Session\Handlers\FileHandler' driver.
INFO - 2021-06-01 08:35:05 --> Controller "App\Controllers\undangan\Undangan" loaded.
INFO - 2021-06-01 08:35:30 --> Session: Class initialized using 'CodeIgniter\Session\Handlers\FileHandler' driver.
INFO - 2021-06-01 08:35:30 --> Controller "App\Controllers\base\Dashboard" loaded.
INFO - 2021-06-01 08:35:42 --> Session: Class initialized using 'CodeIgniter\Session\Handlers\FileHandler' driver.
INFO - 2021-06-01 08:35:42 --> Controller "App\Controllers\base\Dashboard" loaded.
INFO - 2021-06-01 08:35:47 --> Session: Class initialized using 'CodeIgniter\Session\Handlers\FileHandler' driver.
INFO - 2021-06-01 08:35:47 --> Controller "App\Controllers\base\Dashboard" loaded.
INFO - 2021-06-01 08:35:48 --> Session: Class initialized using 'CodeIgniter\Session\Handlers\FileHandler' driver.
INFO - 2021-06-01 08:35:48 --> Controller "App\Controllers\base\Dashboard" loaded.
INFO - 2021-06-01 08:35:53 --> Session: Class initialized using 'CodeIgniter\Session\Handlers\FileHandler' driver.
INFO - 2021-06-01 08:35:53 --> Controller "App\Controllers\undangan\Undangan" loaded.
INFO - 2021-06-01 08:36:00 --> Session: Class initialized using 'CodeIgniter\Session\Handlers\FileHandler' driver.
INFO - 2021-06-01 08:36:00 --> Controller "App\Controllers\base\Dashboard" loaded.
INFO - 2021-06-01 08:36:08 --> Session: Class initialized using 'CodeIgniter\Session\Handlers\FileHandler' driver.
INFO - 2021-06-01 08:36:08 --> Controller "App\Controllers\base\Dashboard" loaded.
INFO - 2021-06-01 08:36:12 --> Session: Class initialized using 'CodeIgniter\Session\Handlers\FileHandler' driver.
INFO - 2021-06-01 08:36:12 --> Controller "App\Controllers\undangan\Undangan" loaded.
CRITICAL - 2021-06-01 08:36:12 --> Unknown column 'agus' in 'where clause'
#0 /home/nguh5634/public_html/system/Database/MySQLi/Connection.php(330): mysqli->query('SELECT *\nFROM `...')
#1 /home/nguh5634/public_html/system/Database/BaseConnection.php(738): CodeIgniter\Database\MySQLi\Connection->execute('SELECT *\nFROM `...')
#2 /home/nguh5634/public_html/system/Database/BaseConnection.php(666): CodeIgniter\Database\BaseConnection->simpleQuery('SELECT *\nFROM `...')
#3 /home/nguh5634/public_html/system/Database/BaseBuilder.php(1819): CodeIgniter\Database\BaseConnection->query('SELECT *\nFROM `...', Array, false)
#4 /home/nguh5634/public_html/app/Models/undangan/UndanganModel.php(53): CodeIgniter\Database\BaseBuilder->get()
#5 /home/nguh5634/public_html/app/Controllers/undangan/Undangan.php(88): App\Models\undangan\UndanganModel->cek_tamu('1', 'agus%20sukamto')
#6 /home/nguh5634/public_html/system/CodeIgniter.php(910): App\Controllers\undangan\Undangan->undangan()
#7 /home/nguh5634/public_html/system/CodeIgniter.php(398): CodeIgniter\CodeIgniter->runController(Object(App\Controllers\undangan\Undangan))
#8 /home/nguh5634/public_html/system/CodeIgniter.php(306): CodeIgniter\CodeIgniter->handleRequest(NULL, Object(Config\Cache), false)
#9 /home/nguh5634/public_html/index.php(45): CodeIgniter\CodeIgniter->run()
#10 {main}
INFO - 2021-06-01 08:36:28 --> Session: Class initialized using 'CodeIgniter\Session\Handlers\FileHandler' driver.
INFO - 2021-06-01 08:36:28 --> Controller "App\Controllers\undangan\Undangan" loaded.
INFO - 2021-06-01 08:36:42 --> Session: Class initialized using 'CodeIgniter\Session\Handlers\FileHandler' driver.
INFO - 2021-06-01 08:36:42 --> Controller "App\Controllers\base\Dashboard" loaded.
INFO - 2021-06-01 08:36:53 --> Session: Class initialized using 'CodeIgniter\Session\Handlers\FileHandler' driver.
INFO - 2021-06-01 08:36:53 --> Controller "App\Controllers\base\Dashboard" loaded.
INFO - 2021-06-01 08:36:53 --> Session: Class initialized using 'CodeIgniter\Session\Handlers\FileHandler' driver.
INFO - 2021-06-01 08:36:53 --> Controller "App\Controllers\base\Dashboard" loaded.
INFO - 2021-06-01 08:37:11 --> Session: Class initialized using 'CodeIgniter\Session\Handlers\FileHandler' driver.
INFO - 2021-06-01 08:37:11 --> Controller "App\Controllers\base\Dashboard" loaded.
INFO - 2021-06-01 08:37:13 --> Session: Class initialized using 'CodeIgniter\Session\Handlers\FileHandler' driver.
INFO - 2021-06-01 08:37:13 --> Controller "App\Controllers\undangan\Undangan" loaded.
INFO - 2021-06-01 08:37:22 --> Session: Class initialized using 'CodeIgniter\Session\Handlers\FileHandler' driver.
INFO - 2021-06-01 08:37:22 --> Controller "App\Controllers\base\Dashboard" loaded.
INFO - 2021-06-01 08:37:29 --> Session: Class initialized using 'CodeIgniter\Session\Handlers\FileHandler' driver.
INFO - 2021-06-01 08:37:29 --> Controller "App\Controllers\undangan\Undangan" loaded.
CRITICAL - 2021-06-01 08:37:29 --> Unknown column 'agus' in 'where clause'
#0 /home/nguh5634/public_html/system/Database/MySQLi/Connection.php(330): mysqli->query('SELECT *\nFROM `...')
#1 /home/nguh5634/public_html/system/Database/BaseConnection.php(738): CodeIgniter\Database\MySQLi\Connection->execute('SELECT *\nFROM `...')
#2 /home/nguh5634/public_html/system/Database/BaseConnection.php(666): CodeIgniter\Database\BaseConnection->simpleQuery('SELECT *\nFROM `...')
#3 /home/nguh5634/public_html/system/Database/BaseBuilder.php(1819): CodeIgniter\Database\BaseConnection->query('SELECT *\nFROM `...', Array, false)
#4 /home/nguh5634/public_html/app/Models/undangan/UndanganModel.php(53): CodeIgniter\Database\BaseBuilder->get()
#5 /home/nguh5634/public_html/app/Controllers/undangan/Undangan.php(88): App\Models\undangan\UndanganModel->cek_tamu('1', 'agus%20sukamto')
#6 /home/nguh5634/public_html/system/CodeIgniter.php(910): App\Controllers\undangan\Undangan->undangan()
#7 /home/nguh5634/public_html/system/CodeIgniter.php(398): CodeIgniter\CodeIgniter->runController(Object(App\Controllers\undangan\Undangan))
#8 /home/nguh5634/public_html/system/CodeIgniter.php(306): CodeIgniter\CodeIgniter->handleRequest(NULL, Object(Config\Cache), false)
#9 /home/nguh5634/public_html/index.php(45): CodeIgniter\CodeIgniter->run()
#10 {main}
INFO - 2021-06-01 08:37:43 --> Session: Class initialized using 'CodeIgniter\Session\Handlers\FileHandler' driver.
INFO - 2021-06-01 08:37:43 --> Controller "App\Controllers\undangan\Undangan" loaded.
INFO - 2021-06-01 08:37:50 --> Session: Class initialized using 'CodeIgniter\Session\Handlers\FileHandler' driver.
INFO - 2021-06-01 08:37:50 --> Controller "App\Controllers\base\Dashboard" loaded.
INFO - 2021-06-01 08:37:56 --> Session: Class initialized using 'CodeIgniter\Session\Handlers\FileHandler' driver.
INFO - 2021-06-01 08:37:56 --> Controller "App\Controllers\base\Dashboard" loaded.
INFO - 2021-06-01 08:37:56 --> Session: Class initialized using 'CodeIgniter\Session\Handlers\FileHandler' driver.
INFO - 2021-06-01 08:37:56 --> Controller "App\Controllers\base\Dashboard" loaded.
INFO - 2021-06-01 08:38:02 --> Session: Class initialized using 'CodeIgniter\Session\Handlers\FileHandler' driver.
INFO - 2021-06-01 08:38:02 --> Controller "App\Controllers\undangan\Undangan" loaded.
INFO - 2021-06-01 08:38:09 --> Session: Class initialized using 'CodeIgniter\Session\Handlers\FileHandler' driver.
INFO - 2021-06-01 08:38:09 --> Controller "App\Controllers\base\Dashboard" loaded.
INFO - 2021-06-01 08:38:18 --> Session: Class initialized using 'CodeIgniter\Session\Handlers\FileHandler' driver.
INFO - 2021-06-01 08:38:18 --> Controller "App\Controllers\base\Dashboard" loaded.
INFO - 2021-06-01 08:38:24 --> Session: Class initialized using 'CodeIgniter\Session\Handlers\FileHandler' driver.
INFO - 2021-06-01 08:38:24 --> Controller "App\Controllers\base\Dashboard" loaded.
INFO - 2021-06-01 08:38:30 --> Session: Class initialized using 'CodeIgniter\Session\Handlers\FileHandler' driver.
INFO - 2021-06-01 08:38:30 --> Controller "App\Controllers\base\Dashboard" loaded.
INFO - 2021-06-01 08:38:30 --> Session: Class initialized using 'CodeIgniter\Session\Handlers\FileHandler' driver.
INFO - 2021-06-01 08:38:30 --> Controller "App\Controllers\base\Dashboard" loaded.
INFO - 2021-06-01 08:38:33 --> Session: Class initialized using 'CodeIgniter\Session\Handlers\FileHandler' driver.
INFO - 2021-06-01 08:38:33 --> Controller "App\Controllers\undangan\Undangan" loaded.
INFO - 2021-06-01 08:38:43 --> Session: Class initialized using 'CodeIgniter\Session\Handlers\FileHandler' driver.
INFO - 2021-06-01 08:38:43 --> Controller "App\Controllers\base\Dashboard" loaded.
INFO - 2021-06-01 08:38:47 --> Session: Class initialized using 'CodeIgniter\Session\Handlers\FileHandler' driver.
INFO - 2021-06-01 08:38:47 --> Controller "App\Controllers\base\Dashboard" loaded.
INFO - 2021-06-01 08:38:55 --> Session: Class initialized using 'CodeIgniter\Session\Handlers\FileHandler' driver.
INFO - 2021-06-01 08:38:55 --> Controller "App\Controllers\base\Dashboard" loaded.
INFO - 2021-06-01 08:39:05 --> Session: Class initialized using 'CodeIgniter\Session\Handlers\FileHandler' driver.
INFO - 2021-06-01 08:39:05 --> Controller "App\Controllers\base\Dashboard" loaded.
INFO - 2021-06-01 08:39:06 --> Session: Class initialized using 'CodeIgniter\Session\Handlers\FileHandler' driver.
INFO - 2021-06-01 08:39:06 --> Controller "App\Controllers\base\Dashboard" loaded.
INFO - 2021-06-01 08:39:09 --> Session: Class initialized using 'CodeIgniter\Session\Handlers\FileHandler' driver.
INFO - 2021-06-01 08:39:09 --> Controller "App\Controllers\undangan\Undangan" loaded.
INFO - 2021-06-01 08:39:13 --> Session: Class initialized using 'CodeIgniter\Session\Handlers\FileHandler' driver.
INFO - 2021-06-01 08:39:13 --> Controller "App\Controllers\base\Dashboard" loaded.
INFO - 2021-06-01 08:39:18 --> Session: Class initialized using 'CodeIgniter\Session\Handlers\FileHandler' driver.
INFO - 2021-06-01 08:39:18 --> Controller "App\Controllers\base\Dashboard" loaded.
INFO - 2021-06-01 08:39:25 --> Session: Class initialized using 'CodeIgniter\Session\Handlers\FileHandler' driver.
INFO - 2021-06-01 08:39:25 --> Controller "App\Controllers\base\Dashboard" loaded.
INFO - 2021-06-01 08:39:30 --> Session: Class initialized using 'CodeIgniter\Session\Handlers\FileHandler' driver.
INFO - 2021-06-01 08:39:30 --> Controller "App\Controllers\base\Dashboard" loaded.
INFO - 2021-06-01 08:39:30 --> Session: Class initialized using 'CodeIgniter\Session\Handlers\FileHandler' driver.
INFO - 2021-06-01 08:39:30 --> Controller "App\Controllers\base\Dashboard" loaded.
INFO - 2021-06-01 08:39:33 --> Session: Class initialized using 'CodeIgniter\Session\Handlers\FileHandler' driver.
INFO - 2021-06-01 08:39:33 --> Controller "App\Controllers\undangan\Undangan" loaded.
INFO - 2021-06-01 08:39:36 --> Session: Class initialized using 'CodeIgniter\Session\Handlers\FileHandler' driver.
INFO - 2021-06-01 08:39:36 --> Controller "App\Controllers\base\Dashboard" loaded.
INFO - 2021-06-01 08:39:41 --> Session: Class initialized using 'CodeIgniter\Session\Handlers\FileHandler' driver.
INFO - 2021-06-01 08:39:41 --> Controller "App\Controllers\base\Dashboard" loaded.
INFO - 2021-06-01 08:39:46 --> Session: Class initialized using 'CodeIgniter\Session\Handlers\FileHandler' driver.
INFO - 2021-06-01 08:39:46 --> Controller "App\Controllers\base\Dashboard" loaded.
INFO - 2021-06-01 08:39:49 --> Session: Class initialized using 'CodeIgniter\Session\Handlers\FileHandler' driver.
INFO - 2021-06-01 08:39:49 --> Controller "App\Controllers\base\Dashboard" loaded.
INFO - 2021-06-01 08:39:49 --> Session: Class initialized using 'CodeIgniter\Session\Handlers\FileHandler' driver.
INFO - 2021-06-01 08:39:49 --> Controller "App\Controllers\base\Dashboard" loaded.
INFO - 2021-06-01 08:39:56 --> Session: Class initialized using 'CodeIgniter\Session\Handlers\FileHandler' driver.
INFO - 2021-06-01 08:39:56 --> Controller "App\Controllers\undangan\Undangan" loaded.
INFO - 2021-06-01 08:39:59 --> Session: Class initialized using 'CodeIgniter\Session\Handlers\FileHandler' driver.
INFO - 2021-06-01 08:39:59 --> Controller "App\Controllers\base\Dashboard" loaded.
INFO - 2021-06-01 08:40:02 --> Session: Class initialized using 'CodeIgniter\Session\Handlers\FileHandler' driver.
INFO - 2021-06-01 08:40:02 --> Controller "App\Controllers\undangan\Undangan" loaded.
INFO - 2021-06-01 08:40:06 --> Session: Class initialized using 'CodeIgniter\Session\Handlers\FileHandler' driver.
INFO - 2021-06-01 08:40:06 --> Controller "App\Controllers\base\Dashboard" loaded.
INFO - 2021-06-01 08:40:12 --> Session: Class initialized using 'CodeIgniter\Session\Handlers\FileHandler' driver.
INFO - 2021-06-01 08:40:12 --> Controller "App\Controllers\undangan\Undangan" loaded.
INFO - 2021-06-01 08:40:20 --> Session: Class initialized using 'CodeIgniter\Session\Handlers\FileHandler' driver.
INFO - 2021-06-01 08:40:20 --> Controller "App\Controllers\base\Dashboard" loaded.
INFO - 2021-06-01 08:40:40 --> Session: Class initialized using 'CodeIgniter\Session\Handlers\FileHandler' driver.
INFO - 2021-06-01 08:40:40 --> Controller "App\Controllers\undangan\Undangan" loaded.
INFO - 2021-06-01 08:40:45 --> Session: Class initialized using 'CodeIgniter\Session\Handlers\FileHandler' driver.
INFO - 2021-06-01 08:40:45 --> Controller "App\Controllers\base\Dashboard" loaded.
INFO - 2021-06-01 08:40:48 --> Session: Class initialized using 'CodeIgniter\Session\Handlers\FileHandler' driver.
INFO - 2021-06-01 08:40:48 --> Controller "App\Controllers\base\Dashboard" loaded.
INFO - 2021-06-01 08:40:53 --> Session: Class initialized using 'CodeIgniter\Session\Handlers\FileHandler' driver.
INFO - 2021-06-01 08:40:53 --> Controller "App\Controllers\base\Dashboard" loaded.
INFO - 2021-06-01 08:40:56 --> Session: Class initialized using 'CodeIgniter\Session\Handlers\FileHandler' driver.
INFO - 2021-06-01 08:40:56 --> Controller "App\Controllers\base\Dashboard" loaded.
CRITICAL - 2021-06-01 08:40:56 --> You have an error in your SQL syntax; check the manual that corresponds to your MariaDB server version for the right syntax to use near 'Ada Qrcode' at line 3
#0 /home/nguh5634/public_html/system/Database/MySQLi/Connection.php(330): mysqli->query('SELECT *\nFROM `...')
#1 /home/nguh5634/public_html/system/Database/BaseConnection.php(738): CodeIgniter\Database\MySQLi\Connection->execute('SELECT *\nFROM `...')
#2 /home/nguh5634/public_html/system/Database/BaseConnection.php(666): CodeIgniter\Database\BaseConnection->simpleQuery('SELECT *\nFROM `...')
#3 /home/nguh5634/public_html/system/Database/BaseBuilder.php(1819): CodeIgniter\Database\BaseConnection->query('SELECT *\nFROM `...', Array, false)
#4 /home/nguh5634/public_html/app/Models/base/DashboardModel.php(378): CodeIgniter\Database\BaseBuilder->get()
#5 /home/nguh5634/public_html/app/Controllers/base/Dashboard.php(785): App\Models\base\DashboardModel->cek_hadir('Tidak Ada Qrcod...')
#6 /home/nguh5634/public_html/system/CodeIgniter.php(910): App\Controllers\base\Dashboard->do_update_hadir()
#7 /home/nguh5634/public_html/system/CodeIgniter.php(398): CodeIgniter\CodeIgniter->runController(Object(App\Controllers\base\Dashboard))
#8 /home/nguh5634/public_html/system/CodeIgniter.php(306): CodeIgniter\CodeIgniter->handleRequest(NULL, Object(Config\Cache), false)
#9 /home/nguh5634/public_html/index.php(45): CodeIgniter\CodeIgniter->run()
#10 {main}
INFO - 2021-06-01 08:40:57 --> Session: Class initialized using 'CodeIgniter\Session\Handlers\FileHandler' driver.
INFO - 2021-06-01 08:40:57 --> Controller "App\Controllers\base\Dashboard" loaded.
CRITICAL - 2021-06-01 08:40:57 --> You have an error in your SQL syntax; check the manual that corresponds to your MariaDB server version for the right syntax to use near 'Ada Qrcode' at line 3
#0 /home/nguh5634/public_html/system/Database/MySQLi/Connection.php(330): mysqli->query('SELECT *\nFROM `...')
#1 /home/nguh5634/public_html/system/Database/BaseConnection.php(738): CodeIgniter\Database\MySQLi\Connection->execute('SELECT *\nFROM `...')
#2 /home/nguh5634/public_html/system/Database/BaseConnection.php(666): CodeIgniter\Database\BaseConnection->simpleQuery('SELECT *\nFROM `...')
#3 /home/nguh5634/public_html/system/Database/BaseBuilder.php(1819): CodeIgniter\Database\BaseConnection->query('SELECT *\nFROM `...', Array, false)
#4 /home/nguh5634/public_html/app/Models/base/DashboardModel.php(378): CodeIgniter\Database\BaseBuilder->get()
#5 /home/nguh5634/public_html/app/Controllers/base/Dashboard.php(785): App\Models\base\DashboardModel->cek_hadir('Tidak Ada Qrcod...')
#6 /home/nguh5634/public_html/system/CodeIgniter.php(910): App\Controllers\base\Dashboard->do_update_hadir()
#7 /home/nguh5634/public_html/system/CodeIgniter.php(398): CodeIgniter\CodeIgniter->runController(Object(App\Controllers\base\Dashboard))
#8 /home/nguh5634/public_html/system/CodeIgniter.php(306): CodeIgniter\CodeIgniter->handleRequest(NULL, Object(Config\Cache), false)
#9 /home/nguh5634/public_html/index.php(45): CodeIgniter\CodeIgniter->run()
#10 {main}
INFO - 2021-06-01 08:40:58 --> Session: Class initialized using 'CodeIgniter\Session\Handlers\FileHandler' driver.
INFO - 2021-06-01 08:40:58 --> Controller "App\Controllers\base\Dashboard" loaded.
CRITICAL - 2021-06-01 08:40:58 --> You have an error in your SQL syntax; check the manual that corresponds to your MariaDB server version for the right syntax to use near 'Ada Qrcode' at line 3
#0 /home/nguh5634/public_html/system/Database/MySQLi/Connection.php(330): mysqli->query('SELECT *\nFROM `...')
#1 /home/nguh5634/public_html/system/Database/BaseConnection.php(738): CodeIgniter\Database\MySQLi\Connection->execute('SELECT *\nFROM `...')
#2 /home/nguh5634/public_html/system/Database/BaseConnection.php(666): CodeIgniter\Database\BaseConnection->simpleQuery('SELECT *\nFROM `...')
#3 /home/nguh5634/public_html/system/Database/BaseBuilder.php(1819): CodeIgniter\Database\BaseConnection->query('SELECT *\nFROM `...', Array, false)
#4 /home/nguh5634/public_html/app/Models/base/DashboardModel.php(378): CodeIgniter\Database\BaseBuilder->get()
#5 /home/nguh5634/public_html/app/Controllers/base/Dashboard.php(785): App\Models\base\DashboardModel->cek_hadir('Tidak Ada Qrcod...')
#6 /home/nguh5634/public_html/system/CodeIgniter.php(910): App\Controllers\base\Dashboard->do_update_hadir()
#7 /home/nguh5634/public_html/system/CodeIgniter.php(398): CodeIgniter\CodeIgniter->runController(Object(App\Controllers\base\Dashboard))
#8 /home/nguh5634/public_html/system/CodeIgniter.php(306): CodeIgniter\CodeIgniter->handleRequest(NULL, Object(Config\Cache), false)
#9 /home/nguh5634/public_html/index.php(45): CodeIgniter\CodeIgniter->run()
#10 {main}
INFO - 2021-06-01 08:40:58 --> Session: Class initialized using 'CodeIgniter\Session\Handlers\FileHandler' driver.
INFO - 2021-06-01 08:40:58 --> Controller "App\Controllers\base\Dashboard" loaded.
CRITICAL - 2021-06-01 08:40:58 --> You have an error in your SQL syntax; check the manual that corresponds to your MariaDB server version for the right syntax to use near 'Ada Qrcode' at line 3
#0 /home/nguh5634/public_html/system/Database/MySQLi/Connection.php(330): mysqli->query('SELECT *\nFROM `...')
#1 /home/nguh5634/public_html/system/Database/BaseConnection.php(738): CodeIgniter\Database\MySQLi\Connection->execute('SELECT *\nFROM `...')
#2 /home/nguh5634/public_html/system/Database/BaseConnection.php(666): CodeIgniter\Database\BaseConnection->simpleQuery('SELECT *\nFROM `...')
#3 /home/nguh5634/public_html/system/Database/BaseBuilder.php(1819): CodeIgniter\Database\BaseConnection->query('SELECT *\nFROM `...', Array, false)
#4 /home/nguh5634/public_html/app/Models/base/DashboardModel.php(378): CodeIgniter\Database\BaseBuilder->get()
#5 /home/nguh5634/public_html/app/Controllers/base/Dashboard.php(785): App\Models\base\DashboardModel->cek_hadir('Tidak Ada Qrcod...')
#6 /home/nguh5634/public_html/system/CodeIgniter.php(910): App\Controllers\base\Dashboard->do_update_hadir()
#7 /home/nguh5634/public_html/system/CodeIgniter.php(398): CodeIgniter\CodeIgniter->runController(Object(App\Controllers\base\Dashboard))
#8 /home/nguh5634/public_html/system/CodeIgniter.php(306): CodeIgniter\CodeIgniter->handleRequest(NULL, Object(Config\Cache), false)
#9 /home/nguh5634/public_html/index.php(45): CodeIgniter\CodeIgniter->run()
#10 {main}
INFO - 2021-06-01 08:41:08 --> Session: Class initialized using 'CodeIgniter\Session\Handlers\FileHandler' driver.
INFO - 2021-06-01 08:41:08 --> Controller "App\Controllers\undangan\Undangan" loaded.
INFO - 2021-06-01 08:41:14 --> Session: Class initialized using 'CodeIgniter\Session\Handlers\FileHandler' driver.
INFO - 2021-06-01 08:41:14 --> Controller "App\Controllers\base\Dashboard" loaded.
INFO - 2021-06-01 08:41:17 --> Session: Class initialized using 'CodeIgniter\Session\Handlers\FileHandler' driver.
INFO - 2021-06-01 08:41:17 --> Controller "App\Controllers\base\Dashboard" loaded.
CRITICAL - 2021-06-01 08:41:17 --> Unknown column '8935fbf2023620e8c155b09b7674e684' in 'where clause'
#0 /home/nguh5634/public_html/system/Database/MySQLi/Connection.php(330): mysqli->query('SELECT *\nFROM `...')
#1 /home/nguh5634/public_html/system/Database/BaseConnection.php(738): CodeIgniter\Database\MySQLi\Connection->execute('SELECT *\nFROM `...')
#2 /home/nguh5634/public_html/system/Database/BaseConnection.php(666): CodeIgniter\Database\BaseConnection->simpleQuery('SELECT *\nFROM `...')
#3 /home/nguh5634/public_html/system/Database/BaseBuilder.php(1819): CodeIgniter\Database\BaseConnection->query('SELECT *\nFROM `...', Array, false)
#4 /home/nguh5634/public_html/app/Models/base/DashboardModel.php(378): CodeIgniter\Database\BaseBuilder->get()
#5 /home/nguh5634/public_html/app/Controllers/base/Dashboard.php(785): App\Models\base\DashboardModel->cek_hadir('8935fbf2023620e...')
#6 /home/nguh5634/public_html/system/CodeIgniter.php(910): App\Controllers\base\Dashboard->do_update_hadir()
#7 /home/nguh5634/public_html/system/CodeIgniter.php(398): CodeIgniter\CodeIgniter->runController(Object(App\Controllers\base\Dashboard))
#8 /home/nguh5634/public_html/system/CodeIgniter.php(306): CodeIgniter\CodeIgniter->handleRequest(NULL, Object(Config\Cache), false)
#9 /home/nguh5634/public_html/index.php(45): CodeIgniter\CodeIgniter->run()
#10 {main}
INFO - 2021-06-01 08:41:18 --> Session: Class initialized using 'CodeIgniter\Session\Handlers\FileHandler' driver.
INFO - 2021-06-01 08:41:18 --> Controller "App\Controllers\base\Dashboard" loaded.
CRITICAL - 2021-06-01 08:41:18 --> Unknown column '8935fbf2023620e8c155b09b7674e684' in 'where clause'
#0 /home/nguh5634/public_html/system/Database/MySQLi/Connection.php(330): mysqli->query('SELECT *\nFROM `...')
#1 /home/nguh5634/public_html/system/Database/BaseConnection.php(738): CodeIgniter\Database\MySQLi\Connection->execute('SELECT *\nFROM `...')
#2 /home/nguh5634/public_html/system/Database/BaseConnection.php(666): CodeIgniter\Database\BaseConnection->simpleQuery('SELECT *\nFROM `...')
#3 /home/nguh5634/public_html/system/Database/BaseBuilder.php(1819): CodeIgniter\Database\BaseConnection->query('SELECT *\nFROM `...', Array, false)
#4 /home/nguh5634/public_html/app/Models/base/DashboardModel.php(378): CodeIgniter\Database\BaseBuilder->get()
#5 /home/nguh5634/public_html/app/Controllers/base/Dashboard.php(785): App\Models\base\DashboardModel->cek_hadir('8935fbf2023620e...')
#6 /home/nguh5634/public_html/system/CodeIgniter.php(910): App\Controllers\base\Dashboard->do_update_hadir()
#7 /home/nguh5634/public_html/system/CodeIgniter.php(398): CodeIgniter\CodeIgniter->runController(Object(App\Controllers\base\Dashboard))
#8 /home/nguh5634/public_html/system/CodeIgniter.php(306): CodeIgniter\CodeIgniter->handleRequest(NULL, Object(Config\Cache), false)
#9 /home/nguh5634/public_html/index.php(45): CodeIgniter\CodeIgniter->run()
#10 {main}
INFO - 2021-06-01 08:41:18 --> Session: Class initialized using 'CodeIgniter\Session\Handlers\FileHandler' driver.
INFO - 2021-06-01 08:41:18 --> Controller "App\Controllers\base\Dashboard" loaded.
CRITICAL - 2021-06-01 08:41:18 --> Unknown column '8935fbf2023620e8c155b09b7674e684' in 'where clause'
#0 /home/nguh5634/public_html/system/Database/MySQLi/Connection.php(330): mysqli->query('SELECT *\nFROM `...')
#1 /home/nguh5634/public_html/system/Database/BaseConnection.php(738): CodeIgniter\Database\MySQLi\Connection->execute('SELECT *\nFROM `...')
#2 /home/nguh5634/public_html/system/Database/BaseConnection.php(666): CodeIgniter\Database\BaseConnection->simpleQuery('SELECT *\nFROM `...')
#3 /home/nguh5634/public_html/system/Database/BaseBuilder.php(1819): CodeIgniter\Database\BaseConnection->query('SELECT *\nFROM `...', Array, false)
#4 /home/nguh5634/public_html/app/Models/base/DashboardModel.php(378): CodeIgniter\Database\BaseBuilder->get()
#5 /home/nguh5634/public_html/app/Controllers/base/Dashboard.php(785): App\Models\base\DashboardModel->cek_hadir('8935fbf2023620e...')
#6 /home/nguh5634/public_html/system/CodeIgniter.php(910): App\Controllers\base\Dashboard->do_update_hadir()
#7 /home/nguh5634/public_html/system/CodeIgniter.php(398): CodeIgniter\CodeIgniter->runController(Object(App\Controllers\base\Dashboard))
#8 /home/nguh5634/public_html/system/CodeIgniter.php(306): CodeIgniter\CodeIgniter->handleRequest(NULL, Object(Config\Cache), false)
#9 /home/nguh5634/public_html/index.php(45): CodeIgniter\CodeIgniter->run()
#10 {main}
INFO - 2021-06-01 08:41:20 --> Session: Class initialized using 'CodeIgniter\Session\Handlers\FileHandler' driver.
INFO - 2021-06-01 08:41:20 --> Controller "App\Controllers\undangan\Undangan" loaded.
INFO - 2021-06-01 08:41:22 --> Session: Class initialized using 'CodeIgniter\Session\Handlers\FileHandler' driver.
INFO - 2021-06-01 08:41:22 --> Controller "App\Controllers\undangan\Undangan" loaded.
INFO - 2021-06-01 08:41:23 --> Session: Class initialized using 'CodeIgniter\Session\Handlers\FileHandler' driver.
INFO - 2021-06-01 08:41:23 --> Controller "App\Controllers\undangan\Undangan" loaded.
INFO - 2021-06-01 08:41:24 --> Session: Class initialized using 'CodeIgniter\Session\Handlers\FileHandler' driver.
INFO - 2021-06-01 08:41:24 --> Controller "App\Controllers\undangan\Undangan" loaded.
CRITICAL - 2021-06-01 08:41:24 --> Unknown column 'agus' in 'where clause'
#0 /home/nguh5634/public_html/system/Database/MySQLi/Connection.php(330): mysqli->query('SELECT *\nFROM `...')
#1 /home/nguh5634/public_html/system/Database/BaseConnection.php(738): CodeIgniter\Database\MySQLi\Connection->execute('SELECT *\nFROM `...')
#2 /home/nguh5634/public_html/system/Database/BaseConnection.php(666): CodeIgniter\Database\BaseConnection->simpleQuery('SELECT *\nFROM `...')
#3 /home/nguh5634/public_html/system/Database/BaseBuilder.php(1819): CodeIgniter\Database\BaseConnection->query('SELECT *\nFROM `...', Array, false)
#4 /home/nguh5634/public_html/app/Models/undangan/UndanganModel.php(53): CodeIgniter\Database\BaseBuilder->get()
#5 /home/nguh5634/public_html/app/Controllers/undangan/Undangan.php(88): App\Models\undangan\UndanganModel->cek_tamu('1', 'agus%20sukamto')
#6 /home/nguh5634/public_html/system/CodeIgniter.php(910): App\Controllers\undangan\Undangan->undangan()
#7 /home/nguh5634/public_html/system/CodeIgniter.php(398): CodeIgniter\CodeIgniter->runController(Object(App\Controllers\undangan\Undangan))
#8 /home/nguh5634/public_html/system/CodeIgniter.php(306): CodeIgniter\CodeIgniter->handleRequest(NULL, Object(Config\Cache), false)
#9 /home/nguh5634/public_html/index.php(45): CodeIgniter\CodeIgniter->run()
#10 {main}
INFO - 2021-06-01 08:41:48 --> Session: Class initialized using 'CodeIgniter\Session\Handlers\FileHandler' driver.
INFO - 2021-06-01 08:41:48 --> Controller "App\Controllers\undangan\Undangan" loaded.
CRITICAL - 2021-06-01 08:41:48 --> Unknown column 'agus' in 'where clause'
#0 /home/nguh5634/public_html/system/Database/MySQLi/Connection.php(330): mysqli->query('SELECT *\nFROM `...')
#1 /home/nguh5634/public_html/system/Database/BaseConnection.php(738): CodeIgniter\Database\MySQLi\Connection->execute('SELECT *\nFROM `...')
#2 /home/nguh5634/public_html/system/Database/BaseConnection.php(666): CodeIgniter\Database\BaseConnection->simpleQuery('SELECT *\nFROM `...')
#3 /home/nguh5634/public_html/system/Database/BaseBuilder.php(1819): CodeIgniter\Database\BaseConnection->query('SELECT *\nFROM `...', Array, false)
#4 /home/nguh5634/public_html/app/Models/undangan/UndanganModel.php(53): CodeIgniter\Database\BaseBuilder->get()
#5 /home/nguh5634/public_html/app/Controllers/undangan/Undangan.php(88): App\Models\undangan\UndanganModel->cek_tamu('1', 'agus%20sukamto')
#6 /home/nguh5634/public_html/system/CodeIgniter.php(910): App\Controllers\undangan\Undangan->undangan()
#7 /home/nguh5634/public_html/system/CodeIgniter.php(398): CodeIgniter\CodeIgniter->runController(Object(App\Controllers\undangan\Undangan))
#8 /home/nguh5634/public_html/system/CodeIgniter.php(306): CodeIgniter\CodeIgniter->handleRequest(NULL, Object(Config\Cache), false)
#9 /home/nguh5634/public_html/index.php(45): CodeIgniter\CodeIgniter->run()
#10 {main}
INFO - 2021-06-01 08:41:59 --> Session: Class initialized using 'CodeIgniter\Session\Handlers\FileHandler' driver.
INFO - 2021-06-01 08:41:59 --> Controller "App\Controllers\undangan\Undangan" loaded.
CRITICAL - 2021-06-01 08:41:59 --> Unknown column 'agussukamto' in 'where clause'
#0 /home/nguh5634/public_html/system/Database/MySQLi/Connection.php(330): mysqli->query('SELECT *\nFROM `...')
#1 /home/nguh5634/public_html/system/Database/BaseConnection.php(738): CodeIgniter\Database\MySQLi\Connection->execute('SELECT *\nFROM `...')
#2 /home/nguh5634/public_html/system/Database/BaseConnection.php(666): CodeIgniter\Database\BaseConnection->simpleQuery('SELECT *\nFROM `...')
#3 /home/nguh5634/public_html/system/Database/BaseBuilder.php(1819): CodeIgniter\Database\BaseConnection->query('SELECT *\nFROM `...', Array, false)
#4 /home/nguh5634/public_html/app/Models/undangan/UndanganModel.php(53): CodeIgniter\Database\BaseBuilder->get()
#5 /home/nguh5634/public_html/app/Controllers/undangan/Undangan.php(88): App\Models\undangan\UndanganModel->cek_tamu('1', 'agussukamto')
#6 /home/nguh5634/public_html/system/CodeIgniter.php(910): App\Controllers\undangan\Undangan->undangan()
#7 /home/nguh5634/public_html/system/CodeIgniter.php(398): CodeIgniter\CodeIgniter->runController(Object(App\Controllers\undangan\Undangan))
#8 /home/nguh5634/public_html/system/CodeIgniter.php(306): CodeIgniter\CodeIgniter->handleRequest(NULL, Object(Config\Cache), false)
#9 /home/nguh5634/public_html/index.php(45): CodeIgniter\CodeIgniter->run()
#10 {main}
INFO - 2021-06-01 08:42:07 --> Session: Class initialized using 'CodeIgniter\Session\Handlers\FileHandler' driver.
INFO - 2021-06-01 08:42:07 --> Controller "App\Controllers\undangan\Undangan" loaded.
CRITICAL - 2021-06-01 08:42:07 --> Unknown column 'a' in 'where clause'
#0 /home/nguh5634/public_html/system/Database/MySQLi/Connection.php(330): mysqli->query('SELECT *\nFROM `...')
#1 /home/nguh5634/public_html/system/Database/BaseConnection.php(738): CodeIgniter\Database\MySQLi\Connection->execute('SELECT *\nFROM `...')
#2 /home/nguh5634/public_html/system/Database/BaseConnection.php(666): CodeIgniter\Database\BaseConnection->simpleQuery('SELECT *\nFROM `...')
#3 /home/nguh5634/public_html/system/Database/BaseBuilder.php(1819): CodeIgniter\Database\BaseConnection->query('SELECT *\nFROM `...', Array, false)
#4 /home/nguh5634/public_html/app/Models/undangan/UndanganModel.php(53): CodeIgniter\Database\BaseBuilder->get()
#5 /home/nguh5634/public_html/app/Controllers/undangan/Undangan.php(88): App\Models\undangan\UndanganModel->cek_tamu('1', 'a')
#6 /home/nguh5634/public_html/system/CodeIgniter.php(910): App\Controllers\undangan\Undangan->undangan()
#7 /home/nguh5634/public_html/system/CodeIgniter.php(398): CodeIgniter\CodeIgniter->runController(Object(App\Controllers\undangan\Undangan))
#8 /home/nguh5634/public_html/system/CodeIgniter.php(306): CodeIgniter\CodeIgniter->handleRequest(NULL, Object(Config\Cache), false)
#9 /home/nguh5634/public_html/index.php(45): CodeIgniter\CodeIgniter->run()
#10 {main}
INFO - 2021-06-01 08:42:20 --> Session: Class initialized using 'CodeIgniter\Session\Handlers\FileHandler' driver.
INFO - 2021-06-01 08:42:20 --> Controller "App\Controllers\undangan\Undangan" loaded.
INFO - 2021-06-01 08:42:27 --> Session: Class initialized using 'CodeIgniter\Session\Handlers\FileHandler' driver.
INFO - 2021-06-01 08:42:27 --> Controller "App\Controllers\undangan\Undangan" loaded.
INFO - 2021-06-01 08:42:35 --> Session: Class initialized using 'CodeIgniter\Session\Handlers\FileHandler' driver.
INFO - 2021-06-01 08:42:35 --> Controller "App\Controllers\undangan\Undangan" loaded.
CRITICAL - 2021-06-01 08:42:35 --> Unknown column 'a' in 'where clause'
#0 /home/nguh5634/public_html/system/Database/MySQLi/Connection.php(330): mysqli->query('SELECT *\nFROM `...')
#1 /home/nguh5634/public_html/system/Database/BaseConnection.php(738): CodeIgniter\Database\MySQLi\Connection->execute('SELECT *\nFROM `...')
#2 /home/nguh5634/public_html/system/Database/BaseConnection.php(666): CodeIgniter\Database\BaseConnection->simpleQuery('SELECT *\nFROM `...')
#3 /home/nguh5634/public_html/system/Database/BaseBuilder.php(1819): CodeIgniter\Database\BaseConnection->query('SELECT *\nFROM `...', Array, false)
#4 /home/nguh5634/public_html/app/Models/undangan/UndanganModel.php(53): CodeIgniter\Database\BaseBuilder->get()
#5 /home/nguh5634/public_html/app/Controllers/undangan/Undangan.php(88): App\Models\undangan\UndanganModel->cek_tamu('1', 'a')
#6 /home/nguh5634/public_html/system/CodeIgniter.php(910): App\Controllers\undangan\Undangan->undangan()
#7 /home/nguh5634/public_html/system/CodeIgniter.php(398): CodeIgniter\CodeIgniter->runController(Object(App\Controllers\undangan\Undangan))
#8 /home/nguh5634/public_html/system/CodeIgniter.php(306): CodeIgniter\CodeIgniter->handleRequest(NULL, Object(Config\Cache), false)
#9 /home/nguh5634/public_html/index.php(45): CodeIgniter\CodeIgniter->run()
#10 {main}
INFO - 2021-06-01 08:42:49 --> Session: Class initialized using 'CodeIgniter\Session\Handlers\FileHandler' driver.
INFO - 2021-06-01 08:42:49 --> Controller "App\Controllers\undangan\Undangan" loaded.
INFO - 2021-06-01 08:43:08 --> Session: Class initialized using 'CodeIgniter\Session\Handlers\FileHandler' driver.
INFO - 2021-06-01 08:43:08 --> Controller "App\Controllers\base\Dashboard" loaded.
INFO - 2021-06-01 08:43:15 --> Session: Class initialized using 'CodeIgniter\Session\Handlers\FileHandler' driver.
INFO - 2021-06-01 08:43:15 --> Controller "App\Controllers\base\Dashboard" loaded.
INFO - 2021-06-01 08:43:15 --> Session: Class initialized using 'CodeIgniter\Session\Handlers\FileHandler' driver.
INFO - 2021-06-01 08:43:15 --> Controller "App\Controllers\base\Dashboard" loaded.
INFO - 2021-06-01 08:43:30 --> Session: Class initialized using 'CodeIgniter\Session\Handlers\FileHandler' driver.
INFO - 2021-06-01 08:43:30 --> Controller "App\Controllers\base\Dashboard" loaded.
INFO - 2021-06-01 08:43:45 --> Session: Class initialized using 'CodeIgniter\Session\Handlers\FileHandler' driver.
INFO - 2021-06-01 08:43:45 --> Controller "App\Controllers\base\Dashboard" loaded.
INFO - 2021-06-01 08:44:06 --> Session: Class initialized using 'CodeIgniter\Session\Handlers\FileHandler' driver.
INFO - 2021-06-01 08:44:06 --> Controller "App\Controllers\base\Dashboard" loaded.
INFO - 2021-06-01 08:44:06 --> Session: Class initialized using 'CodeIgniter\Session\Handlers\FileHandler' driver.
INFO - 2021-06-01 08:44:06 --> Controller "App\Controllers\base\Dashboard" loaded.
INFO - 2021-06-01 08:44:09 --> Session: Class initialized using 'CodeIgniter\Session\Handlers\FileHandler' driver.
INFO - 2021-06-01 08:44:09 --> Controller "App\Controllers\base\Dashboard" loaded.
INFO - 2021-06-01 08:54:27 --> Session: Class initialized using 'CodeIgniter\Session\Handlers\FileHandler' driver.
INFO - 2021-06-01 08:54:27 --> Controller "App\Controllers\undangan\Undangan" loaded.
INFO - 2021-06-01 09:38:02 --> Controller "App\Controllers\base\Beranda" loaded.
INFO - 2021-06-01 10:28:22 --> Session: Class initialized using 'CodeIgniter\Session\Handlers\FileHandler' driver.
INFO - 2021-06-01 10:28:22 --> Controller "App\Controllers\base\Dashboard" loaded.
INFO - 2021-06-01 10:29:19 --> Controller "App\Controllers\base\Beranda" loaded.
INFO - 2021-06-01 11:43:16 --> Session: Class initialized using 'CodeIgniter\Session\Handlers\FileHandler' driver.
INFO - 2021-06-01 11:43:16 --> Controller "App\Controllers\admin\Admin" loaded.
INFO - 2021-06-01 11:45:47 --> Controller "App\Controllers\base\Beranda" loaded.
INFO - 2021-06-01 11:45:50 --> Controller "App\Controllers\base\Beranda" loaded.
INFO - 2021-06-01 11:45:50 --> Controller "App\Controllers\base\Beranda" loaded.
INFO - 2021-06-01 11:45:50 --> Controller "App\Controllers\base\Beranda" loaded.
INFO - 2021-06-01 11:45:50 --> Controller "App\Controllers\base\Beranda" loaded.
INFO - 2021-06-01 11:45:50 --> Controller "App\Controllers\base\Beranda" loaded.
INFO - 2021-06-01 11:45:50 --> Controller "App\Controllers\base\Beranda" loaded.
INFO - 2021-06-01 13:15:58 --> Session: Class initialized using 'CodeIgniter\Session\Handlers\FileHandler' driver.
INFO - 2021-06-01 13:15:58 --> Controller "App\Controllers\base\Dashboard" loaded.
INFO - 2021-06-01 13:16:28 --> Session: Class initialized using 'CodeIgniter\Session\Handlers\FileHandler' driver.
INFO - 2021-06-01 13:16:28 --> Controller "App\Controllers\base\Dashboard" loaded.
INFO - 2021-06-01 13:16:28 --> Session: Class initialized using 'CodeIgniter\Session\Handlers\FileHandler' driver.
INFO - 2021-06-01 13:16:28 --> Controller "App\Controllers\base\Dashboard" loaded.
INFO - 2021-06-01 13:16:51 --> Session: Class initialized using 'CodeIgniter\Session\Handlers\FileHandler' driver.
INFO - 2021-06-01 13:16:51 --> Controller "App\Controllers\base\Dashboard" loaded.
INFO - 2021-06-01 13:17:00 --> Session: Class initialized using 'CodeIgniter\Session\Handlers\FileHandler' driver.
INFO - 2021-06-01 13:17:00 --> Controller "App\Controllers\base\Dashboard" loaded.
INFO - 2021-06-01 13:17:03 --> Session: Class initialized using 'CodeIgniter\Session\Handlers\FileHandler' driver.
INFO - 2021-06-01 13:17:03 --> Controller "App\Controllers\base\Dashboard" loaded.
INFO - 2021-06-01 13:17:10 --> Session: Class initialized using 'CodeIgniter\Session\Handlers\FileHandler' driver.
INFO - 2021-06-01 13:17:10 --> Controller "App\Controllers\base\Dashboard" loaded.
INFO - 2021-06-01 13:17:14 --> Session: Class initialized using 'CodeIgniter\Session\Handlers\FileHandler' driver.
INFO - 2021-06-01 13:17:14 --> Controller "App\Controllers\base\Dashboard" loaded.
INFO - 2021-06-01 13:17:31 --> Session: Class initialized using 'CodeIgniter\Session\Handlers\FileHandler' driver.
INFO - 2021-06-01 13:17:31 --> Controller "App\Controllers\undangan\Undangan" loaded.
INFO - 2021-06-01 13:42:55 --> Controller "App\Controllers\base\Beranda" loaded.
INFO - 2021-06-01 13:58:25 --> Controller "App\Controllers\base\Beranda" loaded.
INFO - 2021-06-01 13:58:27 --> Controller "App\Controllers\base\Beranda" loaded.
INFO - 2021-06-01 14:23:01 --> Controller "App\Controllers\base\Beranda" loaded.
INFO - 2021-06-01 14:57:07 --> Session: Class initialized using 'CodeIgniter\Session\Handlers\FileHandler' driver.
INFO - 2021-06-01 14:57:07 --> Controller "App\Controllers\base\Order" loaded.
INFO - 2021-06-01 15:31:44 --> Controller "App\Controllers\base\Beranda" loaded.
INFO - 2021-06-01 15:31:46 --> Controller "App\Controllers\base\Beranda" loaded.
INFO - 2021-06-01 15:31:48 --> Controller "App\Controllers\base\Beranda" loaded.
INFO - 2021-06-01 15:31:50 --> Controller "App\Controllers\base\Beranda" loaded.
INFO - 2021-06-01 15:31:52 --> Controller "App\Controllers\base\Beranda" loaded.
INFO - 2021-06-01 16:39:29 --> Controller "App\Controllers\base\Beranda" loaded.
INFO - 2021-06-01 16:40:51 --> Controller "App\Controllers\base\Beranda" loaded.
INFO - 2021-06-01 16:43:06 --> Controller "App\Controllers\base\Beranda" loaded.
INFO - 2021-06-01 16:43:11 --> Controller "App\Controllers\base\Beranda" loaded.
INFO - 2021-06-01 16:45:08 --> Controller "App\Controllers\base\Beranda" loaded.
INFO - 2021-06-01 17:02:53 --> Controller "App\Controllers\base\Beranda" loaded.
INFO - 2021-06-01 17:11:50 --> Controller "App\Controllers\base\Beranda" loaded.
INFO - 2021-06-01 17:19:23 --> Controller "App\Controllers\base\Beranda" loaded.
INFO - 2021-06-01 17:26:11 --> Controller "App\Controllers\base\Beranda" loaded.
INFO - 2021-06-01 18:08:02 --> Session: Class initialized using 'CodeIgniter\Session\Handlers\FileHandler' driver.
INFO - 2021-06-01 18:08:02 --> Controller "App\Controllers\undangan\Undangan" loaded.
INFO - 2021-06-01 18:10:59 --> Controller "App\Controllers\base\Beranda" loaded.
INFO - 2021-06-01 18:11:37 --> Controller "App\Controllers\base\Beranda" loaded.
INFO - 2021-06-01 18:12:30 --> Controller "App\Controllers\base\Beranda" loaded.
INFO - 2021-06-01 19:21:32 --> Controller "App\Controllers\base\Beranda" loaded.
INFO - 2021-06-01 19:34:05 --> Controller "App\Controllers\base\Beranda" loaded.
INFO - 2021-06-01 20:00:24 --> Controller "App\Controllers\base\Beranda" loaded.
INFO - 2021-06-01 20:17:03 --> Controller "App\Controllers\base\Beranda" loaded.
INFO - 2021-06-01 20:56:21 --> Session: Class initialized using 'CodeIgniter\Session\Handlers\FileHandler' driver.
INFO - 2021-06-01 20:56:21 --> Controller "App\Controllers\undangan\Undangan" loaded.
INFO - 2021-06-01 21:51:18 --> Controller "App\Controllers\base\Beranda" loaded.
INFO - 2021-06-01 22:17:16 --> Controller "App\Controllers\base\Beranda" loaded.
INFO - 2021-06-01 23:20:20 --> Controller "App\Controllers\base\Beranda" loaded.
INFO - 2021-06-01 23:20:25 --> Controller "App\Controllers\base\Beranda" loaded.
INFO - 2021-06-01 23:20:25 --> Controller "App\Controllers\base\Beranda" loaded.
INFO - 2021-06-01 23:20:25 --> Controller "App\Controllers\base\Beranda" loaded.
INFO - 2021-06-01 23:20:25 --> Controller "App\Controllers\base\Beranda" loaded.
INFO - 2021-06-01 23:20:25 --> Controller "App\Controllers\base\Beranda" loaded.
INFO - 2021-06-01 23:20:26 --> Controller "App\Controllers\base\Beranda" loaded.
INFO - 2021-06-01 23:20:30 --> Controller "App\Controllers\base\Beranda" loaded.
INFO - 2021-06-01 23:20:32 --> Controller "App\Controllers\base\Beranda" loaded.
INFO - 2021-06-01 23:52:00 --> Controller "App\Controllers\base\Beranda" loaded.
