INFO - 2020-09-03 00:29:27 --> Controller "CodeIgniter\CLI\CommandRunner" loaded.
INFO - 2020-09-03 00:29:48 --> Controller "App\Controllers\base\Beranda" loaded.
INFO - 2020-09-03 00:29:52 --> Controller "App\Controllers\base\Beranda" loaded.
INFO - 2020-09-03 00:30:02 --> Session: Class initialized using 'CodeIgniter\Session\Handlers\FileHandler' driver.
INFO - 2020-09-03 00:30:02 --> Controller "App\Controllers\base\Dashboard" loaded.
INFO - 2020-09-03 00:30:34 --> Controller "App\Controllers\base\Beranda" loaded.
INFO - 2020-09-03 00:30:35 --> Controller "App\Controllers\base\Beranda" loaded.
INFO - 2020-09-03 00:30:44 --> Session: Class initialized using 'CodeIgniter\Session\Handlers\FileHandler' driver.
INFO - 2020-09-03 00:30:44 --> Session: Class initialized using 'CodeIgniter\Session\Handlers\FileHandler' driver.
INFO - 2020-09-03 00:30:44 --> Controller "App\Controllers\base\Dashboard" loaded.
INFO - 2020-09-03 00:31:08 --> Session: Class initialized using 'CodeIgniter\Session\Handlers\FileHandler' driver.
INFO - 2020-09-03 00:31:08 --> Controller "App\Controllers\base\Dashboard" loaded.
INFO - 2020-09-03 00:31:09 --> Session: Class initialized using 'CodeIgniter\Session\Handlers\FileHandler' driver.
INFO - 2020-09-03 00:31:09 --> Controller "App\Controllers\base\Dashboard" loaded.
INFO - 2020-09-03 00:31:42 --> Controller "App\Controllers\base\Beranda" loaded.
INFO - 2020-09-03 00:31:44 --> Controller "App\Controllers\base\Beranda" loaded.
INFO - 2020-09-03 00:31:51 --> Session: Class initialized using 'CodeIgniter\Session\Handlers\FileHandler' driver.
INFO - 2020-09-03 00:31:51 --> Controller "App\Controllers\base\Order" loaded.
INFO - 2020-09-03 00:31:51 --> Controller "App\Controllers\base\Beranda" loaded.
INFO - 2020-09-03 00:31:53 --> Controller "App\Controllers\base\Beranda" loaded.
INFO - 2020-09-03 00:33:21 --> Controller "App\Controllers\base\Beranda" loaded.
INFO - 2020-09-03 00:33:23 --> Controller "App\Controllers\base\Beranda" loaded.
INFO - 2020-09-03 00:33:25 --> Session: Class initialized using 'CodeIgniter\Session\Handlers\FileHandler' driver.
INFO - 2020-09-03 00:33:25 --> Controller "App\Controllers\base\Dashboard" loaded.
INFO - 2020-09-03 00:33:35 --> Session: Class initialized using 'CodeIgniter\Session\Handlers\FileHandler' driver.
INFO - 2020-09-03 00:33:35 --> Controller "App\Controllers\base\Dashboard" loaded.
INFO - 2020-09-03 00:33:36 --> Session: Class initialized using 'CodeIgniter\Session\Handlers\FileHandler' driver.
INFO - 2020-09-03 00:33:36 --> Controller "App\Controllers\base\Dashboard" loaded.
INFO - 2020-09-03 00:35:57 --> Controller "App\Controllers\base\Beranda" loaded.
INFO - 2020-09-03 00:35:59 --> Controller "App\Controllers\base\Beranda" loaded.
INFO - 2020-09-03 00:36:08 --> Session: Class initialized using 'CodeIgniter\Session\Handlers\FileHandler' driver.
INFO - 2020-09-03 00:36:08 --> Controller "App\Controllers\base\Order" loaded.
INFO - 2020-09-03 00:36:09 --> Controller "App\Controllers\base\Beranda" loaded.
INFO - 2020-09-03 00:36:11 --> Controller "App\Controllers\base\Beranda" loaded.
INFO - 2020-09-03 00:36:14 --> Controller "App\Controllers\base\Beranda" loaded.
INFO - 2020-09-03 00:36:54 --> Controller "App\Controllers\base\Beranda" loaded.
INFO - 2020-09-03 00:36:56 --> Controller "App\Controllers\base\Beranda" loaded.
INFO - 2020-09-03 00:39:59 --> Controller "App\Controllers\base\Beranda" loaded.
INFO - 2020-09-03 00:40:02 --> Session: Class initialized using 'CodeIgniter\Session\Handlers\FileHandler' driver.
INFO - 2020-09-03 00:40:02 --> Session: Class initialized using 'CodeIgniter\Session\Handlers\FileHandler' driver.
INFO - 2020-09-03 00:40:02 --> Controller "App\Controllers\base\Dashboard" loaded.
INFO - 2020-09-03 00:40:23 --> Session: Class initialized using 'CodeIgniter\Session\Handlers\FileHandler' driver.
INFO - 2020-09-03 00:40:23 --> Controller "App\Controllers\base\Dashboard" loaded.
INFO - 2020-09-03 00:40:23 --> Session: Class initialized using 'CodeIgniter\Session\Handlers\FileHandler' driver.
INFO - 2020-09-03 00:40:23 --> Controller "App\Controllers\base\Dashboard" loaded.
INFO - 2020-09-03 00:41:28 --> Session: Class initialized using 'CodeIgniter\Session\Handlers\FileHandler' driver.
INFO - 2020-09-03 00:41:28 --> Controller "App\Controllers\base\Dashboard" loaded.
INFO - 2020-09-03 00:41:29 --> Session: Class initialized using 'CodeIgniter\Session\Handlers\FileHandler' driver.
INFO - 2020-09-03 00:41:29 --> Controller "App\Controllers\base\Dashboard" loaded.
INFO - 2020-09-03 00:41:50 --> Session: Class initialized using 'CodeIgniter\Session\Handlers\FileHandler' driver.
INFO - 2020-09-03 00:41:50 --> Controller "App\Controllers\base\Dashboard" loaded.
INFO - 2020-09-03 00:41:50 --> Session: Class initialized using 'CodeIgniter\Session\Handlers\FileHandler' driver.
INFO - 2020-09-03 00:41:50 --> Controller "App\Controllers\base\Dashboard" loaded.
INFO - 2020-09-03 00:43:38 --> Session: Class initialized using 'CodeIgniter\Session\Handlers\FileHandler' driver.
INFO - 2020-09-03 00:43:38 --> Controller "App\Controllers\base\Dashboard" loaded.
INFO - 2020-09-03 00:43:38 --> Session: Class initialized using 'CodeIgniter\Session\Handlers\FileHandler' driver.
INFO - 2020-09-03 00:43:38 --> Controller "App\Controllers\base\Dashboard" loaded.
INFO - 2020-09-03 00:43:56 --> Session: Class initialized using 'CodeIgniter\Session\Handlers\FileHandler' driver.
INFO - 2020-09-03 00:43:56 --> Controller "App\Controllers\base\Dashboard" loaded.
INFO - 2020-09-03 00:43:56 --> Session: Class initialized using 'CodeIgniter\Session\Handlers\FileHandler' driver.
INFO - 2020-09-03 00:43:56 --> Controller "App\Controllers\base\Dashboard" loaded.
INFO - 2020-09-03 00:44:13 --> Session: Class initialized using 'CodeIgniter\Session\Handlers\FileHandler' driver.
INFO - 2020-09-03 00:44:13 --> Controller "App\Controllers\base\Dashboard" loaded.
INFO - 2020-09-03 00:44:13 --> Session: Class initialized using 'CodeIgniter\Session\Handlers\FileHandler' driver.
INFO - 2020-09-03 00:44:13 --> Controller "App\Controllers\base\Dashboard" loaded.
INFO - 2020-09-03 00:44:25 --> Session: Class initialized using 'CodeIgniter\Session\Handlers\FileHandler' driver.
INFO - 2020-09-03 00:44:26 --> Session: Class initialized using 'CodeIgniter\Session\Handlers\FileHandler' driver.
INFO - 2020-09-03 00:44:26 --> Controller "App\Controllers\base\Dashboard" loaded.
INFO - 2020-09-03 06:31:13 --> Controller "CodeIgniter\CLI\CommandRunner" loaded.
INFO - 2020-09-03 06:32:14 --> Controller "App\Controllers\base\Beranda" loaded.
INFO - 2020-09-03 06:32:17 --> Controller "App\Controllers\base\Beranda" loaded.
INFO - 2020-09-03 06:32:27 --> Controller "App\Controllers\base\Beranda" loaded.
INFO - 2020-09-03 06:32:28 --> Controller "App\Controllers\base\Beranda" loaded.
INFO - 2020-09-03 06:32:36 --> Session: Class initialized using 'CodeIgniter\Session\Handlers\FileHandler' driver.
INFO - 2020-09-03 06:32:36 --> Controller "App\Controllers\base\Dashboard" loaded.
INFO - 2020-09-03 06:32:46 --> Session: Class initialized using 'CodeIgniter\Session\Handlers\FileHandler' driver.
INFO - 2020-09-03 06:32:46 --> Controller "App\Controllers\base\Dashboard" loaded.
INFO - 2020-09-03 06:32:46 --> Session: Class initialized using 'CodeIgniter\Session\Handlers\FileHandler' driver.
INFO - 2020-09-03 06:32:46 --> Controller "App\Controllers\base\Dashboard" loaded.
INFO - 2020-09-03 06:33:52 --> Session: Class initialized using 'CodeIgniter\Session\Handlers\FileHandler' driver.
INFO - 2020-09-03 06:33:52 --> Controller "App\Controllers\base\Dashboard" loaded.
INFO - 2020-09-03 06:33:52 --> Session: Class initialized using 'CodeIgniter\Session\Handlers\FileHandler' driver.
INFO - 2020-09-03 06:33:52 --> Controller "App\Controllers\base\Dashboard" loaded.
INFO - 2020-09-03 06:35:52 --> Session: Class initialized using 'CodeIgniter\Session\Handlers\FileHandler' driver.
INFO - 2020-09-03 06:35:52 --> Controller "App\Controllers\base\Dashboard" loaded.
INFO - 2020-09-03 06:35:52 --> Session: Class initialized using 'CodeIgniter\Session\Handlers\FileHandler' driver.
INFO - 2020-09-03 06:35:52 --> Controller "App\Controllers\base\Dashboard" loaded.
INFO - 2020-09-03 06:37:55 --> Session: Class initialized using 'CodeIgniter\Session\Handlers\FileHandler' driver.
INFO - 2020-09-03 06:37:56 --> Controller "App\Controllers\base\Dashboard" loaded.
INFO - 2020-09-03 06:37:56 --> Session: Class initialized using 'CodeIgniter\Session\Handlers\FileHandler' driver.
INFO - 2020-09-03 06:37:56 --> Controller "App\Controllers\base\Dashboard" loaded.
INFO - 2020-09-03 06:38:06 --> Controller "App\Controllers\base\Beranda" loaded.
INFO - 2020-09-03 06:38:11 --> Controller "App\Controllers\base\Beranda" loaded.
INFO - 2020-09-03 06:38:13 --> Session: Class initialized using 'CodeIgniter\Session\Handlers\FileHandler' driver.
INFO - 2020-09-03 06:38:13 --> Controller "App\Controllers\base\Dashboard" loaded.
INFO - 2020-09-03 06:38:45 --> Session: Class initialized using 'CodeIgniter\Session\Handlers\FileHandler' driver.
INFO - 2020-09-03 06:38:45 --> Controller "App\Controllers\base\Dashboard" loaded.
INFO - 2020-09-03 06:39:14 --> Session: Class initialized using 'CodeIgniter\Session\Handlers\FileHandler' driver.
INFO - 2020-09-03 06:39:14 --> Controller "App\Controllers\base\Dashboard" loaded.
INFO - 2020-09-03 06:40:02 --> Session: Class initialized using 'CodeIgniter\Session\Handlers\FileHandler' driver.
INFO - 2020-09-03 06:40:02 --> Controller "App\Controllers\base\Dashboard" loaded.
INFO - 2020-09-03 06:40:14 --> Session: Class initialized using 'CodeIgniter\Session\Handlers\FileHandler' driver.
INFO - 2020-09-03 06:40:14 --> Controller "App\Controllers\base\Dashboard" loaded.
INFO - 2020-09-03 06:40:14 --> Session: Class initialized using 'CodeIgniter\Session\Handlers\FileHandler' driver.
INFO - 2020-09-03 06:40:14 --> Controller "App\Controllers\base\Dashboard" loaded.
INFO - 2020-09-03 06:41:38 --> Session: Class initialized using 'CodeIgniter\Session\Handlers\FileHandler' driver.
INFO - 2020-09-03 06:41:38 --> Controller "App\Controllers\base\Dashboard" loaded.
INFO - 2020-09-03 06:41:38 --> Session: Class initialized using 'CodeIgniter\Session\Handlers\FileHandler' driver.
INFO - 2020-09-03 06:41:38 --> Controller "App\Controllers\base\Dashboard" loaded.
INFO - 2020-09-03 06:42:01 --> Session: Class initialized using 'CodeIgniter\Session\Handlers\FileHandler' driver.
INFO - 2020-09-03 06:42:01 --> Controller "App\Controllers\base\Dashboard" loaded.
INFO - 2020-09-03 06:42:01 --> Session: Class initialized using 'CodeIgniter\Session\Handlers\FileHandler' driver.
INFO - 2020-09-03 06:42:01 --> Controller "App\Controllers\base\Dashboard" loaded.
INFO - 2020-09-03 06:43:17 --> Controller "App\Controllers\base\Beranda" loaded.
INFO - 2020-09-03 06:43:18 --> Controller "App\Controllers\base\Beranda" loaded.
INFO - 2020-09-03 06:43:21 --> Session: Class initialized using 'CodeIgniter\Session\Handlers\FileHandler' driver.
INFO - 2020-09-03 06:43:21 --> Controller "App\Controllers\base\Dashboard" loaded.
INFO - 2020-09-03 06:43:35 --> Session: Class initialized using 'CodeIgniter\Session\Handlers\FileHandler' driver.
INFO - 2020-09-03 06:43:35 --> Controller "App\Controllers\base\Dashboard" loaded.
INFO - 2020-09-03 06:51:14 --> Controller "App\Controllers\base\Beranda" loaded.
INFO - 2020-09-03 06:51:14 --> Controller "App\Controllers\base\Beranda" loaded.
INFO - 2020-09-03 06:51:20 --> Session: Class initialized using 'CodeIgniter\Session\Handlers\FileHandler' driver.
INFO - 2020-09-03 06:51:20 --> Controller "App\Controllers\base\Dashboard" loaded.
INFO - 2020-09-03 06:51:31 --> Session: Class initialized using 'CodeIgniter\Session\Handlers\FileHandler' driver.
INFO - 2020-09-03 06:51:31 --> Controller "App\Controllers\base\Dashboard" loaded.
INFO - 2020-09-03 06:56:20 --> Session: Class initialized using 'CodeIgniter\Session\Handlers\FileHandler' driver.
INFO - 2020-09-03 06:56:20 --> Controller "App\Controllers\base\Dashboard" loaded.
INFO - 2020-09-03 12:31:22 --> Controller "CodeIgniter\CLI\CommandRunner" loaded.
INFO - 2020-09-03 12:31:39 --> Controller "App\Controllers\base\Beranda" loaded.
INFO - 2020-09-03 12:31:43 --> Controller "App\Controllers\base\Beranda" loaded.
INFO - 2020-09-03 12:31:53 --> Controller "App\Controllers\base\Beranda" loaded.
INFO - 2020-09-03 12:31:54 --> Controller "App\Controllers\base\Beranda" loaded.
INFO - 2020-09-03 12:32:09 --> Session: Class initialized using 'CodeIgniter\Session\Handlers\FileHandler' driver.
INFO - 2020-09-03 12:32:09 --> Session: Class initialized using 'CodeIgniter\Session\Handlers\FileHandler' driver.
INFO - 2020-09-03 12:32:09 --> Controller "App\Controllers\base\Dashboard" loaded.
INFO - 2020-09-03 12:32:22 --> Session: Class initialized using 'CodeIgniter\Session\Handlers\FileHandler' driver.
INFO - 2020-09-03 12:32:22 --> Controller "App\Controllers\base\Dashboard" loaded.
INFO - 2020-09-03 12:32:22 --> Session: Class initialized using 'CodeIgniter\Session\Handlers\FileHandler' driver.
INFO - 2020-09-03 12:32:22 --> Controller "App\Controllers\base\Dashboard" loaded.
INFO - 2020-09-03 12:33:59 --> Controller "App\Controllers\base\Beranda" loaded.
INFO - 2020-09-03 12:34:00 --> Controller "App\Controllers\base\Beranda" loaded.
INFO - 2020-09-03 12:34:08 --> Session: Class initialized using 'CodeIgniter\Session\Handlers\FileHandler' driver.
INFO - 2020-09-03 12:34:09 --> Session: Class initialized using 'CodeIgniter\Session\Handlers\FileHandler' driver.
INFO - 2020-09-03 12:34:09 --> Controller "App\Controllers\base\Dashboard" loaded.
INFO - 2020-09-03 12:35:43 --> Session: Class initialized using 'CodeIgniter\Session\Handlers\FileHandler' driver.
INFO - 2020-09-03 12:35:43 --> Controller "App\Controllers\base\Dashboard" loaded.
INFO - 2020-09-03 12:35:43 --> Session: Class initialized using 'CodeIgniter\Session\Handlers\FileHandler' driver.
INFO - 2020-09-03 12:35:43 --> Controller "App\Controllers\base\Dashboard" loaded.
INFO - 2020-09-03 12:41:07 --> Session: Class initialized using 'CodeIgniter\Session\Handlers\FileHandler' driver.
INFO - 2020-09-03 12:41:08 --> Controller "App\Controllers\base\Dashboard" loaded.
INFO - 2020-09-03 12:41:08 --> Session: Class initialized using 'CodeIgniter\Session\Handlers\FileHandler' driver.
INFO - 2020-09-03 12:41:08 --> Controller "App\Controllers\base\Dashboard" loaded.
INFO - 2020-09-03 12:41:17 --> Session: Class initialized using 'CodeIgniter\Session\Handlers\FileHandler' driver.
INFO - 2020-09-03 12:41:17 --> Controller "App\Controllers\base\Dashboard" loaded.
INFO - 2020-09-03 12:41:17 --> Session: Class initialized using 'CodeIgniter\Session\Handlers\FileHandler' driver.
INFO - 2020-09-03 12:41:17 --> Controller "App\Controllers\base\Dashboard" loaded.
INFO - 2020-09-03 12:41:30 --> Session: Class initialized using 'CodeIgniter\Session\Handlers\FileHandler' driver.
INFO - 2020-09-03 12:41:30 --> Controller "App\Controllers\base\Dashboard" loaded.
INFO - 2020-09-03 12:41:30 --> Session: Class initialized using 'CodeIgniter\Session\Handlers\FileHandler' driver.
INFO - 2020-09-03 12:41:30 --> Controller "App\Controllers\base\Dashboard" loaded.
INFO - 2020-09-03 12:42:24 --> Controller "App\Controllers\base\Beranda" loaded.
INFO - 2020-09-03 12:42:25 --> Controller "App\Controllers\base\Beranda" loaded.
INFO - 2020-09-03 12:42:27 --> Session: Class initialized using 'CodeIgniter\Session\Handlers\FileHandler' driver.
INFO - 2020-09-03 12:42:27 --> Controller "App\Controllers\base\Dashboard" loaded.
INFO - 2020-09-03 12:42:35 --> Session: Class initialized using 'CodeIgniter\Session\Handlers\FileHandler' driver.
INFO - 2020-09-03 12:42:35 --> Controller "App\Controllers\base\Dashboard" loaded.
INFO - 2020-09-03 12:42:35 --> Session: Class initialized using 'CodeIgniter\Session\Handlers\FileHandler' driver.
INFO - 2020-09-03 12:42:35 --> Controller "App\Controllers\base\Dashboard" loaded.
INFO - 2020-09-03 12:42:44 --> Session: Class initialized using 'CodeIgniter\Session\Handlers\FileHandler' driver.
INFO - 2020-09-03 12:42:44 --> Controller "App\Controllers\base\Dashboard" loaded.
INFO - 2020-09-03 12:42:44 --> Session: Class initialized using 'CodeIgniter\Session\Handlers\FileHandler' driver.
INFO - 2020-09-03 12:42:44 --> Controller "App\Controllers\base\Dashboard" loaded.
INFO - 2020-09-03 12:43:57 --> Session: Class initialized using 'CodeIgniter\Session\Handlers\FileHandler' driver.
INFO - 2020-09-03 12:44:17 --> Controller "App\Controllers\base\Beranda" loaded.
INFO - 2020-09-03 12:44:18 --> Controller "App\Controllers\base\Beranda" loaded.
INFO - 2020-09-03 12:44:21 --> Session: Class initialized using 'CodeIgniter\Session\Handlers\FileHandler' driver.
INFO - 2020-09-03 12:44:21 --> Controller "App\Controllers\base\Dashboard" loaded.
INFO - 2020-09-03 12:44:30 --> Session: Class initialized using 'CodeIgniter\Session\Handlers\FileHandler' driver.
INFO - 2020-09-03 12:44:30 --> Controller "App\Controllers\base\Dashboard" loaded.
INFO - 2020-09-03 12:44:30 --> Session: Class initialized using 'CodeIgniter\Session\Handlers\FileHandler' driver.
INFO - 2020-09-03 12:44:30 --> Controller "App\Controllers\base\Dashboard" loaded.
INFO - 2020-09-03 12:46:41 --> Session: Class initialized using 'CodeIgniter\Session\Handlers\FileHandler' driver.
INFO - 2020-09-03 12:46:41 --> Session: Class initialized using 'CodeIgniter\Session\Handlers\FileHandler' driver.
INFO - 2020-09-03 12:46:41 --> Controller "App\Controllers\base\Dashboard" loaded.
INFO - 2020-09-03 12:46:48 --> Session: Class initialized using 'CodeIgniter\Session\Handlers\FileHandler' driver.
INFO - 2020-09-03 12:46:48 --> Controller "App\Controllers\base\Dashboard" loaded.
INFO - 2020-09-03 12:46:48 --> Session: Class initialized using 'CodeIgniter\Session\Handlers\FileHandler' driver.
INFO - 2020-09-03 12:46:49 --> Controller "App\Controllers\base\Dashboard" loaded.
INFO - 2020-09-03 12:48:04 --> Session: Class initialized using 'CodeIgniter\Session\Handlers\FileHandler' driver.
INFO - 2020-09-03 12:48:04 --> Controller "App\Controllers\base\Dashboard" loaded.
INFO - 2020-09-03 12:48:11 --> Session: Class initialized using 'CodeIgniter\Session\Handlers\FileHandler' driver.
INFO - 2020-09-03 12:48:11 --> Controller "App\Controllers\base\Dashboard" loaded.
INFO - 2020-09-03 12:48:11 --> Session: Class initialized using 'CodeIgniter\Session\Handlers\FileHandler' driver.
INFO - 2020-09-03 12:48:11 --> Controller "App\Controllers\base\Dashboard" loaded.
INFO - 2020-09-03 12:48:52 --> Session: Class initialized using 'CodeIgniter\Session\Handlers\FileHandler' driver.
INFO - 2020-09-03 12:48:52 --> Controller "App\Controllers\base\Dashboard" loaded.
INFO - 2020-09-03 12:48:52 --> Session: Class initialized using 'CodeIgniter\Session\Handlers\FileHandler' driver.
INFO - 2020-09-03 12:48:52 --> Controller "App\Controllers\base\Dashboard" loaded.
INFO - 2020-09-03 15:47:03 --> Controller "CodeIgniter\CLI\CommandRunner" loaded.
INFO - 2020-09-03 15:47:08 --> Controller "App\Controllers\base\Beranda" loaded.
INFO - 2020-09-03 15:47:13 --> Controller "App\Controllers\base\Beranda" loaded.
INFO - 2020-09-03 15:47:21 --> Controller "App\Controllers\base\Beranda" loaded.
INFO - 2020-09-03 15:47:22 --> Controller "App\Controllers\base\Beranda" loaded.
INFO - 2020-09-03 15:47:33 --> Session: Class initialized using 'CodeIgniter\Session\Handlers\FileHandler' driver.
INFO - 2020-09-03 15:47:33 --> Session: Class initialized using 'CodeIgniter\Session\Handlers\FileHandler' driver.
INFO - 2020-09-03 15:47:33 --> Controller "App\Controllers\base\Dashboard" loaded.
INFO - 2020-09-03 15:47:42 --> Session: Class initialized using 'CodeIgniter\Session\Handlers\FileHandler' driver.
INFO - 2020-09-03 15:47:42 --> Controller "App\Controllers\base\Dashboard" loaded.
INFO - 2020-09-03 15:47:43 --> Session: Class initialized using 'CodeIgniter\Session\Handlers\FileHandler' driver.
INFO - 2020-09-03 15:47:43 --> Controller "App\Controllers\base\Dashboard" loaded.
INFO - 2020-09-03 15:48:01 --> Session: Class initialized using 'CodeIgniter\Session\Handlers\FileHandler' driver.
INFO - 2020-09-03 15:48:01 --> Controller "App\Controllers\base\Dashboard" loaded.
INFO - 2020-09-03 15:48:01 --> Session: Class initialized using 'CodeIgniter\Session\Handlers\FileHandler' driver.
INFO - 2020-09-03 15:48:01 --> Controller "App\Controllers\base\Dashboard" loaded.
INFO - 2020-09-03 15:48:14 --> Session: Class initialized using 'CodeIgniter\Session\Handlers\FileHandler' driver.
INFO - 2020-09-03 15:48:14 --> Controller "App\Controllers\base\Dashboard" loaded.
INFO - 2020-09-03 15:49:57 --> Session: Class initialized using 'CodeIgniter\Session\Handlers\FileHandler' driver.
INFO - 2020-09-03 15:49:57 --> Controller "App\Controllers\base\Dashboard" loaded.
INFO - 2020-09-03 15:50:08 --> Session: Class initialized using 'CodeIgniter\Session\Handlers\FileHandler' driver.
INFO - 2020-09-03 15:50:08 --> Controller "App\Controllers\base\Dashboard" loaded.
INFO - 2020-09-03 15:50:08 --> Session: Class initialized using 'CodeIgniter\Session\Handlers\FileHandler' driver.
INFO - 2020-09-03 15:50:08 --> Controller "App\Controllers\base\Dashboard" loaded.
INFO - 2020-09-03 15:50:17 --> Session: Class initialized using 'CodeIgniter\Session\Handlers\FileHandler' driver.
INFO - 2020-09-03 15:50:17 --> Controller "App\Controllers\base\Dashboard" loaded.
INFO - 2020-09-03 15:50:17 --> Session: Class initialized using 'CodeIgniter\Session\Handlers\FileHandler' driver.
INFO - 2020-09-03 15:50:17 --> Controller "App\Controllers\base\Dashboard" loaded.
INFO - 2020-09-03 16:04:40 --> Controller "App\Controllers\base\Beranda" loaded.
INFO - 2020-09-03 16:04:41 --> Controller "App\Controllers\base\Beranda" loaded.
INFO - 2020-09-03 16:06:27 --> Session: Class initialized using 'CodeIgniter\Session\Handlers\FileHandler' driver.
INFO - 2020-09-03 16:06:27 --> Session: Class initialized using 'CodeIgniter\Session\Handlers\FileHandler' driver.
INFO - 2020-09-03 16:06:27 --> Controller "App\Controllers\base\Dashboard" loaded.
INFO - 2020-09-03 16:06:33 --> Session: Class initialized using 'CodeIgniter\Session\Handlers\FileHandler' driver.
INFO - 2020-09-03 16:06:33 --> Controller "App\Controllers\base\Dashboard" loaded.
INFO - 2020-09-03 16:06:33 --> Session: Class initialized using 'CodeIgniter\Session\Handlers\FileHandler' driver.
INFO - 2020-09-03 16:06:33 --> Controller "App\Controllers\base\Dashboard" loaded.
INFO - 2020-09-03 16:06:50 --> Controller "App\Controllers\base\Beranda" loaded.
INFO - 2020-09-03 16:06:51 --> Controller "App\Controllers\base\Beranda" loaded.
INFO - 2020-09-03 16:06:54 --> Session: Class initialized using 'CodeIgniter\Session\Handlers\FileHandler' driver.
INFO - 2020-09-03 16:06:54 --> Controller "App\Controllers\base\Dashboard" loaded.
INFO - 2020-09-03 16:06:58 --> Session: Class initialized using 'CodeIgniter\Session\Handlers\FileHandler' driver.
INFO - 2020-09-03 16:06:58 --> Controller "App\Controllers\base\Dashboard" loaded.
INFO - 2020-09-03 16:07:09 --> Session: Class initialized using 'CodeIgniter\Session\Handlers\FileHandler' driver.
INFO - 2020-09-03 16:07:09 --> Controller "App\Controllers\base\Dashboard" loaded.
INFO - 2020-09-03 16:07:09 --> Session: Class initialized using 'CodeIgniter\Session\Handlers\FileHandler' driver.
INFO - 2020-09-03 16:07:09 --> Controller "App\Controllers\base\Dashboard" loaded.
INFO - 2020-09-03 16:10:59 --> Session: Class initialized using 'CodeIgniter\Session\Handlers\FileHandler' driver.
INFO - 2020-09-03 16:10:59 --> Controller "App\Controllers\base\Dashboard" loaded.
INFO - 2020-09-03 16:10:59 --> Session: Class initialized using 'CodeIgniter\Session\Handlers\FileHandler' driver.
INFO - 2020-09-03 16:10:59 --> Controller "App\Controllers\base\Dashboard" loaded.
INFO - 2020-09-03 16:11:08 --> Session: Class initialized using 'CodeIgniter\Session\Handlers\FileHandler' driver.
INFO - 2020-09-03 16:11:08 --> Controller "App\Controllers\base\Dashboard" loaded.
INFO - 2020-09-03 16:11:08 --> Session: Class initialized using 'CodeIgniter\Session\Handlers\FileHandler' driver.
INFO - 2020-09-03 16:11:08 --> Controller "App\Controllers\base\Dashboard" loaded.
INFO - 2020-09-03 16:11:27 --> Session: Class initialized using 'CodeIgniter\Session\Handlers\FileHandler' driver.
INFO - 2020-09-03 16:11:27 --> Controller "App\Controllers\base\Dashboard" loaded.
INFO - 2020-09-03 16:12:44 --> Session: Class initialized using 'CodeIgniter\Session\Handlers\FileHandler' driver.
INFO - 2020-09-03 16:12:44 --> Controller "App\Controllers\base\Dashboard" loaded.
INFO - 2020-09-03 16:14:51 --> Session: Class initialized using 'CodeIgniter\Session\Handlers\FileHandler' driver.
INFO - 2020-09-03 16:14:52 --> Controller "App\Controllers\base\Dashboard" loaded.
