INFO - 2021-02-14 00:27:20 --> Controller "App\Controllers\base\Beranda" loaded.
INFO - 2021-02-14 00:27:20 --> Controller "App\Controllers\base\Beranda" loaded.
INFO - 2021-02-14 00:27:24 --> Controller "App\Controllers\base\Beranda" loaded.
INFO - 2021-02-14 00:27:24 --> Controller "App\Controllers\base\Beranda" loaded.
INFO - 2021-02-14 00:27:29 --> Session: Class initialized using 'CodeIgniter\Session\Handlers\FileHandler' driver.
INFO - 2021-02-14 00:27:29 --> Controller "App\Controllers\base\Order" loaded.
INFO - 2021-02-14 00:27:29 --> Controller "App\Controllers\base\Beranda" loaded.
INFO - 2021-02-14 01:18:52 --> Controller "App\Controllers\base\Beranda" loaded.
INFO - 2021-02-14 01:47:18 --> Controller "App\Controllers\base\Beranda" loaded.
INFO - 2021-02-14 01:47:18 --> Controller "App\Controllers\base\Beranda" loaded.
INFO - 2021-02-14 01:47:21 --> Controller "App\Controllers\base\Beranda" loaded.
INFO - 2021-02-14 02:14:40 --> Controller "App\Controllers\base\Beranda" loaded.
INFO - 2021-02-14 02:14:41 --> Controller "App\Controllers\base\Beranda" loaded.
INFO - 2021-02-14 02:14:41 --> Controller "App\Controllers\base\Beranda" loaded.
INFO - 2021-02-14 02:55:47 --> Controller "App\Controllers\base\Beranda" loaded.
INFO - 2021-02-14 02:55:49 --> Controller "App\Controllers\base\Beranda" loaded.
INFO - 2021-02-14 02:55:49 --> Controller "App\Controllers\base\Beranda" loaded.
INFO - 2021-02-14 02:56:01 --> Controller "App\Controllers\base\Beranda" loaded.
INFO - 2021-02-14 02:56:04 --> Session: Class initialized using 'CodeIgniter\Session\Handlers\FileHandler' driver.
INFO - 2021-02-14 02:56:04 --> Controller "App\Controllers\admin\Admin" loaded.
INFO - 2021-02-14 02:56:07 --> Session: Class initialized using 'CodeIgniter\Session\Handlers\FileHandler' driver.
INFO - 2021-02-14 02:56:07 --> Controller "App\Controllers\admin\Admin" loaded.
INFO - 2021-02-14 02:56:28 --> Session: Class initialized using 'CodeIgniter\Session\Handlers\FileHandler' driver.
INFO - 2021-02-14 02:56:28 --> Controller "App\Controllers\admin\Admin" loaded.
INFO - 2021-02-14 02:56:28 --> Session: Class initialized using 'CodeIgniter\Session\Handlers\FileHandler' driver.
INFO - 2021-02-14 02:56:28 --> Controller "App\Controllers\admin\Admin" loaded.
INFO - 2021-02-14 02:56:42 --> Session: Class initialized using 'CodeIgniter\Session\Handlers\FileHandler' driver.
INFO - 2021-02-14 02:56:42 --> Controller "App\Controllers\admin\Admin" loaded.
INFO - 2021-02-14 02:56:43 --> Session: Class initialized using 'CodeIgniter\Session\Handlers\FileHandler' driver.
INFO - 2021-02-14 02:56:43 --> Controller "App\Controllers\admin\Admin" loaded.
INFO - 2021-02-14 02:56:43 --> Session: Class initialized using 'CodeIgniter\Session\Handlers\FileHandler' driver.
INFO - 2021-02-14 02:56:43 --> Controller "App\Controllers\admin\Admin" loaded.
INFO - 2021-02-14 02:56:55 --> Session: Class initialized using 'CodeIgniter\Session\Handlers\FileHandler' driver.
INFO - 2021-02-14 02:56:55 --> Controller "App\Controllers\admin\Admin" loaded.
INFO - 2021-02-14 02:56:56 --> Session: Class initialized using 'CodeIgniter\Session\Handlers\FileHandler' driver.
INFO - 2021-02-14 02:56:56 --> Controller "App\Controllers\admin\Admin" loaded.
INFO - 2021-02-14 02:57:02 --> Session: Class initialized using 'CodeIgniter\Session\Handlers\FileHandler' driver.
INFO - 2021-02-14 02:57:02 --> Controller "App\Controllers\admin\Admin" loaded.
INFO - 2021-02-14 02:57:11 --> Session: Class initialized using 'CodeIgniter\Session\Handlers\FileHandler' driver.
INFO - 2021-02-14 02:57:11 --> Controller "App\Controllers\admin\Admin" loaded.
INFO - 2021-02-14 02:57:11 --> Session: Class initialized using 'CodeIgniter\Session\Handlers\FileHandler' driver.
INFO - 2021-02-14 02:57:11 --> Controller "App\Controllers\admin\Admin" loaded.
INFO - 2021-02-14 02:57:27 --> Session: Class initialized using 'CodeIgniter\Session\Handlers\FileHandler' driver.
INFO - 2021-02-14 02:57:27 --> Controller "App\Controllers\admin\Admin" loaded.
INFO - 2021-02-14 02:57:27 --> Session: Class initialized using 'CodeIgniter\Session\Handlers\FileHandler' driver.
INFO - 2021-02-14 02:57:27 --> Controller "App\Controllers\admin\Admin" loaded.
INFO - 2021-02-14 02:58:05 --> Controller "App\Controllers\base\Beranda" loaded.
INFO - 2021-02-14 02:58:06 --> Controller "App\Controllers\base\Beranda" loaded.
INFO - 2021-02-14 02:58:55 --> Controller "App\Controllers\base\Beranda" loaded.
INFO - 2021-02-14 02:58:55 --> Controller "App\Controllers\base\Beranda" loaded.
INFO - 2021-02-14 02:59:00 --> Session: Class initialized using 'CodeIgniter\Session\Handlers\FileHandler' driver.
INFO - 2021-02-14 02:59:00 --> Controller "App\Controllers\base\Order" loaded.
INFO - 2021-02-14 02:59:00 --> Controller "App\Controllers\base\Beranda" loaded.
INFO - 2021-02-14 03:06:22 --> Controller "App\Controllers\base\Beranda" loaded.
INFO - 2021-02-14 03:06:22 --> Controller "App\Controllers\base\Beranda" loaded.
INFO - 2021-02-14 03:06:24 --> Controller "App\Controllers\base\Beranda" loaded.
INFO - 2021-02-14 03:06:26 --> Session: Class initialized using 'CodeIgniter\Session\Handlers\FileHandler' driver.
INFO - 2021-02-14 03:06:26 --> Controller "App\Controllers\base\Order" loaded.
INFO - 2021-02-14 03:06:26 --> Controller "App\Controllers\base\Beranda" loaded.
INFO - 2021-02-14 03:06:28 --> Controller "App\Controllers\base\Beranda" loaded.
INFO - 2021-02-14 04:44:51 --> Controller "App\Controllers\base\Beranda" loaded.
INFO - 2021-02-14 04:44:51 --> Controller "App\Controllers\base\Beranda" loaded.
INFO - 2021-02-14 05:04:50 --> Controller "App\Controllers\base\Beranda" loaded.
INFO - 2021-02-14 05:04:53 --> Controller "App\Controllers\base\Beranda" loaded.
INFO - 2021-02-14 05:21:37 --> Controller "App\Controllers\base\Beranda" loaded.
INFO - 2021-02-14 05:21:39 --> Controller "App\Controllers\base\Beranda" loaded.
INFO - 2021-02-14 05:23:34 --> Controller "App\Controllers\base\Beranda" loaded.
INFO - 2021-02-14 05:23:34 --> Controller "App\Controllers\base\Beranda" loaded.
INFO - 2021-02-14 05:25:27 --> Controller "App\Controllers\base\Beranda" loaded.
INFO - 2021-02-14 05:25:27 --> Controller "App\Controllers\base\Beranda" loaded.
INFO - 2021-02-14 05:26:04 --> Controller "App\Controllers\base\Beranda" loaded.
INFO - 2021-02-14 05:26:05 --> Controller "App\Controllers\base\Beranda" loaded.
INFO - 2021-02-14 05:26:11 --> Controller "App\Controllers\base\Beranda" loaded.
INFO - 2021-02-14 05:26:11 --> Controller "App\Controllers\base\Beranda" loaded.
INFO - 2021-02-14 05:27:48 --> Controller "App\Controllers\base\Beranda" loaded.
INFO - 2021-02-14 05:27:48 --> Controller "App\Controllers\base\Beranda" loaded.
INFO - 2021-02-14 05:27:53 --> Session: Class initialized using 'CodeIgniter\Session\Handlers\FileHandler' driver.
INFO - 2021-02-14 05:27:53 --> Controller "App\Controllers\base\Order" loaded.
INFO - 2021-02-14 05:27:54 --> Controller "App\Controllers\base\Beranda" loaded.
INFO - 2021-02-14 05:29:20 --> Controller "App\Controllers\base\Beranda" loaded.
INFO - 2021-02-14 05:29:22 --> Controller "App\Controllers\base\Beranda" loaded.
INFO - 2021-02-14 05:29:24 --> Controller "App\Controllers\base\Beranda" loaded.
INFO - 2021-02-14 05:29:25 --> Controller "App\Controllers\base\Beranda" loaded.
INFO - 2021-02-14 05:29:27 --> Controller "App\Controllers\base\Beranda" loaded.
INFO - 2021-02-14 05:29:27 --> Controller "App\Controllers\base\Beranda" loaded.
INFO - 2021-02-14 05:29:29 --> Session: Class initialized using 'CodeIgniter\Session\Handlers\FileHandler' driver.
INFO - 2021-02-14 05:29:29 --> Controller "App\Controllers\base\Order" loaded.
INFO - 2021-02-14 05:29:29 --> Controller "App\Controllers\base\Beranda" loaded.
INFO - 2021-02-14 05:37:05 --> Controller "App\Controllers\base\Beranda" loaded.
INFO - 2021-02-14 05:37:06 --> Controller "App\Controllers\base\Beranda" loaded.
INFO - 2021-02-14 05:39:45 --> Controller "App\Controllers\base\Beranda" loaded.
INFO - 2021-02-14 05:39:45 --> Controller "App\Controllers\base\Beranda" loaded.
INFO - 2021-02-14 05:40:19 --> Controller "App\Controllers\base\Beranda" loaded.
INFO - 2021-02-14 05:40:20 --> Controller "App\Controllers\base\Beranda" loaded.
INFO - 2021-02-14 05:40:46 --> Controller "App\Controllers\base\Beranda" loaded.
INFO - 2021-02-14 05:40:46 --> Controller "App\Controllers\base\Beranda" loaded.
INFO - 2021-02-14 05:42:08 --> Controller "App\Controllers\base\Beranda" loaded.
INFO - 2021-02-14 05:42:09 --> Controller "App\Controllers\base\Beranda" loaded.
INFO - 2021-02-14 05:44:44 --> Controller "App\Controllers\base\Beranda" loaded.
INFO - 2021-02-14 05:44:44 --> Controller "App\Controllers\base\Beranda" loaded.
INFO - 2021-02-14 05:45:45 --> Controller "App\Controllers\base\Beranda" loaded.
INFO - 2021-02-14 05:45:46 --> Controller "App\Controllers\base\Beranda" loaded.
INFO - 2021-02-14 05:45:51 --> Controller "App\Controllers\base\Beranda" loaded.
INFO - 2021-02-14 05:45:52 --> Controller "App\Controllers\base\Beranda" loaded.
INFO - 2021-02-14 05:47:18 --> Controller "App\Controllers\base\Beranda" loaded.
INFO - 2021-02-14 05:47:19 --> Controller "App\Controllers\base\Beranda" loaded.
INFO - 2021-02-14 05:47:20 --> Controller "App\Controllers\base\Beranda" loaded.
INFO - 2021-02-14 05:47:24 --> Session: Class initialized using 'CodeIgniter\Session\Handlers\FileHandler' driver.
INFO - 2021-02-14 05:47:24 --> Controller "App\Controllers\base\Order" loaded.
INFO - 2021-02-14 05:47:24 --> Controller "App\Controllers\base\Beranda" loaded.
INFO - 2021-02-14 05:47:27 --> Controller "App\Controllers\base\Beranda" loaded.
INFO - 2021-02-14 05:47:31 --> Controller "App\Controllers\base\Beranda" loaded.
INFO - 2021-02-14 05:47:59 --> Controller "App\Controllers\base\Beranda" loaded.
INFO - 2021-02-14 05:52:31 --> Controller "App\Controllers\base\Beranda" loaded.
INFO - 2021-02-14 05:54:21 --> Session: Class initialized using 'CodeIgniter\Session\Handlers\FileHandler' driver.
INFO - 2021-02-14 05:54:21 --> Session: Class initialized using 'CodeIgniter\Session\Handlers\FileHandler' driver.
INFO - 2021-02-14 05:54:21 --> Controller "App\Controllers\admin\Admin" loaded.
INFO - 2021-02-14 05:54:23 --> Controller "App\Controllers\base\Beranda" loaded.
INFO - 2021-02-14 05:54:26 --> Controller "App\Controllers\base\Beranda" loaded.
INFO - 2021-02-14 05:54:30 --> Controller "App\Controllers\base\Beranda" loaded.
INFO - 2021-02-14 05:54:30 --> Controller "App\Controllers\base\Beranda" loaded.
INFO - 2021-02-14 05:54:49 --> Session: Class initialized using 'CodeIgniter\Session\Handlers\FileHandler' driver.
INFO - 2021-02-14 05:54:49 --> Controller "App\Controllers\base\Order" loaded.
INFO - 2021-02-14 05:54:49 --> Controller "App\Controllers\base\Beranda" loaded.
INFO - 2021-02-14 05:54:56 --> Controller "App\Controllers\base\Beranda" loaded.
INFO - 2021-02-14 05:54:57 --> Controller "App\Controllers\base\Beranda" loaded.
INFO - 2021-02-14 08:02:38 --> Controller "App\Controllers\base\Beranda" loaded.
INFO - 2021-02-14 08:34:00 --> Controller "App\Controllers\base\Beranda" loaded.
INFO - 2021-02-14 08:34:01 --> Controller "App\Controllers\base\Beranda" loaded.
INFO - 2021-02-14 08:34:03 --> Controller "App\Controllers\base\Beranda" loaded.
INFO - 2021-02-14 08:38:07 --> Controller "App\Controllers\base\Beranda" loaded.
INFO - 2021-02-14 08:38:18 --> Controller "App\Controllers\base\Beranda" loaded.
INFO - 2021-02-14 08:40:15 --> Controller "App\Controllers\base\Beranda" loaded.
INFO - 2021-02-14 08:40:22 --> Controller "App\Controllers\base\Beranda" loaded.
INFO - 2021-02-14 08:43:06 --> Controller "App\Controllers\base\Beranda" loaded.
INFO - 2021-02-14 08:43:12 --> Controller "App\Controllers\base\Beranda" loaded.
INFO - 2021-02-14 08:45:16 --> Controller "App\Controllers\base\Beranda" loaded.
INFO - 2021-02-14 08:45:46 --> Controller "App\Controllers\base\Beranda" loaded.
INFO - 2021-02-14 08:45:47 --> Controller "App\Controllers\base\Beranda" loaded.
INFO - 2021-02-14 08:47:18 --> Controller "App\Controllers\base\Beranda" loaded.
INFO - 2021-02-14 08:47:18 --> Controller "App\Controllers\base\Beranda" loaded.
INFO - 2021-02-14 08:47:58 --> Controller "App\Controllers\base\Beranda" loaded.
INFO - 2021-02-14 08:47:58 --> Controller "App\Controllers\base\Beranda" loaded.
INFO - 2021-02-14 08:48:52 --> Controller "App\Controllers\base\Beranda" loaded.
INFO - 2021-02-14 08:48:53 --> Controller "App\Controllers\base\Beranda" loaded.
INFO - 2021-02-14 08:48:56 --> Controller "App\Controllers\base\Beranda" loaded.
INFO - 2021-02-14 08:48:56 --> Controller "App\Controllers\base\Beranda" loaded.
INFO - 2021-02-14 08:48:59 --> Controller "App\Controllers\base\Beranda" loaded.
INFO - 2021-02-14 08:49:00 --> Controller "App\Controllers\base\Beranda" loaded.
INFO - 2021-02-14 08:49:36 --> Controller "App\Controllers\base\Beranda" loaded.
INFO - 2021-02-14 08:49:38 --> Controller "App\Controllers\base\Beranda" loaded.
INFO - 2021-02-14 08:49:39 --> Controller "App\Controllers\base\Beranda" loaded.
INFO - 2021-02-14 08:49:40 --> Controller "App\Controllers\base\Beranda" loaded.
INFO - 2021-02-14 08:50:36 --> Controller "App\Controllers\base\Beranda" loaded.
INFO - 2021-02-14 08:50:36 --> Controller "App\Controllers\base\Beranda" loaded.
INFO - 2021-02-14 08:50:42 --> Controller "App\Controllers\base\Beranda" loaded.
INFO - 2021-02-14 08:50:43 --> Controller "App\Controllers\base\Beranda" loaded.
INFO - 2021-02-14 08:50:53 --> Controller "App\Controllers\base\Beranda" loaded.
INFO - 2021-02-14 08:50:53 --> Controller "App\Controllers\base\Beranda" loaded.
INFO - 2021-02-14 08:51:04 --> Session: Class initialized using 'CodeIgniter\Session\Handlers\FileHandler' driver.
INFO - 2021-02-14 08:51:04 --> Controller "App\Controllers\base\Order" loaded.
INFO - 2021-02-14 08:51:04 --> Controller "App\Controllers\base\Beranda" loaded.
INFO - 2021-02-14 08:51:08 --> Controller "App\Controllers\base\Beranda" loaded.
INFO - 2021-02-14 08:51:08 --> Controller "App\Controllers\base\Beranda" loaded.
INFO - 2021-02-14 08:51:15 --> Controller "App\Controllers\base\Beranda" loaded.
INFO - 2021-02-14 15:34:31 --> Session: Class initialized using 'CodeIgniter\Session\Handlers\FileHandler' driver.
INFO - 2021-02-14 15:34:31 --> Controller "App\Controllers\admin\Admin" loaded.
INFO - 2021-02-14 16:31:21 --> Controller "App\Controllers\base\Beranda" loaded.
INFO - 2021-02-14 16:31:26 --> Controller "App\Controllers\base\Beranda" loaded.
INFO - 2021-02-14 18:11:16 --> Controller "App\Controllers\base\Beranda" loaded.
INFO - 2021-02-14 18:11:16 --> Controller "App\Controllers\base\Beranda" loaded.
INFO - 2021-02-14 18:11:35 --> Session: Class initialized using 'CodeIgniter\Session\Handlers\FileHandler' driver.
INFO - 2021-02-14 18:11:35 --> Controller "App\Controllers\base\Order" loaded.
INFO - 2021-02-14 18:11:35 --> Controller "App\Controllers\base\Beranda" loaded.
INFO - 2021-02-14 18:11:40 --> Session: Class initialized using 'CodeIgniter\Session\Handlers\FileHandler' driver.
INFO - 2021-02-14 18:11:40 --> Controller "App\Controllers\base\Dashboard" loaded.
INFO - 2021-02-14 18:12:21 --> Session: Class initialized using 'CodeIgniter\Session\Handlers\FileHandler' driver.
INFO - 2021-02-14 18:12:21 --> Controller "App\Controllers\base\Dashboard" loaded.
INFO - 2021-02-14 18:12:21 --> Session: Class initialized using 'CodeIgniter\Session\Handlers\FileHandler' driver.
INFO - 2021-02-14 18:12:21 --> Controller "App\Controllers\base\Dashboard" loaded.
INFO - 2021-02-14 18:12:38 --> Session: Class initialized using 'CodeIgniter\Session\Handlers\FileHandler' driver.
INFO - 2021-02-14 18:12:38 --> Controller "App\Controllers\base\Dashboard" loaded.
INFO - 2021-02-14 18:13:21 --> Session: Class initialized using 'CodeIgniter\Session\Handlers\FileHandler' driver.
INFO - 2021-02-14 18:13:21 --> Controller "App\Controllers\undangan\Undangan" loaded.
INFO - 2021-02-14 18:13:28 --> Session: Class initialized using 'CodeIgniter\Session\Handlers\FileHandler' driver.
INFO - 2021-02-14 18:13:28 --> Controller "App\Controllers\undangan\Undangan" loaded.
INFO - 2021-02-14 18:13:44 --> Session: Class initialized using 'CodeIgniter\Session\Handlers\FileHandler' driver.
INFO - 2021-02-14 18:13:44 --> Controller "App\Controllers\undangan\Undangan" loaded.
INFO - 2021-02-14 18:13:56 --> Session: Class initialized using 'CodeIgniter\Session\Handlers\FileHandler' driver.
INFO - 2021-02-14 18:13:56 --> Controller "App\Controllers\base\Dashboard" loaded.
INFO - 2021-02-14 18:14:01 --> Session: Class initialized using 'CodeIgniter\Session\Handlers\FileHandler' driver.
INFO - 2021-02-14 18:14:01 --> Controller "App\Controllers\base\Dashboard" loaded.
INFO - 2021-02-14 18:14:02 --> Session: Class initialized using 'CodeIgniter\Session\Handlers\FileHandler' driver.
INFO - 2021-02-14 18:14:02 --> Controller "App\Controllers\undangan\Undangan" loaded.
INFO - 2021-02-14 19:17:44 --> Controller "App\Controllers\base\Beranda" loaded.
INFO - 2021-02-14 19:17:45 --> Controller "App\Controllers\base\Beranda" loaded.
INFO - 2021-02-14 19:18:05 --> Controller "App\Controllers\base\Beranda" loaded.
INFO - 2021-02-14 19:18:13 --> Session: Class initialized using 'CodeIgniter\Session\Handlers\FileHandler' driver.
INFO - 2021-02-14 19:18:13 --> Controller "App\Controllers\undangan\Undangan" loaded.
INFO - 2021-02-14 19:21:56 --> Session: Class initialized using 'CodeIgniter\Session\Handlers\FileHandler' driver.
INFO - 2021-02-14 19:21:56 --> Controller "App\Controllers\base\Dashboard" loaded.
INFO - 2021-02-14 19:21:58 --> Session: Class initialized using 'CodeIgniter\Session\Handlers\FileHandler' driver.
INFO - 2021-02-14 19:21:58 --> Controller "App\Controllers\base\Dashboard" loaded.
INFO - 2021-02-14 19:22:00 --> Session: Class initialized using 'CodeIgniter\Session\Handlers\FileHandler' driver.
INFO - 2021-02-14 19:22:00 --> Controller "App\Controllers\base\Dashboard" loaded.
INFO - 2021-02-14 19:22:02 --> Session: Class initialized using 'CodeIgniter\Session\Handlers\FileHandler' driver.
INFO - 2021-02-14 19:22:02 --> Controller "App\Controllers\undangan\Undangan" loaded.
INFO - 2021-02-14 19:22:07 --> Session: Class initialized using 'CodeIgniter\Session\Handlers\FileHandler' driver.
INFO - 2021-02-14 19:22:07 --> Controller "App\Controllers\base\Dashboard" loaded.
INFO - 2021-02-14 19:22:14 --> Session: Class initialized using 'CodeIgniter\Session\Handlers\FileHandler' driver.
INFO - 2021-02-14 19:22:14 --> Controller "App\Controllers\base\Dashboard" loaded.
INFO - 2021-02-14 19:22:19 --> Session: Class initialized using 'CodeIgniter\Session\Handlers\FileHandler' driver.
INFO - 2021-02-14 19:22:19 --> Controller "App\Controllers\base\Dashboard" loaded.
INFO - 2021-02-14 19:28:19 --> Controller "App\Controllers\base\Beranda" loaded.
INFO - 2021-02-14 19:28:20 --> Controller "App\Controllers\base\Beranda" loaded.
INFO - 2021-02-14 19:34:25 --> Controller "App\Controllers\base\Beranda" loaded.
INFO - 2021-02-14 19:34:25 --> Controller "App\Controllers\base\Beranda" loaded.
INFO - 2021-02-14 19:43:40 --> Controller "App\Controllers\base\Beranda" loaded.
INFO - 2021-02-14 19:43:41 --> Controller "App\Controllers\base\Beranda" loaded.
INFO - 2021-02-14 19:55:38 --> Controller "App\Controllers\base\Beranda" loaded.
INFO - 2021-02-14 19:55:42 --> Controller "App\Controllers\base\Beranda" loaded.
INFO - 2021-02-14 19:55:42 --> Controller "App\Controllers\base\Beranda" loaded.
INFO - 2021-02-14 19:55:42 --> Controller "App\Controllers\base\Beranda" loaded.
INFO - 2021-02-14 19:55:42 --> Controller "App\Controllers\base\Beranda" loaded.
INFO - 2021-02-14 19:55:42 --> Controller "App\Controllers\base\Beranda" loaded.
INFO - 2021-02-14 19:55:42 --> Controller "App\Controllers\base\Beranda" loaded.
INFO - 2021-02-14 19:55:42 --> Controller "App\Controllers\base\Beranda" loaded.
INFO - 2021-02-14 19:55:42 --> Controller "App\Controllers\base\Beranda" loaded.
INFO - 2021-02-14 19:55:42 --> Controller "App\Controllers\base\Beranda" loaded.
INFO - 2021-02-14 19:55:43 --> Controller "App\Controllers\base\Beranda" loaded.
INFO - 2021-02-14 20:03:46 --> Controller "App\Controllers\base\Beranda" loaded.
INFO - 2021-02-14 20:03:48 --> Controller "App\Controllers\base\Beranda" loaded.
INFO - 2021-02-14 20:03:49 --> Controller "App\Controllers\base\Beranda" loaded.
INFO - 2021-02-14 20:03:49 --> Controller "App\Controllers\base\Beranda" loaded.
INFO - 2021-02-14 20:03:52 --> Controller "App\Controllers\base\Beranda" loaded.
INFO - 2021-02-14 20:03:52 --> Controller "App\Controllers\base\Beranda" loaded.
INFO - 2021-02-14 20:04:50 --> Controller "App\Controllers\base\Beranda" loaded.
INFO - 2021-02-14 20:04:50 --> Controller "App\Controllers\base\Beranda" loaded.
INFO - 2021-02-14 20:04:59 --> Controller "App\Controllers\base\Beranda" loaded.
INFO - 2021-02-14 20:04:59 --> Controller "App\Controllers\base\Beranda" loaded.
INFO - 2021-02-14 20:07:40 --> Controller "App\Controllers\base\Beranda" loaded.
INFO - 2021-02-14 20:07:40 --> Controller "App\Controllers\base\Beranda" loaded.
INFO - 2021-02-14 20:12:10 --> Controller "App\Controllers\base\Beranda" loaded.
INFO - 2021-02-14 20:12:11 --> Controller "App\Controllers\base\Beranda" loaded.
INFO - 2021-02-14 20:18:44 --> Controller "App\Controllers\base\Beranda" loaded.
INFO - 2021-02-14 20:18:45 --> Controller "App\Controllers\base\Beranda" loaded.
INFO - 2021-02-14 20:21:11 --> Controller "App\Controllers\base\Beranda" loaded.
INFO - 2021-02-14 20:21:12 --> Controller "App\Controllers\base\Beranda" loaded.
INFO - 2021-02-14 20:21:13 --> Controller "App\Controllers\base\Beranda" loaded.
INFO - 2021-02-14 20:21:14 --> Controller "App\Controllers\base\Beranda" loaded.
INFO - 2021-02-14 20:21:42 --> Controller "App\Controllers\base\Beranda" loaded.
INFO - 2021-02-14 20:21:43 --> Controller "App\Controllers\base\Beranda" loaded.
INFO - 2021-02-14 20:21:44 --> Controller "App\Controllers\base\Beranda" loaded.
INFO - 2021-02-14 20:21:44 --> Controller "App\Controllers\base\Beranda" loaded.
INFO - 2021-02-14 20:22:53 --> Controller "App\Controllers\base\Beranda" loaded.
INFO - 2021-02-14 20:22:53 --> Controller "App\Controllers\base\Beranda" loaded.
INFO - 2021-02-14 20:29:45 --> Controller "App\Controllers\base\Beranda" loaded.
INFO - 2021-02-14 20:29:59 --> Controller "App\Controllers\base\Beranda" loaded.
INFO - 2021-02-14 20:30:05 --> Controller "App\Controllers\base\Beranda" loaded.
INFO - 2021-02-14 20:30:13 --> Controller "App\Controllers\base\Beranda" loaded.
INFO - 2021-02-14 20:30:14 --> Controller "App\Controllers\base\Beranda" loaded.
INFO - 2021-02-14 20:30:17 --> Controller "App\Controllers\base\Beranda" loaded.
INFO - 2021-02-14 20:30:37 --> Controller "App\Controllers\base\Beranda" loaded.
INFO - 2021-02-14 20:32:42 --> Controller "App\Controllers\base\Beranda" loaded.
INFO - 2021-02-14 20:32:45 --> Controller "App\Controllers\base\Beranda" loaded.
INFO - 2021-02-14 20:32:59 --> Controller "App\Controllers\base\Beranda" loaded.
INFO - 2021-02-14 20:49:28 --> Controller "App\Controllers\base\Beranda" loaded.
INFO - 2021-02-14 20:49:30 --> Controller "App\Controllers\base\Beranda" loaded.
INFO - 2021-02-14 20:53:52 --> Controller "App\Controllers\base\Beranda" loaded.
INFO - 2021-02-14 20:54:08 --> Controller "App\Controllers\base\Beranda" loaded.
INFO - 2021-02-14 20:54:36 --> Session: Class initialized using 'CodeIgniter\Session\Handlers\FileHandler' driver.
INFO - 2021-02-14 20:54:36 --> Controller "App\Controllers\base\Order" loaded.
INFO - 2021-02-14 20:54:37 --> Controller "App\Controllers\base\Beranda" loaded.
INFO - 2021-02-14 20:54:44 --> Controller "App\Controllers\base\Beranda" loaded.
INFO - 2021-02-14 20:54:54 --> Controller "App\Controllers\base\Beranda" loaded.
INFO - 2021-02-14 20:55:59 --> Session: Class initialized using 'CodeIgniter\Session\Handlers\FileHandler' driver.
INFO - 2021-02-14 20:55:59 --> Controller "App\Controllers\base\Order" loaded.
INFO - 2021-02-14 21:32:25 --> Controller "App\Controllers\base\Beranda" loaded.
INFO - 2021-02-14 21:32:26 --> Controller "App\Controllers\base\Beranda" loaded.
INFO - 2021-02-14 21:33:38 --> Controller "App\Controllers\base\Beranda" loaded.
INFO - 2021-02-14 21:33:39 --> Controller "App\Controllers\base\Beranda" loaded.
INFO - 2021-02-14 21:33:41 --> Controller "App\Controllers\base\Beranda" loaded.
INFO - 2021-02-14 21:33:41 --> Controller "App\Controllers\base\Beranda" loaded.
INFO - 2021-02-14 21:35:10 --> Controller "App\Controllers\base\Beranda" INFO - 2021-02-14 22:46:46 --> Session: Class initialized using 'CodeIgniter\Session\Handlers\FileHandler' driver.
INFO - 2021-02-14 22:46:46 --> Controller "App\Controllers\admin\Admin" loaded.
INFO - 2021-02-14 22:46:46 --> Session: Class initialized using 'CodeIgniter\Session\Handlers\FileHandler' driver.
INFO - 2021-02-14 22:46:46 --> Controller "App\Controllers\admin\Admin" loaded.
INFO - 2021-02-14 22:46:51 --> Session: Class initialized using 'CodeIgniter\Session\Handlers\FileHandler' driver.
INFO - 2021-02-14 22:46:51 --> Controller "App\Controllers\admin\Admin" loaded.
INFO - 2021-02-14 22:46:53 --> Session: Class initialized using 'CodeIgniter\Session\Handlers\FileHandler' driver.
INFO - 2021-02-14 22:46:53 --> Controller "App\Controllers\admin\Admin" loaded.
INFO - 2021-02-14 22:47:06 --> Session: Class initialized using 'CodeIgniter\Session\Handlers\FileHandler' driver.
INFO - 2021-02-14 22:47:06 --> Controller "App\Controllers\base\Dashboard" loaded.
INFO - 2021-02-14 22:48:38 --> Controller "App\Controllers\base\Beranda" loaded.
INFO - 2021-02-14 22:48:42 --> Controller "App\Controllers\base\Beranda" loaded.
INFO - 2021-02-14 22:48:42 --> Controller "App\Controllers\base\Beranda" loaded.
INFO - 2021-02-14 22:48:44 --> Controller "App\Controllers\base\Beranda" loaded.
INFO - 2021-02-14 22:48:45 --> Controller "App\Controllers\base\Beranda" loaded.
INFO - 2021-02-14 22:48:48 --> Session: Class initialized using 'CodeIgniter\Session\Handlers\FileHandler' driver.
INFO - 2021-02-14 22:48:48 --> Controller "App\Controllers\base\Order" loaded.
INFO - 2021-02-14 22:48:48 --> Controller "App\Controllers\base\Beranda" loaded.
INFO - 2021-02-14 22:48:51 --> Controller "App\Controllers\base\Beranda" loaded.
INFO - 2021-02-14 22:48:54 --> Controller "App\Controllers\base\Beranda" loaded.
