INFO - 2021-06-30 00:27:04 --> Controller "App\Controllers\base\Beranda" loaded.
INFO - 2021-06-30 00:27:12 --> Session: Class initialized using 'CodeIgniter\Session\Handlers\FileHandler' driver.
INFO - 2021-06-30 00:27:12 --> Controller "App\Controllers\base\Order" loaded.
INFO - 2021-06-30 00:27:12 --> Controller "App\Controllers\base\Beranda" loaded.
INFO - 2021-06-30 00:27:21 --> Session: Class initialized using 'CodeIgniter\Session\Handlers\FileHandler' driver.
INFO - 2021-06-30 00:27:21 --> Controller "App\Controllers\base\Order" loaded.
INFO - 2021-06-30 00:27:26 --> Controller "App\Controllers\base\Beranda" loaded.
INFO - 2021-06-30 00:27:28 --> Controller "App\Controllers\base\Beranda" loaded.
INFO - 2021-06-30 01:07:04 --> Session: Class initialized using 'CodeIgniter\Session\Handlers\FileHandler' driver.
INFO - 2021-06-30 01:07:04 --> Controller "App\Controllers\undangan\Undangan" loaded.
INFO - 2021-06-30 01:40:07 --> Controller "App\Controllers\base\Beranda" loaded.
INFO - 2021-06-30 02:42:24 --> Controller "App\Controllers\base\Beranda" loaded.
INFO - 2021-06-30 02:51:56 --> Controller "App\Controllers\base\Beranda" loaded.
INFO - 2021-06-30 03:19:19 --> Controller "App\Controllers\base\Beranda" loaded.
INFO - 2021-06-30 03:32:07 --> Session: Class initialized using 'CodeIgniter\Session\Handlers\FileHandler' driver.
INFO - 2021-06-30 03:32:07 --> Controller "App\Controllers\bukutamu\Bukutamu" loaded.
INFO - 2021-06-30 03:32:40 --> Session: Class initialized using 'CodeIgniter\Session\Handlers\FileHandler' driver.
INFO - 2021-06-30 03:32:40 --> Controller "App\Controllers\undangan\Undangan" loaded.
INFO - 2021-06-30 03:32:43 --> Session: Class initialized using 'CodeIgniter\Session\Handlers\FileHandler' driver.
INFO - 2021-06-30 03:32:43 --> Controller "App\Controllers\undangan\Undangan" loaded.
INFO - 2021-06-30 03:33:18 --> Controller "App\Controllers\base\Beranda" loaded.
INFO - 2021-06-30 03:42:16 --> Session: Class initialized using 'CodeIgniter\Session\Handlers\FileHandler' driver.
INFO - 2021-06-30 03:42:16 --> Controller "App\Controllers\bukutamu\Bukutamu" loaded.
INFO - 2021-06-30 03:42:46 --> Session: Class initialized using 'CodeIgniter\Session\Handlers\FileHandler' driver.
INFO - 2021-06-30 03:42:46 --> Controller "App\Controllers\bukutamu\Bukutamu" loaded.
INFO - 2021-06-30 03:57:08 --> Session: Class initialized using 'CodeIgniter\Session\Handlers\FileHandler' driver.
INFO - 2021-06-30 03:57:08 --> Controller "App\Controllers\undangan\Undangan" loaded.
INFO - 2021-06-30 04:01:45 --> Controller "App\Controllers\base\Beranda" loaded.
INFO - 2021-06-30 04:02:13 --> Session: Class initialized using 'CodeIgniter\Session\Handlers\FileHandler' driver.
INFO - 2021-06-30 04:02:13 --> Controller "App\Controllers\bukutamu\Bukutamu" loaded.
INFO - 2021-06-30 04:02:39 --> Session: Class initialized using 'CodeIgniter\Session\Handlers\FileHandler' driver.
INFO - 2021-06-30 04:02:39 --> Controller "App\Controllers\bukutamu\Bukutamu" loaded.
INFO - 2021-06-30 04:02:56 --> Session: Class initialized using 'CodeIgniter\Session\Handlers\FileHandler' driver.
INFO - 2021-06-30 04:02:56 --> Controller "App\Controllers\undangan\Undangan" loaded.
INFO - 2021-06-30 04:49:57 --> Controller "App\Controllers\base\Beranda" loaded.
INFO - 2021-06-30 04:49:57 --> Controller "App\Controllers\base\Beranda" loaded.
INFO - 2021-06-30 04:49:57 --> Controller "App\Controllers\base\Beranda" loaded.
INFO - 2021-06-30 04:49:57 --> Controller "App\Controllers\base\Beranda" loaded.
INFO - 2021-06-30 04:50:02 --> Controller "App\Controllers\base\Beranda" loaded.
INFO - 2021-06-30 04:50:08 --> Controller "App\Controllers\base\Beranda" loaded.
INFO - 2021-06-30 04:50:08 --> Controller "App\Controllers\base\Beranda" loaded.
INFO - 2021-06-30 04:50:08 --> Controller "App\Controllers\base\Beranda" loaded.
INFO - 2021-06-30 04:50:13 --> Controller "App\Controllers\base\Beranda" loaded.
INFO - 2021-06-30 05:30:07 --> Controller "App\Controllers\base\Beranda" loaded.
INFO - 2021-06-30 05:30:40 --> Controller "App\Controllers\base\Beranda" loaded.
INFO - 2021-06-30 05:31:13 --> Controller "App\Controllers\base\Beranda" loaded.
INFO - 2021-06-30 05:31:13 --> Controller "App\Controllers\base\Beranda" loaded.
INFO - 2021-06-30 05:31:52 --> Session: Class initialized using 'CodeIgniter\Session\Handlers\FileHandler' driver.
INFO - 2021-06-30 05:31:52 --> Controller "App\Controllers\base\Order" loaded.
INFO - 2021-06-30 05:31:53 --> Controller "App\Controllers\base\Beranda" loaded.
INFO - 2021-06-30 05:32:06 --> Controller "App\Controllers\base\Beranda" loaded.
INFO - 2021-06-30 05:32:13 --> Controller "App\Controllers\base\Beranda" loaded.
INFO - 2021-06-30 05:32:57 --> Controller "App\Controllers\base\Beranda" loaded.
INFO - 2021-06-30 05:32:58 --> Controller "App\Controllers\base\Beranda" loaded.
INFO - 2021-06-30 05:33:19 --> Session: Class initialized using 'CodeIgniter\Session\Handlers\FileHandler' driver.
INFO - 2021-06-30 05:33:19 --> Controller "App\Controllers\bukutamu\Bukutamu" loaded.
INFO - 2021-06-30 05:34:02 --> Session: Class initialized using 'CodeIgniter\Session\Handlers\FileHandler' driver.
INFO - 2021-06-30 05:34:02 --> Controller "App\Controllers\undangan\Undangan" loaded.
INFO - 2021-06-30 05:37:53 --> Controller "App\Controllers\base\Beranda" loaded.
INFO - 2021-06-30 05:38:13 --> Session: Class initialized using 'CodeIgniter\Session\Handlers\FileHandler' driver.
INFO - 2021-06-30 05:38:13 --> Controller "App\Controllers\bukutamu\Bukutamu" loaded.
INFO - 2021-06-30 05:38:26 --> Session: Class initialized using 'CodeIgniter\Session\Handlers\FileHandler' driver.
INFO - 2021-06-30 05:38:26 --> Controller "App\Controllers\undangan\Undangan" loaded.
INFO - 2021-06-30 05:38:32 --> Session: Class initialized using 'CodeIgniter\Session\Handlers\FileHandler' driver.
INFO - 2021-06-30 05:38:32 --> Controller "App\Controllers\undangan\Undangan" loaded.
INFO - 2021-06-30 05:55:19 --> Session: Class initialized using 'CodeIgniter\Session\Handlers\FileHandler' driver.
INFO - 2021-06-30 05:55:19 --> Controller "App\Controllers\undangan\Undangan" loaded.
INFO - 2021-06-30 05:55:19 --> Session: Class initialized using 'CodeIgniter\Session\Handlers\FileHandler' driver.
INFO - 2021-06-30 05:55:19 --> Controller "App\Controllers\bukutamu\Bukutamu" loaded.
INFO - 2021-06-30 05:55:19 --> Controller "App\Controllers\base\Beranda" loaded.
INFO - 2021-06-30 05:58:20 --> Session: Class initialized using 'CodeIgniter\Session\Handlers\FileHandler' driver.
INFO - 2021-06-30 05:58:20 --> Controller "App\Controllers\undangan\Undangan" loaded.
INFO - 2021-06-30 05:59:28 --> Controller "App\Controllers\base\Beranda" loaded.
INFO - 2021-06-30 05:59:35 --> Session: Class initialized using 'CodeIgniter\Session\Handlers\FileHandler' driver.
INFO - 2021-06-30 05:59:35 --> Controller "App\Controllers\base\Order" loaded.
INFO - 2021-06-30 05:59:36 --> Controller "App\Controllers\base\Beranda" loaded.
INFO - 2021-06-30 06:00:11 --> Session: Class initialized using 'CodeIgniter\Session\Handlers\FileHandler' driver.
INFO - 2021-06-30 06:00:11 --> Controller "App\Controllers\base\Order" loaded.
INFO - 2021-06-30 06:00:21 --> Controller "App\Controllers\base\Beranda" loaded.
INFO - 2021-06-30 06:00:25 --> Controller "App\Controllers\base\Beranda" loaded.
INFO - 2021-06-30 06:00:32 --> Session: Class initialized using 'CodeIgniter\Session\Handlers\FileHandler' driver.
INFO - 2021-06-30 06:00:32 --> Controller "App\Controllers\bukutamu\Bukutamu" loaded.
INFO - 2021-06-30 06:01:07 --> Session: Class initialized using 'CodeIgniter\Session\Handlers\FileHandler' driver.
INFO - 2021-06-30 06:01:07 --> Controller "App\Controllers\bukutamu\Bukutamu" loaded.
INFO - 2021-06-30 06:12:20 --> Session: Class initialized using 'CodeIgniter\Session\Handlers\FileHandler' driver.
INFO - 2021-06-30 06:12:20 --> Controller "App\Controllers\bukutamu\Bukutamu" loaded.
INFO - 2021-06-30 06:12:53 --> Session: Class initialized using 'CodeIgniter\Session\Handlers\FileHandler' driver.
INFO - 2021-06-30 06:12:53 --> Controller "App\Controllers\undangan\Undangan" loaded.
INFO - 2021-06-30 06:13:20 --> Session: Class initialized using 'CodeIgniter\Session\Handlers\FileHandler' driver.
INFO - 2021-06-30 06:13:20 --> Controller "App\Controllers\bukutamu\Bukutamu" loaded.
INFO - 2021-06-30 06:13:34 --> Session: Class initialized using 'CodeIgniter\Session\Handlers\FileHandler' driver.
INFO - 2021-06-30 06:13:34 --> Controller "App\Controllers\bukutamu\Bukutamu" loaded.
INFO - 2021-06-30 06:13:34 --> Session: Class initialized using 'CodeIgniter\Session\Handlers\FileHandler' driver.
INFO - 2021-06-30 06:13:34 --> Controller "App\Controllers\bukutamu\Bukutamu" loaded.
INFO - 2021-06-30 06:54:34 --> Controller "App\Controllers\base\Beranda" loaded.
INFO - 2021-06-30 06:58:22 --> Session: Class initialized using 'CodeIgniter\Session\Handlers\FileHandler' driver.
INFO - 2021-06-30 06:58:22 --> Controller "App\Controllers\undangan\Undangan" loaded.
INFO - 2021-06-30 06:58:27 --> Session: Class initialized using 'CodeIgniter\Session\Handlers\FileHandler' driver.
INFO - 2021-06-30 06:58:27 --> Controller "App\Controllers\bukutamu\Bukutamu" loaded.
INFO - 2021-06-30 07:04:52 --> Session: Class initialized using 'CodeIgniter\Session\Handlers\FileHandler' driver.
INFO - 2021-06-30 07:04:52 --> Controller "App\Controllers\bukutamu\Bukutamu" loaded.
INFO - 2021-06-30 07:05:47 --> Session: Class initialized using 'CodeIgniter\Session\Handlers\FileHandler' driver.
INFO - 2021-06-30 07:05:47 --> Controller "App\Controllers\undangan\Undangan" loaded.
INFO - 2021-06-30 07:06:15 --> Session: Class initialized using 'CodeIgniter\Session\Handlers\FileHandler' driver.
INFO - 2021-06-30 07:06:15 --> Controller "App\Controllers\undangan\Undangan" loaded.
INFO - 2021-06-30 07:07:02 --> Controller "App\Controllers\base\Beranda" loaded.
INFO - 2021-06-30 07:22:05 --> Session: Class initialized using 'CodeIgniter\Session\Handlers\FileHandler' driver.
INFO - 2021-06-30 07:22:05 --> Controller "App\Controllers\undangan\Undangan" loaded.
INFO - 2021-06-30 08:06:31 --> Controller "App\Controllers\base\Beranda" loaded.
INFO - 2021-06-30 08:30:12 --> Session: Class initialized using 'CodeIgniter\Session\Handlers\FileHandler' driver.
INFO - 2021-06-30 08:30:12 --> Controller "App\Controllers\undangan\Undangan" loaded.
INFO - 2021-06-30 08:44:17 --> Session: Class initialized using 'CodeIgniter\Session\Handlers\FileHandler' driver.
INFO - 2021-06-30 08:44:17 --> Controller "App\Controllers\undangan\Undangan" loaded.
INFO - 2021-06-30 08:44:20 --> Session: Class initialized using 'CodeIgniter\Session\Handlers\FileHandler' driver.
INFO - 2021-06-30 08:44:20 --> Controller "App\Controllers\undangan\Undangan" loaded.
INFO - 2021-06-30 08:44:24 --> Session: Class initialized using 'CodeIgniter\Session\Handlers\FileHandler' driver.
INFO - 2021-06-30 08:44:24 --> Controller "App\Controllers\undangan\Undangan" loaded.
INFO - 2021-06-30 08:46:43 --> Controller "App\Controllers\base\Beranda" loaded.
INFO - 2021-06-30 09:09:26 --> Session: Class initialized using 'CodeIgniter\Session\Handlers\FileHandler' driver.
INFO - 2021-06-30 09:09:26 --> Controller "App\Controllers\undangan\Undangan" loaded.
INFO - 2021-06-30 09:09:26 --> Session: Class initialized using 'CodeIgniter\Session\Handlers\FileHandler' driver.
INFO - 2021-06-30 09:09:26 --> Controller "App\Controllers\bukutamu\Bukutamu" loaded.
INFO - 2021-06-30 09:09:26 --> Controller "App\Controllers\base\Beranda" loaded.
INFO - 2021-06-30 09:14:22 --> Session: Class initialized using 'CodeIgniter\Session\Handlers\FileHandler' driver.
INFO - 2021-06-30 09:14:22 --> Controller "App\Controllers\undangan\Undangan" loaded.
INFO - 2021-06-30 09:15:05 --> Session: Class initialized using 'CodeIgniter\Session\Handlers\FileHandler' driver.
INFO - 2021-06-30 09:15:05 --> Controller "App\Controllers\undangan\Undangan" loaded.
INFO - 2021-06-30 09:26:10 --> Controller "App\Controllers\base\Beranda" loaded.
INFO - 2021-06-30 09:44:38 --> Controller "App\Controllers\base\Beranda" loaded.
INFO - 2021-06-30 09:52:32 --> Controller "App\Controllers\base\Beranda" loaded.
INFO - 2021-06-30 09:53:21 --> Controller "App\Controllers\base\Beranda" loaded.
INFO - 2021-06-30 09:53:27 --> Controller "App\Controllers\base\Beranda" loaded.
INFO - 2021-06-30 09:53:27 --> Controller "App\Controllers\base\Beranda" loaded.
INFO - 2021-06-30 09:53:29 --> Controller "App\Controllers\base\Beranda" loaded.
INFO - 2021-06-30 09:53:34 --> Controller "App\Controllers\base\Beranda" loaded.
INFO - 2021-06-30 09:53:35 --> Controller "App\Controllers\base\Beranda" loaded.
INFO - 2021-06-30 09:53:41 --> Controller "App\Controllers\base\Beranda" loaded.
INFO - 2021-06-30 09:54:08 --> Controller "App\Controllers\base\Beranda" loaded.
INFO - 2021-06-30 09:54:17 --> Controller "App\Controllers\base\Beranda" loaded.
INFO - 2021-06-30 10:08:09 --> Controller "App\Controllers\base\Beranda" loaded.
INFO - 2021-06-30 10:08:19 --> Controller "App\Controllers\base\Beranda" loaded.
INFO - 2021-06-30 10:09:07 --> Controller "App\Controllers\base\Beranda" loaded.
INFO - 2021-06-30 10:09:18 --> Session: Class initialized using 'CodeIgniter\Session\Handlers\FileHandler' driver.
INFO - 2021-06-30 10:09:18 --> Controller "App\Controllers\bukutamu\Bukutamu" loaded.
INFO - 2021-06-30 10:24:09 --> Session: Class initialized using 'CodeIgniter\Session\Handlers\FileHandler' driver.
INFO - 2021-06-30 10:24:09 --> Controller "App\Controllers\bukutamu\Bukutamu" loaded.
INFO - 2021-06-30 10:24:36 --> Session: Class initialized using 'CodeIgniter\Session\Handlers\FileHandler' driver.
INFO - 2021-06-30 10:24:36 --> Controller "App\Controllers\undangan\Undangan" loaded.
INFO - 2021-06-30 11:00:08 --> Controller "App\Controllers\base\Beranda" loaded.
INFO - 2021-06-30 11:22:39 --> Session: Class initialized using 'CodeIgniter\Session\Handlers\FileHandler' driver.
INFO - 2021-06-30 11:22:39 --> Controller "App\Controllers\base\Order" loaded.
INFO - 2021-06-30 11:22:40 --> Controller "App\Controllers\base\Beranda" loaded.
INFO - 2021-06-30 11:41:06 --> Controller "App\Controllers\base\Beranda" loaded.
INFO - 2021-06-30 11:41:06 --> Session: Class initialized using 'CodeIgniter\Session\Handlers\FileHandler' driver.
INFO - 2021-06-30 11:41:06 --> Controller "App\Controllers\bukutamu\Bukutamu" loaded.
INFO - 2021-06-30 11:41:06 --> Session: Class initialized using 'CodeIgniter\Session\Handlers\FileHandler' driver.
INFO - 2021-06-30 11:41:06 --> Controller "App\Controllers\bukutamu\Bukutamu" loaded.
INFO - 2021-06-30 11:41:07 --> Controller "App\Controllers\base\Beranda" loaded.
INFO - 2021-06-30 11:41:07 --> Session: Class initialized using 'CodeIgniter\Session\Handlers\FileHandler' driver.
INFO - 2021-06-30 11:41:07 --> Session: Class initialized using 'CodeIgniter\Session\Handlers\FileHandler' driver.
INFO - 2021-06-30 11:41:07 --> Controller "App\Controllers\undangan\Undangan" loaded.
INFO - 2021-06-30 11:41:07 --> Controller "App\Controllers\undangan\Undangan" loaded.
INFO - 2021-06-30 11:59:34 --> Controller "App\Controllers\base\Beranda" loaded.
INFO - 2021-06-30 11:59:58 --> Session: Class initialized using 'CodeIgniter\Session\Handlers\FileHandler' driver.
INFO - 2021-06-30 11:59:58 --> Controller "App\Controllers\undangan\Undangan" loaded.
INFO - 2021-06-30 12:00:00 --> Session: Class initialized using 'CodeIgniter\Session\Handlers\FileHandler' driver.
INFO - 2021-06-30 12:00:00 --> Controller "App\Controllers\undangan\Undangan" loaded.
INFO - 2021-06-30 12:15:48 --> Session: Class initialized using 'CodeIgniter\Session\Handlers\FileHandler' driver.
INFO - 2021-06-30 12:15:48 --> Controller "App\Controllers\undangan\Undangan" loaded.
INFO - 2021-06-30 13:37:36 --> Controller "App\Controllers\base\Beranda" loaded.
INFO - 2021-06-30 13:37:40 --> Session: Class initialized using 'CodeIgniter\Session\Handlers\FileHandler' driver.
INFO - 2021-06-30 13:37:40 --> Controller "App\Controllers\base\Order" loaded.
INFO - 2021-06-30 13:37:40 --> Controller "App\Controllers\base\Beranda" loaded.
INFO - 2021-06-30 13:37:57 --> Controller "App\Controllers\base\Beranda" loaded.
INFO - 2021-06-30 13:54:40 --> Controller "App\Controllers\base\Beranda" loaded.
INFO - 2021-06-30 13:55:36 --> Controller "App\Controllers\base\Beranda" loaded.
INFO - 2021-06-30 14:15:04 --> Session: Class initialized using 'CodeIgniter\Session\Handlers\FileHandler' driver.
INFO - 2021-06-30 14:15:04 --> Controller "App\Controllers\base\Order" loaded.
INFO - 2021-06-30 14:15:06 --> Controller "App\Controllers\base\Beranda" loaded.
INFO - 2021-06-30 14:20:28 --> Controller "App\Controllers\base\Beranda" loaded.
INFO - 2021-06-30 14:20:28 --> Session: Class initialized using 'CodeIgniter\Session\Handlers\FileHandler' driver.
INFO - 2021-06-30 14:20:28 --> Controller "App\Controllers\bukutamu\Bukutamu" loaded.
INFO - 2021-06-30 14:46:15 --> Controller "App\Controllers\base\Beranda" loaded.
INFO - 2021-06-30 14:46:16 --> Controller "App\Controllers\base\Beranda" loaded.
INFO - 2021-06-30 14:46:16 --> Controller "App\Controllers\base\Beranda" loaded.
INFO - 2021-06-30 14:46:16 --> Controller "App\Controllers\base\Beranda" loaded.
INFO - 2021-06-30 15:10:47 --> Controller "App\Controllers\base\Beranda" loaded.
INFO - 2021-06-30 15:14:33 --> Session: Class initialized using 'CodeIgniter\Session\Handlers\FileHandler' driver.
INFO - 2021-06-30 15:14:33 --> Controller "App\Controllers\undangan\Undangan" loaded.
INFO - 2021-06-30 15:16:09 --> Session: Class initialized using 'CodeIgniter\Session\Handlers\FileHandler' driver.
INFO - 2021-06-30 15:16:09 --> Controller "App\Controllers\undangan\Undangan" loaded.
INFO - 2021-06-30 15:16:09 --> Session: Class initialized using 'CodeIgniter\Session\Handlers\FileHandler' driver.
INFO - 2021-06-30 15:16:09 --> Controller "App\Controllers\undangan\Undangan" loaded.
INFO - 2021-06-30 15:16:09 --> Session: Class initialized using 'CodeIgniter\Session\Handlers\FileHandler' driver.
INFO - 2021-06-30 15:16:09 --> Controller "App\Controllers\undangan\Undangan" loaded.
INFO - 2021-06-30 15:16:15 --> Session: Class initialized using 'CodeIgniter\Session\Handlers\FileHandler' driver.
INFO - 2021-06-30 15:16:15 --> Controller "App\Controllers\undangan\Undangan" loaded.
INFO - 2021-06-30 15:16:47 --> Session: Class initialized using 'CodeIgniter\Session\Handlers\FileHandler' driver.
INFO - 2021-06-30 15:16:47 --> Controller "App\Controllers\bukutamu\Bukutamu" loaded.
INFO - 2021-06-30 15:18:04 --> Controller "App\Controllers\base\Beranda" loaded.
INFO - 2021-06-30 15:18:14 --> Session: Class initialized using 'CodeIgniter\Session\Handlers\FileHandler' driver.
INFO - 2021-06-30 15:18:14 --> Controller "App\Controllers\base\Order" loaded.
INFO - 2021-06-30 15:18:16 --> Controller "App\Controllers\base\Beranda" loaded.
INFO - 2021-06-30 15:19:03 --> Session: Class initialized using 'CodeIgniter\Session\Handlers\FileHandler' driver.
INFO - 2021-06-30 15:19:03 --> Controller "App\Controllers\base\Order" loaded.
INFO - 2021-06-30 15:19:22 --> Controller "App\Controllers\base\Beranda" loaded.
INFO - 2021-06-30 15:21:26 --> Controller "App\Controllers\base\Beranda" loaded.
INFO - 2021-06-30 15:21:40 --> Controller "App\Controllers\base\Beranda" loaded.
INFO - 2021-06-30 15:22:05 --> Controller "App\Controllers\base\Beranda" loaded.
INFO - 2021-06-30 15:22:48 --> Controller "App\Controllers\base\Beranda" loaded.
INFO - 2021-06-30 15:23:16 --> Controller "App\Controllers\base\Beranda" loaded.
INFO - 2021-06-30 15:24:12 --> Controller "App\Controllers\base\Beranda" loaded.
INFO - 2021-06-30 15:24:12 --> Controller "App\Controllers\base\Beranda" loaded.
INFO - 2021-06-30 15:24:12 --> Controller "App\Controllers\base\Beranda" loaded.
INFO - 2021-06-30 15:24:34 --> Controller "App\Controllers\base\Beranda" loaded.
INFO - 2021-06-30 15:25:00 --> Controller "App\Controllers\base\Beranda" loaded.
INFO - 2021-06-30 15:25:12 --> Controller "App\Controllers\base\Beranda" loaded.
INFO - 2021-06-30 15:27:49 --> Controller "App\Controllers\base\Beranda" loaded.
INFO - 2021-06-30 15:27:49 --> Controller "App\Controllers\base\Beranda" loaded.
INFO - 2021-06-30 15:27:49 --> Controller "App\Controllers\base\Beranda" loaded.
INFO - 2021-06-30 15:41:03 --> Controller "App\Controllers\base\Beranda" loaded.
INFO - 2021-06-30 16:01:42 --> Controller "App\Controllers\base\Beranda" loaded.
INFO - 2021-06-30 16:02:07 --> Controller "App\Controllers\base\Beranda" loaded.
INFO - 2021-06-30 16:03:39 --> Controller "App\Controllers\base\Beranda" loaded.
INFO - 2021-06-30 16:03:57 --> Controller "App\Controllers\base\Beranda" loaded.
INFO - 2021-06-30 16:06:41 --> Controller "App\Controllers\base\Beranda" loaded.
INFO - 2021-06-30 16:06:49 --> Controller "App\Controllers\base\Beranda" loaded.
INFO - 2021-06-30 16:07:25 --> Controller "App\Controllers\base\Beranda" loaded.
INFO - 2021-06-30 16:07:52 --> Controller "App\Controllers\base\Beranda" loaded.
INFO - 2021-06-30 16:09:09 --> Controller "App\Controllers\base\Beranda" loaded.
INFO - 2021-06-30 16:09:26 --> Controller "App\Controllers\base\Beranda" loaded.
INFO - 2021-06-30 16:09:37 --> Controller "App\Controllers\base\Beranda" loaded.
INFO - 2021-06-30 16:10:41 --> Controller "App\Controllers\base\Beranda" loaded.
INFO - 2021-06-30 16:10:41 --> Controller "App\Controllers\base\Beranda" loaded.
INFO - 2021-06-30 16:10:41 --> Controller "App\Controllers\base\Beranda" loaded.
INFO - 2021-06-30 16:10:43 --> Controller "App\Controllers\base\Beranda" loaded.
INFO - 2021-06-30 16:11:37 --> Controller "App\Controllers\base\Beranda" loaded.
INFO - 2021-06-30 16:12:52 --> Controller "App\Controllers\base\Beranda" loaded.
INFO - 2021-06-30 16:32:25 --> Controller "App\Controllers\base\Beranda" loaded.
INFO - 2021-06-30 16:32:42 --> Controller "App\Controllers\base\Beranda" loaded.
INFO - 2021-06-30 16:51:45 --> Session: Class initialized using 'CodeIgniter\Session\Handlers\FileHandler' driver.
INFO - 2021-06-30 16:51:45 --> Controller "App\Controllers\undangan\Undangan" loaded.
INFO - 2021-06-30 16:51:50 --> Session: Class initialized using 'CodeIgniter\Session\Handlers\FileHandler' driver.
INFO - 2021-06-30 16:51:50 --> Controller "App\Controllers\undangan\Undangan" loaded.
INFO - 2021-06-30 16:51:51 --> Session: Class initialized using 'CodeIgniter\Session\Handlers\FileHandler' driver.
INFO - 2021-06-30 16:51:51 --> Controller "App\Controllers\undangan\Undangan" loaded.
INFO - 2021-06-30 16:52:48 --> Controller "App\Controllers\base\Beranda" loaded.
INFO - 2021-06-30 16:53:07 --> Session: Class initialized using 'CodeIgniter\Session\Handlers\FileHandler' driver.
INFO - 2021-06-30 16:53:07 --> Controller "App\Controllers\base\Order" loaded.
INFO - 2021-06-30 16:53:11 --> Controller "App\Controllers\base\Beranda" loaded.
INFO - 2021-06-30 16:53:37 --> Session: Class initialized using 'CodeIgniter\Session\Handlers\FileHandler' driver.
INFO - 2021-06-30 16:53:37 --> Controller "App\Controllers\undangan\Undangan" loaded.
INFO - 2021-06-30 16:57:00 --> Controller "App\Controllers\base\Beranda" loaded.
INFO - 2021-06-30 16:57:16 --> Controller "App\Controllers\base\Beranda" loaded.
INFO - 2021-06-30 17:06:08 --> Controller "App\Controllers\base\Beranda" loaded.
INFO - 2021-06-30 17:06:22 --> Session: Class initialized using 'CodeIgniter\Session\Handlers\FileHandler' driver.
INFO - 2021-06-30 17:06:22 --> Controller "App\Controllers\undangan\Undangan" loaded.
INFO - 2021-06-30 17:30:40 --> Controller "App\Controllers\base\Beranda" loaded.
INFO - 2021-06-30 17:38:48 --> Controller "App\Controllers\base\Beranda" loaded.
INFO - 2021-06-30 17:39:22 --> Controller "App\Controllers\base\Beranda" loaded.
INFO - 2021-06-30 17:39:22 --> Controller "App\Controllers\base\Beranda" loaded.
INFO - 2021-06-30 17:39:22 --> Controller "App\Controllers\base\Beranda" loaded.
INFO - 2021-06-30 17:48:23 --> Controller "App\Controllers\base\Beranda" loaded.
INFO - 2021-06-30 17:48:31 --> Controller "App\Controllers\base\Beranda" loaded.
INFO - 2021-06-30 17:51:32 --> Controller "App\Controllers\base\Beranda" loaded.
INFO - 2021-06-30 17:51:32 --> Controller "App\Controllers\base\Beranda" loaded.
INFO - 2021-06-30 17:51:32 --> Session: Class initialized using 'CodeIgniter\Session\Handlers\FileHandler' driver.
INFO - 2021-06-30 17:51:32 --> Controller "App\Controllers\bukutamu\Bukutamu" loaded.
INFO - 2021-06-30 17:51:32 --> Session: Class initialized using 'CodeIgniter\Session\Handlers\FileHandler' driver.
INFO - 2021-06-30 17:51:32 --> Controller "App\Controllers\undangan\Undangan" loaded.
INFO - 2021-06-30 17:51:32 --> Session: Class initialized using 'CodeIgniter\Session\Handlers\FileHandler' driver.
INFO - 2021-06-30 17:51:32 --> Controller "App\Controllers\undangan\Undangan" loaded.
INFO - 2021-06-30 17:51:33 --> Session: Class initialized using 'CodeIgniter\Session\Handlers\FileHandler' driver.
INFO - 2021-06-30 17:51:33 --> Controller "App\Controllers\bukutamu\Bukutamu" loaded.
INFO - 2021-06-30 17:51:44 --> Session: Class initialized using 'CodeIgniter\Session\Handlers\FileHandler' driver.
INFO - 2021-06-30 17:51:44 --> Controller "App\Controllers\undangan\Undangan" loaded.
INFO - 2021-06-30 18:18:37 --> Controller "App\Controllers\base\Beranda" loaded.
INFO - 2021-06-30 18:37:17 --> Session: Class initialized using 'CodeIgniter\Session\Handlers\FileHandler' driver.
INFO - 2021-06-30 18:37:17 --> Controller "App\Controllers\undangan\Undangan" loaded.
INFO - 2021-06-30 19:28:24 --> Controller "App\Controllers\base\Beranda" loaded.
INFO - 2021-06-30 19:52:34 --> Controller "App\Controllers\base\Beranda" loaded.
INFO - 2021-06-30 20:28:44 --> Controller "App\Controllers\base\Beranda" loaded.
INFO - 2021-06-30 20:33:11 --> Session: Class initialized using 'CodeIgniter\Session\Handlers\FileHandler' driver.
INFO - 2021-06-30 20:33:11 --> Controller "App\Controllers\undangan\Undangan" loaded.
INFO - 2021-06-30 20:33:37 --> Session: Class initialized using 'CodeIgniter\Session\Handlers\FileHandler' driver.
INFO - 2021-06-30 20:33:37 --> Controller "App\Controllers\undangan\Undangan" loaded.
INFO - 2021-06-30 20:51:03 --> Controller "App\Controllers\base\Beranda" loaded.
INFO - 2021-06-30 20:51:52 --> Controller "App\Controllers\base\Beranda" loaded.
INFO - 2021-06-30 20:53:12 --> Controller "App\Controllers\base\Beranda" loaded.
INFO - 2021-06-30 21:20:34 --> Controller "App\Controllers\base\Beranda" loaded.
INFO - 2021-06-30 21:36:56 --> Controller "App\Controllers\base\Beranda" loaded.
INFO - 2021-06-30 21:45:15 --> Controller "App\Controllers\base\Beranda" loaded.
INFO - 2021-06-30 22:04:40 --> Controller "App\Controllers\base\Beranda" loaded.
INFO - 2021-06-30 22:23:47 --> Controller "App\Controllers\base\Beranda" loaded.
INFO - 2021-06-30 22:24:09 --> Session: Class initialized using 'CodeIgniter\Session\Handlers\FileHandler' driver.
INFO - 2021-06-30 22:24:09 --> Controller "App\Controllers\undangan\Undangan" loaded.
INFO - 2021-06-30 22:28:06 --> Controller "App\Controllers\base\Beranda" loaded.
INFO - 2021-06-30 23:10:05 --> Controller "App\Controllers\base\Beranda" loaded.
INFO - 2021-06-30 23:10:13 --> Session: Class initialized using 'CodeIgniter\Session\Handlers\FileHandler' driver.
INFO - 2021-06-30 23:10:13 --> Controller "App\Controllers\base\Order" loaded.
INFO - 2021-06-30 23:10:14 --> Controller "App\Controllers\base\Beranda" loaded.
INFO - 2021-06-30 23:10:27 --> Controller "App\Controllers\base\Beranda" loaded.
INFO - 2021-06-30 23:11:21 --> Controller "App\Controllers\base\Beranda" loaded.
INFO - 2021-06-30 23:11:23 --> Controller "App\Controllers\base\Beranda" loaded.
INFO - 2021-06-30 23:42:24 --> Controller "App\Controllers\base\Beranda" loaded.
