INFO - 2021-09-17 00:52:37 --> Controller "App\Controllers\base\Beranda" loaded.
INFO - 2021-09-17 01:05:40 --> Controller "App\Controllers\base\Beranda" loaded.
INFO - 2021-09-17 01:31:10 --> Controller "App\Controllers\base\Beranda" loaded.
INFO - 2021-09-17 01:31:23 --> Controller "App\Controllers\base\Beranda" loaded.
INFO - 2021-09-17 01:31:32 --> Controller "App\Controllers\base\Beranda" loaded.
INFO - 2021-09-17 01:31:50 --> Controller "App\Controllers\base\Beranda" loaded.
INFO - 2021-09-17 01:33:47 --> Controller "App\Controllers\base\Beranda" loaded.
INFO - 2021-09-17 01:33:47 --> Controller "App\Controllers\base\Beranda" loaded.
INFO - 2021-09-17 01:33:47 --> Controller "App\Controllers\base\Beranda" loaded.
INFO - 2021-09-17 01:33:49 --> Controller "App\Controllers\base\Beranda" loaded.
INFO - 2021-09-17 01:34:04 --> Controller "App\Controllers\base\Beranda" loaded.
INFO - 2021-09-17 01:34:55 --> Controller "App\Controllers\base\Beranda" loaded.
INFO - 2021-09-17 02:35:42 --> Controller "App\Controllers\base\Beranda" loaded.
INFO - 2021-09-17 02:35:42 --> Controller "App\Controllers\base\Beranda" loaded.
INFO - 2021-09-17 03:34:07 --> Session: Class initialized using 'CodeIgniter\Session\Handlers\FileHandler' driver.
INFO - 2021-09-17 03:34:07 --> Controller "App\Controllers\admin\Admin" loaded.
INFO - 2021-09-17 03:54:18 --> Session: Class initialized using 'CodeIgniter\Session\Handlers\FileHandler' driver.
INFO - 2021-09-17 03:54:18 --> Controller "App\Controllers\base\Order" loaded.
INFO - 2021-09-17 04:04:54 --> Controller "App\Controllers\base\Beranda" loaded.
INFO - 2021-09-17 04:55:37 --> Session: Class initialized using 'CodeIgniter\Session\Handlers\FileHandler' driver.
INFO - 2021-09-17 04:55:37 --> Controller "App\Controllers\undangan\Undangan" loaded.
INFO - 2021-09-17 04:56:15 --> Controller "App\Controllers\base\Beranda" loaded.
INFO - 2021-09-17 05:26:14 --> Controller "App\Controllers\base\Beranda" loaded.
INFO - 2021-09-17 06:08:33 --> Session: Class initialized using 'CodeIgniter\Session\Handlers\FileHandler' driver.
INFO - 2021-09-17 06:08:33 --> Controller "App\Controllers\bukutamu\Bukutamu" loaded.
INFO - 2021-09-17 06:09:11 --> Controller "App\Controllers\base\Beranda" loaded.
INFO - 2021-09-17 06:09:47 --> Controller "App\Controllers\base\Beranda" loaded.
INFO - 2021-09-17 06:10:38 --> Controller "App\Controllers\base\Beranda" loaded.
INFO - 2021-09-17 06:10:38 --> Controller "App\Controllers\base\Beranda" loaded.
INFO - 2021-09-17 06:10:38 --> Controller "App\Controllers\base\Beranda" loaded.
INFO - 2021-09-17 06:11:30 --> Controller "App\Controllers\base\Beranda" loaded.
INFO - 2021-09-17 06:12:04 --> Session: Class initialized using 'CodeIgniter\Session\Handlers\FileHandler' driver.
INFO - 2021-09-17 06:12:04 --> Controller "App\Controllers\base\Order" loaded.
INFO - 2021-09-17 06:12:04 --> Controller "App\Controllers\base\Beranda" loaded.
INFO - 2021-09-17 06:12:12 --> Session: Class initialized using 'CodeIgniter\Session\Handlers\FileHandler' driver.
INFO - 2021-09-17 06:12:12 --> Controller "App\Controllers\base\Order" loaded.
INFO - 2021-09-17 06:13:18 --> Controller "App\Controllers\base\Beranda" loaded.
INFO - 2021-09-17 06:13:33 --> Controller "App\Controllers\base\Beranda" loaded.
INFO - 2021-09-17 06:13:48 --> Controller "App\Controllers\base\Beranda" loaded.
INFO - 2021-09-17 07:00:02 --> Controller "App\Controllers\base\Beranda" loaded.
INFO - 2021-09-17 07:10:03 --> Controller "App\Controllers\base\Beranda" loaded.
INFO - 2021-09-17 07:20:02 --> Controller "App\Controllers\base\Beranda" loaded.
INFO - 2021-09-17 07:30:02 --> Controller "App\Controllers\base\Beranda" loaded.
INFO - 2021-09-17 07:40:02 --> Controller "App\Controllers\base\Beranda" loaded.
INFO - 2021-09-17 07:50:03 --> Controller "App\Controllers\base\Beranda" loaded.
INFO - 2021-09-17 08:00:03 --> Controller "App\Controllers\base\Beranda" loaded.
INFO - 2021-09-17 08:10:03 --> Controller "App\Controllers\base\Beranda" loaded.
INFO - 2021-09-17 08:20:02 --> Controller "App\Controllers\base\Beranda" loaded.
INFO - 2021-09-17 08:28:38 --> Controller "App\Controllers\base\Beranda" loaded.
INFO - 2021-09-17 08:28:59 --> Controller "App\Controllers\base\Beranda" loaded.
INFO - 2021-09-17 08:30:03 --> Controller "App\Controllers\base\Beranda" loaded.
INFO - 2021-09-17 08:30:03 --> Controller "App\Controllers\base\Beranda" loaded.
INFO - 2021-09-17 08:30:20 --> Controller "App\Controllers\base\Beranda" loaded.
INFO - 2021-09-17 08:31:49 --> Controller "App\Controllers\base\Beranda" loaded.
INFO - 2021-09-17 08:35:47 --> Controller "App\Controllers\base\Beranda" loaded.
INFO - 2021-09-17 08:37:58 --> Controller "App\Controllers\base\Beranda" loaded.
INFO - 2021-09-17 08:40:03 --> Controller "App\Controllers\base\Beranda" loaded.
INFO - 2021-09-17 08:50:02 --> Controller "App\Controllers\base\Beranda" loaded.
INFO - 2021-09-17 08:51:35 --> Controller "App\Controllers\base\Beranda" loaded.
INFO - 2021-09-17 08:51:37 --> Controller "App\Controllers\base\Beranda" loaded.
INFO - 2021-09-17 09:00:03 --> Controller "App\Controllers\base\Beranda" loaded.
INFO - 2021-09-17 09:10:02 --> Controller "App\Controllers\base\Beranda" loaded.
INFO - 2021-09-17 09:12:12 --> Controller "App\Controllers\base\Beranda" loaded.
INFO - 2021-09-17 09:20:03 --> Controller "App\Controllers\base\Beranda" loaded.
INFO - 2021-09-17 09:30:03 --> Controller "App\Controllers\base\Beranda" loaded.
INFO - 2021-09-17 09:40:03 --> Controller "App\Controllers\base\Beranda" loaded.
INFO - 2021-09-17 09:50:03 --> Controller "App\Controllers\base\Beranda" loaded.
INFO - 2021-09-17 10:00:03 --> Controller "App\Controllers\base\Beranda" loaded.
INFO - 2021-09-17 10:10:02 --> Controller "App\Controllers\base\Beranda" loaded.
INFO - 2021-09-17 10:20:02 --> Controller "App\Controllers\base\Beranda" loaded.
INFO - 2021-09-17 10:30:02 --> Controller "App\Controllers\base\Beranda" loaded.
INFO - 2021-09-17 10:40:02 --> Controller "App\Controllers\base\Beranda" loaded.
INFO - 2021-09-17 10:50:02 --> Controller "App\Controllers\base\Beranda" loaded.
INFO - 2021-09-17 11:00:03 --> Controller "App\Controllers\base\Beranda" loaded.
INFO - 2021-09-17 11:10:03 --> Controller "App\Controllers\base\Beranda" loaded.
INFO - 2021-09-17 11:20:02 --> Controller "App\Controllers\base\Beranda" loaded.
INFO - 2021-09-17 11:30:03 --> Controller "App\Controllers\base\Beranda" loaded.
INFO - 2021-09-17 11:32:13 --> Controller "App\Controllers\base\Beranda" loaded.
INFO - 2021-09-17 11:40:02 --> Controller "App\Controllers\base\Beranda" loaded.
INFO - 2021-09-17 11:50:02 --> Controller "App\Controllers\base\Beranda" loaded.
INFO - 2021-09-17 12:00:02 --> Controller "App\Controllers\base\Beranda" loaded.
INFO - 2021-09-17 12:04:01 --> Controller "App\Controllers\base\Beranda" loaded.
INFO - 2021-09-17 12:10:02 --> Controller "App\Controllers\base\Beranda" loaded.
INFO - 2021-09-17 12:20:03 --> Controller "App\Controllers\base\Beranda" loaded.
INFO - 2021-09-17 12:30:03 --> Controller "App\Controllers\base\Beranda" loaded.
INFO - 2021-09-17 12:40:03 --> Controller "App\Controllers\base\Beranda" loaded.
INFO - 2021-09-17 12:50:02 --> Controller "App\Controllers\base\Beranda" loaded.
INFO - 2021-09-17 13:00:02 --> Controller "App\Controllers\base\Beranda" loaded.
INFO - 2021-09-17 13:10:02 --> Controller "App\Controllers\base\Beranda" loaded.
INFO - 2021-09-17 13:20:02 --> Controller "App\Controllers\base\Beranda" loaded.
INFO - 2021-09-17 13:30:03 --> Controller "App\Controllers\base\Beranda" loaded.
INFO - 2021-09-17 13:40:02 --> Controller "App\Controllers\base\Beranda" loaded.
INFO - 2021-09-17 13:50:03 --> Controller "App\Controllers\base\Beranda" loaded.
INFO - 2021-09-17 14:00:02 --> Controller "App\Controllers\base\Beranda" loaded.
INFO - 2021-09-17 14:10:02 --> Controller "App\Controllers\base\Beranda" loaded.
INFO - 2021-09-17 14:19:00 --> Session: Class initialized using 'CodeIgniter\Session\Handlers\FileHandler' driver.
INFO - 2021-09-17 14:19:00 --> Session: Class initialized using 'CodeIgniter\Session\Handlers\FileHandler' driver.
INFO - 2021-09-17 14:19:00 --> Controller "App\Controllers\bukutamu\Bukutamu" loaded.
INFO - 2021-09-17 14:19:00 --> Controller "App\Controllers\bukutamu\Bukutamu" loaded.
INFO - 2021-09-17 14:20:03 --> Controller "App\Controllers\base\Beranda" loaded.
INFO - 2021-09-17 14:30:02 --> Controller "App\Controllers\base\Beranda" loaded.
INFO - 2021-09-17 14:38:31 --> Controller "App\Controllers\base\Beranda" loaded.
INFO - 2021-09-17 14:38:35 --> Session: Class initialized using 'CodeIgniter\Session\Handlers\FileHandler' driver.
INFO - 2021-09-17 14:38:35 --> Controller "App\Controllers\base\Order" loaded.
INFO - 2021-09-17 14:38:38 --> Controller "App\Controllers\base\Beranda" loaded.
INFO - 2021-09-17 14:38:39 --> Controller "App\Controllers\base\Beranda" loaded.
INFO - 2021-09-17 14:39:36 --> Controller "App\Controllers\base\Beranda" loaded.
INFO - 2021-09-17 14:40:01 --> Controller "App\Controllers\base\Beranda" loaded.
INFO - 2021-09-17 14:40:11 --> Controller "App\Controllers\base\Beranda" loaded.
INFO - 2021-09-17 14:40:38 --> Session: Class initialized using 'CodeIgniter\Session\Handlers\FileHandler' driver.
INFO - 2021-09-17 14:40:38 --> Controller "App\Controllers\base\Order" loaded.
INFO - 2021-09-17 14:40:45 --> Controller "App\Controllers\base\Beranda" loaded.
INFO - 2021-09-17 14:40:55 --> Session: Class initialized using 'CodeIgniter\Session\Handlers\FileHandler' driver.
INFO - 2021-09-17 14:40:55 --> Controller "App\Controllers\base\Order" loaded.
INFO - 2021-09-17 14:41:31 --> Controller "App\Controllers\base\Beranda" loaded.
INFO - 2021-09-17 14:41:35 --> Controller "App\Controllers\base\Beranda" loaded.
INFO - 2021-09-17 14:42:43 --> Controller "App\Controllers\base\Beranda" loaded.
INFO - 2021-09-17 14:43:58 --> Controller "App\Controllers\base\Beranda" loaded.
INFO - 2021-09-17 14:44:04 --> Controller "App\Controllers\base\Beranda" loaded.
INFO - 2021-09-17 14:44:25 --> Controller "App\Controllers\base\Beranda" loaded.
INFO - 2021-09-17 14:44:28 --> Controller "App\Controllers\base\Beranda" loaded.
INFO - 2021-09-17 14:44:29 --> Controller "App\Controllers\base\Beranda" loaded.
INFO - 2021-09-17 14:44:30 --> Controller "App\Controllers\base\Beranda" loaded.
INFO - 2021-09-17 14:44:33 --> Controller "App\Controllers\base\Beranda" loaded.
INFO - 2021-09-17 14:44:34 --> Controller "App\Controllers\base\Beranda" loaded.
INFO - 2021-09-17 14:50:02 --> Controller "App\Controllers\base\Beranda" loaded.
INFO - 2021-09-17 15:00:03 --> Controller "App\Controllers\base\Beranda" loaded.
INFO - 2021-09-17 15:10:03 --> Controller "App\Controllers\base\Beranda" loaded.
INFO - 2021-09-17 15:20:02 --> Controller "App\Controllers\base\Beranda" loaded.
INFO - 2021-09-17 15:30:03 --> Controller "App\Controllers\base\Beranda" loaded.
INFO - 2021-09-17 15:40:03 --> Controller "App\Controllers\base\Beranda" loaded.
INFO - 2021-09-17 15:50:03 --> Controller "App\Controllers\base\Beranda" loaded.
INFO - 2021-09-17 16:00:02 --> Controller "App\Controllers\base\Beranda" loaded.
INFO - 2021-09-17 16:10:03 --> Controller "App\Controllers\base\Beranda" loaded.
INFO - 2021-09-17 16:20:02 --> Controller "App\Controllers\base\Beranda" loaded.
INFO - 2021-09-17 16:26:35 --> Controller "App\Controllers\base\Beranda" loaded.
INFO - 2021-09-17 16:29:39 --> Session: Class initialized using 'CodeIgniter\Session\Handlers\FileHandler' driver.
INFO - 2021-09-17 16:29:39 --> Controller "App\Controllers\undangan\Undangan" loaded.
INFO - 2021-09-17 16:30:02 --> Controller "App\Controllers\base\Beranda" loaded.
INFO - 2021-09-17 16:40:02 --> Controller "App\Controllers\base\Beranda" loaded.
INFO - 2021-09-17 16:50:02 --> Controller "App\Controllers\base\Beranda" loaded.
INFO - 2021-09-17 17:00:02 --> Controller "App\Controllers\base\Beranda" loaded.
INFO - 2021-09-17 17:02:28 --> Controller "App\Controllers\base\Beranda" loaded.
INFO - 2021-09-17 17:02:29 --> Session: Class initialized using 'CodeIgniter\Session\Handlers\FileHandler' driver.
INFO - 2021-09-17 17:02:29 --> Controller "App\Controllers\bukutamu\Bukutamu" loaded.
INFO - 2021-09-17 17:10:02 --> Controller "App\Controllers\base\Beranda" loaded.
INFO - 2021-09-17 17:20:02 --> Controller "App\Controllers\base\Beranda" loaded.
INFO - 2021-09-17 17:30:03 --> Controller "App\Controllers\base\Beranda" loaded.
INFO - 2021-09-17 17:40:02 --> Controller "App\Controllers\base\Beranda" loaded.
INFO - 2021-09-17 17:50:02 --> Controller "App\Controllers\base\Beranda" loaded.
INFO - 2021-09-17 18:00:02 --> Controller "App\Controllers\base\Beranda" loaded.
INFO - 2021-09-17 18:10:02 --> Controller "App\Controllers\base\Beranda" loaded.
INFO - 2021-09-17 18:20:02 --> Controller "App\Controllers\base\Beranda" loaded.
INFO - 2021-09-17 18:30:02 --> Controller "App\Controllers\base\Beranda" loaded.
INFO - 2021-09-17 18:40:03 --> Controller "App\Controllers\base\Beranda" loaded.
INFO - 2021-09-17 18:50:02 --> Controller "App\Controllers\base\Beranda" loaded.
INFO - 2021-09-17 19:00:02 --> Controller "App\Controllers\base\Beranda" loaded.
INFO - 2021-09-17 19:10:02 --> Controller "App\Controllers\base\Beranda" loaded.
INFO - 2021-09-17 19:20:02 --> Controller "App\Controllers\base\Beranda" loaded.
INFO - 2021-09-17 19:21:52 --> Session: Class initialized using 'CodeIgniter\Session\Handlers\FileHandler' driver.
INFO - 2021-09-17 19:21:52 --> Controller "App\Controllers\undangan\Undangan" loaded.
INFO - 2021-09-17 19:22:16 --> Controller "App\Controllers\base\Beranda" loaded.
INFO - 2021-09-17 19:30:02 --> Controller "App\Controllers\base\Beranda" loaded.
INFO - 2021-09-17 19:40:02 --> Controller "App\Controllers\base\Beranda" loaded.
INFO - 2021-09-17 19:50:02 --> Controller "App\Controllers\base\Beranda" loaded.
INFO - 2021-09-17 20:00:02 --> Controller "App\Controllers\base\Beranda" loaded.
INFO - 2021-09-17 20:10:02 --> Controller "App\Controllers\base\Beranda" loaded.
INFO - 2021-09-17 20:15:01 --> Session: Class initialized using 'CodeIgniter\Session\Handlers\FileHandler' driver.
INFO - 2021-09-17 20:15:01 --> Controller "App\Controllers\undangan\Undangan" loaded.
INFO - 2021-09-17 20:20:02 --> Controller "App\Controllers\base\Beranda" loaded.
INFO - 2021-09-17 20:30:03 --> Controller "App\Controllers\base\Beranda" loaded.
INFO - 2021-09-17 20:40:02 --> Controller "App\Controllers\base\Beranda" loaded.
INFO - 2021-09-17 20:44:14 --> Controller "App\Controllers\base\Beranda" loaded.
INFO - 2021-09-17 20:44:14 --> Controller "App\Controllers\base\Beranda" loaded.
INFO - 2021-09-17 20:44:17 --> Controller "App\Controllers\base\Beranda" loaded.
INFO - 2021-09-17 20:44:18 --> Controller "App\Controllers\base\Beranda" loaded.
INFO - 2021-09-17 20:44:18 --> Controller "App\Controllers\base\Beranda" loaded.
INFO - 2021-09-17 20:44:19 --> Controller "App\Controllers\base\Beranda" loaded.
INFO - 2021-09-17 20:44:19 --> Controller "App\Controllers\base\Beranda" loaded.
INFO - 2021-09-17 20:44:20 --> Controller "App\Controllers\base\Beranda" loaded.
INFO - 2021-09-17 20:44:20 --> Controller "App\Controllers\base\Beranda" loaded.
INFO - 2021-09-17 20:44:20 --> Controller "App\Controllers\base\Beranda" loaded.
INFO - 2021-09-17 20:44:20 --> Controller "App\Controllers\base\Beranda" loaded.
INFO - 2021-09-17 20:44:21 --> Controller "App\Controllers\base\Beranda" loaded.
INFO - 2021-09-17 20:44:21 --> Controller "App\Controllers\base\Beranda" loaded.
INFO - 2021-09-17 20:44:21 --> Controller "App\Controllers\base\Beranda" loaded.
INFO - 2021-09-17 20:44:22 --> Controller "App\Controllers\base\Beranda" loaded.
INFO - 2021-09-17 20:44:22 --> Controller "App\Controllers\base\Beranda" loaded.
INFO - 2021-09-17 20:44:23 --> Controller "App\Controllers\base\Beranda" loaded.
INFO - 2021-09-17 20:44:26 --> Controller "App\Controllers\base\Beranda" loaded.
INFO - 2021-09-17 20:44:28 --> Controller "App\Controllers\base\Beranda" loaded.
INFO - 2021-09-17 20:44:29 --> Controller "App\Controllers\base\Beranda" loaded.
INFO - 2021-09-17 20:44:41 --> Controller "App\Controllers\base\Beranda" loaded.
INFO - 2021-09-17 20:50:02 --> Controller "App\Controllers\base\Beranda" loaded.
INFO - 2021-09-17 21:00:02 --> Controller "App\Controllers\base\Beranda" loaded.
INFO - 2021-09-17 21:10:02 --> Controller "App\Controllers\base\Beranda" loaded.
INFO - 2021-09-17 21:20:02 --> Controller "App\Controllers\base\Beranda" loaded.
INFO - 2021-09-17 21:30:02 --> Controller "App\Controllers\base\Beranda" loaded.
INFO - 2021-09-17 21:40:02 --> Controller "App\Controllers\base\Beranda" loaded.
INFO - 2021-09-17 21:50:02 --> Controller "App\Controllers\base\Beranda" loaded.
INFO - 2021-09-17 22:13:31 --> Session: Class initialized using 'CodeIgniter\Session\Handlers\FileHandler' driver.
INFO - 2021-09-17 22:13:31 --> Controller "App\Controllers\undangan\Undangan" loaded.
