INFO - 2022-01-09 00:58:16 --> Controller "App\Controllers\base\Beranda" loaded.
INFO - 2022-01-09 00:58:16 --> Controller "App\Controllers\base\Beranda" loaded.
INFO - 2022-01-09 00:58:17 --> Controller "App\Controllers\base\Beranda" loaded.
INFO - 2022-01-09 00:58:17 --> Controller "App\Controllers\base\Beranda" loaded.
INFO - 2022-01-09 03:58:38 --> Session: Class initialized using 'CodeIgniter\Session\Handlers\FileHandler' driver.
INFO - 2022-01-09 03:58:38 --> Controller "App\Controllers\base\Order" loaded.
INFO - 2022-01-09 04:41:31 --> Controller "App\Controllers\base\Beranda" loaded.
INFO - 2022-01-09 05:36:18 --> Controller "App\Controllers\base\Beranda" loaded.
INFO - 2022-01-09 05:57:28 --> Controller "App\Controllers\base\Beranda" loaded.
INFO - 2022-01-09 07:00:03 --> Controller "App\Controllers\base\Beranda" loaded.
INFO - 2022-01-09 07:02:57 --> Controller "App\Controllers\base\Beranda" loaded.
INFO - 2022-01-09 07:10:02 --> Controller "App\Controllers\base\Beranda" loaded.
INFO - 2022-01-09 07:20:03 --> Controller "App\Controllers\base\Beranda" loaded.
INFO - 2022-01-09 07:30:02 --> Controller "App\Controllers\base\Beranda" loaded.
INFO - 2022-01-09 07:40:03 --> Controller "App\Controllers\base\Beranda" loaded.
INFO - 2022-01-09 07:45:17 --> Controller "App\Controllers\base\Beranda" loaded.
INFO - 2022-01-09 07:47:42 --> Controller "App\Controllers\base\Beranda" loaded.
INFO - 2022-01-09 07:50:03 --> Controller "App\Controllers\base\Beranda" loaded.
INFO - 2022-01-09 08:00:03 --> Controller "App\Controllers\base\Beranda" loaded.
INFO - 2022-01-09 08:10:03 --> Controller "App\Controllers\base\Beranda" loaded.
INFO - 2022-01-09 08:14:44 --> Controller "App\Controllers\base\Beranda" loaded.
INFO - 2022-01-09 08:14:46 --> Controller "App\Controllers\base\Beranda" loaded.
INFO - 2022-01-09 08:14:46 --> Controller "App\Controllers\base\Beranda" loaded.
INFO - 2022-01-09 08:14:47 --> Controller "App\Controllers\base\Beranda" loaded.
INFO - 2022-01-09 08:14:48 --> Controller "App\Controllers\base\Beranda" loaded.
INFO - 2022-01-09 08:14:50 --> Controller "App\Controllers\base\Beranda" loaded.
INFO - 2022-01-09 08:14:51 --> Controller "App\Controllers\base\Beranda" loaded.
INFO - 2022-01-09 08:14:52 --> Controller "App\Controllers\base\Beranda" loaded.
INFO - 2022-01-09 08:14:54 --> Controller "App\Controllers\base\Beranda" loaded.
INFO - 2022-01-09 08:14:55 --> Controller "App\Controllers\base\Beranda" loaded.
INFO - 2022-01-09 08:14:56 --> Controller "App\Controllers\base\Beranda" loaded.
INFO - 2022-01-09 08:14:57 --> Controller "App\Controllers\base\Beranda" loaded.
INFO - 2022-01-09 08:14:58 --> Controller "App\Controllers\base\Beranda" loaded.
INFO - 2022-01-09 08:14:59 --> Controller "App\Controllers\base\Beranda" loaded.
INFO - 2022-01-09 08:15:01 --> Controller "App\Controllers\base\Beranda" loaded.
INFO - 2022-01-09 08:15:01 --> Controller "App\Controllers\base\Beranda" loaded.
INFO - 2022-01-09 08:15:02 --> Controller "App\Controllers\base\Beranda" loaded.
INFO - 2022-01-09 08:15:03 --> Controller "App\Controllers\base\Beranda" loaded.
INFO - 2022-01-09 08:15:04 --> Controller "App\Controllers\base\Beranda" loaded.
INFO - 2022-01-09 08:15:05 --> Controller "App\Controllers\base\Beranda" loaded.
INFO - 2022-01-09 08:20:03 --> Controller "App\Controllers\base\Beranda" loaded.
INFO - 2022-01-09 08:30:02 --> Controller "App\Controllers\base\Beranda" loaded.
INFO - 2022-01-09 08:32:08 --> Controller "App\Controllers\base\Beranda" loaded.
INFO - 2022-01-09 08:40:03 --> Controller "App\Controllers\base\Beranda" loaded.
INFO - 2022-01-09 08:50:03 --> Controller "App\Controllers\base\Beranda" loaded.
INFO - 2022-01-09 09:00:03 --> Controller "App\Controllers\base\Beranda" loaded.
INFO - 2022-01-09 09:06:28 --> Controller "App\Controllers\base\Beranda" loaded.
INFO - 2022-01-09 09:10:03 --> Controller "App\Controllers\base\Beranda" loaded.
INFO - 2022-01-09 09:20:03 --> Controller "App\Controllers\base\Beranda" loaded.
INFO - 2022-01-09 09:30:03 --> Controller "App\Controllers\base\Beranda" loaded.
INFO - 2022-01-09 09:40:02 --> Controller "App\Controllers\base\Beranda" loaded.
INFO - 2022-01-09 09:50:03 --> Controller "App\Controllers\base\Beranda" loaded.
INFO - 2022-01-09 10:00:03 --> Controller "App\Controllers\base\Beranda" loaded.
INFO - 2022-01-09 10:02:09 --> Session: Class initialized using 'CodeIgniter\Session\Handlers\FileHandler' driver.
INFO - 2022-01-09 10:02:09 --> Controller "App\Controllers\base\Order" loaded.
INFO - 2022-01-09 10:10:03 --> Controller "App\Controllers\base\Beranda" loaded.
INFO - 2022-01-09 10:20:03 --> Controller "App\Controllers\base\Beranda" loaded.
INFO - 2022-01-09 10:21:26 --> Controller "App\Controllers\base\Beranda" loaded.
INFO - 2022-01-09 10:27:15 --> Controller "App\Controllers\base\Beranda" loaded.
INFO - 2022-01-09 10:30:02 --> Controller "App\Controllers\base\Beranda" loaded.
INFO - 2022-01-09 10:30:38 --> Controller "App\Controllers\base\Beranda" loaded.
INFO - 2022-01-09 10:33:42 --> Controller "App\Controllers\base\Beranda" loaded.
INFO - 2022-01-09 10:33:45 --> Session: Class initialized using 'CodeIgniter\Session\Handlers\FileHandler' driver.
INFO - 2022-01-09 10:33:45 --> Controller "App\Controllers\base\Dashboard" loaded.
INFO - 2022-01-09 10:33:50 --> Session: Class initialized using 'CodeIgniter\Session\Handlers\FileHandler' driver.
INFO - 2022-01-09 10:33:50 --> Controller "App\Controllers\base\Dashboard" loaded.
INFO - 2022-01-09 10:33:50 --> Session: Class initialized using 'CodeIgniter\Session\Handlers\FileHandler' driver.
INFO - 2022-01-09 10:33:50 --> Controller "App\Controllers\base\Dashboard" loaded.
INFO - 2022-01-09 10:34:06 --> Session: Class initialized using 'CodeIgniter\Session\Handlers\FileHandler' driver.
INFO - 2022-01-09 10:34:06 --> Controller "App\Controllers\base\Dashboard" loaded.
INFO - 2022-01-09 10:34:06 --> Session: Class initialized using 'CodeIgniter\Session\Handlers\FileHandler' driver.
INFO - 2022-01-09 10:34:06 --> Controller "App\Controllers\base\Dashboard" loaded.
INFO - 2022-01-09 10:34:11 --> Controller "App\Controllers\base\Beranda" loaded.
INFO - 2022-01-09 10:34:29 --> Session: Class initialized using 'CodeIgniter\Session\Handlers\FileHandler' driver.
INFO - 2022-01-09 10:34:29 --> Controller "App\Controllers\admin\Admin" loaded.
INFO - 2022-01-09 10:34:41 --> Session: Class initialized using 'CodeIgniter\Session\Handlers\FileHandler' driver.
INFO - 2022-01-09 10:34:41 --> Controller "App\Controllers\admin\Admin" loaded.
INFO - 2022-01-09 10:34:41 --> Session: Class initialized using 'CodeIgniter\Session\Handlers\FileHandler' driver.
INFO - 2022-01-09 10:34:41 --> Controller "App\Controllers\admin\Admin" loaded.
INFO - 2022-01-09 10:34:44 --> Session: Class initialized using 'CodeIgniter\Session\Handlers\FileHandler' driver.
INFO - 2022-01-09 10:34:44 --> Controller "App\Controllers\admin\Admin" loaded.
INFO - 2022-01-09 10:34:50 --> Session: Class initialized using 'CodeIgniter\Session\Handlers\FileHandler' driver.
INFO - 2022-01-09 10:34:50 --> Controller "App\Controllers\admin\Admin" loaded.
INFO - 2022-01-09 10:34:50 --> Session: Class initialized using 'CodeIgniter\Session\Handlers\FileHandler' driver.
INFO - 2022-01-09 10:34:50 --> Controller "App\Controllers\admin\Admin" loaded.
INFO - 2022-01-09 10:34:56 --> Session: Class initialized using 'CodeIgniter\Session\Handlers\FileHandler' driver.
INFO - 2022-01-09 10:34:56 --> Controller "App\Controllers\admin\Admin" loaded.
INFO - 2022-01-09 10:35:18 --> Session: Class initialized using 'CodeIgniter\Session\Handlers\FileHandler' driver.
INFO - 2022-01-09 10:35:18 --> Controller "App\Controllers\admin\Admin" loaded.
INFO - 2022-01-09 10:35:22 --> Session: Class initialized using 'CodeIgniter\Session\Handlers\FileHandler' driver.
INFO - 2022-01-09 10:35:22 --> Controller "App\Controllers\admin\Admin" loaded.
INFO - 2022-01-09 10:35:28 --> Session: Class initialized using 'CodeIgniter\Session\Handlers\FileHandler' driver.
INFO - 2022-01-09 10:35:28 --> Controller "App\Controllers\admin\Admin" loaded.
INFO - 2022-01-09 10:35:31 --> Session: Class initialized using 'CodeIgniter\Session\Handlers\FileHandler' driver.
INFO - 2022-01-09 10:35:31 --> Controller "App\Controllers\admin\Admin" loaded.
INFO - 2022-01-09 10:35:31 --> Session: Class initialized using 'CodeIgniter\Session\Handlers\FileHandler' driver.
INFO - 2022-01-09 10:35:31 --> Controller "App\Controllers\admin\Admin" loaded.
INFO - 2022-01-09 10:35:37 --> Session: Class initialized using 'CodeIgniter\Session\Handlers\FileHandler' driver.
INFO - 2022-01-09 10:35:37 --> Controller "App\Controllers\base\Dashboard" loaded.
INFO - 2022-01-09 10:35:43 --> Session: Class initialized using 'CodeIgniter\Session\Handlers\FileHandler' driver.
INFO - 2022-01-09 10:35:43 --> Controller "App\Controllers\base\Dashboard" loaded.
INFO - 2022-01-09 10:35:43 --> Session: Class initialized using 'CodeIgniter\Session\Handlers\FileHandler' driver.
INFO - 2022-01-09 10:35:43 --> Controller "App\Controllers\base\Dashboard" loaded.
INFO - 2022-01-09 10:35:50 --> Session: Class initialized using 'CodeIgniter\Session\Handlers\FileHandler' driver.
INFO - 2022-01-09 10:35:50 --> Controller "App\Controllers\base\Dashboard" loaded.
INFO - 2022-01-09 10:35:56 --> Session: Class initialized using 'CodeIgniter\Session\Handlers\FileHandler' driver.
INFO - 2022-01-09 10:35:56 --> Controller "App\Controllers\base\Dashboard" loaded.
INFO - 2022-01-09 10:36:18 --> Controller "App\Controllers\base\Beranda" loaded.
INFO - 2022-01-09 10:36:19 --> Session: Class initialized using 'CodeIgniter\Session\Handlers\FileHandler' driver.
INFO - 2022-01-09 10:36:19 --> Controller "App\Controllers\base\Dashboard" loaded.
INFO - 2022-01-09 10:36:19 --> Session: Class initialized using 'CodeIgniter\Session\Handlers\FileHandler' driver.
INFO - 2022-01-09 10:36:19 --> Controller "App\Controllers\base\Dashboard" loaded.
INFO - 2022-01-09 10:36:52 --> Session: Class initialized using 'CodeIgniter\Session\Handlers\FileHandler' driver.
INFO - 2022-01-09 10:36:52 --> Controller "App\Controllers\admin\Admin" loaded.
INFO - 2022-01-09 10:37:03 --> Session: Class initialized using 'CodeIgniter\Session\Handlers\FileHandler' driver.
INFO - 2022-01-09 10:37:03 --> Controller "App\Controllers\admin\Admin" loaded.
INFO - 2022-01-09 10:37:03 --> Session: Class initialized using 'CodeIgniter\Session\Handlers\FileHandler' driver.
INFO - 2022-01-09 10:37:03 --> Controller "App\Controllers\admin\Admin" loaded.
INFO - 2022-01-09 10:37:06 --> Session: Class initialized using 'CodeIgniter\Session\Handlers\FileHandler' driver.
INFO - 2022-01-09 10:37:06 --> Controller "App\Controllers\admin\Admin" loaded.
INFO - 2022-01-09 10:37:17 --> Session: Class initialized using 'CodeIgniter\Session\Handlers\FileHandler' driver.
INFO - 2022-01-09 10:37:17 --> Controller "App\Controllers\admin\Admin" loaded.
INFO - 2022-01-09 10:37:31 --> Session: Class initialized using 'CodeIgniter\Session\Handlers\FileHandler' driver.
INFO - 2022-01-09 10:37:31 --> Controller "App\Controllers\admin\Admin" loaded.
INFO - 2022-01-09 10:37:32 --> Session: Class initialized using 'CodeIgniter\Session\Handlers\FileHandler' driver.
INFO - 2022-01-09 10:37:32 --> Controller "App\Controllers\admin\Admin" loaded.
INFO - 2022-01-09 10:37:38 --> Controller "App\Controllers\base\Beranda" loaded.
INFO - 2022-01-09 10:37:39 --> Session: Class initialized using 'CodeIgniter\Session\Handlers\FileHandler' driver.
INFO - 2022-01-09 10:37:39 --> Controller "App\Controllers\base\Dashboard" loaded.
INFO - 2022-01-09 10:37:39 --> Session: Class initialized using 'CodeIgniter\Session\Handlers\FileHandler' driver.
INFO - 2022-01-09 10:37:39 --> Controller "App\Controllers\base\Dashboard" loaded.
INFO - 2022-01-09 10:37:42 --> Session: Class initialized using 'CodeIgniter\Session\Handlers\FileHandler' driver.
INFO - 2022-01-09 10:37:42 --> Controller "App\Controllers\base\Dashboard" loaded.
INFO - 2022-01-09 10:37:42 --> Session: Class initialized using 'CodeIgniter\Session\Handlers\FileHandler' driver.
INFO - 2022-01-09 10:37:42 --> Controller "App\Controllers\base\Dashboard" loaded.
INFO - 2022-01-09 10:37:56 --> Session: Class initialized using 'CodeIgniter\Session\Handlers\FileHandler' driver.
INFO - 2022-01-09 10:37:56 --> Controller "App\Controllers\admin\Admin" loaded.
INFO - 2022-01-09 10:37:56 --> Session: Class initialized using 'CodeIgniter\Session\Handlers\FileHandler' driver.
INFO - 2022-01-09 10:37:56 --> Controller "App\Controllers\admin\Admin" loaded.
INFO - 2022-01-09 10:38:23 --> Session: Class initialized using 'CodeIgniter\Session\Handlers\FileHandler' driver.
INFO - 2022-01-09 10:38:23 --> Controller "App\Controllers\base\Dashboard" loaded.
INFO - 2022-01-09 10:38:23 --> Session: Class initialized using 'CodeIgniter\Session\Handlers\FileHandler' driver.
INFO - 2022-01-09 10:38:23 --> Controller "App\Controllers\base\Dashboard" loaded.
INFO - 2022-01-09 10:38:25 --> Session: Class initialized using 'CodeIgniter\Session\Handlers\FileHandler' driver.
INFO - 2022-01-09 10:38:25 --> Controller "App\Controllers\admin\Admin" loaded.
INFO - 2022-01-09 10:39:31 --> Session: Class initialized using 'CodeIgniter\Session\Handlers\FileHandler' driver.
INFO - 2022-01-09 10:39:31 --> Controller "App\Controllers\base\Dashboard" loaded.
INFO - 2022-01-09 10:39:33 --> Session: Class initialized using 'CodeIgniter\Session\Handlers\FileHandler' driver.
INFO - 2022-01-09 10:39:33 --> Controller "App\Controllers\base\Dashboard" loaded.
INFO - 2022-01-09 10:39:40 --> Session: Class initialized using 'CodeIgniter\Session\Handlers\FileHandler' driver.
INFO - 2022-01-09 10:39:40 --> Controller "App\Controllers\base\Dashboard" loaded.
INFO - 2022-01-09 10:39:52 --> Session: Class initialized using 'CodeIgniter\Session\Handlers\FileHandler' driver.
INFO - 2022-01-09 10:39:52 --> Controller "App\Controllers\admin\Admin" loaded.
INFO - 2022-01-09 10:39:56 --> Session: Class initialized using 'CodeIgniter\Session\Handlers\FileHandler' driver.
INFO - 2022-01-09 10:39:56 --> Controller "App\Controllers\admin\Admin" loaded.
INFO - 2022-01-09 10:40:02 --> Controller "App\Controllers\base\Beranda" loaded.
INFO - 2022-01-09 10:40:12 --> Session: Class initialized using 'CodeIgniter\Session\Handlers\FileHandler' driver.
INFO - 2022-01-09 10:40:12 --> Controller "App\Controllers\admin\Admin" loaded.
INFO - 2022-01-09 10:40:13 --> Session: Class initialized using 'CodeIgniter\Session\Handlers\FileHandler' driver.
INFO - 2022-01-09 10:40:13 --> Controller "App\Controllers\admin\Admin" loaded.
INFO - 2022-01-09 10:40:16 --> Session: Class initialized using 'CodeIgniter\Session\Handlers\FileHandler' driver.
INFO - 2022-01-09 10:40:16 --> Controller "App\Controllers\base\Dashboard" loaded.
INFO - 2022-01-09 10:40:17 --> Session: Class initialized using 'CodeIgniter\Session\Handlers\FileHandler' driver.
INFO - 2022-01-09 10:40:17 --> Controller "App\Controllers\base\Dashboard" loaded.
INFO - 2022-01-09 10:40:31 --> Session: Class initialized using 'CodeIgniter\Session\Handlers\FileHandler' driver.
INFO - 2022-01-09 10:40:31 --> Controller "App\Controllers\base\Dashboard" loaded.
INFO - 2022-01-09 10:40:31 --> Session: Class initialized using 'CodeIgniter\Session\Handlers\FileHandler' driver.
INFO - 2022-01-09 10:40:31 --> Controller "App\Controllers\base\Dashboard" loaded.
INFO - 2022-01-09 10:40:44 --> Session: Class initialized using 'CodeIgniter\Session\Handlers\FileHandler' driver.
INFO - 2022-01-09 10:40:44 --> Controller "App\Controllers\base\Dashboard" loaded.
INFO - 2022-01-09 10:40:53 --> Session: Class initialized using 'CodeIgniter\Session\Handlers\FileHandler' driver.
INFO - 2022-01-09 10:40:53 --> Controller "App\Controllers\base\Dashboard" loaded.
INFO - 2022-01-09 10:40:55 --> Session: Class initialized using 'CodeIgniter\Session\Handlers\FileHandler' driver.
INFO - 2022-01-09 10:40:55 --> Controller "App\Controllers\base\Dashboard" loaded.
INFO - 2022-01-09 10:40:57 --> Session: Class initialized using 'CodeIgniter\Session\Handlers\FileHandler' driver.
INFO - 2022-01-09 10:40:57 --> Controller "App\Controllers\base\Dashboard" loaded.
INFO - 2022-01-09 10:41:03 --> Session: Class initialized using 'CodeIgniter\Session\Handlers\FileHandler' driver.
INFO - 2022-01-09 10:41:03 --> Controller "App\Controllers\base\Dashboard" loaded.
INFO - 2022-01-09 10:41:10 --> Session: Class initialized using 'CodeIgniter\Session\Handlers\FileHandler' driver.
INFO - 2022-01-09 10:41:10 --> Controller "App\Controllers\base\Dashboard" loaded.
INFO - 2022-01-09 10:41:44 --> Session: Class initialized using 'CodeIgniter\Session\Handlers\FileHandler' driver.
INFO - 2022-01-09 10:41:44 --> Controller "App\Controllers\base\Dashboard" loaded.
INFO - 2022-01-09 10:41:52 --> Session: Class initialized using 'CodeIgniter\Session\Handlers\FileHandler' driver.
INFO - 2022-01-09 10:41:52 --> Controller "App\Controllers\base\Order" loaded.
INFO - 2022-01-09 10:47:19 --> Session: Class initialized using 'CodeIgniter\Session\Handlers\FileHandler' driver.
INFO - 2022-01-09 10:47:19 --> Controller "App\Controllers\base\Dashboard" loaded.
INFO - 2022-01-09 10:47:21 --> Session: Class initialized using 'CodeIgniter\Session\Handlers\FileHandler' driver.
INFO - 2022-01-09 10:47:21 --> Controller "App\Controllers\base\Dashboard" loaded.
CRITICAL - 2022-01-09 10:47:21 --> 22 : The requested URL returned error: 400 
#0 /home/nguh5634/public_html/system/HTTP/CURLRequest.php(823): CodeIgniter\HTTP\Exceptions\HTTPException::forCurlError('22', 'The requested U...')
#1 /home/nguh5634/public_html/system/HTTP/CURLRequest.php(449): CodeIgniter\HTTP\CURLRequest->sendRequest(Array)
#2 /home/nguh5634/public_html/system/HTTP/CURLRequest.php(158): CodeIgniter\HTTP\CURLRequest->send('POST', 'https://app.mid...')
#3 /home/nguh5634/public_html/app/ThirdParty/Codenom/Midtrans/src/HTTP/APIMidtrans.php(37): CodeIgniter\HTTP\CURLRequest->request('POST', 'https://app.mid...', Array)
#4 /home/nguh5634/public_html/app/ThirdParty/Codenom/Midtrans/src/Midtrans.php(55): Codenom\Midtrans\HTTP\APIMidtrans::call('POST', 'https://app.mid...', 'Mid-server-ukNz...', Array)
#5 /home/nguh5634/public_html/app/Controllers/base/Dashboard.php(1190): Codenom\Midtrans\Midtrans->getSnapToken(Array)
#6 /home/nguh5634/public_html/system/CodeIgniter.php(910): App\Controllers\base\Dashboard->token()
#7 /home/nguh5634/public_html/system/CodeIgniter.php(398): CodeIgniter\CodeIgniter->runController(Object(App\Controllers\base\Dashboard))
#8 /home/nguh5634/public_html/system/CodeIgniter.php(306): CodeIgniter\CodeIgniter->handleRequest(NULL, Object(Config\Cache), false)
#9 /home/nguh5634/public_html/index.php(45): CodeIgniter\CodeIgniter->run()
#10 {main}
INFO - 2022-01-09 10:47:29 --> Session: Class initialized using 'CodeIgniter\Session\Handlers\FileHandler' driver.
INFO - 2022-01-09 10:47:29 --> Controller "App\Controllers\base\Dashboard" loaded.
INFO - 2022-01-09 10:47:29 --> Session: Class initialized using 'CodeIgniter\Session\Handlers\FileHandler' driver.
INFO - 2022-01-09 10:47:29 --> Controller "App\Controllers\base\Dashboard" loaded.
INFO - 2022-01-09 10:47:47 --> Session: Class initialized using 'CodeIgniter\Session\Handlers\FileHandler' driver.
INFO - 2022-01-09 10:47:47 --> Controller "App\Controllers\base\Dashboard" loaded.
INFO - 2022-01-09 10:48:04 --> Session: Class initialized using 'CodeIgniter\Session\Handlers\FileHandler' driver.
INFO - 2022-01-09 10:48:04 --> Controller "App\Controllers\base\Dashboard" loaded.
INFO - 2022-01-09 10:48:07 --> Session: Class initialized using 'CodeIgniter\Session\Handlers\FileHandler' driver.
INFO - 2022-01-09 10:48:07 --> Controller "App\Controllers\base\Dashboard" loaded.
INFO - 2022-01-09 10:50:03 --> Controller "App\Controllers\base\Beranda" loaded.
INFO - 2022-01-09 10:54:27 --> Controller "App\Controllers\base\Beranda" loaded.
INFO - 2022-01-09 10:55:25 --> Controller "App\Controllers\base\Beranda" loaded.
INFO - 2022-01-09 11:00:03 --> Controller "App\Controllers\base\Beranda" loaded.
INFO - 2022-01-09 11:10:03 --> Controller "App\Controllers\base\Beranda" loaded.
INFO - 2022-01-09 11:20:03 --> Controller "App\Controllers\base\Beranda" loaded.
INFO - 2022-01-09 11:29:42 --> Controller "App\Controllers\base\Beranda" loaded.
INFO - 2022-01-09 11:30:03 --> Controller "App\Controllers\base\Beranda" loaded.
INFO - 2022-01-09 11:33:13 --> Controller "App\Controllers\base\Beranda" loaded.
INFO - 2022-01-09 11:40:03 --> Controller "App\Controllers\base\Beranda" loaded.
INFO - 2022-01-09 11:48:38 --> Controller "App\Controllers\base\Beranda" loaded.
INFO - 2022-01-09 11:50:03 --> Controller "App\Controllers\base\Beranda" loaded.
INFO - 2022-01-09 11:50:26 --> Session: Class initialized using 'CodeIgniter\Session\Handlers\FileHandler' driver.
INFO - 2022-01-09 11:50:26 --> Controller "App\Controllers\base\Order" loaded.
INFO - 2022-01-09 11:58:47 --> Controller "App\Controllers\base\Beranda" loaded.
INFO - 2022-01-09 12:00:03 --> Controller "App\Controllers\base\Beranda" loaded.
INFO - 2022-01-09 12:10:14 --> Controller "App\Controllers\base\Beranda" loaded.
INFO - 2022-01-09 12:20:03 --> Controller "App\Controllers\base\Beranda" loaded.
INFO - 2022-01-09 12:30:03 --> Controller "App\Controllers\base\Beranda" loaded.
INFO - 2022-01-09 12:32:02 --> Session: Class initialized using 'CodeIgniter\Session\Handlers\FileHandler' driver.
INFO - 2022-01-09 12:32:02 --> Controller "App\Controllers\base\Dashboard" loaded.
INFO - 2022-01-09 12:38:41 --> Controller "App\Controllers\base\Beranda" loaded.
INFO - 2022-01-09 12:40:03 --> Controller "App\Controllers\base\Beranda" loaded.
INFO - 2022-01-09 12:50:02 --> Controller "App\Controllers\base\Beranda" loaded.
INFO - 2022-01-09 12:51:14 --> Controller "App\Controllers\base\Beranda" loaded.
INFO - 2022-01-09 13:00:04 --> Controller "App\Controllers\base\Beranda" loaded.
INFO - 2022-01-09 13:07:08 --> Controller "App\Controllers\base\Beranda" loaded.
INFO - 2022-01-09 13:10:03 --> Controller "App\Controllers\base\Beranda" loaded.
INFO - 2022-01-09 13:18:06 --> Controller "App\Controllers\base\Beranda" loaded.
INFO - 2022-01-09 13:20:03 --> Controller "App\Controllers\base\Beranda" loaded.
INFO - 2022-01-09 13:40:03 --> Controller "App\Controllers\base\Beranda" loaded.
INFO - 2022-01-09 13:41:42 --> Controller "App\Controllers\base\Beranda" loaded.
INFO - 2022-01-09 13:50:04 --> Controller "App\Controllers\base\Beranda" loaded.
INFO - 2022-01-09 13:51:19 --> Controller "App\Controllers\base\Beranda" loaded.
INFO - 2022-01-09 14:00:03 --> Controller "App\Controllers\base\Beranda" loaded.
INFO - 2022-01-09 14:10:02 --> Controller "App\Controllers\base\Beranda" loaded.
INFO - 2022-01-09 14:20:03 --> Controller "App\Controllers\base\Beranda" loaded.
INFO - 2022-01-09 14:30:03 --> Controller "App\Controllers\base\Beranda" loaded.
INFO - 2022-01-09 14:32:23 --> Session: Class initialized using 'CodeIgniter\Session\Handlers\FileHandler' driver.
INFO - 2022-01-09 14:32:23 --> Controller "App\Controllers\undangan\Undangan" loaded.
INFO - 2022-01-09 14:35:28 --> Controller "App\Controllers\base\Beranda" loaded.
INFO - 2022-01-09 14:35:28 --> Controller "App\Controllers\base\Beranda" loaded.
INFO - 2022-01-09 14:35:31 --> Controller "App\Controllers\base\Beranda" loaded.
INFO - 2022-01-09 14:40:03 --> Controller "App\Controllers\base\Beranda" loaded.
INFO - 2022-01-09 14:44:44 --> Controller "App\Controllers\base\Beranda" loaded.
INFO - 2022-01-09 14:44:54 --> Session: Class initialized using 'CodeIgniter\Session\Handlers\FileHandler' driver.
INFO - 2022-01-09 14:44:54 --> Controller "App\Controllers\base\Dashboard" loaded.
INFO - 2022-01-09 14:45:05 --> Session: Class initialized using 'CodeIgniter\Session\Handlers\FileHandler' driver.
INFO - 2022-01-09 14:45:05 --> Controller "App\Controllers\base\Dashboard" loaded.
INFO - 2022-01-09 14:45:06 --> Session: Class initialized using 'CodeIgniter\Session\Handlers\FileHandler' driver.
INFO - 2022-01-09 14:45:06 --> Controller "App\Controllers\base\Dashboard" loaded.
INFO - 2022-01-09 14:45:16 --> Session: Class initialized using 'CodeIgniter\Session\Handlers\FileHandler' driver.
INFO - 2022-01-09 14:45:16 --> Controller "App\Controllers\admin\Admin" loaded.
INFO - 2022-01-09 14:45:20 --> Session: Class initialized using 'CodeIgniter\Session\Handlers\FileHandler' driver.
INFO - 2022-01-09 14:45:20 --> Controller "App\Controllers\admin\Admin" loaded.
INFO - 2022-01-09 14:45:29 --> Session: Class initialized using 'CodeIgniter\Session\Handlers\FileHandler' driver.
INFO - 2022-01-09 14:45:29 --> Controller "App\Controllers\admin\Admin" loaded.
INFO - 2022-01-09 14:45:29 --> Session: Class initialized using 'CodeIgniter\Session\Handlers\FileHandler' driver.
INFO - 2022-01-09 14:45:29 --> Controller "App\Controllers\admin\Admin" loaded.
INFO - 2022-01-09 14:45:38 --> Session: Class initialized using 'CodeIgniter\Session\Handlers\FileHandler' driver.
INFO - 2022-01-09 14:45:38 --> Controller "App\Controllers\admin\Admin" loaded.
INFO - 2022-01-09 14:45:38 --> Session: Class initialized using 'CodeIgniter\Session\Handlers\FileHandler' driver.
INFO - 2022-01-09 14:45:38 --> Controller "App\Controllers\admin\Admin" loaded.
INFO - 2022-01-09 14:45:42 --> Session: Class initialized using 'CodeIgniter\Session\Handlers\FileHandler' driver.
INFO - 2022-01-09 14:45:42 --> Controller "App\Controllers\admin\Admin" loaded.
INFO - 2022-01-09 14:45:44 --> Session: Class initialized using 'CodeIgniter\Session\Handlers\FileHandler' driver.
INFO - 2022-01-09 14:45:44 --> Controller "App\Controllers\admin\Admin" loaded.
INFO - 2022-01-09 14:45:51 --> Session: Class initialized using 'CodeIgniter\Session\Handlers\FileHandler' driver.
INFO - 2022-01-09 14:45:51 --> Controller "App\Controllers\admin\Admin" loaded.
INFO - 2022-01-09 14:46:11 --> Session: Class initialized using 'CodeIgniter\Session\Handlers\FileHandler' driver.
INFO - 2022-01-09 14:46:11 --> Controller "App\Controllers\base\Dashboard" loaded.
INFO - 2022-01-09 14:46:11 --> Session: Class initialized using 'CodeIgniter\Session\Handlers\FileHandler' driver.
INFO - 2022-01-09 14:46:11 --> Controller "App\Controllers\base\Dashboard" loaded.
INFO - 2022-01-09 14:46:13 --> Session: Class initialized using 'CodeIgniter\Session\Handlers\FileHandler' driver.
INFO - 2022-01-09 14:46:13 --> Controller "App\Controllers\base\Dashboard" loaded.
INFO - 2022-01-09 14:46:13 --> Session: Class initialized using 'CodeIgniter\Session\Handlers\FileHandler' driver.
INFO - 2022-01-09 14:46:13 --> Controller "App\Controllers\base\Dashboard" loaded.
INFO - 2022-01-09 14:46:19 --> Session: Class initialized using 'CodeIgniter\Session\Handlers\FileHandler' driver.
INFO - 2022-01-09 14:46:19 --> Controller "App\Controllers\base\Dashboard" loaded.
INFO - 2022-01-09 14:46:19 --> Session: Class initialized using 'CodeIgniter\Session\Handlers\FileHandler' driver.
INFO - 2022-01-09 14:46:19 --> Controller "App\Controllers\base\Dashboard" loaded.
INFO - 2022-01-09 14:46:21 --> Session: Class initialized using 'CodeIgniter\Session\Handlers\FileHandler' driver.
INFO - 2022-01-09 14:46:21 --> Controller "App\Controllers\base\Dashboard" loaded.
INFO - 2022-01-09 14:46:23 --> Session: Class initialized using 'CodeIgniter\Session\Handlers\FileHandler' driver.
INFO - 2022-01-09 14:46:23 --> Controller "App\Controllers\base\Dashboard" loaded.
INFO - 2022-01-09 14:46:38 --> Controller "App\Controllers\base\Beranda" loaded.
INFO - 2022-01-09 14:46:44 --> Session: Class initialized using 'CodeIgniter\Session\Handlers\FileHandler' driver.
INFO - 2022-01-09 14:46:44 --> Controller "App\Controllers\base\Dashboard" loaded.
INFO - 2022-01-09 14:46:44 --> Session: Class initialized using 'CodeIgniter\Session\Handlers\FileHandler' driver.
INFO - 2022-01-09 14:46:44 --> Controller "App\Controllers\base\Dashboard" loaded.
INFO - 2022-01-09 14:50:03 --> Controller "App\Controllers\base\Beranda" loaded.
INFO - 2022-01-09 14:57:42 --> Session: Class initialized using 'CodeIgniter\Session\Handlers\FileHandler' driver.
INFO - 2022-01-09 14:57:42 --> Controller "App\Controllers\undangan\Undangan" loaded.
INFO - 2022-01-09 14:57:48 --> Session: Class initialized using 'CodeIgniter\Session\Handlers\FileHandler' driver.
INFO - 2022-01-09 14:57:48 --> Controller "App\Controllers\undangan\Undangan" loaded.
INFO - 2022-01-09 14:58:06 --> Controller "App\Controllers\base\Beranda" loaded.
INFO - 2022-01-09 15:00:03 --> Controller "App\Controllers\base\Beranda" loaded.
INFO - 2022-01-09 15:10:02 --> Controller "App\Controllers\base\Beranda" loaded.
INFO - 2022-01-09 15:20:03 --> Controller "App\Controllers\base\Beranda" loaded.
INFO - 2022-01-09 15:27:18 --> Session: Class initialized using 'CodeIgniter\Session\Handlers\FileHandler' driver.
INFO - 2022-01-09 15:27:18 --> Controller "App\Controllers\base\Dashboard" loaded.
INFO - 2022-01-09 15:27:19 --> Session: Class initialized using 'CodeIgniter\Session\Handlers\FileHandler' driver.
INFO - 2022-01-09 15:27:19 --> Controller "App\Controllers\base\Dashboard" loaded.
INFO - 2022-01-09 15:27:20 --> Controller "App\Controllers\base\Beranda" loaded.
INFO - 2022-01-09 15:27:20 --> Controller "App\Controllers\base\Beranda" loaded.
INFO - 2022-01-09 15:27:25 --> Session: Class initialized using 'CodeIgniter\Session\Handlers\FileHandler' driver.
INFO - 2022-01-09 15:27:25 --> Controller "App\Controllers\base\Dashboard" loaded.
INFO - 2022-01-09 15:27:25 --> Session: Class initialized using 'CodeIgniter\Session\Handlers\FileHandler' driver.
INFO - 2022-01-09 15:27:25 --> Controller "App\Controllers\base\Dashboard" loaded.
INFO - 2022-01-09 15:27:27 --> Controller "App\Controllers\base\Beranda" loaded.
INFO - 2022-01-09 15:27:27 --> Controller "App\Controllers\base\Beranda" loaded.
INFO - 2022-01-09 15:27:29 --> Session: Class initialized using 'CodeIgniter\Session\Handlers\FileHandler' driver.
INFO - 2022-01-09 15:27:29 --> Controller "App\Controllers\base\Dashboard" loaded.
INFO - 2022-01-09 15:27:31 --> Session: Class initialized using 'CodeIgniter\Session\Handlers\FileHandler' driver.
INFO - 2022-01-09 15:27:31 --> Controller "App\Controllers\base\Dashboard" loaded.
INFO - 2022-01-09 15:27:34 --> Session: Class initialized using 'CodeIgniter\Session\Handlers\FileHandler' driver.
INFO - 2022-01-09 15:27:34 --> Controller "App\Controllers\base\Dashboard" loaded.
INFO - 2022-01-09 15:27:38 --> Session: Class initialized using 'CodeIgniter\Session\Handlers\FileHandler' driver.
INFO - 2022-01-09 15:27:38 --> Controller "App\Controllers\undangan\Undangan" loaded.
INFO - 2022-01-09 15:27:39 --> Session: Class initialized using 'CodeIgniter\Session\Handlers\FileHandler' driver.
INFO - 2022-01-09 15:27:39 --> Controller "App\Controllers\undangan\Undangan" loaded.
INFO - 2022-01-09 15:27:39 --> Session: Class initialized using 'CodeIgniter\Session\Handlers\FileHandler' driver.
INFO - 2022-01-09 15:27:39 --> Controller "App\Controllers\undangan\Undangan" loaded.
INFO - 2022-01-09 15:27:40 --> Session: Class initialized using 'CodeIgniter\Session\Handlers\FileHandler' driver.
INFO - 2022-01-09 15:27:40 --> Controller "App\Controllers\undangan\Undangan" loaded.
INFO - 2022-01-09 15:27:40 --> Session: Class initialized using 'CodeIgniter\Session\Handlers\FileHandler' driver.
INFO - 2022-01-09 15:27:40 --> Controller "App\Controllers\undangan\Undangan" loaded.
INFO - 2022-01-09 15:27:40 --> Session: Class initialized using 'CodeIgniter\Session\Handlers\FileHandler' driver.
INFO - 2022-01-09 15:27:40 --> Controller "App\Controllers\undangan\Undangan" loaded.
INFO - 2022-01-09 15:27:41 --> Session: Class initialized using 'CodeIgniter\Session\Handlers\FileHandler' driver.
INFO - 2022-01-09 15:27:41 --> Controller "App\Controllers\undangan\Undangan" loaded.
INFO - 2022-01-09 15:27:41 --> Session: Class initialized using 'CodeIgniter\Session\Handlers\FileHandler' driver.
INFO - 2022-01-09 15:27:41 --> Controller "App\Controllers\undangan\Undangan" loaded.
INFO - 2022-01-09 15:27:42 --> Session: Class initialized using 'CodeIgniter\Session\Handlers\FileHandler' driver.
INFO - 2022-01-09 15:27:42 --> Controller "App\Controllers\undangan\Undangan" loaded.
INFO - 2022-01-09 15:27:42 --> Session: Class initialized using 'CodeIgniter\Session\Handlers\FileHandler' driver.
INFO - 2022-01-09 15:27:42 --> Controller "App\Controllers\undangan\Undangan" loaded.
INFO - 2022-01-09 15:27:42 --> Session: Class initialized using 'CodeIgniter\Session\Handlers\FileHandler' driver.
INFO - 2022-01-09 15:27:42 --> Controller "App\Controllers\undangan\Undangan" loaded.
INFO - 2022-01-09 15:27:43 --> Session: Class initialized using 'CodeIgniter\Session\Handlers\FileHandler' driver.
INFO - 2022-01-09 15:27:43 --> Controller "App\Controllers\undangan\Undangan" loaded.
INFO - 2022-01-09 15:27:43 --> Session: Class initialized using 'CodeIgniter\Session\Handlers\FileHandler' driver.
INFO - 2022-01-09 15:27:43 --> Controller "App\Controllers\undangan\Undangan" loaded.
INFO - 2022-01-09 15:27:44 --> Session: Class initialized using 'CodeIgniter\Session\Handlers\FileHandler' driver.
INFO - 2022-01-09 15:27:44 --> Controller "App\Controllers\undangan\Undangan" loaded.
INFO - 2022-01-09 15:27:44 --> Session: Class initialized using 'CodeIgniter\Session\Handlers\FileHandler' driver.
INFO - 2022-01-09 15:27:44 --> Controller "App\Controllers\undangan\Undangan" loaded.
INFO - 2022-01-09 15:27:45 --> Session: Class initialized using 'CodeIgniter\Session\Handlers\FileHandler' driver.
INFO - 2022-01-09 15:27:45 --> Controller "App\Controllers\undangan\Undangan" loaded.
INFO - 2022-01-09 15:27:45 --> Session: Class initialized using 'CodeIgniter\Session\Handlers\FileHandler' driver.
INFO - 2022-01-09 15:27:45 --> Controller "App\Controllers\undangan\Undangan" loaded.
INFO - 2022-01-09 15:27:47 --> Session: Class initialized using 'CodeIgniter\Session\Handlers\FileHandler' driver.
INFO - 2022-01-09 15:27:47 --> Controller "App\Controllers\undangan\Undangan" loaded.
INFO - 2022-01-09 15:27:47 --> Session: Class initialized using 'CodeIgniter\Session\Handlers\FileHandler' driver.
INFO - 2022-01-09 15:27:47 --> Controller "App\Controllers\undangan\Undangan" loaded.
INFO - 2022-01-09 15:27:48 --> Session: Class initialized using 'CodeIgniter\Session\Handlers\FileHandler' driver.
INFO - 2022-01-09 15:27:48 --> Controller "App\Controllers\undangan\Undangan" loaded.
INFO - 2022-01-09 15:30:02 --> Controller "App\Controllers\base\Beranda" loaded.
INFO - 2022-01-09 15:40:03 --> Controller "App\Controllers\base\Beranda" loaded.
INFO - 2022-01-09 15:42:27 --> Session: Class initialized using 'CodeIgniter\Session\Handlers\FileHandler' driver.
INFO - 2022-01-09 15:42:27 --> Controller "App\Controllers\base\Order" loaded.
INFO - 2022-01-09 15:50:03 --> Controller "App\Controllers\base\Beranda" loaded.
INFO - 2022-01-09 16:00:03 --> Controller "App\Controllers\base\Beranda" loaded.
INFO - 2022-01-09 16:05:07 --> Session: Class initialized using 'CodeIgniter\Session\Handlers\FileHandler' driver.
INFO - 2022-01-09 16:05:07 --> Controller "App\Controllers\base\Order" loaded.
INFO - 2022-01-09 16:10:02 --> Controller "App\Controllers\base\Beranda" loaded.
INFO - 2022-01-09 16:20:03 --> Controller "App\Controllers\base\Beranda" loaded.
INFO - 2022-01-09 16:22:26 --> Controller "App\Controllers\base\Beranda" loaded.
INFO - 2022-01-09 16:30:03 --> Controller "App\Controllers\base\Beranda" loaded.
INFO - 2022-01-09 16:40:03 --> Controller "App\Controllers\base\Beranda" loaded.
INFO - 2022-01-09 16:50:03 --> Controller "App\Controllers\base\Beranda" loaded.
INFO - 2022-01-09 16:58:52 --> Controller "App\Controllers\base\Beranda" loaded.
INFO - 2022-01-09 16:58:54 --> Controller "App\Controllers\base\Beranda" loaded.
INFO - 2022-01-09 17:00:03 --> Controller "App\Controllers\base\Beranda" loaded.
INFO - 2022-01-09 17:10:03 --> Controller "App\Controllers\base\Beranda" loaded.
INFO - 2022-01-09 17:20:03 --> Controller "App\Controllers\base\Beranda" loaded.
INFO - 2022-01-09 17:30:03 --> Controller "App\Controllers\base\Beranda" loaded.
INFO - 2022-01-09 17:40:03 --> Controller "App\Controllers\base\Beranda" loaded.
INFO - 2022-01-09 17:50:03 --> Controller "App\Controllers\base\Beranda" loaded.
INFO - 2022-01-09 18:00:03 --> Controller "App\Controllers\base\Beranda" loaded.
INFO - 2022-01-09 18:07:34 --> Session: Class initialized using 'CodeIgniter\Session\Handlers\FileHandler' driver.
INFO - 2022-01-09 18:07:34 --> Controller "App\Controllers\admin\Admin" loaded.
INFO - 2022-01-09 18:10:03 --> Controller "App\Controllers\base\Beranda" loaded.
INFO - 2022-01-09 18:20:04 --> Controller "App\Controllers\base\Beranda" loaded.
INFO - 2022-01-09 18:21:57 --> Controller "App\Controllers\base\Beranda" loaded.
INFO - 2022-01-09 18:30:03 --> Controller "App\Controllers\base\Beranda" loaded.
INFO - 2022-01-09 18:34:10 --> Controller "App\Controllers\base\Beranda" loaded.
INFO - 2022-01-09 18:34:11 --> Controller "App\Controllers\base\Beranda" loaded.
INFO - 2022-01-09 18:34:12 --> Controller "App\Controllers\base\Beranda" loaded.
INFO - 2022-01-09 18:40:03 --> Controller "App\Controllers\base\Beranda" loaded.
INFO - 2022-01-09 18:43:14 --> Controller "App\Controllers\base\Beranda" loaded.
INFO - 2022-01-09 18:50:03 --> Controller "App\Controllers\base\Beranda" loaded.
INFO - 2022-01-09 18:50:15 --> Controller "App\Controllers\base\Beranda" loaded.
INFO - 2022-01-09 18:54:20 --> Controller "App\Controllers\base\Beranda" loaded.
INFO - 2022-01-09 19:00:03 --> Controller "App\Controllers\base\Beranda" loaded.
INFO - 2022-01-09 19:01:07 --> Session: Class initialized using 'CodeIgniter\Session\Handlers\FileHandler' driver.
INFO - 2022-01-09 19:01:07 --> Controller "App\Controllers\admin\Admin" loaded.
INFO - 2022-01-09 19:10:03 --> Controller "App\Controllers\base\Beranda" loaded.
INFO - 2022-01-09 19:15:21 --> Session: Class initialized using 'CodeIgniter\Session\Handlers\FileHandler' driver.
INFO - 2022-01-09 19:15:21 --> Controller "App\Controllers\bukutamu\Bukutamu" loaded.
INFO - 2022-01-09 19:16:19 --> Session: Class initialized using 'CodeIgniter\Session\Handlers\FileHandler' driver.
INFO - 2022-01-09 19:16:19 --> Controller "App\Controllers\undangan\Undangan" loaded.
INFO - 2022-01-09 19:17:20 --> Session: Class initialized using 'CodeIgniter\Session\Handlers\FileHandler' driver.
INFO - 2022-01-09 19:17:20 --> Controller "App\Controllers\undangan\Undangan" loaded.
INFO - 2022-01-09 19:17:47 --> Controller "App\Controllers\base\Beranda" loaded.
INFO - 2022-01-09 19:18:03 --> Session: Class initialized using 'CodeIgniter\Session\Handlers\FileHandler' driver.
INFO - 2022-01-09 19:18:03 --> Controller "App\Controllers\base\Order" loaded.
INFO - 2022-01-09 19:18:03 --> Controller "App\Controllers\base\Beranda" loaded.
INFO - 2022-01-09 19:18:17 --> Session: Class initialized using 'CodeIgniter\Session\Handlers\FileHandler' driver.
INFO - 2022-01-09 19:18:17 --> Controller "App\Controllers\base\Order" loaded.
INFO - 2022-01-09 19:18:43 --> Controller "App\Controllers\base\Beranda" loaded.
INFO - 2022-01-09 19:19:33 --> Session: Class initialized using 'CodeIgniter\Session\Handlers\FileHandler' driver.
INFO - 2022-01-09 19:19:33 --> Controller "App\Controllers\base\Order" loaded.
INFO - 2022-01-09 19:20:03 --> Controller "App\Controllers\base\Beranda" loaded.
INFO - 2022-01-09 19:30:03 --> Controller "App\Controllers\base\Beranda" loaded.
INFO - 2022-01-09 19:31:11 --> Controller "App\Controllers\base\Beranda" loaded.
INFO - 2022-01-09 19:40:03 --> Controller "App\Controllers\base\Beranda" loaded.
INFO - 2022-01-09 19:43:18 --> Controller "App\Controllers\base\Beranda" loaded.
INFO - 2022-01-09 19:49:14 --> Controller "App\Controllers\base\Beranda" loaded.
INFO - 2022-01-09 19:49:58 --> Controller "App\Controllers\base\Beranda" loaded.
INFO - 2022-01-09 19:50:02 --> Controller "App\Controllers\base\Beranda" loaded.
INFO - 2022-01-09 19:50:45 --> Controller "App\Controllers\base\Beranda" loaded.
INFO - 2022-01-09 19:51:09 --> Controller "App\Controllers\base\Beranda" loaded.
INFO - 2022-01-09 19:51:58 --> Controller "App\Controllers\base\Beranda" loaded.
INFO - 2022-01-09 19:55:05 --> Controller "App\Controllers\base\Beranda" loaded.
INFO - 2022-01-09 19:55:06 --> Controller "App\Controllers\base\Beranda" loaded.
INFO - 2022-01-09 20:00:04 --> Controller "App\Controllers\base\Beranda" loaded.
INFO - 2022-01-09 20:10:02 --> Controller "App\Controllers\base\Beranda" loaded.
INFO - 2022-01-09 20:20:04 --> Controller "App\Controllers\base\Beranda" loaded.
INFO - 2022-01-09 20:30:03 --> Controller "App\Controllers\base\Beranda" loaded.
INFO - 2022-01-09 20:40:03 --> Controller "App\Controllers\base\Beranda" loaded.
INFO - 2022-01-09 20:46:17 --> Controller "App\Controllers\base\Beranda" loaded.
INFO - 2022-01-09 20:50:03 --> Controller "App\Controllers\base\Beranda" loaded.
INFO - 2022-01-09 20:52:41 --> Controller "App\Controllers\base\Beranda" loaded.
INFO - 2022-01-09 21:00:03 --> Controller "App\Controllers\base\Beranda" loaded.
INFO - 2022-01-09 21:10:03 --> Controller "App\Controllers\base\Beranda" loaded.
INFO - 2022-01-09 21:20:04 --> Controller "App\Controllers\base\Beranda" loaded.
INFO - 2022-01-09 21:30:03 --> Controller "App\Controllers\base\Beranda" loaded.
INFO - 2022-01-09 21:31:36 --> Session: Class initialized using 'CodeIgniter\Session\Handlers\FileHandler' driver.
INFO - 2022-01-09 21:31:36 --> Session: Class initialized using 'CodeIgniter\Session\Handlers\FileHandler' driver.
INFO - 2022-01-09 21:31:36 --> Controller "App\Controllers\base\Dashboard" loaded.
INFO - 2022-01-09 21:31:38 --> Controller "App\Controllers\base\Beranda" loaded.
INFO - 2022-01-09 21:31:38 --> Controller "App\Controllers\base\Beranda" loaded.
INFO - 2022-01-09 21:31:39 --> Controller "App\Controllers\base\Beranda" loaded.
INFO - 2022-01-09 21:31:43 --> Session: Class initialized using 'CodeIgniter\Session\Handlers\FileHandler' driver.
INFO - 2022-01-09 21:31:43 --> Controller "App\Controllers\base\Dashboard" loaded.
INFO - 2022-01-09 21:31:43 --> Session: Class initialized using 'CodeIgniter\Session\Handlers\FileHandler' driver.
INFO - 2022-01-09 21:31:43 --> Controller "App\Controllers\base\Dashboard" loaded.
INFO - 2022-01-09 21:31:44 --> Controller "App\Controllers\base\Beranda" loaded.
INFO - 2022-01-09 21:31:46 --> Session: Class initialized using 'CodeIgniter\Session\Handlers\FileHandler' driver.
INFO - 2022-01-09 21:31:46 --> Controller "App\Controllers\base\Dashboard" loaded.
INFO - 2022-01-09 21:31:51 --> Session: Class initialized using 'CodeIgniter\Session\Handlers\FileHandler' driver.
INFO - 2022-01-09 21:31:51 --> Controller "App\Controllers\base\Dashboard" loaded.
INFO - 2022-01-09 21:31:51 --> Session: Class initialized using 'CodeIgniter\Session\Handlers\FileHandler' driver.
INFO - 2022-01-09 21:31:51 --> Controller "App\Controllers\base\Dashboard" loaded.
INFO - 2022-01-09 21:31:55 --> Session: Class initialized using 'CodeIgniter\Session\Handlers\FileHandler' driver.
INFO - 2022-01-09 21:31:55 --> Controller "App\Controllers\base\Dashboard" loaded.
INFO - 2022-01-09 21:32:25 --> Controller "App\Controllers\base\Beranda" loaded.
INFO - 2022-01-09 21:33:16 --> Session: Class initialized using 'CodeIgniter\Session\Handlers\FileHandler' driver.
INFO - 2022-01-09 21:33:16 --> Controller "App\Controllers\base\Dashboard" loaded.
INFO - 2022-01-09 21:33:18 --> Session: Class initialized using 'CodeIgniter\Session\Handlers\FileHandler' driver.
INFO - 2022-01-09 21:33:18 --> Controller "App\Controllers\base\Dashboard" loaded.
CRITICAL - 2022-01-09 21:33:18 --> 22 : The requested URL returned error: 400 
#0 /home/nguh5634/public_html/system/HTTP/CURLRequest.php(823): CodeIgniter\HTTP\Exceptions\HTTPException::forCurlError('22', 'The requested U...')
#1 /home/nguh5634/public_html/system/HTTP/CURLRequest.php(449): CodeIgniter\HTTP\CURLRequest->sendRequest(Array)
#2 /home/nguh5634/public_html/system/HTTP/CURLRequest.php(158): CodeIgniter\HTTP\CURLRequest->send('POST', 'https://app.mid...')
#3 /home/nguh5634/public_html/app/ThirdParty/Codenom/Midtrans/src/HTTP/APIMidtrans.php(37): CodeIgniter\HTTP\CURLRequest->request('POST', 'https://app.mid...', Array)
#4 /home/nguh5634/public_html/app/ThirdParty/Codenom/Midtrans/src/Midtrans.php(55): Codenom\Midtrans\HTTP\APIMidtrans::call('POST', 'https://app.mid...', 'Mid-server-ukNz...', Array)
#5 /home/nguh5634/public_html/app/Controllers/base/Dashboard.php(1190): Codenom\Midtrans\Midtrans->getSnapToken(Array)
#6 /home/nguh5634/public_html/system/CodeIgniter.php(910): App\Controllers\base\Dashboard->token()
#7 /home/nguh5634/public_html/system/CodeIgniter.php(398): CodeIgniter\CodeIgniter->runController(Object(App\Controllers\base\Dashboard))
#8 /home/nguh5634/public_html/system/CodeIgniter.php(306): CodeIgniter\CodeIgniter->handleRequest(NULL, Object(Config\Cache), false)
#9 /home/nguh5634/public_html/index.php(45): CodeIgniter\CodeIgniter->run()
#10 {main}
INFO - 2022-01-09 21:37:14 --> Session: Class initialized using 'CodeIgniter\Session\Handlers\FileHandler' driver.
INFO - 2022-01-09 21:37:14 --> Controller "App\Controllers\base\Dashboard" loaded.
INFO - 2022-01-09 21:37:14 --> Session: Class initialized using 'CodeIgniter\Session\Handlers\FileHandler' driver.
INFO - 2022-01-09 21:37:14 --> Controller "App\Controllers\base\Dashboard" loaded.
INFO - 2022-01-09 21:37:16 --> Session: Class initialized using 'CodeIgniter\Session\Handlers\FileHandler' driver.
INFO - 2022-01-09 21:37:16 --> Controller "App\Controllers\base\Dashboard" loaded.
INFO - 2022-01-09 21:37:18 --> Session: Class initialized using 'CodeIgniter\Session\Handlers\FileHandler' driver.
INFO - 2022-01-09 21:37:18 --> Controller "App\Controllers\base\Dashboard" loaded.
INFO - 2022-01-09 21:40:03 --> Controller "App\Controllers\base\Beranda" loaded.
INFO - 2022-01-09 21:40:52 --> Controller "App\Controllers\base\Beranda" loaded.
INFO - 2022-01-09 21:41:25 --> Controller "App\Controllers\base\Beranda" loaded.
INFO - 2022-01-09 21:41:27 --> Controller "App\Controllers\base\Beranda" loaded.
INFO - 2022-01-09 21:41:30 --> Controller "App\Controllers\base\Beranda" loaded.
INFO - 2022-01-09 21:41:33 --> Controller "App\Controllers\base\Beranda" loaded.
INFO - 2022-01-09 21:41:36 --> Controller "App\Controllers\base\Beranda" loaded.
INFO - 2022-01-09 21:41:39 --> Session: Class initialized using 'CodeIgniter\Session\Handlers\FileHandler' driver.
INFO - 2022-01-09 21:41:39 --> Controller "App\Controllers\base\Order" loaded.
INFO - 2022-01-09 21:41:41 --> Controller "App\Controllers\base\Beranda" loaded.
INFO - 2022-01-09 21:41:44 --> Controller "App\Controllers\base\Beranda" loaded.
INFO - 2022-01-09 21:50:03 --> Controller "App\Controllers\base\Beranda" loaded.
INFO - 2022-01-09 21:51:17 --> Session: Class initialized using 'CodeIgniter\Session\Handlers\FileHandler' driver.
INFO - 2022-01-09 21:51:17 --> Controller "App\Controllers\base\Dashboard" loaded.
INFO - 2022-01-09 21:51:19 --> Controller "App\Controllers\base\Beranda" loaded.
INFO - 2022-01-09 22:00:03 --> Controller "App\Controllers\base\Beranda" loaded.
INFO - 2022-01-09 22:06:41 --> Controller "App\Controllers\base\Beranda" loaded.
INFO - 2022-01-09 22:06:44 --> Controller "App\Controllers\base\Beranda" loaded.
INFO - 2022-01-09 22:10:05 --> Controller "App\Controllers\base\Beranda" loaded.
INFO - 2022-01-09 22:15:47 --> Session: Class initialized using 'CodeIgniter\Session\Handlers\FileHandler' driver.
INFO - 2022-01-09 22:15:47 --> Controller "App\Controllers\base\Dashboard" loaded.
INFO - 2022-01-09 22:15:54 --> Controller "App\Controllers\base\Beranda" loaded.
INFO - 2022-01-09 22:20:03 --> Controller "App\Controllers\base\Beranda" loaded.
INFO - 2022-01-09 22:30:03 --> Controller "App\Controllers\base\Beranda" loaded.
INFO - 2022-01-09 22:40:03 --> Controller "App\Controllers\base\Beranda" loaded.
INFO - 2022-01-09 22:50:03 --> Controller "App\Controllers\base\Beranda" loaded.
INFO - 2022-01-09 22:58:36 --> Controller "App\Controllers\base\Beranda" loaded.
INFO - 2022-01-09 23:31:17 --> Controller "App\Controllers\base\Beranda" loaded.
