INFO - 2021-08-16 00:52:59 --> Controller "App\Controllers\base\Beranda" loaded.
INFO - 2021-08-16 03:11:20 --> Session: Class initialized using 'CodeIgniter\Session\Handlers\FileHandler' driver.
INFO - 2021-08-16 03:11:20 --> Controller "App\Controllers\undangan\Undangan" loaded.
INFO - 2021-08-16 04:57:43 --> Controller "App\Controllers\base\Beranda" loaded.
INFO - 2021-08-16 06:34:31 --> Controller "App\Controllers\base\Beranda" loaded.
INFO - 2021-08-16 06:42:08 --> Controller "App\Controllers\base\Beranda" loaded.
INFO - 2021-08-16 07:00:02 --> Controller "App\Controllers\base\Beranda" loaded.
INFO - 2021-08-16 07:10:02 --> Controller "App\Controllers\base\Beranda" loaded.
INFO - 2021-08-16 07:20:02 --> Controller "App\Controllers\base\Beranda" loaded.
INFO - 2021-08-16 07:30:02 --> Controller "App\Controllers\base\Beranda" loaded.
INFO - 2021-08-16 07:40:02 --> Controller "App\Controllers\base\Beranda" loaded.
INFO - 2021-08-16 07:50:02 --> Controller "App\Controllers\base\Beranda" loaded.
INFO - 2021-08-16 07:56:09 --> Controller "App\Controllers\base\Beranda" loaded.
INFO - 2021-08-16 08:00:02 --> Controller "App\Controllers\base\Beranda" loaded.
INFO - 2021-08-16 08:10:02 --> Controller "App\Controllers\base\Beranda" loaded.
INFO - 2021-08-16 08:20:02 --> Controller "App\Controllers\base\Beranda" loaded.
INFO - 2021-08-16 08:30:02 --> Controller "App\Controllers\base\Beranda" loaded.
INFO - 2021-08-16 08:38:44 --> Controller "App\Controllers\base\Beranda" loaded.
INFO - 2021-08-16 08:39:45 --> Controller "App\Controllers\base\Beranda" loaded.
INFO - 2021-08-16 08:40:02 --> Controller "App\Controllers\base\Beranda" loaded.
INFO - 2021-08-16 08:40:12 --> Session: Class initialized using 'CodeIgniter\Session\Handlers\FileHandler' driver.
INFO - 2021-08-16 08:40:12 --> Controller "App\Controllers\bukutamu\Bukutamu" loaded.
INFO - 2021-08-16 08:40:14 --> Session: Class initialized using 'CodeIgniter\Session\Handlers\FileHandler' driver.
INFO - 2021-08-16 08:40:14 --> Controller "App\Controllers\bukutamu\Bukutamu" loaded.
INFO - 2021-08-16 08:40:18 --> Controller "App\Controllers\base\Beranda" loaded.
INFO - 2021-08-16 08:40:18 --> Controller "App\Controllers\base\Beranda" loaded.
INFO - 2021-08-16 08:40:18 --> Controller "App\Controllers\base\Beranda" loaded.
INFO - 2021-08-16 08:40:18 --> Controller "App\Controllers\base\Beranda" loaded.
INFO - 2021-08-16 08:40:18 --> Controller "App\Controllers\base\Beranda" loaded.
INFO - 2021-08-16 08:40:18 --> Controller "App\Controllers\base\Beranda" loaded.
INFO - 2021-08-16 08:40:18 --> Controller "App\Controllers\base\Beranda" loaded.
INFO - 2021-08-16 08:40:18 --> Controller "App\Controllers\base\Beranda" loaded.
INFO - 2021-08-16 08:40:18 --> Controller "App\Controllers\base\Beranda" loaded.
INFO - 2021-08-16 08:40:18 --> Controller "App\Controllers\base\Beranda" loaded.
INFO - 2021-08-16 08:40:18 --> Session: Class initialized using 'CodeIgniter\Session\Handlers\FileHandler' driver.
INFO - 2021-08-16 08:40:18 --> Controller "App\Controllers\undangan\Undangan" loaded.
INFO - 2021-08-16 08:40:18 --> Session: Class initialized using 'CodeIgniter\Session\Handlers\FileHandler' driver.
INFO - 2021-08-16 08:40:18 --> Controller "App\Controllers\undangan\Undangan" loaded.
INFO - 2021-08-16 08:40:19 --> Session: Class initialized using 'CodeIgniter\Session\Handlers\FileHandler' driver.
INFO - 2021-08-16 08:40:19 --> Controller "App\Controllers\undangan\Undangan" loaded.
INFO - 2021-08-16 08:40:19 --> Session: Class initialized using 'CodeIgniter\Session\Handlers\FileHandler' driver.
INFO - 2021-08-16 08:40:19 --> Controller "App\Controllers\undangan\Undangan" loaded.
INFO - 2021-08-16 08:44:32 --> Session: Class initialized using 'CodeIgniter\Session\Handlers\FileHandler' driver.
INFO - 2021-08-16 08:44:32 --> Controller "App\Controllers\undangan\Undangan" loaded.
INFO - 2021-08-16 08:45:13 --> Session: Class initialized using 'CodeIgniter\Session\Handlers\FileHandler' driver.
INFO - 2021-08-16 08:45:13 --> Controller "App\Controllers\bukutamu\Bukutamu" loaded.
INFO - 2021-08-16 08:49:44 --> Controller "App\Controllers\base\Beranda" loaded.
INFO - 2021-08-16 08:50:02 --> Controller "App\Controllers\base\Beranda" loaded.
INFO - 2021-08-16 08:51:41 --> Session: Class initialized using 'CodeIgniter\Session\Handlers\FileHandler' driver.
INFO - 2021-08-16 08:51:41 --> Controller "App\Controllers\undangan\Undangan" loaded.
INFO - 2021-08-16 09:00:02 --> Controller "App\Controllers\base\Beranda" loaded.
INFO - 2021-08-16 09:10:02 --> Controller "App\Controllers\base\Beranda" loaded.
INFO - 2021-08-16 09:13:35 --> Controller "App\Controllers\base\Beranda" loaded.
INFO - 2021-08-16 09:13:35 --> Controller "App\Controllers\base\Beranda" loaded.
INFO - 2021-08-16 09:13:36 --> Controller "App\Controllers\base\Beranda" loaded.
INFO - 2021-08-16 09:13:36 --> Controller "App\Controllers\base\Beranda" loaded.
INFO - 2021-08-16 09:13:37 --> Controller "App\Controllers\base\Beranda" loaded.
INFO - 2021-08-16 09:13:37 --> Controller "App\Controllers\base\Beranda" loaded.
INFO - 2021-08-16 09:13:38 --> Controller "App\Controllers\base\Beranda" loaded.
INFO - 2021-08-16 09:13:38 --> Controller "App\Controllers\base\Beranda" loaded.
INFO - 2021-08-16 09:13:39 --> Controller "App\Controllers\base\Beranda" loaded.
INFO - 2021-08-16 09:13:39 --> Controller "App\Controllers\base\Beranda" loaded.
INFO - 2021-08-16 09:13:40 --> Controller "App\Controllers\base\Beranda" loaded.
INFO - 2021-08-16 09:13:40 --> Controller "App\Controllers\base\Beranda" loaded.
INFO - 2021-08-16 09:13:41 --> Controller "App\Controllers\base\Beranda" loaded.
INFO - 2021-08-16 09:13:41 --> Controller "App\Controllers\base\Beranda" loaded.
INFO - 2021-08-16 09:13:42 --> Controller "App\Controllers\base\Beranda" loaded.
INFO - 2021-08-16 09:13:42 --> Controller "App\Controllers\base\Beranda" loaded.
INFO - 2021-08-16 09:13:43 --> Controller "App\Controllers\base\Beranda" loaded.
INFO - 2021-08-16 09:13:43 --> Controller "App\Controllers\base\Beranda" loaded.
INFO - 2021-08-16 09:13:44 --> Controller "App\Controllers\base\Beranda" loaded.
INFO - 2021-08-16 09:13:44 --> Controller "App\Controllers\base\Beranda" loaded.
INFO - 2021-08-16 09:13:45 --> Controller "App\Controllers\base\Beranda" loaded.
INFO - 2021-08-16 09:13:45 --> Controller "App\Controllers\base\Beranda" loaded.
INFO - 2021-08-16 09:13:46 --> Controller "App\Controllers\base\Beranda" loaded.
INFO - 2021-08-16 09:13:46 --> Controller "App\Controllers\base\Beranda" loaded.
INFO - 2021-08-16 09:13:47 --> Controller "App\Controllers\base\Beranda" loaded.
INFO - 2021-08-16 09:13:47 --> Controller "App\Controllers\base\Beranda" loaded.
INFO - 2021-08-16 09:13:48 --> Controller "App\Controllers\base\Beranda" loaded.
INFO - 2021-08-16 09:13:48 --> Controller "App\Controllers\base\Beranda" loaded.
INFO - 2021-08-16 09:13:49 --> Controller "App\Controllers\base\Beranda" loaded.
INFO - 2021-08-16 09:13:49 --> Controller "App\Controllers\base\Beranda" loaded.
INFO - 2021-08-16 09:20:03 --> Controller "App\Controllers\base\Beranda" loaded.
INFO - 2021-08-16 09:30:02 --> Controller "App\Controllers\base\Beranda" loaded.
INFO - 2021-08-16 09:40:02 --> Controller "App\Controllers\base\Beranda" loaded.
INFO - 2021-08-16 09:50:02 --> Controller "App\Controllers\base\Beranda" loaded.
INFO - 2021-08-16 10:00:02 --> Controller "App\Controllers\base\Beranda" loaded.
INFO - 2021-08-16 10:10:02 --> Controller "App\Controllers\base\Beranda" loaded.
INFO - 2021-08-16 10:19:56 --> Controller "App\Controllers\base\Beranda" loaded.
INFO - 2021-08-16 10:20:02 --> Controller "App\Controllers\base\Beranda" loaded.
INFO - 2021-08-16 10:30:02 --> Controller "App\Controllers\base\Beranda" loaded.
INFO - 2021-08-16 10:40:02 --> Controller "App\Controllers\base\Beranda" loaded.
INFO - 2021-08-16 10:50:03 --> Controller "App\Controllers\base\Beranda" loaded.
INFO - 2021-08-16 11:00:02 --> Controller "App\Controllers\base\Beranda" loaded.
INFO - 2021-08-16 11:10:03 --> Controller "App\Controllers\base\Beranda" loaded.
INFO - 2021-08-16 11:20:02 --> Controller "App\Controllers\base\Beranda" loaded.
INFO - 2021-08-16 11:30:03 --> Controller "App\Controllers\base\Beranda" loaded.
INFO - 2021-08-16 11:40:02 --> Controller "App\Controllers\base\Beranda" loaded.
INFO - 2021-08-16 11:50:02 --> Controller "App\Controllers\base\Beranda" loaded.
INFO - 2021-08-16 12:00:02 --> Controller "App\Controllers\base\Beranda" loaded.
INFO - 2021-08-16 12:10:02 --> Controller "App\Controllers\base\Beranda" loaded.
INFO - 2021-08-16 12:20:02 --> Controller "App\Controllers\base\Beranda" loaded.
INFO - 2021-08-16 12:30:02 --> Controller "App\Controllers\base\Beranda" loaded.
INFO - 2021-08-16 12:40:02 --> Controller "App\Controllers\base\Beranda" loaded.
INFO - 2021-08-16 12:50:03 --> Controller "App\Controllers\base\Beranda" loaded.
INFO - 2021-08-16 13:00:02 --> Controller "App\Controllers\base\Beranda" loaded.
INFO - 2021-08-16 13:10:02 --> Controller "App\Controllers\base\Beranda" loaded.
INFO - 2021-08-16 13:20:02 --> Controller "App\Controllers\base\Beranda" loaded.
INFO - 2021-08-16 13:30:02 --> Controller "App\Controllers\base\Beranda" loaded.
INFO - 2021-08-16 13:40:02 --> Controller "App\Controllers\base\Beranda" loaded.
INFO - 2021-08-16 13:50:02 --> Controller "App\Controllers\base\Beranda" loaded.
INFO - 2021-08-16 14:00:02 --> Controller "App\Controllers\base\Beranda" loaded.
INFO - 2021-08-16 14:10:02 --> Controller "App\Controllers\base\Beranda" loaded.
INFO - 2021-08-16 14:20:02 --> Controller "App\Controllers\base\Beranda" loaded.
INFO - 2021-08-16 14:30:02 --> Controller "App\Controllers\base\Beranda" loaded.
INFO - 2021-08-16 14:40:02 --> Controller "App\Controllers\base\Beranda" loaded.
INFO - 2021-08-16 14:50:02 --> Controller "App\Controllers\base\Beranda" loaded.
INFO - 2021-08-16 15:00:02 --> Controller "App\Controllers\base\Beranda" loaded.
INFO - 2021-08-16 15:10:02 --> Controller "App\Controllers\base\Beranda" loaded.
INFO - 2021-08-16 15:20:02 --> Controller "App\Controllers\base\Beranda" loaded.
INFO - 2021-08-16 15:30:02 --> Controller "App\Controllers\base\Beranda" loaded.
INFO - 2021-08-16 15:40:02 --> Controller "App\Controllers\base\Beranda" loaded.
INFO - 2021-08-16 15:45:28 --> Session: Class initialized using 'CodeIgniter\Session\Handlers\FileHandler' driver.
INFO - 2021-08-16 15:45:28 --> Controller "App\Controllers\undangan\Undangan" loaded.
INFO - 2021-08-16 15:45:49 --> Session: Class initialized using 'CodeIgniter\Session\Handlers\FileHandler' driver.
INFO - 2021-08-16 15:45:49 --> Controller "App\Controllers\undangan\Undangan" loaded.
INFO - 2021-08-16 15:45:56 --> Controller "App\Controllers\base\Beranda" loaded.
INFO - 2021-08-16 15:46:00 --> Session: Class initialized using 'CodeIgniter\Session\Handlers\FileHandler' driver.
INFO - 2021-08-16 15:46:00 --> Controller "App\Controllers\undangan\Undangan" loaded.
INFO - 2021-08-16 15:47:26 --> Session: Class initialized using 'CodeIgniter\Session\Handlers\FileHandler' driver.
INFO - 2021-08-16 15:47:26 --> Controller "App\Controllers\undangan\Undangan" loaded.
INFO - 2021-08-16 15:47:26 --> Session: Class initialized using 'CodeIgniter\Session\Handlers\FileHandler' driver.
INFO - 2021-08-16 15:47:26 --> Controller "App\Controllers\undangan\Undangan" loaded.
INFO - 2021-08-16 15:47:26 --> Session: Class initialized using 'CodeIgniter\Session\Handlers\FileHandler' driver.
INFO - 2021-08-16 15:47:26 --> Controller "App\Controllers\undangan\Undangan" loaded.
INFO - 2021-08-16 15:50:02 --> Controller "App\Controllers\base\Beranda" loaded.
INFO - 2021-08-16 16:00:02 --> Controller "App\Controllers\base\Beranda" loaded.
INFO - 2021-08-16 16:10:02 --> Controller "App\Controllers\base\Beranda" loaded.
INFO - 2021-08-16 16:20:02 --> Controller "App\Controllers\base\Beranda" loaded.
INFO - 2021-08-16 16:30:02 --> Controller "App\Controllers\base\Beranda" loaded.
INFO - 2021-08-16 16:36:42 --> Controller "App\Controllers\base\Beranda" loaded.
INFO - 2021-08-16 16:40:03 --> Controller "App\Controllers\base\Beranda" loaded.
INFO - 2021-08-16 16:50:02 --> Controller "App\Controllers\base\Beranda" loaded.
INFO - 2021-08-16 16:53:19 --> Controller "App\Controllers\base\Beranda" loaded.
INFO - 2021-08-16 16:55:36 --> Controller "App\Controllers\base\Beranda" loaded.
INFO - 2021-08-16 16:55:36 --> Controller "App\Controllers\base\Beranda" loaded.
INFO - 2021-08-16 17:00:02 --> Controller "App\Controllers\base\Beranda" loaded.
INFO - 2021-08-16 17:10:03 --> Controller "App\Controllers\base\Beranda" loaded.
INFO - 2021-08-16 17:20:03 --> Controller "App\Controllers\base\Beranda" loaded.
INFO - 2021-08-16 17:30:02 --> Controller "App\Controllers\base\Beranda" loaded.
INFO - 2021-08-16 17:40:02 --> Controller "App\Controllers\base\Beranda" loaded.
INFO - 2021-08-16 17:50:02 --> Controller "App\Controllers\base\Beranda" loaded.
INFO - 2021-08-16 17:51:59 --> Controller "App\Controllers\base\Beranda" loaded.
INFO - 2021-08-16 17:51:59 --> Controller "App\Controllers\base\Beranda" loaded.
INFO - 2021-08-16 17:52:00 --> Controller "App\Controllers\base\Beranda" loaded.
INFO - 2021-08-16 17:52:00 --> Controller "App\Controllers\base\Beranda" loaded.
INFO - 2021-08-16 17:52:00 --> Controller "App\Controllers\base\Beranda" loaded.
INFO - 2021-08-16 17:52:00 --> Controller "App\Controllers\base\Beranda" loaded.
INFO - 2021-08-16 17:52:01 --> Controller "App\Controllers\base\Beranda" loaded.
INFO - 2021-08-16 17:52:01 --> Controller "App\Controllers\base\Beranda" loaded.
INFO - 2021-08-16 17:52:01 --> Controller "App\Controllers\base\Beranda" loaded.
INFO - 2021-08-16 17:52:01 --> Controller "App\Controllers\base\Beranda" loaded.
INFO - 2021-08-16 17:52:03 --> Controller "App\Controllers\base\Beranda" loaded.
INFO - 2021-08-16 17:52:03 --> Controller "App\Controllers\base\Beranda" loaded.
INFO - 2021-08-16 17:52:03 --> Controller "App\Controllers\base\Beranda" loaded.
INFO - 2021-08-16 17:52:04 --> Controller "App\Controllers\base\Beranda" loaded.
INFO - 2021-08-16 17:52:04 --> Controller "App\Controllers\base\Beranda" loaded.
INFO - 2021-08-16 17:52:04 --> Controller "App\Controllers\base\Beranda" loaded.
INFO - 2021-08-16 17:52:04 --> Controller "App\Controllers\base\Beranda" loaded.
INFO - 2021-08-16 17:52:05 --> Controller "App\Controllers\base\Beranda" loaded.
INFO - 2021-08-16 17:52:05 --> Controller "App\Controllers\base\Beranda" loaded.
INFO - 2021-08-16 18:00:02 --> Controller "App\Controllers\base\Beranda" loaded.
INFO - 2021-08-16 18:10:03 --> Controller "App\Controllers\base\Beranda" loaded.
INFO - 2021-08-16 18:20:02 --> Controller "App\Controllers\base\Beranda" loaded.
INFO - 2021-08-16 18:23:58 --> Session: Class initialized using 'CodeIgniter\Session\Handlers\FileHandler' driver.
INFO - 2021-08-16 18:23:58 --> Controller "App\Controllers\base\Order" loaded.
INFO - 2021-08-16 18:30:02 --> Controller "App\Controllers\base\Beranda" loaded.
INFO - 2021-08-16 18:40:02 --> Controller "App\Controllers\base\Beranda" loaded.
INFO - 2021-08-16 18:50:02 --> Controller "App\Controllers\base\Beranda" loaded.
INFO - 2021-08-16 19:00:02 --> Controller "App\Controllers\base\Beranda" loaded.
INFO - 2021-08-16 19:10:03 --> Controller "App\Controllers\base\Beranda" loaded.
INFO - 2021-08-16 19:13:07 --> Controller "App\Controllers\base\Beranda" loaded.
INFO - 2021-08-16 19:20:02 --> Controller "App\Controllers\base\Beranda" loaded.
INFO - 2021-08-16 19:30:02 --> Controller "App\Controllers\base\Beranda" loaded.
INFO - 2021-08-16 19:40:02 --> Controller "App\Controllers\base\Beranda" loaded.
INFO - 2021-08-16 19:50:02 --> Controller "App\Controllers\base\Beranda" loaded.
INFO - 2021-08-16 20:00:02 --> Controller "App\Controllers\base\Beranda" loaded.
INFO - 2021-08-16 20:10:02 --> Controller "App\Controllers\base\Beranda" loaded.
INFO - 2021-08-16 20:16:58 --> Controller "App\Controllers\base\Beranda" loaded.
INFO - 2021-08-16 20:20:02 --> Controller "App\Controllers\base\Beranda" loaded.
INFO - 2021-08-16 20:28:58 --> Session: Class initialized using 'CodeIgniter\Session\Handlers\FileHandler' driver.
INFO - 2021-08-16 20:28:58 --> Controller "App\Controllers\base\Dashboard" loaded.
INFO - 2021-08-16 20:30:02 --> Controller "App\Controllers\base\Beranda" loaded.
INFO - 2021-08-16 20:40:02 --> Controller "App\Controllers\base\Beranda" loaded.
INFO - 2021-08-16 20:50:02 --> Controller "App\Controllers\base\Beranda" loaded.
INFO - 2021-08-16 21:00:02 --> Controller "App\Controllers\base\Beranda" loaded.
INFO - 2021-08-16 21:02:48 --> Session: Class initialized using 'CodeIgniter\Session\Handlers\FileHandler' driver.
INFO - 2021-08-16 21:02:48 --> Controller "App\Controllers\base\Dashboard" loaded.
INFO - 2021-08-16 21:07:00 --> Controller "App\Controllers\base\Beranda" loaded.
INFO - 2021-08-16 21:10:02 --> Controller "App\Controllers\base\Beranda" loaded.
INFO - 2021-08-16 21:20:02 --> Controller "App\Controllers\base\Beranda" loaded.
INFO - 2021-08-16 21:25:09 --> Controller "App\Controllers\base\Beranda" loaded.
INFO - 2021-08-16 21:26:35 --> Controller "App\Controllers\base\Beranda" loaded.
INFO - 2021-08-16 21:26:52 --> Controller "App\Controllers\base\Beranda" loaded.
INFO - 2021-08-16 21:27:21 --> Controller "App\Controllers\base\Beranda" loaded.
INFO - 2021-08-16 21:27:34 --> Controller "App\Controllers\base\Beranda" loaded.
INFO - 2021-08-16 21:28:23 --> Controller "App\Controllers\base\Beranda" loaded.
INFO - 2021-08-16 21:28:30 --> Controller "App\Controllers\base\Beranda" loaded.
INFO - 2021-08-16 21:29:04 --> Controller "App\Controllers\base\Beranda" loaded.
INFO - 2021-08-16 21:29:07 --> Controller "App\Controllers\base\Beranda" loaded.
INFO - 2021-08-16 21:30:02 --> Controller "App\Controllers\base\Beranda" loaded.
INFO - 2021-08-16 21:30:26 --> Session: Class initialized using 'CodeIgniter\Session\Handlers\FileHandler' driver.
INFO - 2021-08-16 21:30:26 --> Controller "App\Controllers\bukutamu\Bukutamu" loaded.
INFO - 2021-08-16 21:30:46 --> Session: Class initialized using 'CodeIgniter\Session\Handlers\FileHandler' driver.
INFO - 2021-08-16 21:30:46 --> Controller "App\Controllers\bukutamu\Bukutamu" loaded.
INFO - 2021-08-16 21:32:40 --> Controller "App\Controllers\base\Beranda" loaded.
INFO - 2021-08-16 21:40:02 --> Controller "App\Controllers\base\Beranda" loaded.
INFO - 2021-08-16 21:50:02 --> Controller "App\Controllers\base\Beranda" loaded.
INFO - 2021-08-16 21:53:25 --> Controller "App\Controllers\base\Beranda" loaded.
INFO - 2021-08-16 21:53:35 --> Session: Class initialized using 'CodeIgniter\Session\Handlers\FileHandler' driver.
INFO - 2021-08-16 21:53:35 --> Controller "App\Controllers\base\Order" loaded.
INFO - 2021-08-16 21:53:35 --> Controller "App\Controllers\base\Beranda" loaded.
INFO - 2021-08-16 21:53:47 --> Session: Class initialized using 'CodeIgniter\Session\Handlers\FileHandler' driver.
INFO - 2021-08-16 21:53:47 --> Controller "App\Controllers\undangan\Undangan" loaded.
INFO - 2021-08-16 21:54:22 --> Controller "App\Controllers\base\Beranda" loaded.
INFO - 2021-08-16 21:54:49 --> Controller "App\Controllers\base\Beranda" loaded.
INFO - 2021-08-16 21:55:29 --> Session: Class initialized using 'CodeIgniter\Session\Handlers\FileHandler' driver.
INFO - 2021-08-16 21:55:29 --> Controller "App\Controllers\undangan\Undangan" loaded.
INFO - 2021-08-16 21:55:29 --> Session: Class initialized using 'CodeIgniter\Session\Handlers\FileHandler' driver.
INFO - 2021-08-16 21:55:29 --> Controller "App\Controllers\undangan\Undangan" loaded.
INFO - 2021-08-16 21:55:29 --> Session: Class initialized using 'CodeIgniter\Session\Handlers\FileHandler' driver.
INFO - 2021-08-16 21:55:29 --> Controller "App\Controllers\undangan\Undangan" loaded.
INFO - 2021-08-16 21:55:59 --> Session: Class initialized using 'CodeIgniter\Session\Handlers\FileHandler' driver.
INFO - 2021-08-16 21:55:59 --> Controller "App\Controllers\undangan\Undangan" loaded.
INFO - 2021-08-16 21:56:19 --> Controller "App\Controllers\base\Beranda" loaded.
INFO - 2021-08-16 21:56:53 --> Session: Class initialized using 'CodeIgniter\Session\Handlers\FileHandler' driver.
INFO - 2021-08-16 21:56:53 --> Controller "App\Controllers\bukutamu\Bukutamu" loaded.
INFO - 2021-08-16 22:17:16 --> Controller "App\Controllers\base\Beranda" loaded.
INFO - 2021-08-16 22:22:14 --> Controller "App\Controllers\base\Beranda" loaded.
INFO - 2021-08-16 22:22:29 --> Controller "App\Controllers\base\Beranda" loaded.
INFO - 2021-08-16 22:42:38 --> Controller "App\Controllers\base\Beranda" loaded.
INFO - 2021-08-16 22:53:01 --> Controller "App\Controllers\base\Beranda" loaded.
INFO - 2021-08-16 22:53:37 --> Session: Class initialized using 'CodeIgniter\Session\Handlers\FileHandler' driver.
INFO - 2021-08-16 22:53:37 --> Controller "App\Controllers\undangan\Undangan" loaded.
INFO - 2021-08-16 22:53:37 --> Session: Class initialized using 'CodeIgniter\Session\Handlers\FileHandler' driver.
INFO - 2021-08-16 22:53:37 --> Controller "App\Controllers\undangan\Undangan" loaded.
INFO - 2021-08-16 22:54:41 --> Session: Class initialized using 'CodeIgniter\Session\Handlers\FileHandler' driver.
INFO - 2021-08-16 22:54:41 --> Controller "App\Controllers\bukutamu\Bukutamu" loaded.
INFO - 2021-08-16 22:54:52 --> Session: Class initialized using 'CodeIgniter\Session\Handlers\FileHandler' driver.
INFO - 2021-08-16 22:54:52 --> Controller "App\Controllers\bukutamu\Bukutamu" loaded.
INFO - 2021-08-16 23:03:42 --> Controller "App\Controllers\base\Beranda" loaded.
INFO - 2021-08-16 23:07:25 --> Controller "App\Controllers\base\Beranda" loaded.
INFO - 2021-08-16 23:07:51 --> Controller "App\Controllers\base\Beranda" loaded.
INFO - 2021-08-16 23:16:21 --> Controller "App\Controllers\base\Beranda" loaded.
INFO - 2021-08-16 23:18:19 --> Session: Class initialized using 'CodeIgniter\Session\Handlers\FileHandler' driver.
INFO - 2021-08-16 23:18:19 --> Controller "App\Controllers\base\Order" loaded.
INFO - 2021-08-16 23:18:51 --> Session: Class initialized using 'CodeIgniter\Session\Handlers\FileHandler' driver.
INFO - 2021-08-16 23:18:51 --> Controller "App\Controllers\base\Order" loaded.
INFO - 2021-08-16 23:19:11 --> Session: Class initialized using 'CodeIgniter\Session\Handlers\FileHandler' driver.
INFO - 2021-08-16 23:19:11 --> Controller "App\Controllers\base\Order" loaded.
INFO - 2021-08-16 23:19:11 --> Session: Class initialized using 'CodeIgniter\Session\Handlers\FileHandler' driver.
INFO - 2021-08-16 23:19:11 --> Controller "App\Controllers\base\Order" loaded.
INFO - 2021-08-16 23:19:11 --> Session: Class initialized using 'CodeIgniter\Session\Handlers\FileHandler' driver.
INFO - 2021-08-16 23:19:11 --> Controller "App\Controllers\base\Order" loaded.
INFO - 2021-08-16 23:50:04 --> Controller "App\Controllers\base\Beranda" loaded.
INFO - 2021-08-16 23:50:05 --> Controller "App\Controllers\base\Beranda" loaded.
INFO - 2021-08-16 23:50:05 --> Controller "App\Controllers\base\Beranda" loaded.
INFO - 2021-08-16 23:50:05 --> Controller "App\Controllers\base\Beranda" loaded.
INFO - 2021-08-16 23:50:06 --> Controller "App\Controllers\base\Beranda" loaded.
INFO - 2021-08-16 23:50:06 --> Controller "App\Controllers\base\Beranda" loaded.
INFO - 2021-08-16 23:50:06 --> Controller "App\Controllers\base\Beranda" loaded.
INFO - 2021-08-16 23:50:07 --> Controller "App\Controllers\base\Beranda" loaded.
INFO - 2021-08-16 23:50:07 --> Controller "App\Controllers\base\Beranda" loaded.
INFO - 2021-08-16 23:50:07 --> Controller "App\Controllers\base\Beranda" loaded.
INFO - 2021-08-16 23:50:08 --> Controller "App\Controllers\base\Beranda" loaded.
INFO - 2021-08-16 23:50:08 --> Controller "App\Controllers\base\Beranda" loaded.
INFO - 2021-08-16 23:50:08 --> Controller "App\Controllers\base\Beranda" loaded.
INFO - 2021-08-16 23:50:09 --> Controller "App\Controllers\base\Beranda" loaded.
INFO - 2021-08-16 23:50:09 --> Controller "App\Controllers\base\Beranda" loaded.
INFO - 2021-08-16 23:50:09 --> Controller "App\Controllers\base\Beranda" loaded.
INFO - 2021-08-16 23:50:09 --> Controller "App\Controllers\base\Beranda" loaded.
INFO - 2021-08-16 23:50:10 --> Controller "App\Controllers\base\Beranda" loaded.
INFO - 2021-08-16 23:50:10 --> Controller "App\Controllers\base\Beranda" loaded.
INFO - 2021-08-16 23:50:10 --> Controller "App\Controllers\base\Beranda" loaded.
