INFO - 2021-02-12 00:00:29 --> Controller "App\Controllers\base\Beranda" loaded.
INFO - 2021-02-12 00:00:31 --> Controller "App\Controllers\base\Beranda" loaded.
INFO - 2021-02-12 00:01:01 --> Session: Class initialized using 'CodeIgniter\Session\Handlers\FileHandler' driver.
INFO - 2021-02-12 00:01:01 --> Controller "App\Controllers\base\Dashboard" loaded.
INFO - 2021-02-12 00:01:04 --> Controller "App\Controllers\base\Beranda" loaded.
INFO - 2021-02-12 00:01:04 --> Controller "App\Controllers\base\Beranda" loaded.
INFO - 2021-02-12 00:49:27 --> Controller "App\Controllers\base\Beranda" loaded.
INFO - 2021-02-12 00:51:07 --> Controller "App\Controllers\base\Beranda" loaded.
INFO - 2021-02-12 00:51:07 --> Controller "App\Controllers\base\Beranda" loaded.
INFO - 2021-02-12 00:56:09 --> Controller "App\Controllers\base\Beranda" loaded.
INFO - 2021-02-12 00:56:12 --> Controller "App\Controllers\base\Beranda" loaded.
INFO - 2021-02-12 00:56:26 --> Session: Class initialized using 'CodeIgniter\Session\Handlers\FileHandler' driver.
INFO - 2021-02-12 00:56:26 --> Controller "App\Controllers\base\Dashboard" loaded.
INFO - 2021-02-12 00:56:35 --> Session: Class initialized using 'CodeIgniter\Session\Handlers\FileHandler' driver.
INFO - 2021-02-12 00:56:35 --> Controller "App\Controllers\base\Dashboard" loaded.
INFO - 2021-02-12 00:56:35 --> Session: Class initialized using 'CodeIgniter\Session\Handlers\FileHandler' driver.
INFO - 2021-02-12 00:56:35 --> Controller "App\Controllers\base\Dashboard" loaded.
INFO - 2021-02-12 00:56:43 --> Session: Class initialized using 'CodeIgniter\Session\Handlers\FileHandler' driver.
INFO - 2021-02-12 00:56:43 --> Controller "App\Controllers\base\Dashboard" loaded.
INFO - 2021-02-12 00:57:00 --> Session: Class initialized using 'CodeIgniter\Session\Handlers\FileHandler' driver.
INFO - 2021-02-12 00:57:00 --> Controller "App\Controllers\base\Dashboard" loaded.
INFO - 2021-02-12 00:57:00 --> Session: Class initialized using 'CodeIgniter\Session\Handlers\FileHandler' driver.
INFO - 2021-02-12 00:57:00 --> Controller "App\Controllers\base\Dashboard" loaded.
INFO - 2021-02-12 00:57:08 --> Session: Class initialized using 'CodeIgniter\Session\Handlers\FileHandler' driver.
INFO - 2021-02-12 00:57:08 --> Controller "App\Controllers\base\Dashboard" loaded.
INFO - 2021-02-12 00:57:09 --> Session: Class initialized using 'CodeIgniter\Session\Handlers\FileHandler' driver.
INFO - 2021-02-12 00:57:09 --> Controller "App\Controllers\base\Dashboard" loaded.
INFO - 2021-02-12 00:57:19 --> Session: Class initialized using 'CodeIgniter\Session\Handlers\FileHandler' driver.
INFO - 2021-02-12 00:57:19 --> Controller "App\Controllers\admin\Admin" loaded.
INFO - 2021-02-12 00:57:21 --> Session: Class initialized using 'CodeIgniter\Session\Handlers\FileHandler' driver.
INFO - 2021-02-12 00:57:21 --> Controller "App\Controllers\admin\Admin" loaded.
INFO - 2021-02-12 00:57:24 --> Session: Class initialized using 'CodeIgniter\Session\Handlers\FileHandler' driver.
INFO - 2021-02-12 00:57:24 --> Controller "App\Controllers\admin\Admin" loaded.
INFO - 2021-02-12 00:57:26 --> Session: Class initialized using 'CodeIgniter\Session\Handlers\FileHandler' driver.
INFO - 2021-02-12 00:57:26 --> Controller "App\Controllers\admin\Admin" loaded.
INFO - 2021-02-12 00:57:35 --> Session: Class initialized using 'CodeIgniter\Session\Handlers\FileHandler' driver.
INFO - 2021-02-12 00:57:35 --> Controller "App\Controllers\admin\Admin" loaded.
INFO - 2021-02-12 00:57:35 --> Session: Class initialized using 'CodeIgniter\Session\Handlers\FileHandler' driver.
INFO - 2021-02-12 00:57:35 --> Controller "App\Controllers\admin\Admin" loaded.
INFO - 2021-02-12 00:57:40 --> Session: Class initialized using 'CodeIgniter\Session\Handlers\FileHandler' driver.
INFO - 2021-02-12 00:57:40 --> Controller "App\Controllers\admin\Admin" loaded.
INFO - 2021-02-12 00:57:49 --> Session: Class initialized using 'CodeIgniter\Session\Handlers\FileHandler' driver.
INFO - 2021-02-12 00:57:49 --> Controller "App\Controllers\admin\Admin" loaded.
INFO - 2021-02-12 00:57:49 --> Session: Class initialized using 'CodeIgniter\Session\Handlers\FileHandler' driver.
INFO - 2021-02-12 00:57:49 --> Controller "App\Controllers\admin\Admin" loaded.
INFO - 2021-02-12 00:57:59 --> Session: Class initialized using 'CodeIgniter\Session\Handlers\FileHandler' driver.
INFO - 2021-02-12 00:57:59 --> Controller "App\Controllers\admin\Admin" loaded.
INFO - 2021-02-12 00:57:59 --> Session: Class initialized using 'CodeIgniter\Session\Handlers\FileHandler' driver.
INFO - 2021-02-12 00:57:59 --> Controller "App\Controllers\admin\Admin" loaded.
INFO - 2021-02-12 00:58:04 --> Session: Class initialized using 'CodeIgniter\Session\Handlers\FileHandler' driver.
INFO - 2021-02-12 00:58:04 --> Controller "App\Controllers\admin\Admin" loaded.
INFO - 2021-02-12 00:58:04 --> Session: Class initialized using 'CodeIgniter\Session\Handlers\FileHandler' driver.
INFO - 2021-02-12 00:58:04 --> Controller "App\Controllers\admin\Admin" loaded.
INFO - 2021-02-12 00:58:10 --> Controller "App\Controllers\base\Beranda" loaded.
INFO - 2021-02-12 00:58:11 --> Controller "App\Controllers\base\Beranda" loaded.
INFO - 2021-02-12 00:58:14 --> Controller "App\Controllers\base\Beranda" loaded.
INFO - 2021-02-12 01:08:03 --> Session: Class initialized using 'CodeIgniter\Session\Handlers\FileHandler' driver.
INFO - 2021-02-12 01:08:03 --> Controller "App\Controllers\admin\Admin" loaded.
INFO - 2021-02-12 01:12:37 --> Controller "App\Controllers\base\Beranda" loaded.
INFO - 2021-02-12 01:12:51 --> Controller "App\Controllers\base\Beranda" loaded.
INFO - 2021-02-12 01:13:15 --> Session: Class initialized using 'CodeIgniter\Session\Handlers\FileHandler' driver.
INFO - 2021-02-12 01:13:15 --> Controller "App\Controllers\base\Dashboard" loaded.
INFO - 2021-02-12 01:21:47 --> Session: Class initialized using 'CodeIgniter\Session\Handlers\FileHandler' driver.
INFO - 2021-02-12 01:21:47 --> Controller "App\Controllers\base\Dashboard" loaded.
INFO - 2021-02-12 01:21:48 --> Session: Class initialized using 'CodeIgniter\Session\Handlers\FileHandler' driver.
INFO - 2021-02-12 01:21:48 --> Controller "App\Controllers\base\Dashboard" loaded.
INFO - 2021-02-12 02:14:33 --> Controller "App\Controllers\base\Beranda" loaded.
INFO - 2021-02-12 02:14:34 --> Controller "App\Controllers\base\Beranda" loaded.
INFO - 2021-02-12 02:14:37 --> Controller "App\Controllers\base\Beranda" loaded.
INFO - 2021-02-12 02:14:40 --> Controller "App\Controllers\base\Beranda" loaded.
INFO - 2021-02-12 02:17:28 --> Controller "App\Controllers\base\Beranda" loaded.
INFO - 2021-02-12 02:17:28 --> Controller "App\Controllers\base\Beranda" loaded.
INFO - 2021-02-12 02:17:29 --> Controller "App\Controllers\base\Beranda" loaded.
INFO - 2021-02-12 02:21:37 --> Controller "App\Controllers\base\Beranda" loaded.
INFO - 2021-02-12 02:21:44 --> Session: Class initialized using 'CodeIgniter\Session\Handlers\FileHandler' driver.
INFO - 2021-02-12 02:21:44 --> Controller "App\Controllers\base\Order" loaded.
INFO - 2021-02-12 02:21:45 --> Controller "App\Controllers\base\Beranda" loaded.
INFO - 2021-02-12 02:21:51 --> Controller "App\Controllers\base\Beranda" loaded.
INFO - 2021-02-12 02:22:57 --> Controller "App\Controllers\base\Beranda" loaded.
INFO - 2021-02-12 02:24:03 --> Controller "App\Controllers\base\Beranda" loaded.
INFO - 2021-02-12 02:37:04 --> Controller "App\Controllers\base\Beranda" loaded.
INFO - 2021-02-12 02:37:04 --> Controller "App\Controllers\base\Beranda" loaded.
INFO - 2021-02-12 02:37:11 --> Session: Class initialized using 'CodeIgniter\Session\Handlers\FileHandler' driver.
INFO - 2021-02-12 02:37:11 --> Controller "App\Controllers\base\Order" loaded.
INFO - 2021-02-12 02:37:12 --> Controller "App\Controllers\base\Beranda" loaded.
INFO - 2021-02-12 02:37:28 --> Controller "App\Controllers\base\Beranda" loaded.
INFO - 2021-02-12 02:37:28 --> Controller "App\Controllers\base\Beranda" loaded.
INFO - 2021-02-12 02:58:32 --> Controller "App\Controllers\base\Beranda" loaded.
INFO - 2021-02-12 02:58:33 --> Controller "App\Controllers\base\Beranda" loaded.
INFO - 2021-02-12 02:58:44 --> Controller "App\Controllers\base\Beranda" loaded.
INFO - 2021-02-12 02:58:52 --> Controller "App\Controllers\base\Beranda" loaded.
INFO - 2021-02-12 02:58:53 --> Controller "App\Controllers\base\Beranda" loaded.
INFO - 2021-02-12 03:03:07 --> Controller "App\Controllers\base\Beranda" loaded.
INFO - 2021-02-12 03:07:29 --> Controller "App\Controllers\base\Beranda" loaded.
INFO - 2021-02-12 03:07:30 --> Controller "App\Controllers\base\Beranda" loaded.
INFO - 2021-02-12 03:08:23 --> Session: Class initialized using 'CodeIgniter\Session\Handlers\FileHandler' driver.
INFO - 2021-02-12 03:08:23 --> Controller "App\Controllers\base\Dashboard" loaded.
INFO - 2021-02-12 03:39:46 --> Controller "App\Controllers\base\Beranda" loaded.
INFO - 2021-02-12 03:39:48 --> Controller "App\Controllers\base\Beranda" loaded.
INFO - 2021-02-12 03:40:11 --> Controller "App\Controllers\base\Beranda" loaded.
INFO - 2021-02-12 03:40:15 --> Controller "App\Controllers\base\Beranda" loaded.
INFO - 2021-02-12 03:40:19 --> Controller "App\Controllers\base\Beranda" loaded.
INFO - 2021-02-12 03:40:20 --> Controller "App\Controllers\base\Beranda" loaded.
INFO - 2021-02-12 03:40:23 --> Controller "App\Controllers\base\Beranda" loaded.
INFO - 2021-02-12 03:40:23 --> Controller "App\Controllers\base\Beranda" loaded.
INFO - 2021-02-12 03:40:27 --> Controller "App\Controllers\base\Beranda" loaded.
INFO - 2021-02-12 03:40:29 --> Controller "App\Controllers\base\Beranda" loaded.
INFO - 2021-02-12 03:40:29 --> Controller "App\Controllers\base\Beranda" loaded.
INFO - 2021-02-12 03:40:30 --> Controller "App\Controllers\base\Beranda" loaded.
INFO - 2021-02-12 04:07:19 --> Controller "App\Controllers\base\Beranda" loaded.
INFO - 2021-02-12 04:07:20 --> Controller "App\Controllers\base\Beranda" loaded.
INFO - 2021-02-12 04:07:48 --> Controller "App\Controllers\base\Beranda" loaded.
INFO - 2021-02-12 04:07:54 --> Controller "App\Controllers\base\Beranda" loaded.
INFO - 2021-02-12 04:08:21 --> Controller "App\Controllers\base\Beranda" loaded.
INFO - 2021-02-12 04:32:20 --> Controller "App\Controllers\base\Beranda" loaded.
INFO - 2021-02-12 04:32:20 --> Controller "App\Controllers\base\Beranda" loaded.
INFO - 2021-02-12 04:32:28 --> Controller "App\Controllers\base\Beranda" loaded.
INFO - 2021-02-12 04:32:28 --> Controller "App\Controllers\base\Beranda" loaded.
INFO - 2021-02-12 04:32:29 --> Controller "App\Controllers\base\Beranda" loaded.
INFO - 2021-02-12 04:32:57 --> Controller "App\Controllers\base\Beranda" loaded.
INFO - 2021-02-12 04:32:58 --> Controller "App\Controllers\base\Beranda" loaded.
INFO - 2021-02-12 04:33:11 --> Session: Class initialized using 'CodeIgniter\Session\Handlers\FileHandler' driver.
INFO - 2021-02-12 04:33:11 --> Controller "App\Controllers\base\Dashboard" loaded.
INFO - 2021-02-12 04:33:59 --> Controller "App\Controllers\base\Beranda" loaded.
INFO - 2021-02-12 04:33:59 --> Controller "App\Controllers\base\Beranda" loaded.
INFO - 2021-02-12 04:33:59 --> Controller "App\Controllers\base\Beranda" loaded.
INFO - 2021-02-12 04:33:59 --> Controller "App\Controllers\base\Beranda" loaded.
INFO - 2021-02-12 04:34:08 --> Session: Class initialized using 'CodeIgniter\Session\Handlers\FileHandler' driver.
INFO - 2021-02-12 04:34:08 --> Controller "App\Controllers\undangan\Undangan" loaded.
INFO - 2021-02-12 04:52:24 --> Controller "App\Controllers\base\Beranda" loaded.
INFO - 2021-02-12 04:52:25 --> Controller "App\Controllers\base\Beranda" loaded.
INFO - 2021-02-12 04:52:32 --> Session: Class initialized using 'CodeIgniter\Session\Handlers\FileHandler' driver.
INFO - 2021-02-12 04:52:32 --> Controller "App\Controllers\base\Order" loaded.
INFO - 2021-02-12 04:52:32 --> Controller "App\Controllers\base\Beranda" loaded.
INFO - 2021-02-12 04:52:50 --> Controller "App\Controllers\base\Beranda" loaded.
INFO - 2021-02-12 04:54:52 --> Controller "App\Controllers\base\Beranda" loaded.
INFO - 2021-02-12 04:54:59 --> Controller "App\Controllers\base\Beranda" loaded.
INFO - 2021-02-12 04:55:10 --> Session: Class initialized using 'CodeIgniter\Session\Handlers\FileHandler' driver.
INFO - 2021-02-12 04:55:10 --> Controller "App\Controllers\base\Order" loaded.
INFO - 2021-02-12 04:55:10 --> Controller "App\Controllers\base\Beranda" loaded.
INFO - 2021-02-12 04:55:13 --> Session: Class initialized using 'CodeIgniter\Session\Handlers\FileHandler' driver.
INFO - 2021-02-12 04:55:13 --> Controller "App\Controllers\base\Order" loaded.
INFO - 2021-02-12 04:57:06 --> Controller "App\Controllers\base\Beranda" loaded.
INFO - 2021-02-12 04:57:07 --> Controller "App\Controllers\base\Beranda" loaded.
INFO - 2021-02-12 04:57:09 --> Session: Class initialized using 'CodeIgniter\Session\Handlers\FileHandler' driver.
INFO - 2021-02-12 04:57:09 --> Controller "App\Controllers\base\Order" loaded.
INFO - 2021-02-12 04:57:09 --> Controller "App\Controllers\base\Beranda" loaded.
INFO - 2021-02-12 04:57:12 --> Session: Class initialized using 'CodeIgniter\Session\Handlers\FileHandler' driver.
INFO - 2021-02-12 04:57:12 --> Controller "App\Controllers\base\Order" loaded.
INFO - 2021-02-12 04:57:29 --> Session: Class initialized using 'CodeIgniter\Session\Handlers\FileHandler' driver.
INFO - 2021-02-12 04:57:29 --> Controller "App\Controllers\base\Order" loaded.
INFO - 2021-02-12 05:08:23 --> Session: Class initialized using 'CodeIgniter\Session\Handlers\FileHandler' driver.
INFO - 2021-02-12 05:08:23 --> Controller "App\Controllers\undangan\Undangan" loaded.
INFO - 2021-02-12 05:27:06 --> Controller "App\Controllers\base\Beranda" loaded.
INFO - 2021-02-12 05:27:06 --> Controller "App\Controllers\base\Beranda" loaded.
INFO - 2021-02-12 05:40:26 --> Controller "App\Controllers\base\Beranda" loaded.
INFO - 2021-02-12 05:40:26 --> Controller "App\Controllers\base\Beranda" loaded.
INFO - 2021-02-12 05:40:33 --> Session: Class initialized using 'CodeIgniter\Session\Handlers\FileHandler' driver.
INFO - 2021-02-12 05:40:33 --> Controller "App\Controllers\base\Order" loaded.
INFO - 2021-02-12 05:40:33 --> Controller "App\Controllers\base\Beranda" loaded.
INFO - 2021-02-12 05:40:41 --> Controller "App\Controllers\base\Beranda" loaded.
INFO - 2021-02-12 06:11:26 --> Controller "App\Controllers\base\Beranda" loaded.
INFO - 2021-02-12 06:11:29 --> Controller "App\Controllers\base\Beranda" loaded.
INFO - 2021-02-12 07:23:15 --> Controller "App\Controllers\base\Beranda" loaded.
INFO - 2021-02-12 07:57:44 --> Controller "App\Controllers\base\Beranda" loaded.
INFO - 2021-02-12 07:57:46 --> Controller "App\Controllers\base\Beranda" loaded.
INFO - 2021-02-12 07:57:47 --> Controller "App\Controllers\base\Beranda" loaded.
INFO - 2021-02-12 09:06:36 --> Controller "App\Controllers\base\Beranda" loaded.
INFO - 2021-02-12 09:06:36 --> Controller "App\Controllers\base\Beranda" loaded.
INFO - 2021-02-12 09:06:43 --> Session: Class initialized using 'CodeIgniter\Session\Handlers\FileHandler' driver.
INFO - 2021-02-12 09:06:43 --> Controller "App\Controllers\base\Dashboard" loaded.
INFO - 2021-02-12 09:07:02 --> Session: Class initialized using 'CodeIgniter\Session\Handlers\FileHandler' driver.
INFO - 2021-02-12 09:07:02 --> Controller "App\Controllers\base\Dashboard" loaded.
INFO - 2021-02-12 09:07:02 --> Controller "App\Controllers\base\Beranda" loaded.
INFO - 2021-02-12 09:07:04 --> Controller "App\Controllers\base\Beranda" loaded.
INFO - 2021-02-12 09:07:05 --> Controller "App\Controllers\base\Beranda" loaded.
INFO - 2021-02-12 09:26:15 --> Controller "App\Controllers\base\Beranda" loaded.
INFO - 2021-02-12 09:26:15 --> Controller "App\Controllers\base\Beranda" loaded.
INFO - 2021-02-12 09:26:15 --> Controller "App\Controllers\base\Beranda" loaded.
INFO - 2021-02-12 09:26:15 --> Controller "App\Controllers\base\Beranda" loaded.
INFO - 2021-02-12 09:47:48 --> Controller "App\Controllers\base\Beranda" loaded.
INFO - 2021-02-12 09:47:54 --> Controller "App\Controllers\base\Beranda" loaded.
INFO - 2021-02-12 12:41:55 --> Controller "App\Controllers\base\Beranda" loaded.
INFO - 2021-02-12 12:41:55 --> Controller "App\Controllers\base\Beranda" loaded.
INFO - 2021-02-12 12:41:58 --> Controller "App\Controllers\base\Beranda" loaded.
INFO - 2021-02-12 12:42:48 --> Controller "App\Controllers\base\Beranda" loaded.
INFO - 2021-02-12 12:43:09 --> Controller "App\Controllers\base\Beranda" loaded.
INFO - 2021-02-12 12:43:09 --> Controller "App\Controllers\base\Beranda" loaded.
INFO - 2021-02-12 14:07:14 --> Controller "App\Controllers\base\Beranda" loaded.
INFO - 2021-02-12 14:07:14 --> Controller "App\Controllers\base\Beranda" loaded.
INFO - 2021-02-12 14:07:47 --> Controller "App\Controllers\base\Beranda" loaded.
INFO - 2021-02-12 14:07:49 --> Controller "App\Controllers\base\Beranda" loaded.
INFO - 2021-02-12 14:45:32 --> Controller "App\Controllers\base\Beranda" loaded.
INFO - 2021-02-12 14:45:34 --> Controller "App\Controllers\base\Beranda" loaded.
INFO - 2021-02-12 14:45:48 --> Session: Class initialized using 'CodeIgniter\Session\Handlers\FileHandler' driver.
INFO - 2021-02-12 14:45:48 --> Controller "App\Controllers\base\Order" loaded.
INFO - 2021-02-12 14:45:48 --> Controller "App\Controllers\base\Beranda" loaded.
INFO - 2021-02-12 14:45:53 --> Session: Class initialized using 'CodeIgniter\Session\Handlers\FileHandler' driver.
INFO - 2021-02-12 14:45:53 --> Controller "App\Controllers\base\Order" loaded.
INFO - 2021-02-12 14:46:04 --> Controller "App\Controllers\base\Beranda" loaded.
INFO - 2021-02-12 14:46:07 --> Controller "App\Controllers\base\Beranda" loaded.
INFO - 2021-02-12 14:46:24 --> Controller "App\Controllers\base\Beranda" loaded.
INFO - 2021-02-12 14:46:26 --> Controller "App\Controllers\base\Beranda" loaded.
INFO - 2021-02-12 14:46:26 --> Controller "App\Controllers\base\Beranda" loaded.
INFO - 2021-02-12 15:11:31 --> Controller "App\Controllers\base\Beranda" loaded.
INFO - 2021-02-12 17:03:12 --> Controller "App\Controllers\base\Beranda" loaded.
INFO - 2021-02-12 17:03:13 --> Controller "App\Controllers\base\Beranda" loaded.
INFO - 2021-02-12 17:03:16 --> Controller "App\Controllers\base\Beranda" loaded.
INFO - 2021-02-12 17:03:22 --> Controller "App\Controllers\base\Beranda" loaded.
INFO - 2021-02-12 17:03:28 --> Controller "App\Controllers\base\Beranda" loaded.
INFO - 2021-02-12 17:03:31 --> Controller "App\Controllers\base\Beranda" loaded.
INFO - 2021-02-12 18:10:43 --> Controller "App\Controllers\base\Beranda" loaded.
INFO - 2021-02-12 18:10:44 --> Controller "App\Controllers\base\Beranda" loaded.
INFO - 2021-02-12 18:10:47 --> Controller "App\Controllers\base\Beranda" loaded.
INFO - 2021-02-12 18:10:50 --> Session: Class initialized using 'CodeIgniter\Session\Handlers\FileHandler' driver.
INFO - 2021-02-12 18:10:50 --> Controller "App\Controllers\base\Order" loaded.
INFO - 2021-02-12 18:10:50 --> Controller "App\Controllers\base\Beranda" loaded.
INFO - 2021-02-12 18:10:55 --> Controller "App\Controllers\base\Beranda" loaded.
INFO - 2021-02-12 18:10:55 --> Controller "App\Controllers\base\Beranda" loaded.
INFO - 2021-02-12 19:06:42 --> Controller "App\Controllers\base\Beranda" loaded.
INFO - 2021-02-12 19:06:48 --> Controller "App\Controllers\base\Beranda" loaded.
INFO - 2021-02-12 19:42:33 --> Controller "App\Controllers\base\Beranda" loaded.
INFO - 2021-02-12 19:42:33 --> Controller "App\Controllers\base\Beranda" loaded.
INFO - 2021-02-12 19:42:36 --> Controller "App\Controllers\base\Beranda" loaded.
INFO - 2021-02-12 19:43:36 --> Controller "App\Controllers\base\Beranda" loaded.
INFO - 2021-02-12 19:43:36 --> Controller "App\Controllers\base\Beranda" loaded.
INFO - 2021-02-12 19:43:37 --> Controller "App\Controllers\base\Beranda" loaded.
INFO - 2021-02-12 19:43:37 --> Controller "App\Controllers\base\Beranda" loaded.
INFO - 2021-02-12 19:43:37 --> Controller "App\Controllers\base\Beranda" loaded.
INFO - 2021-02-12 19:43:37 --> Controller "App\Controllers\base\Beranda" loaded.
INFO - 2021-02-12 19:43:37 --> Controller "App\Controllers\base\Beranda" loaded.
INFO - 2021-02-12 19:49:22 --> Controller "App\Controllers\base\Beranda" loaded.
INFO - 2021-02-12 19:49:23 --> Controller "App\Controllers\base\Beranda" loaded.
INFO - 2021-02-12 20:08:56 --> Session: Class initialized using 'CodeIgniter\Session\Handlers\FileHandler' driver.
INFO - 2021-02-12 20:08:56 --> Controller "App\Controllers\admin\Admin" loaded.
INFO - 2021-02-12 20:08:57 --> Session: Class initialized using 'CodeIgniter\Session\Handlers\FileHandler' driver.
INFO - 2021-02-12 20:08:57 --> Controller "App\Controllers\admin\Admin" loaded.
INFO - 2021-02-12 20:09:00 --> Session: Class initialized using 'CodeIgniter\Session\Handlers\FileHandler' driver.
INFO - 2021-02-12 20:09:00 --> Controller "App\Controllers\admin\Admin" loaded.
INFO - 2021-02-12 20:09:02 --> Session: Class initialized using 'CodeIgniter\Session\Handlers\FileHandler' driver.
INFO - 2021-02-12 20:09:02 --> Controller "App\Controllers\admin\Admin" loaded.
INFO - 2021-02-12 20:09:13 --> Session: Class initialized using 'CodeIgniter\Session\Handlers\FileHandler' driver.
INFO - 2021-02-12 20:09:13 --> Controller "App\Controllers\admin\Admin" loaded.
INFO - 2021-02-12 20:09:14 --> Session: Class initialized using 'CodeIgniter\Session\Handlers\FileHandler' driver.
INFO - 2021-02-12 20:09:14 --> Controller "App\Controllers\admin\Admin" loaded.
INFO - 2021-02-12 20:09:23 --> Session: Class initialized using 'CodeIgniter\Session\Handlers\FileHandler' driver.
INFO - 2021-02-12 20:09:23 --> Controller "App\Controllers\admin\Admin" loaded.
INFO - 2021-02-12 20:09:28 --> Session: Class initialized using 'CodeIgniter\Session\Handlers\FileHandler' driver.
INFO - 2021-02-12 20:09:28 --> Controller "App\Controllers\admin\Admin" loaded.
INFO - 2021-02-12 20:09:32 --> Session: Class initialized using 'CodeIgniter\Session\Handlers\FileHandler' driver.
INFO - 2021-02-12 20:09:32 --> Controller "App\Controllers\admin\Admin" loaded.
INFO - 2021-02-12 20:27:37 --> Controller "App\Controllers\base\Beranda" loaded.
INFO - 2021-02-12 20:27:53 --> Controller "App\Controllers\base\Beranda" loaded.
INFO - 2021-02-12 20:27:53 --> Controller "App\Controllers\base\Beranda" loaded.
INFO - 2021-02-12 21:28:34 --> Controller "App\Controllers\base\Beranda" loaded.
INFO - 2021-02-12 21:28:36 --> Controller "App\Controllers\base\Beranda" loaded.
INFO - 2021-02-12 21:46:27 --> Controller "App\Controllers\base\Beranda" loaded.
INFO - 2021-02-12 21:46:35 --> Controller "App\Controllers\base\Beranda" loaded.
INFO - 2021-02-12 21:46:36 --> Controller "App\Controllers\base\Beranda" loaded.
INFO - 2021-02-12 21:46:39 --> Controller "App\Controllers\base\Beranda" loaded.
INFO - 2021-02-12 21:46:40 --> Controller "App\Controllers\base\Beranda" loaded.
INFO - 2021-02-12 22:02:03 --> Controller "App\Controllers\base\Beranda" loaded.
INFO - 2021-02-12 22:02:06 --> Controller "App\Controllers\base\Beranda" loaded.
INFO - 2021-02-12 22:02:08 --> Controller "App\Controllers\base\Beranda" loaded.
INFO - 2021-02-12 22:16:17 --> Controller "App\Controllers\base\Beranda" loaded.
INFO - 2021-02-12 22:16:18 --> Controller "App\Controllers\base\Beranda" loaded.
INFO - 2021-02-12 22:16:23 --> Session: Class initialized using 'CodeIgniter\Session\Handlers\FileHandler' driver.
INFO - 2021-02-12 22:16:23 --> Controller "App\Controllers\base\Order" loaded.
INFO - 2021-02-12 22:16:24 --> Controller "App\Controllers\base\Beranda" loaded.
INFO - 2021-02-12 22:22:50 --> Controller "App\Controllers\base\Beranda" loaded.
INFO - 2021-02-12 22:22:52 --> Controller "App\Controllers\base\Beranda" loaded.
INFO - 2021-02-12 22:37:51 --> Controller "App\Controllers\base\Beranda" loaded.
INFO - 2021-02-12 22:37:56 --> Controller "App\Controllers\base\Beranda" loaded.
INFO - 2021-02-12 22:38:18 --> Controller "App\Controllers\base\Beranda" loaded.
INFO - 2021-02-12 23:00:17 --> Controller "App\Controllers\base\Beranda" loaded.
INFO - 2021-02-12 23:00:20 --> Controller "App\Controllers\base\Beranda" loaded.
INFO - 2021-02-12 23:00:20 --> Controller "App\Controllers\base\Beranda" loaded.
INFO - 2021-02-12 23:00:20 --> Controller "App\Controllers\base\Beranda" loaded.
INFO - 2021-02-12 23:00:21 --> Controller "App\Controllers\base\Beranda" loaded.
INFO - 2021-02-12 23:00:21 --> Controller "App\Controllers\base\Beranda" loaded.
INFO - 2021-02-12 23:00:21 --> Controller "App\Controllers\base\Beranda" loaded.
INFO - 2021-02-12 23:00:21 --> Controller "App\Controllers\base\Beranda" loaded.
INFO - 2021-02-12 23:00:22 --> Controller "App\Controllers\base\Beranda" loaded.
INFO - 2021-02-12 23:36:09 --> Controller "App\Controllers\base\Beranda" loaded.
INFO - 2021-02-12 23:36:26 --> Controller "App\Controllers\base\Beranda" loaded.
