INFO - 2021-06-17 00:19:54 --> Controller "App\Controllers\base\Beranda" loaded.
INFO - 2021-06-17 00:47:04 --> Controller "App\Controllers\base\Beranda" loaded.
INFO - 2021-06-17 00:47:33 --> Controller "App\Controllers\base\Beranda" loaded.
INFO - 2021-06-17 00:47:33 --> Controller "App\Controllers\base\Beranda" loaded.
INFO - 2021-06-17 00:47:35 --> Controller "App\Controllers\base\Beranda" loaded.
INFO - 2021-06-17 01:12:33 --> Controller "App\Controllers\base\Beranda" loaded.
INFO - 2021-06-17 01:12:36 --> Controller "App\Controllers\base\Beranda" loaded.
INFO - 2021-06-17 01:13:21 --> Controller "App\Controllers\base\Beranda" loaded.
INFO - 2021-06-17 01:13:21 --> Controller "App\Controllers\base\Beranda" loaded.
INFO - 2021-06-17 01:32:55 --> Controller "App\Controllers\base\Beranda" loaded.
INFO - 2021-06-17 01:36:21 --> Session: Class initialized using 'CodeIgniter\Session\Handlers\FileHandler' driver.
INFO - 2021-06-17 01:36:21 --> Controller "App\Controllers\undangan\Undangan" loaded.
INFO - 2021-06-17 01:36:25 --> Session: Class initialized using 'CodeIgniter\Session\Handlers\FileHandler' driver.
INFO - 2021-06-17 01:36:25 --> Controller "App\Controllers\undangan\Undangan" loaded.
INFO - 2021-06-17 01:36:30 --> Session: Class initialized using 'CodeIgniter\Session\Handlers\FileHandler' driver.
INFO - 2021-06-17 01:36:30 --> Controller "App\Controllers\undangan\Undangan" loaded.
INFO - 2021-06-17 01:36:35 --> Session: Class initialized using 'CodeIgniter\Session\Handlers\FileHandler' driver.
INFO - 2021-06-17 01:36:35 --> Controller "App\Controllers\undangan\Undangan" loaded.
INFO - 2021-06-17 01:36:40 --> Session: Class initialized using 'CodeIgniter\Session\Handlers\FileHandler' driver.
INFO - 2021-06-17 01:36:40 --> Controller "App\Controllers\undangan\Undangan" loaded.
INFO - 2021-06-17 01:53:48 --> Controller "App\Controllers\base\Beranda" loaded.
INFO - 2021-06-17 02:42:34 --> Controller "App\Controllers\base\Beranda" loaded.
INFO - 2021-06-17 03:10:28 --> Session: Class initialized using 'CodeIgniter\Session\Handlers\FileHandler' driver.
INFO - 2021-06-17 03:10:28 --> Controller "App\Controllers\admin\Admin" loaded.
INFO - 2021-06-17 03:50:54 --> Controller "App\Controllers\base\Beranda" loaded.
INFO - 2021-06-17 04:01:28 --> Controller "App\Controllers\base\Beranda" loaded.
INFO - 2021-06-17 04:01:30 --> Controller "App\Controllers\base\Beranda" loaded.
INFO - 2021-06-17 04:44:00 --> Controller "App\Controllers\base\Beranda" loaded.
INFO - 2021-06-17 04:52:28 --> Session: Class initialized using 'CodeIgniter\Session\Handlers\FileHandler' driver.
INFO - 2021-06-17 04:52:28 --> Controller "App\Controllers\undangan\Undangan" loaded.
INFO - 2021-06-17 05:19:43 --> Controller "App\Controllers\base\Beranda" loaded.
INFO - 2021-06-17 05:19:49 --> Controller "App\Controllers\base\Beranda" loaded.
INFO - 2021-06-17 05:36:20 --> Controller "App\Controllers\base\Beranda" loaded.
INFO - 2021-06-17 05:36:49 --> Controller "App\Controllers\base\Beranda" loaded.
INFO - 2021-06-17 05:53:07 --> Controller "App\Controllers\base\Beranda" loaded.
INFO - 2021-06-17 05:55:47 --> Controller "App\Controllers\base\Beranda" loaded.
INFO - 2021-06-17 06:17:05 --> Controller "App\Controllers\base\Beranda" loaded.
INFO - 2021-06-17 06:27:33 --> Controller "App\Controllers\base\Beranda" loaded.
INFO - 2021-06-17 07:00:04 --> Controller "App\Controllers\base\Beranda" loaded.
INFO - 2021-06-17 08:00:02 --> Controller "App\Controllers\base\Beranda" loaded.
INFO - 2021-06-17 08:27:44 --> Controller "App\Controllers\base\Beranda" loaded.
INFO - 2021-06-17 08:29:36 --> Controller "App\Controllers\base\Beranda" loaded.
INFO - 2021-06-17 09:22:35 --> Session: Class initialized using 'CodeIgniter\Session\Handlers\FileHandler' driver.
INFO - 2021-06-17 09:22:35 --> Controller "App\Controllers\undangan\Undangan" loaded.
INFO - 2021-06-17 09:25:23 --> Controller "App\Controllers\base\Beranda" loaded.
INFO - 2021-06-17 09:25:28 --> Controller "App\Controllers\base\Beranda" loaded.
INFO - 2021-06-17 09:25:37 --> Session: Class initialized using 'CodeIgniter\Session\Handlers\FileHandler' driver.
INFO - 2021-06-17 09:25:37 --> Controller "App\Controllers\base\Dashboard" loaded.
INFO - 2021-06-17 09:25:47 --> Session: Class initialized using 'CodeIgniter\Session\Handlers\FileHandler' driver.
INFO - 2021-06-17 09:25:47 --> Controller "App\Controllers\base\Order" loaded.
INFO - 2021-06-17 09:25:49 --> Controller "App\Controllers\base\Beranda" loaded.
INFO - 2021-06-17 09:25:55 --> Session: Class initialized using 'CodeIgniter\Session\Handlers\FileHandler' driver.
INFO - 2021-06-17 09:25:55 --> Controller "App\Controllers\base\Order" loaded.
INFO - 2021-06-17 09:26:01 --> Controller "App\Controllers\base\Beranda" loaded.
INFO - 2021-06-17 09:26:09 --> Session: Class initialized using 'CodeIgniter\Session\Handlers\FileHandler' driver.
INFO - 2021-06-17 09:26:09 --> Controller "App\Controllers\base\Order" loaded.
INFO - 2021-06-17 09:26:15 --> Controller "App\Controllers\base\Beranda" loaded.
INFO - 2021-06-17 09:26:19 --> Session: Class initialized using 'CodeIgniter\Session\Handlers\FileHandler' driver.
INFO - 2021-06-17 09:26:19 --> Controller "App\Controllers\base\Order" loaded.
INFO - 2021-06-17 09:26:25 --> Controller "App\Controllers\base\Beranda" loaded.
INFO - 2021-06-17 09:26:30 --> Session: Class initialized using 'CodeIgniter\Session\Handlers\FileHandler' driver.
INFO - 2021-06-17 09:26:30 --> Controller "App\Controllers\base\Order" loaded.
INFO - 2021-06-17 09:26:34 --> Controller "App\Controllers\base\Beranda" loaded.
INFO - 2021-06-17 09:26:39 --> Controller "App\Controllers\base\Beranda" loaded.
INFO - 2021-06-17 09:26:46 --> Controller "App\Controllers\base\Beranda" loaded.
INFO - 2021-06-17 09:40:37 --> Controller "App\Controllers\base\Beranda" loaded.
INFO - 2021-06-17 10:24:46 --> Controller "App\Controllers\base\Beranda" loaded.
INFO - 2021-06-17 10:28:29 --> Controller "App\Controllers\base\Beranda" loaded.
INFO - 2021-06-17 11:37:49 --> Controller "App\Controllers\base\Beranda" loaded.
INFO - 2021-06-17 12:40:57 --> Session: Class initialized using 'CodeIgniter\Session\Handlers\FileHandler' driver.
INFO - 2021-06-17 12:40:57 --> Controller "App\Controllers\base\Dashboard" loaded.
INFO - 2021-06-17 12:54:47 --> Session: Class initialized using 'CodeIgniter\Session\Handlers\FileHandler' driver.
INFO - 2021-06-17 12:54:47 --> Controller "App\Controllers\undangan\Undangan" loaded.
INFO - 2021-06-17 13:15:34 --> Controller "App\Controllers\base\Beranda" loaded.
INFO - 2021-06-17 13:17:16 --> Controller "App\Controllers\base\Beranda" loaded.
INFO - 2021-06-17 13:41:07 --> Session: Class initialized using 'CodeIgniter\Session\Handlers\FileHandler' driver.
INFO - 2021-06-17 13:41:07 --> Controller "App\Controllers\base\Dashboard" loaded.
INFO - 2021-06-17 13:57:49 --> Controller "App\Controllers\base\Beranda" loaded.
INFO - 2021-06-17 14:35:18 --> Controller "App\Controllers\base\Beranda" loaded.
INFO - 2021-06-17 14:35:19 --> Controller "App\Controllers\base\Beranda" loaded.
INFO - 2021-06-17 14:47:25 --> Controller "App\Controllers\base\Beranda" loaded.
INFO - 2021-06-17 15:23:54 --> Controller "App\Controllers\base\Beranda" loaded.
INFO - 2021-06-17 16:33:08 --> Controller "App\Controllers\base\Beranda" loaded.
INFO - 2021-06-17 16:33:09 --> Controller "App\Controllers\base\Beranda" loaded.
INFO - 2021-06-17 16:33:10 --> Controller "App\Controllers\base\Beranda" loaded.
INFO - 2021-06-17 16:35:47 --> Controller "App\Controllers\base\Beranda" loaded.
INFO - 2021-06-17 16:35:50 --> Controller "App\Controllers\base\Beranda" loaded.
INFO - 2021-06-17 16:39:51 --> Controller "App\Controllers\base\Beranda" loaded.
INFO - 2021-06-17 16:39:52 --> Controller "App\Controllers\base\Beranda" loaded.
INFO - 2021-06-17 16:39:52 --> Controller "App\Controllers\base\Beranda" loaded.
INFO - 2021-06-17 16:39:58 --> Controller "App\Controllers\base\Beranda" loaded.
INFO - 2021-06-17 16:40:01 --> Controller "App\Controllers\base\Beranda" loaded.
INFO - 2021-06-17 16:40:20 --> Controller "App\Controllers\base\Beranda" loaded.
INFO - 2021-06-17 16:40:20 --> Controller "App\Controllers\base\Beranda" loaded.
INFO - 2021-06-17 16:40:20 --> Controller "App\Controllers\base\Beranda" loaded.
INFO - 2021-06-17 16:40:21 --> Controller "App\Controllers\base\Beranda" loaded.
INFO - 2021-06-17 16:41:02 --> Controller "App\Controllers\base\Beranda" loaded.
INFO - 2021-06-17 16:46:06 --> Controller "App\Controllers\base\Beranda" loaded.
INFO - 2021-06-17 16:46:06 --> Controller "App\Controllers\base\Beranda" loaded.
INFO - 2021-06-17 16:46:07 --> Controller "App\Controllers\base\Beranda" loaded.
INFO - 2021-06-17 16:47:15 --> Controller "App\Controllers\base\Beranda" loaded.
INFO - 2021-06-17 16:47:15 --> Controller "App\Controllers\base\Beranda" loaded.
INFO - 2021-06-17 16:47:24 --> Controller "App\Controllers\base\Beranda" loaded.
INFO - 2021-06-17 16:47:25 --> Controller "App\Controllers\base\Beranda" loaded.
INFO - 2021-06-17 16:47:25 --> Controller "App\Controllers\base\Beranda" loaded.
INFO - 2021-06-17 16:47:26 --> Controller "App\Controllers\base\Beranda" loaded.
INFO - 2021-06-17 16:47:32 --> Controller "App\Controllers\base\Beranda" loaded.
INFO - 2021-06-17 16:47:40 --> Controller "App\Controllers\base\Beranda" loaded.
INFO - 2021-06-17 16:47:41 --> Controller "App\Controllers\base\Beranda" loaded.
INFO - 2021-06-17 16:47:42 --> Controller "App\Controllers\base\Beranda" loaded.
INFO - 2021-06-17 16:47:43 --> Controller "App\Controllers\base\Beranda" loaded.
INFO - 2021-06-17 16:50:07 --> Controller "App\Controllers\base\Beranda" loaded.
INFO - 2021-06-17 16:52:45 --> Controller "App\Controllers\base\Beranda" loaded.
INFO - 2021-06-17 16:57:32 --> Controller "App\Controllers\base\Beranda" loaded.
INFO - 2021-06-17 16:57:32 --> Controller "App\Controllers\base\Beranda" loaded.
INFO - 2021-06-17 16:57:32 --> Controller "App\Controllers\base\Beranda" loaded.
INFO - 2021-06-17 17:03:07 --> Controller "App\Controllers\base\Beranda" loaded.
INFO - 2021-06-17 18:00:35 --> Controller "App\Controllers\base\Beranda" loaded.
INFO - 2021-06-17 18:00:41 --> Controller "App\Controllers\base\Beranda" loaded.
INFO - 2021-06-17 18:00:41 --> Controller "App\Controllers\base\Beranda" loaded.
INFO - 2021-06-17 18:00:41 --> Controller "App\Controllers\base\Beranda" loaded.
INFO - 2021-06-17 18:00:55 --> Controller "App\Controllers\base\Beranda" loaded.
INFO - 2021-06-17 18:00:56 --> Controller "App\Controllers\base\Beranda" loaded.
INFO - 2021-06-17 18:01:00 --> Controller "App\Controllers\base\Beranda" loaded.
INFO - 2021-06-17 18:01:05 --> Controller "App\Controllers\base\Beranda" loaded.
INFO - 2021-06-17 18:01:05 --> Controller "App\Controllers\base\Beranda" loaded.
INFO - 2021-06-17 18:01:06 --> Controller "App\Controllers\base\Beranda" loaded.
INFO - 2021-06-17 18:04:05 --> Controller "App\Controllers\base\Beranda" loaded.
INFO - 2021-06-17 18:04:05 --> Controller "App\Controllers\base\Beranda" loaded.
INFO - 2021-06-17 18:04:05 --> Controller "App\Controllers\base\Beranda" loaded.
INFO - 2021-06-17 18:04:10 --> Controller "App\Controllers\base\Beranda" loaded.
INFO - 2021-06-17 18:04:19 --> Controller "App\Controllers\base\Beranda" loaded.
INFO - 2021-06-17 18:04:19 --> Controller "App\Controllers\base\Beranda" loaded.
INFO - 2021-06-17 18:04:20 --> Controller "App\Controllers\base\Beranda" loaded.
INFO - 2021-06-17 18:04:24 --> Controller "App\Controllers\base\Beranda" loaded.
INFO - 2021-06-17 18:04:48 --> Controller "App\Controllers\base\Beranda" loaded.
INFO - 2021-06-17 18:11:21 --> Controller "App\Controllers\base\Beranda" loaded.
INFO - 2021-06-17 18:11:21 --> Controller "App\Controllers\base\Beranda" loaded.
INFO - 2021-06-17 18:11:23 --> Controller "App\Controllers\base\Beranda" loaded.
INFO - 2021-06-17 18:11:28 --> Session: Class initialized using 'CodeIgniter\Session\Handlers\FileHandler' driver.
INFO - 2021-06-17 18:11:28 --> Controller "App\Controllers\undangan\Undangan" loaded.
CRITICAL - 2021-06-17 18:11:28 --> Unknown column 'bon' in 'where clause'
#0 /home/nguh5634/public_html/system/Database/MySQLi/Connection.php(330): mysqli->query('SELECT *\nFROM `...')
#1 /home/nguh5634/public_html/system/Database/BaseConnection.php(738): CodeIgniter\Database\MySQLi\Connection->execute('SELECT *\nFROM `...')
#2 /home/nguh5634/public_html/system/Database/BaseConnection.php(666): CodeIgniter\Database\BaseConnection->simpleQuery('SELECT *\nFROM `...')
#3 /home/nguh5634/public_html/system/Database/BaseBuilder.php(1819): CodeIgniter\Database\BaseConnection->query('SELECT *\nFROM `...', Array, false)
#4 /home/nguh5634/public_html/app/Models/undangan/UndanganModel.php(53): CodeIgniter\Database\BaseBuilder->get()
#5 /home/nguh5634/public_html/app/Controllers/undangan/Undangan.php(88): App\Models\undangan\UndanganModel->cek_tamu('1', 'bon%20jovi')
#6 /home/nguh5634/public_html/system/CodeIgniter.php(910): App\Controllers\undangan\Undangan->undangan()
#7 /home/nguh5634/public_html/system/CodeIgniter.php(398): CodeIgniter\CodeIgniter->runController(Object(App\Controllers\undangan\Undangan))
#8 /home/nguh5634/public_html/system/CodeIgniter.php(306): CodeIgniter\CodeIgniter->handleRequest(NULL, Object(Config\Cache), false)
#9 /home/nguh5634/public_html/index.php(45): CodeIgniter\CodeIgniter->run()
#10 {main}
INFO - 2021-06-17 18:11:29 --> Controller "App\Controllers\base\Beranda" loaded.
INFO - 2021-06-17 18:11:32 --> Controller "App\Controllers\base\Beranda" loaded.
INFO - 2021-06-17 18:11:44 --> Controller "App\Controllers\base\Beranda" loaded.
INFO - 2021-06-17 18:11:51 --> Controller "App\Controllers\base\Beranda" loaded.
INFO - 2021-06-17 18:11:57 --> Session: Class initialized using 'CodeIgniter\Session\Handlers\FileHandler' driver.
INFO - 2021-06-17 18:11:57 --> Controller "App\Controllers\undangan\Undangan" loaded.
CRITICAL - 2021-06-17 18:11:57 --> Unknown column 'bon' in 'where clause'
#0 /home/nguh5634/public_html/system/Database/MySQLi/Connection.php(330): mysqli->query('SELECT *\nFROM `...')
#1 /home/nguh5634/public_html/system/Database/BaseConnection.php(738): CodeIgniter\Database\MySQLi\Connection->execute('SELECT *\nFROM `...')
#2 /home/nguh5634/public_html/system/Database/BaseConnection.php(666): CodeIgniter\Database\BaseConnection->simpleQuery('SELECT *\nFROM `...')
#3 /home/nguh5634/public_html/system/Database/BaseBuilder.php(1819): CodeIgniter\Database\BaseConnection->query('SELECT *\nFROM `...', Array, false)
#4 /home/nguh5634/public_html/app/Models/undangan/UndanganModel.php(53): CodeIgniter\Database\BaseBuilder->get()
#5 /home/nguh5634/public_html/app/Controllers/undangan/Undangan.php(88): App\Models\undangan\UndanganModel->cek_tamu('1', 'bon%20jovi')
#6 /home/nguh5634/public_html/system/CodeIgniter.php(910): App\Controllers\undangan\Undangan->undangan()
#7 /home/nguh5634/public_html/system/CodeIgniter.php(398): CodeIgniter\CodeIgniter->runController(Object(App\Controllers\undangan\Undangan))
#8 /home/nguh5634/public_html/system/CodeIgniter.php(306): CodeIgniter\CodeIgniter->handleRequest(NULL, Object(Config\Cache), false)
#9 /home/nguh5634/public_html/index.php(45): CodeIgniter\CodeIgniter->run()
#10 {main}
INFO - 2021-06-17 18:14:37 --> Controller "App\Controllers\base\Beranda" loaded.
INFO - 2021-06-17 18:15:27 --> Controller "App\Controllers\base\Beranda" loaded.
INFO - 2021-06-17 18:18:22 --> Controller "App\Controllers\base\Beranda" loaded.
INFO - 2021-06-17 18:18:22 --> Controller "App\Controllers\base\Beranda" loaded.
INFO - 2021-06-17 18:18:23 --> Controller "App\Controllers\base\Beranda" loaded.
INFO - 2021-06-17 18:18:26 --> Controller "App\Controllers\base\Beranda" loaded.
INFO - 2021-06-17 18:18:26 --> Controller "App\Controllers\base\Beranda" loaded.
INFO - 2021-06-17 18:18:27 --> Controller "App\Controllers\base\Beranda" loaded.
INFO - 2021-06-17 18:18:54 --> Controller "App\Controllers\base\Beranda" loaded.
INFO - 2021-06-17 18:19:45 --> Controller "App\Controllers\base\Beranda" loaded.
INFO - 2021-06-17 18:20:28 --> Controller "App\Controllers\base\Beranda" loaded.
INFO - 2021-06-17 18:20:37 --> Controller "App\Controllers\base\Beranda" loaded.
INFO - 2021-06-17 18:20:58 --> Controller "App\Controllers\base\Beranda" loaded.
INFO - 2021-06-17 18:21:19 --> Controller "App\Controllers\base\Beranda" loaded.
INFO - 2021-06-17 18:21:20 --> Controller "App\Controllers\base\Beranda" loaded.
INFO - 2021-06-17 18:21:20 --> Controller "App\Controllers\base\Beranda" loaded.
INFO - 2021-06-17 18:21:23 --> Controller "App\Controllers\base\Beranda" loaded.
INFO - 2021-06-17 18:21:42 --> Controller "App\Controllers\base\Beranda" loaded.
INFO - 2021-06-17 18:21:43 --> Controller "App\Controllers\base\Beranda" loaded.
INFO - 2021-06-17 18:21:44 --> Controller "App\Controllers\base\Beranda" loaded.
INFO - 2021-06-17 18:21:50 --> Controller "App\Controllers\base\Beranda" loaded.
INFO - 2021-06-17 18:21:50 --> Controller "App\Controllers\base\Beranda" loaded.
INFO - 2021-06-17 18:21:51 --> Controller "App\Controllers\base\Beranda" loaded.
INFO - 2021-06-17 18:21:55 --> Controller "App\Controllers\base\Beranda" loaded.
INFO - 2021-06-17 18:22:02 --> Controller "App\Controllers\base\Beranda" loaded.
INFO - 2021-06-17 18:22:20 --> Controller "App\Controllers\base\Beranda" loaded.
INFO - 2021-06-17 18:22:29 --> Controller "App\Controllers\base\Beranda" loaded.
INFO - 2021-06-17 18:22:29 --> Controller "App\Controllers\base\Beranda" loaded.
INFO - 2021-06-17 18:22:31 --> Controller "App\Controllers\base\Beranda" loaded.
INFO - 2021-06-17 18:24:01 --> Controller "App\Controllers\base\Beranda" loaded.
INFO - 2021-06-17 18:24:01 --> Controller "App\Controllers\base\Beranda" loaded.
INFO - 2021-06-17 18:24:01 --> Controller "App\Controllers\base\Beranda" loaded.
INFO - 2021-06-17 18:24:11 --> Controller "App\Controllers\base\Beranda" loaded.
INFO - 2021-06-17 18:24:25 --> Controller "App\Controllers\base\Beranda" loaded.
INFO - 2021-06-17 18:24:37 --> Controller "App\Controllers\base\Beranda" loaded.
INFO - 2021-06-17 18:24:37 --> Controller "App\Controllers\base\Beranda" loaded.
INFO - 2021-06-17 18:26:19 --> Controller "App\Controllers\base\Beranda" loaded.
INFO - 2021-06-17 18:26:52 --> Controller "App\Controllers\base\Beranda" loaded.
INFO - 2021-06-17 18:26:52 --> Controller "App\Controllers\base\Beranda" loaded.
INFO - 2021-06-17 18:26:52 --> Controller "App\Controllers\base\Beranda" loaded.
INFO - 2021-06-17 18:26:56 --> Controller "App\Controllers\base\Beranda" loaded.
INFO - 2021-06-17 18:26:59 --> Controller "App\Controllers\base\Beranda" loaded.
INFO - 2021-06-17 18:27:48 --> Controller "App\Controllers\base\Beranda" loaded.
INFO - 2021-06-17 18:27:54 --> Controller "App\Controllers\base\Beranda" loaded.
INFO - 2021-06-17 18:29:49 --> Controller "App\Controllers\base\Beranda" loaded.
INFO - 2021-06-17 18:29:49 --> Controller "App\Controllers\base\Beranda" loaded.
INFO - 2021-06-17 18:29:50 --> Controller "App\Controllers\base\Beranda" loaded.
INFO - 2021-06-17 18:29:53 --> Controller "App\Controllers\base\Beranda" loaded.
INFO - 2021-06-17 18:30:00 --> Controller "App\Controllers\base\Beranda" loaded.
INFO - 2021-06-17 18:30:00 --> Controller "App\Controllers\base\Beranda" loaded.
INFO - 2021-06-17 18:30:01 --> Controller "App\Controllers\base\Beranda" loaded.
INFO - 2021-06-17 18:30:16 --> Controller "App\Controllers\base\Beranda" loaded.
INFO - 2021-06-17 18:30:38 --> Controller "App\Controllers\base\Beranda" loaded.
INFO - 2021-06-17 18:34:28 --> Controller "App\Controllers\base\Beranda" loaded.
INFO - 2021-06-17 18:34:43 --> Controller "App\Controllers\base\Beranda" loaded.
INFO - 2021-06-17 18:37:33 --> Controller "App\Controllers\base\Beranda" loaded.
INFO - 2021-06-17 18:37:33 --> Controller "App\Controllers\base\Beranda" loaded.
INFO - 2021-06-17 18:37:33 --> Controller "App\Controllers\base\Beranda" loaded.
INFO - 2021-06-17 18:37:44 --> Controller "App\Controllers\base\Beranda" loaded.
INFO - 2021-06-17 18:37:51 --> Controller "App\Controllers\base\Beranda" loaded.
INFO - 2021-06-17 18:38:10 --> Controller "App\Controllers\base\Beranda" loaded.
INFO - 2021-06-17 18:38:10 --> Controller "App\Controllers\base\Beranda" loaded.
INFO - 2021-06-17 18:38:11 --> Controller "App\Controllers\base\Beranda" loaded.
INFO - 2021-06-17 18:42:36 --> Controller "App\Controllers\base\Beranda" loaded.
INFO - 2021-06-17 18:43:34 --> Controller "App\Controllers\base\Beranda" loaded.
INFO - 2021-06-17 18:43:48 --> Controller "App\Controllers\base\Beranda" loaded.
INFO - 2021-06-17 18:43:50 --> Controller "App\Controllers\base\Beranda" loaded.
INFO - 2021-06-17 18:44:21 --> Controller "App\Controllers\base\Beranda" loaded.
INFO - 2021-06-17 18:44:21 --> Controller "App\Controllers\base\Beranda" loaded.
INFO - 2021-06-17 18:44:22 --> Controller "App\Controllers\base\Beranda" loaded.
INFO - 2021-06-17 18:47:05 --> Controller "App\Controllers\base\Beranda" loaded.
INFO - 2021-06-17 18:47:06 --> Controller "App\Controllers\base\Beranda" loaded.
INFO - 2021-06-17 18:47:06 --> Controller "App\Controllers\base\Beranda" loaded.
INFO - 2021-06-17 18:47:16 --> Controller "App\Controllers\base\Beranda" loaded.
INFO - 2021-06-17 18:47:16 --> Controller "App\Controllers\base\Beranda" loaded.
INFO - 2021-06-17 18:47:17 --> Controller "App\Controllers\base\Beranda" loaded.
INFO - 2021-06-17 18:47:26 --> Controller "App\Controllers\base\Beranda" loaded.
INFO - 2021-06-17 18:47:26 --> Controller "App\Controllers\base\Beranda" loaded.
INFO - 2021-06-17 18:47:27 --> Controller "App\Controllers\base\Beranda" loaded.
INFO - 2021-06-17 18:48:30 --> Controller "App\Controllers\base\Beranda" loaded.
INFO - 2021-06-17 18:54:17 --> Controller "App\Controllers\base\Beranda" loaded.
INFO - 2021-06-17 18:54:22 --> Controller "App\Controllers\base\Beranda" loaded.
INFO - 2021-06-17 18:54:25 --> Controller "App\Controllers\base\Beranda" loaded.
INFO - 2021-06-17 18:57:09 --> Controller "App\Controllers\base\Beranda" loaded.
INFO - 2021-06-17 18:57:09 --> Controller "App\Controllers\base\Beranda" loaded.
INFO - 2021-06-17 18:57:10 --> Controller "App\Controllers\base\Beranda" loaded.
INFO - 2021-06-17 18:57:38 --> Controller "App\Controllers\base\Beranda" loaded.
INFO - 2021-06-17 18:57:55 --> Controller "App\Controllers\base\Beranda" loaded.
INFO - 2021-06-17 19:05:02 --> Controller "App\Controllers\base\Beranda" loaded.
INFO - 2021-06-17 19:05:02 --> Controller "App\Controllers\base\Beranda" loaded.
INFO - 2021-06-17 19:05:02 --> Controller "App\Controllers\base\Beranda" loaded.
INFO - 2021-06-17 19:05:03 --> Controller "App\Controllers\base\Beranda" loaded.
INFO - 2021-06-17 19:05:10 --> Controller "App\Controllers\base\Beranda" loaded.
INFO - 2021-06-17 19:05:21 --> Controller "App\Controllers\base\Beranda" loaded.
INFO - 2021-06-17 19:05:21 --> Controller "App\Controllers\base\Beranda" loaded.
INFO - 2021-06-17 19:05:22 --> Controller "App\Controllers\base\Beranda" loaded.
INFO - 2021-06-17 19:05:27 --> Controller "App\Controllers\base\Beranda" loaded.
INFO - 2021-06-17 19:05:30 --> Controller "App\Controllers\base\Beranda" loaded.
INFO - 2021-06-17 19:05:34 --> Controller "App\Controllers\base\Beranda" loaded.
INFO - 2021-06-17 19:06:05 --> Controller "App\Controllers\base\Beranda" loaded.
INFO - 2021-06-17 19:19:40 --> Controller "App\Controllers\base\Beranda" loaded.
INFO - 2021-06-17 19:19:41 --> Controller "App\Controllers\base\Beranda" loaded.
INFO - 2021-06-17 19:19:41 --> Controller "App\Controllers\base\Beranda" loaded.
INFO - 2021-06-17 19:19:52 --> Controller "App\Controllers\base\Beranda" loaded.
INFO - 2021-06-17 19:19:52 --> Controller "App\Controllers\base\Beranda" loaded.
INFO - 2021-06-17 19:19:53 --> Controller "App\Controllers\base\Beranda" loaded.
INFO - 2021-06-17 19:20:08 --> Controller "App\Controllers\base\Beranda" loaded.
INFO - 2021-06-17 19:20:08 --> Controller "App\Controllers\base\Beranda" loaded.
INFO - 2021-06-17 19:20:09 --> Controller "App\Controllers\base\Beranda" loaded.
INFO - 2021-06-17 19:20:26 --> Controller "App\Controllers\base\Beranda" loaded.
INFO - 2021-06-17 19:20:26 --> Controller "App\Controllers\base\Beranda" loaded.
INFO - 2021-06-17 19:20:27 --> Controller "App\Controllers\base\Beranda" loaded.
INFO - 2021-06-17 19:20:53 --> Controller "App\Controllers\base\Beranda" loaded.
INFO - 2021-06-17 19:21:04 --> Controller "App\Controllers\base\Beranda" loaded.
INFO - 2021-06-17 19:21:24 --> Controller "App\Controllers\base\Beranda" loaded.
INFO - 2021-06-17 19:21:57 --> Controller "App\Controllers\base\Beranda" loaded.
INFO - 2021-06-17 19:25:56 --> Controller "App\Controllers\base\Beranda" loaded.
INFO - 2021-06-17 19:25:57 --> Controller "App\Controllers\base\Beranda" loaded.
INFO - 2021-06-17 19:25:57 --> Controller "App\Controllers\base\Beranda" loaded.
INFO - 2021-06-17 19:26:00 --> Controller "App\Controllers\base\Beranda" loaded.
INFO - 2021-06-17 19:27:56 --> Controller "App\Controllers\base\Beranda" loaded.
INFO - 2021-06-17 19:28:44 --> Controller "App\Controllers\base\Beranda" loaded.
INFO - 2021-06-17 19:28:55 --> Controller "App\Controllers\base\Beranda" loaded.
INFO - 2021-06-17 19:29:08 --> Controller "App\Controllers\base\Beranda" loaded.
INFO - 2021-06-17 19:29:27 --> Controller "App\Controllers\base\Beranda" loaded.
INFO - 2021-06-17 19:31:27 --> Controller "App\Controllers\base\Beranda" loaded.
INFO - 2021-06-17 19:34:21 --> Controller "App\Controllers\base\Beranda" loaded.
INFO - 2021-06-17 19:34:22 --> Controller "App\Controllers\base\Beranda" loaded.
INFO - 2021-06-17 19:34:22 --> Controller "App\Controllers\base\Beranda" loaded.
INFO - 2021-06-17 19:39:45 --> Session: Class initialized using 'CodeIgniter\Session\Handlers\FileHandler' driver.
INFO - 2021-06-17 19:39:45 --> Controller "App\Controllers\base\Order" loaded.
INFO - 2021-06-17 19:39:46 --> Controller "App\Controllers\base\Beranda" loaded.
INFO - 2021-06-17 19:47:48 --> Controller "App\Controllers\base\Beranda" loaded.
INFO - 2021-06-17 19:47:48 --> Controller "App\Controllers\base\Beranda" loaded.
INFO - 2021-06-17 19:48:26 --> Controller "App\Controllers\base\Beranda" loaded.
INFO - 2021-06-17 20:21:12 --> Controller "App\Controllers\base\Beranda" loaded.
INFO - 2021-06-17 20:21:12 --> Controller "App\Controllers\base\Beranda" loaded.
INFO - 2021-06-17 20:21:13 --> Controller "App\Controllers\base\Beranda" loaded.
INFO - 2021-06-17 20:25:01 --> Controller "App\Controllers\base\Beranda" loaded.
INFO - 2021-06-17 20:25:10 --> Controller "App\Controllers\base\Beranda" loaded.
INFO - 2021-06-17 20:25:34 --> Controller "App\Controllers\base\Beranda" loaded.
INFO - 2021-06-17 20:25:34 --> Controller "App\Controllers\base\Beranda" loaded.
INFO - 2021-06-17 20:25:34 --> Controller "App\Controllers\base\Beranda" loaded.
INFO - 2021-06-17 20:36:21 --> Controller "App\Controllers\base\Beranda" loaded.
INFO - 2021-06-17 20:36:21 --> Controller "App\Controllers\base\Beranda" loaded.
INFO - 2021-06-17 20:36:23 --> Controller "App\Controllers\base\Beranda" loaded.
INFO - 2021-06-17 20:36:23 --> Controller "App\Controllers\base\Beranda" loaded.
INFO - 2021-06-17 20:36:24 --> Controller "App\Controllers\base\Beranda" loaded.
INFO - 2021-06-17 20:36:25 --> Controller "App\Controllers\base\Beranda" loaded.
INFO - 2021-06-17 20:36:53 --> Controller "App\Controllers\base\Beranda" loaded.
INFO - 2021-06-17 20:38:36 --> Controller "App\Controllers\base\Beranda" loaded.
INFO - 2021-06-17 20:38:36 --> Controller "App\Controllers\base\Beranda" loaded.
INFO - 2021-06-17 20:38:37 --> Controller "App\Controllers\base\Beranda" loaded.
INFO - 2021-06-17 20:55:50 --> Controller "App\Controllers\base\Beranda" loaded.
INFO - 2021-06-17 20:55:58 --> Controller "App\Controllers\base\Beranda" loaded.
INFO - 2021-06-17 20:56:16 --> Controller "App\Controllers\base\Beranda" loaded.
INFO - 2021-06-17 20:56:16 --> Controller "App\Controllers\base\Beranda" loaded.
INFO - 2021-06-17 20:56:18 --> Controller "App\Controllers\base\Beranda" loaded.
INFO - 2021-06-17 20:56:23 --> Controller "App\Controllers\base\Beranda" loaded.
INFO - 2021-06-17 20:56:38 --> Controller "App\Controllers\base\Beranda" loaded.
INFO - 2021-06-17 20:56:38 --> Controller "App\Controllers\base\Beranda" loaded.
INFO - 2021-06-17 20:56:39 --> Controller "App\Controllers\base\Beranda" loaded.
INFO - 2021-06-17 20:56:55 --> Controller "App\Controllers\base\Beranda" loaded.
INFO - 2021-06-17 20:57:19 --> Controller "App\Controllers\base\Beranda" loaded.
INFO - 2021-06-17 20:57:19 --> Controller "App\Controllers\base\Beranda" loaded.
INFO - 2021-06-17 20:57:46 --> Controller "App\Controllers\base\Beranda" loaded.
INFO - 2021-06-17 20:57:46 --> Controller "App\Controllers\base\Beranda" loaded.
INFO - 2021-06-17 20:57:47 --> Controller "App\Controllers\base\Beranda" loaded.
INFO - 2021-06-17 21:02:00 --> Controller "App\Controllers\base\Beranda" loaded.
INFO - 2021-06-17 21:08:29 --> Controller "App\Controllers\base\Beranda" loaded.
INFO - 2021-06-17 21:10:41 --> Controller "App\Controllers\base\Beranda" loaded.
INFO - 2021-06-17 21:10:41 --> Controller "App\Controllers\base\Beranda" loaded.
INFO - 2021-06-17 21:16:32 --> Session: Class initialized using 'CodeIgniter\Session\Handlers\FileHandler' driver.
INFO - 2021-06-17 21:16:32 --> Controller "App\Controllers\undangan\Undangan" loaded.
INFO - 2021-06-17 21:16:51 --> Controller "App\Controllers\base\Beranda" loaded.
INFO - 2021-06-17 21:20:12 --> Controller "App\Controllers\base\Beranda" loaded.
INFO - 2021-06-17 21:23:24 --> Controller "App\Controllers\base\Beranda" loaded.
INFO - 2021-06-17 21:23:24 --> Controller "App\Controllers\base\Beranda" loaded.
INFO - 2021-06-17 21:23:25 --> Controller "App\Controllers\base\Beranda" loaded.
INFO - 2021-06-17 21:24:11 --> Controller "App\Controllers\base\Beranda" loaded.
INFO - 2021-06-17 21:24:25 --> Controller "App\Controllers\base\Beranda" loaded.
INFO - 2021-06-17 21:27:52 --> Controller "App\Controllers\base\Beranda" loaded.
INFO - 2021-06-17 21:27:53 --> Controller "App\Controllers\base\Beranda" loaded.
INFO - 2021-06-17 21:27:55 --> Controller "App\Controllers\base\Beranda" loaded.
INFO - 2021-06-17 21:28:23 --> Controller "App\Controllers\base\Beranda" loaded.
INFO - 2021-06-17 21:50:14 --> Controller "App\Controllers\base\Beranda" loaded.
INFO - 2021-06-17 21:50:14 --> Controller "App\Controllers\base\Beranda" loaded.
INFO - 2021-06-17 21:55:21 --> Controller "App\Controllers\base\Beranda" loaded.
INFO - 2021-06-17 21:55:23 --> Controller "App\Controllers\base\Beranda" loaded.
INFO - 2021-06-17 21:55:23 --> Controller "App\Controllers\base\Beranda" loaded.
INFO - 2021-06-17 22:02:32 --> Controller "App\Controllers\base\Beranda" loaded.
INFO - 2021-06-17 22:07:11 --> Controller "App\Controllers\base\Beranda" loaded.
INFO - 2021-06-17 22:07:11 --> Controller "App\Controllers\base\Beranda" loaded.
INFO - 2021-06-17 22:07:53 --> Controller "App\Controllers\base\Beranda" loaded.
INFO - 2021-06-17 22:13:20 --> Controller "App\Controllers\base\Beranda" loaded.
INFO - 2021-06-17 22:13:22 --> Controller "App\Controllers\base\Beranda" loaded.
INFO - 2021-06-17 22:17:15 --> Session: Class initialized using 'CodeIgniter\Session\Handlers\FileHandler' driver.
INFO - 2021-06-17 22:17:15 --> Controller "App\Controllers\base\Dashboard" loaded.
INFO - 2021-06-17 22:24:29 --> Controller "App\Controllers\base\Beranda" loaded.
INFO - 2021-06-17 22:33:21 --> Session: Class initialized using 'CodeIgniter\Session\Handlers\FileHandler' driver.
INFO - 2021-06-17 22:33:21 --> Controller "App\Controllers\admin\Admin" loaded.
INFO - 2021-06-17 23:22:33 --> Controller "App\Controllers\base\Beranda" loaded.
INFO - 2021-06-17 23:48:30 --> Session: Class initialized using 'CodeIgniter\Session\Handlers\FileHandler' driver.
INFO - 2021-06-17 23:48:30 --> Controller "App\Controllers\bukutamu\Bukutamu" loaded.
INFO - 2021-06-17 23:48:31 --> Session: Class initialized using 'CodeIgniter\Session\Handlers\FileHandler' driver.
INFO - 2021-06-17 23:48:31 --> Controller "App\Controllers\bukutamu\Bukutamu" loaded.
INFO - 2021-06-17 23:48:32 --> Session: Class initialized using 'CodeIgniter\Session\Handlers\FileHandler' driver.
INFO - 2021-06-17 23:48:32 --> Controller "App\Controllers\bukutamu\Bukutamu" loaded.
INFO - 2021-06-17 23:48:33 --> Session: Class initialized using 'CodeIgniter\Session\Handlers\FileHandler' driver.
INFO - 2021-06-17 23:48:33 --> Controller "App\Controllers\bukutamu\Bukutamu" loaded.
INFO - 2021-06-17 23:48:34 --> Session: Class initialized using 'CodeIgniter\Session\Handlers\FileHandler' driver.
INFO - 2021-06-17 23:48:34 --> Controller "App\Controllers\bukutamu\Bukutamu" loaded.
INFO - 2021-06-17 23:49:45 --> Controller "App\Controllers\base\Beranda" loaded.
