INFO - 2021-11-10 00:43:51 --> Controller "App\Controllers\base\Beranda" loaded.
INFO - 2021-11-10 00:43:52 --> Controller "App\Controllers\base\Beranda" loaded.
INFO - 2021-11-10 00:43:52 --> Controller "App\Controllers\base\Beranda" loaded.
INFO - 2021-11-10 00:43:52 --> Controller "App\Controllers\base\Beranda" loaded.
INFO - 2021-11-10 00:43:52 --> Controller "App\Controllers\base\Beranda" loaded.
INFO - 2021-11-10 00:43:53 --> Controller "App\Controllers\base\Beranda" loaded.
INFO - 2021-11-10 00:43:53 --> Controller "App\Controllers\base\Beranda" loaded.
INFO - 2021-11-10 00:43:53 --> Controller "App\Controllers\base\Beranda" loaded.
INFO - 2021-11-10 00:43:54 --> Controller "App\Controllers\base\Beranda" loaded.
INFO - 2021-11-10 00:43:54 --> Controller "App\Controllers\base\Beranda" loaded.
INFO - 2021-11-10 00:43:54 --> Controller "App\Controllers\base\Beranda" loaded.
INFO - 2021-11-10 00:43:54 --> Controller "App\Controllers\base\Beranda" loaded.
INFO - 2021-11-10 00:43:55 --> Controller "App\Controllers\base\Beranda" loaded.
INFO - 2021-11-10 00:43:55 --> Controller "App\Controllers\base\Beranda" loaded.
INFO - 2021-11-10 00:43:55 --> Controller "App\Controllers\base\Beranda" loaded.
INFO - 2021-11-10 00:43:56 --> Controller "App\Controllers\base\Beranda" loaded.
INFO - 2021-11-10 00:43:56 --> Controller "App\Controllers\base\Beranda" loaded.
INFO - 2021-11-10 00:43:59 --> Controller "App\Controllers\base\Beranda" loaded.
INFO - 2021-11-10 00:43:59 --> Controller "App\Controllers\base\Beranda" loaded.
INFO - 2021-11-10 00:43:59 --> Controller "App\Controllers\base\Beranda" loaded.
INFO - 2021-11-10 01:15:05 --> Controller "App\Controllers\base\Beranda" loaded.
INFO - 2021-11-10 01:42:58 --> Controller "App\Controllers\base\Beranda" loaded.
INFO - 2021-11-10 01:52:06 --> Session: Class initialized using 'CodeIgniter\Session\Handlers\FileHandler' driver.
INFO - 2021-11-10 01:52:06 --> Controller "App\Controllers\undangan\Undangan" loaded.
INFO - 2021-11-10 01:58:32 --> Session: Class initialized using 'CodeIgniter\Session\Handlers\FileHandler' driver.
INFO - 2021-11-10 01:58:32 --> Controller "App\Controllers\undangan\Undangan" loaded.
INFO - 2021-11-10 02:48:37 --> Session: Class initialized using 'CodeIgniter\Session\Handlers\FileHandler' driver.
INFO - 2021-11-10 02:48:37 --> Controller "App\Controllers\bukutamu\Bukutamu" loaded.
INFO - 2021-11-10 04:20:52 --> Controller "App\Controllers\base\Beranda" loaded.
INFO - 2021-11-10 04:20:53 --> Controller "App\Controllers\base\Beranda" loaded.
INFO - 2021-11-10 04:20:53 --> Controller "App\Controllers\base\Beranda" loaded.
INFO - 2021-11-10 04:34:49 --> Controller "App\Controllers\base\Beranda" loaded.
INFO - 2021-11-10 04:35:22 --> Controller "App\Controllers\base\Beranda" loaded.
INFO - 2021-11-10 04:35:25 --> Controller "App\Controllers\base\Beranda" loaded.
INFO - 2021-11-10 04:36:41 --> Controller "App\Controllers\base\Beranda" loaded.
INFO - 2021-11-10 04:36:54 --> Controller "App\Controllers\base\Beranda" loaded.
INFO - 2021-11-10 04:36:55 --> Session: Class initialized using 'CodeIgniter\Session\Handlers\FileHandler' driver.
INFO - 2021-11-10 04:36:55 --> Controller "App\Controllers\base\Order" loaded.
INFO - 2021-11-10 04:36:55 --> Controller "App\Controllers\base\Beranda" loaded.
INFO - 2021-11-10 04:36:56 --> Session: Class initialized using 'CodeIgniter\Session\Handlers\FileHandler' driver.
INFO - 2021-11-10 04:36:56 --> Controller "App\Controllers\base\Order" loaded.
INFO - 2021-11-10 04:36:56 --> Controller "App\Controllers\base\Beranda" loaded.
INFO - 2021-11-10 04:36:56 --> Session: Class initialized using 'CodeIgniter\Session\Handlers\FileHandler' driver.
INFO - 2021-11-10 04:36:56 --> Controller "App\Controllers\base\Order" loaded.
INFO - 2021-11-10 04:36:56 --> Controller "App\Controllers\base\Beranda" loaded.
INFO - 2021-11-10 04:36:56 --> Controller "App\Controllers\base\Beranda" loaded.
INFO - 2021-11-10 04:36:56 --> Session: Class initialized using 'CodeIgniter\Session\Handlers\FileHandler' driver.
INFO - 2021-11-10 04:36:56 --> Controller "App\Controllers\base\Order" loaded.
INFO - 2021-11-10 04:36:56 --> Controller "App\Controllers\base\Beranda" loaded.
INFO - 2021-11-10 04:36:56 --> Controller "App\Controllers\base\Beranda" loaded.
INFO - 2021-11-10 04:36:56 --> Session: Class initialized using 'CodeIgniter\Session\Handlers\FileHandler' driver.
INFO - 2021-11-10 04:36:56 --> Controller "App\Controllers\base\Order" loaded.
INFO - 2021-11-10 04:37:14 --> Session: Class initialized using 'CodeIgniter\Session\Handlers\FileHandler' driver.
INFO - 2021-11-10 04:37:14 --> Controller "App\Controllers\base\Dashboard" loaded.
INFO - 2021-11-10 04:37:14 --> Session: Class initialized using 'CodeIgniter\Session\Handlers\FileHandler' driver.
INFO - 2021-11-10 04:37:14 --> Controller "App\Controllers\base\Order" loaded.
INFO - 2021-11-10 04:37:14 --> Controller "App\Controllers\base\Beranda" loaded.
INFO - 2021-11-10 04:37:16 --> Session: Class initialized using 'CodeIgniter\Session\Handlers\FileHandler' driver.
INFO - 2021-11-10 04:37:16 --> Controller "App\Controllers\base\Order" loaded.
INFO - 2021-11-10 04:37:16 --> Session: Class initialized using 'CodeIgniter\Session\Handlers\FileHandler' driver.
INFO - 2021-11-10 04:37:16 --> Controller "App\Controllers\base\Order" loaded.
INFO - 2021-11-10 04:37:16 --> Controller "App\Controllers\base\Beranda" loaded.
INFO - 2021-11-10 04:37:16 --> Controller "App\Controllers\base\Beranda" loaded.
INFO - 2021-11-10 04:37:17 --> Session: Class initialized using 'CodeIgniter\Session\Handlers\FileHandler' driver.
INFO - 2021-11-10 04:37:17 --> Controller "App\Controllers\base\Order" loaded.
INFO - 2021-11-10 04:37:17 --> Controller "App\Controllers\base\Beranda" loaded.
INFO - 2021-11-10 04:37:17 --> Session: Class initialized using 'CodeIgniter\Session\Handlers\FileHandler' driver.
INFO - 2021-11-10 04:37:17 --> Controller "App\Controllers\base\Order" loaded.
INFO - 2021-11-10 04:44:14 --> Controller "App\Controllers\base\Beranda" loaded.
INFO - 2021-11-10 05:50:35 --> Controller "App\Controllers\base\Beranda" loaded.
INFO - 2021-11-10 06:26:20 --> Controller "App\Controllers\base\Beranda" loaded.
INFO - 2021-11-10 06:28:59 --> Controller "App\Controllers\base\Beranda" loaded.
INFO - 2021-11-10 06:28:59 --> Controller "App\Controllers\base\Beranda" loaded.
INFO - 2021-11-10 06:28:59 --> Controller "App\Controllers\base\Beranda" loaded.
INFO - 2021-11-10 06:29:00 --> Controller "App\Controllers\base\Beranda" loaded.
INFO - 2021-11-10 06:29:00 --> Controller "App\Controllers\base\Beranda" loaded.
INFO - 2021-11-10 06:29:00 --> Controller "App\Controllers\base\Beranda" loaded.
INFO - 2021-11-10 06:29:00 --> Controller "App\Controllers\base\Beranda" loaded.
INFO - 2021-11-10 06:29:01 --> Controller "App\Controllers\base\Beranda" loaded.
INFO - 2021-11-10 06:29:01 --> Controller "App\Controllers\base\Beranda" loaded.
INFO - 2021-11-10 06:29:01 --> Controller "App\Controllers\base\Beranda" loaded.
INFO - 2021-11-10 06:29:01 --> Controller "App\Controllers\base\Beranda" loaded.
INFO - 2021-11-10 06:29:02 --> Controller "App\Controllers\base\Beranda" loaded.
INFO - 2021-11-10 06:29:02 --> Controller "App\Controllers\base\Beranda" loaded.
INFO - 2021-11-10 06:29:02 --> Controller "App\Controllers\base\Beranda" loaded.
INFO - 2021-11-10 06:29:02 --> Controller "App\Controllers\base\Beranda" loaded.
INFO - 2021-11-10 06:29:03 --> Controller "App\Controllers\base\Beranda" loaded.
INFO - 2021-11-10 06:29:03 --> Controller "App\Controllers\base\Beranda" loaded.
INFO - 2021-11-10 06:29:03 --> Controller "App\Controllers\base\Beranda" loaded.
INFO - 2021-11-10 06:29:04 --> Controller "App\Controllers\base\Beranda" loaded.
INFO - 2021-11-10 06:29:04 --> Controller "App\Controllers\base\Beranda" loaded.
INFO - 2021-11-10 06:40:29 --> Session: Class initialized using 'CodeIgniter\Session\Handlers\FileHandler' driver.
INFO - 2021-11-10 06:40:29 --> Controller "App\Controllers\undangan\Undangan" loaded.
INFO - 2021-11-10 06:40:36 --> Session: Class initialized using 'CodeIgniter\Session\Handlers\FileHandler' driver.
INFO - 2021-11-10 06:40:36 --> Controller "App\Controllers\undangan\Undangan" loaded.
INFO - 2021-11-10 07:00:02 --> Controller "App\Controllers\base\Beranda" loaded.
INFO - 2021-11-10 07:10:02 --> Controller "App\Controllers\base\Beranda" loaded.
INFO - 2021-11-10 07:20:02 --> Controller "App\Controllers\base\Beranda" loaded.
INFO - 2021-11-10 07:30:03 --> Controller "App\Controllers\base\Beranda" loaded.
INFO - 2021-11-10 07:40:02 --> Controller "App\Controllers\base\Beranda" loaded.
INFO - 2021-11-10 07:46:13 --> Controller "App\Controllers\base\Beranda" loaded.
INFO - 2021-11-10 07:50:02 --> Controller "App\Controllers\base\Beranda" loaded.
INFO - 2021-11-10 08:00:03 --> Controller "App\Controllers\base\Beranda" loaded.
INFO - 2021-11-10 08:10:02 --> Controller "App\Controllers\base\Beranda" loaded.
INFO - 2021-11-10 08:20:02 --> Controller "App\Controllers\base\Beranda" loaded.
INFO - 2021-11-10 08:30:03 --> Controller "App\Controllers\base\Beranda" loaded.
INFO - 2021-11-10 08:40:03 --> Controller "App\Controllers\base\Beranda" loaded.
INFO - 2021-11-10 08:40:49 --> Controller "App\Controllers\base\Beranda" loaded.
INFO - 2021-11-10 08:42:05 --> Controller "App\Controllers\base\Beranda" loaded.
INFO - 2021-11-10 08:42:16 --> Controller "App\Controllers\base\Beranda" loaded.
INFO - 2021-11-10 08:42:35 --> Controller "App\Controllers\base\Beranda" loaded.
INFO - 2021-11-10 08:45:51 --> Controller "App\Controllers\base\Beranda" loaded.
INFO - 2021-11-10 08:46:07 --> Controller "App\Controllers\base\Beranda" loaded.
INFO - 2021-11-10 08:50:02 --> Controller "App\Controllers\base\Beranda" loaded.
INFO - 2021-11-10 09:00:03 --> Controller "App\Controllers\base\Beranda" loaded.
INFO - 2021-11-10 09:10:02 --> Controller "App\Controllers\base\Beranda" loaded.
INFO - 2021-11-10 09:20:03 --> Controller "App\Controllers\base\Beranda" loaded.
INFO - 2021-11-10 09:30:03 --> Controller "App\Controllers\base\Beranda" loaded.
INFO - 2021-11-10 09:31:20 --> Controller "App\Controllers\base\Beranda" loaded.
INFO - 2021-11-10 09:40:02 --> Controller "App\Controllers\base\Beranda" loaded.
INFO - 2021-11-10 09:50:03 --> Controller "App\Controllers\base\Beranda" loaded.
INFO - 2021-11-10 10:00:03 --> Controller "App\Controllers\base\Beranda" loaded.
INFO - 2021-11-10 10:10:02 --> Controller "App\Controllers\base\Beranda" loaded.
INFO - 2021-11-10 10:14:51 --> Controller "App\Controllers\base\Beranda" loaded.
INFO - 2021-11-10 10:20:03 --> Controller "App\Controllers\base\Beranda" loaded.
INFO - 2021-11-10 10:30:03 --> Controller "App\Controllers\base\Beranda" loaded.
INFO - 2021-11-10 10:40:03 --> Controller "App\Controllers\base\Beranda" loaded.
INFO - 2021-11-10 10:50:02 --> Controller "App\Controllers\base\Beranda" loaded.
INFO - 2021-11-10 10:54:09 --> Session: Class initialized using 'CodeIgniter\Session\Handlers\FileHandler' driver.
INFO - 2021-11-10 10:54:09 --> Controller "App\Controllers\bukutamu\Bukutamu" loaded.
INFO - 2021-11-10 11:00:03 --> Controller "App\Controllers\base\Beranda" loaded.
INFO - 2021-11-10 11:10:03 --> Controller "App\Controllers\base\Beranda" loaded.
INFO - 2021-11-10 11:20:03 --> Controller "App\Controllers\base\Beranda" loaded.
INFO - 2021-11-10 11:30:02 --> Controller "App\Controllers\base\Beranda" loaded.
INFO - 2021-11-10 11:34:38 --> Session: Class initialized using 'CodeIgniter\Session\Handlers\FileHandler' driver.
INFO - 2021-11-10 11:34:38 --> Controller "App\Controllers\bukutamu\Bukutamu" loaded.
INFO - 2021-11-10 11:35:28 --> Controller "App\Controllers\base\Beranda" loaded.
INFO - 2021-11-10 11:35:49 --> Controller "App\Controllers\base\Beranda" loaded.
INFO - 2021-11-10 11:40:03 --> Controller "App\Controllers\base\Beranda" loaded.
INFO - 2021-11-10 11:50:02 --> Controller "App\Controllers\base\Beranda" loaded.
INFO - 2021-11-10 12:00:02 --> Controller "App\Controllers\base\Beranda" loaded.
INFO - 2021-11-10 12:04:51 --> Controller "App\Controllers\base\Beranda" loaded.
INFO - 2021-11-10 12:05:02 --> Session: Class initialized using 'CodeIgniter\Session\Handlers\FileHandler' driver.
INFO - 2021-11-10 12:05:02 --> Controller "App\Controllers\base\Order" loaded.
INFO - 2021-11-10 12:05:08 --> Controller "App\Controllers\base\Beranda" loaded.
INFO - 2021-11-10 12:05:14 --> Controller "App\Controllers\base\Beranda" loaded.
INFO - 2021-11-10 12:07:59 --> Controller "App\Controllers\base\Beranda" loaded.
INFO - 2021-11-10 12:08:05 --> Session: Class initialized using 'CodeIgniter\Session\Handlers\FileHandler' driver.
INFO - 2021-11-10 12:08:05 --> Controller "App\Controllers\base\Order" loaded.
INFO - 2021-11-10 12:08:08 --> Controller "App\Controllers\base\Beranda" loaded.
INFO - 2021-11-10 12:08:09 --> Controller "App\Controllers\base\Beranda" loaded.
INFO - 2021-11-10 12:08:38 --> Controller "App\Controllers\base\Beranda" loaded.
INFO - 2021-11-10 12:09:01 --> Controller "App\Controllers\base\Beranda" loaded.
INFO - 2021-11-10 12:09:30 --> Session: Class initialized using 'CodeIgniter\Session\Handlers\FileHandler' driver.
INFO - 2021-11-10 12:09:30 --> Controller "App\Controllers\base\Order" loaded.
INFO - 2021-11-10 12:10:02 --> Controller "App\Controllers\base\Beranda" loaded.
INFO - 2021-11-10 12:10:51 --> Session: Class initialized using 'CodeIgniter\Session\Handlers\FileHandler' driver.
INFO - 2021-11-10 12:10:51 --> Controller "App\Controllers\base\Order" loaded.
INFO - 2021-11-10 12:11:12 --> Session: Class initialized using 'CodeIgniter\Session\Handlers\FileHandler' driver.
INFO - 2021-11-10 12:11:12 --> Controller "App\Controllers\base\Order" loaded.
INFO - 2021-11-10 12:11:41 --> Session: Class initialized using 'CodeIgniter\Session\Handlers\FileHandler' driver.
INFO - 2021-11-10 12:11:41 --> Controller "App\Controllers\base\Order" loaded.
INFO - 2021-11-10 12:12:09 --> Session: Class initialized using 'CodeIgniter\Session\Handlers\FileHandler' driver.
INFO - 2021-11-10 12:12:09 --> Controller "App\Controllers\base\Order" loaded.
INFO - 2021-11-10 12:12:10 --> Session: Class initialized using 'CodeIgniter\Session\Handlers\FileHandler' driver.
INFO - 2021-11-10 12:12:10 --> Controller "App\Controllers\base\Order" loaded.
INFO - 2021-11-10 12:12:58 --> Session: Class initialized using 'CodeIgniter\Session\Handlers\FileHandler' driver.
INFO - 2021-11-10 12:12:58 --> Controller "App\Controllers\base\Order" loaded.
INFO - 2021-11-10 12:13:36 --> Session: Class initialized using 'CodeIgniter\Session\Handlers\FileHandler' driver.
INFO - 2021-11-10 12:13:37 --> Controller "App\Controllers\base\Order" loaded.
INFO - 2021-11-10 12:13:37 --> Controller "App\Controllers\base\Beranda" loaded.
INFO - 2021-11-10 12:13:55 --> Session: Class initialized using 'CodeIgniter\Session\Handlers\FileHandler' driver.
INFO - 2021-11-10 12:13:55 --> Controller "App\Controllers\base\Order" loaded.
INFO - 2021-11-10 12:13:55 --> Session: Class initialized using 'CodeIgniter\Session\Handlers\FileHandler' driver.
INFO - 2021-11-10 12:13:55 --> Controller "App\Controllers\base\Order" loaded.
INFO - 2021-11-10 12:13:58 --> Session: Class initialized using 'CodeIgniter\Session\Handlers\FileHandler' driver.
INFO - 2021-11-10 12:13:58 --> Controller "App\Controllers\base\Order" loaded.
INFO - 2021-11-10 12:14:01 --> Session: Class initialized using 'CodeIgniter\Session\Handlers\FileHandler' driver.
INFO - 2021-11-10 12:14:01 --> Controller "App\Controllers\base\Order" loaded.
INFO - 2021-11-10 12:14:06 --> Session: Class initialized using 'CodeIgniter\Session\Handlers\FileHandler' driver.
INFO - 2021-11-10 12:14:06 --> Controller "App\Controllers\base\Dashboard" loaded.
INFO - 2021-11-10 12:14:08 --> Session: Class initialized using 'CodeIgniter\Session\Handlers\FileHandler' driver.
INFO - 2021-11-10 12:14:08 --> Controller "App\Controllers\base\Order" loaded.
INFO - 2021-11-10 12:14:16 --> Session: Class initialized using 'CodeIgniter\Session\Handlers\FileHandler' driver.
INFO - 2021-11-10 12:14:16 --> Controller "App\Controllers\base\Dashboard" loaded.
INFO - 2021-11-10 12:14:16 --> Session: Class initialized using 'CodeIgniter\Session\Handlers\FileHandler' driver.
INFO - 2021-11-10 12:14:16 --> Controller "App\Controllers\base\Dashboard" loaded.
INFO - 2021-11-10 12:14:46 --> Session: Class initialized using 'CodeIgniter\Session\Handlers\FileHandler' driver.
INFO - 2021-11-10 12:14:46 --> Controller "App\Controllers\base\Dashboard" loaded.
INFO - 2021-11-10 12:14:46 --> Session: Class initialized using 'CodeIgniter\Session\Handlers\FileHandler' driver.
INFO - 2021-11-10 12:14:46 --> Controller "App\Controllers\base\Dashboard" loaded.
INFO - 2021-11-10 12:14:51 --> Session: Class initialized using 'CodeIgniter\Session\Handlers\FileHandler' driver.
INFO - 2021-11-10 12:14:51 --> Controller "App\Controllers\undangan\Undangan" loaded.
INFO - 2021-11-10 12:15:01 --> Session: Class initialized using 'CodeIgniter\Session\Handlers\FileHandler' driver.
INFO - 2021-11-10 12:15:01 --> Controller "App\Controllers\base\Dashboard" loaded.
INFO - 2021-11-10 12:15:11 --> Session: Class initialized using 'CodeIgniter\Session\Handlers\FileHandler' driver.
INFO - 2021-11-10 12:15:11 --> Controller "App\Controllers\undangan\Undangan" loaded.
INFO - 2021-11-10 12:15:39 --> Session: Class initialized using 'CodeIgniter\Session\Handlers\FileHandler' driver.
INFO - 2021-11-10 12:15:39 --> Controller "App\Controllers\base\Dashboard" loaded.
INFO - 2021-11-10 12:15:43 --> Session: Class initialized using 'CodeIgniter\Session\Handlers\FileHandler' driver.
INFO - 2021-11-10 12:15:43 --> Controller "App\Controllers\base\Dashboard" loaded.
INFO - 2021-11-10 12:16:02 --> Session: Class initialized using 'CodeIgniter\Session\Handlers\FileHandler' driver.
INFO - 2021-11-10 12:16:02 --> Controller "App\Controllers\base\Dashboard" loaded.
INFO - 2021-11-10 12:16:02 --> Session: Class initialized using 'CodeIgniter\Session\Handlers\FileHandler' driver.
INFO - 2021-11-10 12:16:02 --> Controller "App\Controllers\base\Dashboard" loaded.
INFO - 2021-11-10 12:16:18 --> Session: Class initialized using 'CodeIgniter\Session\Handlers\FileHandler' driver.
INFO - 2021-11-10 12:16:18 --> Controller "App\Controllers\base\Dashboard" loaded.
INFO - 2021-11-10 12:16:21 --> Session: Class initialized using 'CodeIgniter\Session\Handlers\FileHandler' driver.
INFO - 2021-11-10 12:16:21 --> Controller "App\Controllers\base\Dashboard" loaded.
INFO - 2021-11-10 12:16:35 --> Session: Class initialized using 'CodeIgniter\Session\Handlers\FileHandler' driver.
INFO - 2021-11-10 12:16:35 --> Controller "App\Controllers\base\Dashboard" loaded.
INFO - 2021-11-10 12:16:35 --> Session: Class initialized using 'CodeIgniter\Session\Handlers\FileHandler' driver.
INFO - 2021-11-10 12:16:35 --> Controller "App\Controllers\base\Dashboard" loaded.
INFO - 2021-11-10 12:16:39 --> Session: Class initialized using 'CodeIgniter\Session\Handlers\FileHandler' driver.
INFO - 2021-11-10 12:16:39 --> Controller "App\Controllers\base\Dashboard" loaded.
INFO - 2021-11-10 12:16:43 --> Session: Class initialized using 'CodeIgniter\Session\Handlers\FileHandler' driver.
INFO - 2021-11-10 12:16:43 --> Controller "App\Controllers\base\Dashboard" loaded.
INFO - 2021-11-10 12:16:59 --> Session: Class initialized using 'CodeIgniter\Session\Handlers\FileHandler' driver.
INFO - 2021-11-10 12:16:59 --> Controller "App\Controllers\undangan\Undangan" loaded.
INFO - 2021-11-10 12:17:34 --> Session: Class initialized using 'CodeIgniter\Session\Handlers\FileHandler' driver.
INFO - 2021-11-10 12:17:34 --> Controller "App\Controllers\base\Dashboard" loaded.
INFO - 2021-11-10 12:17:49 --> Session: Class initialized using 'CodeIgniter\Session\Handlers\FileHandler' driver.
INFO - 2021-11-10 12:17:49 --> Controller "App\Controllers\base\Dashboard" loaded.
INFO - 2021-11-10 12:17:52 --> Session: Class initialized using 'CodeIgniter\Session\Handlers\FileHandler' driver.
INFO - 2021-11-10 12:17:52 --> Controller "App\Controllers\base\Dashboard" loaded.
INFO - 2021-11-10 12:17:54 --> Session: Class initialized using 'CodeIgniter\Session\Handlers\FileHandler' driver.
INFO - 2021-11-10 12:17:54 --> Controller "App\Controllers\base\Dashboard" loaded.
INFO - 2021-11-10 12:17:58 --> Session: Class initialized using 'CodeIgniter\Session\Handlers\FileHandler' driver.
INFO - 2021-11-10 12:17:58 --> Controller "App\Controllers\base\Dashboard" loaded.
INFO - 2021-11-10 12:18:02 --> Session: Class initialized using 'CodeIgniter\Session\Handlers\FileHandler' driver.
INFO - 2021-11-10 12:18:02 --> Controller "App\Controllers\base\Dashboard" loaded.
INFO - 2021-11-10 12:18:06 --> Session: Class initialized using 'CodeIgniter\Session\Handlers\FileHandler' driver.
INFO - 2021-11-10 12:18:06 --> Controller "App\Controllers\base\Dashboard" loaded.
INFO - 2021-11-10 12:18:11 --> Session: Class initialized using 'CodeIgniter\Session\Handlers\FileHandler' driver.
INFO - 2021-11-10 12:18:11 --> Controller "App\Controllers\base\Dashboard" loaded.
INFO - 2021-11-10 12:18:17 --> Session: Class initialized using 'CodeIgniter\Session\Handlers\FileHandler' driver.
INFO - 2021-11-10 12:18:17 --> Controller "App\Controllers\base\Dashboard" loaded.
INFO - 2021-11-10 12:18:17 --> Session: Class initialized using 'CodeIgniter\Session\Handlers\FileHandler' driver.
INFO - 2021-11-10 12:18:17 --> Controller "App\Controllers\base\Dashboard" loaded.
INFO - 2021-11-10 12:18:24 --> Session: Class initialized using 'CodeIgniter\Session\Handlers\FileHandler' driver.
INFO - 2021-11-10 12:18:24 --> Controller "App\Controllers\undangan\Undangan" loaded.
INFO - 2021-11-10 12:18:39 --> Controller "App\Controllers\base\Beranda" loaded.
INFO - 2021-11-10 12:18:41 --> Session: Class initialized using 'CodeIgniter\Session\Handlers\FileHandler' driver.
INFO - 2021-11-10 12:18:41 --> Controller "App\Controllers\base\Dashboard" loaded.
INFO - 2021-11-10 12:18:45 --> Session: Class initialized using 'CodeIgniter\Session\Handlers\FileHandler' driver.
INFO - 2021-11-10 12:18:45 --> Controller "App\Controllers\undangan\Undangan" loaded.
INFO - 2021-11-10 12:18:58 --> Session: Class initialized using 'CodeIgniter\Session\Handlers\FileHandler' driver.
INFO - 2021-11-10 12:18:58 --> Controller "App\Controllers\undangan\Undangan" loaded.
INFO - 2021-11-10 12:20:03 --> Controller "App\Controllers\base\Beranda" loaded.
INFO - 2021-11-10 12:30:03 --> Controller "App\Controllers\base\Beranda" loaded.
INFO - 2021-11-10 12:34:19 --> Controller "App\Controllers\base\Beranda" loaded.
INFO - 2021-11-10 12:34:21 --> Session: Class initialized using 'CodeIgniter\Session\Handlers\FileHandler' driver.
INFO - 2021-11-10 12:34:21 --> Controller "App\Controllers\base\Dashboard" loaded.
INFO - 2021-11-10 12:34:21 --> Session: Class initialized using 'CodeIgniter\Session\Handlers\FileHandler' driver.
INFO - 2021-11-10 12:34:21 --> Controller "App\Controllers\base\Dashboard" loaded.
INFO - 2021-11-10 12:34:45 --> Session: Class initialized using 'CodeIgniter\Session\Handlers\FileHandler' driver.
INFO - 2021-11-10 12:34:45 --> Controller "App\Controllers\base\Dashboard" loaded.
INFO - 2021-11-10 12:34:55 --> Session: Class initialized using 'CodeIgniter\Session\Handlers\FileHandler' driver.
INFO - 2021-11-10 12:34:55 --> Controller "App\Controllers\base\Dashboard" loaded.
INFO - 2021-11-10 12:35:07 --> Session: Class initialized using 'CodeIgniter\Session\Handlers\FileHandler' driver.
INFO - 2021-11-10 12:35:07 --> Controller "App\Controllers\base\Dashboard" loaded.
INFO - 2021-11-10 12:35:07 --> Session: Class initialized using 'CodeIgniter\Session\Handlers\FileHandler' driver.
INFO - 2021-11-10 12:35:07 --> Controller "App\Controllers\base\Dashboard" loaded.
INFO - 2021-11-10 12:35:10 --> Session: Class initialized using 'CodeIgniter\Session\Handlers\FileHandler' driver.
INFO - 2021-11-10 12:35:10 --> Controller "App\Controllers\base\Dashboard" loaded.
INFO - 2021-11-10 12:35:17 --> Controller "App\Controllers\base\Beranda" loaded.
CRITICAL - 2021-11-10 12:35:18 --> You must set the database table to be used with your query.
#0 /home/nguh5634/public_html/system/Model.php(1190): CodeIgniter\Database\BaseConnection->table(NULL)
#1 /home/nguh5634/public_html/system/Model.php(1700): CodeIgniter\Model->builder()
#2 /home/nguh5634/public_html/app/Controllers/base/Beranda.php(218): CodeIgniter\Model->__call('get_pembayaran_...', Array)
#3 /home/nguh5634/public_html/system/CodeIgniter.php(910): App\Controllers\base\Beranda->notification()
#4 /home/nguh5634/public_html/system/CodeIgniter.php(398): CodeIgniter\CodeIgniter->runController(Object(App\Controllers\base\Beranda))
#5 /home/nguh5634/public_html/system/CodeIgniter.php(306): CodeIgniter\CodeIgniter->handleRequest(NULL, Object(Config\Cache), false)
#6 /home/nguh5634/public_html/index.php(45): CodeIgniter\CodeIgniter->run()
#7 {main}
INFO - 2021-11-10 12:35:19 --> Session: Class initialized using 'CodeIgniter\Session\Handlers\FileHandler' driver.
INFO - 2021-11-10 12:35:19 --> Controller "App\Controllers\base\Dashboard" loaded.
INFO - 2021-11-10 12:35:19 --> Session: Class initialized using 'CodeIgniter\Session\Handlers\FileHandler' driver.
INFO - 2021-11-10 12:35:19 --> Controller "App\Controllers\base\Dashboard" loaded.
INFO - 2021-11-10 12:37:04 --> Controller "App\Controllers\base\Beranda" loaded.
CRITICAL - 2021-11-10 12:37:04 --> You must set the database table to be used with your query.
#0 /home/nguh5634/public_html/system/Model.php(1190): CodeIgniter\Database\BaseConnection->table(NULL)
#1 /home/nguh5634/public_html/system/Model.php(1700): CodeIgniter\Model->builder()
#2 /home/nguh5634/public_html/app/Controllers/base/Beranda.php(218): CodeIgniter\Model->__call('get_pembayaran_...', Array)
#3 /home/nguh5634/public_html/system/CodeIgniter.php(910): App\Controllers\base\Beranda->notification()
#4 /home/nguh5634/public_html/system/CodeIgniter.php(398): CodeIgniter\CodeIgniter->runController(Object(App\Controllers\base\Beranda))
#5 /home/nguh5634/public_html/system/CodeIgniter.php(306): CodeIgniter\CodeIgniter->handleRequest(NULL, Object(Config\Cache), false)
#6 /home/nguh5634/public_html/index.php(45): CodeIgniter\CodeIgniter->run()
#7 {main}
INFO - 2021-11-10 12:40:02 --> Controller "App\Controllers\base\Beranda" loaded.
INFO - 2021-11-10 12:50:03 --> Controller "App\Controllers\base\Beranda" loaded.
INFO - 2021-11-10 12:50:43 --> Controller "App\Controllers\base\Beranda" loaded.
INFO - 2021-11-10 13:00:03 --> Controller "App\Controllers\base\Beranda" loaded.
INFO - 2021-11-10 13:02:44 --> Session: Class initialized using 'CodeIgniter\Session\Handlers\FileHandler' driver.
INFO - 2021-11-10 13:02:44 --> Controller "App\Controllers\admin\Admin" loaded.
INFO - 2021-11-10 13:02:52 --> Session: Class initialized using 'CodeIgniter\Session\Handlers\FileHandler' driver.
INFO - 2021-11-10 13:02:52 --> Controller "App\Controllers\admin\Admin" loaded.
INFO - 2021-11-10 13:02:52 --> Session: Class initialized using 'CodeIgniter\Session\Handlers\FileHandler' driver.
INFO - 2021-11-10 13:02:52 --> Controller "App\Controllers\admin\Admin" loaded.
INFO - 2021-11-10 13:03:04 --> Session: Class initialized using 'CodeIgniter\Session\Handlers\FileHandler' driver.
INFO - 2021-11-10 13:03:04 --> Controller "App\Controllers\admin\Admin" loaded.
INFO - 2021-11-10 13:03:19 --> Session: Class initialized using 'CodeIgniter\Session\Handlers\FileHandler' driver.
INFO - 2021-11-10 13:03:19 --> Controller "App\Controllers\admin\Admin" loaded.
INFO - 2021-11-10 13:03:25 --> Session: Class initialized using 'CodeIgniter\Session\Handlers\FileHandler' driver.
INFO - 2021-11-10 13:03:25 --> Controller "App\Controllers\admin\Admin" loaded.
INFO - 2021-11-10 13:03:44 --> Session: Class initialized using 'CodeIgniter\Session\Handlers\FileHandler' driver.
INFO - 2021-11-10 13:03:44 --> Controller "App\Controllers\undangan\Undangan" loaded.
INFO - 2021-11-10 13:10:03 --> Controller "App\Controllers\base\Beranda" loaded.
INFO - 2021-11-10 13:20:02 --> Controller "App\Controllers\base\Beranda" loaded.
INFO - 2021-11-10 13:22:25 --> Controller "App\Controllers\base\Beranda" loaded.
INFO - 2021-11-10 13:30:02 --> Controller "App\Controllers\base\Beranda" loaded.
INFO - 2021-11-10 13:34:13 --> Controller "App\Controllers\base\Beranda" loaded.
INFO - 2021-11-10 13:40:02 --> Controller "App\Controllers\base\Beranda" loaded.
INFO - 2021-11-10 13:41:16 --> Controller "App\Controllers\base\Beranda" loaded.
INFO - 2021-11-10 13:42:39 --> Controller "App\Controllers\base\Beranda" loaded.
INFO - 2021-11-10 13:50:03 --> Controller "App\Controllers\base\Beranda" loaded.
INFO - 2021-11-10 13:57:17 --> Session: Class initialized using 'CodeIgniter\Session\Handlers\FileHandler' driver.
INFO - 2021-11-10 13:57:17 --> Controller "App\Controllers\base\Dashboard" loaded.
INFO - 2021-11-10 13:57:17 --> Session: Class initialized using 'CodeIgniter\Session\Handlers\FileHandler' driver.
INFO - 2021-11-10 13:57:17 --> Controller "App\Controllers\base\Dashboard" loaded.
INFO - 2021-11-10 14:00:03 --> Controller "App\Controllers\base\Beranda" loaded.
INFO - 2021-11-10 14:10:02 --> Controller "App\Controllers\base\Beranda" loaded.
INFO - 2021-11-10 14:20:03 --> Controller "App\Controllers\base\Beranda" loaded.
INFO - 2021-11-10 14:30:03 --> Controller "App\Controllers\base\Beranda" loaded.
INFO - 2021-11-10 14:40:02 --> Controller "App\Controllers\base\Beranda" loaded.
INFO - 2021-11-10 14:50:02 --> Controller "App\Controllers\base\Beranda" loaded.
INFO - 2021-11-10 15:00:03 --> Controller "App\Controllers\base\Beranda" loaded.
INFO - 2021-11-10 15:04:42 --> Controller "App\Controllers\base\Beranda" loaded.
INFO - 2021-11-10 15:06:09 --> Session: Class initialized using 'CodeIgniter\Session\Handlers\FileHandler' driver.
INFO - 2021-11-10 15:06:09 --> Controller "App\Controllers\undangan\Undangan" loaded.
INFO - 2021-11-10 15:10:03 --> Controller "App\Controllers\base\Beranda" loaded.
INFO - 2021-11-10 15:20:03 --> Controller "App\Controllers\base\Beranda" loaded.
INFO - 2021-11-10 15:27:28 --> Controller "App\Controllers\base\Beranda" loaded.
INFO - 2021-11-10 15:30:02 --> Controller "App\Controllers\base\Beranda" loaded.
INFO - 2021-11-10 15:40:02 --> Controller "App\Controllers\base\Beranda" loaded.
INFO - 2021-11-10 15:44:57 --> Controller "App\Controllers\base\Beranda" loaded.
INFO - 2021-11-10 15:45:35 --> Session: Class initialized using 'CodeIgniter\Session\Handlers\FileHandler' driver.
INFO - 2021-11-10 15:45:35 --> Controller "App\Controllers\undangan\Undangan" loaded.
INFO - 2021-11-10 15:46:06 --> Controller "App\Controllers\base\Beranda" loaded.
INFO - 2021-11-10 15:46:34 --> Session: Class initialized using 'CodeIgniter\Session\Handlers\FileHandler' driver.
INFO - 2021-11-10 15:46:34 --> Controller "App\Controllers\bukutamu\Bukutamu" loaded.
INFO - 2021-11-10 15:46:46 --> Session: Class initialized using 'CodeIgniter\Session\Handlers\FileHandler' driver.
INFO - 2021-11-10 15:46:46 --> Controller "App\Controllers\undangan\Undangan" loaded.
INFO - 2021-11-10 15:46:57 --> Controller "App\Controllers\base\Beranda" loaded.
INFO - 2021-11-10 15:50:03 --> Controller "App\Controllers\base\Beranda" loaded.
INFO - 2021-11-10 16:00:03 --> Controller "App\Controllers\base\Beranda" loaded.
INFO - 2021-11-10 16:02:40 --> Controller "App\Controllers\base\Beranda" loaded.
INFO - 2021-11-10 16:03:05 --> Session: Class initialized using 'CodeIgniter\Session\Handlers\FileHandler' driver.
INFO - 2021-11-10 16:03:05 --> Controller "App\Controllers\base\Order" loaded.
INFO - 2021-11-10 16:03:05 --> Controller "App\Controllers\base\Beranda" loaded.
INFO - 2021-11-10 16:08:25 --> Controller "App\Controllers\base\Beranda" loaded.
INFO - 2021-11-10 16:10:03 --> Controller "App\Controllers\base\Beranda" loaded.
INFO - 2021-11-10 16:12:56 --> Controller "App\Controllers\base\Beranda" loaded.
INFO - 2021-11-10 16:20:03 --> Controller "App\Controllers\base\Beranda" loaded.
INFO - 2021-11-10 16:30:02 --> Controller "App\Controllers\base\Beranda" loaded.
INFO - 2021-11-10 16:40:02 --> Controller "App\Controllers\base\Beranda" loaded.
INFO - 2021-11-10 16:50:02 --> Controller "App\Controllers\base\Beranda" loaded.
INFO - 2021-11-10 17:00:02 --> Controller "App\Controllers\base\Beranda" loaded.
INFO - 2021-11-10 17:10:02 --> Controller "App\Controllers\base\Beranda" loaded.
INFO - 2021-11-10 17:20:02 --> Controller "App\Controllers\base\Beranda" loaded.
INFO - 2021-11-10 17:20:37 --> Session: Class initialized using 'CodeIgniter\Session\Handlers\FileHandler' driver.
INFO - 2021-11-10 17:20:37 --> Controller "App\Controllers\base\Dashboard" loaded.
INFO - 2021-11-10 17:30:02 --> Controller "App\Controllers\base\Beranda" loaded.
INFO - 2021-11-10 17:40:02 --> Controller "App\Controllers\base\Beranda" loaded.
INFO - 2021-11-10 17:50:02 --> Controller "App\Controllers\base\Beranda" loaded.
INFO - 2021-11-10 17:51:57 --> Controller "App\Controllers\base\Beranda" loaded.
INFO - 2021-11-10 18:00:03 --> Controller "App\Controllers\base\Beranda" loaded.
INFO - 2021-11-10 18:10:03 --> Controller "App\Controllers\base\Beranda" loaded.
INFO - 2021-11-10 18:20:03 --> Controller "App\Controllers\base\Beranda" loaded.
INFO - 2021-11-10 18:24:41 --> Controller "App\Controllers\base\Beranda" loaded.
INFO - 2021-11-10 18:30:03 --> Controller "App\Controllers\base\Beranda" loaded.
INFO - 2021-11-10 18:32:07 --> Controller "App\Controllers\base\Beranda" loaded.
INFO - 2021-11-10 18:40:02 --> Controller "App\Controllers\base\Beranda" loaded.
INFO - 2021-11-10 18:50:02 --> Controller "App\Controllers\base\Beranda" loaded.
INFO - 2021-11-10 19:00:03 --> Controller "App\Controllers\base\Beranda" loaded.
INFO - 2021-11-10 19:10:03 --> Controller "App\Controllers\base\Beranda" loaded.
INFO - 2021-11-10 19:20:02 --> Controller "App\Controllers\base\Beranda" loaded.
INFO - 2021-11-10 19:24:01 --> Controller "App\Controllers\base\Beranda" loaded.
INFO - 2021-11-10 19:29:19 --> Session: Class initialized using 'CodeIgniter\Session\Handlers\FileHandler' driver.
INFO - 2021-11-10 19:29:19 --> Controller "App\Controllers\base\Order" loaded.
INFO - 2021-11-10 19:30:02 --> Controller "App\Controllers\base\Beranda" loaded.
INFO - 2021-11-10 19:40:02 --> Controller "App\Controllers\base\Beranda" loaded.
INFO - 2021-11-10 19:50:03 --> Controller "App\Controllers\base\Beranda" loaded.
INFO - 2021-11-10 20:00:02 --> Controller "App\Controllers\base\Beranda" loaded.
INFO - 2021-11-10 20:02:17 --> Controller "App\Controllers\base\Beranda" loaded.
INFO - 2021-11-10 20:03:59 --> Session: Class initialized using 'CodeIgniter\Session\Handlers\FileHandler' driver.
INFO - 2021-11-10 20:03:59 --> Controller "App\Controllers\undangan\Undangan" loaded.
INFO - 2021-11-10 20:10:02 --> Controller "App\Controllers\base\Beranda" loaded.
INFO - 2021-11-10 20:20:03 --> Controller "App\Controllers\base\Beranda" loaded.
INFO - 2021-11-10 20:30:02 --> Controller "App\Controllers\base\Beranda" loaded.
INFO - 2021-11-10 20:40:02 --> Controller "App\Controllers\base\Beranda" loaded.
INFO - 2021-11-10 20:44:40 --> Controller "App\Controllers\base\Beranda" loaded.
INFO - 2021-11-10 20:47:46 --> Controller "App\Controllers\base\Beranda" loaded.
INFO - 2021-11-10 20:47:47 --> Controller "App\Controllers\base\Beranda" loaded.
INFO - 2021-11-10 20:47:47 --> Session: Class initialized using 'CodeIgniter\Session\Handlers\FileHandler' driver.
INFO - 2021-11-10 20:47:47 --> Controller "App\Controllers\base\Order" loaded.
INFO - 2021-11-10 20:47:47 --> Controller "App\Controllers\base\Beranda" loaded.
INFO - 2021-11-10 20:47:47 --> Session: Class initialized using 'CodeIgniter\Session\Handlers\FileHandler' driver.
INFO - 2021-11-10 20:47:47 --> Controller "App\Controllers\base\Order" loaded.
INFO - 2021-11-10 20:47:48 --> Controller "App\Controllers\base\Beranda" loaded.
INFO - 2021-11-10 20:47:48 --> Session: Class initialized using 'CodeIgniter\Session\Handlers\FileHandler' driver.
INFO - 2021-11-10 20:47:48 --> Controller "App\Controllers\base\Order" loaded.
INFO - 2021-11-10 20:47:48 --> Controller "App\Controllers\base\Beranda" loaded.
INFO - 2021-11-10 20:47:48 --> Session: Class initialized using 'CodeIgniter\Session\Handlers\FileHandler' driver.
INFO - 2021-11-10 20:47:48 --> Controller "App\Controllers\base\Order" loaded.
INFO - 2021-11-10 20:47:52 --> Controller "App\Controllers\base\Beranda" loaded.
INFO - 2021-11-10 20:47:52 --> Session: Class initialized using 'CodeIgniter\Session\Handlers\FileHandler' driver.
INFO - 2021-11-10 20:47:52 --> Controller "App\Controllers\base\Order" loaded.
INFO - 2021-11-10 20:47:53 --> Controller "App\Controllers\base\Beranda" loaded.
INFO - 2021-11-10 20:47:53 --> Session: Class initialized using 'CodeIgniter\Session\Handlers\FileHandler' driver.
INFO - 2021-11-10 20:47:53 --> Controller "App\Controllers\base\Order" loaded.
INFO - 2021-11-10 20:47:53 --> Controller "App\Controllers\base\Beranda" loaded.
INFO - 2021-11-10 20:47:53 --> Session: Class initialized using 'CodeIgniter\Session\Handlers\FileHandler' driver.
INFO - 2021-11-10 20:47:53 --> Controller "App\Controllers\base\Order" loaded.
INFO - 2021-11-10 20:47:54 --> Controller "App\Controllers\base\Beranda" loaded.
INFO - 2021-11-10 20:50:03 --> Controller "App\Controllers\base\Beranda" loaded.
INFO - 2021-11-10 20:55:02 --> Session: Class initialized using 'CodeIgniter\Session\Handlers\FileHandler' driver.
INFO - 2021-11-10 20:55:02 --> Controller "App\Controllers\undangan\Undangan" loaded.
INFO - 2021-11-10 21:00:03 --> Controller "App\Controllers\base\Beranda" loaded.
INFO - 2021-11-10 21:10:02 --> Controller "App\Controllers\base\Beranda" loaded.
INFO - 2021-11-10 21:12:59 --> Session: Class initialized using 'CodeIgniter\Session\Handlers\FileHandler' driver.
INFO - 2021-11-10 21:12:59 --> Controller "App\Controllers\undangan\Undangan" loaded.
INFO - 2021-11-10 21:14:19 --> Session: Class initialized using 'CodeIgniter\Session\Handlers\FileHandler' driver.
INFO - 2021-11-10 21:14:19 --> Controller "App\Controllers\bukutamu\Bukutamu" loaded.
INFO - 2021-11-10 21:20:03 --> Controller "App\Controllers\base\Beranda" loaded.
INFO - 2021-11-10 21:30:03 --> Controller "App\Controllers\base\Beranda" loaded.
INFO - 2021-11-10 21:38:44 --> Controller "App\Controllers\base\Beranda" loaded.
INFO - 2021-11-10 21:40:02 --> Controller "App\Controllers\base\Beranda" loaded.
INFO - 2021-11-10 21:42:40 --> Session: Class initialized using 'CodeIgniter\Session\Handlers\FileHandler' driver.
INFO - 2021-11-10 21:42:40 --> Session: Class initialized using 'CodeIgniter\Session\Handlers\FileHandler' driver.
INFO - 2021-11-10 21:42:40 --> Controller "App\Controllers\admin\Admin" loaded.
INFO - 2021-11-10 21:43:05 --> Controller "App\Controllers\base\Beranda" loaded.
INFO - 2021-11-10 21:50:02 --> Controller "App\Controllers\base\Beranda" loaded.
INFO - 2021-11-10 22:00:02 --> Controller "App\Controllers\base\Beranda" loaded.
INFO - 2021-11-10 22:10:02 --> Controller "App\Controllers\base\Beranda" loaded.
INFO - 2021-11-10 22:20:03 --> Controller "App\Controllers\base\Beranda" loaded.
INFO - 2021-11-10 22:30:03 --> Controller "App\Controllers\base\Beranda" loaded.
INFO - 2021-11-10 22:36:14 --> Controller "App\Controllers\base\Beranda" loaded.
INFO - 2021-11-10 22:40:02 --> Controller "App\Controllers\base\Beranda" loaded.
INFO - 2021-11-10 22:50:03 --> Controller "App\Controllers\base\Beranda" loaded.
INFO - 2021-11-10 22:50:12 --> Controller "App\Controllers\base\Beranda" loaded.
