INFO - 2022-02-13 00:00:21 --> Controller "App\Controllers\base\Beranda" loaded.
INFO - 2022-02-13 00:35:28 --> Controller "App\Controllers\base\Beranda" loaded.
INFO - 2022-02-13 00:35:29 --> Controller "App\Controllers\base\Beranda" loaded.
INFO - 2022-02-13 01:08:32 --> Controller "App\Controllers\base\Beranda" loaded.
INFO - 2022-02-13 01:50:10 --> Controller "App\Controllers\base\Beranda" loaded.
INFO - 2022-02-13 01:50:11 --> Controller "App\Controllers\base\Beranda" loaded.
INFO - 2022-02-13 01:50:11 --> Controller "App\Controllers\base\Beranda" loaded.
INFO - 2022-02-13 01:50:11 --> Controller "App\Controllers\base\Beranda" loaded.
INFO - 2022-02-13 01:50:11 --> Controller "App\Controllers\base\Beranda" loaded.
INFO - 2022-02-13 01:50:12 --> Controller "App\Controllers\base\Beranda" loaded.
INFO - 2022-02-13 01:50:12 --> Controller "App\Controllers\base\Beranda" loaded.
INFO - 2022-02-13 01:50:12 --> Controller "App\Controllers\base\Beranda" loaded.
INFO - 2022-02-13 01:50:13 --> Controller "App\Controllers\base\Beranda" loaded.
INFO - 2022-02-13 01:50:13 --> Controller "App\Controllers\base\Beranda" loaded.
INFO - 2022-02-13 01:50:13 --> Controller "App\Controllers\base\Beranda" loaded.
INFO - 2022-02-13 01:50:13 --> Controller "App\Controllers\base\Beranda" loaded.
INFO - 2022-02-13 01:50:14 --> Controller "App\Controllers\base\Beranda" loaded.
INFO - 2022-02-13 01:50:14 --> Controller "App\Controllers\base\Beranda" loaded.
INFO - 2022-02-13 01:50:14 --> Controller "App\Controllers\base\Beranda" loaded.
INFO - 2022-02-13 01:50:14 --> Controller "App\Controllers\base\Beranda" loaded.
INFO - 2022-02-13 01:50:15 --> Controller "App\Controllers\base\Beranda" loaded.
INFO - 2022-02-13 01:50:15 --> Controller "App\Controllers\base\Beranda" loaded.
INFO - 2022-02-13 01:50:15 --> Controller "App\Controllers\base\Beranda" loaded.
INFO - 2022-02-13 01:50:16 --> Controller "App\Controllers\base\Beranda" loaded.
INFO - 2022-02-13 02:13:07 --> Controller "App\Controllers\base\Beranda" loaded.
INFO - 2022-02-13 04:56:58 --> Controller "App\Controllers\base\Beranda" loaded.
INFO - 2022-02-13 05:33:50 --> Controller "App\Controllers\base\Beranda" loaded.
INFO - 2022-02-13 05:33:50 --> Controller "App\Controllers\base\Beranda" loaded.
INFO - 2022-02-13 05:33:50 --> Controller "App\Controllers\base\Beranda" loaded.
INFO - 2022-02-13 05:33:50 --> Controller "App\Controllers\base\Beranda" loaded.
INFO - 2022-02-13 05:33:50 --> Controller "App\Controllers\base\Beranda" loaded.
INFO - 2022-02-13 05:33:50 --> Controller "App\Controllers\base\Beranda" loaded.
INFO - 2022-02-13 05:33:51 --> Controller "App\Controllers\base\Beranda" loaded.
INFO - 2022-02-13 05:33:51 --> Controller "App\Controllers\base\Beranda" loaded.
INFO - 2022-02-13 05:33:51 --> Controller "App\Controllers\base\Beranda" loaded.
INFO - 2022-02-13 05:33:51 --> Controller "App\Controllers\base\Beranda" loaded.
INFO - 2022-02-13 05:33:51 --> Controller "App\Controllers\base\Beranda" loaded.
INFO - 2022-02-13 05:33:51 --> Controller "App\Controllers\base\Beranda" loaded.
INFO - 2022-02-13 05:33:51 --> Controller "App\Controllers\base\Beranda" loaded.
INFO - 2022-02-13 05:33:51 --> Controller "App\Controllers\base\Beranda" loaded.
INFO - 2022-02-13 05:33:51 --> Controller "App\Controllers\base\Beranda" loaded.
INFO - 2022-02-13 05:33:51 --> Controller "App\Controllers\base\Beranda" loaded.
INFO - 2022-02-13 05:33:51 --> Controller "App\Controllers\base\Beranda" loaded.
INFO - 2022-02-13 05:33:51 --> Controller "App\Controllers\base\Beranda" loaded.
INFO - 2022-02-13 05:33:51 --> Controller "App\Controllers\base\Beranda" loaded.
INFO - 2022-02-13 06:26:08 --> Controller "App\Controllers\base\Beranda" loaded.
INFO - 2022-02-13 06:27:15 --> Controller "App\Controllers\base\Beranda" loaded.
INFO - 2022-02-13 06:27:15 --> Controller "App\Controllers\base\Beranda" loaded.
INFO - 2022-02-13 06:27:15 --> Controller "App\Controllers\base\Beranda" loaded.
INFO - 2022-02-13 06:27:15 --> Controller "App\Controllers\base\Beranda" loaded.
INFO - 2022-02-13 06:27:15 --> Session: Class initialized using 'CodeIgniter\Session\Handlers\FileHandler' driver.
INFO - 2022-02-13 06:27:15 --> Controller "App\Controllers\base\Dashboard" loaded.
INFO - 2022-02-13 06:27:15 --> Session: Class initialized using 'CodeIgniter\Session\Handlers\FileHandler' driver.
INFO - 2022-02-13 06:27:16 --> Controller "App\Controllers\base\Order" loaded.
INFO - 2022-02-13 06:27:16 --> Controller "App\Controllers\base\Beranda" loaded.
INFO - 2022-02-13 06:27:16 --> Controller "App\Controllers\base\Beranda" loaded.
INFO - 2022-02-13 06:27:16 --> Controller "App\Controllers\base\Beranda" loaded.
INFO - 2022-02-13 06:27:16 --> Controller "App\Controllers\base\Beranda" loaded.
INFO - 2022-02-13 06:27:16 --> Session: Class initialized using 'CodeIgniter\Session\Handlers\FileHandler' driver.
INFO - 2022-02-13 06:27:16 --> Controller "App\Controllers\base\Order" loaded.
INFO - 2022-02-13 06:27:16 --> Session: Class initialized using 'CodeIgniter\Session\Handlers\FileHandler' driver.
INFO - 2022-02-13 06:27:16 --> Controller "App\Controllers\base\Order" loaded.
INFO - 2022-02-13 06:27:16 --> Controller "App\Controllers\base\Beranda" loaded.
INFO - 2022-02-13 06:27:16 --> Controller "App\Controllers\base\Beranda" loaded.
INFO - 2022-02-13 06:27:16 --> Session: Class initialized using 'CodeIgniter\Session\Handlers\FileHandler' driver.
INFO - 2022-02-13 06:27:16 --> Controller "App\Controllers\base\Order" loaded.
INFO - 2022-02-13 06:27:16 --> Session: Class initialized using 'CodeIgniter\Session\Handlers\FileHandler' driver.
INFO - 2022-02-13 06:27:16 --> Controller "App\Controllers\base\Order" loaded.
INFO - 2022-02-13 06:27:16 --> Controller "App\Controllers\base\Beranda" loaded.
INFO - 2022-02-13 06:27:16 --> Controller "App\Controllers\base\Beranda" loaded.
INFO - 2022-02-13 06:27:16 --> Session: Class initialized using 'CodeIgniter\Session\Handlers\FileHandler' driver.
INFO - 2022-02-13 06:27:16 --> Controller "App\Controllers\base\Order" loaded.
INFO - 2022-02-13 06:27:16 --> Session: Class initialized using 'CodeIgniter\Session\Handlers\FileHandler' driver.
INFO - 2022-02-13 06:27:16 --> Controller "App\Controllers\base\Order" loaded.
INFO - 2022-02-13 06:27:16 --> Controller "App\Controllers\base\Beranda" loaded.
INFO - 2022-02-13 06:27:17 --> Controller "App\Controllers\base\Beranda" loaded.
INFO - 2022-02-13 06:27:17 --> Session: Class initialized using 'CodeIgniter\Session\Handlers\FileHandler' driver.
INFO - 2022-02-13 06:27:17 --> Controller "App\Controllers\base\Order" loaded.
INFO - 2022-02-13 06:27:17 --> Session: Class initialized using 'CodeIgniter\Session\Handlers\FileHandler' driver.
INFO - 2022-02-13 06:27:17 --> Controller "App\Controllers\base\Order" loaded.
INFO - 2022-02-13 06:27:17 --> Controller "App\Controllers\base\Beranda" loaded.
INFO - 2022-02-13 06:27:17 --> Controller "App\Controllers\base\Beranda" loaded.
INFO - 2022-02-13 06:27:17 --> Session: Class initialized using 'CodeIgniter\Session\Handlers\FileHandler' driver.
INFO - 2022-02-13 06:27:17 --> Controller "App\Controllers\base\Order" loaded.
INFO - 2022-02-13 06:27:17 --> Session: Class initialized using 'CodeIgniter\Session\Handlers\FileHandler' driver.
INFO - 2022-02-13 06:27:17 --> Controller "App\Controllers\base\Order" loaded.
INFO - 2022-02-13 06:27:17 --> Controller "App\Controllers\base\Beranda" loaded.
INFO - 2022-02-13 06:27:17 --> Controller "App\Controllers\base\Beranda" loaded.
INFO - 2022-02-13 06:27:17 --> Session: Class initialized using 'CodeIgniter\Session\Handlers\FileHandler' driver.
INFO - 2022-02-13 06:27:17 --> Controller "App\Controllers\base\Order" loaded.
INFO - 2022-02-13 06:27:17 --> Session: Class initialized using 'CodeIgniter\Session\Handlers\FileHandler' driver.
INFO - 2022-02-13 06:27:17 --> Controller "App\Controllers\base\Order" loaded.
INFO - 2022-02-13 06:27:17 --> Controller "App\Controllers\base\Beranda" loaded.
INFO - 2022-02-13 06:27:17 --> Controller "App\Controllers\base\Beranda" loaded.
INFO - 2022-02-13 06:27:17 --> Controller "App\Controllers\base\Beranda" loaded.
INFO - 2022-02-13 06:27:17 --> Controller "App\Controllers\base\Beranda" loaded.
INFO - 2022-02-13 06:27:18 --> Controller "App\Controllers\base\Beranda" loaded.
INFO - 2022-02-13 06:27:18 --> Controller "App\Controllers\base\Beranda" loaded.
INFO - 2022-02-13 06:27:18 --> Controller "App\Controllers\base\Beranda" loaded.
INFO - 2022-02-13 06:27:18 --> Controller "App\Controllers\base\Beranda" loaded.
INFO - 2022-02-13 06:27:18 --> Controller "App\Controllers\base\Beranda" loaded.
INFO - 2022-02-13 06:27:18 --> Controller "App\Controllers\base\Beranda" loaded.
INFO - 2022-02-13 06:27:18 --> Controller "App\Controllers\base\Beranda" loaded.
INFO - 2022-02-13 06:27:18 --> Controller "App\Controllers\base\Beranda" loaded.
INFO - 2022-02-13 06:27:18 --> Controller "App\Controllers\base\Beranda" loaded.
INFO - 2022-02-13 06:27:18 --> Controller "App\Controllers\base\Beranda" loaded.
INFO - 2022-02-13 06:27:18 --> Controller "App\Controllers\base\Beranda" loaded.
INFO - 2022-02-13 06:27:18 --> Controller "App\Controllers\base\Beranda" loaded.
INFO - 2022-02-13 06:27:19 --> Controller "App\Controllers\base\Beranda" loaded.
INFO - 2022-02-13 06:27:19 --> Controller "App\Controllers\base\Beranda" loaded.
INFO - 2022-02-13 06:27:19 --> Controller "App\Controllers\base\Beranda" loaded.
INFO - 2022-02-13 06:27:19 --> Controller "App\Controllers\base\Beranda" loaded.
INFO - 2022-02-13 06:27:19 --> Controller "App\Controllers\base\Beranda" loaded.
INFO - 2022-02-13 06:27:19 --> Controller "App\Controllers\base\Beranda" loaded.
INFO - 2022-02-13 06:27:19 --> Controller "App\Controllers\base\Beranda" loaded.
INFO - 2022-02-13 06:27:19 --> Controller "App\Controllers\base\Beranda" loaded.
INFO - 2022-02-13 06:27:19 --> Controller "App\Controllers\base\Beranda" loaded.
INFO - 2022-02-13 06:27:19 --> Session: Class initialized using 'CodeIgniter\Session\Handlers\FileHandler' driver.
INFO - 2022-02-13 06:27:19 --> Controller "App\Controllers\base\Lupa_password" loaded.
INFO - 2022-02-13 06:27:21 --> Controller "App\Controllers\base\Beranda" loaded.
INFO - 2022-02-13 06:27:21 --> Controller "App\Controllers\base\Beranda" loaded.
INFO - 2022-02-13 06:27:23 --> Controller "App\Controllers\base\Beranda" loaded.
INFO - 2022-02-13 06:27:23 --> Controller "App\Controllers\base\Beranda" loaded.
INFO - 2022-02-13 06:27:23 --> Session: Class initialized using 'CodeIgniter\Session\Handlers\FileHandler' driver.
INFO - 2022-02-13 06:27:23 --> Controller "App\Controllers\base\Order" loaded.
INFO - 2022-02-13 06:27:23 --> Session: Class initialized using 'CodeIgniter\Session\Handlers\FileHandler' driver.
INFO - 2022-02-13 06:27:23 --> Controller "App\Controllers\base\Order" loaded.
INFO - 2022-02-13 06:27:24 --> Controller "App\Controllers\base\Beranda" loaded.
INFO - 2022-02-13 06:27:24 --> Controller "App\Controllers\base\Beranda" loaded.
INFO - 2022-02-13 06:27:24 --> Session: Class initialized using 'CodeIgniter\Session\Handlers\FileHandler' driver.
INFO - 2022-02-13 06:27:24 --> Controller "App\Controllers\base\Order" loaded.
INFO - 2022-02-13 06:27:24 --> Session: Class initialized using 'CodeIgniter\Session\Handlers\FileHandler' driver.
INFO - 2022-02-13 06:27:24 --> Controller "App\Controllers\base\Order" loaded.
INFO - 2022-02-13 06:27:24 --> Controller "App\Controllers\base\Beranda" loaded.
INFO - 2022-02-13 06:27:24 --> Controller "App\Controllers\base\Beranda" loaded.
INFO - 2022-02-13 06:27:24 --> Session: Class initialized using 'CodeIgniter\Session\Handlers\FileHandler' driver.
INFO - 2022-02-13 06:27:24 --> Controller "App\Controllers\base\Order" loaded.
INFO - 2022-02-13 06:27:24 --> Session: Class initialized using 'CodeIgniter\Session\Handlers\FileHandler' driver.
INFO - 2022-02-13 06:27:24 --> Controller "App\Controllers\base\Order" loaded.
INFO - 2022-02-13 06:27:24 --> Controller "App\Controllers\base\Beranda" loaded.
INFO - 2022-02-13 06:27:24 --> Controller "App\Controllers\base\Beranda" loaded.
INFO - 2022-02-13 06:27:24 --> Session: Class initialized using 'CodeIgniter\Session\Handlers\FileHandler' driver.
INFO - 2022-02-13 06:27:24 --> Controller "App\Controllers\base\Order" loaded.
INFO - 2022-02-13 06:27:24 --> Session: Class initialized using 'CodeIgniter\Session\Handlers\FileHandler' driver.
INFO - 2022-02-13 06:27:24 --> Controller "App\Controllers\base\Order" loaded.
INFO - 2022-02-13 06:27:24 --> Controller "App\Controllers\base\Beranda" loaded.
INFO - 2022-02-13 06:27:24 --> Controller "App\Controllers\base\Beranda" loaded.
INFO - 2022-02-13 06:27:24 --> Session: Class initialized using 'CodeIgniter\Session\Handlers\FileHandler' driver.
INFO - 2022-02-13 06:27:24 --> Controller "App\Controllers\base\Order" loaded.
INFO - 2022-02-13 06:27:24 --> Session: Class initialized using 'CodeIgniter\Session\Handlers\FileHandler' driver.
INFO - 2022-02-13 06:27:24 --> Controller "App\Controllers\base\Order" loaded.
INFO - 2022-02-13 06:27:24 --> Controller "App\Controllers\base\Beranda" loaded.
INFO - 2022-02-13 06:27:24 --> Controller "App\Controllers\base\Beranda" loaded.
INFO - 2022-02-13 06:27:24 --> Session: Class initialized using 'CodeIgniter\Session\Handlers\FileHandler' driver.
INFO - 2022-02-13 06:27:24 --> Controller "App\Controllers\base\Order" loaded.
INFO - 2022-02-13 06:27:24 --> Session: Class initialized using 'CodeIgniter\Session\Handlers\FileHandler' driver.
INFO - 2022-02-13 06:27:24 --> Controller "App\Controllers\base\Order" loaded.
INFO - 2022-02-13 06:27:24 --> Controller "App\Controllers\base\Beranda" loaded.
INFO - 2022-02-13 06:27:25 --> Controller "App\Controllers\base\Beranda" loaded.
INFO - 2022-02-13 06:27:25 --> Controller "App\Controllers\base\Beranda" loaded.
INFO - 2022-02-13 06:27:25 --> Controller "App\Controllers\base\Beranda" loaded.
INFO - 2022-02-13 06:27:25 --> Controller "App\Controllers\base\Beranda" loaded.
INFO - 2022-02-13 06:27:25 --> Controller "App\Controllers\base\Beranda" loaded.
INFO - 2022-02-13 06:27:25 --> Controller "App\Controllers\base\Beranda" loaded.
INFO - 2022-02-13 06:27:25 --> Controller "App\Controllers\base\Beranda" loaded.
INFO - 2022-02-13 06:27:25 --> Controller "App\Controllers\base\Beranda" loaded.
INFO - 2022-02-13 06:27:25 --> Controller "App\Controllers\base\Beranda" loaded.
INFO - 2022-02-13 06:27:25 --> Controller "App\Controllers\base\Beranda" loaded.
INFO - 2022-02-13 06:27:25 --> Controller "App\Controllers\base\Beranda" loaded.
INFO - 2022-02-13 06:27:25 --> Controller "App\Controllers\base\Beranda" loaded.
INFO - 2022-02-13 06:27:25 --> Controller "App\Controllers\base\Beranda" loaded.
INFO - 2022-02-13 06:27:25 --> Controller "App\Controllers\base\Beranda" loaded.
INFO - 2022-02-13 06:27:25 --> Controller "App\Controllers\base\Beranda" loaded.
INFO - 2022-02-13 06:27:25 --> Controller "App\Controllers\base\Beranda" loaded.
INFO - 2022-02-13 06:27:25 --> Controller "App\Controllers\base\Beranda" loaded.
INFO - 2022-02-13 06:27:25 --> Controller "App\Controllers\base\Beranda" loaded.
INFO - 2022-02-13 06:27:25 --> Controller "App\Controllers\base\Beranda" loaded.
INFO - 2022-02-13 06:27:26 --> Controller "App\Controllers\base\Beranda" loaded.
INFO - 2022-02-13 06:27:26 --> Controller "App\Controllers\base\Beranda" loaded.
INFO - 2022-02-13 06:27:26 --> Controller "App\Controllers\base\Beranda" loaded.
INFO - 2022-02-13 06:27:26 --> Controller "App\Controllers\base\Beranda" loaded.
INFO - 2022-02-13 06:27:26 --> Controller "App\Controllers\base\Beranda" loaded.
INFO - 2022-02-13 06:27:26 --> Controller "App\Controllers\base\Beranda" loaded.
INFO - 2022-02-13 06:27:26 --> Controller "App\Controllers\base\Beranda" loaded.
INFO - 2022-02-13 06:27:26 --> Controller "App\Controllers\base\Beranda" loaded.
INFO - 2022-02-13 06:27:26 --> Controller "App\Controllers\base\Beranda" loaded.
INFO - 2022-02-13 06:27:27 --> Controller "App\Controllers\base\Beranda" loaded.
INFO - 2022-02-13 06:27:27 --> Controller "App\Controllers\base\Beranda" loaded.
INFO - 2022-02-13 06:27:27 --> Controller "App\Controllers\base\Beranda" loaded.
INFO - 2022-02-13 06:27:27 --> Controller "App\Controllers\base\Beranda" loaded.
INFO - 2022-02-13 06:27:27 --> Controller "App\Controllers\base\Beranda" loaded.
INFO - 2022-02-13 06:27:27 --> Controller "App\Controllers\base\Beranda" loaded.
INFO - 2022-02-13 06:27:27 --> Controller "App\Controllers\base\Beranda" loaded.
INFO - 2022-02-13 06:27:27 --> Controller "App\Controllers\base\Beranda" loaded.
INFO - 2022-02-13 06:27:27 --> Controller "App\Controllers\base\Beranda" loaded.
INFO - 2022-02-13 06:27:27 --> Controller "App\Controllers\base\Beranda" loaded.
INFO - 2022-02-13 06:27:27 --> Controller "App\Controllers\base\Beranda" loaded.
INFO - 2022-02-13 06:27:27 --> Controller "App\Controllers\base\Beranda" loaded.
INFO - 2022-02-13 06:27:27 --> Controller "App\Controllers\base\Beranda" loaded.
INFO - 2022-02-13 06:27:27 --> Controller "App\Controllers\base\Beranda" loaded.
INFO - 2022-02-13 06:27:27 --> Controller "App\Controllers\base\Beranda" loaded.
INFO - 2022-02-13 06:27:27 --> Controller "App\Controllers\base\Beranda" loaded.
INFO - 2022-02-13 06:27:27 --> Controller "App\Controllers\base\Beranda" loaded.
INFO - 2022-02-13 06:27:27 --> Controller "App\Controllers\base\Beranda" loaded.
INFO - 2022-02-13 06:27:27 --> Controller "App\Controllers\base\Beranda" loaded.
INFO - 2022-02-13 06:27:28 --> Controller "App\Controllers\base\Beranda" loaded.
INFO - 2022-02-13 06:27:28 --> Controller "App\Controllers\base\Beranda" loaded.
INFO - 2022-02-13 06:27:28 --> Controller "App\Controllers\base\Beranda" loaded.
INFO - 2022-02-13 06:27:28 --> Controller "App\Controllers\base\Beranda" loaded.
INFO - 2022-02-13 06:27:28 --> Controller "App\Controllers\base\Beranda" loaded.
INFO - 2022-02-13 06:27:29 --> Controller "App\Controllers\base\Beranda" loaded.
INFO - 2022-02-13 06:27:29 --> Controller "App\Controllers\base\Beranda" loaded.
INFO - 2022-02-13 06:27:29 --> Controller "App\Controllers\base\Beranda" loaded.
INFO - 2022-02-13 06:27:29 --> Controller "App\Controllers\base\Beranda" loaded.
INFO - 2022-02-13 06:27:29 --> Controller "App\Controllers\base\Beranda" loaded.
INFO - 2022-02-13 06:27:29 --> Controller "App\Controllers\base\Beranda" loaded.
INFO - 2022-02-13 06:27:29 --> Controller "App\Controllers\base\Beranda" loaded.
INFO - 2022-02-13 06:27:29 --> Controller "App\Controllers\base\Beranda" loaded.
INFO - 2022-02-13 06:27:29 --> Controller "App\Controllers\base\Beranda" loaded.
INFO - 2022-02-13 06:27:29 --> Controller "App\Controllers\base\Beranda" loaded.
INFO - 2022-02-13 06:27:29 --> Controller "App\Controllers\base\Beranda" loaded.
INFO - 2022-02-13 06:27:29 --> Controller "App\Controllers\base\Beranda" loaded.
INFO - 2022-02-13 06:27:29 --> Controller "App\Controllers\base\Beranda" loaded.
INFO - 2022-02-13 06:27:29 --> Controller "App\Controllers\base\Beranda" loaded.
INFO - 2022-02-13 06:27:29 --> Controller "App\Controllers\base\Beranda" loaded.
INFO - 2022-02-13 06:27:29 --> Controller "App\Controllers\base\Beranda" loaded.
INFO - 2022-02-13 06:27:29 --> Controller "App\Controllers\base\Beranda" loaded.
INFO - 2022-02-13 06:27:29 --> Controller "App\Controllers\base\Beranda" loaded.
INFO - 2022-02-13 06:27:29 --> Controller "App\Controllers\base\Beranda" loaded.
INFO - 2022-02-13 06:27:30 --> Controller "App\Controllers\base\Beranda" loaded.
INFO - 2022-02-13 06:27:30 --> Controller "App\Controllers\base\Beranda" loaded.
INFO - 2022-02-13 06:27:30 --> Controller "App\Controllers\base\Beranda" loaded.
INFO - 2022-02-13 06:27:30 --> Controller "App\Controllers\base\Beranda" loaded.
INFO - 2022-02-13 06:27:30 --> Controller "App\Controllers\base\Beranda" loaded.
INFO - 2022-02-13 06:27:30 --> Controller "App\Controllers\base\Beranda" loaded.
INFO - 2022-02-13 06:27:30 --> Controller "App\Controllers\base\Beranda" loaded.
INFO - 2022-02-13 06:27:30 --> Controller "App\Controllers\base\Beranda" loaded.
INFO - 2022-02-13 06:27:30 --> Controller "App\Controllers\base\Beranda" loaded.
INFO - 2022-02-13 06:27:30 --> Controller "App\Controllers\base\Beranda" loaded.
INFO - 2022-02-13 06:27:30 --> Controller "App\Controllers\base\Beranda" loaded.
INFO - 2022-02-13 06:27:30 --> Controller "App\Controllers\base\Beranda" loaded.
INFO - 2022-02-13 06:27:30 --> Controller "App\Controllers\base\Beranda" loaded.
INFO - 2022-02-13 06:27:30 --> Controller "App\Controllers\base\Beranda" loaded.
INFO - 2022-02-13 06:27:31 --> Controller "App\Controllers\base\Beranda" loaded.
INFO - 2022-02-13 06:27:31 --> Controller "App\Controllers\base\Beranda" loaded.
INFO - 2022-02-13 06:27:31 --> Controller "App\Controllers\base\Beranda" loaded.
INFO - 2022-02-13 06:27:31 --> Controller "App\Controllers\base\Beranda" loaded.
INFO - 2022-02-13 06:27:31 --> Controller "App\Controllers\base\Beranda" loaded.
INFO - 2022-02-13 06:27:31 --> Controller "App\Controllers\base\Beranda" loaded.
INFO - 2022-02-13 06:27:31 --> Controller "App\Controllers\base\Beranda" loaded.
INFO - 2022-02-13 06:27:31 --> Controller "App\Controllers\base\Beranda" loaded.
INFO - 2022-02-13 06:27:31 --> Controller "App\Controllers\base\Beranda" loaded.
INFO - 2022-02-13 06:27:31 --> Controller "App\Controllers\base\Beranda" loaded.
INFO - 2022-02-13 06:27:31 --> Controller "App\Controllers\base\Beranda" loaded.
INFO - 2022-02-13 06:27:31 --> Controller "App\Controllers\base\Beranda" loaded.
INFO - 2022-02-13 06:27:31 --> Controller "App\Controllers\base\Beranda" loaded.
INFO - 2022-02-13 06:27:31 --> Controller "App\Controllers\base\Beranda" loaded.
INFO - 2022-02-13 06:27:31 --> Controller "App\Controllers\base\Beranda" loaded.
INFO - 2022-02-13 06:27:32 --> Controller "App\Controllers\base\Beranda" loaded.
INFO - 2022-02-13 06:27:32 --> Controller "App\Controllers\base\Beranda" loaded.
INFO - 2022-02-13 06:27:32 --> Controller "App\Controllers\base\Beranda" loaded.
INFO - 2022-02-13 06:27:32 --> Controller "App\Controllers\base\Beranda" loaded.
INFO - 2022-02-13 06:27:32 --> Controller "App\Controllers\base\Beranda" loaded.
INFO - 2022-02-13 06:27:32 --> Controller "App\Controllers\base\Beranda" loaded.
INFO - 2022-02-13 06:27:32 --> Controller "App\Controllers\base\Beranda" loaded.
INFO - 2022-02-13 06:27:32 --> Controller "App\Controllers\base\Beranda" loaded.
INFO - 2022-02-13 06:27:32 --> Controller "App\Controllers\base\Beranda" loaded.
INFO - 2022-02-13 06:27:32 --> Controller "App\Controllers\base\Beranda" loaded.
INFO - 2022-02-13 06:27:32 --> Controller "App\Controllers\base\Beranda" loaded.
INFO - 2022-02-13 06:27:32 --> Controller "App\Controllers\base\Beranda" loaded.
INFO - 2022-02-13 06:27:32 --> Controller "App\Controllers\base\Beranda" loaded.
INFO - 2022-02-13 06:27:32 --> Controller "App\Controllers\base\Beranda" loaded.
INFO - 2022-02-13 06:27:32 --> Controller "App\Controllers\base\Beranda" loaded.
INFO - 2022-02-13 06:27:32 --> Controller "App\Controllers\base\Beranda" loaded.
INFO - 2022-02-13 06:27:32 --> Controller "App\Controllers\base\Beranda" loaded.
INFO - 2022-02-13 06:27:32 --> Controller "App\Controllers\base\Beranda" loaded.
INFO - 2022-02-13 06:27:32 --> Controller "App\Controllers\base\Beranda" loaded.
INFO - 2022-02-13 06:27:33 --> Controller "App\Controllers\base\Beranda" loaded.
INFO - 2022-02-13 06:27:33 --> Controller "App\Controllers\base\Beranda" loaded.
INFO - 2022-02-13 06:27:33 --> Controller "App\Controllers\base\Beranda" loaded.
INFO - 2022-02-13 06:27:33 --> Controller "App\Controllers\base\Beranda" loaded.
INFO - 2022-02-13 06:27:33 --> Controller "App\Controllers\base\Beranda" loaded.
INFO - 2022-02-13 06:27:33 --> Controller "App\Controllers\base\Beranda" loaded.
INFO - 2022-02-13 06:27:33 --> Controller "App\Controllers\base\Beranda" loaded.
INFO - 2022-02-13 06:27:33 --> Controller "App\Controllers\base\Beranda" loaded.
INFO - 2022-02-13 06:27:33 --> Controller "App\Controllers\base\Beranda" loaded.
INFO - 2022-02-13 06:27:33 --> Controller "App\Controllers\base\Beranda" loaded.
INFO - 2022-02-13 06:27:33 --> Controller "App\Controllers\base\Beranda" loaded.
INFO - 2022-02-13 06:27:33 --> Controller "App\Controllers\base\Beranda" loaded.
INFO - 2022-02-13 06:27:34 --> Controller "App\Controllers\base\Beranda" loaded.
INFO - 2022-02-13 06:27:34 --> Controller "App\Controllers\base\Beranda" loaded.
INFO - 2022-02-13 06:27:34 --> Controller "App\Controllers\base\Beranda" loaded.
INFO - 2022-02-13 06:27:34 --> Controller "App\Controllers\base\Beranda" loaded.
INFO - 2022-02-13 06:27:34 --> Controller "App\Controllers\base\Beranda" loaded.
INFO - 2022-02-13 06:27:34 --> Controller "App\Controllers\base\Beranda" loaded.
INFO - 2022-02-13 06:27:34 --> Controller "App\Controllers\base\Beranda" loaded.
INFO - 2022-02-13 06:27:34 --> Controller "App\Controllers\base\Beranda" loaded.
INFO - 2022-02-13 06:27:34 --> Controller "App\Controllers\base\Beranda" loaded.
INFO - 2022-02-13 06:27:34 --> Controller "App\Controllers\base\Beranda" loaded.
INFO - 2022-02-13 06:27:34 --> Controller "App\Controllers\base\Beranda" loaded.
INFO - 2022-02-13 06:27:34 --> Controller "App\Controllers\base\Beranda" loaded.
INFO - 2022-02-13 06:27:35 --> Controller "App\Controllers\base\Beranda" loaded.
INFO - 2022-02-13 06:27:35 --> Controller "App\Controllers\base\Beranda" loaded.
INFO - 2022-02-13 06:27:35 --> Controller "App\Controllers\base\Beranda" loaded.
INFO - 2022-02-13 06:27:35 --> Controller "App\Controllers\base\Beranda" loaded.
INFO - 2022-02-13 06:27:35 --> Controller "App\Controllers\base\Beranda" loaded.
INFO - 2022-02-13 06:27:35 --> Controller "App\Controllers\base\Beranda" loaded.
INFO - 2022-02-13 06:27:35 --> Controller "App\Controllers\base\Beranda" loaded.
INFO - 2022-02-13 06:27:35 --> Controller "App\Controllers\base\Beranda" loaded.
INFO - 2022-02-13 06:27:35 --> Controller "App\Controllers\base\Beranda" loaded.
INFO - 2022-02-13 06:27:35 --> Controller "App\Controllers\base\Beranda" loaded.
INFO - 2022-02-13 06:27:35 --> Controller "App\Controllers\base\Beranda" loaded.
INFO - 2022-02-13 06:27:35 --> Controller "App\Controllers\base\Beranda" loaded.
INFO - 2022-02-13 06:27:35 --> Controller "App\Controllers\base\Beranda" loaded.
INFO - 2022-02-13 06:27:35 --> Controller "App\Controllers\base\Beranda" loaded.
INFO - 2022-02-13 06:27:35 --> Controller "App\Controllers\base\Beranda" loaded.
INFO - 2022-02-13 06:27:35 --> Controller "App\Controllers\base\Beranda" loaded.
INFO - 2022-02-13 06:27:35 --> Controller "App\Controllers\base\Beranda" loaded.
INFO - 2022-02-13 06:27:36 --> Controller "App\Controllers\base\Beranda" loaded.
INFO - 2022-02-13 06:27:36 --> Controller "App\Controllers\base\Beranda" loaded.
INFO - 2022-02-13 06:27:36 --> Controller "App\Controllers\base\Beranda" loaded.
INFO - 2022-02-13 06:27:36 --> Controller "App\Controllers\base\Beranda" loaded.
INFO - 2022-02-13 06:27:36 --> Controller "App\Controllers\base\Beranda" loaded.
INFO - 2022-02-13 06:27:36 --> Controller "App\Controllers\base\Beranda" loaded.
INFO - 2022-02-13 06:27:36 --> Controller "App\Controllers\base\Beranda" loaded.
INFO - 2022-02-13 06:27:39 --> Controller "App\Controllers\base\Beranda" loaded.
INFO - 2022-02-13 06:27:39 --> Controller "App\Controllers\base\Beranda" loaded.
INFO - 2022-02-13 06:27:39 --> Session: Class initialized using 'CodeIgniter\Session\Handlers\FileHandler' driver.
INFO - 2022-02-13 06:27:39 --> Controller "App\Controllers\base\Order" loaded.
INFO - 2022-02-13 06:27:39 --> Session: Class initialized using 'CodeIgniter\Session\Handlers\FileHandler' driver.
INFO - 2022-02-13 06:27:39 --> Controller "App\Controllers\base\Order" loaded.
INFO - 2022-02-13 06:27:39 --> Controller "App\Controllers\base\Beranda" loaded.
INFO - 2022-02-13 06:27:39 --> Controller "App\Controllers\base\Beranda" loaded.
INFO - 2022-02-13 06:27:39 --> Session: Class initialized using 'CodeIgniter\Session\Handlers\FileHandler' driver.
INFO - 2022-02-13 06:27:39 --> Controller "App\Controllers\base\Order" loaded.
INFO - 2022-02-13 06:27:39 --> Session: Class initialized using 'CodeIgniter\Session\Handlers\FileHandler' driver.
INFO - 2022-02-13 06:27:39 --> Controller "App\Controllers\base\Order" loaded.
INFO - 2022-02-13 06:27:39 --> Controller "App\Controllers\base\Beranda" loaded.
INFO - 2022-02-13 06:27:39 --> Controller "App\Controllers\base\Beranda" loaded.
INFO - 2022-02-13 06:27:39 --> Session: Class initialized using 'CodeIgniter\Session\Handlers\FileHandler' driver.
INFO - 2022-02-13 06:27:39 --> Controller "App\Controllers\base\Order" loaded.
INFO - 2022-02-13 06:27:39 --> Session: Class initialized using 'CodeIgniter\Session\Handlers\FileHandler' driver.
INFO - 2022-02-13 06:27:39 --> Controller "App\Controllers\base\Order" loaded.
INFO - 2022-02-13 06:27:40 --> Controller "App\Controllers\base\Beranda" loaded.
INFO - 2022-02-13 06:27:40 --> Controller "App\Controllers\base\Beranda" loaded.
INFO - 2022-02-13 06:27:40 --> Session: Class initialized using 'CodeIgniter\Session\Handlers\FileHandler' driver.
INFO - 2022-02-13 06:27:40 --> Controller "App\Controllers\base\Order" loaded.
INFO - 2022-02-13 06:27:40 --> Session: Class initialized using 'CodeIgniter\Session\Handlers\FileHandler' driver.
INFO - 2022-02-13 06:27:40 --> Controller "App\Controllers\base\Order" loaded.
INFO - 2022-02-13 06:27:40 --> Controller "App\Controllers\base\Beranda" loaded.
INFO - 2022-02-13 06:27:40 --> Controller "App\Controllers\base\Beranda" loaded.
INFO - 2022-02-13 06:27:40 --> Session: Class initialized using 'CodeIgniter\Session\Handlers\FileHandler' driver.
INFO - 2022-02-13 06:27:40 --> Controller "App\Controllers\base\Order" loaded.
INFO - 2022-02-13 06:27:40 --> Session: Class initialized using 'CodeIgniter\Session\Handlers\FileHandler' driver.
INFO - 2022-02-13 06:27:40 --> Controller "App\Controllers\base\Order" loaded.
INFO - 2022-02-13 06:27:40 --> Controller "App\Controllers\base\Beranda" loaded.
INFO - 2022-02-13 06:27:40 --> Controller "App\Controllers\base\Beranda" loaded.
INFO - 2022-02-13 06:27:40 --> Session: Class initialized using 'CodeIgniter\Session\Handlers\FileHandler' driver.
INFO - 2022-02-13 06:27:40 --> Controller "App\Controllers\base\Order" loaded.
INFO - 2022-02-13 06:27:40 --> Session: Class initialized using 'CodeIgniter\Session\Handlers\FileHandler' driver.
INFO - 2022-02-13 06:27:40 --> Controller "App\Controllers\base\Order" loaded.
INFO - 2022-02-13 06:27:40 --> Controller "App\Controllers\base\Beranda" loaded.
INFO - 2022-02-13 06:27:40 --> Controller "App\Controllers\base\Beranda" loaded.
INFO - 2022-02-13 06:27:40 --> Session: Class initialized using 'CodeIgniter\Session\Handlers\FileHandler' driver.
INFO - 2022-02-13 06:27:40 --> Controller "App\Controllers\base\Order" loaded.
INFO - 2022-02-13 06:27:40 --> Session: Class initialized using 'CodeIgniter\Session\Handlers\FileHandler' driver.
INFO - 2022-02-13 06:27:40 --> Controller "App\Controllers\base\Order" loaded.
INFO - 2022-02-13 06:27:40 --> Controller "App\Controllers\base\Beranda" loaded.
INFO - 2022-02-13 06:27:40 --> Controller "App\Controllers\base\Beranda" loaded.
INFO - 2022-02-13 06:27:40 --> Session: Class initialized using 'CodeIgniter\Session\Handlers\FileHandler' driver.
INFO - 2022-02-13 06:27:40 --> Controller "App\Controllers\base\Order" loaded.
INFO - 2022-02-13 06:27:40 --> Session: Class initialized using 'CodeIgniter\Session\Handlers\FileHandler' driver.
INFO - 2022-02-13 06:27:41 --> Controller "App\Controllers\base\Order" loaded.
INFO - 2022-02-13 06:27:41 --> Controller "App\Controllers\base\Beranda" loaded.
INFO - 2022-02-13 06:27:41 --> Controller "App\Controllers\base\Beranda" loaded.
INFO - 2022-02-13 06:27:41 --> Controller "App\Controllers\base\Beranda" loaded.
INFO - 2022-02-13 06:27:41 --> Controller "App\Controllers\base\Beranda" loaded.
INFO - 2022-02-13 06:27:42 --> Controller "App\Controllers\base\Beranda" loaded.
INFO - 2022-02-13 06:27:42 --> Controller "App\Controllers\base\Beranda" loaded.
INFO - 2022-02-13 06:27:42 --> Controller "App\Controllers\base\Beranda" loaded.
INFO - 2022-02-13 06:27:42 --> Controller "App\Controllers\base\Beranda" loaded.
INFO - 2022-02-13 06:27:42 --> Controller "App\Controllers\base\Beranda" loaded.
INFO - 2022-02-13 06:27:42 --> Controller "App\Controllers\base\Beranda" loaded.
INFO - 2022-02-13 06:27:42 --> Controller "App\Controllers\base\Beranda" loaded.
INFO - 2022-02-13 06:27:42 --> Controller "App\Controllers\base\Beranda" loaded.
INFO - 2022-02-13 06:27:42 --> Controller "App\Controllers\base\Beranda" loaded.
INFO - 2022-02-13 06:27:42 --> Controller "App\Controllers\base\Beranda" loaded.
INFO - 2022-02-13 06:27:42 --> Controller "App\Controllers\base\Beranda" loaded.
INFO - 2022-02-13 06:27:42 --> Controller "App\Controllers\base\Beranda" loaded.
INFO - 2022-02-13 06:27:42 --> Controller "App\Controllers\base\Beranda" loaded.
INFO - 2022-02-13 06:27:42 --> Controller "App\Controllers\base\Beranda" loaded.
INFO - 2022-02-13 06:27:42 --> Controller "App\Controllers\base\Beranda" loaded.
INFO - 2022-02-13 06:27:42 --> Controller "App\Controllers\base\Beranda" loaded.
INFO - 2022-02-13 06:27:42 --> Controller "App\Controllers\base\Beranda" loaded.
INFO - 2022-02-13 06:27:42 --> Controller "App\Controllers\base\Beranda" loaded.
INFO - 2022-02-13 06:27:42 --> Controller "App\Controllers\base\Beranda" loaded.
INFO - 2022-02-13 06:27:43 --> Controller "App\Controllers\base\Beranda" loaded.
INFO - 2022-02-13 06:27:43 --> Controller "App\Controllers\base\Beranda" loaded.
INFO - 2022-02-13 06:27:43 --> Controller "App\Controllers\base\Beranda" loaded.
INFO - 2022-02-13 06:27:43 --> Controller "App\Controllers\base\Beranda" loaded.
INFO - 2022-02-13 06:27:43 --> Controller "App\Controllers\base\Beranda" loaded.
INFO - 2022-02-13 06:27:43 --> Controller "App\Controllers\base\Beranda" loaded.
INFO - 2022-02-13 06:27:43 --> Controller "App\Controllers\base\Beranda" loaded.
INFO - 2022-02-13 06:27:43 --> Controller "App\Controllers\base\Beranda" loaded.
INFO - 2022-02-13 06:27:43 --> Controller "App\Controllers\base\Beranda" loaded.
INFO - 2022-02-13 06:27:43 --> Controller "App\Controllers\base\Beranda" loaded.
INFO - 2022-02-13 06:27:43 --> Controller "App\Controllers\base\Beranda" loaded.
INFO - 2022-02-13 06:27:43 --> Controller "App\Controllers\base\Beranda" loaded.
INFO - 2022-02-13 06:27:43 --> Controller "App\Controllers\base\Beranda" loaded.
INFO - 2022-02-13 06:27:44 --> Controller "App\Controllers\base\Beranda" loaded.
INFO - 2022-02-13 06:27:44 --> Controller "App\Controllers\base\Beranda" loaded.
INFO - 2022-02-13 06:27:44 --> Controller "App\Controllers\base\Beranda" loaded.
INFO - 2022-02-13 06:27:44 --> Controller "App\Controllers\base\Beranda" loaded.
INFO - 2022-02-13 06:27:44 --> Controller "App\Controllers\base\Beranda" loaded.
INFO - 2022-02-13 06:27:44 --> Controller "App\Controllers\base\Beranda" loaded.
INFO - 2022-02-13 06:27:44 --> Controller "App\Controllers\base\Beranda" loaded.
INFO - 2022-02-13 06:27:44 --> Controller "App\Controllers\base\Beranda" loaded.
INFO - 2022-02-13 06:27:44 --> Controller "App\Controllers\base\Beranda" loaded.
INFO - 2022-02-13 06:27:44 --> Controller "App\Controllers\base\Beranda" loaded.
INFO - 2022-02-13 06:27:44 --> Controller "App\Controllers\base\Beranda" loaded.
INFO - 2022-02-13 06:27:44 --> Controller "App\Controllers\base\Beranda" loaded.
INFO - 2022-02-13 06:27:44 --> Controller "App\Controllers\base\Beranda" loaded.
INFO - 2022-02-13 06:27:44 --> Controller "App\Controllers\base\Beranda" loaded.
INFO - 2022-02-13 06:27:45 --> Controller "App\Controllers\base\Beranda" loaded.
INFO - 2022-02-13 06:27:45 --> Controller "App\Controllers\base\Beranda" loaded.
INFO - 2022-02-13 06:27:45 --> Controller "App\Controllers\base\Beranda" loaded.
INFO - 2022-02-13 06:27:45 --> Controller "App\Controllers\base\Beranda" loaded.
INFO - 2022-02-13 06:27:45 --> Controller "App\Controllers\base\Beranda" loaded.
INFO - 2022-02-13 06:27:45 --> Controller "App\Controllers\base\Beranda" loaded.
INFO - 2022-02-13 06:27:45 --> Controller "App\Controllers\base\Beranda" loaded.
INFO - 2022-02-13 06:27:45 --> Controller "App\Controllers\base\Beranda" loaded.
INFO - 2022-02-13 06:27:45 --> Controller "App\Controllers\base\Beranda" loaded.
INFO - 2022-02-13 06:27:45 --> Controller "App\Controllers\base\Beranda" loaded.
INFO - 2022-02-13 06:27:45 --> Controller "App\Controllers\base\Beranda" loaded.
INFO - 2022-02-13 06:27:45 --> Controller "App\Controllers\base\Beranda" loaded.
INFO - 2022-02-13 06:27:45 --> Controller "App\Controllers\base\Beranda" loaded.
INFO - 2022-02-13 06:27:45 --> Controller "App\Controllers\base\Beranda" loaded.
INFO - 2022-02-13 06:27:45 --> Controller "App\Controllers\base\Beranda" loaded.
INFO - 2022-02-13 06:27:46 --> Controller "App\Controllers\base\Beranda" loaded.
INFO - 2022-02-13 06:27:46 --> Controller "App\Controllers\base\Beranda" loaded.
INFO - 2022-02-13 06:27:46 --> Controller "App\Controllers\base\Beranda" loaded.
INFO - 2022-02-13 06:27:46 --> Controller "App\Controllers\base\Beranda" loaded.
INFO - 2022-02-13 06:27:46 --> Controller "App\Controllers\base\Beranda" loaded.
INFO - 2022-02-13 06:27:46 --> Controller "App\Controllers\base\Beranda" loaded.
INFO - 2022-02-13 06:27:46 --> Controller "App\Controllers\base\Beranda" loaded.
INFO - 2022-02-13 06:27:46 --> Controller "App\Controllers\base\Beranda" loaded.
INFO - 2022-02-13 06:27:46 --> Controller "App\Controllers\base\Beranda" loaded.
INFO - 2022-02-13 06:27:46 --> Controller "App\Controllers\base\Beranda" loaded.
INFO - 2022-02-13 06:27:46 --> Controller "App\Controllers\base\Beranda" loaded.
INFO - 2022-02-13 06:27:46 --> Controller "App\Controllers\base\Beranda" loaded.
INFO - 2022-02-13 06:27:46 --> Controller "App\Controllers\base\Beranda" loaded.
INFO - 2022-02-13 06:27:46 --> Controller "App\Controllers\base\Beranda" loaded.
INFO - 2022-02-13 06:27:47 --> Controller "App\Controllers\base\Beranda" loaded.
INFO - 2022-02-13 06:27:47 --> Controller "App\Controllers\base\Beranda" loaded.
INFO - 2022-02-13 06:27:47 --> Controller "App\Controllers\base\Beranda" loaded.
INFO - 2022-02-13 06:27:47 --> Controller "App\Controllers\base\Beranda" loaded.
INFO - 2022-02-13 06:27:47 --> Controller "App\Controllers\base\Beranda" loaded.
INFO - 2022-02-13 06:27:47 --> Controller "App\Controllers\base\Beranda" loaded.
INFO - 2022-02-13 06:27:47 --> Controller "App\Controllers\base\Beranda" loaded.
INFO - 2022-02-13 06:27:47 --> Controller "App\Controllers\base\Beranda" loaded.
INFO - 2022-02-13 06:27:47 --> Controller "App\Controllers\base\Beranda" loaded.
INFO - 2022-02-13 06:27:47 --> Controller "App\Controllers\base\Beranda" loaded.
INFO - 2022-02-13 06:27:47 --> Controller "App\Controllers\base\Beranda" loaded.
INFO - 2022-02-13 06:27:47 --> Controller "App\Controllers\base\Beranda" loaded.
INFO - 2022-02-13 06:27:47 --> Controller "App\Controllers\base\Beranda" loaded.
INFO - 2022-02-13 06:27:47 --> Controller "App\Controllers\base\Beranda" loaded.
INFO - 2022-02-13 06:27:47 --> Controller "App\Controllers\base\Beranda" loaded.
INFO - 2022-02-13 06:27:47 --> Controller "App\Controllers\base\Beranda" loaded.
INFO - 2022-02-13 06:27:47 --> Controller "App\Controllers\base\Beranda" loaded.
INFO - 2022-02-13 06:27:47 --> Controller "App\Controllers\base\Beranda" loaded.
INFO - 2022-02-13 06:27:48 --> Controller "App\Controllers\base\Beranda" loaded.
INFO - 2022-02-13 06:27:48 --> Controller "App\Controllers\base\Beranda" loaded.
INFO - 2022-02-13 06:27:48 --> Controller "App\Controllers\base\Beranda" loaded.
INFO - 2022-02-13 06:27:48 --> Controller "App\Controllers\base\Beranda" loaded.
INFO - 2022-02-13 06:27:48 --> Controller "App\Controllers\base\Beranda" loaded.
INFO - 2022-02-13 06:27:48 --> Controller "App\Controllers\base\Beranda" loaded.
INFO - 2022-02-13 06:27:48 --> Controller "App\Controllers\base\Beranda" loaded.
INFO - 2022-02-13 06:27:48 --> Controller "App\Controllers\base\Beranda" loaded.
INFO - 2022-02-13 06:27:48 --> Controller "App\Controllers\base\Beranda" loaded.
INFO - 2022-02-13 06:27:48 --> Controller "App\Controllers\base\Beranda" loaded.
INFO - 2022-02-13 06:27:48 --> Controller "App\Controllers\base\Beranda" loaded.
INFO - 2022-02-13 06:27:52 --> Controller "App\Controllers\base\Beranda" loaded.
INFO - 2022-02-13 06:27:52 --> Controller "App\Controllers\base\Beranda" loaded.
INFO - 2022-02-13 06:27:52 --> Controller "App\Controllers\base\Beranda" loaded.
INFO - 2022-02-13 06:27:52 --> Controller "App\Controllers\base\Beranda" loaded.
INFO - 2022-02-13 06:27:52 --> Controller "App\Controllers\base\Beranda" loaded.
INFO - 2022-02-13 06:27:52 --> Controller "App\Controllers\base\Beranda" loaded.
INFO - 2022-02-13 06:27:52 --> Controller "App\Controllers\base\Beranda" loaded.
INFO - 2022-02-13 06:27:52 --> Controller "App\Controllers\base\Beranda" loaded.
INFO - 2022-02-13 06:27:52 --> Controller "App\Controllers\base\Beranda" loaded.
INFO - 2022-02-13 06:27:52 --> Controller "App\Controllers\base\Beranda" loaded.
INFO - 2022-02-13 06:28:18 --> Controller "App\Controllers\base\Beranda" loaded.
INFO - 2022-02-13 06:28:18 --> Controller "App\Controllers\base\Beranda" loaded.
INFO - 2022-02-13 06:28:19 --> Session: Class initialized using 'CodeIgniter\Session\Handlers\FileHandler' driver.
INFO - 2022-02-13 06:28:19 --> Controller "App\Controllers\base\Dashboard" loaded.
INFO - 2022-02-13 06:28:19 --> Session: Class initialized using 'CodeIgniter\Session\Handlers\FileHandler' driver.
INFO - 2022-02-13 06:28:19 --> Controller "App\Controllers\base\Dashboard" loaded.
INFO - 2022-02-13 06:28:19 --> Session: Class initialized using 'CodeIgniter\Session\Handlers\FileHandler' driver.
INFO - 2022-02-13 06:28:19 --> Controller "App\Controllers\base\Order" loaded.
INFO - 2022-02-13 06:28:19 --> Controller "App\Controllers\base\Beranda" loaded.
INFO - 2022-02-13 06:28:19 --> Session: Class initialized using 'CodeIgniter\Session\Handlers\FileHandler' driver.
INFO - 2022-02-13 06:28:19 --> Controller "App\Controllers\base\Order" loaded.
INFO - 2022-02-13 06:28:19 --> Controller "App\Controllers\base\Beranda" loaded.
INFO - 2022-02-13 06:28:19 --> Controller "App\Controllers\base\Beranda" loaded.
INFO - 2022-02-13 06:28:20 --> Controller "App\Controllers\base\Beranda" loaded.
INFO - 2022-02-13 06:28:20 --> Controller "App\Controllers\base\Beranda" loaded.
INFO - 2022-02-13 06:28:20 --> Controller "App\Controllers\base\Beranda" loaded.
INFO - 2022-02-13 06:28:20 --> Session: Class initialized using 'CodeIgniter\Session\Handlers\FileHandler' driver.
INFO - 2022-02-13 06:28:20 --> Controller "App\Controllers\base\Order" loaded.
INFO - 2022-02-13 06:28:20 --> Session: Class initialized using 'CodeIgniter\Session\Handlers\FileHandler' driver.
INFO - 2022-02-13 06:28:20 --> Controller "App\Controllers\base\Order" loaded.
INFO - 2022-02-13 06:28:20 --> Controller "App\Controllers\base\Beranda" loaded.
INFO - 2022-02-13 06:28:20 --> Controller "App\Controllers\base\Beranda" loaded.
INFO - 2022-02-13 06:28:20 --> Session: Class initialized using 'CodeIgniter\Session\Handlers\FileHandler' driver.
INFO - 2022-02-13 06:28:20 --> Controller "App\Controllers\base\Order" loaded.
INFO - 2022-02-13 06:28:20 --> Session: Class initialized using 'CodeIgniter\Session\Handlers\FileHandler' driver.
INFO - 2022-02-13 06:28:20 --> Controller "App\Controllers\base\Order" loaded.
INFO - 2022-02-13 06:28:20 --> Controller "App\Controllers\base\Beranda" loaded.
INFO - 2022-02-13 06:28:20 --> Controller "App\Controllers\base\Beranda" loaded.
INFO - 2022-02-13 06:28:21 --> Session: Class initialized using 'CodeIgniter\Session\Handlers\FileHandler' driver.
INFO - 2022-02-13 06:28:21 --> Controller "App\Controllers\base\Order" loaded.
INFO - 2022-02-13 06:28:21 --> Session: Class initialized using 'CodeIgniter\Session\Handlers\FileHandler' driver.
INFO - 2022-02-13 06:28:21 --> Controller "App\Controllers\base\Order" loaded.
INFO - 2022-02-13 06:28:21 --> Controller "App\Controllers\base\Beranda" loaded.
INFO - 2022-02-13 06:28:21 --> Controller "App\Controllers\base\Beranda" loaded.
INFO - 2022-02-13 06:28:21 --> Session: Class initialized using 'CodeIgniter\Session\Handlers\FileHandler' driver.
INFO - 2022-02-13 06:28:21 --> Controller "App\Controllers\base\Order" loaded.
INFO - 2022-02-13 06:28:21 --> Session: Class initialized using 'CodeIgniter\Session\Handlers\FileHandler' driver.
INFO - 2022-02-13 06:28:21 --> Controller "App\Controllers\base\Order" loaded.
INFO - 2022-02-13 06:28:21 --> Controller "App\Controllers\base\Beranda" loaded.
INFO - 2022-02-13 06:28:21 --> Controller "App\Controllers\base\Beranda" loaded.
INFO - 2022-02-13 06:28:21 --> Session: Class initialized using 'CodeIgniter\Session\Handlers\FileHandler' driver.
INFO - 2022-02-13 06:28:21 --> Controller "App\Controllers\base\Order" loaded.
INFO - 2022-02-13 06:28:21 --> Session: Class initialized using 'CodeIgniter\Session\Handlers\FileHandler' driver.
INFO - 2022-02-13 06:28:21 --> Controller "App\Controllers\base\Order" loaded.
INFO - 2022-02-13 06:28:21 --> Controller "App\Controllers\base\Beranda" loaded.
INFO - 2022-02-13 06:28:22 --> Controller "App\Controllers\base\Beranda" loaded.
INFO - 2022-02-13 06:28:22 --> Session: Class initialized using 'CodeIgniter\Session\Handlers\FileHandler' driver.
INFO - 2022-02-13 06:28:22 --> Controller "App\Controllers\base\Order" loaded.
INFO - 2022-02-13 06:28:22 --> Session: Class initialized using 'CodeIgniter\Session\Handlers\FileHandler' driver.
INFO - 2022-02-13 06:28:22 --> Controller "App\Controllers\base\Order" loaded.
INFO - 2022-02-13 06:28:22 --> Controller "App\Controllers\base\Beranda" loaded.
INFO - 2022-02-13 06:28:22 --> Controller "App\Controllers\base\Beranda" loaded.
INFO - 2022-02-13 06:28:22 --> Controller "App\Controllers\base\Beranda" loaded.
INFO - 2022-02-13 06:28:22 --> Controller "App\Controllers\base\Beranda" loaded.
INFO - 2022-02-13 06:28:22 --> Controller "App\Controllers\base\Beranda" loaded.
INFO - 2022-02-13 06:28:22 --> Controller "App\Controllers\base\Beranda" loaded.
INFO - 2022-02-13 06:28:23 --> Controller "App\Controllers\base\Beranda" loaded.
INFO - 2022-02-13 06:28:23 --> Controller "App\Controllers\base\Beranda" loaded.
INFO - 2022-02-13 06:28:23 --> Controller "App\Controllers\base\Beranda" loaded.
INFO - 2022-02-13 06:28:23 --> Controller "App\Controllers\base\Beranda" loaded.
INFO - 2022-02-13 06:28:23 --> Session: Class initialized using 'CodeIgniter\Session\Handlers\FileHandler' driver.
INFO - 2022-02-13 06:28:23 --> Controller "App\Controllers\base\Lupa_password" loaded.
INFO - 2022-02-13 06:28:23 --> Session: Class initialized using 'CodeIgniter\Session\Handlers\FileHandler' driver.
INFO - 2022-02-13 06:28:23 --> Controller "App\Controllers\base\Lupa_password" loaded.
INFO - 2022-02-13 06:28:24 --> Controller "App\Controllers\base\Beranda" loaded.
INFO - 2022-02-13 06:28:24 --> Controller "App\Controllers\base\Beranda" loaded.
INFO - 2022-02-13 06:28:24 --> Session: Class initialized using 'CodeIgniter\Session\Handlers\FileHandler' driver.
INFO - 2022-02-13 06:28:24 --> Controller "App\Controllers\base\Order" loaded.
INFO - 2022-02-13 06:28:24 --> Session: Class initialized using 'CodeIgniter\Session\Handlers\FileHandler' driver.
INFO - 2022-02-13 06:28:24 --> Controller "App\Controllers\base\Order" loaded.
INFO - 2022-02-13 06:28:24 --> Controller "App\Controllers\base\Beranda" loaded.
INFO - 2022-02-13 06:28:24 --> Controller "App\Controllers\base\Beranda" loaded.
INFO - 2022-02-13 06:28:24 --> Session: Class initialized using 'CodeIgniter\Session\Handlers\FileHandler' driver.
INFO - 2022-02-13 06:28:24 --> Controller "App\Controllers\base\Order" loaded.
INFO - 2022-02-13 06:28:24 --> Session: Class initialized using 'CodeIgniter\Session\Handlers\FileHandler' driver.
INFO - 2022-02-13 06:28:24 --> Controller "App\Controllers\base\Order" loaded.
INFO - 2022-02-13 06:28:24 --> Controller "App\Controllers\base\Beranda" loaded.
INFO - 2022-02-13 06:28:24 --> Controller "App\Controllers\base\Beranda" loaded.
INFO - 2022-02-13 06:28:25 --> Session: Class initialized using 'CodeIgniter\Session\Handlers\FileHandler' driver.
INFO - 2022-02-13 06:28:25 --> Controller "App\Controllers\base\Order" loaded.
INFO - 2022-02-13 06:28:25 --> Session: Class initialized using 'CodeIgniter\Session\Handlers\FileHandler' driver.
INFO - 2022-02-13 06:28:25 --> Controller "App\Controllers\base\Order" loaded.
INFO - 2022-02-13 06:28:25 --> Controller "App\Controllers\base\Beranda" loaded.
INFO - 2022-02-13 06:28:25 --> Controller "App\Controllers\base\Beranda" loaded.
INFO - 2022-02-13 06:28:25 --> Session: Class initialized using 'CodeIgniter\Session\Handlers\FileHandler' driver.
INFO - 2022-02-13 06:28:25 --> Controller "App\Controllers\base\Order" loaded.
INFO - 2022-02-13 06:28:25 --> Session: Class initialized using 'CodeIgniter\Session\Handlers\FileHandler' driver.
INFO - 2022-02-13 06:28:25 --> Controller "App\Controllers\base\Order" loaded.
INFO - 2022-02-13 06:28:25 --> Controller "App\Controllers\base\Beranda" loaded.
INFO - 2022-02-13 06:28:25 --> Controller "App\Controllers\base\Beranda" loaded.
INFO - 2022-02-13 06:28:25 --> Session: Class initialized using 'CodeIgniter\Session\Handlers\FileHandler' driver.
INFO - 2022-02-13 06:28:25 --> Controller "App\Controllers\base\Order" loaded.
INFO - 2022-02-13 06:28:25 --> Session: Class initialized using 'CodeIgniter\Session\Handlers\FileHandler' driver.
INFO - 2022-02-13 06:28:25 --> Controller "App\Controllers\base\Order" loaded.
INFO - 2022-02-13 06:28:26 --> Controller "App\Controllers\base\Beranda" loaded.
INFO - 2022-02-13 06:28:26 --> Controller "App\Controllers\base\Beranda" loaded.
INFO - 2022-02-13 06:28:26 --> Session: Class initialized using 'CodeIgniter\Session\Handlers\FileHandler' driver.
INFO - 2022-02-13 06:28:26 --> Controller "App\Controllers\base\Order" loaded.
INFO - 2022-02-13 06:28:26 --> Session: Class initialized using 'CodeIgniter\Session\Handlers\FileHandler' driver.
INFO - 2022-02-13 06:28:26 --> Controller "App\Controllers\base\Order" loaded.
INFO - 2022-02-13 06:28:26 --> Controller "App\Controllers\base\Beranda" loaded.
INFO - 2022-02-13 06:28:26 --> Controller "App\Controllers\base\Beranda" loaded.
INFO - 2022-02-13 06:28:26 --> Controller "App\Controllers\base\Beranda" loaded.
INFO - 2022-02-13 06:28:26 --> Controller "App\Controllers\base\Beranda" loaded.
INFO - 2022-02-13 06:28:26 --> Controller "App\Controllers\base\Beranda" loaded.
INFO - 2022-02-13 06:28:26 --> Controller "App\Controllers\base\Beranda" loaded.
INFO - 2022-02-13 06:28:27 --> Controller "App\Controllers\base\Beranda" loaded.
INFO - 2022-02-13 06:28:27 --> Controller "App\Controllers\base\Beranda" loaded.
INFO - 2022-02-13 06:28:27 --> Controller "App\Controllers\base\Beranda" loaded.
INFO - 2022-02-13 06:28:27 --> Controller "App\Controllers\base\Beranda" loaded.
INFO - 2022-02-13 06:28:27 --> Controller "App\Controllers\base\Beranda" loaded.
INFO - 2022-02-13 06:28:27 --> Controller "App\Controllers\base\Beranda" loaded.
INFO - 2022-02-13 06:28:30 --> Controller "App\Controllers\base\Beranda" loaded.
INFO - 2022-02-13 06:28:30 --> Controller "App\Controllers\base\Beranda" loaded.
INFO - 2022-02-13 06:28:30 --> Controller "App\Controllers\base\Beranda" loaded.
INFO - 2022-02-13 06:28:42 --> Controller "App\Controllers\base\Beranda" loaded.
INFO - 2022-02-13 06:28:43 --> Controller "App\Controllers\base\Beranda" loaded.
INFO - 2022-02-13 06:28:44 --> Controller "App\Controllers\base\Beranda" loaded.
INFO - 2022-02-13 06:28:44 --> Controller "App\Controllers\base\Beranda" loaded.
INFO - 2022-02-13 06:28:44 --> Controller "App\Controllers\base\Beranda" loaded.
INFO - 2022-02-13 06:29:18 --> Controller "App\Controllers\base\Beranda" loaded.
INFO - 2022-02-13 06:29:18 --> Controller "App\Controllers\base\Beranda" loaded.
INFO - 2022-02-13 06:29:18 --> Controller "App\Controllers\base\Beranda" loaded.
INFO - 2022-02-13 06:29:18 --> Controller "App\Controllers\base\Beranda" loaded.
INFO - 2022-02-13 06:29:18 --> Controller "App\Controllers\base\Beranda" loaded.
INFO - 2022-02-13 06:29:18 --> Controller "App\Controllers\base\Beranda" loaded.
INFO - 2022-02-13 06:29:19 --> Controller "App\Controllers\base\Beranda" loaded.
INFO - 2022-02-13 06:29:19 --> Controller "App\Controllers\base\Beranda" loaded.
INFO - 2022-02-13 06:29:19 --> Controller "App\Controllers\base\Beranda" loaded.
INFO - 2022-02-13 06:29:19 --> Controller "App\Controllers\base\Beranda" loaded.
INFO - 2022-02-13 06:29:24 --> Controller "App\Controllers\base\Beranda" loaded.
INFO - 2022-02-13 06:29:24 --> Controller "App\Controllers\base\Beranda" loaded.
INFO - 2022-02-13 06:29:24 --> Controller "App\Controllers\base\Beranda" loaded.
INFO - 2022-02-13 06:29:24 --> Controller "App\Controllers\base\Beranda" loaded.
INFO - 2022-02-13 06:29:24 --> Controller "App\Controllers\base\Beranda" loaded.
INFO - 2022-02-13 06:29:24 --> Controller "App\Controllers\base\Beranda" loaded.
INFO - 2022-02-13 06:29:24 --> Controller "App\Controllers\base\Beranda" loaded.
INFO - 2022-02-13 06:29:24 --> Controller "App\Controllers\base\Beranda" loaded.
INFO - 2022-02-13 06:29:25 --> Controller "App\Controllers\base\Beranda" loaded.
INFO - 2022-02-13 06:29:25 --> Controller "App\Controllers\base\Beranda" loaded.
INFO - 2022-02-13 06:29:26 --> Controller "App\Controllers\base\Beranda" loaded.
INFO - 2022-02-13 06:29:26 --> Controller "App\Controllers\base\Beranda" loaded.
INFO - 2022-02-13 06:29:27 --> Controller "App\Controllers\base\Beranda" loaded.
INFO - 2022-02-13 06:29:27 --> Controller "App\Controllers\base\Beranda" loaded.
INFO - 2022-02-13 06:29:27 --> Controller "App\Controllers\base\Beranda" loaded.
INFO - 2022-02-13 06:29:27 --> Controller "App\Controllers\base\Beranda" loaded.
INFO - 2022-02-13 06:29:27 --> Controller "App\Controllers\base\Beranda" loaded.
INFO - 2022-02-13 06:29:27 --> Controller "App\Controllers\base\Beranda" loaded.
INFO - 2022-02-13 06:29:27 --> Controller "App\Controllers\base\Beranda" loaded.
INFO - 2022-02-13 06:29:27 --> Controller "App\Controllers\base\Beranda" loaded.
INFO - 2022-02-13 06:29:29 --> Controller "App\Controllers\base\Beranda" loaded.
INFO - 2022-02-13 06:29:29 --> Controller "App\Controllers\base\Beranda" loaded.
INFO - 2022-02-13 06:29:29 --> Controller "App\Controllers\base\Beranda" loaded.
INFO - 2022-02-13 06:29:29 --> Controller "App\Controllers\base\Beranda" loaded.
INFO - 2022-02-13 06:29:29 --> Controller "App\Controllers\base\Beranda" loaded.
INFO - 2022-02-13 06:29:29 --> Controller "App\Controllers\base\Beranda" loaded.
INFO - 2022-02-13 06:29:30 --> Controller "App\Controllers\base\Beranda" loaded.
INFO - 2022-02-13 06:29:30 --> Controller "App\Controllers\base\Beranda" loaded.
INFO - 2022-02-13 06:29:30 --> Controller "App\Controllers\base\Beranda" loaded.
INFO - 2022-02-13 06:29:30 --> Controller "App\Controllers\base\Beranda" loaded.
INFO - 2022-02-13 06:29:32 --> Controller "App\Controllers\base\Beranda" loaded.
INFO - 2022-02-13 06:29:32 --> Controller "App\Controllers\base\Beranda" loaded.
INFO - 2022-02-13 06:29:32 --> Controller "App\Controllers\base\Beranda" loaded.
INFO - 2022-02-13 06:29:32 --> Controller "App\Controllers\base\Beranda" loaded.
INFO - 2022-02-13 06:29:32 --> Controller "App\Controllers\base\Beranda" loaded.
INFO - 2022-02-13 06:29:32 --> Controller "App\Controllers\base\Beranda" loaded.
INFO - 2022-02-13 06:29:32 --> Controller "App\Controllers\base\Beranda" loaded.
INFO - 2022-02-13 06:29:33 --> Controller "App\Controllers\base\Beranda" loaded.
INFO - 2022-02-13 06:29:33 --> Controller "App\Controllers\base\Beranda" loaded.
INFO - 2022-02-13 06:29:33 --> Controller "App\Controllers\base\Beranda" loaded.
INFO - 2022-02-13 06:29:35 --> Controller "App\Controllers\base\Beranda" loaded.
INFO - 2022-02-13 06:29:35 --> Controller "App\Controllers\base\Beranda" loaded.
INFO - 2022-02-13 06:29:35 --> Controller "App\Controllers\base\Beranda" loaded.
INFO - 2022-02-13 06:29:35 --> Controller "App\Controllers\base\Beranda" loaded.
INFO - 2022-02-13 06:29:35 --> Controller "App\Controllers\base\Beranda" loaded.
INFO - 2022-02-13 06:29:35 --> Controller "App\Controllers\base\Beranda" loaded.
INFO - 2022-02-13 06:29:36 --> Controller "App\Controllers\base\Beranda" loaded.
INFO - 2022-02-13 06:29:36 --> Controller "App\Controllers\base\Beranda" loaded.
INFO - 2022-02-13 06:29:36 --> Controller "App\Controllers\base\Beranda" loaded.
INFO - 2022-02-13 06:29:36 --> Controller "App\Controllers\base\Beranda" loaded.
INFO - 2022-02-13 06:29:38 --> Controller "App\Controllers\base\Beranda" loaded.
INFO - 2022-02-13 06:29:38 --> Controller "App\Controllers\base\Beranda" loaded.
INFO - 2022-02-13 06:29:38 --> Session: Class initialized using 'CodeIgniter\Session\Handlers\FileHandler' driver.
INFO - 2022-02-13 06:29:38 --> Controller "App\Controllers\base\Order" loaded.
INFO - 2022-02-13 06:29:38 --> Session: Class initialized using 'CodeIgniter\Session\Handlers\FileHandler' driver.
INFO - 2022-02-13 06:29:38 --> Controller "App\Controllers\base\Order" loaded.
INFO - 2022-02-13 06:29:38 --> Controller "App\Controllers\base\Beranda" loaded.
INFO - 2022-02-13 06:29:38 --> Controller "App\Controllers\base\Beranda" loaded.
INFO - 2022-02-13 06:29:38 --> Session: Class initialized using 'CodeIgniter\Session\Handlers\FileHandler' driver.
INFO - 2022-02-13 06:29:38 --> Controller "App\Controllers\base\Order" loaded.
INFO - 2022-02-13 06:29:38 --> Session: Class initialized using 'CodeIgniter\Session\Handlers\FileHandler' driver.
INFO - 2022-02-13 06:29:38 --> Controller "App\Controllers\base\Order" loaded.
INFO - 2022-02-13 06:29:38 --> Controller "App\Controllers\base\Beranda" loaded.
INFO - 2022-02-13 06:29:39 --> Controller "App\Controllers\base\Beranda" loaded.
INFO - 2022-02-13 06:29:39 --> Session: Class initialized using 'CodeIgniter\Session\Handlers\FileHandler' driver.
INFO - 2022-02-13 06:29:39 --> Controller "App\Controllers\base\Order" loaded.
INFO - 2022-02-13 06:29:39 --> Session: Class initialized using 'CodeIgniter\Session\Handlers\FileHandler' driver.
INFO - 2022-02-13 06:29:39 --> Controller "App\Controllers\base\Order" loaded.
INFO - 2022-02-13 06:29:39 --> Controller "App\Controllers\base\Beranda" loaded.
INFO - 2022-02-13 06:29:39 --> Controller "App\Controllers\base\Beranda" loaded.
INFO - 2022-02-13 06:29:39 --> Session: Class initialized using 'CodeIgniter\Session\Handlers\FileHandler' driver.
INFO - 2022-02-13 06:29:39 --> Controller "App\Controllers\base\Order" loaded.
INFO - 2022-02-13 06:29:39 --> Session: Class initialized using 'CodeIgniter\Session\Handlers\FileHandler' driver.
INFO - 2022-02-13 06:29:39 --> Controller "App\Controllers\base\Order" loaded.
INFO - 2022-02-13 06:29:39 --> Controller "App\Controllers\base\Beranda" loaded.
INFO - 2022-02-13 06:29:39 --> Controller "App\Controllers\base\Beranda" loaded.
INFO - 2022-02-13 06:29:40 --> Session: Class initialized using 'CodeIgniter\Session\Handlers\FileHandler' driver.
INFO - 2022-02-13 06:29:40 --> Controller "App\Controllers\base\Order" loaded.
INFO - 2022-02-13 06:29:40 --> Session: Class initialized using 'CodeIgniter\Session\Handlers\FileHandler' driver.
INFO - 2022-02-13 06:29:40 --> Controller "App\Controllers\base\Order" loaded.
INFO - 2022-02-13 06:29:40 --> Controller "App\Controllers\base\Beranda" loaded.
INFO - 2022-02-13 06:29:40 --> Controller "App\Controllers\base\Beranda" loaded.
INFO - 2022-02-13 06:29:40 --> Session: Class initialized using 'CodeIgniter\Session\Handlers\FileHandler' driver.
INFO - 2022-02-13 06:29:40 --> Controller "App\Controllers\base\Order" loaded.
INFO - 2022-02-13 06:29:40 --> Session: Class initialized using 'CodeIgniter\Session\Handlers\FileHandler' driver.
INFO - 2022-02-13 06:29:40 --> Controller "App\Controllers\base\Order" loaded.
INFO - 2022-02-13 06:29:40 --> Controller "App\Controllers\base\Beranda" loaded.
INFO - 2022-02-13 06:29:40 --> Controller "App\Controllers\base\Beranda" loaded.
INFO - 2022-02-13 06:29:40 --> Session: Class initialized using 'CodeIgniter\Session\Handlers\FileHandler' driver.
INFO - 2022-02-13 06:29:40 --> Controller "App\Controllers\base\Order" loaded.
INFO - 2022-02-13 06:29:40 --> Session: Class initialized using 'CodeIgniter\Session\Handlers\FileHandler' driver.
INFO - 2022-02-13 06:29:40 --> Controller "App\Controllers\base\Order" loaded.
INFO - 2022-02-13 06:29:41 --> Controller "App\Controllers\base\Beranda" loaded.
INFO - 2022-02-13 06:29:41 --> Controller "App\Controllers\base\Beranda" loaded.
INFO - 2022-02-13 06:29:41 --> Session: Class initialized using 'CodeIgniter\Session\Handlers\FileHandler' driver.
INFO - 2022-02-13 06:29:41 --> Controller "App\Controllers\base\Order" loaded.
INFO - 2022-02-13 06:29:41 --> Session: Class initialized using 'CodeIgniter\Session\Handlers\FileHandler' driver.
INFO - 2022-02-13 06:29:41 --> Controller "App\Controllers\base\Order" loaded.
INFO - 2022-02-13 06:29:41 --> Controller "App\Controllers\base\Beranda" loaded.
INFO - 2022-02-13 06:29:41 --> Controller "App\Controllers\base\Beranda" loaded.
INFO - 2022-02-13 06:29:41 --> Controller "App\Controllers\base\Beranda" loaded.
INFO - 2022-02-13 06:29:41 --> Controller "App\Controllers\base\Beranda" loaded.
INFO - 2022-02-13 06:29:41 --> Controller "App\Controllers\base\Beranda" loaded.
INFO - 2022-02-13 06:29:41 --> Controller "App\Controllers\base\Beranda" loaded.
INFO - 2022-02-13 06:29:41 --> Controller "App\Controllers\base\Beranda" loaded.
INFO - 2022-02-13 06:29:42 --> Controller "App\Controllers\base\Beranda" loaded.
INFO - 2022-02-13 06:29:42 --> Controller "App\Controllers\base\Beranda" loaded.
INFO - 2022-02-13 06:29:42 --> Controller "App\Controllers\base\Beranda" loaded.
INFO - 2022-02-13 06:29:42 --> Controller "App\Controllers\base\Beranda" loaded.
INFO - 2022-02-13 06:29:42 --> Controller "App\Controllers\base\Beranda" loaded.
INFO - 2022-02-13 06:29:44 --> Controller "App\Controllers\base\Beranda" loaded.
INFO - 2022-02-13 06:29:44 --> Controller "App\Controllers\base\Beranda" loaded.
INFO - 2022-02-13 06:29:44 --> Controller "App\Controllers\base\Beranda" loaded.
INFO - 2022-02-13 06:29:44 --> Controller "App\Controllers\base\Beranda" loaded.
INFO - 2022-02-13 06:29:44 --> Controller "App\Controllers\base\Beranda" loaded.
INFO - 2022-02-13 06:29:44 --> Controller "App\Controllers\base\Beranda" loaded.
INFO - 2022-02-13 06:29:44 --> Controller "App\Controllers\base\Beranda" loaded.
INFO - 2022-02-13 06:29:44 --> Controller "App\Controllers\base\Beranda" loaded.
INFO - 2022-02-13 06:29:45 --> Controller "App\Controllers\base\Beranda" loaded.
INFO - 2022-02-13 06:29:45 --> Controller "App\Controllers\base\Beranda" loaded.
INFO - 2022-02-13 06:29:48 --> Controller "App\Controllers\base\Beranda" loaded.
INFO - 2022-02-13 06:29:48 --> Controller "App\Controllers\base\Beranda" loaded.
INFO - 2022-02-13 06:29:48 --> Controller "App\Controllers\base\Beranda" loaded.
INFO - 2022-02-13 06:29:48 --> Controller "App\Controllers\base\Beranda" loaded.
INFO - 2022-02-13 06:29:48 --> Controller "App\Controllers\base\Beranda" loaded.
INFO - 2022-02-13 06:29:48 --> Controller "App\Controllers\base\Beranda" loaded.
INFO - 2022-02-13 06:29:48 --> Controller "App\Controllers\base\Beranda" loaded.
INFO - 2022-02-13 06:29:48 --> Controller "App\Controllers\base\Beranda" loaded.
INFO - 2022-02-13 06:29:48 --> Controller "App\Controllers\base\Beranda" loaded.
INFO - 2022-02-13 06:29:48 --> Controller "App\Controllers\base\Beranda" loaded.
INFO - 2022-02-13 06:29:51 --> Controller "App\Controllers\base\Beranda" loaded.
INFO - 2022-02-13 06:29:51 --> Controller "App\Controllers\base\Beranda" loaded.
INFO - 2022-02-13 06:29:51 --> Controller "App\Controllers\base\Beranda" loaded.
INFO - 2022-02-13 06:29:51 --> Controller "App\Controllers\base\Beranda" loaded.
INFO - 2022-02-13 06:29:51 --> Controller "App\Controllers\base\Beranda" loaded.
INFO - 2022-02-13 06:29:51 --> Controller "App\Controllers\base\Beranda" loaded.
INFO - 2022-02-13 06:29:51 --> Controller "App\Controllers\base\Beranda" loaded.
INFO - 2022-02-13 06:29:51 --> Controller "App\Controllers\base\Beranda" loaded.
INFO - 2022-02-13 06:29:51 --> Controller "App\Controllers\base\Beranda" loaded.
INFO - 2022-02-13 06:29:51 --> Controller "App\Controllers\base\Beranda" loaded.
INFO - 2022-02-13 06:29:53 --> Controller "App\Controllers\base\Beranda" loaded.
INFO - 2022-02-13 06:29:53 --> Controller "App\Controllers\base\Beranda" loaded.
INFO - 2022-02-13 06:29:53 --> Controller "App\Controllers\base\Beranda" loaded.
INFO - 2022-02-13 06:29:54 --> Controller "App\Controllers\base\Beranda" loaded.
INFO - 2022-02-13 06:29:54 --> Controller "App\Controllers\base\Beranda" loaded.
INFO - 2022-02-13 06:29:54 --> Controller "App\Controllers\base\Beranda" loaded.
INFO - 2022-02-13 06:29:54 --> Controller "App\Controllers\base\Beranda" loaded.
INFO - 2022-02-13 06:29:54 --> Controller "App\Controllers\base\Beranda" loaded.
INFO - 2022-02-13 06:29:54 --> Controller "App\Controllers\base\Beranda" loaded.
INFO - 2022-02-13 06:29:54 --> Controller "App\Controllers\base\Beranda" loaded.
INFO - 2022-02-13 06:29:54 --> Controller "App\Controllers\base\Beranda" loaded.
INFO - 2022-02-13 06:29:55 --> Controller "App\Controllers\base\Beranda" loaded.
INFO - 2022-02-13 06:29:55 --> Controller "App\Controllers\base\Beranda" loaded.
INFO - 2022-02-13 06:29:55 --> Controller "App\Controllers\base\Beranda" loaded.
INFO - 2022-02-13 06:29:55 --> Controller "App\Controllers\base\Beranda" loaded.
INFO - 2022-02-13 06:29:55 --> Controller "App\Controllers\base\Beranda" loaded.
INFO - 2022-02-13 06:30:39 --> Controller "App\Controllers\base\Beranda" loaded.
INFO - 2022-02-13 06:30:39 --> Controller "App\Controllers\base\Beranda" loaded.
INFO - 2022-02-13 06:30:40 --> Controller "App\Controllers\base\Beranda" loaded.
INFO - 2022-02-13 06:30:40 --> Controller "App\Controllers\base\Beranda" loaded.
INFO - 2022-02-13 06:30:40 --> Controller "App\Controllers\base\Beranda" loaded.
INFO - 2022-02-13 06:30:41 --> Controller "App\Controllers\base\Beranda" loaded.
INFO - 2022-02-13 06:30:41 --> Controller "App\Controllers\base\Beranda" loaded.
INFO - 2022-02-13 06:30:41 --> Controller "App\Controllers\base\Beranda" loaded.
INFO - 2022-02-13 06:30:41 --> Controller "App\Controllers\base\Beranda" loaded.
INFO - 2022-02-13 06:30:42 --> Controller "App\Controllers\base\Beranda" loaded.
INFO - 2022-02-13 06:30:42 --> Controller "App\Controllers\base\Beranda" loaded.
INFO - 2022-02-13 06:30:42 --> Controller "App\Controllers\base\Beranda" loaded.
INFO - 2022-02-13 06:30:42 --> Controller "App\Controllers\base\Beranda" loaded.
INFO - 2022-02-13 06:30:43 --> Controller "App\Controllers\base\Beranda" loaded.
INFO - 2022-02-13 06:30:43 --> Controller "App\Controllers\base\Beranda" loaded.
INFO - 2022-02-13 06:30:43 --> Controller "App\Controllers\base\Beranda" loaded.
INFO - 2022-02-13 06:30:43 --> Controller "App\Controllers\base\Beranda" loaded.
INFO - 2022-02-13 06:30:44 --> Controller "App\Controllers\base\Beranda" loaded.
INFO - 2022-02-13 06:30:44 --> Controller "App\Controllers\base\Beranda" loaded.
INFO - 2022-02-13 06:30:44 --> Controller "App\Controllers\base\Beranda" loaded.
INFO - 2022-02-13 07:00:02 --> Controller "App\Controllers\base\Beranda" loaded.
INFO - 2022-02-13 07:10:02 --> Controller "App\Controllers\base\Beranda" loaded.
INFO - 2022-02-13 07:14:20 --> Controller "App\Controllers\base\Beranda" loaded.
INFO - 2022-02-13 07:20:02 --> Controller "App\Controllers\base\Beranda" loaded.
INFO - 2022-02-13 07:30:02 --> Controller "App\Controllers\base\Beranda" loaded.
INFO - 2022-02-13 07:40:02 --> Controller "App\Controllers\base\Beranda" loaded.
INFO - 2022-02-13 07:47:14 --> Controller "App\Controllers\base\Beranda" loaded.
INFO - 2022-02-13 07:48:51 --> Controller "App\Controllers\base\Beranda" loaded.
INFO - 2022-02-13 07:48:53 --> Controller "App\Controllers\base\Beranda" loaded.
INFO - 2022-02-13 07:50:01 --> Controller "App\Controllers\base\Beranda" loaded.
INFO - 2022-02-13 07:50:53 --> Controller "App\Controllers\base\Beranda" loaded.
INFO - 2022-02-13 07:50:55 --> Controller "App\Controllers\base\Beranda" loaded.
INFO - 2022-02-13 08:00:02 --> Controller "App\Controllers\base\Beranda" loaded.
INFO - 2022-02-13 08:10:02 --> Controller "App\Controllers\base\Beranda" loaded.
INFO - 2022-02-13 08:20:02 --> Controller "App\Controllers\base\Beranda" loaded.
INFO - 2022-02-13 08:30:02 --> Controller "App\Controllers\base\Beranda" loaded.
INFO - 2022-02-13 08:37:56 --> Controller "App\Controllers\base\Beranda" loaded.
INFO - 2022-02-13 08:37:57 --> Controller "App\Controllers\base\Beranda" loaded.
INFO - 2022-02-13 08:37:57 --> Controller "App\Controllers\base\Beranda" loaded.
INFO - 2022-02-13 08:37:57 --> Controller "App\Controllers\base\Beranda" loaded.
INFO - 2022-02-13 08:37:58 --> Controller "App\Controllers\base\Beranda" loaded.
INFO - 2022-02-13 08:37:58 --> Controller "App\Controllers\base\Beranda" loaded.
INFO - 2022-02-13 08:37:58 --> Controller "App\Controllers\base\Beranda" loaded.
INFO - 2022-02-13 08:37:59 --> Controller "App\Controllers\base\Beranda" loaded.
INFO - 2022-02-13 08:37:59 --> Controller "App\Controllers\base\Beranda" loaded.
INFO - 2022-02-13 08:37:59 --> Controller "App\Controllers\base\Beranda" loaded.
INFO - 2022-02-13 08:37:59 --> Controller "App\Controllers\base\Beranda" loaded.
INFO - 2022-02-13 08:38:00 --> Controller "App\Controllers\base\Beranda" loaded.
INFO - 2022-02-13 08:38:00 --> Controller "App\Controllers\base\Beranda" loaded.
INFO - 2022-02-13 08:38:00 --> Controller "App\Controllers\base\Beranda" loaded.
INFO - 2022-02-13 08:38:00 --> Controller "App\Controllers\base\Beranda" loaded.
INFO - 2022-02-13 08:38:01 --> Controller "App\Controllers\base\Beranda" loaded.
INFO - 2022-02-13 08:38:01 --> Controller "App\Controllers\base\Beranda" loaded.
INFO - 2022-02-13 08:38:01 --> Controller "App\Controllers\base\Beranda" loaded.
INFO - 2022-02-13 08:38:02 --> Controller "App\Controllers\base\Beranda" loaded.
INFO - 2022-02-13 08:38:02 --> Controller "App\Controllers\base\Beranda" loaded.
INFO - 2022-02-13 08:40:02 --> Controller "App\Controllers\base\Beranda" loaded.
INFO - 2022-02-13 08:50:02 --> Controller "App\Controllers\base\Beranda" loaded.
INFO - 2022-02-13 09:00:02 --> Controller "App\Controllers\base\Beranda" loaded.
INFO - 2022-02-13 09:10:02 --> Controller "App\Controllers\base\Beranda" loaded.
INFO - 2022-02-13 09:20:02 --> Controller "App\Controllers\base\Beranda" loaded.
INFO - 2022-02-13 09:30:02 --> Controller "App\Controllers\base\Beranda" loaded.
INFO - 2022-02-13 09:40:02 --> Controller "App\Controllers\base\Beranda" loaded.
INFO - 2022-02-13 09:50:02 --> Controller "App\Controllers\base\Beranda" loaded.
INFO - 2022-02-13 09:59:58 --> Controller "App\Controllers\base\Beranda" loaded.
INFO - 2022-02-13 09:59:59 --> Controller "App\Controllers\base\Beranda" loaded.
INFO - 2022-02-13 09:59:59 --> Controller "App\Controllers\base\Beranda" loaded.
INFO - 2022-02-13 09:59:59 --> Controller "App\Controllers\base\Beranda" loaded.
INFO - 2022-02-13 09:59:59 --> Controller "App\Controllers\base\Beranda" loaded.
INFO - 2022-02-13 09:59:59 --> Controller "App\Controllers\base\Beranda" loaded.
INFO - 2022-02-13 09:59:59 --> Controller "App\Controllers\base\Beranda" loaded.
INFO - 2022-02-13 09:59:59 --> Controller "App\Controllers\base\Beranda" loaded.
INFO - 2022-02-13 09:59:59 --> Controller "App\Controllers\base\Beranda" loaded.
INFO - 2022-02-13 09:59:59 --> Controller "App\Controllers\base\Beranda" loaded.
INFO - 2022-02-13 09:59:59 --> Controller "App\Controllers\base\Beranda" loaded.
INFO - 2022-02-13 09:59:59 --> Controller "App\Controllers\base\Beranda" loaded.
INFO - 2022-02-13 09:59:59 --> Controller "App\Controllers\base\Beranda" loaded.
INFO - 2022-02-13 09:59:59 --> Controller "App\Controllers\base\Beranda" loaded.
INFO - 2022-02-13 09:59:59 --> Controller "App\Controllers\base\Beranda" loaded.
INFO - 2022-02-13 10:00:00 --> Controller "App\Controllers\base\Beranda" loaded.
INFO - 2022-02-13 10:00:00 --> Controller "App\Controllers\base\Beranda" loaded.
INFO - 2022-02-13 10:00:00 --> Controller "App\Controllers\base\Beranda" loaded.
INFO - 2022-02-13 10:00:00 --> Controller "App\Controllers\base\Beranda" loaded.
INFO - 2022-02-13 10:00:00 --> Controller "App\Controllers\base\Beranda" loaded.
INFO - 2022-02-13 10:00:02 --> Controller "App\Controllers\base\Beranda" loaded.
INFO - 2022-02-13 10:10:02 --> Controller "App\Controllers\base\Beranda" loaded.
INFO - 2022-02-13 10:20:02 --> Controller "App\Controllers\base\Beranda" loaded.
INFO - 2022-02-13 10:30:02 --> Controller "App\Controllers\base\Beranda" loaded.
INFO - 2022-02-13 10:40:02 --> Controller "App\Controllers\base\Beranda" loaded.
INFO - 2022-02-13 10:50:02 --> Controller "App\Controllers\base\Beranda" loaded.
INFO - 2022-02-13 10:51:22 --> Controller "App\Controllers\base\Beranda" loaded.
INFO - 2022-02-13 10:54:10 --> Controller "App\Controllers\base\Beranda" loaded.
INFO - 2022-02-13 11:00:02 --> Controller "App\Controllers\base\Beranda" loaded.
INFO - 2022-02-13 11:10:02 --> Controller "App\Controllers\base\Beranda" loaded.
INFO - 2022-02-13 11:18:19 --> Controller "App\Controllers\base\Beranda" loaded.
INFO - 2022-02-13 11:18:19 --> Controller "App\Controllers\base\Beranda" loaded.
INFO - 2022-02-13 11:20:02 --> Controller "App\Controllers\base\Beranda" loaded.
INFO - 2022-02-13 11:30:02 --> Controller "App\Controllers\base\Beranda" loaded.
INFO - 2022-02-13 11:40:02 --> Controller "App\Controllers\base\Beranda" loaded.
INFO - 2022-02-13 11:50:02 --> Controller "App\Controllers\base\Beranda" loaded.
INFO - 2022-02-13 12:00:02 --> Controller "App\Controllers\base\Beranda" loaded.
INFO - 2022-02-13 12:10:02 --> Controller "App\Controllers\base\Beranda" loaded.
INFO - 2022-02-13 12:20:02 --> Controller "App\Controllers\base\Beranda" loaded.
INFO - 2022-02-13 12:30:02 --> Controller "App\Controllers\base\Beranda" loaded.
INFO - 2022-02-13 12:40:02 --> Controller "App\Controllers\base\Beranda" loaded.
INFO - 2022-02-13 12:45:03 --> Controller "App\Controllers\base\Beranda" loaded.
INFO - 2022-02-13 12:50:02 --> Controller "App\Controllers\base\Beranda" loaded.
INFO - 2022-02-13 13:00:02 --> Controller "App\Controllers\base\Beranda" loaded.
INFO - 2022-02-13 13:10:02 --> Controller "App\Controllers\base\Beranda" loaded.
INFO - 2022-02-13 13:20:02 --> Controller "App\Controllers\base\Beranda" loaded.
INFO - 2022-02-13 13:30:02 --> Controller "App\Controllers\base\Beranda" loaded.
INFO - 2022-02-13 13:39:04 --> Controller "App\Controllers\base\Beranda" loaded.
INFO - 2022-02-13 13:39:07 --> Controller "App\Controllers\base\Beranda" loaded.
INFO - 2022-02-13 13:39:10 --> Controller "App\Controllers\base\Beranda" loaded.
INFO - 2022-02-13 13:39:11 --> Controller "App\Controllers\base\Beranda" loaded.
INFO - 2022-02-13 13:39:13 --> Controller "App\Controllers\base\Beranda" loaded.
INFO - 2022-02-13 13:39:14 --> Controller "App\Controllers\base\Beranda" loaded.
INFO - 2022-02-13 13:39:15 --> Controller "App\Controllers\base\Beranda" loaded.
INFO - 2022-02-13 13:39:16 --> Controller "App\Controllers\base\Beranda" loaded.
INFO - 2022-02-13 13:39:17 --> Controller "App\Controllers\base\Beranda" loaded.
INFO - 2022-02-13 13:39:18 --> Controller "App\Controllers\base\Beranda" loaded.
INFO - 2022-02-13 13:39:19 --> Controller "App\Controllers\base\Beranda" loaded.
INFO - 2022-02-13 13:39:21 --> Controller "App\Controllers\base\Beranda" loaded.
INFO - 2022-02-13 13:39:22 --> Controller "App\Controllers\base\Beranda" loaded.
INFO - 2022-02-13 13:39:23 --> Controller "App\Controllers\base\Beranda" loaded.
INFO - 2022-02-13 13:39:25 --> Controller "App\Controllers\base\Beranda" loaded.
INFO - 2022-02-13 13:39:27 --> Controller "App\Controllers\base\Beranda" loaded.
INFO - 2022-02-13 13:39:28 --> Controller "App\Controllers\base\Beranda" loaded.
INFO - 2022-02-13 13:39:30 --> Controller "App\Controllers\base\Beranda" loaded.
INFO - 2022-02-13 13:39:31 --> Controller "App\Controllers\base\Beranda" loaded.
INFO - 2022-02-13 13:40:01 --> Controller "App\Controllers\base\Beranda" loaded.
INFO - 2022-02-13 13:50:02 --> Controller "App\Controllers\base\Beranda" loaded.
INFO - 2022-02-13 14:00:02 --> Controller "App\Controllers\base\Beranda" loaded.
INFO - 2022-02-13 14:10:02 --> Controller "App\Controllers\base\Beranda" loaded.
INFO - 2022-02-13 14:20:02 --> Controller "App\Controllers\base\Beranda" loaded.
INFO - 2022-02-13 14:30:02 --> Controller "App\Controllers\base\Beranda" loaded.
INFO - 2022-02-13 14:40:02 --> Controller "App\Controllers\base\Beranda" loaded.
INFO - 2022-02-13 14:49:24 --> Controller "App\Controllers\base\Beranda" loaded.
INFO - 2022-02-13 14:49:25 --> Controller "App\Controllers\base\Beranda" loaded.
INFO - 2022-02-13 14:49:25 --> Controller "App\Controllers\base\Beranda" loaded.
INFO - 2022-02-13 14:49:25 --> Controller "App\Controllers\base\Beranda" loaded.
INFO - 2022-02-13 14:49:25 --> Controller "App\Controllers\base\Beranda" loaded.
INFO - 2022-02-13 14:49:25 --> Controller "App\Controllers\base\Beranda" loaded.
INFO - 2022-02-13 14:49:25 --> Controller "App\Controllers\base\Beranda" loaded.
INFO - 2022-02-13 14:49:25 --> Controller "App\Controllers\base\Beranda" loaded.
INFO - 2022-02-13 14:49:25 --> Controller "App\Controllers\base\Beranda" loaded.
INFO - 2022-02-13 14:49:26 --> Controller "App\Controllers\base\Beranda" loaded.
INFO - 2022-02-13 14:49:26 --> Controller "App\Controllers\base\Beranda" loaded.
INFO - 2022-02-13 14:49:26 --> Controller "App\Controllers\base\Beranda" loaded.
INFO - 2022-02-13 14:49:27 --> Controller "App\Controllers\base\Beranda" loaded.
INFO - 2022-02-13 14:49:27 --> Controller "App\Controllers\base\Beranda" loaded.
INFO - 2022-02-13 14:49:27 --> Controller "App\Controllers\base\Beranda" loaded.
INFO - 2022-02-13 14:49:27 --> Controller "App\Controllers\base\Beranda" loaded.
INFO - 2022-02-13 14:49:27 --> Controller "App\Controllers\base\Beranda" loaded.
INFO - 2022-02-13 14:49:27 --> Controller "App\Controllers\base\Beranda" loaded.
INFO - 2022-02-13 14:49:27 --> Controller "App\Controllers\base\Beranda" loaded.
INFO - 2022-02-13 14:50:02 --> Controller "App\Controllers\base\Beranda" loaded.
INFO - 2022-02-13 15:00:02 --> Controller "App\Controllers\base\Beranda" loaded.
INFO - 2022-02-13 15:10:02 --> Controller "App\Controllers\base\Beranda" loaded.
INFO - 2022-02-13 15:20:02 --> Controller "App\Controllers\base\Beranda" loaded.
INFO - 2022-02-13 15:22:49 --> Controller "App\Controllers\base\Beranda" loaded.
INFO - 2022-02-13 15:30:02 --> Controller "App\Controllers\base\Beranda" loaded.
INFO - 2022-02-13 15:40:02 --> Controller "App\Controllers\base\Beranda" loaded.
INFO - 2022-02-13 15:50:02 --> Controller "App\Controllers\base\Beranda" loaded.
INFO - 2022-02-13 16:00:02 --> Controller "App\Controllers\base\Beranda" loaded.
INFO - 2022-02-13 16:10:02 --> Controller "App\Controllers\base\Beranda" loaded.
INFO - 2022-02-13 16:20:02 --> Controller "App\Controllers\base\Beranda" loaded.
INFO - 2022-02-13 16:30:02 --> Controller "App\Controllers\base\Beranda" loaded.
INFO - 2022-02-13 16:40:02 --> Controller "App\Controllers\base\Beranda" loaded.
INFO - 2022-02-13 16:50:02 --> Controller "App\Controllers\base\Beranda" loaded.
INFO - 2022-02-13 17:00:02 --> Controller "App\Controllers\base\Beranda" loaded.
INFO - 2022-02-13 17:10:02 --> Controller "App\Controllers\base\Beranda" loaded.
INFO - 2022-02-13 17:20:02 --> Controller "App\Controllers\base\Beranda" loaded.
INFO - 2022-02-13 17:30:02 --> Controller "App\Controllers\base\Beranda" loaded.
INFO - 2022-02-13 17:39:31 --> Controller "App\Controllers\base\Beranda" loaded.
INFO - 2022-02-13 17:39:32 --> Controller "App\Controllers\base\Beranda" loaded.
INFO - 2022-02-13 17:39:32 --> Controller "App\Controllers\base\Beranda" loaded.
INFO - 2022-02-13 17:39:32 --> Controller "App\Controllers\base\Beranda" loaded.
INFO - 2022-02-13 17:39:32 --> Controller "App\Controllers\base\Beranda" loaded.
INFO - 2022-02-13 17:39:33 --> Controller "App\Controllers\base\Beranda" loaded.
INFO - 2022-02-13 17:39:33 --> Controller "App\Controllers\base\Beranda" loaded.
INFO - 2022-02-13 17:39:33 --> Controller "App\Controllers\base\Beranda" loaded.
INFO - 2022-02-13 17:39:33 --> Controller "App\Controllers\base\Beranda" loaded.
INFO - 2022-02-13 17:39:34 --> Controller "App\Controllers\base\Beranda" loaded.
INFO - 2022-02-13 17:39:34 --> Controller "App\Controllers\base\Beranda" loaded.
INFO - 2022-02-13 17:39:35 --> Controller "App\Controllers\base\Beranda" loaded.
INFO - 2022-02-13 17:39:35 --> Controller "App\Controllers\base\Beranda" loaded.
INFO - 2022-02-13 17:39:35 --> Controller "App\Controllers\base\Beranda" loaded.
INFO - 2022-02-13 17:39:36 --> Controller "App\Controllers\base\Beranda" loaded.
INFO - 2022-02-13 17:39:36 --> Controller "App\Controllers\base\Beranda" loaded.
INFO - 2022-02-13 17:39:37 --> Controller "App\Controllers\base\Beranda" loaded.
INFO - 2022-02-13 17:39:37 --> Controller "App\Controllers\base\Beranda" loaded.
INFO - 2022-02-13 17:39:37 --> Controller "App\Controllers\base\Beranda" loaded.
INFO - 2022-02-13 17:39:38 --> Controller "App\Controllers\base\Beranda" loaded.
INFO - 2022-02-13 17:40:02 --> Controller "App\Controllers\base\Beranda" loaded.
INFO - 2022-02-13 17:50:02 --> Controller "App\Controllers\base\Beranda" loaded.
INFO - 2022-02-13 18:00:02 --> Controller "App\Controllers\base\Beranda" loaded.
INFO - 2022-02-13 18:10:02 --> Controller "App\Controllers\base\Beranda" loaded.
INFO - 2022-02-13 18:10:41 --> Controller "App\Controllers\base\Beranda" loaded.
INFO - 2022-02-13 18:20:02 --> Controller "App\Controllers\base\Beranda" loaded.
INFO - 2022-02-13 18:30:02 --> Controller "App\Controllers\base\Beranda" loaded.
INFO - 2022-02-13 18:40:01 --> Controller "App\Controllers\base\Beranda" loaded.
INFO - 2022-02-13 18:50:02 --> Controller "App\Controllers\base\Beranda" loaded.
INFO - 2022-02-13 19:00:01 --> Controller "App\Controllers\base\Beranda" loaded.
INFO - 2022-02-13 19:10:02 --> Controller "App\Controllers\base\Beranda" loaded.
INFO - 2022-02-13 19:20:02 --> Controller "App\Controllers\base\Beranda" loaded.
INFO - 2022-02-13 19:27:44 --> Controller "App\Controllers\base\Beranda" loaded.
INFO - 2022-02-13 19:30:02 --> Controller "App\Controllers\base\Beranda" loaded.
INFO - 2022-02-13 19:40:02 --> Controller "App\Controllers\base\Beranda" loaded.
INFO - 2022-02-13 19:50:02 --> Controller "App\Controllers\base\Beranda" loaded.
INFO - 2022-02-13 20:00:02 --> Controller "App\Controllers\base\Beranda" loaded.
INFO - 2022-02-13 20:10:02 --> Controller "App\Controllers\base\Beranda" loaded.
INFO - 2022-02-13 20:20:02 --> Controller "App\Controllers\base\Beranda" loaded.
INFO - 2022-02-13 20:30:02 --> Controller "App\Controllers\base\Beranda" loaded.
INFO - 2022-02-13 20:40:02 --> Controller "App\Controllers\base\Beranda" loaded.
INFO - 2022-02-13 20:50:02 --> Controller "App\Controllers\base\Beranda" loaded.
INFO - 2022-02-13 21:00:03 --> Controller "App\Controllers\base\Beranda" loaded.
INFO - 2022-02-13 21:10:02 --> Controller "App\Controllers\base\Beranda" loaded.
INFO - 2022-02-13 21:14:58 --> Controller "App\Controllers\base\Beranda" loaded.
INFO - 2022-02-13 21:14:59 --> Controller "App\Controllers\base\Beranda" loaded.
INFO - 2022-02-13 21:15:00 --> Controller "App\Controllers\base\Beranda" loaded.
INFO - 2022-02-13 21:15:00 --> Controller "App\Controllers\base\Beranda" loaded.
INFO - 2022-02-13 21:15:01 --> Controller "App\Controllers\base\Beranda" loaded.
INFO - 2022-02-13 21:15:02 --> Controller "App\Controllers\base\Beranda" loaded.
INFO - 2022-02-13 21:15:02 --> Controller "App\Controllers\base\Beranda" loaded.
INFO - 2022-02-13 21:15:03 --> Controller "App\Controllers\base\Beranda" loaded.
INFO - 2022-02-13 21:15:03 --> Controller "App\Controllers\base\Beranda" loaded.
INFO - 2022-02-13 21:15:03 --> Controller "App\Controllers\base\Beranda" loaded.
INFO - 2022-02-13 21:15:04 --> Controller "App\Controllers\base\Beranda" loaded.
INFO - 2022-02-13 21:15:04 --> Controller "App\Controllers\base\Beranda" loaded.
INFO - 2022-02-13 21:15:05 --> Controller "App\Controllers\base\Beranda" loaded.
INFO - 2022-02-13 21:15:05 --> Controller "App\Controllers\base\Beranda" loaded.
INFO - 2022-02-13 21:15:06 --> Controller "App\Controllers\base\Beranda" loaded.
INFO - 2022-02-13 21:15:06 --> Controller "App\Controllers\base\Beranda" loaded.
INFO - 2022-02-13 21:15:07 --> Controller "App\Controllers\base\Beranda" loaded.
INFO - 2022-02-13 21:15:07 --> Controller "App\Controllers\base\Beranda" loaded.
INFO - 2022-02-13 21:15:08 --> Controller "App\Controllers\base\Beranda" loaded.
INFO - 2022-02-13 21:15:08 --> Controller "App\Controllers\base\Beranda" loaded.
INFO - 2022-02-13 21:18:04 --> Controller "App\Controllers\base\Beranda" loaded.
INFO - 2022-02-13 21:18:04 --> Controller "App\Controllers\base\Beranda" loaded.
INFO - 2022-02-13 21:18:04 --> Controller "App\Controllers\base\Beranda" loaded.
INFO - 2022-02-13 21:18:04 --> Controller "App\Controllers\base\Beranda" loaded.
INFO - 2022-02-13 21:18:04 --> Controller "App\Controllers\base\Beranda" loaded.
INFO - 2022-02-13 21:18:04 --> Controller "App\Controllers\base\Beranda" loaded.
INFO - 2022-02-13 21:18:04 --> Controller "App\Controllers\base\Beranda" loaded.
INFO - 2022-02-13 21:18:05 --> Controller "App\Controllers\base\Beranda" loaded.
INFO - 2022-02-13 21:18:05 --> Controller "App\Controllers\base\Beranda" loaded.
INFO - 2022-02-13 21:18:05 --> Controller "App\Controllers\base\Beranda" loaded.
INFO - 2022-02-13 21:18:05 --> Controller "App\Controllers\base\Beranda" loaded.
INFO - 2022-02-13 21:18:05 --> Controller "App\Controllers\base\Beranda" loaded.
INFO - 2022-02-13 21:18:05 --> Controller "App\Controllers\base\Beranda" loaded.
INFO - 2022-02-13 21:18:05 --> Controller "App\Controllers\base\Beranda" loaded.
INFO - 2022-02-13 21:18:05 --> Controller "App\Controllers\base\Beranda" loaded.
INFO - 2022-02-13 21:18:06 --> Controller "App\Controllers\base\Beranda" loaded.
INFO - 2022-02-13 21:18:06 --> Controller "App\Controllers\base\Beranda" loaded.
INFO - 2022-02-13 21:18:06 --> Controller "App\Controllers\base\Beranda" loaded.
INFO - 2022-02-13 21:18:06 --> Controller "App\Controllers\base\Beranda" loaded.
INFO - 2022-02-13 21:20:01 --> Controller "App\Controllers\base\Beranda" loaded.
INFO - 2022-02-13 21:30:02 --> Controller "App\Controllers\base\Beranda" loaded.
INFO - 2022-02-13 21:35:17 --> Controller "App\Controllers\base\Beranda" loaded.
INFO - 2022-02-13 21:35:18 --> Controller "App\Controllers\base\Beranda" loaded.
INFO - 2022-02-13 21:35:18 --> Controller "App\Controllers\base\Beranda" loaded.
INFO - 2022-02-13 21:35:19 --> Controller "App\Controllers\base\Beranda" loaded.
INFO - 2022-02-13 21:35:20 --> Controller "App\Controllers\base\Beranda" loaded.
INFO - 2022-02-13 21:35:21 --> Controller "App\Controllers\base\Beranda" loaded.
INFO - 2022-02-13 21:35:21 --> Controller "App\Controllers\base\Beranda" loaded.
INFO - 2022-02-13 21:35:22 --> Controller "App\Controllers\base\Beranda" loaded.
INFO - 2022-02-13 21:35:22 --> Controller "App\Controllers\base\Beranda" loaded.
INFO - 2022-02-13 21:35:23 --> Controller "App\Controllers\base\Beranda" loaded.
INFO - 2022-02-13 21:35:23 --> Controller "App\Controllers\base\Beranda" loaded.
INFO - 2022-02-13 21:35:24 --> Controller "App\Controllers\base\Beranda" loaded.
INFO - 2022-02-13 21:35:24 --> Controller "App\Controllers\base\Beranda" loaded.
INFO - 2022-02-13 21:35:25 --> Controller "App\Controllers\base\Beranda" loaded.
INFO - 2022-02-13 21:35:25 --> Controller "App\Controllers\base\Beranda" loaded.
INFO - 2022-02-13 21:35:25 --> Controller "App\Controllers\base\Beranda" loaded.
INFO - 2022-02-13 21:35:26 --> Controller "App\Controllers\base\Beranda" loaded.
INFO - 2022-02-13 21:35:26 --> Controller "App\Controllers\base\Beranda" loaded.
INFO - 2022-02-13 21:35:26 --> Controller "App\Controllers\base\Beranda" loaded.
INFO - 2022-02-13 21:40:02 --> Controller "App\Controllers\base\Beranda" loaded.
INFO - 2022-02-13 21:50:02 --> Controller "App\Controllers\base\Beranda" loaded.
INFO - 2022-02-13 21:56:28 --> Controller "App\Controllers\base\Beranda" loaded.
INFO - 2022-02-13 22:00:02 --> Controller "App\Controllers\base\Beranda" loaded.
INFO - 2022-02-13 22:10:02 --> Controller "App\Controllers\base\Beranda" loaded.
INFO - 2022-02-13 22:11:20 --> Controller "App\Controllers\base\Beranda" loaded.
INFO - 2022-02-13 22:20:02 --> Controller "App\Controllers\base\Beranda" loaded.
INFO - 2022-02-13 22:30:02 --> Controller "App\Controllers\base\Beranda" loaded.
INFO - 2022-02-13 22:32:05 --> Controller "App\Controllers\base\Beranda" loaded.
INFO - 2022-02-13 22:32:06 --> Controller "App\Controllers\base\Beranda" loaded.
INFO - 2022-02-13 22:32:06 --> Controller "App\Controllers\base\Beranda" loaded.
INFO - 2022-02-13 22:32:06 --> Controller "App\Controllers\base\Beranda" loaded.
INFO - 2022-02-13 22:32:06 --> Controller "App\Controllers\base\Beranda" loaded.
INFO - 2022-02-13 22:32:07 --> Controller "App\Controllers\base\Beranda" loaded.
INFO - 2022-02-13 22:32:07 --> Controller "App\Controllers\base\Beranda" loaded.
INFO - 2022-02-13 22:32:07 --> Controller "App\Controllers\base\Beranda" loaded.
INFO - 2022-02-13 22:32:08 --> Controller "App\Controllers\base\Beranda" loaded.
INFO - 2022-02-13 22:32:08 --> Controller "App\Controllers\base\Beranda" loaded.
INFO - 2022-02-13 22:32:08 --> Controller "App\Controllers\base\Beranda" loaded.
INFO - 2022-02-13 22:32:08 --> Controller "App\Controllers\base\Beranda" loaded.
INFO - 2022-02-13 22:32:09 --> Controller "App\Controllers\base\Beranda" loaded.
INFO - 2022-02-13 22:32:09 --> Controller "App\Controllers\base\Beranda" loaded.
INFO - 2022-02-13 22:39:34 --> Controller "App\Controllers\base\Beranda" loaded.
INFO - 2022-02-13 22:40:02 --> Controller "App\Controllers\base\Beranda" loaded.
INFO - 2022-02-13 22:50:02 --> Controller "App\Controllers\base\Beranda" loaded.
