INFO - 2021-12-18 01:40:08 --> Controller "App\Controllers\base\Beranda" loaded.
INFO - 2021-12-18 01:45:22 --> Controller "App\Controllers\base\Beranda" loaded.
INFO - 2021-12-18 02:28:46 --> Controller "App\Controllers\base\Beranda" loaded.
INFO - 2021-12-18 03:01:43 --> Controller "App\Controllers\base\Beranda" loaded.
INFO - 2021-12-18 03:22:11 --> Controller "App\Controllers\base\Beranda" loaded.
INFO - 2021-12-18 03:23:51 --> Controller "App\Controllers\base\Beranda" loaded.
INFO - 2021-12-18 03:24:27 --> Controller "App\Controllers\base\Beranda" loaded.
INFO - 2021-12-18 03:28:22 --> Controller "App\Controllers\base\Beranda" loaded.
INFO - 2021-12-18 03:29:03 --> Controller "App\Controllers\base\Beranda" loaded.
INFO - 2021-12-18 03:30:09 --> Controller "App\Controllers\base\Beranda" loaded.
INFO - 2021-12-18 03:31:29 --> Controller "App\Controllers\base\Beranda" loaded.
INFO - 2021-12-18 03:32:03 --> Controller "App\Controllers\base\Beranda" loaded.
INFO - 2021-12-18 03:33:22 --> Controller "App\Controllers\base\Beranda" loaded.
INFO - 2021-12-18 03:34:50 --> Controller "App\Controllers\base\Beranda" loaded.
INFO - 2021-12-18 03:35:00 --> Controller "App\Controllers\base\Beranda" loaded.
INFO - 2021-12-18 03:35:36 --> Controller "App\Controllers\base\Beranda" loaded.
INFO - 2021-12-18 03:35:41 --> Controller "App\Controllers\base\Beranda" loaded.
INFO - 2021-12-18 03:35:56 --> Controller "App\Controllers\base\Beranda" loaded.
INFO - 2021-12-18 03:36:08 --> Controller "App\Controllers\base\Beranda" loaded.
INFO - 2021-12-18 03:36:20 --> Controller "App\Controllers\base\Beranda" loaded.
INFO - 2021-12-18 03:36:33 --> Controller "App\Controllers\base\Beranda" loaded.
INFO - 2021-12-18 03:36:44 --> Controller "App\Controllers\base\Beranda" loaded.
INFO - 2021-12-18 03:37:11 --> Controller "App\Controllers\base\Beranda" loaded.
INFO - 2021-12-18 03:38:14 --> Controller "App\Controllers\base\Beranda" loaded.
INFO - 2021-12-18 03:38:42 --> Controller "App\Controllers\base\Beranda" loaded.
INFO - 2021-12-18 03:40:22 --> Controller "App\Controllers\base\Beranda" loaded.
INFO - 2021-12-18 03:41:12 --> Controller "App\Controllers\base\Beranda" loaded.
INFO - 2021-12-18 03:41:51 --> Controller "App\Controllers\base\Beranda" loaded.
INFO - 2021-12-18 03:42:42 --> Controller "App\Controllers\base\Beranda" loaded.
INFO - 2021-12-18 03:43:26 --> Controller "App\Controllers\base\Beranda" loaded.
INFO - 2021-12-18 03:44:06 --> Controller "App\Controllers\base\Beranda" loaded.
INFO - 2021-12-18 03:45:04 --> Controller "App\Controllers\base\Beranda" loaded.
INFO - 2021-12-18 03:45:52 --> Controller "App\Controllers\base\Beranda" loaded.
INFO - 2021-12-18 03:46:39 --> Controller "App\Controllers\base\Beranda" loaded.
INFO - 2021-12-18 03:47:43 --> Controller "App\Controllers\base\Beranda" loaded.
INFO - 2021-12-18 03:48:36 --> Controller "App\Controllers\base\Beranda" loaded.
INFO - 2021-12-18 03:49:20 --> Controller "App\Controllers\base\Beranda" loaded.
INFO - 2021-12-18 03:50:33 --> Controller "App\Controllers\base\Beranda" loaded.
INFO - 2021-12-18 03:52:13 --> Controller "App\Controllers\base\Beranda" loaded.
INFO - 2021-12-18 03:54:15 --> Controller "App\Controllers\base\Beranda" loaded.
INFO - 2021-12-18 03:55:01 --> Controller "App\Controllers\base\Beranda" loaded.
INFO - 2021-12-18 03:55:46 --> Controller "App\Controllers\base\Beranda" loaded.
INFO - 2021-12-18 03:56:28 --> Controller "App\Controllers\base\Beranda" loaded.
INFO - 2021-12-18 03:57:21 --> Controller "App\Controllers\base\Beranda" loaded.
INFO - 2021-12-18 03:58:08 --> Controller "App\Controllers\base\Beranda" loaded.
INFO - 2021-12-18 04:01:02 --> Controller "App\Controllers\base\Beranda" loaded.
INFO - 2021-12-18 06:17:41 --> Session: Class initialized using 'CodeIgniter\Session\Handlers\FileHandler' driver.
INFO - 2021-12-18 06:17:41 --> Controller "App\Controllers\base\Order" loaded.
INFO - 2021-12-18 06:35:24 --> Controller "App\Controllers\base\Beranda" loaded.
INFO - 2021-12-18 07:00:02 --> Controller "App\Controllers\base\Beranda" loaded.
INFO - 2021-12-18 07:10:03 --> Controller "App\Controllers\base\Beranda" loaded.
INFO - 2021-12-18 07:20:03 --> Controller "App\Controllers\base\Beranda" loaded.
INFO - 2021-12-18 07:23:36 --> Session: Class initialized using 'CodeIgniter\Session\Handlers\FileHandler' driver.
INFO - 2021-12-18 07:23:36 --> Controller "App\Controllers\bukutamu\Bukutamu" loaded.
INFO - 2021-12-18 07:30:02 --> Controller "App\Controllers\base\Beranda" loaded.
INFO - 2021-12-18 07:40:03 --> Controller "App\Controllers\base\Beranda" loaded.
INFO - 2021-12-18 07:44:05 --> Controller "App\Controllers\base\Beranda" loaded.
INFO - 2021-12-18 07:45:13 --> Controller "App\Controllers\base\Beranda" loaded.
INFO - 2021-12-18 07:45:18 --> Session: Class initialized using 'CodeIgniter\Session\Handlers\FileHandler' driver.
INFO - 2021-12-18 07:45:18 --> Controller "App\Controllers\base\Order" loaded.
INFO - 2021-12-18 07:45:19 --> Controller "App\Controllers\base\Beranda" loaded.
INFO - 2021-12-18 07:45:28 --> Controller "App\Controllers\base\Beranda" loaded.
INFO - 2021-12-18 07:46:19 --> Controller "App\Controllers\base\Beranda" loaded.
INFO - 2021-12-18 07:46:19 --> Controller "App\Controllers\base\Beranda" loaded.
INFO - 2021-12-18 07:46:20 --> Controller "App\Controllers\base\Beranda" loaded.
INFO - 2021-12-18 07:46:43 --> Controller "App\Controllers\base\Beranda" loaded.
INFO - 2021-12-18 07:47:37 --> Controller "App\Controllers\base\Beranda" loaded.
INFO - 2021-12-18 07:47:46 --> Session: Class initialized using 'CodeIgniter\Session\Handlers\FileHandler' driver.
INFO - 2021-12-18 07:47:46 --> Controller "App\Controllers\base\Order" loaded.
INFO - 2021-12-18 07:47:46 --> Controller "App\Controllers\base\Beranda" loaded.
INFO - 2021-12-18 07:47:59 --> Controller "App\Controllers\base\Beranda" loaded.
INFO - 2021-12-18 07:50:03 --> Controller "App\Controllers\base\Beranda" loaded.
INFO - 2021-12-18 08:00:03 --> Controller "App\Controllers\base\Beranda" loaded.
INFO - 2021-12-18 08:10:03 --> Controller "App\Controllers\base\Beranda" loaded.
INFO - 2021-12-18 08:11:53 --> Controller "App\Controllers\base\Beranda" loaded.
INFO - 2021-12-18 08:11:57 --> Controller "App\Controllers\base\Beranda" loaded.
INFO - 2021-12-18 08:11:58 --> Controller "App\Controllers\base\Beranda" loaded.
INFO - 2021-12-18 08:20:03 --> Controller "App\Controllers\base\Beranda" loaded.
INFO - 2021-12-18 08:30:02 --> Controller "App\Controllers\base\Beranda" loaded.
INFO - 2021-12-18 08:30:58 --> Controller "App\Controllers\base\Beranda" loaded.
INFO - 2021-12-18 08:30:58 --> Controller "App\Controllers\base\Beranda" loaded.
INFO - 2021-12-18 08:31:18 --> Controller "App\Controllers\base\Beranda" loaded.
INFO - 2021-12-18 08:35:08 --> Controller "App\Controllers\base\Beranda" loaded.
INFO - 2021-12-18 08:36:14 --> Controller "App\Controllers\base\Beranda" loaded.
INFO - 2021-12-18 08:40:02 --> Controller "App\Controllers\base\Beranda" loaded.
INFO - 2021-12-18 08:50:03 --> Controller "App\Controllers\base\Beranda" loaded.
INFO - 2021-12-18 08:51:27 --> Session: Class initialized using 'CodeIgniter\Session\Handlers\FileHandler' driver.
INFO - 2021-12-18 08:51:27 --> Controller "App\Controllers\undangan\Undangan" loaded.
INFO - 2021-12-18 09:00:03 --> Controller "App\Controllers\base\Beranda" loaded.
INFO - 2021-12-18 09:10:03 --> Controller "App\Controllers\base\Beranda" loaded.
INFO - 2021-12-18 09:14:57 --> Controller "App\Controllers\base\Beranda" loaded.
INFO - 2021-12-18 09:15:02 --> Controller "App\Controllers\base\Beranda" loaded.
INFO - 2021-12-18 09:20:03 --> Controller "App\Controllers\base\Beranda" loaded.
INFO - 2021-12-18 09:30:02 --> Controller "App\Controllers\base\Beranda" loaded.
INFO - 2021-12-18 09:34:18 --> Controller "App\Controllers\base\Beranda" loaded.
INFO - 2021-12-18 09:40:03 --> Controller "App\Controllers\base\Beranda" loaded.
INFO - 2021-12-18 09:50:03 --> Controller "App\Controllers\base\Beranda" loaded.
INFO - 2021-12-18 10:00:03 --> Controller "App\Controllers\base\Beranda" loaded.
INFO - 2021-12-18 10:10:02 --> Controller "App\Controllers\base\Beranda" loaded.
INFO - 2021-12-18 10:16:20 --> Session: Class initialized using 'CodeIgniter\Session\Handlers\FileHandler' driver.
INFO - 2021-12-18 10:16:20 --> Controller "App\Controllers\admin\Admin" loaded.
INFO - 2021-12-18 10:20:02 --> Controller "App\Controllers\base\Beranda" loaded.
INFO - 2021-12-18 10:30:02 --> Controller "App\Controllers\base\Beranda" loaded.
INFO - 2021-12-18 10:40:02 --> Controller "App\Controllers\base\Beranda" loaded.
INFO - 2021-12-18 10:50:02 --> Controller "App\Controllers\base\Beranda" loaded.
INFO - 2021-12-18 11:00:03 --> Controller "App\Controllers\base\Beranda" loaded.
INFO - 2021-12-18 11:01:06 --> Controller "App\Controllers\base\Beranda" loaded.
INFO - 2021-12-18 11:04:04 --> Session: Class initialized using 'CodeIgniter\Session\Handlers\FileHandler' driver.
INFO - 2021-12-18 11:04:04 --> Controller "App\Controllers\base\Order" loaded.
INFO - 2021-12-18 11:10:03 --> Controller "App\Controllers\base\Beranda" loaded.
INFO - 2021-12-18 11:20:03 --> Controller "App\Controllers\base\Beranda" loaded.
INFO - 2021-12-18 11:30:03 --> Controller "App\Controllers\base\Beranda" loaded.
INFO - 2021-12-18 11:40:03 --> Controller "App\Controllers\base\Beranda" loaded.
INFO - 2021-12-18 11:50:02 --> Controller "App\Controllers\base\Beranda" loaded.
INFO - 2021-12-18 12:00:03 --> Controller "App\Controllers\base\Beranda" loaded.
INFO - 2021-12-18 12:10:02 --> Controller "App\Controllers\base\Beranda" loaded.
INFO - 2021-12-18 12:18:21 --> Controller "App\Controllers\base\Beranda" loaded.
INFO - 2021-12-18 12:20:02 --> Controller "App\Controllers\base\Beranda" loaded.
INFO - 2021-12-18 12:21:17 --> Controller "App\Controllers\base\Beranda" loaded.
INFO - 2021-12-18 12:21:49 --> Controller "App\Controllers\base\Beranda" loaded.
INFO - 2021-12-18 12:24:59 --> Controller "App\Controllers\base\Beranda" loaded.
INFO - 2021-12-18 12:30:03 --> Controller "App\Controllers\base\Beranda" loaded.
INFO - 2021-12-18 12:40:03 --> Controller "App\Controllers\base\Beranda" loaded.
INFO - 2021-12-18 12:50:03 --> Controller "App\Controllers\base\Beranda" loaded.
INFO - 2021-12-18 12:56:13 --> Controller "App\Controllers\base\Beranda" loaded.
INFO - 2021-12-18 12:56:14 --> Controller "App\Controllers\base\Beranda" loaded.
INFO - 2021-12-18 13:00:03 --> Controller "App\Controllers\base\Beranda" loaded.
INFO - 2021-12-18 13:10:03 --> Controller "App\Controllers\base\Beranda" loaded.
INFO - 2021-12-18 13:20:03 --> Controller "App\Controllers\base\Beranda" loaded.
INFO - 2021-12-18 13:30:02 --> Controller "App\Controllers\base\Beranda" loaded.
INFO - 2021-12-18 13:40:03 --> Controller "App\Controllers\base\Beranda" loaded.
INFO - 2021-12-18 13:50:03 --> Controller "App\Controllers\base\Beranda" loaded.
INFO - 2021-12-18 13:51:15 --> Session: Class initialized using 'CodeIgniter\Session\Handlers\FileHandler' driver.
INFO - 2021-12-18 13:51:15 --> Controller "App\Controllers\base\Order" loaded.
INFO - 2021-12-18 14:00:03 --> Controller "App\Controllers\base\Beranda" loaded.
INFO - 2021-12-18 14:10:03 --> Controller "App\Controllers\base\Beranda" loaded.
INFO - 2021-12-18 14:20:03 --> Controller "App\Controllers\base\Beranda" loaded.
INFO - 2021-12-18 14:30:03 --> Controller "App\Controllers\base\Beranda" loaded.
INFO - 2021-12-18 14:40:03 --> Controller "App\Controllers\base\Beranda" loaded.
INFO - 2021-12-18 14:50:02 --> Controller "App\Controllers\base\Beranda" loaded.
INFO - 2021-12-18 15:00:03 --> Controller "App\Controllers\base\Beranda" loaded.
INFO - 2021-12-18 15:10:03 --> Controller "App\Controllers\base\Beranda" loaded.
INFO - 2021-12-18 15:20:02 --> Controller "App\Controllers\base\Beranda" loaded.
INFO - 2021-12-18 15:30:02 --> Controller "App\Controllers\base\Beranda" loaded.
INFO - 2021-12-18 15:32:45 --> Controller "App\Controllers\base\Beranda" loaded.
INFO - 2021-12-18 15:32:47 --> Controller "App\Controllers\base\Beranda" loaded.
INFO - 2021-12-18 15:40:03 --> Controller "App\Controllers\base\Beranda" loaded.
INFO - 2021-12-18 15:50:03 --> Controller "App\Controllers\base\Beranda" loaded.
INFO - 2021-12-18 16:00:03 --> Controller "App\Controllers\base\Beranda" loaded.
INFO - 2021-12-18 16:10:02 --> Controller "App\Controllers\base\Beranda" loaded.
INFO - 2021-12-18 16:20:03 --> Controller "App\Controllers\base\Beranda" loaded.
INFO - 2021-12-18 16:30:03 --> Controller "App\Controllers\base\Beranda" loaded.
INFO - 2021-12-18 16:40:03 --> Controller "App\Controllers\base\Beranda" loaded.
INFO - 2021-12-18 16:50:03 --> Controller "App\Controllers\base\Beranda" loaded.
INFO - 2021-12-18 16:56:04 --> Controller "App\Controllers\base\Beranda" loaded.
INFO - 2021-12-18 17:00:02 --> Controller "App\Controllers\base\Beranda" loaded.
INFO - 2021-12-18 17:10:02 --> Controller "App\Controllers\base\Beranda" loaded.
INFO - 2021-12-18 17:20:02 --> Controller "App\Controllers\base\Beranda" loaded.
INFO - 2021-12-18 17:27:22 --> Controller "App\Controllers\base\Beranda" loaded.
INFO - 2021-12-18 17:30:03 --> Controller "App\Controllers\base\Beranda" loaded.
INFO - 2021-12-18 17:31:52 --> Controller "App\Controllers\base\Beranda" loaded.
INFO - 2021-12-18 17:32:27 --> Controller "App\Controllers\base\Beranda" loaded.
INFO - 2021-12-18 17:40:03 --> Controller "App\Controllers\base\Beranda" loaded.
INFO - 2021-12-18 17:50:02 --> Controller "App\Controllers\base\Beranda" loaded.
INFO - 2021-12-18 17:54:27 --> Controller "App\Controllers\base\Beranda" loaded.
INFO - 2021-12-18 17:54:28 --> Controller "App\Controllers\base\Beranda" loaded.
INFO - 2021-12-18 17:54:30 --> Controller "App\Controllers\base\Beranda" loaded.
INFO - 2021-12-18 17:54:31 --> Controller "App\Controllers\base\Beranda" loaded.
INFO - 2021-12-18 18:00:02 --> Controller "App\Controllers\base\Beranda" loaded.
INFO - 2021-12-18 18:03:31 --> Controller "App\Controllers\base\Beranda" loaded.
INFO - 2021-12-18 18:10:02 --> Controller "App\Controllers\base\Beranda" loaded.
INFO - 2021-12-18 18:20:02 --> Controller "App\Controllers\base\Beranda" loaded.
INFO - 2021-12-18 18:21:21 --> Controller "App\Controllers\base\Beranda" loaded.
INFO - 2021-12-18 18:21:33 --> Controller "App\Controllers\base\Beranda" loaded.
INFO - 2021-12-18 18:21:46 --> Controller "App\Controllers\base\Beranda" loaded.
INFO - 2021-12-18 18:30:02 --> Controller "App\Controllers\base\Beranda" loaded.
INFO - 2021-12-18 18:40:03 --> Controller "App\Controllers\base\Beranda" loaded.
INFO - 2021-12-18 18:48:08 --> Controller "App\Controllers\base\Beranda" loaded.
INFO - 2021-12-18 18:50:03 --> Controller "App\Controllers\base\Beranda" loaded.
INFO - 2021-12-18 19:00:03 --> Controller "App\Controllers\base\Beranda" loaded.
INFO - 2021-12-18 19:02:40 --> Controller "App\Controllers\base\Beranda" loaded.
INFO - 2021-12-18 19:10:03 --> Controller "App\Controllers\base\Beranda" loaded.
INFO - 2021-12-18 19:17:09 --> Controller "App\Controllers\base\Beranda" loaded.
INFO - 2021-12-18 19:17:55 --> Controller "App\Controllers\base\Beranda" loaded.
INFO - 2021-12-18 19:20:03 --> Controller "App\Controllers\base\Beranda" loaded.
INFO - 2021-12-18 19:30:03 --> Controller "App\Controllers\base\Beranda" loaded.
INFO - 2021-12-18 19:31:33 --> Controller "App\Controllers\base\Beranda" loaded.
INFO - 2021-12-18 19:40:03 --> Controller "App\Controllers\base\Beranda" loaded.
INFO - 2021-12-18 19:50:03 --> Controller "App\Controllers\base\Beranda" loaded.
INFO - 2021-12-18 20:00:03 --> Controller "App\Controllers\base\Beranda" loaded.
INFO - 2021-12-18 20:10:03 --> Controller "App\Controllers\base\Beranda" loaded.
INFO - 2021-12-18 20:11:37 --> Controller "App\Controllers\base\Beranda" loaded.
INFO - 2021-12-18 20:20:03 --> Controller "App\Controllers\base\Beranda" loaded.
INFO - 2021-12-18 20:30:03 --> Controller "App\Controllers\base\Beranda" loaded.
INFO - 2021-12-18 20:40:03 --> Controller "App\Controllers\base\Beranda" loaded.
INFO - 2021-12-18 20:48:11 --> Session: Class initialized using 'CodeIgniter\Session\Handlers\FileHandler' driver.
INFO - 2021-12-18 20:48:11 --> Controller "App\Controllers\base\Order" loaded.
INFO - 2021-12-18 20:48:15 --> Session: Class initialized using 'CodeIgniter\Session\Handlers\FileHandler' driver.
INFO - 2021-12-18 20:48:15 --> Controller "App\Controllers\base\Order" loaded.
INFO - 2021-12-18 20:48:17 --> Session: Class initialized using 'CodeIgniter\Session\Handlers\FileHandler' driver.
INFO - 2021-12-18 20:48:17 --> Controller "App\Controllers\base\Order" loaded.
INFO - 2021-12-18 20:48:25 --> Controller "App\Controllers\base\Beranda" loaded.
INFO - 2021-12-18 20:50:03 --> Controller "App\Controllers\base\Beranda" loaded.
INFO - 2021-12-18 21:00:03 --> Controller "App\Controllers\base\Beranda" loaded.
INFO - 2021-12-18 21:10:03 --> Controller "App\Controllers\base\Beranda" loaded.
INFO - 2021-12-18 21:20:02 --> Controller "App\Controllers\base\Beranda" loaded.
INFO - 2021-12-18 21:30:02 --> Controller "App\Controllers\base\Beranda" loaded.
INFO - 2021-12-18 21:40:03 --> Controller "App\Controllers\base\Beranda" loaded.
INFO - 2021-12-18 21:41:01 --> Session: Class initialized using 'CodeIgniter\Session\Handlers\FileHandler' driver.
INFO - 2021-12-18 21:41:01 --> Controller "App\Controllers\undangan\Undangan" loaded.
INFO - 2021-12-18 21:50:02 --> Controller "App\Controllers\base\Beranda" loaded.
INFO - 2021-12-18 22:00:03 --> Controller "App\Controllers\base\Beranda" loaded.
INFO - 2021-12-18 22:10:03 --> Controller "App\Controllers\base\Beranda" loaded.
INFO - 2021-12-18 22:20:02 --> Controller "App\Controllers\base\Beranda" loaded.
INFO - 2021-12-18 22:30:02 --> Controller "App\Controllers\base\Beranda" loaded.
INFO - 2021-12-18 22:32:12 --> Controller "App\Controllers\base\Beranda" loaded.
INFO - 2021-12-18 22:40:02 --> Controller "App\Controllers\base\Beranda" loaded.
INFO - 2021-12-18 22:50:03 --> Controller "App\Controllers\base\Beranda" loaded.
INFO - 2021-12-18 23:00:05 --> Session: Class initialized using 'CodeIgniter\Session\Handlers\FileHandler' driver.
INFO - 2021-12-18 23:00:05 --> Controller "App\Controllers\base\Dashboard" loaded.
INFO - 2021-12-18 23:20:27 --> Controller "App\Controllers\base\Beranda" loaded.
INFO - 2021-12-18 23:23:00 --> Controller "App\Controllers\base\Beranda" loaded.
INFO - 2021-12-18 23:38:47 --> Controller "App\Controllers\base\Beranda" loaded.
