INFO - 2021-06-18 00:20:51 --> Controller "App\Controllers\base\Beranda" loaded.
INFO - 2021-06-18 00:30:27 --> Controller "App\Controllers\base\Beranda" loaded.
INFO - 2021-06-18 00:39:31 --> Controller "App\Controllers\base\Beranda" loaded.
INFO - 2021-06-18 01:35:11 --> Controller "App\Controllers\base\Beranda" loaded.
INFO - 2021-06-18 01:48:04 --> Controller "App\Controllers\base\Beranda" loaded.
INFO - 2021-06-18 03:25:32 --> Controller "App\Controllers\base\Beranda" loaded.
INFO - 2021-06-18 03:25:32 --> Controller "App\Controllers\base\Beranda" loaded.
INFO - 2021-06-18 03:25:33 --> Controller "App\Controllers\base\Beranda" loaded.
INFO - 2021-06-18 03:25:33 --> Controller "App\Controllers\base\Beranda" loaded.
INFO - 2021-06-18 03:25:34 --> Controller "App\Controllers\base\Beranda" loaded.
INFO - 2021-06-18 03:25:34 --> Controller "App\Controllers\base\Beranda" loaded.
INFO - 2021-06-18 03:25:35 --> Controller "App\Controllers\base\Beranda" loaded.
INFO - 2021-06-18 03:25:35 --> Controller "App\Controllers\base\Beranda" loaded.
INFO - 2021-06-18 03:25:36 --> Controller "App\Controllers\base\Beranda" loaded.
INFO - 2021-06-18 03:25:36 --> Controller "App\Controllers\base\Beranda" loaded.
INFO - 2021-06-18 03:25:37 --> Controller "App\Controllers\base\Beranda" loaded.
INFO - 2021-06-18 03:25:37 --> Controller "App\Controllers\base\Beranda" loaded.
INFO - 2021-06-18 03:25:38 --> Controller "App\Controllers\base\Beranda" loaded.
INFO - 2021-06-18 03:25:38 --> Controller "App\Controllers\base\Beranda" loaded.
INFO - 2021-06-18 03:25:39 --> Controller "App\Controllers\base\Beranda" loaded.
INFO - 2021-06-18 03:25:39 --> Controller "App\Controllers\base\Beranda" loaded.
INFO - 2021-06-18 03:25:40 --> Controller "App\Controllers\base\Beranda" loaded.
INFO - 2021-06-18 03:25:40 --> Controller "App\Controllers\base\Beranda" loaded.
INFO - 2021-06-18 03:25:41 --> Controller "App\Controllers\base\Beranda" loaded.
INFO - 2021-06-18 03:25:41 --> Controller "App\Controllers\base\Beranda" loaded.
INFO - 2021-06-18 03:25:42 --> Controller "App\Controllers\base\Beranda" loaded.
INFO - 2021-06-18 03:25:42 --> Controller "App\Controllers\base\Beranda" loaded.
INFO - 2021-06-18 03:25:43 --> Controller "App\Controllers\base\Beranda" loaded.
INFO - 2021-06-18 03:25:44 --> Controller "App\Controllers\base\Beranda" loaded.
INFO - 2021-06-18 03:25:44 --> Controller "App\Controllers\base\Beranda" loaded.
INFO - 2021-06-18 03:25:45 --> Controller "App\Controllers\base\Beranda" loaded.
INFO - 2021-06-18 03:25:45 --> Controller "App\Controllers\base\Beranda" loaded.
INFO - 2021-06-18 03:25:46 --> Controller "App\Controllers\base\Beranda" loaded.
INFO - 2021-06-18 03:25:46 --> Controller "App\Controllers\base\Beranda" loaded.
INFO - 2021-06-18 03:25:47 --> Controller "App\Controllers\base\Beranda" loaded.
INFO - 2021-06-18 04:54:43 --> Session: Class initialized using 'CodeIgniter\Session\Handlers\FileHandler' driver.
INFO - 2021-06-18 04:54:43 --> Controller "App\Controllers\undangan\Undangan" loaded.
INFO - 2021-06-18 04:55:02 --> Controller "App\Controllers\base\Beranda" loaded.
INFO - 2021-06-18 04:55:02 --> Controller "App\Controllers\base\Beranda" loaded.
INFO - 2021-06-18 05:51:52 --> Controller "App\Controllers\base\Beranda" loaded.
INFO - 2021-06-18 05:56:29 --> Controller "App\Controllers\base\Beranda" loaded.
INFO - 2021-06-18 06:07:52 --> Controller "App\Controllers\base\Beranda" loaded.
INFO - 2021-06-18 06:07:55 --> Controller "App\Controllers\base\Beranda" loaded.
INFO - 2021-06-18 06:37:40 --> Session: Class initialized using 'CodeIgniter\Session\Handlers\FileHandler' driver.
INFO - 2021-06-18 06:37:40 --> Controller "App\Controllers\undangan\Undangan" loaded.
INFO - 2021-06-18 07:56:55 --> Controller "App\Controllers\base\Beranda" loaded.
INFO - 2021-06-18 07:57:05 --> Controller "App\Controllers\base\Beranda" loaded.
INFO - 2021-06-18 08:00:02 --> Controller "App\Controllers\base\Beranda" loaded.
INFO - 2021-06-18 08:15:38 --> Controller "App\Controllers\base\Beranda" loaded.
INFO - 2021-06-18 08:15:38 --> Controller "App\Controllers\base\Beranda" loaded.
INFO - 2021-06-18 08:15:41 --> Controller "App\Controllers\base\Beranda" loaded.
INFO - 2021-06-18 08:34:09 --> Controller "App\Controllers\base\Beranda" loaded.
INFO - 2021-06-18 08:36:18 --> Controller "App\Controllers\base\Beranda" loaded.
INFO - 2021-06-18 08:39:24 --> Controller "App\Controllers\base\Beranda" loaded.
INFO - 2021-06-18 08:39:24 --> Controller "App\Controllers\base\Beranda" loaded.
INFO - 2021-06-18 08:39:25 --> Controller "App\Controllers\base\Beranda" loaded.
INFO - 2021-06-18 08:39:42 --> Controller "App\Controllers\base\Beranda" loaded.
INFO - 2021-06-18 08:39:42 --> Controller "App\Controllers\base\Beranda" loaded.
INFO - 2021-06-18 08:39:43 --> Controller "App\Controllers\base\Beranda" loaded.
INFO - 2021-06-18 08:45:44 --> Controller "App\Controllers\base\Beranda" loaded.
INFO - 2021-06-18 08:45:44 --> Controller "App\Controllers\base\Beranda" loaded.
INFO - 2021-06-18 08:46:04 --> Controller "App\Controllers\base\Beranda" loaded.
INFO - 2021-06-18 08:46:04 --> Controller "App\Controllers\base\Beranda" loaded.
INFO - 2021-06-18 08:46:05 --> Controller "App\Controllers\base\Beranda" loaded.
INFO - 2021-06-18 08:46:27 --> Controller "App\Controllers\base\Beranda" loaded.
INFO - 2021-06-18 08:46:36 --> Controller "App\Controllers\base\Beranda" loaded.
INFO - 2021-06-18 08:46:40 --> Controller "App\Controllers\base\Beranda" loaded.
INFO - 2021-06-18 08:47:49 --> Controller "App\Controllers\base\Beranda" loaded.
INFO - 2021-06-18 08:47:49 --> Controller "App\Controllers\base\Beranda" loaded.
INFO - 2021-06-18 08:47:49 --> Controller "App\Controllers\base\Beranda" loaded.
INFO - 2021-06-18 08:47:52 --> Controller "App\Controllers\base\Beranda" loaded.
INFO - 2021-06-18 08:59:00 --> Controller "App\Controllers\base\Beranda" loaded.
INFO - 2021-06-18 08:59:00 --> Controller "App\Controllers\base\Beranda" loaded.
INFO - 2021-06-18 09:03:00 --> Controller "App\Controllers\base\Beranda" loaded.
INFO - 2021-06-18 09:05:19 --> Controller "App\Controllers\base\Beranda" loaded.
INFO - 2021-06-18 09:05:20 --> Controller "App\Controllers\base\Beranda" loaded.
INFO - 2021-06-18 09:05:20 --> Controller "App\Controllers\base\Beranda" loaded.
INFO - 2021-06-18 09:05:29 --> Controller "App\Controllers\base\Beranda" loaded.
INFO - 2021-06-18 09:06:25 --> Controller "App\Controllers\base\Beranda" loaded.
INFO - 2021-06-18 09:08:44 --> Controller "App\Controllers\base\Beranda" loaded.
INFO - 2021-06-18 09:08:44 --> Controller "App\Controllers\base\Beranda" loaded.
INFO - 2021-06-18 09:08:45 --> Controller "App\Controllers\base\Beranda" loaded.
INFO - 2021-06-18 09:15:58 --> Controller "App\Controllers\base\Beranda" loaded.
INFO - 2021-06-18 10:36:31 --> Controller "App\Controllers\base\Beranda" loaded.
INFO - 2021-06-18 10:49:38 --> Controller "App\Controllers\base\Beranda" loaded.
INFO - 2021-06-18 12:27:56 --> Controller "App\Controllers\base\Beranda" loaded.
INFO - 2021-06-18 12:28:14 --> Controller "App\Controllers\base\Beranda" loaded.
INFO - 2021-06-18 12:28:33 --> Controller "App\Controllers\base\Beranda" loaded.
INFO - 2021-06-18 12:28:55 --> Controller "App\Controllers\base\Beranda" loaded.
INFO - 2021-06-18 12:29:09 --> Controller "App\Controllers\base\Beranda" loaded.
INFO - 2021-06-18 12:57:50 --> Session: Class initialized using 'CodeIgniter\Session\Handlers\FileHandler' driver.
INFO - 2021-06-18 12:57:50 --> Controller "App\Controllers\undangan\Undangan" loaded.
INFO - 2021-06-18 12:58:19 --> Controller "App\Controllers\base\Beranda" loaded.
INFO - 2021-06-18 13:03:05 --> Controller "App\Controllers\base\Beranda" loaded.
INFO - 2021-06-18 13:29:54 --> Controller "App\Controllers\base\Beranda" loaded.
INFO - 2021-06-18 13:43:08 --> Controller "App\Controllers\base\Beranda" loaded.
INFO - 2021-06-18 14:06:37 --> Controller "App\Controllers\base\Beranda" loaded.
INFO - 2021-06-18 14:08:21 --> Controller "App\Controllers\base\Beranda" loaded.
INFO - 2021-06-18 14:16:42 --> Controller "App\Controllers\base\Beranda" loaded.
INFO - 2021-06-18 14:17:38 --> Session: Class initialized using 'CodeIgniter\Session\Handlers\FileHandler' driver.
INFO - 2021-06-18 14:17:38 --> Controller "App\Controllers\undangan\Undangan" loaded.
INFO - 2021-06-18 14:17:39 --> Session: Class initialized using 'CodeIgniter\Session\Handlers\FileHandler' driver.
INFO - 2021-06-18 14:17:39 --> Controller "App\Controllers\undangan\Undangan" loaded.
INFO - 2021-06-18 14:17:40 --> Session: Class initialized using 'CodeIgniter\Session\Handlers\FileHandler' driver.
INFO - 2021-06-18 14:17:40 --> Controller "App\Controllers\undangan\Undangan" loaded.
INFO - 2021-06-18 14:17:41 --> Session: Class initialized using 'CodeIgniter\Session\Handlers\FileHandler' driver.
INFO - 2021-06-18 14:17:41 --> Controller "App\Controllers\undangan\Undangan" loaded.
INFO - 2021-06-18 14:17:42 --> Session: Class initialized using 'CodeIgniter\Session\Handlers\FileHandler' driver.
INFO - 2021-06-18 14:17:42 --> Controller "App\Controllers\undangan\Undangan" loaded.
INFO - 2021-06-18 15:02:51 --> Session: Class initialized using 'CodeIgniter\Session\Handlers\FileHandler' driver.
INFO - 2021-06-18 15:02:51 --> Controller "App\Controllers\base\Dashboard" loaded.
INFO - 2021-06-18 15:11:02 --> Session: Class initialized using 'CodeIgniter\Session\Handlers\FileHandler' driver.
INFO - 2021-06-18 15:11:02 --> Controller "App\Controllers\admin\Admin" loaded.
INFO - 2021-06-18 15:22:08 --> Controller "App\Controllers\base\Beranda" loaded.
INFO - 2021-06-18 15:22:08 --> Controller "App\Controllers\base\Beranda" loaded.
INFO - 2021-06-18 15:22:08 --> Controller "App\Controllers\base\Beranda" loaded.
INFO - 2021-06-18 15:22:08 --> Controller "App\Controllers\base\Beranda" loaded.
INFO - 2021-06-18 15:22:09 --> Controller "App\Controllers\base\Beranda" loaded.
INFO - 2021-06-18 15:22:09 --> Controller "App\Controllers\base\Beranda" loaded.
INFO - 2021-06-18 15:22:09 --> Controller "App\Controllers\base\Beranda" loaded.
INFO - 2021-06-18 15:22:09 --> Controller "App\Controllers\base\Beranda" loaded.
INFO - 2021-06-18 15:22:09 --> Controller "App\Controllers\base\Beranda" loaded.
INFO - 2021-06-18 15:22:09 --> Controller "App\Controllers\base\Beranda" loaded.
INFO - 2021-06-18 15:22:09 --> Controller "App\Controllers\base\Beranda" loaded.
INFO - 2021-06-18 15:22:10 --> Controller "App\Controllers\base\Beranda" loaded.
INFO - 2021-06-18 15:22:10 --> Controller "App\Controllers\base\Beranda" loaded.
INFO - 2021-06-18 15:22:10 --> Controller "App\Controllers\base\Beranda" loaded.
INFO - 2021-06-18 15:22:10 --> Controller "App\Controllers\base\Beranda" loaded.
INFO - 2021-06-18 15:22:11 --> Controller "App\Controllers\base\Beranda" loaded.
INFO - 2021-06-18 15:22:11 --> Controller "App\Controllers\base\Beranda" loaded.
INFO - 2021-06-18 15:22:11 --> Controller "App\Controllers\base\Beranda" loaded.
INFO - 2021-06-18 15:22:11 --> Controller "App\Controllers\base\Beranda" loaded.
INFO - 2021-06-18 15:22:13 --> Controller "App\Controllers\base\Beranda" loaded.
INFO - 2021-06-18 15:46:34 --> Session: Class initialized using 'CodeIgniter\Session\Handlers\FileHandler' driver.
INFO - 2021-06-18 15:46:34 --> Controller "App\Controllers\bukutamu\Bukutamu" loaded.
INFO - 2021-06-18 15:46:36 --> Session: Class initialized using 'CodeIgniter\Session\Handlers\FileHandler' driver.
INFO - 2021-06-18 15:46:36 --> Controller "App\Controllers\bukutamu\Bukutamu" loaded.
INFO - 2021-06-18 15:46:38 --> Session: Class initialized using 'CodeIgniter\Session\Handlers\FileHandler' driver.
INFO - 2021-06-18 15:46:38 --> Controller "App\Controllers\bukutamu\Bukutamu" loaded.
INFO - 2021-06-18 15:46:39 --> Session: Class initialized using 'CodeIgniter\Session\Handlers\FileHandler' driver.
INFO - 2021-06-18 15:46:39 --> Controller "App\Controllers\bukutamu\Bukutamu" loaded.
INFO - 2021-06-18 15:46:40 --> Session: Class initialized using 'CodeIgniter\Session\Handlers\FileHandler' driver.
INFO - 2021-06-18 15:46:40 --> Controller "App\Controllers\bukutamu\Bukutamu" loaded.
INFO - 2021-06-18 16:54:09 --> Controller "App\Controllers\base\Beranda" loaded.
INFO - 2021-06-18 17:02:49 --> Controller "App\Controllers\base\Beranda" loaded.
INFO - 2021-06-18 17:10:51 --> Controller "App\Controllers\base\Beranda" loaded.
INFO - 2021-06-18 18:19:51 --> Session: Class initialized using 'CodeIgniter\Session\Handlers\FileHandler' driver.
INFO - 2021-06-18 18:19:51 --> Controller "App\Controllers\undangan\Undangan" loaded.
INFO - 2021-06-18 18:47:40 --> Controller "App\Controllers\base\Beranda" loaded.
INFO - 2021-06-18 19:09:39 --> Controller "App\Controllers\base\Beranda" loaded.
INFO - 2021-06-18 19:09:40 --> Controller "App\Controllers\base\Beranda" loaded.
INFO - 2021-06-18 19:09:41 --> Controller "App\Controllers\base\Beranda" loaded.
INFO - 2021-06-18 19:09:42 --> Controller "App\Controllers\base\Beranda" loaded.
INFO - 2021-06-18 19:09:44 --> Controller "App\Controllers\base\Beranda" loaded.
INFO - 2021-06-18 20:11:09 --> Controller "App\Controllers\base\Beranda" loaded.
INFO - 2021-06-18 20:58:19 --> Controller "App\Controllers\base\Beranda" loaded.
INFO - 2021-06-18 21:12:10 --> Session: Class initialized using 'CodeIgniter\Session\Handlers\FileHandler' driver.
INFO - 2021-06-18 21:12:10 --> Controller "App\Controllers\undangan\Undangan" loaded.
INFO - 2021-06-18 21:12:11 --> Session: Class initialized using 'CodeIgniter\Session\Handlers\FileHandler' driver.
INFO - 2021-06-18 21:12:11 --> Controller "App\Controllers\undangan\Undangan" loaded.
INFO - 2021-06-18 21:12:12 --> Session: Class initialized using 'CodeIgniter\Session\Handlers\FileHandler' driver.
INFO - 2021-06-18 21:12:12 --> Controller "App\Controllers\undangan\Undangan" loaded.
INFO - 2021-06-18 21:12:12 --> Session: Class initialized using 'CodeIgniter\Session\Handlers\FileHandler' driver.
INFO - 2021-06-18 21:12:12 --> Controller "App\Controllers\undangan\Undangan" loaded.
INFO - 2021-06-18 21:12:13 --> Session: Class initialized using 'CodeIgniter\Session\Handlers\FileHandler' driver.
INFO - 2021-06-18 21:12:13 --> Controller "App\Controllers\undangan\Undangan" loaded.
INFO - 2021-06-18 21:37:44 --> Session: Class initialized using 'CodeIgniter\Session\Handlers\FileHandler' driver.
INFO - 2021-06-18 21:37:44 --> Controller "App\Controllers\undangan\Undangan" loaded.
INFO - 2021-06-18 21:47:36 --> Controller "App\Controllers\base\Beranda" loaded.
INFO - 2021-06-18 22:09:51 --> Session: Class initialized using 'CodeIgniter\Session\Handlers\FileHandler' driver.
INFO - 2021-06-18 22:09:51 --> Controller "App\Controllers\admin\Admin" loaded.
INFO - 2021-06-18 22:46:48 --> Session: Class initialized using 'CodeIgniter\Session\Handlers\FileHandler' driver.
INFO - 2021-06-18 22:46:48 --> Controller "App\Controllers\bukutamu\Bukutamu" loaded.
INFO - 2021-06-18 22:46:50 --> Session: Class initialized using 'CodeIgniter\Session\Handlers\FileHandler' driver.
INFO - 2021-06-18 22:46:50 --> Controller "App\Controllers\bukutamu\Bukutamu" loaded.
INFO - 2021-06-18 22:46:52 --> Session: Class initialized using 'CodeIgniter\Session\Handlers\FileHandler' driver.
INFO - 2021-06-18 22:46:52 --> Controller "App\Controllers\bukutamu\Bukutamu" loaded.
INFO - 2021-06-18 22:46:53 --> Session: Class initialized using 'CodeIgniter\Session\Handlers\FileHandler' driver.
INFO - 2021-06-18 22:46:53 --> Controller "App\Controllers\bukutamu\Bukutamu" loaded.
INFO - 2021-06-18 22:46:55 --> Session: Class initialized using 'CodeIgniter\Session\Handlers\FileHandler' driver.
INFO - 2021-06-18 22:46:55 --> Controller "App\Controllers\bukutamu\Bukutamu" loaded.
