INFO - 2021-12-11 00:15:00 --> Session: Class initialized using 'CodeIgniter\Session\Handlers\FileHandler' driver.
INFO - 2021-12-11 00:15:00 --> Controller "App\Controllers\base\Order" loaded.
INFO - 2021-12-11 01:38:25 --> Controller "App\Controllers\base\Beranda" loaded.
INFO - 2021-12-11 03:32:29 --> Session: Class initialized using 'CodeIgniter\Session\Handlers\FileHandler' driver.
INFO - 2021-12-11 03:32:29 --> Controller "App\Controllers\base\Order" loaded.
INFO - 2021-12-11 03:32:31 --> Session: Class initialized using 'CodeIgniter\Session\Handlers\FileHandler' driver.
INFO - 2021-12-11 03:32:31 --> Controller "App\Controllers\base\Order" loaded.
INFO - 2021-12-11 03:32:34 --> Session: Class initialized using 'CodeIgniter\Session\Handlers\FileHandler' driver.
INFO - 2021-12-11 03:32:34 --> Controller "App\Controllers\base\Order" loaded.
INFO - 2021-12-11 03:32:36 --> Controller "App\Controllers\base\Beranda" loaded.
INFO - 2021-12-11 04:20:44 --> Controller "App\Controllers\base\Beranda" loaded.
INFO - 2021-12-11 04:21:44 --> Session: Class initialized using 'CodeIgniter\Session\Handlers\FileHandler' driver.
INFO - 2021-12-11 04:21:44 --> Controller "App\Controllers\base\Order" loaded.
INFO - 2021-12-11 04:22:22 --> Session: Class initialized using 'CodeIgniter\Session\Handlers\FileHandler' driver.
INFO - 2021-12-11 04:22:22 --> Controller "App\Controllers\undangan\Undangan" loaded.
INFO - 2021-12-11 04:23:51 --> Session: Class initialized using 'CodeIgniter\Session\Handlers\FileHandler' driver.
INFO - 2021-12-11 04:23:51 --> Controller "App\Controllers\bukutamu\Bukutamu" loaded.
INFO - 2021-12-11 04:25:17 --> Session: Class initialized using 'CodeIgniter\Session\Handlers\FileHandler' driver.
INFO - 2021-12-11 04:25:17 --> Controller "App\Controllers\undangan\Undangan" loaded.
INFO - 2021-12-11 04:25:18 --> Session: Class initialized using 'CodeIgniter\Session\Handlers\FileHandler' driver.
INFO - 2021-12-11 04:25:18 --> Controller "App\Controllers\undangan\Undangan" loaded.
INFO - 2021-12-11 04:25:19 --> Session: Class initialized using 'CodeIgniter\Session\Handlers\FileHandler' driver.
INFO - 2021-12-11 04:25:19 --> Controller "App\Controllers\undangan\Undangan" loaded.
INFO - 2021-12-11 04:25:19 --> Session: Class initialized using 'CodeIgniter\Session\Handlers\FileHandler' driver.
INFO - 2021-12-11 04:25:19 --> Controller "App\Controllers\undangan\Undangan" loaded.
INFO - 2021-12-11 04:25:20 --> Session: Class initialized using 'CodeIgniter\Session\Handlers\FileHandler' driver.
INFO - 2021-12-11 04:25:20 --> Controller "App\Controllers\undangan\Undangan" loaded.
INFO - 2021-12-11 04:25:21 --> Session: Class initialized using 'CodeIgniter\Session\Handlers\FileHandler' driver.
INFO - 2021-12-11 04:25:21 --> Controller "App\Controllers\undangan\Undangan" loaded.
INFO - 2021-12-11 04:25:21 --> Session: Class initialized using 'CodeIgniter\Session\Handlers\FileHandler' driver.
INFO - 2021-12-11 04:25:21 --> Controller "App\Controllers\undangan\Undangan" loaded.
INFO - 2021-12-11 04:25:24 --> Session: Class initialized using 'CodeIgniter\Session\Handlers\FileHandler' driver.
INFO - 2021-12-11 04:25:24 --> Controller "App\Controllers\undangan\Undangan" loaded.
INFO - 2021-12-11 04:25:24 --> Session: Class initialized using 'CodeIgniter\Session\Handlers\FileHandler' driver.
INFO - 2021-12-11 04:25:24 --> Controller "App\Controllers\undangan\Undangan" loaded.
INFO - 2021-12-11 04:25:25 --> Session: Class initialized using 'CodeIgniter\Session\Handlers\FileHandler' driver.
INFO - 2021-12-11 04:25:25 --> Controller "App\Controllers\undangan\Undangan" loaded.
INFO - 2021-12-11 04:25:25 --> Session: Class initialized using 'CodeIgniter\Session\Handlers\FileHandler' driver.
INFO - 2021-12-11 04:25:25 --> Controller "App\Controllers\undangan\Undangan" loaded.
INFO - 2021-12-11 04:25:26 --> Session: Class initialized using 'CodeIgniter\Session\Handlers\FileHandler' driver.
INFO - 2021-12-11 04:25:26 --> Controller "App\Controllers\undangan\Undangan" loaded.
INFO - 2021-12-11 04:25:26 --> Session: Class initialized using 'CodeIgniter\Session\Handlers\FileHandler' driver.
INFO - 2021-12-11 04:25:26 --> Controller "App\Controllers\undangan\Undangan" loaded.
INFO - 2021-12-11 04:25:27 --> Session: Class initialized using 'CodeIgniter\Session\Handlers\FileHandler' driver.
INFO - 2021-12-11 04:25:27 --> Controller "App\Controllers\undangan\Undangan" loaded.
INFO - 2021-12-11 04:25:27 --> Session: Class initialized using 'CodeIgniter\Session\Handlers\FileHandler' driver.
INFO - 2021-12-11 04:25:27 --> Controller "App\Controllers\undangan\Undangan" loaded.
INFO - 2021-12-11 04:25:27 --> Session: Class initialized using 'CodeIgniter\Session\Handlers\FileHandler' driver.
INFO - 2021-12-11 04:25:27 --> Controller "App\Controllers\undangan\Undangan" loaded.
INFO - 2021-12-11 04:25:28 --> Session: Class initialized using 'CodeIgniter\Session\Handlers\FileHandler' driver.
INFO - 2021-12-11 04:25:28 --> Controller "App\Controllers\undangan\Undangan" loaded.
INFO - 2021-12-11 04:25:28 --> Session: Class initialized using 'CodeIgniter\Session\Handlers\FileHandler' driver.
INFO - 2021-12-11 04:25:28 --> Controller "App\Controllers\undangan\Undangan" loaded.
INFO - 2021-12-11 04:25:29 --> Session: Class initialized using 'CodeIgniter\Session\Handlers\FileHandler' driver.
INFO - 2021-12-11 04:25:29 --> Controller "App\Controllers\undangan\Undangan" loaded.
INFO - 2021-12-11 04:25:33 --> Session: Class initialized using 'CodeIgniter\Session\Handlers\FileHandler' driver.
INFO - 2021-12-11 04:25:33 --> Controller "App\Controllers\bukutamu\Bukutamu" loaded.
INFO - 2021-12-11 04:25:58 --> Controller "App\Controllers\base\Beranda" loaded.
INFO - 2021-12-11 04:26:47 --> Session: Class initialized using 'CodeIgniter\Session\Handlers\FileHandler' driver.
INFO - 2021-12-11 04:26:47 --> Controller "App\Controllers\base\Order" loaded.
INFO - 2021-12-11 04:27:14 --> Session: Class initialized using 'CodeIgniter\Session\Handlers\FileHandler' driver.
INFO - 2021-12-11 04:27:14 --> Controller "App\Controllers\bukutamu\Bukutamu" loaded.
INFO - 2021-12-11 05:49:05 --> Session: Class initialized using 'CodeIgniter\Session\Handlers\FileHandler' driver.
INFO - 2021-12-11 05:49:05 --> Controller "App\Controllers\undangan\Undangan" loaded.
INFO - 2021-12-11 05:49:38 --> Session: Class initialized using 'CodeIgniter\Session\Handlers\FileHandler' driver.
INFO - 2021-12-11 05:49:38 --> Controller "App\Controllers\undangan\Undangan" loaded.
INFO - 2021-12-11 06:18:29 --> Session: Class initialized using 'CodeIgniter\Session\Handlers\FileHandler' driver.
INFO - 2021-12-11 06:18:29 --> Controller "App\Controllers\undangan\Undangan" loaded.
INFO - 2021-12-11 06:49:33 --> Controller "App\Controllers\base\Beranda" loaded.
INFO - 2021-12-11 07:00:03 --> Controller "App\Controllers\base\Beranda" loaded.
INFO - 2021-12-11 07:10:02 --> Controller "App\Controllers\base\Beranda" loaded.
INFO - 2021-12-11 07:20:02 --> Controller "App\Controllers\base\Beranda" loaded.
INFO - 2021-12-11 07:30:02 --> Controller "App\Controllers\base\Beranda" loaded.
INFO - 2021-12-11 07:40:03 --> Controller "App\Controllers\base\Beranda" loaded.
INFO - 2021-12-11 07:50:02 --> Controller "App\Controllers\base\Beranda" loaded.
INFO - 2021-12-11 08:00:03 --> Controller "App\Controllers\base\Beranda" loaded.
INFO - 2021-12-11 08:08:09 --> Controller "App\Controllers\base\Beranda" loaded.
INFO - 2021-12-11 08:10:03 --> Controller "App\Controllers\base\Beranda" loaded.
INFO - 2021-12-11 08:14:34 --> Controller "App\Controllers\base\Beranda" loaded.
INFO - 2021-12-11 08:17:32 --> Controller "App\Controllers\base\Beranda" loaded.
INFO - 2021-12-11 08:18:38 --> Controller "App\Controllers\base\Beranda" loaded.
INFO - 2021-12-11 08:20:03 --> Controller "App\Controllers\base\Beranda" loaded.
INFO - 2021-12-11 08:22:20 --> Controller "App\Controllers\base\Beranda" loaded.
INFO - 2021-12-11 08:30:03 --> Controller "App\Controllers\base\Beranda" loaded.
INFO - 2021-12-11 08:40:02 --> Controller "App\Controllers\base\Beranda" loaded.
INFO - 2021-12-11 08:50:02 --> Controller "App\Controllers\base\Beranda" loaded.
INFO - 2021-12-11 08:52:20 --> Session: Class initialized using 'CodeIgniter\Session\Handlers\FileHandler' driver.
INFO - 2021-12-11 08:52:20 --> Controller "App\Controllers\bukutamu\Bukutamu" loaded.
INFO - 2021-12-11 08:52:20 --> Session: Class initialized using 'CodeIgniter\Session\Handlers\FileHandler' driver.
INFO - 2021-12-11 08:52:20 --> Controller "App\Controllers\bukutamu\Bukutamu" loaded.
INFO - 2021-12-11 08:52:20 --> Session: Class initialized using 'CodeIgniter\Session\Handlers\FileHandler' driver.
INFO - 2021-12-11 08:52:20 --> Controller "App\Controllers\bukutamu\Bukutamu" loaded.
INFO - 2021-12-11 08:52:21 --> Session: Class initialized using 'CodeIgniter\Session\Handlers\FileHandler' driver.
INFO - 2021-12-11 08:52:21 --> Controller "App\Controllers\bukutamu\Bukutamu" loaded.
INFO - 2021-12-11 08:52:21 --> Session: Class initialized using 'CodeIgniter\Session\Handlers\FileHandler' driver.
INFO - 2021-12-11 08:52:21 --> Controller "App\Controllers\bukutamu\Bukutamu" loaded.
INFO - 2021-12-11 08:52:21 --> Session: Class initialized using 'CodeIgniter\Session\Handlers\FileHandler' driver.
INFO - 2021-12-11 08:52:21 --> Controller "App\Controllers\bukutamu\Bukutamu" loaded.
INFO - 2021-12-11 08:52:22 --> Session: Class initialized using 'CodeIgniter\Session\Handlers\FileHandler' driver.
INFO - 2021-12-11 08:52:22 --> Controller "App\Controllers\bukutamu\Bukutamu" loaded.
INFO - 2021-12-11 08:52:22 --> Session: Class initialized using 'CodeIgniter\Session\Handlers\FileHandler' driver.
INFO - 2021-12-11 08:52:22 --> Controller "App\Controllers\bukutamu\Bukutamu" loaded.
INFO - 2021-12-11 08:52:22 --> Session: Class initialized using 'CodeIgniter\Session\Handlers\FileHandler' driver.
INFO - 2021-12-11 08:52:22 --> Controller "App\Controllers\bukutamu\Bukutamu" loaded.
INFO - 2021-12-11 08:52:23 --> Session: Class initialized using 'CodeIgniter\Session\Handlers\FileHandler' driver.
INFO - 2021-12-11 08:52:23 --> Controller "App\Controllers\bukutamu\Bukutamu" loaded.
INFO - 2021-12-11 08:52:23 --> Session: Class initialized using 'CodeIgniter\Session\Handlers\FileHandler' driver.
INFO - 2021-12-11 08:52:23 --> Controller "App\Controllers\bukutamu\Bukutamu" loaded.
INFO - 2021-12-11 08:52:23 --> Session: Class initialized using 'CodeIgniter\Session\Handlers\FileHandler' driver.
INFO - 2021-12-11 08:52:23 --> Controller "App\Controllers\bukutamu\Bukutamu" loaded.
INFO - 2021-12-11 08:52:24 --> Session: Class initialized using 'CodeIgniter\Session\Handlers\FileHandler' driver.
INFO - 2021-12-11 08:52:24 --> Controller "App\Controllers\bukutamu\Bukutamu" loaded.
INFO - 2021-12-11 08:52:24 --> Session: Class initialized using 'CodeIgniter\Session\Handlers\FileHandler' driver.
INFO - 2021-12-11 08:52:24 --> Controller "App\Controllers\bukutamu\Bukutamu" loaded.
INFO - 2021-12-11 08:52:24 --> Session: Class initialized using 'CodeIgniter\Session\Handlers\FileHandler' driver.
INFO - 2021-12-11 08:52:24 --> Controller "App\Controllers\bukutamu\Bukutamu" loaded.
INFO - 2021-12-11 08:52:25 --> Session: Class initialized using 'CodeIgniter\Session\Handlers\FileHandler' driver.
INFO - 2021-12-11 08:52:25 --> Controller "App\Controllers\bukutamu\Bukutamu" loaded.
INFO - 2021-12-11 08:52:25 --> Session: Class initialized using 'CodeIgniter\Session\Handlers\FileHandler' driver.
INFO - 2021-12-11 08:52:25 --> Controller "App\Controllers\bukutamu\Bukutamu" loaded.
INFO - 2021-12-11 08:52:26 --> Session: Class initialized using 'CodeIgniter\Session\Handlers\FileHandler' driver.
INFO - 2021-12-11 08:52:26 --> Controller "App\Controllers\bukutamu\Bukutamu" loaded.
INFO - 2021-12-11 08:52:26 --> Session: Class initialized using 'CodeIgniter\Session\Handlers\FileHandler' driver.
INFO - 2021-12-11 08:52:26 --> Controller "App\Controllers\bukutamu\Bukutamu" loaded.
INFO - 2021-12-11 09:00:02 --> Controller "App\Controllers\base\Beranda" loaded.
INFO - 2021-12-11 09:10:03 --> Controller "App\Controllers\base\Beranda" loaded.
INFO - 2021-12-11 09:20:02 --> Controller "App\Controllers\base\Beranda" loaded.
INFO - 2021-12-11 09:30:02 --> Controller "App\Controllers\base\Beranda" loaded.
INFO - 2021-12-11 09:39:40 --> Session: Class initialized using 'CodeIgniter\Session\Handlers\FileHandler' driver.
INFO - 2021-12-11 09:39:40 --> Controller "App\Controllers\undangan\Undangan" loaded.
INFO - 2021-12-11 09:39:40 --> Session: Class initialized using 'CodeIgniter\Session\Handlers\FileHandler' driver.
INFO - 2021-12-11 09:39:40 --> Controller "App\Controllers\undangan\Undangan" loaded.
INFO - 2021-12-11 09:39:41 --> Session: Class initialized using 'CodeIgniter\Session\Handlers\FileHandler' driver.
INFO - 2021-12-11 09:39:41 --> Controller "App\Controllers\undangan\Undangan" loaded.
INFO - 2021-12-11 09:39:41 --> Session: Class initialized using 'CodeIgniter\Session\Handlers\FileHandler' driver.
INFO - 2021-12-11 09:39:41 --> Controller "App\Controllers\undangan\Undangan" loaded.
INFO - 2021-12-11 09:39:41 --> Session: Class initialized using 'CodeIgniter\Session\Handlers\FileHandler' driver.
INFO - 2021-12-11 09:39:41 --> Controller "App\Controllers\undangan\Undangan" loaded.
INFO - 2021-12-11 09:39:42 --> Session: Class initialized using 'CodeIgniter\Session\Handlers\FileHandler' driver.
INFO - 2021-12-11 09:39:42 --> Controller "App\Controllers\undangan\Undangan" loaded.
INFO - 2021-12-11 09:39:42 --> Session: Class initialized using 'CodeIgniter\Session\Handlers\FileHandler' driver.
INFO - 2021-12-11 09:39:42 --> Controller "App\Controllers\undangan\Undangan" loaded.
INFO - 2021-12-11 09:39:42 --> Session: Class initialized using 'CodeIgniter\Session\Handlers\FileHandler' driver.
INFO - 2021-12-11 09:39:42 --> Controller "App\Controllers\undangan\Undangan" loaded.
INFO - 2021-12-11 09:39:43 --> Session: Class initialized using 'CodeIgniter\Session\Handlers\FileHandler' driver.
INFO - 2021-12-11 09:39:43 --> Controller "App\Controllers\undangan\Undangan" loaded.
INFO - 2021-12-11 09:39:43 --> Session: Class initialized using 'CodeIgniter\Session\Handlers\FileHandler' driver.
INFO - 2021-12-11 09:39:43 --> Controller "App\Controllers\undangan\Undangan" loaded.
INFO - 2021-12-11 09:39:43 --> Session: Class initialized using 'CodeIgniter\Session\Handlers\FileHandler' driver.
INFO - 2021-12-11 09:39:43 --> Controller "App\Controllers\undangan\Undangan" loaded.
INFO - 2021-12-11 09:39:44 --> Session: Class initialized using 'CodeIgniter\Session\Handlers\FileHandler' driver.
INFO - 2021-12-11 09:39:44 --> Controller "App\Controllers\undangan\Undangan" loaded.
INFO - 2021-12-11 09:39:44 --> Session: Class initialized using 'CodeIgniter\Session\Handlers\FileHandler' driver.
INFO - 2021-12-11 09:39:44 --> Controller "App\Controllers\undangan\Undangan" loaded.
INFO - 2021-12-11 09:39:44 --> Session: Class initialized using 'CodeIgniter\Session\Handlers\FileHandler' driver.
INFO - 2021-12-11 09:39:44 --> Controller "App\Controllers\undangan\Undangan" loaded.
INFO - 2021-12-11 09:39:45 --> Session: Class initialized using 'CodeIgniter\Session\Handlers\FileHandler' driver.
INFO - 2021-12-11 09:39:45 --> Controller "App\Controllers\undangan\Undangan" loaded.
INFO - 2021-12-11 09:39:45 --> Session: Class initialized using 'CodeIgniter\Session\Handlers\FileHandler' driver.
INFO - 2021-12-11 09:39:45 --> Controller "App\Controllers\undangan\Undangan" loaded.
INFO - 2021-12-11 09:39:45 --> Session: Class initialized using 'CodeIgniter\Session\Handlers\FileHandler' driver.
INFO - 2021-12-11 09:39:45 --> Controller "App\Controllers\undangan\Undangan" loaded.
INFO - 2021-12-11 09:39:46 --> Session: Class initialized using 'CodeIgniter\Session\Handlers\FileHandler' driver.
INFO - 2021-12-11 09:39:46 --> Controller "App\Controllers\undangan\Undangan" loaded.
INFO - 2021-12-11 09:39:46 --> Session: Class initialized using 'CodeIgniter\Session\Handlers\FileHandler' driver.
INFO - 2021-12-11 09:39:46 --> Controller "App\Controllers\undangan\Undangan" loaded.
INFO - 2021-12-11 09:40:03 --> Controller "App\Controllers\base\Beranda" loaded.
INFO - 2021-12-11 09:50:02 --> Controller "App\Controllers\base\Beranda" loaded.
INFO - 2021-12-11 10:00:02 --> Controller "App\Controllers\base\Beranda" loaded.
INFO - 2021-12-11 10:08:28 --> Controller "App\Controllers\base\Beranda" loaded.
INFO - 2021-12-11 10:10:02 --> Controller "App\Controllers\base\Beranda" loaded.
INFO - 2021-12-11 10:20:03 --> Controller "App\Controllers\base\Beranda" loaded.
INFO - 2021-12-11 10:30:02 --> Controller "App\Controllers\base\Beranda" loaded.
INFO - 2021-12-11 10:40:03 --> Controller "App\Controllers\base\Beranda" loaded.
INFO - 2021-12-11 10:50:02 --> Controller "App\Controllers\base\Beranda" loaded.
INFO - 2021-12-11 11:00:03 --> Controller "App\Controllers\base\Beranda" loaded.
INFO - 2021-12-11 11:10:02 --> Controller "App\Controllers\base\Beranda" loaded.
INFO - 2021-12-11 11:20:02 --> Controller "App\Controllers\base\Beranda" loaded.
INFO - 2021-12-11 11:30:03 --> Controller "App\Controllers\base\Beranda" loaded.
INFO - 2021-12-11 11:40:02 --> Controller "App\Controllers\base\Beranda" loaded.
INFO - 2021-12-11 11:43:20 --> Controller "App\Controllers\base\Beranda" loaded.
INFO - 2021-12-11 11:43:39 --> Controller "App\Controllers\base\Beranda" loaded.
INFO - 2021-12-11 11:45:18 --> Controller "App\Controllers\base\Beranda" loaded.
INFO - 2021-12-11 11:47:44 --> Controller "App\Controllers\base\Beranda" loaded.
INFO - 2021-12-11 11:50:03 --> Controller "App\Controllers\base\Beranda" loaded.
INFO - 2021-12-11 11:50:20 --> Controller "App\Controllers\base\Beranda" loaded.
INFO - 2021-12-11 11:51:17 --> Session: Class initialized using 'CodeIgniter\Session\Handlers\FileHandler' driver.
INFO - 2021-12-11 11:51:17 --> Controller "App\Controllers\undangan\Undangan" loaded.
INFO - 2021-12-11 11:51:30 --> Session: Class initialized using 'CodeIgniter\Session\Handlers\FileHandler' driver.
INFO - 2021-12-11 11:51:30 --> Controller "App\Controllers\bukutamu\Bukutamu" loaded.
INFO - 2021-12-11 11:52:09 --> Session: Class initialized using 'CodeIgniter\Session\Handlers\FileHandler' driver.
INFO - 2021-12-11 11:52:09 --> Controller "App\Controllers\base\Order" loaded.
INFO - 2021-12-11 11:52:09 --> Controller "App\Controllers\base\Beranda" loaded.
INFO - 2021-12-11 11:52:11 --> Session: Class initialized using 'CodeIgniter\Session\Handlers\FileHandler' driver.
INFO - 2021-12-11 11:52:11 --> Controller "App\Controllers\base\Order" loaded.
INFO - 2021-12-11 11:52:12 --> Controller "App\Controllers\base\Beranda" loaded.
INFO - 2021-12-11 11:53:14 --> Session: Class initialized using 'CodeIgniter\Session\Handlers\FileHandler' driver.
INFO - 2021-12-11 11:53:15 --> Controller "App\Controllers\base\Order" loaded.
INFO - 2021-12-11 12:00:02 --> Controller "App\Controllers\base\Beranda" loaded.
INFO - 2021-12-11 12:00:10 --> Session: Class initialized using 'CodeIgniter\Session\Handlers\FileHandler' driver.
INFO - 2021-12-11 12:00:10 --> Controller "App\Controllers\undangan\Undangan" loaded.
INFO - 2021-12-11 12:10:03 --> Controller "App\Controllers\base\Beranda" loaded.
INFO - 2021-12-11 12:13:31 --> Controller "App\Controllers\base\Beranda" loaded.
INFO - 2021-12-11 12:13:35 --> Controller "App\Controllers\base\Beranda" loaded.
INFO - 2021-12-11 12:13:40 --> Controller "App\Controllers\base\Beranda" loaded.
INFO - 2021-12-11 12:13:45 --> Controller "App\Controllers\base\Beranda" loaded.
INFO - 2021-12-11 12:13:47 --> Controller "App\Controllers\base\Beranda" loaded.
INFO - 2021-12-11 12:14:02 --> Controller "App\Controllers\base\Beranda" loaded.
INFO - 2021-12-11 12:14:16 --> Controller "App\Controllers\base\Beranda" loaded.
INFO - 2021-12-11 12:15:17 --> Controller "App\Controllers\base\Beranda" loaded.
INFO - 2021-12-11 12:15:17 --> Controller "App\Controllers\base\Beranda" loaded.
INFO - 2021-12-11 12:15:17 --> Controller "App\Controllers\base\Beranda" loaded.
INFO - 2021-12-11 12:15:19 --> Controller "App\Controllers\base\Beranda" loaded.
INFO - 2021-12-11 12:15:41 --> Session: Class initialized using 'CodeIgniter\Session\Handlers\FileHandler' driver.
INFO - 2021-12-11 12:15:41 --> Controller "App\Controllers\base\Order" loaded.
INFO - 2021-12-11 12:15:42 --> Controller "App\Controllers\base\Beranda" loaded.
INFO - 2021-12-11 12:20:03 --> Controller "App\Controllers\base\Beranda" loaded.
INFO - 2021-12-11 12:21:33 --> Controller "App\Controllers\base\Beranda" loaded.
INFO - 2021-12-11 12:21:53 --> Session: Class initialized using 'CodeIgniter\Session\Handlers\FileHandler' driver.
INFO - 2021-12-11 12:21:53 --> Controller "App\Controllers\base\Order" loaded.
INFO - 2021-12-11 12:21:53 --> Controller "App\Controllers\base\Beranda" loaded.
INFO - 2021-12-11 12:22:06 --> Controller "App\Controllers\base\Beranda" loaded.
INFO - 2021-12-11 12:23:46 --> Controller "App\Controllers\base\Beranda" loaded.
INFO - 2021-12-11 12:23:54 --> Session: Class initialized using 'CodeIgniter\Session\Handlers\FileHandler' driver.
INFO - 2021-12-11 12:23:54 --> Controller "App\Controllers\base\Order" loaded.
INFO - 2021-12-11 12:23:59 --> Controller "App\Controllers\base\Beranda" loaded.
INFO - 2021-12-11 12:24:02 --> Session: Class initialized using 'CodeIgniter\Session\Handlers\FileHandler' driver.
INFO - 2021-12-11 12:24:02 --> Controller "App\Controllers\base\Order" loaded.
INFO - 2021-12-11 12:24:14 --> Controller "App\Controllers\base\Beranda" loaded.
INFO - 2021-12-11 12:24:16 --> Controller "App\Controllers\base\Beranda" loaded.
INFO - 2021-12-11 12:24:17 --> Session: Class initialized using 'CodeIgniter\Session\Handlers\FileHandler' driver.
INFO - 2021-12-11 12:24:17 --> Controller "App\Controllers\base\Order" loaded.
INFO - 2021-12-11 12:24:19 --> Controller "App\Controllers\base\Beranda" loaded.
INFO - 2021-12-11 12:24:24 --> Session: Class initialized using 'CodeIgniter\Session\Handlers\FileHandler' driver.
INFO - 2021-12-11 12:24:24 --> Controller "App\Controllers\base\Order" loaded.
INFO - 2021-12-11 12:24:26 --> Controller "App\Controllers\base\Beranda" loaded.
INFO - 2021-12-11 12:30:02 --> Controller "App\Controllers\base\Beranda" loaded.
INFO - 2021-12-11 12:33:39 --> Controller "App\Controllers\base\Beranda" loaded.
INFO - 2021-12-11 12:39:27 --> Controller "App\Controllers\base\Beranda" loaded.
INFO - 2021-12-11 12:39:39 --> Session: Class initialized using 'CodeIgniter\Session\Handlers\FileHandler' driver.
INFO - 2021-12-11 12:39:39 --> Controller "App\Controllers\bukutamu\Bukutamu" loaded.
INFO - 2021-12-11 12:39:45 --> Session: Class initialized using 'CodeIgniter\Session\Handlers\FileHandler' driver.
INFO - 2021-12-11 12:39:45 --> Controller "App\Controllers\bukutamu\Bukutamu" loaded.
INFO - 2021-12-11 12:39:51 --> Session: Class initialized using 'CodeIgniter\Session\Handlers\FileHandler' driver.
INFO - 2021-12-11 12:39:51 --> Controller "App\Controllers\bukutamu\Bukutamu" loaded.
INFO - 2021-12-11 12:40:03 --> Controller "App\Controllers\base\Beranda" loaded.
INFO - 2021-12-11 12:40:16 --> Session: Class initialized using 'CodeIgniter\Session\Handlers\FileHandler' driver.
INFO - 2021-12-11 12:40:16 --> Controller "App\Controllers\admin\Admin" loaded.
INFO - 2021-12-11 12:46:54 --> Controller "App\Controllers\base\Beranda" loaded.
INFO - 2021-12-11 12:48:29 --> Controller "App\Controllers\base\Beranda" loaded.
INFO - 2021-12-11 12:49:04 --> Session: Class initialized using 'CodeIgniter\Session\Handlers\FileHandler' driver.
INFO - 2021-12-11 12:49:04 --> Controller "App\Controllers\base\Order" loaded.
INFO - 2021-12-11 12:49:17 --> Controller "App\Controllers\base\Beranda" loaded.
INFO - 2021-12-11 12:49:19 --> Controller "App\Controllers\base\Beranda" loaded.
INFO - 2021-12-11 12:50:02 --> Controller "App\Controllers\base\Beranda" loaded.
INFO - 2021-12-11 12:50:44 --> Session: Class initialized using 'CodeIgniter\Session\Handlers\FileHandler' driver.
INFO - 2021-12-11 12:50:44 --> Controller "App\Controllers\base\Dashboard" loaded.
INFO - 2021-12-11 12:53:44 --> Controller "App\Controllers\base\Beranda" loaded.
INFO - 2021-12-11 12:56:37 --> Controller "App\Controllers\base\Beranda" loaded.
INFO - 2021-12-11 12:56:45 --> Session: Class initialized using 'CodeIgniter\Session\Handlers\FileHandler' driver.
INFO - 2021-12-11 12:56:45 --> Controller "App\Controllers\base\Dashboard" loaded.
INFO - 2021-12-11 12:56:49 --> Controller "App\Controllers\base\Beranda" loaded.
INFO - 2021-12-11 12:57:14 --> Session: Class initialized using 'CodeIgniter\Session\Handlers\FileHandler' driver.
INFO - 2021-12-11 12:57:14 --> Controller "App\Controllers\base\Order" loaded.
INFO - 2021-12-11 12:57:34 --> Controller "App\Controllers\base\Beranda" loaded.
INFO - 2021-12-11 12:58:43 --> Session: Class initialized using 'CodeIgniter\Session\Handlers\FileHandler' driver.
INFO - 2021-12-11 12:58:43 --> Controller "App\Controllers\base\Order" loaded.
INFO - 2021-12-11 12:58:43 --> Controller "App\Controllers\base\Beranda" loaded.
INFO - 2021-12-11 12:59:04 --> Controller "App\Controllers\base\Beranda" loaded.
INFO - 2021-12-11 12:59:11 --> Controller "App\Controllers\base\Beranda" loaded.
INFO - 2021-12-11 13:00:02 --> Controller "App\Controllers\base\Beranda" loaded.
INFO - 2021-12-11 13:00:20 --> Controller "App\Controllers\base\Beranda" loaded.
INFO - 2021-12-11 13:01:46 --> Controller "App\Controllers\base\Beranda" loaded.
INFO - 2021-12-11 13:08:59 --> Controller "App\Controllers\base\Beranda" loaded.
INFO - 2021-12-11 13:09:14 --> Session: Class initialized using 'CodeIgniter\Session\Handlers\FileHandler' driver.
INFO - 2021-12-11 13:09:14 --> Controller "App\Controllers\base\Order" loaded.
INFO - 2021-12-11 13:09:14 --> Controller "App\Controllers\base\Beranda" loaded.
INFO - 2021-12-11 13:09:25 --> Controller "App\Controllers\base\Beranda" loaded.
INFO - 2021-12-11 13:09:55 --> Session: Class initialized using 'CodeIgniter\Session\Handlers\FileHandler' driver.
INFO - 2021-12-11 13:09:55 --> Controller "App\Controllers\base\Order" loaded.
INFO - 2021-12-11 13:10:03 --> Controller "App\Controllers\base\Beranda" loaded.
INFO - 2021-12-11 13:10:05 --> Controller "App\Controllers\base\Beranda" loaded.
INFO - 2021-12-11 13:10:10 --> Controller "App\Controllers\base\Beranda" loaded.
INFO - 2021-12-11 13:10:26 --> Session: Class initialized using 'CodeIgniter\Session\Handlers\FileHandler' driver.
INFO - 2021-12-11 13:10:26 --> Controller "App\Controllers\base\Order" loaded.
INFO - 2021-12-11 13:11:21 --> Session: Class initialized using 'CodeIgniter\Session\Handlers\FileHandler' driver.
INFO - 2021-12-11 13:11:21 --> Controller "App\Controllers\undangan\Undangan" loaded.
INFO - 2021-12-11 13:11:29 --> Session: Class initialized using 'CodeIgniter\Session\Handlers\FileHandler' driver.
INFO - 2021-12-11 13:11:29 --> Controller "App\Controllers\undangan\Undangan" loaded.
INFO - 2021-12-11 13:12:29 --> Session: Class initialized using 'CodeIgniter\Session\Handlers\FileHandler' driver.
INFO - 2021-12-11 13:12:29 --> Controller "App\Controllers\admin\Admin" loaded.
INFO - 2021-12-11 13:12:30 --> Session: Class initialized using 'CodeIgniter\Session\Handlers\FileHandler' driver.
INFO - 2021-12-11 13:12:30 --> Controller "App\Controllers\admin\Admin" loaded.
INFO - 2021-12-11 13:18:54 --> Controller "App\Controllers\base\Beranda" loaded.
INFO - 2021-12-11 13:19:32 --> Session: Class initialized using 'CodeIgniter\Session\Handlers\FileHandler' driver.
INFO - 2021-12-11 13:19:32 --> Controller "App\Controllers\base\Order" loaded.
INFO - 2021-12-11 13:19:34 --> Session: Class initialized using 'CodeIgniter\Session\Handlers\FileHandler' driver.
INFO - 2021-12-11 13:19:34 --> Controller "App\Controllers\base\Order" loaded.
INFO - 2021-12-11 13:19:38 --> Controller "App\Controllers\base\Beranda" loaded.
INFO - 2021-12-11 13:20:02 --> Controller "App\Controllers\base\Beranda" loaded.
INFO - 2021-12-11 13:30:02 --> Controller "App\Controllers\base\Beranda" loaded.
INFO - 2021-12-11 13:32:18 --> Controller "App\Controllers\base\Beranda" loaded.
INFO - 2021-12-11 13:39:10 --> Controller "App\Controllers\base\Beranda" loaded.
INFO - 2021-12-11 13:39:11 --> Controller "App\Controllers\base\Beranda" loaded.
INFO - 2021-12-11 13:39:11 --> Controller "App\Controllers\base\Beranda" loaded.
INFO - 2021-12-11 13:39:11 --> Controller "App\Controllers\base\Beranda" loaded.
INFO - 2021-12-11 13:39:11 --> Controller "App\Controllers\base\Beranda" loaded.
INFO - 2021-12-11 13:39:11 --> Controller "App\Controllers\base\Beranda" loaded.
INFO - 2021-12-11 13:39:11 --> Controller "App\Controllers\base\Beranda" loaded.
INFO - 2021-12-11 13:39:11 --> Controller "App\Controllers\base\Beranda" loaded.
INFO - 2021-12-11 13:39:11 --> Controller "App\Controllers\base\Beranda" loaded.
INFO - 2021-12-11 13:39:11 --> Controller "App\Controllers\base\Beranda" loaded.
INFO - 2021-12-11 13:39:11 --> Controller "App\Controllers\base\Beranda" loaded.
INFO - 2021-12-11 13:39:12 --> Controller "App\Controllers\base\Beranda" loaded.
INFO - 2021-12-11 13:39:12 --> Controller "App\Controllers\base\Beranda" loaded.
INFO - 2021-12-11 13:39:12 --> Controller "App\Controllers\base\Beranda" loaded.
INFO - 2021-12-11 13:39:12 --> Controller "App\Controllers\base\Beranda" loaded.
INFO - 2021-12-11 13:39:12 --> Controller "App\Controllers\base\Beranda" loaded.
INFO - 2021-12-11 13:39:12 --> Controller "App\Controllers\base\Beranda" loaded.
INFO - 2021-12-11 13:39:12 --> Controller "App\Controllers\base\Beranda" loaded.
INFO - 2021-12-11 13:39:12 --> Controller "App\Controllers\base\Beranda" loaded.
INFO - 2021-12-11 13:39:12 --> Controller "App\Controllers\base\Beranda" loaded.
INFO - 2021-12-11 13:40:03 --> Controller "App\Controllers\base\Beranda" loaded.
INFO - 2021-12-11 13:44:14 --> Controller "App\Controllers\base\Beranda" loaded.
INFO - 2021-12-11 13:50:02 --> Controller "App\Controllers\base\Beranda" loaded.
INFO - 2021-12-11 13:59:53 --> Controller "App\Controllers\base\Beranda" loaded.
INFO - 2021-12-11 14:00:02 --> Controller "App\Controllers\base\Beranda" loaded.
INFO - 2021-12-11 14:10:03 --> Controller "App\Controllers\base\Beranda" loaded.
INFO - 2021-12-11 14:20:02 --> Controller "App\Controllers\base\Beranda" loaded.
INFO - 2021-12-11 14:29:41 --> Controller "App\Controllers\base\Beranda" loaded.
INFO - 2021-12-11 14:30:02 --> Controller "App\Controllers\base\Beranda" loaded.
INFO - 2021-12-11 14:31:09 --> Controller "App\Controllers\base\Beranda" loaded.
INFO - 2021-12-11 14:40:03 --> Controller "App\Controllers\base\Beranda" loaded.
INFO - 2021-12-11 14:50:03 --> Controller "App\Controllers\base\Beranda" loaded.
INFO - 2021-12-11 15:00:02 --> Controller "App\Controllers\base\Beranda" loaded.
INFO - 2021-12-11 15:09:28 --> Controller "App\Controllers\base\Beranda" loaded.
INFO - 2021-12-11 15:09:42 --> Controller "App\Controllers\base\Beranda" loaded.
INFO - 2021-12-11 15:10:02 --> Controller "App\Controllers\base\Beranda" loaded.
INFO - 2021-12-11 15:16:39 --> Controller "App\Controllers\base\Beranda" loaded.
INFO - 2021-12-11 15:20:02 --> Controller "App\Controllers\base\Beranda" loaded.
INFO - 2021-12-11 15:30:03 --> Controller "App\Controllers\base\Beranda" loaded.
INFO - 2021-12-11 15:40:03 --> Controller "App\Controllers\base\Beranda" loaded.
INFO - 2021-12-11 15:50:02 --> Controller "App\Controllers\base\Beranda" loaded.
INFO - 2021-12-11 15:52:07 --> Controller "App\Controllers\base\Beranda" loaded.
INFO - 2021-12-11 16:00:03 --> Controller "App\Controllers\base\Beranda" loaded.
INFO - 2021-12-11 16:10:03 --> Controller "App\Controllers\base\Beranda" loaded.
INFO - 2021-12-11 16:19:10 --> Controller "App\Controllers\base\Beranda" loaded.
INFO - 2021-12-11 16:19:11 --> Controller "App\Controllers\base\Beranda" loaded.
INFO - 2021-12-11 16:20:02 --> Controller "App\Controllers\base\Beranda" loaded.
INFO - 2021-12-11 16:30:02 --> Controller "App\Controllers\base\Beranda" loaded.
INFO - 2021-12-11 16:34:36 --> Controller "App\Controllers\base\Beranda" loaded.
INFO - 2021-12-11 16:40:02 --> Controller "App\Controllers\base\Beranda" loaded.
INFO - 2021-12-11 16:50:03 --> Controller "App\Controllers\base\Beranda" loaded.
INFO - 2021-12-11 16:50:11 --> Controller "App\Controllers\base\Beranda" loaded.
INFO - 2021-12-11 16:52:24 --> Controller "App\Controllers\base\Beranda" loaded.
INFO - 2021-12-11 16:53:54 --> Controller "App\Controllers\base\Beranda" loaded.
INFO - 2021-12-11 16:58:09 --> Session: Class initialized using 'CodeIgniter\Session\Handlers\FileHandler' driver.
INFO - 2021-12-11 16:58:09 --> Controller "App\Controllers\base\Dashboard" loaded.
INFO - 2021-12-11 16:58:14 --> Controller "App\Controllers\base\Beranda" loaded.
INFO - 2021-12-11 16:58:31 --> Controller "App\Controllers\base\Beranda" loaded.
INFO - 2021-12-11 17:00:03 --> Controller "App\Controllers\base\Beranda" loaded.
INFO - 2021-12-11 17:04:38 --> Controller "App\Controllers\base\Beranda" loaded.
INFO - 2021-12-11 17:10:02 --> Controller "App\Controllers\base\Beranda" loaded.
INFO - 2021-12-11 17:14:19 --> Session: Class initialized using 'CodeIgniter\Session\Handlers\FileHandler' driver.
INFO - 2021-12-11 17:14:19 --> Controller "App\Controllers\undangan\Undangan" loaded.
INFO - 2021-12-11 17:16:25 --> Controller "App\Controllers\base\Beranda" loaded.
INFO - 2021-12-11 17:16:30 --> Controller "App\Controllers\base\Beranda" loaded.
INFO - 2021-12-11 17:16:31 --> Controller "App\Controllers\base\Beranda" loaded.
INFO - 2021-12-11 17:16:32 --> Controller "App\Controllers\base\Beranda" loaded.
INFO - 2021-12-11 17:16:38 --> Controller "App\Controllers\base\Beranda" loaded.
INFO - 2021-12-11 17:16:39 --> Controller "App\Controllers\base\Beranda" loaded.
INFO - 2021-12-11 17:16:45 --> Controller "App\Controllers\base\Beranda" loaded.
INFO - 2021-12-11 17:17:15 --> Controller "App\Controllers\base\Beranda" loaded.
INFO - 2021-12-11 17:20:03 --> Controller "App\Controllers\base\Beranda" loaded.
INFO - 2021-12-11 17:20:34 --> Controller "App\Controllers\base\Beranda" loaded.
INFO - 2021-12-11 17:30:03 --> Controller "App\Controllers\base\Beranda" loaded.
INFO - 2021-12-11 17:40:03 --> Controller "App\Controllers\base\Beranda" loaded.
INFO - 2021-12-11 17:50:03 --> Controller "App\Controllers\base\Beranda" loaded.
INFO - 2021-12-11 18:00:03 --> Controller "App\Controllers\base\Beranda" loaded.
INFO - 2021-12-11 18:10:03 --> Controller "App\Controllers\base\Beranda" loaded.
INFO - 2021-12-11 18:20:02 --> Controller "App\Controllers\base\Beranda" loaded.
INFO - 2021-12-11 18:30:02 --> Controller "App\Controllers\base\Beranda" loaded.
INFO - 2021-12-11 18:40:03 --> Controller "App\Controllers\base\Beranda" loaded.
INFO - 2021-12-11 18:46:06 --> Controller "App\Controllers\base\Beranda" loaded.
INFO - 2021-12-11 18:50:02 --> Controller "App\Controllers\base\Beranda" loaded.
INFO - 2021-12-11 18:51:04 --> Controller "App\Controllers\base\Beranda" loaded.
INFO - 2021-12-11 18:51:10 --> Controller "App\Controllers\base\Beranda" loaded.
INFO - 2021-12-11 18:51:16 --> Controller "App\Controllers\base\Beranda" loaded.
INFO - 2021-12-11 18:51:39 --> Controller "App\Controllers\base\Beranda" loaded.
INFO - 2021-12-11 18:52:38 --> Controller "App\Controllers\base\Beranda" loaded.
INFO - 2021-12-11 18:53:37 --> Controller "App\Controllers\base\Beranda" loaded.
INFO - 2021-12-11 18:53:59 --> Controller "App\Controllers\base\Beranda" loaded.
INFO - 2021-12-11 18:55:49 --> Controller "App\Controllers\base\Beranda" loaded.
INFO - 2021-12-11 18:56:01 --> Controller "App\Controllers\base\Beranda" loaded.
INFO - 2021-12-11 19:00:03 --> Controller "App\Controllers\base\Beranda" loaded.
INFO - 2021-12-11 19:00:05 --> Controller "App\Controllers\base\Beranda" loaded.
INFO - 2021-12-11 19:00:14 --> Controller "App\Controllers\base\Beranda" loaded.
INFO - 2021-12-11 19:00:56 --> Controller "App\Controllers\base\Beranda" loaded.
INFO - 2021-12-11 19:01:38 --> Controller "App\Controllers\base\Beranda" loaded.
INFO - 2021-12-11 19:01:46 --> Controller "App\Controllers\base\Beranda" loaded.
INFO - 2021-12-11 19:04:19 --> Controller "App\Controllers\base\Beranda" loaded.
INFO - 2021-12-11 19:05:35 --> Session: Class initialized using 'CodeIgniter\Session\Handlers\FileHandler' driver.
INFO - 2021-12-11 19:05:35 --> Controller "App\Controllers\undangan\Undangan" loaded.
INFO - 2021-12-11 19:07:51 --> Controller "App\Controllers\base\Beranda" loaded.
INFO - 2021-12-11 19:09:44 --> Controller "App\Controllers\base\Beranda" loaded.
INFO - 2021-12-11 19:10:02 --> Controller "App\Controllers\base\Beranda" loaded.
INFO - 2021-12-11 19:10:03 --> Controller "App\Controllers\base\Beranda" loaded.
INFO - 2021-12-11 19:12:28 --> Controller "App\Controllers\base\Beranda" loaded.
INFO - 2021-12-11 19:12:34 --> Controller "App\Controllers\base\Beranda" loaded.
INFO - 2021-12-11 19:13:26 --> Controller "App\Controllers\base\Beranda" loaded.
INFO - 2021-12-11 19:13:29 --> Controller "App\Controllers\base\Beranda" loaded.
INFO - 2021-12-11 19:14:15 --> Controller "App\Controllers\base\Beranda" loaded.
INFO - 2021-12-11 19:14:20 --> Controller "App\Controllers\base\Beranda" loaded.
INFO - 2021-12-11 19:14:21 --> Controller "App\Controllers\base\Beranda" loaded.
INFO - 2021-12-11 19:15:47 --> Controller "App\Controllers\base\Beranda" loaded.
INFO - 2021-12-11 19:16:02 --> Controller "App\Controllers\base\Beranda" loaded.
INFO - 2021-12-11 19:16:24 --> Controller "App\Controllers\base\Beranda" loaded.
INFO - 2021-12-11 19:19:53 --> Controller "App\Controllers\base\Beranda" loaded.
INFO - 2021-12-11 19:20:01 --> Controller "App\Controllers\base\Beranda" loaded.
INFO - 2021-12-11 19:22:19 --> Controller "App\Controllers\base\Beranda" loaded.
INFO - 2021-12-11 19:23:52 --> Controller "App\Controllers\base\Beranda" loaded.
INFO - 2021-12-11 19:24:07 --> Controller "App\Controllers\base\Beranda" loaded.
INFO - 2021-12-11 19:25:13 --> Controller "App\Controllers\base\Beranda" loaded.
INFO - 2021-12-11 19:25:28 --> Controller "App\Controllers\base\Beranda" loaded.
INFO - 2021-12-11 19:25:43 --> Controller "App\Controllers\base\Beranda" loaded.
INFO - 2021-12-11 19:25:55 --> Controller "App\Controllers\base\Beranda" loaded.
INFO - 2021-12-11 19:26:40 --> Controller "App\Controllers\base\Beranda" loaded.
INFO - 2021-12-11 19:26:55 --> Controller "App\Controllers\base\Beranda" loaded.
INFO - 2021-12-11 19:27:15 --> Controller "App\Controllers\base\Beranda" loaded.
INFO - 2021-12-11 19:27:18 --> Controller "App\Controllers\base\Beranda" loaded.
INFO - 2021-12-11 19:28:05 --> Controller "App\Controllers\base\Beranda" loaded.
INFO - 2021-12-11 19:28:13 --> Controller "App\Controllers\base\Beranda" loaded.
INFO - 2021-12-11 19:28:43 --> Controller "App\Controllers\base\Beranda" loaded.
INFO - 2021-12-11 19:29:24 --> Controller "App\Controllers\base\Beranda" loaded.
INFO - 2021-12-11 19:29:31 --> Controller "App\Controllers\base\Beranda" loaded.
INFO - 2021-12-11 19:29:34 --> Controller "App\Controllers\base\Beranda" loaded.
INFO - 2021-12-11 19:30:02 --> Controller "App\Controllers\base\Beranda" loaded.
INFO - 2021-12-11 19:30:35 --> Controller "App\Controllers\base\Beranda" loaded.
INFO - 2021-12-11 19:30:38 --> Controller "App\Controllers\base\Beranda" loaded.
INFO - 2021-12-11 19:30:56 --> Controller "App\Controllers\base\Beranda" loaded.
INFO - 2021-12-11 19:31:28 --> Controller "App\Controllers\base\Beranda" loaded.
INFO - 2021-12-11 19:32:40 --> Controller "App\Controllers\base\Beranda" loaded.
INFO - 2021-12-11 19:33:14 --> Controller "App\Controllers\base\Beranda" loaded.
INFO - 2021-12-11 19:34:14 --> Controller "App\Controllers\base\Beranda" loaded.
INFO - 2021-12-11 19:34:17 --> Controller "App\Controllers\base\Beranda" loaded.
INFO - 2021-12-11 19:34:32 --> Controller "App\Controllers\base\Beranda" loaded.
INFO - 2021-12-11 19:35:35 --> Controller "App\Controllers\base\Beranda" loaded.
INFO - 2021-12-11 19:36:49 --> Controller "App\Controllers\base\Beranda" loaded.
INFO - 2021-12-11 19:37:07 --> Controller "App\Controllers\base\Beranda" loaded.
INFO - 2021-12-11 19:37:12 --> Controller "App\Controllers\base\Beranda" loaded.
INFO - 2021-12-11 19:37:28 --> Controller "App\Controllers\base\Beranda" loaded.
INFO - 2021-12-11 19:38:22 --> Controller "App\Controllers\base\Beranda" loaded.
INFO - 2021-12-11 19:40:03 --> Controller "App\Controllers\base\Beranda" loaded.
INFO - 2021-12-11 19:49:17 --> Controller "App\Controllers\base\Beranda" loaded.
INFO - 2021-12-11 19:50:02 --> Controller "App\Controllers\base\Beranda" loaded.
INFO - 2021-12-11 19:50:54 --> Controller "App\Controllers\base\Beranda" loaded.
INFO - 2021-12-11 19:58:08 --> Controller "App\Controllers\base\Beranda" loaded.
INFO - 2021-12-11 19:58:08 --> Controller "App\Controllers\base\Beranda" loaded.
INFO - 2021-12-11 19:58:09 --> Controller "App\Controllers\base\Beranda" loaded.
INFO - 2021-12-11 19:58:09 --> Controller "App\Controllers\base\Beranda" loaded.
INFO - 2021-12-11 20:00:03 --> Controller "App\Controllers\base\Beranda" loaded.
INFO - 2021-12-11 20:02:44 --> Controller "App\Controllers\base\Beranda" loaded.
INFO - 2021-12-11 20:03:03 --> Controller "App\Controllers\base\Beranda" loaded.
INFO - 2021-12-11 20:04:50 --> Controller "App\Controllers\base\Beranda" loaded.
INFO - 2021-12-11 20:10:02 --> Controller "App\Controllers\base\Beranda" loaded.
INFO - 2021-12-11 20:11:13 --> Controller "App\Controllers\base\Beranda" loaded.
INFO - 2021-12-11 20:12:07 --> Controller "App\Controllers\base\Beranda" loaded.
INFO - 2021-12-11 20:12:13 --> Controller "App\Controllers\base\Beranda" loaded.
INFO - 2021-12-11 20:12:15 --> Controller "App\Controllers\base\Beranda" loaded.
INFO - 2021-12-11 20:12:15 --> Controller "App\Controllers\base\Beranda" loaded.
INFO - 2021-12-11 20:12:18 --> Controller "App\Controllers\base\Beranda" loaded.
INFO - 2021-12-11 20:12:51 --> Controller "App\Controllers\base\Beranda" loaded.
INFO - 2021-12-11 20:20:03 --> Controller "App\Controllers\base\Beranda" loaded.
INFO - 2021-12-11 20:22:33 --> Controller "App\Controllers\base\Beranda" loaded.
INFO - 2021-12-11 20:30:03 --> Controller "App\Controllers\base\Beranda" loaded.
INFO - 2021-12-11 20:40:02 --> Controller "App\Controllers\base\Beranda" loaded.
INFO - 2021-12-11 20:40:07 --> Controller "App\Controllers\base\Beranda" loaded.
INFO - 2021-12-11 20:42:15 --> Controller "App\Controllers\base\Beranda" loaded.
INFO - 2021-12-11 20:50:03 --> Controller "App\Controllers\base\Beranda" loaded.
INFO - 2021-12-11 21:00:02 --> Controller "App\Controllers\base\Beranda" loaded.
INFO - 2021-12-11 21:07:15 --> Controller "App\Controllers\base\Beranda" loaded.
INFO - 2021-12-11 21:07:19 --> Controller "App\Controllers\base\Beranda" loaded.
CRITICAL - 2021-12-11 21:07:19 --> You must set the database table to be used with your query.
#0 /home/nguh5634/public_html/system/Model.php(1190): CodeIgniter\Database\BaseConnection->table(NULL)
#1 /home/nguh5634/public_html/system/Model.php(1700): CodeIgniter\Model->builder()
#2 /home/nguh5634/public_html/app/Controllers/base/Beranda.php(218): CodeIgniter\Model->__call('get_pembayaran_...', Array)
#3 /home/nguh5634/public_html/system/CodeIgniter.php(910): App\Controllers\base\Beranda->notification()
#4 /home/nguh5634/public_html/system/CodeIgniter.php(398): CodeIgniter\CodeIgniter->runController(Object(App\Controllers\base\Beranda))
#5 /home/nguh5634/public_html/system/CodeIgniter.php(306): CodeIgniter\CodeIgniter->handleRequest(NULL, Object(Config\Cache), false)
#6 /home/nguh5634/public_html/index.php(45): CodeIgniter\CodeIgniter->run()
#7 {main}
INFO - 2021-12-11 21:08:20 --> Session: Class initialized using 'CodeIgniter\Session\Handlers\FileHandler' driver.
INFO - 2021-12-11 21:08:20 --> Session: Class initialized using 'CodeIgniter\Session\Handlers\FileHandler' driver.
INFO - 2021-12-11 21:08:20 --> Controller "App\Controllers\base\Dashboard" loaded.
INFO - 2021-12-11 21:10:03 --> Controller "App\Controllers\base\Beranda" loaded.
INFO - 2021-12-11 21:10:46 --> Session: Class initialized using 'CodeIgniter\Session\Handlers\FileHandler' driver.
INFO - 2021-12-11 21:10:46 --> Controller "App\Controllers\base\Dashboard" loaded.
INFO - 2021-12-11 21:13:04 --> Session: Class initialized using 'CodeIgniter\Session\Handlers\FileHandler' driver.
INFO - 2021-12-11 21:13:04 --> Controller "App\Controllers\undangan\Undangan" loaded.
INFO - 2021-12-11 21:16:29 --> Controller "App\Controllers\base\Beranda" loaded.
INFO - 2021-12-11 21:20:02 --> Controller "App\Controllers\base\Beranda" loaded.
INFO - 2021-12-11 21:30:03 --> Controller "App\Controllers\base\Beranda" loaded.
INFO - 2021-12-11 21:32:50 --> Controller "App\Controllers\base\Beranda" loaded.
INFO - 2021-12-11 21:33:41 --> Controller "App\Controllers\base\Beranda" loaded.
INFO - 2021-12-11 21:33:47 --> Session: Class initialized using 'CodeIgniter\Session\Handlers\FileHandler' driver.
INFO - 2021-12-11 21:33:47 --> Controller "App\Controllers\base\Order" loaded.
INFO - 2021-12-11 21:33:47 --> Controller "App\Controllers\base\Beranda" loaded.
INFO - 2021-12-11 21:34:02 --> Controller "App\Controllers\base\Beranda" loaded.
INFO - 2021-12-11 21:34:10 --> Controller "App\Controllers\base\Beranda" loaded.
INFO - 2021-12-11 21:34:19 --> Controller "App\Controllers\base\Beranda" loaded.
INFO - 2021-12-11 21:34:32 --> Controller "App\Controllers\base\Beranda" loaded.
INFO - 2021-12-11 21:40:03 --> Controller "App\Controllers\base\Beranda" loaded.
INFO - 2021-12-11 21:44:43 --> Controller "App\Controllers\base\Beranda" loaded.
INFO - 2021-12-11 21:50:03 --> Controller "App\Controllers\base\Beranda" loaded.
INFO - 2021-12-11 21:50:22 --> Controller "App\Controllers\base\Beranda" loaded.
INFO - 2021-12-11 21:50:22 --> Controller "App\Controllers\base\Beranda" loaded.
INFO - 2021-12-11 22:00:03 --> Controller "App\Controllers\base\Beranda" loaded.
INFO - 2021-12-11 22:02:52 --> Controller "App\Controllers\base\Beranda" loaded.
INFO - 2021-12-11 22:10:03 --> Controller "App\Controllers\base\Beranda" loaded.
INFO - 2021-12-11 22:20:03 --> Controller "App\Controllers\base\Beranda" loaded.
INFO - 2021-12-11 22:30:02 --> Controller "App\Controllers\base\Beranda" loaded.
INFO - 2021-12-11 22:40:03 --> Controller "App\Controllers\base\Beranda" loaded.
INFO - 2021-12-11 22:47:03 --> Controller "App\Controllers\base\Beranda" loaded.
INFO - 2021-12-11 22:47:04 --> Controller "App\Controllers\base\Beranda" loaded.
INFO - 2021-12-11 22:47:04 --> Controller "App\Controllers\base\Beranda" loaded.
INFO - 2021-12-11 22:47:05 --> Controller "App\Controllers\base\Beranda" loaded.
INFO - 2021-12-11 22:47:05 --> Controller "App\Controllers\base\Beranda" loaded.
INFO - 2021-12-11 22:47:06 --> Controller "App\Controllers\base\Beranda" loaded.
INFO - 2021-12-11 22:47:06 --> Controller "App\Controllers\base\Beranda" loaded.
INFO - 2021-12-11 22:47:07 --> Controller "App\Controllers\base\Beranda" loaded.
INFO - 2021-12-11 22:47:07 --> Controller "App\Controllers\base\Beranda" loaded.
INFO - 2021-12-11 22:47:07 --> Controller "App\Controllers\base\Beranda" loaded.
INFO - 2021-12-11 22:47:08 --> Controller "App\Controllers\base\Beranda" loaded.
INFO - 2021-12-11 22:47:08 --> Controller "App\Controllers\base\Beranda" loaded.
INFO - 2021-12-11 22:47:09 --> Controller "App\Controllers\base\Beranda" loaded.
INFO - 2021-12-11 22:47:09 --> Controller "App\Controllers\base\Beranda" loaded.
INFO - 2021-12-11 22:47:10 --> Controller "App\Controllers\base\Beranda" loaded.
INFO - 2021-12-11 22:47:10 --> Controller "App\Controllers\base\Beranda" loaded.
INFO - 2021-12-11 22:47:11 --> Controller "App\Controllers\base\Beranda" loaded.
INFO - 2021-12-11 22:47:11 --> Controller "App\Controllers\base\Beranda" loaded.
INFO - 2021-12-11 22:47:12 --> Controller "App\Controllers\base\Beranda" loaded.
INFO - 2021-12-11 22:50:03 --> Controller "App\Controllers\base\Beranda" loaded.
INFO - 2021-12-11 23:23:54 --> Controller "App\Controllers\base\Beranda" loaded.
INFO - 2021-12-11 23:26:15 --> Controller "App\Controllers\base\Beranda" loaded.
INFO - 2021-12-11 23:42:19 --> Controller "App\Controllers\base\Beranda" loaded.
