INFO - 2021-07-11 00:02:17 --> Controller "App\Controllers\base\Beranda" loaded.
INFO - 2021-07-11 00:32:07 --> Controller "App\Controllers\base\Beranda" loaded.
INFO - 2021-07-11 00:33:49 --> Controller "App\Controllers\base\Beranda" loaded.
INFO - 2021-07-11 00:40:57 --> Session: Class initialized using 'CodeIgniter\Session\Handlers\FileHandler' driver.
INFO - 2021-07-11 00:40:57 --> Controller "App\Controllers\base\Order" loaded.
INFO - 2021-07-11 00:40:59 --> Controller "App\Controllers\base\Beranda" loaded.
INFO - 2021-07-11 00:53:59 --> Controller "App\Controllers\base\Beranda" loaded.
INFO - 2021-07-11 01:32:37 --> Session: Class initialized using 'CodeIgniter\Session\Handlers\FileHandler' driver.
INFO - 2021-07-11 01:32:37 --> Controller "App\Controllers\base\Order" loaded.
INFO - 2021-07-11 01:57:39 --> Controller "App\Controllers\base\Beranda" loaded.
INFO - 2021-07-11 02:59:28 --> Controller "App\Controllers\base\Beranda" loaded.
INFO - 2021-07-11 03:03:16 --> Controller "App\Controllers\base\Beranda" loaded.
INFO - 2021-07-11 03:03:41 --> Session: Class initialized using 'CodeIgniter\Session\Handlers\FileHandler' driver.
INFO - 2021-07-11 03:03:41 --> Controller "App\Controllers\admin\Admin" loaded.
INFO - 2021-07-11 03:39:37 --> Controller "App\Controllers\base\Beranda" loaded.
INFO - 2021-07-11 03:39:38 --> Controller "App\Controllers\base\Beranda" loaded.
INFO - 2021-07-11 03:39:40 --> Controller "App\Controllers\base\Beranda" loaded.
INFO - 2021-07-11 03:39:40 --> Controller "App\Controllers\base\Beranda" loaded.
INFO - 2021-07-11 03:39:43 --> Controller "App\Controllers\base\Beranda" loaded.
INFO - 2021-07-11 03:39:44 --> Controller "App\Controllers\base\Beranda" loaded.
INFO - 2021-07-11 03:39:45 --> Controller "App\Controllers\base\Beranda" loaded.
INFO - 2021-07-11 03:39:45 --> Controller "App\Controllers\base\Beranda" loaded.
INFO - 2021-07-11 03:39:46 --> Controller "App\Controllers\base\Beranda" loaded.
INFO - 2021-07-11 03:39:47 --> Controller "App\Controllers\base\Beranda" loaded.
INFO - 2021-07-11 03:39:47 --> Controller "App\Controllers\base\Beranda" loaded.
INFO - 2021-07-11 03:39:48 --> Controller "App\Controllers\base\Beranda" loaded.
INFO - 2021-07-11 03:39:49 --> Controller "App\Controllers\base\Beranda" loaded.
INFO - 2021-07-11 03:39:50 --> Controller "App\Controllers\base\Beranda" loaded.
INFO - 2021-07-11 03:39:50 --> Controller "App\Controllers\base\Beranda" loaded.
INFO - 2021-07-11 03:39:50 --> Controller "App\Controllers\base\Beranda" loaded.
INFO - 2021-07-11 04:14:47 --> Controller "App\Controllers\base\Beranda" loaded.
INFO - 2021-07-11 05:08:22 --> Controller "App\Controllers\base\Beranda" loaded.
INFO - 2021-07-11 05:08:23 --> Controller "App\Controllers\base\Beranda" loaded.
INFO - 2021-07-11 05:28:48 --> Controller "App\Controllers\base\Beranda" loaded.
CRITICAL - 2021-07-11 05:40:25 --> fopen(/home/nguh5634/public_html/writable/session/ci_session3185c0ed4e98179ff3e88119b7b7163c9d69be64): failed to open stream: Disk quota exceeded
#0 [internal function]: CodeIgniter\Debug\Exceptions->errorHandler(2, 'fopen(/home/ngu...', '/home/nguh5634/...', 174, Array)
#1 /home/nguh5634/public_html/system/Session/Handlers/FileHandler.php(174): fopen('/home/nguh5634/...', 'c+b')
#2 [internal function]: CodeIgniter\Session\Handlers\FileHandler->read('3185c0ed4e98179...')
#3 /home/nguh5634/public_html/system/Session/Session.php(1002): session_start()
#4 /home/nguh5634/public_html/system/Session/Session.php(238): CodeIgniter\Session\Session->startSession()
#5 /home/nguh5634/public_html/system/Config/Services.php(773): CodeIgniter\Session\Session->start()
#6 /home/nguh5634/public_html/system/Config/BaseService.php(123): CodeIgniter\Config\Services::session(Object(Config\App), false)
#7 /home/nguh5634/public_html/system/Config/Services.php(754): CodeIgniter\Config\BaseService::getSharedInstance('session', NULL)
#8 /home/nguh5634/public_html/system/Common.php(879): CodeIgniter\Config\Services::session()
#9 /home/nguh5634/public_html/app/Controllers/bukutamu/Bukutamu.php(18): session()
#10 /home/nguh5634/public_html/system/CodeIgniter.php(882): App\Controllers\bukutamu\Bukutamu->__construct()
#11 /home/nguh5634/public_html/system/CodeIgniter.php(393): CodeIgniter\CodeIgniter->createController()
#12 /home/nguh5634/public_html/system/CodeIgniter.php(306): CodeIgniter\CodeIgniter->handleRequest(NULL, Object(Config\Cache), false)
#13 /home/nguh5634/public_html/index.php(45): CodeIgniter\CodeIgniter->run()
#14 {main}
CRITICAL - 2021-07-11 05:40:26 --> fopen(/home/nguh5634/public_html/writable/session/ci_session8a8c78e3a4b1758df16552d083bf51609efb2c2c): failed to open stream: Disk quota exceeded
#0 [internal function]: CodeIgniter\Debug\Exceptions->errorHandler(2, 'fopen(/home/ngu...', '/home/nguh5634/...', 174, Array)
#1 /home/nguh5634/public_html/system/Session/Handlers/FileHandler.php(174): fopen('/home/nguh5634/...', 'c+b')
#2 [internal function]: CodeIgniter\Session\Handlers\FileHandler->read('8a8c78e3a4b1758...')
#3 /home/nguh5634/public_html/system/Session/Session.php(1002): session_start()
#4 /home/nguh5634/public_html/system/Session/Session.php(238): CodeIgniter\Session\Session->startSession()
#5 /home/nguh5634/public_html/system/Config/Services.php(773): CodeIgniter\Session\Session->start()
#6 /home/nguh5634/public_html/system/Config/BaseService.php(123): CodeIgniter\Config\Services::session(Object(Config\App), false)
#7 /home/nguh5634/public_html/system/Config/Services.php(754): CodeIgniter\Config\BaseService::getSharedInstance('session', NULL)
#8 /home/nguh5634/public_html/system/Common.php(879): CodeIgniter\Config\Services::session()
#9 /home/nguh5634/public_html/app/Controllers/bukutamu/Bukutamu.php(18): session()
#10 /home/nguh5634/public_html/system/CodeIgniter.php(882): App\Controllers\bukutamu\Bukutamu->__construct()
#11 /home/nguh5634/public_html/system/CodeIgniter.php(393): CodeIgniter\CodeIgniter->createController()
#12 /home/nguh5634/public_html/system/CodeIgniter.php(306): CodeIgniter\CodeIgniter->handleRequest(NULL, Object(Config\Cache), false)
#13 /home/nguh5634/public_html/index.php(45): CodeIgniter\CodeIgniter->run()
#14 {main}
INFO - 2021-07-11 05:40:36 --> Controller "App\Controllers\base\Beranda" loaded.
INFO - 2021-07-11 05:57:36 --> Session: Class initialized using 'CodeIgniter\Session\Handlers\FileHandler' driver.
INFO - 2021-07-11 05:57:36 --> Controller "App\Controllers\base\Order" loaded.
INFO - 2021-07-11 06:20:17 --> Controller "App\Controllers\base\Beranda" loaded.
CRITICAL - 2021-07-11 06:27:28 --> fopen(/home/nguh5634/public_html/writable/session/ci_session35629c63d53a9bd117db8647b89f1c06cc45185a): failed to open stream: Disk quota exceeded
#0 [internal function]: CodeIgniter\Debug\Exceptions->errorHandler(2, 'fopen(/home/ngu...', '/home/nguh5634/...', 174, Array)
#1 /home/nguh5634/public_html/system/Session/Handlers/FileHandler.php(174): fopen('/home/nguh5634/...', 'c+b')
#2 [internal function]: CodeIgniter\Session\Handlers\FileHandler->read('35629c63d53a9bd...')
#3 /home/nguh5634/public_html/system/Session/Session.php(1002): session_start()
#4 /home/nguh5634/public_html/system/Session/Session.php(238): CodeIgniter\Session\Session->startSession()
#5 /home/nguh5634/public_html/system/Config/Services.php(773): CodeIgniter\Session\Session->start()
#6 /home/nguh5634/public_html/system/Config/BaseService.php(123): CodeIgniter\Config\Services::session(Object(Config\App), false)
#7 /home/nguh5634/public_html/system/Config/Services.php(754): CodeIgniter\Config\BaseService::getSharedInstance('session', NULL)
#8 /home/nguh5634/public_html/system/Common.php(879): CodeIgniter\Config\Services::session()
#9 /home/nguh5634/public_html/app/Controllers/undangan/Undangan.php(18): session()
#10 /home/nguh5634/public_html/system/CodeIgniter.php(882): App\Controllers\undangan\Undangan->__construct()
#11 /home/nguh5634/public_html/system/CodeIgniter.php(393): CodeIgniter\CodeIgniter->createController()
#12 /home/nguh5634/public_html/system/CodeIgniter.php(306): CodeIgniter\CodeIgniter->handleRequest(NULL, Object(Config\Cache), false)
#13 /home/nguh5634/public_html/index.php(45): CodeIgniter\CodeIgniter->run()
#14 {main}
INFO - 2021-07-11 06:30:47 --> Controller "App\Controllers\base\Beranda" loaded.
INFO - 2021-07-11 06:30:55 --> Controller "App\Controllers\base\Beranda" loaded.
INFO - 2021-07-11 06:31:51 --> Controller "App\Controllers\base\Beranda" loaded.
INFO - 2021-07-11 06:32:01 --> Controller "App\Controllers\base\Beranda" loaded.
CRITICAL - 2021-07-11 06:36:19 --> fopen(/home/nguh5634/public_html/writable/session/ci_session1034374dd84ed59915b4465400b26731e2870bbc): failed to open stream: Disk quota exceeded
#0 [internal function]: CodeIgniter\Debug\Exceptions->errorHandler(2, 'fopen(/home/ngu...', '/home/nguh5634/...', 174, Array)
#1 /home/nguh5634/public_html/system/Session/Handlers/FileHandler.php(174): fopen('/home/nguh5634/...', 'c+b')
#2 [internal function]: CodeIgniter\Session\Handlers\FileHandler->read('1034374dd84ed59...')
#3 /home/nguh5634/public_html/system/Session/Session.php(1002): session_start()
#4 /home/nguh5634/public_html/system/Session/Session.php(238): CodeIgniter\Session\Session->startSession()
#5 /home/nguh5634/public_html/system/Config/Services.php(773): CodeIgniter\Session\Session->start()
#6 /home/nguh5634/public_html/system/Config/BaseService.php(123): CodeIgniter\Config\Services::session(Object(Config\App), false)
#7 /home/nguh5634/public_html/system/Config/Services.php(754): CodeIgniter\Config\BaseService::getSharedInstance('session', NULL)
#8 /home/nguh5634/public_html/system/Common.php(879): CodeIgniter\Config\Services::session()
#9 /home/nguh5634/public_html/app/Controllers/base/Dashboard.php(11): session()
#10 /home/nguh5634/public_html/system/CodeIgniter.php(882): App\Controllers\base\Dashboard->__construct()
#11 /home/nguh5634/public_html/system/CodeIgniter.php(393): CodeIgniter\CodeIgniter->createController()
#12 /home/nguh5634/public_html/system/CodeIgniter.php(306): CodeIgniter\CodeIgniter->handleRequest(NULL, Object(Config\Cache), false)
#13 /home/nguh5634/public_html/index.php(45): CodeIgniter\CodeIgniter->run()
#14 {main}
CRITICAL - 2021-07-11 06:36:21 --> fopen(/home/nguh5634/public_html/writable/session/ci_session1034374dd84ed59915b4465400b26731e2870bbc): failed to open stream: Disk quota exceeded
#0 [internal function]: CodeIgniter\Debug\Exceptions->errorHandler(2, 'fopen(/home/ngu...', '/home/nguh5634/...', 174, Array)
#1 /home/nguh5634/public_html/system/Session/Handlers/FileHandler.php(174): fopen('/home/nguh5634/...', 'c+b')
#2 [internal function]: CodeIgniter\Session\Handlers\FileHandler->read('1034374dd84ed59...')
#3 /home/nguh5634/public_html/system/Session/Session.php(1002): session_start()
#4 /home/nguh5634/public_html/system/Session/Session.php(238): CodeIgniter\Session\Session->startSession()
#5 /home/nguh5634/public_html/system/Config/Services.php(773): CodeIgniter\Session\Session->start()
#6 /home/nguh5634/public_html/system/Config/BaseService.php(123): CodeIgniter\Config\Services::session(Object(Config\App), false)
#7 /home/nguh5634/public_html/system/Config/Services.php(754): CodeIgniter\Config\BaseService::getSharedInstance('session', NULL)
#8 /home/nguh5634/public_html/system/Common.php(879): CodeIgniter\Config\Services::session()
#9 /home/nguh5634/public_html/app/Controllers/base/Dashboard.php(11): session()
#10 /home/nguh5634/public_html/system/CodeIgniter.php(882): App\Controllers\base\Dashboard->__construct()
#11 /home/nguh5634/public_html/system/CodeIgniter.php(393): CodeIgniter\CodeIgniter->createController()
#12 /home/nguh5634/public_html/system/CodeIgniter.php(306): CodeIgniter\CodeIgniter->handleRequest(NULL, Object(Config\Cache), false)
#13 /home/nguh5634/public_html/index.php(45): CodeIgniter\CodeIgniter->run()
#14 {main}
INFO - 2021-07-11 06:38:06 --> Session: Class initialized using 'CodeIgniter\Session\Handlers\FileHandler' driver.
INFO - 2021-07-11 06:38:06 --> Controller "App\Controllers\base\Dashboard" loaded.
INFO - 2021-07-11 06:38:16 --> Session: Class initialized using 'CodeIgniter\Session\Handlers\FileHandler' driver.
INFO - 2021-07-11 06:38:16 --> Controller "App\Controllers\base\Dashboard" loaded.
INFO - 2021-07-11 06:38:16 --> Session: Class initialized using 'CodeIgniter\Session\Handlers\FileHandler' driver.
INFO - 2021-07-11 06:38:16 --> Controller "App\Controllers\base\Dashboard" loaded.
INFO - 2021-07-11 06:38:22 --> Session: Class initialized using 'CodeIgniter\Session\Handlers\FileHandler' driver.
INFO - 2021-07-11 06:38:22 --> Controller "App\Controllers\base\Dashboard" loaded.
INFO - 2021-07-11 06:39:20 --> Session: Class initialized using 'CodeIgniter\Session\Handlers\FileHandler' driver.
INFO - 2021-07-11 06:39:20 --> Controller "App\Controllers\base\Dashboard" loaded.
INFO - 2021-07-11 06:39:20 --> Session: Class initialized using 'CodeIgniter\Session\Handlers\FileHandler' driver.
INFO - 2021-07-11 06:39:20 --> Controller "App\Controllers\base\Dashboard" loaded.
INFO - 2021-07-11 06:39:37 --> Session: Class initialized using 'CodeIgniter\Session\Handlers\FileHandler' driver.
INFO - 2021-07-11 06:39:37 --> Controller "App\Controllers\undangan\Undangan" loaded.
INFO - 2021-07-11 06:39:48 --> Session: Class initialized using 'CodeIgniter\Session\Handlers\FileHandler' driver.
INFO - 2021-07-11 06:39:48 --> Controller "App\Controllers\base\Dashboard" loaded.
INFO - 2021-07-11 06:39:49 --> Session: Class initialized using 'CodeIgniter\Session\Handlers\FileHandler' driver.
INFO - 2021-07-11 06:39:49 --> Controller "App\Controllers\base\Dashboard" loaded.
INFO - 2021-07-11 06:39:50 --> Session: Class initialized using 'CodeIgniter\Session\Handlers\FileHandler' driver.
INFO - 2021-07-11 06:39:50 --> Controller "App\Controllers\undangan\Undangan" loaded.
INFO - 2021-07-11 06:39:50 --> Session: Class initialized using 'CodeIgniter\Session\Handlers\FileHandler' driver.
INFO - 2021-07-11 06:39:50 --> Controller "App\Controllers\undangan\Undangan" loaded.
INFO - 2021-07-11 06:40:24 --> Session: Class initialized using 'CodeIgniter\Session\Handlers\FileHandler' driver.
INFO - 2021-07-11 06:40:24 --> Controller "App\Controllers\base\Dashboard" loaded.
INFO - 2021-07-11 06:58:51 --> Session: Class initialized using 'CodeIgniter\Session\Handlers\FileHandler' driver.
INFO - 2021-07-11 06:58:51 --> Controller "App\Controllers\bukutamu\Bukutamu" loaded.
INFO - 2021-07-11 07:03:41 --> Session: Class initialized using 'CodeIgniter\Session\Handlers\FileHandler' driver.
INFO - 2021-07-11 07:03:41 --> Controller "App\Controllers\base\Dashboard" loaded.
INFO - 2021-07-11 07:08:24 --> Controller "App\Controllers\base\Beranda" loaded.
INFO - 2021-07-11 07:11:57 --> Session: Class initialized using 'CodeIgniter\Session\Handlers\FileHandler' driver.
INFO - 2021-07-11 07:11:57 --> Controller "App\Controllers\base\Dashboard" loaded.
INFO - 2021-07-11 07:13:48 --> Session: Class initialized using 'CodeIgniter\Session\Handlers\FileHandler' driver.
INFO - 2021-07-11 07:13:48 --> Controller "App\Controllers\base\Dashboard" loaded.
INFO - 2021-07-11 07:13:55 --> Session: Class initialized using 'CodeIgniter\Session\Handlers\FileHandler' driver.
INFO - 2021-07-11 07:13:55 --> Controller "App\Controllers\base\Dashboard" loaded.
INFO - 2021-07-11 07:13:58 --> Session: Class initialized using 'CodeIgniter\Session\Handlers\FileHandler' driver.
INFO - 2021-07-11 07:13:58 --> Controller "App\Controllers\base\Dashboard" loaded.
INFO - 2021-07-11 07:14:00 --> Session: Class initialized using 'CodeIgniter\Session\Handlers\FileHandler' driver.
INFO - 2021-07-11 07:14:00 --> Controller "App\Controllers\undangan\Undangan" loaded.
INFO - 2021-07-11 07:14:11 --> Session: Class initialized using 'CodeIgniter\Session\Handlers\FileHandler' driver.
INFO - 2021-07-11 07:14:11 --> Controller "App\Controllers\base\Dashboard" loaded.
INFO - 2021-07-11 07:14:14 --> Session: Class initialized using 'CodeIgniter\Session\Handlers\FileHandler' driver.
INFO - 2021-07-11 07:14:14 --> Controller "App\Controllers\base\Dashboard" loaded.
INFO - 2021-07-11 07:14:21 --> Session: Class initialized using 'CodeIgniter\Session\Handlers\FileHandler' driver.
INFO - 2021-07-11 07:14:21 --> Controller "App\Controllers\base\Dashboard" loaded.
INFO - 2021-07-11 07:14:31 --> Session: Class initialized using 'CodeIgniter\Session\Handlers\FileHandler' driver.
INFO - 2021-07-11 07:14:31 --> Controller "App\Controllers\base\Dashboard" loaded.
INFO - 2021-07-11 07:14:42 --> Session: Class initialized using 'CodeIgniter\Session\Handlers\FileHandler' driver.
INFO - 2021-07-11 07:14:42 --> Controller "App\Controllers\base\Dashboard" loaded.
INFO - 2021-07-11 07:15:30 --> Controller "App\Controllers\base\Beranda" loaded.
INFO - 2021-07-11 07:19:25 --> Session: Class initialized using 'CodeIgniter\Session\Handlers\FileHandler' driver.
INFO - 2021-07-11 07:19:25 --> Controller "App\Controllers\undangan\Undangan" loaded.
INFO - 2021-07-11 07:20:16 --> Session: Class initialized using 'CodeIgniter\Session\Handlers\FileHandler' driver.
INFO - 2021-07-11 07:20:16 --> Controller "App\Controllers\base\Dashboard" loaded.
INFO - 2021-07-11 07:20:27 --> Session: Class initialized using 'CodeIgniter\Session\Handlers\FileHandler' driver.
INFO - 2021-07-11 07:20:27 --> Controller "App\Controllers\base\Dashboard" loaded.
INFO - 2021-07-11 07:20:40 --> Session: Class initialized using 'CodeIgniter\Session\Handlers\FileHandler' driver.
INFO - 2021-07-11 07:20:40 --> Controller "App\Controllers\base\Dashboard" loaded.
INFO - 2021-07-11 07:20:40 --> Session: Class initialized using 'CodeIgniter\Session\Handlers\FileHandler' driver.
INFO - 2021-07-11 07:20:40 --> Controller "App\Controllers\base\Dashboard" loaded.
INFO - 2021-07-11 07:20:45 --> Session: Class initialized using 'CodeIgniter\Session\Handlers\FileHandler' driver.
INFO - 2021-07-11 07:20:45 --> Controller "App\Controllers\undangan\Undangan" loaded.
INFO - 2021-07-11 07:22:03 --> Session: Class initialized using 'CodeIgniter\Session\Handlers\FileHandler' driver.
INFO - 2021-07-11 07:22:03 --> Controller "App\Controllers\undangan\Undangan" loaded.
INFO - 2021-07-11 07:23:07 --> Session: Class initialized using 'CodeIgniter\Session\Handlers\FileHandler' driver.
INFO - 2021-07-11 07:23:07 --> Controller "App\Controllers\base\Dashboard" loaded.
INFO - 2021-07-11 08:15:43 --> Controller "App\Controllers\base\Beranda" loaded.
INFO - 2021-07-11 08:21:44 --> Controller "App\Controllers\base\Beranda" loaded.
INFO - 2021-07-11 08:24:11 --> Session: Class initialized using 'CodeIgniter\Session\Handlers\FileHandler' driver.
INFO - 2021-07-11 08:24:11 --> Controller "App\Controllers\undangan\Undangan" loaded.
INFO - 2021-07-11 08:24:13 --> Session: Class initialized using 'CodeIgniter\Session\Handlers\FileHandler' driver.
INFO - 2021-07-11 08:24:13 --> Controller "App\Controllers\undangan\Undangan" loaded.
INFO - 2021-07-11 08:24:48 --> Session: Class initialized using 'CodeIgniter\Session\Handlers\FileHandler' driver.
INFO - 2021-07-11 08:24:48 --> Controller "App\Controllers\undangan\Undangan" loaded.
INFO - 2021-07-11 08:26:03 --> Session: Class initialized using 'CodeIgniter\Session\Handlers\FileHandler' driver.
INFO - 2021-07-11 08:26:03 --> Controller "App\Controllers\undangan\Undangan" loaded.
INFO - 2021-07-11 08:26:11 --> Session: Class initialized using 'CodeIgniter\Session\Handlers\FileHandler' driver.
INFO - 2021-07-11 08:26:11 --> Controller "App\Controllers\undangan\Undangan" loaded.
INFO - 2021-07-11 08:26:13 --> Session: Class initialized using 'CodeIgniter\Session\Handlers\FileHandler' driver.
INFO - 2021-07-11 08:26:13 --> Controller "App\Controllers\undangan\Undangan" loaded.
INFO - 2021-07-11 08:31:09 --> Controller "App\Controllers\base\Beranda" loaded.
INFO - 2021-07-11 08:31:57 --> Session: Class initialized using 'CodeIgniter\Session\Handlers\FileHandler' driver.
INFO - 2021-07-11 08:31:57 --> Controller "App\Controllers\base\Order" loaded.
INFO - 2021-07-11 08:36:13 --> Controller "App\Controllers\base\Beranda" loaded.
INFO - 2021-07-11 08:51:07 --> Controller "App\Controllers\base\Beranda" loaded.
INFO - 2021-07-11 08:51:09 --> Controller "App\Controllers\base\Beranda" loaded.
INFO - 2021-07-11 08:51:10 --> Controller "App\Controllers\base\Beranda" loaded.
INFO - 2021-07-11 08:51:10 --> Controller "App\Controllers\base\Beranda" loaded.
INFO - 2021-07-11 08:51:11 --> Controller "App\Controllers\base\Beranda" loaded.
INFO - 2021-07-11 08:51:11 --> Controller "App\Controllers\base\Beranda" loaded.
INFO - 2021-07-11 08:51:12 --> Controller "App\Controllers\base\Beranda" loaded.
INFO - 2021-07-11 08:51:12 --> Controller "App\Controllers\base\Beranda" loaded.
INFO - 2021-07-11 08:51:12 --> Controller "App\Controllers\base\Beranda" loaded.
INFO - 2021-07-11 08:51:13 --> Controller "App\Controllers\base\Beranda" loaded.
INFO - 2021-07-11 08:51:13 --> Controller "App\Controllers\base\Beranda" loaded.
INFO - 2021-07-11 08:51:14 --> Controller "App\Controllers\base\Beranda" loaded.
INFO - 2021-07-11 08:51:14 --> Controller "App\Controllers\base\Beranda" loaded.
INFO - 2021-07-11 08:51:14 --> Controller "App\Controllers\base\Beranda" loaded.
INFO - 2021-07-11 08:51:15 --> Controller "App\Controllers\base\Beranda" loaded.
INFO - 2021-07-11 08:51:15 --> Controller "App\Controllers\base\Beranda" loaded.
INFO - 2021-07-11 08:51:15 --> Controller "App\Controllers\base\Beranda" loaded.
INFO - 2021-07-11 08:51:16 --> Controller "App\Controllers\base\Beranda" loaded.
INFO - 2021-07-11 08:51:16 --> Controller "App\Controllers\base\Beranda" loaded.
INFO - 2021-07-11 08:52:58 --> Controller "App\Controllers\base\Beranda" loaded.
INFO - 2021-07-11 08:53:29 --> Controller "App\Controllers\base\Beranda" loaded.
INFO - 2021-07-11 08:55:03 --> Controller "App\Controllers\base\Beranda" loaded.
INFO - 2021-07-11 08:55:06 --> Controller "App\Controllers\base\Beranda" loaded.
INFO - 2021-07-11 09:45:38 --> Controller "App\Controllers\base\Beranda" loaded.
INFO - 2021-07-11 09:54:08 --> Session: Class initialized using 'CodeIgniter\Session\Handlers\FileHandler' driver.
INFO - 2021-07-11 09:54:08 --> Controller "App\Controllers\undangan\Undangan" loaded.
INFO - 2021-07-11 09:55:00 --> Controller "App\Controllers\base\Beranda" loaded.
INFO - 2021-07-11 09:55:06 --> Session: Class initialized using 'CodeIgniter\Session\Handlers\FileHandler' driver.
INFO - 2021-07-11 09:55:06 --> Controller "App\Controllers\base\Order" loaded.
INFO - 2021-07-11 09:55:06 --> Controller "App\Controllers\base\Beranda" loaded.
INFO - 2021-07-11 09:55:20 --> Controller "App\Controllers\base\Beranda" loaded.
INFO - 2021-07-11 09:55:30 --> Controller "App\Controllers\base\Beranda" loaded.
INFO - 2021-07-11 09:55:40 --> Session: Class initialized using 'CodeIgniter\Session\Handlers\FileHandler' driver.
INFO - 2021-07-11 09:55:40 --> Controller "App\Controllers\base\Order" loaded.
INFO - 2021-07-11 10:05:18 --> Controller "App\Controllers\base\Beranda" loaded.
INFO - 2021-07-11 10:06:14 --> Controller "App\Controllers\base\Beranda" loaded.
INFO - 2021-07-11 10:13:43 --> Controller "App\Controllers\base\Beranda" loaded.
INFO - 2021-07-11 10:22:23 --> Controller "App\Controllers\base\Beranda" loaded.
INFO - 2021-07-11 10:22:36 --> Controller "App\Controllers\base\Beranda" loaded.
INFO - 2021-07-11 10:22:45 --> Session: Class initialized using 'CodeIgniter\Session\Handlers\FileHandler' driver.
INFO - 2021-07-11 10:22:45 --> Controller "App\Controllers\base\Order" loaded.
INFO - 2021-07-11 10:22:45 --> Controller "App\Controllers\base\Beranda" loaded.
INFO - 2021-07-11 10:23:35 --> Controller "App\Controllers\base\Beranda" loaded.
INFO - 2021-07-11 11:00:03 --> Controller "App\Controllers\base\Beranda" loaded.
INFO - 2021-07-11 11:00:04 --> Session: Class initialized using 'CodeIgniter\Session\Handlers\FileHandler' driver.
INFO - 2021-07-11 11:00:04 --> Controller "App\Controllers\undangan\Undangan" loaded.
INFO - 2021-07-11 11:00:05 --> Session: Class initialized using 'CodeIgniter\Session\Handlers\FileHandler' driver.
INFO - 2021-07-11 11:00:05 --> Controller "App\Controllers\undangan\Undangan" loaded.
INFO - 2021-07-11 11:00:30 --> Session: Class initialized using 'CodeIgniter\Session\Handlers\FileHandler' driver.
INFO - 2021-07-11 11:00:30 --> Controller "App\Controllers\undangan\Undangan" loaded.
INFO - 2021-07-11 11:41:01 --> Controller "App\Controllers\base\Beranda" loaded.
INFO - 2021-07-11 12:04:23 --> Controller "App\Controllers\base\Beranda" loaded.
INFO - 2021-07-11 12:12:50 --> Session: Class initialized using 'CodeIgniter\Session\Handlers\FileHandler' driver.
INFO - 2021-07-11 12:12:50 --> Controller "App\Controllers\base\Order" loaded.
INFO - 2021-07-11 12:34:18 --> Controller "App\Controllers\base\Beranda" loaded.
INFO - 2021-07-11 12:34:18 --> Controller "App\Controllers\base\Beranda" loaded.
INFO - 2021-07-11 12:34:18 --> Controller "App\Controllers\base\Beranda" loaded.
INFO - 2021-07-11 12:34:18 --> Controller "App\Controllers\base\Beranda" loaded.
INFO - 2021-07-11 12:34:18 --> Controller "App\Controllers\base\Beranda" loaded.
INFO - 2021-07-11 12:34:18 --> Controller "App\Controllers\base\Beranda" loaded.
INFO - 2021-07-11 12:34:18 --> Controller "App\Controllers\base\Beranda" loaded.
INFO - 2021-07-11 12:34:18 --> Controller "App\Controllers\base\Beranda" loaded.
INFO - 2021-07-11 12:34:18 --> Controller "App\Controllers\base\Beranda" loaded.
INFO - 2021-07-11 12:34:18 --> Controller "App\Controllers\base\Beranda" loaded.
INFO - 2021-07-11 12:34:19 --> Session: Class initialized using 'CodeIgniter\Session\Handlers\FileHandler' driver.
INFO - 2021-07-11 12:34:19 --> Session: Class initialized using 'CodeIgniter\Session\Handlers\FileHandler' driver.
INFO - 2021-07-11 12:34:19 --> Controller "App\Controllers\bukutamu\Bukutamu" loaded.
INFO - 2021-07-11 12:34:19 --> Controller "App\Controllers\bukutamu\Bukutamu" loaded.
INFO - 2021-07-11 12:34:19 --> Session: Class initialized using 'CodeIgniter\Session\Handlers\FileHandler' driver.
INFO - 2021-07-11 12:34:19 --> Controller "App\Controllers\bukutamu\Bukutamu" loaded.
INFO - 2021-07-11 12:34:19 --> Session: Class initialized using 'CodeIgniter\Session\Handlers\FileHandler' driver.
INFO - 2021-07-11 12:34:19 --> Controller "App\Controllers\bukutamu\Bukutamu" loaded.
INFO - 2021-07-11 12:34:19 --> Session: Class initialized using 'CodeIgniter\Session\Handlers\FileHandler' driver.
INFO - 2021-07-11 12:34:19 --> Controller "App\Controllers\bukutamu\Bukutamu" loaded.
INFO - 2021-07-11 12:34:19 --> Session: Class initialized using 'CodeIgniter\Session\Handlers\FileHandler' driver.
INFO - 2021-07-11 12:34:19 --> Session: Class initialized using 'CodeIgniter\Session\Handlers\FileHandler' driver.
INFO - 2021-07-11 12:34:19 --> Controller "App\Controllers\undangan\Undangan" loaded.
INFO - 2021-07-11 12:34:19 --> Controller "App\Controllers\undangan\Undangan" loaded.
INFO - 2021-07-11 12:34:19 --> Session: Class initialized using 'CodeIgniter\Session\Handlers\FileHandler' driver.
INFO - 2021-07-11 12:34:19 --> Controller "App\Controllers\undangan\Undangan" loaded.
INFO - 2021-07-11 12:34:19 --> Session: Class initialized using 'CodeIgniter\Session\Handlers\FileHandler' driver.
INFO - 2021-07-11 12:34:19 --> Controller "App\Controllers\undangan\Undangan" loaded.
INFO - 2021-07-11 12:34:31 --> Session: Class initialized using 'CodeIgniter\Session\Handlers\FileHandler' driver.
INFO - 2021-07-11 12:34:31 --> Controller "App\Controllers\undangan\Undangan" loaded.
INFO - 2021-07-11 12:36:37 --> Controller "App\Controllers\base\Beranda" loaded.
INFO - 2021-07-11 12:37:07 --> Controller "App\Controllers\base\Beranda" loaded.
INFO - 2021-07-11 12:43:09 --> Controller "App\Controllers\base\Beranda" loaded.
INFO - 2021-07-11 12:43:32 --> Controller "App\Controllers\base\Beranda" loaded.
INFO - 2021-07-11 12:44:29 --> Controller "App\Controllers\base\Beranda" loaded.
INFO - 2021-07-11 12:44:31 --> Controller "App\Controllers\base\Beranda" loaded.
INFO - 2021-07-11 12:44:34 --> Session: Class initialized using 'CodeIgniter\Session\Handlers\FileHandler' driver.
INFO - 2021-07-11 12:44:34 --> Controller "App\Controllers\base\Order" loaded.
INFO - 2021-07-11 12:44:34 --> Controller "App\Controllers\base\Beranda" loaded.
INFO - 2021-07-11 12:44:48 --> Controller "App\Controllers\base\Beranda" loaded.
INFO - 2021-07-11 12:45:16 --> Controller "App\Controllers\base\Beranda" loaded.
INFO - 2021-07-11 12:45:18 --> Controller "App\Controllers\base\Beranda" loaded.
INFO - 2021-07-11 13:01:55 --> Session: Class initialized using 'CodeIgniter\Session\Handlers\FileHandler' driver.
INFO - 2021-07-11 13:01:55 --> Controller "App\Controllers\base\Order" loaded.
INFO - 2021-07-11 13:08:44 --> Session: Class initialized using 'CodeIgniter\Session\Handlers\FileHandler' driver.
INFO - 2021-07-11 13:08:44 --> Controller "App\Controllers\undangan\Undangan" loaded.
INFO - 2021-07-11 14:13:13 --> Controller "App\Controllers\base\Beranda" loaded.
INFO - 2021-07-11 14:13:20 --> Session: Class initialized using 'CodeIgniter\Session\Handlers\FileHandler' driver.
INFO - 2021-07-11 14:13:20 --> Controller "App\Controllers\undangan\Undangan" loaded.
INFO - 2021-07-11 14:13:22 --> Session: Class initialized using 'CodeIgniter\Session\Handlers\FileHandler' driver.
INFO - 2021-07-11 14:13:22 --> Controller "App\Controllers\undangan\Undangan" loaded.
INFO - 2021-07-11 14:23:30 --> Controller "App\Controllers\base\Beranda" loaded.
INFO - 2021-07-11 14:24:10 --> Session: Class initialized using 'CodeIgniter\Session\Handlers\FileHandler' driver.
INFO - 2021-07-11 14:24:10 --> Controller "App\Controllers\undangan\Undangan" loaded.
INFO - 2021-07-11 14:48:18 --> Controller "App\Controllers\base\Beranda" loaded.
INFO - 2021-07-11 14:48:22 --> Controller "App\Controllers\base\Beranda" loaded.
INFO - 2021-07-11 14:48:43 --> Session: Class initialized using 'CodeIgniter\Session\Handlers\FileHandler' driver.
INFO - 2021-07-11 14:48:43 --> Controller "App\Controllers\bukutamu\Bukutamu" loaded.
INFO - 2021-07-11 14:48:43 --> Session: Class initialized using 'CodeIgniter\Session\Handlers\FileHandler' driver.
INFO - 2021-07-11 14:48:43 --> Controller "App\Controllers\bukutamu\Bukutamu" loaded.
INFO - 2021-07-11 14:50:51 --> Controller "App\Controllers\base\Beranda" loaded.
INFO - 2021-07-11 14:55:12 --> Controller "App\Controllers\base\Beranda" loaded.
INFO - 2021-07-11 14:57:10 --> Controller "App\Controllers\base\Beranda" loaded.
INFO - 2021-07-11 17:19:42 --> Session: Class initialized using 'CodeIgniter\Session\Handlers\FileHandler' driver.
INFO - 2021-07-11 17:19:42 --> Controller "App\Controllers\undangan\Undangan" loaded.
INFO - 2021-07-11 17:19:42 --> Session: Class initialized using 'CodeIgniter\Session\Handlers\FileHandler' driver.
INFO - 2021-07-11 17:19:42 --> Controller "App\Controllers\undangan\Undangan" loaded.
INFO - 2021-07-11 17:19:42 --> Session: Class initialized using 'CodeIgniter\Session\Handlers\FileHandler' driver.
INFO - 2021-07-11 17:19:42 --> Controller "App\Controllers\undangan\Undangan" loaded.
INFO - 2021-07-11 17:19:42 --> Session: Class initialized using 'CodeIgniter\Session\Handlers\FileHandler' driver.
INFO - 2021-07-11 17:19:42 --> Controller "App\Controllers\undangan\Undangan" loaded.
INFO - 2021-07-11 17:19:42 --> Session: Class initialized using 'CodeIgniter\Session\Handlers\FileHandler' driver.
INFO - 2021-07-11 17:19:42 --> Controller "App\Controllers\undangan\Undangan" loaded.
INFO - 2021-07-11 17:19:42 --> Session: Class initialized using 'CodeIgniter\Session\Handlers\FileHandler' driver.
INFO - 2021-07-11 17:19:42 --> Controller "App\Controllers\undangan\Undangan" loaded.
INFO - 2021-07-11 17:19:43 --> Controller "App\Controllers\base\Beranda" loaded.
INFO - 2021-07-11 17:19:43 --> Controller "App\Controllers\base\Beranda" loaded.
INFO - 2021-07-11 17:19:43 --> Controller "App\Controllers\base\Beranda" loaded.
INFO - 2021-07-11 17:19:43 --> Controller "App\Controllers\base\Beranda" loaded.
INFO - 2021-07-11 17:19:43 --> Controller "App\Controllers\base\Beranda" loaded.
INFO - 2021-07-11 17:19:43 --> Controller "App\Controllers\base\Beranda" loaded.
INFO - 2021-07-11 17:19:43 --> Controller "App\Controllers\base\Beranda" loaded.
INFO - 2021-07-11 17:19:43 --> Controller "App\Controllers\base\Beranda" loaded.
INFO - 2021-07-11 17:19:43 --> Session: Class initialized using 'CodeIgniter\Session\Handlers\FileHandler' driver.
INFO - 2021-07-11 17:19:43 --> Session: Class initialized using 'CodeIgniter\Session\Handlers\FileHandler' driver.
INFO - 2021-07-11 17:19:43 --> Controller "App\Controllers\bukutamu\Bukutamu" loaded.
INFO - 2021-07-11 17:19:43 --> Controller "App\Controllers\bukutamu\Bukutamu" loaded.
INFO - 2021-07-11 17:19:43 --> Session: Class initialized using 'CodeIgniter\Session\Handlers\FileHandler' driver.
INFO - 2021-07-11 17:19:43 --> Controller "App\Controllers\bukutamu\Bukutamu" loaded.
INFO - 2021-07-11 17:19:43 --> Session: Class initialized using 'CodeIgniter\Session\Handlers\FileHandler' driver.
INFO - 2021-07-11 17:19:43 --> Controller "App\Controllers\bukutamu\Bukutamu" loaded.
INFO - 2021-07-11 17:19:52 --> Session: Class initialized using 'CodeIgniter\Session\Handlers\FileHandler' driver.
INFO - 2021-07-11 17:19:52 --> Controller "App\Controllers\undangan\Undangan" loaded.
INFO - 2021-07-11 17:50:11 --> Controller "App\Controllers\base\Beranda" loaded.
INFO - 2021-07-11 18:23:00 --> Controller "App\Controllers\base\Beranda" loaded.
INFO - 2021-07-11 18:23:06 --> Session: Class initialized using 'CodeIgniter\Session\Handlers\FileHandler' driver.
INFO - 2021-07-11 18:23:06 --> Controller "App\Controllers\base\Order" loaded.
INFO - 2021-07-11 18:23:06 --> Controller "App\Controllers\base\Beranda" loaded.
INFO - 2021-07-11 18:23:16 --> Controller "App\Controllers\base\Beranda" loaded.
INFO - 2021-07-11 19:34:35 --> Session: Class initialized using 'CodeIgniter\Session\Handlers\FileHandler' driver.
INFO - 2021-07-11 19:34:35 --> Controller "App\Controllers\bukutamu\Bukutamu" loaded.
INFO - 2021-07-11 19:34:37 --> Session: Class initialized using 'CodeIgniter\Session\Handlers\FileHandler' driver.
INFO - 2021-07-11 19:34:37 --> Controller "App\Controllers\bukutamu\Bukutamu" loaded.
INFO - 2021-07-11 20:15:19 --> Session: Class initialized using 'CodeIgniter\Session\Handlers\FileHandler' driver.
INFO - 2021-07-11 20:15:19 --> Controller "App\Controllers\bukutamu\Bukutamu" loaded.
INFO - 2021-07-11 20:15:19 --> Session: Class initialized using 'CodeIgniter\Session\Handlers\FileHandler' driver.
INFO - 2021-07-11 20:15:19 --> Controller "App\Controllers\bukutamu\Bukutamu" loaded.
INFO - 2021-07-11 20:15:19 --> Session: Class initialized using 'CodeIgniter\Session\Handlers\FileHandler' driver.
INFO - 2021-07-11 20:15:19 --> Controller "App\Controllers\bukutamu\Bukutamu" loaded.
INFO - 2021-07-11 20:15:19 --> Session: Class initialized using 'CodeIgniter\Session\Handlers\FileHandler' driver.
INFO - 2021-07-11 20:15:19 --> Controller "App\Controllers\bukutamu\Bukutamu" loaded.
INFO - 2021-07-11 20:15:20 --> Controller "App\Controllers\base\Beranda" loaded.
INFO - 2021-07-11 20:15:20 --> Controller "App\Controllers\base\Beranda" loaded.
INFO - 2021-07-11 20:15:20 --> Controller "App\Controllers\base\Beranda" loaded.
INFO - 2021-07-11 20:15:20 --> Controller "App\Controllers\base\Beranda" loaded.
INFO - 2021-07-11 20:15:20 --> Controller "App\Controllers\base\Beranda" loaded.
INFO - 2021-07-11 20:15:20 --> Controller "App\Controllers\base\Beranda" loaded.
INFO - 2021-07-11 20:15:20 --> Controller "App\Controllers\base\Beranda" loaded.
INFO - 2021-07-11 20:15:20 --> Controller "App\Controllers\base\Beranda" loaded.
INFO - 2021-07-11 20:15:20 --> Session: Class initialized using 'CodeIgniter\Session\Handlers\FileHandler' driver.
INFO - 2021-07-11 20:15:20 --> Controller "App\Controllers\undangan\Undangan" loaded.
INFO - 2021-07-11 20:15:20 --> Session: Class initialized using 'CodeIgniter\Session\Handlers\FileHandler' driver.
INFO - 2021-07-11 20:15:20 --> Controller "App\Controllers\undangan\Undangan" loaded.
INFO - 2021-07-11 20:18:03 --> Controller "App\Controllers\base\Beranda" loaded.
INFO - 2021-07-11 20:21:44 --> Controller "App\Controllers\base\Beranda" loaded.
INFO - 2021-07-11 20:24:48 --> Controller "App\Controllers\base\Beranda" loaded.
INFO - 2021-07-11 20:24:52 --> Controller "App\Controllers\base\Beranda" loaded.
INFO - 2021-07-11 20:24:56 --> Controller "App\Controllers\base\Beranda" loaded.
INFO - 2021-07-11 20:25:03 --> Controller "App\Controllers\base\Beranda" loaded.
INFO - 2021-07-11 20:25:41 --> Session: Class initialized using 'CodeIgniter\Session\Handlers\FileHandler' driver.
INFO - 2021-07-11 20:25:41 --> Controller "App\Controllers\undangan\Undangan" loaded.
INFO - 2021-07-11 20:25:46 --> Session: Class initialized using 'CodeIgniter\Session\Handlers\FileHandler' driver.
INFO - 2021-07-11 20:25:46 --> Controller "App\Controllers\undangan\Undangan" loaded.
INFO - 2021-07-11 20:27:45 --> Session: Class initialized using 'CodeIgniter\Session\Handlers\FileHandler' driver.
INFO - 2021-07-11 20:27:45 --> Controller "App\Controllers\bukutamu\Bukutamu" loaded.
INFO - 2021-07-11 20:28:06 --> Session: Class initialized using 'CodeIgniter\Session\Handlers\FileHandler' driver.
INFO - 2021-07-11 20:28:06 --> Controller "App\Controllers\bukutamu\Bukutamu" loaded.
INFO - 2021-07-11 20:34:26 --> Controller "App\Controllers\base\Beranda" loaded.
INFO - 2021-07-11 20:34:31 --> Controller "App\Controllers\base\Beranda" loaded.
INFO - 2021-07-11 20:48:28 --> Session: Class initialized using 'CodeIgniter\Session\Handlers\FileHandler' driver.
INFO - 2021-07-11 20:48:28 --> Controller "App\Controllers\bukutamu\Bukutamu" loaded.
INFO - 2021-07-11 20:48:28 --> Session: Class initialized using 'CodeIgniter\Session\Handlers\FileHandler' driver.
INFO - 2021-07-11 20:48:28 --> Controller "App\Controllers\bukutamu\Bukutamu" loaded.
INFO - 2021-07-11 20:48:29 --> Session: Class initialized using 'CodeIgniter\Session\Handlers\FileHandler' driver.
INFO - 2021-07-11 20:48:29 --> Controller "App\Controllers\bukutamu\Bukutamu" loaded.
INFO - 2021-07-11 22:21:53 --> Controller "App\Controllers\base\Beranda" loaded.
INFO - 2021-07-11 22:55:38 --> Session: Class initialized using 'CodeIgniter\Session\Handlers\FileHandler' driver.
INFO - 2021-07-11 22:55:38 --> Controller "App\Controllers\bukutamu\Bukutamu" loaded.
INFO - 2021-07-11 23:14:08 --> Controller "App\Controllers\base\Beranda" loaded.
INFO - 2021-07-11 23:17:00 --> Session: Class initialized using 'CodeIgniter\Session\Handlers\FileHandler' driver.
INFO - 2021-07-11 23:17:00 --> Controller "App\Controllers\base\Order" loaded.
INFO - 2021-07-11 23:28:23 --> Session: Class initialized using 'CodeIgniter\Session\Handlers\FileHandler' driver.
INFO - 2021-07-11 23:28:23 --> Controller "App\Controllers\base\Order" loaded.
INFO - 2021-07-11 23:28:36 --> Controller "App\Controllers\base\Beranda" loaded.
INFO - 2021-07-11 23:28:52 --> Controller "App\Controllers\base\Beranda" loaded.
INFO - 2021-07-11 23:29:06 --> Controller "App\Controllers\base\Beranda" loaded.
INFO - 2021-07-11 23:29:09 --> Session: Class initialized using 'CodeIgniter\Session\Handlers\FileHandler' driver.
INFO - 2021-07-11 23:29:09 --> Controller "App\Controllers\base\Order" loaded.
INFO - 2021-07-11 23:29:17 --> Controller "App\Controllers\base\Beranda" loaded.
INFO - 2021-07-11 23:40:53 --> Controller "App\Controllers\base\Beranda" loaded.
INFO - 2021-07-11 23:56:22 --> Controller "App\Controllers\base\Beranda" loaded.
INFO - 2021-07-11 23:57:03 --> Session: Class initialized using 'CodeIgniter\Session\Handlers\FileHandler' driver.
INFO - 2021-07-11 23:57:03 --> Controller "App\Controllers\bukutamu\Bukutamu" loaded.
INFO - 2021-07-11 23:57:03 --> Session: Class initialized using 'CodeIgniter\Session\Handlers\FileHandler' driver.
INFO - 2021-07-11 23:57:03 --> Controller "App\Controllers\bukutamu\Bukutamu" loaded.
INFO - 2021-07-11 23:57:05 --> Session: Class initialized using 'CodeIgniter\Session\Handlers\FileHandler' driver.
INFO - 2021-07-11 23:57:05 --> Controller "App\Controllers\bukutamu\Bukutamu" loaded.
INFO - 2021-07-11 23:58:02 --> Session: Class initialized using 'CodeIgniter\Session\Handlers\FileHandler' driver.
INFO - 2021-07-11 23:58:02 --> Controller "App\Controllers\bukutamu\Bukutamu" loaded.
