INFO - 2021-11-14 00:02:01 --> Controller "App\Controllers\base\Beranda" loaded.
INFO - 2021-11-14 00:31:50 --> Controller "App\Controllers\base\Beranda" loaded.
INFO - 2021-11-14 00:32:20 --> Controller "App\Controllers\base\Beranda" loaded.
INFO - 2021-11-14 00:33:48 --> Session: Class initialized using 'CodeIgniter\Session\Handlers\FileHandler' driver.
INFO - 2021-11-14 00:33:49 --> Controller "App\Controllers\base\Order" loaded.
INFO - 2021-11-14 00:34:06 --> Session: Class initialized using 'CodeIgniter\Session\Handlers\FileHandler' driver.
INFO - 2021-11-14 00:34:06 --> Controller "App\Controllers\base\Order" loaded.
INFO - 2021-11-14 00:35:14 --> Session: Class initialized using 'CodeIgniter\Session\Handlers\FileHandler' driver.
INFO - 2021-11-14 00:35:14 --> Controller "App\Controllers\base\Order" loaded.
INFO - 2021-11-14 00:35:15 --> Session: Class initialized using 'CodeIgniter\Session\Handlers\FileHandler' driver.
INFO - 2021-11-14 00:35:15 --> Controller "App\Controllers\base\Order" loaded.
INFO - 2021-11-14 00:35:44 --> Session: Class initialized using 'CodeIgniter\Session\Handlers\FileHandler' driver.
INFO - 2021-11-14 00:35:44 --> Controller "App\Controllers\base\Order" loaded.
INFO - 2021-11-14 00:35:56 --> Session: Class initialized using 'CodeIgniter\Session\Handlers\FileHandler' driver.
INFO - 2021-11-14 00:35:56 --> Controller "App\Controllers\base\Order" loaded.
INFO - 2021-11-14 00:35:57 --> Controller "App\Controllers\base\Beranda" loaded.
INFO - 2021-11-14 00:36:27 --> Session: Class initialized using 'CodeIgniter\Session\Handlers\FileHandler' driver.
INFO - 2021-11-14 00:36:27 --> Controller "App\Controllers\base\Order" loaded.
INFO - 2021-11-14 00:36:35 --> Session: Class initialized using 'CodeIgniter\Session\Handlers\FileHandler' driver.
INFO - 2021-11-14 00:36:35 --> Controller "App\Controllers\base\Order" loaded.
INFO - 2021-11-14 00:36:38 --> Session: Class initialized using 'CodeIgniter\Session\Handlers\FileHandler' driver.
INFO - 2021-11-14 00:36:38 --> Controller "App\Controllers\base\Order" loaded.
INFO - 2021-11-14 00:36:43 --> Session: Class initialized using 'CodeIgniter\Session\Handlers\FileHandler' driver.
INFO - 2021-11-14 00:36:43 --> Controller "App\Controllers\base\Order" loaded.
INFO - 2021-11-14 00:37:22 --> Session: Class initialized using 'CodeIgniter\Session\Handlers\FileHandler' driver.
INFO - 2021-11-14 00:37:22 --> Controller "App\Controllers\base\Dashboard" loaded.
INFO - 2021-11-14 00:37:22 --> Session: Class initialized using 'CodeIgniter\Session\Handlers\FileHandler' driver.
INFO - 2021-11-14 00:37:22 --> Controller "App\Controllers\base\Dashboard" loaded.
INFO - 2021-11-14 00:37:35 --> Session: Class initialized using 'CodeIgniter\Session\Handlers\FileHandler' driver.
INFO - 2021-11-14 00:37:35 --> Controller "App\Controllers\base\Dashboard" loaded.
INFO - 2021-11-14 00:37:35 --> Session: Class initialized using 'CodeIgniter\Session\Handlers\FileHandler' driver.
INFO - 2021-11-14 00:37:35 --> Controller "App\Controllers\base\Dashboard" loaded.
INFO - 2021-11-14 00:37:39 --> Session: Class initialized using 'CodeIgniter\Session\Handlers\FileHandler' driver.
INFO - 2021-11-14 00:37:39 --> Controller "App\Controllers\base\Dashboard" loaded.
INFO - 2021-11-14 00:37:44 --> Session: Class initialized using 'CodeIgniter\Session\Handlers\FileHandler' driver.
INFO - 2021-11-14 00:37:44 --> Controller "App\Controllers\undangan\Undangan" loaded.
INFO - 2021-11-14 00:37:45 --> Session: Class initialized using 'CodeIgniter\Session\Handlers\FileHandler' driver.
INFO - 2021-11-14 00:37:45 --> Controller "App\Controllers\undangan\Undangan" loaded.
INFO - 2021-11-14 00:37:45 --> Session: Class initialized using 'CodeIgniter\Session\Handlers\FileHandler' driver.
INFO - 2021-11-14 00:37:45 --> Controller "App\Controllers\undangan\Undangan" loaded.
INFO - 2021-11-14 00:39:24 --> Controller "App\Controllers\base\Beranda" loaded.
INFO - 2021-11-14 00:39:39 --> Session: Class initialized using 'CodeIgniter\Session\Handlers\FileHandler' driver.
INFO - 2021-11-14 00:39:39 --> Controller "App\Controllers\base\Order" loaded.
INFO - 2021-11-14 00:39:39 --> Controller "App\Controllers\base\Beranda" loaded.
INFO - 2021-11-14 00:39:44 --> Controller "App\Controllers\base\Beranda" loaded.
INFO - 2021-11-14 00:58:56 --> Session: Class initialized using 'CodeIgniter\Session\Handlers\FileHandler' driver.
INFO - 2021-11-14 00:58:56 --> Controller "App\Controllers\undangan\Undangan" loaded.
INFO - 2021-11-14 00:59:03 --> Session: Class initialized using 'CodeIgniter\Session\Handlers\FileHandler' driver.
INFO - 2021-11-14 00:59:03 --> Controller "App\Controllers\undangan\Undangan" loaded.
INFO - 2021-11-14 00:59:10 --> Session: Class initialized using 'CodeIgniter\Session\Handlers\FileHandler' driver.
INFO - 2021-11-14 00:59:10 --> Controller "App\Controllers\undangan\Undangan" loaded.
INFO - 2021-11-14 00:59:17 --> Session: Class initialized using 'CodeIgniter\Session\Handlers\FileHandler' driver.
INFO - 2021-11-14 00:59:17 --> Controller "App\Controllers\undangan\Undangan" loaded.
INFO - 2021-11-14 00:59:24 --> Session: Class initialized using 'CodeIgniter\Session\Handlers\FileHandler' driver.
INFO - 2021-11-14 00:59:24 --> Controller "App\Controllers\undangan\Undangan" loaded.
INFO - 2021-11-14 00:59:31 --> Session: Class initialized using 'CodeIgniter\Session\Handlers\FileHandler' driver.
INFO - 2021-11-14 00:59:31 --> Controller "App\Controllers\undangan\Undangan" loaded.
INFO - 2021-11-14 00:59:38 --> Session: Class initialized using 'CodeIgniter\Session\Handlers\FileHandler' driver.
INFO - 2021-11-14 00:59:38 --> Controller "App\Controllers\undangan\Undangan" loaded.
INFO - 2021-11-14 00:59:46 --> Session: Class initialized using 'CodeIgniter\Session\Handlers\FileHandler' driver.
INFO - 2021-11-14 00:59:46 --> Controller "App\Controllers\undangan\Undangan" loaded.
INFO - 2021-11-14 00:59:53 --> Session: Class initialized using 'CodeIgniter\Session\Handlers\FileHandler' driver.
INFO - 2021-11-14 00:59:53 --> Controller "App\Controllers\undangan\Undangan" loaded.
INFO - 2021-11-14 00:59:59 --> Session: Class initialized using 'CodeIgniter\Session\Handlers\FileHandler' driver.
INFO - 2021-11-14 00:59:59 --> Controller "App\Controllers\undangan\Undangan" loaded.
INFO - 2021-11-14 01:00:08 --> Session: Class initialized using 'CodeIgniter\Session\Handlers\FileHandler' driver.
INFO - 2021-11-14 01:00:08 --> Controller "App\Controllers\undangan\Undangan" loaded.
INFO - 2021-11-14 01:00:16 --> Session: Class initialized using 'CodeIgniter\Session\Handlers\FileHandler' driver.
INFO - 2021-11-14 01:00:16 --> Controller "App\Controllers\undangan\Undangan" loaded.
INFO - 2021-11-14 01:00:21 --> Session: Class initialized using 'CodeIgniter\Session\Handlers\FileHandler' driver.
INFO - 2021-11-14 01:00:21 --> Controller "App\Controllers\undangan\Undangan" loaded.
INFO - 2021-11-14 01:00:28 --> Session: Class initialized using 'CodeIgniter\Session\Handlers\FileHandler' driver.
INFO - 2021-11-14 01:00:28 --> Controller "App\Controllers\undangan\Undangan" loaded.
INFO - 2021-11-14 01:00:34 --> Session: Class initialized using 'CodeIgniter\Session\Handlers\FileHandler' driver.
INFO - 2021-11-14 01:00:34 --> Controller "App\Controllers\undangan\Undangan" loaded.
INFO - 2021-11-14 01:00:41 --> Session: Class initialized using 'CodeIgniter\Session\Handlers\FileHandler' driver.
INFO - 2021-11-14 01:00:41 --> Controller "App\Controllers\undangan\Undangan" loaded.
INFO - 2021-11-14 01:00:48 --> Session: Class initialized using 'CodeIgniter\Session\Handlers\FileHandler' driver.
INFO - 2021-11-14 01:00:48 --> Controller "App\Controllers\undangan\Undangan" loaded.
INFO - 2021-11-14 01:36:16 --> Controller "App\Controllers\base\Beranda" loaded.
INFO - 2021-11-14 02:21:01 --> Session: Class initialized using 'CodeIgniter\Session\Handlers\FileHandler' driver.
INFO - 2021-11-14 02:21:02 --> Session: Class initialized using 'CodeIgniter\Session\Handlers\FileHandler' driver.
INFO - 2021-11-14 02:21:02 --> Controller "App\Controllers\admin\Admin" loaded.
INFO - 2021-11-14 02:38:57 --> Controller "App\Controllers\base\Beranda" loaded.
INFO - 2021-11-14 03:30:18 --> Controller "App\Controllers\base\Beranda" loaded.
INFO - 2021-11-14 03:55:59 --> Controller "App\Controllers\base\Beranda" loaded.
INFO - 2021-11-14 04:04:44 --> Controller "App\Controllers\base\Beranda" loaded.
INFO - 2021-11-14 04:34:25 --> Session: Class initialized using 'CodeIgniter\Session\Handlers\FileHandler' driver.
INFO - 2021-11-14 04:34:25 --> Controller "App\Controllers\base\Order" loaded.
INFO - 2021-11-14 04:36:53 --> Session: Class initialized using 'CodeIgniter\Session\Handlers\FileHandler' driver.
INFO - 2021-11-14 04:36:53 --> Controller "App\Controllers\base\Order" loaded.
INFO - 2021-11-14 04:36:54 --> Controller "App\Controllers\base\Beranda" loaded.
INFO - 2021-11-14 04:48:59 --> Controller "App\Controllers\base\Beranda" loaded.
INFO - 2021-11-14 05:18:27 --> Controller "App\Controllers\base\Beranda" loaded.
INFO - 2021-11-14 05:19:16 --> Controller "App\Controllers\base\Beranda" loaded.
INFO - 2021-11-14 05:37:30 --> Controller "App\Controllers\base\Beranda" loaded.
INFO - 2021-11-14 06:19:12 --> Controller "App\Controllers\base\Beranda" loaded.
INFO - 2021-11-14 06:34:54 --> Session: Class initialized using 'CodeIgniter\Session\Handlers\FileHandler' driver.
INFO - 2021-11-14 06:34:54 --> Controller "App\Controllers\admin\Admin" loaded.
INFO - 2021-11-14 06:34:55 --> Session: Class initialized using 'CodeIgniter\Session\Handlers\FileHandler' driver.
INFO - 2021-11-14 06:34:55 --> Controller "App\Controllers\admin\Admin" loaded.
INFO - 2021-11-14 06:40:40 --> Controller "App\Controllers\base\Beranda" loaded.
INFO - 2021-11-14 06:43:51 --> Controller "App\Controllers\base\Beranda" loaded.
INFO - 2021-11-14 06:43:52 --> Session: Class initialized using 'CodeIgniter\Session\Handlers\FileHandler' driver.
INFO - 2021-11-14 06:43:52 --> Controller "App\Controllers\base\Order" loaded.
INFO - 2021-11-14 06:43:55 --> Controller "App\Controllers\base\Beranda" loaded.
INFO - 2021-11-14 06:43:58 --> Session: Class initialized using 'CodeIgniter\Session\Handlers\FileHandler' driver.
INFO - 2021-11-14 06:43:58 --> Controller "App\Controllers\base\Order" loaded.
INFO - 2021-11-14 06:44:00 --> Controller "App\Controllers\base\Beranda" loaded.
INFO - 2021-11-14 07:00:03 --> Controller "App\Controllers\base\Beranda" loaded.
INFO - 2021-11-14 07:10:02 --> Controller "App\Controllers\base\Beranda" loaded.
INFO - 2021-11-14 07:20:02 --> Controller "App\Controllers\base\Beranda" loaded.
INFO - 2021-11-14 07:30:02 --> Controller "App\Controllers\base\Beranda" loaded.
INFO - 2021-11-14 07:40:02 --> Controller "App\Controllers\base\Beranda" loaded.
INFO - 2021-11-14 07:50:02 --> Controller "App\Controllers\base\Beranda" loaded.
INFO - 2021-11-14 07:56:35 --> Session: Class initialized using 'CodeIgniter\Session\Handlers\FileHandler' driver.
INFO - 2021-11-14 07:56:35 --> Controller "App\Controllers\undangan\Undangan" loaded.
INFO - 2021-11-14 08:00:02 --> Controller "App\Controllers\base\Beranda" loaded.
INFO - 2021-11-14 08:10:02 --> Controller "App\Controllers\base\Beranda" loaded.
INFO - 2021-11-14 08:11:08 --> Session: Class initialized using 'CodeIgniter\Session\Handlers\FileHandler' driver.
INFO - 2021-11-14 08:11:08 --> Controller "App\Controllers\base\Dashboard" loaded.
INFO - 2021-11-14 08:13:55 --> Controller "App\Controllers\base\Beranda" loaded.
INFO - 2021-11-14 08:20:02 --> Controller "App\Controllers\base\Beranda" loaded.
INFO - 2021-11-14 08:25:58 --> Controller "App\Controllers\base\Beranda" loaded.
INFO - 2021-11-14 08:30:02 --> Controller "App\Controllers\base\Beranda" loaded.
INFO - 2021-11-14 08:40:03 --> Controller "App\Controllers\base\Beranda" loaded.
INFO - 2021-11-14 08:50:03 --> Controller "App\Controllers\base\Beranda" loaded.
INFO - 2021-11-14 09:00:03 --> Controller "App\Controllers\base\Beranda" loaded.
INFO - 2021-11-14 09:10:02 --> Controller "App\Controllers\base\Beranda" loaded.
INFO - 2021-11-14 09:20:03 --> Controller "App\Controllers\base\Beranda" loaded.
INFO - 2021-11-14 09:30:02 --> Controller "App\Controllers\base\Beranda" loaded.
INFO - 2021-11-14 09:33:34 --> Controller "App\Controllers\base\Beranda" loaded.
INFO - 2021-11-14 09:40:02 --> Controller "App\Controllers\base\Beranda" loaded.
INFO - 2021-11-14 09:50:03 --> Controller "App\Controllers\base\Beranda" loaded.
INFO - 2021-11-14 09:57:33 --> Controller "App\Controllers\base\Beranda" loaded.
INFO - 2021-11-14 10:00:02 --> Controller "App\Controllers\base\Beranda" loaded.
INFO - 2021-11-14 10:09:02 --> Session: Class initialized using 'CodeIgniter\Session\Handlers\FileHandler' driver.
INFO - 2021-11-14 10:09:05 --> Session: Class initialized using 'CodeIgniter\Session\Handlers\FileHandler' driver.
INFO - 2021-11-14 10:09:05 --> Controller "App\Controllers\admin\Admin" loaded.
INFO - 2021-11-14 10:10:02 --> Controller "App\Controllers\base\Beranda" loaded.
INFO - 2021-11-14 10:15:47 --> Controller "App\Controllers\base\Beranda" loaded.
INFO - 2021-11-14 10:20:02 --> Controller "App\Controllers\base\Beranda" loaded.
INFO - 2021-11-14 10:30:02 --> Controller "App\Controllers\base\Beranda" loaded.
INFO - 2021-11-14 10:33:04 --> Controller "App\Controllers\base\Beranda" loaded.
INFO - 2021-11-14 10:40:02 --> Controller "App\Controllers\base\Beranda" loaded.
INFO - 2021-11-14 10:50:03 --> Controller "App\Controllers\base\Beranda" loaded.
INFO - 2021-11-14 11:00:03 --> Controller "App\Controllers\base\Beranda" loaded.
INFO - 2021-11-14 11:10:03 --> Controller "App\Controllers\base\Beranda" loaded.
INFO - 2021-11-14 11:18:12 --> Session: Class initialized using 'CodeIgniter\Session\Handlers\FileHandler' driver.
INFO - 2021-11-14 11:18:12 --> Controller "App\Controllers\bukutamu\Bukutamu" loaded.
INFO - 2021-11-14 11:20:02 --> Controller "App\Controllers\base\Beranda" loaded.
INFO - 2021-11-14 11:29:06 --> Controller "App\Controllers\base\Beranda" loaded.
INFO - 2021-11-14 11:29:06 --> Controller "App\Controllers\base\Beranda" loaded.
INFO - 2021-11-14 11:30:03 --> Controller "App\Controllers\base\Beranda" loaded.
INFO - 2021-11-14 11:34:06 --> Controller "App\Controllers\base\Beranda" loaded.
INFO - 2021-11-14 11:34:06 --> Controller "App\Controllers\base\Beranda" loaded.
INFO - 2021-11-14 11:40:02 --> Controller "App\Controllers\base\Beranda" loaded.
INFO - 2021-11-14 11:46:21 --> Controller "App\Controllers\base\Beranda" loaded.
INFO - 2021-11-14 11:50:03 --> Controller "App\Controllers\base\Beranda" loaded.
INFO - 2021-11-14 11:51:28 --> Controller "App\Controllers\base\Beranda" loaded.
INFO - 2021-11-14 11:51:28 --> Controller "App\Controllers\base\Beranda" loaded.
INFO - 2021-11-14 11:51:29 --> Controller "App\Controllers\base\Beranda" loaded.
INFO - 2021-11-14 11:51:29 --> Controller "App\Controllers\base\Beranda" loaded.
INFO - 2021-11-14 11:51:29 --> Controller "App\Controllers\base\Beranda" loaded.
INFO - 2021-11-14 11:51:29 --> Controller "App\Controllers\base\Beranda" loaded.
INFO - 2021-11-14 11:51:30 --> Controller "App\Controllers\base\Beranda" loaded.
INFO - 2021-11-14 11:51:30 --> Controller "App\Controllers\base\Beranda" loaded.
INFO - 2021-11-14 11:51:30 --> Controller "App\Controllers\base\Beranda" loaded.
INFO - 2021-11-14 11:51:30 --> Controller "App\Controllers\base\Beranda" loaded.
INFO - 2021-11-14 11:51:31 --> Controller "App\Controllers\base\Beranda" loaded.
INFO - 2021-11-14 11:51:31 --> Controller "App\Controllers\base\Beranda" loaded.
INFO - 2021-11-14 11:51:31 --> Controller "App\Controllers\base\Beranda" loaded.
INFO - 2021-11-14 11:51:31 --> Controller "App\Controllers\base\Beranda" loaded.
INFO - 2021-11-14 11:51:32 --> Controller "App\Controllers\base\Beranda" loaded.
INFO - 2021-11-14 11:51:32 --> Controller "App\Controllers\base\Beranda" loaded.
INFO - 2021-11-14 11:51:33 --> Controller "App\Controllers\base\Beranda" loaded.
INFO - 2021-11-14 11:51:34 --> Controller "App\Controllers\base\Beranda" loaded.
INFO - 2021-11-14 11:51:34 --> Controller "App\Controllers\base\Beranda" loaded.
INFO - 2021-11-14 11:51:34 --> Controller "App\Controllers\base\Beranda" loaded.
INFO - 2021-11-14 12:00:02 --> Controller "App\Controllers\base\Beranda" loaded.
INFO - 2021-11-14 12:05:52 --> Session: Class initialized using 'CodeIgniter\Session\Handlers\FileHandler' driver.
INFO - 2021-11-14 12:05:52 --> Session: Class initialized using 'CodeIgniter\Session\Handlers\FileHandler' driver.
INFO - 2021-11-14 12:05:52 --> Controller "App\Controllers\admin\Admin" loaded.
INFO - 2021-11-14 12:10:02 --> Controller "App\Controllers\base\Beranda" loaded.
INFO - 2021-11-14 12:20:03 --> Controller "App\Controllers\base\Beranda" loaded.
INFO - 2021-11-14 12:30:02 --> Controller "App\Controllers\base\Beranda" loaded.
INFO - 2021-11-14 12:40:02 --> Controller "App\Controllers\base\Beranda" loaded.
INFO - 2021-11-14 12:50:02 --> Controller "App\Controllers\base\Beranda" loaded.
INFO - 2021-11-14 13:00:02 --> Controller "App\Controllers\base\Beranda" loaded.
INFO - 2021-11-14 13:10:02 --> Controller "App\Controllers\base\Beranda" loaded.
INFO - 2021-11-14 13:20:02 --> Controller "App\Controllers\base\Beranda" loaded.
INFO - 2021-11-14 13:24:15 --> Controller "App\Controllers\base\Beranda" loaded.
INFO - 2021-11-14 13:30:02 --> Controller "App\Controllers\base\Beranda" loaded.
INFO - 2021-11-14 13:40:03 --> Controller "App\Controllers\base\Beranda" loaded.
INFO - 2021-11-14 13:47:25 --> Controller "App\Controllers\base\Beranda" loaded.
INFO - 2021-11-14 13:48:08 --> Controller "App\Controllers\base\Beranda" loaded.
INFO - 2021-11-14 13:50:02 --> Controller "App\Controllers\base\Beranda" loaded.
INFO - 2021-11-14 14:00:02 --> Controller "App\Controllers\base\Beranda" loaded.
INFO - 2021-11-14 14:10:02 --> Controller "App\Controllers\base\Beranda" loaded.
INFO - 2021-11-14 14:20:03 --> Controller "App\Controllers\base\Beranda" loaded.
INFO - 2021-11-14 14:20:41 --> Controller "App\Controllers\base\Beranda" loaded.
INFO - 2021-11-14 14:27:02 --> Session: Class initialized using 'CodeIgniter\Session\Handlers\FileHandler' driver.
INFO - 2021-11-14 14:27:02 --> Controller "App\Controllers\base\Order" loaded.
INFO - 2021-11-14 14:29:22 --> Controller "App\Controllers\base\Beranda" loaded.
INFO - 2021-11-14 14:30:02 --> Controller "App\Controllers\base\Beranda" loaded.
INFO - 2021-11-14 14:32:59 --> Controller "App\Controllers\base\Beranda" loaded.
INFO - 2021-11-14 14:35:06 --> Controller "App\Controllers\base\Beranda" loaded.
INFO - 2021-11-14 14:35:20 --> Controller "App\Controllers\base\Beranda" loaded.
INFO - 2021-11-14 14:36:12 --> Controller "App\Controllers\base\Beranda" loaded.
INFO - 2021-11-14 14:36:23 --> Controller "App\Controllers\base\Beranda" loaded.
INFO - 2021-11-14 14:37:00 --> Controller "App\Controllers\base\Beranda" loaded.
INFO - 2021-11-14 14:40:02 --> Controller "App\Controllers\base\Beranda" loaded.
INFO - 2021-11-14 14:41:16 --> Controller "App\Controllers\base\Beranda" loaded.
INFO - 2021-11-14 14:41:39 --> Controller "App\Controllers\base\Beranda" loaded.
INFO - 2021-11-14 14:50:02 --> Controller "App\Controllers\base\Beranda" loaded.
INFO - 2021-11-14 15:00:02 --> Controller "App\Controllers\base\Beranda" loaded.
INFO - 2021-11-14 15:10:02 --> Controller "App\Controllers\base\Beranda" loaded.
INFO - 2021-11-14 15:20:03 --> Controller "App\Controllers\base\Beranda" loaded.
INFO - 2021-11-14 15:26:02 --> Controller "App\Controllers\base\Beranda" loaded.
INFO - 2021-11-14 15:26:02 --> Controller "App\Controllers\base\Beranda" loaded.
INFO - 2021-11-14 15:26:03 --> Controller "App\Controllers\base\Beranda" loaded.
INFO - 2021-11-14 15:26:04 --> Controller "App\Controllers\base\Beranda" loaded.
INFO - 2021-11-14 15:26:04 --> Controller "App\Controllers\base\Beranda" loaded.
INFO - 2021-11-14 15:26:04 --> Controller "App\Controllers\base\Beranda" loaded.
INFO - 2021-11-14 15:26:05 --> Controller "App\Controllers\base\Beranda" loaded.
INFO - 2021-11-14 15:26:05 --> Controller "App\Controllers\base\Beranda" loaded.
INFO - 2021-11-14 15:26:05 --> Controller "App\Controllers\base\Beranda" loaded.
INFO - 2021-11-14 15:26:06 --> Controller "App\Controllers\base\Beranda" loaded.
INFO - 2021-11-14 15:26:06 --> Controller "App\Controllers\base\Beranda" loaded.
INFO - 2021-11-14 15:26:06 --> Controller "App\Controllers\base\Beranda" loaded.
INFO - 2021-11-14 15:26:06 --> Controller "App\Controllers\base\Beranda" loaded.
INFO - 2021-11-14 15:26:06 --> Controller "App\Controllers\base\Beranda" loaded.
INFO - 2021-11-14 15:26:07 --> Controller "App\Controllers\base\Beranda" loaded.
INFO - 2021-11-14 15:26:07 --> Controller "App\Controllers\base\Beranda" loaded.
INFO - 2021-11-14 15:26:07 --> Controller "App\Controllers\base\Beranda" loaded.
INFO - 2021-11-14 15:26:07 --> Controller "App\Controllers\base\Beranda" loaded.
INFO - 2021-11-14 15:26:07 --> Controller "App\Controllers\base\Beranda" loaded.
INFO - 2021-11-14 15:26:08 --> Controller "App\Controllers\base\Beranda" loaded.
INFO - 2021-11-14 15:30:02 --> Controller "App\Controllers\base\Beranda" loaded.
INFO - 2021-11-14 15:34:36 --> Controller "App\Controllers\base\Beranda" loaded.
INFO - 2021-11-14 15:34:37 --> Controller "App\Controllers\base\Beranda" loaded.
INFO - 2021-11-14 15:34:37 --> Controller "App\Controllers\base\Beranda" loaded.
INFO - 2021-11-14 15:34:37 --> Controller "App\Controllers\base\Beranda" loaded.
INFO - 2021-11-14 15:34:37 --> Controller "App\Controllers\base\Beranda" loaded.
INFO - 2021-11-14 15:34:37 --> Controller "App\Controllers\base\Beranda" loaded.
INFO - 2021-11-14 15:34:38 --> Controller "App\Controllers\base\Beranda" loaded.
INFO - 2021-11-14 15:34:38 --> Controller "App\Controllers\base\Beranda" loaded.
INFO - 2021-11-14 15:34:38 --> Controller "App\Controllers\base\Beranda" loaded.
INFO - 2021-11-14 15:34:38 --> Controller "App\Controllers\base\Beranda" loaded.
INFO - 2021-11-14 15:34:39 --> Controller "App\Controllers\base\Beranda" loaded.
INFO - 2021-11-14 15:34:39 --> Controller "App\Controllers\base\Beranda" loaded.
INFO - 2021-11-14 15:34:39 --> Controller "App\Controllers\base\Beranda" loaded.
INFO - 2021-11-14 15:34:39 --> Controller "App\Controllers\base\Beranda" loaded.
INFO - 2021-11-14 15:34:40 --> Controller "App\Controllers\base\Beranda" loaded.
INFO - 2021-11-14 15:34:40 --> Controller "App\Controllers\base\Beranda" loaded.
INFO - 2021-11-14 15:34:40 --> Controller "App\Controllers\base\Beranda" loaded.
INFO - 2021-11-14 15:34:40 --> Controller "App\Controllers\base\Beranda" loaded.
INFO - 2021-11-14 15:34:41 --> Controller "App\Controllers\base\Beranda" loaded.
INFO - 2021-11-14 15:34:41 --> Controller "App\Controllers\base\Beranda" loaded.
INFO - 2021-11-14 15:40:02 --> Controller "App\Controllers\base\Beranda" loaded.
INFO - 2021-11-14 15:50:02 --> Controller "App\Controllers\base\Beranda" loaded.
INFO - 2021-11-14 15:56:50 --> Controller "App\Controllers\base\Beranda" loaded.
INFO - 2021-11-14 15:57:09 --> Controller "App\Controllers\base\Beranda" loaded.
INFO - 2021-11-14 15:57:19 --> Controller "App\Controllers\base\Beranda" loaded.
INFO - 2021-11-14 15:57:26 --> Controller "App\Controllers\base\Beranda" loaded.
INFO - 2021-11-14 16:00:03 --> Controller "App\Controllers\base\Beranda" loaded.
INFO - 2021-11-14 16:10:02 --> Controller "App\Controllers\base\Beranda" loaded.
INFO - 2021-11-14 16:20:03 --> Controller "App\Controllers\base\Beranda" loaded.
INFO - 2021-11-14 16:24:22 --> Controller "App\Controllers\base\Beranda" loaded.
INFO - 2021-11-14 16:24:29 --> Controller "App\Controllers\base\Beranda" loaded.
INFO - 2021-11-14 16:24:34 --> Controller "App\Controllers\base\Beranda" loaded.
INFO - 2021-11-14 16:24:40 --> Controller "App\Controllers\base\Beranda" loaded.
INFO - 2021-11-14 16:24:47 --> Controller "App\Controllers\base\Beranda" loaded.
INFO - 2021-11-14 16:24:52 --> Controller "App\Controllers\base\Beranda" loaded.
INFO - 2021-11-14 16:24:57 --> Controller "App\Controllers\base\Beranda" loaded.
INFO - 2021-11-14 16:25:03 --> Controller "App\Controllers\base\Beranda" loaded.
INFO - 2021-11-14 16:25:08 --> Controller "App\Controllers\base\Beranda" loaded.
INFO - 2021-11-14 16:25:12 --> Controller "App\Controllers\base\Beranda" loaded.
INFO - 2021-11-14 16:25:18 --> Controller "App\Controllers\base\Beranda" loaded.
INFO - 2021-11-14 16:25:23 --> Controller "App\Controllers\base\Beranda" loaded.
INFO - 2021-11-14 16:25:28 --> Controller "App\Controllers\base\Beranda" loaded.
INFO - 2021-11-14 16:25:33 --> Controller "App\Controllers\base\Beranda" loaded.
INFO - 2021-11-14 16:25:38 --> Controller "App\Controllers\base\Beranda" loaded.
INFO - 2021-11-14 16:25:43 --> Controller "App\Controllers\base\Beranda" loaded.
INFO - 2021-11-14 16:25:48 --> Controller "App\Controllers\base\Beranda" loaded.
INFO - 2021-11-14 16:25:52 --> Controller "App\Controllers\base\Beranda" loaded.
INFO - 2021-11-14 16:30:03 --> Controller "App\Controllers\base\Beranda" loaded.
INFO - 2021-11-14 16:40:02 --> Controller "App\Controllers\base\Beranda" loaded.
INFO - 2021-11-14 16:50:03 --> Controller "App\Controllers\base\Beranda" loaded.
INFO - 2021-11-14 16:51:40 --> Controller "App\Controllers\base\Beranda" loaded.
INFO - 2021-11-14 16:51:41 --> Session: Class initialized using 'CodeIgniter\Session\Handlers\FileHandler' driver.
INFO - 2021-11-14 16:51:41 --> Controller "App\Controllers\bukutamu\Bukutamu" loaded.
INFO - 2021-11-14 16:51:41 --> Controller "App\Controllers\base\Beranda" loaded.
INFO - 2021-11-14 16:51:41 --> Session: Class initialized using 'CodeIgniter\Session\Handlers\FileHandler' driver.
INFO - 2021-11-14 16:51:41 --> Controller "App\Controllers\bukutamu\Bukutamu" loaded.
INFO - 2021-11-14 16:51:42 --> Session: Class initialized using 'CodeIgniter\Session\Handlers\FileHandler' driver.
INFO - 2021-11-14 16:51:42 --> Controller "App\Controllers\bukutamu\Bukutamu" loaded.
INFO - 2021-11-14 16:51:42 --> Controller "App\Controllers\base\Beranda" loaded.
INFO - 2021-11-14 17:00:03 --> Controller "App\Controllers\base\Beranda" loaded.
INFO - 2021-11-14 17:07:51 --> Controller "App\Controllers\base\Beranda" loaded.
INFO - 2021-11-14 17:07:53 --> Session: Class initialized using 'CodeIgniter\Session\Handlers\FileHandler' driver.
INFO - 2021-11-14 17:07:53 --> Controller "App\Controllers\undangan\Undangan" loaded.
INFO - 2021-11-14 17:07:58 --> Session: Class initialized using 'CodeIgniter\Session\Handlers\FileHandler' driver.
INFO - 2021-11-14 17:07:58 --> Controller "App\Controllers\bukutamu\Bukutamu" loaded.
INFO - 2021-11-14 17:08:16 --> Controller "App\Controllers\base\Beranda" loaded.
INFO - 2021-11-14 17:08:38 --> Controller "App\Controllers\base\Beranda" loaded.
INFO - 2021-11-14 17:08:38 --> Controller "App\Controllers\base\Beranda" loaded.
INFO - 2021-11-14 17:08:38 --> Controller "App\Controllers\base\Beranda" loaded.
INFO - 2021-11-14 17:10:03 --> Controller "App\Controllers\base\Beranda" loaded.
INFO - 2021-11-14 17:10:11 --> Session: Class initialized using 'CodeIgniter\Session\Handlers\FileHandler' driver.
INFO - 2021-11-14 17:10:11 --> Controller "App\Controllers\bukutamu\Bukutamu" loaded.
INFO - 2021-11-14 17:20:02 --> Controller "App\Controllers\base\Beranda" loaded.
INFO - 2021-11-14 17:30:03 --> Controller "App\Controllers\base\Beranda" loaded.
INFO - 2021-11-14 17:35:43 --> Controller "App\Controllers\base\Beranda" loaded.
INFO - 2021-11-14 17:40:03 --> Controller "App\Controllers\base\Beranda" loaded.
INFO - 2021-11-14 17:50:02 --> Controller "App\Controllers\base\Beranda" loaded.
INFO - 2021-11-14 18:00:03 --> Controller "App\Controllers\base\Beranda" loaded.
INFO - 2021-11-14 18:10:03 --> Controller "App\Controllers\base\Beranda" loaded.
INFO - 2021-11-14 18:20:02 --> Controller "App\Controllers\base\Beranda" loaded.
INFO - 2021-11-14 18:30:02 --> Controller "App\Controllers\base\Beranda" loaded.
INFO - 2021-11-14 18:36:42 --> Controller "App\Controllers\base\Beranda" loaded.
INFO - 2021-11-14 18:36:42 --> Controller "App\Controllers\base\Beranda" loaded.
INFO - 2021-11-14 18:40:02 --> Controller "App\Controllers\base\Beranda" loaded.
INFO - 2021-11-14 18:46:11 --> Controller "App\Controllers\base\Beranda" loaded.
INFO - 2021-11-14 18:46:12 --> Controller "App\Controllers\base\Beranda" loaded.
INFO - 2021-11-14 18:46:14 --> Controller "App\Controllers\base\Beranda" loaded.
INFO - 2021-11-14 18:50:02 --> Controller "App\Controllers\base\Beranda" loaded.
INFO - 2021-11-14 19:00:02 --> Controller "App\Controllers\base\Beranda" loaded.
INFO - 2021-11-14 19:10:02 --> Controller "App\Controllers\base\Beranda" loaded.
INFO - 2021-11-14 19:17:40 --> Controller "App\Controllers\base\Beranda" loaded.
INFO - 2021-11-14 19:19:30 --> Controller "App\Controllers\base\Beranda" loaded.
INFO - 2021-11-14 19:20:03 --> Controller "App\Controllers\base\Beranda" loaded.
INFO - 2021-11-14 19:21:04 --> Controller "App\Controllers\base\Beranda" loaded.
INFO - 2021-11-14 19:25:12 --> Session: Class initialized using 'CodeIgniter\Session\Handlers\FileHandler' driver.
INFO - 2021-11-14 19:25:12 --> Controller "App\Controllers\undangan\Undangan" loaded.
INFO - 2021-11-14 19:30:03 --> Controller "App\Controllers\base\Beranda" loaded.
INFO - 2021-11-14 19:40:03 --> Controller "App\Controllers\base\Beranda" loaded.
INFO - 2021-11-14 19:50:02 --> Controller "App\Controllers\base\Beranda" loaded.
INFO - 2021-11-14 20:00:03 --> Controller "App\Controllers\base\Beranda" loaded.
INFO - 2021-11-14 20:10:02 --> Controller "App\Controllers\base\Beranda" loaded.
INFO - 2021-11-14 20:20:02 --> Controller "App\Controllers\base\Beranda" loaded.
INFO - 2021-11-14 20:30:02 --> Controller "App\Controllers\base\Beranda" loaded.
INFO - 2021-11-14 20:40:03 --> Controller "App\Controllers\base\Beranda" loaded.
INFO - 2021-11-14 20:50:03 --> Controller "App\Controllers\base\Beranda" loaded.
INFO - 2021-11-14 21:00:03 --> Controller "App\Controllers\base\Beranda" loaded.
INFO - 2021-11-14 21:01:23 --> Controller "App\Controllers\base\Beranda" loaded.
INFO - 2021-11-14 21:10:02 --> Controller "App\Controllers\base\Beranda" loaded.
INFO - 2021-11-14 21:20:03 --> Controller "App\Controllers\base\Beranda" loaded.
INFO - 2021-11-14 21:30:03 --> Controller "App\Controllers\base\Beranda" loaded.
INFO - 2021-11-14 21:40:02 --> Controller "App\Controllers\base\Beranda" loaded.
INFO - 2021-11-14 21:50:02 --> Controller "App\Controllers\base\Beranda" loaded.
INFO - 2021-11-14 21:59:57 --> Controller "App\Controllers\base\Beranda" loaded.
INFO - 2021-11-14 21:59:58 --> Controller "App\Controllers\base\Beranda" loaded.
INFO - 2021-11-14 21:59:58 --> Controller "App\Controllers\base\Beranda" loaded.
INFO - 2021-11-14 21:59:59 --> Controller "App\Controllers\base\Beranda" loaded.
INFO - 2021-11-14 21:59:59 --> Controller "App\Controllers\base\Beranda" loaded.
INFO - 2021-11-14 22:00:00 --> Controller "App\Controllers\base\Beranda" loaded.
INFO - 2021-11-14 22:00:00 --> Controller "App\Controllers\base\Beranda" loaded.
INFO - 2021-11-14 22:00:01 --> Controller "App\Controllers\base\Beranda" loaded.
INFO - 2021-11-14 22:00:01 --> Controller "App\Controllers\base\Beranda" loaded.
INFO - 2021-11-14 22:00:01 --> Controller "App\Controllers\base\Beranda" loaded.
INFO - 2021-11-14 22:00:02 --> Controller "App\Controllers\base\Beranda" loaded.
INFO - 2021-11-14 22:00:02 --> Controller "App\Controllers\base\Beranda" loaded.
INFO - 2021-11-14 22:00:03 --> Controller "App\Controllers\base\Beranda" loaded.
INFO - 2021-11-14 22:00:03 --> Controller "App\Controllers\base\Beranda" loaded.
INFO - 2021-11-14 22:00:04 --> Controller "App\Controllers\base\Beranda" loaded.
INFO - 2021-11-14 22:00:04 --> Controller "App\Controllers\base\Beranda" loaded.
INFO - 2021-11-14 22:00:05 --> Controller "App\Controllers\base\Beranda" loaded.
INFO - 2021-11-14 22:00:05 --> Controller "App\Controllers\base\Beranda" loaded.
INFO - 2021-11-14 22:00:05 --> Controller "App\Controllers\base\Beranda" loaded.
INFO - 2021-11-14 22:00:05 --> Controller "App\Controllers\base\Beranda" loaded.
INFO - 2021-11-14 22:00:06 --> Controller "App\Controllers\base\Beranda" loaded.
INFO - 2021-11-14 22:10:02 --> Controller "App\Controllers\base\Beranda" loaded.
INFO - 2021-11-14 22:14:08 --> Session: Class initialized using 'CodeIgniter\Session\Handlers\FileHandler' driver.
INFO - 2021-11-14 22:14:08 --> Controller "App\Controllers\undangan\Undangan" loaded.
INFO - 2021-11-14 22:14:08 --> Session: Class initialized using 'CodeIgniter\Session\Handlers\FileHandler' driver.
INFO - 2021-11-14 22:14:08 --> Controller "App\Controllers\undangan\Undangan" loaded.
INFO - 2021-11-14 22:14:09 --> Session: Class initialized using 'CodeIgniter\Session\Handlers\FileHandler' driver.
INFO - 2021-11-14 22:14:09 --> Controller "App\Controllers\undangan\Undangan" loaded.
INFO - 2021-11-14 22:14:10 --> Session: Class initialized using 'CodeIgniter\Session\Handlers\FileHandler' driver.
INFO - 2021-11-14 22:14:10 --> Controller "App\Controllers\undangan\Undangan" loaded.
INFO - 2021-11-14 22:14:10 --> Session: Class initialized using 'CodeIgniter\Session\Handlers\FileHandler' driver.
INFO - 2021-11-14 22:14:10 --> Controller "App\Controllers\undangan\Undangan" loaded.
INFO - 2021-11-14 22:14:10 --> Session: Class initialized using 'CodeIgniter\Session\Handlers\FileHandler' driver.
INFO - 2021-11-14 22:14:10 --> Controller "App\Controllers\undangan\Undangan" loaded.
INFO - 2021-11-14 22:14:10 --> Session: Class initialized using 'CodeIgniter\Session\Handlers\FileHandler' driver.
INFO - 2021-11-14 22:14:10 --> Controller "App\Controllers\undangan\Undangan" loaded.
INFO - 2021-11-14 22:14:11 --> Session: Class initialized using 'CodeIgniter\Session\Handlers\FileHandler' driver.
INFO - 2021-11-14 22:14:11 --> Controller "App\Controllers\undangan\Undangan" loaded.
INFO - 2021-11-14 22:14:11 --> Session: Class initialized using 'CodeIgniter\Session\Handlers\FileHandler' driver.
INFO - 2021-11-14 22:14:11 --> Controller "App\Controllers\undangan\Undangan" loaded.
INFO - 2021-11-14 22:14:11 --> Session: Class initialized using 'CodeIgniter\Session\Handlers\FileHandler' driver.
INFO - 2021-11-14 22:14:11 --> Controller "App\Controllers\undangan\Undangan" loaded.
INFO - 2021-11-14 22:14:11 --> Session: Class initialized using 'CodeIgniter\Session\Handlers\FileHandler' driver.
INFO - 2021-11-14 22:14:11 --> Controller "App\Controllers\undangan\Undangan" loaded.
INFO - 2021-11-14 22:14:12 --> Session: Class initialized using 'CodeIgniter\Session\Handlers\FileHandler' driver.
INFO - 2021-11-14 22:14:12 --> Controller "App\Controllers\undangan\Undangan" loaded.
INFO - 2021-11-14 22:14:12 --> Session: Class initialized using 'CodeIgniter\Session\Handlers\FileHandler' driver.
INFO - 2021-11-14 22:14:12 --> Controller "App\Controllers\undangan\Undangan" loaded.
INFO - 2021-11-14 22:14:12 --> Session: Class initialized using 'CodeIgniter\Session\Handlers\FileHandler' driver.
INFO - 2021-11-14 22:14:12 --> Controller "App\Controllers\undangan\Undangan" loaded.
INFO - 2021-11-14 22:14:12 --> Session: Class initialized using 'CodeIgniter\Session\Handlers\FileHandler' driver.
INFO - 2021-11-14 22:14:12 --> Controller "App\Controllers\undangan\Undangan" loaded.
INFO - 2021-11-14 22:14:13 --> Session: Class initialized using 'CodeIgniter\Session\Handlers\FileHandler' driver.
INFO - 2021-11-14 22:14:13 --> Controller "App\Controllers\undangan\Undangan" loaded.
INFO - 2021-11-14 22:14:13 --> Session: Class initialized using 'CodeIgniter\Session\Handlers\FileHandler' driver.
INFO - 2021-11-14 22:14:13 --> Controller "App\Controllers\undangan\Undangan" loaded.
INFO - 2021-11-14 22:14:14 --> Session: Class initialized using 'CodeIgniter\Session\Handlers\FileHandler' driver.
INFO - 2021-11-14 22:14:14 --> Controller "App\Controllers\undangan\Undangan" loaded.
INFO - 2021-11-14 22:14:14 --> Session: Class initialized using 'CodeIgniter\Session\Handlers\FileHandler' driver.
INFO - 2021-11-14 22:14:14 --> Controller "App\Controllers\undangan\Undangan" loaded.
INFO - 2021-11-14 22:14:14 --> Session: Class initialized using 'CodeIgniter\Session\Handlers\FileHandler' driver.
INFO - 2021-11-14 22:14:14 --> Controller "App\Controllers\undangan\Undangan" loaded.
INFO - 2021-11-14 22:20:03 --> Controller "App\Controllers\base\Beranda" loaded.
INFO - 2021-11-14 22:22:20 --> Controller "App\Controllers\base\Beranda" loaded.
INFO - 2021-11-14 22:28:20 --> Session: Class initialized using 'CodeIgniter\Session\Handlers\FileHandler' driver.
INFO - 2021-11-14 22:28:20 --> Controller "App\Controllers\admin\Admin" loaded.
INFO - 2021-11-14 22:28:21 --> Session: Class initialized using 'CodeIgniter\Session\Handlers\FileHandler' driver.
INFO - 2021-11-14 22:28:21 --> Controller "App\Controllers\admin\Admin" loaded.
INFO - 2021-11-14 22:30:02 --> Controller "App\Controllers\base\Beranda" loaded.
INFO - 2021-11-14 22:40:03 --> Controller "App\Controllers\base\Beranda" loaded.
INFO - 2021-11-14 22:48:15 --> Controller "App\Controllers\base\Beranda" loaded.
INFO - 2021-11-14 22:50:02 --> Controller "App\Controllers\base\Beranda" loaded.
INFO - 2021-11-14 22:53:35 --> Controller "App\Controllers\base\Beranda" loaded.
INFO - 2021-11-14 22:53:35 --> Controller "App\Controllers\base\Beranda" loaded.
INFO - 2021-11-14 23:27:18 --> Controller "App\Controllers\base\Beranda" loaded.
INFO - 2021-11-14 23:32:03 --> Session: Class initialized using 'CodeIgniter\Session\Handlers\FileHandler' driver.
INFO - 2021-11-14 23:32:03 --> Controller "App\Controllers\bukutamu\Bukutamu" loaded.
INFO - 2021-11-14 23:32:05 --> Session: Class initialized using 'CodeIgniter\Session\Handlers\FileHandler' driver.
INFO - 2021-11-14 23:32:05 --> Controller "App\Controllers\bukutamu\Bukutamu" loaded.
INFO - 2021-11-14 23:32:06 --> Session: Class initialized using 'CodeIgniter\Session\Handlers\FileHandler' driver.
INFO - 2021-11-14 23:32:06 --> Controller "App\Controllers\bukutamu\Bukutamu" loaded.
INFO - 2021-11-14 23:32:09 --> Session: Class initialized using 'CodeIgniter\Session\Handlers\FileHandler' driver.
INFO - 2021-11-14 23:32:09 --> Controller "App\Controllers\bukutamu\Bukutamu" loaded.
INFO - 2021-11-14 23:32:11 --> Session: Class initialized using 'CodeIgniter\Session\Handlers\FileHandler' driver.
INFO - 2021-11-14 23:32:11 --> Controller "App\Controllers\bukutamu\Bukutamu" loaded.
INFO - 2021-11-14 23:32:13 --> Session: Class initialized using 'CodeIgniter\Session\Handlers\FileHandler' driver.
INFO - 2021-11-14 23:32:13 --> Controller "App\Controllers\bukutamu\Bukutamu" loaded.
INFO - 2021-11-14 23:32:15 --> Session: Class initialized using 'CodeIgniter\Session\Handlers\FileHandler' driver.
INFO - 2021-11-14 23:32:15 --> Controller "App\Controllers\bukutamu\Bukutamu" loaded.
INFO - 2021-11-14 23:32:17 --> Session: Class initialized using 'CodeIgniter\Session\Handlers\FileHandler' driver.
INFO - 2021-11-14 23:32:17 --> Controller "App\Controllers\bukutamu\Bukutamu" loaded.
INFO - 2021-11-14 23:32:19 --> Session: Class initialized using 'CodeIgniter\Session\Handlers\FileHandler' driver.
INFO - 2021-11-14 23:32:19 --> Controller "App\Controllers\bukutamu\Bukutamu" loaded.
INFO - 2021-11-14 23:32:21 --> Session: Class initialized using 'CodeIgniter\Session\Handlers\FileHandler' driver.
INFO - 2021-11-14 23:32:21 --> Controller "App\Controllers\bukutamu\Bukutamu" loaded.
INFO - 2021-11-14 23:32:24 --> Session: Class initialized using 'CodeIgniter\Session\Handlers\FileHandler' driver.
INFO - 2021-11-14 23:32:24 --> Controller "App\Controllers\bukutamu\Bukutamu" loaded.
INFO - 2021-11-14 23:32:26 --> Session: Class initialized using 'CodeIgniter\Session\Handlers\FileHandler' driver.
INFO - 2021-11-14 23:32:26 --> Controller "App\Controllers\bukutamu\Bukutamu" loaded.
INFO - 2021-11-14 23:32:28 --> Session: Class initialized using 'CodeIgniter\Session\Handlers\FileHandler' driver.
INFO - 2021-11-14 23:32:28 --> Controller "App\Controllers\bukutamu\Bukutamu" loaded.
INFO - 2021-11-14 23:32:30 --> Session: Class initialized using 'CodeIgniter\Session\Handlers\FileHandler' driver.
INFO - 2021-11-14 23:32:30 --> Controller "App\Controllers\bukutamu\Bukutamu" loaded.
INFO - 2021-11-14 23:32:31 --> Session: Class initialized using 'CodeIgniter\Session\Handlers\FileHandler' driver.
INFO - 2021-11-14 23:32:31 --> Controller "App\Controllers\bukutamu\Bukutamu" loaded.
INFO - 2021-11-14 23:32:33 --> Session: Class initialized using 'CodeIgniter\Session\Handlers\FileHandler' driver.
INFO - 2021-11-14 23:32:33 --> Controller "App\Controllers\bukutamu\Bukutamu" loaded.
INFO - 2021-11-14 23:32:35 --> Session: Class initialized using 'CodeIgniter\Session\Handlers\FileHandler' driver.
INFO - 2021-11-14 23:32:35 --> Controller "App\Controllers\bukutamu\Bukutamu" loaded.
INFO - 2021-11-14 23:32:37 --> Session: Class initialized using 'CodeIgniter\Session\Handlers\FileHandler' driver.
INFO - 2021-11-14 23:32:37 --> Controller "App\Controllers\bukutamu\Bukutamu" loaded.
INFO - 2021-11-14 23:53:02 --> Controller "App\Controllers\base\Beranda" loaded.
INFO - 2021-11-14 23:53:02 --> Controller "App\Controllers\base\Beranda" loaded.
INFO - 2021-11-14 23:53:03 --> Controller "App\Controllers\base\Beranda" loaded.
INFO - 2021-11-14 23:53:03 --> Controller "App\Controllers\base\Beranda" loaded.
INFO - 2021-11-14 23:53:03 --> Controller "App\Controllers\base\Beranda" loaded.
INFO - 2021-11-14 23:53:03 --> Controller "App\Controllers\base\Beranda" loaded.
INFO - 2021-11-14 23:53:03 --> Controller "App\Controllers\base\Beranda" loaded.
INFO - 2021-11-14 23:53:03 --> Controller "App\Controllers\base\Beranda" loaded.
INFO - 2021-11-14 23:53:04 --> Controller "App\Controllers\base\Beranda" loaded.
INFO - 2021-11-14 23:53:04 --> Controller "App\Controllers\base\Beranda" loaded.
INFO - 2021-11-14 23:53:04 --> Controller "App\Controllers\base\Beranda" loaded.
INFO - 2021-11-14 23:53:04 --> Controller "App\Controllers\base\Beranda" loaded.
INFO - 2021-11-14 23:53:05 --> Controller "App\Controllers\base\Beranda" loaded.
INFO - 2021-11-14 23:53:05 --> Controller "App\Controllers\base\Beranda" loaded.
INFO - 2021-11-14 23:53:05 --> Controller "App\Controllers\base\Beranda" loaded.
INFO - 2021-11-14 23:53:05 --> Controller "App\Controllers\base\Beranda" loaded.
INFO - 2021-11-14 23:53:05 --> Controller "App\Controllers\base\Beranda" loaded.
INFO - 2021-11-14 23:53:06 --> Controller "App\Controllers\base\Beranda" loaded.
INFO - 2021-11-14 23:53:06 --> Controller "App\Controllers\base\Beranda" loaded.
INFO - 2021-11-14 23:53:06 --> Controller "App\Controllers\base\Beranda" loaded.
INFO - 2021-11-14 23:57:25 --> Session: Class initialized using 'CodeIgniter\Session\Handlers\FileHandler' driver.
INFO - 2021-11-14 23:57:25 --> Controller "App\Controllers\base\Order" loaded.
