INFO - 2021-11-12 00:06:16 --> Controller "App\Controllers\base\Beranda" loaded.
INFO - 2021-11-12 00:11:27 --> Controller "App\Controllers\base\Beranda" loaded.
INFO - 2021-11-12 01:27:17 --> Controller "App\Controllers\base\Beranda" loaded.
INFO - 2021-11-12 01:33:31 --> Session: Class initialized using 'CodeIgniter\Session\Handlers\FileHandler' driver.
INFO - 2021-11-12 01:33:31 --> Controller "App\Controllers\undangan\Undangan" loaded.
INFO - 2021-11-12 02:38:36 --> Controller "App\Controllers\base\Beranda" loaded.
INFO - 2021-11-12 02:38:38 --> Controller "App\Controllers\base\Beranda" loaded.
INFO - 2021-11-12 03:16:23 --> Controller "App\Controllers\base\Beranda" loaded.
INFO - 2021-11-12 03:16:26 --> Controller "App\Controllers\base\Beranda" loaded.
INFO - 2021-11-12 03:39:42 --> Session: Class initialized using 'CodeIgniter\Session\Handlers\FileHandler' driver.
INFO - 2021-11-12 03:39:42 --> Controller "App\Controllers\base\Order" loaded.
INFO - 2021-11-12 04:35:47 --> Controller "App\Controllers\base\Beranda" loaded.
INFO - 2021-11-12 04:36:58 --> Controller "App\Controllers\base\Beranda" loaded.
INFO - 2021-11-12 04:37:50 --> Session: Class initialized using 'CodeIgniter\Session\Handlers\FileHandler' driver.
INFO - 2021-11-12 04:37:50 --> Controller "App\Controllers\base\Dashboard" loaded.
INFO - 2021-11-12 04:39:21 --> Session: Class initialized using 'CodeIgniter\Session\Handlers\FileHandler' driver.
INFO - 2021-11-12 04:39:22 --> Controller "App\Controllers\base\Dashboard" loaded.
INFO - 2021-11-12 04:39:27 --> Session: Class initialized using 'CodeIgniter\Session\Handlers\FileHandler' driver.
INFO - 2021-11-12 04:39:27 --> Controller "App\Controllers\base\Dashboard" loaded.
INFO - 2021-11-12 04:40:26 --> Session: Class initialized using 'CodeIgniter\Session\Handlers\FileHandler' driver.
INFO - 2021-11-12 04:40:26 --> Controller "App\Controllers\base\Dashboard" loaded.
INFO - 2021-11-12 04:40:26 --> Session: Class initialized using 'CodeIgniter\Session\Handlers\FileHandler' driver.
INFO - 2021-11-12 04:40:26 --> Controller "App\Controllers\base\Dashboard" loaded.
INFO - 2021-11-12 04:41:08 --> Session: Class initialized using 'CodeIgniter\Session\Handlers\FileHandler' driver.
INFO - 2021-11-12 04:41:08 --> Controller "App\Controllers\base\Dashboard" loaded.
INFO - 2021-11-12 04:41:08 --> Session: Class initialized using 'CodeIgniter\Session\Handlers\FileHandler' driver.
INFO - 2021-11-12 04:41:08 --> Controller "App\Controllers\base\Dashboard" loaded.
INFO - 2021-11-12 04:41:17 --> Session: Class initialized using 'CodeIgniter\Session\Handlers\FileHandler' driver.
INFO - 2021-11-12 04:41:17 --> Controller "App\Controllers\base\Dashboard" loaded.
INFO - 2021-11-12 04:41:31 --> Session: Class initialized using 'CodeIgniter\Session\Handlers\FileHandler' driver.
INFO - 2021-11-12 04:41:31 --> Controller "App\Controllers\base\Dashboard" loaded.
INFO - 2021-11-12 04:41:31 --> Session: Class initialized using 'CodeIgniter\Session\Handlers\FileHandler' driver.
INFO - 2021-11-12 04:41:31 --> Controller "App\Controllers\base\Dashboard" loaded.
INFO - 2021-11-12 04:51:50 --> Session: Class initialized using 'CodeIgniter\Session\Handlers\FileHandler' driver.
INFO - 2021-11-12 04:51:50 --> Controller "App\Controllers\base\Dashboard" loaded.
INFO - 2021-11-12 04:55:26 --> Session: Class initialized using 'CodeIgniter\Session\Handlers\FileHandler' driver.
INFO - 2021-11-12 04:55:27 --> Controller "App\Controllers\base\Dashboard" loaded.
INFO - 2021-11-12 04:55:28 --> Session: Class initialized using 'CodeIgniter\Session\Handlers\FileHandler' driver.
INFO - 2021-11-12 04:55:28 --> Controller "App\Controllers\base\Dashboard" loaded.
INFO - 2021-11-12 04:55:30 --> Session: Class initialized using 'CodeIgniter\Session\Handlers\FileHandler' driver.
INFO - 2021-11-12 04:55:30 --> Controller "App\Controllers\base\Dashboard" loaded.
INFO - 2021-11-12 05:59:22 --> Session: Class initialized using 'CodeIgniter\Session\Handlers\FileHandler' driver.
INFO - 2021-11-12 05:59:22 --> Controller "App\Controllers\bukutamu\Bukutamu" loaded.
INFO - 2021-11-12 06:07:41 --> Controller "App\Controllers\base\Beranda" loaded.
INFO - 2021-11-12 06:07:59 --> Session: Class initialized using 'CodeIgniter\Session\Handlers\FileHandler' driver.
INFO - 2021-11-12 06:07:59 --> Controller "App\Controllers\base\Order" loaded.
INFO - 2021-11-12 06:07:59 --> Controller "App\Controllers\base\Beranda" loaded.
INFO - 2021-11-12 06:08:02 --> Session: Class initialized using 'CodeIgniter\Session\Handlers\FileHandler' driver.
INFO - 2021-11-12 06:08:02 --> Controller "App\Controllers\base\Order" loaded.
INFO - 2021-11-12 06:08:06 --> Controller "App\Controllers\base\Beranda" loaded.
INFO - 2021-11-12 06:18:38 --> Controller "App\Controllers\base\Beranda" loaded.
INFO - 2021-11-12 06:36:46 --> Controller "App\Controllers\base\Beranda" loaded.
INFO - 2021-11-12 06:40:00 --> Session: Class initialized using 'CodeIgniter\Session\Handlers\FileHandler' driver.
INFO - 2021-11-12 06:40:00 --> Controller "App\Controllers\base\Order" loaded.
INFO - 2021-11-12 07:00:03 --> Controller "App\Controllers\base\Beranda" loaded.
INFO - 2021-11-12 07:04:22 --> Controller "App\Controllers\base\Beranda" loaded.
INFO - 2021-11-12 07:04:44 --> Controller "App\Controllers\base\Beranda" loaded.
INFO - 2021-11-12 07:05:46 --> Controller "App\Controllers\base\Beranda" loaded.
INFO - 2021-11-12 07:05:56 --> Controller "App\Controllers\base\Beranda" loaded.
INFO - 2021-11-12 07:10:02 --> Controller "App\Controllers\base\Beranda" loaded.
INFO - 2021-11-12 07:20:02 --> Controller "App\Controllers\base\Beranda" loaded.
INFO - 2021-11-12 07:30:02 --> Controller "App\Controllers\base\Beranda" loaded.
INFO - 2021-11-12 07:31:04 --> Controller "App\Controllers\base\Beranda" loaded.
INFO - 2021-11-12 07:31:43 --> Controller "App\Controllers\base\Beranda" loaded.
INFO - 2021-11-12 07:40:03 --> Controller "App\Controllers\base\Beranda" loaded.
INFO - 2021-11-12 07:43:25 --> Controller "App\Controllers\base\Beranda" loaded.
INFO - 2021-11-12 07:50:02 --> Controller "App\Controllers\base\Beranda" loaded.
INFO - 2021-11-12 08:00:03 --> Controller "App\Controllers\base\Beranda" loaded.
INFO - 2021-11-12 08:10:02 --> Controller "App\Controllers\base\Beranda" loaded.
INFO - 2021-11-12 08:18:19 --> Session: Class initialized using 'CodeIgniter\Session\Handlers\FileHandler' driver.
INFO - 2021-11-12 08:18:19 --> Controller "App\Controllers\bukutamu\Bukutamu" loaded.
INFO - 2021-11-12 08:18:23 --> Session: Class initialized using 'CodeIgniter\Session\Handlers\FileHandler' driver.
INFO - 2021-11-12 08:18:23 --> Controller "App\Controllers\bukutamu\Bukutamu" loaded.
INFO - 2021-11-12 08:18:28 --> Session: Class initialized using 'CodeIgniter\Session\Handlers\FileHandler' driver.
INFO - 2021-11-12 08:18:28 --> Controller "App\Controllers\bukutamu\Bukutamu" loaded.
INFO - 2021-11-12 08:18:33 --> Session: Class initialized using 'CodeIgniter\Session\Handlers\FileHandler' driver.
INFO - 2021-11-12 08:18:33 --> Controller "App\Controllers\bukutamu\Bukutamu" loaded.
INFO - 2021-11-12 08:18:47 --> Session: Class initialized using 'CodeIgniter\Session\Handlers\FileHandler' driver.
INFO - 2021-11-12 08:18:47 --> Controller "App\Controllers\bukutamu\Bukutamu" loaded.
INFO - 2021-11-12 08:18:51 --> Session: Class initialized using 'CodeIgniter\Session\Handlers\FileHandler' driver.
INFO - 2021-11-12 08:18:51 --> Controller "App\Controllers\bukutamu\Bukutamu" loaded.
INFO - 2021-11-12 08:20:03 --> Controller "App\Controllers\base\Beranda" loaded.
INFO - 2021-11-12 08:30:02 --> Controller "App\Controllers\base\Beranda" loaded.
INFO - 2021-11-12 08:40:02 --> Controller "App\Controllers\base\Beranda" loaded.
INFO - 2021-11-12 08:46:25 --> Controller "App\Controllers\base\Beranda" loaded.
INFO - 2021-11-12 08:46:25 --> Controller "App\Controllers\base\Beranda" loaded.
INFO - 2021-11-12 08:50:03 --> Controller "App\Controllers\base\Beranda" loaded.
INFO - 2021-11-12 09:00:03 --> Controller "App\Controllers\base\Beranda" loaded.
INFO - 2021-11-12 09:10:03 --> Controller "App\Controllers\base\Beranda" loaded.
INFO - 2021-11-12 09:20:02 --> Controller "App\Controllers\base\Beranda" loaded.
INFO - 2021-11-12 09:30:03 --> Controller "App\Controllers\base\Beranda" loaded.
INFO - 2021-11-12 09:40:03 --> Controller "App\Controllers\base\Beranda" loaded.
INFO - 2021-11-12 09:50:03 --> Controller "App\Controllers\base\Beranda" loaded.
INFO - 2021-11-12 10:00:02 --> Controller "App\Controllers\base\Beranda" loaded.
INFO - 2021-11-12 10:10:03 --> Controller "App\Controllers\base\Beranda" loaded.
INFO - 2021-11-12 10:20:02 --> Controller "App\Controllers\base\Beranda" loaded.
INFO - 2021-11-12 10:30:02 --> Controller "App\Controllers\base\Beranda" loaded.
INFO - 2021-11-12 10:37:44 --> Controller "App\Controllers\base\Beranda" loaded.
INFO - 2021-11-12 10:40:03 --> Controller "App\Controllers\base\Beranda" loaded.
INFO - 2021-11-12 10:50:03 --> Controller "App\Controllers\base\Beranda" loaded.
INFO - 2021-11-12 11:00:03 --> Controller "App\Controllers\base\Beranda" loaded.
INFO - 2021-11-12 11:10:02 --> Controller "App\Controllers\base\Beranda" loaded.
INFO - 2021-11-12 11:20:03 --> Controller "App\Controllers\base\Beranda" loaded.
INFO - 2021-11-12 11:30:02 --> Controller "App\Controllers\base\Beranda" loaded.
INFO - 2021-11-12 11:40:03 --> Controller "App\Controllers\base\Beranda" loaded.
INFO - 2021-11-12 11:50:02 --> Controller "App\Controllers\base\Beranda" loaded.
INFO - 2021-11-12 12:00:02 --> Controller "App\Controllers\base\Beranda" loaded.
INFO - 2021-11-12 12:10:02 --> Controller "App\Controllers\base\Beranda" loaded.
INFO - 2021-11-12 12:20:03 --> Controller "App\Controllers\base\Beranda" loaded.
INFO - 2021-11-12 12:30:02 --> Controller "App\Controllers\base\Beranda" loaded.
INFO - 2021-11-12 12:40:02 --> Controller "App\Controllers\base\Beranda" loaded.
INFO - 2021-11-12 12:50:02 --> Controller "App\Controllers\base\Beranda" loaded.
INFO - 2021-11-12 13:00:02 --> Controller "App\Controllers\base\Beranda" loaded.
INFO - 2021-11-12 13:10:02 --> Controller "App\Controllers\base\Beranda" loaded.
INFO - 2021-11-12 13:20:02 --> Controller "App\Controllers\base\Beranda" loaded.
INFO - 2021-11-12 13:23:29 --> Controller "App\Controllers\base\Beranda" loaded.
INFO - 2021-11-12 13:30:02 --> Controller "App\Controllers\base\Beranda" loaded.
INFO - 2021-11-12 13:40:03 --> Controller "App\Controllers\base\Beranda" loaded.
INFO - 2021-11-12 13:43:44 --> Controller "App\Controllers\base\Beranda" loaded.
INFO - 2021-11-12 13:50:03 --> Controller "App\Controllers\base\Beranda" loaded.
INFO - 2021-11-12 13:51:47 --> Controller "App\Controllers\base\Beranda" loaded.
INFO - 2021-11-12 13:59:38 --> Controller "App\Controllers\base\Beranda" loaded.
INFO - 2021-11-12 14:00:02 --> Controller "App\Controllers\base\Beranda" loaded.
INFO - 2021-11-12 14:10:03 --> Controller "App\Controllers\base\Beranda" loaded.
INFO - 2021-11-12 14:20:03 --> Controller "App\Controllers\base\Beranda" loaded.
INFO - 2021-11-12 14:30:03 --> Controller "App\Controllers\base\Beranda" loaded.
INFO - 2021-11-12 14:40:03 --> Controller "App\Controllers\base\Beranda" loaded.
INFO - 2021-11-12 14:50:02 --> Controller "App\Controllers\base\Beranda" loaded.
INFO - 2021-11-12 15:00:03 --> Controller "App\Controllers\base\Beranda" loaded.
INFO - 2021-11-12 15:09:27 --> Controller "App\Controllers\base\Beranda" loaded.
INFO - 2021-11-12 15:10:02 --> Controller "App\Controllers\base\Beranda" loaded.
INFO - 2021-11-12 15:14:49 --> Session: Class initialized using 'CodeIgniter\Session\Handlers\FileHandler' driver.
INFO - 2021-11-12 15:14:49 --> Controller "App\Controllers\admin\Admin" loaded.
INFO - 2021-11-12 15:14:54 --> Session: Class initialized using 'CodeIgniter\Session\Handlers\FileHandler' driver.
INFO - 2021-11-12 15:14:54 --> Controller "App\Controllers\admin\Admin" loaded.
INFO - 2021-11-12 15:14:54 --> Session: Class initialized using 'CodeIgniter\Session\Handlers\FileHandler' driver.
INFO - 2021-11-12 15:14:54 --> Controller "App\Controllers\admin\Admin" loaded.
INFO - 2021-11-12 15:14:59 --> Session: Class initialized using 'CodeIgniter\Session\Handlers\FileHandler' driver.
INFO - 2021-11-12 15:14:59 --> Controller "App\Controllers\admin\Admin" loaded.
INFO - 2021-11-12 15:15:05 --> Session: Class initialized using 'CodeIgniter\Session\Handlers\FileHandler' driver.
INFO - 2021-11-12 15:15:05 --> Controller "App\Controllers\admin\Admin" loaded.
INFO - 2021-11-12 15:15:14 --> Session: Class initialized using 'CodeIgniter\Session\Handlers\FileHandler' driver.
INFO - 2021-11-12 15:15:14 --> Controller "App\Controllers\admin\Admin" loaded.
INFO - 2021-11-12 15:15:15 --> Session: Class initialized using 'CodeIgniter\Session\Handlers\FileHandler' driver.
INFO - 2021-11-12 15:15:15 --> Controller "App\Controllers\admin\Admin" loaded.
INFO - 2021-11-12 15:20:03 --> Controller "App\Controllers\base\Beranda" loaded.
INFO - 2021-11-12 15:20:07 --> Session: Class initialized using 'CodeIgniter\Session\Handlers\FileHandler' driver.
INFO - 2021-11-12 15:20:07 --> Session: Class initialized using 'CodeIgniter\Session\Handlers\FileHandler' driver.
INFO - 2021-11-12 15:20:07 --> Controller "App\Controllers\bukutamu\Bukutamu" loaded.
INFO - 2021-11-12 15:20:07 --> Controller "App\Controllers\bukutamu\Bukutamu" loaded.
INFO - 2021-11-12 15:30:03 --> Controller "App\Controllers\base\Beranda" loaded.
INFO - 2021-11-12 15:40:02 --> Controller "App\Controllers\base\Beranda" loaded.
INFO - 2021-11-12 15:40:43 --> Controller "App\Controllers\base\Beranda" loaded.
INFO - 2021-11-12 15:40:47 --> Controller "App\Controllers\base\Beranda" loaded.
INFO - 2021-11-12 15:50:02 --> Controller "App\Controllers\base\Beranda" loaded.
INFO - 2021-11-12 16:00:03 --> Controller "App\Controllers\base\Beranda" loaded.
INFO - 2021-11-12 16:05:05 --> Controller "App\Controllers\base\Beranda" loaded.
INFO - 2021-11-12 16:05:09 --> Controller "App\Controllers\base\Beranda" loaded.
INFO - 2021-11-12 16:05:13 --> Controller "App\Controllers\base\Beranda" loaded.
INFO - 2021-11-12 16:05:19 --> Controller "App\Controllers\base\Beranda" loaded.
INFO - 2021-11-12 16:05:23 --> Controller "App\Controllers\base\Beranda" loaded.
INFO - 2021-11-12 16:05:26 --> Controller "App\Controllers\base\Beranda" loaded.
INFO - 2021-11-12 16:10:02 --> Controller "App\Controllers\base\Beranda" loaded.
INFO - 2021-11-12 16:20:03 --> Controller "App\Controllers\base\Beranda" loaded.
INFO - 2021-11-12 16:28:42 --> Controller "App\Controllers\base\Beranda" loaded.
INFO - 2021-11-12 16:28:52 --> Session: Class initialized using 'CodeIgniter\Session\Handlers\FileHandler' driver.
INFO - 2021-11-12 16:28:52 --> Controller "App\Controllers\undangan\Undangan" loaded.
INFO - 2021-11-12 16:29:29 --> Session: Class initialized using 'CodeIgniter\Session\Handlers\FileHandler' driver.
INFO - 2021-11-12 16:29:29 --> Controller "App\Controllers\bukutamu\Bukutamu" loaded.
INFO - 2021-11-12 16:29:52 --> Session: Class initialized using 'CodeIgniter\Session\Handlers\FileHandler' driver.
INFO - 2021-11-12 16:29:52 --> Controller "App\Controllers\bukutamu\Bukutamu" loaded.
INFO - 2021-11-12 16:30:02 --> Controller "App\Controllers\base\Beranda" loaded.
INFO - 2021-11-12 16:37:41 --> Session: Class initialized using 'CodeIgniter\Session\Handlers\FileHandler' driver.
INFO - 2021-11-12 16:37:41 --> Controller "App\Controllers\undangan\Undangan" loaded.
INFO - 2021-11-12 16:38:00 --> Session: Class initialized using 'CodeIgniter\Session\Handlers\FileHandler' driver.
INFO - 2021-11-12 16:38:00 --> Controller "App\Controllers\undangan\Undangan" loaded.
INFO - 2021-11-12 16:39:03 --> Session: Class initialized using 'CodeIgniter\Session\Handlers\FileHandler' driver.
INFO - 2021-11-12 16:39:03 --> Controller "App\Controllers\undangan\Undangan" loaded.
INFO - 2021-11-12 16:40:03 --> Controller "App\Controllers\base\Beranda" loaded.
INFO - 2021-11-12 16:44:08 --> Session: Class initialized using 'CodeIgniter\Session\Handlers\FileHandler' driver.
INFO - 2021-11-12 16:44:08 --> Controller "App\Controllers\undangan\Undangan" loaded.
INFO - 2021-11-12 16:50:02 --> Controller "App\Controllers\base\Beranda" loaded.
INFO - 2021-11-12 17:00:03 --> Controller "App\Controllers\base\Beranda" loaded.
INFO - 2021-11-12 17:10:03 --> Controller "App\Controllers\base\Beranda" loaded.
INFO - 2021-11-12 17:20:02 --> Controller "App\Controllers\base\Beranda" loaded.
INFO - 2021-11-12 17:23:24 --> Controller "App\Controllers\base\Beranda" loaded.
INFO - 2021-11-12 17:29:32 --> Controller "App\Controllers\base\Beranda" loaded.
INFO - 2021-11-12 17:30:02 --> Controller "App\Controllers\base\Beranda" loaded.
INFO - 2021-11-12 17:40:02 --> Controller "App\Controllers\base\Beranda" loaded.
INFO - 2021-11-12 17:48:21 --> Controller "App\Controllers\base\Beranda" loaded.
INFO - 2021-11-12 17:50:03 --> Controller "App\Controllers\base\Beranda" loaded.
INFO - 2021-11-12 18:00:03 --> Controller "App\Controllers\base\Beranda" loaded.
INFO - 2021-11-12 18:10:03 --> Controller "App\Controllers\base\Beranda" loaded.
INFO - 2021-11-12 18:20:02 --> Controller "App\Controllers\base\Beranda" loaded.
INFO - 2021-11-12 18:30:03 --> Controller "App\Controllers\base\Beranda" loaded.
INFO - 2021-11-12 18:31:53 --> Controller "App\Controllers\base\Beranda" loaded.
INFO - 2021-11-12 18:31:53 --> Controller "App\Controllers\base\Beranda" loaded.
INFO - 2021-11-12 18:31:53 --> Controller "App\Controllers\base\Beranda" loaded.
INFO - 2021-11-12 18:31:53 --> Controller "App\Controllers\base\Beranda" loaded.
INFO - 2021-11-12 18:31:53 --> Controller "App\Controllers\base\Beranda" loaded.
INFO - 2021-11-12 18:31:53 --> Controller "App\Controllers\base\Beranda" loaded.
INFO - 2021-11-12 18:31:53 --> Controller "App\Controllers\base\Beranda" loaded.
INFO - 2021-11-12 18:31:53 --> Controller "App\Controllers\base\Beranda" loaded.
INFO - 2021-11-12 18:31:54 --> Controller "App\Controllers\base\Beranda" loaded.
INFO - 2021-11-12 18:31:54 --> Controller "App\Controllers\base\Beranda" loaded.
INFO - 2021-11-12 18:31:54 --> Controller "App\Controllers\base\Beranda" loaded.
INFO - 2021-11-12 18:31:54 --> Controller "App\Controllers\base\Beranda" loaded.
INFO - 2021-11-12 18:31:54 --> Controller "App\Controllers\base\Beranda" loaded.
INFO - 2021-11-12 18:31:54 --> Controller "App\Controllers\base\Beranda" loaded.
INFO - 2021-11-12 18:31:54 --> Controller "App\Controllers\base\Beranda" loaded.
INFO - 2021-11-12 18:31:54 --> Controller "App\Controllers\base\Beranda" loaded.
INFO - 2021-11-12 18:31:54 --> Controller "App\Controllers\base\Beranda" loaded.
INFO - 2021-11-12 18:31:54 --> Controller "App\Controllers\base\Beranda" loaded.
INFO - 2021-11-12 18:31:55 --> Controller "App\Controllers\base\Beranda" loaded.
INFO - 2021-11-12 18:31:55 --> Controller "App\Controllers\base\Beranda" loaded.
INFO - 2021-11-12 18:40:03 --> Controller "App\Controllers\base\Beranda" loaded.
INFO - 2021-11-12 18:50:02 --> Controller "App\Controllers\base\Beranda" loaded.
INFO - 2021-11-12 19:00:03 --> Controller "App\Controllers\base\Beranda" loaded.
INFO - 2021-11-12 19:08:37 --> Controller "App\Controllers\base\Beranda" loaded.
INFO - 2021-11-12 19:10:02 --> Controller "App\Controllers\base\Beranda" loaded.
INFO - 2021-11-12 19:13:15 --> Session: Class initialized using 'CodeIgniter\Session\Handlers\FileHandler' driver.
INFO - 2021-11-12 19:13:15 --> Controller "App\Controllers\undangan\Undangan" loaded.
INFO - 2021-11-12 19:20:03 --> Controller "App\Controllers\base\Beranda" loaded.
INFO - 2021-11-12 19:30:03 --> Controller "App\Controllers\base\Beranda" loaded.
INFO - 2021-11-12 19:40:03 --> Controller "App\Controllers\base\Beranda" loaded.
INFO - 2021-11-12 19:50:02 --> Controller "App\Controllers\base\Beranda" loaded.
INFO - 2021-11-12 20:00:02 --> Controller "App\Controllers\base\Beranda" loaded.
INFO - 2021-11-12 20:03:51 --> Controller "App\Controllers\base\Beranda" loaded.
INFO - 2021-11-12 20:10:03 --> Controller "App\Controllers\base\Beranda" loaded.
INFO - 2021-11-12 20:20:02 --> Controller "App\Controllers\base\Beranda" loaded.
INFO - 2021-11-12 20:27:00 --> Session: Class initialized using 'CodeIgniter\Session\Handlers\FileHandler' driver.
INFO - 2021-11-12 20:27:00 --> Controller "App\Controllers\undangan\Undangan" loaded.
INFO - 2021-11-12 20:30:03 --> Controller "App\Controllers\base\Beranda" loaded.
INFO - 2021-11-12 20:40:02 --> Controller "App\Controllers\base\Beranda" loaded.
INFO - 2021-11-12 20:47:09 --> Controller "App\Controllers\base\Beranda" loaded.
INFO - 2021-11-12 20:50:02 --> Controller "App\Controllers\base\Beranda" loaded.
INFO - 2021-11-12 21:00:02 --> Controller "App\Controllers\base\Beranda" loaded.
INFO - 2021-11-12 21:05:30 --> Session: Class initialized using 'CodeIgniter\Session\Handlers\FileHandler' driver.
INFO - 2021-11-12 21:05:30 --> Controller "App\Controllers\admin\Admin" loaded.
INFO - 2021-11-12 21:09:41 --> Controller "App\Controllers\base\Beranda" loaded.
INFO - 2021-11-12 21:10:02 --> Controller "App\Controllers\base\Beranda" loaded.
INFO - 2021-11-12 21:11:45 --> Controller "App\Controllers\base\Beranda" loaded.
INFO - 2021-11-12 21:20:03 --> Controller "App\Controllers\base\Beranda" loaded.
INFO - 2021-11-12 21:30:03 --> Controller "App\Controllers\base\Beranda" loaded.
INFO - 2021-11-12 21:40:03 --> Controller "App\Controllers\base\Beranda" loaded.
INFO - 2021-11-12 21:50:02 --> Controller "App\Controllers\base\Beranda" loaded.
INFO - 2021-11-12 22:00:03 --> Controller "App\Controllers\base\Beranda" loaded.
INFO - 2021-11-12 22:10:02 --> Controller "App\Controllers\base\Beranda" loaded.
INFO - 2021-11-12 22:20:02 --> Controller "App\Controllers\base\Beranda" loaded.
INFO - 2021-11-12 22:30:02 --> Controller "App\Controllers\base\Beranda" loaded.
INFO - 2021-11-12 22:40:02 --> Controller "App\Controllers\base\Beranda" loaded.
INFO - 2021-11-12 22:44:13 --> Session: Class initialized using 'CodeIgniter\Session\Handlers\FileHandler' driver.
INFO - 2021-11-12 22:44:13 --> Controller "App\Controllers\admin\Admin" loaded.
INFO - 2021-11-12 22:50:03 --> Controller "App\Controllers\base\Beranda" loaded.
INFO - 2021-11-12 23:22:14 --> Controller "App\Controllers\base\Beranda" loaded.
