INFO - 2021-07-29 00:19:34 --> Session: Class initialized using 'CodeIgniter\Session\Handlers\FileHandler' driver.
INFO - 2021-07-29 00:19:34 --> Controller "App\Controllers\base\Order" loaded.
INFO - 2021-07-29 01:04:03 --> Controller "App\Controllers\base\Beranda" loaded.
INFO - 2021-07-29 01:04:41 --> Controller "App\Controllers\base\Beranda" loaded.
INFO - 2021-07-29 01:05:07 --> Controller "App\Controllers\base\Beranda" loaded.
INFO - 2021-07-29 01:07:28 --> Controller "App\Controllers\base\Beranda" loaded.
INFO - 2021-07-29 01:07:33 --> Controller "App\Controllers\base\Beranda" loaded.
INFO - 2021-07-29 01:08:33 --> Controller "App\Controllers\base\Beranda" loaded.
INFO - 2021-07-29 01:08:33 --> Controller "App\Controllers\base\Beranda" loaded.
INFO - 2021-07-29 01:08:33 --> Controller "App\Controllers\base\Beranda" loaded.
INFO - 2021-07-29 01:54:52 --> Controller "App\Controllers\base\Beranda" loaded.
INFO - 2021-07-29 02:08:13 --> Controller "App\Controllers\base\Beranda" loaded.
INFO - 2021-07-29 02:45:27 --> Session: Class initialized using 'CodeIgniter\Session\Handlers\FileHandler' driver.
INFO - 2021-07-29 02:45:27 --> Controller "App\Controllers\base\Order" loaded.
INFO - 2021-07-29 02:58:12 --> Session: Class initialized using 'CodeIgniter\Session\Handlers\FileHandler' driver.
INFO - 2021-07-29 02:58:12 --> Controller "App\Controllers\undangan\Undangan" loaded.
INFO - 2021-07-29 04:10:09 --> Controller "App\Controllers\base\Beranda" loaded.
INFO - 2021-07-29 04:27:12 --> Session: Class initialized using 'CodeIgniter\Session\Handlers\FileHandler' driver.
INFO - 2021-07-29 04:27:12 --> Controller "App\Controllers\undangan\Undangan" loaded.
INFO - 2021-07-29 05:19:00 --> Controller "App\Controllers\base\Beranda" loaded.
INFO - 2021-07-29 05:19:01 --> Controller "App\Controllers\base\Beranda" loaded.
INFO - 2021-07-29 05:19:01 --> Controller "App\Controllers\base\Beranda" loaded.
INFO - 2021-07-29 05:19:01 --> Controller "App\Controllers\base\Beranda" loaded.
INFO - 2021-07-29 05:19:02 --> Controller "App\Controllers\base\Beranda" loaded.
INFO - 2021-07-29 05:19:02 --> Controller "App\Controllers\base\Beranda" loaded.
INFO - 2021-07-29 05:19:02 --> Controller "App\Controllers\base\Beranda" loaded.
INFO - 2021-07-29 05:19:03 --> Controller "App\Controllers\base\Beranda" loaded.
INFO - 2021-07-29 05:19:03 --> Controller "App\Controllers\base\Beranda" loaded.
INFO - 2021-07-29 05:19:03 --> Controller "App\Controllers\base\Beranda" loaded.
INFO - 2021-07-29 05:19:04 --> Controller "App\Controllers\base\Beranda" loaded.
INFO - 2021-07-29 05:19:04 --> Controller "App\Controllers\base\Beranda" loaded.
INFO - 2021-07-29 05:19:04 --> Controller "App\Controllers\base\Beranda" loaded.
INFO - 2021-07-29 05:19:06 --> Controller "App\Controllers\base\Beranda" loaded.
INFO - 2021-07-29 05:19:06 --> Controller "App\Controllers\base\Beranda" loaded.
INFO - 2021-07-29 05:19:06 --> Controller "App\Controllers\base\Beranda" loaded.
INFO - 2021-07-29 05:19:07 --> Controller "App\Controllers\base\Beranda" loaded.
INFO - 2021-07-29 05:19:07 --> Controller "App\Controllers\base\Beranda" loaded.
INFO - 2021-07-29 05:19:08 --> Controller "App\Controllers\base\Beranda" loaded.
INFO - 2021-07-29 05:19:08 --> Controller "App\Controllers\base\Beranda" loaded.
INFO - 2021-07-29 06:42:07 --> Controller "App\Controllers\base\Beranda" loaded.
INFO - 2021-07-29 06:42:07 --> Controller "App\Controllers\base\Beranda" loaded.
INFO - 2021-07-29 06:42:07 --> Controller "App\Controllers\base\Beranda" loaded.
INFO - 2021-07-29 06:42:07 --> Controller "App\Controllers\base\Beranda" loaded.
INFO - 2021-07-29 06:46:47 --> Controller "App\Controllers\base\Beranda" loaded.
INFO - 2021-07-29 06:47:09 --> Session: Class initialized using 'CodeIgniter\Session\Handlers\FileHandler' driver.
INFO - 2021-07-29 06:47:09 --> Controller "App\Controllers\undangan\Undangan" loaded.
INFO - 2021-07-29 06:47:55 --> Session: Class initialized using 'CodeIgniter\Session\Handlers\FileHandler' driver.
INFO - 2021-07-29 06:47:55 --> Controller "App\Controllers\bukutamu\Bukutamu" loaded.
INFO - 2021-07-29 06:48:08 --> Session: Class initialized using 'CodeIgniter\Session\Handlers\FileHandler' driver.
INFO - 2021-07-29 06:48:08 --> Controller "App\Controllers\bukutamu\Bukutamu" loaded.
INFO - 2021-07-29 06:54:50 --> Controller "App\Controllers\base\Beranda" loaded.
INFO - 2021-07-29 06:56:02 --> Session: Class initialized using 'CodeIgniter\Session\Handlers\FileHandler' driver.
INFO - 2021-07-29 06:56:02 --> Controller "App\Controllers\undangan\Undangan" loaded.
INFO - 2021-07-29 06:56:48 --> Session: Class initialized using 'CodeIgniter\Session\Handlers\FileHandler' driver.
INFO - 2021-07-29 06:56:48 --> Controller "App\Controllers\bukutamu\Bukutamu" loaded.
INFO - 2021-07-29 06:57:09 --> Controller "App\Controllers\base\Beranda" loaded.
INFO - 2021-07-29 06:57:12 --> Controller "App\Controllers\base\Beranda" loaded.
INFO - 2021-07-29 06:57:13 --> Controller "App\Controllers\base\Beranda" loaded.
INFO - 2021-07-29 06:57:14 --> Controller "App\Controllers\base\Beranda" loaded.
INFO - 2021-07-29 06:57:32 --> Controller "App\Controllers\base\Beranda" loaded.
INFO - 2021-07-29 06:57:48 --> Controller "App\Controllers\base\Beranda" loaded.
INFO - 2021-07-29 06:58:06 --> Controller "App\Controllers\base\Beranda" loaded.
INFO - 2021-07-29 06:59:43 --> Controller "App\Controllers\base\Beranda" loaded.
INFO - 2021-07-29 07:00:02 --> Controller "App\Controllers\base\Beranda" loaded.
INFO - 2021-07-29 07:00:04 --> Controller "App\Controllers\base\Beranda" loaded.
INFO - 2021-07-29 07:02:06 --> Controller "App\Controllers\base\Beranda" loaded.
INFO - 2021-07-29 07:04:39 --> Controller "App\Controllers\base\Beranda" loaded.
INFO - 2021-07-29 07:13:22 --> Session: Class initialized using 'CodeIgniter\Session\Handlers\FileHandler' driver.
INFO - 2021-07-29 07:13:22 --> Controller "App\Controllers\undangan\Undangan" loaded.
INFO - 2021-07-29 07:18:29 --> Session: Class initialized using 'CodeIgniter\Session\Handlers\FileHandler' driver.
INFO - 2021-07-29 07:18:29 --> Controller "App\Controllers\undangan\Undangan" loaded.
INFO - 2021-07-29 07:21:13 --> Controller "App\Controllers\base\Beranda" loaded.
INFO - 2021-07-29 07:21:36 --> Controller "App\Controllers\base\Beranda" loaded.
INFO - 2021-07-29 07:22:12 --> Controller "App\Controllers\base\Beranda" loaded.
INFO - 2021-07-29 07:22:56 --> Session: Class initialized using 'CodeIgniter\Session\Handlers\FileHandler' driver.
INFO - 2021-07-29 07:22:56 --> Controller "App\Controllers\undangan\Undangan" loaded.
INFO - 2021-07-29 07:22:57 --> Controller "App\Controllers\base\Beranda" loaded.
INFO - 2021-07-29 07:23:34 --> Controller "App\Controllers\base\Beranda" loaded.
INFO - 2021-07-29 07:25:14 --> Controller "App\Controllers\base\Beranda" loaded.
INFO - 2021-07-29 08:17:10 --> Controller "App\Controllers\base\Beranda" loaded.
INFO - 2021-07-29 08:17:46 --> Controller "App\Controllers\base\Beranda" loaded.
INFO - 2021-07-29 08:45:36 --> Session: Class initialized using 'CodeIgniter\Session\Handlers\FileHandler' driver.
INFO - 2021-07-29 08:45:36 --> Controller "App\Controllers\undangan\Undangan" loaded.
INFO - 2021-07-29 09:35:49 --> Controller "App\Controllers\base\Beranda" loaded.
INFO - 2021-07-29 09:36:22 --> Controller "App\Controllers\base\Beranda" loaded.
INFO - 2021-07-29 11:40:59 --> Session: Class initialized using 'CodeIgniter\Session\Handlers\FileHandler' driver.
INFO - 2021-07-29 11:40:59 --> Controller "App\Controllers\undangan\Undangan" loaded.
INFO - 2021-07-29 11:51:03 --> Session: Class initialized using 'CodeIgniter\Session\Handlers\FileHandler' driver.
INFO - 2021-07-29 11:51:03 --> Controller "App\Controllers\base\Lupa_password" loaded.
INFO - 2021-07-29 12:41:55 --> Controller "App\Controllers\base\Beranda" loaded.
INFO - 2021-07-29 13:16:16 --> Controller "App\Controllers\base\Beranda" loaded.
INFO - 2021-07-29 13:16:16 --> Controller "App\Controllers\base\Beranda" loaded.
INFO - 2021-07-29 13:16:16 --> Controller "App\Controllers\base\Beranda" loaded.
INFO - 2021-07-29 13:16:20 --> Controller "App\Controllers\base\Beranda" loaded.
INFO - 2021-07-29 13:25:26 --> Controller "App\Controllers\base\Beranda" loaded.
INFO - 2021-07-29 13:31:04 --> Controller "App\Controllers\base\Beranda" loaded.
INFO - 2021-07-29 13:31:07 --> Session: Class initialized using 'CodeIgniter\Session\Handlers\FileHandler' driver.
INFO - 2021-07-29 13:31:07 --> Controller "App\Controllers\base\Dashboard" loaded.
INFO - 2021-07-29 13:31:08 --> Session: Class initialized using 'CodeIgniter\Session\Handlers\FileHandler' driver.
INFO - 2021-07-29 13:31:08 --> Controller "App\Controllers\base\Order" loaded.
INFO - 2021-07-29 13:31:09 --> Session: Class initialized using 'CodeIgniter\Session\Handlers\FileHandler' driver.
INFO - 2021-07-29 13:31:09 --> Controller "App\Controllers\base\Order" loaded.
INFO - 2021-07-29 13:31:10 --> Controller "App\Controllers\base\Beranda" loaded.
INFO - 2021-07-29 13:31:10 --> Session: Class initialized using 'CodeIgniter\Session\Handlers\FileHandler' driver.
INFO - 2021-07-29 13:31:10 --> Controller "App\Controllers\base\Order" loaded.
INFO - 2021-07-29 13:31:10 --> Controller "App\Controllers\base\Beranda" loaded.
INFO - 2021-07-29 13:31:11 --> Session: Class initialized using 'CodeIgniter\Session\Handlers\FileHandler' driver.
INFO - 2021-07-29 13:31:11 --> Controller "App\Controllers\base\Order" loaded.
INFO - 2021-07-29 13:31:11 --> Controller "App\Controllers\base\Beranda" loaded.
INFO - 2021-07-29 13:31:12 --> Session: Class initialized using 'CodeIgniter\Session\Handlers\FileHandler' driver.
INFO - 2021-07-29 13:31:12 --> Controller "App\Controllers\base\Order" loaded.
INFO - 2021-07-29 13:31:12 --> Controller "App\Controllers\base\Beranda" loaded.
INFO - 2021-07-29 13:31:12 --> Controller "App\Controllers\base\Beranda" loaded.
INFO - 2021-07-29 13:31:21 --> Session: Class initialized using 'CodeIgniter\Session\Handlers\FileHandler' driver.
INFO - 2021-07-29 13:31:21 --> Controller "App\Controllers\base\Lupa_password" loaded.
INFO - 2021-07-29 13:31:26 --> Controller "App\Controllers\base\Beranda" loaded.
INFO - 2021-07-29 13:31:26 --> Session: Class initialized using 'CodeIgniter\Session\Handlers\FileHandler' driver.
INFO - 2021-07-29 13:31:26 --> Controller "App\Controllers\base\Order" loaded.
INFO - 2021-07-29 13:31:26 --> Session: Class initialized using 'CodeIgniter\Session\Handlers\FileHandler' driver.
INFO - 2021-07-29 13:31:26 --> Controller "App\Controllers\base\Order" loaded.
INFO - 2021-07-29 13:31:27 --> Session: Class initialized using 'CodeIgniter\Session\Handlers\FileHandler' driver.
INFO - 2021-07-29 13:31:27 --> Controller "App\Controllers\base\Order" loaded.
INFO - 2021-07-29 13:31:27 --> Controller "App\Controllers\base\Beranda" loaded.
INFO - 2021-07-29 13:31:46 --> Session: Class initialized using 'CodeIgniter\Session\Handlers\FileHandler' driver.
INFO - 2021-07-29 13:31:46 --> Controller "App\Controllers\base\Order" loaded.
INFO - 2021-07-29 13:31:46 --> Controller "App\Controllers\base\Beranda" loaded.
INFO - 2021-07-29 13:31:47 --> Session: Class initialized using 'CodeIgniter\Session\Handlers\FileHandler' driver.
INFO - 2021-07-29 13:31:47 --> Controller "App\Controllers\base\Order" loaded.
INFO - 2021-07-29 13:31:47 --> Controller "App\Controllers\base\Beranda" loaded.
INFO - 2021-07-29 13:31:48 --> Session: Class initialized using 'CodeIgniter\Session\Handlers\FileHandler' driver.
INFO - 2021-07-29 13:31:48 --> Controller "App\Controllers\base\Order" loaded.
INFO - 2021-07-29 13:31:48 --> Controller "App\Controllers\base\Beranda" loaded.
INFO - 2021-07-29 13:31:48 --> Session: Class initialized using 'CodeIgniter\Session\Handlers\FileHandler' driver.
INFO - 2021-07-29 13:31:48 --> Controller "App\Controllers\base\Order" loaded.
INFO - 2021-07-29 13:31:48 --> Controller "App\Controllers\base\Beranda" loaded.
INFO - 2021-07-29 13:31:49 --> Session: Class initialized using 'CodeIgniter\Session\Handlers\FileHandler' driver.
INFO - 2021-07-29 13:31:49 --> Controller "App\Controllers\base\Order" loaded.
INFO - 2021-07-29 13:31:49 --> Controller "App\Controllers\base\Beranda" loaded.
INFO - 2021-07-29 13:31:50 --> Session: Class initialized using 'CodeIgniter\Session\Handlers\FileHandler' driver.
INFO - 2021-07-29 13:31:50 --> Controller "App\Controllers\base\Order" loaded.
INFO - 2021-07-29 13:31:50 --> Controller "App\Controllers\base\Beranda" loaded.
INFO - 2021-07-29 13:32:04 --> Controller "App\Controllers\base\Beranda" loaded.
INFO - 2021-07-29 13:32:04 --> Controller "App\Controllers\base\Beranda" loaded.
INFO - 2021-07-29 13:32:04 --> Controller "App\Controllers\base\Beranda" loaded.
INFO - 2021-07-29 13:32:04 --> Controller "App\Controllers\base\Beranda" loaded.
INFO - 2021-07-29 13:32:05 --> Controller "App\Controllers\base\Beranda" loaded.
INFO - 2021-07-29 13:32:05 --> Controller "App\Controllers\base\Beranda" loaded.
INFO - 2021-07-29 13:32:05 --> Controller "App\Controllers\base\Beranda" loaded.
INFO - 2021-07-29 13:32:05 --> Controller "App\Controllers\base\Beranda" loaded.
INFO - 2021-07-29 13:32:05 --> Controller "App\Controllers\base\Beranda" loaded.
INFO - 2021-07-29 13:32:06 --> Controller "App\Controllers\base\Beranda" loaded.
INFO - 2021-07-29 13:32:06 --> Controller "App\Controllers\base\Beranda" loaded.
INFO - 2021-07-29 13:32:06 --> Controller "App\Controllers\base\Beranda" loaded.
INFO - 2021-07-29 13:32:20 --> Controller "App\Controllers\base\Beranda" loaded.
INFO - 2021-07-29 13:32:21 --> Controller "App\Controllers\base\Beranda" loaded.
INFO - 2021-07-29 13:32:21 --> Controller "App\Controllers\base\Beranda" loaded.
INFO - 2021-07-29 13:32:22 --> Controller "App\Controllers\base\Beranda" loaded.
INFO - 2021-07-29 13:32:22 --> Controller "App\Controllers\base\Beranda" loaded.
INFO - 2021-07-29 13:32:22 --> Controller "App\Controllers\base\Beranda" loaded.
INFO - 2021-07-29 13:32:22 --> Controller "App\Controllers\base\Beranda" loaded.
INFO - 2021-07-29 13:32:23 --> Controller "App\Controllers\base\Beranda" loaded.
INFO - 2021-07-29 13:32:23 --> Controller "App\Controllers\base\Beranda" loaded.
INFO - 2021-07-29 13:32:23 --> Controller "App\Controllers\base\Beranda" loaded.
INFO - 2021-07-29 13:32:23 --> Controller "App\Controllers\base\Beranda" loaded.
INFO - 2021-07-29 13:32:24 --> Controller "App\Controllers\base\Beranda" loaded.
INFO - 2021-07-29 13:32:30 --> Controller "App\Controllers\base\Beranda" loaded.
INFO - 2021-07-29 13:32:31 --> Controller "App\Controllers\base\Beranda" loaded.
INFO - 2021-07-29 13:32:31 --> Controller "App\Controllers\base\Beranda" loaded.
INFO - 2021-07-29 13:32:31 --> Controller "App\Controllers\base\Beranda" loaded.
INFO - 2021-07-29 13:32:31 --> Controller "App\Controllers\base\Beranda" loaded.
INFO - 2021-07-29 13:32:32 --> Controller "App\Controllers\base\Beranda" loaded.
INFO - 2021-07-29 13:32:33 --> Controller "App\Controllers\base\Beranda" loaded.
INFO - 2021-07-29 13:32:33 --> Controller "App\Controllers\base\Beranda" loaded.
INFO - 2021-07-29 13:32:33 --> Controller "App\Controllers\base\Beranda" loaded.
INFO - 2021-07-29 13:32:33 --> Controller "App\Controllers\base\Beranda" loaded.
INFO - 2021-07-29 13:32:34 --> Controller "App\Controllers\base\Beranda" loaded.
INFO - 2021-07-29 13:32:35 --> Controller "App\Controllers\base\Beranda" loaded.
INFO - 2021-07-29 13:32:40 --> Controller "App\Controllers\base\Beranda" loaded.
INFO - 2021-07-29 13:32:41 --> Controller "App\Controllers\base\Beranda" loaded.
INFO - 2021-07-29 13:32:41 --> Controller "App\Controllers\base\Beranda" loaded.
INFO - 2021-07-29 13:32:41 --> Controller "App\Controllers\base\Beranda" loaded.
INFO - 2021-07-29 13:32:41 --> Controller "App\Controllers\base\Beranda" loaded.
INFO - 2021-07-29 13:32:42 --> Controller "App\Controllers\base\Beranda" loaded.
INFO - 2021-07-29 13:32:42 --> Controller "App\Controllers\base\Beranda" loaded.
INFO - 2021-07-29 13:32:42 --> Controller "App\Controllers\base\Beranda" loaded.
INFO - 2021-07-29 13:32:43 --> Controller "App\Controllers\base\Beranda" loaded.
INFO - 2021-07-29 13:32:43 --> Controller "App\Controllers\base\Beranda" loaded.
INFO - 2021-07-29 13:32:43 --> Controller "App\Controllers\base\Beranda" loaded.
INFO - 2021-07-29 13:32:43 --> Controller "App\Controllers\base\Beranda" loaded.
INFO - 2021-07-29 13:33:38 --> Controller "App\Controllers\base\Beranda" loaded.
INFO - 2021-07-29 13:33:39 --> Controller "App\Controllers\base\Beranda" loaded.
INFO - 2021-07-29 13:33:39 --> Controller "App\Controllers\base\Beranda" loaded.
INFO - 2021-07-29 13:33:39 --> Controller "App\Controllers\base\Beranda" loaded.
INFO - 2021-07-29 13:33:40 --> Controller "App\Controllers\base\Beranda" loaded.
INFO - 2021-07-29 13:33:40 --> Controller "App\Controllers\base\Beranda" loaded.
INFO - 2021-07-29 13:33:40 --> Controller "App\Controllers\base\Beranda" loaded.
INFO - 2021-07-29 13:33:40 --> Controller "App\Controllers\base\Beranda" loaded.
INFO - 2021-07-29 13:33:40 --> Controller "App\Controllers\base\Beranda" loaded.
INFO - 2021-07-29 13:33:41 --> Controller "App\Controllers\base\Beranda" loaded.
INFO - 2021-07-29 13:33:41 --> Controller "App\Controllers\base\Beranda" loaded.
INFO - 2021-07-29 13:33:41 --> Controller "App\Controllers\base\Beranda" loaded.
INFO - 2021-07-29 13:33:46 --> Controller "App\Controllers\base\Beranda" loaded.
INFO - 2021-07-29 13:33:46 --> Controller "App\Controllers\base\Beranda" loaded.
INFO - 2021-07-29 13:33:46 --> Controller "App\Controllers\base\Beranda" loaded.
INFO - 2021-07-29 13:33:47 --> Controller "App\Controllers\base\Beranda" loaded.
INFO - 2021-07-29 13:33:47 --> Controller "App\Controllers\base\Beranda" loaded.
INFO - 2021-07-29 13:33:47 --> Controller "App\Controllers\base\Beranda" loaded.
INFO - 2021-07-29 13:33:47 --> Controller "App\Controllers\base\Beranda" loaded.
INFO - 2021-07-29 13:33:48 --> Controller "App\Controllers\base\Beranda" loaded.
INFO - 2021-07-29 13:33:48 --> Controller "App\Controllers\base\Beranda" loaded.
INFO - 2021-07-29 13:33:48 --> Controller "App\Controllers\base\Beranda" loaded.
INFO - 2021-07-29 13:33:48 --> Controller "App\Controllers\base\Beranda" loaded.
INFO - 2021-07-29 13:33:48 --> Controller "App\Controllers\base\Beranda" loaded.
INFO - 2021-07-29 13:33:52 --> Controller "App\Controllers\base\Beranda" loaded.
INFO - 2021-07-29 13:33:53 --> Controller "App\Controllers\base\Beranda" loaded.
INFO - 2021-07-29 13:33:53 --> Controller "App\Controllers\base\Beranda" loaded.
INFO - 2021-07-29 13:33:53 --> Controller "App\Controllers\base\Beranda" loaded.
INFO - 2021-07-29 13:33:53 --> Controller "App\Controllers\base\Beranda" loaded.
INFO - 2021-07-29 13:33:54 --> Controller "App\Controllers\base\Beranda" loaded.
INFO - 2021-07-29 13:33:54 --> Controller "App\Controllers\base\Beranda" loaded.
INFO - 2021-07-29 13:33:54 --> Controller "App\Controllers\base\Beranda" loaded.
INFO - 2021-07-29 13:33:55 --> Controller "App\Controllers\base\Beranda" loaded.
INFO - 2021-07-29 13:33:55 --> Controller "App\Controllers\base\Beranda" loaded.
INFO - 2021-07-29 13:33:55 --> Controller "App\Controllers\base\Beranda" loaded.
INFO - 2021-07-29 13:33:55 --> Controller "App\Controllers\base\Beranda" loaded.
INFO - 2021-07-29 13:34:01 --> Controller "App\Controllers\base\Beranda" loaded.
INFO - 2021-07-29 13:34:01 --> Controller "App\Controllers\base\Beranda" loaded.
INFO - 2021-07-29 13:34:01 --> Controller "App\Controllers\base\Beranda" loaded.
INFO - 2021-07-29 13:34:01 --> Controller "App\Controllers\base\Beranda" loaded.
INFO - 2021-07-29 13:34:01 --> Controller "App\Controllers\base\Beranda" loaded.
INFO - 2021-07-29 13:34:02 --> Controller "App\Controllers\base\Beranda" loaded.
INFO - 2021-07-29 13:34:02 --> Controller "App\Controllers\base\Beranda" loaded.
INFO - 2021-07-29 13:34:02 --> Controller "App\Controllers\base\Beranda" loaded.
INFO - 2021-07-29 13:34:02 --> Controller "App\Controllers\base\Beranda" loaded.
INFO - 2021-07-29 13:34:03 --> Controller "App\Controllers\base\Beranda" loaded.
INFO - 2021-07-29 13:34:03 --> Controller "App\Controllers\base\Beranda" loaded.
INFO - 2021-07-29 13:34:03 --> Controller "App\Controllers\base\Beranda" loaded.
INFO - 2021-07-29 13:34:08 --> Controller "App\Controllers\base\Beranda" loaded.
INFO - 2021-07-29 13:34:08 --> Controller "App\Controllers\base\Beranda" loaded.
INFO - 2021-07-29 13:34:08 --> Controller "App\Controllers\base\Beranda" loaded.
INFO - 2021-07-29 13:34:08 --> Controller "App\Controllers\base\Beranda" loaded.
INFO - 2021-07-29 13:34:09 --> Controller "App\Controllers\base\Beranda" loaded.
INFO - 2021-07-29 13:34:09 --> Controller "App\Controllers\base\Beranda" loaded.
INFO - 2021-07-29 13:34:09 --> Controller "App\Controllers\base\Beranda" loaded.
INFO - 2021-07-29 13:34:09 --> Controller "App\Controllers\base\Beranda" loaded.
INFO - 2021-07-29 13:34:10 --> Controller "App\Controllers\base\Beranda" loaded.
INFO - 2021-07-29 13:34:10 --> Controller "App\Controllers\base\Beranda" loaded.
INFO - 2021-07-29 13:34:10 --> Controller "App\Controllers\base\Beranda" loaded.
INFO - 2021-07-29 13:34:10 --> Controller "App\Controllers\base\Beranda" loaded.
INFO - 2021-07-29 13:34:16 --> Controller "App\Controllers\base\Beranda" loaded.
INFO - 2021-07-29 13:34:17 --> Controller "App\Controllers\base\Beranda" loaded.
INFO - 2021-07-29 13:34:17 --> Controller "App\Controllers\base\Beranda" loaded.
INFO - 2021-07-29 13:34:17 --> Controller "App\Controllers\base\Beranda" loaded.
INFO - 2021-07-29 13:34:17 --> Controller "App\Controllers\base\Beranda" loaded.
INFO - 2021-07-29 13:34:18 --> Controller "App\Controllers\base\Beranda" loaded.
INFO - 2021-07-29 13:34:18 --> Controller "App\Controllers\base\Beranda" loaded.
INFO - 2021-07-29 13:34:18 --> Controller "App\Controllers\base\Beranda" loaded.
INFO - 2021-07-29 13:34:18 --> Controller "App\Controllers\base\Beranda" loaded.
INFO - 2021-07-29 13:34:19 --> Controller "App\Controllers\base\Beranda" loaded.
INFO - 2021-07-29 13:34:19 --> Controller "App\Controllers\base\Beranda" loaded.
INFO - 2021-07-29 13:34:19 --> Controller "App\Controllers\base\Beranda" loaded.
INFO - 2021-07-29 14:11:27 --> Controller "App\Controllers\base\Beranda" loaded.
INFO - 2021-07-29 14:12:19 --> Controller "App\Controllers\base\Beranda" loaded.
INFO - 2021-07-29 14:14:50 --> Session: Class initialized using 'CodeIgniter\Session\Handlers\FileHandler' driver.
INFO - 2021-07-29 14:14:50 --> Controller "App\Controllers\undangan\Undangan" loaded.
INFO - 2021-07-29 14:15:40 --> Controller "App\Controllers\base\Beranda" loaded.
INFO - 2021-07-29 14:15:54 --> Controller "App\Controllers\base\Beranda" loaded.
INFO - 2021-07-29 14:15:55 --> Session: Class initialized using 'CodeIgniter\Session\Handlers\FileHandler' driver.
INFO - 2021-07-29 14:15:55 --> Controller "App\Controllers\bukutamu\Bukutamu" loaded.
INFO - 2021-07-29 14:16:27 --> Controller "App\Controllers\base\Beranda" loaded.
INFO - 2021-07-29 14:37:23 --> Controller "App\Controllers\base\Beranda" loaded.
INFO - 2021-07-29 15:09:28 --> Controller "App\Controllers\base\Beranda" loaded.
INFO - 2021-07-29 15:09:29 --> Controller "App\Controllers\base\Beranda" loaded.
INFO - 2021-07-29 15:10:43 --> Controller "App\Controllers\base\Beranda" loaded.
INFO - 2021-07-29 15:12:00 --> Controller "App\Controllers\base\Beranda" loaded.
INFO - 2021-07-29 15:13:05 --> Controller "App\Controllers\base\Beranda" loaded.
INFO - 2021-07-29 15:13:06 --> Controller "App\Controllers\base\Beranda" loaded.
INFO - 2021-07-29 15:13:40 --> Controller "App\Controllers\base\Beranda" loaded.
INFO - 2021-07-29 15:45:40 --> Controller "App\Controllers\base\Beranda" loaded.
INFO - 2021-07-29 15:45:51 --> Session: Class initialized using 'CodeIgniter\Session\Handlers\FileHandler' driver.
INFO - 2021-07-29 15:45:51 --> Controller "App\Controllers\base\Order" loaded.
INFO - 2021-07-29 15:45:51 --> Controller "App\Controllers\base\Beranda" loaded.
INFO - 2021-07-29 15:46:10 --> Controller "App\Controllers\base\Beranda" loaded.
INFO - 2021-07-29 15:47:23 --> Controller "App\Controllers\base\Beranda" loaded.
INFO - 2021-07-29 15:47:26 --> Controller "App\Controllers\base\Beranda" loaded.
INFO - 2021-07-29 15:47:43 --> Session: Class initialized using 'CodeIgniter\Session\Handlers\FileHandler' driver.
INFO - 2021-07-29 15:47:43 --> Controller "App\Controllers\bukutamu\Bukutamu" loaded.
INFO - 2021-07-29 15:50:27 --> Controller "App\Controllers\base\Beranda" loaded.
INFO - 2021-07-29 18:21:49 --> Controller "App\Controllers\base\Beranda" loaded.
INFO - 2021-07-29 18:21:52 --> Controller "App\Controllers\base\Beranda" loaded.
INFO - 2021-07-29 18:21:52 --> Controller "App\Controllers\base\Beranda" loaded.
INFO - 2021-07-29 18:21:58 --> Controller "App\Controllers\base\Beranda" loaded.
INFO - 2021-07-29 20:24:07 --> Controller "App\Controllers\base\Beranda" loaded.
INFO - 2021-07-29 20:24:22 --> Session: Class initialized using 'CodeIgniter\Session\Handlers\FileHandler' driver.
INFO - 2021-07-29 20:24:22 --> Controller "App\Controllers\undangan\Undangan" loaded.
INFO - 2021-07-29 20:42:29 --> Controller "App\Controllers\base\Beranda" loaded.
INFO - 2021-07-29 21:28:17 --> Controller "App\Controllers\base\Beranda" loaded.
INFO - 2021-07-29 21:28:18 --> Controller "App\Controllers\base\Beranda" loaded.
INFO - 2021-07-29 21:28:18 --> Controller "App\Controllers\base\Beranda" loaded.
INFO - 2021-07-29 21:28:18 --> Controller "App\Controllers\base\Beranda" loaded.
INFO - 2021-07-29 21:28:25 --> Session: Class initialized using 'CodeIgniter\Session\Handlers\FileHandler' driver.
INFO - 2021-07-29 21:28:25 --> Controller "App\Controllers\base\Order" loaded.
INFO - 2021-07-29 21:28:25 --> Controller "App\Controllers\base\Beranda" loaded.
INFO - 2021-07-29 21:36:06 --> Controller "App\Controllers\base\Beranda" loaded.
INFO - 2021-07-29 21:53:11 --> Controller "App\Controllers\base\Beranda" loaded.
INFO - 2021-07-29 22:17:08 --> Controller "App\Controllers\base\Beranda" loaded.
INFO - 2021-07-29 22:17:10 --> Session: Class initialized using 'CodeIgniter\Session\Handlers\FileHandler' driver.
INFO - 2021-07-29 22:17:10 --> Controller "App\Controllers\base\Dashboard" loaded.
INFO - 2021-07-29 22:17:12 --> Session: Class initialized using 'CodeIgniter\Session\Handlers\FileHandler' driver.
INFO - 2021-07-29 22:17:12 --> Controller "App\Controllers\base\Order" loaded.
INFO - 2021-07-29 22:17:15 --> Controller "App\Controllers\base\Beranda" loaded.
INFO - 2021-07-29 22:17:17 --> Session: Class initialized using 'CodeIgniter\Session\Handlers\FileHandler' driver.
INFO - 2021-07-29 22:17:17 --> Controller "App\Controllers\base\Order" loaded.
INFO - 2021-07-29 22:17:18 --> Session: Class initialized using 'CodeIgniter\Session\Handlers\FileHandler' driver.
INFO - 2021-07-29 22:17:18 --> Controller "App\Controllers\base\Order" loaded.
INFO - 2021-07-29 22:17:20 --> Session: Class initialized using 'CodeIgniter\Session\Handlers\FileHandler' driver.
INFO - 2021-07-29 22:17:20 --> Controller "App\Controllers\base\Order" loaded.
INFO - 2021-07-29 22:17:22 --> Session: Class initialized using 'CodeIgniter\Session\Handlers\FileHandler' driver.
INFO - 2021-07-29 22:17:22 --> Controller "App\Controllers\base\Order" loaded.
INFO - 2021-07-29 22:17:24 --> Controller "App\Controllers\base\Beranda" loaded.
INFO - 2021-07-29 22:17:29 --> Session: Class initialized using 'CodeIgniter\Session\Handlers\FileHandler' driver.
INFO - 2021-07-29 22:17:29 --> Controller "App\Controllers\undangan\Undangan" loaded.
CRITICAL - 2021-07-29 22:17:29 --> Unknown column 'bon' in 'where clause'
#0 /home/nguh5634/public_html/system/Database/MySQLi/Connection.php(330): mysqli->query('SELECT *\nFROM `...')
#1 /home/nguh5634/public_html/system/Database/BaseConnection.php(738): CodeIgniter\Database\MySQLi\Connection->execute('SELECT *\nFROM `...')
#2 /home/nguh5634/public_html/system/Database/BaseConnection.php(666): CodeIgniter\Database\BaseConnection->simpleQuery('SELECT *\nFROM `...')
#3 /home/nguh5634/public_html/system/Database/BaseBuilder.php(1819): CodeIgniter\Database\BaseConnection->query('SELECT *\nFROM `...', Array, false)
#4 /home/nguh5634/public_html/app/Models/undangan/UndanganModel.php(53): CodeIgniter\Database\BaseBuilder->get()
#5 /home/nguh5634/public_html/app/Controllers/undangan/Undangan.php(89): App\Models\undangan\UndanganModel->cek_tamu('1', 'bon%20jovi')
#6 /home/nguh5634/public_html/system/CodeIgniter.php(910): App\Controllers\undangan\Undangan->undangan()
#7 /home/nguh5634/public_html/system/CodeIgniter.php(398): CodeIgniter\CodeIgniter->runController(Object(App\Controllers\undangan\Undangan))
#8 /home/nguh5634/public_html/system/CodeIgniter.php(306): CodeIgniter\CodeIgniter->handleRequest(NULL, Object(Config\Cache), false)
#9 /home/nguh5634/public_html/index.php(45): CodeIgniter\CodeIgniter->run()
#10 {main}
INFO - 2021-07-29 22:50:58 --> Controller "App\Controllers\base\Beranda" loaded.
INFO - 2021-07-29 22:51:00 --> Controller "App\Controllers\base\Beranda" loaded.
INFO - 2021-07-29 23:10:02 --> Controller "App\Controllers\base\Beranda" loaded.
INFO - 2021-07-29 23:10:05 --> Session: Class initialized using 'CodeIgniter\Session\Handlers\FileHandler' driver.
INFO - 2021-07-29 23:10:05 --> Controller "App\Controllers\base\Dashboard" loaded.
INFO - 2021-07-29 23:34:40 --> Session: Class initialized using 'CodeIgniter\Session\Handlers\FileHandler' driver.
INFO - 2021-07-29 23:34:40 --> Controller "App\Controllers\undangan\Undangan" loaded.
INFO - 2021-07-29 23:34:45 --> Session: Class initialized using 'CodeIgniter\Session\Handlers\FileHandler' driver.
INFO - 2021-07-29 23:34:45 --> Controller "App\Controllers\undangan\Undangan" loaded.
INFO - 2021-07-29 23:34:45 --> Session: Class initialized using 'CodeIgniter\Session\Handlers\FileHandler' driver.
INFO - 2021-07-29 23:34:45 --> Controller "App\Controllers\undangan\Undangan" loaded.
INFO - 2021-07-29 23:34:45 --> Session: Class initialized using 'CodeIgniter\Session\Handlers\FileHandler' driver.
INFO - 2021-07-29 23:34:45 --> Controller "App\Controllers\undangan\Undangan" loaded.
INFO - 2021-07-29 23:34:54 --> Session: Class initialized using 'CodeIgniter\Session\Handlers\FileHandler' driver.
INFO - 2021-07-29 23:34:54 --> Controller "App\Controllers\undangan\Undangan" loaded.
INFO - 2021-07-29 23:34:54 --> Session: Class initialized using 'CodeIgniter\Session\Handlers\FileHandler' driver.
INFO - 2021-07-29 23:34:54 --> Controller "App\Controllers\undangan\Undangan" loaded.
INFO - 2021-07-29 23:34:54 --> Session: Class initialized using 'CodeIgniter\Session\Handlers\FileHandler' driver.
INFO - 2021-07-29 23:34:54 --> Controller "App\Controllers\undangan\Undangan" loaded.
INFO - 2021-07-29 23:34:54 --> Session: Class initialized using 'CodeIgniter\Session\Handlers\FileHandler' driver.
INFO - 2021-07-29 23:34:54 --> Controller "App\Controllers\undangan\Undangan" loaded.
INFO - 2021-07-29 23:35:00 --> Session: Class initialized using 'CodeIgniter\Session\Handlers\FileHandler' driver.
INFO - 2021-07-29 23:35:00 --> Controller "App\Controllers\undangan\Undangan" loaded.
INFO - 2021-07-29 23:35:01 --> Session: Class initialized using 'CodeIgniter\Session\Handlers\FileHandler' driver.
INFO - 2021-07-29 23:35:01 --> Controller "App\Controllers\undangan\Undangan" loaded.
INFO - 2021-07-29 23:35:01 --> Session: Class initialized using 'CodeIgniter\Session\Handlers\FileHandler' driver.
INFO - 2021-07-29 23:35:01 --> Controller "App\Controllers\undangan\Undangan" loaded.
INFO - 2021-07-29 23:35:01 --> Session: Class initialized using 'CodeIgniter\Session\Handlers\FileHandler' driver.
INFO - 2021-07-29 23:35:01 --> Controller "App\Controllers\undangan\Undangan" loaded.
INFO - 2021-07-29 23:35:06 --> Session: Class initialized using 'CodeIgniter\Session\Handlers\FileHandler' driver.
INFO - 2021-07-29 23:35:06 --> Controller "App\Controllers\undangan\Undangan" loaded.
CRITICAL - 2021-07-29 23:35:06 --> You have an error in your SQL syntax; check the manual that corresponds to your MariaDB server version for the right syntax to use near '=u AND `id_user` = 1' at line 3
#0 /home/nguh5634/public_html/system/Database/MySQLi/Connection.php(330): mysqli->query('SELECT *\nFROM `...')
#1 /home/nguh5634/public_html/system/Database/BaseConnection.php(738): CodeIgniter\Database\MySQLi\Connection->execute('SELECT *\nFROM `...')
#2 /home/nguh5634/public_html/system/Database/BaseConnection.php(666): CodeIgniter\Database\BaseConnection->simpleQuery('SELECT *\nFROM `...')
#3 /home/nguh5634/public_html/system/Database/BaseBuilder.php(1819): CodeIgniter\Database\BaseConnection->query('SELECT *\nFROM `...', Array, false)
#4 /home/nguh5634/public_html/app/Models/undangan/UndanganModel.php(53): CodeIgniter\Database\BaseBuilder->get()
#5 /home/nguh5634/public_html/app/Controllers/undangan/Undangan.php(89): App\Models\undangan\UndanganModel->cek_tamu('1', '=u')
#6 /home/nguh5634/public_html/system/CodeIgniter.php(910): App\Controllers\undangan\Undangan->undangan()
#7 /home/nguh5634/public_html/system/CodeIgniter.php(398): CodeIgniter\CodeIgniter->runController(Object(App\Controllers\undangan\Undangan))
#8 /home/nguh5634/public_html/system/CodeIgniter.php(306): CodeIgniter\CodeIgniter->handleRequest(NULL, Object(Config\Cache), false)
#9 /home/nguh5634/public_html/index.php(45): CodeIgniter\CodeIgniter->run()
#10 {main}
INFO - 2021-07-29 23:35:10 --> Session: Class initialized using 'CodeIgniter\Session\Handlers\FileHandler' driver.
INFO - 2021-07-29 23:35:10 --> Controller "App\Controllers\undangan\Undangan" loaded.
INFO - 2021-07-29 23:35:10 --> Session: Class initialized using 'CodeIgniter\Session\Handlers\FileHandler' driver.
INFO - 2021-07-29 23:35:10 --> Controller "App\Controllers\undangan\Undangan" loaded.
INFO - 2021-07-29 23:35:10 --> Session: Class initialized using 'CodeIgniter\Session\Handlers\FileHandler' driver.
INFO - 2021-07-29 23:35:10 --> Controller "App\Controllers\undangan\Undangan" loaded.
INFO - 2021-07-29 23:35:10 --> Session: Class initialized using 'CodeIgniter\Session\Handlers\FileHandler' driver.
INFO - 2021-07-29 23:35:10 --> Controller "App\Controllers\undangan\Undangan" loaded.
INFO - 2021-07-29 23:35:18 --> Session: Class initialized using 'CodeIgniter\Session\Handlers\FileHandler' driver.
INFO - 2021-07-29 23:35:18 --> Controller "App\Controllers\undangan\Undangan" loaded.
INFO - 2021-07-29 23:35:19 --> Session: Class initialized using 'CodeIgniter\Session\Handlers\FileHandler' driver.
INFO - 2021-07-29 23:35:19 --> Controller "App\Controllers\undangan\Undangan" loaded.
INFO - 2021-07-29 23:35:19 --> Session: Class initialized using 'CodeIgniter\Session\Handlers\FileHandler' driver.
INFO - 2021-07-29 23:35:19 --> Controller "App\Controllers\undangan\Undangan" loaded.
INFO - 2021-07-29 23:35:19 --> Session: Class initialized using 'CodeIgniter\Session\Handlers\FileHandler' driver.
INFO - 2021-07-29 23:35:19 --> Controller "App\Controllers\undangan\Undangan" loaded.
INFO - 2021-07-29 23:35:58 --> Session: Class initialized using 'CodeIgniter\Session\Handlers\FileHandler' driver.
INFO - 2021-07-29 23:35:58 --> Controller "App\Controllers\undangan\Undangan" loaded.
INFO - 2021-07-29 23:35:58 --> Session: Class initialized using 'CodeIgniter\Session\Handlers\FileHandler' driver.
INFO - 2021-07-29 23:35:58 --> Controller "App\Controllers\undangan\Undangan" loaded.
INFO - 2021-07-29 23:35:58 --> Session: Class initialized using 'CodeIgniter\Session\Handlers\FileHandler' driver.
INFO - 2021-07-29 23:35:58 --> Controller "App\Controllers\undangan\Undangan" loaded.
INFO - 2021-07-29 23:36:44 --> Session: Class initialized using 'CodeIgniter\Session\Handlers\FileHandler' driver.
INFO - 2021-07-29 23:36:44 --> Controller "App\Controllers\bukutamu\Bukutamu" loaded.
INFO - 2021-07-29 23:36:52 --> Session: Class initialized using 'CodeIgniter\Session\Handlers\FileHandler' driver.
INFO - 2021-07-29 23:36:52 --> Controller "App\Controllers\bukutamu\Bukutamu" loaded.
INFO - 2021-07-29 23:37:02 --> Session: Class initialized using 'CodeIgniter\Session\Handlers\FileHandler' driver.
INFO - 2021-07-29 23:37:02 --> Controller "App\Controllers\bukutamu\Bukutamu" loaded.
INFO - 2021-07-29 23:37:04 --> Session: Class initialized using 'CodeIgniter\Session\Handlers\FileHandler' driver.
INFO - 2021-07-29 23:37:04 --> Controller "App\Controllers\bukutamu\Bukutamu" loaded.
INFO - 2021-07-29 23:37:09 --> Session: Class initialized using 'CodeIgniter\Session\Handlers\FileHandler' driver.
INFO - 2021-07-29 23:37:09 --> Controller "App\Controllers\bukutamu\Bukutamu" loaded.
INFO - 2021-07-29 23:37:37 --> Session: Class initialized using 'CodeIgniter\Session\Handlers\FileHandler' driver.
INFO - 2021-07-29 23:37:37 --> Controller "App\Controllers\bukutamu\Bukutamu" loaded.
INFO - 2021-07-29 23:37:59 --> Session: Class initialized using 'CodeIgniter\Session\Handlers\FileHandler' driver.
INFO - 2021-07-29 23:37:59 --> Controller "App\Controllers\bukutamu\Bukutamu" loaded.
INFO - 2021-07-29 23:38:01 --> Session: Class initialized using 'CodeIgniter\Session\Handlers\FileHandler' driver.
INFO - 2021-07-29 23:38:01 --> Controller "App\Controllers\bukutamu\Bukutamu" loaded.
INFO - 2021-07-29 23:38:11 --> Controller "App\Controllers\base\Beranda" loaded.
INFO - 2021-07-29 23:38:38 --> Controller "App\Controllers\base\Beranda" loaded.
INFO - 2021-07-29 23:38:54 --> Controller "App\Controllers\base\Beranda" loaded.
INFO - 2021-07-29 23:38:54 --> Controller "App\Controllers\base\Beranda" loaded.
INFO - 2021-07-29 23:38:54 --> Controller "App\Controllers\base\Beranda" loaded.
INFO - 2021-07-29 23:39:05 --> Controller "App\Controllers\base\Beranda" loaded.
INFO - 2021-07-29 23:39:05 --> Controller "App\Controllers\base\Beranda" loaded.
INFO - 2021-07-29 23:39:05 --> Controller "App\Controllers\base\Beranda" loaded.
