INFO - 2022-03-25 00:06:55 --> Session: Class initialized using 'CodeIgniter\Session\Handlers\FileHandler' driver.
INFO - 2022-03-25 00:06:55 --> Controller "App\Controllers\admin\Admin" loaded.
INFO - 2022-03-25 00:09:48 --> Controller "App\Controllers\base\Beranda" loaded.
INFO - 2022-03-25 00:09:50 --> Controller "App\Controllers\base\Beranda" loaded.
INFO - 2022-03-25 01:00:21 --> Controller "App\Controllers\base\Beranda" loaded.
INFO - 2022-03-25 01:58:07 --> Controller "App\Controllers\base\Beranda" loaded.
INFO - 2022-03-25 01:58:11 --> Controller "App\Controllers\base\Beranda" loaded.
INFO - 2022-03-25 02:11:42 --> Controller "App\Controllers\base\Beranda" loaded.
INFO - 2022-03-25 02:11:42 --> Controller "App\Controllers\base\Beranda" loaded.
INFO - 2022-03-25 02:11:42 --> Controller "App\Controllers\base\Beranda" loaded.
INFO - 2022-03-25 02:11:43 --> Controller "App\Controllers\base\Beranda" loaded.
INFO - 2022-03-25 02:11:44 --> Controller "App\Controllers\base\Beranda" loaded.
INFO - 2022-03-25 02:11:44 --> Controller "App\Controllers\base\Beranda" loaded.
INFO - 2022-03-25 02:11:44 --> Controller "App\Controllers\base\Beranda" loaded.
INFO - 2022-03-25 02:11:45 --> Controller "App\Controllers\base\Beranda" loaded.
INFO - 2022-03-25 02:23:18 --> Controller "App\Controllers\base\Beranda" loaded.
INFO - 2022-03-25 04:00:43 --> Controller "App\Controllers\base\Beranda" loaded.
INFO - 2022-03-25 05:26:01 --> Controller "App\Controllers\base\Beranda" loaded.
INFO - 2022-03-25 05:38:54 --> Controller "App\Controllers\base\Beranda" loaded.
INFO - 2022-03-25 05:56:05 --> Controller "App\Controllers\base\Beranda" loaded.
INFO - 2022-03-25 06:51:03 --> Session: Class initialized using 'CodeIgniter\Session\Handlers\FileHandler' driver.
INFO - 2022-03-25 06:51:03 --> Controller "App\Controllers\admin\Admin" loaded.
INFO - 2022-03-25 07:00:02 --> Controller "App\Controllers\base\Beranda" loaded.
INFO - 2022-03-25 07:00:02 --> Controller "App\Controllers\base\Beranda" loaded.
INFO - 2022-03-25 07:10:02 --> Controller "App\Controllers\base\Beranda" loaded.
INFO - 2022-03-25 07:11:51 --> Session: Class initialized using 'CodeIgniter\Session\Handlers\FileHandler' driver.
INFO - 2022-03-25 07:11:51 --> Controller "App\Controllers\undangan\Undangan" loaded.
INFO - 2022-03-25 07:20:02 --> Controller "App\Controllers\base\Beranda" loaded.
INFO - 2022-03-25 07:30:02 --> Controller "App\Controllers\base\Beranda" loaded.
INFO - 2022-03-25 07:40:02 --> Controller "App\Controllers\base\Beranda" loaded.
INFO - 2022-03-25 07:44:57 --> Controller "App\Controllers\base\Beranda" loaded.
INFO - 2022-03-25 07:50:02 --> Controller "App\Controllers\base\Beranda" loaded.
INFO - 2022-03-25 07:54:13 --> Controller "App\Controllers\base\Beranda" loaded.
INFO - 2022-03-25 08:00:02 --> Controller "App\Controllers\base\Beranda" loaded.
INFO - 2022-03-25 08:09:03 --> Controller "App\Controllers\base\Beranda" loaded.
INFO - 2022-03-25 08:09:03 --> Controller "App\Controllers\base\Beranda" loaded.
INFO - 2022-03-25 08:09:03 --> Controller "App\Controllers\base\Beranda" loaded.
INFO - 2022-03-25 08:09:03 --> Controller "App\Controllers\base\Beranda" loaded.
INFO - 2022-03-25 08:09:03 --> Controller "App\Controllers\base\Beranda" loaded.
INFO - 2022-03-25 08:09:03 --> Controller "App\Controllers\base\Beranda" loaded.
INFO - 2022-03-25 08:09:04 --> Controller "App\Controllers\base\Beranda" loaded.
INFO - 2022-03-25 08:09:04 --> Controller "App\Controllers\base\Beranda" loaded.
INFO - 2022-03-25 08:09:04 --> Controller "App\Controllers\base\Beranda" loaded.
INFO - 2022-03-25 08:09:04 --> Controller "App\Controllers\base\Beranda" loaded.
INFO - 2022-03-25 08:09:04 --> Controller "App\Controllers\base\Beranda" loaded.
INFO - 2022-03-25 08:09:04 --> Controller "App\Controllers\base\Beranda" loaded.
INFO - 2022-03-25 08:09:04 --> Controller "App\Controllers\base\Beranda" loaded.
INFO - 2022-03-25 08:09:04 --> Controller "App\Controllers\base\Beranda" loaded.
INFO - 2022-03-25 08:10:02 --> Controller "App\Controllers\base\Beranda" loaded.
INFO - 2022-03-25 08:20:02 --> Controller "App\Controllers\base\Beranda" loaded.
INFO - 2022-03-25 08:30:02 --> Controller "App\Controllers\base\Beranda" loaded.
INFO - 2022-03-25 08:40:02 --> Controller "App\Controllers\base\Beranda" loaded.
INFO - 2022-03-25 08:45:00 --> Controller "App\Controllers\base\Beranda" loaded.
INFO - 2022-03-25 08:50:02 --> Controller "App\Controllers\base\Beranda" loaded.
INFO - 2022-03-25 08:56:54 --> Controller "App\Controllers\base\Beranda" loaded.
INFO - 2022-03-25 08:56:55 --> Controller "App\Controllers\base\Beranda" loaded.
INFO - 2022-03-25 08:56:56 --> Controller "App\Controllers\base\Beranda" loaded.
INFO - 2022-03-25 08:56:56 --> Controller "App\Controllers\base\Beranda" loaded.
INFO - 2022-03-25 08:56:57 --> Session: Class initialized using 'CodeIgniter\Session\Handlers\FileHandler' driver.
INFO - 2022-03-25 08:56:57 --> Controller "App\Controllers\base\Dashboard" loaded.
INFO - 2022-03-25 08:57:30 --> Session: Class initialized using 'CodeIgniter\Session\Handlers\FileHandler' driver.
INFO - 2022-03-25 08:57:30 --> Controller "App\Controllers\undangan\Undangan" loaded.
INFO - 2022-03-25 08:57:31 --> Session: Class initialized using 'CodeIgniter\Session\Handlers\FileHandler' driver.
INFO - 2022-03-25 08:57:31 --> Controller "App\Controllers\undangan\Undangan" loaded.
INFO - 2022-03-25 08:57:31 --> Session: Class initialized using 'CodeIgniter\Session\Handlers\FileHandler' driver.
INFO - 2022-03-25 08:57:31 --> Controller "App\Controllers\undangan\Undangan" loaded.
INFO - 2022-03-25 08:57:33 --> Session: Class initialized using 'CodeIgniter\Session\Handlers\FileHandler' driver.
INFO - 2022-03-25 08:57:33 --> Controller "App\Controllers\undangan\Undangan" loaded.
INFO - 2022-03-25 08:57:33 --> Session: Class initialized using 'CodeIgniter\Session\Handlers\FileHandler' driver.
INFO - 2022-03-25 08:57:33 --> Controller "App\Controllers\undangan\Undangan" loaded.
INFO - 2022-03-25 08:57:34 --> Session: Class initialized using 'CodeIgniter\Session\Handlers\FileHandler' driver.
INFO - 2022-03-25 08:57:34 --> Controller "App\Controllers\undangan\Undangan" loaded.
INFO - 2022-03-25 08:57:34 --> Session: Class initialized using 'CodeIgniter\Session\Handlers\FileHandler' driver.
INFO - 2022-03-25 08:57:34 --> Controller "App\Controllers\undangan\Undangan" loaded.
INFO - 2022-03-25 08:57:57 --> Session: Class initialized using 'CodeIgniter\Session\Handlers\FileHandler' driver.
INFO - 2022-03-25 08:57:57 --> Controller "App\Controllers\bukutamu\Bukutamu" loaded.
CRITICAL - 2022-03-25 08:57:57 --> Undefined offset: 0
#0 /home/ngua4317/public_html/app/Controllers/bukutamu/Bukutamu.php(41): CodeIgniter\Debug\Exceptions->errorHandler(8, 'Undefined offse...', '/home/ngua4317/...', 41, Array)
#1 /home/ngua4317/public_html/system/CodeIgniter.php(910): App\Controllers\bukutamu\Bukutamu->bukutamu()
#2 /home/ngua4317/public_html/system/CodeIgniter.php(398): CodeIgniter\CodeIgniter->runController(Object(App\Controllers\bukutamu\Bukutamu))
#3 /home/ngua4317/public_html/system/CodeIgniter.php(306): CodeIgniter\CodeIgniter->handleRequest(NULL, Object(Config\Cache), false)
#4 /home/ngua4317/public_html/index.php(45): CodeIgniter\CodeIgniter->run()
#5 {main}
INFO - 2022-03-25 08:57:58 --> Session: Class initialized using 'CodeIgniter\Session\Handlers\FileHandler' driver.
INFO - 2022-03-25 08:57:58 --> Controller "App\Controllers\bukutamu\Bukutamu" loaded.
CRITICAL - 2022-03-25 08:57:58 --> Undefined offset: 0
#0 /home/ngua4317/public_html/app/Controllers/bukutamu/Bukutamu.php(41): CodeIgniter\Debug\Exceptions->errorHandler(8, 'Undefined offse...', '/home/ngua4317/...', 41, Array)
#1 /home/ngua4317/public_html/system/CodeIgniter.php(910): App\Controllers\bukutamu\Bukutamu->bukutamu()
#2 /home/ngua4317/public_html/system/CodeIgniter.php(398): CodeIgniter\CodeIgniter->runController(Object(App\Controllers\bukutamu\Bukutamu))
#3 /home/ngua4317/public_html/system/CodeIgniter.php(306): CodeIgniter\CodeIgniter->handleRequest(NULL, Object(Config\Cache), false)
#4 /home/ngua4317/public_html/index.php(45): CodeIgniter\CodeIgniter->run()
#5 {main}
INFO - 2022-03-25 08:57:59 --> Session: Class initialized using 'CodeIgniter\Session\Handlers\FileHandler' driver.
INFO - 2022-03-25 08:57:59 --> Controller "App\Controllers\bukutamu\Bukutamu" loaded.
INFO - 2022-03-25 08:57:59 --> Session: Class initialized using 'CodeIgniter\Session\Handlers\FileHandler' driver.
INFO - 2022-03-25 08:57:59 --> Controller "App\Controllers\bukutamu\Bukutamu" loaded.
CRITICAL - 2022-03-25 08:57:59 --> Undefined offset: 0
#0 /home/ngua4317/public_html/app/Controllers/bukutamu/Bukutamu.php(41): CodeIgniter\Debug\Exceptions->errorHandler(8, 'Undefined offse...', '/home/ngua4317/...', 41, Array)
#1 /home/ngua4317/public_html/system/CodeIgniter.php(910): App\Controllers\bukutamu\Bukutamu->bukutamu()
#2 /home/ngua4317/public_html/system/CodeIgniter.php(398): CodeIgniter\CodeIgniter->runController(Object(App\Controllers\bukutamu\Bukutamu))
#3 /home/ngua4317/public_html/system/CodeIgniter.php(306): CodeIgniter\CodeIgniter->handleRequest(NULL, Object(Config\Cache), false)
#4 /home/ngua4317/public_html/index.php(45): CodeIgniter\CodeIgniter->run()
#5 {main}
INFO - 2022-03-25 09:00:02 --> Controller "App\Controllers\base\Beranda" loaded.
INFO - 2022-03-25 09:00:44 --> Session: Class initialized using 'CodeIgniter\Session\Handlers\FileHandler' driver.
INFO - 2022-03-25 09:00:44 --> Controller "App\Controllers\base\Dashboard" loaded.
INFO - 2022-03-25 09:00:58 --> Session: Class initialized using 'CodeIgniter\Session\Handlers\FileHandler' driver.
INFO - 2022-03-25 09:00:58 --> Controller "App\Controllers\undangan\Undangan" loaded.
INFO - 2022-03-25 09:04:07 --> Session: Class initialized using 'CodeIgniter\Session\Handlers\FileHandler' driver.
INFO - 2022-03-25 09:04:07 --> Controller "App\Controllers\bukutamu\Bukutamu" loaded.
INFO - 2022-03-25 09:10:02 --> Controller "App\Controllers\base\Beranda" loaded.
INFO - 2022-03-25 09:20:02 --> Controller "App\Controllers\base\Beranda" loaded.
INFO - 2022-03-25 09:20:07 --> Controller "App\Controllers\base\Beranda" loaded.
INFO - 2022-03-25 09:20:18 --> Controller "App\Controllers\base\Beranda" loaded.
INFO - 2022-03-25 09:20:26 --> Controller "App\Controllers\base\Beranda" loaded.
INFO - 2022-03-25 09:21:10 --> Controller "App\Controllers\base\Beranda" loaded.
INFO - 2022-03-25 09:21:14 --> Controller "App\Controllers\base\Beranda" loaded.
INFO - 2022-03-25 09:21:17 --> Controller "App\Controllers\base\Beranda" loaded.
INFO - 2022-03-25 09:30:02 --> Controller "App\Controllers\base\Beranda" loaded.
INFO - 2022-03-25 09:40:02 --> Controller "App\Controllers\base\Beranda" loaded.
INFO - 2022-03-25 09:50:02 --> Controller "App\Controllers\base\Beranda" loaded.
INFO - 2022-03-25 10:00:02 --> Controller "App\Controllers\base\Beranda" loaded.
INFO - 2022-03-25 10:09:45 --> Controller "App\Controllers\base\Beranda" loaded.
INFO - 2022-03-25 10:10:01 --> Controller "App\Controllers\base\Beranda" loaded.
INFO - 2022-03-25 10:10:02 --> Controller "App\Controllers\base\Beranda" loaded.
INFO - 2022-03-25 10:10:27 --> Session: Class initialized using 'CodeIgniter\Session\Handlers\FileHandler' driver.
INFO - 2022-03-25 10:10:27 --> Controller "App\Controllers\undangan\Undangan" loaded.
INFO - 2022-03-25 10:11:31 --> Controller "App\Controllers\base\Beranda" loaded.
INFO - 2022-03-25 10:14:25 --> Controller "App\Controllers\base\Beranda" loaded.
INFO - 2022-03-25 10:14:36 --> Controller "App\Controllers\base\Beranda" loaded.
INFO - 2022-03-25 10:14:43 --> Controller "App\Controllers\base\Beranda" loaded.
INFO - 2022-03-25 10:14:43 --> Controller "App\Controllers\base\Beranda" loaded.
INFO - 2022-03-25 10:14:43 --> Controller "App\Controllers\base\Beranda" loaded.
INFO - 2022-03-25 10:14:57 --> Controller "App\Controllers\base\Beranda" loaded.
INFO - 2022-03-25 10:14:59 --> Controller "App\Controllers\base\Beranda" loaded.
INFO - 2022-03-25 10:16:04 --> Controller "App\Controllers\base\Beranda" loaded.
INFO - 2022-03-25 10:20:02 --> Controller "App\Controllers\base\Beranda" loaded.
INFO - 2022-03-25 10:30:02 --> Controller "App\Controllers\base\Beranda" loaded.
INFO - 2022-03-25 10:30:38 --> Controller "App\Controllers\base\Beranda" loaded.
INFO - 2022-03-25 10:37:35 --> Session: Class initialized using 'CodeIgniter\Session\Handlers\FileHandler' driver.
INFO - 2022-03-25 10:37:35 --> Controller "App\Controllers\base\Order" loaded.
INFO - 2022-03-25 10:37:35 --> Controller "App\Controllers\base\Beranda" loaded.
INFO - 2022-03-25 10:37:39 --> Controller "App\Controllers\base\Beranda" loaded.
INFO - 2022-03-25 10:37:46 --> Session: Class initialized using 'CodeIgniter\Session\Handlers\FileHandler' driver.
INFO - 2022-03-25 10:37:46 --> Controller "App\Controllers\base\Order" loaded.
INFO - 2022-03-25 10:39:10 --> Session: Class initialized using 'CodeIgniter\Session\Handlers\FileHandler' driver.
INFO - 2022-03-25 10:39:10 --> Controller "App\Controllers\bukutamu\Bukutamu" loaded.
INFO - 2022-03-25 10:39:28 --> Session: Class initialized using 'CodeIgniter\Session\Handlers\FileHandler' driver.
INFO - 2022-03-25 10:39:28 --> Controller "App\Controllers\bukutamu\Bukutamu" loaded.
INFO - 2022-03-25 10:39:32 --> Session: Class initialized using 'CodeIgniter\Session\Handlers\FileHandler' driver.
INFO - 2022-03-25 10:39:32 --> Controller "App\Controllers\bukutamu\Bukutamu" loaded.
INFO - 2022-03-25 10:39:44 --> Session: Class initialized using 'CodeIgniter\Session\Handlers\FileHandler' driver.
INFO - 2022-03-25 10:39:44 --> Controller "App\Controllers\undangan\Undangan" loaded.
INFO - 2022-03-25 10:40:01 --> Session: Class initialized using 'CodeIgniter\Session\Handlers\FileHandler' driver.
INFO - 2022-03-25 10:40:01 --> Controller "App\Controllers\undangan\Undangan" loaded.
INFO - 2022-03-25 10:40:02 --> Controller "App\Controllers\base\Beranda" loaded.
INFO - 2022-03-25 10:41:02 --> Controller "App\Controllers\base\Beranda" loaded.
INFO - 2022-03-25 10:41:06 --> Controller "App\Controllers\base\Beranda" loaded.
INFO - 2022-03-25 10:41:29 --> Session: Class initialized using 'CodeIgniter\Session\Handlers\FileHandler' driver.
INFO - 2022-03-25 10:41:29 --> Controller "App\Controllers\base\Order" loaded.
INFO - 2022-03-25 10:50:02 --> Controller "App\Controllers\base\Beranda" loaded.
INFO - 2022-03-25 11:00:02 --> Controller "App\Controllers\base\Beranda" loaded.
INFO - 2022-03-25 11:10:02 --> Controller "App\Controllers\base\Beranda" loaded.
INFO - 2022-03-25 11:20:02 --> Controller "App\Controllers\base\Beranda" loaded.
INFO - 2022-03-25 11:30:01 --> Controller "App\Controllers\base\Beranda" loaded.
INFO - 2022-03-25 11:40:02 --> Controller "App\Controllers\base\Beranda" loaded.
INFO - 2022-03-25 11:50:02 --> Controller "App\Controllers\base\Beranda" loaded.
INFO - 2022-03-25 12:00:02 --> Controller "App\Controllers\base\Beranda" loaded.
INFO - 2022-03-25 12:00:32 --> Controller "App\Controllers\base\Beranda" loaded.
INFO - 2022-03-25 12:10:02 --> Controller "App\Controllers\base\Beranda" loaded.
INFO - 2022-03-25 12:20:02 --> Controller "App\Controllers\base\Beranda" loaded.
INFO - 2022-03-25 12:30:02 --> Controller "App\Controllers\base\Beranda" loaded.
INFO - 2022-03-25 12:40:02 --> Controller "App\Controllers\base\Beranda" loaded.
INFO - 2022-03-25 12:50:02 --> Controller "App\Controllers\base\Beranda" loaded.
INFO - 2022-03-25 12:53:39 --> Controller "App\Controllers\base\Beranda" loaded.
INFO - 2022-03-25 13:00:02 --> Controller "App\Controllers\base\Beranda" loaded.
INFO - 2022-03-25 13:10:02 --> Controller "App\Controllers\base\Beranda" loaded.
INFO - 2022-03-25 13:20:02 --> Controller "App\Controllers\base\Beranda" loaded.
INFO - 2022-03-25 13:30:02 --> Controller "App\Controllers\base\Beranda" loaded.
INFO - 2022-03-25 13:40:02 --> Controller "App\Controllers\base\Beranda" loaded.
INFO - 2022-03-25 13:50:02 --> Controller "App\Controllers\base\Beranda" loaded.
INFO - 2022-03-25 14:00:02 --> Controller "App\Controllers\base\Beranda" loaded.
INFO - 2022-03-25 14:10:02 --> Controller "App\Controllers\base\Beranda" loaded.
INFO - 2022-03-25 14:11:25 --> Controller "App\Controllers\base\Beranda" loaded.
INFO - 2022-03-25 14:20:02 --> Controller "App\Controllers\base\Beranda" loaded.
INFO - 2022-03-25 14:30:02 --> Controller "App\Controllers\base\Beranda" loaded.
INFO - 2022-03-25 14:40:02 --> Controller "App\Controllers\base\Beranda" loaded.
INFO - 2022-03-25 14:50:02 --> Controller "App\Controllers\base\Beranda" loaded.
INFO - 2022-03-25 14:52:24 --> Session: Class initialized using 'CodeIgniter\Session\Handlers\FileHandler' driver.
INFO - 2022-03-25 14:52:24 --> Controller "App\Controllers\undangan\Undangan" loaded.
INFO - 2022-03-25 14:52:24 --> Session: Class initialized using 'CodeIgniter\Session\Handlers\FileHandler' driver.
INFO - 2022-03-25 14:52:24 --> Controller "App\Controllers\undangan\Undangan" loaded.
INFO - 2022-03-25 14:52:27 --> Session: Class initialized using 'CodeIgniter\Session\Handlers\FileHandler' driver.
INFO - 2022-03-25 14:52:27 --> Controller "App\Controllers\undangan\Undangan" loaded.
INFO - 2022-03-25 14:52:28 --> Session: Class initialized using 'CodeIgniter\Session\Handlers\FileHandler' driver.
INFO - 2022-03-25 14:52:28 --> Controller "App\Controllers\undangan\Undangan" loaded.
INFO - 2022-03-25 14:52:28 --> Session: Class initialized using 'CodeIgniter\Session\Handlers\FileHandler' driver.
INFO - 2022-03-25 14:52:28 --> Controller "App\Controllers\undangan\Undangan" loaded.
INFO - 2022-03-25 14:52:29 --> Session: Class initialized using 'CodeIgniter\Session\Handlers\FileHandler' driver.
INFO - 2022-03-25 14:52:29 --> Controller "App\Controllers\undangan\Undangan" loaded.
INFO - 2022-03-25 14:52:29 --> Session: Class initialized using 'CodeIgniter\Session\Handlers\FileHandler' driver.
INFO - 2022-03-25 14:52:29 --> Controller "App\Controllers\undangan\Undangan" loaded.
INFO - 2022-03-25 14:52:30 --> Session: Class initialized using 'CodeIgniter\Session\Handlers\FileHandler' driver.
INFO - 2022-03-25 14:52:30 --> Controller "App\Controllers\undangan\Undangan" loaded.
INFO - 2022-03-25 14:52:30 --> Session: Class initialized using 'CodeIgniter\Session\Handlers\FileHandler' driver.
INFO - 2022-03-25 14:52:30 --> Controller "App\Controllers\undangan\Undangan" loaded.
INFO - 2022-03-25 14:58:02 --> Session: Class initialized using 'CodeIgniter\Session\Handlers\FileHandler' driver.
INFO - 2022-03-25 14:58:02 --> Controller "App\Controllers\undangan\Undangan" loaded.
INFO - 2022-03-25 15:00:02 --> Controller "App\Controllers\base\Beranda" loaded.
INFO - 2022-03-25 15:02:04 --> Session: Class initialized using 'CodeIgniter\Session\Handlers\FileHandler' driver.
INFO - 2022-03-25 15:02:04 --> Controller "App\Controllers\undangan\Undangan" loaded.
INFO - 2022-03-25 15:10:02 --> Controller "App\Controllers\base\Beranda" loaded.
INFO - 2022-03-25 15:14:07 --> Session: Class initialized using 'CodeIgniter\Session\Handlers\FileHandler' driver.
INFO - 2022-03-25 15:14:07 --> Controller "App\Controllers\undangan\Undangan" loaded.
INFO - 2022-03-25 15:20:02 --> Controller "App\Controllers\base\Beranda" loaded.
INFO - 2022-03-25 15:30:04 --> Controller "App\Controllers\base\Beranda" loaded.
INFO - 2022-03-25 15:40:02 --> Controller "App\Controllers\base\Beranda" loaded.
INFO - 2022-03-25 15:50:02 --> Controller "App\Controllers\base\Beranda" loaded.
INFO - 2022-03-25 16:00:02 --> Controller "App\Controllers\base\Beranda" loaded.
INFO - 2022-03-25 16:10:02 --> Controller "App\Controllers\base\Beranda" loaded.
INFO - 2022-03-25 16:10:16 --> Session: Class initialized using 'CodeIgniter\Session\Handlers\FileHandler' driver.
INFO - 2022-03-25 16:10:16 --> Controller "App\Controllers\base\Dashboard" loaded.
INFO - 2022-03-25 16:10:58 --> Session: Class initialized using 'CodeIgniter\Session\Handlers\FileHandler' driver.
INFO - 2022-03-25 16:10:58 --> Controller "App\Controllers\base\Dashboard" loaded.
INFO - 2022-03-25 16:10:59 --> Session: Class initialized using 'CodeIgniter\Session\Handlers\FileHandler' driver.
INFO - 2022-03-25 16:10:59 --> Controller "App\Controllers\base\Dashboard" loaded.
INFO - 2022-03-25 16:10:59 --> Session: Class initialized using 'CodeIgniter\Session\Handlers\FileHandler' driver.
INFO - 2022-03-25 16:10:59 --> Controller "App\Controllers\base\Dashboard" loaded.
INFO - 2022-03-25 16:10:59 --> Session: Class initialized using 'CodeIgniter\Session\Handlers\FileHandler' driver.
INFO - 2022-03-25 16:10:59 --> Controller "App\Controllers\base\Dashboard" loaded.
INFO - 2022-03-25 16:11:05 --> Session: Class initialized using 'CodeIgniter\Session\Handlers\FileHandler' driver.
INFO - 2022-03-25 16:11:05 --> Controller "App\Controllers\base\Dashboard" loaded.
INFO - 2022-03-25 16:11:13 --> Session: Class initialized using 'CodeIgniter\Session\Handlers\FileHandler' driver.
INFO - 2022-03-25 16:11:13 --> Controller "App\Controllers\base\Dashboard" loaded.
INFO - 2022-03-25 16:11:13 --> Session: Class initialized using 'CodeIgniter\Session\Handlers\FileHandler' driver.
INFO - 2022-03-25 16:11:13 --> Controller "App\Controllers\base\Dashboard" loaded.
INFO - 2022-03-25 16:11:24 --> Session: Class initialized using 'CodeIgniter\Session\Handlers\FileHandler' driver.
INFO - 2022-03-25 16:11:24 --> Controller "App\Controllers\base\Dashboard" loaded.
INFO - 2022-03-25 16:11:27 --> Session: Class initialized using 'CodeIgniter\Session\Handlers\FileHandler' driver.
INFO - 2022-03-25 16:11:27 --> Controller "App\Controllers\base\Dashboard" loaded.
INFO - 2022-03-25 16:11:55 --> Session: Class initialized using 'CodeIgniter\Session\Handlers\FileHandler' driver.
INFO - 2022-03-25 16:11:55 --> Controller "App\Controllers\base\Dashboard" loaded.
INFO - 2022-03-25 16:11:55 --> Session: Class initialized using 'CodeIgniter\Session\Handlers\FileHandler' driver.
INFO - 2022-03-25 16:11:55 --> Controller "App\Controllers\base\Dashboard" loaded.
INFO - 2022-03-25 16:20:02 --> Controller "App\Controllers\base\Beranda" loaded.
INFO - 2022-03-25 16:30:02 --> Controller "App\Controllers\base\Beranda" loaded.
INFO - 2022-03-25 16:37:52 --> Controller "App\Controllers\base\Beranda" loaded.
INFO - 2022-03-25 16:40:02 --> Controller "App\Controllers\base\Beranda" loaded.
INFO - 2022-03-25 16:40:55 --> Session: Class initialized using 'CodeIgniter\Session\Handlers\FileHandler' driver.
INFO - 2022-03-25 16:40:55 --> Controller "App\Controllers\base\Dashboard" loaded.
INFO - 2022-03-25 16:43:32 --> Controller "App\Controllers\base\Beranda" loaded.
INFO - 2022-03-25 16:43:33 --> Controller "App\Controllers\base\Beranda" loaded.
INFO - 2022-03-25 16:43:43 --> Session: Class initialized using 'CodeIgniter\Session\Handlers\FileHandler' driver.
INFO - 2022-03-25 16:43:43 --> Controller "App\Controllers\base\Order" loaded.
INFO - 2022-03-25 16:43:43 --> Controller "App\Controllers\base\Beranda" loaded.
INFO - 2022-03-25 16:46:51 --> Session: Class initialized using 'CodeIgniter\Session\Handlers\FileHandler' driver.
INFO - 2022-03-25 16:46:51 --> Controller "App\Controllers\bukutamu\Bukutamu" loaded.
INFO - 2022-03-25 16:50:02 --> Controller "App\Controllers\base\Beranda" loaded.
INFO - 2022-03-25 17:00:02 --> Controller "App\Controllers\base\Beranda" loaded.
INFO - 2022-03-25 17:01:35 --> Session: Class initialized using 'CodeIgniter\Session\Handlers\FileHandler' driver.
INFO - 2022-03-25 17:01:35 --> Controller "App\Controllers\undangan\Undangan" loaded.
INFO - 2022-03-25 17:07:59 --> Session: Class initialized using 'CodeIgniter\Session\Handlers\FileHandler' driver.
INFO - 2022-03-25 17:07:59 --> Controller "App\Controllers\undangan\Undangan" loaded.
INFO - 2022-03-25 17:10:02 --> Controller "App\Controllers\base\Beranda" loaded.
INFO - 2022-03-25 17:20:02 --> Controller "App\Controllers\base\Beranda" loaded.
INFO - 2022-03-25 17:30:02 --> Controller "App\Controllers\base\Beranda" loaded.
INFO - 2022-03-25 17:40:02 --> Controller "App\Controllers\base\Beranda" loaded.
INFO - 2022-03-25 17:46:58 --> Session: Class initialized using 'CodeIgniter\Session\Handlers\FileHandler' driver.
INFO - 2022-03-25 17:46:58 --> Controller "App\Controllers\admin\Admin" loaded.
INFO - 2022-03-25 17:49:14 --> Controller "App\Controllers\base\Beranda" loaded.
INFO - 2022-03-25 17:50:02 --> Controller "App\Controllers\base\Beranda" loaded.
INFO - 2022-03-25 18:00:02 --> Controller "App\Controllers\base\Beranda" loaded.
INFO - 2022-03-25 18:10:01 --> Controller "App\Controllers\base\Beranda" loaded.
INFO - 2022-03-25 18:20:02 --> Controller "App\Controllers\base\Beranda" loaded.
INFO - 2022-03-25 18:30:02 --> Controller "App\Controllers\base\Beranda" loaded.
INFO - 2022-03-25 18:40:02 --> Controller "App\Controllers\base\Beranda" loaded.
INFO - 2022-03-25 18:50:02 --> Controller "App\Controllers\base\Beranda" loaded.
INFO - 2022-03-25 19:00:02 --> Controller "App\Controllers\base\Beranda" loaded.
INFO - 2022-03-25 19:07:15 --> Controller "App\Controllers\base\Beranda" loaded.
INFO - 2022-03-25 19:10:02 --> Controller "App\Controllers\base\Beranda" loaded.
INFO - 2022-03-25 19:20:02 --> Controller "App\Controllers\base\Beranda" loaded.
INFO - 2022-03-25 19:30:02 --> Controller "App\Controllers\base\Beranda" loaded.
INFO - 2022-03-25 19:40:02 --> Controller "App\Controllers\base\Beranda" loaded.
INFO - 2022-03-25 19:45:04 --> Controller "App\Controllers\base\Beranda" loaded.
INFO - 2022-03-25 19:45:04 --> Controller "App\Controllers\base\Beranda" loaded.
INFO - 2022-03-25 19:50:02 --> Controller "App\Controllers\base\Beranda" loaded.
INFO - 2022-03-25 19:51:27 --> Session: Class initialized using 'CodeIgniter\Session\Handlers\FileHandler' driver.
INFO - 2022-03-25 19:51:27 --> Controller "App\Controllers\undangan\Undangan" loaded.
INFO - 2022-03-25 20:00:02 --> Controller "App\Controllers\base\Beranda" loaded.
INFO - 2022-03-25 20:10:02 --> Controller "App\Controllers\base\Beranda" loaded.
INFO - 2022-03-25 20:20:02 --> Controller "App\Controllers\base\Beranda" loaded.
INFO - 2022-03-25 20:30:02 --> Controller "App\Controllers\base\Beranda" loaded.
INFO - 2022-03-25 20:40:02 --> Controller "App\Controllers\base\Beranda" loaded.
INFO - 2022-03-25 20:50:02 --> Controller "App\Controllers\base\Beranda" loaded.
INFO - 2022-03-25 20:51:32 --> Session: Class initialized using 'CodeIgniter\Session\Handlers\FileHandler' driver.
INFO - 2022-03-25 20:51:32 --> Controller "App\Controllers\undangan\Undangan" loaded.
INFO - 2022-03-25 21:00:02 --> Controller "App\Controllers\base\Beranda" loaded.
INFO - 2022-03-25 21:10:02 --> Controller "App\Controllers\base\Beranda" loaded.
INFO - 2022-03-25 21:20:02 --> Controller "App\Controllers\base\Beranda" loaded.
INFO - 2022-03-25 21:22:21 --> Session: Class initialized using 'CodeIgniter\Session\Handlers\FileHandler' driver.
INFO - 2022-03-25 21:22:22 --> Session: Class initialized using 'CodeIgniter\Session\Handlers\FileHandler' driver.
INFO - 2022-03-25 21:22:22 --> Controller "App\Controllers\base\Dashboard" loaded.
INFO - 2022-03-25 21:22:31 --> Controller "App\Controllers\base\Beranda" loaded.
INFO - 2022-03-25 21:30:02 --> Controller "App\Controllers\base\Beranda" loaded.
INFO - 2022-03-25 21:35:25 --> Session: Class initialized using 'CodeIgniter\Session\Handlers\FileHandler' driver.
INFO - 2022-03-25 21:35:25 --> Controller "App\Controllers\undangan\Undangan" loaded.
INFO - 2022-03-25 21:40:02 --> Controller "App\Controllers\base\Beranda" loaded.
INFO - 2022-03-25 21:50:02 --> Controller "App\Controllers\base\Beranda" loaded.
INFO - 2022-03-25 21:54:54 --> Controller "App\Controllers\base\Beranda" loaded.
INFO - 2022-03-25 22:00:02 --> Controller "App\Controllers\base\Beranda" loaded.
INFO - 2022-03-25 22:10:02 --> Controller "App\Controllers\base\Beranda" loaded.
INFO - 2022-03-25 22:20:02 --> Controller "App\Controllers\base\Beranda" loaded.
INFO - 2022-03-25 22:20:49 --> Session: Class initialized using 'CodeIgniter\Session\Handlers\FileHandler' driver.
INFO - 2022-03-25 22:20:49 --> Session: Class initialized using 'CodeIgniter\Session\Handlers\FileHandler' driver.
INFO - 2022-03-25 22:20:49 --> Controller "App\Controllers\admin\Admin" loaded.
INFO - 2022-03-25 22:30:02 --> Controller "App\Controllers\base\Beranda" loaded.
INFO - 2022-03-25 22:40:02 --> Controller "App\Controllers\base\Beranda" loaded.
INFO - 2022-03-25 22:41:53 --> Session: Class initialized using 'CodeIgniter\Session\Handlers\FileHandler' driver.
INFO - 2022-03-25 22:41:53 --> Controller "App\Controllers\undangan\Undangan" loaded.
INFO - 2022-03-25 22:50:02 --> Controller "App\Controllers\base\Beranda" loaded.
INFO - 2022-03-25 23:01:25 --> Controller "App\Controllers\base\Beranda" loaded.
