INFO - 2021-06-14 00:19:20 --> Controller "App\Controllers\base\Beranda" loaded.
INFO - 2021-06-14 01:12:49 --> Controller "App\Controllers\base\Beranda" loaded.
INFO - 2021-06-14 01:28:23 --> Controller "App\Controllers\base\Beranda" loaded.
INFO - 2021-06-14 01:39:21 --> Controller "App\Controllers\base\Beranda" loaded.
INFO - 2021-06-14 03:04:18 --> Session: Class initialized using 'CodeIgniter\Session\Handlers\FileHandler' driver.
INFO - 2021-06-14 03:04:18 --> Controller "App\Controllers\base\Order" loaded.
INFO - 2021-06-14 04:29:37 --> Controller "App\Controllers\base\Beranda" loaded.
INFO - 2021-06-14 04:29:48 --> Session: Class initialized using 'CodeIgniter\Session\Handlers\FileHandler' driver.
INFO - 2021-06-14 04:29:48 --> Controller "App\Controllers\base\Order" loaded.
INFO - 2021-06-14 04:29:48 --> Controller "App\Controllers\base\Beranda" loaded.
INFO - 2021-06-14 04:29:53 --> Controller "App\Controllers\base\Beranda" loaded.
INFO - 2021-06-14 04:29:56 --> Controller "App\Controllers\base\Beranda" loaded.
INFO - 2021-06-14 05:04:12 --> Session: Class initialized using 'CodeIgniter\Session\Handlers\FileHandler' driver.
INFO - 2021-06-14 05:04:12 --> Controller "App\Controllers\undangan\Undangan" loaded.
INFO - 2021-06-14 06:08:06 --> Controller "App\Controllers\base\Beranda" loaded.
INFO - 2021-06-14 06:41:34 --> Session: Class initialized using 'CodeIgniter\Session\Handlers\FileHandler' driver.
INFO - 2021-06-14 06:41:34 --> Controller "App\Controllers\base\Order" loaded.
INFO - 2021-06-14 06:57:45 --> Session: Class initialized using 'CodeIgniter\Session\Handlers\FileHandler' driver.
INFO - 2021-06-14 06:57:45 --> Controller "App\Controllers\bukutamu\Bukutamu" loaded.
INFO - 2021-06-14 06:57:49 --> Session: Class initialized using 'CodeIgniter\Session\Handlers\FileHandler' driver.
INFO - 2021-06-14 06:57:49 --> Controller "App\Controllers\bukutamu\Bukutamu" loaded.
INFO - 2021-06-14 06:59:12 --> Session: Class initialized using 'CodeIgniter\Session\Handlers\FileHandler' driver.
INFO - 2021-06-14 06:59:12 --> Controller "App\Controllers\bukutamu\Bukutamu" loaded.
INFO - 2021-06-14 06:59:14 --> Session: Class initialized using 'CodeIgniter\Session\Handlers\FileHandler' driver.
INFO - 2021-06-14 06:59:14 --> Controller "App\Controllers\bukutamu\Bukutamu" loaded.
INFO - 2021-06-14 06:59:27 --> Session: Class initialized using 'CodeIgniter\Session\Handlers\FileHandler' driver.
INFO - 2021-06-14 06:59:27 --> Controller "App\Controllers\bukutamu\Bukutamu" loaded.
INFO - 2021-06-14 07:03:46 --> Session: Class initialized using 'CodeIgniter\Session\Handlers\FileHandler' driver.
INFO - 2021-06-14 07:03:46 --> Controller "App\Controllers\bukutamu\Bukutamu" loaded.
INFO - 2021-06-14 07:03:58 --> Session: Class initialized using 'CodeIgniter\Session\Handlers\FileHandler' driver.
INFO - 2021-06-14 07:03:58 --> Controller "App\Controllers\undangan\Undangan" loaded.
INFO - 2021-06-14 07:04:02 --> Session: Class initialized using 'CodeIgniter\Session\Handlers\FileHandler' driver.
INFO - 2021-06-14 07:04:02 --> Controller "App\Controllers\bukutamu\Bukutamu" loaded.
INFO - 2021-06-14 07:04:17 --> Session: Class initialized using 'CodeIgniter\Session\Handlers\FileHandler' driver.
INFO - 2021-06-14 07:04:17 --> Controller "App\Controllers\bukutamu\Bukutamu" loaded.
INFO - 2021-06-14 07:05:21 --> Session: Class initialized using 'CodeIgniter\Session\Handlers\FileHandler' driver.
INFO - 2021-06-14 07:05:21 --> Controller "App\Controllers\bukutamu\Bukutamu" loaded.
INFO - 2021-06-14 07:05:31 --> Session: Class initialized using 'CodeIgniter\Session\Handlers\FileHandler' driver.
INFO - 2021-06-14 07:05:31 --> Controller "App\Controllers\bukutamu\Bukutamu" loaded.
INFO - 2021-06-14 07:05:46 --> Session: Class initialized using 'CodeIgniter\Session\Handlers\FileHandler' driver.
INFO - 2021-06-14 07:05:46 --> Controller "App\Controllers\bukutamu\Bukutamu" loaded.
INFO - 2021-06-14 07:05:50 --> Session: Class initialized using 'CodeIgniter\Session\Handlers\FileHandler' driver.
INFO - 2021-06-14 07:05:50 --> Controller "App\Controllers\bukutamu\Bukutamu" loaded.
INFO - 2021-06-14 07:07:17 --> Session: Class initialized using 'CodeIgniter\Session\Handlers\FileHandler' driver.
INFO - 2021-06-14 07:07:17 --> Controller "App\Controllers\bukutamu\Bukutamu" loaded.
INFO - 2021-06-14 07:07:39 --> Session: Class initialized using 'CodeIgniter\Session\Handlers\FileHandler' driver.
INFO - 2021-06-14 07:07:39 --> Controller "App\Controllers\bukutamu\Bukutamu" loaded.
INFO - 2021-06-14 07:09:17 --> Session: Class initialized using 'CodeIgniter\Session\Handlers\FileHandler' driver.
INFO - 2021-06-14 07:09:17 --> Controller "App\Controllers\bukutamu\Bukutamu" loaded.
INFO - 2021-06-14 07:10:13 --> Session: Class initialized using 'CodeIgniter\Session\Handlers\FileHandler' driver.
INFO - 2021-06-14 07:10:13 --> Controller "App\Controllers\bukutamu\Bukutamu" loaded.
INFO - 2021-06-14 07:10:17 --> Session: Class initialized using 'CodeIgniter\Session\Handlers\FileHandler' driver.
INFO - 2021-06-14 07:10:17 --> Controller "App\Controllers\bukutamu\Bukutamu" loaded.
INFO - 2021-06-14 07:10:55 --> Session: Class initialized using 'CodeIgniter\Session\Handlers\FileHandler' driver.
INFO - 2021-06-14 07:10:55 --> Controller "App\Controllers\bukutamu\Bukutamu" loaded.
INFO - 2021-06-14 07:12:41 --> Session: Class initialized using 'CodeIgniter\Session\Handlers\FileHandler' driver.
INFO - 2021-06-14 07:12:41 --> Controller "App\Controllers\bukutamu\Bukutamu" loaded.
INFO - 2021-06-14 07:13:28 --> Session: Class initialized using 'CodeIgniter\Session\Handlers\FileHandler' driver.
INFO - 2021-06-14 07:13:28 --> Controller "App\Controllers\bukutamu\Bukutamu" loaded.
INFO - 2021-06-14 07:13:33 --> Session: Class initialized using 'CodeIgniter\Session\Handlers\FileHandler' driver.
INFO - 2021-06-14 07:13:33 --> Controller "App\Controllers\bukutamu\Bukutamu" loaded.
INFO - 2021-06-14 07:15:57 --> Session: Class initialized using 'CodeIgniter\Session\Handlers\FileHandler' driver.
INFO - 2021-06-14 07:15:57 --> Controller "App\Controllers\bukutamu\Bukutamu" loaded.
INFO - 2021-06-14 07:16:00 --> Session: Class initialized using 'CodeIgniter\Session\Handlers\FileHandler' driver.
INFO - 2021-06-14 07:16:00 --> Controller "App\Controllers\bukutamu\Bukutamu" loaded.
INFO - 2021-06-14 07:16:06 --> Session: Class initialized using 'CodeIgniter\Session\Handlers\FileHandler' driver.
INFO - 2021-06-14 07:16:06 --> Controller "App\Controllers\bukutamu\Bukutamu" loaded.
INFO - 2021-06-14 07:20:49 --> Session: Class initialized using 'CodeIgniter\Session\Handlers\FileHandler' driver.
INFO - 2021-06-14 07:20:49 --> Controller "App\Controllers\bukutamu\Bukutamu" loaded.
INFO - 2021-06-14 07:20:54 --> Session: Class initialized using 'CodeIgniter\Session\Handlers\FileHandler' driver.
INFO - 2021-06-14 07:20:54 --> Controller "App\Controllers\bukutamu\Bukutamu" loaded.
INFO - 2021-06-14 07:21:08 --> Session: Class initialized using 'CodeIgniter\Session\Handlers\FileHandler' driver.
INFO - 2021-06-14 07:21:08 --> Controller "App\Controllers\bukutamu\Bukutamu" loaded.
INFO - 2021-06-14 07:21:13 --> Session: Class initialized using 'CodeIgniter\Session\Handlers\FileHandler' driver.
INFO - 2021-06-14 07:21:13 --> Controller "App\Controllers\bukutamu\Bukutamu" loaded.
INFO - 2021-06-14 07:21:22 --> Session: Class initialized using 'CodeIgniter\Session\Handlers\FileHandler' driver.
INFO - 2021-06-14 07:21:22 --> Controller "App\Controllers\bukutamu\Bukutamu" loaded.
INFO - 2021-06-14 07:21:27 --> Session: Class initialized using 'CodeIgniter\Session\Handlers\FileHandler' driver.
INFO - 2021-06-14 07:21:27 --> Controller "App\Controllers\bukutamu\Bukutamu" loaded.
INFO - 2021-06-14 07:22:46 --> Session: Class initialized using 'CodeIgniter\Session\Handlers\FileHandler' driver.
INFO - 2021-06-14 07:22:46 --> Controller "App\Controllers\bukutamu\Bukutamu" loaded.
INFO - 2021-06-14 07:22:47 --> Session: Class initialized using 'CodeIgniter\Session\Handlers\FileHandler' driver.
INFO - 2021-06-14 07:22:47 --> Controller "App\Controllers\bukutamu\Bukutamu" loaded.
INFO - 2021-06-14 07:22:54 --> Session: Class initialized using 'CodeIgniter\Session\Handlers\FileHandler' driver.
INFO - 2021-06-14 07:22:54 --> Controller "App\Controllers\bukutamu\Bukutamu" loaded.
INFO - 2021-06-14 07:23:46 --> Session: Class initialized using 'CodeIgniter\Session\Handlers\FileHandler' driver.
INFO - 2021-06-14 07:23:46 --> Controller "App\Controllers\bukutamu\Bukutamu" loaded.
INFO - 2021-06-14 07:23:51 --> Session: Class initialized using 'CodeIgniter\Session\Handlers\FileHandler' driver.
INFO - 2021-06-14 07:23:51 --> Controller "App\Controllers\bukutamu\Bukutamu" loaded.
INFO - 2021-06-14 07:24:37 --> Session: Class initialized using 'CodeIgniter\Session\Handlers\FileHandler' driver.
INFO - 2021-06-14 07:24:37 --> Controller "App\Controllers\bukutamu\Bukutamu" loaded.
INFO - 2021-06-14 07:24:41 --> Session: Class initialized using 'CodeIgniter\Session\Handlers\FileHandler' driver.
INFO - 2021-06-14 07:24:41 --> Controller "App\Controllers\bukutamu\Bukutamu" loaded.
INFO - 2021-06-14 07:25:11 --> Session: Class initialized using 'CodeIgniter\Session\Handlers\FileHandler' driver.
INFO - 2021-06-14 07:25:11 --> Controller "App\Controllers\bukutamu\Bukutamu" loaded.
INFO - 2021-06-14 07:25:17 --> Session: Class initialized using 'CodeIgniter\Session\Handlers\FileHandler' driver.
INFO - 2021-06-14 07:25:17 --> Controller "App\Controllers\bukutamu\Bukutamu" loaded.
INFO - 2021-06-14 07:25:50 --> Session: Class initialized using 'CodeIgniter\Session\Handlers\FileHandler' driver.
INFO - 2021-06-14 07:25:50 --> Controller "App\Controllers\bukutamu\Bukutamu" loaded.
INFO - 2021-06-14 07:25:55 --> Session: Class initialized using 'CodeIgniter\Session\Handlers\FileHandler' driver.
INFO - 2021-06-14 07:25:55 --> Controller "App\Controllers\bukutamu\Bukutamu" loaded.
INFO - 2021-06-14 07:26:56 --> Session: Class initialized using 'CodeIgniter\Session\Handlers\FileHandler' driver.
INFO - 2021-06-14 07:26:56 --> Controller "App\Controllers\bukutamu\Bukutamu" loaded.
INFO - 2021-06-14 08:00:02 --> Controller "App\Controllers\base\Beranda" loaded.
INFO - 2021-06-14 08:01:47 --> Session: Class initialized using 'CodeIgniter\Session\Handlers\FileHandler' driver.
INFO - 2021-06-14 08:01:47 --> Controller "App\Controllers\bukutamu\Bukutamu" loaded.
INFO - 2021-06-14 08:02:16 --> Controller "App\Controllers\base\Beranda" loaded.
INFO - 2021-06-14 08:11:35 --> Controller "App\Controllers\base\Beranda" loaded.
INFO - 2021-06-14 08:13:48 --> Session: Class initialized using 'CodeIgniter\Session\Handlers\FileHandler' driver.
INFO - 2021-06-14 08:13:48 --> Controller "App\Controllers\undangan\Undangan" loaded.
CRITICAL - 2021-06-14 08:13:48 --> Unknown column 'bon' in 'where clause'
#0 /home/nguh5634/public_html/system/Database/MySQLi/Connection.php(330): mysqli->query('SELECT *\nFROM `...')
#1 /home/nguh5634/public_html/system/Database/BaseConnection.php(738): CodeIgniter\Database\MySQLi\Connection->execute('SELECT *\nFROM `...')
#2 /home/nguh5634/public_html/system/Database/BaseConnection.php(666): CodeIgniter\Database\BaseConnection->simpleQuery('SELECT *\nFROM `...')
#3 /home/nguh5634/public_html/system/Database/BaseBuilder.php(1819): CodeIgniter\Database\BaseConnection->query('SELECT *\nFROM `...', Array, false)
#4 /home/nguh5634/public_html/app/Models/undangan/UndanganModel.php(53): CodeIgniter\Database\BaseBuilder->get()
#5 /home/nguh5634/public_html/app/Controllers/undangan/Undangan.php(88): App\Models\undangan\UndanganModel->cek_tamu('1', 'bon%20jovi')
#6 /home/nguh5634/public_html/system/CodeIgniter.php(910): App\Controllers\undangan\Undangan->undangan()
#7 /home/nguh5634/public_html/system/CodeIgniter.php(398): CodeIgniter\CodeIgniter->runController(Object(App\Controllers\undangan\Undangan))
#8 /home/nguh5634/public_html/system/CodeIgniter.php(306): CodeIgniter\CodeIgniter->handleRequest(NULL, Object(Config\Cache), false)
#9 /home/nguh5634/public_html/index.php(45): CodeIgniter\CodeIgniter->run()
#10 {main}
INFO - 2021-06-14 08:13:50 --> Controller "App\Controllers\base\Beranda" loaded.
INFO - 2021-06-14 08:15:18 --> Controller "App\Controllers\base\Beranda" loaded.
INFO - 2021-06-14 08:19:25 --> Controller "App\Controllers\base\Beranda" loaded.
INFO - 2021-06-14 08:32:12 --> Controller "App\Controllers\base\Beranda" loaded.
INFO - 2021-06-14 08:40:20 --> Session: Class initialized using 'CodeIgniter\Session\Handlers\FileHandler' driver.
INFO - 2021-06-14 08:40:20 --> Controller "App\Controllers\base\Order" loaded.
INFO - 2021-06-14 09:37:35 --> Session: Class initialized using 'CodeIgniter\Session\Handlers\FileHandler' driver.
INFO - 2021-06-14 09:37:35 --> Controller "App\Controllers\undangan\Undangan" loaded.
INFO - 2021-06-14 11:42:33 --> Controller "App\Controllers\base\Beranda" loaded.
INFO - 2021-06-14 11:42:36 --> Controller "App\Controllers\base\Beranda" loaded.
INFO - 2021-06-14 11:42:39 --> Controller "App\Controllers\base\Beranda" loaded.
INFO - 2021-06-14 11:42:42 --> Controller "App\Controllers\base\Beranda" loaded.
INFO - 2021-06-14 11:42:45 --> Session: Class initialized using 'CodeIgniter\Session\Handlers\FileHandler' driver.
INFO - 2021-06-14 11:42:45 --> Session: Class initialized using 'CodeIgniter\Session\Handlers\FileHandler' driver.
INFO - 2021-06-14 11:42:45 --> Controller "App\Controllers\base\Dashboard" loaded.
INFO - 2021-06-14 11:42:48 --> Session: Class initialized using 'CodeIgniter\Session\Handlers\FileHandler' driver.
INFO - 2021-06-14 11:42:49 --> Session: Class initialized using 'CodeIgniter\Session\Handlers\FileHandler' driver.
INFO - 2021-06-14 11:42:49 --> Controller "App\Controllers\base\Dashboard" loaded.
INFO - 2021-06-14 11:42:52 --> Controller "App\Controllers\base\Beranda" loaded.
INFO - 2021-06-14 11:42:55 --> Controller "App\Controllers\base\Beranda" loaded.
INFO - 2021-06-14 11:42:58 --> Controller "App\Controllers\base\Beranda" loaded.
INFO - 2021-06-14 11:43:02 --> Controller "App\Controllers\base\Beranda" loaded.
INFO - 2021-06-14 11:43:05 --> Controller "App\Controllers\base\Beranda" loaded.
INFO - 2021-06-14 11:43:07 --> Controller "App\Controllers\base\Beranda" loaded.
INFO - 2021-06-14 11:43:10 --> Session: Class initialized using 'CodeIgniter\Session\Handlers\FileHandler' driver.
INFO - 2021-06-14 11:43:10 --> Session: Class initialized using 'CodeIgniter\Session\Handlers\FileHandler' driver.
INFO - 2021-06-14 11:43:10 --> Controller "App\Controllers\base\Dashboard" loaded.
INFO - 2021-06-14 11:43:24 --> Controller "App\Controllers\base\Beranda" loaded.
INFO - 2021-06-14 11:43:27 --> Session: Class initialized using 'CodeIgniter\Session\Handlers\FileHandler' driver.
INFO - 2021-06-14 11:43:28 --> Session: Class initialized using 'CodeIgniter\Session\Handlers\FileHandler' driver.
INFO - 2021-06-14 11:43:28 --> Controller "App\Controllers\base\Dashboard" loaded.
INFO - 2021-06-14 11:51:58 --> Controller "App\Controllers\base\Beranda" loaded.
INFO - 2021-06-14 11:52:26 --> Session: Class initialized using 'CodeIgniter\Session\Handlers\FileHandler' driver.
INFO - 2021-06-14 11:52:26 --> Controller "App\Controllers\base\Order" loaded.
INFO - 2021-06-14 11:52:26 --> Controller "App\Controllers\base\Beranda" loaded.
INFO - 2021-06-14 11:52:28 --> Controller "App\Controllers\base\Beranda" loaded.
INFO - 2021-06-14 11:52:33 --> Session: Class initialized using 'CodeIgniter\Session\Handlers\FileHandler' driver.
INFO - 2021-06-14 11:52:33 --> Controller "App\Controllers\base\Order" loaded.
INFO - 2021-06-14 11:52:56 --> Session: Class initialized using 'CodeIgniter\Session\Handlers\FileHandler' driver.
INFO - 2021-06-14 11:52:56 --> Controller "App\Controllers\base\Order" loaded.
INFO - 2021-06-14 11:53:23 --> Session: Class initialized using 'CodeIgniter\Session\Handlers\FileHandler' driver.
INFO - 2021-06-14 11:53:23 --> Controller "App\Controllers\base\Order" loaded.
INFO - 2021-06-14 11:53:47 --> Session: Class initialized using 'CodeIgniter\Session\Handlers\FileHandler' driver.
INFO - 2021-06-14 11:53:47 --> Controller "App\Controllers\base\Order" loaded.
INFO - 2021-06-14 11:53:56 --> Session: Class initialized using 'CodeIgniter\Session\Handlers\FileHandler' driver.
INFO - 2021-06-14 11:53:56 --> Controller "App\Controllers\base\Order" loaded.
INFO - 2021-06-14 11:53:57 --> Controller "App\Controllers\base\Beranda" loaded.
INFO - 2021-06-14 11:53:59 --> Session: Class initialized using 'CodeIgniter\Session\Handlers\FileHandler' driver.
INFO - 2021-06-14 11:53:59 --> Controller "App\Controllers\base\Order" loaded.
INFO - 2021-06-14 11:54:02 --> Session: Class initialized using 'CodeIgniter\Session\Handlers\FileHandler' driver.
INFO - 2021-06-14 11:54:02 --> Controller "App\Controllers\base\Order" loaded.
INFO - 2021-06-14 11:54:07 --> Session: Class initialized using 'CodeIgniter\Session\Handlers\FileHandler' driver.
INFO - 2021-06-14 11:54:07 --> Controller "App\Controllers\base\Order" loaded.
INFO - 2021-06-14 11:54:12 --> Session: Class initialized using 'CodeIgniter\Session\Handlers\FileHandler' driver.
INFO - 2021-06-14 11:54:12 --> Controller "App\Controllers\undangan\Undangan" loaded.
INFO - 2021-06-14 11:54:12 --> Session: Class initialized using 'CodeIgniter\Session\Handlers\FileHandler' driver.
INFO - 2021-06-14 11:54:12 --> Controller "App\Controllers\undangan\Undangan" loaded.
INFO - 2021-06-14 11:54:12 --> Session: Class initialized using 'CodeIgniter\Session\Handlers\FileHandler' driver.
INFO - 2021-06-14 11:54:12 --> Controller "App\Controllers\undangan\Undangan" loaded.
INFO - 2021-06-14 11:54:12 --> Session: Class initialized using 'CodeIgniter\Session\Handlers\FileHandler' driver.
INFO - 2021-06-14 11:54:12 --> Controller "App\Controllers\undangan\Undangan" loaded.
INFO - 2021-06-14 11:54:12 --> Session: Class initialized using 'CodeIgniter\Session\Handlers\FileHandler' driver.
INFO - 2021-06-14 11:54:12 --> Controller "App\Controllers\undangan\Undangan" loaded.
INFO - 2021-06-14 11:54:17 --> Session: Class initialized using 'CodeIgniter\Session\Handlers\FileHandler' driver.
INFO - 2021-06-14 11:54:17 --> Controller "App\Controllers\undangan\Undangan" loaded.
INFO - 2021-06-14 11:54:44 --> Session: Class initialized using 'CodeIgniter\Session\Handlers\FileHandler' driver.
INFO - 2021-06-14 11:54:44 --> Controller "App\Controllers\base\Dashboard" loaded.
INFO - 2021-06-14 11:54:44 --> Session: Class initialized using 'CodeIgniter\Session\Handlers\FileHandler' driver.
INFO - 2021-06-14 11:54:44 --> Controller "App\Controllers\base\Dashboard" loaded.
INFO - 2021-06-14 11:54:50 --> Session: Class initialized using 'CodeIgniter\Session\Handlers\FileHandler' driver.
INFO - 2021-06-14 11:54:50 --> Controller "App\Controllers\base\Dashboard" loaded.
INFO - 2021-06-14 11:54:50 --> Session: Class initialized using 'CodeIgniter\Session\Handlers\FileHandler' driver.
INFO - 2021-06-14 11:54:50 --> Controller "App\Controllers\base\Dashboard" loaded.
INFO - 2021-06-14 11:55:01 --> Session: Class initialized using 'CodeIgniter\Session\Handlers\FileHandler' driver.
INFO - 2021-06-14 11:55:01 --> Controller "App\Controllers\base\Dashboard" loaded.
INFO - 2021-06-14 11:55:20 --> Session: Class initialized using 'CodeIgniter\Session\Handlers\FileHandler' driver.
INFO - 2021-06-14 11:55:20 --> Controller "App\Controllers\base\Dashboard" loaded.
INFO - 2021-06-14 11:55:21 --> Session: Class initialized using 'CodeIgniter\Session\Handlers\FileHandler' driver.
INFO - 2021-06-14 11:55:21 --> Controller "App\Controllers\base\Dashboard" loaded.
INFO - 2021-06-14 11:55:30 --> Session: Class initialized using 'CodeIgniter\Session\Handlers\FileHandler' driver.
INFO - 2021-06-14 11:55:30 --> Controller "App\Controllers\base\Dashboard" loaded.
INFO - 2021-06-14 11:55:36 --> Session: Class initialized using 'CodeIgniter\Session\Handlers\FileHandler' driver.
INFO - 2021-06-14 11:55:36 --> Controller "App\Controllers\base\Dashboard" loaded.
INFO - 2021-06-14 11:55:58 --> Session: Class initialized using 'CodeIgniter\Session\Handlers\FileHandler' driver.
INFO - 2021-06-14 11:55:58 --> Controller "App\Controllers\undangan\Undangan" loaded.
INFO - 2021-06-14 11:55:58 --> Session: Class initialized using 'CodeIgniter\Session\Handlers\FileHandler' driver.
INFO - 2021-06-14 11:55:58 --> Controller "App\Controllers\undangan\Undangan" loaded.
INFO - 2021-06-14 11:55:58 --> Session: Class initialized using 'CodeIgniter\Session\Handlers\FileHandler' driver.
INFO - 2021-06-14 11:55:58 --> Controller "App\Controllers\undangan\Undangan" loaded.
INFO - 2021-06-14 11:55:58 --> Session: Class initialized using 'CodeIgniter\Session\Handlers\FileHandler' driver.
INFO - 2021-06-14 11:55:58 --> Controller "App\Controllers\undangan\Undangan" loaded.
INFO - 2021-06-14 11:55:58 --> Session: Class initialized using 'CodeIgniter\Session\Handlers\FileHandler' driver.
INFO - 2021-06-14 11:55:58 --> Controller "App\Controllers\undangan\Undangan" loaded.
INFO - 2021-06-14 11:55:59 --> Session: Class initialized using 'CodeIgniter\Session\Handlers\FileHandler' driver.
INFO - 2021-06-14 11:55:59 --> Controller "App\Controllers\undangan\Undangan" loaded.
INFO - 2021-06-14 11:57:47 --> Session: Class initialized using 'CodeIgniter\Session\Handlers\FileHandler' driver.
INFO - 2021-06-14 11:57:47 --> Controller "App\Controllers\base\Dashboard" loaded.
INFO - 2021-06-14 11:57:51 --> Session: Class initialized using 'CodeIgniter\Session\Handlers\FileHandler' driver.
INFO - 2021-06-14 11:57:51 --> Controller "App\Controllers\base\Dashboard" loaded.
INFO - 2021-06-14 11:57:53 --> Session: Class initialized using 'CodeIgniter\Session\Handlers\FileHandler' driver.
INFO - 2021-06-14 11:57:53 --> Controller "App\Controllers\base\Dashboard" loaded.
INFO - 2021-06-14 11:57:59 --> Controller "App\Controllers\base\Beranda" loaded.
INFO - 2021-06-14 11:58:23 --> Controller "App\Controllers\base\Beranda" loaded.
INFO - 2021-06-14 12:14:35 --> Controller "App\Controllers\base\Beranda" loaded.
INFO - 2021-06-14 12:35:27 --> Session: Class initialized using 'CodeIgniter\Session\Handlers\FileHandler' driver.
INFO - 2021-06-14 12:35:27 --> Controller "App\Controllers\undangan\Undangan" loaded.
INFO - 2021-06-14 12:35:28 --> Session: Class initialized using 'CodeIgniter\Session\Handlers\FileHandler' driver.
INFO - 2021-06-14 12:35:28 --> Controller "App\Controllers\undangan\Undangan" loaded.
INFO - 2021-06-14 12:35:29 --> Session: Class initialized using 'CodeIgniter\Session\Handlers\FileHandler' driver.
INFO - 2021-06-14 12:35:29 --> Controller "App\Controllers\undangan\Undangan" loaded.
INFO - 2021-06-14 12:35:29 --> Session: Class initialized using 'CodeIgniter\Session\Handlers\FileHandler' driver.
INFO - 2021-06-14 12:35:29 --> Controller "App\Controllers\undangan\Undangan" loaded.
INFO - 2021-06-14 12:35:30 --> Session: Class initialized using 'CodeIgniter\Session\Handlers\FileHandler' driver.
INFO - 2021-06-14 12:35:30 --> Controller "App\Controllers\undangan\Undangan" loaded.
INFO - 2021-06-14 13:50:07 --> Session: Class initialized using 'CodeIgniter\Session\Handlers\FileHandler' driver.
INFO - 2021-06-14 13:50:07 --> Controller "App\Controllers\admin\Admin" loaded.
INFO - 2021-06-14 15:09:49 --> Controller "App\Controllers\base\Beranda" loaded.
INFO - 2021-06-14 15:10:46 --> Session: Class initialized using 'CodeIgniter\Session\Handlers\FileHandler' driver.
INFO - 2021-06-14 15:10:46 --> Controller "App\Controllers\undangan\Undangan" loaded.
INFO - 2021-06-14 15:10:56 --> Controller "App\Controllers\base\Beranda" loaded.
INFO - 2021-06-14 15:34:56 --> Session: Class initialized using 'CodeIgniter\Session\Handlers\FileHandler' driver.
INFO - 2021-06-14 15:34:56 --> Controller "App\Controllers\bukutamu\Bukutamu" loaded.
INFO - 2021-06-14 15:35:07 --> Session: Class initialized using 'CodeIgniter\Session\Handlers\FileHandler' driver.
INFO - 2021-06-14 15:35:07 --> Controller "App\Controllers\bukutamu\Bukutamu" loaded.
INFO - 2021-06-14 15:35:10 --> Session: Class initialized using 'CodeIgniter\Session\Handlers\FileHandler' driver.
INFO - 2021-06-14 15:35:10 --> Controller "App\Controllers\bukutamu\Bukutamu" loaded.
INFO - 2021-06-14 15:35:12 --> Session: Class initialized using 'CodeIgniter\Session\Handlers\FileHandler' driver.
INFO - 2021-06-14 15:35:12 --> Controller "App\Controllers\bukutamu\Bukutamu" loaded.
INFO - 2021-06-14 15:35:15 --> Session: Class initialized using 'CodeIgniter\Session\Handlers\FileHandler' driver.
INFO - 2021-06-14 15:35:15 --> Controller "App\Controllers\bukutamu\Bukutamu" loaded.
INFO - 2021-06-14 15:39:00 --> Session: Class initialized using 'CodeIgniter\Session\Handlers\FileHandler' driver.
INFO - 2021-06-14 15:39:00 --> Session: Class initialized using 'CodeIgniter\Session\Handlers\FileHandler' driver.
INFO - 2021-06-14 15:39:00 --> Controller "App\Controllers\undangan\Undangan" loaded.
INFO - 2021-06-14 15:39:00 --> Controller "App\Controllers\undangan\Undangan" loaded.
CRITICAL - 2021-06-14 15:39:00 --> Unknown column 'bon' in 'where clause'
#0 /home/nguh5634/public_html/system/Database/MySQLi/Connection.php(330): mysqli->query('SELECT *\nFROM `...')
#1 /home/nguh5634/public_html/system/Database/BaseConnection.php(738): CodeIgniter\Database\MySQLi\Connection->execute('SELECT *\nFROM `...')
#2 /home/nguh5634/public_html/system/Database/BaseConnection.php(666): CodeIgniter\Database\BaseConnection->simpleQuery('SELECT *\nFROM `...')
#3 /home/nguh5634/public_html/system/Database/BaseBuilder.php(1819): CodeIgniter\Database\BaseConnection->query('SELECT *\nFROM `...', Array, false)
#4 /home/nguh5634/public_html/app/Models/undangan/UndanganModel.php(53): CodeIgniter\Database\BaseBuilder->get()
#5 /home/nguh5634/public_html/app/Controllers/undangan/Undangan.php(88): App\Models\undangan\UndanganModel->cek_tamu('1', 'bon%20jovi')
#6 /home/nguh5634/public_html/system/CodeIgniter.php(910): App\Controllers\undangan\Undangan->undangan()
#7 /home/nguh5634/public_html/system/CodeIgniter.php(398): CodeIgniter\CodeIgniter->runController(Object(App\Controllers\undangan\Undangan))
#8 /home/nguh5634/public_html/system/CodeIgniter.php(306): CodeIgniter\CodeIgniter->handleRequest(NULL, Object(Config\Cache), false)
#9 /home/nguh5634/public_html/index.php(45): CodeIgniter\CodeIgniter->run()
#10 {main}
INFO - 2021-06-14 15:39:00 --> Controller "App\Controllers\base\Beranda" loaded.
INFO - 2021-06-14 15:54:16 --> Controller "App\Controllers\base\Beranda" loaded.
INFO - 2021-06-14 15:54:20 --> Session: Class initialized using 'CodeIgniter\Session\Handlers\FileHandler' driver.
INFO - 2021-06-14 15:54:20 --> Session: Class initialized using 'CodeIgniter\Session\Handlers\FileHandler' driver.
INFO - 2021-06-14 15:54:20 --> Controller "App\Controllers\undangan\Undangan" loaded.
INFO - 2021-06-14 15:54:20 --> Controller "App\Controllers\undangan\Undangan" loaded.
CRITICAL - 2021-06-14 15:54:20 --> Unknown column 'bon' in 'where clause'
#0 /home/nguh5634/public_html/system/Database/MySQLi/Connection.php(330): mysqli->query('SELECT *\nFROM `...')
#1 /home/nguh5634/public_html/system/Database/BaseConnection.php(738): CodeIgniter\Database\MySQLi\Connection->execute('SELECT *\nFROM `...')
#2 /home/nguh5634/public_html/system/Database/BaseConnection.php(666): CodeIgniter\Database\BaseConnection->simpleQuery('SELECT *\nFROM `...')
#3 /home/nguh5634/public_html/system/Database/BaseBuilder.php(1819): CodeIgniter\Database\BaseConnection->query('SELECT *\nFROM `...', Array, false)
#4 /home/nguh5634/public_html/app/Models/undangan/UndanganModel.php(53): CodeIgniter\Database\BaseBuilder->get()
#5 /home/nguh5634/public_html/app/Controllers/undangan/Undangan.php(88): App\Models\undangan\UndanganModel->cek_tamu('1', 'bon%20jovi')
#6 /home/nguh5634/public_html/system/CodeIgniter.php(910): App\Controllers\undangan\Undangan->undangan()
#7 /home/nguh5634/public_html/system/CodeIgniter.php(398): CodeIgniter\CodeIgniter->runController(Object(App\Controllers\undangan\Undangan))
#8 /home/nguh5634/public_html/system/CodeIgniter.php(306): CodeIgniter\CodeIgniter->handleRequest(NULL, Object(Config\Cache), false)
#9 /home/nguh5634/public_html/index.php(45): CodeIgniter\CodeIgniter->run()
#10 {main}
INFO - 2021-06-14 15:54:42 --> Session: Class initialized using 'CodeIgniter\Session\Handlers\FileHandler' driver.
INFO - 2021-06-14 15:54:42 --> Controller "App\Controllers\base\Dashboard" loaded.
INFO - 2021-06-14 15:57:47 --> Session: Class initialized using 'CodeIgniter\Session\Handlers\FileHandler' driver.
INFO - 2021-06-14 15:57:47 --> Controller "App\Controllers\base\Dashboard" loaded.
INFO - 2021-06-14 15:57:48 --> Session: Class initialized using 'CodeIgniter\Session\Handlers\FileHandler' driver.
INFO - 2021-06-14 15:57:48 --> Controller "App\Controllers\base\Dashboard" loaded.
INFO - 2021-06-14 15:58:16 --> Controller "App\Controllers\base\Beranda" loaded.
INFO - 2021-06-14 15:58:56 --> Controller "App\Controllers\base\Beranda" loaded.
INFO - 2021-06-14 15:59:01 --> Session: Class initialized using 'CodeIgniter\Session\Handlers\FileHandler' driver.
INFO - 2021-06-14 15:59:01 --> Controller "App\Controllers\base\Dashboard" loaded.
INFO - 2021-06-14 15:59:11 --> Controller "App\Controllers\base\Beranda" loaded.
INFO - 2021-06-14 15:59:22 --> Controller "App\Controllers\base\Beranda" loaded.
INFO - 2021-06-14 15:59:42 --> Controller "App\Controllers\base\Beranda" loaded.
INFO - 2021-06-14 16:01:56 --> Controller "App\Controllers\base\Beranda" loaded.
INFO - 2021-06-14 16:02:16 --> Session: Class initialized using 'CodeIgniter\Session\Handlers\FileHandler' driver.
INFO - 2021-06-14 16:02:16 --> Controller "App\Controllers\base\Order" loaded.
INFO - 2021-06-14 16:02:16 --> Controller "App\Controllers\base\Beranda" loaded.
INFO - 2021-06-14 16:02:59 --> Controller "App\Controllers\base\Beranda" loaded.
INFO - 2021-06-14 16:06:18 --> Controller "App\Controllers\base\Beranda" loaded.
INFO - 2021-06-14 16:07:03 --> Session: Class initialized using 'CodeIgniter\Session\Handlers\FileHandler' driver.
INFO - 2021-06-14 16:07:03 --> Controller "App\Controllers\base\Order" loaded.
INFO - 2021-06-14 16:09:14 --> Controller "App\Controllers\base\Beranda" loaded.
INFO - 2021-06-14 16:09:17 --> Session: Class initialized using 'CodeIgniter\Session\Handlers\FileHandler' driver.
INFO - 2021-06-14 16:09:17 --> Controller "App\Controllers\base\Dashboard" loaded.
INFO - 2021-06-14 16:09:36 --> Session: Class initialized using 'CodeIgniter\Session\Handlers\FileHandler' driver.
INFO - 2021-06-14 16:09:36 --> Controller "App\Controllers\base\Dashboard" loaded.
INFO - 2021-06-14 16:09:36 --> Session: Class initialized using 'CodeIgniter\Session\Handlers\FileHandler' driver.
INFO - 2021-06-14 16:09:36 --> Controller "App\Controllers\base\Dashboard" loaded.
INFO - 2021-06-14 16:10:06 --> Session: Class initialized using 'CodeIgniter\Session\Handlers\FileHandler' driver.
INFO - 2021-06-14 16:10:06 --> Controller "App\Controllers\base\Dashboard" loaded.
INFO - 2021-06-14 16:10:06 --> Session: Class initialized using 'CodeIgniter\Session\Handlers\FileHandler' driver.
INFO - 2021-06-14 16:10:06 --> Controller "App\Controllers\base\Dashboard" loaded.
INFO - 2021-06-14 16:10:26 --> Session: Class initialized using 'CodeIgniter\Session\Handlers\FileHandler' driver.
INFO - 2021-06-14 16:10:26 --> Controller "App\Controllers\base\Dashboard" loaded.
INFO - 2021-06-14 16:10:26 --> Session: Class initialized using 'CodeIgniter\Session\Handlers\FileHandler' driver.
INFO - 2021-06-14 16:10:26 --> Controller "App\Controllers\base\Dashboard" loaded.
INFO - 2021-06-14 16:10:48 --> Session: Class initialized using 'CodeIgniter\Session\Handlers\FileHandler' driver.
INFO - 2021-06-14 16:10:48 --> Controller "App\Controllers\base\Dashboard" loaded.
INFO - 2021-06-14 16:10:48 --> Session: Class initialized using 'CodeIgniter\Session\Handlers\FileHandler' driver.
INFO - 2021-06-14 16:10:48 --> Controller "App\Controllers\base\Dashboard" loaded.
INFO - 2021-06-14 16:21:22 --> Controller "App\Controllers\base\Beranda" loaded.
INFO - 2021-06-14 16:21:22 --> Controller "App\Controllers\base\Beranda" loaded.
INFO - 2021-06-14 16:21:31 --> Controller "App\Controllers\base\Beranda" loaded.
INFO - 2021-06-14 16:33:07 --> Controller "App\Controllers\base\Beranda" loaded.
INFO - 2021-06-14 16:33:07 --> Controller "App\Controllers\base\Beranda" loaded.
INFO - 2021-06-14 16:33:08 --> Controller "App\Controllers\base\Beranda" loaded.
INFO - 2021-06-14 16:33:25 --> Controller "App\Controllers\base\Beranda" loaded.
INFO - 2021-06-14 16:33:25 --> Controller "App\Controllers\base\Beranda" loaded.
INFO - 2021-06-14 16:33:26 --> Controller "App\Controllers\base\Beranda" loaded.
INFO - 2021-06-14 16:33:54 --> Controller "App\Controllers\base\Beranda" loaded.
INFO - 2021-06-14 16:38:26 --> Controller "App\Controllers\base\Beranda" loaded.
INFO - 2021-06-14 16:38:51 --> Session: Class initialized using 'CodeIgniter\Session\Handlers\FileHandler' driver.
INFO - 2021-06-14 16:38:51 --> Controller "App\Controllers\base\Order" loaded.
INFO - 2021-06-14 16:39:33 --> Session: Class initialized using 'CodeIgniter\Session\Handlers\FileHandler' driver.
INFO - 2021-06-14 16:39:33 --> Controller "App\Controllers\base\Order" loaded.
INFO - 2021-06-14 16:39:48 --> Session: Class initialized using 'CodeIgniter\Session\Handlers\FileHandler' driver.
INFO - 2021-06-14 16:39:48 --> Controller "App\Controllers\base\Order" loaded.
INFO - 2021-06-14 16:40:02 --> Session: Class initialized using 'CodeIgniter\Session\Handlers\FileHandler' driver.
INFO - 2021-06-14 16:40:02 --> Controller "App\Controllers\base\Order" loaded.
INFO - 2021-06-14 16:40:09 --> Session: Class initialized using 'CodeIgniter\Session\Handlers\FileHandler' driver.
INFO - 2021-06-14 16:40:09 --> Controller "App\Controllers\base\Order" loaded.
INFO - 2021-06-14 16:40:10 --> Controller "App\Controllers\base\Beranda" loaded.
INFO - 2021-06-14 16:40:12 --> Session: Class initialized using 'CodeIgniter\Session\Handlers\FileHandler' driver.
INFO - 2021-06-14 16:40:12 --> Controller "App\Controllers\base\Order" loaded.
INFO - 2021-06-14 16:40:15 --> Session: Class initialized using 'CodeIgniter\Session\Handlers\FileHandler' driver.
INFO - 2021-06-14 16:40:15 --> Controller "App\Controllers\base\Order" loaded.
INFO - 2021-06-14 16:40:18 --> Controller "App\Controllers\base\Beranda" loaded.
INFO - 2021-06-14 16:40:21 --> Session: Class initialized using 'CodeIgniter\Session\Handlers\FileHandler' driver.
INFO - 2021-06-14 16:40:21 --> Controller "App\Controllers\base\Order" loaded.
INFO - 2021-06-14 16:40:21 --> Controller "App\Controllers\base\Beranda" loaded.
INFO - 2021-06-14 16:40:39 --> Session: Class initialized using 'CodeIgniter\Session\Handlers\FileHandler' driver.
INFO - 2021-06-14 16:40:39 --> Session: Class initialized using 'CodeIgniter\Session\Handlers\FileHandler' driver.
INFO - 2021-06-14 16:40:39 --> Controller "App\Controllers\base\Dashboard" loaded.
INFO - 2021-06-14 16:40:40 --> Session: Class initialized using 'CodeIgniter\Session\Handlers\FileHandler' driver.
INFO - 2021-06-14 16:40:40 --> Controller "App\Controllers\base\Dashboard" loaded.
INFO - 2021-06-14 16:40:40 --> Session: Class initialized using 'CodeIgniter\Session\Handlers\FileHandler' driver.
INFO - 2021-06-14 16:40:40 --> Controller "App\Controllers\base\Dashboard" loaded.
INFO - 2021-06-14 16:40:54 --> Session: Class initialized using 'CodeIgniter\Session\Handlers\FileHandler' driver.
INFO - 2021-06-14 16:40:54 --> Controller "App\Controllers\base\Dashboard" loaded.
INFO - 2021-06-14 16:40:54 --> Session: Class initialized using 'CodeIgniter\Session\Handlers\FileHandler' driver.
INFO - 2021-06-14 16:40:54 --> Controller "App\Controllers\base\Dashboard" loaded.
INFO - 2021-06-14 16:41:05 --> Session: Class initialized using 'CodeIgniter\Session\Handlers\FileHandler' driver.
INFO - 2021-06-14 16:41:05 --> Controller "App\Controllers\undangan\Undangan" loaded.
CRITICAL - 2021-06-14 16:41:05 --> Unknown column 'bon' in 'where clause'
#0 /home/nguh5634/public_html/system/Database/MySQLi/Connection.php(330): mysqli->query('SELECT *\nFROM `...')
#1 /home/nguh5634/public_html/system/Database/BaseConnection.php(738): CodeIgniter\Database\MySQLi\Connection->execute('SELECT *\nFROM `...')
#2 /home/nguh5634/public_html/system/Database/BaseConnection.php(666): CodeIgniter\Database\BaseConnection->simpleQuery('SELECT *\nFROM `...')
#3 /home/nguh5634/public_html/system/Database/BaseBuilder.php(1819): CodeIgniter\Database\BaseConnection->query('SELECT *\nFROM `...', Array, false)
#4 /home/nguh5634/public_html/app/Models/undangan/UndanganModel.php(53): CodeIgniter\Database\BaseBuilder->get()
#5 /home/nguh5634/public_html/app/Controllers/undangan/Undangan.php(88): App\Models\undangan\UndanganModel->cek_tamu('1', 'bon%20jovi')
#6 /home/nguh5634/public_html/system/CodeIgniter.php(910): App\Controllers\undangan\Undangan->undangan()
#7 /home/nguh5634/public_html/system/CodeIgniter.php(398): CodeIgniter\CodeIgniter->runController(Object(App\Controllers\undangan\Undangan))
#8 /home/nguh5634/public_html/system/CodeIgniter.php(306): CodeIgniter\CodeIgniter->handleRequest(NULL, Object(Config\Cache), false)
#9 /home/nguh5634/public_html/index.php(45): CodeIgniter\CodeIgniter->run()
#10 {main}
INFO - 2021-06-14 16:41:37 --> Controller "App\Controllers\base\Beranda" loaded.
INFO - 2021-06-14 16:41:41 --> Controller "App\Controllers\base\Beranda" loaded.
INFO - 2021-06-14 16:43:10 --> Session: Class initialized using 'CodeIgniter\Session\Handlers\FileHandler' driver.
INFO - 2021-06-14 16:43:10 --> Controller "App\Controllers\base\Order" loaded.
INFO - 2021-06-14 16:43:11 --> Controller "App\Controllers\base\Beranda" loaded.
INFO - 2021-06-14 16:43:24 --> Controller "App\Controllers\base\Beranda" loaded.
INFO - 2021-06-14 16:44:18 --> Session: Class initialized using 'CodeIgniter\Session\Handlers\FileHandler' driver.
INFO - 2021-06-14 16:44:18 --> Controller "App\Controllers\undangan\Undangan" loaded.
INFO - 2021-06-14 16:44:18 --> Session: Class initialized using 'CodeIgniter\Session\Handlers\FileHandler' driver.
INFO - 2021-06-14 16:44:18 --> Controller "App\Controllers\undangan\Undangan" loaded.
INFO - 2021-06-14 16:44:18 --> Session: Class initialized using 'CodeIgniter\Session\Handlers\FileHandler' driver.
INFO - 2021-06-14 16:44:18 --> Controller "App\Controllers\undangan\Undangan" loaded.
INFO - 2021-06-14 16:44:18 --> Session: Class initialized using 'CodeIgniter\Session\Handlers\FileHandler' driver.
INFO - 2021-06-14 16:44:18 --> Controller "App\Controllers\undangan\Undangan" loaded.
INFO - 2021-06-14 16:44:19 --> Session: Class initialized using 'CodeIgniter\Session\Handlers\FileHandler' driver.
INFO - 2021-06-14 16:44:19 --> Controller "App\Controllers\undangan\Undangan" loaded.
INFO - 2021-06-14 16:44:35 --> Session: Class initialized using 'CodeIgniter\Session\Handlers\FileHandler' driver.
INFO - 2021-06-14 16:44:35 --> Controller "App\Controllers\undangan\Undangan" loaded.
INFO - 2021-06-14 16:48:37 --> Controller "App\Controllers\base\Beranda" loaded.
INFO - 2021-06-14 16:48:51 --> Controller "App\Controllers\base\Beranda" loaded.
INFO - 2021-06-14 16:48:51 --> Controller "App\Controllers\base\Beranda" loaded.
INFO - 2021-06-14 16:48:53 --> Controller "App\Controllers\base\Beranda" loaded.
INFO - 2021-06-14 16:49:30 --> Controller "App\Controllers\base\Beranda" loaded.
INFO - 2021-06-14 16:49:31 --> Controller "App\Controllers\base\Beranda" loaded.
INFO - 2021-06-14 16:50:45 --> Session: Class initialized using 'CodeIgniter\Session\Handlers\FileHandler' driver.
INFO - 2021-06-14 16:50:45 --> Controller "App\Controllers\undangan\Undangan" loaded.
INFO - 2021-06-14 16:56:39 --> Controller "App\Controllers\base\Beranda" loaded.
INFO - 2021-06-14 17:31:57 --> Controller "App\Controllers\base\Beranda" loaded.
INFO - 2021-06-14 17:31:57 --> Controller "App\Controllers\base\Beranda" loaded.
INFO - 2021-06-14 17:37:47 --> Controller "App\Controllers\base\Beranda" loaded.
INFO - 2021-06-14 17:54:00 --> Controller "App\Controllers\base\Beranda" loaded.
INFO - 2021-06-14 18:14:33 --> Controller "App\Controllers\base\Beranda" loaded.
INFO - 2021-06-14 18:16:18 --> Controller "App\Controllers\base\Beranda" loaded.
INFO - 2021-06-14 18:33:46 --> Controller "App\Controllers\base\Beranda" loaded.
INFO - 2021-06-14 18:38:40 --> Session: Class initialized using 'CodeIgniter\Session\Handlers\FileHandler' driver.
INFO - 2021-06-14 18:38:40 --> Controller "App\Controllers\base\Order" loaded.
INFO - 2021-06-14 18:59:51 --> Controller "App\Controllers\base\Beranda" loaded.
INFO - 2021-06-14 19:23:35 --> Session: Class initialized using 'CodeIgniter\Session\Handlers\FileHandler' driver.
INFO - 2021-06-14 19:23:35 --> Controller "App\Controllers\base\Order" loaded.
INFO - 2021-06-14 21:19:37 --> Controller "App\Controllers\base\Beranda" loaded.
INFO - 2021-06-14 21:45:37 --> Session: Class initialized using 'CodeIgniter\Session\Handlers\FileHandler' driver.
INFO - 2021-06-14 21:45:37 --> Controller "App\Controllers\base\Order" loaded.
INFO - 2021-06-14 21:54:08 --> Session: Class initialized using 'CodeIgniter\Session\Handlers\FileHandler' driver.
INFO - 2021-06-14 21:54:08 --> Controller "App\Controllers\base\Dashboard" loaded.
INFO - 2021-06-14 23:49:25 --> Controller "App\Controllers\base\Beranda" loaded.
