INFO - 2021-04-24 00:00:18 --> Session: Class initialized using 'CodeIgniter\Session\Handlers\FileHandler' driver.
INFO - 2021-04-24 00:00:18 --> Controller "App\Controllers\undangan\Undangan" loaded.
INFO - 2021-04-24 00:00:23 --> Session: Class initialized using 'CodeIgniter\Session\Handlers\FileHandler' driver.
INFO - 2021-04-24 00:00:23 --> Controller "App\Controllers\undangan\Undangan" loaded.
INFO - 2021-04-24 00:01:04 --> Controller "App\Controllers\base\Beranda" loaded.
INFO - 2021-04-24 00:01:04 --> Controller "App\Controllers\base\Beranda" loaded.
INFO - 2021-04-24 00:01:04 --> Controller "App\Controllers\base\Beranda" loaded.
INFO - 2021-04-24 00:01:12 --> Controller "App\Controllers\base\Beranda" loaded.
INFO - 2021-04-24 00:02:04 --> Controller "App\Controllers\base\Beranda" loaded.
INFO - 2021-04-24 00:02:14 --> Session: Class initialized using 'CodeIgniter\Session\Handlers\FileHandler' driver.
INFO - 2021-04-24 00:02:14 --> Controller "App\Controllers\undangan\Undangan" loaded.
INFO - 2021-04-24 00:02:28 --> Session: Class initialized using 'CodeIgniter\Session\Handlers\FileHandler' driver.
INFO - 2021-04-24 00:02:28 --> Controller "App\Controllers\undangan\Undangan" loaded.
INFO - 2021-04-24 00:02:58 --> Session: Class initialized using 'CodeIgniter\Session\Handlers\FileHandler' driver.
INFO - 2021-04-24 00:02:58 --> Controller "App\Controllers\undangan\Undangan" loaded.
INFO - 2021-04-24 00:02:58 --> Session: Class initialized using 'CodeIgniter\Session\Handlers\FileHandler' driver.
INFO - 2021-04-24 00:02:58 --> Controller "App\Controllers\undangan\Undangan" loaded.
INFO - 2021-04-24 00:02:58 --> Session: Class initialized using 'CodeIgniter\Session\Handlers\FileHandler' driver.
INFO - 2021-04-24 00:02:58 --> Controller "App\Controllers\undangan\Undangan" loaded.
INFO - 2021-04-24 00:17:47 --> Controller "App\Controllers\base\Beranda" loaded.
INFO - 2021-04-24 00:18:15 --> Controller "App\Controllers\base\Beranda" loaded.
INFO - 2021-04-24 00:18:15 --> Controller "App\Controllers\base\Beranda" loaded.
INFO - 2021-04-24 00:18:16 --> Controller "App\Controllers\base\Beranda" loaded.
INFO - 2021-04-24 00:18:17 --> Controller "App\Controllers\base\Beranda" loaded.
INFO - 2021-04-24 00:31:01 --> Controller "App\Controllers\base\Beranda" loaded.
INFO - 2021-04-24 00:47:07 --> Session: Class initialized using 'CodeIgniter\Session\Handlers\FileHandler' driver.
INFO - 2021-04-24 00:47:07 --> Controller "App\Controllers\undangan\Undangan" loaded.
INFO - 2021-04-24 00:47:45 --> Session: Class initialized using 'CodeIgniter\Session\Handlers\FileHandler' driver.
INFO - 2021-04-24 00:47:45 --> Controller "App\Controllers\undangan\Undangan" loaded.
INFO - 2021-04-24 00:51:59 --> Session: Class initialized using 'CodeIgniter\Session\Handlers\FileHandler' driver.
INFO - 2021-04-24 00:51:59 --> Controller "App\Controllers\undangan\Undangan" loaded.
INFO - 2021-04-24 01:09:18 --> Session: Class initialized using 'CodeIgniter\Session\Handlers\FileHandler' driver.
INFO - 2021-04-24 01:09:18 --> Controller "App\Controllers\undangan\Undangan" loaded.
INFO - 2021-04-24 01:10:56 --> Controller "App\Controllers\base\Beranda" loaded.
INFO - 2021-04-24 01:11:55 --> Session: Class initialized using 'CodeIgniter\Session\Handlers\FileHandler' driver.
INFO - 2021-04-24 01:11:55 --> Controller "App\Controllers\undangan\Undangan" loaded.
INFO - 2021-04-24 01:12:10 --> Session: Class initialized using 'CodeIgniter\Session\Handlers\FileHandler' driver.
INFO - 2021-04-24 01:12:10 --> Controller "App\Controllers\undangan\Undangan" loaded.
INFO - 2021-04-24 01:12:34 --> Session: Class initialized using 'CodeIgniter\Session\Handlers\FileHandler' driver.
INFO - 2021-04-24 01:12:34 --> Controller "App\Controllers\undangan\Undangan" loaded.
INFO - 2021-04-24 01:12:55 --> Session: Class initialized using 'CodeIgniter\Session\Handlers\FileHandler' driver.
INFO - 2021-04-24 01:12:55 --> Controller "App\Controllers\undangan\Undangan" loaded.
INFO - 2021-04-24 01:13:06 --> Session: Class initialized using 'CodeIgniter\Session\Handlers\FileHandler' driver.
INFO - 2021-04-24 01:13:06 --> Controller "App\Controllers\undangan\Undangan" loaded.
INFO - 2021-04-24 01:13:39 --> Session: Class initialized using 'CodeIgniter\Session\Handlers\FileHandler' driver.
INFO - 2021-04-24 01:13:39 --> Controller "App\Controllers\undangan\Undangan" loaded.
INFO - 2021-04-24 01:13:39 --> Session: Class initialized using 'CodeIgniter\Session\Handlers\FileHandler' driver.
INFO - 2021-04-24 01:13:39 --> Controller "App\Controllers\undangan\Undangan" loaded.
INFO - 2021-04-24 01:14:01 --> Session: Class initialized using 'CodeIgniter\Session\Handlers\FileHandler' driver.
INFO - 2021-04-24 01:14:01 --> Controller "App\Controllers\undangan\Undangan" loaded.
INFO - 2021-04-24 01:16:43 --> Session: Class initialized using 'CodeIgniter\Session\Handlers\FileHandler' driver.
INFO - 2021-04-24 01:16:43 --> Controller "App\Controllers\undangan\Undangan" loaded.
INFO - 2021-04-24 01:19:39 --> Session: Class initialized using 'CodeIgniter\Session\Handlers\FileHandler' driver.
INFO - 2021-04-24 01:19:39 --> Controller "App\Controllers\undangan\Undangan" loaded.
INFO - 2021-04-24 01:25:54 --> Session: Class initialized using 'CodeIgniter\Session\Handlers\FileHandler' driver.
INFO - 2021-04-24 01:25:54 --> Controller "App\Controllers\undangan\Undangan" loaded.
INFO - 2021-04-24 01:26:14 --> Session: Class initialized using 'CodeIgniter\Session\Handlers\FileHandler' driver.
INFO - 2021-04-24 01:26:14 --> Controller "App\Controllers\undangan\Undangan" loaded.
INFO - 2021-04-24 01:38:28 --> Controller "App\Controllers\base\Beranda" loaded.
INFO - 2021-04-24 01:48:14 --> Controller "App\Controllers\base\Beranda" loaded.
INFO - 2021-04-24 02:09:15 --> Controller "App\Controllers\base\Beranda" loaded.
INFO - 2021-04-24 02:09:26 --> Controller "App\Controllers\base\Beranda" loaded.
INFO - 2021-04-24 02:21:55 --> Session: Class initialized using 'CodeIgniter\Session\Handlers\FileHandler' driver.
INFO - 2021-04-24 02:21:55 --> Controller "App\Controllers\base\Dashboard" loaded.
INFO - 2021-04-24 02:22:08 --> Session: Class initialized using 'CodeIgniter\Session\Handlers\FileHandler' driver.
INFO - 2021-04-24 02:22:08 --> Controller "App\Controllers\base\Dashboard" loaded.
INFO - 2021-04-24 02:22:08 --> Session: Class initialized using 'CodeIgniter\Session\Handlers\FileHandler' driver.
INFO - 2021-04-24 02:22:08 --> Controller "App\Controllers\base\Dashboard" loaded.
INFO - 2021-04-24 02:22:24 --> Session: Class initialized using 'CodeIgniter\Session\Handlers\FileHandler' driver.
INFO - 2021-04-24 02:22:24 --> Controller "App\Controllers\undangan\Undangan" loaded.
INFO - 2021-04-24 02:22:32 --> Session: Class initialized using 'CodeIgniter\Session\Handlers\FileHandler' driver.
INFO - 2021-04-24 02:22:32 --> Controller "App\Controllers\undangan\Undangan" loaded.
INFO - 2021-04-24 02:23:02 --> Session: Class initialized using 'CodeIgniter\Session\Handlers\FileHandler' driver.
INFO - 2021-04-24 02:23:02 --> Controller "App\Controllers\undangan\Undangan" loaded.
INFO - 2021-04-24 02:57:28 --> Session: Class initialized using 'CodeIgniter\Session\Handlers\FileHandler' driver.
INFO - 2021-04-24 02:57:28 --> Controller "App\Controllers\undangan\Undangan" loaded.
INFO - 2021-04-24 02:57:30 --> Session: Class initialized using 'CodeIgniter\Session\Handlers\FileHandler' driver.
INFO - 2021-04-24 02:57:30 --> Controller "App\Controllers\undangan\Undangan" loaded.
INFO - 2021-04-24 02:57:42 --> Controller "App\Controllers\base\Beranda" loaded.
INFO - 2021-04-24 02:57:42 --> Controller "App\Controllers\base\Beranda" loaded.
INFO - 2021-04-24 02:57:44 --> Controller "App\Controllers\base\Beranda" loaded.
INFO - 2021-04-24 02:58:32 --> Session: Class initialized using 'CodeIgniter\Session\Handlers\FileHandler' driver.
INFO - 2021-04-24 02:58:32 --> Controller "App\Controllers\undangan\Undangan" loaded.
INFO - 2021-04-24 02:58:32 --> Session: Class initialized using 'CodeIgniter\Session\Handlers\FileHandler' driver.
INFO - 2021-04-24 02:58:32 --> Controller "App\Controllers\undangan\Undangan" loaded.
INFO - 2021-04-24 02:58:57 --> Controller "App\Controllers\base\Beranda" loaded.
INFO - 2021-04-24 02:58:57 --> Controller "App\Controllers\base\Beranda" loaded.
INFO - 2021-04-24 02:58:58 --> Controller "App\Controllers\base\Beranda" loaded.
INFO - 2021-04-24 03:00:08 --> Session: Class initialized using 'CodeIgniter\Session\Handlers\FileHandler' driver.
INFO - 2021-04-24 03:00:08 --> Controller "App\Controllers\undangan\Undangan" loaded.
INFO - 2021-04-24 03:00:30 --> Session: Class initialized using 'CodeIgniter\Session\Handlers\FileHandler' driver.
INFO - 2021-04-24 03:00:30 --> Controller "App\Controllers\undangan\Undangan" loaded.
INFO - 2021-04-24 03:00:50 --> Session: Class initialized using 'CodeIgniter\Session\Handlers\FileHandler' driver.
INFO - 2021-04-24 03:00:50 --> Controller "App\Controllers\undangan\Undangan" loaded.
INFO - 2021-04-24 03:01:21 --> Session: Class initialized using 'CodeIgniter\Session\Handlers\FileHandler' driver.
INFO - 2021-04-24 03:01:21 --> Controller "App\Controllers\base\Dashboard" loaded.
INFO - 2021-04-24 03:01:34 --> Session: Class initialized using 'CodeIgniter\Session\Handlers\FileHandler' driver.
INFO - 2021-04-24 03:01:34 --> Controller "App\Controllers\base\Dashboard" loaded.
INFO - 2021-04-24 03:01:34 --> Session: Class initialized using 'CodeIgniter\Session\Handlers\FileHandler' driver.
INFO - 2021-04-24 03:01:34 --> Controller "App\Controllers\base\Dashboard" loaded.
INFO - 2021-04-24 03:01:39 --> Session: Class initialized using 'CodeIgniter\Session\Handlers\FileHandler' driver.
INFO - 2021-04-24 03:01:39 --> Controller "App\Controllers\base\Dashboard" loaded.
INFO - 2021-04-24 03:01:51 --> Session: Class initialized using 'CodeIgniter\Session\Handlers\FileHandler' driver.
INFO - 2021-04-24 03:01:51 --> Controller "App\Controllers\base\Dashboard" loaded.
INFO - 2021-04-24 03:01:51 --> Session: Class initialized using 'CodeIgniter\Session\Handlers\FileHandler' driver.
INFO - 2021-04-24 03:01:51 --> Controller "App\Controllers\base\Dashboard" loaded.
INFO - 2021-04-24 03:01:58 --> Session: Class initialized using 'CodeIgniter\Session\Handlers\FileHandler' driver.
INFO - 2021-04-24 03:01:58 --> Controller "App\Controllers\undangan\Undangan" loaded.
INFO - 2021-04-24 03:02:14 --> Session: Class initialized using 'CodeIgniter\Session\Handlers\FileHandler' driver.
INFO - 2021-04-24 03:02:14 --> Controller "App\Controllers\base\Dashboard" loaded.
INFO - 2021-04-24 03:02:14 --> Session: Class initialized using 'CodeIgniter\Session\Handlers\FileHandler' driver.
INFO - 2021-04-24 03:02:14 --> Controller "App\Controllers\base\Dashboard" loaded.
INFO - 2021-04-24 03:02:17 --> Session: Class initialized using 'CodeIgniter\Session\Handlers\FileHandler' driver.
INFO - 2021-04-24 03:02:17 --> Controller "App\Controllers\undangan\Undangan" loaded.
INFO - 2021-04-24 03:02:45 --> Session: Class initialized using 'CodeIgniter\Session\Handlers\FileHandler' driver.
INFO - 2021-04-24 03:02:45 --> Controller "App\Controllers\base\Dashboard" loaded.
INFO - 2021-04-24 03:02:45 --> Session: Class initialized using 'CodeIgniter\Session\Handlers\FileHandler' driver.
INFO - 2021-04-24 03:02:45 --> Controller "App\Controllers\base\Dashboard" loaded.
INFO - 2021-04-24 03:02:48 --> Session: Class initialized using 'CodeIgniter\Session\Handlers\FileHandler' driver.
INFO - 2021-04-24 03:02:48 --> Controller "App\Controllers\undangan\Undangan" loaded.
INFO - 2021-04-24 03:03:09 --> Session: Class initialized using 'CodeIgniter\Session\Handlers\FileHandler' driver.
INFO - 2021-04-24 03:03:09 --> Controller "App\Controllers\base\Dashboard" loaded.
INFO - 2021-04-24 03:03:09 --> Session: Class initialized using 'CodeIgniter\Session\Handlers\FileHandler' driver.
INFO - 2021-04-24 03:03:09 --> Controller "App\Controllers\base\Dashboard" loaded.
INFO - 2021-04-24 03:03:11 --> Session: Class initialized using 'CodeIgniter\Session\Handlers\FileHandler' driver.
INFO - 2021-04-24 03:03:11 --> Controller "App\Controllers\undangan\Undangan" loaded.
INFO - 2021-04-24 03:03:19 --> Session: Class initialized using 'CodeIgniter\Session\Handlers\FileHandler' driver.
INFO - 2021-04-24 03:03:19 --> Controller "App\Controllers\undangan\Undangan" loaded.
INFO - 2021-04-24 03:03:33 --> Session: Class initialized using 'CodeIgniter\Session\Handlers\FileHandler' driver.
INFO - 2021-04-24 03:03:33 --> Controller "App\Controllers\base\Dashboard" loaded.
INFO - 2021-04-24 03:03:33 --> Session: Class initialized using 'CodeIgniter\Session\Handlers\FileHandler' driver.
INFO - 2021-04-24 03:03:33 --> Controller "App\Controllers\base\Dashboard" loaded.
INFO - 2021-04-24 03:03:39 --> Session: Class initialized using 'CodeIgniter\Session\Handlers\FileHandler' driver.
INFO - 2021-04-24 03:03:39 --> Controller "App\Controllers\undangan\Undangan" loaded.
INFO - 2021-04-24 03:03:52 --> Session: Class initialized using 'CodeIgniter\Session\Handlers\FileHandler' driver.
INFO - 2021-04-24 03:03:52 --> Controller "App\Controllers\base\Dashboard" loaded.
INFO - 2021-04-24 03:03:52 --> Session: Class initialized using 'CodeIgniter\Session\Handlers\FileHandler' driver.
INFO - 2021-04-24 03:03:52 --> Controller "App\Controllers\base\Dashboard" loaded.
INFO - 2021-04-24 03:03:55 --> Session: Class initialized using 'CodeIgniter\Session\Handlers\FileHandler' driver.
INFO - 2021-04-24 03:03:55 --> Controller "App\Controllers\undangan\Undangan" loaded.
INFO - 2021-04-24 03:04:01 --> Session: Class initialized using 'CodeIgniter\Session\Handlers\FileHandler' driver.
INFO - 2021-04-24 03:04:01 --> Controller "App\Controllers\undangan\Undangan" loaded.
INFO - 2021-04-24 03:04:16 --> Session: Class initialized using 'CodeIgniter\Session\Handlers\FileHandler' driver.
INFO - 2021-04-24 03:04:16 --> Controller "App\Controllers\base\Dashboard" loaded.
INFO - 2021-04-24 03:04:16 --> Session: Class initialized using 'CodeIgniter\Session\Handlers\FileHandler' driver.
INFO - 2021-04-24 03:04:16 --> Controller "App\Controllers\base\Dashboard" loaded.
INFO - 2021-04-24 03:04:17 --> Session: Class initialized using 'CodeIgniter\Session\Handlers\FileHandler' driver.
INFO - 2021-04-24 03:04:17 --> Controller "App\Controllers\base\Dashboard" loaded.
INFO - 2021-04-24 03:04:19 --> Session: Class initialized using 'CodeIgniter\Session\Handlers\FileHandler' driver.
INFO - 2021-04-24 03:04:19 --> Controller "App\Controllers\undangan\Undangan" loaded.
INFO - 2021-04-24 03:04:29 --> Session: Class initialized using 'CodeIgniter\Session\Handlers\FileHandler' driver.
INFO - 2021-04-24 03:04:29 --> Controller "App\Controllers\base\Dashboard" loaded.
INFO - 2021-04-24 03:04:29 --> Session: Class initialized using 'CodeIgniter\Session\Handlers\FileHandler' driver.
INFO - 2021-04-24 03:04:29 --> Controller "App\Controllers\base\Dashboard" loaded.
INFO - 2021-04-24 03:04:34 --> Session: Class initialized using 'CodeIgniter\Session\Handlers\FileHandler' driver.
INFO - 2021-04-24 03:04:34 --> Controller "App\Controllers\undangan\Undangan" loaded.
INFO - 2021-04-24 03:04:46 --> Session: Class initialized using 'CodeIgniter\Session\Handlers\FileHandler' driver.
INFO - 2021-04-24 03:04:46 --> Controller "App\Controllers\base\Dashboard" loaded.
INFO - 2021-04-24 03:09:42 --> Controller "App\Controllers\base\Beranda" loaded.
INFO - 2021-04-24 03:09:58 --> Controller "App\Controllers\base\Beranda" loaded.
INFO - 2021-04-24 03:12:20 --> Controller "App\Controllers\base\Beranda" loaded.
INFO - 2021-04-24 03:12:34 --> Controller "App\Controllers\base\Beranda" loaded.
INFO - 2021-04-24 03:14:57 --> Controller "App\Controllers\base\Beranda" loaded.
INFO - 2021-04-24 03:15:53 --> Session: Class initialized using 'CodeIgniter\Session\Handlers\FileHandler' driver.
INFO - 2021-04-24 03:15:53 --> Controller "App\Controllers\base\Dashboard" loaded.
INFO - 2021-04-24 03:15:53 --> Session: Class initialized using 'CodeIgniter\Session\Handlers\FileHandler' driver.
INFO - 2021-04-24 03:15:53 --> Controller "App\Controllers\base\Dashboard" loaded.
INFO - 2021-04-24 03:17:11 --> Session: Class initialized using 'CodeIgniter\Session\Handlers\FileHandler' driver.
INFO - 2021-04-24 03:17:12 --> Controller "App\Controllers\base\Dashboard" loaded.
INFO - 2021-04-24 03:18:33 --> Session: Class initialized using 'CodeIgniter\Session\Handlers\FileHandler' driver.
INFO - 2021-04-24 03:18:33 --> Controller "App\Controllers\undangan\Undangan" loaded.
INFO - 2021-04-24 03:19:26 --> Controller "App\Controllers\base\Beranda" loaded.
INFO - 2021-04-24 03:19:26 --> Controller "App\Controllers\base\Beranda" loaded.
INFO - 2021-04-24 03:19:26 --> Controller "App\Controllers\base\Beranda" loaded.
INFO - 2021-04-24 03:19:37 --> Controller "App\Controllers\base\Beranda" loaded.
INFO - 2021-04-24 03:19:38 --> Controller "App\Controllers\base\Beranda" loaded.
INFO - 2021-04-24 03:19:38 --> Controller "App\Controllers\base\Beranda" loaded.
INFO - 2021-04-24 03:20:00 --> Controller "App\Controllers\base\Beranda" loaded.
INFO - 2021-04-24 03:20:36 --> Controller "App\Controllers\base\Beranda" loaded.
INFO - 2021-04-24 03:21:57 --> Controller "App\Controllers\base\Beranda" loaded.
INFO - 2021-04-24 03:22:12 --> Controller "App\Controllers\base\Beranda" loaded.
INFO - 2021-04-24 03:22:12 --> Controller "App\Controllers\base\Beranda" loaded.
INFO - 2021-04-24 03:22:13 --> Controller "App\Controllers\base\Beranda" loaded.
INFO - 2021-04-24 03:22:28 --> Controller "App\Controllers\base\Beranda" loaded.
INFO - 2021-04-24 03:22:45 --> Controller "App\Controllers\base\Beranda" loaded.
INFO - 2021-04-24 03:23:24 --> Controller "App\Controllers\base\Beranda" loaded.
INFO - 2021-04-24 03:23:24 --> Controller "App\Controllers\base\Beranda" loaded.
INFO - 2021-04-24 03:23:24 --> Controller "App\Controllers\base\Beranda" loaded.
INFO - 2021-04-24 03:23:50 --> Controller "App\Controllers\base\Beranda" loaded.
INFO - 2021-04-24 03:24:05 --> Controller "App\Controllers\base\Beranda" loaded.
INFO - 2021-04-24 03:24:14 --> Controller "App\Controllers\base\Beranda" loaded.
INFO - 2021-04-24 03:24:14 --> Controller "App\Controllers\base\Beranda" loaded.
INFO - 2021-04-24 03:24:14 --> Controller "App\Controllers\base\Beranda" loaded.
INFO - 2021-04-24 03:24:23 --> Controller "App\Controllers\base\Beranda" loaded.
INFO - 2021-04-24 03:24:42 --> Controller "App\Controllers\base\Beranda" loaded.
INFO - 2021-04-24 03:25:21 --> Controller "App\Controllers\base\Beranda" loaded.
INFO - 2021-04-24 03:25:21 --> Controller "App\Controllers\base\Beranda" loaded.
INFO - 2021-04-24 03:25:21 --> Controller "App\Controllers\base\Beranda" loaded.
INFO - 2021-04-24 03:25:30 --> Controller "App\Controllers\base\Beranda" loaded.
INFO - 2021-04-24 03:25:40 --> Controller "App\Controllers\base\Beranda" loaded.
INFO - 2021-04-24 03:25:40 --> Controller "App\Controllers\base\Beranda" loaded.
INFO - 2021-04-24 03:25:41 --> Controller "App\Controllers\base\Beranda" loaded.
INFO - 2021-04-24 03:25:43 --> Controller "App\Controllers\base\Beranda" loaded.
INFO - 2021-04-24 03:25:57 --> Controller "App\Controllers\base\Beranda" loaded.
INFO - 2021-04-24 03:25:57 --> Controller "App\Controllers\base\Beranda" loaded.
INFO - 2021-04-24 03:25:58 --> Controller "App\Controllers\base\Beranda" loaded.
INFO - 2021-04-24 03:25:59 --> Controller "App\Controllers\base\Beranda" loaded.
INFO - 2021-04-24 03:26:12 --> Controller "App\Controllers\base\Beranda" loaded.
INFO - 2021-04-24 03:26:12 --> Controller "App\Controllers\base\Beranda" loaded.
INFO - 2021-04-24 03:26:13 --> Controller "App\Controllers\base\Beranda" loaded.
INFO - 2021-04-24 03:26:28 --> Controller "App\Controllers\base\Beranda" loaded.
INFO - 2021-04-24 03:26:30 --> Controller "App\Controllers\base\Beranda" loaded.
INFO - 2021-04-24 03:26:47 --> Controller "App\Controllers\base\Beranda" loaded.
INFO - 2021-04-24 03:26:47 --> Controller "App\Controllers\base\Beranda" loaded.
INFO - 2021-04-24 03:26:47 --> Controller "App\Controllers\base\Beranda" loaded.
INFO - 2021-04-24 03:26:54 --> Controller "App\Controllers\base\Beranda" loaded.
INFO - 2021-04-24 03:27:03 --> Controller "App\Controllers\base\Beranda" loaded.
INFO - 2021-04-24 03:27:13 --> Controller "App\Controllers\base\Beranda" loaded.
INFO - 2021-04-24 03:27:13 --> Controller "App\Controllers\base\Beranda" loaded.
INFO - 2021-04-24 03:27:13 --> Controller "App\Controllers\base\Beranda" loaded.
INFO - 2021-04-24 03:27:17 --> Controller "App\Controllers\base\Beranda" loaded.
INFO - 2021-04-24 03:27:23 --> Controller "App\Controllers\base\Beranda" loaded.
INFO - 2021-04-24 03:27:27 --> Controller "App\Controllers\base\Beranda" loaded.
INFO - 2021-04-24 03:27:27 --> Controller "App\Controllers\base\Beranda" loaded.
INFO - 2021-04-24 03:27:27 --> Controller "App\Controllers\base\Beranda" loaded.
INFO - 2021-04-24 03:27:36 --> Controller "App\Controllers\base\Beranda" loaded.
INFO - 2021-04-24 03:27:51 --> Controller "App\Controllers\base\Beranda" loaded.
INFO - 2021-04-24 03:28:01 --> Controller "App\Controllers\base\Beranda" loaded.
INFO - 2021-04-24 03:28:01 --> Controller "App\Controllers\base\Beranda" loaded.
INFO - 2021-04-24 03:28:02 --> Controller "App\Controllers\base\Beranda" loaded.
INFO - 2021-04-24 03:28:04 --> Controller "App\Controllers\base\Beranda" loaded.
INFO - 2021-04-24 03:28:12 --> Controller "App\Controllers\base\Beranda" loaded.
INFO - 2021-04-24 03:28:24 --> Controller "App\Controllers\base\Beranda" loaded.
INFO - 2021-04-24 03:28:45 --> Controller "App\Controllers\base\Beranda" loaded.
INFO - 2021-04-24 03:28:45 --> Controller "App\Controllers\base\Beranda" loaded.
INFO - 2021-04-24 03:28:46 --> Controller "App\Controllers\base\Beranda" loaded.
INFO - 2021-04-24 03:28:48 --> Controller "App\Controllers\base\Beranda" loaded.
INFO - 2021-04-24 03:28:56 --> Controller "App\Controllers\base\Beranda" loaded.
INFO - 2021-04-24 03:29:07 --> Controller "App\Controllers\base\Beranda" loaded.
INFO - 2021-04-24 03:29:24 --> Controller "App\Controllers\base\Beranda" loaded.
INFO - 2021-04-24 03:29:28 --> Controller "App\Controllers\base\Beranda" loaded.
INFO - 2021-04-24 03:29:44 --> Controller "App\Controllers\base\Beranda" loaded.
INFO - 2021-04-24 03:29:44 --> Controller "App\Controllers\base\Beranda" loaded.
INFO - 2021-04-24 03:29:45 --> Controller "App\Controllers\base\Beranda" loaded.
INFO - 2021-04-24 03:29:46 --> Controller "App\Controllers\base\Beranda" loaded.
INFO - 2021-04-24 03:29:46 --> Controller "App\Controllers\base\Beranda" loaded.
INFO - 2021-04-24 03:29:47 --> Controller "App\Controllers\base\Beranda" loaded.
INFO - 2021-04-24 03:30:11 --> Controller "App\Controllers\base\Beranda" loaded.
INFO - 2021-04-24 03:30:39 --> Controller "App\Controllers\base\Beranda" loaded.
INFO - 2021-04-24 03:30:56 --> Controller "App\Controllers\base\Beranda" loaded.
INFO - 2021-04-24 03:30:56 --> Controller "App\Controllers\base\Beranda" loaded.
INFO - 2021-04-24 03:30:56 --> Controller "App\Controllers\base\Beranda" loaded.
INFO - 2021-04-24 03:31:13 --> Controller "App\Controllers\base\Beranda" loaded.
INFO - 2021-04-24 03:31:13 --> Controller "App\Controllers\base\Beranda" loaded.
INFO - 2021-04-24 03:31:14 --> Controller "App\Controllers\base\Beranda" loaded.
INFO - 2021-04-24 03:31:55 --> Controller "App\Controllers\base\Beranda" loaded.
INFO - 2021-04-24 03:33:47 --> Session: Class initialized using 'CodeIgniter\Session\Handlers\FileHandler' driver.
INFO - 2021-04-24 03:33:47 --> Controller "App\Controllers\undangan\Undangan" loaded.
INFO - 2021-04-24 03:34:58 --> Controller "App\Controllers\base\Beranda" loaded.
INFO - 2021-04-24 03:35:51 --> Controller "App\Controllers\base\Beranda" loaded.
INFO - 2021-04-24 03:35:52 --> Controller "App\Controllers\base\Beranda" loaded.
INFO - 2021-04-24 03:35:52 --> Controller "App\Controllers\base\Beranda" loaded.
INFO - 2021-04-24 03:35:52 --> Controller "App\Controllers\base\Beranda" loaded.
INFO - 2021-04-24 03:35:52 --> Controller "App\Controllers\base\Beranda" loaded.
INFO - 2021-04-24 03:35:52 --> Controller "App\Controllers\base\Beranda" loaded.
INFO - 2021-04-24 03:35:52 --> Controller "App\Controllers\base\Beranda" loaded.
INFO - 2021-04-24 03:35:53 --> Controller "App\Controllers\base\Beranda" loaded.
INFO - 2021-04-24 03:35:54 --> Controller "App\Controllers\base\Beranda" loaded.
INFO - 2021-04-24 03:36:13 --> Controller "App\Controllers\base\Beranda" loaded.
INFO - 2021-04-24 03:36:30 --> Controller "App\Controllers\base\Beranda" loaded.
INFO - 2021-04-24 03:36:31 --> Controller "App\Controllers\base\Beranda" loaded.
INFO - 2021-04-24 03:36:32 --> Controller "App\Controllers\base\Beranda" loaded.
INFO - 2021-04-24 03:36:40 --> Controller "App\Controllers\base\Beranda" loaded.
INFO - 2021-04-24 03:37:17 --> Controller "App\Controllers\base\Beranda" loaded.
INFO - 2021-04-24 03:37:17 --> Controller "App\Controllers\base\Beranda" loaded.
INFO - 2021-04-24 03:37:17 --> Controller "App\Controllers\base\Beranda" loaded.
INFO - 2021-04-24 03:37:36 --> Controller "App\Controllers\base\Beranda" loaded.
INFO - 2021-04-24 03:37:37 --> Controller "App\Controllers\base\Beranda" loaded.
INFO - 2021-04-24 03:37:37 --> Controller "App\Controllers\base\Beranda" loaded.
INFO - 2021-04-24 03:40:31 --> Controller "App\Controllers\base\Beranda" loaded.
INFO - 2021-04-24 03:40:31 --> Controller "App\Controllers\base\Beranda" loaded.
INFO - 2021-04-24 03:40:56 --> Controller "App\Controllers\base\Beranda" loaded.
INFO - 2021-04-24 03:41:17 --> Controller "App\Controllers\base\Beranda" loaded.
INFO - 2021-04-24 03:45:42 --> Session: Class initialized using 'CodeIgniter\Session\Handlers\FileHandler' driver.
INFO - 2021-04-24 03:45:42 --> Controller "App\Controllers\base\Dashboard" loaded.
INFO - 2021-04-24 03:48:18 --> Controller "App\Controllers\base\Beranda" loaded.
INFO - 2021-04-24 03:48:19 --> Controller "App\Controllers\base\Beranda" loaded.
INFO - 2021-04-24 03:48:24 --> Controller "App\Controllers\base\Beranda" loaded.
INFO - 2021-04-24 03:48:34 --> Controller "App\Controllers\base\Beranda" loaded.
INFO - 2021-04-24 03:48:56 --> Controller "App\Controllers\base\Beranda" loaded.
INFO - 2021-04-24 03:48:58 --> Controller "App\Controllers\base\Beranda" loaded.
INFO - 2021-04-24 03:49:14 --> Controller "App\Controllers\base\Beranda" loaded.
INFO - 2021-04-24 03:49:14 --> Controller "App\Controllers\base\Beranda" loaded.
INFO - 2021-04-24 03:49:14 --> Controller "App\Controllers\base\Beranda" loaded.
INFO - 2021-04-24 03:49:19 --> Controller "App\Controllers\base\Beranda" loaded.
INFO - 2021-04-24 03:49:23 --> Controller "App\Controllers\base\Beranda" loaded.
INFO - 2021-04-24 03:49:23 --> Controller "App\Controllers\base\Beranda" loaded.
INFO - 2021-04-24 03:49:23 --> Controller "App\Controllers\base\Beranda" loaded.
INFO - 2021-04-24 03:49:42 --> Controller "App\Controllers\base\Beranda" loaded.
INFO - 2021-04-24 03:50:46 --> Controller "App\Controllers\base\Beranda" loaded.
INFO - 2021-04-24 03:51:33 --> Controller "App\Controllers\base\Beranda" loaded.
INFO - 2021-04-24 03:52:09 --> Controller "App\Controllers\base\Beranda" loaded.
INFO - 2021-04-24 03:52:10 --> Controller "App\Controllers\base\Beranda" loaded.
INFO - 2021-04-24 03:52:12 --> Controller "App\Controllers\base\Beranda" loaded.
INFO - 2021-04-24 03:52:19 --> Controller "App\Controllers\base\Beranda" loaded.
INFO - 2021-04-24 03:52:38 --> Controller "App\Controllers\base\Beranda" loaded.
INFO - 2021-04-24 03:52:40 --> Controller "App\Controllers\base\Beranda" loaded.
INFO - 2021-04-24 03:52:40 --> Controller "App\Controllers\base\Beranda" loaded.
INFO - 2021-04-24 03:52:42 --> Controller "App\Controllers\base\Beranda" loaded.
INFO - 2021-04-24 03:52:52 --> Controller "App\Controllers\base\Beranda" loaded.
INFO - 2021-04-24 03:53:23 --> Controller "App\Controllers\base\Beranda" loaded.
INFO - 2021-04-24 03:53:59 --> Controller "App\Controllers\base\Beranda" loaded.
INFO - 2021-04-24 03:54:21 --> Controller "App\Controllers\base\Beranda" loaded.
INFO - 2021-04-24 03:54:21 --> Controller "App\Controllers\base\Beranda" loaded.
INFO - 2021-04-24 03:54:22 --> Controller "App\Controllers\base\Beranda" loaded.
INFO - 2021-04-24 03:54:28 --> Controller "App\Controllers\base\Beranda" loaded.
INFO - 2021-04-24 03:54:28 --> Controller "App\Controllers\base\Beranda" loaded.
INFO - 2021-04-24 03:54:38 --> Controller "App\Controllers\base\Beranda" loaded.
INFO - 2021-04-24 03:54:39 --> Controller "App\Controllers\base\Beranda" loaded.
INFO - 2021-04-24 03:54:40 --> Controller "App\Controllers\base\Beranda" loaded.
INFO - 2021-04-24 03:55:04 --> Session: Class initialized using 'CodeIgniter\Session\Handlers\FileHandler' driver.
INFO - 2021-04-24 03:55:04 --> Controller "App\Controllers\base\Dashboard" loaded.
INFO - 2021-04-24 03:55:08 --> Session: Class initialized using 'CodeIgniter\Session\Handlers\FileHandler' driver.
INFO - 2021-04-24 03:55:08 --> Controller "App\Controllers\base\Dashboard" loaded.
INFO - 2021-04-24 03:55:27 --> Controller "App\Controllers\base\Beranda" loaded.
INFO - 2021-04-24 03:55:37 --> Controller "App\Controllers\base\Beranda" loaded.
INFO - 2021-04-24 03:55:59 --> Controller "App\Controllers\base\Beranda" loaded.
INFO - 2021-04-24 03:55:59 --> Controller "App\Controllers\base\Beranda" loaded.
INFO - 2021-04-24 03:56:00 --> Controller "App\Controllers\base\Beranda" loaded.
INFO - 2021-04-24 03:56:23 --> Controller "App\Controllers\base\Beranda" loaded.
INFO - 2021-04-24 03:56:23 --> Controller "App\Controllers\base\Beranda" loaded.
INFO - 2021-04-24 03:56:24 --> Controller "App\Controllers\base\Beranda" loaded.
INFO - 2021-04-24 03:56:44 --> Controller "App\Controllers\base\Beranda" loaded.
INFO - 2021-04-24 03:56:44 --> Controller "App\Controllers\base\Beranda" loaded.
INFO - 2021-04-24 03:56:44 --> Controller "App\Controllers\base\Beranda" loaded.
INFO - 2021-04-24 04:07:58 --> Controller "App\Controllers\base\Beranda" loaded.
INFO - 2021-04-24 04:08:17 --> Controller "App\Controllers\base\Beranda" loaded.
INFO - 2021-04-24 04:08:37 --> Controller "App\Controllers\base\Beranda" loaded.
INFO - 2021-04-24 04:08:37 --> Controller "App\Controllers\base\Beranda" loaded.
INFO - 2021-04-24 04:08:42 --> Controller "App\Controllers\base\Beranda" loaded.
INFO - 2021-04-24 04:24:16 --> Controller "App\Controllers\base\Beranda" loaded.
INFO - 2021-04-24 04:24:17 --> Controller "App\Controllers\base\Beranda" loaded.
INFO - 2021-04-24 04:25:01 --> Controller "App\Controllers\base\Beranda" loaded.
INFO - 2021-04-24 04:25:01 --> Controller "App\Controllers\base\Beranda" loaded.
INFO - 2021-04-24 04:25:01 --> Controller "App\Controllers\base\Beranda" loaded.
INFO - 2021-04-24 04:25:14 --> Controller "App\Controllers\base\Beranda" loaded.
INFO - 2021-04-24 04:25:34 --> Controller "App\Controllers\base\Beranda" loaded.
INFO - 2021-04-24 04:27:12 --> Controller "App\Controllers\base\Beranda" loaded.
INFO - 2021-04-24 04:27:12 --> Controller "App\Controllers\base\Beranda" loaded.
INFO - 2021-04-24 04:27:13 --> Controller "App\Controllers\base\Beranda" loaded.
INFO - 2021-04-24 04:31:16 --> Controller "App\Controllers\base\Beranda" loaded.
INFO - 2021-04-24 04:31:22 --> Controller "App\Controllers\base\Beranda" loaded.
INFO - 2021-04-24 04:31:32 --> Controller "App\Controllers\base\Beranda" loaded.
INFO - 2021-04-24 04:56:34 --> Controller "App\Controllers\base\Beranda" loaded.
INFO - 2021-04-24 04:56:34 --> Controller "App\Controllers\base\Beranda" loaded.
INFO - 2021-04-24 04:56:34 --> Controller "App\Controllers\base\Beranda" loaded.
INFO - 2021-04-24 05:04:17 --> Controller "App\Controllers\base\Beranda" loaded.
INFO - 2021-04-24 05:04:17 --> Controller "App\Controllers\base\Beranda" loaded.
INFO - 2021-04-24 05:05:56 --> Session: Class initialized using 'CodeIgniter\Session\Handlers\FileHandler' driver.
INFO - 2021-04-24 05:05:56 --> Controller "App\Controllers\undangan\Undangan" loaded.
INFO - 2021-04-24 05:17:48 --> Controller "App\Controllers\base\Beranda" loaded.
INFO - 2021-04-24 05:17:48 --> Controller "App\Controllers\base\Beranda" loaded.
INFO - 2021-04-24 05:17:48 --> Controller "App\Controllers\base\Beranda" loaded.
INFO - 2021-04-24 05:18:02 --> Controller "App\Controllers\base\Beranda" loaded.
INFO - 2021-04-24 05:18:40 --> Controller "App\Controllers\base\Beranda" loaded.
INFO - 2021-04-24 05:19:39 --> Controller "App\Controllers\base\Beranda" loaded.
INFO - 2021-04-24 05:21:05 --> Controller "App\Controllers\base\Beranda" loaded.
INFO - 2021-04-24 05:21:23 --> Controller "App\Controllers\base\Beranda" loaded.
INFO - 2021-04-24 05:27:49 --> Controller "App\Controllers\base\Beranda" loaded.
INFO - 2021-04-24 05:59:47 --> Session: Class initialized using 'CodeIgniter\Session\Handlers\FileHandler' driver.
INFO - 2021-04-24 05:59:47 --> Controller "App\Controllers\undangan\Undangan" loaded.
INFO - 2021-04-24 06:00:46 --> Session: Class initialized using 'CodeIgniter\Session\Handlers\FileHandler' driver.
INFO - 2021-04-24 06:00:46 --> Controller "App\Controllers\undangan\Undangan" loaded.
INFO - 2021-04-24 06:01:14 --> Session: Class initialized using 'CodeIgniter\Session\Handlers\FileHandler' driver.
INFO - 2021-04-24 06:01:14 --> Controller "App\Controllers\undangan\Undangan" loaded.
INFO - 2021-04-24 06:01:59 --> Session: Class initialized using 'CodeIgniter\Session\Handlers\FileHandler' driver.
INFO - 2021-04-24 06:01:59 --> Controller "App\Controllers\undangan\Undangan" loaded.
INFO - 2021-04-24 06:02:18 --> Session: Class initialized using 'CodeIgniter\Session\Handlers\FileHandler' driver.
INFO - 2021-04-24 06:02:18 --> Controller "App\Controllers\undangan\Undangan" loaded.
INFO - 2021-04-24 06:02:29 --> Session: Class initialized using 'CodeIgniter\Session\Handlers\FileHandler' driver.
INFO - 2021-04-24 06:02:29 --> Controller "App\Controllers\undangan\Undangan" loaded.
INFO - 2021-04-24 06:03:04 --> Session: Class initialized using 'CodeIgniter\Session\Handlers\FileHandler' driver.
INFO - 2021-04-24 06:03:04 --> Controller "App\Controllers\undangan\Undangan" loaded.
INFO - 2021-04-24 06:03:08 --> Controller "App\Controllers\base\Beranda" loaded.
INFO - 2021-04-24 06:05:29 --> Session: Class initialized using 'CodeIgniter\Session\Handlers\FileHandler' driver.
INFO - 2021-04-24 06:05:29 --> Controller "App\Controllers\undangan\Undangan" loaded.
INFO - 2021-04-24 06:05:53 --> Session: Class initialized using 'CodeIgniter\Session\Handlers\FileHandler' driver.
INFO - 2021-04-24 06:05:53 --> Controller "App\Controllers\undangan\Undangan" loaded.
INFO - 2021-04-24 06:06:00 --> Session: Class initialized using 'CodeIgniter\Session\Handlers\FileHandler' driver.
INFO - 2021-04-24 06:06:00 --> Controller "App\Controllers\undangan\Undangan" loaded.
INFO - 2021-04-24 06:10:37 --> Session: Class initialized using 'CodeIgniter\Session\Handlers\FileHandler' driver.
INFO - 2021-04-24 06:10:37 --> Controller "App\Controllers\undangan\Undangan" loaded.
INFO - 2021-04-24 06:18:09 --> Session: Class initialized using 'CodeIgniter\Session\Handlers\FileHandler' driver.
INFO - 2021-04-24 06:18:09 --> Controller "App\Controllers\undangan\Undangan" loaded.
INFO - 2021-04-24 06:29:33 --> Controller "App\Controllers\base\Beranda" loaded.
INFO - 2021-04-24 06:29:56 --> Controller "App\Controllers\base\Beranda" loaded.
INFO - 2021-04-24 06:29:56 --> Controller "App\Controllers\base\Beranda" loaded.
INFO - 2021-04-24 06:29:59 --> Controller "App\Controllers\base\Beranda" loaded.
INFO - 2021-04-24 06:30:11 --> Controller "App\Controllers\base\Beranda" loaded.
INFO - 2021-04-24 06:30:11 --> Controller "App\Controllers\base\Beranda" loaded.
INFO - 2021-04-24 06:30:13 --> Controller "App\Controllers\base\Beranda" loaded.
INFO - 2021-04-24 06:55:59 --> Session: Class initialized using 'CodeIgniter\Session\Handlers\FileHandler' driver.
INFO - 2021-04-24 06:55:59 --> Controller "App\Controllers\undangan\Undangan" loaded.
INFO - 2021-04-24 07:13:06 --> Controller "App\Controllers\base\Beranda" loaded.
INFO - 2021-04-24 07:28:50 --> Session: Class initialized using 'CodeIgniter\Session\Handlers\FileHandler' driver.
INFO - 2021-04-24 07:28:50 --> Controller "App\Controllers\undangan\Undangan" loaded.
INFO - 2021-04-24 08:27:04 --> Session: Class initialized using 'CodeIgniter\Session\Handlers\FileHandler' driver.
INFO - 2021-04-24 08:27:04 --> Controller "App\Controllers\undangan\Undangan" loaded.
INFO - 2021-04-24 08:27:58 --> Session: Class initialized using 'CodeIgniter\Session\Handlers\FileHandler' driver.
INFO - 2021-04-24 08:27:58 --> Controller "App\Controllers\undangan\Undangan" loaded.
INFO - 2021-04-24 08:28:42 --> Session: Class initialized using 'CodeIgniter\Session\Handlers\FileHandler' driver.
INFO - 2021-04-24 08:28:42 --> Controller "App\Controllers\undangan\Undangan" loaded.
INFO - 2021-04-24 08:37:18 --> Session: Class initialized using 'CodeIgniter\Session\Handlers\FileHandler' driver.
INFO - 2021-04-24 08:37:18 --> Controller "App\Controllers\undangan\Undangan" loaded.
INFO - 2021-04-24 08:51:37 --> Session: Class initialized using 'CodeIgniter\Session\Handlers\FileHandler' driver.
INFO - 2021-04-24 08:51:37 --> Controller "App\Controllers\undangan\Undangan" loaded.
INFO - 2021-04-24 09:30:03 --> Controller "App\Controllers\base\Beranda" loaded.
INFO - 2021-04-24 10:22:05 --> Controller "App\Controllers\base\Beranda" loaded.
INFO - 2021-04-24 10:24:42 --> Controller "App\Controllers\base\Beranda" loaded.
INFO - 2021-04-24 11:53:54 --> Controller "App\Controllers\base\Beranda" loaded.
INFO - 2021-04-24 13:17:40 --> Session: Class initialized using 'CodeIgniter\Session\Handlers\FileHandler' driver.
INFO - 2021-04-24 13:17:40 --> Controller "App\Controllers\base\Order" loaded.
INFO - 2021-04-24 13:53:45 --> Session: Class initialized using 'CodeIgniter\Session\Handlers\FileHandler' driver.
INFO - 2021-04-24 13:53:45 --> Controller "App\Controllers\undangan\Undangan" loaded.
INFO - 2021-04-24 14:43:09 --> Session: Class initialized using 'CodeIgniter\Session\Handlers\FileHandler' driver.
INFO - 2021-04-24 14:43:09 --> Controller "App\Controllers\undangan\Undangan" loaded.
INFO - 2021-04-24 16:14:06 --> Session: Class initialized using 'CodeIgniter\Session\Handlers\FileHandler' driver.
INFO - 2021-04-24 16:14:06 --> Controller "App\Controllers\undangan\Undangan" loaded.
INFO - 2021-04-24 16:31:20 --> Session: Class initialized using 'CodeIgniter\Session\Handlers\FileHandler' driver.
INFO - 2021-04-24 16:31:20 --> Controller "App\Controllers\admin\Admin" loaded.
INFO - 2021-04-24 16:46:53 --> Session: Class initialized using 'CodeIgniter\Session\Handlers\FileHandler' driver.
INFO - 2021-04-24 16:46:53 --> Controller "App\Controllers\base\Dashboard" loaded.
INFO - 2021-04-24 16:47:01 --> Session: Class initialized using 'CodeIgniter\Session\Handlers\FileHandler' driver.
INFO - 2021-04-24 16:47:01 --> Controller "App\Controllers\base\Dashboard" loaded.
INFO - 2021-04-24 16:47:19 --> Session: Class initialized using 'CodeIgniter\Session\Handlers\FileHandler' driver.
INFO - 2021-04-24 16:47:19 --> Controller "App\Controllers\base\Dashboard" loaded.
INFO - 2021-04-24 16:47:19 --> Session: Class initialized using 'CodeIgniter\Session\Handlers\FileHandler' driver.
INFO - 2021-04-24 16:47:19 --> Controller "App\Controllers\base\Dashboard" loaded.
INFO - 2021-04-24 16:48:46 --> Session: Class initialized using 'CodeIgniter\Session\Handlers\FileHandler' driver.
INFO - 2021-04-24 16:48:46 --> Controller "App\Controllers\base\Dashboard" loaded.
INFO - 2021-04-24 16:56:41 --> Session: Class initialized using 'CodeIgniter\Session\Handlers\FileHandler' driver.
INFO - 2021-04-24 16:56:41 --> Controller "App\Controllers\base\Dashboard" loaded.
CRITICAL - 2021-04-24 16:56:41 --> You must set the database table to be used with your query.
#0 /home/nguh5634/public_html/system/Model.php(1190): CodeIgniter\Database\BaseConnection->table(NULL)
#1 /home/nguh5634/public_html/system/Model.php(1700): CodeIgniter\Model->builder()
#2 /home/nguh5634/public_html/app/Controllers/base/Dashboard.php(626): CodeIgniter\Model->__call('get_tamu_by_qrc...', Array)
#3 /home/nguh5634/public_html/system/CodeIgniter.php(910): App\Controllers\base\Dashboard->hadir_tamu()
#4 /home/nguh5634/public_html/system/CodeIgniter.php(398): CodeIgniter\CodeIgniter->runController(Object(App\Controllers\base\Dashboard))
#5 /home/nguh5634/public_html/system/CodeIgniter.php(306): CodeIgniter\CodeIgniter->handleRequest(NULL, Object(Config\Cache), false)
#6 /home/nguh5634/public_html/index.php(45): CodeIgniter\CodeIgniter->run()
#7 {main}
INFO - 2021-04-24 17:00:35 --> Session: Class initialized using 'CodeIgniter\Session\Handlers\FileHandler' driver.
INFO - 2021-04-24 17:00:35 --> Controller "App\Controllers\base\Dashboard" loaded.
CRITICAL - 2021-04-24 17:00:35 --> You must set the database table to be used with your query.
#0 /home/nguh5634/public_html/system/Model.php(1190): CodeIgniter\Database\BaseConnection->table(NULL)
#1 /home/nguh5634/public_html/system/Model.php(1700): CodeIgniter\Model->builder()
#2 /home/nguh5634/public_html/app/Controllers/base/Dashboard.php(626): CodeIgniter\Model->__call('get_tamu_by_qrc...', Array)
#3 /home/nguh5634/public_html/system/CodeIgniter.php(910): App\Controllers\base\Dashboard->hadir_tamu()
#4 /home/nguh5634/public_html/system/CodeIgniter.php(398): CodeIgniter\CodeIgniter->runController(Object(App\Controllers\base\Dashboard))
#5 /home/nguh5634/public_html/system/CodeIgniter.php(306): CodeIgniter\CodeIgniter->handleRequest(NULL, Object(Config\Cache), false)
#6 /home/nguh5634/public_html/index.php(45): CodeIgniter\CodeIgniter->run()
#7 {main}
INFO - 2021-04-24 17:00:37 --> Session: Class initialized using 'CodeIgniter\Session\Handlers\FileHandler' driver.
INFO - 2021-04-24 17:00:37 --> Controller "App\Controllers\base\Dashboard" loaded.
CRITICAL - 2021-04-24 17:00:37 --> You must set the database table to be used with your query.
#0 /home/nguh5634/public_html/system/Model.php(1190): CodeIgniter\Database\BaseConnection->table(NULL)
#1 /home/nguh5634/public_html/system/Model.php(1700): CodeIgniter\Model->builder()
#2 /home/nguh5634/public_html/app/Controllers/base/Dashboard.php(626): CodeIgniter\Model->__call('get_tamu_by_qrc...', Array)
#3 /home/nguh5634/public_html/system/CodeIgniter.php(910): App\Controllers\base\Dashboard->hadir_tamu()
#4 /home/nguh5634/public_html/system/CodeIgniter.php(398): CodeIgniter\CodeIgniter->runController(Object(App\Controllers\base\Dashboard))
#5 /home/nguh5634/public_html/system/CodeIgniter.php(306): CodeIgniter\CodeIgniter->handleRequest(NULL, Object(Config\Cache), false)
#6 /home/nguh5634/public_html/index.php(45): CodeIgniter\CodeIgniter->run()
#7 {main}
INFO - 2021-04-24 17:03:06 --> Session: Class initialized using 'CodeIgniter\Session\Handlers\FileHandler' driver.
INFO - 2021-04-24 17:03:06 --> Controller "App\Controllers\base\Dashboard" loaded.
CRITICAL - 2021-04-24 17:03:06 --> You must set the database table to be used with your query.
#0 /home/nguh5634/public_html/system/Model.php(1190): CodeIgniter\Database\BaseConnection->table(NULL)
#1 /home/nguh5634/public_html/system/Model.php(1700): CodeIgniter\Model->builder()
#2 /home/nguh5634/public_html/app/Controllers/base/Dashboard.php(626): CodeIgniter\Model->__call('get_tamu_by_qrc...', Array)
#3 /home/nguh5634/public_html/system/CodeIgniter.php(910): App\Controllers\base\Dashboard->hadir_tamu()
#4 /home/nguh5634/public_html/system/CodeIgniter.php(398): CodeIgniter\CodeIgniter->runController(Object(App\Controllers\base\Dashboard))
#5 /home/nguh5634/public_html/system/CodeIgniter.php(306): CodeIgniter\CodeIgniter->handleRequest(NULL, Object(Config\Cache), false)
#6 /home/nguh5634/public_html/index.php(45): CodeIgniter\CodeIgniter->run()
#7 {main}
INFO - 2021-04-24 17:03:07 --> Session: Class initialized using 'CodeIgniter\Session\Handlers\FileHandler' driver.
INFO - 2021-04-24 17:03:07 --> Controller "App\Controllers\base\Dashboard" loaded.
INFO - 2021-04-24 17:03:48 --> Session: Class initialized using 'CodeIgniter\Session\Handlers\FileHandler' driver.
INFO - 2021-04-24 17:03:48 --> Controller "App\Controllers\base\Dashboard" loaded.
INFO - 2021-04-24 17:03:55 --> Session: Class initialized using 'CodeIgniter\Session\Handlers\FileHandler' driver.
INFO - 2021-04-24 17:03:55 --> Controller "App\Controllers\base\Dashboard" loaded.
CRITICAL - 2021-04-24 17:03:55 --> You must set the database table to be used with your query.
#0 /home/nguh5634/public_html/system/Model.php(1190): CodeIgniter\Database\BaseConnection->table(NULL)
#1 /home/nguh5634/public_html/system/Model.php(1700): CodeIgniter\Model->builder()
#2 /home/nguh5634/public_html/app/Controllers/base/Dashboard.php(626): CodeIgniter\Model->__call('get_tamu_by_qrc...', Array)
#3 /home/nguh5634/public_html/system/CodeIgniter.php(910): App\Controllers\base\Dashboard->hadir_tamu()
#4 /home/nguh5634/public_html/system/CodeIgniter.php(398): CodeIgniter\CodeIgniter->runController(Object(App\Controllers\base\Dashboard))
#5 /home/nguh5634/public_html/system/CodeIgniter.php(306): CodeIgniter\CodeIgniter->handleRequest(NULL, Object(Config\Cache), false)
#6 /home/nguh5634/public_html/index.php(45): CodeIgniter\CodeIgniter->run()
#7 {main}
INFO - 2021-04-24 17:11:02 --> Session: Class initialized using 'CodeIgniter\Session\Handlers\FileHandler' driver.
INFO - 2021-04-24 17:11:02 --> Controller "App\Controllers\base\Dashboard" loaded.
INFO - 2021-04-24 17:11:05 --> Session: Class initialized using 'CodeIgniter\Session\Handlers\FileHandler' driver.
INFO - 2021-04-24 17:11:05 --> Controller "App\Controllers\base\Dashboard" loaded.
INFO - 2021-04-24 17:11:20 --> Session: Class initialized using 'CodeIgniter\Session\Handlers\FileHandler' driver.
INFO - 2021-04-24 17:11:20 --> Controller "App\Controllers\base\Dashboard" loaded.
INFO - 2021-04-24 17:11:23 --> Session: Class initialized using 'CodeIgniter\Session\Handlers\FileHandler' driver.
INFO - 2021-04-24 17:11:23 --> Controller "App\Controllers\base\Dashboard" loaded.
INFO - 2021-04-24 17:11:43 --> Session: Class initialized using 'CodeIgniter\Session\Handlers\FileHandler' driver.
INFO - 2021-04-24 17:11:43 --> Controller "App\Controllers\base\Dashboard" loaded.
INFO - 2021-04-24 17:14:43 --> Session: Class initialized using 'CodeIgniter\Session\Handlers\FileHandler' driver.
INFO - 2021-04-24 17:14:43 --> Controller "App\Controllers\base\Dashboard" loaded.
INFO - 2021-04-24 17:15:51 --> Session: Class initialized using 'CodeIgniter\Session\Handlers\FileHandler' driver.
INFO - 2021-04-24 17:15:51 --> Controller "App\Controllers\base\Dashboard" loaded.
INFO - 2021-04-24 17:19:45 --> Session: Class initialized using 'CodeIgniter\Session\Handlers\FileHandler' driver.
INFO - 2021-04-24 17:19:45 --> Controller "App\Controllers\base\Dashboard" loaded.
INFO - 2021-04-24 17:19:50 --> Session: Class initialized using 'CodeIgniter\Session\Handlers\FileHandler' driver.
INFO - 2021-04-24 17:19:50 --> Controller "App\Controllers\base\Dashboard" loaded.
INFO - 2021-04-24 17:20:32 --> Session: Class initialized using 'CodeIgniter\Session\Handlers\FileHandler' driver.
INFO - 2021-04-24 17:20:32 --> Controller "App\Controllers\base\Dashboard" loaded.
INFO - 2021-04-24 17:21:49 --> Session: Class initialized using 'CodeIgniter\Session\Handlers\FileHandler' driver.
INFO - 2021-04-24 17:21:49 --> Controller "App\Controllers\base\Dashboard" loaded.
INFO - 2021-04-24 17:22:56 --> Session: Class initialized using 'CodeIgniter\Session\Handlers\FileHandler' driver.
INFO - 2021-04-24 17:22:56 --> Controller "App\Controllers\base\Dashboard" loaded.
INFO - 2021-04-24 17:23:02 --> Session: Class initialized using 'CodeIgniter\Session\Handlers\FileHandler' driver.
INFO - 2021-04-24 17:23:02 --> Controller "App\Controllers\base\Dashboard" loaded.
INFO - 2021-04-24 17:23:44 --> Session: Class initialized using 'CodeIgniter\Session\Handlers\FileHandler' driver.
INFO - 2021-04-24 17:23:44 --> Controller "App\Controllers\base\Dashboard" loaded.
INFO - 2021-04-24 17:25:10 --> Session: Class initialized using 'CodeIgniter\Session\Handlers\FileHandler' driver.
INFO - 2021-04-24 17:25:10 --> Controller "App\Controllers\base\Dashboard" loaded.
INFO - 2021-04-24 17:26:04 --> Session: Class initialized using 'CodeIgniter\Session\Handlers\FileHandler' driver.
INFO - 2021-04-24 17:26:04 --> Controller "App\Controllers\base\Dashboard" loaded.
INFO - 2021-04-24 17:28:29 --> Session: Class initialized using 'CodeIgniter\Session\Handlers\FileHandler' driver.
INFO - 2021-04-24 17:28:29 --> Controller "App\Controllers\base\Dashboard" loaded.
INFO - 2021-04-24 17:29:40 --> Session: Class initialized using 'CodeIgniter\Session\Handlers\FileHandler' driver.
INFO - 2021-04-24 17:29:40 --> Controller "App\Controllers\base\Dashboard" loaded.
INFO - 2021-04-24 17:31:50 --> Controller "App\Controllers\base\Beranda" loaded.
INFO - 2021-04-24 17:31:50 --> Controller "App\Controllers\base\Beranda" loaded.
INFO - 2021-04-24 17:32:05 --> Controller "App\Controllers\base\Beranda" loaded.
INFO - 2021-04-24 17:32:26 --> Controller "App\Controllers\base\Beranda" loaded.
INFO - 2021-04-24 17:32:27 --> Controller "App\Controllers\base\Beranda" loaded.
INFO - 2021-04-24 17:32:33 --> Controller "App\Controllers\base\Beranda" loaded.
INFO - 2021-04-24 17:32:42 --> Controller "App\Controllers\base\Beranda" loaded.
INFO - 2021-04-24 17:50:15 --> Controller "App\Controllers\base\Beranda" loaded.
INFO - 2021-04-24 17:50:18 --> Session: Class initialized using 'CodeIgniter\Session\Handlers\FileHandler' driver.
INFO - 2021-04-24 17:50:18 --> Controller "App\Controllers\base\Dashboard" loaded.
INFO - 2021-04-24 17:50:20 --> Controller "App\Controllers\base\Beranda" loaded.
CRITICAL - 2021-04-24 17:50:20 --> Undefined variable: alamat_tamu
#0 /home/nguh5634/public_html/app/Views/undangan/themes/hwflower.php(127): CodeIgniter\Debug\Exceptions->errorHandler(8, 'Undefined varia...', '/home/nguh5634/...', 127, Array)
#1 /home/nguh5634/public_html/system/View/View.php(236): include('/home/nguh5634/...')
#2 /home/nguh5634/public_html/system/Common.php(1071): CodeIgniter\View\View->render('undangan/themes...', Array, true)
#3 /home/nguh5634/public_html/app/Controllers/base/Beranda.php(67): view('undangan/themes...', Array)
#4 /home/nguh5634/public_html/system/CodeIgniter.php(910): App\Controllers\base\Beranda->demo()
#5 /home/nguh5634/public_html/system/CodeIgniter.php(398): CodeIgniter\CodeIgniter->runController(Object(App\Controllers\base\Beranda))
#6 /home/nguh5634/public_html/system/CodeIgniter.php(306): CodeIgniter\CodeIgniter->handleRequest(NULL, Object(Config\Cache), false)
#7 /home/nguh5634/public_html/index.php(45): CodeIgniter\CodeIgniter->run()
#8 {main}
INFO - 2021-04-24 17:50:24 --> Session: Class initialized using 'CodeIgniter\Session\Handlers\FileHandler' driver.
INFO - 2021-04-24 17:50:24 --> Controller "App\Controllers\base\Order" loaded.
INFO - 2021-04-24 18:06:01 --> Controller "App\Controllers\base\Beranda" loaded.
INFO - 2021-04-24 18:14:27 --> Session: Class initialized using 'CodeIgniter\Session\Handlers\FileHandler' driver.
INFO - 2021-04-24 18:14:27 --> Controller "App\Controllers\undangan\Undangan" loaded.
INFO - 2021-04-24 18:35:55 --> Controller "App\Controllers\base\Beranda" loaded.
INFO - 2021-04-24 18:35:56 --> Controller "App\Controllers\base\Beranda" loaded.
INFO - 2021-04-24 18:35:56 --> Controller "App\Controllers\base\Beranda" loaded.
INFO - 2021-04-24 18:37:04 --> Controller "App\Controllers\base\Beranda" loaded.
INFO - 2021-04-24 18:37:04 --> Controller "App\Controllers\base\Beranda" loaded.
INFO - 2021-04-24 18:37:04 --> Controller "App\Controllers\base\Beranda" loaded.
INFO - 2021-04-24 18:37:29 --> Controller "App\Controllers\base\Beranda" loaded.
INFO - 2021-04-24 18:37:29 --> Controller "App\Controllers\base\Beranda" loaded.
INFO - 2021-04-24 18:37:31 --> Controller "App\Controllers\base\Beranda" loaded.
INFO - 2021-04-24 18:38:11 --> Controller "App\Controllers\base\Beranda" loaded.
INFO - 2021-04-24 18:38:59 --> Controller "App\Controllers\base\Beranda" loaded.
INFO - 2021-04-24 18:39:41 --> Controller "App\Controllers\base\Beranda" loaded.
INFO - 2021-04-24 18:39:41 --> Controller "App\Controllers\base\Beranda" loaded.
INFO - 2021-04-24 18:39:42 --> Controller "App\Controllers\base\Beranda" loaded.
INFO - 2021-04-24 18:39:44 --> Controller "App\Controllers\base\Beranda" loaded.
INFO - 2021-04-24 18:39:59 --> Controller "App\Controllers\base\Beranda" loaded.
INFO - 2021-04-24 18:39:59 --> Controller "App\Controllers\base\Beranda" loaded.
INFO - 2021-04-24 18:40:02 --> Controller "App\Controllers\base\Beranda" loaded.
INFO - 2021-04-24 18:40:14 --> Controller "App\Controllers\base\Beranda" loaded.
INFO - 2021-04-24 18:40:14 --> Controller "App\Controllers\base\Beranda" loaded.
INFO - 2021-04-24 18:40:15 --> Controller "App\Controllers\base\Beranda" loaded.
INFO - 2021-04-24 18:40:42 --> Controller "App\Controllers\base\Beranda" loaded.
INFO - 2021-04-24 18:40:42 --> Controller "App\Controllers\base\Beranda" loaded.
INFO - 2021-04-24 18:40:43 --> Controller "App\Controllers\base\Beranda" loaded.
INFO - 2021-04-24 18:41:24 --> Controller "App\Controllers\base\Beranda" loaded.
INFO - 2021-04-24 18:42:08 --> Controller "App\Controllers\base\Beranda" loaded.
INFO - 2021-04-24 18:42:08 --> Controller "App\Controllers\base\Beranda" loaded.
INFO - 2021-04-24 18:42:08 --> Controller "App\Controllers\base\Beranda" loaded.
INFO - 2021-04-24 18:43:54 --> Controller "App\Controllers\base\Beranda" loaded.
INFO - 2021-04-24 18:44:08 --> Controller "App\Controllers\base\Beranda" loaded.
INFO - 2021-04-24 18:44:59 --> Controller "App\Controllers\base\Beranda" loaded.
INFO - 2021-04-24 18:53:30 --> Session: Class initialized using 'CodeIgniter\Session\Handlers\FileHandler' driver.
INFO - 2021-04-24 18:53:30 --> Controller "App\Controllers\base\Dashboard" loaded.
INFO - 2021-04-24 18:53:34 --> Session: Class initialized using 'CodeIgniter\Session\Handlers\FileHandler' driver.
INFO - 2021-04-24 18:53:34 --> Controller "App\Controllers\base\Dashboard" loaded.
INFO - 2021-04-24 18:54:50 --> Session: Class initialized using 'CodeIgniter\Session\Handlers\FileHandler' driver.
INFO - 2021-04-24 18:54:50 --> Controller "App\Controllers\base\Dashboard" loaded.
INFO - 2021-04-24 18:55:25 --> Session: Class initialized using 'CodeIgniter\Session\Handlers\FileHandler' driver.
INFO - 2021-04-24 18:55:25 --> Session: Class initialized using 'CodeIgniter\Session\Handlers\FileHandler' driver.
INFO - 2021-04-24 18:55:25 --> Controller "App\Controllers\base\Dashboard" loaded.
INFO - 2021-04-24 18:55:37 --> Session: Class initialized using 'CodeIgniter\Session\Handlers\FileHandler' driver.
INFO - 2021-04-24 18:55:37 --> Controller "App\Controllers\base\Dashboard" loaded.
INFO - 2021-04-24 18:55:38 --> Session: Class initialized using 'CodeIgniter\Session\Handlers\FileHandler' driver.
INFO - 2021-04-24 18:55:38 --> Controller "App\Controllers\base\Dashboard" loaded.
INFO - 2021-04-24 18:55:47 --> Session: Class initialized using 'CodeIgniter\Session\Handlers\FileHandler' driver.
INFO - 2021-04-24 18:55:47 --> Controller "App\Controllers\base\Dashboard" loaded.
INFO - 2021-04-24 19:07:35 --> Controller "App\Controllers\base\Beranda" loaded.
INFO - 2021-04-24 19:07:39 --> Controller "App\Controllers\base\Beranda" loaded.
INFO - 2021-04-24 19:07:41 --> Controller "App\Controllers\base\Beranda" loaded.
INFO - 2021-04-24 19:09:06 --> Session: Class initialized using 'CodeIgniter\Session\Handlers\FileHandler' driver.
INFO - 2021-04-24 19:09:06 --> Controller "App\Controllers\base\Dashboard" loaded.
INFO - 2021-04-24 19:09:10 --> Session: Class initialized using 'CodeIgniter\Session\Handlers\FileHandler' driver.
INFO - 2021-04-24 19:09:10 --> Controller "App\Controllers\base\Dashboard" loaded.
INFO - 2021-04-24 19:11:22 --> Session: Class initialized using 'CodeIgniter\Session\Handlers\FileHandler' driver.
INFO - 2021-04-24 19:11:22 --> Controller "App\Controllers\base\Dashboard" loaded.
INFO - 2021-04-24 19:20:38 --> Session: Class initialized using 'CodeIgniter\Session\Handlers\FileHandler' driver.
INFO - 2021-04-24 19:20:38 --> Controller "App\Controllers\base\Dashboard" loaded.
INFO - 2021-04-24 19:20:40 --> Session: Class initialized using 'CodeIgniter\Session\Handlers\FileHandler' driver.
INFO - 2021-04-24 19:20:40 --> Controller "App\Controllers\base\Dashboard" loaded.
INFO - 2021-04-24 19:21:32 --> Session: Class initialized using 'CodeIgniter\Session\Handlers\FileHandler' driver.
INFO - 2021-04-24 19:21:32 --> Controller "App\Controllers\base\Dashboard" loaded.
INFO - 2021-04-24 19:23:38 --> Session: Class initialized using 'CodeIgniter\Session\Handlers\FileHandler' driver.
INFO - 2021-04-24 19:23:38 --> Controller "App\Controllers\base\Dashboard" loaded.
INFO - 2021-04-24 19:24:10 --> Session: Class initialized using 'CodeIgniter\Session\Handlers\FileHandler' driver.
INFO - 2021-04-24 19:24:10 --> Session: Class initialized using 'CodeIgniter\Session\Handlers\FileHandler' driver.
INFO - 2021-04-24 19:24:10 --> Controller "App\Controllers\base\Dashboard" loaded.
INFO - 2021-04-24 19:24:24 --> Session: Class initialized using 'CodeIgniter\Session\Handlers\FileHandler' driver.
INFO - 2021-04-24 19:24:24 --> Controller "App\Controllers\base\Dashboard" loaded.
INFO - 2021-04-24 19:24:24 --> Session: Class initialized using 'CodeIgniter\Session\Handlers\FileHandler' driver.
INFO - 2021-04-24 19:24:24 --> Controller "App\Controllers\base\Dashboard" loaded.
INFO - 2021-04-24 19:24:37 --> Session: Class initialized using 'CodeIgniter\Session\Handlers\FileHandler' driver.
INFO - 2021-04-24 19:24:37 --> Controller "App\Controllers\base\Dashboard" loaded.
INFO - 2021-04-24 19:24:53 --> Session: Class initialized using 'CodeIgniter\Session\Handlers\FileHandler' driver.
INFO - 2021-04-24 19:24:53 --> Controller "App\Controllers\base\Dashboard" loaded.
INFO - 2021-04-24 19:25:14 --> Session: Class initialized using 'CodeIgniter\Session\Handlers\FileHandler' driver.
INFO - 2021-04-24 19:25:14 --> Controller "App\Controllers\base\Dashboard" loaded.
INFO - 2021-04-24 19:27:51 --> Session: Class initialized using 'CodeIgniter\Session\Handlers\FileHandler' driver.
INFO - 2021-04-24 19:27:51 --> Controller "App\Controllers\base\Dashboard" loaded.
INFO - 2021-04-24 19:28:00 --> Session: Class initialized using 'CodeIgniter\Session\Handlers\FileHandler' driver.
INFO - 2021-04-24 19:28:00 --> Controller "App\Controllers\base\Dashboard" loaded.
INFO - 2021-04-24 19:28:05 --> Session: Class initialized using 'CodeIgniter\Session\Handlers\FileHandler' driver.
INFO - 2021-04-24 19:28:05 --> Controller "App\Controllers\base\Dashboard" loaded.
INFO - 2021-04-24 19:28:26 --> Session: Class initialized using 'CodeIgniter\Session\Handlers\FileHandler' driver.
INFO - 2021-04-24 19:28:26 --> Session: Class initialized using 'CodeIgniter\Session\Handlers\FileHandler' driver.
INFO - 2021-04-24 19:28:26 --> Controller "App\Controllers\base\Dashboard" loaded.
INFO - 2021-04-24 19:28:37 --> Session: Class initialized using 'CodeIgniter\Session\Handlers\FileHandler' driver.
INFO - 2021-04-24 19:28:37 --> Controller "App\Controllers\base\Dashboard" loaded.
INFO - 2021-04-24 19:28:37 --> Session: Class initialized using 'CodeIgniter\Session\Handlers\FileHandler' driver.
INFO - 2021-04-24 19:28:37 --> Controller "App\Controllers\base\Dashboard" loaded.
INFO - 2021-04-24 19:28:44 --> Session: Class initialized using 'CodeIgniter\Session\Handlers\FileHandler' driver.
INFO - 2021-04-24 19:28:44 --> Controller "App\Controllers\base\Dashboard" loaded.
INFO - 2021-04-24 19:28:58 --> Session: Class initialized using 'CodeIgniter\Session\Handlers\FileHandler' driver.
INFO - 2021-04-24 19:28:58 --> Controller "App\Controllers\base\Dashboard" loaded.
INFO - 2021-04-24 19:29:04 --> Session: Class initialized using 'CodeIgniter\Session\Handlers\FileHandler' driver.
INFO - 2021-04-24 19:29:04 --> Controller "App\Controllers\base\Dashboard" loaded.
INFO - 2021-04-24 19:35:19 --> Session: Class initialized using 'CodeIgniter\Session\Handlers\FileHandler' driver.
INFO - 2021-04-24 19:35:19 --> Controller "App\Controllers\undangan\Undangan" loaded.
INFO - 2021-04-24 19:37:00 --> Session: Class initialized using 'CodeIgniter\Session\Handlers\FileHandler' driver.
INFO - 2021-04-24 19:37:00 --> Controller "App\Controllers\base\Dashboard" loaded.
INFO - 2021-04-24 19:37:03 --> Session: Class initialized using 'CodeIgniter\Session\Handlers\FileHandler' driver.
INFO - 2021-04-24 19:37:03 --> Controller "App\Controllers\base\Dashboard" loaded.
INFO - 2021-04-24 19:39:17 --> Session: Class initialized using 'CodeIgniter\Session\Handlers\FileHandler' driver.
INFO - 2021-04-24 19:39:17 --> Controller "App\Controllers\undangan\Undangan" loaded.
INFO - 2021-04-24 19:40:02 --> Session: Class initialized using 'CodeIgniter\Session\Handlers\FileHandler' driver.
INFO - 2021-04-24 19:40:02 --> Controller "App\Controllers\undangan\Undangan" loaded.
INFO - 2021-04-24 19:41:19 --> Session: Class initialized using 'CodeIgniter\Session\Handlers\FileHandler' driver.
INFO - 2021-04-24 19:41:19 --> Controller "App\Controllers\base\Dashboard" loaded.
INFO - 2021-04-24 19:41:52 --> Session: Class initialized using 'CodeIgniter\Session\Handlers\FileHandler' driver.
INFO - 2021-04-24 19:41:52 --> Controller "App\Controllers\undangan\Undangan" loaded.
INFO - 2021-04-24 19:41:52 --> Session: Class initialized using 'CodeIgniter\Session\Handlers\FileHandler' driver.
INFO - 2021-04-24 19:41:52 --> Controller "App\Controllers\undangan\Undangan" loaded.
INFO - 2021-04-24 19:41:52 --> Session: Class initialized using 'CodeIgniter\Session\Handlers\FileHandler' driver.
INFO - 2021-04-24 19:41:52 --> Controller "App\Controllers\undangan\Undangan" loaded.
INFO - 2021-04-24 20:00:03 --> Controller "App\Controllers\base\Beranda" loaded.
CRITICAL - 2021-04-24 20:00:03 --> Undefined property: stdClass::$alamat
#0 /home/nguh5634/public_html/app/Controllers/base/Beranda.php(99): CodeIgniter\Debug\Exceptions->errorHandler(8, 'Undefined prope...', '/home/nguh5634/...', 99, Array)
#1 /home/nguh5634/public_html/system/CodeIgniter.php(910): App\Controllers\base\Beranda->kirim_undangan()
#2 /home/nguh5634/public_html/system/CodeIgniter.php(398): CodeIgniter\CodeIgniter->runController(Object(App\Controllers\base\Beranda))
#3 /home/nguh5634/public_html/system/CodeIgniter.php(306): CodeIgniter\CodeIgniter->handleRequest(NULL, Object(Config\Cache), false)
#4 /home/nguh5634/public_html/index.php(45): CodeIgniter\CodeIgniter->run()
#5 {main}
INFO - 2021-04-24 20:07:01 --> Session: Class initialized using 'CodeIgniter\Session\Handlers\FileHandler' driver.
INFO - 2021-04-24 20:07:01 --> Controller "App\Controllers\undangan\Undangan" loaded.
INFO - 2021-04-24 20:09:08 --> Session: Class initialized using 'CodeIgniter\Session\Handlers\FileHandler' driver.
INFO - 2021-04-24 20:09:08 --> Controller "App\Controllers\base\Dashboard" loaded.
INFO - 2021-04-24 20:11:47 --> Controller "App\Controllers\base\Beranda" loaded.
INFO - 2021-04-24 20:17:11 --> Session: Class initialized using 'CodeIgniter\Session\Handlers\FileHandler' driver.
INFO - 2021-04-24 20:17:11 --> Controller "App\Controllers\base\Dashboard" loaded.
INFO - 2021-04-24 20:17:22 --> Session: Class initialized using 'CodeIgniter\Session\Handlers\FileHandler' driver.
INFO - 2021-04-24 20:17:22 --> Controller "App\Controllers\base\Dashboard" loaded.
INFO - 2021-04-24 20:18:03 --> Session: Class initialized using 'CodeIgniter\Session\Handlers\FileHandler' driver.
INFO - 2021-04-24 20:18:03 --> Session: Class initialized using 'CodeIgniter\Session\Handlers\FileHandler' driver.
INFO - 2021-04-24 20:18:03 --> Controller "App\Controllers\base\Dashboard" loaded.
INFO - 2021-04-24 20:18:15 --> Session: Class initialized using 'CodeIgniter\Session\Handlers\FileHandler' driver.
INFO - 2021-04-24 20:18:15 --> Controller "App\Controllers\base\Dashboard" loaded.
INFO - 2021-04-24 20:18:15 --> Session: Class initialized using 'CodeIgniter\Session\Handlers\FileHandler' driver.
INFO - 2021-04-24 20:18:15 --> Controller "App\Controllers\base\Dashboard" loaded.
INFO - 2021-04-24 20:18:25 --> Session: Class initialized using 'CodeIgniter\Session\Handlers\FileHandler' driver.
INFO - 2021-04-24 20:18:25 --> Controller "App\Controllers\base\Dashboard" loaded.
INFO - 2021-04-24 20:21:45 --> Session: Class initialized using 'CodeIgniter\Session\Handlers\FileHandler' driver.
INFO - 2021-04-24 20:21:45 --> Controller "App\Controllers\base\Dashboard" loaded.
INFO - 2021-04-24 20:21:46 --> Controller "App\Controllers\base\Beranda" loaded.
INFO - 2021-04-24 20:23:12 --> Session: Class initialized using 'CodeIgniter\Session\Handlers\FileHandler' driver.
INFO - 2021-04-24 20:23:12 --> Controller "App\Controllers\base\Dashboard" loaded.
INFO - 2021-04-24 20:23:48 --> Session: Class initialized using 'CodeIgniter\Session\Handlers\FileHandler' driver.
INFO - 2021-04-24 20:23:48 --> Controller "App\Controllers\undangan\Undangan" loaded.
INFO - 2021-04-24 20:24:12 --> Session: Class initialized using 'CodeIgniter\Session\Handlers\FileHandler' driver.
INFO - 2021-04-24 20:24:12 --> Controller "App\Controllers\undangan\Undangan" loaded.
INFO - 2021-04-24 20:27:24 --> Session: Class initialized using 'CodeIgniter\Session\Handlers\FileHandler' driver.
INFO - 2021-04-24 20:27:24 --> Controller "App\Controllers\base\Dashboard" loaded.
INFO - 2021-04-24 20:27:46 --> Session: Class initialized using 'CodeIgniter\Session\Handlers\FileHandler' driver.
INFO - 2021-04-24 20:27:46 --> Controller "App\Controllers\base\Dashboard" loaded.
INFO - 2021-04-24 20:29:08 --> Session: Class initialized using 'CodeIgniter\Session\Handlers\FileHandler' driver.
INFO - 2021-04-24 20:29:08 --> Controller "App\Controllers\base\Dashboard" loaded.
INFO - 2021-04-24 20:30:26 --> Session: Class initialized using 'CodeIgniter\Session\Handlers\FileHandler' driver.
INFO - 2021-04-24 20:30:26 --> Controller "App\Controllers\base\Dashboard" loaded.
INFO - 2021-04-24 20:30:42 --> Session: Class initialized using 'CodeIgniter\Session\Handlers\FileHandler' driver.
INFO - 2021-04-24 20:30:42 --> Controller "App\Controllers\base\Dashboard" loaded.
INFO - 2021-04-24 20:30:44 --> Session: Class initialized using 'CodeIgniter\Session\Handlers\FileHandler' driver.
INFO - 2021-04-24 20:30:44 --> Controller "App\Controllers\base\Dashboard" loaded.
INFO - 2021-04-24 20:34:32 --> Session: Class initialized using 'CodeIgniter\Session\Handlers\FileHandler' driver.
INFO - 2021-04-24 20:34:32 --> Controller "App\Controllers\base\Dashboard" loaded.
INFO - 2021-04-24 20:36:02 --> Session: Class initialized using 'CodeIgniter\Session\Handlers\FileHandler' driver.
INFO - 2021-04-24 20:36:02 --> Controller "App\Controllers\base\Dashboard" loaded.
INFO - 2021-04-24 20:36:05 --> Session: Class initialized using 'CodeIgniter\Session\Handlers\FileHandler' driver.
INFO - 2021-04-24 20:36:05 --> Controller "App\Controllers\base\Dashboard" loaded.
INFO - 2021-04-24 20:38:17 --> Session: Class initialized using 'CodeIgniter\Session\Handlers\FileHandler' driver.
INFO - 2021-04-24 20:38:17 --> Controller "App\Controllers\base\Dashboard" loaded.
INFO - 2021-04-24 20:38:21 --> Session: Class initialized using 'CodeIgniter\Session\Handlers\FileHandler' driver.
INFO - 2021-04-24 20:38:21 --> Controller "App\Controllers\base\Dashboard" loaded.
INFO - 2021-04-24 20:38:59 --> Session: Class initialized using 'CodeIgniter\Session\Handlers\FileHandler' driver.
INFO - 2021-04-24 20:38:59 --> Controller "App\Controllers\base\Dashboard" loaded.
INFO - 2021-04-24 20:39:04 --> Session: Class initialized using 'CodeIgniter\Session\Handlers\FileHandler' driver.
INFO - 2021-04-24 20:39:04 --> Controller "App\Controllers\base\Dashboard" loaded.
INFO - 2021-04-24 20:39:51 --> Session: Class initialized using 'CodeIgniter\Session\Handlers\FileHandler' driver.
INFO - 2021-04-24 20:39:51 --> Controller "App\Controllers\base\Dashboard" loaded.
INFO - 2021-04-24 20:41:44 --> Session: Class initialized using 'CodeIgniter\Session\Handlers\FileHandler' driver.
INFO - 2021-04-24 20:41:44 --> Controller "App\Controllers\base\Dashboard" loaded.
INFO - 2021-04-24 20:47:40 --> Session: Class initialized using 'CodeIgniter\Session\Handlers\FileHandler' driver.
INFO - 2021-04-24 20:47:40 --> Controller "App\Controllers\base\Dashboard" loaded.
INFO - 2021-04-24 20:53:21 --> Session: Class initialized using 'CodeIgniter\Session\Handlers\FileHandler' driver.
INFO - 2021-04-24 20:53:21 --> Controller "App\Controllers\base\Dashboard" loaded.
INFO - 2021-04-24 20:53:24 --> Session: Class initialized using 'CodeIgniter\Session\Handlers\FileHandler' driver.
INFO - 2021-04-24 20:53:24 --> Controller "App\Controllers\base\Dashboard" loaded.
INFO - 2021-04-24 20:53:48 --> Session: Class initialized using 'CodeIgniter\Session\Handlers\FileHandler' driver.
INFO - 2021-04-24 20:53:48 --> Controller "App\Controllers\base\Dashboard" loaded.
INFO - 2021-04-24 20:54:10 --> Session: Class initialized using 'CodeIgniter\Session\Handlers\FileHandler' driver.
INFO - 2021-04-24 20:54:10 --> Controller "App\Controllers\base\Dashboard" loaded.
INFO - 2021-04-24 20:54:18 --> Session: Class initialized using 'CodeIgniter\Session\Handlers\FileHandler' driver.
INFO - 2021-04-24 20:54:18 --> Controller "App\Controllers\base\Dashboard" loaded.
INFO - 2021-04-24 20:55:36 --> Session: Class initialized using 'CodeIgniter\Session\Handlers\FileHandler' driver.
INFO - 2021-04-24 20:55:36 --> Controller "App\Controllers\base\Dashboard" loaded.
INFO - 2021-04-24 20:55:40 --> Session: Class initialized using 'CodeIgniter\Session\Handlers\FileHandler' driver.
INFO - 2021-04-24 20:55:40 --> Controller "App\Controllers\base\Dashboard" loaded.
INFO - 2021-04-24 20:57:02 --> Session: Class initialized using 'CodeIgniter\Session\Handlers\FileHandler' driver.
INFO - 2021-04-24 20:57:02 --> Controller "App\Controllers\base\Dashboard" loaded.
INFO - 2021-04-24 20:58:31 --> Session: Class initialized using 'CodeIgniter\Session\Handlers\FileHandler' driver.
INFO - 2021-04-24 20:58:31 --> Controller "App\Controllers\base\Dashboard" loaded.
INFO - 2021-04-24 20:59:30 --> Session: Class initialized using 'CodeIgniter\Session\Handlers\FileHandler' driver.
INFO - 2021-04-24 20:59:30 --> Controller "App\Controllers\base\Dashboard" loaded.
INFO - 2021-04-24 21:00:22 --> Session: Class initialized using 'CodeIgniter\Session\Handlers\FileHandler' driver.
INFO - 2021-04-24 21:00:22 --> Controller "App\Controllers\base\Dashboard" loaded.
INFO - 2021-04-24 21:04:35 --> Session: Class initialized using 'CodeIgniter\Session\Handlers\FileHandler' driver.
INFO - 2021-04-24 21:04:35 --> Controller "App\Controllers\base\Dashboard" loaded.
INFO - 2021-04-24 21:04:43 --> Session: Class initialized using 'CodeIgniter\Session\Handlers\FileHandler' driver.
INFO - 2021-04-24 21:04:43 --> Controller "App\Controllers\base\Dashboard" loaded.
INFO - 2021-04-24 21:05:46 --> Session: Class initialized using 'CodeIgniter\Session\Handlers\FileHandler' driver.
INFO - 2021-04-24 21:05:46 --> Controller "App\Controllers\base\Dashboard" loaded.
INFO - 2021-04-24 21:06:43 --> Session: Class initialized using 'CodeIgniter\Session\Handlers\FileHandler' driver.
INFO - 2021-04-24 21:06:43 --> Controller "App\Controllers\base\Dashboard" loaded.
INFO - 2021-04-24 21:08:39 --> Session: Class initialized using 'CodeIgniter\Session\Handlers\FileHandler' driver.
INFO - 2021-04-24 21:08:39 --> Controller "App\Controllers\base\Dashboard" loaded.
INFO - 2021-04-24 21:09:11 --> Session: Class initialized using 'CodeIgniter\Session\Handlers\FileHandler' driver.
INFO - 2021-04-24 21:09:11 --> Controller "App\Controllers\base\Dashboard" loaded.
INFO - 2021-04-24 21:09:18 --> Session: Class initialized using 'CodeIgniter\Session\Handlers\FileHandler' driver.
INFO - 2021-04-24 21:09:18 --> Controller "App\Controllers\base\Dashboard" loaded.
INFO - 2021-04-24 21:10:40 --> Session: Class initialized using 'CodeIgniter\Session\Handlers\FileHandler' driver.
INFO - 2021-04-24 21:10:40 --> Controller "App\Controllers\base\Dashboard" loaded.
INFO - 2021-04-24 21:10:48 --> Session: Class initialized using 'CodeIgniter\Session\Handlers\FileHandler' driver.
INFO - 2021-04-24 21:10:48 --> Controller "App\Controllers\base\Dashboard" loaded.
INFO - 2021-04-24 21:12:47 --> Controller "App\Controllers\base\Beranda" loaded.
INFO - 2021-04-24 21:29:35 --> Session: Class initialized using 'CodeIgniter\Session\Handlers\FileHandler' driver.
INFO - 2021-04-24 21:29:35 --> Controller "App\Controllers\base\Dashboard" loaded.
INFO - 2021-04-24 21:30:19 --> Session: Class initialized using 'CodeIgniter\Session\Handlers\FileHandler' driver.
INFO - 2021-04-24 21:30:19 --> Controller "App\Controllers\base\Dashboard" loaded.
INFO - 2021-04-24 21:31:44 --> Session: Class initialized using 'CodeIgniter\Session\Handlers\FileHandler' driver.
INFO - 2021-04-24 21:31:44 --> Controller "App\Controllers\base\Dashboard" loaded.
INFO - 2021-04-24 21:32:00 --> Session: Class initialized using 'CodeIgniter\Session\Handlers\FileHandler' driver.
INFO - 2021-04-24 21:32:00 --> Controller "App\Controllers\base\Dashboard" loaded.
INFO - 2021-04-24 21:32:05 --> Session: Class initialized using 'CodeIgniter\Session\Handlers\FileHandler' driver.
INFO - 2021-04-24 21:32:05 --> Controller "App\Controllers\base\Dashboard" loaded.
INFO - 2021-04-24 21:32:10 --> Session: Class initialized using 'CodeIgniter\Session\Handlers\FileHandler' driver.
INFO - 2021-04-24 21:32:10 --> Controller "App\Controllers\base\Dashboard" loaded.
INFO - 2021-04-24 21:32:21 --> Session: Class initialized using 'CodeIgniter\Session\Handlers\FileHandler' driver.
INFO - 2021-04-24 21:32:21 --> Controller "App\Controllers\base\Dashboard" loaded.
INFO - 2021-04-24 21:32:59 --> Session: Class initialized using 'CodeIgniter\Session\Handlers\FileHandler' driver.
INFO - 2021-04-24 21:32:59 --> Controller "App\Controllers\base\Dashboard" loaded.
INFO - 2021-04-24 21:33:12 --> Session: Class initialized using 'CodeIgniter\Session\Handlers\FileHandler' driver.
INFO - 2021-04-24 21:33:12 --> Controller "App\Controllers\base\Dashboard" loaded.
INFO - 2021-04-24 21:33:31 --> Session: Class initialized using 'CodeIgniter\Session\Handlers\FileHandler' driver.
INFO - 2021-04-24 21:33:31 --> Controller "App\Controllers\base\Dashboard" loaded.
INFO - 2021-04-24 21:34:03 --> Session: Class initialized using 'CodeIgniter\Session\Handlers\FileHandler' driver.
INFO - 2021-04-24 21:34:03 --> Controller "App\Controllers\base\Dashboard" loaded.
INFO - 2021-04-24 21:34:57 --> Session: Class initialized using 'CodeIgniter\Session\Handlers\FileHandler' driver.
INFO - 2021-04-24 21:34:57 --> Controller "App\Controllers\base\Dashboard" loaded.
INFO - 2021-04-24 21:36:39 --> Session: Class initialized using 'CodeIgniter\Session\Handlers\FileHandler' driver.
INFO - 2021-04-24 21:36:39 --> Controller "App\Controllers\base\Dashboard" loaded.
INFO - 2021-04-24 21:36:52 --> Session: Class initialized using 'CodeIgniter\Session\Handlers\FileHandler' driver.
INFO - 2021-04-24 21:36:52 --> Controller "App\Controllers\base\Dashboard" loaded.
INFO - 2021-04-24 22:31:27 --> Session: Class initialized using 'CodeIgniter\Session\Handlers\FileHandler' driver.
INFO - 2021-04-24 22:31:27 --> Controller "App\Controllers\base\Dashboard" loaded.
INFO - 2021-04-24 23:14:32 --> Controller "App\Controllers\base\Beranda" loaded.
INFO - 2021-04-24 23:16:24 --> Controller "App\Controllers\base\Beranda" loaded.
INFO - 2021-04-24 23:16:24 --> Controller "App\Controllers\base\Beranda" loaded.
INFO - 2021-04-24 23:16:24 --> Controller "App\Controllers\base\Beranda" loaded.
INFO - 2021-04-24 23:17:15 --> Controller "App\Controllers\base\Beranda" loaded.
INFO - 2021-04-24 23:17:32 --> Controller "App\Controllers\base\Beranda" loaded.
INFO - 2021-04-24 23:17:50 --> Controller "App\Controllers\base\Beranda" loaded.
INFO - 2021-04-24 23:18:30 --> Controller "App\Controllers\base\Beranda" loaded.
INFO - 2021-04-24 23:18:30 --> Controller "App\Controllers\base\Beranda" loaded.
INFO - 2021-04-24 23:18:30 --> Controller "App\Controllers\base\Beranda" loaded.
INFO - 2021-04-24 23:18:43 --> Controller "App\Controllers\base\Beranda" loaded.
INFO - 2021-04-24 23:18:58 --> Controller "App\Controllers\base\Beranda" loaded.
INFO - 2021-04-24 23:19:34 --> Controller "App\Controllers\base\Beranda" loaded.
INFO - 2021-04-24 23:19:44 --> Controller "App\Controllers\base\Beranda" loaded.
INFO - 2021-04-24 23:19:45 --> Controller "App\Controllers\base\Beranda" loaded.
INFO - 2021-04-24 23:19:47 --> Controller "App\Controllers\base\Beranda" loaded.
INFO - 2021-04-24 23:20:18 --> Controller "App\Controllers\base\Beranda" loaded.
INFO - 2021-04-24 23:20:26 --> Controller "App\Controllers\base\Beranda" loaded.
INFO - 2021-04-24 23:20:40 --> Controller "App\Controllers\base\Beranda" loaded.
INFO - 2021-04-24 23:20:50 --> Controller "App\Controllers\base\Beranda" loaded.
INFO - 2021-04-24 23:21:11 --> Controller "App\Controllers\base\Beranda" loaded.
INFO - 2021-04-24 23:21:11 --> Controller "App\Controllers\base\Beranda" loaded.
INFO - 2021-04-24 23:21:12 --> Controller "App\Controllers\base\Beranda" loaded.
INFO - 2021-04-24 23:21:14 --> Controller "App\Controllers\base\Beranda" loaded.
INFO - 2021-04-24 23:21:18 --> Controller "App\Controllers\base\Beranda" loaded.
INFO - 2021-04-24 23:21:18 --> Controller "App\Controllers\base\Beranda" loaded.
INFO - 2021-04-24 23:21:19 --> Controller "App\Controllers\base\Beranda" loaded.
INFO - 2021-04-24 23:21:23 --> Controller "App\Controllers\base\Beranda" loaded.
INFO - 2021-04-24 23:21:32 --> Controller "App\Controllers\base\Beranda" loaded.
INFO - 2021-04-24 23:21:32 --> Controller "App\Controllers\base\Beranda" loaded.
INFO - 2021-04-24 23:21:33 --> Controller "App\Controllers\base\Beranda" loaded.
INFO - 2021-04-24 23:21:37 --> Controller "App\Controllers\base\Beranda" loaded.
INFO - 2021-04-24 23:21:37 --> Controller "App\Controllers\base\Beranda" loaded.
INFO - 2021-04-24 23:21:37 --> Controller "App\Controllers\base\Beranda" loaded.
INFO - 2021-04-24 23:24:40 --> Controller "App\Controllers\base\Beranda" loaded.
INFO - 2021-04-24 23:25:03 --> Controller "App\Controllers\base\Beranda" loaded.
INFO - 2021-04-24 23:26:18 --> Controller "App\Controllers\base\Beranda" loaded.
INFO - 2021-04-24 23:26:18 --> Controller "App\Controllers\base\Beranda" loaded.
INFO - 2021-04-24 23:26:19 --> Controller "App\Controllers\base\Beranda" loaded.
INFO - 2021-04-24 23:26:34 --> Controller "App\Controllers\base\Beranda" loaded.
INFO - 2021-04-24 23:26:34 --> Controller "App\Controllers\base\Beranda" loaded.
INFO - 2021-04-24 23:26:35 --> Controller "App\Controllers\base\Beranda" loaded.
INFO - 2021-04-24 23:27:47 --> Controller "App\Controllers\base\Beranda" loaded.
INFO - 2021-04-24 23:29:36 --> Session: Class initialized using 'CodeIgniter\Session\Handlers\FileHandler' driver.
INFO - 2021-04-24 23:29:36 --> Controller "App\Controllers\undangan\Undangan" loaded.
INFO - 2021-04-24 23:31:45 --> Controller "App\Controllers\base\Beranda" loaded.
INFO - 2021-04-24 23:31:46 --> Controller "App\Controllers\base\Beranda" loaded.
INFO - 2021-04-24 23:42:29 --> Controller "App\Controllers\base\Beranda" loaded.
INFO - 2021-04-24 23:42:29 --> Controller "App\Controllers\base\Beranda" loaded.
INFO - 2021-04-24 23:42:29 --> Controller "App\Controllers\base\Beranda" loaded.
INFO - 2021-04-24 23:42:29 --> Controller "App\Controllers\base\Beranda" loaded.
INFO - 2021-04-24 23:53:41 --> Controller "App\Controllers\base\Beranda" loaded.
INFO - 2021-04-24 23:53:41 --> Controller "App\Controllers\base\Beranda" loaded.
INFO - 2021-04-24 23:53:42 --> Controller "App\Controllers\base\Beranda" loaded.
INFO - 2021-04-24 23:54:47 --> Controller "App\Controllers\base\Beranda" loaded.
INFO - 2021-04-24 23:54:59 --> Controller "App\Controllers\base\Beranda" loaded.
INFO - 2021-04-24 23:54:59 --> Controller "App\Controllers\base\Beranda" loaded.
INFO - 2021-04-24 23:55:00 --> Controller "App\Controllers\base\Beranda" loaded.
INFO - 2021-04-24 23:55:06 --> Controller "App\Controllers\base\Beranda" loaded.
INFO - 2021-04-24 23:55:09 --> Controller "App\Controllers\base\Beranda" loaded.
INFO - 2021-04-24 23:55:12 --> Controller "App\Controllers\base\Beranda" loaded.
INFO - 2021-04-24 23:55:12 --> Controller "App\Controllers\base\Beranda" loaded.
INFO - 2021-04-24 23:55:13 --> Controller "App\Controllers\base\Beranda" loaded.
INFO - 2021-04-24 23:55:14 --> Controller "App\Controllers\base\Beranda" loaded.
INFO - 2021-04-24 23:55:35 --> Controller "App\Controllers\base\Beranda" loaded.
INFO - 2021-04-24 23:55:35 --> Controller "App\Controllers\base\Beranda" loaded.
INFO - 2021-04-24 23:55:36 --> Controller "App\Controllers\base\Beranda" loaded.
INFO - 2021-04-24 23:55:46 --> Controller "App\Controllers\base\Beranda" loaded.
INFO - 2021-04-24 23:55:46 --> Controller "App\Controllers\base\Beranda" loaded.
INFO - 2021-04-24 23:55:47 --> Controller "App\Controllers\base\Beranda" loaded.
INFO - 2021-04-24 23:57:27 --> Controller "App\Controllers\base\Beranda" loaded.
INFO - 2021-04-24 23:57:27 --> Controller "App\Controllers\base\Beranda" loaded.
INFO - 2021-04-24 23:57:27 --> Controller "App\Controllers\base\Beranda" loaded.
INFO - 2021-04-24 23:57:29 --> Controller "App\Controllers\base\Beranda" loaded.
INFO - 2021-04-24 23:57:50 --> Controller "App\Controllers\base\Beranda" loaded.
INFO - 2021-04-24 23:59:28 --> Controller "App\Controllers\base\Beranda" loaded.
INFO - 2021-04-24 23:59:40 --> Controller "App\Controllers\base\Beranda" loaded.
