INFO - 2022-02-23 01:48:43 --> Controller "App\Controllers\base\Beranda" loaded.
INFO - 2022-02-23 01:48:52 --> Controller "App\Controllers\base\Beranda" loaded.
INFO - 2022-02-23 01:49:29 --> Controller "App\Controllers\base\Beranda" loaded.
INFO - 2022-02-23 01:52:50 --> Controller "App\Controllers\base\Beranda" loaded.
INFO - 2022-02-23 02:38:58 --> Controller "App\Controllers\base\Beranda" loaded.
INFO - 2022-02-23 04:10:45 --> Controller "App\Controllers\base\Beranda" loaded.
INFO - 2022-02-23 04:10:45 --> Controller "App\Controllers\base\Beranda" loaded.
INFO - 2022-02-23 04:10:45 --> Controller "App\Controllers\base\Beranda" loaded.
INFO - 2022-02-23 04:10:45 --> Controller "App\Controllers\base\Beranda" loaded.
INFO - 2022-02-23 04:10:45 --> Controller "App\Controllers\base\Beranda" loaded.
INFO - 2022-02-23 04:10:45 --> Controller "App\Controllers\base\Beranda" loaded.
INFO - 2022-02-23 04:10:45 --> Controller "App\Controllers\base\Beranda" loaded.
INFO - 2022-02-23 04:10:45 --> Controller "App\Controllers\base\Beranda" loaded.
INFO - 2022-02-23 04:10:45 --> Controller "App\Controllers\base\Beranda" loaded.
INFO - 2022-02-23 04:10:45 --> Controller "App\Controllers\base\Beranda" loaded.
INFO - 2022-02-23 04:10:45 --> Controller "App\Controllers\base\Beranda" loaded.
INFO - 2022-02-23 04:10:45 --> Controller "App\Controllers\base\Beranda" loaded.
INFO - 2022-02-23 04:10:45 --> Controller "App\Controllers\base\Beranda" loaded.
INFO - 2022-02-23 04:10:46 --> Controller "App\Controllers\base\Beranda" loaded.
INFO - 2022-02-23 04:10:46 --> Controller "App\Controllers\base\Beranda" loaded.
INFO - 2022-02-23 04:10:46 --> Controller "App\Controllers\base\Beranda" loaded.
INFO - 2022-02-23 04:10:46 --> Controller "App\Controllers\base\Beranda" loaded.
INFO - 2022-02-23 04:10:46 --> Controller "App\Controllers\base\Beranda" loaded.
INFO - 2022-02-23 04:10:46 --> Controller "App\Controllers\base\Beranda" loaded.
INFO - 2022-02-23 04:10:46 --> Controller "App\Controllers\base\Beranda" loaded.
INFO - 2022-02-23 05:16:22 --> Session: Class initialized using 'CodeIgniter\Session\Handlers\FileHandler' driver.
INFO - 2022-02-23 05:16:22 --> Controller "App\Controllers\bukutamu\Bukutamu" loaded.
INFO - 2022-02-23 05:35:29 --> Controller "App\Controllers\base\Beranda" loaded.
INFO - 2022-02-23 06:36:41 --> Controller "App\Controllers\base\Beranda" loaded.
INFO - 2022-02-23 06:36:42 --> Controller "App\Controllers\base\Beranda" loaded.
INFO - 2022-02-23 07:00:02 --> Controller "App\Controllers\base\Beranda" loaded.
INFO - 2022-02-23 07:10:02 --> Controller "App\Controllers\base\Beranda" loaded.
INFO - 2022-02-23 07:20:02 --> Controller "App\Controllers\base\Beranda" loaded.
INFO - 2022-02-23 07:30:02 --> Controller "App\Controllers\base\Beranda" loaded.
INFO - 2022-02-23 07:31:01 --> Controller "App\Controllers\base\Beranda" loaded.
INFO - 2022-02-23 07:40:02 --> Controller "App\Controllers\base\Beranda" loaded.
INFO - 2022-02-23 07:46:49 --> Controller "App\Controllers\base\Beranda" loaded.
INFO - 2022-02-23 07:50:02 --> Controller "App\Controllers\base\Beranda" loaded.
INFO - 2022-02-23 08:00:02 --> Controller "App\Controllers\base\Beranda" loaded.
INFO - 2022-02-23 08:10:02 --> Controller "App\Controllers\base\Beranda" loaded.
INFO - 2022-02-23 08:13:38 --> Controller "App\Controllers\base\Beranda" loaded.
INFO - 2022-02-23 08:20:02 --> Controller "App\Controllers\base\Beranda" loaded.
INFO - 2022-02-23 08:30:02 --> Controller "App\Controllers\base\Beranda" loaded.
INFO - 2022-02-23 08:40:02 --> Controller "App\Controllers\base\Beranda" loaded.
INFO - 2022-02-23 08:50:02 --> Controller "App\Controllers\base\Beranda" loaded.
INFO - 2022-02-23 08:52:46 --> Controller "App\Controllers\base\Beranda" loaded.
INFO - 2022-02-23 09:00:02 --> Controller "App\Controllers\base\Beranda" loaded.
INFO - 2022-02-23 09:10:02 --> Controller "App\Controllers\base\Beranda" loaded.
INFO - 2022-02-23 09:20:01 --> Controller "App\Controllers\base\Beranda" loaded.
INFO - 2022-02-23 09:30:02 --> Controller "App\Controllers\base\Beranda" loaded.
INFO - 2022-02-23 09:40:02 --> Controller "App\Controllers\base\Beranda" loaded.
INFO - 2022-02-23 09:50:02 --> Controller "App\Controllers\base\Beranda" loaded.
INFO - 2022-02-23 10:00:02 --> Controller "App\Controllers\base\Beranda" loaded.
INFO - 2022-02-23 10:10:02 --> Controller "App\Controllers\base\Beranda" loaded.
INFO - 2022-02-23 10:20:02 --> Controller "App\Controllers\base\Beranda" loaded.
INFO - 2022-02-23 10:30:02 --> Controller "App\Controllers\base\Beranda" loaded.
INFO - 2022-02-23 10:40:02 --> Controller "App\Controllers\base\Beranda" loaded.
INFO - 2022-02-23 10:50:02 --> Controller "App\Controllers\base\Beranda" loaded.
INFO - 2022-02-23 10:50:20 --> Controller "App\Controllers\base\Beranda" loaded.
INFO - 2022-02-23 11:00:01 --> Controller "App\Controllers\base\Beranda" loaded.
INFO - 2022-02-23 11:10:02 --> Controller "App\Controllers\base\Beranda" loaded.
INFO - 2022-02-23 11:13:57 --> Session: Class initialized using 'CodeIgniter\Session\Handlers\FileHandler' driver.
INFO - 2022-02-23 11:13:57 --> Controller "App\Controllers\base\Order" loaded.
INFO - 2022-02-23 11:13:58 --> Controller "App\Controllers\base\Beranda" loaded.
INFO - 2022-02-23 11:13:59 --> Session: Class initialized using 'CodeIgniter\Session\Handlers\FileHandler' driver.
INFO - 2022-02-23 11:13:59 --> Controller "App\Controllers\base\Order" loaded.
INFO - 2022-02-23 11:14:00 --> Controller "App\Controllers\base\Beranda" loaded.
INFO - 2022-02-23 11:20:02 --> Controller "App\Controllers\base\Beranda" loaded.
INFO - 2022-02-23 11:30:02 --> Controller "App\Controllers\base\Beranda" loaded.
INFO - 2022-02-23 11:40:02 --> Controller "App\Controllers\base\Beranda" loaded.
INFO - 2022-02-23 11:50:02 --> Controller "App\Controllers\base\Beranda" loaded.
INFO - 2022-02-23 11:51:16 --> Controller "App\Controllers\base\Beranda" loaded.
INFO - 2022-02-23 11:52:33 --> Controller "App\Controllers\base\Beranda" loaded.
INFO - 2022-02-23 11:52:41 --> Controller "App\Controllers\base\Beranda" loaded.
INFO - 2022-02-23 11:54:07 --> Controller "App\Controllers\base\Beranda" loaded.
INFO - 2022-02-23 11:54:11 --> Controller "App\Controllers\base\Beranda" loaded.
INFO - 2022-02-23 11:55:56 --> Controller "App\Controllers\base\Beranda" loaded.
INFO - 2022-02-23 11:57:00 --> Controller "App\Controllers\base\Beranda" loaded.
INFO - 2022-02-23 12:00:02 --> Controller "App\Controllers\base\Beranda" loaded.
INFO - 2022-02-23 12:01:06 --> Controller "App\Controllers\base\Beranda" loaded.
INFO - 2022-02-23 12:01:11 --> Controller "App\Controllers\base\Beranda" loaded.
INFO - 2022-02-23 12:01:14 --> Controller "App\Controllers\base\Beranda" loaded.
INFO - 2022-02-23 12:02:15 --> Controller "App\Controllers\base\Beranda" loaded.
INFO - 2022-02-23 12:03:38 --> Controller "App\Controllers\base\Beranda" loaded.
INFO - 2022-02-23 12:04:26 --> Controller "App\Controllers\base\Beranda" loaded.
INFO - 2022-02-23 12:04:44 --> Controller "App\Controllers\base\Beranda" loaded.
INFO - 2022-02-23 12:06:06 --> Controller "App\Controllers\base\Beranda" loaded.
INFO - 2022-02-23 12:06:11 --> Controller "App\Controllers\base\Beranda" loaded.
INFO - 2022-02-23 12:06:48 --> Controller "App\Controllers\base\Beranda" loaded.
INFO - 2022-02-23 12:07:14 --> Controller "App\Controllers\base\Beranda" loaded.
INFO - 2022-02-23 12:07:17 --> Controller "App\Controllers\base\Beranda" loaded.
INFO - 2022-02-23 12:08:04 --> Controller "App\Controllers\base\Beranda" loaded.
INFO - 2022-02-23 12:08:36 --> Session: Class initialized using 'CodeIgniter\Session\Handlers\FileHandler' driver.
INFO - 2022-02-23 12:08:36 --> Controller "App\Controllers\admin\Admin" loaded.
INFO - 2022-02-23 12:10:01 --> Controller "App\Controllers\base\Beranda" loaded.
INFO - 2022-02-23 12:10:01 --> Controller "App\Controllers\base\Beranda" loaded.
INFO - 2022-02-23 12:10:04 --> Controller "App\Controllers\base\Beranda" loaded.
INFO - 2022-02-23 12:10:41 --> Session: Class initialized using 'CodeIgniter\Session\Handlers\FileHandler' driver.
INFO - 2022-02-23 12:10:41 --> Controller "App\Controllers\base\Dashboard" loaded.
INFO - 2022-02-23 12:10:49 --> Session: Class initialized using 'CodeIgniter\Session\Handlers\FileHandler' driver.
INFO - 2022-02-23 12:10:49 --> Controller "App\Controllers\base\Dashboard" loaded.
INFO - 2022-02-23 12:10:49 --> Session: Class initialized using 'CodeIgniter\Session\Handlers\FileHandler' driver.
INFO - 2022-02-23 12:10:49 --> Controller "App\Controllers\base\Dashboard" loaded.
INFO - 2022-02-23 12:10:58 --> Session: Class initialized using 'CodeIgniter\Session\Handlers\FileHandler' driver.
INFO - 2022-02-23 12:10:58 --> Controller "App\Controllers\base\Dashboard" loaded.
INFO - 2022-02-23 12:10:58 --> Session: Class initialized using 'CodeIgniter\Session\Handlers\FileHandler' driver.
INFO - 2022-02-23 12:10:58 --> Controller "App\Controllers\base\Dashboard" loaded.
INFO - 2022-02-23 12:11:08 --> Session: Class initialized using 'CodeIgniter\Session\Handlers\FileHandler' driver.
INFO - 2022-02-23 12:11:08 --> Controller "App\Controllers\base\Dashboard" loaded.
INFO - 2022-02-23 12:11:09 --> Session: Class initialized using 'CodeIgniter\Session\Handlers\FileHandler' driver.
INFO - 2022-02-23 12:11:09 --> Controller "App\Controllers\base\Dashboard" loaded.
INFO - 2022-02-23 12:11:11 --> Session: Class initialized using 'CodeIgniter\Session\Handlers\FileHandler' driver.
INFO - 2022-02-23 12:11:11 --> Controller "App\Controllers\base\Dashboard" loaded.
INFO - 2022-02-23 12:11:15 --> Session: Class initialized using 'CodeIgniter\Session\Handlers\FileHandler' driver.
INFO - 2022-02-23 12:11:15 --> Controller "App\Controllers\base\Dashboard" loaded.
INFO - 2022-02-23 12:11:16 --> Session: Class initialized using 'CodeIgniter\Session\Handlers\FileHandler' driver.
INFO - 2022-02-23 12:11:16 --> Controller "App\Controllers\base\Dashboard" loaded.
INFO - 2022-02-23 12:11:17 --> Controller "App\Controllers\base\Beranda" loaded.
INFO - 2022-02-23 12:11:33 --> Controller "App\Controllers\base\Beranda" loaded.
INFO - 2022-02-23 12:11:39 --> Session: Class initialized using 'CodeIgniter\Session\Handlers\FileHandler' driver.
INFO - 2022-02-23 12:11:39 --> Controller "App\Controllers\base\Order" loaded.
INFO - 2022-02-23 12:12:07 --> Session: Class initialized using 'CodeIgniter\Session\Handlers\FileHandler' driver.
INFO - 2022-02-23 12:12:07 --> Controller "App\Controllers\base\Order" loaded.
INFO - 2022-02-23 12:12:11 --> Session: Class initialized using 'CodeIgniter\Session\Handlers\FileHandler' driver.
INFO - 2022-02-23 12:12:11 --> Controller "App\Controllers\base\Order" loaded.
INFO - 2022-02-23 12:12:16 --> Session: Class initialized using 'CodeIgniter\Session\Handlers\FileHandler' driver.
INFO - 2022-02-23 12:12:16 --> Controller "App\Controllers\base\Order" loaded.
INFO - 2022-02-23 12:12:18 --> Controller "App\Controllers\base\Beranda" loaded.
INFO - 2022-02-23 12:13:16 --> Session: Class initialized using 'CodeIgniter\Session\Handlers\FileHandler' driver.
INFO - 2022-02-23 12:13:16 --> Controller "App\Controllers\base\Dashboard" loaded.
INFO - 2022-02-23 12:13:25 --> Session: Class initialized using 'CodeIgniter\Session\Handlers\FileHandler' driver.
INFO - 2022-02-23 12:13:25 --> Controller "App\Controllers\base\Dashboard" loaded.
INFO - 2022-02-23 12:13:25 --> Session: Class initialized using 'CodeIgniter\Session\Handlers\FileHandler' driver.
INFO - 2022-02-23 12:13:25 --> Controller "App\Controllers\base\Dashboard" loaded.
INFO - 2022-02-23 12:13:28 --> Controller "App\Controllers\base\Beranda" loaded.
INFO - 2022-02-23 12:13:33 --> Session: Class initialized using 'CodeIgniter\Session\Handlers\FileHandler' driver.
INFO - 2022-02-23 12:13:33 --> Controller "App\Controllers\base\Dashboard" loaded.
INFO - 2022-02-23 12:13:33 --> Session: Class initialized using 'CodeIgniter\Session\Handlers\FileHandler' driver.
INFO - 2022-02-23 12:13:33 --> Controller "App\Controllers\base\Dashboard" loaded.
INFO - 2022-02-23 12:13:33 --> Controller "App\Controllers\base\Beranda" loaded.
INFO - 2022-02-23 12:13:40 --> Session: Class initialized using 'CodeIgniter\Session\Handlers\FileHandler' driver.
INFO - 2022-02-23 12:13:40 --> Controller "App\Controllers\base\Dashboard" loaded.
INFO - 2022-02-23 12:13:40 --> Session: Class initialized using 'CodeIgniter\Session\Handlers\FileHandler' driver.
INFO - 2022-02-23 12:13:40 --> Controller "App\Controllers\base\Dashboard" loaded.
INFO - 2022-02-23 12:13:50 --> Session: Class initialized using 'CodeIgniter\Session\Handlers\FileHandler' driver.
INFO - 2022-02-23 12:13:50 --> Controller "App\Controllers\base\Dashboard" loaded.
INFO - 2022-02-23 12:13:50 --> Session: Class initialized using 'CodeIgniter\Session\Handlers\FileHandler' driver.
INFO - 2022-02-23 12:13:50 --> Controller "App\Controllers\base\Dashboard" loaded.
INFO - 2022-02-23 12:14:06 --> Session: Class initialized using 'CodeIgniter\Session\Handlers\FileHandler' driver.
INFO - 2022-02-23 12:14:06 --> Controller "App\Controllers\base\Dashboard" loaded.
INFO - 2022-02-23 12:14:06 --> Session: Class initialized using 'CodeIgniter\Session\Handlers\FileHandler' driver.
INFO - 2022-02-23 12:14:06 --> Controller "App\Controllers\base\Dashboard" loaded.
INFO - 2022-02-23 12:14:13 --> Session: Class initialized using 'CodeIgniter\Session\Handlers\FileHandler' driver.
INFO - 2022-02-23 12:14:13 --> Controller "App\Controllers\base\Dashboard" loaded.
INFO - 2022-02-23 12:14:14 --> Session: Class initialized using 'CodeIgniter\Session\Handlers\FileHandler' driver.
INFO - 2022-02-23 12:14:14 --> Controller "App\Controllers\base\Dashboard" loaded.
INFO - 2022-02-23 12:14:26 --> Session: Class initialized using 'CodeIgniter\Session\Handlers\FileHandler' driver.
INFO - 2022-02-23 12:14:26 --> Controller "App\Controllers\base\Dashboard" loaded.
INFO - 2022-02-23 12:15:00 --> Session: Class initialized using 'CodeIgniter\Session\Handlers\FileHandler' driver.
INFO - 2022-02-23 12:15:00 --> Controller "App\Controllers\base\Dashboard" loaded.
INFO - 2022-02-23 12:15:01 --> Controller "App\Controllers\base\Beranda" loaded.
INFO - 2022-02-23 12:15:10 --> Session: Class initialized using 'CodeIgniter\Session\Handlers\FileHandler' driver.
INFO - 2022-02-23 12:15:10 --> Controller "App\Controllers\base\Dashboard" loaded.
INFO - 2022-02-23 12:15:16 --> Session: Class initialized using 'CodeIgniter\Session\Handlers\FileHandler' driver.
INFO - 2022-02-23 12:15:16 --> Controller "App\Controllers\base\Dashboard" loaded.
INFO - 2022-02-23 12:15:17 --> Controller "App\Controllers\base\Beranda" loaded.
INFO - 2022-02-23 12:15:20 --> Session: Class initialized using 'CodeIgniter\Session\Handlers\FileHandler' driver.
INFO - 2022-02-23 12:15:20 --> Controller "App\Controllers\bukutamu\Bukutamu" loaded.
INFO - 2022-02-23 12:15:21 --> Session: Class initialized using 'CodeIgniter\Session\Handlers\FileHandler' driver.
INFO - 2022-02-23 12:15:21 --> Controller "App\Controllers\bukutamu\Bukutamu" loaded.
INFO - 2022-02-23 12:15:22 --> Session: Class initialized using 'CodeIgniter\Session\Handlers\FileHandler' driver.
INFO - 2022-02-23 12:15:22 --> Controller "App\Controllers\bukutamu\Bukutamu" loaded.
INFO - 2022-02-23 12:17:34 --> Session: Class initialized using 'CodeIgniter\Session\Handlers\FileHandler' driver.
INFO - 2022-02-23 12:17:34 --> Controller "App\Controllers\base\Dashboard" loaded.
INFO - 2022-02-23 12:17:41 --> Session: Class initialized using 'CodeIgniter\Session\Handlers\FileHandler' driver.
INFO - 2022-02-23 12:17:41 --> Controller "App\Controllers\base\Dashboard" loaded.
INFO - 2022-02-23 12:18:01 --> Session: Class initialized using 'CodeIgniter\Session\Handlers\FileHandler' driver.
INFO - 2022-02-23 12:18:01 --> Controller "App\Controllers\undangan\Undangan" loaded.
INFO - 2022-02-23 12:18:02 --> Session: Class initialized using 'CodeIgniter\Session\Handlers\FileHandler' driver.
INFO - 2022-02-23 12:18:02 --> Controller "App\Controllers\undangan\Undangan" loaded.
INFO - 2022-02-23 12:18:02 --> Session: Class initialized using 'CodeIgniter\Session\Handlers\FileHandler' driver.
INFO - 2022-02-23 12:18:02 --> Controller "App\Controllers\undangan\Undangan" loaded.
INFO - 2022-02-23 12:18:03 --> Session: Class initialized using 'CodeIgniter\Session\Handlers\FileHandler' driver.
INFO - 2022-02-23 12:18:03 --> Controller "App\Controllers\undangan\Undangan" loaded.
INFO - 2022-02-23 12:18:03 --> Session: Class initialized using 'CodeIgniter\Session\Handlers\FileHandler' driver.
INFO - 2022-02-23 12:18:03 --> Controller "App\Controllers\undangan\Undangan" loaded.
INFO - 2022-02-23 12:18:03 --> Session: Class initialized using 'CodeIgniter\Session\Handlers\FileHandler' driver.
INFO - 2022-02-23 12:18:03 --> Controller "App\Controllers\undangan\Undangan" loaded.
INFO - 2022-02-23 12:18:03 --> Session: Class initialized using 'CodeIgniter\Session\Handlers\FileHandler' driver.
INFO - 2022-02-23 12:18:03 --> Controller "App\Controllers\undangan\Undangan" loaded.
INFO - 2022-02-23 12:18:05 --> Session: Class initialized using 'CodeIgniter\Session\Handlers\FileHandler' driver.
INFO - 2022-02-23 12:18:05 --> Controller "App\Controllers\undangan\Undangan" loaded.
INFO - 2022-02-23 12:18:05 --> Session: Class initialized using 'CodeIgniter\Session\Handlers\FileHandler' driver.
INFO - 2022-02-23 12:18:05 --> Controller "App\Controllers\undangan\Undangan" loaded.
INFO - 2022-02-23 12:18:09 --> Session: Class initialized using 'CodeIgniter\Session\Handlers\FileHandler' driver.
INFO - 2022-02-23 12:18:09 --> Controller "App\Controllers\undangan\Undangan" loaded.
INFO - 2022-02-23 12:18:10 --> Session: Class initialized using 'CodeIgniter\Session\Handlers\FileHandler' driver.
INFO - 2022-02-23 12:18:10 --> Controller "App\Controllers\base\Dashboard" loaded.
INFO - 2022-02-23 12:18:10 --> Controller "App\Controllers\base\Beranda" loaded.
INFO - 2022-02-23 12:18:29 --> Session: Class initialized using 'CodeIgniter\Session\Handlers\FileHandler' driver.
INFO - 2022-02-23 12:18:29 --> Controller "App\Controllers\bukutamu\Bukutamu" loaded.
INFO - 2022-02-23 12:18:30 --> Session: Class initialized using 'CodeIgniter\Session\Handlers\FileHandler' driver.
INFO - 2022-02-23 12:18:30 --> Controller "App\Controllers\bukutamu\Bukutamu" loaded.
INFO - 2022-02-23 12:18:31 --> Session: Class initialized using 'CodeIgniter\Session\Handlers\FileHandler' driver.
INFO - 2022-02-23 12:18:31 --> Controller "App\Controllers\bukutamu\Bukutamu" loaded.
INFO - 2022-02-23 12:20:02 --> Controller "App\Controllers\base\Beranda" loaded.
INFO - 2022-02-23 12:20:27 --> Session: Class initialized using 'CodeIgniter\Session\Handlers\FileHandler' driver.
INFO - 2022-02-23 12:20:27 --> Controller "App\Controllers\base\Dashboard" loaded.
INFO - 2022-02-23 12:20:39 --> Controller "App\Controllers\base\Beranda" loaded.
INFO - 2022-02-23 12:20:45 --> Session: Class initialized using 'CodeIgniter\Session\Handlers\FileHandler' driver.
INFO - 2022-02-23 12:20:45 --> Controller "App\Controllers\base\Dashboard" loaded.
INFO - 2022-02-23 12:20:45 --> Session: Class initialized using 'CodeIgniter\Session\Handlers\FileHandler' driver.
INFO - 2022-02-23 12:20:45 --> Controller "App\Controllers\base\Dashboard" loaded.
INFO - 2022-02-23 12:20:48 --> Session: Class initialized using 'CodeIgniter\Session\Handlers\FileHandler' driver.
INFO - 2022-02-23 12:20:48 --> Controller "App\Controllers\undangan\Undangan" loaded.
INFO - 2022-02-23 12:20:48 --> Session: Class initialized using 'CodeIgniter\Session\Handlers\FileHandler' driver.
INFO - 2022-02-23 12:20:48 --> Controller "App\Controllers\undangan\Undangan" loaded.
INFO - 2022-02-23 12:20:48 --> Session: Class initialized using 'CodeIgniter\Session\Handlers\FileHandler' driver.
INFO - 2022-02-23 12:20:48 --> Controller "App\Controllers\undangan\Undangan" loaded.
INFO - 2022-02-23 12:20:49 --> Session: Class initialized using 'CodeIgniter\Session\Handlers\FileHandler' driver.
INFO - 2022-02-23 12:20:49 --> Controller "App\Controllers\undangan\Undangan" loaded.
INFO - 2022-02-23 12:20:51 --> Session: Class initialized using 'CodeIgniter\Session\Handlers\FileHandler' driver.
INFO - 2022-02-23 12:20:51 --> Controller "App\Controllers\undangan\Undangan" loaded.
INFO - 2022-02-23 12:20:51 --> Session: Class initialized using 'CodeIgniter\Session\Handlers\FileHandler' driver.
INFO - 2022-02-23 12:20:51 --> Controller "App\Controllers\undangan\Undangan" loaded.
INFO - 2022-02-23 12:20:51 --> Session: Class initialized using 'CodeIgniter\Session\Handlers\FileHandler' driver.
INFO - 2022-02-23 12:20:51 --> Controller "App\Controllers\undangan\Undangan" loaded.
INFO - 2022-02-23 12:20:59 --> Session: Class initialized using 'CodeIgniter\Session\Handlers\FileHandler' driver.
INFO - 2022-02-23 12:20:59 --> Controller "App\Controllers\base\Dashboard" loaded.
INFO - 2022-02-23 12:21:05 --> Session: Class initialized using 'CodeIgniter\Session\Handlers\FileHandler' driver.
INFO - 2022-02-23 12:21:05 --> Controller "App\Controllers\base\Dashboard" loaded.
INFO - 2022-02-23 12:21:06 --> Controller "App\Controllers\base\Beranda" loaded.
INFO - 2022-02-23 12:21:09 --> Session: Class initialized using 'CodeIgniter\Session\Handlers\FileHandler' driver.
INFO - 2022-02-23 12:21:09 --> Controller "App\Controllers\bukutamu\Bukutamu" loaded.
INFO - 2022-02-23 12:21:10 --> Session: Class initialized using 'CodeIgniter\Session\Handlers\FileHandler' driver.
INFO - 2022-02-23 12:21:10 --> Controller "App\Controllers\bukutamu\Bukutamu" loaded.
INFO - 2022-02-23 12:21:11 --> Session: Class initialized using 'CodeIgniter\Session\Handlers\FileHandler' driver.
INFO - 2022-02-23 12:21:11 --> Controller "App\Controllers\bukutamu\Bukutamu" loaded.
INFO - 2022-02-23 12:21:16 --> Session: Class initialized using 'CodeIgniter\Session\Handlers\FileHandler' driver.
INFO - 2022-02-23 12:21:16 --> Controller "App\Controllers\bukutamu\Bukutamu" loaded.
INFO - 2022-02-23 12:21:33 --> Session: Class initialized using 'CodeIgniter\Session\Handlers\FileHandler' driver.
INFO - 2022-02-23 12:21:33 --> Controller "App\Controllers\bukutamu\Bukutamu" loaded.
CRITICAL - 2022-02-23 12:21:33 --> file_put_contents(/home/ngua4317/public_html//assets/users/0995a668c50fbdb15f28a3c185d14923/9f125223c92ed4ac9b05f8c75963322c.png): failed to open stream: No such file or directory
#0 [internal function]: CodeIgniter\Debug\Exceptions->errorHandler(2, 'file_put_conten...', '/home/ngua4317/...', 108, Array)
#1 /home/ngua4317/public_html/app/Controllers/bukutamu/Bukutamu.php(108): file_put_contents('/home/ngua4317/...', '\x89PNG\r\n\x1A\n\x00\x00\x00\rIHD...')
#2 /home/ngua4317/public_html/system/CodeIgniter.php(910): App\Controllers\bukutamu\Bukutamu->do_add_hadir()
#3 /home/ngua4317/public_html/system/CodeIgniter.php(398): CodeIgniter\CodeIgniter->runController(Object(App\Controllers\bukutamu\Bukutamu))
#4 /home/ngua4317/public_html/system/CodeIgniter.php(306): CodeIgniter\CodeIgniter->handleRequest(NULL, Object(Config\Cache), false)
#5 /home/ngua4317/public_html/index.php(45): CodeIgniter\CodeIgniter->run()
#6 {main}
INFO - 2022-02-23 12:21:50 --> Session: Class initialized using 'CodeIgniter\Session\Handlers\FileHandler' driver.
INFO - 2022-02-23 12:21:50 --> Controller "App\Controllers\bukutamu\Bukutamu" loaded.
INFO - 2022-02-23 12:21:51 --> Session: Class initialized using 'CodeIgniter\Session\Handlers\FileHandler' driver.
INFO - 2022-02-23 12:21:51 --> Controller "App\Controllers\bukutamu\Bukutamu" loaded.
INFO - 2022-02-23 12:21:52 --> Session: Class initialized using 'CodeIgniter\Session\Handlers\FileHandler' driver.
INFO - 2022-02-23 12:21:52 --> Controller "App\Controllers\bukutamu\Bukutamu" loaded.
INFO - 2022-02-23 12:30:02 --> Controller "App\Controllers\base\Beranda" loaded.
INFO - 2022-02-23 12:36:47 --> Controller "App\Controllers\base\Beranda" loaded.
INFO - 2022-02-23 12:40:02 --> Controller "App\Controllers\base\Beranda" loaded.
INFO - 2022-02-23 12:48:30 --> Session: Class initialized using 'CodeIgniter\Session\Handlers\FileHandler' driver.
INFO - 2022-02-23 12:48:30 --> Controller "App\Controllers\bukutamu\Bukutamu" loaded.
INFO - 2022-02-23 12:48:31 --> Session: Class initialized using 'CodeIgniter\Session\Handlers\FileHandler' driver.
INFO - 2022-02-23 12:48:31 --> Controller "App\Controllers\bukutamu\Bukutamu" loaded.
INFO - 2022-02-23 12:48:33 --> Session: Class initialized using 'CodeIgniter\Session\Handlers\FileHandler' driver.
INFO - 2022-02-23 12:48:33 --> Controller "App\Controllers\bukutamu\Bukutamu" loaded.
INFO - 2022-02-23 12:50:02 --> Controller "App\Controllers\base\Beranda" loaded.
INFO - 2022-02-23 13:00:01 --> Controller "App\Controllers\base\Beranda" loaded.
INFO - 2022-02-23 13:10:02 --> Controller "App\Controllers\base\Beranda" loaded.
INFO - 2022-02-23 13:20:01 --> Controller "App\Controllers\base\Beranda" loaded.
INFO - 2022-02-23 13:30:02 --> Controller "App\Controllers\base\Beranda" loaded.
INFO - 2022-02-23 13:37:52 --> Session: Class initialized using 'CodeIgniter\Session\Handlers\FileHandler' driver.
INFO - 2022-02-23 13:37:52 --> Controller "App\Controllers\undangan\Undangan" loaded.
INFO - 2022-02-23 13:37:52 --> Session: Class initialized using 'CodeIgniter\Session\Handlers\FileHandler' driver.
INFO - 2022-02-23 13:37:52 --> Controller "App\Controllers\undangan\Undangan" loaded.
INFO - 2022-02-23 13:37:52 --> Session: Class initialized using 'CodeIgniter\Session\Handlers\FileHandler' driver.
INFO - 2022-02-23 13:37:52 --> Controller "App\Controllers\undangan\Undangan" loaded.
INFO - 2022-02-23 13:37:52 --> Session: Class initialized using 'CodeIgniter\Session\Handlers\FileHandler' driver.
INFO - 2022-02-23 13:37:52 --> Controller "App\Controllers\undangan\Undangan" loaded.
INFO - 2022-02-23 13:37:53 --> Session: Class initialized using 'CodeIgniter\Session\Handlers\FileHandler' driver.
INFO - 2022-02-23 13:37:53 --> Controller "App\Controllers\undangan\Undangan" loaded.
INFO - 2022-02-23 13:37:53 --> Session: Class initialized using 'CodeIgniter\Session\Handlers\FileHandler' driver.
INFO - 2022-02-23 13:37:53 --> Controller "App\Controllers\undangan\Undangan" loaded.
INFO - 2022-02-23 13:37:53 --> Session: Class initialized using 'CodeIgniter\Session\Handlers\FileHandler' driver.
INFO - 2022-02-23 13:37:53 --> Controller "App\Controllers\undangan\Undangan" loaded.
INFO - 2022-02-23 13:38:27 --> Session: Class initialized using 'CodeIgniter\Session\Handlers\FileHandler' driver.
INFO - 2022-02-23 13:38:27 --> Controller "App\Controllers\undangan\Undangan" loaded.
INFO - 2022-02-23 13:39:45 --> Session: Class initialized using 'CodeIgniter\Session\Handlers\FileHandler' driver.
INFO - 2022-02-23 13:39:45 --> Controller "App\Controllers\undangan\Undangan" loaded.
INFO - 2022-02-23 13:39:53 --> Session: Class initialized using 'CodeIgniter\Session\Handlers\FileHandler' driver.
INFO - 2022-02-23 13:39:53 --> Controller "App\Controllers\undangan\Undangan" loaded.
INFO - 2022-02-23 13:39:54 --> Session: Class initialized using 'CodeIgniter\Session\Handlers\FileHandler' driver.
INFO - 2022-02-23 13:39:54 --> Controller "App\Controllers\undangan\Undangan" loaded.
INFO - 2022-02-23 13:39:54 --> Session: Class initialized using 'CodeIgniter\Session\Handlers\FileHandler' driver.
INFO - 2022-02-23 13:39:54 --> Controller "App\Controllers\undangan\Undangan" loaded.
INFO - 2022-02-23 13:39:55 --> Session: Class initialized using 'CodeIgniter\Session\Handlers\FileHandler' driver.
INFO - 2022-02-23 13:39:55 --> Controller "App\Controllers\undangan\Undangan" loaded.
INFO - 2022-02-23 13:40:02 --> Controller "App\Controllers\base\Beranda" loaded.
INFO - 2022-02-23 13:40:26 --> Session: Class initialized using 'CodeIgniter\Session\Handlers\FileHandler' driver.
INFO - 2022-02-23 13:40:26 --> Controller "App\Controllers\undangan\Undangan" loaded.
INFO - 2022-02-23 13:40:27 --> Session: Class initialized using 'CodeIgniter\Session\Handlers\FileHandler' driver.
INFO - 2022-02-23 13:40:27 --> Controller "App\Controllers\undangan\Undangan" loaded.
INFO - 2022-02-23 13:42:42 --> Session: Class initialized using 'CodeIgniter\Session\Handlers\FileHandler' driver.
INFO - 2022-02-23 13:42:42 --> Controller "App\Controllers\bukutamu\Bukutamu" loaded.
INFO - 2022-02-23 13:44:15 --> Session: Class initialized using 'CodeIgniter\Session\Handlers\FileHandler' driver.
INFO - 2022-02-23 13:44:15 --> Controller "App\Controllers\bukutamu\Bukutamu" loaded.
INFO - 2022-02-23 13:44:16 --> Session: Class initialized using 'CodeIgniter\Session\Handlers\FileHandler' driver.
INFO - 2022-02-23 13:44:16 --> Controller "App\Controllers\bukutamu\Bukutamu" loaded.
INFO - 2022-02-23 13:45:25 --> Session: Class initialized using 'CodeIgniter\Session\Handlers\FileHandler' driver.
INFO - 2022-02-23 13:45:25 --> Controller "App\Controllers\bukutamu\Bukutamu" loaded.
INFO - 2022-02-23 13:45:37 --> Session: Class initialized using 'CodeIgniter\Session\Handlers\FileHandler' driver.
INFO - 2022-02-23 13:45:37 --> Controller "App\Controllers\bukutamu\Bukutamu" loaded.
INFO - 2022-02-23 13:45:37 --> Session: Class initialized using 'CodeIgniter\Session\Handlers\FileHandler' driver.
INFO - 2022-02-23 13:45:37 --> Controller "App\Controllers\bukutamu\Bukutamu" loaded.
INFO - 2022-02-23 13:46:35 --> Session: Class initialized using 'CodeIgniter\Session\Handlers\FileHandler' driver.
INFO - 2022-02-23 13:46:35 --> Controller "App\Controllers\bukutamu\Bukutamu" loaded.
INFO - 2022-02-23 13:46:50 --> Controller "App\Controllers\base\Beranda" loaded.
INFO - 2022-02-23 13:46:56 --> Session: Class initialized using 'CodeIgniter\Session\Handlers\FileHandler' driver.
INFO - 2022-02-23 13:46:56 --> Controller "App\Controllers\base\Dashboard" loaded.
INFO - 2022-02-23 13:47:00 --> Controller "App\Controllers\base\Beranda" loaded.
INFO - 2022-02-23 13:47:11 --> Session: Class initialized using 'CodeIgniter\Session\Handlers\FileHandler' driver.
INFO - 2022-02-23 13:47:11 --> Controller "App\Controllers\base\Order" loaded.
INFO - 2022-02-23 13:47:11 --> Controller "App\Controllers\base\Beranda" loaded.
INFO - 2022-02-23 13:47:23 --> Controller "App\Controllers\base\Beranda" loaded.
INFO - 2022-02-23 13:47:27 --> Controller "App\Controllers\base\Beranda" loaded.
INFO - 2022-02-23 13:48:20 --> Controller "App\Controllers\base\Beranda" loaded.
INFO - 2022-02-23 13:48:33 --> Controller "App\Controllers\base\Beranda" loaded.
INFO - 2022-02-23 13:48:55 --> Controller "App\Controllers\base\Beranda" loaded.
INFO - 2022-02-23 13:49:05 --> Controller "App\Controllers\base\Beranda" loaded.
INFO - 2022-02-23 13:49:10 --> Controller "App\Controllers\base\Beranda" loaded.
INFO - 2022-02-23 13:49:35 --> Controller "App\Controllers\base\Beranda" loaded.
INFO - 2022-02-23 13:50:02 --> Controller "App\Controllers\base\Beranda" loaded.
INFO - 2022-02-23 13:50:05 --> Controller "App\Controllers\base\Beranda" loaded.
INFO - 2022-02-23 13:50:15 --> Controller "App\Controllers\base\Beranda" loaded.
INFO - 2022-02-23 13:50:49 --> Controller "App\Controllers\base\Beranda" loaded.
INFO - 2022-02-23 13:51:07 --> Controller "App\Controllers\base\Beranda" loaded.
INFO - 2022-02-23 13:51:36 --> Controller "App\Controllers\base\Beranda" loaded.
INFO - 2022-02-23 13:51:53 --> Controller "App\Controllers\base\Beranda" loaded.
INFO - 2022-02-23 13:52:10 --> Controller "App\Controllers\base\Beranda" loaded.
INFO - 2022-02-23 13:52:18 --> Controller "App\Controllers\base\Beranda" loaded.
INFO - 2022-02-23 13:52:42 --> Controller "App\Controllers\base\Beranda" loaded.
INFO - 2022-02-23 13:52:47 --> Controller "App\Controllers\base\Beranda" loaded.
INFO - 2022-02-23 14:00:02 --> Controller "App\Controllers\base\Beranda" loaded.
INFO - 2022-02-23 14:05:22 --> Session: Class initialized using 'CodeIgniter\Session\Handlers\FileHandler' driver.
INFO - 2022-02-23 14:05:22 --> Controller "App\Controllers\bukutamu\Bukutamu" loaded.
INFO - 2022-02-23 14:05:57 --> Session: Class initialized using 'CodeIgniter\Session\Handlers\FileHandler' driver.
INFO - 2022-02-23 14:05:57 --> Controller "App\Controllers\bukutamu\Bukutamu" loaded.
INFO - 2022-02-23 14:07:47 --> Controller "App\Controllers\base\Beranda" loaded.
INFO - 2022-02-23 14:07:49 --> Controller "App\Controllers\base\Beranda" loaded.
INFO - 2022-02-23 14:07:55 --> Session: Class initialized using 'CodeIgniter\Session\Handlers\FileHandler' driver.
INFO - 2022-02-23 14:07:55 --> Controller "App\Controllers\bukutamu\Bukutamu" loaded.
INFO - 2022-02-23 14:08:00 --> Session: Class initialized using 'CodeIgniter\Session\Handlers\FileHandler' driver.
INFO - 2022-02-23 14:08:00 --> Controller "App\Controllers\bukutamu\Bukutamu" loaded.
INFO - 2022-02-23 14:08:10 --> Session: Class initialized using 'CodeIgniter\Session\Handlers\FileHandler' driver.
INFO - 2022-02-23 14:08:10 --> Controller "App\Controllers\undangan\Undangan" loaded.
INFO - 2022-02-23 14:08:24 --> Session: Class initialized using 'CodeIgniter\Session\Handlers\FileHandler' driver.
INFO - 2022-02-23 14:08:24 --> Controller "App\Controllers\bukutamu\Bukutamu" loaded.
INFO - 2022-02-23 14:09:10 --> Session: Class initialized using 'CodeIgniter\Session\Handlers\FileHandler' driver.
INFO - 2022-02-23 14:09:10 --> Controller "App\Controllers\bukutamu\Bukutamu" loaded.
INFO - 2022-02-23 14:09:40 --> Session: Class initialized using 'CodeIgniter\Session\Handlers\FileHandler' driver.
INFO - 2022-02-23 14:09:40 --> Controller "App\Controllers\bukutamu\Bukutamu" loaded.
INFO - 2022-02-23 14:10:02 --> Controller "App\Controllers\base\Beranda" loaded.
INFO - 2022-02-23 14:20:01 --> Controller "App\Controllers\base\Beranda" loaded.
INFO - 2022-02-23 14:30:01 --> Controller "App\Controllers\base\Beranda" loaded.
INFO - 2022-02-23 14:40:02 --> Controller "App\Controllers\base\Beranda" loaded.
INFO - 2022-02-23 14:50:02 --> Controller "App\Controllers\base\Beranda" loaded.
INFO - 2022-02-23 14:50:29 --> Session: Class initialized using 'CodeIgniter\Session\Handlers\FileHandler' driver.
INFO - 2022-02-23 14:50:29 --> Controller "App\Controllers\undangan\Undangan" loaded.
INFO - 2022-02-23 14:51:47 --> Controller "App\Controllers\base\Beranda" loaded.
INFO - 2022-02-23 14:52:08 --> Controller "App\Controllers\base\Beranda" loaded.
INFO - 2022-02-23 15:00:02 --> Controller "App\Controllers\base\Beranda" loaded.
INFO - 2022-02-23 15:10:02 --> Controller "App\Controllers\base\Beranda" loaded.
INFO - 2022-02-23 15:20:02 --> Controller "App\Controllers\base\Beranda" loaded.
INFO - 2022-02-23 15:30:02 --> Controller "App\Controllers\base\Beranda" loaded.
INFO - 2022-02-23 15:40:02 --> Controller "App\Controllers\base\Beranda" loaded.
INFO - 2022-02-23 15:50:02 --> Controller "App\Controllers\base\Beranda" loaded.
INFO - 2022-02-23 16:00:02 --> Controller "App\Controllers\base\Beranda" loaded.
INFO - 2022-02-23 16:06:41 --> Controller "App\Controllers\base\Beranda" loaded.
INFO - 2022-02-23 16:10:01 --> Controller "App\Controllers\base\Beranda" loaded.
INFO - 2022-02-23 16:14:28 --> Controller "App\Controllers\base\Beranda" loaded.
INFO - 2022-02-23 16:20:02 --> Controller "App\Controllers\base\Beranda" loaded.
INFO - 2022-02-23 16:30:02 --> Controller "App\Controllers\base\Beranda" loaded.
INFO - 2022-02-23 16:40:02 --> Controller "App\Controllers\base\Beranda" loaded.
INFO - 2022-02-23 16:50:02 --> Controller "App\Controllers\base\Beranda" loaded.
INFO - 2022-02-23 17:00:02 --> Controller "App\Controllers\base\Beranda" loaded.
INFO - 2022-02-23 17:10:02 --> Controller "App\Controllers\base\Beranda" loaded.
INFO - 2022-02-23 17:20:02 --> Controller "App\Controllers\base\Beranda" loaded.
INFO - 2022-02-23 17:30:02 --> Controller "App\Controllers\base\Beranda" loaded.
INFO - 2022-02-23 17:40:02 --> Controller "App\Controllers\base\Beranda" loaded.
INFO - 2022-02-23 17:50:02 --> Controller "App\Controllers\base\Beranda" loaded.
INFO - 2022-02-23 18:00:02 --> Controller "App\Controllers\base\Beranda" loaded.
INFO - 2022-02-23 18:10:02 --> Controller "App\Controllers\base\Beranda" loaded.
INFO - 2022-02-23 18:20:02 --> Controller "App\Controllers\base\Beranda" loaded.
INFO - 2022-02-23 18:30:02 --> Controller "App\Controllers\base\Beranda" loaded.
INFO - 2022-02-23 18:38:48 --> Session: Class initialized using 'CodeIgniter\Session\Handlers\FileHandler' driver.
INFO - 2022-02-23 18:38:48 --> Controller "App\Controllers\bukutamu\Bukutamu" loaded.
INFO - 2022-02-23 18:40:02 --> Controller "App\Controllers\base\Beranda" loaded.
INFO - 2022-02-23 18:50:01 --> Controller "App\Controllers\base\Beranda" loaded.
INFO - 2022-02-23 19:00:02 --> Controller "App\Controllers\base\Beranda" loaded.
INFO - 2022-02-23 19:03:08 --> Controller "App\Controllers\base\Beranda" loaded.
INFO - 2022-02-23 19:05:47 --> Controller "App\Controllers\base\Beranda" loaded.
INFO - 2022-02-23 19:07:22 --> Controller "App\Controllers\base\Beranda" loaded.
INFO - 2022-02-23 19:09:21 --> Controller "App\Controllers\base\Beranda" loaded.
INFO - 2022-02-23 19:09:21 --> Controller "App\Controllers\base\Beranda" loaded.
INFO - 2022-02-23 19:10:02 --> Controller "App\Controllers\base\Beranda" loaded.
INFO - 2022-02-23 19:11:27 --> Controller "App\Controllers\base\Beranda" loaded.
INFO - 2022-02-23 19:20:02 --> Controller "App\Controllers\base\Beranda" loaded.
INFO - 2022-02-23 19:29:24 --> Controller "App\Controllers\base\Beranda" loaded.
INFO - 2022-02-23 19:30:02 --> Controller "App\Controllers\base\Beranda" loaded.
INFO - 2022-02-23 19:33:16 --> Controller "App\Controllers\base\Beranda" loaded.
INFO - 2022-02-23 19:34:56 --> Controller "App\Controllers\base\Beranda" loaded.
INFO - 2022-02-23 19:40:02 --> Controller "App\Controllers\base\Beranda" loaded.
INFO - 2022-02-23 19:41:16 --> Controller "App\Controllers\base\Beranda" loaded.
INFO - 2022-02-23 19:43:13 --> Controller "App\Controllers\base\Beranda" loaded.
INFO - 2022-02-23 19:43:23 --> Controller "App\Controllers\base\Beranda" loaded.
INFO - 2022-02-23 19:43:44 --> Controller "App\Controllers\base\Beranda" loaded.
INFO - 2022-02-23 19:44:19 --> Controller "App\Controllers\base\Beranda" loaded.
INFO - 2022-02-23 19:47:48 --> Controller "App\Controllers\base\Beranda" loaded.
INFO - 2022-02-23 19:48:59 --> Controller "App\Controllers\base\Beranda" loaded.
INFO - 2022-02-23 19:50:02 --> Controller "App\Controllers\base\Beranda" loaded.
INFO - 2022-02-23 19:53:55 --> Controller "App\Controllers\base\Beranda" loaded.
INFO - 2022-02-23 19:54:40 --> Controller "App\Controllers\base\Beranda" loaded.
INFO - 2022-02-23 19:56:09 --> Controller "App\Controllers\base\Beranda" loaded.
INFO - 2022-02-23 19:58:23 --> Controller "App\Controllers\base\Beranda" loaded.
INFO - 2022-02-23 19:58:33 --> Controller "App\Controllers\base\Beranda" loaded.
INFO - 2022-02-23 20:00:02 --> Controller "App\Controllers\base\Beranda" loaded.
INFO - 2022-02-23 20:06:46 --> Controller "App\Controllers\base\Beranda" loaded.
INFO - 2022-02-23 20:09:33 --> Controller "App\Controllers\base\Beranda" loaded.
INFO - 2022-02-23 20:10:01 --> Controller "App\Controllers\base\Beranda" loaded.
INFO - 2022-02-23 20:14:24 --> Controller "App\Controllers\base\Beranda" loaded.
INFO - 2022-02-23 20:15:01 --> Controller "App\Controllers\base\Beranda" loaded.
INFO - 2022-02-23 20:15:40 --> Controller "App\Controllers\base\Beranda" loaded.
INFO - 2022-02-23 20:16:06 --> Controller "App\Controllers\base\Beranda" loaded.
INFO - 2022-02-23 20:20:02 --> Controller "App\Controllers\base\Beranda" loaded.
INFO - 2022-02-23 20:26:04 --> Controller "App\Controllers\base\Beranda" loaded.
INFO - 2022-02-23 20:26:48 --> Controller "App\Controllers\base\Beranda" loaded.
INFO - 2022-02-23 20:26:57 --> Controller "App\Controllers\base\Beranda" loaded.
INFO - 2022-02-23 20:27:48 --> Controller "App\Controllers\base\Beranda" loaded.
INFO - 2022-02-23 20:28:30 --> Controller "App\Controllers\base\Beranda" loaded.
INFO - 2022-02-23 20:28:37 --> Controller "App\Controllers\base\Beranda" loaded.
INFO - 2022-02-23 20:28:42 --> Controller "App\Controllers\base\Beranda" loaded.
INFO - 2022-02-23 20:29:36 --> Controller "App\Controllers\base\Beranda" loaded.
INFO - 2022-02-23 20:30:01 --> Controller "App\Controllers\base\Beranda" loaded.
INFO - 2022-02-23 20:40:02 --> Controller "App\Controllers\base\Beranda" loaded.
INFO - 2022-02-23 20:47:41 --> Controller "App\Controllers\base\Beranda" loaded.
INFO - 2022-02-23 20:49:19 --> Controller "App\Controllers\base\Beranda" loaded.
INFO - 2022-02-23 20:49:41 --> Controller "App\Controllers\base\Beranda" loaded.
INFO - 2022-02-23 20:50:01 --> Controller "App\Controllers\base\Beranda" loaded.
INFO - 2022-02-23 20:50:09 --> Controller "App\Controllers\base\Beranda" loaded.
INFO - 2022-02-23 20:53:14 --> Controller "App\Controllers\base\Beranda" loaded.
INFO - 2022-02-23 20:53:19 --> Controller "App\Controllers\base\Beranda" loaded.
INFO - 2022-02-23 20:56:10 --> Controller "App\Controllers\base\Beranda" loaded.
INFO - 2022-02-23 20:57:01 --> Controller "App\Controllers\base\Beranda" loaded.
INFO - 2022-02-23 20:57:34 --> Controller "App\Controllers\base\Beranda" loaded.
INFO - 2022-02-23 20:59:12 --> Controller "App\Controllers\base\Beranda" loaded.
INFO - 2022-02-23 21:00:02 --> Controller "App\Controllers\base\Beranda" loaded.
INFO - 2022-02-23 21:00:45 --> Controller "App\Controllers\base\Beranda" loaded.
INFO - 2022-02-23 21:01:26 --> Controller "App\Controllers\base\Beranda" loaded.
INFO - 2022-02-23 21:01:42 --> Controller "App\Controllers\base\Beranda" loaded.
INFO - 2022-02-23 21:01:42 --> Controller "App\Controllers\base\Beranda" loaded.
INFO - 2022-02-23 21:01:53 --> Controller "App\Controllers\base\Beranda" loaded.
INFO - 2022-02-23 21:02:19 --> Controller "App\Controllers\base\Beranda" loaded.
INFO - 2022-02-23 21:03:55 --> Controller "App\Controllers\base\Beranda" loaded.
INFO - 2022-02-23 21:05:34 --> Controller "App\Controllers\base\Beranda" loaded.
INFO - 2022-02-23 21:06:09 --> Controller "App\Controllers\base\Beranda" loaded.
INFO - 2022-02-23 21:06:48 --> Controller "App\Controllers\base\Beranda" loaded.
INFO - 2022-02-23 21:07:07 --> Controller "App\Controllers\base\Beranda" loaded.
INFO - 2022-02-23 21:07:16 --> Controller "App\Controllers\base\Beranda" loaded.
INFO - 2022-02-23 21:07:53 --> Controller "App\Controllers\base\Beranda" loaded.
INFO - 2022-02-23 21:08:37 --> Controller "App\Controllers\base\Beranda" loaded.
INFO - 2022-02-23 21:10:02 --> Controller "App\Controllers\base\Beranda" loaded.
INFO - 2022-02-23 21:10:28 --> Controller "App\Controllers\base\Beranda" loaded.
INFO - 2022-02-23 21:13:47 --> Controller "App\Controllers\base\Beranda" loaded.
INFO - 2022-02-23 21:13:50 --> Controller "App\Controllers\base\Beranda" loaded.
INFO - 2022-02-23 21:19:12 --> Controller "App\Controllers\base\Beranda" loaded.
INFO - 2022-02-23 21:20:02 --> Controller "App\Controllers\base\Beranda" loaded.
INFO - 2022-02-23 21:20:14 --> Controller "App\Controllers\base\Beranda" loaded.
INFO - 2022-02-23 21:23:06 --> Controller "App\Controllers\base\Beranda" loaded.
INFO - 2022-02-23 21:24:27 --> Controller "App\Controllers\base\Beranda" loaded.
INFO - 2022-02-23 21:30:02 --> Controller "App\Controllers\base\Beranda" loaded.
INFO - 2022-02-23 21:40:02 --> Controller "App\Controllers\base\Beranda" loaded.
INFO - 2022-02-23 21:41:41 --> Controller "App\Controllers\base\Beranda" loaded.
INFO - 2022-02-23 21:50:02 --> Controller "App\Controllers\base\Beranda" loaded.
INFO - 2022-02-23 22:00:02 --> Controller "App\Controllers\base\Beranda" loaded.
INFO - 2022-02-23 22:05:23 --> Controller "App\Controllers\base\Beranda" loaded.
INFO - 2022-02-23 22:08:25 --> Controller "App\Controllers\base\Beranda" loaded.
INFO - 2022-02-23 22:10:02 --> Controller "App\Controllers\base\Beranda" loaded.
INFO - 2022-02-23 22:10:55 --> Session: Class initialized using 'CodeIgniter\Session\Handlers\FileHandler' driver.
INFO - 2022-02-23 22:10:55 --> Controller "App\Controllers\undangan\Undangan" loaded.
INFO - 2022-02-23 22:11:53 --> Controller "App\Controllers\base\Beranda" loaded.
INFO - 2022-02-23 22:12:09 --> Controller "App\Controllers\base\Beranda" loaded.
INFO - 2022-02-23 22:12:18 --> Controller "App\Controllers\base\Beranda" loaded.
INFO - 2022-02-23 22:12:24 --> Controller "App\Controllers\base\Beranda" loaded.
INFO - 2022-02-23 22:13:22 --> Controller "App\Controllers\base\Beranda" loaded.
INFO - 2022-02-23 22:16:46 --> Controller "App\Controllers\base\Beranda" loaded.
INFO - 2022-02-23 22:18:54 --> Controller "App\Controllers\base\Beranda" loaded.
INFO - 2022-02-23 22:19:03 --> Controller "App\Controllers\base\Beranda" loaded.
INFO - 2022-02-23 22:20:02 --> Controller "App\Controllers\base\Beranda" loaded.
INFO - 2022-02-23 22:20:02 --> Controller "App\Controllers\base\Beranda" loaded.
INFO - 2022-02-23 22:20:10 --> Controller "App\Controllers\base\Beranda" loaded.
INFO - 2022-02-23 22:20:53 --> Controller "App\Controllers\base\Beranda" loaded.
INFO - 2022-02-23 22:21:42 --> Controller "App\Controllers\base\Beranda" loaded.
INFO - 2022-02-23 22:21:50 --> Controller "App\Controllers\base\Beranda" loaded.
INFO - 2022-02-23 22:26:06 --> Controller "App\Controllers\base\Beranda" loaded.
INFO - 2022-02-23 22:27:00 --> Controller "App\Controllers\base\Beranda" loaded.
INFO - 2022-02-23 22:27:46 --> Controller "App\Controllers\base\Beranda" loaded.
INFO - 2022-02-23 22:27:51 --> Controller "App\Controllers\base\Beranda" loaded.
INFO - 2022-02-23 22:28:32 --> Controller "App\Controllers\base\Beranda" loaded.
INFO - 2022-02-23 22:29:05 --> Controller "App\Controllers\base\Beranda" loaded.
INFO - 2022-02-23 22:29:14 --> Controller "App\Controllers\base\Beranda" loaded.
INFO - 2022-02-23 22:30:02 --> Controller "App\Controllers\base\Beranda" loaded.
INFO - 2022-02-23 22:30:39 --> Controller "App\Controllers\base\Beranda" loaded.
INFO - 2022-02-23 22:31:01 --> Controller "App\Controllers\base\Beranda" loaded.
INFO - 2022-02-23 22:34:37 --> Controller "App\Controllers\base\Beranda" loaded.
INFO - 2022-02-23 22:35:08 --> Controller "App\Controllers\base\Beranda" loaded.
INFO - 2022-02-23 22:40:02 --> Controller "App\Controllers\base\Beranda" loaded.
INFO - 2022-02-23 22:50:02 --> Controller "App\Controllers\base\Beranda" loaded.
