INFO - 2021-07-15 00:08:09 --> Session: Class initialized using 'CodeIgniter\Session\Handlers\FileHandler' driver.
INFO - 2021-07-15 00:08:09 --> Controller "App\Controllers\admin\Admin" loaded.
INFO - 2021-07-15 00:16:01 --> Controller "App\Controllers\base\Beranda" loaded.
INFO - 2021-07-15 00:16:02 --> Session: Class initialized using 'CodeIgniter\Session\Handlers\FileHandler' driver.
INFO - 2021-07-15 00:16:02 --> Controller "App\Controllers\base\Order" loaded.
INFO - 2021-07-15 00:16:02 --> Controller "App\Controllers\base\Beranda" loaded.
INFO - 2021-07-15 00:16:20 --> Controller "App\Controllers\base\Beranda" loaded.
INFO - 2021-07-15 00:17:10 --> Controller "App\Controllers\base\Beranda" loaded.
INFO - 2021-07-15 00:17:16 --> Controller "App\Controllers\base\Beranda" loaded.
INFO - 2021-07-15 00:17:42 --> Controller "App\Controllers\base\Beranda" loaded.
INFO - 2021-07-15 00:17:59 --> Controller "App\Controllers\base\Beranda" loaded.
INFO - 2021-07-15 00:19:30 --> Session: Class initialized using 'CodeIgniter\Session\Handlers\FileHandler' driver.
INFO - 2021-07-15 00:19:30 --> Controller "App\Controllers\undangan\Undangan" loaded.
CRITICAL - 2021-07-15 00:19:30 --> Unknown column 'bon' in 'where clause'
#0 /home/nguh5634/public_html/system/Database/MySQLi/Connection.php(330): mysqli->query('SELECT *\nFROM `...')
#1 /home/nguh5634/public_html/system/Database/BaseConnection.php(738): CodeIgniter\Database\MySQLi\Connection->execute('SELECT *\nFROM `...')
#2 /home/nguh5634/public_html/system/Database/BaseConnection.php(666): CodeIgniter\Database\BaseConnection->simpleQuery('SELECT *\nFROM `...')
#3 /home/nguh5634/public_html/system/Database/BaseBuilder.php(1819): CodeIgniter\Database\BaseConnection->query('SELECT *\nFROM `...', Array, false)
#4 /home/nguh5634/public_html/app/Models/undangan/UndanganModel.php(53): CodeIgniter\Database\BaseBuilder->get()
#5 /home/nguh5634/public_html/app/Controllers/undangan/Undangan.php(89): App\Models\undangan\UndanganModel->cek_tamu('1', 'bon%20jovi')
#6 /home/nguh5634/public_html/system/CodeIgniter.php(910): App\Controllers\undangan\Undangan->undangan()
#7 /home/nguh5634/public_html/system/CodeIgniter.php(398): CodeIgniter\CodeIgniter->runController(Object(App\Controllers\undangan\Undangan))
#8 /home/nguh5634/public_html/system/CodeIgniter.php(306): CodeIgniter\CodeIgniter->handleRequest(NULL, Object(Config\Cache), false)
#9 /home/nguh5634/public_html/index.php(45): CodeIgniter\CodeIgniter->run()
#10 {main}
INFO - 2021-07-15 00:27:45 --> Controller "App\Controllers\base\Beranda" loaded.
INFO - 2021-07-15 00:35:50 --> Session: Class initialized using 'CodeIgniter\Session\Handlers\FileHandler' driver.
INFO - 2021-07-15 00:35:50 --> Controller "App\Controllers\base\Order" loaded.
INFO - 2021-07-15 00:35:55 --> Session: Class initialized using 'CodeIgniter\Session\Handlers\FileHandler' driver.
INFO - 2021-07-15 00:35:55 --> Controller "App\Controllers\base\Order" loaded.
INFO - 2021-07-15 00:35:57 --> Session: Class initialized using 'CodeIgniter\Session\Handlers\FileHandler' driver.
INFO - 2021-07-15 00:35:57 --> Controller "App\Controllers\base\Order" loaded.
INFO - 2021-07-15 00:36:01 --> Controller "App\Controllers\base\Beranda" loaded.
INFO - 2021-07-15 00:41:51 --> Controller "App\Controllers\base\Beranda" loaded.
INFO - 2021-07-15 00:58:21 --> Controller "App\Controllers\base\Beranda" loaded.
INFO - 2021-07-15 00:58:21 --> Controller "App\Controllers\base\Beranda" loaded.
INFO - 2021-07-15 00:58:21 --> Controller "App\Controllers\base\Beranda" loaded.
INFO - 2021-07-15 00:58:21 --> Controller "App\Controllers\base\Beranda" loaded.
INFO - 2021-07-15 00:58:37 --> Controller "App\Controllers\base\Beranda" loaded.
INFO - 2021-07-15 00:58:37 --> Controller "App\Controllers\base\Beranda" loaded.
INFO - 2021-07-15 00:58:37 --> Controller "App\Controllers\base\Beranda" loaded.
INFO - 2021-07-15 00:58:37 --> Controller "App\Controllers\base\Beranda" loaded.
INFO - 2021-07-15 02:17:59 --> Controller "App\Controllers\base\Beranda" loaded.
INFO - 2021-07-15 03:16:57 --> Controller "App\Controllers\base\Beranda" loaded.
INFO - 2021-07-15 04:01:22 --> Controller "App\Controllers\base\Beranda" loaded.
INFO - 2021-07-15 04:01:23 --> Controller "App\Controllers\base\Beranda" loaded.
INFO - 2021-07-15 04:01:23 --> Controller "App\Controllers\base\Beranda" loaded.
INFO - 2021-07-15 04:01:23 --> Controller "App\Controllers\base\Beranda" loaded.
INFO - 2021-07-15 04:01:24 --> Controller "App\Controllers\base\Beranda" loaded.
INFO - 2021-07-15 04:01:24 --> Controller "App\Controllers\base\Beranda" loaded.
INFO - 2021-07-15 04:01:24 --> Controller "App\Controllers\base\Beranda" loaded.
INFO - 2021-07-15 04:01:25 --> Controller "App\Controllers\base\Beranda" loaded.
INFO - 2021-07-15 04:01:25 --> Controller "App\Controllers\base\Beranda" loaded.
INFO - 2021-07-15 04:01:25 --> Controller "App\Controllers\base\Beranda" loaded.
INFO - 2021-07-15 04:01:26 --> Controller "App\Controllers\base\Beranda" loaded.
INFO - 2021-07-15 04:01:26 --> Controller "App\Controllers\base\Beranda" loaded.
INFO - 2021-07-15 04:01:26 --> Controller "App\Controllers\base\Beranda" loaded.
INFO - 2021-07-15 04:01:27 --> Controller "App\Controllers\base\Beranda" loaded.
INFO - 2021-07-15 04:01:27 --> Controller "App\Controllers\base\Beranda" loaded.
INFO - 2021-07-15 04:01:27 --> Controller "App\Controllers\base\Beranda" loaded.
INFO - 2021-07-15 04:01:27 --> Controller "App\Controllers\base\Beranda" loaded.
INFO - 2021-07-15 04:01:28 --> Controller "App\Controllers\base\Beranda" loaded.
INFO - 2021-07-15 04:01:28 --> Controller "App\Controllers\base\Beranda" loaded.
INFO - 2021-07-15 04:01:28 --> Controller "App\Controllers\base\Beranda" loaded.
INFO - 2021-07-15 04:08:10 --> Session: Class initialized using 'CodeIgniter\Session\Handlers\FileHandler' driver.
INFO - 2021-07-15 04:08:10 --> Session: Class initialized using 'CodeIgniter\Session\Handlers\FileHandler' driver.
INFO - 2021-07-15 04:08:10 --> Controller "App\Controllers\base\Dashboard" loaded.
INFO - 2021-07-15 04:08:23 --> Session: Class initialized using 'CodeIgniter\Session\Handlers\FileHandler' driver.
INFO - 2021-07-15 04:08:23 --> Controller "App\Controllers\base\Dashboard" loaded.
INFO - 2021-07-15 04:08:23 --> Session: Class initialized using 'CodeIgniter\Session\Handlers\FileHandler' driver.
INFO - 2021-07-15 04:08:23 --> Controller "App\Controllers\base\Dashboard" loaded.
INFO - 2021-07-15 04:08:29 --> Session: Class initialized using 'CodeIgniter\Session\Handlers\FileHandler' driver.
INFO - 2021-07-15 04:08:29 --> Controller "App\Controllers\base\Dashboard" loaded.
INFO - 2021-07-15 04:09:23 --> Session: Class initialized using 'CodeIgniter\Session\Handlers\FileHandler' driver.
INFO - 2021-07-15 04:09:23 --> Controller "App\Controllers\base\Dashboard" loaded.
INFO - 2021-07-15 04:10:09 --> Session: Class initialized using 'CodeIgniter\Session\Handlers\FileHandler' driver.
INFO - 2021-07-15 04:10:09 --> Controller "App\Controllers\base\Dashboard" loaded.
INFO - 2021-07-15 04:10:10 --> Session: Class initialized using 'CodeIgniter\Session\Handlers\FileHandler' driver.
INFO - 2021-07-15 04:10:10 --> Controller "App\Controllers\base\Dashboard" loaded.
INFO - 2021-07-15 04:10:35 --> Session: Class initialized using 'CodeIgniter\Session\Handlers\FileHandler' driver.
INFO - 2021-07-15 04:10:35 --> Controller "App\Controllers\base\Dashboard" loaded.
INFO - 2021-07-15 04:10:35 --> Session: Class initialized using 'CodeIgniter\Session\Handlers\FileHandler' driver.
INFO - 2021-07-15 04:10:35 --> Controller "App\Controllers\base\Dashboard" loaded.
INFO - 2021-07-15 04:10:49 --> Session: Class initialized using 'CodeIgniter\Session\Handlers\FileHandler' driver.
INFO - 2021-07-15 04:10:49 --> Controller "App\Controllers\base\Dashboard" loaded.
INFO - 2021-07-15 04:10:49 --> Session: Class initialized using 'CodeIgniter\Session\Handlers\FileHandler' driver.
INFO - 2021-07-15 04:10:49 --> Controller "App\Controllers\base\Dashboard" loaded.
INFO - 2021-07-15 04:12:37 --> Session: Class initialized using 'CodeIgniter\Session\Handlers\FileHandler' driver.
INFO - 2021-07-15 04:12:37 --> Controller "App\Controllers\base\Dashboard" loaded.
INFO - 2021-07-15 04:13:07 --> Session: Class initialized using 'CodeIgniter\Session\Handlers\FileHandler' driver.
INFO - 2021-07-15 04:13:07 --> Controller "App\Controllers\base\Dashboard" loaded.
INFO - 2021-07-15 04:13:07 --> Session: Class initialized using 'CodeIgniter\Session\Handlers\FileHandler' driver.
INFO - 2021-07-15 04:13:07 --> Controller "App\Controllers\base\Dashboard" loaded.
INFO - 2021-07-15 04:13:07 --> Session: Class initialized using 'CodeIgniter\Session\Handlers\FileHandler' driver.
INFO - 2021-07-15 04:13:07 --> Controller "App\Controllers\base\Dashboard" loaded.
INFO - 2021-07-15 04:13:12 --> Session: Class initialized using 'CodeIgniter\Session\Handlers\FileHandler' driver.
INFO - 2021-07-15 04:13:12 --> Controller "App\Controllers\base\Dashboard" loaded.
INFO - 2021-07-15 04:16:24 --> Session: Class initialized using 'CodeIgniter\Session\Handlers\FileHandler' driver.
INFO - 2021-07-15 04:16:24 --> Controller "App\Controllers\base\Dashboard" loaded.
INFO - 2021-07-15 04:16:28 --> Session: Class initialized using 'CodeIgniter\Session\Handlers\FileHandler' driver.
INFO - 2021-07-15 04:16:28 --> Controller "App\Controllers\base\Dashboard" loaded.
INFO - 2021-07-15 04:17:22 --> Session: Class initialized using 'CodeIgniter\Session\Handlers\FileHandler' driver.
INFO - 2021-07-15 04:17:22 --> Controller "App\Controllers\base\Dashboard" loaded.
INFO - 2021-07-15 04:17:25 --> Session: Class initialized using 'CodeIgniter\Session\Handlers\FileHandler' driver.
INFO - 2021-07-15 04:17:25 --> Controller "App\Controllers\base\Dashboard" loaded.
INFO - 2021-07-15 04:17:30 --> Session: Class initialized using 'CodeIgniter\Session\Handlers\FileHandler' driver.
INFO - 2021-07-15 04:17:30 --> Controller "App\Controllers\base\Dashboard" loaded.
INFO - 2021-07-15 04:17:33 --> Session: Class initialized using 'CodeIgniter\Session\Handlers\FileHandler' driver.
INFO - 2021-07-15 04:17:33 --> Controller "App\Controllers\base\Dashboard" loaded.
INFO - 2021-07-15 04:18:33 --> Session: Class initialized using 'CodeIgniter\Session\Handlers\FileHandler' driver.
INFO - 2021-07-15 04:18:34 --> Controller "App\Controllers\base\Dashboard" loaded.
INFO - 2021-07-15 04:18:37 --> Session: Class initialized using 'CodeIgniter\Session\Handlers\FileHandler' driver.
INFO - 2021-07-15 04:18:37 --> Controller "App\Controllers\base\Dashboard" loaded.
INFO - 2021-07-15 04:18:40 --> Session: Class initialized using 'CodeIgniter\Session\Handlers\FileHandler' driver.
INFO - 2021-07-15 04:18:40 --> Controller "App\Controllers\base\Dashboard" loaded.
INFO - 2021-07-15 04:18:44 --> Session: Class initialized using 'CodeIgniter\Session\Handlers\FileHandler' driver.
INFO - 2021-07-15 04:18:44 --> Controller "App\Controllers\base\Dashboard" loaded.
INFO - 2021-07-15 04:18:51 --> Session: Class initialized using 'CodeIgniter\Session\Handlers\FileHandler' driver.
INFO - 2021-07-15 04:18:51 --> Controller "App\Controllers\base\Dashboard" loaded.
INFO - 2021-07-15 04:18:54 --> Session: Class initialized using 'CodeIgniter\Session\Handlers\FileHandler' driver.
INFO - 2021-07-15 04:18:54 --> Controller "App\Controllers\base\Dashboard" loaded.
INFO - 2021-07-15 04:19:17 --> Session: Class initialized using 'CodeIgniter\Session\Handlers\FileHandler' driver.
INFO - 2021-07-15 04:19:17 --> Controller "App\Controllers\base\Dashboard" loaded.
INFO - 2021-07-15 04:19:20 --> Session: Class initialized using 'CodeIgniter\Session\Handlers\FileHandler' driver.
INFO - 2021-07-15 04:19:20 --> Controller "App\Controllers\base\Dashboard" loaded.
INFO - 2021-07-15 04:19:22 --> Session: Class initialized using 'CodeIgniter\Session\Handlers\FileHandler' driver.
INFO - 2021-07-15 04:19:22 --> Controller "App\Controllers\base\Dashboard" loaded.
INFO - 2021-07-15 04:19:25 --> Session: Class initialized using 'CodeIgniter\Session\Handlers\FileHandler' driver.
INFO - 2021-07-15 04:19:25 --> Controller "App\Controllers\base\Dashboard" loaded.
INFO - 2021-07-15 04:19:28 --> Session: Class initialized using 'CodeIgniter\Session\Handlers\FileHandler' driver.
INFO - 2021-07-15 04:19:28 --> Controller "App\Controllers\base\Dashboard" loaded.
INFO - 2021-07-15 04:19:31 --> Session: Class initialized using 'CodeIgniter\Session\Handlers\FileHandler' driver.
INFO - 2021-07-15 04:19:31 --> Controller "App\Controllers\base\Dashboard" loaded.
INFO - 2021-07-15 04:19:40 --> Session: Class initialized using 'CodeIgniter\Session\Handlers\FileHandler' driver.
INFO - 2021-07-15 04:19:40 --> Controller "App\Controllers\base\Dashboard" loaded.
INFO - 2021-07-15 04:19:40 --> Session: Class initialized using 'CodeIgniter\Session\Handlers\FileHandler' driver.
INFO - 2021-07-15 04:19:40 --> Controller "App\Controllers\base\Dashboard" loaded.
INFO - 2021-07-15 04:19:44 --> Session: Class initialized using 'CodeIgniter\Session\Handlers\FileHandler' driver.
INFO - 2021-07-15 04:19:44 --> Controller "App\Controllers\base\Dashboard" loaded.
INFO - 2021-07-15 04:20:56 --> Controller "App\Controllers\base\Beranda" loaded.
INFO - 2021-07-15 04:31:16 --> Session: Class initialized using 'CodeIgniter\Session\Handlers\FileHandler' driver.
INFO - 2021-07-15 04:31:16 --> Controller "App\Controllers\base\Dashboard" loaded.
INFO - 2021-07-15 04:32:18 --> Session: Class initialized using 'CodeIgniter\Session\Handlers\FileHandler' driver.
INFO - 2021-07-15 04:32:18 --> Controller "App\Controllers\base\Dashboard" loaded.
INFO - 2021-07-15 04:32:23 --> Session: Class initialized using 'CodeIgniter\Session\Handlers\FileHandler' driver.
INFO - 2021-07-15 04:32:23 --> Controller "App\Controllers\base\Dashboard" loaded.
INFO - 2021-07-15 04:32:35 --> Session: Class initialized using 'CodeIgniter\Session\Handlers\FileHandler' driver.
INFO - 2021-07-15 04:32:35 --> Controller "App\Controllers\base\Beranda" loaded.
INFO - 2021-07-15 04:32:54 --> Controller "App\Controllers\base\Beranda" loaded.
INFO - 2021-07-15 04:33:04 --> Session: Class initialized using 'CodeIgniter\Session\Handlers\FileHandler' driver.
INFO - 2021-07-15 04:33:04 --> Controller "App\Controllers\base\Beranda" loaded.
INFO - 2021-07-15 04:33:27 --> Session: Class initialized using 'CodeIgniter\Session\Handlers\FileHandler' driver.
INFO - 2021-07-15 04:33:27 --> Controller "App\Controllers\base\Beranda" loaded.
INFO - 2021-07-15 04:34:16 --> Session: Class initialized using 'CodeIgniter\Session\Handlers\FileHandler' driver.
INFO - 2021-07-15 04:34:16 --> Controller "App\Controllers\base\Dashboard" loaded.
INFO - 2021-07-15 04:34:17 --> Controller "App\Controllers\base\Beranda" loaded.
INFO - 2021-07-15 04:34:21 --> Session: Class initialized using 'CodeIgniter\Session\Handlers\FileHandler' driver.
INFO - 2021-07-15 04:34:21 --> Controller "App\Controllers\base\Dashboard" loaded.
CRITICAL - 2021-07-15 04:34:21 --> count(): Parameter must be an array or an object that implements Countable
#0 [internal function]: CodeIgniter\Debug\Exceptions->errorHandler(2, 'count(): Parame...', '/home/nguh5634/...', 772, Array)
#1 /home/nguh5634/public_html/app/Controllers/base/Dashboard.php(772): count(NULL)
#2 /home/nguh5634/public_html/system/CodeIgniter.php(910): App\Controllers\base\Dashboard->hapusbanyaktamu()
#3 /home/nguh5634/public_html/system/CodeIgniter.php(398): CodeIgniter\CodeIgniter->runController(Object(App\Controllers\base\Dashboard))
#4 /home/nguh5634/public_html/system/CodeIgniter.php(306): CodeIgniter\CodeIgniter->handleRequest(NULL, Object(Config\Cache), false)
#5 /home/nguh5634/public_html/index.php(45): CodeIgniter\CodeIgniter->run()
#6 {main}
INFO - 2021-07-15 04:38:02 --> Session: Class initialized using 'CodeIgniter\Session\Handlers\FileHandler' driver.
INFO - 2021-07-15 04:38:02 --> Controller "App\Controllers\base\Dashboard" loaded.
INFO - 2021-07-15 04:38:03 --> Controller "App\Controllers\base\Beranda" loaded.
INFO - 2021-07-15 04:38:05 --> Session: Class initialized using 'CodeIgniter\Session\Handlers\FileHandler' driver.
INFO - 2021-07-15 04:38:05 --> Controller "App\Controllers\base\Beranda" loaded.
INFO - 2021-07-15 04:38:06 --> Controller "App\Controllers\base\Beranda" loaded.
INFO - 2021-07-15 04:38:08 --> Session: Class initialized using 'CodeIgniter\Session\Handlers\FileHandler' driver.
INFO - 2021-07-15 04:38:08 --> Controller "App\Controllers\base\Dashboard" loaded.
INFO - 2021-07-15 04:38:08 --> Controller "App\Controllers\base\Beranda" loaded.
INFO - 2021-07-15 04:38:15 --> Session: Class initialized using 'CodeIgniter\Session\Handlers\FileHandler' driver.
INFO - 2021-07-15 04:38:15 --> Controller "App\Controllers\base\Beranda" loaded.
INFO - 2021-07-15 04:38:15 --> Controller "App\Controllers\base\Beranda" loaded.
INFO - 2021-07-15 04:38:17 --> Session: Class initialized using 'CodeIgniter\Session\Handlers\FileHandler' driver.
INFO - 2021-07-15 04:38:17 --> Controller "App\Controllers\base\Dashboard" loaded.
INFO - 2021-07-15 04:38:17 --> Controller "App\Controllers\base\Beranda" loaded.
INFO - 2021-07-15 04:38:20 --> Session: Class initialized using 'CodeIgniter\Session\Handlers\FileHandler' driver.
INFO - 2021-07-15 04:38:20 --> Controller "App\Controllers\base\Dashboard" loaded.
INFO - 2021-07-15 04:38:21 --> Controller "App\Controllers\base\Beranda" loaded.
INFO - 2021-07-15 04:38:23 --> Session: Class initialized using 'CodeIgniter\Session\Handlers\FileHandler' driver.
INFO - 2021-07-15 04:38:23 --> Controller "App\Controllers\base\Beranda" loaded.
INFO - 2021-07-15 04:38:24 --> Controller "App\Controllers\base\Beranda" loaded.
INFO - 2021-07-15 04:40:18 --> Session: Class initialized using 'CodeIgniter\Session\Handlers\FileHandler' driver.
INFO - 2021-07-15 04:40:18 --> Controller "App\Controllers\base\Dashboard" loaded.
INFO - 2021-07-15 04:40:19 --> Controller "App\Controllers\base\Beranda" loaded.
INFO - 2021-07-15 04:40:21 --> Session: Class initialized using 'CodeIgniter\Session\Handlers\FileHandler' driver.
INFO - 2021-07-15 04:40:21 --> Controller "App\Controllers\base\Dashboard" loaded.
INFO - 2021-07-15 04:40:22 --> Controller "App\Controllers\base\Beranda" loaded.
INFO - 2021-07-15 04:40:36 --> Session: Class initialized using 'CodeIgniter\Session\Handlers\FileHandler' driver.
INFO - 2021-07-15 04:40:36 --> Controller "App\Controllers\base\Dashboard" loaded.
INFO - 2021-07-15 04:40:37 --> Session: Class initialized using 'CodeIgniter\Session\Handlers\FileHandler' driver.
INFO - 2021-07-15 04:40:37 --> Controller "App\Controllers\base\Dashboard" loaded.
INFO - 2021-07-15 04:40:37 --> Controller "App\Controllers\base\Beranda" loaded.
INFO - 2021-07-15 04:41:02 --> Session: Class initialized using 'CodeIgniter\Session\Handlers\FileHandler' driver.
INFO - 2021-07-15 04:41:02 --> Session: Class initialized using 'CodeIgniter\Session\Handlers\FileHandler' driver.
INFO - 2021-07-15 04:41:02 --> Controller "App\Controllers\base\Dashboard" loaded.
INFO - 2021-07-15 04:41:17 --> Session: Class initialized using 'CodeIgniter\Session\Handlers\FileHandler' driver.
INFO - 2021-07-15 04:41:17 --> Controller "App\Controllers\base\Dashboard" loaded.
INFO - 2021-07-15 04:41:17 --> Session: Class initialized using 'CodeIgniter\Session\Handlers\FileHandler' driver.
INFO - 2021-07-15 04:41:17 --> Controller "App\Controllers\base\Dashboard" loaded.
INFO - 2021-07-15 04:41:20 --> Controller "App\Controllers\base\Beranda" loaded.
INFO - 2021-07-15 04:41:26 --> Session: Class initialized using 'CodeIgniter\Session\Handlers\FileHandler' driver.
INFO - 2021-07-15 04:41:26 --> Controller "App\Controllers\base\Dashboard" loaded.
INFO - 2021-07-15 04:41:26 --> Controller "App\Controllers\base\Beranda" loaded.
INFO - 2021-07-15 04:41:36 --> Session: Class initialized using 'CodeIgniter\Session\Handlers\FileHandler' driver.
INFO - 2021-07-15 04:41:36 --> Controller "App\Controllers\base\Dashboard" loaded.
INFO - 2021-07-15 04:41:37 --> Session: Class initialized using 'CodeIgniter\Session\Handlers\FileHandler' driver.
INFO - 2021-07-15 04:41:37 --> Controller "App\Controllers\base\Dashboard" loaded.
INFO - 2021-07-15 04:41:37 --> Controller "App\Controllers\base\Beranda" loaded.
INFO - 2021-07-15 04:41:49 --> Session: Class initialized using 'CodeIgniter\Session\Handlers\FileHandler' driver.
INFO - 2021-07-15 04:41:49 --> Controller "App\Controllers\base\Dashboard" loaded.
INFO - 2021-07-15 04:41:49 --> Session: Class initialized using 'CodeIgniter\Session\Handlers\FileHandler' driver.
INFO - 2021-07-15 04:41:49 --> Controller "App\Controllers\base\Dashboard" loaded.
INFO - 2021-07-15 04:41:50 --> Controller "App\Controllers\base\Beranda" loaded.
INFO - 2021-07-15 04:49:11 --> Session: Class initialized using 'CodeIgniter\Session\Handlers\FileHandler' driver.
INFO - 2021-07-15 04:49:11 --> Controller "App\Controllers\base\Dashboard" loaded.
INFO - 2021-07-15 04:49:11 --> Controller "App\Controllers\base\Beranda" loaded.
INFO - 2021-07-15 04:49:20 --> Session: Class initialized using 'CodeIgniter\Session\Handlers\FileHandler' driver.
INFO - 2021-07-15 04:49:20 --> Controller "App\Controllers\base\Dashboard" loaded.
INFO - 2021-07-15 04:49:21 --> Session: Class initialized using 'CodeIgniter\Session\Handlers\FileHandler' driver.
INFO - 2021-07-15 04:49:21 --> Controller "App\Controllers\base\Dashboard" loaded.
INFO - 2021-07-15 04:49:21 --> Controller "App\Controllers\base\Beranda" loaded.
INFO - 2021-07-15 04:49:29 --> Session: Class initialized using 'CodeIgniter\Session\Handlers\FileHandler' driver.
INFO - 2021-07-15 04:49:29 --> Controller "App\Controllers\base\Dashboard" loaded.
INFO - 2021-07-15 04:49:32 --> Session: Class initialized using 'CodeIgniter\Session\Handlers\FileHandler' driver.
INFO - 2021-07-15 04:49:32 --> Controller "App\Controllers\base\Dashboard" loaded.
INFO - 2021-07-15 04:49:41 --> Session: Class initialized using 'CodeIgniter\Session\Handlers\FileHandler' driver.
INFO - 2021-07-15 04:49:41 --> Controller "App\Controllers\base\Dashboard" loaded.
INFO - 2021-07-15 04:51:38 --> Session: Class initialized using 'CodeIgniter\Session\Handlers\FileHandler' driver.
INFO - 2021-07-15 04:51:38 --> Controller "App\Controllers\base\Dashboard" loaded.
INFO - 2021-07-15 04:55:06 --> Session: Class initialized using 'CodeIgniter\Session\Handlers\FileHandler' driver.
INFO - 2021-07-15 04:55:06 --> Controller "App\Controllers\base\Dashboard" loaded.
INFO - 2021-07-15 04:55:10 --> Session: Class initialized using 'CodeIgniter\Session\Handlers\FileHandler' driver.
INFO - 2021-07-15 04:55:10 --> Controller "App\Controllers\base\Dashboard" loaded.
INFO - 2021-07-15 04:56:43 --> Session: Class initialized using 'CodeIgniter\Session\Handlers\FileHandler' driver.
INFO - 2021-07-15 04:56:43 --> Controller "App\Controllers\base\Dashboard" loaded.
INFO - 2021-07-15 04:57:38 --> Session: Class initialized using 'CodeIgniter\Session\Handlers\FileHandler' driver.
INFO - 2021-07-15 04:57:38 --> Controller "App\Controllers\base\Dashboard" loaded.
INFO - 2021-07-15 04:57:45 --> Session: Class initialized using 'CodeIgniter\Session\Handlers\FileHandler' driver.
INFO - 2021-07-15 04:57:45 --> Controller "App\Controllers\base\Dashboard" loaded.
INFO - 2021-07-15 04:57:45 --> Session: Class initialized using 'CodeIgniter\Session\Handlers\FileHandler' driver.
INFO - 2021-07-15 04:57:45 --> Controller "App\Controllers\base\Dashboard" loaded.
INFO - 2021-07-15 04:59:07 --> Session: Class initialized using 'CodeIgniter\Session\Handlers\FileHandler' driver.
INFO - 2021-07-15 04:59:07 --> Controller "App\Controllers\base\Dashboard" loaded.
INFO - 2021-07-15 04:59:09 --> Session: Class initialized using 'CodeIgniter\Session\Handlers\FileHandler' driver.
INFO - 2021-07-15 04:59:09 --> Controller "App\Controllers\base\Dashboard" loaded.
INFO - 2021-07-15 04:59:42 --> Session: Class initialized using 'CodeIgniter\Session\Handlers\FileHandler' driver.
INFO - 2021-07-15 04:59:42 --> Controller "App\Controllers\base\Dashboard" loaded.
INFO - 2021-07-15 04:59:45 --> Session: Class initialized using 'CodeIgniter\Session\Handlers\FileHandler' driver.
INFO - 2021-07-15 04:59:45 --> Controller "App\Controllers\base\Dashboard" loaded.
INFO - 2021-07-15 05:00:46 --> Session: Class initialized using 'CodeIgniter\Session\Handlers\FileHandler' driver.
INFO - 2021-07-15 05:00:46 --> Controller "App\Controllers\base\Dashboard" loaded.
INFO - 2021-07-15 05:01:01 --> Session: Class initialized using 'CodeIgniter\Session\Handlers\FileHandler' driver.
INFO - 2021-07-15 05:01:01 --> Controller "App\Controllers\base\Dashboard" loaded.
INFO - 2021-07-15 05:01:41 --> Session: Class initialized using 'CodeIgniter\Session\Handlers\FileHandler' driver.
INFO - 2021-07-15 05:01:41 --> Controller "App\Controllers\base\Dashboard" loaded.
INFO - 2021-07-15 05:01:45 --> Session: Class initialized using 'CodeIgniter\Session\Handlers\FileHandler' driver.
INFO - 2021-07-15 05:01:45 --> Controller "App\Controllers\base\Order" loaded.
CRITICAL - 2021-07-15 05:01:45 --> Undefined variable: jml_acara
#0 /home/nguh5634/public_html/app/Views/base/order/order_layout.php(294): CodeIgniter\Debug\Exceptions->errorHandler(8, 'Undefined varia...', '/home/nguh5634/...', 294, Array)
#1 /home/nguh5634/public_html/system/View/View.php(236): include('/home/nguh5634/...')
#2 /home/nguh5634/public_html/system/Common.php(1071): CodeIgniter\View\View->render('base/order/orde...', Array, true)
#3 /home/nguh5634/public_html/app/Controllers/base/Order.php(57): view('base/order/orde...', Array)
#4 /home/nguh5634/public_html/system/CodeIgniter.php(910): App\Controllers\base\Order->index()
#5 /home/nguh5634/public_html/system/CodeIgniter.php(398): CodeIgniter\CodeIgniter->runController(Object(App\Controllers\base\Order))
#6 /home/nguh5634/public_html/system/CodeIgniter.php(306): CodeIgniter\CodeIgniter->handleRequest(NULL, Object(Config\Cache), false)
#7 /home/nguh5634/public_html/index.php(45): CodeIgniter\CodeIgniter->run()
#8 {main}
INFO - 2021-07-15 05:02:33 --> Controller "App\Controllers\base\Beranda" loaded.
INFO - 2021-07-15 05:08:00 --> Session: Class initialized using 'CodeIgniter\Session\Handlers\FileHandler' driver.
INFO - 2021-07-15 05:08:00 --> Controller "App\Controllers\base\Dashboard" loaded.
INFO - 2021-07-15 05:08:01 --> Controller "App\Controllers\base\Beranda" loaded.
INFO - 2021-07-15 05:08:15 --> Session: Class initialized using 'CodeIgniter\Session\Handlers\FileHandler' driver.
INFO - 2021-07-15 05:08:15 --> Controller "App\Controllers\base\Dashboard" loaded.
INFO - 2021-07-15 05:08:15 --> Session: Class initialized using 'CodeIgniter\Session\Handlers\FileHandler' driver.
INFO - 2021-07-15 05:08:15 --> Controller "App\Controllers\base\Dashboard" loaded.
INFO - 2021-07-15 05:10:41 --> Session: Class initialized using 'CodeIgniter\Session\Handlers\FileHandler' driver.
INFO - 2021-07-15 05:10:42 --> Controller "App\Controllers\base\Dashboard" loaded.
INFO - 2021-07-15 05:10:54 --> Session: Class initialized using 'CodeIgniter\Session\Handlers\FileHandler' driver.
INFO - 2021-07-15 05:10:54 --> Controller "App\Controllers\base\Dashboard" loaded.
INFO - 2021-07-15 05:12:52 --> Session: Class initialized using 'CodeIgniter\Session\Handlers\FileHandler' driver.
INFO - 2021-07-15 05:12:52 --> Controller "App\Controllers\base\Dashboard" loaded.
INFO - 2021-07-15 05:13:09 --> Session: Class initialized using 'CodeIgniter\Session\Handlers\FileHandler' driver.
INFO - 2021-07-15 05:13:09 --> Controller "App\Controllers\base\Dashboard" loaded.
INFO - 2021-07-15 05:13:09 --> Session: Class initialized using 'CodeIgniter\Session\Handlers\FileHandler' driver.
INFO - 2021-07-15 05:13:09 --> Controller "App\Controllers\base\Dashboard" loaded.
INFO - 2021-07-15 05:13:22 --> Session: Class initialized using 'CodeIgniter\Session\Handlers\FileHandler' driver.
INFO - 2021-07-15 05:13:22 --> Controller "App\Controllers\base\Dashboard" loaded.
INFO - 2021-07-15 05:13:23 --> Session: Class initialized using 'CodeIgniter\Session\Handlers\FileHandler' driver.
INFO - 2021-07-15 05:13:23 --> Controller "App\Controllers\base\Dashboard" loaded.
INFO - 2021-07-15 05:13:26 --> Session: Class initialized using 'CodeIgniter\Session\Handlers\FileHandler' driver.
INFO - 2021-07-15 05:13:26 --> Controller "App\Controllers\undangan\Undangan" loaded.
INFO - 2021-07-15 05:13:26 --> Session: Class initialized using 'CodeIgniter\Session\Handlers\FileHandler' driver.
INFO - 2021-07-15 05:13:26 --> Controller "App\Controllers\undangan\Undangan" loaded.
INFO - 2021-07-15 05:13:49 --> Session: Class initialized using 'CodeIgniter\Session\Handlers\FileHandler' driver.
INFO - 2021-07-15 05:13:49 --> Controller "App\Controllers\base\Dashboard" loaded.
INFO - 2021-07-15 05:15:26 --> Session: Class initialized using 'CodeIgniter\Session\Handlers\FileHandler' driver.
INFO - 2021-07-15 05:15:26 --> Controller "App\Controllers\base\Dashboard" loaded.
INFO - 2021-07-15 05:16:09 --> Session: Class initialized using 'CodeIgniter\Session\Handlers\FileHandler' driver.
INFO - 2021-07-15 05:16:09 --> Controller "App\Controllers\base\Dashboard" loaded.
INFO - 2021-07-15 05:16:32 --> Session: Class initialized using 'CodeIgniter\Session\Handlers\FileHandler' driver.
INFO - 2021-07-15 05:16:32 --> Controller "App\Controllers\base\Dashboard" loaded.
INFO - 2021-07-15 05:16:32 --> Session: Class initialized using 'CodeIgniter\Session\Handlers\FileHandler' driver.
INFO - 2021-07-15 05:16:32 --> Controller "App\Controllers\base\Dashboard" loaded.
INFO - 2021-07-15 05:16:37 --> Session: Class initialized using 'CodeIgniter\Session\Handlers\FileHandler' driver.
INFO - 2021-07-15 05:16:37 --> Controller "App\Controllers\base\Dashboard" loaded.
INFO - 2021-07-15 05:16:37 --> Session: Class initialized using 'CodeIgniter\Session\Handlers\FileHandler' driver.
INFO - 2021-07-15 05:16:37 --> Controller "App\Controllers\base\Dashboard" loaded.
INFO - 2021-07-15 05:16:47 --> Session: Class initialized using 'CodeIgniter\Session\Handlers\FileHandler' driver.
INFO - 2021-07-15 05:16:47 --> Controller "App\Controllers\base\Dashboard" loaded.
INFO - 2021-07-15 05:16:47 --> Session: Class initialized using 'CodeIgniter\Session\Handlers\FileHandler' driver.
INFO - 2021-07-15 05:16:47 --> Controller "App\Controllers\base\Dashboard" loaded.
INFO - 2021-07-15 05:19:10 --> Session: Class initialized using 'CodeIgniter\Session\Handlers\FileHandler' driver.
INFO - 2021-07-15 05:19:10 --> Controller "App\Controllers\base\Dashboard" loaded.
INFO - 2021-07-15 05:19:23 --> Session: Class initialized using 'CodeIgniter\Session\Handlers\FileHandler' driver.
INFO - 2021-07-15 05:19:23 --> Controller "App\Controllers\base\Dashboard" loaded.
INFO - 2021-07-15 05:19:36 --> Session: Class initialized using 'CodeIgniter\Session\Handlers\FileHandler' driver.
INFO - 2021-07-15 05:19:36 --> Controller "App\Controllers\base\Dashboard" loaded.
INFO - 2021-07-15 05:19:36 --> Session: Class initialized using 'CodeIgniter\Session\Handlers\FileHandler' driver.
INFO - 2021-07-15 05:19:36 --> Controller "App\Controllers\base\Dashboard" loaded.
INFO - 2021-07-15 05:19:52 --> Session: Class initialized using 'CodeIgniter\Session\Handlers\FileHandler' driver.
INFO - 2021-07-15 05:19:52 --> Controller "App\Controllers\base\Dashboard" loaded.
INFO - 2021-07-15 05:19:52 --> Session: Class initialized using 'CodeIgniter\Session\Handlers\FileHandler' driver.
INFO - 2021-07-15 05:19:52 --> Controller "App\Controllers\base\Dashboard" loaded.
INFO - 2021-07-15 05:20:19 --> Session: Class initialized using 'CodeIgniter\Session\Handlers\FileHandler' driver.
INFO - 2021-07-15 05:20:19 --> Controller "App\Controllers\base\Dashboard" loaded.
INFO - 2021-07-15 05:20:20 --> Session: Class initialized using 'CodeIgniter\Session\Handlers\FileHandler' driver.
INFO - 2021-07-15 05:20:20 --> Controller "App\Controllers\base\Dashboard" loaded.
INFO - 2021-07-15 05:23:27 --> Session: Class initialized using 'CodeIgniter\Session\Handlers\FileHandler' driver.
INFO - 2021-07-15 05:23:27 --> Controller "App\Controllers\base\Dashboard" loaded.
INFO - 2021-07-15 05:23:46 --> Controller "App\Controllers\base\Beranda" loaded.
INFO - 2021-07-15 05:24:11 --> Session: Class initialized using 'CodeIgniter\Session\Handlers\FileHandler' driver.
INFO - 2021-07-15 05:24:11 --> Controller "App\Controllers\base\Dashboard" loaded.
INFO - 2021-07-15 05:24:11 --> Session: Class initialized using 'CodeIgniter\Session\Handlers\FileHandler' driver.
INFO - 2021-07-15 05:24:11 --> Controller "App\Controllers\base\Dashboard" loaded.
INFO - 2021-07-15 05:24:17 --> Session: Class initialized using 'CodeIgniter\Session\Handlers\FileHandler' driver.
INFO - 2021-07-15 05:24:17 --> Controller "App\Controllers\base\Dashboard" loaded.
INFO - 2021-07-15 05:24:19 --> Session: Class initialized using 'CodeIgniter\Session\Handlers\FileHandler' driver.
INFO - 2021-07-15 05:24:19 --> Controller "App\Controllers\base\Dashboard" loaded.
INFO - 2021-07-15 05:24:22 --> Session: Class initialized using 'CodeIgniter\Session\Handlers\FileHandler' driver.
INFO - 2021-07-15 05:24:22 --> Controller "App\Controllers\base\Dashboard" loaded.
INFO - 2021-07-15 05:49:08 --> Controller "App\Controllers\base\Beranda" loaded.
INFO - 2021-07-15 06:33:43 --> Controller "App\Controllers\base\Beranda" loaded.
INFO - 2021-07-15 07:34:10 --> Controller "App\Controllers\base\Beranda" loaded.
INFO - 2021-07-15 07:50:16 --> Session: Class initialized using 'CodeIgniter\Session\Handlers\FileHandler' driver.
INFO - 2021-07-15 07:50:16 --> Controller "App\Controllers\undangan\Undangan" loaded.
INFO - 2021-07-15 07:50:21 --> Session: Class initialized using 'CodeIgniter\Session\Handlers\FileHandler' driver.
INFO - 2021-07-15 07:50:21 --> Controller "App\Controllers\undangan\Undangan" loaded.
INFO - 2021-07-15 07:56:12 --> Session: Class initialized using 'CodeIgniter\Session\Handlers\FileHandler' driver.
INFO - 2021-07-15 07:56:12 --> Controller "App\Controllers\base\Order" loaded.
CRITICAL - 2021-07-15 07:56:12 --> Undefined variable: jml_acara
#0 /home/nguh5634/public_html/app/Views/base/order/order_layout.php(294): CodeIgniter\Debug\Exceptions->errorHandler(8, 'Undefined varia...', '/home/nguh5634/...', 294, Array)
#1 /home/nguh5634/public_html/system/View/View.php(236): include('/home/nguh5634/...')
#2 /home/nguh5634/public_html/system/Common.php(1071): CodeIgniter\View\View->render('base/order/orde...', Array, true)
#3 /home/nguh5634/public_html/app/Controllers/base/Order.php(57): view('base/order/orde...', Array)
#4 /home/nguh5634/public_html/system/CodeIgniter.php(910): App\Controllers\base\Order->index()
#5 /home/nguh5634/public_html/system/CodeIgniter.php(398): CodeIgniter\CodeIgniter->runController(Object(App\Controllers\base\Order))
#6 /home/nguh5634/public_html/system/CodeIgniter.php(306): CodeIgniter\CodeIgniter->handleRequest(NULL, Object(Config\Cache), false)
#7 /home/nguh5634/public_html/index.php(45): CodeIgniter\CodeIgniter->run()
#8 {main}
INFO - 2021-07-15 08:37:14 --> Controller "App\Controllers\base\Beranda" loaded.
INFO - 2021-07-15 09:21:56 --> Controller "App\Controllers\base\Beranda" loaded.
INFO - 2021-07-15 09:56:05 --> Session: Class initialized using 'CodeIgniter\Session\Handlers\FileHandler' driver.
INFO - 2021-07-15 09:56:05 --> Controller "App\Controllers\undangan\Undangan" loaded.
INFO - 2021-07-15 09:56:05 --> Controller "App\Controllers\base\Beranda" loaded.
INFO - 2021-07-15 09:56:07 --> Session: Class initialized using 'CodeIgniter\Session\Handlers\FileHandler' driver.
INFO - 2021-07-15 09:56:07 --> Controller "App\Controllers\bukutamu\Bukutamu" loaded.
INFO - 2021-07-15 10:40:29 --> Controller "App\Controllers\base\Beranda" loaded.
INFO - 2021-07-15 11:00:03 --> Controller "App\Controllers\base\Beranda" loaded.
INFO - 2021-07-15 11:04:00 --> Controller "App\Controllers\base\Beranda" loaded.
INFO - 2021-07-15 11:04:00 --> Controller "App\Controllers\base\Beranda" loaded.
INFO - 2021-07-15 11:04:01 --> Controller "App\Controllers\base\Beranda" loaded.
INFO - 2021-07-15 11:04:01 --> Controller "App\Controllers\base\Beranda" loaded.
INFO - 2021-07-15 11:04:02 --> Controller "App\Controllers\base\Beranda" loaded.
INFO - 2021-07-15 11:04:02 --> Controller "App\Controllers\base\Beranda" loaded.
INFO - 2021-07-15 11:04:02 --> Controller "App\Controllers\base\Beranda" loaded.
INFO - 2021-07-15 11:04:03 --> Controller "App\Controllers\base\Beranda" loaded.
INFO - 2021-07-15 11:04:03 --> Controller "App\Controllers\base\Beranda" loaded.
INFO - 2021-07-15 11:04:04 --> Controller "App\Controllers\base\Beranda" loaded.
INFO - 2021-07-15 11:04:04 --> Controller "App\Controllers\base\Beranda" loaded.
INFO - 2021-07-15 11:04:04 --> Controller "App\Controllers\base\Beranda" loaded.
INFO - 2021-07-15 11:04:05 --> Controller "App\Controllers\base\Beranda" loaded.
INFO - 2021-07-15 11:04:05 --> Controller "App\Controllers\base\Beranda" loaded.
INFO - 2021-07-15 11:04:06 --> Controller "App\Controllers\base\Beranda" loaded.
INFO - 2021-07-15 11:04:06 --> Controller "App\Controllers\base\Beranda" loaded.
INFO - 2021-07-15 11:04:07 --> Controller "App\Controllers\base\Beranda" loaded.
INFO - 2021-07-15 11:04:07 --> Controller "App\Controllers\base\Beranda" loaded.
INFO - 2021-07-15 11:04:07 --> Controller "App\Controllers\base\Beranda" loaded.
INFO - 2021-07-15 11:30:47 --> Controller "App\Controllers\base\Beranda" loaded.
INFO - 2021-07-15 13:37:06 --> Session: Class initialized using 'CodeIgniter\Session\Handlers\FileHandler' driver.
INFO - 2021-07-15 13:37:06 --> Controller "App\Controllers\base\Order" loaded.
CRITICAL - 2021-07-15 13:37:06 --> Undefined variable: jml_acara
#0 /home/nguh5634/public_html/app/Views/base/order/order_layout.php(294): CodeIgniter\Debug\Exceptions->errorHandler(8, 'Undefined varia...', '/home/nguh5634/...', 294, Array)
#1 /home/nguh5634/public_html/system/View/View.php(236): include('/home/nguh5634/...')
#2 /home/nguh5634/public_html/system/Common.php(1071): CodeIgniter\View\View->render('base/order/orde...', Array, true)
#3 /home/nguh5634/public_html/app/Controllers/base/Order.php(57): view('base/order/orde...', Array)
#4 /home/nguh5634/public_html/system/CodeIgniter.php(910): App\Controllers\base\Order->index()
#5 /home/nguh5634/public_html/system/CodeIgniter.php(398): CodeIgniter\CodeIgniter->runController(Object(App\Controllers\base\Order))
#6 /home/nguh5634/public_html/system/CodeIgniter.php(306): CodeIgniter\CodeIgniter->handleRequest(NULL, Object(Config\Cache), false)
#7 /home/nguh5634/public_html/index.php(45): CodeIgniter\CodeIgniter->run()
#8 {main}
INFO - 2021-07-15 15:31:59 --> Controller "App\Controllers\base\Beranda" loaded.
INFO - 2021-07-15 15:32:00 --> Controller "App\Controllers\base\Beranda" loaded.
INFO - 2021-07-15 16:47:35 --> Controller "App\Controllers\base\Beranda" loaded.
INFO - 2021-07-15 17:19:52 --> Controller "App\Controllers\base\Beranda" loaded.
INFO - 2021-07-15 18:24:29 --> Controller "App\Controllers\base\Beranda" loaded.
INFO - 2021-07-15 18:24:32 --> Session: Class initialized using 'CodeIgniter\Session\Handlers\FileHandler' driver.
INFO - 2021-07-15 18:24:32 --> Controller "App\Controllers\base\Order" loaded.
INFO - 2021-07-15 18:24:32 --> Controller "App\Controllers\base\Beranda" loaded.
INFO - 2021-07-15 18:24:37 --> Session: Class initialized using 'CodeIgniter\Session\Handlers\FileHandler' driver.
INFO - 2021-07-15 18:24:37 --> Controller "App\Controllers\base\Order" loaded.
CRITICAL - 2021-07-15 18:24:37 --> Undefined variable: jml_acara
#0 /home/nguh5634/public_html/app/Views/base/order/order_layout.php(294): CodeIgniter\Debug\Exceptions->errorHandler(8, 'Undefined varia...', '/home/nguh5634/...', 294, Array)
#1 /home/nguh5634/public_html/system/View/View.php(236): include('/home/nguh5634/...')
#2 /home/nguh5634/public_html/system/Common.php(1071): CodeIgniter\View\View->render('base/order/orde...', Array, true)
#3 /home/nguh5634/public_html/app/Controllers/base/Order.php(57): view('base/order/orde...', Array)
#4 /home/nguh5634/public_html/system/CodeIgniter.php(910): App\Controllers\base\Order->index()
#5 /home/nguh5634/public_html/system/CodeIgniter.php(398): CodeIgniter\CodeIgniter->runController(Object(App\Controllers\base\Order))
#6 /home/nguh5634/public_html/system/CodeIgniter.php(306): CodeIgniter\CodeIgniter->handleRequest(NULL, Object(Config\Cache), false)
#7 /home/nguh5634/public_html/index.php(45): CodeIgniter\CodeIgniter->run()
#8 {main}
INFO - 2021-07-15 18:25:03 --> Session: Class initialized using 'CodeIgniter\Session\Handlers\FileHandler' driver.
INFO - 2021-07-15 18:25:03 --> Controller "App\Controllers\base\Order" loaded.
CRITICAL - 2021-07-15 18:25:03 --> Undefined variable: jml_acara
#0 /home/nguh5634/public_html/app/Views/base/order/order_layout.php(294): CodeIgniter\Debug\Exceptions->errorHandler(8, 'Undefined varia...', '/home/nguh5634/...', 294, Array)
#1 /home/nguh5634/public_html/system/View/View.php(236): include('/home/nguh5634/...')
#2 /home/nguh5634/public_html/system/Common.php(1071): CodeIgniter\View\View->render('base/order/orde...', Array, true)
#3 /home/nguh5634/public_html/app/Controllers/base/Order.php(57): view('base/order/orde...', Array)
#4 /home/nguh5634/public_html/system/CodeIgniter.php(910): App\Controllers\base\Order->index()
#5 /home/nguh5634/public_html/system/CodeIgniter.php(398): CodeIgniter\CodeIgniter->runController(Object(App\Controllers\base\Order))
#6 /home/nguh5634/public_html/system/CodeIgniter.php(306): CodeIgniter\CodeIgniter->handleRequest(NULL, Object(Config\Cache), false)
#7 /home/nguh5634/public_html/index.php(45): CodeIgniter\CodeIgniter->run()
#8 {main}
INFO - 2021-07-15 19:11:38 --> Controller "App\Controllers\base\Beranda" loaded.
INFO - 2021-07-15 19:11:43 --> Session: Class initialized using 'CodeIgniter\Session\Handlers\FileHandler' driver.
INFO - 2021-07-15 19:11:43 --> Controller "App\Controllers\base\Order" loaded.
INFO - 2021-07-15 19:11:45 --> Controller "App\Controllers\base\Beranda" loaded.
INFO - 2021-07-15 19:12:21 --> Controller "App\Controllers\base\Beranda" loaded.
INFO - 2021-07-15 19:15:13 --> Controller "App\Controllers\base\Beranda" loaded.
INFO - 2021-07-15 19:15:16 --> Controller "App\Controllers\base\Beranda" loaded.
INFO - 2021-07-15 19:39:19 --> Session: Class initialized using 'CodeIgniter\Session\Handlers\FileHandler' driver.
INFO - 2021-07-15 19:39:19 --> Controller "App\Controllers\base\Order" loaded.
INFO - 2021-07-15 19:39:19 --> Controller "App\Controllers\base\Beranda" loaded.
INFO - 2021-07-15 19:39:54 --> Session: Class initialized using 'CodeIgniter\Session\Handlers\FileHandler' driver.
INFO - 2021-07-15 19:39:54 --> Controller "App\Controllers\base\Order" loaded.
INFO - 2021-07-15 19:39:55 --> Controller "App\Controllers\base\Beranda" loaded.
INFO - 2021-07-15 20:28:40 --> Session: Class initialized using 'CodeIgniter\Session\Handlers\FileHandler' driver.
INFO - 2021-07-15 20:28:40 --> Controller "App\Controllers\base\Dashboard" loaded.
INFO - 2021-07-15 20:28:57 --> Session: Class initialized using 'CodeIgniter\Session\Handlers\FileHandler' driver.
INFO - 2021-07-15 20:28:57 --> Controller "App\Controllers\base\Dashboard" loaded.
INFO - 2021-07-15 20:28:57 --> Session: Class initialized using 'CodeIgniter\Session\Handlers\FileHandler' driver.
INFO - 2021-07-15 20:28:57 --> Controller "App\Controllers\base\Dashboard" loaded.
INFO - 2021-07-15 20:29:21 --> Session: Class initialized using 'CodeIgniter\Session\Handlers\FileHandler' driver.
INFO - 2021-07-15 20:29:21 --> Controller "App\Controllers\base\Dashboard" loaded.
INFO - 2021-07-15 20:29:28 --> Session: Class initialized using 'CodeIgniter\Session\Handlers\FileHandler' driver.
INFO - 2021-07-15 20:29:28 --> Controller "App\Controllers\base\Dashboard" loaded.
INFO - 2021-07-15 20:29:35 --> Session: Class initialized using 'CodeIgniter\Session\Handlers\FileHandler' driver.
INFO - 2021-07-15 20:29:35 --> Controller "App\Controllers\base\Dashboard" loaded.
INFO - 2021-07-15 20:29:40 --> Session: Class initialized using 'CodeIgniter\Session\Handlers\FileHandler' driver.
INFO - 2021-07-15 20:29:40 --> Controller "App\Controllers\base\Dashboard" loaded.
INFO - 2021-07-15 20:29:43 --> Session: Class initialized using 'CodeIgniter\Session\Handlers\FileHandler' driver.
INFO - 2021-07-15 20:29:43 --> Controller "App\Controllers\undangan\Undangan" loaded.
INFO - 2021-07-15 20:30:03 --> Session: Class initialized using 'CodeIgniter\Session\Handlers\FileHandler' driver.
INFO - 2021-07-15 20:30:03 --> Controller "App\Controllers\base\Dashboard" loaded.
INFO - 2021-07-15 20:30:08 --> Session: Class initialized using 'CodeIgniter\Session\Handlers\FileHandler' driver.
INFO - 2021-07-15 20:30:08 --> Controller "App\Controllers\base\Dashboard" loaded.
CRITICAL - 2021-07-15 20:30:08 --> Undefined property: stdClass::$id
#0 /home/nguh5634/public_html/app/Views/base/dashboard/riwayat.php(80): CodeIgniter\Debug\Exceptions->errorHandler(8, 'Undefined prope...', '/home/nguh5634/...', 80, Array)
#1 /home/nguh5634/public_html/system/View/View.php(236): include('/home/nguh5634/...')
#2 /home/nguh5634/public_html/system/Common.php(1071): CodeIgniter\View\View->render('base/dashboard/...', Array, true)
#3 /home/nguh5634/public_html/app/Views/base/dashboard/layout.php(157): view('base/dashboard/...')
#4 /home/nguh5634/public_html/system/View/View.php(236): include('/home/nguh5634/...')
#5 /home/nguh5634/public_html/system/Common.php(1071): CodeIgniter\View\View->render('base/dashboard/...', Array, true)
#6 /home/nguh5634/public_html/app/Controllers/base/Dashboard.php(87): view('base/dashboard/...', Array)
#7 /home/nguh5634/public_html/system/CodeIgniter.php(910): App\Controllers\base\Dashboard->riwayat()
#8 /home/nguh5634/public_html/system/CodeIgniter.php(398): CodeIgniter\CodeIgniter->runController(Object(App\Controllers\base\Dashboard))
#9 /home/nguh5634/public_html/system/CodeIgniter.php(306): CodeIgniter\CodeIgniter->handleRequest(NULL, Object(Config\Cache), false)
#10 /home/nguh5634/public_html/index.php(45): CodeIgniter\CodeIgniter->run()
#11 {main}
INFO - 2021-07-15 20:33:15 --> Session: Class initialized using 'CodeIgniter\Session\Handlers\FileHandler' driver.
INFO - 2021-07-15 20:33:15 --> Controller "App\Controllers\base\Dashboard" loaded.
INFO - 2021-07-15 20:50:07 --> Session: Class initialized using 'CodeIgniter\Session\Handlers\FileHandler' driver.
INFO - 2021-07-15 20:50:07 --> Controller "App\Controllers\base\Dashboard" loaded.
INFO - 2021-07-15 20:50:24 --> Session: Class initialized using 'CodeIgniter\Session\Handlers\FileHandler' driver.
INFO - 2021-07-15 20:50:24 --> Controller "App\Controllers\base\Dashboard" loaded.
INFO - 2021-07-15 20:50:24 --> Session: Class initialized using 'CodeIgniter\Session\Handlers\FileHandler' driver.
INFO - 2021-07-15 20:50:24 --> Controller "App\Controllers\base\Dashboard" loaded.
INFO - 2021-07-15 20:52:33 --> Session: Class initialized using 'CodeIgniter\Session\Handlers\FileHandler' driver.
INFO - 2021-07-15 20:52:33 --> Controller "App\Controllers\base\Dashboard" loaded.
INFO - 2021-07-15 20:52:38 --> Session: Class initialized using 'CodeIgniter\Session\Handlers\FileHandler' driver.
INFO - 2021-07-15 20:52:38 --> Controller "App\Controllers\base\Dashboard" loaded.
INFO - 2021-07-15 20:52:39 --> Session: Class initialized using 'CodeIgniter\Session\Handlers\FileHandler' driver.
INFO - 2021-07-15 20:52:39 --> Controller "App\Controllers\base\Dashboard" loaded.
INFO - 2021-07-15 20:54:05 --> Session: Class initialized using 'CodeIgniter\Session\Handlers\FileHandler' driver.
INFO - 2021-07-15 20:54:05 --> Controller "App\Controllers\base\Dashboard" loaded.
INFO - 2021-07-15 20:54:08 --> Session: Class initialized using 'CodeIgniter\Session\Handlers\FileHandler' driver.
INFO - 2021-07-15 20:54:08 --> Controller "App\Controllers\base\Dashboard" loaded.
INFO - 2021-07-15 20:54:08 --> Session: Class initialized using 'CodeIgniter\Session\Handlers\FileHandler' driver.
INFO - 2021-07-15 20:54:08 --> Controller "App\Controllers\base\Dashboard" loaded.
INFO - 2021-07-15 20:54:27 --> Session: Class initialized using 'CodeIgniter\Session\Handlers\FileHandler' driver.
INFO - 2021-07-15 20:54:27 --> Controller "App\Controllers\undangan\Undangan" loaded.
INFO - 2021-07-15 20:54:37 --> Session: Class initialized using 'CodeIgniter\Session\Handlers\FileHandler' driver.
INFO - 2021-07-15 20:54:37 --> Controller "App\Controllers\base\Dashboard" loaded.
INFO - 2021-07-15 20:54:44 --> Session: Class initialized using 'CodeIgniter\Session\Handlers\FileHandler' driver.
INFO - 2021-07-15 20:54:44 --> Controller "App\Controllers\undangan\Undangan" loaded.
INFO - 2021-07-15 20:54:52 --> Session: Class initialized using 'CodeIgniter\Session\Handlers\FileHandler' driver.
INFO - 2021-07-15 20:54:52 --> Controller "App\Controllers\base\Dashboard" loaded.
INFO - 2021-07-15 20:55:12 --> Session: Class initialized using 'CodeIgniter\Session\Handlers\FileHandler' driver.
INFO - 2021-07-15 20:55:12 --> Controller "App\Controllers\base\Dashboard" loaded.
CRITICAL - 2021-07-15 20:55:12 --> count(): Parameter must be an array or an object that implements Countable
#0 [internal function]: CodeIgniter\Debug\Exceptions->errorHandler(2, 'count(): Parame...', '/home/nguh5634/...', 107, Array)
#1 /home/nguh5634/public_html/app/Controllers/base/Dashboard.php(107): count('3')
#2 /home/nguh5634/public_html/system/CodeIgniter.php(910): App\Controllers\base\Dashboard->hapusbanyakriwayat()
#3 /home/nguh5634/public_html/system/CodeIgniter.php(398): CodeIgniter\CodeIgniter->runController(Object(App\Controllers\base\Dashboard))
#4 /home/nguh5634/public_html/system/CodeIgniter.php(306): CodeIgniter\CodeIgniter->handleRequest(NULL, Object(Config\Cache), false)
#5 /home/nguh5634/public_html/index.php(45): CodeIgniter\CodeIgniter->run()
#6 {main}
INFO - 2021-07-15 20:55:40 --> Session: Class initialized using 'CodeIgniter\Session\Handlers\FileHandler' driver.
INFO - 2021-07-15 20:55:40 --> Controller "App\Controllers\base\Dashboard" loaded.
INFO - 2021-07-15 20:59:16 --> Session: Class initialized using 'CodeIgniter\Session\Handlers\FileHandler' driver.
INFO - 2021-07-15 20:59:16 --> Controller "App\Controllers\base\Dashboard" loaded.
INFO - 2021-07-15 20:59:21 --> Session: Class initialized using 'CodeIgniter\Session\Handlers\FileHandler' driver.
INFO - 2021-07-15 20:59:21 --> Controller "App\Controllers\base\Dashboard" loaded.
CRITICAL - 2021-07-15 20:59:21 --> count(): Parameter must be an array or an object that implements Countable
#0 [internal function]: CodeIgniter\Debug\Exceptions->errorHandler(2, 'count(): Parame...', '/home/nguh5634/...', 107, Array)
#1 /home/nguh5634/public_html/app/Controllers/base/Dashboard.php(107): count('')
#2 /home/nguh5634/public_html/system/CodeIgniter.php(910): App\Controllers\base\Dashboard->hapusbanyakriwayat()
#3 /home/nguh5634/public_html/system/CodeIgniter.php(398): CodeIgniter\CodeIgniter->runController(Object(App\Controllers\base\Dashboard))
#4 /home/nguh5634/public_html/system/CodeIgniter.php(306): CodeIgniter\CodeIgniter->handleRequest(NULL, Object(Config\Cache), false)
#5 /home/nguh5634/public_html/index.php(45): CodeIgniter\CodeIgniter->run()
#6 {main}
INFO - 2021-07-15 21:01:28 --> Controller "App\Controllers\base\Beranda" loaded.
INFO - 2021-07-15 21:04:19 --> Session: Class initialized using 'CodeIgniter\Session\Handlers\FileHandler' driver.
INFO - 2021-07-15 21:04:19 --> Controller "App\Controllers\base\Dashboard" loaded.
INFO - 2021-07-15 21:04:25 --> Session: Class initialized using 'CodeIgniter\Session\Handlers\FileHandler' driver.
INFO - 2021-07-15 21:04:25 --> Controller "App\Controllers\base\Dashboard" loaded.
CRITICAL - 2021-07-15 21:04:25 --> count(): Parameter must be an array or an object that implements Countable
#0 [internal function]: CodeIgniter\Debug\Exceptions->errorHandler(2, 'count(): Parame...', '/home/nguh5634/...', 107, Array)
#1 /home/nguh5634/public_html/app/Controllers/base/Dashboard.php(107): count('')
#2 /home/nguh5634/public_html/system/CodeIgniter.php(910): App\Controllers\base\Dashboard->hapusbanyakriwayat()
#3 /home/nguh5634/public_html/system/CodeIgniter.php(398): CodeIgniter\CodeIgniter->runController(Object(App\Controllers\base\Dashboard))
#4 /home/nguh5634/public_html/system/CodeIgniter.php(306): CodeIgniter\CodeIgniter->handleRequest(NULL, Object(Config\Cache), false)
#5 /home/nguh5634/public_html/index.php(45): CodeIgniter\CodeIgniter->run()
#6 {main}
INFO - 2021-07-15 21:06:25 --> Session: Class initialized using 'CodeIgniter\Session\Handlers\FileHandler' driver.
INFO - 2021-07-15 21:06:25 --> Controller "App\Controllers\base\Dashboard" loaded.
INFO - 2021-07-15 21:06:32 --> Session: Class initialized using 'CodeIgniter\Session\Handlers\FileHandler' driver.
INFO - 2021-07-15 21:06:32 --> Controller "App\Controllers\base\Dashboard" loaded.
CRITICAL - 2021-07-15 21:06:32 --> count(): Parameter must be an array or an object that implements Countable
#0 [internal function]: CodeIgniter\Debug\Exceptions->errorHandler(2, 'count(): Parame...', '/home/nguh5634/...', 107, Array)
#1 /home/nguh5634/public_html/app/Controllers/base/Dashboard.php(107): count('')
#2 /home/nguh5634/public_html/system/CodeIgniter.php(910): App\Controllers\base\Dashboard->hapusbanyakriwayat()
#3 /home/nguh5634/public_html/system/CodeIgniter.php(398): CodeIgniter\CodeIgniter->runController(Object(App\Controllers\base\Dashboard))
#4 /home/nguh5634/public_html/system/CodeIgniter.php(306): CodeIgniter\CodeIgniter->handleRequest(NULL, Object(Config\Cache), false)
#5 /home/nguh5634/public_html/index.php(45): CodeIgniter\CodeIgniter->run()
#6 {main}
INFO - 2021-07-15 21:06:40 --> Controller "App\Controllers\base\Beranda" loaded.
INFO - 2021-07-15 21:06:50 --> Session: Class initialized using 'CodeIgniter\Session\Handlers\FileHandler' driver.
INFO - 2021-07-15 21:06:50 --> Controller "App\Controllers\base\Dashboard" loaded.
CRITICAL - 2021-07-15 21:06:50 --> count(): Parameter must be an array or an object that implements Countable
#0 [internal function]: CodeIgniter\Debug\Exceptions->errorHandler(2, 'count(): Parame...', '/home/nguh5634/...', 107, Array)
#1 /home/nguh5634/public_html/app/Controllers/base/Dashboard.php(107): count('')
#2 /home/nguh5634/public_html/system/CodeIgniter.php(910): App\Controllers\base\Dashboard->hapusbanyakriwayat()
#3 /home/nguh5634/public_html/system/CodeIgniter.php(398): CodeIgniter\CodeIgniter->runController(Object(App\Controllers\base\Dashboard))
#4 /home/nguh5634/public_html/system/CodeIgniter.php(306): CodeIgniter\CodeIgniter->handleRequest(NULL, Object(Config\Cache), false)
#5 /home/nguh5634/public_html/index.php(45): CodeIgniter\CodeIgniter->run()
#6 {main}
INFO - 2021-07-15 21:07:34 --> Session: Class initialized using 'CodeIgniter\Session\Handlers\FileHandler' driver.
INFO - 2021-07-15 21:07:34 --> Controller "App\Controllers\base\Dashboard" loaded.
CRITICAL - 2021-07-15 21:07:34 --> count(): Parameter must be an array or an object that implements Countable
#0 [internal function]: CodeIgniter\Debug\Exceptions->errorHandler(2, 'count(): Parame...', '/home/nguh5634/...', 107, Array)
#1 /home/nguh5634/public_html/app/Controllers/base/Dashboard.php(107): count('')
#2 /home/nguh5634/public_html/system/CodeIgniter.php(910): App\Controllers\base\Dashboard->hapusbanyakriwayat()
#3 /home/nguh5634/public_html/system/CodeIgniter.php(398): CodeIgniter\CodeIgniter->runController(Object(App\Controllers\base\Dashboard))
#4 /home/nguh5634/public_html/system/CodeIgniter.php(306): CodeIgniter\CodeIgniter->handleRequest(NULL, Object(Config\Cache), false)
#5 /home/nguh5634/public_html/index.php(45): CodeIgniter\CodeIgniter->run()
#6 {main}
INFO - 2021-07-15 21:11:28 --> Session: Class initialized using 'CodeIgniter\Session\Handlers\FileHandler' driver.
INFO - 2021-07-15 21:11:28 --> Controller "App\Controllers\base\Dashboard" loaded.
INFO - 2021-07-15 21:11:29 --> Controller "App\Controllers\base\Beranda" loaded.
INFO - 2021-07-15 21:11:35 --> Session: Class initialized using 'CodeIgniter\Session\Handlers\FileHandler' driver.
INFO - 2021-07-15 21:11:35 --> Controller "App\Controllers\base\Dashboard" loaded.
INFO - 2021-07-15 21:11:35 --> Session: Class initialized using 'CodeIgniter\Session\Handlers\FileHandler' driver.
INFO - 2021-07-15 21:11:35 --> Controller "App\Controllers\base\Dashboard" loaded.
INFO - 2021-07-15 21:11:36 --> Controller "App\Controllers\base\Beranda" loaded.
INFO - 2021-07-15 21:11:42 --> Session: Class initialized using 'CodeIgniter\Session\Handlers\FileHandler' driver.
INFO - 2021-07-15 21:11:42 --> Controller "App\Controllers\base\Dashboard" loaded.
INFO - 2021-07-15 21:11:42 --> Controller "App\Controllers\base\Beranda" loaded.
INFO - 2021-07-15 21:11:48 --> Session: Class initialized using 'CodeIgniter\Session\Handlers\FileHandler' driver.
INFO - 2021-07-15 21:11:48 --> Controller "App\Controllers\undangan\Undangan" loaded.
INFO - 2021-07-15 21:11:57 --> Session: Class initialized using 'CodeIgniter\Session\Handlers\FileHandler' driver.
INFO - 2021-07-15 21:11:57 --> Controller "App\Controllers\base\Dashboard" loaded.
INFO - 2021-07-15 21:11:57 --> Controller "App\Controllers\base\Beranda" loaded.
INFO - 2021-07-15 21:12:02 --> Session: Class initialized using 'CodeIgniter\Session\Handlers\FileHandler' driver.
INFO - 2021-07-15 21:12:02 --> Controller "App\Controllers\base\Dashboard" loaded.
INFO - 2021-07-15 21:12:02 --> Session: Class initialized using 'CodeIgniter\Session\Handlers\FileHandler' driver.
INFO - 2021-07-15 21:12:02 --> Controller "App\Controllers\base\Dashboard" loaded.
INFO - 2021-07-15 21:12:02 --> Controller "App\Controllers\base\Beranda" loaded.
INFO - 2021-07-15 21:12:10 --> Session: Class initialized using 'CodeIgniter\Session\Handlers\FileHandler' driver.
INFO - 2021-07-15 21:12:10 --> Controller "App\Controllers\base\Dashboard" loaded.
INFO - 2021-07-15 21:12:11 --> Controller "App\Controllers\base\Beranda" loaded.
INFO - 2021-07-15 21:12:18 --> Session: Class initialized using 'CodeIgniter\Session\Handlers\FileHandler' driver.
INFO - 2021-07-15 21:12:18 --> Controller "App\Controllers\base\Dashboard" loaded.
INFO - 2021-07-15 21:28:06 --> Controller "App\Controllers\base\Beranda" loaded.
INFO - 2021-07-15 21:34:55 --> Controller "App\Controllers\base\Beranda" loaded.
INFO - 2021-07-15 21:35:42 --> Session: Class initialized using 'CodeIgniter\Session\Handlers\FileHandler' driver.
INFO - 2021-07-15 21:35:43 --> Controller "App\Controllers\base\Order" loaded.
INFO - 2021-07-15 21:35:43 --> Controller "App\Controllers\base\Beranda" loaded.
INFO - 2021-07-15 21:36:07 --> Controller "App\Controllers\base\Beranda" loaded.
INFO - 2021-07-15 21:36:14 --> Controller "App\Controllers\base\Beranda" loaded.
INFO - 2021-07-15 21:36:20 --> Session: Class initialized using 'CodeIgniter\Session\Handlers\FileHandler' driver.
INFO - 2021-07-15 21:36:20 --> Controller "App\Controllers\base\Order" loaded.
INFO - 2021-07-15 21:38:11 --> Controller "App\Controllers\base\Beranda" loaded.
INFO - 2021-07-15 21:39:36 --> Session: Class initialized using 'CodeIgniter\Session\Handlers\FileHandler' driver.
INFO - 2021-07-15 21:39:36 --> Controller "App\Controllers\base\Order" loaded.
INFO - 2021-07-15 21:39:55 --> Session: Class initialized using 'CodeIgniter\Session\Handlers\FileHandler' driver.
INFO - 2021-07-15 21:39:55 --> Controller "App\Controllers\base\Order" loaded.
INFO - 2021-07-15 21:40:17 --> Session: Class initialized using 'CodeIgniter\Session\Handlers\FileHandler' driver.
INFO - 2021-07-15 21:40:17 --> Controller "App\Controllers\base\Order" loaded.
INFO - 2021-07-15 21:40:45 --> Session: Class initialized using 'CodeIgniter\Session\Handlers\FileHandler' driver.
INFO - 2021-07-15 21:40:45 --> Controller "App\Controllers\base\Order" loaded.
INFO - 2021-07-15 21:41:11 --> Session: Class initialized using 'CodeIgniter\Session\Handlers\FileHandler' driver.
INFO - 2021-07-15 21:41:11 --> Controller "App\Controllers\base\Order" loaded.
INFO - 2021-07-15 21:41:45 --> Session: Class initialized using 'CodeIgniter\Session\Handlers\FileHandler' driver.
INFO - 2021-07-15 21:41:45 --> Controller "App\Controllers\base\Order" loaded.
INFO - 2021-07-15 21:41:47 --> Session: Class initialized using 'CodeIgniter\Session\Handlers\FileHandler' driver.
INFO - 2021-07-15 21:41:47 --> Controller "App\Controllers\base\Order" loaded.
INFO - 2021-07-15 21:42:41 --> Session: Class initialized using 'CodeIgniter\Session\Handlers\FileHandler' driver.
INFO - 2021-07-15 21:42:41 --> Controller "App\Controllers\base\Order" loaded.
INFO - 2021-07-15 21:42:48 --> Session: Class initialized using 'CodeIgniter\Session\Handlers\FileHandler' driver.
INFO - 2021-07-15 21:42:48 --> Controller "App\Controllers\base\Order" loaded.
INFO - 2021-07-15 21:42:48 --> Controller "App\Controllers\base\Beranda" loaded.
INFO - 2021-07-15 21:42:52 --> Session: Class initialized using 'CodeIgniter\Session\Handlers\FileHandler' driver.
INFO - 2021-07-15 21:42:52 --> Controller "App\Controllers\base\Order" loaded.
INFO - 2021-07-15 21:42:56 --> Session: Class initialized using 'CodeIgniter\Session\Handlers\FileHandler' driver.
INFO - 2021-07-15 21:42:56 --> Controller "App\Controllers\base\Order" loaded.
INFO - 2021-07-15 21:43:00 --> Session: Class initialized using 'CodeIgniter\Session\Handlers\FileHandler' driver.
INFO - 2021-07-15 21:43:00 --> Controller "App\Controllers\base\Order" loaded.
INFO - 2021-07-15 21:43:06 --> Session: Class initialized using 'CodeIgniter\Session\Handlers\FileHandler' driver.
INFO - 2021-07-15 21:43:06 --> Controller "App\Controllers\undangan\Undangan" loaded.
INFO - 2021-07-15 21:44:31 --> Session: Class initialized using 'CodeIgniter\Session\Handlers\FileHandler' driver.
INFO - 2021-07-15 21:44:31 --> Controller "App\Controllers\base\Dashboard" loaded.
INFO - 2021-07-15 21:44:31 --> Session: Class initialized using 'CodeIgniter\Session\Handlers\FileHandler' driver.
INFO - 2021-07-15 21:44:31 --> Controller "App\Controllers\base\Dashboard" loaded.
INFO - 2021-07-15 21:44:45 --> Session: Class initialized using 'CodeIgniter\Session\Handlers\FileHandler' driver.
INFO - 2021-07-15 21:44:45 --> Controller "App\Controllers\base\Dashboard" loaded.
INFO - 2021-07-15 21:44:45 --> Session: Class initialized using 'CodeIgniter\Session\Handlers\FileHandler' driver.
INFO - 2021-07-15 21:44:45 --> Controller "App\Controllers\base\Dashboard" loaded.
INFO - 2021-07-15 21:44:51 --> Session: Class initialized using 'CodeIgniter\Session\Handlers\FileHandler' driver.
INFO - 2021-07-15 21:44:51 --> Controller "App\Controllers\base\Dashboard" loaded.
INFO - 2021-07-15 21:44:54 --> Session: Class initialized using 'CodeIgniter\Session\Handlers\FileHandler' driver.
INFO - 2021-07-15 21:44:54 --> Controller "App\Controllers\base\Dashboard" loaded.
INFO - 2021-07-15 21:47:17 --> Session: Class initialized using 'CodeIgniter\Session\Handlers\FileHandler' driver.
INFO - 2021-07-15 21:47:17 --> Controller "App\Controllers\base\Dashboard" loaded.
INFO - 2021-07-15 21:47:40 --> Session: Class initialized using 'CodeIgniter\Session\Handlers\FileHandler' driver.
INFO - 2021-07-15 21:47:40 --> Controller "App\Controllers\base\Dashboard" loaded.
INFO - 2021-07-15 21:47:44 --> Session: Class initialized using 'CodeIgniter\Session\Handlers\FileHandler' driver.
INFO - 2021-07-15 21:47:44 --> Controller "App\Controllers\base\Dashboard" loaded.
INFO - 2021-07-15 21:47:46 --> Session: Class initialized using 'CodeIgniter\Session\Handlers\FileHandler' driver.
INFO - 2021-07-15 21:47:46 --> Controller "App\Controllers\base\Dashboard" loaded.
INFO - 2021-07-15 21:47:56 --> Session: Class initialized using 'CodeIgniter\Session\Handlers\FileHandler' driver.
INFO - 2021-07-15 21:47:56 --> Controller "App\Controllers\base\Dashboard" loaded.
INFO - 2021-07-15 21:48:00 --> Session: Class initialized using 'CodeIgniter\Session\Handlers\FileHandler' driver.
INFO - 2021-07-15 21:48:00 --> Controller "App\Controllers\base\Dashboard" loaded.
INFO - 2021-07-15 21:48:07 --> Session: Class initialized using 'CodeIgniter\Session\Handlers\FileHandler' driver.
INFO - 2021-07-15 21:48:07 --> Controller "App\Controllers\base\Dashboard" loaded.
INFO - 2021-07-15 21:48:08 --> Controller "App\Controllers\base\Beranda" loaded.
INFO - 2021-07-15 21:48:11 --> Controller "App\Controllers\base\Beranda" loaded.
INFO - 2021-07-15 21:48:14 --> Session: Class initialized using 'CodeIgniter\Session\Handlers\FileHandler' driver.
INFO - 2021-07-15 21:48:14 --> Controller "App\Controllers\base\Order" loaded.
INFO - 2021-07-15 21:48:16 --> Session: Class initialized using 'CodeIgniter\Session\Handlers\FileHandler' driver.
INFO - 2021-07-15 21:48:16 --> Controller "App\Controllers\base\Order" loaded.
INFO - 2021-07-15 21:48:18 --> Session: Class initialized using 'CodeIgniter\Session\Handlers\FileHandler' driver.
INFO - 2021-07-15 21:48:18 --> Controller "App\Controllers\base\Order" loaded.
INFO - 2021-07-15 21:48:20 --> Session: Class initialized using 'CodeIgniter\Session\Handlers\FileHandler' driver.
INFO - 2021-07-15 21:48:20 --> Controller "App\Controllers\base\Order" loaded.
INFO - 2021-07-15 21:48:22 --> Session: Class initialized using 'CodeIgniter\Session\Handlers\FileHandler' driver.
INFO - 2021-07-15 21:48:22 --> Controller "App\Controllers\base\Order" loaded.
INFO - 2021-07-15 21:48:24 --> Session: Class initialized using 'CodeIgniter\Session\Handlers\FileHandler' driver.
INFO - 2021-07-15 21:48:24 --> Controller "App\Controllers\base\Dashboard" loaded.
INFO - 2021-07-15 21:48:26 --> Controller "App\Controllers\base\Beranda" loaded.
INFO - 2021-07-15 21:48:29 --> Controller "App\Controllers\base\Beranda" loaded.
INFO - 2021-07-15 21:48:31 --> Controller "App\Controllers\base\Beranda" loaded.
INFO - 2021-07-15 21:48:33 --> Controller "App\Controllers\base\Beranda" loaded.
INFO - 2021-07-15 21:48:51 --> Session: Class initialized using 'CodeIgniter\Session\Handlers\FileHandler' driver.
INFO - 2021-07-15 21:48:51 --> Controller "App\Controllers\base\Dashboard" loaded.
INFO - 2021-07-15 21:48:56 --> Session: Class initialized using 'CodeIgniter\Session\Handlers\FileHandler' driver.
INFO - 2021-07-15 21:48:56 --> Controller "App\Controllers\base\Dashboard" loaded.
INFO - 2021-07-15 21:48:56 --> Session: Class initialized using 'CodeIgniter\Session\Handlers\FileHandler' driver.
INFO - 2021-07-15 21:48:56 --> Controller "App\Controllers\base\Dashboard" loaded.
INFO - 2021-07-15 21:49:00 --> Session: Class initialized using 'CodeIgniter\Session\Handlers\FileHandler' driver.
INFO - 2021-07-15 21:49:00 --> Controller "App\Controllers\base\Dashboard" loaded.
INFO - 2021-07-15 21:49:06 --> Session: Class initialized using 'CodeIgniter\Session\Handlers\FileHandler' driver.
INFO - 2021-07-15 21:49:06 --> Controller "App\Controllers\base\Dashboard" loaded.
INFO - 2021-07-15 21:49:06 --> Session: Class initialized using 'CodeIgniter\Session\Handlers\FileHandler' driver.
INFO - 2021-07-15 21:49:06 --> Controller "App\Controllers\base\Dashboard" loaded.
INFO - 2021-07-15 21:49:27 --> Session: Class initialized using 'CodeIgniter\Session\Handlers\FileHandler' driver.
INFO - 2021-07-15 21:49:27 --> Controller "App\Controllers\base\Dashboard" loaded.
INFO - 2021-07-15 21:49:30 --> Session: Class initialized using 'CodeIgniter\Session\Handlers\FileHandler' driver.
INFO - 2021-07-15 21:49:30 --> Controller "App\Controllers\base\Dashboard" loaded.
INFO - 2021-07-15 21:50:34 --> Session: Class initialized using 'CodeIgniter\Session\Handlers\FileHandler' driver.
INFO - 2021-07-15 21:50:34 --> Controller "App\Controllers\base\Dashboard" loaded.
INFO - 2021-07-15 21:50:36 --> Session: Class initialized using 'CodeIgniter\Session\Handlers\FileHandler' driver.
INFO - 2021-07-15 21:50:36 --> Controller "App\Controllers\base\Dashboard" loaded.
INFO - 2021-07-15 21:50:37 --> Session: Class initialized using 'CodeIgniter\Session\Handlers\FileHandler' driver.
INFO - 2021-07-15 21:50:37 --> Controller "App\Controllers\base\Dashboard" loaded.
INFO - 2021-07-15 21:50:39 --> Session: Class initialized using 'CodeIgniter\Session\Handlers\FileHandler' driver.
INFO - 2021-07-15 21:50:39 --> Controller "App\Controllers\base\Dashboard" loaded.
INFO - 2021-07-15 21:50:42 --> Session: Class initialized using 'CodeIgniter\Session\Handlers\FileHandler' driver.
INFO - 2021-07-15 21:50:42 --> Controller "App\Controllers\base\Dashboard" loaded.
INFO - 2021-07-15 21:50:44 --> Session: Class initialized using 'CodeIgniter\Session\Handlers\FileHandler' driver.
INFO - 2021-07-15 21:50:44 --> Controller "App\Controllers\base\Dashboard" loaded.
INFO - 2021-07-15 21:50:55 --> Session: Class initialized using 'CodeIgniter\Session\Handlers\FileHandler' driver.
INFO - 2021-07-15 21:50:55 --> Controller "App\Controllers\admin\Admin" loaded.
INFO - 2021-07-15 21:51:42 --> Session: Class initialized using 'CodeIgniter\Session\Handlers\FileHandler' driver.
INFO - 2021-07-15 21:51:42 --> Controller "App\Controllers\admin\Admin" loaded.
INFO - 2021-07-15 21:51:42 --> Session: Class initialized using 'CodeIgniter\Session\Handlers\FileHandler' driver.
INFO - 2021-07-15 21:51:42 --> Controller "App\Controllers\admin\Admin" loaded.
INFO - 2021-07-15 21:51:46 --> Session: Class initialized using 'CodeIgniter\Session\Handlers\FileHandler' driver.
INFO - 2021-07-15 21:51:46 --> Controller "App\Controllers\admin\Admin" loaded.
INFO - 2021-07-15 21:51:49 --> Session: Class initialized using 'CodeIgniter\Session\Handlers\FileHandler' driver.
INFO - 2021-07-15 21:51:49 --> Controller "App\Controllers\admin\Admin" loaded.
INFO - 2021-07-15 21:53:05 --> Session: Class initialized using 'CodeIgniter\Session\Handlers\FileHandler' driver.
INFO - 2021-07-15 21:53:05 --> Controller "App\Controllers\admin\Admin" loaded.
INFO - 2021-07-15 21:53:10 --> Session: Class initialized using 'CodeIgniter\Session\Handlers\FileHandler' driver.
INFO - 2021-07-15 21:53:10 --> Controller "App\Controllers\admin\Admin" loaded.
INFO - 2021-07-15 21:53:14 --> Session: Class initialized using 'CodeIgniter\Session\Handlers\FileHandler' driver.
INFO - 2021-07-15 21:53:14 --> Controller "App\Controllers\admin\Admin" loaded.
INFO - 2021-07-15 21:53:21 --> Session: Class initialized using 'CodeIgniter\Session\Handlers\FileHandler' driver.
INFO - 2021-07-15 21:53:21 --> Controller "App\Controllers\admin\Admin" loaded.
INFO - 2021-07-15 21:53:21 --> Session: Class initialized using 'CodeIgniter\Session\Handlers\FileHandler' driver.
INFO - 2021-07-15 21:53:21 --> Controller "App\Controllers\admin\Admin" loaded.
INFO - 2021-07-15 21:53:35 --> Session: Class initialized using 'CodeIgniter\Session\Handlers\FileHandler' driver.
INFO - 2021-07-15 21:53:35 --> Controller "App\Controllers\admin\Admin" loaded.
INFO - 2021-07-15 21:53:35 --> Session: Class initialized using 'CodeIgniter\Session\Handlers\FileHandler' driver.
INFO - 2021-07-15 21:53:35 --> Controller "App\Controllers\admin\Admin" loaded.
INFO - 2021-07-15 22:04:34 --> Controller "App\Controllers\base\Beranda" loaded.
INFO - 2021-07-15 22:08:07 --> Controller "App\Controllers\base\Beranda" loaded.
INFO - 2021-07-15 22:08:09 --> Session: Class initialized using 'CodeIgniter\Session\Handlers\FileHandler' driver.
INFO - 2021-07-15 22:08:09 --> Controller "App\Controllers\base\Order" loaded.
INFO - 2021-07-15 22:08:11 --> Session: Class initialized using 'CodeIgniter\Session\Handlers\FileHandler' driver.
INFO - 2021-07-15 22:08:11 --> Controller "App\Controllers\base\Order" loaded.
INFO - 2021-07-15 22:08:13 --> Session: Class initialized using 'CodeIgniter\Session\Handlers\FileHandler' driver.
INFO - 2021-07-15 22:08:13 --> Controller "App\Controllers\base\Order" loaded.
INFO - 2021-07-15 22:08:15 --> Session: Class initialized using 'CodeIgniter\Session\Handlers\FileHandler' driver.
INFO - 2021-07-15 22:08:15 --> Controller "App\Controllers\base\Order" loaded.
INFO - 2021-07-15 22:08:17 --> Session: Class initialized using 'CodeIgniter\Session\Handlers\FileHandler' driver.
INFO - 2021-07-15 22:08:17 --> Controller "App\Controllers\base\Order" loaded.
INFO - 2021-07-15 22:08:19 --> Session: Class initialized using 'CodeIgniter\Session\Handlers\FileHandler' driver.
INFO - 2021-07-15 22:08:19 --> Controller "App\Controllers\base\Order" loaded.
INFO - 2021-07-15 22:08:21 --> Session: Class initialized using 'CodeIgniter\Session\Handlers\FileHandler' driver.
INFO - 2021-07-15 22:08:21 --> Controller "App\Controllers\base\Lupa_password" loaded.
INFO - 2021-07-15 22:08:21 --> Controller "App\Controllers\base\Beranda" loaded.
INFO - 2021-07-15 22:08:24 --> Controller "App\Controllers\base\Beranda" loaded.
INFO - 2021-07-15 22:08:26 --> Controller "App\Controllers\base\Beranda" loaded.
INFO - 2021-07-15 22:08:28 --> Controller "App\Controllers\base\Beranda" loaded.
INFO - 2021-07-15 22:08:31 --> Controller "App\Controllers\base\Beranda" loaded.
INFO - 2021-07-15 22:19:50 --> Controller "App\Controllers\base\Beranda" loaded.
INFO - 2021-07-15 22:51:51 --> Session: Class initialized using 'CodeIgniter\Session\Handlers\FileHandler' driver.
INFO - 2021-07-15 22:51:51 --> Controller "App\Controllers\base\Order" loaded.
