INFO - 2021-12-08 00:10:57 --> Session: Class initialized using 'CodeIgniter\Session\Handlers\FileHandler' driver.
INFO - 2021-12-08 00:10:57 --> Controller "App\Controllers\undangan\Undangan" loaded.
INFO - 2021-12-08 00:56:45 --> Controller "App\Controllers\base\Beranda" loaded.
INFO - 2021-12-08 00:56:45 --> Controller "App\Controllers\base\Beranda" loaded.
INFO - 2021-12-08 00:56:46 --> Controller "App\Controllers\base\Beranda" loaded.
INFO - 2021-12-08 00:56:46 --> Controller "App\Controllers\base\Beranda" loaded.
INFO - 2021-12-08 02:27:55 --> Session: Class initialized using 'CodeIgniter\Session\Handlers\FileHandler' driver.
INFO - 2021-12-08 02:27:55 --> Controller "App\Controllers\base\Order" loaded.
INFO - 2021-12-08 03:20:16 --> Controller "App\Controllers\base\Beranda" loaded.
INFO - 2021-12-08 03:21:23 --> Session: Class initialized using 'CodeIgniter\Session\Handlers\FileHandler' driver.
INFO - 2021-12-08 03:21:23 --> Controller "App\Controllers\base\Order" loaded.
INFO - 2021-12-08 03:21:39 --> Controller "App\Controllers\base\Beranda" loaded.
INFO - 2021-12-08 03:21:42 --> Controller "App\Controllers\base\Beranda" loaded.
INFO - 2021-12-08 03:22:43 --> Session: Class initialized using 'CodeIgniter\Session\Handlers\FileHandler' driver.
INFO - 2021-12-08 03:22:43 --> Controller "App\Controllers\base\Order" loaded.
INFO - 2021-12-08 03:43:09 --> Controller "App\Controllers\base\Beranda" loaded.
INFO - 2021-12-08 04:55:26 --> Controller "App\Controllers\base\Beranda" loaded.
INFO - 2021-12-08 05:25:30 --> Session: Class initialized using 'CodeIgniter\Session\Handlers\FileHandler' driver.
INFO - 2021-12-08 05:25:30 --> Controller "App\Controllers\admin\Admin" loaded.
INFO - 2021-12-08 06:02:34 --> Session: Class initialized using 'CodeIgniter\Session\Handlers\FileHandler' driver.
INFO - 2021-12-08 06:02:34 --> Controller "App\Controllers\undangan\Undangan" loaded.
INFO - 2021-12-08 06:02:52 --> Session: Class initialized using 'CodeIgniter\Session\Handlers\FileHandler' driver.
INFO - 2021-12-08 06:02:52 --> Controller "App\Controllers\undangan\Undangan" loaded.
INFO - 2021-12-08 06:50:54 --> Controller "App\Controllers\base\Beranda" loaded.
INFO - 2021-12-08 07:00:03 --> Controller "App\Controllers\base\Beranda" loaded.
INFO - 2021-12-08 07:10:03 --> Controller "App\Controllers\base\Beranda" loaded.
INFO - 2021-12-08 07:20:03 --> Controller "App\Controllers\base\Beranda" loaded.
INFO - 2021-12-08 07:30:02 --> Controller "App\Controllers\base\Beranda" loaded.
INFO - 2021-12-08 07:40:03 --> Controller "App\Controllers\base\Beranda" loaded.
INFO - 2021-12-08 07:50:02 --> Controller "App\Controllers\base\Beranda" loaded.
INFO - 2021-12-08 08:00:02 --> Controller "App\Controllers\base\Beranda" loaded.
INFO - 2021-12-08 08:10:03 --> Controller "App\Controllers\base\Beranda" loaded.
INFO - 2021-12-08 08:20:03 --> Controller "App\Controllers\base\Beranda" loaded.
INFO - 2021-12-08 08:23:33 --> Controller "App\Controllers\base\Beranda" loaded.
INFO - 2021-12-08 08:26:18 --> Controller "App\Controllers\base\Beranda" loaded.
INFO - 2021-12-08 08:30:03 --> Controller "App\Controllers\base\Beranda" loaded.
INFO - 2021-12-08 08:40:03 --> Controller "App\Controllers\base\Beranda" loaded.
INFO - 2021-12-08 08:49:30 --> Controller "App\Controllers\base\Beranda" loaded.
INFO - 2021-12-08 08:50:03 --> Controller "App\Controllers\base\Beranda" loaded.
INFO - 2021-12-08 08:54:40 --> Controller "App\Controllers\base\Beranda" loaded.
INFO - 2021-12-08 09:00:02 --> Controller "App\Controllers\base\Beranda" loaded.
INFO - 2021-12-08 09:10:03 --> Controller "App\Controllers\base\Beranda" loaded.
INFO - 2021-12-08 09:20:03 --> Controller "App\Controllers\base\Beranda" loaded.
INFO - 2021-12-08 09:30:03 --> Controller "App\Controllers\base\Beranda" loaded.
INFO - 2021-12-08 09:40:03 --> Controller "App\Controllers\base\Beranda" loaded.
INFO - 2021-12-08 09:50:03 --> Controller "App\Controllers\base\Beranda" loaded.
INFO - 2021-12-08 10:00:03 --> Controller "App\Controllers\base\Beranda" loaded.
INFO - 2021-12-08 10:10:02 --> Controller "App\Controllers\base\Beranda" loaded.
INFO - 2021-12-08 10:20:02 --> Controller "App\Controllers\base\Beranda" loaded.
INFO - 2021-12-08 10:30:03 --> Controller "App\Controllers\base\Beranda" loaded.
INFO - 2021-12-08 10:40:02 --> Controller "App\Controllers\base\Beranda" loaded.
INFO - 2021-12-08 10:50:03 --> Controller "App\Controllers\base\Beranda" loaded.
INFO - 2021-12-08 10:59:15 --> Session: Class initialized using 'CodeIgniter\Session\Handlers\FileHandler' driver.
INFO - 2021-12-08 10:59:15 --> Controller "App\Controllers\admin\Admin" loaded.
INFO - 2021-12-08 11:00:03 --> Controller "App\Controllers\base\Beranda" loaded.
INFO - 2021-12-08 11:10:03 --> Controller "App\Controllers\base\Beranda" loaded.
INFO - 2021-12-08 11:20:03 --> Controller "App\Controllers\base\Beranda" loaded.
INFO - 2021-12-08 11:21:59 --> Controller "App\Controllers\base\Beranda" loaded.
INFO - 2021-12-08 11:30:02 --> Controller "App\Controllers\base\Beranda" loaded.
INFO - 2021-12-08 11:40:03 --> Controller "App\Controllers\base\Beranda" loaded.
INFO - 2021-12-08 11:50:02 --> Controller "App\Controllers\base\Beranda" loaded.
INFO - 2021-12-08 12:00:03 --> Controller "App\Controllers\base\Beranda" loaded.
INFO - 2021-12-08 12:10:02 --> Controller "App\Controllers\base\Beranda" loaded.
INFO - 2021-12-08 12:20:03 --> Controller "App\Controllers\base\Beranda" loaded.
INFO - 2021-12-08 12:30:02 --> Controller "App\Controllers\base\Beranda" loaded.
INFO - 2021-12-08 12:33:07 --> Controller "App\Controllers\base\Beranda" loaded.
INFO - 2021-12-08 12:40:02 --> Controller "App\Controllers\base\Beranda" loaded.
INFO - 2021-12-08 12:47:32 --> Controller "App\Controllers\base\Beranda" loaded.
INFO - 2021-12-08 12:47:33 --> Controller "App\Controllers\base\Beranda" loaded.
INFO - 2021-12-08 12:47:33 --> Controller "App\Controllers\base\Beranda" loaded.
INFO - 2021-12-08 12:47:33 --> Controller "App\Controllers\base\Beranda" loaded.
INFO - 2021-12-08 12:47:33 --> Controller "App\Controllers\base\Beranda" loaded.
INFO - 2021-12-08 12:47:34 --> Controller "App\Controllers\base\Beranda" loaded.
INFO - 2021-12-08 12:47:34 --> Controller "App\Controllers\base\Beranda" loaded.
INFO - 2021-12-08 12:47:34 --> Controller "App\Controllers\base\Beranda" loaded.
INFO - 2021-12-08 12:47:35 --> Controller "App\Controllers\base\Beranda" loaded.
INFO - 2021-12-08 12:47:35 --> Controller "App\Controllers\base\Beranda" loaded.
INFO - 2021-12-08 12:47:35 --> Controller "App\Controllers\base\Beranda" loaded.
INFO - 2021-12-08 12:47:36 --> Controller "App\Controllers\base\Beranda" loaded.
INFO - 2021-12-08 12:47:36 --> Controller "App\Controllers\base\Beranda" loaded.
INFO - 2021-12-08 12:47:36 --> Controller "App\Controllers\base\Beranda" loaded.
INFO - 2021-12-08 12:47:36 --> Controller "App\Controllers\base\Beranda" loaded.
INFO - 2021-12-08 12:47:37 --> Controller "App\Controllers\base\Beranda" loaded.
INFO - 2021-12-08 12:47:37 --> Controller "App\Controllers\base\Beranda" loaded.
INFO - 2021-12-08 12:47:37 --> Controller "App\Controllers\base\Beranda" loaded.
INFO - 2021-12-08 12:47:38 --> Controller "App\Controllers\base\Beranda" loaded.
INFO - 2021-12-08 12:47:38 --> Controller "App\Controllers\base\Beranda" loaded.
INFO - 2021-12-08 12:50:02 --> Controller "App\Controllers\base\Beranda" loaded.
INFO - 2021-12-08 13:00:03 --> Controller "App\Controllers\base\Beranda" loaded.
INFO - 2021-12-08 13:00:50 --> Controller "App\Controllers\base\Beranda" loaded.
INFO - 2021-12-08 13:10:02 --> Controller "App\Controllers\base\Beranda" loaded.
INFO - 2021-12-08 13:20:03 --> Controller "App\Controllers\base\Beranda" loaded.
INFO - 2021-12-08 13:30:03 --> Controller "App\Controllers\base\Beranda" loaded.
INFO - 2021-12-08 13:40:03 --> Controller "App\Controllers\base\Beranda" loaded.
INFO - 2021-12-08 13:50:03 --> Controller "App\Controllers\base\Beranda" loaded.
INFO - 2021-12-08 14:00:03 --> Controller "App\Controllers\base\Beranda" loaded.
INFO - 2021-12-08 14:09:16 --> Controller "App\Controllers\base\Beranda" loaded.
INFO - 2021-12-08 14:10:03 --> Controller "App\Controllers\base\Beranda" loaded.
INFO - 2021-12-08 14:10:27 --> Controller "App\Controllers\base\Beranda" loaded.
INFO - 2021-12-08 14:10:44 --> Controller "App\Controllers\base\Beranda" loaded.
INFO - 2021-12-08 14:14:32 --> Controller "App\Controllers\base\Beranda" loaded.
INFO - 2021-12-08 14:20:02 --> Controller "App\Controllers\base\Beranda" loaded.
INFO - 2021-12-08 14:30:03 --> Controller "App\Controllers\base\Beranda" loaded.
INFO - 2021-12-08 14:40:02 --> Controller "App\Controllers\base\Beranda" loaded.
INFO - 2021-12-08 14:50:03 --> Controller "App\Controllers\base\Beranda" loaded.
INFO - 2021-12-08 15:00:02 --> Controller "App\Controllers\base\Beranda" loaded.
INFO - 2021-12-08 15:10:02 --> Controller "App\Controllers\base\Beranda" loaded.
INFO - 2021-12-08 15:11:56 --> Controller "App\Controllers\base\Beranda" loaded.
INFO - 2021-12-08 15:20:03 --> Controller "App\Controllers\base\Beranda" loaded.
INFO - 2021-12-08 15:30:03 --> Controller "App\Controllers\base\Beranda" loaded.
INFO - 2021-12-08 15:40:03 --> Controller "App\Controllers\base\Beranda" loaded.
INFO - 2021-12-08 15:50:03 --> Controller "App\Controllers\base\Beranda" loaded.
INFO - 2021-12-08 16:00:02 --> Controller "App\Controllers\base\Beranda" loaded.
INFO - 2021-12-08 16:10:03 --> Controller "App\Controllers\base\Beranda" loaded.
INFO - 2021-12-08 16:17:04 --> Session: Class initialized using 'CodeIgniter\Session\Handlers\FileHandler' driver.
INFO - 2021-12-08 16:17:04 --> Controller "App\Controllers\bukutamu\Bukutamu" loaded.
INFO - 2021-12-08 16:20:02 --> Controller "App\Controllers\base\Beranda" loaded.
INFO - 2021-12-08 16:30:03 --> Controller "App\Controllers\base\Beranda" loaded.
INFO - 2021-12-08 16:40:02 --> Controller "App\Controllers\base\Beranda" loaded.
INFO - 2021-12-08 16:50:02 --> Controller "App\Controllers\base\Beranda" loaded.
INFO - 2021-12-08 17:00:03 --> Controller "App\Controllers\base\Beranda" loaded.
INFO - 2021-12-08 17:10:03 --> Controller "App\Controllers\base\Beranda" loaded.
INFO - 2021-12-08 17:13:23 --> Controller "App\Controllers\base\Beranda" loaded.
INFO - 2021-12-08 17:20:02 --> Controller "App\Controllers\base\Beranda" loaded.
INFO - 2021-12-08 17:30:03 --> Controller "App\Controllers\base\Beranda" loaded.
INFO - 2021-12-08 17:40:02 --> Controller "App\Controllers\base\Beranda" loaded.
INFO - 2021-12-08 17:43:49 --> Controller "App\Controllers\base\Beranda" loaded.
INFO - 2021-12-08 17:50:02 --> Controller "App\Controllers\base\Beranda" loaded.
INFO - 2021-12-08 17:52:15 --> Session: Class initialized using 'CodeIgniter\Session\Handlers\FileHandler' driver.
INFO - 2021-12-08 17:52:15 --> Controller "App\Controllers\bukutamu\Bukutamu" loaded.
INFO - 2021-12-08 18:00:02 --> Controller "App\Controllers\base\Beranda" loaded.
INFO - 2021-12-08 18:10:02 --> Controller "App\Controllers\base\Beranda" loaded.
INFO - 2021-12-08 18:19:17 --> Controller "App\Controllers\base\Beranda" loaded.
INFO - 2021-12-08 18:20:03 --> Controller "App\Controllers\base\Beranda" loaded.
INFO - 2021-12-08 18:20:15 --> Controller "App\Controllers\base\Beranda" loaded.
INFO - 2021-12-08 18:30:03 --> Controller "App\Controllers\base\Beranda" loaded.
INFO - 2021-12-08 18:40:03 --> Controller "App\Controllers\base\Beranda" loaded.
INFO - 2021-12-08 18:50:02 --> Controller "App\Controllers\base\Beranda" loaded.
INFO - 2021-12-08 18:57:06 --> Controller "App\Controllers\base\Beranda" loaded.
INFO - 2021-12-08 19:00:03 --> Controller "App\Controllers\base\Beranda" loaded.
INFO - 2021-12-08 19:10:02 --> Controller "App\Controllers\base\Beranda" loaded.
INFO - 2021-12-08 19:18:15 --> Controller "App\Controllers\base\Beranda" loaded.
INFO - 2021-12-08 19:20:03 --> Controller "App\Controllers\base\Beranda" loaded.
INFO - 2021-12-08 19:30:03 --> Controller "App\Controllers\base\Beranda" loaded.
INFO - 2021-12-08 19:40:02 --> Controller "App\Controllers\base\Beranda" loaded.
INFO - 2021-12-08 19:50:03 --> Controller "App\Controllers\base\Beranda" loaded.
INFO - 2021-12-08 19:52:39 --> Controller "App\Controllers\base\Beranda" loaded.
INFO - 2021-12-08 19:56:23 --> Controller "App\Controllers\base\Beranda" loaded.
INFO - 2021-12-08 19:56:24 --> Controller "App\Controllers\base\Beranda" loaded.
INFO - 2021-12-08 19:56:24 --> Controller "App\Controllers\base\Beranda" loaded.
INFO - 2021-12-08 19:56:24 --> Controller "App\Controllers\base\Beranda" loaded.
INFO - 2021-12-08 19:56:25 --> Controller "App\Controllers\base\Beranda" loaded.
INFO - 2021-12-08 19:56:25 --> Controller "App\Controllers\base\Beranda" loaded.
INFO - 2021-12-08 19:56:25 --> Controller "App\Controllers\base\Beranda" loaded.
INFO - 2021-12-08 19:56:26 --> Controller "App\Controllers\base\Beranda" loaded.
INFO - 2021-12-08 19:56:26 --> Controller "App\Controllers\base\Beranda" loaded.
INFO - 2021-12-08 19:56:26 --> Controller "App\Controllers\base\Beranda" loaded.
INFO - 2021-12-08 19:56:27 --> Controller "App\Controllers\base\Beranda" loaded.
INFO - 2021-12-08 19:56:27 --> Controller "App\Controllers\base\Beranda" loaded.
INFO - 2021-12-08 19:56:27 --> Controller "App\Controllers\base\Beranda" loaded.
INFO - 2021-12-08 19:56:28 --> Controller "App\Controllers\base\Beranda" loaded.
INFO - 2021-12-08 19:56:28 --> Controller "App\Controllers\base\Beranda" loaded.
INFO - 2021-12-08 19:56:28 --> Controller "App\Controllers\base\Beranda" loaded.
INFO - 2021-12-08 19:56:28 --> Controller "App\Controllers\base\Beranda" loaded.
INFO - 2021-12-08 19:56:29 --> Controller "App\Controllers\base\Beranda" loaded.
INFO - 2021-12-08 19:56:29 --> Controller "App\Controllers\base\Beranda" loaded.
INFO - 2021-12-08 19:56:29 --> Controller "App\Controllers\base\Beranda" loaded.
INFO - 2021-12-08 20:00:03 --> Controller "App\Controllers\base\Beranda" loaded.
INFO - 2021-12-08 20:10:02 --> Controller "App\Controllers\base\Beranda" loaded.
INFO - 2021-12-08 20:18:36 --> Controller "App\Controllers\base\Beranda" loaded.
INFO - 2021-12-08 20:18:37 --> Controller "App\Controllers\base\Beranda" loaded.
INFO - 2021-12-08 20:20:03 --> Controller "App\Controllers\base\Beranda" loaded.
INFO - 2021-12-08 20:30:03 --> Controller "App\Controllers\base\Beranda" loaded.
INFO - 2021-12-08 20:33:56 --> Session: Class initialized using 'CodeIgniter\Session\Handlers\FileHandler' driver.
INFO - 2021-12-08 20:33:56 --> Controller "App\Controllers\base\Order" loaded.
INFO - 2021-12-08 20:40:03 --> Controller "App\Controllers\base\Beranda" loaded.
INFO - 2021-12-08 20:45:41 --> Controller "App\Controllers\base\Beranda" loaded.
INFO - 2021-12-08 20:45:43 --> Controller "App\Controllers\base\Beranda" loaded.
INFO - 2021-12-08 20:50:02 --> Controller "App\Controllers\base\Beranda" loaded.
INFO - 2021-12-08 21:00:03 --> Controller "App\Controllers\base\Beranda" loaded.
INFO - 2021-12-08 21:10:03 --> Controller "App\Controllers\base\Beranda" loaded.
INFO - 2021-12-08 21:13:32 --> Session: Class initialized using 'CodeIgniter\Session\Handlers\FileHandler' driver.
INFO - 2021-12-08 21:13:32 --> Controller "App\Controllers\base\Order" loaded.
INFO - 2021-12-08 21:20:02 --> Controller "App\Controllers\base\Beranda" loaded.
INFO - 2021-12-08 21:30:03 --> Controller "App\Controllers\base\Beranda" loaded.
INFO - 2021-12-08 21:40:02 --> Controller "App\Controllers\base\Beranda" loaded.
INFO - 2021-12-08 21:50:02 --> Controller "App\Controllers\base\Beranda" loaded.
INFO - 2021-12-08 22:00:03 --> Controller "App\Controllers\base\Beranda" loaded.
INFO - 2021-12-08 22:10:03 --> Controller "App\Controllers\base\Beranda" loaded.
INFO - 2021-12-08 22:20:03 --> Controller "App\Controllers\base\Beranda" loaded.
INFO - 2021-12-08 22:30:03 --> Controller "App\Controllers\base\Beranda" loaded.
INFO - 2021-12-08 22:31:47 --> Controller "App\Controllers\base\Beranda" loaded.
INFO - 2021-12-08 22:32:22 --> Controller "App\Controllers\base\Beranda" loaded.
INFO - 2021-12-08 22:36:39 --> Session: Class initialized using 'CodeIgniter\Session\Handlers\FileHandler' driver.
INFO - 2021-12-08 22:36:39 --> Controller "App\Controllers\bukutamu\Bukutamu" loaded.
INFO - 2021-12-08 22:36:44 --> Controller "App\Controllers\base\Beranda" loaded.
INFO - 2021-12-08 22:36:45 --> Controller "App\Controllers\base\Beranda" loaded.
INFO - 2021-12-08 22:36:45 --> Controller "App\Controllers\base\Beranda" loaded.
INFO - 2021-12-08 22:38:35 --> Controller "App\Controllers\base\Beranda" loaded.
INFO - 2021-12-08 22:38:46 --> Session: Class initialized using 'CodeIgniter\Session\Handlers\FileHandler' driver.
INFO - 2021-12-08 22:38:46 --> Controller "App\Controllers\base\Order" loaded.
INFO - 2021-12-08 22:38:46 --> Controller "App\Controllers\base\Beranda" loaded.
INFO - 2021-12-08 22:38:48 --> Controller "App\Controllers\base\Beranda" loaded.
INFO - 2021-12-08 22:40:03 --> Controller "App\Controllers\base\Beranda" loaded.
INFO - 2021-12-08 22:50:02 --> Controller "App\Controllers\base\Beranda" loaded.
INFO - 2021-12-08 22:53:46 --> Controller "App\Controllers\base\Beranda" loaded.
INFO - 2021-12-08 23:01:20 --> Controller "App\Controllers\base\Beranda" loaded.
