INFO - 2021-07-03 01:31:39 --> Controller "App\Controllers\base\Beranda" loaded.
INFO - 2021-07-03 01:42:29 --> Controller "App\Controllers\base\Beranda" loaded.
INFO - 2021-07-03 02:05:04 --> Controller "App\Controllers\base\Beranda" loaded.
INFO - 2021-07-03 02:18:40 --> Controller "App\Controllers\base\Beranda" loaded.
INFO - 2021-07-03 02:43:09 --> Controller "App\Controllers\base\Beranda" loaded.
INFO - 2021-07-03 02:44:13 --> Controller "App\Controllers\base\Beranda" loaded.
INFO - 2021-07-03 02:52:26 --> Controller "App\Controllers\base\Beranda" loaded.
INFO - 2021-07-03 03:50:12 --> Controller "App\Controllers\base\Beranda" loaded.
INFO - 2021-07-03 04:24:02 --> Controller "App\Controllers\base\Beranda" loaded.
INFO - 2021-07-03 04:53:00 --> Controller "App\Controllers\base\Beranda" loaded.
INFO - 2021-07-03 05:59:55 --> Controller "App\Controllers\base\Beranda" loaded.
INFO - 2021-07-03 07:00:06 --> Controller "App\Controllers\base\Beranda" loaded.
INFO - 2021-07-03 08:42:12 --> Session: Class initialized using 'CodeIgniter\Session\Handlers\FileHandler' driver.
INFO - 2021-07-03 08:42:12 --> Session: Class initialized using 'CodeIgniter\Session\Handlers\FileHandler' driver.
INFO - 2021-07-03 08:42:12 --> Controller "App\Controllers\admin\Admin" loaded.
INFO - 2021-07-03 08:42:14 --> Session: Class initialized using 'CodeIgniter\Session\Handlers\FileHandler' driver.
INFO - 2021-07-03 08:42:14 --> Controller "App\Controllers\base\Order" loaded.
INFO - 2021-07-03 08:42:15 --> Session: Class initialized using 'CodeIgniter\Session\Handlers\FileHandler' driver.
INFO - 2021-07-03 08:42:15 --> Controller "App\Controllers\base\Order" loaded.
INFO - 2021-07-03 08:42:15 --> Session: Class initialized using 'CodeIgniter\Session\Handlers\FileHandler' driver.
INFO - 2021-07-03 08:42:15 --> Controller "App\Controllers\base\Order" loaded.
INFO - 2021-07-03 08:42:15 --> Controller "App\Controllers\base\Beranda" loaded.
INFO - 2021-07-03 08:42:23 --> Controller "App\Controllers\base\Beranda" loaded.
INFO - 2021-07-03 09:33:31 --> Session: Class initialized using 'CodeIgniter\Session\Handlers\FileHandler' driver.
INFO - 2021-07-03 09:33:31 --> Controller "App\Controllers\undangan\Undangan" loaded.
INFO - 2021-07-03 11:19:33 --> Controller "App\Controllers\base\Beranda" loaded.
INFO - 2021-07-03 11:43:56 --> Controller "App\Controllers\base\Beranda" loaded.
INFO - 2021-07-03 14:16:57 --> Controller "App\Controllers\base\Beranda" loaded.
INFO - 2021-07-03 17:01:20 --> Controller "App\Controllers\base\Beranda" loaded.
INFO - 2021-07-03 18:11:46 --> Controller "App\Controllers\base\Beranda" loaded.
INFO - 2021-07-03 19:44:32 --> Controller "App\Controllers\base\Beranda" loaded.
INFO - 2021-07-03 19:55:25 --> Controller "App\Controllers\base\Beranda" loaded.
INFO - 2021-07-03 20:19:26 --> Controller "App\Controllers\base\Beranda" loaded.
INFO - 2021-07-03 20:58:39 --> Controller "App\Controllers\base\Beranda" loaded.
INFO - 2021-07-03 20:59:29 --> Controller "App\Controllers\base\Beranda" loaded.
INFO - 2021-07-03 21:09:13 --> Controller "App\Controllers\base\Beranda" loaded.
INFO - 2021-07-03 22:06:57 --> Controller "App\Controllers\base\Beranda" loaded.
INFO - 2021-07-03 22:08:07 --> Controller "App\Controllers\base\Beranda" loaded.
INFO - 2021-07-03 22:14:48 --> Controller "App\Controllers\base\Beranda" loaded.
INFO - 2021-07-03 23:10:54 --> Controller "App\Controllers\base\Beranda" loaded.
