INFO - 2022-03-24 00:04:31 --> Session: Class initialized using 'CodeIgniter\Session\Handlers\FileHandler' driver.
INFO - 2022-03-24 00:04:31 --> Controller "App\Controllers\admin\Admin" loaded.
INFO - 2022-03-24 00:04:46 --> Session: Class initialized using 'CodeIgniter\Session\Handlers\FileHandler' driver.
INFO - 2022-03-24 00:04:46 --> Controller "App\Controllers\bukutamu\Bukutamu" loaded.
INFO - 2022-03-24 02:07:46 --> Controller "App\Controllers\base\Beranda" loaded.
INFO - 2022-03-24 02:07:47 --> Controller "App\Controllers\base\Beranda" loaded.
INFO - 2022-03-24 02:07:47 --> Controller "App\Controllers\base\Beranda" loaded.
INFO - 2022-03-24 02:07:47 --> Controller "App\Controllers\base\Beranda" loaded.
INFO - 2022-03-24 02:07:48 --> Controller "App\Controllers\base\Beranda" loaded.
INFO - 2022-03-24 02:07:48 --> Controller "App\Controllers\base\Beranda" loaded.
INFO - 2022-03-24 02:07:48 --> Controller "App\Controllers\base\Beranda" loaded.
INFO - 2022-03-24 02:07:48 --> Controller "App\Controllers\base\Beranda" loaded.
INFO - 2022-03-24 02:07:49 --> Controller "App\Controllers\base\Beranda" loaded.
INFO - 2022-03-24 02:07:49 --> Controller "App\Controllers\base\Beranda" loaded.
INFO - 2022-03-24 02:07:49 --> Controller "App\Controllers\base\Beranda" loaded.
INFO - 2022-03-24 02:07:49 --> Controller "App\Controllers\base\Beranda" loaded.
INFO - 2022-03-24 02:07:49 --> Controller "App\Controllers\base\Beranda" loaded.
INFO - 2022-03-24 02:07:50 --> Controller "App\Controllers\base\Beranda" loaded.
INFO - 2022-03-24 02:07:50 --> Controller "App\Controllers\base\Beranda" loaded.
INFO - 2022-03-24 02:07:50 --> Controller "App\Controllers\base\Beranda" loaded.
INFO - 2022-03-24 02:07:50 --> Controller "App\Controllers\base\Beranda" loaded.
INFO - 2022-03-24 02:07:50 --> Controller "App\Controllers\base\Beranda" loaded.
INFO - 2022-03-24 02:07:51 --> Controller "App\Controllers\base\Beranda" loaded.
INFO - 2022-03-24 02:07:51 --> Controller "App\Controllers\base\Beranda" loaded.
INFO - 2022-03-24 03:29:53 --> Session: Class initialized using 'CodeIgniter\Session\Handlers\FileHandler' driver.
INFO - 2022-03-24 03:29:53 --> Controller "App\Controllers\bukutamu\Bukutamu" loaded.
INFO - 2022-03-24 03:47:10 --> Controller "App\Controllers\base\Beranda" loaded.
INFO - 2022-03-24 03:47:12 --> Session: Class initialized using 'CodeIgniter\Session\Handlers\FileHandler' driver.
INFO - 2022-03-24 03:47:12 --> Controller "App\Controllers\undangan\Undangan" loaded.
INFO - 2022-03-24 03:47:12 --> Controller "App\Controllers\base\Beranda" loaded.
INFO - 2022-03-24 03:47:14 --> Session: Class initialized using 'CodeIgniter\Session\Handlers\FileHandler' driver.
INFO - 2022-03-24 03:47:14 --> Controller "App\Controllers\undangan\Undangan" loaded.
INFO - 2022-03-24 03:47:18 --> Session: Class initialized using 'CodeIgniter\Session\Handlers\FileHandler' driver.
INFO - 2022-03-24 03:47:18 --> Controller "App\Controllers\bukutamu\Bukutamu" loaded.
INFO - 2022-03-24 03:47:18 --> Controller "App\Controllers\base\Beranda" loaded.
INFO - 2022-03-24 03:47:19 --> Session: Class initialized using 'CodeIgniter\Session\Handlers\FileHandler' driver.
INFO - 2022-03-24 03:47:19 --> Controller "App\Controllers\undangan\Undangan" loaded.
INFO - 2022-03-24 03:47:20 --> Session: Class initialized using 'CodeIgniter\Session\Handlers\FileHandler' driver.
INFO - 2022-03-24 03:47:20 --> Controller "App\Controllers\bukutamu\Bukutamu" loaded.
INFO - 2022-03-24 03:47:20 --> Controller "App\Controllers\base\Beranda" loaded.
INFO - 2022-03-24 03:47:22 --> Session: Class initialized using 'CodeIgniter\Session\Handlers\FileHandler' driver.
INFO - 2022-03-24 03:47:22 --> Controller "App\Controllers\undangan\Undangan" loaded.
INFO - 2022-03-24 04:04:58 --> Session: Class initialized using 'CodeIgniter\Session\Handlers\FileHandler' driver.
INFO - 2022-03-24 04:04:58 --> Controller "App\Controllers\undangan\Undangan" loaded.
INFO - 2022-03-24 04:05:08 --> Session: Class initialized using 'CodeIgniter\Session\Handlers\FileHandler' driver.
INFO - 2022-03-24 04:05:08 --> Controller "App\Controllers\bukutamu\Bukutamu" loaded.
INFO - 2022-03-24 04:05:10 --> Session: Class initialized using 'CodeIgniter\Session\Handlers\FileHandler' driver.
INFO - 2022-03-24 04:05:10 --> Controller "App\Controllers\undangan\Undangan" loaded.
INFO - 2022-03-24 04:05:29 --> Controller "App\Controllers\base\Beranda" loaded.
INFO - 2022-03-24 04:05:38 --> Controller "App\Controllers\base\Beranda" loaded.
INFO - 2022-03-24 04:27:09 --> Controller "App\Controllers\base\Beranda" loaded.
INFO - 2022-03-24 05:08:08 --> Controller "App\Controllers\base\Beranda" loaded.
INFO - 2022-03-24 05:14:45 --> Controller "App\Controllers\base\Beranda" loaded.
INFO - 2022-03-24 05:15:51 --> Controller "App\Controllers\base\Beranda" loaded.
INFO - 2022-03-24 05:17:35 --> Controller "App\Controllers\base\Beranda" loaded.
INFO - 2022-03-24 05:33:20 --> Controller "App\Controllers\base\Beranda" loaded.
INFO - 2022-03-24 05:48:54 --> Controller "App\Controllers\base\Beranda" loaded.
INFO - 2022-03-24 06:03:39 --> Controller "App\Controllers\base\Beranda" loaded.
INFO - 2022-03-24 06:24:06 --> Controller "App\Controllers\base\Beranda" loaded.
INFO - 2022-03-24 07:00:01 --> Controller "App\Controllers\base\Beranda" loaded.
INFO - 2022-03-24 07:00:02 --> Controller "App\Controllers\base\Beranda" loaded.
INFO - 2022-03-24 07:10:02 --> Controller "App\Controllers\base\Beranda" loaded.
INFO - 2022-03-24 07:20:02 --> Controller "App\Controllers\base\Beranda" loaded.
INFO - 2022-03-24 07:20:12 --> Session: Class initialized using 'CodeIgniter\Session\Handlers\FileHandler' driver.
INFO - 2022-03-24 07:20:12 --> Controller "App\Controllers\admin\Admin" loaded.
INFO - 2022-03-24 07:20:26 --> Session: Class initialized using 'CodeIgniter\Session\Handlers\FileHandler' driver.
INFO - 2022-03-24 07:20:26 --> Controller "App\Controllers\admin\Admin" loaded.
INFO - 2022-03-24 07:20:26 --> Session: Class initialized using 'CodeIgniter\Session\Handlers\FileHandler' driver.
INFO - 2022-03-24 07:20:26 --> Controller "App\Controllers\admin\Admin" loaded.
INFO - 2022-03-24 07:20:31 --> Session: Class initialized using 'CodeIgniter\Session\Handlers\FileHandler' driver.
INFO - 2022-03-24 07:20:31 --> Controller "App\Controllers\admin\Admin" loaded.
INFO - 2022-03-24 07:20:39 --> Session: Class initialized using 'CodeIgniter\Session\Handlers\FileHandler' driver.
INFO - 2022-03-24 07:20:39 --> Controller "App\Controllers\admin\Admin" loaded.
INFO - 2022-03-24 07:20:39 --> Session: Class initialized using 'CodeIgniter\Session\Handlers\FileHandler' driver.
INFO - 2022-03-24 07:20:39 --> Controller "App\Controllers\admin\Admin" loaded.
INFO - 2022-03-24 07:20:50 --> Session: Class initialized using 'CodeIgniter\Session\Handlers\FileHandler' driver.
INFO - 2022-03-24 07:20:50 --> Controller "App\Controllers\admin\Admin" loaded.
INFO - 2022-03-24 07:20:51 --> Session: Class initialized using 'CodeIgniter\Session\Handlers\FileHandler' driver.
INFO - 2022-03-24 07:20:51 --> Controller "App\Controllers\admin\Admin" loaded.
INFO - 2022-03-24 07:30:02 --> Controller "App\Controllers\base\Beranda" loaded.
INFO - 2022-03-24 07:40:02 --> Controller "App\Controllers\base\Beranda" loaded.
INFO - 2022-03-24 07:50:02 --> Controller "App\Controllers\base\Beranda" loaded.
INFO - 2022-03-24 08:00:02 --> Controller "App\Controllers\base\Beranda" loaded.
INFO - 2022-03-24 08:10:02 --> Controller "App\Controllers\base\Beranda" loaded.
INFO - 2022-03-24 08:16:25 --> Session: Class initialized using 'CodeIgniter\Session\Handlers\FileHandler' driver.
INFO - 2022-03-24 08:16:25 --> Controller "App\Controllers\base\Dashboard" loaded.
INFO - 2022-03-24 08:16:43 --> Session: Class initialized using 'CodeIgniter\Session\Handlers\FileHandler' driver.
INFO - 2022-03-24 08:16:43 --> Controller "App\Controllers\base\Dashboard" loaded.
INFO - 2022-03-24 08:16:43 --> Session: Class initialized using 'CodeIgniter\Session\Handlers\FileHandler' driver.
INFO - 2022-03-24 08:16:43 --> Controller "App\Controllers\base\Dashboard" loaded.
INFO - 2022-03-24 08:16:57 --> Session: Class initialized using 'CodeIgniter\Session\Handlers\FileHandler' driver.
INFO - 2022-03-24 08:16:57 --> Controller "App\Controllers\base\Dashboard" loaded.
INFO - 2022-03-24 08:17:00 --> Session: Class initialized using 'CodeIgniter\Session\Handlers\FileHandler' driver.
INFO - 2022-03-24 08:17:00 --> Controller "App\Controllers\base\Dashboard" loaded.
INFO - 2022-03-24 08:17:04 --> Session: Class initialized using 'CodeIgniter\Session\Handlers\FileHandler' driver.
INFO - 2022-03-24 08:17:04 --> Controller "App\Controllers\base\Dashboard" loaded.
INFO - 2022-03-24 08:17:11 --> Session: Class initialized using 'CodeIgniter\Session\Handlers\FileHandler' driver.
INFO - 2022-03-24 08:17:11 --> Controller "App\Controllers\base\Dashboard" loaded.
INFO - 2022-03-24 08:17:12 --> Session: Class initialized using 'CodeIgniter\Session\Handlers\FileHandler' driver.
INFO - 2022-03-24 08:17:12 --> Controller "App\Controllers\base\Dashboard" loaded.
INFO - 2022-03-24 08:19:04 --> Controller "App\Controllers\base\Beranda" loaded.
INFO - 2022-03-24 08:19:15 --> Controller "App\Controllers\base\Beranda" loaded.
INFO - 2022-03-24 08:19:53 --> Controller "App\Controllers\base\Beranda" loaded.
INFO - 2022-03-24 08:20:01 --> Controller "App\Controllers\base\Beranda" loaded.
INFO - 2022-03-24 08:21:16 --> Controller "App\Controllers\base\Beranda" loaded.
INFO - 2022-03-24 08:21:31 --> Controller "App\Controllers\base\Beranda" loaded.
INFO - 2022-03-24 08:24:10 --> Controller "App\Controllers\base\Beranda" loaded.
INFO - 2022-03-24 08:25:06 --> Controller "App\Controllers\base\Beranda" loaded.
INFO - 2022-03-24 08:25:49 --> Session: Class initialized using 'CodeIgniter\Session\Handlers\FileHandler' driver.
INFO - 2022-03-24 08:25:49 --> Controller "App\Controllers\base\Dashboard" loaded.
INFO - 2022-03-24 08:30:02 --> Controller "App\Controllers\base\Beranda" loaded.
INFO - 2022-03-24 08:30:03 --> Session: Class initialized using 'CodeIgniter\Session\Handlers\FileHandler' driver.
INFO - 2022-03-24 08:30:03 --> Controller "App\Controllers\base\Order" loaded.
INFO - 2022-03-24 08:37:01 --> Session: Class initialized using 'CodeIgniter\Session\Handlers\FileHandler' driver.
INFO - 2022-03-24 08:37:01 --> Controller "App\Controllers\undangan\Undangan" loaded.
INFO - 2022-03-24 08:40:02 --> Controller "App\Controllers\base\Beranda" loaded.
INFO - 2022-03-24 08:50:02 --> Controller "App\Controllers\base\Beranda" loaded.
INFO - 2022-03-24 08:58:50 --> Session: Class initialized using 'CodeIgniter\Session\Handlers\FileHandler' driver.
INFO - 2022-03-24 08:58:50 --> Controller "App\Controllers\base\Dashboard" loaded.
INFO - 2022-03-24 09:00:02 --> Controller "App\Controllers\base\Beranda" loaded.
INFO - 2022-03-24 09:02:46 --> Controller "App\Controllers\base\Beranda" loaded.
INFO - 2022-03-24 09:10:02 --> Controller "App\Controllers\base\Beranda" loaded.
INFO - 2022-03-24 09:20:02 --> Controller "App\Controllers\base\Beranda" loaded.
INFO - 2022-03-24 09:30:02 --> Controller "App\Controllers\base\Beranda" loaded.
INFO - 2022-03-24 09:40:02 --> Controller "App\Controllers\base\Beranda" loaded.
INFO - 2022-03-24 09:50:02 --> Controller "App\Controllers\base\Beranda" loaded.
INFO - 2022-03-24 09:57:21 --> Controller "App\Controllers\base\Beranda" loaded.
INFO - 2022-03-24 09:57:33 --> Controller "App\Controllers\base\Beranda" loaded.
INFO - 2022-03-24 09:58:13 --> Controller "App\Controllers\base\Beranda" loaded.
INFO - 2022-03-24 09:58:28 --> Controller "App\Controllers\base\Beranda" loaded.
INFO - 2022-03-24 09:59:35 --> Controller "App\Controllers\base\Beranda" loaded.
INFO - 2022-03-24 10:00:02 --> Controller "App\Controllers\base\Beranda" loaded.
INFO - 2022-03-24 10:10:02 --> Controller "App\Controllers\base\Beranda" loaded.
INFO - 2022-03-24 10:20:01 --> Controller "App\Controllers\base\Beranda" loaded.
INFO - 2022-03-24 10:28:34 --> Controller "App\Controllers\base\Beranda" loaded.
INFO - 2022-03-24 10:28:46 --> Controller "App\Controllers\base\Beranda" loaded.
INFO - 2022-03-24 10:30:02 --> Controller "App\Controllers\base\Beranda" loaded.
INFO - 2022-03-24 10:30:49 --> Controller "App\Controllers\base\Beranda" loaded.
INFO - 2022-03-24 10:31:05 --> Session: Class initialized using 'CodeIgniter\Session\Handlers\FileHandler' driver.
INFO - 2022-03-24 10:31:05 --> Controller "App\Controllers\undangan\Undangan" loaded.
INFO - 2022-03-24 10:31:06 --> Session: Class initialized using 'CodeIgniter\Session\Handlers\FileHandler' driver.
INFO - 2022-03-24 10:31:06 --> Controller "App\Controllers\undangan\Undangan" loaded.
INFO - 2022-03-24 10:31:07 --> Session: Class initialized using 'CodeIgniter\Session\Handlers\FileHandler' driver.
INFO - 2022-03-24 10:31:07 --> Controller "App\Controllers\undangan\Undangan" loaded.
INFO - 2022-03-24 10:31:51 --> Controller "App\Controllers\base\Beranda" loaded.
INFO - 2022-03-24 10:32:55 --> Controller "App\Controllers\base\Beranda" loaded.
INFO - 2022-03-24 10:33:20 --> Controller "App\Controllers\base\Beranda" loaded.
INFO - 2022-03-24 10:33:54 --> Controller "App\Controllers\base\Beranda" loaded.
INFO - 2022-03-24 10:33:59 --> Controller "App\Controllers\base\Beranda" loaded.
INFO - 2022-03-24 10:34:23 --> Session: Class initialized using 'CodeIgniter\Session\Handlers\FileHandler' driver.
INFO - 2022-03-24 10:34:23 --> Controller "App\Controllers\base\Order" loaded.
INFO - 2022-03-24 10:35:09 --> Controller "App\Controllers\base\Beranda" loaded.
INFO - 2022-03-24 10:35:09 --> Controller "App\Controllers\base\Beranda" loaded.
INFO - 2022-03-24 10:36:23 --> Controller "App\Controllers\base\Beranda" loaded.
INFO - 2022-03-24 10:37:29 --> Controller "App\Controllers\base\Beranda" loaded.
INFO - 2022-03-24 10:38:51 --> Controller "App\Controllers\base\Beranda" loaded.
INFO - 2022-03-24 10:40:02 --> Controller "App\Controllers\base\Beranda" loaded.
INFO - 2022-03-24 10:40:56 --> Controller "App\Controllers\base\Beranda" loaded.
INFO - 2022-03-24 10:47:50 --> Controller "App\Controllers\base\Beranda" loaded.
INFO - 2022-03-24 10:50:02 --> Controller "App\Controllers\base\Beranda" loaded.
INFO - 2022-03-24 10:50:42 --> Controller "App\Controllers\base\Beranda" loaded.
INFO - 2022-03-24 10:50:53 --> Controller "App\Controllers\base\Beranda" loaded.
INFO - 2022-03-24 10:52:37 --> Controller "App\Controllers\base\Beranda" loaded.
INFO - 2022-03-24 10:53:40 --> Controller "App\Controllers\base\Beranda" loaded.
INFO - 2022-03-24 10:55:16 --> Controller "App\Controllers\base\Beranda" loaded.
INFO - 2022-03-24 11:00:02 --> Controller "App\Controllers\base\Beranda" loaded.
INFO - 2022-03-24 11:01:29 --> Controller "App\Controllers\base\Beranda" loaded.
INFO - 2022-03-24 11:05:11 --> Controller "App\Controllers\base\Beranda" loaded.
INFO - 2022-03-24 11:08:34 --> Controller "App\Controllers\base\Beranda" loaded.
INFO - 2022-03-24 11:10:02 --> Controller "App\Controllers\base\Beranda" loaded.
INFO - 2022-03-24 11:10:05 --> Controller "App\Controllers\base\Beranda" loaded.
INFO - 2022-03-24 11:10:35 --> Controller "App\Controllers\base\Beranda" loaded.
INFO - 2022-03-24 11:12:34 --> Controller "App\Controllers\base\Beranda" loaded.
INFO - 2022-03-24 11:15:48 --> Controller "App\Controllers\base\Beranda" loaded.
INFO - 2022-03-24 11:17:47 --> Controller "App\Controllers\base\Beranda" loaded.
INFO - 2022-03-24 11:20:02 --> Controller "App\Controllers\base\Beranda" loaded.
INFO - 2022-03-24 11:21:22 --> Controller "App\Controllers\base\Beranda" loaded.
INFO - 2022-03-24 11:23:46 --> Controller "App\Controllers\base\Beranda" loaded.
INFO - 2022-03-24 11:24:28 --> Controller "App\Controllers\base\Beranda" loaded.
INFO - 2022-03-24 11:26:02 --> Controller "App\Controllers\base\Beranda" loaded.
INFO - 2022-03-24 11:26:55 --> Controller "App\Controllers\base\Beranda" loaded.
INFO - 2022-03-24 11:28:17 --> Controller "App\Controllers\base\Beranda" loaded.
INFO - 2022-03-24 11:28:40 --> Controller "App\Controllers\base\Beranda" loaded.
INFO - 2022-03-24 11:30:02 --> Controller "App\Controllers\base\Beranda" loaded.
INFO - 2022-03-24 11:40:02 --> Controller "App\Controllers\base\Beranda" loaded.
INFO - 2022-03-24 11:50:02 --> Controller "App\Controllers\base\Beranda" loaded.
INFO - 2022-03-24 11:52:54 --> Controller "App\Controllers\base\Beranda" loaded.
INFO - 2022-03-24 11:56:49 --> Controller "App\Controllers\base\Beranda" loaded.
INFO - 2022-03-24 12:00:02 --> Controller "App\Controllers\base\Beranda" loaded.
INFO - 2022-03-24 12:10:02 --> Controller "App\Controllers\base\Beranda" loaded.
INFO - 2022-03-24 12:18:47 --> Session: Class initialized using 'CodeIgniter\Session\Handlers\FileHandler' driver.
INFO - 2022-03-24 12:18:47 --> Controller "App\Controllers\undangan\Undangan" loaded.
INFO - 2022-03-24 12:19:57 --> Session: Class initialized using 'CodeIgniter\Session\Handlers\FileHandler' driver.
INFO - 2022-03-24 12:19:57 --> Controller "App\Controllers\undangan\Undangan" loaded.
INFO - 2022-03-24 12:19:57 --> Session: Class initialized using 'CodeIgniter\Session\Handlers\FileHandler' driver.
INFO - 2022-03-24 12:19:57 --> Controller "App\Controllers\undangan\Undangan" loaded.
INFO - 2022-03-24 12:19:57 --> Session: Class initialized using 'CodeIgniter\Session\Handlers\FileHandler' driver.
INFO - 2022-03-24 12:19:57 --> Controller "App\Controllers\undangan\Undangan" loaded.
INFO - 2022-03-24 12:19:58 --> Session: Class initialized using 'CodeIgniter\Session\Handlers\FileHandler' driver.
INFO - 2022-03-24 12:19:58 --> Controller "App\Controllers\undangan\Undangan" loaded.
INFO - 2022-03-24 12:20:02 --> Controller "App\Controllers\base\Beranda" loaded.
INFO - 2022-03-24 12:30:02 --> Controller "App\Controllers\base\Beranda" loaded.
INFO - 2022-03-24 12:32:09 --> Controller "App\Controllers\base\Beranda" loaded.
INFO - 2022-03-24 12:32:22 --> Controller "App\Controllers\base\Beranda" loaded.
INFO - 2022-03-24 12:32:30 --> Session: Class initialized using 'CodeIgniter\Session\Handlers\FileHandler' driver.
INFO - 2022-03-24 12:32:30 --> Controller "App\Controllers\base\Order" loaded.
INFO - 2022-03-24 12:33:36 --> Session: Class initialized using 'CodeIgniter\Session\Handlers\FileHandler' driver.
INFO - 2022-03-24 12:33:36 --> Controller "App\Controllers\undangan\Undangan" loaded.
INFO - 2022-03-24 12:34:08 --> Session: Class initialized using 'CodeIgniter\Session\Handlers\FileHandler' driver.
INFO - 2022-03-24 12:34:08 --> Controller "App\Controllers\bukutamu\Bukutamu" loaded.
INFO - 2022-03-24 12:37:54 --> Controller "App\Controllers\base\Beranda" loaded.
INFO - 2022-03-24 12:38:05 --> Session: Class initialized using 'CodeIgniter\Session\Handlers\FileHandler' driver.
INFO - 2022-03-24 12:38:05 --> Controller "App\Controllers\base\Dashboard" loaded.
INFO - 2022-03-24 12:38:07 --> Controller "App\Controllers\base\Beranda" loaded.
INFO - 2022-03-24 12:39:40 --> Controller "App\Controllers\base\Beranda" loaded.
INFO - 2022-03-24 12:40:00 --> Controller "App\Controllers\base\Beranda" loaded.
INFO - 2022-03-24 12:40:01 --> Controller "App\Controllers\base\Beranda" loaded.
INFO - 2022-03-24 12:41:13 --> Session: Class initialized using 'CodeIgniter\Session\Handlers\FileHandler' driver.
INFO - 2022-03-24 12:41:13 --> Controller "App\Controllers\base\Order" loaded.
INFO - 2022-03-24 12:42:04 --> Controller "App\Controllers\base\Beranda" loaded.
INFO - 2022-03-24 12:47:41 --> Controller "App\Controllers\base\Beranda" loaded.
INFO - 2022-03-24 12:49:47 --> Session: Class initialized using 'CodeIgniter\Session\Handlers\FileHandler' driver.
INFO - 2022-03-24 12:49:47 --> Controller "App\Controllers\bukutamu\Bukutamu" loaded.
INFO - 2022-03-24 12:49:56 --> Session: Class initialized using 'CodeIgniter\Session\Handlers\FileHandler' driver.
INFO - 2022-03-24 12:49:56 --> Controller "App\Controllers\bukutamu\Bukutamu" loaded.
INFO - 2022-03-24 12:50:02 --> Controller "App\Controllers\base\Beranda" loaded.
INFO - 2022-03-24 12:50:24 --> Session: Class initialized using 'CodeIgniter\Session\Handlers\FileHandler' driver.
INFO - 2022-03-24 12:50:24 --> Controller "App\Controllers\undangan\Undangan" loaded.
INFO - 2022-03-24 12:51:33 --> Controller "App\Controllers\base\Beranda" loaded.
INFO - 2022-03-24 12:51:53 --> Controller "App\Controllers\base\Beranda" loaded.
INFO - 2022-03-24 12:52:43 --> Session: Class initialized using 'CodeIgniter\Session\Handlers\FileHandler' driver.
INFO - 2022-03-24 12:52:43 --> Controller "App\Controllers\base\Order" loaded.
INFO - 2022-03-24 12:52:44 --> Controller "App\Controllers\base\Beranda" loaded.
INFO - 2022-03-24 12:52:51 --> Session: Class initialized using 'CodeIgniter\Session\Handlers\FileHandler' driver.
INFO - 2022-03-24 12:52:51 --> Controller "App\Controllers\base\Order" loaded.
INFO - 2022-03-24 12:53:02 --> Controller "App\Controllers\base\Beranda" loaded.
INFO - 2022-03-24 12:53:05 --> Controller "App\Controllers\base\Beranda" loaded.
INFO - 2022-03-24 12:53:10 --> Controller "App\Controllers\base\Beranda" loaded.
INFO - 2022-03-24 12:53:23 --> Controller "App\Controllers\base\Beranda" loaded.
INFO - 2022-03-24 12:53:36 --> Controller "App\Controllers\base\Beranda" loaded.
INFO - 2022-03-24 12:53:52 --> Controller "App\Controllers\base\Beranda" loaded.
INFO - 2022-03-24 13:00:02 --> Controller "App\Controllers\base\Beranda" loaded.
INFO - 2022-03-24 13:07:12 --> Session: Class initialized using 'CodeIgniter\Session\Handlers\FileHandler' driver.
INFO - 2022-03-24 13:07:12 --> Controller "App\Controllers\undangan\Undangan" loaded.
INFO - 2022-03-24 13:10:02 --> Controller "App\Controllers\base\Beranda" loaded.
INFO - 2022-03-24 13:12:56 --> Session: Class initialized using 'CodeIgniter\Session\Handlers\FileHandler' driver.
INFO - 2022-03-24 13:12:56 --> Controller "App\Controllers\undangan\Undangan" loaded.
INFO - 2022-03-24 13:13:23 --> Session: Class initialized using 'CodeIgniter\Session\Handlers\FileHandler' driver.
INFO - 2022-03-24 13:13:23 --> Controller "App\Controllers\undangan\Undangan" loaded.
INFO - 2022-03-24 13:13:35 --> Session: Class initialized using 'CodeIgniter\Session\Handlers\FileHandler' driver.
INFO - 2022-03-24 13:13:35 --> Controller "App\Controllers\undangan\Undangan" loaded.
INFO - 2022-03-24 13:20:02 --> Controller "App\Controllers\base\Beranda" loaded.
INFO - 2022-03-24 13:30:02 --> Controller "App\Controllers\base\Beranda" loaded.
INFO - 2022-03-24 13:40:02 --> Controller "App\Controllers\base\Beranda" loaded.
INFO - 2022-03-24 13:41:07 --> Session: Class initialized using 'CodeIgniter\Session\Handlers\FileHandler' driver.
INFO - 2022-03-24 13:41:07 --> Controller "App\Controllers\undangan\Undangan" loaded.
INFO - 2022-03-24 13:41:10 --> Controller "App\Controllers\base\Beranda" loaded.
INFO - 2022-03-24 13:43:00 --> Session: Class initialized using 'CodeIgniter\Session\Handlers\FileHandler' driver.
INFO - 2022-03-24 13:43:00 --> Controller "App\Controllers\undangan\Undangan" loaded.
INFO - 2022-03-24 13:43:57 --> Session: Class initialized using 'CodeIgniter\Session\Handlers\FileHandler' driver.
INFO - 2022-03-24 13:43:57 --> Controller "App\Controllers\undangan\Undangan" loaded.
INFO - 2022-03-24 13:44:56 --> Session: Class initialized using 'CodeIgniter\Session\Handlers\FileHandler' driver.
INFO - 2022-03-24 13:44:56 --> Controller "App\Controllers\undangan\Undangan" loaded.
INFO - 2022-03-24 13:45:37 --> Controller "App\Controllers\base\Beranda" loaded.
INFO - 2022-03-24 13:50:02 --> Controller "App\Controllers\base\Beranda" loaded.
INFO - 2022-03-24 13:51:02 --> Controller "App\Controllers\base\Beranda" loaded.
INFO - 2022-03-24 13:51:07 --> Controller "App\Controllers\base\Beranda" loaded.
INFO - 2022-03-24 13:55:05 --> Controller "App\Controllers\base\Beranda" loaded.
INFO - 2022-03-24 13:56:39 --> Controller "App\Controllers\base\Beranda" loaded.
INFO - 2022-03-24 13:57:41 --> Controller "App\Controllers\base\Beranda" loaded.
INFO - 2022-03-24 13:57:44 --> Controller "App\Controllers\base\Beranda" loaded.
INFO - 2022-03-24 13:57:52 --> Controller "App\Controllers\base\Beranda" loaded.
INFO - 2022-03-24 14:00:02 --> Controller "App\Controllers\base\Beranda" loaded.
INFO - 2022-03-24 14:01:24 --> Session: Class initialized using 'CodeIgniter\Session\Handlers\FileHandler' driver.
INFO - 2022-03-24 14:01:24 --> Controller "App\Controllers\undangan\Undangan" loaded.
INFO - 2022-03-24 14:08:28 --> Controller "App\Controllers\base\Beranda" loaded.
INFO - 2022-03-24 14:08:38 --> Controller "App\Controllers\base\Beranda" loaded.
INFO - 2022-03-24 14:10:02 --> Controller "App\Controllers\base\Beranda" loaded.
INFO - 2022-03-24 14:20:02 --> Controller "App\Controllers\base\Beranda" loaded.
INFO - 2022-03-24 14:30:01 --> Controller "App\Controllers\base\Beranda" loaded.
INFO - 2022-03-24 14:39:18 --> Controller "App\Controllers\base\Beranda" loaded.
INFO - 2022-03-24 14:40:02 --> Controller "App\Controllers\base\Beranda" loaded.
INFO - 2022-03-24 14:50:02 --> Controller "App\Controllers\base\Beranda" loaded.
INFO - 2022-03-24 15:00:02 --> Controller "App\Controllers\base\Beranda" loaded.
INFO - 2022-03-24 15:03:20 --> Controller "App\Controllers\base\Beranda" loaded.
INFO - 2022-03-24 15:04:14 --> Session: Class initialized using 'CodeIgniter\Session\Handlers\FileHandler' driver.
INFO - 2022-03-24 15:04:14 --> Controller "App\Controllers\base\Order" loaded.
INFO - 2022-03-24 15:04:18 --> Controller "App\Controllers\base\Beranda" loaded.
INFO - 2022-03-24 15:09:12 --> Session: Class initialized using 'CodeIgniter\Session\Handlers\FileHandler' driver.
INFO - 2022-03-24 15:09:12 --> Controller "App\Controllers\undangan\Undangan" loaded.
INFO - 2022-03-24 15:10:02 --> Controller "App\Controllers\base\Beranda" loaded.
INFO - 2022-03-24 15:19:56 --> Controller "App\Controllers\base\Beranda" loaded.
INFO - 2022-03-24 15:20:01 --> Controller "App\Controllers\base\Beranda" loaded.
INFO - 2022-03-24 15:30:02 --> Controller "App\Controllers\base\Beranda" loaded.
INFO - 2022-03-24 15:40:02 --> Controller "App\Controllers\base\Beranda" loaded.
INFO - 2022-03-24 15:43:59 --> Controller "App\Controllers\base\Beranda" loaded.
INFO - 2022-03-24 15:44:02 --> Controller "App\Controllers\base\Beranda" loaded.
INFO - 2022-03-24 15:44:09 --> Controller "App\Controllers\base\Beranda" loaded.
INFO - 2022-03-24 15:44:42 --> Controller "App\Controllers\base\Beranda" loaded.
INFO - 2022-03-24 15:44:51 --> Controller "App\Controllers\base\Beranda" loaded.
INFO - 2022-03-24 15:45:28 --> Controller "App\Controllers\base\Beranda" loaded.
INFO - 2022-03-24 15:45:56 --> Controller "App\Controllers\base\Beranda" loaded.
INFO - 2022-03-24 15:46:10 --> Controller "App\Controllers\base\Beranda" loaded.
INFO - 2022-03-24 15:46:52 --> Controller "App\Controllers\base\Beranda" loaded.
INFO - 2022-03-24 15:46:56 --> Controller "App\Controllers\base\Beranda" loaded.
INFO - 2022-03-24 15:46:57 --> Controller "App\Controllers\base\Beranda" loaded.
INFO - 2022-03-24 15:47:04 --> Controller "App\Controllers\base\Beranda" loaded.
INFO - 2022-03-24 15:47:13 --> Controller "App\Controllers\base\Beranda" loaded.
INFO - 2022-03-24 15:47:20 --> Controller "App\Controllers\base\Beranda" loaded.
INFO - 2022-03-24 15:47:25 --> Controller "App\Controllers\base\Beranda" loaded.
INFO - 2022-03-24 15:47:30 --> Controller "App\Controllers\base\Beranda" loaded.
INFO - 2022-03-24 15:50:02 --> Controller "App\Controllers\base\Beranda" loaded.
INFO - 2022-03-24 15:50:19 --> Controller "App\Controllers\base\Beranda" loaded.
INFO - 2022-03-24 15:50:50 --> Controller "App\Controllers\base\Beranda" loaded.
INFO - 2022-03-24 15:51:59 --> Session: Class initialized using 'CodeIgniter\Session\Handlers\FileHandler' driver.
INFO - 2022-03-24 15:51:59 --> Controller "App\Controllers\undangan\Undangan" loaded.
INFO - 2022-03-24 16:00:02 --> Controller "App\Controllers\base\Beranda" loaded.
INFO - 2022-03-24 16:06:18 --> Controller "App\Controllers\base\Beranda" loaded.
INFO - 2022-03-24 16:10:02 --> Controller "App\Controllers\base\Beranda" loaded.
INFO - 2022-03-24 16:20:02 --> Controller "App\Controllers\base\Beranda" loaded.
INFO - 2022-03-24 16:24:09 --> Session: Class initialized using 'CodeIgniter\Session\Handlers\FileHandler' driver.
INFO - 2022-03-24 16:24:09 --> Controller "App\Controllers\undangan\Undangan" loaded.
INFO - 2022-03-24 16:30:02 --> Controller "App\Controllers\base\Beranda" loaded.
INFO - 2022-03-24 16:40:02 --> Controller "App\Controllers\base\Beranda" loaded.
INFO - 2022-03-24 16:50:02 --> Controller "App\Controllers\base\Beranda" loaded.
INFO - 2022-03-24 16:59:42 --> Session: Class initialized using 'CodeIgniter\Session\Handlers\FileHandler' driver.
INFO - 2022-03-24 16:59:42 --> Controller "App\Controllers\undangan\Undangan" loaded.
INFO - 2022-03-24 17:00:02 --> Controller "App\Controllers\base\Beranda" loaded.
INFO - 2022-03-24 17:10:02 --> Controller "App\Controllers\base\Beranda" loaded.
INFO - 2022-03-24 17:17:29 --> Controller "App\Controllers\base\Beranda" loaded.
INFO - 2022-03-24 17:20:02 --> Controller "App\Controllers\base\Beranda" loaded.
INFO - 2022-03-24 17:30:02 --> Controller "App\Controllers\base\Beranda" loaded.
INFO - 2022-03-24 17:40:02 --> Controller "App\Controllers\base\Beranda" loaded.
INFO - 2022-03-24 17:50:02 --> Controller "App\Controllers\base\Beranda" loaded.
INFO - 2022-03-24 17:55:09 --> Controller "App\Controllers\base\Beranda" loaded.
INFO - 2022-03-24 17:55:17 --> Controller "App\Controllers\base\Beranda" loaded.
INFO - 2022-03-24 18:00:02 --> Controller "App\Controllers\base\Beranda" loaded.
INFO - 2022-03-24 18:06:07 --> Controller "App\Controllers\base\Beranda" loaded.
INFO - 2022-03-24 18:10:02 --> Controller "App\Controllers\base\Beranda" loaded.
INFO - 2022-03-24 18:20:02 --> Controller "App\Controllers\base\Beranda" loaded.
INFO - 2022-03-24 18:30:02 --> Controller "App\Controllers\base\Beranda" loaded.
INFO - 2022-03-24 18:40:02 --> Controller "App\Controllers\base\Beranda" loaded.
INFO - 2022-03-24 18:41:05 --> Controller "App\Controllers\base\Beranda" loaded.
INFO - 2022-03-24 18:50:02 --> Controller "App\Controllers\base\Beranda" loaded.
INFO - 2022-03-24 18:53:39 --> Controller "App\Controllers\base\Beranda" loaded.
INFO - 2022-03-24 19:00:02 --> Controller "App\Controllers\base\Beranda" loaded.
INFO - 2022-03-24 19:10:02 --> Controller "App\Controllers\base\Beranda" loaded.
INFO - 2022-03-24 19:20:02 --> Controller "App\Controllers\base\Beranda" loaded.
INFO - 2022-03-24 19:20:19 --> Controller "App\Controllers\base\Beranda" loaded.
INFO - 2022-03-24 19:30:02 --> Controller "App\Controllers\base\Beranda" loaded.
INFO - 2022-03-24 19:40:02 --> Controller "App\Controllers\base\Beranda" loaded.
INFO - 2022-03-24 19:47:13 --> Session: Class initialized using 'CodeIgniter\Session\Handlers\FileHandler' driver.
INFO - 2022-03-24 19:47:13 --> Controller "App\Controllers\base\Dashboard" loaded.
INFO - 2022-03-24 19:50:02 --> Controller "App\Controllers\base\Beranda" loaded.
INFO - 2022-03-24 19:55:06 --> Controller "App\Controllers\base\Beranda" loaded.
INFO - 2022-03-24 20:00:02 --> Controller "App\Controllers\base\Beranda" loaded.
INFO - 2022-03-24 20:10:02 --> Controller "App\Controllers\base\Beranda" loaded.
INFO - 2022-03-24 20:20:02 --> Controller "App\Controllers\base\Beranda" loaded.
INFO - 2022-03-24 20:30:02 --> Controller "App\Controllers\base\Beranda" loaded.
INFO - 2022-03-24 20:40:01 --> Controller "App\Controllers\base\Beranda" loaded.
INFO - 2022-03-24 20:50:02 --> Controller "App\Controllers\base\Beranda" loaded.
INFO - 2022-03-24 20:55:52 --> Session: Class initialized using 'CodeIgniter\Session\Handlers\FileHandler' driver.
INFO - 2022-03-24 20:55:52 --> Controller "App\Controllers\base\Dashboard" loaded.
INFO - 2022-03-24 20:56:21 --> Session: Class initialized using 'CodeIgniter\Session\Handlers\FileHandler' driver.
INFO - 2022-03-24 20:56:21 --> Controller "App\Controllers\base\Dashboard" loaded.
INFO - 2022-03-24 20:56:21 --> Session: Class initialized using 'CodeIgniter\Session\Handlers\FileHandler' driver.
INFO - 2022-03-24 20:56:21 --> Controller "App\Controllers\base\Dashboard" loaded.
INFO - 2022-03-24 20:56:36 --> Session: Class initialized using 'CodeIgniter\Session\Handlers\FileHandler' driver.
INFO - 2022-03-24 20:56:36 --> Controller "App\Controllers\base\Dashboard" loaded.
INFO - 2022-03-24 20:56:37 --> Session: Class initialized using 'CodeIgniter\Session\Handlers\FileHandler' driver.
INFO - 2022-03-24 20:56:37 --> Controller "App\Controllers\base\Dashboard" loaded.
INFO - 2022-03-24 20:56:52 --> Session: Class initialized using 'CodeIgniter\Session\Handlers\FileHandler' driver.
INFO - 2022-03-24 20:56:52 --> Controller "App\Controllers\base\Dashboard" loaded.
INFO - 2022-03-24 20:57:03 --> Session: Class initialized using 'CodeIgniter\Session\Handlers\FileHandler' driver.
INFO - 2022-03-24 20:57:03 --> Controller "App\Controllers\base\Dashboard" loaded.
INFO - 2022-03-24 20:57:04 --> Session: Class initialized using 'CodeIgniter\Session\Handlers\FileHandler' driver.
INFO - 2022-03-24 20:57:04 --> Controller "App\Controllers\base\Dashboard" loaded.
INFO - 2022-03-24 20:59:45 --> Session: Class initialized using 'CodeIgniter\Session\Handlers\FileHandler' driver.
INFO - 2022-03-24 20:59:45 --> Controller "App\Controllers\base\Dashboard" loaded.
INFO - 2022-03-24 20:59:46 --> Session: Class initialized using 'CodeIgniter\Session\Handlers\FileHandler' driver.
INFO - 2022-03-24 20:59:46 --> Controller "App\Controllers\base\Dashboard" loaded.
INFO - 2022-03-24 21:00:01 --> Controller "App\Controllers\base\Beranda" loaded.
INFO - 2022-03-24 21:00:52 --> Session: Class initialized using 'CodeIgniter\Session\Handlers\FileHandler' driver.
INFO - 2022-03-24 21:00:52 --> Controller "App\Controllers\base\Dashboard" loaded.
INFO - 2022-03-24 21:00:53 --> Session: Class initialized using 'CodeIgniter\Session\Handlers\FileHandler' driver.
INFO - 2022-03-24 21:00:53 --> Controller "App\Controllers\base\Dashboard" loaded.
INFO - 2022-03-24 21:01:41 --> Session: Class initialized using 'CodeIgniter\Session\Handlers\FileHandler' driver.
INFO - 2022-03-24 21:01:41 --> Controller "App\Controllers\base\Dashboard" loaded.
INFO - 2022-03-24 21:01:47 --> Session: Class initialized using 'CodeIgniter\Session\Handlers\FileHandler' driver.
INFO - 2022-03-24 21:01:47 --> Controller "App\Controllers\base\Dashboard" loaded.
INFO - 2022-03-24 21:01:48 --> Session: Class initialized using 'CodeIgniter\Session\Handlers\FileHandler' driver.
INFO - 2022-03-24 21:01:48 --> Controller "App\Controllers\base\Dashboard" loaded.
INFO - 2022-03-24 21:03:19 --> Session: Class initialized using 'CodeIgniter\Session\Handlers\FileHandler' driver.
INFO - 2022-03-24 21:03:19 --> Controller "App\Controllers\base\Dashboard" loaded.
INFO - 2022-03-24 21:03:21 --> Session: Class initialized using 'CodeIgniter\Session\Handlers\FileHandler' driver.
INFO - 2022-03-24 21:03:21 --> Controller "App\Controllers\base\Dashboard" loaded.
INFO - 2022-03-24 21:05:01 --> Session: Class initialized using 'CodeIgniter\Session\Handlers\FileHandler' driver.
INFO - 2022-03-24 21:05:01 --> Controller "App\Controllers\base\Dashboard" loaded.
INFO - 2022-03-24 21:05:02 --> Session: Class initialized using 'CodeIgniter\Session\Handlers\FileHandler' driver.
INFO - 2022-03-24 21:05:02 --> Controller "App\Controllers\base\Dashboard" loaded.
INFO - 2022-03-24 21:05:25 --> Session: Class initialized using 'CodeIgniter\Session\Handlers\FileHandler' driver.
INFO - 2022-03-24 21:05:25 --> Controller "App\Controllers\base\Dashboard" loaded.
INFO - 2022-03-24 21:05:27 --> Session: Class initialized using 'CodeIgniter\Session\Handlers\FileHandler' driver.
INFO - 2022-03-24 21:05:27 --> Controller "App\Controllers\base\Dashboard" loaded.
INFO - 2022-03-24 21:05:28 --> Session: Class initialized using 'CodeIgniter\Session\Handlers\FileHandler' driver.
INFO - 2022-03-24 21:05:28 --> Controller "App\Controllers\base\Dashboard" loaded.
INFO - 2022-03-24 21:05:28 --> Session: Class initialized using 'CodeIgniter\Session\Handlers\FileHandler' driver.
INFO - 2022-03-24 21:05:28 --> Controller "App\Controllers\base\Dashboard" loaded.
INFO - 2022-03-24 21:07:13 --> Session: Class initialized using 'CodeIgniter\Session\Handlers\FileHandler' driver.
INFO - 2022-03-24 21:07:13 --> Controller "App\Controllers\base\Dashboard" loaded.
INFO - 2022-03-24 21:07:14 --> Session: Class initialized using 'CodeIgniter\Session\Handlers\FileHandler' driver.
INFO - 2022-03-24 21:07:14 --> Controller "App\Controllers\base\Dashboard" loaded.
INFO - 2022-03-24 21:08:10 --> Session: Class initialized using 'CodeIgniter\Session\Handlers\FileHandler' driver.
INFO - 2022-03-24 21:08:10 --> Controller "App\Controllers\base\Dashboard" loaded.
INFO - 2022-03-24 21:08:12 --> Session: Class initialized using 'CodeIgniter\Session\Handlers\FileHandler' driver.
INFO - 2022-03-24 21:08:12 --> Controller "App\Controllers\base\Dashboard" loaded.
INFO - 2022-03-24 21:08:59 --> Session: Class initialized using 'CodeIgniter\Session\Handlers\FileHandler' driver.
INFO - 2022-03-24 21:08:59 --> Controller "App\Controllers\undangan\Undangan" loaded.
INFO - 2022-03-24 21:10:02 --> Controller "App\Controllers\base\Beranda" loaded.
INFO - 2022-03-24 21:20:02 --> Controller "App\Controllers\base\Beranda" loaded.
INFO - 2022-03-24 21:21:05 --> Session: Class initialized using 'CodeIgniter\Session\Handlers\FileHandler' driver.
INFO - 2022-03-24 21:21:05 --> Controller "App\Controllers\base\Dashboard" loaded.
INFO - 2022-03-24 21:21:06 --> Session: Class initialized using 'CodeIgniter\Session\Handlers\FileHandler' driver.
INFO - 2022-03-24 21:21:06 --> Controller "App\Controllers\base\Dashboard" loaded.
INFO - 2022-03-24 21:21:23 --> Session: Class initialized using 'CodeIgniter\Session\Handlers\FileHandler' driver.
INFO - 2022-03-24 21:21:23 --> Controller "App\Controllers\undangan\Undangan" loaded.
INFO - 2022-03-24 21:21:28 --> Session: Class initialized using 'CodeIgniter\Session\Handlers\FileHandler' driver.
INFO - 2022-03-24 21:21:28 --> Controller "App\Controllers\base\Dashboard" loaded.
INFO - 2022-03-24 21:21:30 --> Session: Class initialized using 'CodeIgniter\Session\Handlers\FileHandler' driver.
INFO - 2022-03-24 21:21:30 --> Controller "App\Controllers\base\Dashboard" loaded.
INFO - 2022-03-24 21:25:57 --> Session: Class initialized using 'CodeIgniter\Session\Handlers\FileHandler' driver.
INFO - 2022-03-24 21:25:57 --> Controller "App\Controllers\undangan\Undangan" loaded.
INFO - 2022-03-24 21:30:02 --> Controller "App\Controllers\base\Beranda" loaded.
INFO - 2022-03-24 21:38:39 --> Session: Class initialized using 'CodeIgniter\Session\Handlers\FileHandler' driver.
INFO - 2022-03-24 21:38:39 --> Controller "App\Controllers\base\Dashboard" loaded.
INFO - 2022-03-24 21:39:47 --> Session: Class initialized using 'CodeIgniter\Session\Handlers\FileHandler' driver.
INFO - 2022-03-24 21:39:47 --> Controller "App\Controllers\base\Dashboard" loaded.
INFO - 2022-03-24 21:39:48 --> Session: Class initialized using 'CodeIgniter\Session\Handlers\FileHandler' driver.
INFO - 2022-03-24 21:39:48 --> Controller "App\Controllers\base\Dashboard" loaded.
INFO - 2022-03-24 21:40:01 --> Controller "App\Controllers\base\Beranda" loaded.
INFO - 2022-03-24 21:41:25 --> Session: Class initialized using 'CodeIgniter\Session\Handlers\FileHandler' driver.
INFO - 2022-03-24 21:41:25 --> Controller "App\Controllers\base\Dashboard" loaded.
INFO - 2022-03-24 21:41:26 --> Session: Class initialized using 'CodeIgniter\Session\Handlers\FileHandler' driver.
INFO - 2022-03-24 21:41:26 --> Controller "App\Controllers\base\Dashboard" loaded.
INFO - 2022-03-24 21:46:28 --> Session: Class initialized using 'CodeIgniter\Session\Handlers\FileHandler' driver.
INFO - 2022-03-24 21:46:28 --> Controller "App\Controllers\base\Dashboard" loaded.
INFO - 2022-03-24 21:46:30 --> Session: Class initialized using 'CodeIgniter\Session\Handlers\FileHandler' driver.
INFO - 2022-03-24 21:46:30 --> Controller "App\Controllers\base\Dashboard" loaded.
INFO - 2022-03-24 21:50:01 --> Controller "App\Controllers\base\Beranda" loaded.
INFO - 2022-03-24 22:00:02 --> Controller "App\Controllers\base\Beranda" loaded.
INFO - 2022-03-24 22:10:02 --> Controller "App\Controllers\base\Beranda" loaded.
INFO - 2022-03-24 22:20:02 --> Controller "App\Controllers\base\Beranda" loaded.
INFO - 2022-03-24 22:24:27 --> Session: Class initialized using 'CodeIgniter\Session\Handlers\FileHandler' driver.
INFO - 2022-03-24 22:24:27 --> Controller "App\Controllers\undangan\Undangan" loaded.
INFO - 2022-03-24 22:30:02 --> Controller "App\Controllers\base\Beranda" loaded.
INFO - 2022-03-24 22:40:02 --> Controller "App\Controllers\base\Beranda" loaded.
INFO - 2022-03-24 22:50:02 --> Controller "App\Controllers\base\Beranda" loaded.
INFO - 2022-03-24 23:23:01 --> Controller "App\Controllers\base\Beranda" loaded.
INFO - 2022-03-24 23:53:46 --> Controller "App\Controllers\base\Beranda" loaded.
INFO - 2022-03-24 23:56:25 --> Session: Class initialized using 'CodeIgniter\Session\Handlers\FileHandler' driver.
INFO - 2022-03-24 23:56:25 --> Controller "App\Controllers\admin\Admin" loaded.
INFO - 2022-03-24 23:56:27 --> Session: Class initialized using 'CodeIgniter\Session\Handlers\FileHandler' driver.
INFO - 2022-03-24 23:56:27 --> Controller "App\Controllers\admin\Admin" loaded.
INFO - 2022-03-24 23:56:34 --> Session: Class initialized using 'CodeIgniter\Session\Handlers\FileHandler' driver.
INFO - 2022-03-24 23:56:34 --> Controller "App\Controllers\bukutamu\Bukutamu" loaded.
CRITICAL - 2022-03-24 23:56:34 --> Undefined offset: 0
#0 /home/ngua4317/public_html/app/Controllers/bukutamu/Bukutamu.php(41): CodeIgniter\Debug\Exceptions->errorHandler(8, 'Undefined offse...', '/home/ngua4317/...', 41, Array)
#1 /home/ngua4317/public_html/system/CodeIgniter.php(910): App\Controllers\bukutamu\Bukutamu->bukutamu()
#2 /home/ngua4317/public_html/system/CodeIgniter.php(398): CodeIgniter\CodeIgniter->runController(Object(App\Controllers\bukutamu\Bukutamu))
#3 /home/ngua4317/public_html/system/CodeIgniter.php(306): CodeIgniter\CodeIgniter->handleRequest(NULL, Object(Config\Cache), false)
#4 /home/ngua4317/public_html/index.php(45): CodeIgniter\CodeIgniter->run()
#5 {main}
INFO - 2022-03-24 23:56:36 --> Session: Class initialized using 'CodeIgniter\Session\Handlers\FileHandler' driver.
INFO - 2022-03-24 23:56:36 --> Controller "App\Controllers\bukutamu\Bukutamu" loaded.
CRITICAL - 2022-03-24 23:56:36 --> Undefined offset: 0
#0 /home/ngua4317/public_html/app/Controllers/bukutamu/Bukutamu.php(41): CodeIgniter\Debug\Exceptions->errorHandler(8, 'Undefined offse...', '/home/ngua4317/...', 41, Array)
#1 /home/ngua4317/public_html/system/CodeIgniter.php(910): App\Controllers\bukutamu\Bukutamu->bukutamu()
#2 /home/ngua4317/public_html/system/CodeIgniter.php(398): CodeIgniter\CodeIgniter->runController(Object(App\Controllers\bukutamu\Bukutamu))
#3 /home/ngua4317/public_html/system/CodeIgniter.php(306): CodeIgniter\CodeIgniter->handleRequest(NULL, Object(Config\Cache), false)
#4 /home/ngua4317/public_html/index.php(45): CodeIgniter\CodeIgniter->run()
#5 {main}
