INFO - 2021-04-23 00:47:26 --> Controller "App\Controllers\base\Beranda" loaded.
INFO - 2021-04-23 01:08:56 --> Controller "App\Controllers\base\Beranda" loaded.
INFO - 2021-04-23 01:09:00 --> Session: Class initialized using 'CodeIgniter\Session\Handlers\FileHandler' driver.
INFO - 2021-04-23 01:09:00 --> Controller "App\Controllers\base\Dashboard" loaded.
INFO - 2021-04-23 01:09:04 --> Session: Class initialized using 'CodeIgniter\Session\Handlers\FileHandler' driver.
INFO - 2021-04-23 01:09:04 --> Controller "App\Controllers\base\Lupa_password" loaded.
INFO - 2021-04-23 01:09:08 --> Session: Class initialized using 'CodeIgniter\Session\Handlers\FileHandler' driver.
INFO - 2021-04-23 01:09:08 --> Controller "App\Controllers\base\Order" loaded.
INFO - 2021-04-23 01:09:08 --> Controller "App\Controllers\base\Beranda" loaded.
INFO - 2021-04-23 01:09:14 --> Session: Class initialized using 'CodeIgniter\Session\Handlers\FileHandler' driver.
INFO - 2021-04-23 01:09:14 --> Controller "App\Controllers\base\Order" loaded.
INFO - 2021-04-23 01:09:18 --> Controller "App\Controllers\base\Beranda" loaded.
INFO - 2021-04-23 01:09:22 --> Session: Class initialized using 'CodeIgniter\Session\Handlers\FileHandler' driver.
INFO - 2021-04-23 01:09:22 --> Controller "App\Controllers\base\Order" loaded.
INFO - 2021-04-23 01:09:26 --> Controller "App\Controllers\base\Beranda" loaded.
INFO - 2021-04-23 01:37:25 --> Controller "App\Controllers\base\Beranda" loaded.
INFO - 2021-04-23 01:37:26 --> Controller "App\Controllers\base\Beranda" loaded.
INFO - 2021-04-23 01:48:21 --> Session: Class initialized using 'CodeIgniter\Session\Handlers\FileHandler' driver.
INFO - 2021-04-23 01:48:22 --> Session: Class initialized using 'CodeIgniter\Session\Handlers\FileHandler' driver.
INFO - 2021-04-23 01:48:22 --> Controller "App\Controllers\undangan\Undangan" loaded.
INFO - 2021-04-23 01:48:53 --> Session: Class initialized using 'CodeIgniter\Session\Handlers\FileHandler' driver.
INFO - 2021-04-23 01:48:53 --> Controller "App\Controllers\undangan\Undangan" loaded.
INFO - 2021-04-23 01:49:20 --> Session: Class initialized using 'CodeIgniter\Session\Handlers\FileHandler' driver.
INFO - 2021-04-23 01:49:21 --> Session: Class initialized using 'CodeIgniter\Session\Handlers\FileHandler' driver.
INFO - 2021-04-23 01:49:21 --> Controller "App\Controllers\base\Dashboard" loaded.
INFO - 2021-04-23 01:51:26 --> Controller "App\Controllers\base\Beranda" loaded.
INFO - 2021-04-23 01:51:38 --> Session: Class initialized using 'CodeIgniter\Session\Handlers\FileHandler' driver.
INFO - 2021-04-23 01:51:38 --> Controller "App\Controllers\undangan\Undangan" loaded.
INFO - 2021-04-23 01:52:21 --> Controller "App\Controllers\base\Beranda" loaded.
INFO - 2021-04-23 01:52:51 --> Session: Class initialized using 'CodeIgniter\Session\Handlers\FileHandler' driver.
INFO - 2021-04-23 01:52:51 --> Controller "App\Controllers\undangan\Undangan" loaded.
INFO - 2021-04-23 01:55:45 --> Session: Class initialized using 'CodeIgniter\Session\Handlers\FileHandler' driver.
INFO - 2021-04-23 01:55:45 --> Controller "App\Controllers\undangan\Undangan" loaded.
INFO - 2021-04-23 02:19:08 --> Session: Class initialized using 'CodeIgniter\Session\Handlers\FileHandler' driver.
INFO - 2021-04-23 02:19:08 --> Controller "App\Controllers\undangan\Undangan" loaded.
INFO - 2021-04-23 02:25:15 --> Session: Class initialized using 'CodeIgniter\Session\Handlers\FileHandler' driver.
INFO - 2021-04-23 02:25:15 --> Controller "App\Controllers\undangan\Undangan" loaded.
INFO - 2021-04-23 02:25:44 --> Session: Class initialized using 'CodeIgniter\Session\Handlers\FileHandler' driver.
INFO - 2021-04-23 02:25:44 --> Controller "App\Controllers\undangan\Undangan" loaded.
INFO - 2021-04-23 02:39:12 --> Controller "App\Controllers\base\Beranda" loaded.
INFO - 2021-04-23 02:48:04 --> Controller "App\Controllers\base\Beranda" loaded.
INFO - 2021-04-23 02:52:58 --> Controller "App\Controllers\base\Beranda" loaded.
INFO - 2021-04-23 02:55:07 --> Controller "App\Controllers\base\Beranda" loaded.
INFO - 2021-04-23 03:27:28 --> Session: Class initialized using 'CodeIgniter\Session\Handlers\FileHandler' driver.
INFO - 2021-04-23 03:27:28 --> Controller "App\Controllers\undangan\Undangan" loaded.
INFO - 2021-04-23 03:48:41 --> Controller "App\Controllers\base\Beranda" loaded.
INFO - 2021-04-23 04:39:08 --> Controller "App\Controllers\base\Beranda" loaded.
INFO - 2021-04-23 04:54:08 --> Controller "App\Controllers\base\Beranda" loaded.
INFO - 2021-04-23 04:57:20 --> Session: Class initialized using 'CodeIgniter\Session\Handlers\FileHandler' driver.
INFO - 2021-04-23 04:57:20 --> Controller "App\Controllers\base\Order" loaded.
INFO - 2021-04-23 05:13:29 --> Controller "App\Controllers\base\Beranda" loaded.
INFO - 2021-04-23 05:22:43 --> Session: Class initialized using 'CodeIgniter\Session\Handlers\FileHandler' driver.
INFO - 2021-04-23 05:22:43 --> Controller "App\Controllers\undangan\Undangan" loaded.
INFO - 2021-04-23 05:23:17 --> Session: Class initialized using 'CodeIgniter\Session\Handlers\FileHandler' driver.
INFO - 2021-04-23 05:23:17 --> Controller "App\Controllers\undangan\Undangan" loaded.
INFO - 2021-04-23 05:24:11 --> Session: Class initialized using 'CodeIgniter\Session\Handlers\FileHandler' driver.
INFO - 2021-04-23 05:24:11 --> Controller "App\Controllers\undangan\Undangan" loaded.
INFO - 2021-04-23 05:26:31 --> Session: Class initialized using 'CodeIgniter\Session\Handlers\FileHandler' driver.
INFO - 2021-04-23 05:26:31 --> Controller "App\Controllers\undangan\Undangan" loaded.
INFO - 2021-04-23 05:32:47 --> Session: Class initialized using 'CodeIgniter\Session\Handlers\FileHandler' driver.
INFO - 2021-04-23 05:32:47 --> Controller "App\Controllers\undangan\Undangan" loaded.
INFO - 2021-04-23 05:36:14 --> Session: Class initialized using 'CodeIgniter\Session\Handlers\FileHandler' driver.
INFO - 2021-04-23 05:36:14 --> Controller "App\Controllers\undangan\Undangan" loaded.
INFO - 2021-04-23 05:36:14 --> Controller "App\Controllers\base\Beranda" loaded.
INFO - 2021-04-23 05:37:17 --> Session: Class initialized using 'CodeIgniter\Session\Handlers\FileHandler' driver.
INFO - 2021-04-23 05:37:17 --> Controller "App\Controllers\undangan\Undangan" loaded.
INFO - 2021-04-23 05:41:50 --> Controller "App\Controllers\base\Beranda" loaded.
INFO - 2021-04-23 05:55:20 --> Session: Class initialized using 'CodeIgniter\Session\Handlers\FileHandler' driver.
INFO - 2021-04-23 05:55:20 --> Controller "App\Controllers\undangan\Undangan" loaded.
INFO - 2021-04-23 05:55:42 --> Session: Class initialized using 'CodeIgniter\Session\Handlers\FileHandler' driver.
INFO - 2021-04-23 05:55:42 --> Controller "App\Controllers\undangan\Undangan" loaded.
INFO - 2021-04-23 05:56:20 --> Session: Class initialized using 'CodeIgniter\Session\Handlers\FileHandler' driver.
INFO - 2021-04-23 05:56:20 --> Controller "App\Controllers\undangan\Undangan" loaded.
INFO - 2021-04-23 06:01:40 --> Session: Class initialized using 'CodeIgniter\Session\Handlers\FileHandler' driver.
INFO - 2021-04-23 06:01:40 --> Controller "App\Controllers\undangan\Undangan" loaded.
INFO - 2021-04-23 06:01:55 --> Session: Class initialized using 'CodeIgniter\Session\Handlers\FileHandler' driver.
INFO - 2021-04-23 06:01:55 --> Controller "App\Controllers\undangan\Undangan" loaded.
INFO - 2021-04-23 06:02:45 --> Session: Class initialized using 'CodeIgniter\Session\Handlers\FileHandler' driver.
INFO - 2021-04-23 06:02:45 --> Controller "App\Controllers\undangan\Undangan" loaded.
INFO - 2021-04-23 06:03:55 --> Session: Class initialized using 'CodeIgniter\Session\Handlers\FileHandler' driver.
INFO - 2021-04-23 06:03:55 --> Controller "App\Controllers\undangan\Undangan" loaded.
INFO - 2021-04-23 06:05:05 --> Session: Class initialized using 'CodeIgniter\Session\Handlers\FileHandler' driver.
INFO - 2021-04-23 06:05:05 --> Controller "App\Controllers\undangan\Undangan" loaded.
INFO - 2021-04-23 06:05:09 --> Session: Class initialized using 'CodeIgniter\Session\Handlers\FileHandler' driver.
INFO - 2021-04-23 06:05:09 --> Controller "App\Controllers\undangan\Undangan" loaded.
INFO - 2021-04-23 06:42:33 --> Session: Class initialized using 'CodeIgniter\Session\Handlers\FileHandler' driver.
INFO - 2021-04-23 06:42:33 --> Controller "App\Controllers\undangan\Undangan" loaded.
INFO - 2021-04-23 06:44:01 --> Session: Class initialized using 'CodeIgniter\Session\Handlers\FileHandler' driver.
INFO - 2021-04-23 06:44:01 --> Controller "App\Controllers\undangan\Undangan" loaded.
INFO - 2021-04-23 06:54:27 --> Session: Class initialized using 'CodeIgniter\Session\Handlers\FileHandler' driver.
INFO - 2021-04-23 06:54:27 --> Controller "App\Controllers\undangan\Undangan" loaded.
INFO - 2021-04-23 06:54:42 --> Session: Class initialized using 'CodeIgniter\Session\Handlers\FileHandler' driver.
INFO - 2021-04-23 06:54:42 --> Controller "App\Controllers\undangan\Undangan" loaded.
INFO - 2021-04-23 06:55:06 --> Session: Class initialized using 'CodeIgniter\Session\Handlers\FileHandler' driver.
INFO - 2021-04-23 06:55:06 --> Controller "App\Controllers\undangan\Undangan" loaded.
INFO - 2021-04-23 06:55:20 --> Session: Class initialized using 'CodeIgniter\Session\Handlers\FileHandler' driver.
INFO - 2021-04-23 06:55:20 --> Controller "App\Controllers\undangan\Undangan" loaded.
INFO - 2021-04-23 06:56:11 --> Session: Class initialized using 'CodeIgniter\Session\Handlers\FileHandler' driver.
INFO - 2021-04-23 06:56:11 --> Controller "App\Controllers\undangan\Undangan" loaded.
INFO - 2021-04-23 07:05:16 --> Session: Class initialized using 'CodeIgniter\Session\Handlers\FileHandler' driver.
INFO - 2021-04-23 07:05:16 --> Controller "App\Controllers\undangan\Undangan" loaded.
CRITICAL - 2021-04-23 07:05:16 --> Request URI segment is our of range: 3
#0 /home/nguh5634/public_html/system/HTTP/URI.php(485): CodeIgniter\HTTP\Exceptions\HTTPException::forURISegmentOutOfRange(3)
#1 /home/nguh5634/public_html/app/Controllers/undangan/Undangan.php(35): CodeIgniter\HTTP\URI->getSegment(3)
#2 /home/nguh5634/public_html/system/CodeIgniter.php(910): App\Controllers\undangan\Undangan->undangan()
#3 /home/nguh5634/public_html/system/CodeIgniter.php(398): CodeIgniter\CodeIgniter->runController(Object(App\Controllers\undangan\Undangan))
#4 /home/nguh5634/public_html/system/CodeIgniter.php(306): CodeIgniter\CodeIgniter->handleRequest(NULL, Object(Config\Cache), false)
#5 /home/nguh5634/public_html/index.php(45): CodeIgniter\CodeIgniter->run()
#6 {main}
INFO - 2021-04-23 07:06:11 --> Session: Class initialized using 'CodeIgniter\Session\Handlers\FileHandler' driver.
INFO - 2021-04-23 07:06:11 --> Controller "App\Controllers\undangan\Undangan" loaded.
CRITICAL - 2021-04-23 07:06:11 --> Undefined variable: alamat_tamu
#0 /home/nguh5634/public_html/app/Views/undangan/themes/tealflower.php(125): CodeIgniter\Debug\Exceptions->errorHandler(8, 'Undefined varia...', '/home/nguh5634/...', 125, Array)
#1 /home/nguh5634/public_html/system/View/View.php(236): include('/home/nguh5634/...')
#2 /home/nguh5634/public_html/system/Common.php(1071): CodeIgniter\View\View->render('undangan/themes...', Array, true)
#3 /home/nguh5634/public_html/app/Controllers/undangan/Undangan.php(95): view('undangan/themes...', Array)
#4 /home/nguh5634/public_html/system/CodeIgniter.php(910): App\Controllers\undangan\Undangan->undangan()
#5 /home/nguh5634/public_html/system/CodeIgniter.php(398): CodeIgniter\CodeIgniter->runController(Object(App\Controllers\undangan\Undangan))
#6 /home/nguh5634/public_html/system/CodeIgniter.php(306): CodeIgniter\CodeIgniter->handleRequest(NULL, Object(Config\Cache), false)
#7 /home/nguh5634/public_html/index.php(45): CodeIgniter\CodeIgniter->run()
#8 {main}
INFO - 2021-04-23 07:07:59 --> Session: Class initialized using 'CodeIgniter\Session\Handlers\FileHandler' driver.
INFO - 2021-04-23 07:07:59 --> Controller "App\Controllers\undangan\Undangan" loaded.
CRITICAL - 2021-04-23 07:07:59 --> Undefined variable: alamat_tamu
#0 /home/nguh5634/public_html/app/Views/undangan/themes/tealflower.php(125): CodeIgniter\Debug\Exceptions->errorHandler(8, 'Undefined varia...', '/home/nguh5634/...', 125, Array)
#1 /home/nguh5634/public_html/system/View/View.php(236): include('/home/nguh5634/...')
#2 /home/nguh5634/public_html/system/Common.php(1071): CodeIgniter\View\View->render('undangan/themes...', Array, true)
#3 /home/nguh5634/public_html/app/Controllers/undangan/Undangan.php(93): view('undangan/themes...', Array)
#4 /home/nguh5634/public_html/system/CodeIgniter.php(910): App\Controllers\undangan\Undangan->undangan()
#5 /home/nguh5634/public_html/system/CodeIgniter.php(398): CodeIgniter\CodeIgniter->runController(Object(App\Controllers\undangan\Undangan))
#6 /home/nguh5634/public_html/system/CodeIgniter.php(306): CodeIgniter\CodeIgniter->handleRequest(NULL, Object(Config\Cache), false)
#7 /home/nguh5634/public_html/index.php(45): CodeIgniter\CodeIgniter->run()
#8 {main}
INFO - 2021-04-23 07:08:01 --> Session: Class initialized using 'CodeIgniter\Session\Handlers\FileHandler' driver.
INFO - 2021-04-23 07:08:01 --> Controller "App\Controllers\undangan\Undangan" loaded.
CRITICAL - 2021-04-23 07:08:01 --> Undefined variable: alamat_tamu
#0 /home/nguh5634/public_html/app/Views/undangan/themes/tealflower.php(125): CodeIgniter\Debug\Exceptions->errorHandler(8, 'Undefined varia...', '/home/nguh5634/...', 125, Array)
#1 /home/nguh5634/public_html/system/View/View.php(236): include('/home/nguh5634/...')
#2 /home/nguh5634/public_html/system/Common.php(1071): CodeIgniter\View\View->render('undangan/themes...', Array, true)
#3 /home/nguh5634/public_html/app/Controllers/undangan/Undangan.php(93): view('undangan/themes...', Array)
#4 /home/nguh5634/public_html/system/CodeIgniter.php(910): App\Controllers\undangan\Undangan->undangan()
#5 /home/nguh5634/public_html/system/CodeIgniter.php(398): CodeIgniter\CodeIgniter->runController(Object(App\Controllers\undangan\Undangan))
#6 /home/nguh5634/public_html/system/CodeIgniter.php(306): CodeIgniter\CodeIgniter->handleRequest(NULL, Object(Config\Cache), false)
#7 /home/nguh5634/public_html/index.php(45): CodeIgniter\CodeIgniter->run()
#8 {main}
INFO - 2021-04-23 07:08:19 --> Session: Class initialized using 'CodeIgniter\Session\Handlers\FileHandler' driver.
INFO - 2021-04-23 07:08:19 --> Controller "App\Controllers\undangan\Undangan" loaded.
CRITICAL - 2021-04-23 07:08:19 --> Undefined variable: alamat_tamu
#0 /home/nguh5634/public_html/app/Views/undangan/themes/tealflower.php(125): CodeIgniter\Debug\Exceptions->errorHandler(8, 'Undefined varia...', '/home/nguh5634/...', 125, Array)
#1 /home/nguh5634/public_html/system/View/View.php(236): include('/home/nguh5634/...')
#2 /home/nguh5634/public_html/system/Common.php(1071): CodeIgniter\View\View->render('undangan/themes...', Array, true)
#3 /home/nguh5634/public_html/app/Controllers/undangan/Undangan.php(93): view('undangan/themes...', Array)
#4 /home/nguh5634/public_html/system/CodeIgniter.php(910): App\Controllers\undangan\Undangan->undangan()
#5 /home/nguh5634/public_html/system/CodeIgniter.php(398): CodeIgniter\CodeIgniter->runController(Object(App\Controllers\undangan\Undangan))
#6 /home/nguh5634/public_html/system/CodeIgniter.php(306): CodeIgniter\CodeIgniter->handleRequest(NULL, Object(Config\Cache), false)
#7 /home/nguh5634/public_html/index.php(45): CodeIgniter\CodeIgniter->run()
#8 {main}
INFO - 2021-04-23 07:08:27 --> Session: Class initialized using 'CodeIgniter\Session\Handlers\FileHandler' driver.
INFO - 2021-04-23 07:08:27 --> Controller "App\Controllers\undangan\Undangan" loaded.
INFO - 2021-04-23 07:08:38 --> Session: Class initialized using 'CodeIgniter\Session\Handlers\FileHandler' driver.
INFO - 2021-04-23 07:08:38 --> Controller "App\Controllers\undangan\Undangan" loaded.
CRITICAL - 2021-04-23 07:08:38 --> Undefined variable: alamat_tamu
#0 /home/nguh5634/public_html/app/Views/undangan/themes/tealflower.php(125): CodeIgniter\Debug\Exceptions->errorHandler(8, 'Undefined varia...', '/home/nguh5634/...', 125, Array)
#1 /home/nguh5634/public_html/system/View/View.php(236): include('/home/nguh5634/...')
#2 /home/nguh5634/public_html/system/Common.php(1071): CodeIgniter\View\View->render('undangan/themes...', Array, true)
#3 /home/nguh5634/public_html/app/Controllers/undangan/Undangan.php(93): view('undangan/themes...', Array)
#4 /home/nguh5634/public_html/system/CodeIgniter.php(910): App\Controllers\undangan\Undangan->undangan()
#5 /home/nguh5634/public_html/system/CodeIgniter.php(398): CodeIgniter\CodeIgniter->runController(Object(App\Controllers\undangan\Undangan))
#6 /home/nguh5634/public_html/system/CodeIgniter.php(306): CodeIgniter\CodeIgniter->handleRequest(NULL, Object(Config\Cache), false)
#7 /home/nguh5634/public_html/index.php(45): CodeIgniter\CodeIgniter->run()
#8 {main}
INFO - 2021-04-23 07:11:17 --> Session: Class initialized using 'CodeIgniter\Session\Handlers\FileHandler' driver.
INFO - 2021-04-23 07:11:17 --> Controller "App\Controllers\undangan\Undangan" loaded.
INFO - 2021-04-23 07:11:24 --> Session: Class initialized using 'CodeIgniter\Session\Handlers\FileHandler' driver.
INFO - 2021-04-23 07:11:24 --> Controller "App\Controllers\undangan\Undangan" loaded.
INFO - 2021-04-23 07:11:45 --> Session: Class initialized using 'CodeIgniter\Session\Handlers\FileHandler' driver.
INFO - 2021-04-23 07:11:45 --> Controller "App\Controllers\undangan\Undangan" loaded.
INFO - 2021-04-23 07:14:11 --> Session: Class initialized using 'CodeIgniter\Session\Handlers\FileHandler' driver.
INFO - 2021-04-23 07:14:11 --> Controller "App\Controllers\undangan\Undangan" loaded.
INFO - 2021-04-23 07:14:49 --> Session: Class initialized using 'CodeIgniter\Session\Handlers\FileHandler' driver.
INFO - 2021-04-23 07:14:49 --> Controller "App\Controllers\undangan\Undangan" loaded.
INFO - 2021-04-23 07:25:14 --> Session: Class initialized using 'CodeIgniter\Session\Handlers\FileHandler' driver.
INFO - 2021-04-23 07:25:14 --> Controller "App\Controllers\undangan\Undangan" loaded.
INFO - 2021-04-23 07:26:58 --> Session: Class initialized using 'CodeIgniter\Session\Handlers\FileHandler' driver.
INFO - 2021-04-23 07:26:58 --> Controller "App\Controllers\undangan\Undangan" loaded.
INFO - 2021-04-23 07:29:04 --> Session: Class initialized using 'CodeIgniter\Session\Handlers\FileHandler' driver.
INFO - 2021-04-23 07:29:04 --> Controller "App\Controllers\undangan\Undangan" loaded.
INFO - 2021-04-23 07:29:30 --> Session: Class initialized using 'CodeIgniter\Session\Handlers\FileHandler' driver.
INFO - 2021-04-23 07:29:30 --> Controller "App\Controllers\undangan\Undangan" loaded.
INFO - 2021-04-23 07:30:00 --> Session: Class initialized using 'CodeIgniter\Session\Handlers\FileHandler' driver.
INFO - 2021-04-23 07:30:00 --> Controller "App\Controllers\undangan\Undangan" loaded.
INFO - 2021-04-23 07:30:07 --> Session: Class initialized using 'CodeIgniter\Session\Handlers\FileHandler' driver.
INFO - 2021-04-23 07:30:07 --> Controller "App\Controllers\undangan\Undangan" loaded.
INFO - 2021-04-23 07:33:06 --> Session: Class initialized using 'CodeIgniter\Session\Handlers\FileHandler' driver.
INFO - 2021-04-23 07:33:06 --> Controller "App\Controllers\undangan\Undangan" loaded.
INFO - 2021-04-23 07:35:37 --> Session: Class initialized using 'CodeIgniter\Session\Handlers\FileHandler' driver.
INFO - 2021-04-23 07:35:37 --> Controller "App\Controllers\undangan\Undangan" loaded.
INFO - 2021-04-23 07:38:02 --> Session: Class initialized using 'CodeIgniter\Session\Handlers\FileHandler' driver.
INFO - 2021-04-23 07:38:02 --> Controller "App\Controllers\undangan\Undangan" loaded.
INFO - 2021-04-23 07:55:02 --> Session: Class initialized using 'CodeIgniter\Session\Handlers\FileHandler' driver.
INFO - 2021-04-23 07:55:02 --> Controller "App\Controllers\undangan\Undangan" loaded.
INFO - 2021-04-23 07:57:22 --> Session: Class initialized using 'CodeIgniter\Session\Handlers\FileHandler' driver.
INFO - 2021-04-23 07:57:22 --> Controller "App\Controllers\undangan\Undangan" loaded.
INFO - 2021-04-23 08:00:44 --> Session: Class initialized using 'CodeIgniter\Session\Handlers\FileHandler' driver.
INFO - 2021-04-23 08:00:44 --> Controller "App\Controllers\undangan\Undangan" loaded.
INFO - 2021-04-23 08:03:23 --> Session: Class initialized using 'CodeIgniter\Session\Handlers\FileHandler' driver.
INFO - 2021-04-23 08:03:23 --> Controller "App\Controllers\undangan\Undangan" loaded.
INFO - 2021-04-23 08:03:48 --> Session: Class initialized using 'CodeIgniter\Session\Handlers\FileHandler' driver.
INFO - 2021-04-23 08:03:48 --> Controller "App\Controllers\undangan\Undangan" loaded.
INFO - 2021-04-23 08:04:09 --> Session: Class initialized using 'CodeIgniter\Session\Handlers\FileHandler' driver.
INFO - 2021-04-23 08:04:09 --> Controller "App\Controllers\undangan\Undangan" loaded.
INFO - 2021-04-23 08:05:58 --> Controller "App\Controllers\base\Beranda" loaded.
INFO - 2021-04-23 08:07:36 --> Session: Class initialized using 'CodeIgniter\Session\Handlers\FileHandler' driver.
INFO - 2021-04-23 08:07:36 --> Controller "App\Controllers\undangan\Undangan" loaded.
INFO - 2021-04-23 08:07:57 --> Session: Class initialized using 'CodeIgniter\Session\Handlers\FileHandler' driver.
INFO - 2021-04-23 08:07:57 --> Controller "App\Controllers\undangan\Undangan" loaded.
INFO - 2021-04-23 08:08:07 --> Session: Class initialized using 'CodeIgniter\Session\Handlers\FileHandler' driver.
INFO - 2021-04-23 08:08:07 --> Controller "App\Controllers\undangan\Undangan" loaded.
INFO - 2021-04-23 08:08:21 --> Session: Class initialized using 'CodeIgniter\Session\Handlers\FileHandler' driver.
INFO - 2021-04-23 08:08:21 --> Controller "App\Controllers\undangan\Undangan" loaded.
INFO - 2021-04-23 08:09:20 --> Session: Class initialized using 'CodeIgniter\Session\Handlers\FileHandler' driver.
INFO - 2021-04-23 08:09:20 --> Controller "App\Controllers\undangan\Undangan" loaded.
INFO - 2021-04-23 08:13:03 --> Session: Class initialized using 'CodeIgniter\Session\Handlers\FileHandler' driver.
INFO - 2021-04-23 08:13:03 --> Controller "App\Controllers\undangan\Undangan" loaded.
INFO - 2021-04-23 08:13:18 --> Session: Class initialized using 'CodeIgniter\Session\Handlers\FileHandler' driver.
INFO - 2021-04-23 08:13:18 --> Controller "App\Controllers\undangan\Undangan" loaded.
INFO - 2021-04-23 08:21:15 --> Session: Class initialized using 'CodeIgniter\Session\Handlers\FileHandler' driver.
INFO - 2021-04-23 08:21:15 --> Controller "App\Controllers\base\Dashboard" loaded.
INFO - 2021-04-23 08:21:32 --> Session: Class initialized using 'CodeIgniter\Session\Handlers\FileHandler' driver.
INFO - 2021-04-23 08:21:32 --> Controller "App\Controllers\base\Dashboard" loaded.
INFO - 2021-04-23 08:21:33 --> Session: Class initialized using 'CodeIgniter\Session\Handlers\FileHandler' driver.
INFO - 2021-04-23 08:21:33 --> Controller "App\Controllers\base\Dashboard" loaded.
INFO - 2021-04-23 08:21:53 --> Session: Class initialized using 'CodeIgniter\Session\Handlers\FileHandler' driver.
INFO - 2021-04-23 08:21:53 --> Controller "App\Controllers\base\Dashboard" loaded.
INFO - 2021-04-23 08:21:53 --> Session: Class initialized using 'CodeIgniter\Session\Handlers\FileHandler' driver.
INFO - 2021-04-23 08:21:53 --> Controller "App\Controllers\base\Dashboard" loaded.
INFO - 2021-04-23 08:21:58 --> Session: Class initialized using 'CodeIgniter\Session\Handlers\FileHandler' driver.
INFO - 2021-04-23 08:21:58 --> Controller "App\Controllers\base\Dashboard" loaded.
INFO - 2021-04-23 08:22:07 --> Session: Class initialized using 'CodeIgniter\Session\Handlers\FileHandler' driver.
INFO - 2021-04-23 08:22:07 --> Controller "App\Controllers\base\Dashboard" loaded.
INFO - 2021-04-23 08:22:08 --> Session: Class initialized using 'CodeIgniter\Session\Handlers\FileHandler' driver.
INFO - 2021-04-23 08:22:08 --> Controller "App\Controllers\base\Dashboard" loaded.
INFO - 2021-04-23 08:22:34 --> Session: Class initialized using 'CodeIgniter\Session\Handlers\FileHandler' driver.
INFO - 2021-04-23 08:22:34 --> Controller "App\Controllers\base\Dashboard" loaded.
INFO - 2021-04-23 08:22:34 --> Session: Class initialized using 'CodeIgniter\Session\Handlers\FileHandler' driver.
INFO - 2021-04-23 08:22:34 --> Controller "App\Controllers\base\Dashboard" loaded.
INFO - 2021-04-23 08:37:44 --> Session: Class initialized using 'CodeIgniter\Session\Handlers\FileHandler' driver.
INFO - 2021-04-23 08:37:44 --> Controller "App\Controllers\base\Dashboard" loaded.
INFO - 2021-04-23 08:38:05 --> Session: Class initialized using 'CodeIgniter\Session\Handlers\FileHandler' driver.
INFO - 2021-04-23 08:38:05 --> Controller "App\Controllers\base\Dashboard" loaded.
CRITICAL - 2021-04-23 08:38:05 --> Trying to get property 'domain' of non-object
#0 /home/nguh5634/public_html/app/Controllers/base/Dashboard.php(600): CodeIgniter\Debug\Exceptions->errorHandler(8, 'Trying to get p...', '/home/nguh5634/...', 600, Array)
#1 /home/nguh5634/public_html/system/CodeIgniter.php(910): App\Controllers\base\Dashboard->do_save_tamu()
#2 /home/nguh5634/public_html/system/CodeIgniter.php(398): CodeIgniter\CodeIgniter->runController(Object(App\Controllers\base\Dashboard))
#3 /home/nguh5634/public_html/system/CodeIgniter.php(306): CodeIgniter\CodeIgniter->handleRequest(NULL, Object(Config\Cache), false)
#4 /home/nguh5634/public_html/index.php(45): CodeIgniter\CodeIgniter->run()
#5 {main}
INFO - 2021-04-23 08:38:08 --> Session: Class initialized using 'CodeIgniter\Session\Handlers\FileHandler' driver.
INFO - 2021-04-23 08:38:08 --> Controller "App\Controllers\base\Dashboard" loaded.
CRITICAL - 2021-04-23 08:38:08 --> Trying to get property 'domain' of non-object
#0 /home/nguh5634/public_html/app/Controllers/base/Dashboard.php(600): CodeIgniter\Debug\Exceptions->errorHandler(8, 'Trying to get p...', '/home/nguh5634/...', 600, Array)
#1 /home/nguh5634/public_html/system/CodeIgniter.php(910): App\Controllers\base\Dashboard->do_save_tamu()
#2 /home/nguh5634/public_html/system/CodeIgniter.php(398): CodeIgniter\CodeIgniter->runController(Object(App\Controllers\base\Dashboard))
#3 /home/nguh5634/public_html/system/CodeIgniter.php(306): CodeIgniter\CodeIgniter->handleRequest(NULL, Object(Config\Cache), false)
#4 /home/nguh5634/public_html/index.php(45): CodeIgniter\CodeIgniter->run()
#5 {main}
INFO - 2021-04-23 08:38:09 --> Session: Class initialized using 'CodeIgniter\Session\Handlers\FileHandler' driver.
INFO - 2021-04-23 08:38:09 --> Controller "App\Controllers\base\Dashboard" loaded.
CRITICAL - 2021-04-23 08:38:09 --> Trying to get property 'domain' of non-object
#0 /home/nguh5634/public_html/app/Controllers/base/Dashboard.php(600): CodeIgniter\Debug\Exceptions->errorHandler(8, 'Trying to get p...', '/home/nguh5634/...', 600, Array)
#1 /home/nguh5634/public_html/system/CodeIgniter.php(910): App\Controllers\base\Dashboard->do_save_tamu()
#2 /home/nguh5634/public_html/system/CodeIgniter.php(398): CodeIgniter\CodeIgniter->runController(Object(App\Controllers\base\Dashboard))
#3 /home/nguh5634/public_html/system/CodeIgniter.php(306): CodeIgniter\CodeIgniter->handleRequest(NULL, Object(Config\Cache), false)
#4 /home/nguh5634/public_html/index.php(45): CodeIgniter\CodeIgniter->run()
#5 {main}
INFO - 2021-04-23 08:38:09 --> Session: Class initialized using 'CodeIgniter\Session\Handlers\FileHandler' driver.
INFO - 2021-04-23 08:38:09 --> Controller "App\Controllers\base\Dashboard" loaded.
CRITICAL - 2021-04-23 08:38:09 --> Trying to get property 'domain' of non-object
#0 /home/nguh5634/public_html/app/Controllers/base/Dashboard.php(600): CodeIgniter\Debug\Exceptions->errorHandler(8, 'Trying to get p...', '/home/nguh5634/...', 600, Array)
#1 /home/nguh5634/public_html/system/CodeIgniter.php(910): App\Controllers\base\Dashboard->do_save_tamu()
#2 /home/nguh5634/public_html/system/CodeIgniter.php(398): CodeIgniter\CodeIgniter->runController(Object(App\Controllers\base\Dashboard))
#3 /home/nguh5634/public_html/system/CodeIgniter.php(306): CodeIgniter\CodeIgniter->handleRequest(NULL, Object(Config\Cache), false)
#4 /home/nguh5634/public_html/index.php(45): CodeIgniter\CodeIgniter->run()
#5 {main}
INFO - 2021-04-23 08:39:54 --> Session: Class initialized using 'CodeIgniter\Session\Handlers\FileHandler' driver.
INFO - 2021-04-23 08:39:54 --> Controller "App\Controllers\base\Dashboard" loaded.
INFO - 2021-04-23 08:40:10 --> Session: Class initialized using 'CodeIgniter\Session\Handlers\FileHandler' driver.
INFO - 2021-04-23 08:40:10 --> Controller "App\Controllers\base\Dashboard" loaded.
INFO - 2021-04-23 08:40:11 --> Session: Class initialized using 'CodeIgniter\Session\Handlers\FileHandler' driver.
INFO - 2021-04-23 08:40:11 --> Controller "App\Controllers\base\Dashboard" loaded.
INFO - 2021-04-23 08:41:06 --> Session: Class initialized using 'CodeIgniter\Session\Handlers\FileHandler' driver.
INFO - 2021-04-23 08:41:06 --> Controller "App\Controllers\base\Dashboard" loaded.
INFO - 2021-04-23 08:41:07 --> Session: Class initialized using 'CodeIgniter\Session\Handlers\FileHandler' driver.
INFO - 2021-04-23 08:41:07 --> Controller "App\Controllers\base\Dashboard" loaded.
INFO - 2021-04-23 08:41:36 --> Session: Class initialized using 'CodeIgniter\Session\Handlers\FileHandler' driver.
INFO - 2021-04-23 08:41:36 --> Controller "App\Controllers\undangan\Undangan" loaded.
INFO - 2021-04-23 08:42:03 --> Session: Class initialized using 'CodeIgniter\Session\Handlers\FileHandler' driver.
INFO - 2021-04-23 08:42:03 --> Controller "App\Controllers\undangan\Undangan" loaded.
INFO - 2021-04-23 08:42:12 --> Session: Class initialized using 'CodeIgniter\Session\Handlers\FileHandler' driver.
INFO - 2021-04-23 08:42:12 --> Controller "App\Controllers\undangan\Undangan" loaded.
INFO - 2021-04-23 08:42:40 --> Session: Class initialized using 'CodeIgniter\Session\Handlers\FileHandler' driver.
INFO - 2021-04-23 08:42:40 --> Controller "App\Controllers\undangan\Undangan" loaded.
INFO - 2021-04-23 08:42:40 --> Session: Class initialized using 'CodeIgniter\Session\Handlers\FileHandler' driver.
INFO - 2021-04-23 08:42:40 --> Controller "App\Controllers\undangan\Undangan" loaded.
INFO - 2021-04-23 08:43:27 --> Session: Class initialized using 'CodeIgniter\Session\Handlers\FileHandler' driver.
INFO - 2021-04-23 08:43:27 --> Controller "App\Controllers\base\Dashboard" loaded.
INFO - 2021-04-23 08:43:48 --> Session: Class initialized using 'CodeIgniter\Session\Handlers\FileHandler' driver.
INFO - 2021-04-23 08:43:48 --> Controller "App\Controllers\base\Dashboard" loaded.
INFO - 2021-04-23 08:43:48 --> Session: Class initialized using 'CodeIgniter\Session\Handlers\FileHandler' driver.
INFO - 2021-04-23 08:43:48 --> Controller "App\Controllers\base\Dashboard" loaded.
INFO - 2021-04-23 08:45:20 --> Session: Class initialized using 'CodeIgniter\Session\Handlers\FileHandler' driver.
INFO - 2021-04-23 08:45:20 --> Controller "App\Controllers\base\Dashboard" loaded.
INFO - 2021-04-23 08:45:40 --> Session: Class initialized using 'CodeIgniter\Session\Handlers\FileHandler' driver.
INFO - 2021-04-23 08:45:40 --> Controller "App\Controllers\base\Dashboard" loaded.
INFO - 2021-04-23 08:45:40 --> Session: Class initialized using 'CodeIgniter\Session\Handlers\FileHandler' driver.
INFO - 2021-04-23 08:45:40 --> Controller "App\Controllers\base\Dashboard" loaded.
INFO - 2021-04-23 08:50:11 --> Session: Class initialized using 'CodeIgniter\Session\Handlers\FileHandler' driver.
INFO - 2021-04-23 08:50:11 --> Controller "App\Controllers\undangan\Undangan" loaded.
INFO - 2021-04-23 08:50:32 --> Session: Class initialized using 'CodeIgniter\Session\Handlers\FileHandler' driver.
INFO - 2021-04-23 08:50:32 --> Controller "App\Controllers\undangan\Undangan" loaded.
INFO - 2021-04-23 08:53:54 --> Controller "App\Controllers\base\Beranda" loaded.
INFO - 2021-04-23 08:54:38 --> Session: Class initialized using 'CodeIgniter\Session\Handlers\FileHandler' driver.
INFO - 2021-04-23 08:54:38 --> Controller "App\Controllers\undangan\Undangan" loaded.
INFO - 2021-04-23 08:54:39 --> Session: Class initialized using 'CodeIgniter\Session\Handlers\FileHandler' driver.
INFO - 2021-04-23 08:54:39 --> Controller "App\Controllers\undangan\Undangan" loaded.
INFO - 2021-04-23 08:57:22 --> Session: Class initialized using 'CodeIgniter\Session\Handlers\FileHandler' driver.
INFO - 2021-04-23 08:57:22 --> Controller "App\Controllers\undangan\Undangan" loaded.
INFO - 2021-04-23 08:57:27 --> Controller "App\Controllers\base\Beranda" loaded.
INFO - 2021-04-23 08:57:36 --> Session: Class initialized using 'CodeIgniter\Session\Handlers\FileHandler' driver.
INFO - 2021-04-23 08:57:36 --> Controller "App\Controllers\base\Order" loaded.
INFO - 2021-04-23 08:57:38 --> Session: Class initialized using 'CodeIgniter\Session\Handlers\FileHandler' driver.
INFO - 2021-04-23 08:57:38 --> Controller "App\Controllers\undangan\Undangan" loaded.
INFO - 2021-04-23 08:57:42 --> Controller "App\Controllers\base\Beranda" loaded.
INFO - 2021-04-23 08:58:01 --> Session: Class initialized using 'CodeIgniter\Session\Handlers\FileHandler' driver.
INFO - 2021-04-23 08:58:01 --> Controller "App\Controllers\undangan\Undangan" loaded.
INFO - 2021-04-23 08:58:14 --> Controller "App\Controllers\base\Beranda" loaded.
INFO - 2021-04-23 08:58:29 --> Session: Class initialized using 'CodeIgniter\Session\Handlers\FileHandler' driver.
INFO - 2021-04-23 08:58:29 --> Controller "App\Controllers\undangan\Undangan" loaded.
CRITICAL - 2021-04-23 08:58:29 --> Undefined variable: alamat_slug
#0 /home/nguh5634/public_html/app/Views/undangan/themes/tealflower.php(741): CodeIgniter\Debug\Exceptions->errorHandler(8, 'Undefined varia...', '/home/nguh5634/...', 741, Array)
#1 /home/nguh5634/public_html/system/View/View.php(236): include('/home/nguh5634/...')
#2 /home/nguh5634/public_html/system/Common.php(1071): CodeIgniter\View\View->render('undangan/themes...', Array, true)
#3 /home/nguh5634/public_html/app/Controllers/undangan/Undangan.php(97): view('undangan/themes...', Array)
#4 /home/nguh5634/public_html/system/CodeIgniter.php(910): App\Controllers\undangan\Undangan->undangan()
#5 /home/nguh5634/public_html/system/CodeIgniter.php(398): CodeIgniter\CodeIgniter->runController(Object(App\Controllers\undangan\Undangan))
#6 /home/nguh5634/public_html/system/CodeIgniter.php(306): CodeIgniter\CodeIgniter->handleRequest(NULL, Object(Config\Cache), false)
#7 /home/nguh5634/public_html/index.php(45): CodeIgniter\CodeIgniter->run()
#8 {main}
INFO - 2021-04-23 09:00:02 --> Session: Class initialized using 'CodeIgniter\Session\Handlers\FileHandler' driver.
INFO - 2021-04-23 09:00:02 --> Controller "App\Controllers\undangan\Undangan" loaded.
INFO - 2021-04-23 09:00:36 --> Session: Class initialized using 'CodeIgniter\Session\Handlers\FileHandler' driver.
INFO - 2021-04-23 09:00:36 --> Controller "App\Controllers\undangan\Undangan" loaded.
INFO - 2021-04-23 09:00:58 --> Session: Class initialized using 'CodeIgniter\Session\Handlers\FileHandler' driver.
INFO - 2021-04-23 09:00:58 --> Controller "App\Controllers\undangan\Undangan" loaded.
INFO - 2021-04-23 09:01:00 --> Session: Class initialized using 'CodeIgniter\Session\Handlers\FileHandler' driver.
INFO - 2021-04-23 09:01:00 --> Controller "App\Controllers\undangan\Undangan" loaded.
INFO - 2021-04-23 09:02:11 --> Session: Class initialized using 'CodeIgniter\Session\Handlers\FileHandler' driver.
INFO - 2021-04-23 09:02:11 --> Controller "App\Controllers\undangan\Undangan" loaded.
INFO - 2021-04-23 09:02:33 --> Session: Class initialized using 'CodeIgniter\Session\Handlers\FileHandler' driver.
INFO - 2021-04-23 09:02:33 --> Controller "App\Controllers\undangan\Undangan" loaded.
INFO - 2021-04-23 09:03:15 --> Session: Class initialized using 'CodeIgniter\Session\Handlers\FileHandler' driver.
INFO - 2021-04-23 09:03:15 --> Controller "App\Controllers\undangan\Undangan" loaded.
INFO - 2021-04-23 09:03:43 --> Session: Class initialized using 'CodeIgniter\Session\Handlers\FileHandler' driver.
INFO - 2021-04-23 09:03:43 --> Controller "App\Controllers\undangan\Undangan" loaded.
INFO - 2021-04-23 09:04:47 --> Session: Class initialized using 'CodeIgniter\Session\Handlers\FileHandler' driver.
INFO - 2021-04-23 09:04:47 --> Controller "App\Controllers\undangan\Undangan" loaded.
INFO - 2021-04-23 09:05:09 --> Session: Class initialized using 'CodeIgniter\Session\Handlers\FileHandler' driver.
INFO - 2021-04-23 09:05:09 --> Controller "App\Controllers\undangan\Undangan" loaded.
INFO - 2021-04-23 09:05:25 --> Session: Class initialized using 'CodeIgniter\Session\Handlers\FileHandler' driver.
INFO - 2021-04-23 09:05:25 --> Controller "App\Controllers\undangan\Undangan" loaded.
INFO - 2021-04-23 09:05:50 --> Session: Class initialized using 'CodeIgniter\Session\Handlers\FileHandler' driver.
INFO - 2021-04-23 09:05:50 --> Controller "App\Controllers\undangan\Undangan" loaded.
INFO - 2021-04-23 09:07:13 --> Controller "App\Controllers\base\Beranda" loaded.
INFO - 2021-04-23 09:07:15 --> Controller "App\Controllers\base\Beranda" loaded.
INFO - 2021-04-23 09:10:46 --> Session: Class initialized using 'CodeIgniter\Session\Handlers\FileHandler' driver.
INFO - 2021-04-23 09:10:46 --> Controller "App\Controllers\undangan\Undangan" loaded.
INFO - 2021-04-23 09:11:02 --> Session: Class initialized using 'CodeIgniter\Session\Handlers\FileHandler' driver.
INFO - 2021-04-23 09:11:02 --> Controller "App\Controllers\undangan\Undangan" loaded.
INFO - 2021-04-23 09:11:18 --> Session: Class initialized using 'CodeIgniter\Session\Handlers\FileHandler' driver.
INFO - 2021-04-23 09:11:18 --> Controller "App\Controllers\undangan\Undangan" loaded.
INFO - 2021-04-23 09:11:30 --> Session: Class initialized using 'CodeIgniter\Session\Handlers\FileHandler' driver.
INFO - 2021-04-23 09:11:30 --> Controller "App\Controllers\undangan\Undangan" loaded.
INFO - 2021-04-23 09:18:52 --> Session: Class initialized using 'CodeIgniter\Session\Handlers\FileHandler' driver.
INFO - 2021-04-23 09:18:52 --> Controller "App\Controllers\undangan\Undangan" loaded.
INFO - 2021-04-23 09:19:16 --> Session: Class initialized using 'CodeIgniter\Session\Handlers\FileHandler' driver.
INFO - 2021-04-23 09:19:16 --> Controller "App\Controllers\undangan\Undangan" loaded.
INFO - 2021-04-23 09:22:21 --> Session: Class initialized using 'CodeIgniter\Session\Handlers\FileHandler' driver.
INFO - 2021-04-23 09:22:21 --> Controller "App\Controllers\undangan\Undangan" loaded.
INFO - 2021-04-23 09:22:50 --> Session: Class initialized using 'CodeIgniter\Session\Handlers\FileHandler' driver.
INFO - 2021-04-23 09:22:50 --> Controller "App\Controllers\undangan\Undangan" loaded.
INFO - 2021-04-23 09:23:01 --> Session: Class initialized using 'CodeIgniter\Session\Handlers\FileHandler' driver.
INFO - 2021-04-23 09:23:01 --> Controller "App\Controllers\undangan\Undangan" loaded.
INFO - 2021-04-23 09:23:47 --> Session: Class initialized using 'CodeIgniter\Session\Handlers\FileHandler' driver.
INFO - 2021-04-23 09:23:47 --> Controller "App\Controllers\undangan\Undangan" loaded.
INFO - 2021-04-23 09:24:53 --> Session: Class initialized using 'CodeIgniter\Session\Handlers\FileHandler' driver.
INFO - 2021-04-23 09:24:53 --> Controller "App\Controllers\undangan\Undangan" loaded.
INFO - 2021-04-23 09:25:50 --> Session: Class initialized using 'CodeIgniter\Session\Handlers\FileHandler' driver.
INFO - 2021-04-23 09:25:50 --> Controller "App\Controllers\undangan\Undangan" loaded.
INFO - 2021-04-23 09:26:26 --> Session: Class initialized using 'CodeIgniter\Session\Handlers\FileHandler' driver.
INFO - 2021-04-23 09:26:26 --> Controller "App\Controllers\undangan\Undangan" loaded.
INFO - 2021-04-23 09:26:27 --> Session: Class initialized using 'CodeIgniter\Session\Handlers\FileHandler' driver.
INFO - 2021-04-23 09:26:27 --> Controller "App\Controllers\undangan\Undangan" loaded.
INFO - 2021-04-23 09:26:47 --> Session: Class initialized using 'CodeIgniter\Session\Handlers\FileHandler' driver.
INFO - 2021-04-23 09:26:47 --> Controller "App\Controllers\undangan\Undangan" loaded.
INFO - 2021-04-23 09:27:15 --> Session: Class initialized using 'CodeIgniter\Session\Handlers\FileHandler' driver.
INFO - 2021-04-23 09:27:15 --> Controller "App\Controllers\undangan\Undangan" loaded.
INFO - 2021-04-23 09:27:28 --> Session: Class initialized using 'CodeIgniter\Session\Handlers\FileHandler' driver.
INFO - 2021-04-23 09:27:28 --> Controller "App\Controllers\undangan\Undangan" loaded.
INFO - 2021-04-23 09:27:51 --> Session: Class initialized using 'CodeIgniter\Session\Handlers\FileHandler' driver.
INFO - 2021-04-23 09:27:51 --> Controller "App\Controllers\undangan\Undangan" loaded.
INFO - 2021-04-23 09:28:09 --> Session: Class initialized using 'CodeIgniter\Session\Handlers\FileHandler' driver.
INFO - 2021-04-23 09:28:09 --> Controller "App\Controllers\undangan\Undangan" loaded.
INFO - 2021-04-23 09:28:47 --> Session: Class initialized using 'CodeIgniter\Session\Handlers\FileHandler' driver.
INFO - 2021-04-23 09:28:47 --> Controller "App\Controllers\undangan\Undangan" loaded.
INFO - 2021-04-23 09:31:15 --> Session: Class initialized using 'CodeIgniter\Session\Handlers\FileHandler' driver.
INFO - 2021-04-23 09:31:15 --> Controller "App\Controllers\undangan\Undangan" loaded.
INFO - 2021-04-23 10:38:29 --> Controller "App\Controllers\base\Beranda" loaded.
INFO - 2021-04-23 10:47:31 --> Session: Class initialized using 'CodeIgniter\Session\Handlers\FileHandler' driver.
INFO - 2021-04-23 10:47:31 --> Controller "App\Controllers\undangan\Undangan" loaded.
INFO - 2021-04-23 12:31:33 --> Session: Class initialized using 'CodeIgniter\Session\Handlers\FileHandler' driver.
INFO - 2021-04-23 12:31:33 --> Controller "App\Controllers\undangan\Undangan" loaded.
INFO - 2021-04-23 12:58:36 --> Controller "App\Controllers\base\Beranda" loaded.
INFO - 2021-04-23 13:34:31 --> Controller "App\Controllers\base\Beranda" loaded.
INFO - 2021-04-23 14:29:28 --> Controller "App\Controllers\base\Beranda" loaded.
INFO - 2021-04-23 14:29:29 --> Controller "App\Controllers\base\Beranda" loaded.
INFO - 2021-04-23 14:31:20 --> Controller "App\Controllers\base\Beranda" loaded.
INFO - 2021-04-23 14:31:32 --> Controller "App\Controllers\base\Beranda" loaded.
INFO - 2021-04-23 14:31:58 --> Controller "App\Controllers\base\Beranda" loaded.
INFO - 2021-04-23 14:31:59 --> Controller "App\Controllers\base\Beranda" loaded.
INFO - 2021-04-23 14:31:59 --> Controller "App\Controllers\base\Beranda" loaded.
INFO - 2021-04-23 14:32:18 --> Controller "App\Controllers\base\Beranda" loaded.
INFO - 2021-04-23 14:32:35 --> Session: Class initialized using 'CodeIgniter\Session\Handlers\FileHandler' driver.
INFO - 2021-04-23 14:32:35 --> Controller "App\Controllers\undangan\Undangan" loaded.
INFO - 2021-04-23 14:32:47 --> Session: Class initialized using 'CodeIgniter\Session\Handlers\FileHandler' driver.
INFO - 2021-04-23 14:32:47 --> Controller "App\Controllers\undangan\Undangan" loaded.
INFO - 2021-04-23 14:39:12 --> Session: Class initialized using 'CodeIgniter\Session\Handlers\FileHandler' driver.
INFO - 2021-04-23 14:39:12 --> Controller "App\Controllers\undangan\Undangan" loaded.
INFO - 2021-04-23 14:40:32 --> Session: Class initialized using 'CodeIgniter\Session\Handlers\FileHandler' driver.
INFO - 2021-04-23 14:40:32 --> Controller "App\Controllers\undangan\Undangan" loaded.
INFO - 2021-04-23 14:42:44 --> Controller "App\Controllers\base\Beranda" loaded.
CRITICAL - 2021-04-23 14:42:44 --> Undefined variable: alamat_tamu
#0 /home/nguh5634/public_html/app/Views/undangan/themes/tealflower.php(127): CodeIgniter\Debug\Exceptions->errorHandler(8, 'Undefined varia...', '/home/nguh5634/...', 127, Array)
#1 /home/nguh5634/public_html/system/View/View.php(236): include('/home/nguh5634/...')
#2 /home/nguh5634/public_html/system/Common.php(1071): CodeIgniter\View\View->render('undangan/themes...', Array, true)
#3 /home/nguh5634/public_html/app/Controllers/base/Beranda.php(67): view('undangan/themes...', Array)
#4 /home/nguh5634/public_html/system/CodeIgniter.php(910): App\Controllers\base\Beranda->demo()
#5 /home/nguh5634/public_html/system/CodeIgniter.php(398): CodeIgniter\CodeIgniter->runController(Object(App\Controllers\base\Beranda))
#6 /home/nguh5634/public_html/system/CodeIgniter.php(306): CodeIgniter\CodeIgniter->handleRequest(NULL, Object(Config\Cache), false)
#7 /home/nguh5634/public_html/index.php(45): CodeIgniter\CodeIgniter->run()
#8 {main}
INFO - 2021-04-23 14:43:16 --> Session: Class initialized using 'CodeIgniter\Session\Handlers\FileHandler' driver.
INFO - 2021-04-23 14:43:16 --> Controller "App\Controllers\undangan\Undangan" loaded.
INFO - 2021-04-23 14:46:10 --> Session: Class initialized using 'CodeIgniter\Session\Handlers\FileHandler' driver.
INFO - 2021-04-23 14:46:10 --> Controller "App\Controllers\undangan\Undangan" loaded.
INFO - 2021-04-23 14:47:00 --> Session: Class initialized using 'CodeIgniter\Session\Handlers\FileHandler' driver.
INFO - 2021-04-23 14:47:00 --> Controller "App\Controllers\undangan\Undangan" loaded.
INFO - 2021-04-23 14:47:27 --> Session: Class initialized using 'CodeIgniter\Session\Handlers\FileHandler' driver.
INFO - 2021-04-23 14:47:27 --> Controller "App\Controllers\undangan\Undangan" loaded.
INFO - 2021-04-23 14:49:18 --> Session: Class initialized using 'CodeIgniter\Session\Handlers\FileHandler' driver.
INFO - 2021-04-23 14:49:18 --> Controller "App\Controllers\undangan\Undangan" loaded.
INFO - 2021-04-23 14:50:26 --> Session: Class initialized using 'CodeIgniter\Session\Handlers\FileHandler' driver.
INFO - 2021-04-23 14:50:26 --> Controller "App\Controllers\undangan\Undangan" loaded.
INFO - 2021-04-23 14:54:05 --> Session: Class initialized using 'CodeIgniter\Session\Handlers\FileHandler' driver.
INFO - 2021-04-23 14:54:05 --> Controller "App\Controllers\undangan\Undangan" loaded.
INFO - 2021-04-23 14:54:14 --> Session: Class initialized using 'CodeIgniter\Session\Handlers\FileHandler' driver.
INFO - 2021-04-23 14:54:14 --> Controller "App\Controllers\undangan\Undangan" loaded.
INFO - 2021-04-23 14:55:25 --> Session: Class initialized using 'CodeIgniter\Session\Handlers\FileHandler' driver.
INFO - 2021-04-23 14:55:25 --> Controller "App\Controllers\undangan\Undangan" loaded.
INFO - 2021-04-23 14:55:41 --> Session: Class initialized using 'CodeIgniter\Session\Handlers\FileHandler' driver.
INFO - 2021-04-23 14:55:41 --> Controller "App\Controllers\undangan\Undangan" loaded.
INFO - 2021-04-23 14:58:10 --> Session: Class initialized using 'CodeIgniter\Session\Handlers\FileHandler' driver.
INFO - 2021-04-23 14:58:10 --> Controller "App\Controllers\undangan\Undangan" loaded.
INFO - 2021-04-23 14:58:46 --> Session: Class initialized using 'CodeIgniter\Session\Handlers\FileHandler' driver.
INFO - 2021-04-23 14:58:46 --> Controller "App\Controllers\undangan\Undangan" loaded.
INFO - 2021-04-23 15:01:48 --> Session: Class initialized using 'CodeIgniter\Session\Handlers\FileHandler' driver.
INFO - 2021-04-23 15:01:48 --> Controller "App\Controllers\undangan\Undangan" loaded.
INFO - 2021-04-23 15:02:03 --> Session: Class initialized using 'CodeIgniter\Session\Handlers\FileHandler' driver.
INFO - 2021-04-23 15:02:03 --> Controller "App\Controllers\undangan\Undangan" loaded.
INFO - 2021-04-23 15:04:03 --> Session: Class initialized using 'CodeIgniter\Session\Handlers\FileHandler' driver.
INFO - 2021-04-23 15:04:03 --> Controller "App\Controllers\undangan\Undangan" loaded.
INFO - 2021-04-23 15:04:17 --> Session: Class initialized using 'CodeIgniter\Session\Handlers\FileHandler' driver.
INFO - 2021-04-23 15:04:17 --> Controller "App\Controllers\undangan\Undangan" loaded.
INFO - 2021-04-23 15:04:55 --> Session: Class initialized using 'CodeIgniter\Session\Handlers\FileHandler' driver.
INFO - 2021-04-23 15:04:55 --> Controller "App\Controllers\undangan\Undangan" loaded.
INFO - 2021-04-23 15:05:16 --> Session: Class initialized using 'CodeIgniter\Session\Handlers\FileHandler' driver.
INFO - 2021-04-23 15:05:16 --> Controller "App\Controllers\undangan\Undangan" loaded.
INFO - 2021-04-23 15:05:53 --> Session: Class initialized using 'CodeIgniter\Session\Handlers\FileHandler' driver.
INFO - 2021-04-23 15:05:53 --> Controller "App\Controllers\undangan\Undangan" loaded.
INFO - 2021-04-23 15:12:17 --> Session: Class initialized using 'CodeIgniter\Session\Handlers\FileHandler' driver.
INFO - 2021-04-23 15:12:17 --> Controller "App\Controllers\undangan\Undangan" loaded.
INFO - 2021-04-23 15:15:02 --> Session: Class initialized using 'CodeIgniter\Session\Handlers\FileHandler' driver.
INFO - 2021-04-23 15:15:02 --> Controller "App\Controllers\undangan\Undangan" loaded.
INFO - 2021-04-23 15:15:27 --> Session: Class initialized using 'CodeIgniter\Session\Handlers\FileHandler' driver.
INFO - 2021-04-23 15:15:27 --> Controller "App\Controllers\undangan\Undangan" loaded.
INFO - 2021-04-23 15:16:43 --> Session: Class initialized using 'CodeIgniter\Session\Handlers\FileHandler' driver.
INFO - 2021-04-23 15:16:43 --> Controller "App\Controllers\undangan\Undangan" loaded.
INFO - 2021-04-23 15:17:45 --> Session: Class initialized using 'CodeIgniter\Session\Handlers\FileHandler' driver.
INFO - 2021-04-23 15:17:45 --> Controller "App\Controllers\undangan\Undangan" loaded.
INFO - 2021-04-23 16:02:15 --> Controller "App\Controllers\base\Beranda" loaded.
INFO - 2021-04-23 16:03:21 --> Controller "App\Controllers\base\Beranda" loaded.
INFO - 2021-04-23 16:04:34 --> Controller "App\Controllers\base\Beranda" loaded.
INFO - 2021-04-23 16:05:51 --> Controller "App\Controllers\base\Beranda" loaded.
INFO - 2021-04-23 16:06:57 --> Controller "App\Controllers\base\Beranda" loaded.
INFO - 2021-04-23 16:39:59 --> Session: Class initialized using 'CodeIgniter\Session\Handlers\FileHandler' driver.
INFO - 2021-04-23 16:39:59 --> Controller "App\Controllers\undangan\Undangan" loaded.
INFO - 2021-04-23 16:40:01 --> Controller "App\Controllers\base\Beranda" loaded.
INFO - 2021-04-23 16:40:08 --> Controller "App\Controllers\base\Beranda" loaded.
INFO - 2021-04-23 17:12:24 --> Controller "App\Controllers\base\Beranda" loaded.
INFO - 2021-04-23 17:47:22 --> Controller "App\Controllers\base\Beranda" loaded.
INFO - 2021-04-23 17:58:19 --> Session: Class initialized using 'CodeIgniter\Session\Handlers\FileHandler' driver.
INFO - 2021-04-23 17:58:19 --> Controller "App\Controllers\undangan\Undangan" loaded.
INFO - 2021-04-23 17:58:51 --> Session: Class initialized using 'CodeIgniter\Session\Handlers\FileHandler' driver.
INFO - 2021-04-23 17:58:51 --> Controller "App\Controllers\undangan\Undangan" loaded.
INFO - 2021-04-23 18:05:14 --> Controller "App\Controllers\base\Beranda" loaded.
INFO - 2021-04-23 18:13:18 --> Controller "App\Controllers\base\Beranda" loaded.
INFO - 2021-04-23 18:38:17 --> Session: Class initialized using 'CodeIgniter\Session\Handlers\FileHandler' driver.
INFO - 2021-04-23 18:38:17 --> Controller "App\Controllers\undangan\Undangan" loaded.
INFO - 2021-04-23 18:38:20 --> Session: Class initialized using 'CodeIgniter\Session\Handlers\FileHandler' driver.
INFO - 2021-04-23 18:38:20 --> Controller "App\Controllers\undangan\Undangan" loaded.
INFO - 2021-04-23 18:38:35 --> Session: Class initialized using 'CodeIgniter\Session\Handlers\FileHandler' driver.
INFO - 2021-04-23 18:38:35 --> Controller "App\Controllers\undangan\Undangan" loaded.
INFO - 2021-04-23 18:45:10 --> Session: Class initialized using 'CodeIgniter\Session\Handlers\FileHandler' driver.
INFO - 2021-04-23 18:45:10 --> Controller "App\Controllers\undangan\Undangan" loaded.
INFO - 2021-04-23 19:18:57 --> Controller "App\Controllers\base\Beranda" loaded.
INFO - 2021-04-23 19:52:32 --> Controller "App\Controllers\base\Beranda" loaded.
INFO - 2021-04-23 19:53:31 --> Session: Class initialized using 'CodeIgniter\Session\Handlers\FileHandler' driver.
INFO - 2021-04-23 19:53:31 --> Controller "App\Controllers\base\Dashboard" loaded.
INFO - 2021-04-23 19:53:42 --> Session: Class initialized using 'CodeIgniter\Session\Handlers\FileHandler' driver.
INFO - 2021-04-23 19:53:42 --> Controller "App\Controllers\base\Dashboard" loaded.
INFO - 2021-04-23 19:53:42 --> Session: Class initialized using 'CodeIgniter\Session\Handlers\FileHandler' driver.
INFO - 2021-04-23 19:53:42 --> Controller "App\Controllers\base\Dashboard" loaded.
INFO - 2021-04-23 19:53:46 --> Session: Class initialized using 'CodeIgniter\Session\Handlers\FileHandler' driver.
INFO - 2021-04-23 19:53:46 --> Controller "App\Controllers\base\Dashboard" loaded.
INFO - 2021-04-23 19:54:03 --> Session: Class initialized using 'CodeIgniter\Session\Handlers\FileHandler' driver.
INFO - 2021-04-23 19:54:03 --> Controller "App\Controllers\base\Dashboard" loaded.
INFO - 2021-04-23 19:54:03 --> Session: Class initialized using 'CodeIgniter\Session\Handlers\FileHandler' driver.
INFO - 2021-04-23 19:54:03 --> Controller "App\Controllers\base\Dashboard" loaded.
INFO - 2021-04-23 19:54:08 --> Session: Class initialized using 'CodeIgniter\Session\Handlers\FileHandler' driver.
INFO - 2021-04-23 19:54:08 --> Controller "App\Controllers\base\Dashboard" loaded.
INFO - 2021-04-23 19:54:09 --> Session: Class initialized using 'CodeIgniter\Session\Handlers\FileHandler' driver.
INFO - 2021-04-23 19:54:09 --> Controller "App\Controllers\base\Dashboard" loaded.
INFO - 2021-04-23 19:54:15 --> Session: Class initialized using 'CodeIgniter\Session\Handlers\FileHandler' driver.
INFO - 2021-04-23 19:54:15 --> Controller "App\Controllers\base\Dashboard" loaded.
INFO - 2021-04-23 19:54:16 --> Session: Class initialized using 'CodeIgniter\Session\Handlers\FileHandler' driver.
INFO - 2021-04-23 19:54:16 --> Controller "App\Controllers\base\Dashboard" loaded.
INFO - 2021-04-23 20:00:02 --> Controller "App\Controllers\base\Beranda" loaded.
INFO - 2021-04-23 20:00:06 --> Session: Class initialized using 'CodeIgniter\Session\Handlers\FileHandler' driver.
INFO - 2021-04-23 20:00:06 --> Controller "App\Controllers\undangan\Undangan" loaded.
INFO - 2021-04-23 20:00:07 --> Session: Class initialized using 'CodeIgniter\Session\Handlers\FileHandler' driver.
INFO - 2021-04-23 20:00:07 --> Controller "App\Controllers\undangan\Undangan" loaded.
INFO - 2021-04-23 20:00:10 --> Controller "App\Controllers\base\Beranda" loaded.
INFO - 2021-04-23 20:00:11 --> Controller "App\Controllers\base\Beranda" loaded.
INFO - 2021-04-23 20:01:18 --> Session: Class initialized using 'CodeIgniter\Session\Handlers\FileHandler' driver.
INFO - 2021-04-23 20:01:18 --> Controller "App\Controllers\undangan\Undangan" loaded.
INFO - 2021-04-23 20:12:25 --> Controller "App\Controllers\base\Beranda" loaded.
INFO - 2021-04-23 20:12:30 --> Session: Class initialized using 'CodeIgniter\Session\Handlers\FileHandler' driver.
INFO - 2021-04-23 20:12:30 --> Controller "App\Controllers\undangan\Undangan" loaded.
INFO - 2021-04-23 20:12:30 --> Session: Class initialized using 'CodeIgniter\Session\Handlers\FileHandler' driver.
INFO - 2021-04-23 20:12:30 --> Controller "App\Controllers\undangan\Undangan" loaded.
INFO - 2021-04-23 20:12:33 --> Controller "App\Controllers\base\Beranda" loaded.
INFO - 2021-04-23 20:12:33 --> Controller "App\Controllers\base\Beranda" loaded.
INFO - 2021-04-23 20:12:47 --> Session: Class initialized using 'CodeIgniter\Session\Handlers\FileHandler' driver.
INFO - 2021-04-23 20:12:47 --> Controller "App\Controllers\undangan\Undangan" loaded.
INFO - 2021-04-23 20:15:13 --> Controller "App\Controllers\base\Beranda" loaded.
INFO - 2021-04-23 20:15:17 --> Session: Class initialized using 'CodeIgniter\Session\Handlers\FileHandler' driver.
INFO - 2021-04-23 20:15:17 --> Controller "App\Controllers\undangan\Undangan" loaded.
INFO - 2021-04-23 20:15:17 --> Session: Class initialized using 'CodeIgniter\Session\Handlers\FileHandler' driver.
INFO - 2021-04-23 20:15:17 --> Controller "App\Controllers\undangan\Undangan" loaded.
INFO - 2021-04-23 20:15:19 --> Controller "App\Controllers\base\Beranda" loaded.
INFO - 2021-04-23 20:15:20 --> Controller "App\Controllers\base\Beranda" loaded.
INFO - 2021-04-23 20:15:27 --> Session: Class initialized using 'CodeIgniter\Session\Handlers\FileHandler' driver.
INFO - 2021-04-23 20:15:27 --> Controller "App\Controllers\undangan\Undangan" loaded.
INFO - 2021-04-23 20:19:56 --> Session: Class initialized using 'CodeIgniter\Session\Handlers\FileHandler' driver.
INFO - 2021-04-23 20:19:56 --> Controller "App\Controllers\undangan\Undangan" loaded.
INFO - 2021-04-23 20:20:34 --> Session: Class initialized using 'CodeIgniter\Session\Handlers\FileHandler' driver.
INFO - 2021-04-23 20:20:34 --> Controller "App\Controllers\undangan\Undangan" loaded.
INFO - 2021-04-23 20:20:45 --> Session: Class initialized using 'CodeIgniter\Session\Handlers\FileHandler' driver.
INFO - 2021-04-23 20:20:45 --> Controller "App\Controllers\undangan\Undangan" loaded.
INFO - 2021-04-23 20:37:15 --> Session: Class initialized using 'CodeIgniter\Session\Handlers\FileHandler' driver.
INFO - 2021-04-23 20:37:15 --> Controller "App\Controllers\undangan\Undangan" loaded.
INFO - 2021-04-23 20:52:25 --> Session: Class initialized using 'CodeIgniter\Session\Handlers\FileHandler' driver.
INFO - 2021-04-23 20:52:25 --> Controller "App\Controllers\undangan\Undangan" loaded.
INFO - 2021-04-23 21:07:26 --> Session: Class initialized using 'CodeIgniter\Session\Handlers\FileHandler' driver.
INFO - 2021-04-23 21:07:26 --> Controller "App\Controllers\undangan\Undangan" loaded.
INFO - 2021-04-23 21:18:48 --> Controller "App\Controllers\base\Beranda" loaded.
INFO - 2021-04-23 21:30:55 --> Session: Class initialized using 'CodeIgniter\Session\Handlers\FileHandler' driver.
INFO - 2021-04-23 21:30:55 --> Controller "App\Controllers\undangan\Undangan" loaded.
INFO - 2021-04-23 22:08:48 --> Controller "App\Controllers\base\Beranda" loaded.
INFO - 2021-04-23 22:53:03 --> Controller "App\Controllers\base\Beranda" loaded.
INFO - 2021-04-23 22:53:07 --> Session: Class initialized using 'CodeIgniter\Session\Handlers\FileHandler' driver.
INFO - 2021-04-23 22:53:07 --> Controller "App\Controllers\undangan\Undangan" loaded.
INFO - 2021-04-23 22:53:08 --> Session: Class initialized using 'CodeIgniter\Session\Handlers\FileHandler' driver.
INFO - 2021-04-23 22:53:08 --> Controller "App\Controllers\undangan\Undangan" loaded.
INFO - 2021-04-23 22:53:10 --> Controller "App\Controllers\base\Beranda" loaded.
INFO - 2021-04-23 22:53:10 --> Session: Class initialized using 'CodeIgniter\Session\Handlers\FileHandler' driver.
INFO - 2021-04-23 22:53:10 --> Controller "App\Controllers\undangan\Undangan" loaded.
INFO - 2021-04-23 22:53:11 --> Controller "App\Controllers\base\Beranda" loaded.
INFO - 2021-04-23 22:53:58 --> Session: Class initialized using 'CodeIgniter\Session\Handlers\FileHandler' driver.
INFO - 2021-04-23 22:53:58 --> Controller "App\Controllers\undangan\Undangan" loaded.
INFO - 2021-04-23 22:55:21 --> Session: Class initialized using 'CodeIgniter\Session\Handlers\FileHandler' driver.
INFO - 2021-04-23 22:55:21 --> Controller "App\Controllers\undangan\Undangan" loaded.
INFO - 2021-04-23 22:55:34 --> Controller "App\Controllers\base\Beranda" loaded.
INFO - 2021-04-23 22:55:37 --> Session: Class initialized using 'CodeIgniter\Session\Handlers\FileHandler' driver.
INFO - 2021-04-23 22:55:37 --> Controller "App\Controllers\undangan\Undangan" loaded.
INFO - 2021-04-23 22:55:37 --> Session: Class initialized using 'CodeIgniter\Session\Handlers\FileHandler' driver.
INFO - 2021-04-23 22:55:37 --> Controller "App\Controllers\undangan\Undangan" loaded.
INFO - 2021-04-23 22:55:39 --> Controller "App\Controllers\base\Beranda" loaded.
INFO - 2021-04-23 22:55:40 --> Controller "App\Controllers\base\Beranda" loaded.
INFO - 2021-04-23 22:56:54 --> Session: Class initialized using 'CodeIgniter\Session\Handlers\FileHandler' driver.
INFO - 2021-04-23 22:56:54 --> Controller "App\Controllers\undangan\Undangan" loaded.
INFO - 2021-04-23 23:00:12 --> Session: Class initialized using 'CodeIgniter\Session\Handlers\FileHandler' driver.
INFO - 2021-04-23 23:00:12 --> Controller "App\Controllers\undangan\Undangan" loaded.
INFO - 2021-04-23 23:00:24 --> Session: Class initialized using 'CodeIgniter\Session\Handlers\FileHandler' driver.
INFO - 2021-04-23 23:00:24 --> Controller "App\Controllers\undangan\Undangan" loaded.
INFO - 2021-04-23 23:06:20 --> Session: Class initialized using 'CodeIgniter\Session\Handlers\FileHandler' driver.
INFO - 2021-04-23 23:06:20 --> Controller "App\Controllers\base\Dashboard" loaded.
INFO - 2021-04-23 23:06:35 --> Session: Class initialized using 'CodeIgniter\Session\Handlers\FileHandler' driver.
INFO - 2021-04-23 23:06:35 --> Controller "App\Controllers\base\Dashboard" loaded.
INFO - 2021-04-23 23:06:35 --> Session: Class initialized using 'CodeIgniter\Session\Handlers\FileHandler' driver.
INFO - 2021-04-23 23:06:35 --> Controller "App\Controllers\base\Dashboard" loaded.
INFO - 2021-04-23 23:06:40 --> Session: Class initialized using 'CodeIgniter\Session\Handlers\FileHandler' driver.
INFO - 2021-04-23 23:06:40 --> Controller "App\Controllers\base\Dashboard" loaded.
INFO - 2021-04-23 23:06:44 --> Session: Class initialized using 'CodeIgniter\Session\Handlers\FileHandler' driver.
INFO - 2021-04-23 23:06:44 --> Controller "App\Controllers\base\Dashboard" loaded.
INFO - 2021-04-23 23:06:44 --> Session: Class initialized using 'CodeIgniter\Session\Handlers\FileHandler' driver.
INFO - 2021-04-23 23:06:44 --> Controller "App\Controllers\base\Dashboard" loaded.
INFO - 2021-04-23 23:07:06 --> Session: Class initialized using 'CodeIgniter\Session\Handlers\FileHandler' driver.
INFO - 2021-04-23 23:07:06 --> Controller "App\Controllers\base\Dashboard" loaded.
INFO - 2021-04-23 23:07:06 --> Session: Class initialized using 'CodeIgniter\Session\Handlers\FileHandler' driver.
INFO - 2021-04-23 23:07:06 --> Controller "App\Controllers\base\Dashboard" loaded.
INFO - 2021-04-23 23:07:51 --> Session: Class initialized using 'CodeIgniter\Session\Handlers\FileHandler' driver.
INFO - 2021-04-23 23:07:51 --> Controller "App\Controllers\base\Dashboard" loaded.
INFO - 2021-04-23 23:07:51 --> Session: Class initialized using 'CodeIgniter\Session\Handlers\FileHandler' driver.
INFO - 2021-04-23 23:07:51 --> Controller "App\Controllers\base\Dashboard" loaded.
INFO - 2021-04-23 23:08:19 --> Session: Class initialized using 'CodeIgniter\Session\Handlers\FileHandler' driver.
INFO - 2021-04-23 23:08:19 --> Controller "App\Controllers\base\Dashboard" loaded.
INFO - 2021-04-23 23:08:19 --> Session: Class initialized using 'CodeIgniter\Session\Handlers\FileHandler' driver.
INFO - 2021-04-23 23:08:19 --> Controller "App\Controllers\base\Dashboard" loaded.
INFO - 2021-04-23 23:10:24 --> Session: Class initialized using 'CodeIgniter\Session\Handlers\FileHandler' driver.
INFO - 2021-04-23 23:10:24 --> Controller "App\Controllers\undangan\Undangan" loaded.
INFO - 2021-04-23 23:11:09 --> Session: Class initialized using 'CodeIgniter\Session\Handlers\FileHandler' driver.
INFO - 2021-04-23 23:11:09 --> Controller "App\Controllers\undangan\Undangan" loaded.
INFO - 2021-04-23 23:11:44 --> Session: Class initialized using 'CodeIgniter\Session\Handlers\FileHandler' driver.
INFO - 2021-04-23 23:11:44 --> Controller "App\Controllers\undangan\Undangan" loaded.
INFO - 2021-04-23 23:13:39 --> Session: Class initialized using 'CodeIgniter\Session\Handlers\FileHandler' driver.
INFO - 2021-04-23 23:13:39 --> Controller "App\Controllers\undangan\Undangan" loaded.
INFO - 2021-04-23 23:14:59 --> Session: Class initialized using 'CodeIgniter\Session\Handlers\FileHandler' driver.
INFO - 2021-04-23 23:14:59 --> Controller "App\Controllers\undangan\Undangan" loaded.
INFO - 2021-04-23 23:14:59 --> Session: Class initialized using 'CodeIgniter\Session\Handlers\FileHandler' driver.
INFO - 2021-04-23 23:14:59 --> Controller "App\Controllers\undangan\Undangan" loaded.
INFO - 2021-04-23 23:15:04 --> Session: Class initialized using 'CodeIgniter\Session\Handlers\FileHandler' driver.
INFO - 2021-04-23 23:15:04 --> Controller "App\Controllers\undangan\Undangan" loaded.
INFO - 2021-04-23 23:15:04 --> Session: Class initialized using 'CodeIgniter\Session\Handlers\FileHandler' driver.
INFO - 2021-04-23 23:15:04 --> Controller "App\Controllers\undangan\Undangan" loaded.
INFO - 2021-04-23 23:15:06 --> Controller "App\Controllers\base\Beranda" loaded.
INFO - 2021-04-23 23:15:07 --> Controller "App\Controllers\base\Beranda" loaded.
INFO - 2021-04-23 23:15:07 --> Controller "App\Controllers\base\Beranda" loaded.
INFO - 2021-04-23 23:15:24 --> Controller "App\Controllers\base\Beranda" loaded.
INFO - 2021-04-23 23:15:28 --> Controller "App\Controllers\base\Beranda" loaded.
INFO - 2021-04-23 23:15:28 --> Controller "App\Controllers\base\Beranda" loaded.
INFO - 2021-04-23 23:15:29 --> Controller "App\Controllers\base\Beranda" loaded.
INFO - 2021-04-23 23:15:29 --> Session: Class initialized using 'CodeIgniter\Session\Handlers\FileHandler' driver.
INFO - 2021-04-23 23:15:29 --> Controller "App\Controllers\undangan\Undangan" loaded.
INFO - 2021-04-23 23:15:30 --> Session: Class initialized using 'CodeIgniter\Session\Handlers\FileHandler' driver.
INFO - 2021-04-23 23:15:30 --> Controller "App\Controllers\undangan\Undangan" loaded.
INFO - 2021-04-23 23:16:54 --> Controller "App\Controllers\base\Beranda" loaded.
INFO - 2021-04-23 23:17:03 --> Session: Class initialized using 'CodeIgniter\Session\Handlers\FileHandler' driver.
INFO - 2021-04-23 23:17:03 --> Controller "App\Controllers\undangan\Undangan" loaded.
INFO - 2021-04-23 23:17:37 --> Controller "App\Controllers\base\Beranda" loaded.
INFO - 2021-04-23 23:17:53 --> Controller "App\Controllers\base\Beranda" loaded.
INFO - 2021-04-23 23:18:01 --> Controller "App\Controllers\base\Beranda" loaded.
INFO - 2021-04-23 23:18:01 --> Controller "App\Controllers\base\Beranda" loaded.
INFO - 2021-04-23 23:18:02 --> Controller "App\Controllers\base\Beranda" loaded.
INFO - 2021-04-23 23:18:06 --> Session: Class initialized using 'CodeIgniter\Session\Handlers\FileHandler' driver.
INFO - 2021-04-23 23:18:06 --> Controller "App\Controllers\undangan\Undangan" loaded.
INFO - 2021-04-23 23:18:32 --> Controller "App\Controllers\base\Beranda" loaded.
INFO - 2021-04-23 23:18:33 --> Controller "App\Controllers\base\Beranda" loaded.
INFO - 2021-04-23 23:18:40 --> Controller "App\Controllers\base\Beranda" loaded.
INFO - 2021-04-23 23:19:08 --> Controller "App\Controllers\base\Beranda" loaded.
INFO - 2021-04-23 23:19:17 --> Session: Class initialized using 'CodeIgniter\Session\Handlers\FileHandler' driver.
INFO - 2021-04-23 23:19:17 --> Controller "App\Controllers\undangan\Undangan" loaded.
INFO - 2021-04-23 23:19:17 --> Session: Class initialized using 'CodeIgniter\Session\Handlers\FileHandler' driver.
INFO - 2021-04-23 23:19:17 --> Controller "App\Controllers\undangan\Undangan" loaded.
INFO - 2021-04-23 23:19:41 --> Controller "App\Controllers\base\Beranda" loaded.
INFO - 2021-04-23 23:19:41 --> Controller "App\Controllers\base\Beranda" loaded.
INFO - 2021-04-23 23:19:41 --> Controller "App\Controllers\base\Beranda" loaded.
INFO - 2021-04-23 23:19:50 --> Controller "App\Controllers\base\Beranda" loaded.
INFO - 2021-04-23 23:19:55 --> Controller "App\Controllers\base\Beranda" loaded.
INFO - 2021-04-23 23:19:55 --> Controller "App\Controllers\base\Beranda" loaded.
INFO - 2021-04-23 23:19:56 --> Controller "App\Controllers\base\Beranda" loaded.
INFO - 2021-04-23 23:20:20 --> Controller "App\Controllers\base\Beranda" loaded.
INFO - 2021-04-23 23:20:20 --> Controller "App\Controllers\base\Beranda" loaded.
INFO - 2021-04-23 23:20:21 --> Controller "App\Controllers\base\Beranda" loaded.
INFO - 2021-04-23 23:20:47 --> Session: Class initialized using 'CodeIgniter\Session\Handlers\FileHandler' driver.
INFO - 2021-04-23 23:20:47 --> Controller "App\Controllers\undangan\Undangan" loaded.
INFO - 2021-04-23 23:20:47 --> Session: Class initialized using 'CodeIgniter\Session\Handlers\FileHandler' driver.
INFO - 2021-04-23 23:20:47 --> Controller "App\Controllers\undangan\Undangan" loaded.
INFO - 2021-04-23 23:20:48 --> Session: Class initialized using 'CodeIgniter\Session\Handlers\FileHandler' driver.
INFO - 2021-04-23 23:20:48 --> Controller "App\Controllers\undangan\Undangan" loaded.
INFO - 2021-04-23 23:20:48 --> Session: Class initialized using 'CodeIgniter\Session\Handlers\FileHandler' driver.
INFO - 2021-04-23 23:20:48 --> Controller "App\Controllers\undangan\Undangan" loaded.
INFO - 2021-04-23 23:20:50 --> Session: Class initialized using 'CodeIgniter\Session\Handlers\FileHandler' driver.
INFO - 2021-04-23 23:20:50 --> Controller "App\Controllers\undangan\Undangan" loaded.
INFO - 2021-04-23 23:20:50 --> Session: Class initialized using 'CodeIgniter\Session\Handlers\FileHandler' driver.
INFO - 2021-04-23 23:20:50 --> Controller "App\Controllers\undangan\Undangan" loaded.
INFO - 2021-04-23 23:20:56 --> Controller "App\Controllers\base\Beranda" loaded.
INFO - 2021-04-23 23:20:56 --> Controller "App\Controllers\base\Beranda" loaded.
INFO - 2021-04-23 23:20:57 --> Controller "App\Controllers\base\Beranda" loaded.
INFO - 2021-04-23 23:20:57 --> Session: Class initialized using 'CodeIgniter\Session\Handlers\FileHandler' driver.
INFO - 2021-04-23 23:20:57 --> Controller "App\Controllers\undangan\Undangan" loaded.
INFO - 2021-04-23 23:20:57 --> Controller "App\Controllers\base\Beranda" loaded.
INFO - 2021-04-23 23:21:03 --> Session: Class initialized using 'CodeIgniter\Session\Handlers\FileHandler' driver.
INFO - 2021-04-23 23:21:03 --> Controller "App\Controllers\undangan\Undangan" loaded.
INFO - 2021-04-23 23:21:07 --> Session: Class initialized using 'CodeIgniter\Session\Handlers\FileHandler' driver.
INFO - 2021-04-23 23:21:07 --> Controller "App\Controllers\undangan\Undangan" loaded.
INFO - 2021-04-23 23:21:27 --> Controller "App\Controllers\base\Beranda" loaded.
INFO - 2021-04-23 23:21:27 --> Controller "App\Controllers\base\Beranda" loaded.
INFO - 2021-04-23 23:21:28 --> Controller "App\Controllers\base\Beranda" loaded.
INFO - 2021-04-23 23:21:41 --> Controller "App\Controllers\base\Beranda" loaded.
INFO - 2021-04-23 23:21:41 --> Controller "App\Controllers\base\Beranda" loaded.
INFO - 2021-04-23 23:21:42 --> Controller "App\Controllers\base\Beranda" loaded.
INFO - 2021-04-23 23:22:01 --> Controller "App\Controllers\base\Beranda" loaded.
INFO - 2021-04-23 23:22:02 --> Controller "App\Controllers\base\Beranda" loaded.
INFO - 2021-04-23 23:22:02 --> Controller "App\Controllers\base\Beranda" loaded.
INFO - 2021-04-23 23:22:07 --> Session: Class initialized using 'CodeIgniter\Session\Handlers\FileHandler' driver.
INFO - 2021-04-23 23:22:07 --> Controller "App\Controllers\undangan\Undangan" loaded.
INFO - 2021-04-23 23:22:11 --> Controller "App\Controllers\base\Beranda" loaded.
INFO - 2021-04-23 23:23:14 --> Controller "App\Controllers\base\Beranda" loaded.
INFO - 2021-04-23 23:23:22 --> Controller "App\Controllers\base\Beranda" loaded.
INFO - 2021-04-23 23:23:22 --> Controller "App\Controllers\base\Beranda" loaded.
INFO - 2021-04-23 23:23:23 --> Controller "App\Controllers\base\Beranda" loaded.
INFO - 2021-04-23 23:23:46 --> Controller "App\Controllers\base\Beranda" loaded.
INFO - 2021-04-23 23:24:12 --> Controller "App\Controllers\base\Beranda" loaded.
INFO - 2021-04-23 23:25:40 --> Controller "App\Controllers\base\Beranda" loaded.
INFO - 2021-04-23 23:26:08 --> Controller "App\Controllers\base\Beranda" loaded.
INFO - 2021-04-23 23:26:53 --> Controller "App\Controllers\base\Beranda" loaded.
INFO - 2021-04-23 23:26:57 --> Controller "App\Controllers\base\Beranda" loaded.
INFO - 2021-04-23 23:27:15 --> Controller "App\Controllers\base\Beranda" loaded.
INFO - 2021-04-23 23:27:22 --> Controller "App\Controllers\base\Beranda" loaded.
INFO - 2021-04-23 23:27:22 --> Controller "App\Controllers\base\Beranda" loaded.
INFO - 2021-04-23 23:27:23 --> Controller "App\Controllers\base\Beranda" loaded.
INFO - 2021-04-23 23:27:50 --> Controller "App\Controllers\base\Beranda" loaded.
INFO - 2021-04-23 23:28:17 --> Controller "App\Controllers\base\Beranda" loaded.
INFO - 2021-04-23 23:28:17 --> Controller "App\Controllers\base\Beranda" loaded.
INFO - 2021-04-23 23:28:17 --> Controller "App\Controllers\base\Beranda" loaded.
INFO - 2021-04-23 23:28:26 --> Controller "App\Controllers\base\Beranda" loaded.
INFO - 2021-04-23 23:28:32 --> Controller "App\Controllers\base\Beranda" loaded.
INFO - 2021-04-23 23:28:49 --> Controller "App\Controllers\base\Beranda" loaded.
INFO - 2021-04-23 23:28:53 --> Controller "App\Controllers\base\Beranda" loaded.
INFO - 2021-04-23 23:28:53 --> Controller "App\Controllers\base\Beranda" loaded.
INFO - 2021-04-23 23:28:54 --> Controller "App\Controllers\base\Beranda" loaded.
INFO - 2021-04-23 23:28:59 --> Controller "App\Controllers\base\Beranda" loaded.
INFO - 2021-04-23 23:28:59 --> Controller "App\Controllers\base\Beranda" loaded.
INFO - 2021-04-23 23:29:00 --> Controller "App\Controllers\base\Beranda" loaded.
INFO - 2021-04-23 23:29:03 --> Controller "App\Controllers\base\Beranda" loaded.
INFO - 2021-04-23 23:29:07 --> Controller "App\Controllers\base\Beranda" loaded.
INFO - 2021-04-23 23:29:07 --> Controller "App\Controllers\base\Beranda" loaded.
INFO - 2021-04-23 23:29:08 --> Controller "App\Controllers\base\Beranda" loaded.
INFO - 2021-04-23 23:29:13 --> Controller "App\Controllers\base\Beranda" loaded.
INFO - 2021-04-23 23:29:38 --> Controller "App\Controllers\base\Beranda" loaded.
INFO - 2021-04-23 23:29:38 --> Controller "App\Controllers\base\Beranda" loaded.
INFO - 2021-04-23 23:29:39 --> Controller "App\Controllers\base\Beranda" loaded.
INFO - 2021-04-23 23:29:56 --> Controller "App\Controllers\base\Beranda" loaded.
INFO - 2021-04-23 23:30:07 --> Controller "App\Controllers\base\Beranda" loaded.
INFO - 2021-04-23 23:30:29 --> Controller "App\Controllers\base\Beranda" loaded.
INFO - 2021-04-23 23:30:29 --> Controller "App\Controllers\base\Beranda" loaded.
INFO - 2021-04-23 23:30:30 --> Controller "App\Controllers\base\Beranda" loaded.
INFO - 2021-04-23 23:30:41 --> Controller "App\Controllers\base\Beranda" loaded.
INFO - 2021-04-23 23:30:51 --> Controller "App\Controllers\base\Beranda" loaded.
INFO - 2021-04-23 23:31:25 --> Controller "App\Controllers\base\Beranda" loaded.
INFO - 2021-04-23 23:31:25 --> Controller "App\Controllers\base\Beranda" loaded.
INFO - 2021-04-23 23:31:25 --> Controller "App\Controllers\base\Beranda" loaded.
INFO - 2021-04-23 23:31:30 --> Controller "App\Controllers\base\Beranda" loaded.
INFO - 2021-04-23 23:31:38 --> Controller "App\Controllers\base\Beranda" loaded.
INFO - 2021-04-23 23:31:38 --> Controller "App\Controllers\base\Beranda" loaded.
INFO - 2021-04-23 23:31:41 --> Controller "App\Controllers\base\Beranda" loaded.
INFO - 2021-04-23 23:31:41 --> Controller "App\Controllers\base\Beranda" loaded.
INFO - 2021-04-23 23:31:45 --> Controller "App\Controllers\base\Beranda" loaded.
INFO - 2021-04-23 23:31:45 --> Controller "App\Controllers\base\Beranda" loaded.
INFO - 2021-04-23 23:31:46 --> Controller "App\Controllers\base\Beranda" loaded.
INFO - 2021-04-23 23:31:47 --> Controller "App\Controllers\base\Beranda" loaded.
INFO - 2021-04-23 23:31:47 --> Controller "App\Controllers\base\Beranda" loaded.
INFO - 2021-04-23 23:31:48 --> Controller "App\Controllers\base\Beranda" loaded.
INFO - 2021-04-23 23:31:53 --> Controller "App\Controllers\base\Beranda" loaded.
INFO - 2021-04-23 23:31:54 --> Controller "App\Controllers\base\Beranda" loaded.
INFO - 2021-04-23 23:31:54 --> Controller "App\Controllers\base\Beranda" loaded.
INFO - 2021-04-23 23:31:55 --> Controller "App\Controllers\base\Beranda" loaded.
INFO - 2021-04-23 23:32:01 --> Controller "App\Controllers\base\Beranda" loaded.
INFO - 2021-04-23 23:32:01 --> Controller "App\Controllers\base\Beranda" loaded.
INFO - 2021-04-23 23:32:02 --> Controller "App\Controllers\base\Beranda" loaded.
INFO - 2021-04-23 23:32:08 --> Controller "App\Controllers\base\Beranda" loaded.
INFO - 2021-04-23 23:32:17 --> Controller "App\Controllers\base\Beranda" loaded.
INFO - 2021-04-23 23:32:17 --> Controller "App\Controllers\base\Beranda" loaded.
INFO - 2021-04-23 23:32:18 --> Controller "App\Controllers\base\Beranda" loaded.
INFO - 2021-04-23 23:32:37 --> Controller "App\Controllers\base\Beranda" loaded.
INFO - 2021-04-23 23:32:38 --> Controller "App\Controllers\base\Beranda" loaded.
INFO - 2021-04-23 23:32:38 --> Controller "App\Controllers\base\Beranda" loaded.
INFO - 2021-04-23 23:34:37 --> Session: Class initialized using 'CodeIgniter\Session\Handlers\FileHandler' driver.
INFO - 2021-04-23 23:34:37 --> Controller "App\Controllers\undangan\Undangan" loaded.
INFO - 2021-04-23 23:35:02 --> Session: Class initialized using 'CodeIgniter\Session\Handlers\FileHandler' driver.
INFO - 2021-04-23 23:35:02 --> Controller "App\Controllers\undangan\Undangan" loaded.
INFO - 2021-04-23 23:35:36 --> Session: Class initialized using 'CodeIgniter\Session\Handlers\FileHandler' driver.
INFO - 2021-04-23 23:35:36 --> Controller "App\Controllers\undangan\Undangan" loaded.
INFO - 2021-04-23 23:35:57 --> Session: Class initialized using 'CodeIgniter\Session\Handlers\FileHandler' driver.
INFO - 2021-04-23 23:35:57 --> Controller "App\Controllers\undangan\Undangan" loaded.
INFO - 2021-04-23 23:41:27 --> Controller "App\Controllers\base\Beranda" loaded.
INFO - 2021-04-23 23:41:46 --> Controller "App\Controllers\base\Beranda" loaded.
INFO - 2021-04-23 23:42:04 --> Controller "App\Controllers\base\Beranda" loaded.
INFO - 2021-04-23 23:43:15 --> Controller "App\Controllers\base\Beranda" loaded.
INFO - 2021-04-23 23:43:15 --> Controller "App\Controllers\base\Beranda" loaded.
INFO - 2021-04-23 23:43:15 --> Controller "App\Controllers\base\Beranda" loaded.
INFO - 2021-04-23 23:43:19 --> Controller "App\Controllers\base\Beranda" loaded.
INFO - 2021-04-23 23:43:25 --> Controller "App\Controllers\base\Beranda" loaded.
INFO - 2021-04-23 23:43:49 --> Controller "App\Controllers\base\Beranda" loaded.
INFO - 2021-04-23 23:51:55 --> Session: Class initialized using 'CodeIgniter\Session\Handlers\FileHandler' driver.
INFO - 2021-04-23 23:51:55 --> Controller "App\Controllers\undangan\Undangan" loaded.
INFO - 2021-04-23 23:52:18 --> Session: Class initialized using 'CodeIgniter\Session\Handlers\FileHandler' driver.
INFO - 2021-04-23 23:52:18 --> Controller "App\Controllers\undangan\Undangan" loaded.
INFO - 2021-04-23 23:52:42 --> Controller "App\Controllers\base\Beranda" loaded.
INFO - 2021-04-23 23:52:47 --> Session: Class initialized using 'CodeIgniter\Session\Handlers\FileHandler' driver.
INFO - 2021-04-23 23:52:47 --> Controller "App\Controllers\undangan\Undangan" loaded.
INFO - 2021-04-23 23:52:47 --> Session: Class initialized using 'CodeIgniter\Session\Handlers\FileHandler' driver.
INFO - 2021-04-23 23:52:47 --> Controller "App\Controllers\undangan\Undangan" loaded.
INFO - 2021-04-23 23:52:47 --> Session: Class initialized using 'CodeIgniter\Session\Handlers\FileHandler' driver.
INFO - 2021-04-23 23:52:47 --> Controller "App\Controllers\undangan\Undangan" loaded.
INFO - 2021-04-23 23:55:22 --> Session: Class initialized using 'CodeIgniter\Session\Handlers\FileHandler' driver.
INFO - 2021-04-23 23:55:22 --> Controller "App\Controllers\base\Dashboard" loaded.
INFO - 2021-04-23 23:55:31 --> Session: Class initialized using 'CodeIgniter\Session\Handlers\FileHandler' driver.
INFO - 2021-04-23 23:55:31 --> Controller "App\Controllers\base\Dashboard" loaded.
INFO - 2021-04-23 23:55:31 --> Session: Class initialized using 'CodeIgniter\Session\Handlers\FileHandler' driver.
INFO - 2021-04-23 23:55:31 --> Controller "App\Controllers\base\Dashboard" loaded.
INFO - 2021-04-23 23:55:32 --> Controller "App\Controllers\base\Beranda" loaded.
INFO - 2021-04-23 23:55:36 --> Session: Class initialized using 'CodeIgniter\Session\Handlers\FileHandler' driver.
INFO - 2021-04-23 23:55:36 --> Controller "App\Controllers\base\Dashboard" loaded.
INFO - 2021-04-23 23:55:36 --> Controller "App\Controllers\base\Beranda" loaded.
INFO - 2021-04-23 23:55:39 --> Session: Class initialized using 'CodeIgniter\Session\Handlers\FileHandler' driver.
INFO - 2021-04-23 23:55:39 --> Controller "App\Controllers\base\Dashboard" loaded.
INFO - 2021-04-23 23:55:39 --> Controller "App\Controllers\base\Beranda" loaded.
INFO - 2021-04-23 23:55:43 --> Session: Class initialized using 'CodeIgniter\Session\Handlers\FileHandler' driver.
INFO - 2021-04-23 23:55:43 --> Controller "App\Controllers\base\Dashboard" loaded.
INFO - 2021-04-23 23:55:43 --> Session: Class initialized using 'CodeIgniter\Session\Handlers\FileHandler' driver.
INFO - 2021-04-23 23:55:43 --> Controller "App\Controllers\base\Dashboard" loaded.
INFO - 2021-04-23 23:55:44 --> Controller "App\Controllers\base\Beranda" loaded.
INFO - 2021-04-23 23:55:54 --> Session: Class initialized using 'CodeIgniter\Session\Handlers\FileHandler' driver.
INFO - 2021-04-23 23:55:54 --> Controller "App\Controllers\undangan\Undangan" loaded.
INFO - 2021-04-23 23:56:11 --> Session: Class initialized using 'CodeIgniter\Session\Handlers\FileHandler' driver.
INFO - 2021-04-23 23:56:11 --> Controller "App\Controllers\undangan\Undangan" loaded.
INFO - 2021-04-23 23:56:18 --> Session: Class initialized using 'CodeIgniter\Session\Handlers\FileHandler' driver.
INFO - 2021-04-23 23:56:18 --> Controller "App\Controllers\undangan\Undangan" loaded.
INFO - 2021-04-23 23:59:15 --> Session: Class initialized using 'CodeIgniter\Session\Handlers\FileHandler' driver.
INFO - 2021-04-23 23:59:15 --> Controller "App\Controllers\undangan\Undangan" loaded.
INFO - 2021-04-23 23:59:34 --> Session: Class initialized using 'CodeIgniter\Session\Handlers\FileHandler' driver.
INFO - 2021-04-23 23:59:34 --> Controller "App\Controllers\undangan\Undangan" loaded.
