INFO - 2022-02-10 01:18:12 --> Controller "App\Controllers\base\Beranda" loaded.
INFO - 2022-02-10 02:19:25 --> Controller "App\Controllers\base\Beranda" loaded.
INFO - 2022-02-10 02:26:14 --> Controller "App\Controllers\base\Beranda" loaded.
INFO - 2022-02-10 03:36:02 --> Controller "App\Controllers\base\Beranda" loaded.
INFO - 2022-02-10 04:28:57 --> Controller "App\Controllers\base\Beranda" loaded.
INFO - 2022-02-10 05:28:02 --> Controller "App\Controllers\base\Beranda" loaded.
INFO - 2022-02-10 08:40:13 --> Controller "App\Controllers\base\Beranda" loaded.
INFO - 2022-02-10 09:33:45 --> Controller "App\Controllers\base\Beranda" loaded.
INFO - 2022-02-10 09:46:59 --> Controller "App\Controllers\base\Beranda" loaded.
INFO - 2022-02-10 09:48:04 --> Controller "App\Controllers\base\Beranda" loaded.
INFO - 2022-02-10 09:54:59 --> Controller "App\Controllers\base\Beranda" loaded.
INFO - 2022-02-10 10:21:40 --> Controller "App\Controllers\base\Beranda" loaded.
INFO - 2022-02-10 10:21:46 --> Controller "App\Controllers\base\Beranda" loaded.
INFO - 2022-02-10 11:04:25 --> Controller "App\Controllers\base\Beranda" loaded.
INFO - 2022-02-10 11:04:29 --> Controller "App\Controllers\base\Beranda" loaded.
INFO - 2022-02-10 11:04:39 --> Controller "App\Controllers\base\Beranda" loaded.
INFO - 2022-02-10 11:04:39 --> Controller "App\Controllers\base\Beranda" loaded.
INFO - 2022-02-10 11:04:41 --> Controller "App\Controllers\base\Beranda" loaded.
INFO - 2022-02-10 11:04:41 --> Session: Class initialized using 'CodeIgniter\Session\Handlers\FileHandler' driver.
INFO - 2022-02-10 11:04:41 --> Controller "App\Controllers\base\Dashboard" loaded.
INFO - 2022-02-10 11:04:42 --> Session: Class initialized using 'CodeIgniter\Session\Handlers\FileHandler' driver.
INFO - 2022-02-10 11:04:42 --> Controller "App\Controllers\base\Order" loaded.
INFO - 2022-02-10 11:04:43 --> Controller "App\Controllers\base\Beranda" loaded.
INFO - 2022-02-10 11:04:43 --> Controller "App\Controllers\base\Beranda" loaded.
INFO - 2022-02-10 11:04:44 --> Controller "App\Controllers\base\Beranda" loaded.
INFO - 2022-02-10 11:04:45 --> Controller "App\Controllers\base\Beranda" loaded.
INFO - 2022-02-10 11:04:45 --> Session: Class initialized using 'CodeIgniter\Session\Handlers\FileHandler' driver.
INFO - 2022-02-10 11:04:45 --> Controller "App\Controllers\base\Order" loaded.
INFO - 2022-02-10 11:04:45 --> Session: Class initialized using 'CodeIgniter\Session\Handlers\FileHandler' driver.
INFO - 2022-02-10 11:04:45 --> Controller "App\Controllers\base\Order" loaded.
INFO - 2022-02-10 11:04:46 --> Controller "App\Controllers\base\Beranda" loaded.
INFO - 2022-02-10 11:04:46 --> Controller "App\Controllers\base\Beranda" loaded.
INFO - 2022-02-10 11:04:46 --> Session: Class initialized using 'CodeIgniter\Session\Handlers\FileHandler' driver.
INFO - 2022-02-10 11:04:46 --> Controller "App\Controllers\base\Order" loaded.
INFO - 2022-02-10 11:04:46 --> Session: Class initialized using 'CodeIgniter\Session\Handlers\FileHandler' driver.
INFO - 2022-02-10 11:04:46 --> Controller "App\Controllers\base\Order" loaded.
INFO - 2022-02-10 11:04:47 --> Controller "App\Controllers\base\Beranda" loaded.
INFO - 2022-02-10 11:04:47 --> Controller "App\Controllers\base\Beranda" loaded.
INFO - 2022-02-10 11:04:47 --> Session: Class initialized using 'CodeIgniter\Session\Handlers\FileHandler' driver.
INFO - 2022-02-10 11:04:47 --> Controller "App\Controllers\base\Order" loaded.
INFO - 2022-02-10 11:04:47 --> Session: Class initialized using 'CodeIgniter\Session\Handlers\FileHandler' driver.
INFO - 2022-02-10 11:04:47 --> Controller "App\Controllers\base\Order" loaded.
INFO - 2022-02-10 11:04:48 --> Controller "App\Controllers\base\Beranda" loaded.
INFO - 2022-02-10 11:04:48 --> Controller "App\Controllers\base\Beranda" loaded.
INFO - 2022-02-10 11:04:48 --> Session: Class initialized using 'CodeIgniter\Session\Handlers\FileHandler' driver.
INFO - 2022-02-10 11:04:48 --> Controller "App\Controllers\base\Order" loaded.
INFO - 2022-02-10 11:04:48 --> Session: Class initialized using 'CodeIgniter\Session\Handlers\FileHandler' driver.
INFO - 2022-02-10 11:04:48 --> Controller "App\Controllers\base\Order" loaded.
INFO - 2022-02-10 11:04:49 --> Controller "App\Controllers\base\Beranda" loaded.
INFO - 2022-02-10 11:04:49 --> Controller "App\Controllers\base\Beranda" loaded.
INFO - 2022-02-10 11:04:50 --> Session: Class initialized using 'CodeIgniter\Session\Handlers\FileHandler' driver.
INFO - 2022-02-10 11:04:50 --> Controller "App\Controllers\base\Order" loaded.
INFO - 2022-02-10 11:04:50 --> Session: Class initialized using 'CodeIgniter\Session\Handlers\FileHandler' driver.
INFO - 2022-02-10 11:04:50 --> Controller "App\Controllers\base\Order" loaded.
INFO - 2022-02-10 11:04:50 --> Controller "App\Controllers\base\Beranda" loaded.
INFO - 2022-02-10 11:04:50 --> Controller "App\Controllers\base\Beranda" loaded.
INFO - 2022-02-10 11:04:51 --> Session: Class initialized using 'CodeIgniter\Session\Handlers\FileHandler' driver.
INFO - 2022-02-10 11:04:51 --> Controller "App\Controllers\base\Order" loaded.
INFO - 2022-02-10 11:04:51 --> Session: Class initialized using 'CodeIgniter\Session\Handlers\FileHandler' driver.
INFO - 2022-02-10 11:04:51 --> Controller "App\Controllers\base\Order" loaded.
INFO - 2022-02-10 11:04:51 --> Controller "App\Controllers\base\Beranda" loaded.
INFO - 2022-02-10 11:04:51 --> Controller "App\Controllers\base\Beranda" loaded.
INFO - 2022-02-10 11:04:53 --> Controller "App\Controllers\base\Beranda" loaded.
INFO - 2022-02-10 11:04:54 --> Controller "App\Controllers\base\Beranda" loaded.
INFO - 2022-02-10 11:04:57 --> Controller "App\Controllers\base\Beranda" loaded.
INFO - 2022-02-10 11:04:57 --> Controller "App\Controllers\base\Beranda" loaded.
INFO - 2022-02-10 11:04:57 --> Controller "App\Controllers\base\Beranda" loaded.
INFO - 2022-02-10 11:04:58 --> Controller "App\Controllers\base\Beranda" loaded.
INFO - 2022-02-10 11:04:58 --> Controller "App\Controllers\base\Beranda" loaded.
INFO - 2022-02-10 11:04:58 --> Controller "App\Controllers\base\Beranda" loaded.
INFO - 2022-02-10 11:04:59 --> Controller "App\Controllers\base\Beranda" loaded.
INFO - 2022-02-10 11:04:59 --> Controller "App\Controllers\base\Beranda" loaded.
INFO - 2022-02-10 11:04:59 --> Controller "App\Controllers\base\Beranda" loaded.
INFO - 2022-02-10 11:04:59 --> Controller "App\Controllers\base\Beranda" loaded.
INFO - 2022-02-10 11:05:00 --> Controller "App\Controllers\base\Beranda" loaded.
INFO - 2022-02-10 11:05:00 --> Controller "App\Controllers\base\Beranda" loaded.
INFO - 2022-02-10 11:05:00 --> Controller "App\Controllers\base\Beranda" loaded.
INFO - 2022-02-10 11:05:00 --> Controller "App\Controllers\base\Beranda" loaded.
INFO - 2022-02-10 11:05:01 --> Controller "App\Controllers\base\Beranda" loaded.
INFO - 2022-02-10 11:05:01 --> Controller "App\Controllers\base\Beranda" loaded.
INFO - 2022-02-10 11:05:01 --> Controller "App\Controllers\base\Beranda" loaded.
INFO - 2022-02-10 11:05:02 --> Controller "App\Controllers\base\Beranda" loaded.
INFO - 2022-02-10 11:05:02 --> Controller "App\Controllers\base\Beranda" loaded.
INFO - 2022-02-10 11:05:02 --> Controller "App\Controllers\base\Beranda" loaded.
INFO - 2022-02-10 11:05:05 --> Controller "App\Controllers\base\Beranda" loaded.
INFO - 2022-02-10 11:05:05 --> Session: Class initialized using 'CodeIgniter\Session\Handlers\FileHandler' driver.
INFO - 2022-02-10 11:05:05 --> Controller "App\Controllers\base\Lupa_password" loaded.
INFO - 2022-02-10 11:05:20 --> Controller "App\Controllers\base\Beranda" loaded.
INFO - 2022-02-10 11:05:20 --> Controller "App\Controllers\base\Beranda" loaded.
INFO - 2022-02-10 11:05:39 --> Controller "App\Controllers\base\Beranda" loaded.
INFO - 2022-02-10 11:05:40 --> Controller "App\Controllers\base\Beranda" loaded.
INFO - 2022-02-10 11:05:40 --> Session: Class initialized using 'CodeIgniter\Session\Handlers\FileHandler' driver.
INFO - 2022-02-10 11:05:40 --> Controller "App\Controllers\base\Order" loaded.
INFO - 2022-02-10 11:05:40 --> Session: Class initialized using 'CodeIgniter\Session\Handlers\FileHandler' driver.
INFO - 2022-02-10 11:05:40 --> Controller "App\Controllers\base\Order" loaded.
INFO - 2022-02-10 11:05:41 --> Controller "App\Controllers\base\Beranda" loaded.
INFO - 2022-02-10 11:05:41 --> Controller "App\Controllers\base\Beranda" loaded.
INFO - 2022-02-10 11:05:41 --> Session: Class initialized using 'CodeIgniter\Session\Handlers\FileHandler' driver.
INFO - 2022-02-10 11:05:41 --> Controller "App\Controllers\base\Order" loaded.
INFO - 2022-02-10 11:05:41 --> Session: Class initialized using 'CodeIgniter\Session\Handlers\FileHandler' driver.
INFO - 2022-02-10 11:05:41 --> Controller "App\Controllers\base\Order" loaded.
INFO - 2022-02-10 11:05:42 --> Controller "App\Controllers\base\Beranda" loaded.
INFO - 2022-02-10 11:05:42 --> Controller "App\Controllers\base\Beranda" loaded.
INFO - 2022-02-10 11:05:42 --> Session: Class initialized using 'CodeIgniter\Session\Handlers\FileHandler' driver.
INFO - 2022-02-10 11:05:42 --> Controller "App\Controllers\base\Order" loaded.
INFO - 2022-02-10 11:05:42 --> Session: Class initialized using 'CodeIgniter\Session\Handlers\FileHandler' driver.
INFO - 2022-02-10 11:05:42 --> Controller "App\Controllers\base\Order" loaded.
INFO - 2022-02-10 11:05:43 --> Controller "App\Controllers\base\Beranda" loaded.
INFO - 2022-02-10 11:05:43 --> Controller "App\Controllers\base\Beranda" loaded.
INFO - 2022-02-10 11:05:43 --> Session: Class initialized using 'CodeIgniter\Session\Handlers\FileHandler' driver.
INFO - 2022-02-10 11:05:43 --> Controller "App\Controllers\base\Order" loaded.
INFO - 2022-02-10 11:05:44 --> Session: Class initialized using 'CodeIgniter\Session\Handlers\FileHandler' driver.
INFO - 2022-02-10 11:05:44 --> Controller "App\Controllers\base\Order" loaded.
INFO - 2022-02-10 11:05:44 --> Controller "App\Controllers\base\Beranda" loaded.
INFO - 2022-02-10 11:05:44 --> Controller "App\Controllers\base\Beranda" loaded.
INFO - 2022-02-10 11:05:44 --> Session: Class initialized using 'CodeIgniter\Session\Handlers\FileHandler' driver.
INFO - 2022-02-10 11:05:44 --> Controller "App\Controllers\base\Order" loaded.
INFO - 2022-02-10 11:05:45 --> Session: Class initialized using 'CodeIgniter\Session\Handlers\FileHandler' driver.
INFO - 2022-02-10 11:05:45 --> Controller "App\Controllers\base\Order" loaded.
INFO - 2022-02-10 11:05:45 --> Controller "App\Controllers\base\Beranda" loaded.
INFO - 2022-02-10 11:05:45 --> Controller "App\Controllers\base\Beranda" loaded.
INFO - 2022-02-10 11:05:46 --> Session: Class initialized using 'CodeIgniter\Session\Handlers\FileHandler' driver.
INFO - 2022-02-10 11:05:46 --> Controller "App\Controllers\base\Order" loaded.
INFO - 2022-02-10 11:05:46 --> Session: Class initialized using 'CodeIgniter\Session\Handlers\FileHandler' driver.
INFO - 2022-02-10 11:05:46 --> Controller "App\Controllers\base\Order" loaded.
INFO - 2022-02-10 11:05:46 --> Controller "App\Controllers\base\Beranda" loaded.
INFO - 2022-02-10 11:05:46 --> Controller "App\Controllers\base\Beranda" loaded.
INFO - 2022-02-10 11:05:47 --> Controller "App\Controllers\base\Beranda" loaded.
INFO - 2022-02-10 11:05:47 --> Controller "App\Controllers\base\Beranda" loaded.
INFO - 2022-02-10 11:05:48 --> Controller "App\Controllers\base\Beranda" loaded.
INFO - 2022-02-10 11:05:48 --> Controller "App\Controllers\base\Beranda" loaded.
INFO - 2022-02-10 11:05:48 --> Controller "App\Controllers\base\Beranda" loaded.
INFO - 2022-02-10 11:05:49 --> Controller "App\Controllers\base\Beranda" loaded.
INFO - 2022-02-10 11:05:49 --> Controller "App\Controllers\base\Beranda" loaded.
INFO - 2022-02-10 11:05:49 --> Controller "App\Controllers\base\Beranda" loaded.
INFO - 2022-02-10 11:05:49 --> Controller "App\Controllers\base\Beranda" loaded.
INFO - 2022-02-10 11:05:50 --> Controller "App\Controllers\base\Beranda" loaded.
INFO - 2022-02-10 11:05:50 --> Controller "App\Controllers\base\Beranda" loaded.
INFO - 2022-02-10 11:05:50 --> Controller "App\Controllers\base\Beranda" loaded.
INFO - 2022-02-10 11:05:50 --> Controller "App\Controllers\base\Beranda" loaded.
INFO - 2022-02-10 11:05:51 --> Controller "App\Controllers\base\Beranda" loaded.
INFO - 2022-02-10 11:05:51 --> Controller "App\Controllers\base\Beranda" loaded.
INFO - 2022-02-10 11:05:51 --> Controller "App\Controllers\base\Beranda" loaded.
INFO - 2022-02-10 11:05:51 --> Controller "App\Controllers\base\Beranda" loaded.
INFO - 2022-02-10 11:05:52 --> Controller "App\Controllers\base\Beranda" loaded.
INFO - 2022-02-10 11:05:52 --> Controller "App\Controllers\base\Beranda" loaded.
INFO - 2022-02-10 11:05:52 --> Controller "App\Controllers\base\Beranda" loaded.
INFO - 2022-02-10 11:05:52 --> Controller "App\Controllers\base\Beranda" loaded.
INFO - 2022-02-10 11:05:53 --> Controller "App\Controllers\base\Beranda" loaded.
INFO - 2022-02-10 11:05:57 --> Controller "App\Controllers\base\Beranda" loaded.
INFO - 2022-02-10 11:05:58 --> Controller "App\Controllers\base\Beranda" loaded.
INFO - 2022-02-10 11:05:58 --> Controller "App\Controllers\base\Beranda" loaded.
INFO - 2022-02-10 11:05:58 --> Controller "App\Controllers\base\Beranda" loaded.
INFO - 2022-02-10 11:06:01 --> Controller "App\Controllers\base\Beranda" loaded.
INFO - 2022-02-10 11:06:01 --> Controller "App\Controllers\base\Beranda" loaded.
INFO - 2022-02-10 11:06:02 --> Controller "App\Controllers\base\Beranda" loaded.
INFO - 2022-02-10 11:06:02 --> Controller "App\Controllers\base\Beranda" loaded.
INFO - 2022-02-10 11:06:02 --> Controller "App\Controllers\base\Beranda" loaded.
INFO - 2022-02-10 11:06:02 --> Controller "App\Controllers\base\Beranda" loaded.
INFO - 2022-02-10 11:06:03 --> Controller "App\Controllers\base\Beranda" loaded.
INFO - 2022-02-10 11:06:03 --> Controller "App\Controllers\base\Beranda" loaded.
INFO - 2022-02-10 11:06:03 --> Controller "App\Controllers\base\Beranda" loaded.
INFO - 2022-02-10 11:06:03 --> Controller "App\Controllers\base\Beranda" loaded.
INFO - 2022-02-10 11:06:04 --> Controller "App\Controllers\base\Beranda" loaded.
INFO - 2022-02-10 11:06:04 --> Controller "App\Controllers\base\Beranda" loaded.
INFO - 2022-02-10 11:06:04 --> Controller "App\Controllers\base\Beranda" loaded.
INFO - 2022-02-10 11:06:04 --> Controller "App\Controllers\base\Beranda" loaded.
INFO - 2022-02-10 11:06:04 --> Controller "App\Controllers\base\Beranda" loaded.
INFO - 2022-02-10 11:06:05 --> Controller "App\Controllers\base\Beranda" loaded.
INFO - 2022-02-10 11:06:05 --> Controller "App\Controllers\base\Beranda" loaded.
INFO - 2022-02-10 11:06:05 --> Controller "App\Controllers\base\Beranda" loaded.
INFO - 2022-02-10 11:06:05 --> Controller "App\Controllers\base\Beranda" loaded.
INFO - 2022-02-10 11:06:06 --> Controller "App\Controllers\base\Beranda" loaded.
INFO - 2022-02-10 11:06:12 --> Controller "App\Controllers\base\Beranda" loaded.
INFO - 2022-02-10 11:06:13 --> Controller "App\Controllers\base\Beranda" loaded.
INFO - 2022-02-10 11:06:13 --> Controller "App\Controllers\base\Beranda" loaded.
INFO - 2022-02-10 11:06:13 --> Controller "App\Controllers\base\Beranda" loaded.
INFO - 2022-02-10 11:06:13 --> Controller "App\Controllers\base\Beranda" loaded.
INFO - 2022-02-10 11:06:14 --> Controller "App\Controllers\base\Beranda" loaded.
INFO - 2022-02-10 11:06:14 --> Controller "App\Controllers\base\Beranda" loaded.
INFO - 2022-02-10 11:06:14 --> Controller "App\Controllers\base\Beranda" loaded.
INFO - 2022-02-10 11:06:14 --> Controller "App\Controllers\base\Beranda" loaded.
INFO - 2022-02-10 11:06:15 --> Controller "App\Controllers\base\Beranda" loaded.
INFO - 2022-02-10 11:06:15 --> Controller "App\Controllers\base\Beranda" loaded.
INFO - 2022-02-10 11:06:15 --> Controller "App\Controllers\base\Beranda" loaded.
INFO - 2022-02-10 11:06:15 --> Controller "App\Controllers\base\Beranda" loaded.
INFO - 2022-02-10 11:06:16 --> Controller "App\Controllers\base\Beranda" loaded.
INFO - 2022-02-10 11:06:16 --> Controller "App\Controllers\base\Beranda" loaded.
INFO - 2022-02-10 11:06:16 --> Controller "App\Controllers\base\Beranda" loaded.
INFO - 2022-02-10 11:06:16 --> Controller "App\Controllers\base\Beranda" loaded.
INFO - 2022-02-10 11:06:17 --> Controller "App\Controllers\base\Beranda" loaded.
INFO - 2022-02-10 11:06:17 --> Controller "App\Controllers\base\Beranda" loaded.
INFO - 2022-02-10 11:06:17 --> Controller "App\Controllers\base\Beranda" loaded.
INFO - 2022-02-10 11:06:17 --> Controller "App\Controllers\base\Beranda" loaded.
INFO - 2022-02-10 11:06:18 --> Controller "App\Controllers\base\Beranda" loaded.
INFO - 2022-02-10 11:06:18 --> Controller "App\Controllers\base\Beranda" loaded.
INFO - 2022-02-10 11:06:18 --> Controller "App\Controllers\base\Beranda" loaded.
INFO - 2022-02-10 11:06:20 --> Controller "App\Controllers\base\Beranda" loaded.
INFO - 2022-02-10 11:06:21 --> Controller "App\Controllers\base\Beranda" loaded.
INFO - 2022-02-10 11:06:21 --> Controller "App\Controllers\base\Beranda" loaded.
INFO - 2022-02-10 11:06:21 --> Controller "App\Controllers\base\Beranda" loaded.
INFO - 2022-02-10 11:06:21 --> Controller "App\Controllers\base\Beranda" loaded.
INFO - 2022-02-10 11:06:22 --> Controller "App\Controllers\base\Beranda" loaded.
INFO - 2022-02-10 11:06:22 --> Controller "App\Controllers\base\Beranda" loaded.
INFO - 2022-02-10 11:06:22 --> Controller "App\Controllers\base\Beranda" loaded.
INFO - 2022-02-10 11:06:22 --> Controller "App\Controllers\base\Beranda" loaded.
INFO - 2022-02-10 11:06:22 --> Controller "App\Controllers\base\Beranda" loaded.
INFO - 2022-02-10 11:06:23 --> Controller "App\Controllers\base\Beranda" loaded.
INFO - 2022-02-10 11:06:23 --> Controller "App\Controllers\base\Beranda" loaded.
INFO - 2022-02-10 11:06:23 --> Controller "App\Controllers\base\Beranda" loaded.
INFO - 2022-02-10 11:06:23 --> Controller "App\Controllers\base\Beranda" loaded.
INFO - 2022-02-10 11:06:24 --> Controller "App\Controllers\base\Beranda" loaded.
INFO - 2022-02-10 11:06:25 --> Controller "App\Controllers\base\Beranda" loaded.
INFO - 2022-02-10 11:06:25 --> Controller "App\Controllers\base\Beranda" loaded.
INFO - 2022-02-10 11:06:25 --> Controller "App\Controllers\base\Beranda" loaded.
INFO - 2022-02-10 11:06:25 --> Controller "App\Controllers\base\Beranda" loaded.
INFO - 2022-02-10 11:06:26 --> Controller "App\Controllers\base\Beranda" loaded.
INFO - 2022-02-10 11:06:26 --> Controller "App\Controllers\base\Beranda" loaded.
INFO - 2022-02-10 11:06:26 --> Controller "App\Controllers\base\Beranda" loaded.
INFO - 2022-02-10 11:06:26 --> Controller "App\Controllers\base\Beranda" loaded.
INFO - 2022-02-10 11:06:27 --> Controller "App\Controllers\base\Beranda" loaded.
INFO - 2022-02-10 11:06:29 --> Controller "App\Controllers\base\Beranda" loaded.
INFO - 2022-02-10 11:06:29 --> Controller "App\Controllers\base\Beranda" loaded.
INFO - 2022-02-10 11:06:29 --> Controller "App\Controllers\base\Beranda" loaded.
INFO - 2022-02-10 11:06:30 --> Controller "App\Controllers\base\Beranda" loaded.
INFO - 2022-02-10 11:06:30 --> Controller "App\Controllers\base\Beranda" loaded.
INFO - 2022-02-10 11:06:30 --> Controller "App\Controllers\base\Beranda" loaded.
INFO - 2022-02-10 11:06:30 --> Controller "App\Controllers\base\Beranda" loaded.
INFO - 2022-02-10 11:06:30 --> Controller "App\Controllers\base\Beranda" loaded.
INFO - 2022-02-10 11:06:31 --> Controller "App\Controllers\base\Beranda" loaded.
INFO - 2022-02-10 11:06:31 --> Controller "App\Controllers\base\Beranda" loaded.
INFO - 2022-02-10 11:06:31 --> Controller "App\Controllers\base\Beranda" loaded.
INFO - 2022-02-10 11:06:32 --> Controller "App\Controllers\base\Beranda" loaded.
INFO - 2022-02-10 11:06:32 --> Controller "App\Controllers\base\Beranda" loaded.
INFO - 2022-02-10 11:06:32 --> Controller "App\Controllers\base\Beranda" loaded.
INFO - 2022-02-10 11:06:32 --> Controller "App\Controllers\base\Beranda" loaded.
INFO - 2022-02-10 11:06:33 --> Controller "App\Controllers\base\Beranda" loaded.
INFO - 2022-02-10 11:06:33 --> Controller "App\Controllers\base\Beranda" loaded.
INFO - 2022-02-10 11:06:33 --> Controller "App\Controllers\base\Beranda" loaded.
INFO - 2022-02-10 11:06:33 --> Controller "App\Controllers\base\Beranda" loaded.
INFO - 2022-02-10 11:06:34 --> Controller "App\Controllers\base\Beranda" loaded.
INFO - 2022-02-10 11:06:34 --> Controller "App\Controllers\base\Beranda" loaded.
INFO - 2022-02-10 11:06:34 --> Controller "App\Controllers\base\Beranda" loaded.
INFO - 2022-02-10 11:06:34 --> Controller "App\Controllers\base\Beranda" loaded.
INFO - 2022-02-10 11:06:35 --> Controller "App\Controllers\base\Beranda" loaded.
INFO - 2022-02-10 11:06:37 --> Controller "App\Controllers\base\Beranda" loaded.
INFO - 2022-02-10 11:06:37 --> Controller "App\Controllers\base\Beranda" loaded.
INFO - 2022-02-10 11:06:37 --> Controller "App\Controllers\base\Beranda" loaded.
INFO - 2022-02-10 11:06:38 --> Controller "App\Controllers\base\Beranda" loaded.
INFO - 2022-02-10 11:06:38 --> Controller "App\Controllers\base\Beranda" loaded.
INFO - 2022-02-10 11:06:38 --> Controller "App\Controllers\base\Beranda" loaded.
INFO - 2022-02-10 11:06:38 --> Controller "App\Controllers\base\Beranda" loaded.
INFO - 2022-02-10 11:06:39 --> Controller "App\Controllers\base\Beranda" loaded.
INFO - 2022-02-10 11:06:39 --> Controller "App\Controllers\base\Beranda" loaded.
INFO - 2022-02-10 11:06:39 --> Controller "App\Controllers\base\Beranda" loaded.
INFO - 2022-02-10 11:06:39 --> Controller "App\Controllers\base\Beranda" loaded.
INFO - 2022-02-10 11:06:40 --> Controller "App\Controllers\base\Beranda" loaded.
INFO - 2022-02-10 11:06:40 --> Controller "App\Controllers\base\Beranda" loaded.
INFO - 2022-02-10 11:06:40 --> Controller "App\Controllers\base\Beranda" loaded.
INFO - 2022-02-10 11:06:40 --> Controller "App\Controllers\base\Beranda" loaded.
INFO - 2022-02-10 11:06:41 --> Controller "App\Controllers\base\Beranda" loaded.
INFO - 2022-02-10 11:06:41 --> Controller "App\Controllers\base\Beranda" loaded.
INFO - 2022-02-10 11:06:41 --> Controller "App\Controllers\base\Beranda" loaded.
INFO - 2022-02-10 11:06:41 --> Controller "App\Controllers\base\Beranda" loaded.
INFO - 2022-02-10 11:06:42 --> Controller "App\Controllers\base\Beranda" loaded.
INFO - 2022-02-10 11:06:42 --> Controller "App\Controllers\base\Beranda" loaded.
INFO - 2022-02-10 11:06:42 --> Controller "App\Controllers\base\Beranda" loaded.
INFO - 2022-02-10 11:06:42 --> Controller "App\Controllers\base\Beranda" loaded.
INFO - 2022-02-10 11:06:42 --> Controller "App\Controllers\base\Beranda" loaded.
INFO - 2022-02-10 11:06:45 --> Controller "App\Controllers\base\Beranda" loaded.
INFO - 2022-02-10 11:06:45 --> Controller "App\Controllers\base\Beranda" loaded.
INFO - 2022-02-10 11:06:45 --> Controller "App\Controllers\base\Beranda" loaded.
INFO - 2022-02-10 11:06:46 --> Controller "App\Controllers\base\Beranda" loaded.
INFO - 2022-02-10 11:06:46 --> Controller "App\Controllers\base\Beranda" loaded.
INFO - 2022-02-10 11:06:46 --> Controller "App\Controllers\base\Beranda" loaded.
INFO - 2022-02-10 11:06:46 --> Controller "App\Controllers\base\Beranda" loaded.
INFO - 2022-02-10 11:06:46 --> Controller "App\Controllers\base\Beranda" loaded.
INFO - 2022-02-10 11:06:47 --> Controller "App\Controllers\base\Beranda" loaded.
INFO - 2022-02-10 11:06:47 --> Controller "App\Controllers\base\Beranda" loaded.
INFO - 2022-02-10 11:06:47 --> Controller "App\Controllers\base\Beranda" loaded.
INFO - 2022-02-10 11:06:47 --> Controller "App\Controllers\base\Beranda" loaded.
INFO - 2022-02-10 11:06:48 --> Controller "App\Controllers\base\Beranda" loaded.
INFO - 2022-02-10 11:06:48 --> Controller "App\Controllers\base\Beranda" loaded.
INFO - 2022-02-10 11:06:48 --> Controller "App\Controllers\base\Beranda" loaded.
INFO - 2022-02-10 11:06:49 --> Controller "App\Controllers\base\Beranda" loaded.
INFO - 2022-02-10 11:06:49 --> Controller "App\Controllers\base\Beranda" loaded.
INFO - 2022-02-10 11:06:50 --> Controller "App\Controllers\base\Beranda" loaded.
INFO - 2022-02-10 11:06:50 --> Controller "App\Controllers\base\Beranda" loaded.
INFO - 2022-02-10 11:06:50 --> Controller "App\Controllers\base\Beranda" loaded.
INFO - 2022-02-10 11:06:50 --> Controller "App\Controllers\base\Beranda" loaded.
INFO - 2022-02-10 11:06:51 --> Controller "App\Controllers\base\Beranda" loaded.
INFO - 2022-02-10 11:06:51 --> Controller "App\Controllers\base\Beranda" loaded.
INFO - 2022-02-10 11:06:51 --> Controller "App\Controllers\base\Beranda" loaded.
INFO - 2022-02-10 11:07:18 --> Controller "App\Controllers\base\Beranda" loaded.
INFO - 2022-02-10 11:07:18 --> Controller "App\Controllers\base\Beranda" loaded.
INFO - 2022-02-10 11:07:18 --> Session: Class initialized using 'CodeIgniter\Session\Handlers\FileHandler' driver.
INFO - 2022-02-10 11:07:18 --> Controller "App\Controllers\base\Order" loaded.
INFO - 2022-02-10 11:07:18 --> Session: Class initialized using 'CodeIgniter\Session\Handlers\FileHandler' driver.
INFO - 2022-02-10 11:07:18 --> Controller "App\Controllers\base\Order" loaded.
INFO - 2022-02-10 11:07:19 --> Controller "App\Controllers\base\Beranda" loaded.
INFO - 2022-02-10 11:07:19 --> Controller "App\Controllers\base\Beranda" loaded.
INFO - 2022-02-10 11:07:19 --> Session: Class initialized using 'CodeIgniter\Session\Handlers\FileHandler' driver.
INFO - 2022-02-10 11:07:19 --> Controller "App\Controllers\base\Order" loaded.
INFO - 2022-02-10 11:07:19 --> Session: Class initialized using 'CodeIgniter\Session\Handlers\FileHandler' driver.
INFO - 2022-02-10 11:07:19 --> Controller "App\Controllers\base\Order" loaded.
INFO - 2022-02-10 11:07:20 --> Controller "App\Controllers\base\Beranda" loaded.
INFO - 2022-02-10 11:07:20 --> Controller "App\Controllers\base\Beranda" loaded.
INFO - 2022-02-10 11:07:20 --> Session: Class initialized using 'CodeIgniter\Session\Handlers\FileHandler' driver.
INFO - 2022-02-10 11:07:20 --> Controller "App\Controllers\base\Order" loaded.
INFO - 2022-02-10 11:07:21 --> Session: Class initialized using 'CodeIgniter\Session\Handlers\FileHandler' driver.
INFO - 2022-02-10 11:07:21 --> Controller "App\Controllers\base\Order" loaded.
INFO - 2022-02-10 11:07:21 --> Controller "App\Controllers\base\Beranda" loaded.
INFO - 2022-02-10 11:07:21 --> Controller "App\Controllers\base\Beranda" loaded.
INFO - 2022-02-10 11:07:22 --> Session: Class initialized using 'CodeIgniter\Session\Handlers\FileHandler' driver.
INFO - 2022-02-10 11:07:22 --> Controller "App\Controllers\base\Order" loaded.
INFO - 2022-02-10 11:07:22 --> Session: Class initialized using 'CodeIgniter\Session\Handlers\FileHandler' driver.
INFO - 2022-02-10 11:07:22 --> Controller "App\Controllers\base\Order" loaded.
INFO - 2022-02-10 11:07:22 --> Controller "App\Controllers\base\Beranda" loaded.
INFO - 2022-02-10 11:07:22 --> Controller "App\Controllers\base\Beranda" loaded.
INFO - 2022-02-10 11:07:23 --> Session: Class initialized using 'CodeIgniter\Session\Handlers\FileHandler' driver.
INFO - 2022-02-10 11:07:23 --> Controller "App\Controllers\base\Order" loaded.
INFO - 2022-02-10 11:07:23 --> Session: Class initialized using 'CodeIgniter\Session\Handlers\FileHandler' driver.
INFO - 2022-02-10 11:07:23 --> Controller "App\Controllers\base\Order" loaded.
INFO - 2022-02-10 11:07:23 --> Controller "App\Controllers\base\Beranda" loaded.
INFO - 2022-02-10 11:07:24 --> Controller "App\Controllers\base\Beranda" loaded.
INFO - 2022-02-10 11:07:24 --> Session: Class initialized using 'CodeIgniter\Session\Handlers\FileHandler' driver.
INFO - 2022-02-10 11:07:24 --> Controller "App\Controllers\base\Order" loaded.
INFO - 2022-02-10 11:07:24 --> Session: Class initialized using 'CodeIgniter\Session\Handlers\FileHandler' driver.
INFO - 2022-02-10 11:07:24 --> Controller "App\Controllers\base\Order" loaded.
INFO - 2022-02-10 11:07:25 --> Controller "App\Controllers\base\Beranda" loaded.
INFO - 2022-02-10 11:07:25 --> Controller "App\Controllers\base\Beranda" loaded.
INFO - 2022-02-10 11:07:25 --> Session: Class initialized using 'CodeIgniter\Session\Handlers\FileHandler' driver.
INFO - 2022-02-10 11:07:25 --> Controller "App\Controllers\base\Order" loaded.
INFO - 2022-02-10 11:07:25 --> Session: Class initialized using 'CodeIgniter\Session\Handlers\FileHandler' driver.
INFO - 2022-02-10 11:07:25 --> Controller "App\Controllers\base\Order" loaded.
INFO - 2022-02-10 11:07:26 --> Controller "App\Controllers\base\Beranda" loaded.
INFO - 2022-02-10 11:07:26 --> Controller "App\Controllers\base\Beranda" loaded.
INFO - 2022-02-10 11:07:26 --> Session: Class initialized using 'CodeIgniter\Session\Handlers\FileHandler' driver.
INFO - 2022-02-10 11:07:26 --> Controller "App\Controllers\base\Order" loaded.
INFO - 2022-02-10 11:07:26 --> Session: Class initialized using 'CodeIgniter\Session\Handlers\FileHandler' driver.
INFO - 2022-02-10 11:07:27 --> Controller "App\Controllers\base\Order" loaded.
INFO - 2022-02-10 11:07:29 --> Controller "App\Controllers\base\Beranda" loaded.
INFO - 2022-02-10 11:07:29 --> Controller "App\Controllers\base\Beranda" loaded.
INFO - 2022-02-10 11:07:35 --> Controller "App\Controllers\base\Beranda" loaded.
INFO - 2022-02-10 11:07:36 --> Controller "App\Controllers\base\Beranda" loaded.
INFO - 2022-02-10 11:07:36 --> Controller "App\Controllers\base\Beranda" loaded.
INFO - 2022-02-10 11:07:36 --> Controller "App\Controllers\base\Beranda" loaded.
INFO - 2022-02-10 11:07:37 --> Controller "App\Controllers\base\Beranda" loaded.
INFO - 2022-02-10 11:07:37 --> Controller "App\Controllers\base\Beranda" loaded.
INFO - 2022-02-10 11:07:37 --> Controller "App\Controllers\base\Beranda" loaded.
INFO - 2022-02-10 11:07:37 --> Controller "App\Controllers\base\Beranda" loaded.
INFO - 2022-02-10 11:07:37 --> Controller "App\Controllers\base\Beranda" loaded.
INFO - 2022-02-10 11:07:38 --> Controller "App\Controllers\base\Beranda" loaded.
INFO - 2022-02-10 11:07:38 --> Controller "App\Controllers\base\Beranda" loaded.
INFO - 2022-02-10 11:07:38 --> Controller "App\Controllers\base\Beranda" loaded.
INFO - 2022-02-10 11:07:38 --> Controller "App\Controllers\base\Beranda" loaded.
INFO - 2022-02-10 11:07:39 --> Controller "App\Controllers\base\Beranda" loaded.
INFO - 2022-02-10 11:07:39 --> Controller "App\Controllers\base\Beranda" loaded.
INFO - 2022-02-10 11:07:39 --> Controller "App\Controllers\base\Beranda" loaded.
INFO - 2022-02-10 11:07:39 --> Controller "App\Controllers\base\Beranda" loaded.
INFO - 2022-02-10 11:07:40 --> Controller "App\Controllers\base\Beranda" loaded.
INFO - 2022-02-10 11:07:40 --> Controller "App\Controllers\base\Beranda" loaded.
INFO - 2022-02-10 11:07:40 --> Controller "App\Controllers\base\Beranda" loaded.
INFO - 2022-02-10 11:07:40 --> Controller "App\Controllers\base\Beranda" loaded.
INFO - 2022-02-10 11:07:41 --> Controller "App\Controllers\base\Beranda" loaded.
INFO - 2022-02-10 11:07:41 --> Controller "App\Controllers\base\Beranda" loaded.
INFO - 2022-02-10 11:07:41 --> Controller "App\Controllers\base\Beranda" loaded.
INFO - 2022-02-10 11:07:43 --> Controller "App\Controllers\base\Beranda" loaded.
INFO - 2022-02-10 11:07:44 --> Controller "App\Controllers\base\Beranda" loaded.
INFO - 2022-02-10 11:07:44 --> Controller "App\Controllers\base\Beranda" loaded.
INFO - 2022-02-10 11:07:44 --> Controller "App\Controllers\base\Beranda" loaded.
INFO - 2022-02-10 11:07:44 --> Controller "App\Controllers\base\Beranda" loaded.
INFO - 2022-02-10 11:07:45 --> Controller "App\Controllers\base\Beranda" loaded.
INFO - 2022-02-10 11:07:45 --> Controller "App\Controllers\base\Beranda" loaded.
INFO - 2022-02-10 11:07:45 --> Controller "App\Controllers\base\Beranda" loaded.
INFO - 2022-02-10 11:07:45 --> Controller "App\Controllers\base\Beranda" loaded.
INFO - 2022-02-10 11:07:46 --> Controller "App\Controllers\base\Beranda" loaded.
INFO - 2022-02-10 11:07:46 --> Controller "App\Controllers\base\Beranda" loaded.
INFO - 2022-02-10 11:07:46 --> Controller "App\Controllers\base\Beranda" loaded.
INFO - 2022-02-10 11:07:46 --> Controller "App\Controllers\base\Beranda" loaded.
INFO - 2022-02-10 11:07:47 --> Controller "App\Controllers\base\Beranda" loaded.
INFO - 2022-02-10 11:07:47 --> Controller "App\Controllers\base\Beranda" loaded.
INFO - 2022-02-10 11:07:47 --> Controller "App\Controllers\base\Beranda" loaded.
INFO - 2022-02-10 11:07:47 --> Controller "App\Controllers\base\Beranda" loaded.
INFO - 2022-02-10 11:07:48 --> Controller "App\Controllers\base\Beranda" loaded.
INFO - 2022-02-10 11:07:48 --> Controller "App\Controllers\base\Beranda" loaded.
INFO - 2022-02-10 11:07:48 --> Controller "App\Controllers\base\Beranda" loaded.
INFO - 2022-02-10 11:07:48 --> Controller "App\Controllers\base\Beranda" loaded.
INFO - 2022-02-10 11:07:48 --> Controller "App\Controllers\base\Beranda" loaded.
INFO - 2022-02-10 11:07:49 --> Controller "App\Controllers\base\Beranda" loaded.
INFO - 2022-02-10 11:07:49 --> Controller "App\Controllers\base\Beranda" loaded.
INFO - 2022-02-10 11:07:51 --> Controller "App\Controllers\base\Beranda" loaded.
INFO - 2022-02-10 11:07:51 --> Controller "App\Controllers\base\Beranda" loaded.
INFO - 2022-02-10 11:07:52 --> Controller "App\Controllers\base\Beranda" loaded.
INFO - 2022-02-10 11:07:52 --> Controller "App\Controllers\base\Beranda" loaded.
INFO - 2022-02-10 11:07:52 --> Controller "App\Controllers\base\Beranda" loaded.
INFO - 2022-02-10 11:07:52 --> Controller "App\Controllers\base\Beranda" loaded.
INFO - 2022-02-10 11:07:53 --> Controller "App\Controllers\base\Beranda" loaded.
INFO - 2022-02-10 11:07:53 --> Controller "App\Controllers\base\Beranda" loaded.
INFO - 2022-02-10 11:07:53 --> Controller "App\Controllers\base\Beranda" loaded.
INFO - 2022-02-10 11:07:53 --> Controller "App\Controllers\base\Beranda" loaded.
INFO - 2022-02-10 11:07:53 --> Controller "App\Controllers\base\Beranda" loaded.
INFO - 2022-02-10 11:07:54 --> Controller "App\Controllers\base\Beranda" loaded.
INFO - 2022-02-10 11:07:54 --> Controller "App\Controllers\base\Beranda" loaded.
INFO - 2022-02-10 11:07:54 --> Controller "App\Controllers\base\Beranda" loaded.
INFO - 2022-02-10 11:07:54 --> Controller "App\Controllers\base\Beranda" loaded.
INFO - 2022-02-10 11:07:55 --> Controller "App\Controllers\base\Beranda" loaded.
INFO - 2022-02-10 11:07:55 --> Controller "App\Controllers\base\Beranda" loaded.
INFO - 2022-02-10 11:07:55 --> Controller "App\Controllers\base\Beranda" loaded.
INFO - 2022-02-10 11:07:55 --> Controller "App\Controllers\base\Beranda" loaded.
INFO - 2022-02-10 11:07:56 --> Controller "App\Controllers\base\Beranda" loaded.
INFO - 2022-02-10 11:07:56 --> Controller "App\Controllers\base\Beranda" loaded.
INFO - 2022-02-10 11:07:56 --> Controller "App\Controllers\base\Beranda" loaded.
INFO - 2022-02-10 11:07:56 --> Controller "App\Controllers\base\Beranda" loaded.
INFO - 2022-02-10 11:07:57 --> Controller "App\Controllers\base\Beranda" loaded.
INFO - 2022-02-10 11:08:00 --> Controller "App\Controllers\base\Beranda" loaded.
INFO - 2022-02-10 11:08:00 --> Controller "App\Controllers\base\Beranda" loaded.
INFO - 2022-02-10 11:08:00 --> Controller "App\Controllers\base\Beranda" loaded.
INFO - 2022-02-10 11:08:01 --> Controller "App\Controllers\base\Beranda" loaded.
INFO - 2022-02-10 11:08:01 --> Controller "App\Controllers\base\Beranda" loaded.
INFO - 2022-02-10 11:08:01 --> Controller "App\Controllers\base\Beranda" loaded.
INFO - 2022-02-10 11:08:01 --> Controller "App\Controllers\base\Beranda" loaded.
INFO - 2022-02-10 11:08:02 --> Controller "App\Controllers\base\Beranda" loaded.
INFO - 2022-02-10 11:08:02 --> Controller "App\Controllers\base\Beranda" loaded.
INFO - 2022-02-10 11:08:02 --> Controller "App\Controllers\base\Beranda" loaded.
INFO - 2022-02-10 11:08:02 --> Controller "App\Controllers\base\Beranda" loaded.
INFO - 2022-02-10 11:08:03 --> Controller "App\Controllers\base\Beranda" loaded.
INFO - 2022-02-10 11:08:03 --> Controller "App\Controllers\base\Beranda" loaded.
INFO - 2022-02-10 11:08:03 --> Controller "App\Controllers\base\Beranda" loaded.
INFO - 2022-02-10 11:08:03 --> Controller "App\Controllers\base\Beranda" loaded.
INFO - 2022-02-10 11:08:03 --> Controller "App\Controllers\base\Beranda" loaded.
INFO - 2022-02-10 11:08:04 --> Controller "App\Controllers\base\Beranda" loaded.
INFO - 2022-02-10 11:08:04 --> Controller "App\Controllers\base\Beranda" loaded.
INFO - 2022-02-10 11:08:04 --> Controller "App\Controllers\base\Beranda" loaded.
INFO - 2022-02-10 11:08:04 --> Controller "App\Controllers\base\Beranda" loaded.
INFO - 2022-02-10 11:08:05 --> Controller "App\Controllers\base\Beranda" loaded.
INFO - 2022-02-10 11:08:05 --> Controller "App\Controllers\base\Beranda" loaded.
INFO - 2022-02-10 11:08:05 --> Controller "App\Controllers\base\Beranda" loaded.
INFO - 2022-02-10 11:08:06 --> Controller "App\Controllers\base\Beranda" loaded.
INFO - 2022-02-10 11:08:08 --> Controller "App\Controllers\base\Beranda" loaded.
INFO - 2022-02-10 11:08:08 --> Controller "App\Controllers\base\Beranda" loaded.
INFO - 2022-02-10 11:08:08 --> Controller "App\Controllers\base\Beranda" loaded.
INFO - 2022-02-10 11:08:09 --> Controller "App\Controllers\base\Beranda" loaded.
INFO - 2022-02-10 11:08:09 --> Controller "App\Controllers\base\Beranda" loaded.
INFO - 2022-02-10 11:08:09 --> Controller "App\Controllers\base\Beranda" loaded.
INFO - 2022-02-10 11:08:10 --> Controller "App\Controllers\base\Beranda" loaded.
INFO - 2022-02-10 11:08:10 --> Controller "App\Controllers\base\Beranda" loaded.
INFO - 2022-02-10 11:08:10 --> Controller "App\Controllers\base\Beranda" loaded.
INFO - 2022-02-10 11:08:10 --> Controller "App\Controllers\base\Beranda" loaded.
INFO - 2022-02-10 11:08:44 --> Controller "App\Controllers\base\Beranda" loaded.
INFO - 2022-02-10 11:08:44 --> Controller "App\Controllers\base\Beranda" loaded.
INFO - 2022-02-10 11:08:44 --> Controller "App\Controllers\base\Beranda" loaded.
INFO - 2022-02-10 11:08:45 --> Controller "App\Controllers\base\Beranda" loaded.
INFO - 2022-02-10 11:08:46 --> Controller "App\Controllers\base\Beranda" loaded.
INFO - 2022-02-10 11:08:46 --> Controller "App\Controllers\base\Beranda" loaded.
INFO - 2022-02-10 11:08:46 --> Controller "App\Controllers\base\Beranda" loaded.
INFO - 2022-02-10 11:08:47 --> Controller "App\Controllers\base\Beranda" loaded.
INFO - 2022-02-10 11:08:47 --> Controller "App\Controllers\base\Beranda" loaded.
INFO - 2022-02-10 11:08:47 --> Controller "App\Controllers\base\Beranda" loaded.
INFO - 2022-02-10 11:10:04 --> Controller "App\Controllers\base\Beranda" loaded.
INFO - 2022-02-10 11:10:11 --> Controller "App\Controllers\base\Beranda" loaded.
INFO - 2022-02-10 11:12:50 --> Session: Class initialized using 'CodeIgniter\Session\Handlers\FileHandler' driver.
INFO - 2022-02-10 11:12:50 --> Controller "App\Controllers\base\Dashboard" loaded.
INFO - 2022-02-10 11:13:09 --> Session: Class initialized using 'CodeIgniter\Session\Handlers\FileHandler' driver.
INFO - 2022-02-10 11:13:09 --> Controller "App\Controllers\base\Dashboard" loaded.
INFO - 2022-02-10 11:13:52 --> Session: Class initialized using 'CodeIgniter\Session\Handlers\FileHandler' driver.
INFO - 2022-02-10 11:13:52 --> Controller "App\Controllers\base\Order" loaded.
INFO - 2022-02-10 11:13:53 --> Controller "App\Controllers\base\Beranda" loaded.
INFO - 2022-02-10 11:13:58 --> Session: Class initialized using 'CodeIgniter\Session\Handlers\FileHandler' driver.
INFO - 2022-02-10 11:13:58 --> Controller "App\Controllers\base\Order" loaded.
INFO - 2022-02-10 11:13:59 --> Controller "App\Controllers\base\Beranda" loaded.
INFO - 2022-02-10 11:14:06 --> Controller "App\Controllers\base\Beranda" loaded.
INFO - 2022-02-10 11:18:14 --> Controller "App\Controllers\base\Beranda" loaded.
INFO - 2022-02-10 11:19:28 --> Session: Class initialized using 'CodeIgniter\Session\Handlers\FileHandler' driver.
INFO - 2022-02-10 11:19:28 --> Controller "App\Controllers\base\Order" loaded.
INFO - 2022-02-10 11:19:40 --> Session: Class initialized using 'CodeIgniter\Session\Handlers\FileHandler' driver.
INFO - 2022-02-10 11:19:40 --> Controller "App\Controllers\base\Order" loaded.
INFO - 2022-02-10 11:26:59 --> Session: Class initialized using 'CodeIgniter\Session\Handlers\FileHandler' driver.
INFO - 2022-02-10 11:26:59 --> Controller "App\Controllers\base\Order" loaded.
INFO - 2022-02-10 11:27:13 --> Session: Class initialized using 'CodeIgniter\Session\Handlers\FileHandler' driver.
INFO - 2022-02-10 11:27:13 --> Controller "App\Controllers\base\Order" loaded.
INFO - 2022-02-10 11:31:30 --> Controller "App\Controllers\base\Beranda" loaded.
INFO - 2022-02-10 11:32:36 --> Controller "App\Controllers\base\Beranda" loaded.
INFO - 2022-02-10 11:58:44 --> Controller "App\Controllers\base\Beranda" loaded.
INFO - 2022-02-10 11:58:47 --> Controller "App\Controllers\base\Beranda" loaded.
INFO - 2022-02-10 11:58:52 --> Controller "App\Controllers\base\Beranda" loaded.
INFO - 2022-02-10 12:06:53 --> Session: Class initialized using 'CodeIgniter\Session\Handlers\FileHandler' driver.
INFO - 2022-02-10 12:06:53 --> Controller "App\Controllers\base\Lupa_password" loaded.
INFO - 2022-02-10 12:41:35 --> Controller "App\Controllers\base\Beranda" loaded.
INFO - 2022-02-10 13:24:50 --> Controller "App\Controllers\base\Beranda" loaded.
INFO - 2022-02-10 13:24:50 --> Controller "App\Controllers\base\Beranda" loaded.
INFO - 2022-02-10 14:31:01 --> Controller "App\Controllers\base\Beranda" loaded.
INFO - 2022-02-10 16:03:22 --> Controller "App\Controllers\base\Beranda" loaded.
INFO - 2022-02-10 16:03:51 --> Controller "App\Controllers\base\Beranda" loaded.
INFO - 2022-02-10 16:12:41 --> Controller "App\Controllers\base\Beranda" loaded.
INFO - 2022-02-10 17:49:47 --> Controller "App\Controllers\base\Beranda" loaded.
INFO - 2022-02-10 17:49:48 --> Controller "App\Controllers\base\Beranda" loaded.
INFO - 2022-02-10 19:22:16 --> Controller "App\Controllers\base\Beranda" loaded.
INFO - 2022-02-10 19:23:08 --> Controller "App\Controllers\base\Beranda" loaded.
INFO - 2022-02-10 19:27:02 --> Controller "App\Controllers\base\Beranda" loaded.
INFO - 2022-02-10 19:31:01 --> Controller "App\Controllers\base\Beranda" loaded.
INFO - 2022-02-10 19:55:21 --> Controller "App\Controllers\base\Beranda" loaded.
INFO - 2022-02-10 19:56:12 --> Controller "App\Controllers\base\Beranda" loaded.
INFO - 2022-02-10 19:56:14 --> Controller "App\Controllers\base\Beranda" loaded.
INFO - 2022-02-10 19:56:25 --> Controller "App\Controllers\base\Beranda" loaded.
INFO - 2022-02-10 20:05:10 --> Controller "App\Controllers\base\Beranda" loaded.
INFO - 2022-02-10 20:05:10 --> Controller "App\Controllers\base\Beranda" loaded.
INFO - 2022-02-10 20:06:05 --> Controller "App\Controllers\base\Beranda" loaded.
INFO - 2022-02-10 20:06:05 --> Controller "App\Controllers\base\Beranda" loaded.
INFO - 2022-02-10 20:09:55 --> Controller "App\Controllers\base\Beranda" loaded.
INFO - 2022-02-10 20:12:18 --> Controller "App\Controllers\base\Beranda" loaded.
INFO - 2022-02-10 20:20:45 --> Controller "App\Controllers\base\Beranda" loaded.
INFO - 2022-02-10 20:22:45 --> Controller "App\Controllers\base\Beranda" loaded.
INFO - 2022-02-10 20:24:12 --> Controller "App\Controllers\base\Beranda" loaded.
INFO - 2022-02-10 20:32:03 --> Controller "App\Controllers\base\Beranda" loaded.
INFO - 2022-02-10 20:32:46 --> Controller "App\Controllers\base\Beranda" loaded.
INFO - 2022-02-10 20:35:17 --> Controller "App\Controllers\base\Beranda" loaded.
INFO - 2022-02-10 20:39:25 --> Controller "App\Controllers\base\Beranda" loaded.
INFO - 2022-02-10 20:40:12 --> Controller "App\Controllers\base\Beranda" loaded.
INFO - 2022-02-10 20:40:36 --> Controller "App\Controllers\base\Beranda" loaded.
INFO - 2022-02-10 20:40:40 --> Controller "App\Controllers\base\Beranda" loaded.
INFO - 2022-02-10 20:41:01 --> Controller "App\Controllers\base\Beranda" loaded.
INFO - 2022-02-10 20:45:33 --> Controller "App\Controllers\base\Beranda" loaded.
INFO - 2022-02-10 20:45:46 --> Controller "App\Controllers\base\Beranda" loaded.
INFO - 2022-02-10 20:47:22 --> Controller "App\Controllers\base\Beranda" loaded.
INFO - 2022-02-10 20:48:43 --> Controller "App\Controllers\base\Beranda" loaded.
INFO - 2022-02-10 20:52:57 --> Controller "App\Controllers\base\Beranda" loaded.
INFO - 2022-02-10 20:53:18 --> Controller "App\Controllers\base\Beranda" loaded.
INFO - 2022-02-10 20:56:27 --> Controller "App\Controllers\base\Beranda" loaded.
INFO - 2022-02-10 20:59:17 --> Controller "App\Controllers\base\Beranda" loaded.
INFO - 2022-02-10 21:00:27 --> Controller "App\Controllers\base\Beranda" loaded.
INFO - 2022-02-10 21:01:14 --> Controller "App\Controllers\base\Beranda" loaded.
INFO - 2022-02-10 21:01:45 --> Controller "App\Controllers\base\Beranda" loaded.
INFO - 2022-02-10 21:02:44 --> Controller "App\Controllers\base\Beranda" loaded.
INFO - 2022-02-10 21:11:42 --> Controller "App\Controllers\base\Beranda" loaded.
INFO - 2022-02-10 21:11:48 --> Controller "App\Controllers\base\Beranda" loaded.
INFO - 2022-02-10 21:11:59 --> Controller "App\Controllers\base\Beranda" loaded.
INFO - 2022-02-10 21:12:46 --> Controller "App\Controllers\base\Beranda" loaded.
INFO - 2022-02-10 21:13:58 --> Controller "App\Controllers\base\Beranda" loaded.
INFO - 2022-02-10 21:16:05 --> Controller "App\Controllers\base\Beranda" loaded.
INFO - 2022-02-10 21:25:28 --> Controller "App\Controllers\base\Beranda" loaded.
INFO - 2022-02-10 21:28:54 --> Controller "App\Controllers\base\Beranda" loaded.
INFO - 2022-02-10 21:29:50 --> Controller "App\Controllers\base\Beranda" loaded.
INFO - 2022-02-10 21:32:39 --> Controller "App\Controllers\base\Beranda" loaded.
INFO - 2022-02-10 21:33:41 --> Controller "App\Controllers\base\Beranda" loaded.
INFO - 2022-02-10 21:35:10 --> Controller "App\Controllers\base\Beranda" loaded.
INFO - 2022-02-10 21:36:31 --> Controller "App\Controllers\base\Beranda" loaded.
INFO - 2022-02-10 21:36:53 --> Controller "App\Controllers\base\Beranda" loaded.
INFO - 2022-02-10 21:37:38 --> Controller "App\Controllers\base\Beranda" loaded.
INFO - 2022-02-10 21:40:10 --> Controller "App\Controllers\base\Beranda" loaded.
INFO - 2022-02-10 21:49:59 --> Controller "App\Controllers\base\Beranda" loaded.
INFO - 2022-02-10 21:50:01 --> Controller "App\Controllers\base\Beranda" loaded.
INFO - 2022-02-10 21:50:02 --> Controller "App\Controllers\base\Beranda" loaded.
INFO - 2022-02-10 21:50:03 --> Controller "App\Controllers\base\Beranda" loaded.
INFO - 2022-02-10 21:50:37 --> Controller "App\Controllers\base\Beranda" loaded.
INFO - 2022-02-10 21:50:42 --> Controller "App\Controllers\base\Beranda" loaded.
INFO - 2022-02-10 21:50:47 --> Controller "App\Controllers\base\Beranda" loaded.
INFO - 2022-02-10 21:52:05 --> Controller "App\Controllers\base\Beranda" loaded.
INFO - 2022-02-10 21:56:34 --> Controller "App\Controllers\base\Beranda" loaded.
INFO - 2022-02-10 21:56:40 --> Controller "App\Controllers\base\Beranda" loaded.
INFO - 2022-02-10 22:04:52 --> Session: Class initialized using 'CodeIgniter\Session\Handlers\FileHandler' driver.
INFO - 2022-02-10 22:04:52 --> Controller "App\Controllers\base\Dashboard" loaded.
INFO - 2022-02-10 22:05:02 --> Session: Class initialized using 'CodeIgniter\Session\Handlers\FileHandler' driver.
INFO - 2022-02-10 22:05:02 --> Controller "App\Controllers\base\Dashboard" loaded.
INFO - 2022-02-10 22:05:02 --> Session: Class initialized using 'CodeIgniter\Session\Handlers\FileHandler' driver.
INFO - 2022-02-10 22:05:02 --> Controller "App\Controllers\base\Dashboard" loaded.
INFO - 2022-02-10 22:05:07 --> Session: Class initialized using 'CodeIgniter\Session\Handlers\FileHandler' driver.
INFO - 2022-02-10 22:05:07 --> Controller "App\Controllers\base\Dashboard" loaded.
INFO - 2022-02-10 22:05:09 --> Session: Class initialized using 'CodeIgniter\Session\Handlers\FileHandler' driver.
INFO - 2022-02-10 22:05:09 --> Controller "App\Controllers\base\Dashboard" loaded.
INFO - 2022-02-10 22:05:17 --> Session: Class initialized using 'CodeIgniter\Session\Handlers\FileHandler' driver.
INFO - 2022-02-10 22:05:17 --> Controller "App\Controllers\base\Dashboard" loaded.
INFO - 2022-02-10 22:05:24 --> Session: Class initialized using 'CodeIgniter\Session\Handlers\FileHandler' driver.
INFO - 2022-02-10 22:05:24 --> Controller "App\Controllers\base\Dashboard" loaded.
INFO - 2022-02-10 22:05:25 --> Session: Class initialized using 'CodeIgniter\Session\Handlers\FileHandler' driver.
INFO - 2022-02-10 22:05:25 --> Controller "App\Controllers\base\Dashboard" loaded.
INFO - 2022-02-10 22:05:46 --> Session: Class initialized using 'CodeIgniter\Session\Handlers\FileHandler' driver.
INFO - 2022-02-10 22:05:46 --> Controller "App\Controllers\admin\Admin" loaded.
INFO - 2022-02-10 22:06:00 --> Session: Class initialized using 'CodeIgniter\Session\Handlers\FileHandler' driver.
INFO - 2022-02-10 22:06:00 --> Controller "App\Controllers\admin\Admin" loaded.
INFO - 2022-02-10 22:06:00 --> Session: Class initialized using 'CodeIgniter\Session\Handlers\FileHandler' driver.
INFO - 2022-02-10 22:06:00 --> Controller "App\Controllers\admin\Admin" loaded.
INFO - 2022-02-10 22:06:24 --> Session: Class initialized using 'CodeIgniter\Session\Handlers\FileHandler' driver.
INFO - 2022-02-10 22:06:24 --> Controller "App\Controllers\admin\Admin" loaded.
INFO - 2022-02-10 22:07:09 --> Session: Class initialized using 'CodeIgniter\Session\Handlers\FileHandler' driver.
INFO - 2022-02-10 22:07:09 --> Controller "App\Controllers\base\Dashboard" loaded.
INFO - 2022-02-10 22:07:10 --> Session: Class initialized using 'CodeIgniter\Session\Handlers\FileHandler' driver.
INFO - 2022-02-10 22:07:10 --> Controller "App\Controllers\base\Dashboard" loaded.
INFO - 2022-02-10 22:09:07 --> Session: Class initialized using 'CodeIgniter\Session\Handlers\FileHandler' driver.
INFO - 2022-02-10 22:09:07 --> Controller "App\Controllers\base\Dashboard" loaded.
INFO - 2022-02-10 22:09:09 --> Session: Class initialized using 'CodeIgniter\Session\Handlers\FileHandler' driver.
INFO - 2022-02-10 22:09:09 --> Controller "App\Controllers\base\Dashboard" loaded.
INFO - 2022-02-10 22:09:18 --> Session: Class initialized using 'CodeIgniter\Session\Handlers\FileHandler' driver.
INFO - 2022-02-10 22:09:18 --> Controller "App\Controllers\base\Dashboard" loaded.
INFO - 2022-02-10 22:09:18 --> Session: Class initialized using 'CodeIgniter\Session\Handlers\FileHandler' driver.
INFO - 2022-02-10 22:09:18 --> Controller "App\Controllers\base\Dashboard" loaded.
INFO - 2022-02-10 22:09:24 --> Session: Class initialized using 'CodeIgniter\Session\Handlers\FileHandler' driver.
INFO - 2022-02-10 22:09:24 --> Controller "App\Controllers\base\Dashboard" loaded.
INFO - 2022-02-10 22:09:24 --> Session: Class initialized using 'CodeIgniter\Session\Handlers\FileHandler' driver.
INFO - 2022-02-10 22:09:24 --> Controller "App\Controllers\base\Dashboard" loaded.
INFO - 2022-02-10 22:09:44 --> Session: Class initialized using 'CodeIgniter\Session\Handlers\FileHandler' driver.
INFO - 2022-02-10 22:09:44 --> Controller "App\Controllers\base\Dashboard" loaded.
INFO - 2022-02-10 22:09:44 --> Session: Class initialized using 'CodeIgniter\Session\Handlers\FileHandler' driver.
INFO - 2022-02-10 22:09:44 --> Controller "App\Controllers\base\Dashboard" loaded.
INFO - 2022-02-10 22:09:51 --> Session: Class initialized using 'CodeIgniter\Session\Handlers\FileHandler' driver.
INFO - 2022-02-10 22:09:51 --> Controller "App\Controllers\base\Dashboard" loaded.
INFO - 2022-02-10 22:09:51 --> Session: Class initialized using 'CodeIgniter\Session\Handlers\FileHandler' driver.
INFO - 2022-02-10 22:09:51 --> Controller "App\Controllers\base\Dashboard" loaded.
INFO - 2022-02-10 22:10:06 --> Session: Class initialized using 'CodeIgniter\Session\Handlers\FileHandler' driver.
INFO - 2022-02-10 22:10:06 --> Controller "App\Controllers\admin\Admin" loaded.
INFO - 2022-02-10 22:10:12 --> Session: Class initialized using 'CodeIgniter\Session\Handlers\FileHandler' driver.
INFO - 2022-02-10 22:10:12 --> Controller "App\Controllers\admin\Admin" loaded.
INFO - 2022-02-10 22:10:14 --> Session: Class initialized using 'CodeIgniter\Session\Handlers\FileHandler' driver.
INFO - 2022-02-10 22:10:14 --> Controller "App\Controllers\admin\Admin" loaded.
INFO - 2022-02-10 22:10:21 --> Session: Class initialized using 'CodeIgniter\Session\Handlers\FileHandler' driver.
INFO - 2022-02-10 22:10:21 --> Controller "App\Controllers\admin\Admin" loaded.
INFO - 2022-02-10 22:10:21 --> Session: Class initialized using 'CodeIgniter\Session\Handlers\FileHandler' driver.
INFO - 2022-02-10 22:10:21 --> Controller "App\Controllers\admin\Admin" loaded.
INFO - 2022-02-10 22:10:27 --> Session: Class initialized using 'CodeIgniter\Session\Handlers\FileHandler' driver.
INFO - 2022-02-10 22:10:27 --> Controller "App\Controllers\admin\Admin" loaded.
INFO - 2022-02-10 22:10:27 --> Session: Class initialized using 'CodeIgniter\Session\Handlers\FileHandler' driver.
INFO - 2022-02-10 22:10:27 --> Controller "App\Controllers\admin\Admin" loaded.
INFO - 2022-02-10 22:11:19 --> Session: Class initialized using 'CodeIgniter\Session\Handlers\FileHandler' driver.
INFO - 2022-02-10 22:11:19 --> Controller "App\Controllers\base\Dashboard" loaded.
INFO - 2022-02-10 22:11:27 --> Controller "App\Controllers\base\Beranda" loaded.
INFO - 2022-02-10 22:18:23 --> Session: Class initialized using 'CodeIgniter\Session\Handlers\FileHandler' driver.
INFO - 2022-02-10 22:18:23 --> Controller "App\Controllers\base\Order" loaded.
INFO - 2022-02-10 22:18:23 --> Controller "App\Controllers\base\Beranda" loaded.
INFO - 2022-02-10 22:18:56 --> Controller "App\Controllers\base\Beranda" loaded.
INFO - 2022-02-10 22:19:23 --> Session: Class initialized using 'CodeIgniter\Session\Handlers\FileHandler' driver.
INFO - 2022-02-10 22:19:23 --> Controller "App\Controllers\undangan\Undangan" loaded.
INFO - 2022-02-10 22:19:23 --> Session: Class initialized using 'CodeIgniter\Session\Handlers\FileHandler' driver.
INFO - 2022-02-10 22:19:23 --> Controller "App\Controllers\undangan\Undangan" loaded.
INFO - 2022-02-10 22:19:24 --> Session: Class initialized using 'CodeIgniter\Session\Handlers\FileHandler' driver.
INFO - 2022-02-10 22:19:24 --> Controller "App\Controllers\undangan\Undangan" loaded.
INFO - 2022-02-10 22:19:24 --> Session: Class initialized using 'CodeIgniter\Session\Handlers\FileHandler' driver.
INFO - 2022-02-10 22:19:24 --> Controller "App\Controllers\undangan\Undangan" loaded.
INFO - 2022-02-10 22:19:24 --> Session: Class initialized using 'CodeIgniter\Session\Handlers\FileHandler' driver.
INFO - 2022-02-10 22:19:24 --> Controller "App\Controllers\undangan\Undangan" loaded.
INFO - 2022-02-10 22:19:25 --> Session: Class initialized using 'CodeIgniter\Session\Handlers\FileHandler' driver.
INFO - 2022-02-10 22:19:25 --> Controller "App\Controllers\undangan\Undangan" loaded.
INFO - 2022-02-10 22:19:25 --> Session: Class initialized using 'CodeIgniter\Session\Handlers\FileHandler' driver.
INFO - 2022-02-10 22:19:25 --> Controller "App\Controllers\undangan\Undangan" loaded.
INFO - 2022-02-10 22:19:25 --> Session: Class initialized using 'CodeIgniter\Session\Handlers\FileHandler' driver.
INFO - 2022-02-10 22:19:25 --> Controller "App\Controllers\undangan\Undangan" loaded.
INFO - 2022-02-10 22:19:26 --> Session: Class initialized using 'CodeIgniter\Session\Handlers\FileHandler' driver.
INFO - 2022-02-10 22:19:26 --> Controller "App\Controllers\undangan\Undangan" loaded.
INFO - 2022-02-10 22:19:26 --> Session: Class initialized using 'CodeIgniter\Session\Handlers\FileHandler' driver.
INFO - 2022-02-10 22:19:26 --> Controller "App\Controllers\undangan\Undangan" loaded.
INFO - 2022-02-10 22:19:26 --> Session: Class initialized using 'CodeIgniter\Session\Handlers\FileHandler' driver.
INFO - 2022-02-10 22:19:26 --> Controller "App\Controllers\undangan\Undangan" loaded.
INFO - 2022-02-10 22:34:22 --> Controller "App\Controllers\base\Beranda" loaded.
INFO - 2022-02-10 22:52:46 --> Session: Class initialized using 'CodeIgniter\Session\Handlers\FileHandler' driver.
INFO - 2022-02-10 22:52:46 --> Controller "App\Controllers\base\Dashboard" loaded.
INFO - 2022-02-10 22:52:57 --> Session: Class initialized using 'CodeIgniter\Session\Handlers\FileHandler' driver.
INFO - 2022-02-10 22:52:57 --> Controller "App\Controllers\base\Dashboard" loaded.
INFO - 2022-02-10 22:52:57 --> Session: Class initialized using 'CodeIgniter\Session\Handlers\FileHandler' driver.
INFO - 2022-02-10 22:52:57 --> Controller "App\Controllers\base\Dashboard" loaded.
INFO - 2022-02-10 22:53:08 --> Session: Class initialized using 'CodeIgniter\Session\Handlers\FileHandler' driver.
INFO - 2022-02-10 22:53:08 --> Controller "App\Controllers\base\Dashboard" loaded.
INFO - 2022-02-10 22:53:18 --> Session: Class initialized using 'CodeIgniter\Session\Handlers\FileHandler' driver.
INFO - 2022-02-10 22:53:18 --> Controller "App\Controllers\base\Dashboard" loaded.
INFO - 2022-02-10 22:53:20 --> Session: Class initialized using 'CodeIgniter\Session\Handlers\FileHandler' driver.
INFO - 2022-02-10 22:53:20 --> Controller "App\Controllers\base\Dashboard" loaded.
INFO - 2022-02-10 22:54:04 --> Session: Class initialized using 'CodeIgniter\Session\Handlers\FileHandler' driver.
INFO - 2022-02-10 22:54:04 --> Controller "App\Controllers\base\Dashboard" loaded.
INFO - 2022-02-10 22:54:06 --> Session: Class initialized using 'CodeIgniter\Session\Handlers\FileHandler' driver.
INFO - 2022-02-10 22:54:06 --> Controller "App\Controllers\base\Dashboard" loaded.
INFO - 2022-02-10 22:54:20 --> Controller "App\Controllers\base\Beranda" loaded.
INFO - 2022-02-10 22:54:28 --> Session: Class initialized using 'CodeIgniter\Session\Handlers\FileHandler' driver.
INFO - 2022-02-10 22:54:28 --> Controller "App\Controllers\undangan\Undangan" loaded.
INFO - 2022-02-10 22:55:37 --> Session: Class initialized using 'CodeIgniter\Session\Handlers\FileHandler' driver.
INFO - 2022-02-10 22:55:37 --> Controller "App\Controllers\base\Dashboard" loaded.
INFO - 2022-02-10 22:55:54 --> Session: Class initialized using 'CodeIgniter\Session\Handlers\FileHandler' driver.
INFO - 2022-02-10 22:55:54 --> Controller "App\Controllers\base\Dashboard" loaded.
INFO - 2022-02-10 22:56:06 --> Session: Class initialized using 'CodeIgniter\Session\Handlers\FileHandler' driver.
INFO - 2022-02-10 22:56:06 --> Controller "App\Controllers\base\Dashboard" loaded.
INFO - 2022-02-10 22:56:06 --> Session: Class initialized using 'CodeIgniter\Session\Handlers\FileHandler' driver.
INFO - 2022-02-10 22:56:06 --> Controller "App\Controllers\base\Dashboard" loaded.
INFO - 2022-02-10 22:56:18 --> Session: Class initialized using 'CodeIgniter\Session\Handlers\FileHandler' driver.
INFO - 2022-02-10 22:56:18 --> Controller "App\Controllers\base\Dashboard" loaded.
INFO - 2022-02-10 22:56:27 --> Session: Class initialized using 'CodeIgniter\Session\Handlers\FileHandler' driver.
INFO - 2022-02-10 22:56:27 --> Controller "App\Controllers\base\Dashboard" loaded.
INFO - 2022-02-10 22:56:28 --> Session: Class initialized using 'CodeIgniter\Session\Handlers\FileHandler' driver.
INFO - 2022-02-10 22:56:28 --> Controller "App\Controllers\base\Dashboard" loaded.
