INFO - 2021-11-24 00:31:13 --> Controller "App\Controllers\base\Beranda" loaded.
INFO - 2021-11-24 00:50:11 --> Session: Class initialized using 'CodeIgniter\Session\Handlers\FileHandler' driver.
INFO - 2021-11-24 00:50:11 --> Controller "App\Controllers\admin\Admin" loaded.
INFO - 2021-11-24 01:49:11 --> Controller "App\Controllers\base\Beranda" loaded.
INFO - 2021-11-24 02:27:12 --> Controller "App\Controllers\base\Beranda" loaded.
INFO - 2021-11-24 02:34:09 --> Session: Class initialized using 'CodeIgniter\Session\Handlers\FileHandler' driver.
INFO - 2021-11-24 02:34:09 --> Controller "App\Controllers\base\Order" loaded.
INFO - 2021-11-24 03:13:22 --> Controller "App\Controllers\base\Beranda" loaded.
INFO - 2021-11-24 03:23:49 --> Session: Class initialized using 'CodeIgniter\Session\Handlers\FileHandler' driver.
INFO - 2021-11-24 03:23:49 --> Controller "App\Controllers\base\Order" loaded.
INFO - 2021-11-24 03:28:40 --> Session: Class initialized using 'CodeIgniter\Session\Handlers\FileHandler' driver.
INFO - 2021-11-24 03:28:40 --> Controller "App\Controllers\undangan\Undangan" loaded.
INFO - 2021-11-24 03:28:48 --> Session: Class initialized using 'CodeIgniter\Session\Handlers\FileHandler' driver.
INFO - 2021-11-24 03:28:48 --> Controller "App\Controllers\undangan\Undangan" loaded.
INFO - 2021-11-24 05:00:11 --> Controller "App\Controllers\base\Beranda" loaded.
INFO - 2021-11-24 05:06:34 --> Controller "App\Controllers\base\Beranda" loaded.
INFO - 2021-11-24 05:20:09 --> Controller "App\Controllers\base\Beranda" loaded.
INFO - 2021-11-24 05:20:16 --> Controller "App\Controllers\base\Beranda" loaded.
INFO - 2021-11-24 05:21:33 --> Controller "App\Controllers\base\Beranda" loaded.
INFO - 2021-11-24 05:23:11 --> Session: Class initialized using 'CodeIgniter\Session\Handlers\FileHandler' driver.
INFO - 2021-11-24 05:23:11 --> Controller "App\Controllers\base\Dashboard" loaded.
INFO - 2021-11-24 06:34:31 --> Controller "App\Controllers\base\Beranda" loaded.
INFO - 2021-11-24 06:34:31 --> Controller "App\Controllers\base\Beranda" loaded.
INFO - 2021-11-24 06:37:16 --> Controller "App\Controllers\base\Beranda" loaded.
INFO - 2021-11-24 07:00:03 --> Controller "App\Controllers\base\Beranda" loaded.
INFO - 2021-11-24 07:09:26 --> Session: Class initialized using 'CodeIgniter\Session\Handlers\FileHandler' driver.
INFO - 2021-11-24 07:09:26 --> Controller "App\Controllers\undangan\Undangan" loaded.
INFO - 2021-11-24 07:10:03 --> Controller "App\Controllers\base\Beranda" loaded.
INFO - 2021-11-24 07:20:03 --> Controller "App\Controllers\base\Beranda" loaded.
INFO - 2021-11-24 07:30:03 --> Controller "App\Controllers\base\Beranda" loaded.
INFO - 2021-11-24 07:40:03 --> Controller "App\Controllers\base\Beranda" loaded.
INFO - 2021-11-24 07:50:03 --> Controller "App\Controllers\base\Beranda" loaded.
INFO - 2021-11-24 07:55:16 --> Controller "App\Controllers\base\Beranda" loaded.
INFO - 2021-11-24 08:00:03 --> Controller "App\Controllers\base\Beranda" loaded.
INFO - 2021-11-24 08:10:02 --> Controller "App\Controllers\base\Beranda" loaded.
INFO - 2021-11-24 08:18:28 --> Controller "App\Controllers\base\Beranda" loaded.
INFO - 2021-11-24 08:20:02 --> Controller "App\Controllers\base\Beranda" loaded.
INFO - 2021-11-24 08:21:05 --> Controller "App\Controllers\base\Beranda" loaded.
INFO - 2021-11-24 08:21:17 --> Controller "App\Controllers\base\Beranda" loaded.
INFO - 2021-11-24 08:22:19 --> Controller "App\Controllers\base\Beranda" loaded.
INFO - 2021-11-24 08:29:49 --> Controller "App\Controllers\base\Beranda" loaded.
INFO - 2021-11-24 08:30:02 --> Controller "App\Controllers\base\Beranda" loaded.
INFO - 2021-11-24 08:40:03 --> Controller "App\Controllers\base\Beranda" loaded.
INFO - 2021-11-24 08:47:31 --> Session: Class initialized using 'CodeIgniter\Session\Handlers\FileHandler' driver.
INFO - 2021-11-24 08:47:31 --> Controller "App\Controllers\bukutamu\Bukutamu" loaded.
INFO - 2021-11-24 08:50:02 --> Controller "App\Controllers\base\Beranda" loaded.
INFO - 2021-11-24 08:56:51 --> Session: Class initialized using 'CodeIgniter\Session\Handlers\FileHandler' driver.
INFO - 2021-11-24 08:56:51 --> Controller "App\Controllers\base\Order" loaded.
INFO - 2021-11-24 09:00:02 --> Controller "App\Controllers\base\Beranda" loaded.
INFO - 2021-11-24 09:10:02 --> Controller "App\Controllers\base\Beranda" loaded.
INFO - 2021-11-24 09:14:18 --> Controller "App\Controllers\base\Beranda" loaded.
INFO - 2021-11-24 09:15:53 --> Controller "App\Controllers\base\Beranda" loaded.
INFO - 2021-11-24 09:20:02 --> Controller "App\Controllers\base\Beranda" loaded.
INFO - 2021-11-24 09:30:03 --> Controller "App\Controllers\base\Beranda" loaded.
INFO - 2021-11-24 09:40:03 --> Controller "App\Controllers\base\Beranda" loaded.
INFO - 2021-11-24 09:50:03 --> Controller "App\Controllers\base\Beranda" loaded.
INFO - 2021-11-24 10:00:02 --> Controller "App\Controllers\base\Beranda" loaded.
INFO - 2021-11-24 10:10:03 --> Controller "App\Controllers\base\Beranda" loaded.
INFO - 2021-11-24 10:15:05 --> Session: Class initialized using 'CodeIgniter\Session\Handlers\FileHandler' driver.
INFO - 2021-11-24 10:15:05 --> Controller "App\Controllers\undangan\Undangan" loaded.
INFO - 2021-11-24 10:20:03 --> Controller "App\Controllers\base\Beranda" loaded.
INFO - 2021-11-24 10:30:02 --> Controller "App\Controllers\base\Beranda" loaded.
INFO - 2021-11-24 10:40:03 --> Controller "App\Controllers\base\Beranda" loaded.
INFO - 2021-11-24 10:43:41 --> Session: Class initialized using 'CodeIgniter\Session\Handlers\FileHandler' driver.
INFO - 2021-11-24 10:43:41 --> Controller "App\Controllers\base\Order" loaded.
INFO - 2021-11-24 10:50:02 --> Controller "App\Controllers\base\Beranda" loaded.
INFO - 2021-11-24 10:55:40 --> Session: Class initialized using 'CodeIgniter\Session\Handlers\FileHandler' driver.
INFO - 2021-11-24 10:55:40 --> Controller "App\Controllers\base\Order" loaded.
INFO - 2021-11-24 10:55:42 --> Session: Class initialized using 'CodeIgniter\Session\Handlers\FileHandler' driver.
INFO - 2021-11-24 10:55:42 --> Controller "App\Controllers\base\Order" loaded.
INFO - 2021-11-24 10:55:45 --> Session: Class initialized using 'CodeIgniter\Session\Handlers\FileHandler' driver.
INFO - 2021-11-24 10:55:45 --> Controller "App\Controllers\base\Order" loaded.
INFO - 2021-11-24 10:55:47 --> Controller "App\Controllers\base\Beranda" loaded.
INFO - 2021-11-24 11:00:02 --> Controller "App\Controllers\base\Beranda" loaded.
INFO - 2021-11-24 11:08:56 --> Controller "App\Controllers\base\Beranda" loaded.
INFO - 2021-11-24 11:10:02 --> Controller "App\Controllers\base\Beranda" loaded.
INFO - 2021-11-24 11:20:02 --> Controller "App\Controllers\base\Beranda" loaded.
INFO - 2021-11-24 11:30:03 --> Controller "App\Controllers\base\Beranda" loaded.
INFO - 2021-11-24 11:40:03 --> Controller "App\Controllers\base\Beranda" loaded.
INFO - 2021-11-24 11:50:02 --> Controller "App\Controllers\base\Beranda" loaded.
INFO - 2021-11-24 12:00:03 --> Controller "App\Controllers\base\Beranda" loaded.
INFO - 2021-11-24 12:10:03 --> Controller "App\Controllers\base\Beranda" loaded.
INFO - 2021-11-24 12:15:47 --> Controller "App\Controllers\base\Beranda" loaded.
INFO - 2021-11-24 12:20:03 --> Controller "App\Controllers\base\Beranda" loaded.
INFO - 2021-11-24 12:20:10 --> Controller "App\Controllers\base\Beranda" loaded.
INFO - 2021-11-24 12:23:45 --> Session: Class initialized using 'CodeIgniter\Session\Handlers\FileHandler' driver.
INFO - 2021-11-24 12:23:45 --> Controller "App\Controllers\undangan\Undangan" loaded.
INFO - 2021-11-24 12:30:03 --> Controller "App\Controllers\base\Beranda" loaded.
INFO - 2021-11-24 12:40:02 --> Controller "App\Controllers\base\Beranda" loaded.
INFO - 2021-11-24 12:50:02 --> Controller "App\Controllers\base\Beranda" loaded.
INFO - 2021-11-24 12:55:42 --> Session: Class initialized using 'CodeIgniter\Session\Handlers\FileHandler' driver.
INFO - 2021-11-24 12:55:42 --> Controller "App\Controllers\base\Order" loaded.
INFO - 2021-11-24 13:00:02 --> Controller "App\Controllers\base\Beranda" loaded.
INFO - 2021-11-24 13:10:02 --> Controller "App\Controllers\base\Beranda" loaded.
INFO - 2021-11-24 13:20:02 --> Controller "App\Controllers\base\Beranda" loaded.
INFO - 2021-11-24 13:30:03 --> Controller "App\Controllers\base\Beranda" loaded.
INFO - 2021-11-24 13:40:02 --> Controller "App\Controllers\base\Beranda" loaded.
INFO - 2021-11-24 13:50:02 --> Controller "App\Controllers\base\Beranda" loaded.
INFO - 2021-11-24 14:00:03 --> Controller "App\Controllers\base\Beranda" loaded.
INFO - 2021-11-24 14:10:02 --> Controller "App\Controllers\base\Beranda" loaded.
INFO - 2021-11-24 14:16:55 --> Controller "App\Controllers\base\Beranda" loaded.
INFO - 2021-11-24 14:20:03 --> Controller "App\Controllers\base\Beranda" loaded.
INFO - 2021-11-24 14:22:08 --> Controller "App\Controllers\base\Beranda" loaded.
INFO - 2021-11-24 14:25:34 --> Controller "App\Controllers\base\Beranda" loaded.
INFO - 2021-11-24 14:30:02 --> Controller "App\Controllers\base\Beranda" loaded.
INFO - 2021-11-24 14:40:03 --> Controller "App\Controllers\base\Beranda" loaded.
INFO - 2021-11-24 14:49:13 --> Controller "App\Controllers\base\Beranda" loaded.
INFO - 2021-11-24 14:50:02 --> Controller "App\Controllers\base\Beranda" loaded.
INFO - 2021-11-24 14:50:14 --> Session: Class initialized using 'CodeIgniter\Session\Handlers\FileHandler' driver.
INFO - 2021-11-24 14:50:14 --> Controller "App\Controllers\base\Order" loaded.
INFO - 2021-11-24 15:00:03 --> Controller "App\Controllers\base\Beranda" loaded.
INFO - 2021-11-24 15:05:17 --> Session: Class initialized using 'CodeIgniter\Session\Handlers\FileHandler' driver.
INFO - 2021-11-24 15:05:17 --> Controller "App\Controllers\base\Order" loaded.
INFO - 2021-11-24 15:10:02 --> Controller "App\Controllers\base\Beranda" loaded.
INFO - 2021-11-24 15:20:02 --> Controller "App\Controllers\base\Beranda" loaded.
INFO - 2021-11-24 15:30:03 --> Controller "App\Controllers\base\Beranda" loaded.
INFO - 2021-11-24 15:40:03 --> Controller "App\Controllers\base\Beranda" loaded.
INFO - 2021-11-24 15:50:02 --> Controller "App\Controllers\base\Beranda" loaded.
INFO - 2021-11-24 15:53:28 --> Controller "App\Controllers\base\Beranda" loaded.
INFO - 2021-11-24 15:58:48 --> Controller "App\Controllers\base\Beranda" loaded.
INFO - 2021-11-24 16:00:02 --> Controller "App\Controllers\base\Beranda" loaded.
INFO - 2021-11-24 16:10:02 --> Controller "App\Controllers\base\Beranda" loaded.
INFO - 2021-11-24 16:20:03 --> Controller "App\Controllers\base\Beranda" loaded.
INFO - 2021-11-24 16:26:51 --> Controller "App\Controllers\base\Beranda" loaded.
INFO - 2021-11-24 16:30:03 --> Controller "App\Controllers\base\Beranda" loaded.
INFO - 2021-11-24 16:40:02 --> Controller "App\Controllers\base\Beranda" loaded.
INFO - 2021-11-24 16:50:03 --> Controller "App\Controllers\base\Beranda" loaded.
INFO - 2021-11-24 17:00:03 --> Controller "App\Controllers\base\Beranda" loaded.
INFO - 2021-11-24 17:07:51 --> Controller "App\Controllers\base\Beranda" loaded.
INFO - 2021-11-24 17:10:03 --> Controller "App\Controllers\base\Beranda" loaded.
INFO - 2021-11-24 17:20:03 --> Controller "App\Controllers\base\Beranda" loaded.
INFO - 2021-11-24 17:28:21 --> Session: Class initialized using 'CodeIgniter\Session\Handlers\FileHandler' driver.
INFO - 2021-11-24 17:28:21 --> Controller "App\Controllers\bukutamu\Bukutamu" loaded.
INFO - 2021-11-24 17:28:25 --> Session: Class initialized using 'CodeIgniter\Session\Handlers\FileHandler' driver.
INFO - 2021-11-24 17:28:25 --> Controller "App\Controllers\bukutamu\Bukutamu" loaded.
INFO - 2021-11-24 17:30:02 --> Controller "App\Controllers\base\Beranda" loaded.
INFO - 2021-11-24 17:40:03 --> Controller "App\Controllers\base\Beranda" loaded.
INFO - 2021-11-24 17:43:57 --> Controller "App\Controllers\base\Beranda" loaded.
INFO - 2021-11-24 17:44:04 --> Controller "App\Controllers\base\Beranda" loaded.
INFO - 2021-11-24 17:50:02 --> Controller "App\Controllers\base\Beranda" loaded.
INFO - 2021-11-24 18:00:03 --> Controller "App\Controllers\base\Beranda" loaded.
INFO - 2021-11-24 18:10:02 --> Controller "App\Controllers\base\Beranda" loaded.
INFO - 2021-11-24 18:20:03 --> Controller "App\Controllers\base\Beranda" loaded.
INFO - 2021-11-24 18:30:03 --> Controller "App\Controllers\base\Beranda" loaded.
INFO - 2021-11-24 18:37:20 --> Controller "App\Controllers\base\Beranda" loaded.
INFO - 2021-11-24 18:38:21 --> Session: Class initialized using 'CodeIgniter\Session\Handlers\FileHandler' driver.
INFO - 2021-11-24 18:38:21 --> Controller "App\Controllers\base\Order" loaded.
INFO - 2021-11-24 18:38:21 --> Controller "App\Controllers\base\Beranda" loaded.
INFO - 2021-11-24 18:39:02 --> Controller "App\Controllers\base\Beranda" loaded.
INFO - 2021-11-24 18:40:03 --> Controller "App\Controllers\base\Beranda" loaded.
INFO - 2021-11-24 18:43:34 --> Controller "App\Controllers\base\Beranda" loaded.
INFO - 2021-11-24 18:43:41 --> Controller "App\Controllers\base\Beranda" loaded.
INFO - 2021-11-24 18:50:03 --> Controller "App\Controllers\base\Beranda" loaded.
INFO - 2021-11-24 18:53:47 --> Controller "App\Controllers\base\Beranda" loaded.
INFO - 2021-11-24 18:53:51 --> Controller "App\Controllers\base\Beranda" loaded.
INFO - 2021-11-24 18:54:39 --> Controller "App\Controllers\base\Beranda" loaded.
INFO - 2021-11-24 18:58:53 --> Session: Class initialized using 'CodeIgniter\Session\Handlers\FileHandler' driver.
INFO - 2021-11-24 18:58:53 --> Controller "App\Controllers\bukutamu\Bukutamu" loaded.
INFO - 2021-11-24 18:59:17 --> Session: Class initialized using 'CodeIgniter\Session\Handlers\FileHandler' driver.
INFO - 2021-11-24 18:59:17 --> Controller "App\Controllers\bukutamu\Bukutamu" loaded.
INFO - 2021-11-24 18:59:18 --> Session: Class initialized using 'CodeIgniter\Session\Handlers\FileHandler' driver.
INFO - 2021-11-24 18:59:18 --> Controller "App\Controllers\bukutamu\Bukutamu" loaded.
INFO - 2021-11-24 19:00:02 --> Controller "App\Controllers\base\Beranda" loaded.
INFO - 2021-11-24 19:10:03 --> Controller "App\Controllers\base\Beranda" loaded.
INFO - 2021-11-24 19:20:03 --> Controller "App\Controllers\base\Beranda" loaded.
INFO - 2021-11-24 19:26:48 --> Controller "App\Controllers\base\Beranda" loaded.
INFO - 2021-11-24 19:30:02 --> Controller "App\Controllers\base\Beranda" loaded.
INFO - 2021-11-24 19:40:03 --> Controller "App\Controllers\base\Beranda" loaded.
INFO - 2021-11-24 19:50:02 --> Controller "App\Controllers\base\Beranda" loaded.
INFO - 2021-11-24 20:00:02 --> Controller "App\Controllers\base\Beranda" loaded.
INFO - 2021-11-24 20:10:02 --> Controller "App\Controllers\base\Beranda" loaded.
INFO - 2021-11-24 20:15:47 --> Controller "App\Controllers\base\Beranda" loaded.
INFO - 2021-11-24 20:15:48 --> Controller "App\Controllers\base\Beranda" loaded.
INFO - 2021-11-24 20:20:02 --> Controller "App\Controllers\base\Beranda" loaded.
INFO - 2021-11-24 20:28:06 --> Controller "App\Controllers\base\Beranda" loaded.
INFO - 2021-11-24 20:30:02 --> Controller "App\Controllers\base\Beranda" loaded.
INFO - 2021-11-24 20:35:50 --> Controller "App\Controllers\base\Beranda" loaded.
INFO - 2021-11-24 20:36:33 --> Controller "App\Controllers\base\Beranda" loaded.
INFO - 2021-11-24 20:40:03 --> Controller "App\Controllers\base\Beranda" loaded.
INFO - 2021-11-24 20:50:03 --> Controller "App\Controllers\base\Beranda" loaded.
INFO - 2021-11-24 21:00:03 --> Controller "App\Controllers\base\Beranda" loaded.
INFO - 2021-11-24 21:10:03 --> Controller "App\Controllers\base\Beranda" loaded.
INFO - 2021-11-24 21:20:03 --> Controller "App\Controllers\base\Beranda" loaded.
INFO - 2021-11-24 21:30:02 --> Controller "App\Controllers\base\Beranda" loaded.
INFO - 2021-11-24 21:40:03 --> Controller "App\Controllers\base\Beranda" loaded.
INFO - 2021-11-24 21:50:02 --> Controller "App\Controllers\base\Beranda" loaded.
INFO - 2021-11-24 22:00:03 --> Controller "App\Controllers\base\Beranda" loaded.
INFO - 2021-11-24 22:10:02 --> Controller "App\Controllers\base\Beranda" loaded.
INFO - 2021-11-24 22:20:02 --> Controller "App\Controllers\base\Beranda" loaded.
INFO - 2021-11-24 22:30:02 --> Controller "App\Controllers\base\Beranda" loaded.
INFO - 2021-11-24 22:40:02 --> Controller "App\Controllers\base\Beranda" loaded.
INFO - 2021-11-24 22:50:02 --> Controller "App\Controllers\base\Beranda" loaded.
INFO - 2021-11-24 22:51:39 --> Session: Class initialized using 'CodeIgniter\Session\Handlers\FileHandler' driver.
INFO - 2021-11-24 22:51:39 --> Controller "App\Controllers\base\Order" loaded.
INFO - 2021-11-24 23:21:03 --> Controller "App\Controllers\base\Beranda" loaded.
