INFO - 2022-03-09 04:20:17 --> Controller "App\Controllers\base\Beranda" loaded.
INFO - 2022-03-09 06:20:50 --> Controller "App\Controllers\base\Beranda" loaded.
INFO - 2022-03-09 06:37:36 --> Session: Class initialized using 'CodeIgniter\Session\Handlers\FileHandler' driver.
INFO - 2022-03-09 06:37:36 --> Controller "App\Controllers\admin\Admin" loaded.
INFO - 2022-03-09 07:00:03 --> Controller "App\Controllers\base\Beranda" loaded.
INFO - 2022-03-09 07:10:02 --> Controller "App\Controllers\base\Beranda" loaded.
INFO - 2022-03-09 07:20:02 --> Controller "App\Controllers\base\Beranda" loaded.
INFO - 2022-03-09 07:30:02 --> Controller "App\Controllers\base\Beranda" loaded.
INFO - 2022-03-09 07:40:02 --> Controller "App\Controllers\base\Beranda" loaded.
INFO - 2022-03-09 07:46:41 --> Controller "App\Controllers\base\Beranda" loaded.
INFO - 2022-03-09 07:46:52 --> Session: Class initialized using 'CodeIgniter\Session\Handlers\FileHandler' driver.
INFO - 2022-03-09 07:46:52 --> Session: Class initialized using 'CodeIgniter\Session\Handlers\FileHandler' driver.
INFO - 2022-03-09 07:46:52 --> Controller "App\Controllers\admin\Admin" loaded.
INFO - 2022-03-09 07:48:06 --> Session: Class initialized using 'CodeIgniter\Session\Handlers\FileHandler' driver.
INFO - 2022-03-09 07:48:06 --> Controller "App\Controllers\admin\Admin" loaded.
INFO - 2022-03-09 07:48:06 --> Session: Class initialized using 'CodeIgniter\Session\Handlers\FileHandler' driver.
INFO - 2022-03-09 07:48:06 --> Controller "App\Controllers\admin\Admin" loaded.
INFO - 2022-03-09 07:48:11 --> Session: Class initialized using 'CodeIgniter\Session\Handlers\FileHandler' driver.
INFO - 2022-03-09 07:48:11 --> Controller "App\Controllers\admin\Admin" loaded.
INFO - 2022-03-09 07:48:23 --> Session: Class initialized using 'CodeIgniter\Session\Handlers\FileHandler' driver.
INFO - 2022-03-09 07:48:23 --> Controller "App\Controllers\admin\Admin" loaded.
INFO - 2022-03-09 07:48:38 --> Session: Class initialized using 'CodeIgniter\Session\Handlers\FileHandler' driver.
INFO - 2022-03-09 07:48:38 --> Controller "App\Controllers\admin\Admin" loaded.
INFO - 2022-03-09 07:50:02 --> Controller "App\Controllers\base\Beranda" loaded.
INFO - 2022-03-09 07:51:20 --> Session: Class initialized using 'CodeIgniter\Session\Handlers\FileHandler' driver.
INFO - 2022-03-09 07:51:20 --> Controller "App\Controllers\admin\Admin" loaded.
INFO - 2022-03-09 08:00:02 --> Controller "App\Controllers\base\Beranda" loaded.
INFO - 2022-03-09 08:05:47 --> Session: Class initialized using 'CodeIgniter\Session\Handlers\FileHandler' driver.
INFO - 2022-03-09 08:05:47 --> Controller "App\Controllers\admin\Admin" loaded.
CRITICAL - 2022-03-09 08:05:47 --> Undefined property: stdClass::$bukutamu
#0 /home/ngua4317/public_html/app/Views/admin/setting_paket.php(30): CodeIgniter\Debug\Exceptions->errorHandler(8, 'Undefined prope...', '/home/ngua4317/...', 30, Array)
#1 /home/ngua4317/public_html/system/View/View.php(236): include('/home/ngua4317/...')
#2 /home/ngua4317/public_html/system/Common.php(1071): CodeIgniter\View\View->render('admin/setting_p...', Array, true)
#3 /home/ngua4317/public_html/app/Views/admin/layout.php(138): view('admin/setting_p...')
#4 /home/ngua4317/public_html/system/View/View.php(236): include('/home/ngua4317/...')
#5 /home/ngua4317/public_html/system/Common.php(1071): CodeIgniter\View\View->render('admin/setting_p...', Array, true)
#6 /home/ngua4317/public_html/app/Controllers/admin/Admin.php(338): view('admin/layout', Array)
#7 /home/ngua4317/public_html/system/CodeIgniter.php(910): App\Controllers\admin\Admin->setting_paket()
#8 /home/ngua4317/public_html/system/CodeIgniter.php(398): CodeIgniter\CodeIgniter->runController(Object(App\Controllers\admin\Admin))
#9 /home/ngua4317/public_html/system/CodeIgniter.php(306): CodeIgniter\CodeIgniter->handleRequest(NULL, Object(Config\Cache), false)
#10 /home/ngua4317/public_html/index.php(45): CodeIgniter\CodeIgniter->run()
#11 {main}
INFO - 2022-03-09 08:06:13 --> Session: Class initialized using 'CodeIgniter\Session\Handlers\FileHandler' driver.
INFO - 2022-03-09 08:06:13 --> Controller "App\Controllers\admin\Admin" loaded.
CRITICAL - 2022-03-09 08:06:13 --> Undefined property: stdClass::$kirim_hadaih
#0 /home/ngua4317/public_html/app/Views/admin/setting_paket.php(45): CodeIgniter\Debug\Exceptions->errorHandler(8, 'Undefined prope...', '/home/ngua4317/...', 45, Array)
#1 /home/ngua4317/public_html/system/View/View.php(236): include('/home/ngua4317/...')
#2 /home/ngua4317/public_html/system/Common.php(1071): CodeIgniter\View\View->render('admin/setting_p...', Array, true)
#3 /home/ngua4317/public_html/app/Views/admin/layout.php(138): view('admin/setting_p...')
#4 /home/ngua4317/public_html/system/View/View.php(236): include('/home/ngua4317/...')
#5 /home/ngua4317/public_html/system/Common.php(1071): CodeIgniter\View\View->render('admin/setting_p...', Array, true)
#6 /home/ngua4317/public_html/app/Controllers/admin/Admin.php(338): view('admin/layout', Array)
#7 /home/ngua4317/public_html/system/CodeIgniter.php(910): App\Controllers\admin\Admin->setting_paket()
#8 /home/ngua4317/public_html/system/CodeIgniter.php(398): CodeIgniter\CodeIgniter->runController(Object(App\Controllers\admin\Admin))
#9 /home/ngua4317/public_html/system/CodeIgniter.php(306): CodeIgniter\CodeIgniter->handleRequest(NULL, Object(Config\Cache), false)
#10 /home/ngua4317/public_html/index.php(45): CodeIgniter\CodeIgniter->run()
#11 {main}
INFO - 2022-03-09 08:06:36 --> Session: Class initialized using 'CodeIgniter\Session\Handlers\FileHandler' driver.
INFO - 2022-03-09 08:06:36 --> Controller "App\Controllers\admin\Admin" loaded.
CRITICAL - 2022-03-09 08:06:36 --> Undefined property: stdClass::$import_tamu
#0 /home/ngua4317/public_html/app/Views/admin/setting_paket.php(50): CodeIgniter\Debug\Exceptions->errorHandler(8, 'Undefined prope...', '/home/ngua4317/...', 50, Array)
#1 /home/ngua4317/public_html/system/View/View.php(236): include('/home/ngua4317/...')
#2 /home/ngua4317/public_html/system/Common.php(1071): CodeIgniter\View\View->render('admin/setting_p...', Array, true)
#3 /home/ngua4317/public_html/app/Views/admin/layout.php(138): view('admin/setting_p...')
#4 /home/ngua4317/public_html/system/View/View.php(236): include('/home/ngua4317/...')
#5 /home/ngua4317/public_html/system/Common.php(1071): CodeIgniter\View\View->render('admin/setting_p...', Array, true)
#6 /home/ngua4317/public_html/app/Controllers/admin/Admin.php(338): view('admin/layout', Array)
#7 /home/ngua4317/public_html/system/CodeIgniter.php(910): App\Controllers\admin\Admin->setting_paket()
#8 /home/ngua4317/public_html/system/CodeIgniter.php(398): CodeIgniter\CodeIgniter->runController(Object(App\Controllers\admin\Admin))
#9 /home/ngua4317/public_html/system/CodeIgniter.php(306): CodeIgniter\CodeIgniter->handleRequest(NULL, Object(Config\Cache), false)
#10 /home/ngua4317/public_html/index.php(45): CodeIgniter\CodeIgniter->run()
#11 {main}
INFO - 2022-03-09 08:07:05 --> Session: Class initialized using 'CodeIgniter\Session\Handlers\FileHandler' driver.
INFO - 2022-03-09 08:07:05 --> Controller "App\Controllers\admin\Admin" loaded.
INFO - 2022-03-09 08:07:36 --> Session: Class initialized using 'CodeIgniter\Session\Handlers\FileHandler' driver.
INFO - 2022-03-09 08:07:36 --> Controller "App\Controllers\admin\Admin" loaded.
INFO - 2022-03-09 08:08:00 --> Session: Class initialized using 'CodeIgniter\Session\Handlers\FileHandler' driver.
INFO - 2022-03-09 08:08:00 --> Controller "App\Controllers\admin\Admin" loaded.
INFO - 2022-03-09 08:10:02 --> Controller "App\Controllers\base\Beranda" loaded.
INFO - 2022-03-09 08:11:13 --> Session: Class initialized using 'CodeIgniter\Session\Handlers\FileHandler' driver.
INFO - 2022-03-09 08:11:13 --> Controller "App\Controllers\admin\Admin" loaded.
INFO - 2022-03-09 08:12:00 --> Session: Class initialized using 'CodeIgniter\Session\Handlers\FileHandler' driver.
INFO - 2022-03-09 08:12:00 --> Controller "App\Controllers\admin\Admin" loaded.
INFO - 2022-03-09 08:12:28 --> Session: Class initialized using 'CodeIgniter\Session\Handlers\FileHandler' driver.
INFO - 2022-03-09 08:12:28 --> Controller "App\Controllers\admin\Admin" loaded.
INFO - 2022-03-09 08:15:21 --> Session: Class initialized using 'CodeIgniter\Session\Handlers\FileHandler' driver.
INFO - 2022-03-09 08:15:21 --> Controller "App\Controllers\admin\Admin" loaded.
INFO - 2022-03-09 08:19:04 --> Session: Class initialized using 'CodeIgniter\Session\Handlers\FileHandler' driver.
INFO - 2022-03-09 08:19:04 --> Controller "App\Controllers\admin\Admin" loaded.
INFO - 2022-03-09 08:20:02 --> Controller "App\Controllers\base\Beranda" loaded.
INFO - 2022-03-09 08:23:57 --> Session: Class initialized using 'CodeIgniter\Session\Handlers\FileHandler' driver.
INFO - 2022-03-09 08:23:58 --> Controller "App\Controllers\admin\Admin" loaded.
INFO - 2022-03-09 08:24:45 --> Session: Class initialized using 'CodeIgniter\Session\Handlers\FileHandler' driver.
INFO - 2022-03-09 08:24:45 --> Controller "App\Controllers\undangan\Undangan" loaded.
INFO - 2022-03-09 08:30:02 --> Controller "App\Controllers\base\Beranda" loaded.
INFO - 2022-03-09 08:32:05 --> Session: Class initialized using 'CodeIgniter\Session\Handlers\FileHandler' driver.
INFO - 2022-03-09 08:32:05 --> Controller "App\Controllers\admin\Admin" loaded.
INFO - 2022-03-09 08:32:55 --> Session: Class initialized using 'CodeIgniter\Session\Handlers\FileHandler' driver.
INFO - 2022-03-09 08:32:55 --> Controller "App\Controllers\admin\Admin" loaded.
INFO - 2022-03-09 08:37:20 --> Session: Class initialized using 'CodeIgniter\Session\Handlers\FileHandler' driver.
INFO - 2022-03-09 08:37:20 --> Controller "App\Controllers\admin\Admin" loaded.
INFO - 2022-03-09 08:37:25 --> Session: Class initialized using 'CodeIgniter\Session\Handlers\FileHandler' driver.
INFO - 2022-03-09 08:37:25 --> Controller "App\Controllers\admin\Admin" loaded.
INFO - 2022-03-09 08:39:15 --> Session: Class initialized using 'CodeIgniter\Session\Handlers\FileHandler' driver.
INFO - 2022-03-09 08:39:15 --> Controller "App\Controllers\admin\Admin" loaded.
INFO - 2022-03-09 08:40:02 --> Controller "App\Controllers\base\Beranda" loaded.
INFO - 2022-03-09 08:50:02 --> Controller "App\Controllers\base\Beranda" loaded.
INFO - 2022-03-09 08:56:52 --> Session: Class initialized using 'CodeIgniter\Session\Handlers\FileHandler' driver.
CRITICAL - 2022-03-09 08:56:52 --> Cannot use isset() on the result of an expression (you can use "null !== expression" instead)
#0 [internal function]: CodeIgniter\Debug\Exceptions->shutdownHandler()
#1 {main}
INFO - 2022-03-09 08:57:53 --> Session: Class initialized using 'CodeIgniter\Session\Handlers\FileHandler' driver.
INFO - 2022-03-09 08:57:53 --> Controller "App\Controllers\admin\Admin" loaded.
INFO - 2022-03-09 08:57:59 --> Session: Class initialized using 'CodeIgniter\Session\Handlers\FileHandler' driver.
INFO - 2022-03-09 08:57:59 --> Controller "App\Controllers\admin\Admin" loaded.
INFO - 2022-03-09 08:57:59 --> Session: Class initialized using 'CodeIgniter\Session\Handlers\FileHandler' driver.
INFO - 2022-03-09 08:57:59 --> Controller "App\Controllers\admin\Admin" loaded.
CRITICAL - 2022-03-09 08:57:59 --> Undefined index: id_usernya
#0 /home/ngua4317/public_html/app/Models/admin/AdminModel.php(274): CodeIgniter\Debug\Exceptions->errorHandler(8, 'Undefined index...', '/home/ngua4317/...', 274, Array)
#1 /home/ngua4317/public_html/app/Controllers/admin/Admin.php(415): App\Models\admin\AdminModel->get_user_by_id_user()
#2 /home/ngua4317/public_html/system/CodeIgniter.php(910): App\Controllers\admin\Admin->edit_pengguna()
#3 /home/ngua4317/public_html/system/CodeIgniter.php(398): CodeIgniter\CodeIgniter->runController(Object(App\Controllers\admin\Admin))
#4 /home/ngua4317/public_html/system/CodeIgniter.php(306): CodeIgniter\CodeIgniter->handleRequest(NULL, Object(Config\Cache), false)
#5 /home/ngua4317/public_html/index.php(45): CodeIgniter\CodeIgniter->run()
#6 {main}
INFO - 2022-03-09 08:59:06 --> Session: Class initialized using 'CodeIgniter\Session\Handlers\FileHandler' driver.
INFO - 2022-03-09 08:59:06 --> Controller "App\Controllers\admin\Admin" loaded.
CRITICAL - 2022-03-09 08:59:06 --> A non well formed numeric value encountered
#0 [internal function]: CodeIgniter\Debug\Exceptions->errorHandler(8, 'A non well form...', '/home/ngua4317/...', 23, Array)
#1 /home/ngua4317/public_html/app/Views/admin/setting_paket.php(23): number_format('50,000')
#2 /home/ngua4317/public_html/system/View/View.php(236): include('/home/ngua4317/...')
#3 /home/ngua4317/public_html/system/Common.php(1071): CodeIgniter\View\View->render('admin/setting_p...', Array, true)
#4 /home/ngua4317/public_html/app/Views/admin/layout.php(138): view('admin/setting_p...')
#5 /home/ngua4317/public_html/system/View/View.php(236): include('/home/ngua4317/...')
#6 /home/ngua4317/public_html/system/Common.php(1071): CodeIgniter\View\View->render('admin/setting_p...', Array, true)
#7 /home/ngua4317/public_html/app/Controllers/admin/Admin.php(338): view('admin/layout', Array)
#8 /home/ngua4317/public_html/system/CodeIgniter.php(910): App\Controllers\admin\Admin->setting_paket()
#9 /home/ngua4317/public_html/system/CodeIgniter.php(398): CodeIgniter\CodeIgniter->runController(Object(App\Controllers\admin\Admin))
#10 /home/ngua4317/public_html/system/CodeIgniter.php(306): CodeIgniter\CodeIgniter->handleRequest(NULL, Object(Config\Cache), false)
#11 /home/ngua4317/public_html/index.php(45): CodeIgniter\CodeIgniter->run()
#12 {main}
INFO - 2022-03-09 08:59:12 --> Session: Class initialized using 'CodeIgniter\Session\Handlers\FileHandler' driver.
INFO - 2022-03-09 08:59:12 --> Controller "App\Controllers\admin\Admin" loaded.
CRITICAL - 2022-03-09 08:59:12 --> A non well formed numeric value encountered
#0 [internal function]: CodeIgniter\Debug\Exceptions->errorHandler(8, 'A non well form...', '/home/ngua4317/...', 23, Array)
#1 /home/ngua4317/public_html/app/Views/admin/setting_paket.php(23): number_format('50,000')
#2 /home/ngua4317/public_html/system/View/View.php(236): include('/home/ngua4317/...')
#3 /home/ngua4317/public_html/system/Common.php(1071): CodeIgniter\View\View->render('admin/setting_p...', Array, true)
#4 /home/ngua4317/public_html/app/Views/admin/layout.php(138): view('admin/setting_p...')
#5 /home/ngua4317/public_html/system/View/View.php(236): include('/home/ngua4317/...')
#6 /home/ngua4317/public_html/system/Common.php(1071): CodeIgniter\View\View->render('admin/setting_p...', Array, true)
#7 /home/ngua4317/public_html/app/Controllers/admin/Admin.php(338): view('admin/layout', Array)
#8 /home/ngua4317/public_html/system/CodeIgniter.php(910): App\Controllers\admin\Admin->setting_paket()
#9 /home/ngua4317/public_html/system/CodeIgniter.php(398): CodeIgniter\CodeIgniter->runController(Object(App\Controllers\admin\Admin))
#10 /home/ngua4317/public_html/system/CodeIgniter.php(306): CodeIgniter\CodeIgniter->handleRequest(NULL, Object(Config\Cache), false)
#11 /home/ngua4317/public_html/index.php(45): CodeIgniter\CodeIgniter->run()
#12 {main}
INFO - 2022-03-09 09:00:02 --> Controller "App\Controllers\base\Beranda" loaded.
INFO - 2022-03-09 09:00:04 --> Session: Class initialized using 'CodeIgniter\Session\Handlers\FileHandler' driver.
INFO - 2022-03-09 09:00:04 --> Controller "App\Controllers\admin\Admin" loaded.
INFO - 2022-03-09 09:01:48 --> Session: Class initialized using 'CodeIgniter\Session\Handlers\FileHandler' driver.
INFO - 2022-03-09 09:01:48 --> Controller "App\Controllers\admin\Admin" loaded.
INFO - 2022-03-09 09:01:56 --> Session: Class initialized using 'CodeIgniter\Session\Handlers\FileHandler' driver.
INFO - 2022-03-09 09:01:56 --> Controller "App\Controllers\admin\Admin" loaded.
INFO - 2022-03-09 09:01:56 --> Session: Class initialized using 'CodeIgniter\Session\Handlers\FileHandler' driver.
INFO - 2022-03-09 09:01:56 --> Controller "App\Controllers\admin\Admin" loaded.
INFO - 2022-03-09 09:04:45 --> Session: Class initialized using 'CodeIgniter\Session\Handlers\FileHandler' driver.
INFO - 2022-03-09 09:04:45 --> Controller "App\Controllers\admin\Admin" loaded.
INFO - 2022-03-09 09:04:51 --> Session: Class initialized using 'CodeIgniter\Session\Handlers\FileHandler' driver.
INFO - 2022-03-09 09:04:51 --> Controller "App\Controllers\admin\Admin" loaded.
INFO - 2022-03-09 09:04:51 --> Session: Class initialized using 'CodeIgniter\Session\Handlers\FileHandler' driver.
INFO - 2022-03-09 09:04:51 --> Controller "App\Controllers\admin\Admin" loaded.
INFO - 2022-03-09 09:05:06 --> Session: Class initialized using 'CodeIgniter\Session\Handlers\FileHandler' driver.
INFO - 2022-03-09 09:05:06 --> Controller "App\Controllers\admin\Admin" loaded.
INFO - 2022-03-09 09:05:06 --> Session: Class initialized using 'CodeIgniter\Session\Handlers\FileHandler' driver.
INFO - 2022-03-09 09:05:06 --> Controller "App\Controllers\admin\Admin" loaded.
INFO - 2022-03-09 09:05:16 --> Session: Class initialized using 'CodeIgniter\Session\Handlers\FileHandler' driver.
INFO - 2022-03-09 09:05:16 --> Controller "App\Controllers\admin\Admin" loaded.
INFO - 2022-03-09 09:05:16 --> Session: Class initialized using 'CodeIgniter\Session\Handlers\FileHandler' driver.
INFO - 2022-03-09 09:05:16 --> Controller "App\Controllers\admin\Admin" loaded.
INFO - 2022-03-09 09:05:26 --> Session: Class initialized using 'CodeIgniter\Session\Handlers\FileHandler' driver.
INFO - 2022-03-09 09:05:26 --> Controller "App\Controllers\admin\Admin" loaded.
INFO - 2022-03-09 09:05:26 --> Session: Class initialized using 'CodeIgniter\Session\Handlers\FileHandler' driver.
INFO - 2022-03-09 09:05:26 --> Controller "App\Controllers\admin\Admin" loaded.
INFO - 2022-03-09 09:05:33 --> Controller "App\Controllers\base\Beranda" loaded.
CRITICAL - 2022-03-09 09:05:33 --> Undefined property: stdClass::$background_bukutamu
#0 /home/ngua4317/public_html/app/Views/base/beranda/home.php(241): CodeIgniter\Debug\Exceptions->errorHandler(8, 'Undefined prope...', '/home/ngua4317/...', 241, Array)
#1 /home/ngua4317/public_html/system/View/View.php(236): include('/home/ngua4317/...')
#2 /home/ngua4317/public_html/system/Common.php(1071): CodeIgniter\View\View->render('base/beranda/ho...', Array, true)
#3 /home/ngua4317/public_html/app/Views/base/beranda/layout.php(86): view('base/beranda/ho...')
#4 /home/ngua4317/public_html/system/View/View.php(236): include('/home/ngua4317/...')
#5 /home/ngua4317/public_html/system/Common.php(1071): CodeIgniter\View\View->render('base/beranda/ho...', Array, true)
#6 /home/ngua4317/public_html/app/Controllers/base/Beranda.php(46): view('base/beranda/la...', Array)
#7 /home/ngua4317/public_html/system/CodeIgniter.php(910): App\Controllers\base\Beranda->index()
#8 /home/ngua4317/public_html/system/CodeIgniter.php(398): CodeIgniter\CodeIgniter->runController(Object(App\Controllers\base\Beranda))
#9 /home/ngua4317/public_html/system/CodeIgniter.php(306): CodeIgniter\CodeIgniter->handleRequest(NULL, Object(Config\Cache), false)
#10 /home/ngua4317/public_html/index.php(45): CodeIgniter\CodeIgniter->run()
#11 {main}
INFO - 2022-03-09 09:06:15 --> Controller "App\Controllers\base\Beranda" loaded.
INFO - 2022-03-09 09:07:25 --> Session: Class initialized using 'CodeIgniter\Session\Handlers\FileHandler' driver.
INFO - 2022-03-09 09:07:25 --> Controller "App\Controllers\admin\Admin" loaded.
INFO - 2022-03-09 09:07:25 --> Session: Class initialized using 'CodeIgniter\Session\Handlers\FileHandler' driver.
INFO - 2022-03-09 09:07:25 --> Controller "App\Controllers\admin\Admin" loaded.
INFO - 2022-03-09 09:07:33 --> Session: Class initialized using 'CodeIgniter\Session\Handlers\FileHandler' driver.
INFO - 2022-03-09 09:07:33 --> Controller "App\Controllers\admin\Admin" loaded.
INFO - 2022-03-09 09:07:33 --> Session: Class initialized using 'CodeIgniter\Session\Handlers\FileHandler' driver.
INFO - 2022-03-09 09:07:33 --> Controller "App\Controllers\admin\Admin" loaded.
INFO - 2022-03-09 09:08:26 --> Session: Class initialized using 'CodeIgniter\Session\Handlers\FileHandler' driver.
INFO - 2022-03-09 09:08:26 --> Controller "App\Controllers\admin\Admin" loaded.
INFO - 2022-03-09 09:08:29 --> Session: Class initialized using 'CodeIgniter\Session\Handlers\FileHandler' driver.
INFO - 2022-03-09 09:08:29 --> Controller "App\Controllers\admin\Admin" loaded.
INFO - 2022-03-09 09:08:35 --> Session: Class initialized using 'CodeIgniter\Session\Handlers\FileHandler' driver.
INFO - 2022-03-09 09:08:35 --> Controller "App\Controllers\admin\Admin" loaded.
INFO - 2022-03-09 09:08:43 --> Session: Class initialized using 'CodeIgniter\Session\Handlers\FileHandler' driver.
INFO - 2022-03-09 09:08:43 --> Controller "App\Controllers\admin\Admin" loaded.
INFO - 2022-03-09 09:08:46 --> Session: Class initialized using 'CodeIgniter\Session\Handlers\FileHandler' driver.
INFO - 2022-03-09 09:08:46 --> Controller "App\Controllers\admin\Admin" loaded.
INFO - 2022-03-09 09:10:02 --> Controller "App\Controllers\base\Beranda" loaded.
INFO - 2022-03-09 09:19:37 --> Session: Class initialized using 'CodeIgniter\Session\Handlers\FileHandler' driver.
INFO - 2022-03-09 09:19:37 --> Controller "App\Controllers\base\Dashboard" loaded.
INFO - 2022-03-09 09:19:48 --> Session: Class initialized using 'CodeIgniter\Session\Handlers\FileHandler' driver.
INFO - 2022-03-09 09:19:48 --> Controller "App\Controllers\base\Dashboard" loaded.
CRITICAL - 2022-03-09 09:19:48 --> Undefined property: stdClass::$background_bukutamu
#0 /home/ngua4317/public_html/app/Controllers/base/Dashboard.php(52): CodeIgniter\Debug\Exceptions->errorHandler(8, 'Undefined prope...', '/home/ngua4317/...', 52, Array)
#1 /home/ngua4317/public_html/system/CodeIgniter.php(910): App\Controllers\base\Dashboard->do_auth()
#2 /home/ngua4317/public_html/system/CodeIgniter.php(398): CodeIgniter\CodeIgniter->runController(Object(App\Controllers\base\Dashboard))
#3 /home/ngua4317/public_html/system/CodeIgniter.php(306): CodeIgniter\CodeIgniter->handleRequest(NULL, Object(Config\Cache), false)
#4 /home/ngua4317/public_html/index.php(45): CodeIgniter\CodeIgniter->run()
#5 {main}
INFO - 2022-03-09 09:20:01 --> Controller "App\Controllers\base\Beranda" loaded.
INFO - 2022-03-09 09:20:27 --> Session: Class initialized using 'CodeIgniter\Session\Handlers\FileHandler' driver.
INFO - 2022-03-09 09:20:27 --> Controller "App\Controllers\base\Dashboard" loaded.
INFO - 2022-03-09 09:20:27 --> Session: Class initialized using 'CodeIgniter\Session\Handlers\FileHandler' driver.
INFO - 2022-03-09 09:20:27 --> Controller "App\Controllers\base\Dashboard" loaded.
CRITICAL - 2022-03-09 09:20:27 --> Undefined index: background_bukutamu
#0 /home/ngua4317/public_html/app/Views/base/dashboard/layout.php(89): CodeIgniter\Debug\Exceptions->errorHandler(8, 'Undefined index...', '/home/ngua4317/...', 89, Array)
#1 /home/ngua4317/public_html/system/View/View.php(236): include('/home/ngua4317/...')
#2 /home/ngua4317/public_html/system/Common.php(1071): CodeIgniter\View\View->render('base/dashboard/...', Array, true)
#3 /home/ngua4317/public_html/app/Controllers/base/Dashboard.php(37): view('base/dashboard/...', Array)
#4 /home/ngua4317/public_html/system/CodeIgniter.php(910): App\Controllers\base\Dashboard->index()
#5 /home/ngua4317/public_html/system/CodeIgniter.php(398): CodeIgniter\CodeIgniter->runController(Object(App\Controllers\base\Dashboard))
#6 /home/ngua4317/public_html/system/CodeIgniter.php(306): CodeIgniter\CodeIgniter->handleRequest(NULL, Object(Config\Cache), false)
#7 /home/ngua4317/public_html/index.php(45): CodeIgniter\CodeIgniter->run()
#8 {main}
INFO - 2022-03-09 09:21:28 --> Session: Class initialized using 'CodeIgniter\Session\Handlers\FileHandler' driver.
INFO - 2022-03-09 09:21:28 --> Controller "App\Controllers\base\Dashboard" loaded.
INFO - 2022-03-09 09:21:38 --> Session: Class initialized using 'CodeIgniter\Session\Handlers\FileHandler' driver.
INFO - 2022-03-09 09:21:38 --> Controller "App\Controllers\base\Dashboard" loaded.
INFO - 2022-03-09 09:21:41 --> Session: Class initialized using 'CodeIgniter\Session\Handlers\FileHandler' driver.
INFO - 2022-03-09 09:21:41 --> Controller "App\Controllers\base\Dashboard" loaded.
INFO - 2022-03-09 09:21:49 --> Session: Class initialized using 'CodeIgniter\Session\Handlers\FileHandler' driver.
INFO - 2022-03-09 09:21:49 --> Controller "App\Controllers\base\Dashboard" loaded.
INFO - 2022-03-09 09:21:58 --> Session: Class initialized using 'CodeIgniter\Session\Handlers\FileHandler' driver.
INFO - 2022-03-09 09:21:58 --> Controller "App\Controllers\base\Dashboard" loaded.
INFO - 2022-03-09 09:21:58 --> Session: Class initialized using 'CodeIgniter\Session\Handlers\FileHandler' driver.
INFO - 2022-03-09 09:21:58 --> Controller "App\Controllers\base\Dashboard" loaded.
INFO - 2022-03-09 09:23:18 --> Session: Class initialized using 'CodeIgniter\Session\Handlers\FileHandler' driver.
INFO - 2022-03-09 09:23:18 --> Controller "App\Controllers\base\Dashboard" loaded.
INFO - 2022-03-09 09:23:20 --> Session: Class initialized using 'CodeIgniter\Session\Handlers\FileHandler' driver.
INFO - 2022-03-09 09:23:20 --> Controller "App\Controllers\base\Dashboard" loaded.
INFO - 2022-03-09 09:23:28 --> Session: Class initialized using 'CodeIgniter\Session\Handlers\FileHandler' driver.
INFO - 2022-03-09 09:23:28 --> Controller "App\Controllers\base\Dashboard" loaded.
INFO - 2022-03-09 09:23:28 --> Session: Class initialized using 'CodeIgniter\Session\Handlers\FileHandler' driver.
INFO - 2022-03-09 09:23:28 --> Controller "App\Controllers\base\Dashboard" loaded.
INFO - 2022-03-09 09:30:02 --> Controller "App\Controllers\base\Beranda" loaded.
INFO - 2022-03-09 09:30:54 --> Session: Class initialized using 'CodeIgniter\Session\Handlers\FileHandler' driver.
INFO - 2022-03-09 09:30:54 --> Controller "App\Controllers\admin\Admin" loaded.
INFO - 2022-03-09 09:35:58 --> Session: Class initialized using 'CodeIgniter\Session\Handlers\FileHandler' driver.
INFO - 2022-03-09 09:35:58 --> Controller "App\Controllers\base\Dashboard" loaded.
INFO - 2022-03-09 09:36:09 --> Session: Class initialized using 'CodeIgniter\Session\Handlers\FileHandler' driver.
INFO - 2022-03-09 09:36:09 --> Controller "App\Controllers\base\Dashboard" loaded.
INFO - 2022-03-09 09:37:14 --> Session: Class initialized using 'CodeIgniter\Session\Handlers\FileHandler' driver.
INFO - 2022-03-09 09:37:14 --> Controller "App\Controllers\admin\Admin" loaded.
INFO - 2022-03-09 09:37:30 --> Session: Class initialized using 'CodeIgniter\Session\Handlers\FileHandler' driver.
INFO - 2022-03-09 09:37:30 --> Controller "App\Controllers\admin\Admin" loaded.
INFO - 2022-03-09 09:40:02 --> Controller "App\Controllers\base\Beranda" loaded.
INFO - 2022-03-09 09:43:43 --> Session: Class initialized using 'CodeIgniter\Session\Handlers\FileHandler' driver.
INFO - 2022-03-09 09:43:43 --> Controller "App\Controllers\admin\Admin" loaded.
INFO - 2022-03-09 09:45:02 --> Session: Class initialized using 'CodeIgniter\Session\Handlers\FileHandler' driver.
INFO - 2022-03-09 09:45:02 --> Controller "App\Controllers\admin\Admin" loaded.
INFO - 2022-03-09 09:45:20 --> Session: Class initialized using 'CodeIgniter\Session\Handlers\FileHandler' driver.
INFO - 2022-03-09 09:45:20 --> Controller "App\Controllers\admin\Admin" loaded.
INFO - 2022-03-09 09:45:29 --> Session: Class initialized using 'CodeIgniter\Session\Handlers\FileHandler' driver.
INFO - 2022-03-09 09:45:29 --> Controller "App\Controllers\admin\Admin" loaded.
INFO - 2022-03-09 09:45:30 --> Session: Class initialized using 'CodeIgniter\Session\Handlers\FileHandler' driver.
INFO - 2022-03-09 09:45:30 --> Controller "App\Controllers\admin\Admin" loaded.
INFO - 2022-03-09 09:47:44 --> Controller "App\Controllers\base\Beranda" loaded.
INFO - 2022-03-09 09:50:02 --> Controller "App\Controllers\base\Beranda" loaded.
INFO - 2022-03-09 09:50:14 --> Controller "App\Controllers\base\Beranda" loaded.
INFO - 2022-03-09 09:52:09 --> Controller "App\Controllers\base\Beranda" loaded.
INFO - 2022-03-09 09:52:53 --> Session: Class initialized using 'CodeIgniter\Session\Handlers\FileHandler' driver.
INFO - 2022-03-09 09:52:53 --> Controller "App\Controllers\base\Dashboard" loaded.
INFO - 2022-03-09 09:53:07 --> Session: Class initialized using 'CodeIgniter\Session\Handlers\FileHandler' driver.
INFO - 2022-03-09 09:53:07 --> Controller "App\Controllers\base\Dashboard" loaded.
INFO - 2022-03-09 09:53:07 --> Session: Class initialized using 'CodeIgniter\Session\Handlers\FileHandler' driver.
INFO - 2022-03-09 09:53:07 --> Controller "App\Controllers\base\Dashboard" loaded.
INFO - 2022-03-09 09:53:27 --> Session: Class initialized using 'CodeIgniter\Session\Handlers\FileHandler' driver.
INFO - 2022-03-09 09:53:27 --> Controller "App\Controllers\admin\Admin" loaded.
INFO - 2022-03-09 09:57:25 --> Controller "App\Controllers\base\Beranda" loaded.
INFO - 2022-03-09 09:59:51 --> Session: Class initialized using 'CodeIgniter\Session\Handlers\FileHandler' driver.
INFO - 2022-03-09 09:59:51 --> Controller "App\Controllers\base\Dashboard" loaded.
INFO - 2022-03-09 10:00:02 --> Session: Class initialized using 'CodeIgniter\Session\Handlers\FileHandler' driver.
INFO - 2022-03-09 10:00:02 --> Controller "App\Controllers\base\Dashboard" loaded.
INFO - 2022-03-09 10:00:02 --> Session: Class initialized using 'CodeIgniter\Session\Handlers\FileHandler' driver.
INFO - 2022-03-09 10:00:02 --> Controller "App\Controllers\base\Dashboard" loaded.
INFO - 2022-03-09 10:00:02 --> Controller "App\Controllers\base\Beranda" loaded.
INFO - 2022-03-09 10:00:23 --> Session: Class initialized using 'CodeIgniter\Session\Handlers\FileHandler' driver.
INFO - 2022-03-09 10:00:23 --> Controller "App\Controllers\base\Dashboard" loaded.
INFO - 2022-03-09 10:00:23 --> Session: Class initialized using 'CodeIgniter\Session\Handlers\FileHandler' driver.
INFO - 2022-03-09 10:00:23 --> Controller "App\Controllers\base\Dashboard" loaded.
INFO - 2022-03-09 10:00:44 --> Session: Class initialized using 'CodeIgniter\Session\Handlers\FileHandler' driver.
INFO - 2022-03-09 10:00:44 --> Controller "App\Controllers\base\Dashboard" loaded.
INFO - 2022-03-09 10:01:04 --> Session: Class initialized using 'CodeIgniter\Session\Handlers\FileHandler' driver.
INFO - 2022-03-09 10:01:04 --> Controller "App\Controllers\base\Dashboard" loaded.
INFO - 2022-03-09 10:01:04 --> Session: Class initialized using 'CodeIgniter\Session\Handlers\FileHandler' driver.
INFO - 2022-03-09 10:01:04 --> Controller "App\Controllers\base\Dashboard" loaded.
INFO - 2022-03-09 10:01:18 --> Session: Class initialized using 'CodeIgniter\Session\Handlers\FileHandler' driver.
INFO - 2022-03-09 10:01:18 --> Controller "App\Controllers\admin\Admin" loaded.
INFO - 2022-03-09 10:01:28 --> Session: Class initialized using 'CodeIgniter\Session\Handlers\FileHandler' driver.
INFO - 2022-03-09 10:01:28 --> Controller "App\Controllers\admin\Admin" loaded.
INFO - 2022-03-09 10:01:28 --> Session: Class initialized using 'CodeIgniter\Session\Handlers\FileHandler' driver.
INFO - 2022-03-09 10:01:28 --> Controller "App\Controllers\admin\Admin" loaded.
INFO - 2022-03-09 10:01:42 --> Session: Class initialized using 'CodeIgniter\Session\Handlers\FileHandler' driver.
INFO - 2022-03-09 10:01:42 --> Session: Class initialized using 'CodeIgniter\Session\Handlers\FileHandler' driver.
INFO - 2022-03-09 10:01:42 --> Controller "App\Controllers\base\Dashboard" loaded.
INFO - 2022-03-09 10:01:46 --> Session: Class initialized using 'CodeIgniter\Session\Handlers\FileHandler' driver.
INFO - 2022-03-09 10:01:46 --> Session: Class initialized using 'CodeIgniter\Session\Handlers\FileHandler' driver.
INFO - 2022-03-09 10:01:46 --> Controller "App\Controllers\base\Dashboard" loaded.
INFO - 2022-03-09 10:01:51 --> Controller "App\Controllers\base\Beranda" loaded.
INFO - 2022-03-09 10:02:05 --> Controller "App\Controllers\base\Beranda" loaded.
INFO - 2022-03-09 10:02:14 --> Session: Class initialized using 'CodeIgniter\Session\Handlers\FileHandler' driver.
INFO - 2022-03-09 10:02:14 --> Controller "App\Controllers\base\Order" loaded.
INFO - 2022-03-09 10:02:52 --> Session: Class initialized using 'CodeIgniter\Session\Handlers\FileHandler' driver.
INFO - 2022-03-09 10:02:52 --> Controller "App\Controllers\base\Order" loaded.
INFO - 2022-03-09 10:10:02 --> Controller "App\Controllers\base\Beranda" loaded.
INFO - 2022-03-09 10:12:04 --> Session: Class initialized using 'CodeIgniter\Session\Handlers\FileHandler' driver.
INFO - 2022-03-09 10:12:04 --> Controller "App\Controllers\base\Order" loaded.
INFO - 2022-03-09 10:12:48 --> Session: Class initialized using 'CodeIgniter\Session\Handlers\FileHandler' driver.
INFO - 2022-03-09 10:12:48 --> Controller "App\Controllers\base\Order" loaded.
INFO - 2022-03-09 10:13:55 --> Session: Class initialized using 'CodeIgniter\Session\Handlers\FileHandler' driver.
INFO - 2022-03-09 10:13:55 --> Controller "App\Controllers\base\Order" loaded.
INFO - 2022-03-09 10:13:56 --> Session: Class initialized using 'CodeIgniter\Session\Handlers\FileHandler' driver.
INFO - 2022-03-09 10:13:56 --> Controller "App\Controllers\base\Order" loaded.
INFO - 2022-03-09 10:16:07 --> Session: Class initialized using 'CodeIgniter\Session\Handlers\FileHandler' driver.
INFO - 2022-03-09 10:16:07 --> Controller "App\Controllers\base\Order" loaded.
INFO - 2022-03-09 10:16:14 --> Session: Class initialized using 'CodeIgniter\Session\Handlers\FileHandler' driver.
INFO - 2022-03-09 10:16:14 --> Controller "App\Controllers\base\Order" loaded.
INFO - 2022-03-09 10:16:14 --> Controller "App\Controllers\base\Beranda" loaded.
INFO - 2022-03-09 10:16:20 --> Session: Class initialized using 'CodeIgniter\Session\Handlers\FileHandler' driver.
INFO - 2022-03-09 10:16:20 --> Controller "App\Controllers\base\Order" loaded.
INFO - 2022-03-09 10:16:23 --> Session: Class initialized using 'CodeIgniter\Session\Handlers\FileHandler' driver.
INFO - 2022-03-09 10:16:23 --> Controller "App\Controllers\base\Order" loaded.
INFO - 2022-03-09 10:16:24 --> Session: Class initialized using 'CodeIgniter\Session\Handlers\FileHandler' driver.
INFO - 2022-03-09 10:16:24 --> Controller "App\Controllers\base\Order" loaded.
INFO - 2022-03-09 10:16:32 --> Session: Class initialized using 'CodeIgniter\Session\Handlers\FileHandler' driver.
INFO - 2022-03-09 10:16:32 --> Controller "App\Controllers\undangan\Undangan" loaded.
INFO - 2022-03-09 10:17:02 --> Session: Class initialized using 'CodeIgniter\Session\Handlers\FileHandler' driver.
INFO - 2022-03-09 10:17:02 --> Controller "App\Controllers\base\Dashboard" loaded.
INFO - 2022-03-09 10:17:03 --> Session: Class initialized using 'CodeIgniter\Session\Handlers\FileHandler' driver.
INFO - 2022-03-09 10:17:03 --> Controller "App\Controllers\base\Dashboard" loaded.
INFO - 2022-03-09 10:17:18 --> Session: Class initialized using 'CodeIgniter\Session\Handlers\FileHandler' driver.
INFO - 2022-03-09 10:17:18 --> Controller "App\Controllers\base\Dashboard" loaded.
INFO - 2022-03-09 10:17:18 --> Session: Class initialized using 'CodeIgniter\Session\Handlers\FileHandler' driver.
INFO - 2022-03-09 10:17:18 --> Controller "App\Controllers\base\Dashboard" loaded.
INFO - 2022-03-09 10:17:28 --> Session: Class initialized using 'CodeIgniter\Session\Handlers\FileHandler' driver.
INFO - 2022-03-09 10:17:28 --> Controller "App\Controllers\base\Dashboard" loaded.
INFO - 2022-03-09 10:18:24 --> Session: Class initialized using 'CodeIgniter\Session\Handlers\FileHandler' driver.
INFO - 2022-03-09 10:18:24 --> Controller "App\Controllers\undangan\Undangan" loaded.
INFO - 2022-03-09 10:20:02 --> Controller "App\Controllers\base\Beranda" loaded.
INFO - 2022-03-09 10:22:20 --> Session: Class initialized using 'CodeIgniter\Session\Handlers\FileHandler' driver.
INFO - 2022-03-09 10:22:20 --> Controller "App\Controllers\base\Dashboard" loaded.
INFO - 2022-03-09 10:22:32 --> Session: Class initialized using 'CodeIgniter\Session\Handlers\FileHandler' driver.
INFO - 2022-03-09 10:22:32 --> Controller "App\Controllers\base\Dashboard" loaded.
INFO - 2022-03-09 10:22:34 --> Session: Class initialized using 'CodeIgniter\Session\Handlers\FileHandler' driver.
INFO - 2022-03-09 10:22:34 --> Controller "App\Controllers\base\Dashboard" loaded.
INFO - 2022-03-09 10:22:47 --> Session: Class initialized using 'CodeIgniter\Session\Handlers\FileHandler' driver.
INFO - 2022-03-09 10:22:47 --> Controller "App\Controllers\base\Dashboard" loaded.
INFO - 2022-03-09 10:22:47 --> Session: Class initialized using 'CodeIgniter\Session\Handlers\FileHandler' driver.
INFO - 2022-03-09 10:22:47 --> Controller "App\Controllers\base\Dashboard" loaded.
INFO - 2022-03-09 10:22:53 --> Session: Class initialized using 'CodeIgniter\Session\Handlers\FileHandler' driver.
INFO - 2022-03-09 10:22:53 --> Controller "App\Controllers\base\Dashboard" loaded.
INFO - 2022-03-09 10:24:16 --> Session: Class initialized using 'CodeIgniter\Session\Handlers\FileHandler' driver.
INFO - 2022-03-09 10:24:16 --> Controller "App\Controllers\base\Dashboard" loaded.
INFO - 2022-03-09 10:27:24 --> Session: Class initialized using 'CodeIgniter\Session\Handlers\FileHandler' driver.
INFO - 2022-03-09 10:27:24 --> Controller "App\Controllers\base\Dashboard" loaded.
INFO - 2022-03-09 10:28:21 --> Session: Class initialized using 'CodeIgniter\Session\Handlers\FileHandler' driver.
INFO - 2022-03-09 10:28:21 --> Controller "App\Controllers\base\Dashboard" loaded.
INFO - 2022-03-09 10:28:32 --> Session: Class initialized using 'CodeIgniter\Session\Handlers\FileHandler' driver.
INFO - 2022-03-09 10:28:32 --> Controller "App\Controllers\base\Dashboard" loaded.
INFO - 2022-03-09 10:29:20 --> Session: Class initialized using 'CodeIgniter\Session\Handlers\FileHandler' driver.
INFO - 2022-03-09 10:29:20 --> Controller "App\Controllers\base\Dashboard" loaded.
INFO - 2022-03-09 10:29:20 --> Session: Class initialized using 'CodeIgniter\Session\Handlers\FileHandler' driver.
INFO - 2022-03-09 10:29:20 --> Controller "App\Controllers\base\Dashboard" loaded.
INFO - 2022-03-09 10:29:27 --> Session: Class initialized using 'CodeIgniter\Session\Handlers\FileHandler' driver.
INFO - 2022-03-09 10:29:27 --> Controller "App\Controllers\base\Dashboard" loaded.
INFO - 2022-03-09 10:30:02 --> Controller "App\Controllers\base\Beranda" loaded.
INFO - 2022-03-09 10:40:05 --> Controller "App\Controllers\base\Beranda" loaded.
INFO - 2022-03-09 10:45:46 --> Controller "App\Controllers\base\Beranda" loaded.
INFO - 2022-03-09 10:45:57 --> Session: Class initialized using 'CodeIgniter\Session\Handlers\FileHandler' driver.
INFO - 2022-03-09 10:45:57 --> Controller "App\Controllers\base\Dashboard" loaded.
INFO - 2022-03-09 10:46:04 --> Session: Class initialized using 'CodeIgniter\Session\Handlers\FileHandler' driver.
INFO - 2022-03-09 10:46:04 --> Controller "App\Controllers\base\Dashboard" loaded.
INFO - 2022-03-09 10:46:05 --> Session: Class initialized using 'CodeIgniter\Session\Handlers\FileHandler' driver.
INFO - 2022-03-09 10:46:05 --> Controller "App\Controllers\base\Dashboard" loaded.
INFO - 2022-03-09 10:46:14 --> Session: Class initialized using 'CodeIgniter\Session\Handlers\FileHandler' driver.
INFO - 2022-03-09 10:46:14 --> Controller "App\Controllers\base\Dashboard" loaded.
INFO - 2022-03-09 10:46:17 --> Session: Class initialized using 'CodeIgniter\Session\Handlers\FileHandler' driver.
INFO - 2022-03-09 10:46:17 --> Controller "App\Controllers\base\Dashboard" loaded.
INFO - 2022-03-09 10:46:24 --> Session: Class initialized using 'CodeIgniter\Session\Handlers\FileHandler' driver.
INFO - 2022-03-09 10:46:24 --> Controller "App\Controllers\base\Dashboard" loaded.
INFO - 2022-03-09 10:46:25 --> Controller "App\Controllers\base\Beranda" loaded.
INFO - 2022-03-09 10:46:25 --> Controller "App\Controllers\base\Beranda" loaded.
INFO - 2022-03-09 10:46:33 --> Session: Class initialized using 'CodeIgniter\Session\Handlers\FileHandler' driver.
INFO - 2022-03-09 10:46:33 --> Controller "App\Controllers\base\Dashboard" loaded.
INFO - 2022-03-09 10:47:29 --> Session: Class initialized using 'CodeIgniter\Session\Handlers\FileHandler' driver.
INFO - 2022-03-09 10:47:29 --> Controller "App\Controllers\base\Dashboard" loaded.
INFO - 2022-03-09 10:47:36 --> Session: Class initialized using 'CodeIgniter\Session\Handlers\FileHandler' driver.
INFO - 2022-03-09 10:47:36 --> Controller "App\Controllers\undangan\Undangan" loaded.
INFO - 2022-03-09 10:47:36 --> Session: Class initialized using 'CodeIgniter\Session\Handlers\FileHandler' driver.
INFO - 2022-03-09 10:47:36 --> Controller "App\Controllers\undangan\Undangan" loaded.
INFO - 2022-03-09 10:47:36 --> Session: Class initialized using 'CodeIgniter\Session\Handlers\FileHandler' driver.
INFO - 2022-03-09 10:47:36 --> Controller "App\Controllers\undangan\Undangan" loaded.
INFO - 2022-03-09 10:47:45 --> Session: Class initialized using 'CodeIgniter\Session\Handlers\FileHandler' driver.
INFO - 2022-03-09 10:47:45 --> Controller "App\Controllers\base\Dashboard" loaded.
INFO - 2022-03-09 10:47:45 --> Session: Class initialized using 'CodeIgniter\Session\Handlers\FileHandler' driver.
INFO - 2022-03-09 10:47:45 --> Controller "App\Controllers\base\Dashboard" loaded.
INFO - 2022-03-09 10:47:48 --> Session: Class initialized using 'CodeIgniter\Session\Handlers\FileHandler' driver.
INFO - 2022-03-09 10:47:48 --> Controller "App\Controllers\undangan\Undangan" loaded.
INFO - 2022-03-09 10:47:49 --> Session: Class initialized using 'CodeIgniter\Session\Handlers\FileHandler' driver.
INFO - 2022-03-09 10:47:49 --> Controller "App\Controllers\undangan\Undangan" loaded.
INFO - 2022-03-09 10:47:54 --> Session: Class initialized using 'CodeIgniter\Session\Handlers\FileHandler' driver.
INFO - 2022-03-09 10:47:54 --> Controller "App\Controllers\undangan\Undangan" loaded.
INFO - 2022-03-09 10:47:54 --> Session: Class initialized using 'CodeIgniter\Session\Handlers\FileHandler' driver.
INFO - 2022-03-09 10:47:54 --> Controller "App\Controllers\undangan\Undangan" loaded.
INFO - 2022-03-09 10:47:54 --> Session: Class initialized using 'CodeIgniter\Session\Handlers\FileHandler' driver.
INFO - 2022-03-09 10:47:54 --> Controller "App\Controllers\undangan\Undangan" loaded.
INFO - 2022-03-09 10:47:54 --> Session: Class initialized using 'CodeIgniter\Session\Handlers\FileHandler' driver.
INFO - 2022-03-09 10:47:54 --> Controller "App\Controllers\undangan\Undangan" loaded.
INFO - 2022-03-09 10:47:55 --> Session: Class initialized using 'CodeIgniter\Session\Handlers\FileHandler' driver.
INFO - 2022-03-09 10:47:55 --> Controller "App\Controllers\undangan\Undangan" loaded.
INFO - 2022-03-09 10:47:55 --> Session: Class initialized using 'CodeIgniter\Session\Handlers\FileHandler' driver.
INFO - 2022-03-09 10:47:55 --> Controller "App\Controllers\undangan\Undangan" loaded.
INFO - 2022-03-09 10:50:02 --> Controller "App\Controllers\base\Beranda" loaded.
INFO - 2022-03-09 11:00:02 --> Controller "App\Controllers\base\Beranda" loaded.
INFO - 2022-03-09 11:03:03 --> Controller "App\Controllers\base\Beranda" loaded.
INFO - 2022-03-09 11:03:20 --> Session: Class initialized using 'CodeIgniter\Session\Handlers\FileHandler' driver.
INFO - 2022-03-09 11:03:20 --> Controller "App\Controllers\base\Dashboard" loaded.
INFO - 2022-03-09 11:03:33 --> Controller "App\Controllers\base\Beranda" loaded.
INFO - 2022-03-09 11:03:36 --> Session: Class initialized using 'CodeIgniter\Session\Handlers\FileHandler' driver.
INFO - 2022-03-09 11:03:36 --> Controller "App\Controllers\base\Dashboard" loaded.
INFO - 2022-03-09 11:03:47 --> Controller "App\Controllers\base\Beranda" loaded.
INFO - 2022-03-09 11:03:52 --> Session: Class initialized using 'CodeIgniter\Session\Handlers\FileHandler' driver.
INFO - 2022-03-09 11:03:52 --> Controller "App\Controllers\base\Dashboard" loaded.
INFO - 2022-03-09 11:03:55 --> Session: Class initialized using 'CodeIgniter\Session\Handlers\FileHandler' driver.
INFO - 2022-03-09 11:03:55 --> Controller "App\Controllers\base\Dashboard" loaded.
INFO - 2022-03-09 11:04:13 --> Session: Class initialized using 'CodeIgniter\Session\Handlers\FileHandler' driver.
INFO - 2022-03-09 11:04:13 --> Controller "App\Controllers\base\Dashboard" loaded.
INFO - 2022-03-09 11:04:16 --> Session: Class initialized using 'CodeIgniter\Session\Handlers\FileHandler' driver.
INFO - 2022-03-09 11:04:16 --> Controller "App\Controllers\base\Dashboard" loaded.
INFO - 2022-03-09 11:04:42 --> Session: Class initialized using 'CodeIgniter\Session\Handlers\FileHandler' driver.
INFO - 2022-03-09 11:04:42 --> Controller "App\Controllers\base\Dashboard" loaded.
INFO - 2022-03-09 11:04:43 --> Session: Class initialized using 'CodeIgniter\Session\Handlers\FileHandler' driver.
INFO - 2022-03-09 11:04:43 --> Controller "App\Controllers\base\Dashboard" loaded.
INFO - 2022-03-09 11:05:02 --> Session: Class initialized using 'CodeIgniter\Session\Handlers\FileHandler' driver.
INFO - 2022-03-09 11:05:02 --> Controller "App\Controllers\base\Dashboard" loaded.
INFO - 2022-03-09 11:05:02 --> Session: Class initialized using 'CodeIgniter\Session\Handlers\FileHandler' driver.
INFO - 2022-03-09 11:05:02 --> Controller "App\Controllers\base\Dashboard" loaded.
INFO - 2022-03-09 11:05:12 --> Session: Class initialized using 'CodeIgniter\Session\Handlers\FileHandler' driver.
INFO - 2022-03-09 11:05:12 --> Controller "App\Controllers\base\Dashboard" loaded.
INFO - 2022-03-09 11:05:14 --> Session: Class initialized using 'CodeIgniter\Session\Handlers\FileHandler' driver.
INFO - 2022-03-09 11:05:14 --> Controller "App\Controllers\base\Dashboard" loaded.
INFO - 2022-03-09 11:05:19 --> Session: Class initialized using 'CodeIgniter\Session\Handlers\FileHandler' driver.
INFO - 2022-03-09 11:05:19 --> Controller "App\Controllers\undangan\Undangan" loaded.
INFO - 2022-03-09 11:05:20 --> Session: Class initialized using 'CodeIgniter\Session\Handlers\FileHandler' driver.
INFO - 2022-03-09 11:05:20 --> Controller "App\Controllers\undangan\Undangan" loaded.
INFO - 2022-03-09 11:05:20 --> Session: Class initialized using 'CodeIgniter\Session\Handlers\FileHandler' driver.
INFO - 2022-03-09 11:05:20 --> Controller "App\Controllers\undangan\Undangan" loaded.
INFO - 2022-03-09 11:05:20 --> Session: Class initialized using 'CodeIgniter\Session\Handlers\FileHandler' driver.
INFO - 2022-03-09 11:05:20 --> Controller "App\Controllers\undangan\Undangan" loaded.
INFO - 2022-03-09 11:05:21 --> Session: Class initialized using 'CodeIgniter\Session\Handlers\FileHandler' driver.
INFO - 2022-03-09 11:05:21 --> Controller "App\Controllers\undangan\Undangan" loaded.
INFO - 2022-03-09 11:05:21 --> Session: Class initialized using 'CodeIgniter\Session\Handlers\FileHandler' driver.
INFO - 2022-03-09 11:05:21 --> Controller "App\Controllers\undangan\Undangan" loaded.
INFO - 2022-03-09 11:06:42 --> Session: Class initialized using 'CodeIgniter\Session\Handlers\FileHandler' driver.
INFO - 2022-03-09 11:06:42 --> Controller "App\Controllers\base\Dashboard" loaded.
INFO - 2022-03-09 11:06:47 --> Session: Class initialized using 'CodeIgniter\Session\Handlers\FileHandler' driver.
INFO - 2022-03-09 11:06:47 --> Controller "App\Controllers\base\Dashboard" loaded.
INFO - 2022-03-09 11:06:47 --> Session: Class initialized using 'CodeIgniter\Session\Handlers\FileHandler' driver.
INFO - 2022-03-09 11:06:47 --> Controller "App\Controllers\base\Dashboard" loaded.
INFO - 2022-03-09 11:06:51 --> Session: Class initialized using 'CodeIgniter\Session\Handlers\FileHandler' driver.
INFO - 2022-03-09 11:06:51 --> Controller "App\Controllers\undangan\Undangan" loaded.
INFO - 2022-03-09 11:06:51 --> Session: Class initialized using 'CodeIgniter\Session\Handlers\FileHandler' driver.
INFO - 2022-03-09 11:06:51 --> Controller "App\Controllers\undangan\Undangan" loaded.
INFO - 2022-03-09 11:06:51 --> Session: Class initialized using 'CodeIgniter\Session\Handlers\FileHandler' driver.
INFO - 2022-03-09 11:06:51 --> Controller "App\Controllers\undangan\Undangan" loaded.
INFO - 2022-03-09 11:06:51 --> Session: Class initialized using 'CodeIgniter\Session\Handlers\FileHandler' driver.
INFO - 2022-03-09 11:06:51 --> Controller "App\Controllers\undangan\Undangan" loaded.
INFO - 2022-03-09 11:06:52 --> Session: Class initialized using 'CodeIgniter\Session\Handlers\FileHandler' driver.
INFO - 2022-03-09 11:06:52 --> Controller "App\Controllers\undangan\Undangan" loaded.
INFO - 2022-03-09 11:06:52 --> Session: Class initialized using 'CodeIgniter\Session\Handlers\FileHandler' driver.
INFO - 2022-03-09 11:06:52 --> Controller "App\Controllers\undangan\Undangan" loaded.
INFO - 2022-03-09 11:10:02 --> Controller "App\Controllers\base\Beranda" loaded.
INFO - 2022-03-09 11:11:30 --> Session: Class initialized using 'CodeIgniter\Session\Handlers\FileHandler' driver.
INFO - 2022-03-09 11:11:30 --> Controller "App\Controllers\base\Dashboard" loaded.
INFO - 2022-03-09 11:11:41 --> Session: Class initialized using 'CodeIgniter\Session\Handlers\FileHandler' driver.
INFO - 2022-03-09 11:11:41 --> Controller "App\Controllers\base\Dashboard" loaded.
INFO - 2022-03-09 11:13:11 --> Session: Class initialized using 'CodeIgniter\Session\Handlers\FileHandler' driver.
INFO - 2022-03-09 11:13:11 --> Controller "App\Controllers\base\Dashboard" loaded.
INFO - 2022-03-09 11:20:02 --> Controller "App\Controllers\base\Beranda" loaded.
INFO - 2022-03-09 11:30:02 --> Controller "App\Controllers\base\Beranda" loaded.
INFO - 2022-03-09 11:40:02 --> Controller "App\Controllers\base\Beranda" loaded.
INFO - 2022-03-09 11:47:29 --> Controller "App\Controllers\base\Beranda" loaded.
INFO - 2022-03-09 11:50:02 --> Controller "App\Controllers\base\Beranda" loaded.
INFO - 2022-03-09 12:00:02 --> Controller "App\Controllers\base\Beranda" loaded.
INFO - 2022-03-09 12:03:30 --> Controller "App\Controllers\base\Beranda" loaded.
INFO - 2022-03-09 12:10:02 --> Controller "App\Controllers\base\Beranda" loaded.
INFO - 2022-03-09 12:20:01 --> Controller "App\Controllers\base\Beranda" loaded.
INFO - 2022-03-09 12:30:02 --> Controller "App\Controllers\base\Beranda" loaded.
INFO - 2022-03-09 12:35:31 --> Controller "App\Controllers\base\Beranda" loaded.
INFO - 2022-03-09 12:50:02 --> Controller "App\Controllers\base\Beranda" loaded.
INFO - 2022-03-09 13:00:02 --> Controller "App\Controllers\base\Beranda" loaded.
INFO - 2022-03-09 13:01:48 --> Controller "App\Controllers\base\Beranda" loaded.
INFO - 2022-03-09 13:10:02 --> Controller "App\Controllers\base\Beranda" loaded.
INFO - 2022-03-09 13:20:02 --> Controller "App\Controllers\base\Beranda" loaded.
INFO - 2022-03-09 13:30:02 --> Controller "App\Controllers\base\Beranda" loaded.
INFO - 2022-03-09 13:40:02 --> Controller "App\Controllers\base\Beranda" loaded.
INFO - 2022-03-09 13:48:57 --> Controller "App\Controllers\base\Beranda" loaded.
INFO - 2022-03-09 13:50:02 --> Controller "App\Controllers\base\Beranda" loaded.
INFO - 2022-03-09 13:56:09 --> Controller "App\Controllers\base\Beranda" loaded.
INFO - 2022-03-09 14:00:02 --> Controller "App\Controllers\base\Beranda" loaded.
INFO - 2022-03-09 14:00:58 --> Controller "App\Controllers\base\Beranda" loaded.
INFO - 2022-03-09 14:01:04 --> Session: Class initialized using 'CodeIgniter\Session\Handlers\FileHandler' driver.
INFO - 2022-03-09 14:01:04 --> Controller "App\Controllers\base\Dashboard" loaded.
INFO - 2022-03-09 14:01:14 --> Session: Class initialized using 'CodeIgniter\Session\Handlers\FileHandler' driver.
INFO - 2022-03-09 14:01:14 --> Controller "App\Controllers\base\Dashboard" loaded.
INFO - 2022-03-09 14:01:14 --> Session: Class initialized using 'CodeIgniter\Session\Handlers\FileHandler' driver.
INFO - 2022-03-09 14:01:14 --> Controller "App\Controllers\base\Dashboard" loaded.
INFO - 2022-03-09 14:01:19 --> Session: Class initialized using 'CodeIgniter\Session\Handlers\FileHandler' driver.
INFO - 2022-03-09 14:01:19 --> Controller "App\Controllers\base\Dashboard" loaded.
INFO - 2022-03-09 14:01:22 --> Session: Class initialized using 'CodeIgniter\Session\Handlers\FileHandler' driver.
INFO - 2022-03-09 14:01:22 --> Controller "App\Controllers\base\Dashboard" loaded.
INFO - 2022-03-09 14:01:28 --> Session: Class initialized using 'CodeIgniter\Session\Handlers\FileHandler' driver.
INFO - 2022-03-09 14:01:28 --> Controller "App\Controllers\base\Dashboard" loaded.
INFO - 2022-03-09 14:01:29 --> Controller "App\Controllers\base\Beranda" loaded.
INFO - 2022-03-09 14:01:29 --> Controller "App\Controllers\base\Beranda" loaded.
INFO - 2022-03-09 14:01:33 --> Session: Class initialized using 'CodeIgniter\Session\Handlers\FileHandler' driver.
INFO - 2022-03-09 14:01:33 --> Controller "App\Controllers\base\Dashboard" loaded.
INFO - 2022-03-09 14:01:40 --> Session: Class initialized using 'CodeIgniter\Session\Handlers\FileHandler' driver.
INFO - 2022-03-09 14:01:40 --> Controller "App\Controllers\base\Dashboard" loaded.
INFO - 2022-03-09 14:01:42 --> Session: Class initialized using 'CodeIgniter\Session\Handlers\FileHandler' driver.
INFO - 2022-03-09 14:01:42 --> Controller "App\Controllers\base\Dashboard" loaded.
INFO - 2022-03-09 14:01:44 --> Session: Class initialized using 'CodeIgniter\Session\Handlers\FileHandler' driver.
INFO - 2022-03-09 14:01:44 --> Controller "App\Controllers\base\Dashboard" loaded.
INFO - 2022-03-09 14:02:40 --> Controller "App\Controllers\base\Beranda" loaded.
INFO - 2022-03-09 14:02:45 --> Session: Class initialized using 'CodeIgniter\Session\Handlers\FileHandler' driver.
INFO - 2022-03-09 14:02:45 --> Controller "App\Controllers\base\Order" loaded.
INFO - 2022-03-09 14:02:45 --> Controller "App\Controllers\base\Beranda" loaded.
INFO - 2022-03-09 14:03:11 --> Session: Class initialized using 'CodeIgniter\Session\Handlers\FileHandler' driver.
INFO - 2022-03-09 14:03:11 --> Controller "App\Controllers\base\Order" loaded.
INFO - 2022-03-09 14:03:42 --> Session: Class initialized using 'CodeIgniter\Session\Handlers\FileHandler' driver.
INFO - 2022-03-09 14:03:42 --> Controller "App\Controllers\base\Order" loaded.
INFO - 2022-03-09 14:04:49 --> Session: Class initialized using 'CodeIgniter\Session\Handlers\FileHandler' driver.
INFO - 2022-03-09 14:04:49 --> Controller "App\Controllers\base\Order" loaded.
INFO - 2022-03-09 14:05:14 --> Session: Class initialized using 'CodeIgniter\Session\Handlers\FileHandler' driver.
INFO - 2022-03-09 14:05:14 --> Controller "App\Controllers\base\Dashboard" loaded.
INFO - 2022-03-09 14:07:09 --> Session: Class initialized using 'CodeIgniter\Session\Handlers\FileHandler' driver.
INFO - 2022-03-09 14:07:09 --> Controller "App\Controllers\base\Order" loaded.
INFO - 2022-03-09 14:08:28 --> Session: Class initialized using 'CodeIgniter\Session\Handlers\FileHandler' driver.
INFO - 2022-03-09 14:08:28 --> Controller "App\Controllers\base\Order" loaded.
INFO - 2022-03-09 14:08:29 --> Controller "App\Controllers\base\Beranda" loaded.
INFO - 2022-03-09 14:08:32 --> Session: Class initialized using 'CodeIgniter\Session\Handlers\FileHandler' driver.
INFO - 2022-03-09 14:08:32 --> Controller "App\Controllers\base\Order" loaded.
INFO - 2022-03-09 14:08:36 --> Session: Class initialized using 'CodeIgniter\Session\Handlers\FileHandler' driver.
INFO - 2022-03-09 14:08:36 --> Controller "App\Controllers\base\Order" loaded.
INFO - 2022-03-09 14:08:37 --> Session: Class initialized using 'CodeIgniter\Session\Handlers\FileHandler' driver.
INFO - 2022-03-09 14:08:37 --> Controller "App\Controllers\base\Order" loaded.
INFO - 2022-03-09 14:09:45 --> Controller "App\Controllers\base\Beranda" loaded.
INFO - 2022-03-09 14:10:01 --> Controller "App\Controllers\base\Beranda" loaded.
INFO - 2022-03-09 14:20:02 --> Controller "App\Controllers\base\Beranda" loaded.
INFO - 2022-03-09 14:24:14 --> Controller "App\Controllers\base\Beranda" loaded.
INFO - 2022-03-09 14:30:02 --> Controller "App\Controllers\base\Beranda" loaded.
INFO - 2022-03-09 14:31:09 --> Controller "App\Controllers\base\Beranda" loaded.
INFO - 2022-03-09 14:31:25 --> Controller "App\Controllers\base\Beranda" loaded.
INFO - 2022-03-09 14:31:34 --> Controller "App\Controllers\base\Beranda" loaded.
INFO - 2022-03-09 14:31:52 --> Controller "App\Controllers\base\Beranda" loaded.
INFO - 2022-03-09 14:32:36 --> Controller "App\Controllers\base\Beranda" loaded.
INFO - 2022-03-09 14:32:39 --> Controller "App\Controllers\base\Beranda" loaded.
INFO - 2022-03-09 14:32:46 --> Controller "App\Controllers\base\Beranda" loaded.
INFO - 2022-03-09 14:33:11 --> Controller "App\Controllers\base\Beranda" loaded.
INFO - 2022-03-09 14:33:12 --> Controller "App\Controllers\base\Beranda" loaded.
INFO - 2022-03-09 14:40:02 --> Controller "App\Controllers\base\Beranda" loaded.
INFO - 2022-03-09 14:50:02 --> Controller "App\Controllers\base\Beranda" loaded.
INFO - 2022-03-09 14:55:42 --> Session: Class initialized using 'CodeIgniter\Session\Handlers\FileHandler' driver.
INFO - 2022-03-09 14:55:42 --> Controller "App\Controllers\base\Dashboard" loaded.
INFO - 2022-03-09 14:56:38 --> Session: Class initialized using 'CodeIgniter\Session\Handlers\FileHandler' driver.
INFO - 2022-03-09 14:56:38 --> Controller "App\Controllers\base\Dashboard" loaded.
INFO - 2022-03-09 15:00:02 --> Controller "App\Controllers\base\Beranda" loaded.
INFO - 2022-03-09 15:01:00 --> Controller "App\Controllers\base\Beranda" loaded.
INFO - 2022-03-09 15:02:05 --> Session: Class initialized using 'CodeIgniter\Session\Handlers\FileHandler' driver.
INFO - 2022-03-09 15:02:05 --> Controller "App\Controllers\base\Order" loaded.
INFO - 2022-03-09 15:10:02 --> Controller "App\Controllers\base\Beranda" loaded.
INFO - 2022-03-09 15:14:39 --> Session: Class initialized using 'CodeIgniter\Session\Handlers\FileHandler' driver.
INFO - 2022-03-09 15:14:39 --> Controller "App\Controllers\base\Dashboard" loaded.
INFO - 2022-03-09 15:14:42 --> Session: Class initialized using 'CodeIgniter\Session\Handlers\FileHandler' driver.
INFO - 2022-03-09 15:14:42 --> Controller "App\Controllers\base\Dashboard" loaded.
INFO - 2022-03-09 15:14:55 --> Session: Class initialized using 'CodeIgniter\Session\Handlers\FileHandler' driver.
INFO - 2022-03-09 15:14:55 --> Controller "App\Controllers\base\Dashboard" loaded.
INFO - 2022-03-09 15:14:58 --> Session: Class initialized using 'CodeIgniter\Session\Handlers\FileHandler' driver.
INFO - 2022-03-09 15:14:58 --> Controller "App\Controllers\base\Dashboard" loaded.
INFO - 2022-03-09 15:15:26 --> Session: Class initialized using 'CodeIgniter\Session\Handlers\FileHandler' driver.
INFO - 2022-03-09 15:15:26 --> Controller "App\Controllers\base\Dashboard" loaded.
INFO - 2022-03-09 15:15:26 --> Controller "App\Controllers\base\Beranda" loaded.
INFO - 2022-03-09 15:15:26 --> Controller "App\Controllers\base\Beranda" loaded.
INFO - 2022-03-09 15:16:46 --> Controller "App\Controllers\base\Beranda" loaded.
INFO - 2022-03-09 15:17:10 --> Controller "App\Controllers\base\Beranda" loaded.
INFO - 2022-03-09 15:17:14 --> Controller "App\Controllers\base\Beranda" loaded.
INFO - 2022-03-09 15:17:48 --> Controller "App\Controllers\base\Beranda" loaded.
INFO - 2022-03-09 15:17:54 --> Controller "App\Controllers\base\Beranda" loaded.
INFO - 2022-03-09 15:20:02 --> Controller "App\Controllers\base\Beranda" loaded.
INFO - 2022-03-09 15:30:02 --> Controller "App\Controllers\base\Beranda" loaded.
INFO - 2022-03-09 15:40:02 --> Controller "App\Controllers\base\Beranda" loaded.
INFO - 2022-03-09 15:50:02 --> Controller "App\Controllers\base\Beranda" loaded.
INFO - 2022-03-09 16:00:02 --> Controller "App\Controllers\base\Beranda" loaded.
INFO - 2022-03-09 16:10:02 --> Controller "App\Controllers\base\Beranda" loaded.
INFO - 2022-03-09 16:20:02 --> Controller "App\Controllers\base\Beranda" loaded.
INFO - 2022-03-09 16:27:03 --> Controller "App\Controllers\base\Beranda" loaded.
INFO - 2022-03-09 16:27:33 --> Controller "App\Controllers\base\Beranda" loaded.
INFO - 2022-03-09 16:28:09 --> Controller "App\Controllers\base\Beranda" loaded.
INFO - 2022-03-09 16:28:09 --> Controller "App\Controllers\base\Beranda" loaded.
INFO - 2022-03-09 16:28:09 --> Controller "App\Controllers\base\Beranda" loaded.
INFO - 2022-03-09 16:28:09 --> Controller "App\Controllers\base\Beranda" loaded.
INFO - 2022-03-09 16:28:45 --> Controller "App\Controllers\base\Beranda" loaded.
INFO - 2022-03-09 16:30:02 --> Controller "App\Controllers\base\Beranda" loaded.
INFO - 2022-03-09 16:40:02 --> Controller "App\Controllers\base\Beranda" loaded.
INFO - 2022-03-09 16:50:02 --> Controller "App\Controllers\base\Beranda" loaded.
INFO - 2022-03-09 17:00:02 --> Controller "App\Controllers\base\Beranda" loaded.
INFO - 2022-03-09 17:10:02 --> Controller "App\Controllers\base\Beranda" loaded.
INFO - 2022-03-09 17:20:02 --> Controller "App\Controllers\base\Beranda" loaded.
INFO - 2022-03-09 17:30:02 --> Controller "App\Controllers\base\Beranda" loaded.
INFO - 2022-03-09 17:40:02 --> Controller "App\Controllers\base\Beranda" loaded.
INFO - 2022-03-09 17:50:01 --> Controller "App\Controllers\base\Beranda" loaded.
INFO - 2022-03-09 18:00:02 --> Controller "App\Controllers\base\Beranda" loaded.
INFO - 2022-03-09 18:10:02 --> Controller "App\Controllers\base\Beranda" loaded.
INFO - 2022-03-09 18:20:02 --> Controller "App\Controllers\base\Beranda" loaded.
INFO - 2022-03-09 18:30:02 --> Controller "App\Controllers\base\Beranda" loaded.
INFO - 2022-03-09 18:40:02 --> Controller "App\Controllers\base\Beranda" loaded.
INFO - 2022-03-09 18:50:02 --> Controller "App\Controllers\base\Beranda" loaded.
INFO - 2022-03-09 19:00:02 --> Controller "App\Controllers\base\Beranda" loaded.
INFO - 2022-03-09 19:10:02 --> Controller "App\Controllers\base\Beranda" loaded.
INFO - 2022-03-09 19:20:02 --> Controller "App\Controllers\base\Beranda" loaded.
INFO - 2022-03-09 19:30:02 --> Controller "App\Controllers\base\Beranda" loaded.
INFO - 2022-03-09 19:40:02 --> Controller "App\Controllers\base\Beranda" loaded.
INFO - 2022-03-09 19:50:02 --> Controller "App\Controllers\base\Beranda" loaded.
INFO - 2022-03-09 20:00:02 --> Controller "App\Controllers\base\Beranda" loaded.
INFO - 2022-03-09 20:10:02 --> Controller "App\Controllers\base\Beranda" loaded.
INFO - 2022-03-09 20:20:02 --> Controller "App\Controllers\base\Beranda" loaded.
INFO - 2022-03-09 20:30:02 --> Controller "App\Controllers\base\Beranda" loaded.
INFO - 2022-03-09 20:40:02 --> Controller "App\Controllers\base\Beranda" loaded.
INFO - 2022-03-09 20:50:02 --> Controller "App\Controllers\base\Beranda" loaded.
INFO - 2022-03-09 21:00:02 --> Controller "App\Controllers\base\Beranda" loaded.
INFO - 2022-03-09 21:05:03 --> Controller "App\Controllers\base\Beranda" loaded.
INFO - 2022-03-09 21:08:46 --> Session: Class initialized using 'CodeIgniter\Session\Handlers\FileHandler' driver.
INFO - 2022-03-09 21:08:46 --> Controller "App\Controllers\bukutamu\Bukutamu" loaded.
INFO - 2022-03-09 21:08:48 --> Session: Class initialized using 'CodeIgniter\Session\Handlers\FileHandler' driver.
INFO - 2022-03-09 21:08:48 --> Controller "App\Controllers\bukutamu\Bukutamu" loaded.
INFO - 2022-03-09 21:10:02 --> Controller "App\Controllers\base\Beranda" loaded.
INFO - 2022-03-09 21:20:02 --> Controller "App\Controllers\base\Beranda" loaded.
INFO - 2022-03-09 21:24:33 --> Session: Class initialized using 'CodeIgniter\Session\Handlers\FileHandler' driver.
INFO - 2022-03-09 21:24:33 --> Controller "App\Controllers\bukutamu\Bukutamu" loaded.
INFO - 2022-03-09 21:24:40 --> Session: Class initialized using 'CodeIgniter\Session\Handlers\FileHandler' driver.
INFO - 2022-03-09 21:24:40 --> Controller "App\Controllers\bukutamu\Bukutamu" loaded.
INFO - 2022-03-09 21:27:07 --> Session: Class initialized using 'CodeIgniter\Session\Handlers\FileHandler' driver.
INFO - 2022-03-09 21:27:07 --> Controller "App\Controllers\bukutamu\Bukutamu" loaded.
INFO - 2022-03-09 21:30:01 --> Controller "App\Controllers\base\Beranda" loaded.
INFO - 2022-03-09 21:38:43 --> Session: Class initialized using 'CodeIgniter\Session\Handlers\FileHandler' driver.
INFO - 2022-03-09 21:38:43 --> Controller "App\Controllers\bukutamu\Bukutamu" loaded.
INFO - 2022-03-09 21:40:02 --> Controller "App\Controllers\base\Beranda" loaded.
INFO - 2022-03-09 21:44:04 --> Controller "App\Controllers\base\Beranda" loaded.
INFO - 2022-03-09 21:44:14 --> Controller "App\Controllers\base\Beranda" loaded.
INFO - 2022-03-09 21:46:18 --> Controller "App\Controllers\base\Beranda" loaded.
INFO - 2022-03-09 21:50:02 --> Controller "App\Controllers\base\Beranda" loaded.
INFO - 2022-03-09 22:00:02 --> Controller "App\Controllers\base\Beranda" loaded.
INFO - 2022-03-09 22:10:02 --> Controller "App\Controllers\base\Beranda" loaded.
INFO - 2022-03-09 22:20:02 --> Controller "App\Controllers\base\Beranda" loaded.
INFO - 2022-03-09 22:25:35 --> Controller "App\Controllers\base\Beranda" loaded.
INFO - 2022-03-09 22:30:02 --> Controller "App\Controllers\base\Beranda" loaded.
INFO - 2022-03-09 22:40:02 --> Controller "App\Controllers\base\Beranda" loaded.
INFO - 2022-03-09 22:50:02 --> Controller "App\Controllers\base\Beranda" loaded.
INFO - 2022-03-09 22:59:10 --> Controller "App\Controllers\base\Beranda" loaded.
INFO - 2022-03-09 22:59:12 --> Controller "App\Controllers\base\Beranda" loaded.
INFO - 2022-03-09 22:59:13 --> Controller "App\Controllers\base\Beranda" loaded.
INFO - 2022-03-09 22:59:15 --> Controller "App\Controllers\base\Beranda" loaded.
INFO - 2022-03-09 22:59:16 --> Controller "App\Controllers\base\Beranda" loaded.
INFO - 2022-03-09 22:59:17 --> Controller "App\Controllers\base\Beranda" loaded.
INFO - 2022-03-09 22:59:18 --> Controller "App\Controllers\base\Beranda" loaded.
INFO - 2022-03-09 22:59:19 --> Controller "App\Controllers\base\Beranda" loaded.
INFO - 2022-03-09 22:59:20 --> Controller "App\Controllers\base\Beranda" loaded.
INFO - 2022-03-09 22:59:22 --> Controller "App\Controllers\base\Beranda" loaded.
INFO - 2022-03-09 22:59:23 --> Controller "App\Controllers\base\Beranda" loaded.
INFO - 2022-03-09 22:59:24 --> Controller "App\Controllers\base\Beranda" loaded.
INFO - 2022-03-09 22:59:25 --> Controller "App\Controllers\base\Beranda" loaded.
INFO - 2022-03-09 22:59:27 --> Controller "App\Controllers\base\Beranda" loaded.
INFO - 2022-03-09 22:59:28 --> Controller "App\Controllers\base\Beranda" loaded.
INFO - 2022-03-09 22:59:29 --> Controller "App\Controllers\base\Beranda" loaded.
INFO - 2022-03-09 22:59:30 --> Controller "App\Controllers\base\Beranda" loaded.
INFO - 2022-03-09 22:59:31 --> Controller "App\Controllers\base\Beranda" loaded.
INFO - 2022-03-09 22:59:32 --> Controller "App\Controllers\base\Beranda" loaded.
INFO - 2022-03-09 22:59:33 --> Controller "App\Controllers\base\Beranda" loaded.
INFO - 2022-03-09 23:07:26 --> Session: Class initialized using 'CodeIgniter\Session\Handlers\FileHandler' driver.
INFO - 2022-03-09 23:07:26 --> Controller "App\Controllers\undangan\Undangan" loaded.
INFO - 2022-03-09 23:07:27 --> Controller "App\Controllers\base\Beranda" loaded.
INFO - 2022-03-09 23:07:28 --> Session: Class initialized using 'CodeIgniter\Session\Handlers\FileHandler' driver.
INFO - 2022-03-09 23:07:28 --> Controller "App\Controllers\bukutamu\Bukutamu" loaded.
INFO - 2022-03-09 23:07:28 --> Session: Class initialized using 'CodeIgniter\Session\Handlers\FileHandler' driver.
INFO - 2022-03-09 23:07:28 --> Controller "App\Controllers\undangan\Undangan" loaded.
INFO - 2022-03-09 23:07:29 --> Session: Class initialized using 'CodeIgniter\Session\Handlers\FileHandler' driver.
INFO - 2022-03-09 23:07:29 --> Controller "App\Controllers\bukutamu\Bukutamu" loaded.
INFO - 2022-03-09 23:07:31 --> Session: Class initialized using 'CodeIgniter\Session\Handlers\FileHandler' driver.
INFO - 2022-03-09 23:07:31 --> Controller "App\Controllers\undangan\Undangan" loaded.
INFO - 2022-03-09 23:07:31 --> Session: Class initialized using 'CodeIgniter\Session\Handlers\FileHandler' driver.
INFO - 2022-03-09 23:07:31 --> Controller "App\Controllers\bukutamu\Bukutamu" loaded.
INFO - 2022-03-09 23:07:31 --> Session: Class initialized using 'CodeIgniter\Session\Handlers\FileHandler' driver.
INFO - 2022-03-09 23:07:31 --> Controller "App\Controllers\undangan\Undangan" loaded.
INFO - 2022-03-09 23:07:32 --> Session: Class initialized using 'CodeIgniter\Session\Handlers\FileHandler' driver.
INFO - 2022-03-09 23:07:32 --> Controller "App\Controllers\bukutamu\Bukutamu" loaded.
INFO - 2022-03-09 23:08:11 --> Session: Class initialized using 'CodeIgniter\Session\Handlers\FileHandler' driver.
INFO - 2022-03-09 23:08:11 --> Controller "App\Controllers\bukutamu\Bukutamu" loaded.
INFO - 2022-03-09 23:08:12 --> Session: Class initialized using 'CodeIgniter\Session\Handlers\FileHandler' driver.
INFO - 2022-03-09 23:08:12 --> Controller "App\Controllers\bukutamu\Bukutamu" loaded.
INFO - 2022-03-09 23:16:42 --> Session: Class initialized using 'CodeIgniter\Session\Handlers\FileHandler' driver.
INFO - 2022-03-09 23:16:42 --> Controller "App\Controllers\undangan\Undangan" loaded.
INFO - 2022-03-09 23:16:42 --> Session: Class initialized using 'CodeIgniter\Session\Handlers\FileHandler' driver.
INFO - 2022-03-09 23:16:42 --> Controller "App\Controllers\undangan\Undangan" loaded.
INFO - 2022-03-09 23:16:43 --> Session: Class initialized using 'CodeIgniter\Session\Handlers\FileHandler' driver.
INFO - 2022-03-09 23:16:43 --> Controller "App\Controllers\undangan\Undangan" loaded.
INFO - 2022-03-09 23:16:43 --> Session: Class initialized using 'CodeIgniter\Session\Handlers\FileHandler' driver.
INFO - 2022-03-09 23:16:43 --> Controller "App\Controllers\undangan\Undangan" loaded.
INFO - 2022-03-09 23:16:43 --> Session: Class initialized using 'CodeIgniter\Session\Handlers\FileHandler' driver.
INFO - 2022-03-09 23:16:43 --> Controller "App\Controllers\undangan\Undangan" loaded.
INFO - 2022-03-09 23:16:43 --> Session: Class initialized using 'CodeIgniter\Session\Handlers\FileHandler' driver.
INFO - 2022-03-09 23:16:43 --> Controller "App\Controllers\undangan\Undangan" loaded.
INFO - 2022-03-09 23:16:43 --> Session: Class initialized using 'CodeIgniter\Session\Handlers\FileHandler' driver.
INFO - 2022-03-09 23:16:43 --> Controller "App\Controllers\undangan\Undangan" loaded.
INFO - 2022-03-09 23:16:44 --> Session: Class initialized using 'CodeIgniter\Session\Handlers\FileHandler' driver.
INFO - 2022-03-09 23:16:44 --> Controller "App\Controllers\undangan\Undangan" loaded.
INFO - 2022-03-09 23:18:01 --> Session: Class initialized using 'CodeIgniter\Session\Handlers\FileHandler' driver.
INFO - 2022-03-09 23:18:01 --> Controller "App\Controllers\bukutamu\Bukutamu" loaded.
INFO - 2022-03-09 23:18:01 --> Session: Class initialized using 'CodeIgniter\Session\Handlers\FileHandler' driver.
INFO - 2022-03-09 23:18:01 --> Controller "App\Controllers\undangan\Undangan" loaded.
INFO - 2022-03-09 23:18:02 --> Controller "App\Controllers\base\Beranda" loaded.
INFO - 2022-03-09 23:23:08 --> Controller "App\Controllers\base\Beranda" loaded.
INFO - 2022-03-09 23:25:50 --> Controller "App\Controllers\base\Beranda" loaded.
INFO - 2022-03-09 23:26:24 --> Controller "App\Controllers\base\Beranda" loaded.
INFO - 2022-03-09 23:26:50 --> Controller "App\Controllers\base\Beranda" loaded.
INFO - 2022-03-09 23:28:19 --> Session: Class initialized using 'CodeIgniter\Session\Handlers\FileHandler' driver.
INFO - 2022-03-09 23:28:19 --> Controller "App\Controllers\undangan\Undangan" loaded.
INFO - 2022-03-09 23:29:18 --> Session: Class initialized using 'CodeIgniter\Session\Handlers\FileHandler' driver.
INFO - 2022-03-09 23:29:18 --> Controller "App\Controllers\bukutamu\Bukutamu" loaded.
INFO - 2022-03-09 23:33:42 --> Session: Class initialized using 'CodeIgniter\Session\Handlers\FileHandler' driver.
INFO - 2022-03-09 23:33:42 --> Controller "App\Controllers\bukutamu\Bukutamu" loaded.
INFO - 2022-03-09 23:33:42 --> Session: Class initialized using 'CodeIgniter\Session\Handlers\FileHandler' driver.
INFO - 2022-03-09 23:33:42 --> Controller "App\Controllers\bukutamu\Bukutamu" loaded.
INFO - 2022-03-09 23:46:01 --> Controller "App\Controllers\base\Beranda" loaded.
INFO - 2022-03-09 23:46:08 --> Controller "App\Controllers\base\Beranda" loaded.
INFO - 2022-03-09 23:46:14 --> Controller "App\Controllers\base\Beranda" loaded.
INFO - 2022-03-09 23:46:24 --> Session: Class initialized using 'CodeIgniter\Session\Handlers\FileHandler' driver.
INFO - 2022-03-09 23:46:24 --> Controller "App\Controllers\undangan\Undangan" loaded.
INFO - 2022-03-09 23:46:49 --> Session: Class initialized using 'CodeIgniter\Session\Handlers\FileHandler' driver.
INFO - 2022-03-09 23:46:49 --> Controller "App\Controllers\bukutamu\Bukutamu" loaded.
INFO - 2022-03-09 23:50:23 --> Session: Class initialized using 'CodeIgniter\Session\Handlers\FileHandler' driver.
INFO - 2022-03-09 23:50:23 --> Controller "App\Controllers\undangan\Undangan" loaded.
INFO - 2022-03-09 23:53:21 --> Controller "App\Controllers\base\Beranda" loaded.
INFO - 2022-03-09 23:53:22 --> Controller "App\Controllers\base\Beranda" loaded.
INFO - 2022-03-09 23:53:40 --> Session: Class initialized using 'CodeIgniter\Session\Handlers\FileHandler' driver.
INFO - 2022-03-09 23:53:40 --> Controller "App\Controllers\undangan\Undangan" loaded.
INFO - 2022-03-09 23:54:01 --> Session: Class initialized using 'CodeIgniter\Session\Handlers\FileHandler' driver.
INFO - 2022-03-09 23:54:01 --> Controller "App\Controllers\bukutamu\Bukutamu" loaded.
INFO - 2022-03-09 23:54:08 --> Controller "App\Controllers\base\Beranda" loaded.
INFO - 2022-03-09 23:54:08 --> Controller "App\Controllers\base\Beranda" loaded.
INFO - 2022-03-09 23:54:13 --> Session: Class initialized using 'CodeIgniter\Session\Handlers\FileHandler' driver.
INFO - 2022-03-09 23:54:13 --> Controller "App\Controllers\base\Order" loaded.
INFO - 2022-03-09 23:54:13 --> Controller "App\Controllers\base\Beranda" loaded.
INFO - 2022-03-09 23:54:28 --> Controller "App\Controllers\base\Beranda" loaded.
INFO - 2022-03-09 23:54:34 --> Session: Class initialized using 'CodeIgniter\Session\Handlers\FileHandler' driver.
INFO - 2022-03-09 23:54:34 --> Controller "App\Controllers\undangan\Undangan" loaded.
INFO - 2022-03-09 23:54:36 --> Controller "App\Controllers\base\Beranda" loaded.
