INFO - 2021-02-24 01:25:05 --> Controller "App\Controllers\base\Beranda" loaded.
INFO - 2021-02-24 01:25:06 --> Session: Class initialized using 'CodeIgniter\Session\Handlers\FileHandler' driver.
INFO - 2021-02-24 01:25:06 --> Session: Class initialized using 'CodeIgniter\Session\Handlers\FileHandler' driver.
INFO - 2021-02-24 01:25:06 --> Controller "App\Controllers\base\Dashboard" loaded.
INFO - 2021-02-24 03:39:14 --> Controller "App\Controllers\base\Beranda" loaded.
INFO - 2021-02-24 03:39:20 --> Controller "App\Controllers\base\Beranda" loaded.
INFO - 2021-02-24 03:39:29 --> Controller "App\Controllers\base\Beranda" loaded.
INFO - 2021-02-24 03:39:33 --> Controller "App\Controllers\base\Beranda" loaded.
INFO - 2021-02-24 03:39:36 --> Controller "App\Controllers\base\Beranda" loaded.
INFO - 2021-02-24 03:39:43 --> Controller "App\Controllers\base\Beranda" loaded.
INFO - 2021-02-24 03:39:45 --> Controller "App\Controllers\base\Beranda" loaded.
INFO - 2021-02-24 03:39:57 --> Controller "App\Controllers\base\Beranda" loaded.
INFO - 2021-02-24 03:40:09 --> Controller "App\Controllers\base\Beranda" loaded.
INFO - 2021-02-24 04:01:09 --> Controller "App\Controllers\base\Beranda" loaded.
INFO - 2021-02-24 04:01:17 --> Controller "App\Controllers\base\Beranda" loaded.
INFO - 2021-02-24 04:01:23 --> Controller "App\Controllers\base\Beranda" loaded.
INFO - 2021-02-24 04:01:54 --> Controller "App\Controllers\base\Beranda" loaded.
INFO - 2021-02-24 04:04:10 --> Controller "App\Controllers\base\Beranda" loaded.
INFO - 2021-02-24 04:04:31 --> Controller "App\Controllers\base\Beranda" loaded.
INFO - 2021-02-24 04:07:42 --> Controller "App\Controllers\base\Beranda" loaded.
INFO - 2021-02-24 04:08:05 --> Controller "App\Controllers\base\Beranda" loaded.
INFO - 2021-02-24 04:08:07 --> Controller "App\Controllers\base\Beranda" loaded.
INFO - 2021-02-24 06:06:41 --> Controller "App\Controllers\base\Beranda" loaded.
INFO - 2021-02-24 06:06:41 --> Session: Class initialized using 'CodeIgniter\Session\Handlers\FileHandler' driver.
INFO - 2021-02-24 06:06:41 --> Controller "App\Controllers\undangan\Undangan" loaded.
INFO - 2021-02-24 06:07:31 --> Session: Class initialized using 'CodeIgniter\Session\Handlers\FileHandler' driver.
INFO - 2021-02-24 06:07:31 --> Controller "App\Controllers\undangan\Undangan" loaded.
INFO - 2021-02-24 06:23:21 --> Controller "App\Controllers\base\Beranda" loaded.
INFO - 2021-02-24 06:23:55 --> Controller "App\Controllers\base\Beranda" loaded.
INFO - 2021-02-24 07:06:39 --> Controller "App\Controllers\base\Beranda" loaded.
INFO - 2021-02-24 07:07:06 --> Session: Class initialized using 'CodeIgniter\Session\Handlers\FileHandler' driver.
INFO - 2021-02-24 07:07:06 --> Controller "App\Controllers\undangan\Undangan" loaded.
INFO - 2021-02-24 07:08:40 --> Controller "App\Controllers\base\Beranda" loaded.
INFO - 2021-02-24 07:08:40 --> Controller "App\Controllers\base\Beranda" loaded.
INFO - 2021-02-24 07:08:41 --> Controller "App\Controllers\base\Beranda" loaded.
INFO - 2021-02-24 07:10:37 --> Controller "App\Controllers\base\Beranda" loaded.
INFO - 2021-02-24 07:10:42 --> Controller "App\Controllers\base\Beranda" loaded.
INFO - 2021-02-24 07:10:59 --> Session: Class initialized using 'CodeIgniter\Session\Handlers\FileHandler' driver.
INFO - 2021-02-24 07:10:59 --> Controller "App\Controllers\base\Dashboard" loaded.
INFO - 2021-02-24 08:04:21 --> Controller "App\Controllers\base\Beranda" loaded.
INFO - 2021-02-24 08:04:25 --> Controller "App\Controllers\base\Beranda" loaded.
INFO - 2021-02-24 08:04:29 --> Controller "App\Controllers\base\Beranda" loaded.
INFO - 2021-02-24 08:04:50 --> Controller "App\Controllers\base\Beranda" loaded.
INFO - 2021-02-24 08:04:55 --> Controller "App\Controllers\base\Beranda" loaded.
INFO - 2021-02-24 08:05:04 --> Controller "App\Controllers\base\Beranda" loaded.
INFO - 2021-02-24 08:05:10 --> Controller "App\Controllers\base\Beranda" loaded.
INFO - 2021-02-24 08:05:38 --> Session: Class initialized using 'CodeIgniter\Session\Handlers\FileHandler' driver.
INFO - 2021-02-24 08:05:38 --> Controller "App\Controllers\undangan\Undangan" loaded.
INFO - 2021-02-24 08:07:01 --> Controller "App\Controllers\base\Beranda" loaded.
INFO - 2021-02-24 08:07:01 --> Controller "App\Controllers\base\Beranda" loaded.
INFO - 2021-02-24 08:07:02 --> Controller "App\Controllers\base\Beranda" loaded.
INFO - 2021-02-24 08:07:03 --> Controller "App\Controllers\base\Beranda" loaded.
INFO - 2021-02-24 08:07:04 --> Controller "App\Controllers\base\Beranda" loaded.
INFO - 2021-02-24 08:07:05 --> Controller "App\Controllers\base\Beranda" loaded.
INFO - 2021-02-24 08:07:06 --> Controller "App\Controllers\base\Beranda" loaded.
INFO - 2021-02-24 08:07:07 --> Controller "App\Controllers\base\Beranda" loaded.
INFO - 2021-02-24 08:07:07 --> Controller "App\Controllers\base\Beranda" loaded.
INFO - 2021-02-24 08:07:08 --> Controller "App\Controllers\base\Beranda" loaded.
INFO - 2021-02-24 08:07:09 --> Controller "App\Controllers\base\Beranda" loaded.
INFO - 2021-02-24 08:07:10 --> Controller "App\Controllers\base\Beranda" loaded.
INFO - 2021-02-24 08:07:11 --> Controller "App\Controllers\base\Beranda" loaded.
INFO - 2021-02-24 08:07:12 --> Controller "App\Controllers\base\Beranda" loaded.
INFO - 2021-02-24 08:07:12 --> Controller "App\Controllers\base\Beranda" loaded.
INFO - 2021-02-24 08:07:13 --> Controller "App\Controllers\base\Beranda" loaded.
INFO - 2021-02-24 08:07:14 --> Controller "App\Controllers\base\Beranda" loaded.
INFO - 2021-02-24 08:07:15 --> Controller "App\Controllers\base\Beranda" loaded.
INFO - 2021-02-24 08:07:16 --> Controller "App\Controllers\base\Beranda" loaded.
INFO - 2021-02-24 08:07:17 --> Controller "App\Controllers\base\Beranda" loaded.
INFO - 2021-02-24 08:16:52 --> Controller "App\Controllers\base\Beranda" loaded.
INFO - 2021-02-24 08:39:31 --> Controller "App\Controllers\base\Beranda" loaded.
INFO - 2021-02-24 08:39:42 --> Session: Class initialized using 'CodeIgniter\Session\Handlers\FileHandler' driver.
INFO - 2021-02-24 08:39:42 --> Controller "App\Controllers\admin\Admin" loaded.
INFO - 2021-02-24 08:40:02 --> Session: Class initialized using 'CodeIgniter\Session\Handlers\FileHandler' driver.
INFO - 2021-02-24 08:40:02 --> Controller "App\Controllers\admin\Admin" loaded.
INFO - 2021-02-24 08:40:03 --> Session: Class initialized using 'CodeIgniter\Session\Handlers\FileHandler' driver.
INFO - 2021-02-24 08:40:03 --> Controller "App\Controllers\admin\Admin" loaded.
INFO - 2021-02-24 08:40:14 --> Session: Class initialized using 'CodeIgniter\Session\Handlers\FileHandler' driver.
INFO - 2021-02-24 08:40:14 --> Controller "App\Controllers\admin\Admin" loaded.
INFO - 2021-02-24 08:40:20 --> Session: Class initialized using 'CodeIgniter\Session\Handlers\FileHandler' driver.
INFO - 2021-02-24 08:40:20 --> Controller "App\Controllers\admin\Admin" loaded.
INFO - 2021-02-24 08:40:36 --> Session: Class initialized using 'CodeIgniter\Session\Handlers\FileHandler' driver.
INFO - 2021-02-24 08:40:36 --> Controller "App\Controllers\admin\Admin" loaded.
INFO - 2021-02-24 08:40:42 --> Session: Class initialized using 'CodeIgniter\Session\Handlers\FileHandler' driver.
INFO - 2021-02-24 08:40:42 --> Controller "App\Controllers\admin\Admin" loaded.
INFO - 2021-02-24 08:41:12 --> Session: Class initialized using 'CodeIgniter\Session\Handlers\FileHandler' driver.
INFO - 2021-02-24 08:41:12 --> Controller "App\Controllers\undangan\Undangan" loaded.
INFO - 2021-02-24 10:59:56 --> Controller "App\Controllers\base\Beranda" loaded.
INFO - 2021-02-24 10:59:57 --> Controller "App\Controllers\base\Beranda" loaded.
INFO - 2021-02-24 10:59:58 --> Controller "App\Controllers\base\Beranda" loaded.
INFO - 2021-02-24 11:00:00 --> Controller "App\Controllers\base\Beranda" loaded.
INFO - 2021-02-24 11:00:01 --> Controller "App\Controllers\base\Beranda" loaded.
INFO - 2021-02-24 11:00:04 --> Controller "App\Controllers\base\Beranda" loaded.
INFO - 2021-02-24 11:00:05 --> Controller "App\Controllers\base\Beranda" loaded.
INFO - 2021-02-24 11:00:07 --> Controller "App\Controllers\base\Beranda" loaded.
INFO - 2021-02-24 11:00:08 --> Controller "App\Controllers\base\Beranda" loaded.
INFO - 2021-02-24 11:00:10 --> Controller "App\Controllers\base\Beranda" loaded.
INFO - 2021-02-24 11:00:11 --> Controller "App\Controllers\base\Beranda" loaded.
INFO - 2021-02-24 11:00:12 --> Controller "App\Controllers\base\Beranda" loaded.
INFO - 2021-02-24 11:00:13 --> Controller "App\Controllers\base\Beranda" loaded.
INFO - 2021-02-24 11:00:14 --> Controller "App\Controllers\base\Beranda" loaded.
INFO - 2021-02-24 11:00:15 --> Controller "App\Controllers\base\Beranda" loaded.
INFO - 2021-02-24 11:00:16 --> Controller "App\Controllers\base\Beranda" loaded.
INFO - 2021-02-24 11:00:17 --> Controller "App\Controllers\base\Beranda" loaded.
INFO - 2021-02-24 11:00:18 --> Controller "App\Controllers\base\Beranda" loaded.
INFO - 2021-02-24 11:00:19 --> Controller "App\Controllers\base\Beranda" loaded.
INFO - 2021-02-24 11:01:10 --> Controller "App\Controllers\base\Beranda" loaded.
INFO - 2021-02-24 13:00:39 --> Controller "App\Controllers\base\Beranda" loaded.
INFO - 2021-02-24 14:20:18 --> Session: Class initialized using 'CodeIgniter\Session\Handlers\FileHandler' driver.
INFO - 2021-02-24 14:20:18 --> Controller "App\Controllers\admin\Admin" loaded.
INFO - 2021-02-24 14:20:41 --> Session: Class initialized using 'CodeIgniter\Session\Handlers\FileHandler' driver.
INFO - 2021-02-24 14:20:41 --> Controller "App\Controllers\admin\Admin" loaded.
INFO - 2021-02-24 14:20:41 --> Session: Class initialized using 'CodeIgniter\Session\Handlers\FileHandler' driver.
INFO - 2021-02-24 14:20:41 --> Controller "App\Controllers\admin\Admin" loaded.
INFO - 2021-02-24 14:20:51 --> Session: Class initialized using 'CodeIgniter\Session\Handlers\FileHandler' driver.
INFO - 2021-02-24 14:20:51 --> Controller "App\Controllers\admin\Admin" loaded.
INFO - 2021-02-24 14:21:02 --> Controller "App\Controllers\base\Beranda" loaded.
INFO - 2021-02-24 15:50:07 --> Controller "App\Controllers\base\Beranda" loaded.
INFO - 2021-02-24 15:53:18 --> Session: Class initialized using 'CodeIgniter\Session\Handlers\FileHandler' driver.
INFO - 2021-02-24 15:53:18 --> Controller "App\Controllers\undangan\Undangan" loaded.
INFO - 2021-02-24 15:54:57 --> Session: Class initialized using 'CodeIgniter\Session\Handlers\FileHandler' driver.
INFO - 2021-02-24 15:54:57 --> Controller "App\Controllers\undangan\Undangan" loaded.
INFO - 2021-02-24 15:54:57 --> Session: Class initialized using 'CodeIgniter\Session\Handlers\FileHandler' driver.
INFO - 2021-02-24 15:54:57 --> Controller "App\Controllers\undangan\Undangan" loaded.
INFO - 2021-02-24 15:54:57 --> Session: Class initialized using 'CodeIgniter\Session\Handlers\FileHandler' driver.
INFO - 2021-02-24 15:54:57 --> Controller "App\Controllers\undangan\Undangan" loaded.
INFO - 2021-02-24 16:06:38 --> Controller "App\Controllers\base\Beranda" loaded.
INFO - 2021-02-24 16:06:43 --> Controller "App\Controllers\base\Beranda" loaded.
INFO - 2021-02-24 16:06:56 --> Controller "App\Controllers\base\Beranda" loaded.
INFO - 2021-02-24 16:07:29 --> Session: Class initialized using 'CodeIgniter\Session\Handlers\FileHandler' driver.
INFO - 2021-02-24 16:07:29 --> Controller "App\Controllers\base\Dashboard" loaded.
INFO - 2021-02-24 16:07:31 --> Controller "App\Controllers\base\Beranda" loaded.
INFO - 2021-02-24 16:18:09 --> Controller "App\Controllers\base\Beranda" loaded.
INFO - 2021-02-24 16:49:17 --> Session: Class initialized using 'CodeIgniter\Session\Handlers\FileHandler' driver.
INFO - 2021-02-24 16:49:17 --> Controller "App\Controllers\undangan\Undangan" loaded.
INFO - 2021-02-24 16:49:40 --> Session: Class initialized using 'CodeIgniter\Session\Handlers\FileHandler' driver.
INFO - 2021-02-24 16:49:40 --> Controller "App\Controllers\undangan\Undangan" loaded.
INFO - 2021-02-24 17:11:29 --> Controller "App\Controllers\base\Beranda" loaded.
INFO - 2021-02-24 17:58:31 --> Session: Class initialized using 'CodeIgniter\Session\Handlers\FileHandler' driver.
INFO - 2021-02-24 17:58:31 --> Controller "App\Controllers\undangan\Undangan" loaded.
INFO - 2021-02-24 18:15:00 --> Controller "App\Controllers\base\Beranda" loaded.
INFO - 2021-02-24 18:15:53 --> Controller "App\Controllers\base\Beranda" loaded.
INFO - 2021-02-24 18:16:07 --> Controller "App\Controllers\base\Beranda" loaded.
INFO - 2021-02-24 18:16:20 --> Controller "App\Controllers\base\Beranda" loaded.
INFO - 2021-02-24 18:17:30 --> Controller "App\Controllers\base\Beranda" loaded.
INFO - 2021-02-24 18:17:57 --> Controller "App\Controllers\base\Beranda" loaded.
INFO - 2021-02-24 18:18:05 --> Controller "App\Controllers\base\Beranda" loaded.
INFO - 2021-02-24 18:18:10 --> Session: Class initialized using 'CodeIgniter\Session\Handlers\FileHandler' driver.
INFO - 2021-02-24 18:18:10 --> Controller "App\Controllers\base\Order" loaded.
INFO - 2021-02-24 18:41:57 --> Controller "App\Controllers\base\Beranda" loaded.
INFO - 2021-02-24 18:42:06 --> Controller "App\Controllers\base\Beranda" loaded.
INFO - 2021-02-24 18:42:10 --> Controller "App\Controllers\base\Beranda" loaded.
INFO - 2021-02-24 18:42:56 --> Controller "App\Controllers\base\Beranda" loaded.
INFO - 2021-02-24 18:42:56 --> Controller "App\Controllers\base\Beranda" loaded.
INFO - 2021-02-24 18:42:56 --> Controller "App\Controllers\base\Beranda" loaded.
INFO - 2021-02-24 18:43:15 --> Controller "App\Controllers\base\Beranda" loaded.
INFO - 2021-02-24 18:43:17 --> Controller "App\Controllers\base\Beranda" loaded.
INFO - 2021-02-24 18:43:30 --> Controller "App\Controllers\base\Beranda" loaded.
INFO - 2021-02-24 18:43:32 --> Controller "App\Controllers\base\Beranda" loaded.
INFO - 2021-02-24 18:43:51 --> Session: Class initialized using 'CodeIgniter\Session\Handlers\FileHandler' driver.
INFO - 2021-02-24 18:43:51 --> Controller "App\Controllers\base\Dashboard" loaded.
INFO - 2021-02-24 18:43:53 --> Session: Class initialized using 'CodeIgniter\Session\Handlers\FileHandler' driver.
INFO - 2021-02-24 18:43:53 --> Controller "App\Controllers\base\Dashboard" loaded.
INFO - 2021-02-24 19:01:49 --> Controller "App\Controllers\base\Beranda" loaded.
INFO - 2021-02-24 19:03:00 --> Controller "App\Controllers\base\Beranda" loaded.
INFO - 2021-02-24 19:27:02 --> Controller "App\Controllers\base\Beranda" loaded.
INFO - 2021-02-24 19:40:48 --> Controller "App\Controllers\base\Beranda" loaded.
INFO - 2021-02-24 20:35:49 --> Controller "App\Controllers\base\Beranda" loaded.
INFO - 2021-02-24 20:36:02 --> Controller "App\Controllers\base\Beranda" loaded.
INFO - 2021-02-24 21:34:03 --> Session: Class initialized using 'CodeIgniter\Session\Handlers\FileHandler' driver.
INFO - 2021-02-24 21:34:03 --> Controller "App\Controllers\base\Beranda" loaded.
INFO - 2021-02-24 21:34:03 --> Controller "App\Controllers\base\Dashboard" loaded.
INFO - 2021-02-24 21:34:03 --> Controller "App\Controllers\base\Beranda" loaded.
INFO - 2021-02-24 21:34:03 --> Session: Class initialized using 'CodeIgniter\Session\Handlers\FileHandler' driver.
INFO - 2021-02-24 21:34:03 --> Controller "App\Controllers\undangan\Undangan" loaded.
INFO - 2021-02-24 21:34:03 --> Session: Class initialized using 'CodeIgniter\Session\Handlers\FileHandler' driver.
INFO - 2021-02-24 21:34:03 --> Controller "App\Controllers\base\Beranda" loaded.
INFO - 2021-02-24 21:34:03 --> Controller "App\Controllers\undangan\Undangan" loaded.
INFO - 2021-02-24 21:34:03 --> Controller "App\Controllers\base\Beranda" loaded.
INFO - 2021-02-24 21:34:03 --> Session: Class initialized using 'CodeIgniter\Session\Handlers\FileHandler' driver.
INFO - 2021-02-24 21:34:03 --> Controller "App\Controllers\base\Dashboard" loaded.
INFO - 2021-02-24 21:34:04 --> Session: Class initialized using 'CodeIgniter\Session\Handlers\FileHandler' driver.
INFO - 2021-02-24 21:34:04 --> Controller "App\Controllers\undangan\Undangan" loaded.
INFO - 2021-02-24 21:34:04 --> Session: Class initialized using 'CodeIgniter\Session\Handlers\FileHandler' driver.
INFO - 2021-02-24 21:34:04 --> Controller "App\Controllers\base\Dashboard" loaded.
INFO - 2021-02-24 21:34:04 --> Session: Class initialized using 'CodeIgniter\Session\Handlers\FileHandler' driver.
INFO - 2021-02-24 21:34:04 --> Controller "App\Controllers\undangan\Undangan" loaded.
INFO - 2021-02-24 21:34:05 --> Session: Class initialized using 'CodeIgniter\Session\Handlers\FileHandler' driver.
INFO - 2021-02-24 21:34:05 --> Controller "App\Controllers\base\Dashboard" loaded.
INFO - 2021-02-24 21:34:05 --> Session: Class initialized using 'CodeIgniter\Session\Handlers\FileHandler' driver.
INFO - 2021-02-24 21:34:05 --> Controller "App\Controllers\undangan\Undangan" loaded.
INFO - 2021-02-24 21:34:05 --> Session: Class initialized using 'CodeIgniter\Session\Handlers\FileHandler' driver.
INFO - 2021-02-24 21:34:05 --> Controller "App\Controllers\undangan\Undangan" loaded.
INFO - 2021-02-24 21:34:06 --> Session: Class initialized using 'CodeIgniter\Session\Handlers\FileHandler' driver.
INFO - 2021-02-24 21:34:06 --> Controller "App\Controllers\undangan\Undangan" loaded.
INFO - 2021-02-24 21:34:06 --> Session: Class initialized using 'CodeIgniter\Session\Handlers\FileHandler' driver.
INFO - 2021-02-24 21:34:06 --> Controller "App\Controllers\undangan\Undangan" loaded.
INFO - 2021-02-24 21:34:07 --> Controller "App\Controllers\base\Beranda" loaded.
INFO - 2021-02-24 21:36:23 --> Controller "App\Controllers\base\Beranda" loaded.
INFO - 2021-02-24 21:37:08 --> Controller "App\Controllers\base\Beranda" loaded.
INFO - 2021-02-24 21:37:54 --> Session: Class initialized using 'CodeIgniter\Session\Handlers\FileHandler' driver.
INFO - 2021-02-24 21:37:54 --> Controller "App\Controllers\undangan\Undangan" loaded.
INFO - 2021-02-24 21:43:10 --> Session: Class initialized using 'CodeIgniter\Session\Handlers\FileHandler' driver.
INFO - 2021-02-24 21:43:10 --> Session: Class initialized using 'CodeIgniter\Session\Handlers\FileHandler' driver.
INFO - 2021-02-24 21:43:10 --> Controller "App\Controllers\base\Dashboard" loaded.
INFO - 2021-02-24 21:43:10 --> Controller "App\Controllers\base\Dashboard" loaded.
INFO - 2021-02-24 21:43:24 --> Controller "App\Controllers\base\Beranda" loaded.
INFO - 2021-02-24 21:43:30 --> Session: Class initialized using 'CodeIgniter\Session\Handlers\FileHandler' driver.
INFO - 2021-02-24 21:43:30 --> Controller "App\Controllers\base\Order" loaded.
INFO - 2021-02-24 21:43:58 --> Session: Class initialized using 'CodeIgniter\Session\Handlers\FileHandler' driver.
INFO - 2021-02-24 21:43:58 --> Controller "App\Controllers\base\Order" loaded.
INFO - 2021-02-24 21:44:10 --> Session: Class initialized using 'CodeIgniter\Session\Handlers\FileHandler' driver.
INFO - 2021-02-24 21:44:10 --> Controller "App\Controllers\base\Order" loaded.
INFO - 2021-02-24 21:44:11 --> Session: Class initialized using 'CodeIgniter\Session\Handlers\FileHandler' driver.
INFO - 2021-02-24 21:44:11 --> Controller "App\Controllers\base\Order" loaded.
INFO - 2021-02-24 21:44:15 --> Session: Class initialized using 'CodeIgniter\Session\Handlers\FileHandler' driver.
INFO - 2021-02-24 21:44:15 --> Controller "App\Controllers\base\Order" loaded.
INFO - 2021-02-24 21:44:15 --> Session: Class initialized using 'CodeIgniter\Session\Handlers\FileHandler' driver.
INFO - 2021-02-24 21:44:15 --> Controller "App\Controllers\base\Order" loaded.
INFO - 2021-02-24 21:44:15 --> Session: Class initialized using 'CodeIgniter\Session\Handlers\FileHandler' driver.
INFO - 2021-02-24 21:44:15 --> Controller "App\Controllers\base\Order" loaded.
INFO - 2021-02-24 21:44:26 --> Session: Class initialized using 'CodeIgniter\Session\Handlers\FileHandler' driver.
INFO - 2021-02-24 21:44:26 --> Controller "App\Controllers\undangan\Undangan" loaded.
INFO - 2021-02-24 21:48:34 --> Controller "App\Controllers\base\Beranda" loaded.
INFO - 2021-02-24 21:48:41 --> Controller "App\Controllers\base\Beranda" loaded.
INFO - 2021-02-24 21:48:41 --> Controller "App\Controllers\base\Beranda" loaded.
INFO - 2021-02-24 21:48:41 --> Controller "App\Controllers\base\Beranda" loaded.
INFO - 2021-02-24 21:51:16 --> Controller "App\Controllers\base\Beranda" loaded.
INFO - 2021-02-24 21:51:26 --> Controller "App\Controllers\base\Beranda" loaded.
INFO - 2021-02-24 21:51:29 --> Controller "App\Controllers\base\Beranda" loaded.
INFO - 2021-02-24 21:51:32 --> Controller "App\Controllers\base\Beranda" loaded.
INFO - 2021-02-24 21:56:50 --> Session: Class initialized using 'CodeIgniter\Session\Handlers\FileHandler' driver.
INFO - 2021-02-24 21:56:50 --> Controller "App\Controllers\undangan\Undangan" loaded.
INFO - 2021-02-24 21:56:53 --> Session: Class initialized using 'CodeIgniter\Session\Handlers\FileHandler' driver.
INFO - 2021-02-24 21:56:53 --> Controller "App\Controllers\base\Dashboard" loaded.
INFO - 2021-02-24 21:57:14 --> Session: Class initialized using 'CodeIgniter\Session\Handlers\FileHandler' driver.
INFO - 2021-02-24 21:57:14 --> Controller "App\Controllers\undangan\Undangan" loaded.
INFO - 2021-02-24 21:57:26 --> Controller "App\Controllers\base\Beranda" loaded.
INFO - 2021-02-24 21:57:43 --> Controller "App\Controllers\base\Beranda" loaded.
INFO - 2021-02-24 21:58:08 --> Session: Class initialized using 'CodeIgniter\Session\Handlers\FileHandler' driver.
INFO - 2021-02-24 21:58:08 --> Controller "App\Controllers\base\Order" loaded.
INFO - 2021-02-24 21:58:08 --> Session: Class initialized using 'CodeIgniter\Session\Handlers\FileHandler' driver.
INFO - 2021-02-24 21:58:08 --> Controller "App\Controllers\base\Order" loaded.
INFO - 2021-02-24 21:58:08 --> Session: Class initialized using 'CodeIgniter\Session\Handlers\FileHandler' driver.
INFO - 2021-02-24 21:58:08 --> Controller "App\Controllers\base\Order" loaded.
INFO - 2021-02-24 21:58:14 --> Session: Class initialized using 'CodeIgniter\Session\Handlers\FileHandler' driver.
INFO - 2021-02-24 21:58:14 --> Controller "App\Controllers\base\Order" loaded.
INFO - 2021-02-24 22:03:31 --> Session: Class initialized using 'CodeIgniter\Session\Handlers\FileHandler' driver.
INFO - 2021-02-24 22:03:31 --> Controller "App\Controllers\admin\Admin" loaded.
INFO - 2021-02-24 22:04:53 --> Session: Class initialized using 'CodeIgniter\Session\Handlers\FileHandler' driver.
INFO - 2021-02-24 22:04:53 --> Controller "App\Controllers\admin\Admin" loaded.
INFO - 2021-02-24 22:04:55 --> Session: Class initialized using 'CodeIgniter\Session\Handlers\FileHandler' driver.
INFO - 2021-02-24 22:04:55 --> Controller "App\Controllers\admin\Admin" loaded.
INFO - 2021-02-24 22:05:06 --> Session: Class initialized using 'CodeIgniter\Session\Handlers\FileHandler' driver.
INFO - 2021-02-24 22:05:06 --> Controller "App\Controllers\admin\Admin" loaded.
INFO - 2021-02-24 22:05:06 --> Session: Class initialized using 'CodeIgniter\Session\Handlers\FileHandler' driver.
INFO - 2021-02-24 22:05:06 --> Controller "App\Controllers\admin\Admin" loaded.
INFO - 2021-02-24 22:06:04 --> Session: Class initialized using 'CodeIgniter\Session\Handlers\FileHandler' driver.
INFO - 2021-02-24 22:06:04 --> Controller "App\Controllers\admin\Admin" loaded.
INFO - 2021-02-24 22:06:07 --> Session: Class initialized using 'CodeIgniter\Session\Handlers\FileHandler' driver.
INFO - 2021-02-24 22:06:07 --> Controller "App\Controllers\admin\Admin" loaded.
INFO - 2021-02-24 22:06:10 --> Session: Class initialized using 'CodeIgniter\Session\Handlers\FileHandler' driver.
INFO - 2021-02-24 22:06:10 --> Controller "App\Controllers\admin\Admin" loaded.
INFO - 2021-02-24 22:06:13 --> Session: Class initialized using 'CodeIgniter\Session\Handlers\FileHandler' driver.
INFO - 2021-02-24 22:06:13 --> Controller "App\Controllers\admin\Admin" loaded.
INFO - 2021-02-24 22:13:03 --> Controller "App\Controllers\base\Beranda" loaded.
INFO - 2021-02-24 22:13:07 --> Controller "App\Controllers\base\Beranda" loaded.
INFO - 2021-02-24 22:13:13 --> Controller "App\Controllers\base\Beranda" loaded.
INFO - 2021-02-24 22:13:27 --> Controller "App\Controllers\base\Beranda" loaded.
INFO - 2021-02-24 23:40:51 --> Controller "App\Controllers\base\Beranda" loaded.
INFO - 2021-02-24 23:40:56 --> Controller "App\Controllers\base\Beranda" loaded.
INFO - 2021-02-24 23:41:00 --> Controller "App\Controllers\base\Beranda" loaded.
INFO - 2021-02-24 23:53:59 --> Session: Class initialized using 'CodeIgniter\Session\Handlers\FileHandler' driver.
INFO - 2021-02-24 23:53:59 --> Controller "App\Controllers\admin\Admin" loaded.
INFO - 2021-02-24 23:54:50 --> Controller "App\Controllers\base\Beranda" loaded.
INFO - 2021-02-24 23:54:51 --> Controller "App\Controllers\base\Beranda" loaded.
INFO - 2021-02-24 23:54:52 --> Controller "App\Controllers\base\Beranda" loaded.
INFO - 2021-02-24 23:54:53 --> Controller "App\Controllers\base\Beranda" loaded.
INFO - 2021-02-24 23:54:54 --> Controller "App\Controllers\base\Beranda" loaded.
INFO - 2021-02-24 23:54:55 --> Controller "App\Controllers\base\Beranda" loaded.
INFO - 2021-02-24 23:54:56 --> Controller "App\Controllers\base\Beranda" loaded.
INFO - 2021-02-24 23:54:57 --> Controller "App\Controllers\base\Beranda" loaded.
INFO - 2021-02-24 23:54:58 --> Controller "App\Controllers\base\Beranda" loaded.
INFO - 2021-02-24 23:54:59 --> Controller "App\Controllers\base\Beranda" loaded.
INFO - 2021-02-24 23:55:00 --> Controller "App\Controllers\base\Beranda" loaded.
INFO - 2021-02-24 23:55:01 --> Controller "App\Controllers\base\Beranda" loaded.
INFO - 2021-02-24 23:55:02 --> Controller "App\Controllers\base\Beranda" loaded.
INFO - 2021-02-24 23:55:03 --> Controller "App\Controllers\base\Beranda" loaded.
INFO - 2021-02-24 23:55:04 --> Controller "App\Controllers\base\Beranda" loaded.
INFO - 2021-02-24 23:55:06 --> Controller "App\Controllers\base\Beranda" loaded.
INFO - 2021-02-24 23:55:08 --> Controller "App\Controllers\base\Beranda" loaded.
INFO - 2021-02-24 23:55:09 --> Controller "App\Controllers\base\Beranda" loaded.
INFO - 2021-02-24 23:55:10 --> Controller "App\Controllers\base\Beranda" loaded.
