INFO - 2022-01-04 00:04:36 --> Controller "App\Controllers\base\Beranda" loaded.
INFO - 2022-01-04 00:48:10 --> Controller "App\Controllers\base\Beranda" loaded.
INFO - 2022-01-04 01:02:51 --> Controller "App\Controllers\base\Beranda" loaded.
INFO - 2022-01-04 03:00:48 --> Controller "App\Controllers\base\Beranda" loaded.
INFO - 2022-01-04 03:39:34 --> Controller "App\Controllers\base\Beranda" loaded.
INFO - 2022-01-04 03:47:06 --> Controller "App\Controllers\base\Beranda" loaded.
INFO - 2022-01-04 04:12:04 --> Session: Class initialized using 'CodeIgniter\Session\Handlers\FileHandler' driver.
INFO - 2022-01-04 04:12:04 --> Controller "App\Controllers\base\Order" loaded.
INFO - 2022-01-04 04:12:13 --> Session: Class initialized using 'CodeIgniter\Session\Handlers\FileHandler' driver.
INFO - 2022-01-04 04:12:13 --> Controller "App\Controllers\base\Order" loaded.
INFO - 2022-01-04 04:12:15 --> Session: Class initialized using 'CodeIgniter\Session\Handlers\FileHandler' driver.
INFO - 2022-01-04 04:12:15 --> Controller "App\Controllers\base\Order" loaded.
INFO - 2022-01-04 04:12:22 --> Controller "App\Controllers\base\Beranda" loaded.
INFO - 2022-01-04 04:35:06 --> Controller "App\Controllers\base\Beranda" loaded.
INFO - 2022-01-04 04:47:00 --> Session: Class initialized using 'CodeIgniter\Session\Handlers\FileHandler' driver.
INFO - 2022-01-04 04:47:00 --> Controller "App\Controllers\admin\Admin" loaded.
INFO - 2022-01-04 04:47:51 --> Session: Class initialized using 'CodeIgniter\Session\Handlers\FileHandler' driver.
INFO - 2022-01-04 04:47:51 --> Controller "App\Controllers\base\Order" loaded.
INFO - 2022-01-04 04:53:24 --> Controller "App\Controllers\base\Beranda" loaded.
INFO - 2022-01-04 05:02:28 --> Controller "App\Controllers\base\Beranda" loaded.
INFO - 2022-01-04 05:12:58 --> Session: Class initialized using 'CodeIgniter\Session\Handlers\FileHandler' driver.
INFO - 2022-01-04 05:12:58 --> Controller "App\Controllers\base\Order" loaded.
INFO - 2022-01-04 05:13:07 --> Session: Class initialized using 'CodeIgniter\Session\Handlers\FileHandler' driver.
INFO - 2022-01-04 05:13:07 --> Controller "App\Controllers\base\Order" loaded.
INFO - 2022-01-04 05:13:09 --> Session: Class initialized using 'CodeIgniter\Session\Handlers\FileHandler' driver.
INFO - 2022-01-04 05:13:09 --> Controller "App\Controllers\base\Order" loaded.
INFO - 2022-01-04 05:13:17 --> Controller "App\Controllers\base\Beranda" loaded.
INFO - 2022-01-04 05:54:00 --> Controller "App\Controllers\base\Beranda" loaded.
INFO - 2022-01-04 05:54:00 --> Controller "App\Controllers\base\Beranda" loaded.
INFO - 2022-01-04 05:54:01 --> Controller "App\Controllers\base\Beranda" loaded.
INFO - 2022-01-04 05:54:01 --> Controller "App\Controllers\base\Beranda" loaded.
INFO - 2022-01-04 05:54:01 --> Controller "App\Controllers\base\Beranda" loaded.
INFO - 2022-01-04 05:54:01 --> Controller "App\Controllers\base\Beranda" loaded.
INFO - 2022-01-04 05:54:01 --> Controller "App\Controllers\base\Beranda" loaded.
INFO - 2022-01-04 05:54:01 --> Controller "App\Controllers\base\Beranda" loaded.
INFO - 2022-01-04 05:54:02 --> Controller "App\Controllers\base\Beranda" loaded.
INFO - 2022-01-04 05:54:02 --> Controller "App\Controllers\base\Beranda" loaded.
INFO - 2022-01-04 05:54:02 --> Controller "App\Controllers\base\Beranda" loaded.
INFO - 2022-01-04 05:54:02 --> Controller "App\Controllers\base\Beranda" loaded.
INFO - 2022-01-04 05:54:02 --> Controller "App\Controllers\base\Beranda" loaded.
INFO - 2022-01-04 05:54:03 --> Controller "App\Controllers\base\Beranda" loaded.
INFO - 2022-01-04 05:54:03 --> Controller "App\Controllers\base\Beranda" loaded.
INFO - 2022-01-04 05:54:03 --> Controller "App\Controllers\base\Beranda" loaded.
INFO - 2022-01-04 05:54:03 --> Controller "App\Controllers\base\Beranda" loaded.
INFO - 2022-01-04 05:54:03 --> Controller "App\Controllers\base\Beranda" loaded.
INFO - 2022-01-04 05:54:03 --> Controller "App\Controllers\base\Beranda" loaded.
INFO - 2022-01-04 06:18:46 --> Session: Class initialized using 'CodeIgniter\Session\Handlers\FileHandler' driver.
INFO - 2022-01-04 06:18:46 --> Controller "App\Controllers\bukutamu\Bukutamu" loaded.
INFO - 2022-01-04 06:53:31 --> Controller "App\Controllers\base\Beranda" loaded.
INFO - 2022-01-04 07:00:03 --> Controller "App\Controllers\base\Beranda" loaded.
INFO - 2022-01-04 07:10:02 --> Controller "App\Controllers\base\Beranda" loaded.
INFO - 2022-01-04 07:20:03 --> Controller "App\Controllers\base\Beranda" loaded.
INFO - 2022-01-04 07:30:03 --> Controller "App\Controllers\base\Beranda" loaded.
INFO - 2022-01-04 07:40:03 --> Controller "App\Controllers\base\Beranda" loaded.
INFO - 2022-01-04 07:50:02 --> Controller "App\Controllers\base\Beranda" loaded.
INFO - 2022-01-04 08:00:03 --> Controller "App\Controllers\base\Beranda" loaded.
INFO - 2022-01-04 08:10:02 --> Controller "App\Controllers\base\Beranda" loaded.
INFO - 2022-01-04 08:20:03 --> Controller "App\Controllers\base\Beranda" loaded.
INFO - 2022-01-04 08:21:30 --> Controller "App\Controllers\base\Beranda" loaded.
INFO - 2022-01-04 08:24:17 --> Controller "App\Controllers\base\Beranda" loaded.
INFO - 2022-01-04 08:27:43 --> Session: Class initialized using 'CodeIgniter\Session\Handlers\FileHandler' driver.
INFO - 2022-01-04 08:27:43 --> Controller "App\Controllers\base\Order" loaded.
INFO - 2022-01-04 08:30:03 --> Controller "App\Controllers\base\Beranda" loaded.
INFO - 2022-01-04 08:30:25 --> Controller "App\Controllers\base\Beranda" loaded.
INFO - 2022-01-04 08:31:30 --> Controller "App\Controllers\base\Beranda" loaded.
INFO - 2022-01-04 08:32:25 --> Controller "App\Controllers\base\Beranda" loaded.
INFO - 2022-01-04 08:40:03 --> Controller "App\Controllers\base\Beranda" loaded.
INFO - 2022-01-04 08:50:03 --> Controller "App\Controllers\base\Beranda" loaded.
INFO - 2022-01-04 09:00:03 --> Controller "App\Controllers\base\Beranda" loaded.
INFO - 2022-01-04 09:10:02 --> Controller "App\Controllers\base\Beranda" loaded.
INFO - 2022-01-04 09:12:39 --> Controller "App\Controllers\base\Beranda" loaded.
CRITICAL - 2022-01-04 09:12:39 --> You must set the database table to be used with your query.
#0 /home/nguh5634/public_html/system/Model.php(1190): CodeIgniter\Database\BaseConnection->table(NULL)
#1 /home/nguh5634/public_html/system/Model.php(1700): CodeIgniter\Model->builder()
#2 /home/nguh5634/public_html/app/Controllers/base/Beranda.php(228): CodeIgniter\Model->__call('get_pembayaran_...', Array)
#3 /home/nguh5634/public_html/system/CodeIgniter.php(910): App\Controllers\base\Beranda->notification()
#4 /home/nguh5634/public_html/system/CodeIgniter.php(398): CodeIgniter\CodeIgniter->runController(Object(App\Controllers\base\Beranda))
#5 /home/nguh5634/public_html/system/CodeIgniter.php(306): CodeIgniter\CodeIgniter->handleRequest(NULL, Object(Config\Cache), false)
#6 /home/nguh5634/public_html/index.php(45): CodeIgniter\CodeIgniter->run()
#7 {main}
INFO - 2022-01-04 09:13:36 --> Controller "App\Controllers\base\Beranda" loaded.
CRITICAL - 2022-01-04 09:13:36 --> You must set the database table to be used with your query.
#0 /home/nguh5634/public_html/system/Model.php(1190): CodeIgniter\Database\BaseConnection->table(NULL)
#1 /home/nguh5634/public_html/system/Model.php(1700): CodeIgniter\Model->builder()
#2 /home/nguh5634/public_html/app/Controllers/base/Beranda.php(228): CodeIgniter\Model->__call('get_pembayaran_...', Array)
#3 /home/nguh5634/public_html/system/CodeIgniter.php(910): App\Controllers\base\Beranda->notification()
#4 /home/nguh5634/public_html/system/CodeIgniter.php(398): CodeIgniter\CodeIgniter->runController(Object(App\Controllers\base\Beranda))
#5 /home/nguh5634/public_html/system/CodeIgniter.php(306): CodeIgniter\CodeIgniter->handleRequest(NULL, Object(Config\Cache), false)
#6 /home/nguh5634/public_html/index.php(45): CodeIgniter\CodeIgniter->run()
#7 {main}
INFO - 2022-01-04 09:20:02 --> Controller "App\Controllers\base\Beranda" loaded.
INFO - 2022-01-04 09:24:02 --> Session: Class initialized using 'CodeIgniter\Session\Handlers\FileHandler' driver.
INFO - 2022-01-04 09:24:02 --> Controller "App\Controllers\undangan\Undangan" loaded.
INFO - 2022-01-04 09:30:03 --> Controller "App\Controllers\base\Beranda" loaded.
INFO - 2022-01-04 09:40:03 --> Controller "App\Controllers\base\Beranda" loaded.
INFO - 2022-01-04 09:50:03 --> Controller "App\Controllers\base\Beranda" loaded.
INFO - 2022-01-04 10:00:03 --> Controller "App\Controllers\base\Beranda" loaded.
INFO - 2022-01-04 10:10:03 --> Controller "App\Controllers\base\Beranda" loaded.
INFO - 2022-01-04 10:20:03 --> Controller "App\Controllers\base\Beranda" loaded.
INFO - 2022-01-04 10:30:03 --> Controller "App\Controllers\base\Beranda" loaded.
INFO - 2022-01-04 10:40:03 --> Controller "App\Controllers\base\Beranda" loaded.
INFO - 2022-01-04 10:50:03 --> Controller "App\Controllers\base\Beranda" loaded.
INFO - 2022-01-04 11:00:09 --> Controller "App\Controllers\base\Beranda" loaded.
INFO - 2022-01-04 11:10:02 --> Controller "App\Controllers\base\Beranda" loaded.
INFO - 2022-01-04 11:20:03 --> Controller "App\Controllers\base\Beranda" loaded.
INFO - 2022-01-04 11:30:03 --> Controller "App\Controllers\base\Beranda" loaded.
INFO - 2022-01-04 11:40:03 --> Controller "App\Controllers\base\Beranda" loaded.
INFO - 2022-01-04 11:46:32 --> Controller "App\Controllers\base\Beranda" loaded.
INFO - 2022-01-04 11:47:02 --> Controller "App\Controllers\base\Beranda" loaded.
INFO - 2022-01-04 11:50:03 --> Controller "App\Controllers\base\Beranda" loaded.
INFO - 2022-01-04 12:00:03 --> Controller "App\Controllers\base\Beranda" loaded.
INFO - 2022-01-04 12:10:03 --> Controller "App\Controllers\base\Beranda" loaded.
INFO - 2022-01-04 12:20:03 --> Controller "App\Controllers\base\Beranda" loaded.
INFO - 2022-01-04 12:30:03 --> Controller "App\Controllers\base\Beranda" loaded.
INFO - 2022-01-04 12:40:03 --> Controller "App\Controllers\base\Beranda" loaded.
INFO - 2022-01-04 12:40:57 --> Controller "App\Controllers\base\Beranda" loaded.
INFO - 2022-01-04 12:47:50 --> Controller "App\Controllers\base\Beranda" loaded.
INFO - 2022-01-04 12:48:01 --> Controller "App\Controllers\base\Beranda" loaded.
INFO - 2022-01-04 12:50:03 --> Controller "App\Controllers\base\Beranda" loaded.
INFO - 2022-01-04 13:00:03 --> Controller "App\Controllers\base\Beranda" loaded.
INFO - 2022-01-04 13:10:03 --> Controller "App\Controllers\base\Beranda" loaded.
INFO - 2022-01-04 13:20:03 --> Controller "App\Controllers\base\Beranda" loaded.
INFO - 2022-01-04 13:22:14 --> Controller "App\Controllers\base\Beranda" loaded.
INFO - 2022-01-04 13:30:03 --> Controller "App\Controllers\base\Beranda" loaded.
INFO - 2022-01-04 13:40:02 --> Controller "App\Controllers\base\Beranda" loaded.
INFO - 2022-01-04 13:50:03 --> Controller "App\Controllers\base\Beranda" loaded.
INFO - 2022-01-04 14:10:03 --> Controller "App\Controllers\base\Beranda" loaded.
INFO - 2022-01-04 14:20:02 --> Controller "App\Controllers\base\Beranda" loaded.
INFO - 2022-01-04 14:30:03 --> Controller "App\Controllers\base\Beranda" loaded.
INFO - 2022-01-04 14:36:19 --> Controller "App\Controllers\base\Beranda" loaded.
INFO - 2022-01-04 14:40:03 --> Controller "App\Controllers\base\Beranda" loaded.
INFO - 2022-01-04 14:50:03 --> Controller "App\Controllers\base\Beranda" loaded.
INFO - 2022-01-04 15:00:03 --> Controller "App\Controllers\base\Beranda" loaded.
INFO - 2022-01-04 15:10:03 --> Controller "App\Controllers\base\Beranda" loaded.
INFO - 2022-01-04 15:16:28 --> Controller "App\Controllers\base\Beranda" loaded.
INFO - 2022-01-04 15:20:03 --> Controller "App\Controllers\base\Beranda" loaded.
INFO - 2022-01-04 15:21:33 --> Controller "App\Controllers\base\Beranda" loaded.
INFO - 2022-01-04 15:22:38 --> Controller "App\Controllers\base\Beranda" loaded.
INFO - 2022-01-04 15:30:02 --> Controller "App\Controllers\base\Beranda" loaded.
INFO - 2022-01-04 15:40:03 --> Controller "App\Controllers\base\Beranda" loaded.
INFO - 2022-01-04 15:43:43 --> Controller "App\Controllers\base\Beranda" loaded.
INFO - 2022-01-04 15:44:08 --> Controller "App\Controllers\base\Beranda" loaded.
INFO - 2022-01-04 15:45:00 --> Controller "App\Controllers\base\Beranda" loaded.
INFO - 2022-01-04 15:46:39 --> Controller "App\Controllers\base\Beranda" loaded.
INFO - 2022-01-04 15:46:39 --> Controller "App\Controllers\base\Beranda" loaded.
INFO - 2022-01-04 15:46:39 --> Controller "App\Controllers\base\Beranda" loaded.
INFO - 2022-01-04 15:50:03 --> Controller "App\Controllers\base\Beranda" loaded.
INFO - 2022-01-04 16:00:03 --> Controller "App\Controllers\base\Beranda" loaded.
INFO - 2022-01-04 16:10:03 --> Controller "App\Controllers\base\Beranda" loaded.
INFO - 2022-01-04 16:20:02 --> Controller "App\Controllers\base\Beranda" loaded.
INFO - 2022-01-04 16:20:23 --> Controller "App\Controllers\base\Beranda" loaded.
INFO - 2022-01-04 16:28:44 --> Controller "App\Controllers\base\Beranda" loaded.
INFO - 2022-01-04 16:30:02 --> Controller "App\Controllers\base\Beranda" loaded.
INFO - 2022-01-04 16:40:03 --> Controller "App\Controllers\base\Beranda" loaded.
INFO - 2022-01-04 16:50:02 --> Controller "App\Controllers\base\Beranda" loaded.
INFO - 2022-01-04 17:00:02 --> Controller "App\Controllers\base\Beranda" loaded.
INFO - 2022-01-04 17:00:38 --> Controller "App\Controllers\base\Beranda" loaded.
INFO - 2022-01-04 17:08:24 --> Controller "App\Controllers\base\Beranda" loaded.
INFO - 2022-01-04 17:10:03 --> Controller "App\Controllers\base\Beranda" loaded.
INFO - 2022-01-04 17:20:02 --> Controller "App\Controllers\base\Beranda" loaded.
INFO - 2022-01-04 17:30:03 --> Controller "App\Controllers\base\Beranda" loaded.
INFO - 2022-01-04 17:39:55 --> Controller "App\Controllers\base\Beranda" loaded.
INFO - 2022-01-04 17:40:02 --> Controller "App\Controllers\base\Beranda" loaded.
INFO - 2022-01-04 17:50:03 --> Controller "App\Controllers\base\Beranda" loaded.
INFO - 2022-01-04 18:00:03 --> Controller "App\Controllers\base\Beranda" loaded.
INFO - 2022-01-04 18:03:35 --> Controller "App\Controllers\base\Beranda" loaded.
INFO - 2022-01-04 18:03:53 --> Controller "App\Controllers\base\Beranda" loaded.
INFO - 2022-01-04 18:04:41 --> Controller "App\Controllers\base\Beranda" loaded.
INFO - 2022-01-04 18:04:45 --> Controller "App\Controllers\base\Beranda" loaded.
INFO - 2022-01-04 18:06:00 --> Controller "App\Controllers\base\Beranda" loaded.
INFO - 2022-01-04 18:09:53 --> Controller "App\Controllers\base\Beranda" loaded.
INFO - 2022-01-04 18:09:59 --> Controller "App\Controllers\base\Beranda" loaded.
INFO - 2022-01-04 18:10:02 --> Controller "App\Controllers\base\Beranda" loaded.
INFO - 2022-01-04 18:20:03 --> Controller "App\Controllers\base\Beranda" loaded.
INFO - 2022-01-04 18:30:03 --> Controller "App\Controllers\base\Beranda" loaded.
INFO - 2022-01-04 18:40:02 --> Controller "App\Controllers\base\Beranda" loaded.
INFO - 2022-01-04 18:50:03 --> Controller "App\Controllers\base\Beranda" loaded.
INFO - 2022-01-04 19:00:03 --> Controller "App\Controllers\base\Beranda" loaded.
INFO - 2022-01-04 19:10:03 --> Controller "App\Controllers\base\Beranda" loaded.
INFO - 2022-01-04 19:20:03 --> Controller "App\Controllers\base\Beranda" loaded.
INFO - 2022-01-04 19:30:03 --> Controller "App\Controllers\base\Beranda" loaded.
INFO - 2022-01-04 19:34:36 --> Controller "App\Controllers\base\Beranda" loaded.
INFO - 2022-01-04 19:40:03 --> Controller "App\Controllers\base\Beranda" loaded.
INFO - 2022-01-04 19:46:17 --> Controller "App\Controllers\base\Beranda" loaded.
INFO - 2022-01-04 19:50:03 --> Controller "App\Controllers\base\Beranda" loaded.
INFO - 2022-01-04 19:57:50 --> Session: Class initialized using 'CodeIgniter\Session\Handlers\FileHandler' driver.
INFO - 2022-01-04 19:57:50 --> Controller "App\Controllers\undangan\Undangan" loaded.
INFO - 2022-01-04 20:00:03 --> Controller "App\Controllers\base\Beranda" loaded.
INFO - 2022-01-04 20:10:03 --> Controller "App\Controllers\base\Beranda" loaded.
INFO - 2022-01-04 20:20:03 --> Controller "App\Controllers\base\Beranda" loaded.
INFO - 2022-01-04 20:30:02 --> Controller "App\Controllers\base\Beranda" loaded.
INFO - 2022-01-04 20:33:15 --> Controller "App\Controllers\base\Beranda" loaded.
INFO - 2022-01-04 20:39:20 --> Session: Class initialized using 'CodeIgniter\Session\Handlers\FileHandler' driver.
INFO - 2022-01-04 20:39:20 --> Controller "App\Controllers\undangan\Undangan" loaded.
INFO - 2022-01-04 20:40:03 --> Controller "App\Controllers\base\Beranda" loaded.
INFO - 2022-01-04 20:50:03 --> Controller "App\Controllers\base\Beranda" loaded.
INFO - 2022-01-04 21:00:02 --> Controller "App\Controllers\base\Beranda" loaded.
INFO - 2022-01-04 21:06:55 --> Controller "App\Controllers\base\Beranda" loaded.
INFO - 2022-01-04 21:10:02 --> Controller "App\Controllers\base\Beranda" loaded.
INFO - 2022-01-04 21:14:59 --> Controller "App\Controllers\base\Beranda" loaded.
INFO - 2022-01-04 21:20:03 --> Controller "App\Controllers\base\Beranda" loaded.
INFO - 2022-01-04 21:30:02 --> Controller "App\Controllers\base\Beranda" loaded.
INFO - 2022-01-04 21:40:03 --> Controller "App\Controllers\base\Beranda" loaded.
INFO - 2022-01-04 21:50:03 --> Controller "App\Controllers\base\Beranda" loaded.
INFO - 2022-01-04 21:51:20 --> Controller "App\Controllers\base\Beranda" loaded.
INFO - 2022-01-04 21:51:41 --> Controller "App\Controllers\base\Beranda" loaded.
INFO - 2022-01-04 22:00:03 --> Controller "App\Controllers\base\Beranda" loaded.
INFO - 2022-01-04 22:10:03 --> Controller "App\Controllers\base\Beranda" loaded.
INFO - 2022-01-04 22:10:28 --> Controller "App\Controllers\base\Beranda" loaded.
INFO - 2022-01-04 22:12:04 --> Controller "App\Controllers\base\Beranda" loaded.
INFO - 2022-01-04 22:14:11 --> Session: Class initialized using 'CodeIgniter\Session\Handlers\FileHandler' driver.
INFO - 2022-01-04 22:14:11 --> Controller "App\Controllers\undangan\Undangan" loaded.
INFO - 2022-01-04 22:18:10 --> Controller "App\Controllers\base\Beranda" loaded.
INFO - 2022-01-04 22:20:03 --> Controller "App\Controllers\base\Beranda" loaded.
INFO - 2022-01-04 22:23:52 --> Controller "App\Controllers\base\Beranda" loaded.
INFO - 2022-01-04 22:25:06 --> Controller "App\Controllers\base\Beranda" loaded.
INFO - 2022-01-04 22:30:03 --> Controller "App\Controllers\base\Beranda" loaded.
INFO - 2022-01-04 22:32:35 --> Controller "App\Controllers\base\Beranda" loaded.
INFO - 2022-01-04 22:40:02 --> Controller "App\Controllers\base\Beranda" loaded.
INFO - 2022-01-04 22:43:03 --> Controller "App\Controllers\base\Beranda" loaded.
INFO - 2022-01-04 22:50:03 --> Controller "App\Controllers\base\Beranda" loaded.
INFO - 2022-01-04 23:22:34 --> Controller "App\Controllers\base\Beranda" loaded.
