INFO - 2021-08-12 01:56:11 --> Controller "App\Controllers\base\Beranda" loaded.
INFO - 2021-08-12 04:59:05 --> Controller "App\Controllers\base\Beranda" loaded.
INFO - 2021-08-12 04:59:08 --> Controller "App\Controllers\base\Beranda" loaded.
INFO - 2021-08-12 04:59:11 --> Controller "App\Controllers\base\Beranda" loaded.
INFO - 2021-08-12 04:59:15 --> Controller "App\Controllers\base\Beranda" loaded.
INFO - 2021-08-12 04:59:19 --> Controller "App\Controllers\base\Beranda" loaded.
INFO - 2021-08-12 04:59:22 --> Controller "App\Controllers\base\Beranda" loaded.
INFO - 2021-08-12 04:59:25 --> Session: Class initialized using 'CodeIgniter\Session\Handlers\FileHandler' driver.
INFO - 2021-08-12 04:59:25 --> Controller "App\Controllers\base\Lupa_password" loaded.
INFO - 2021-08-12 04:59:27 --> Session: Class initialized using 'CodeIgniter\Session\Handlers\FileHandler' driver.
INFO - 2021-08-12 04:59:27 --> Controller "App\Controllers\base\Order" loaded.
INFO - 2021-08-12 04:59:30 --> Session: Class initialized using 'CodeIgniter\Session\Handlers\FileHandler' driver.
INFO - 2021-08-12 04:59:30 --> Controller "App\Controllers\base\Order" loaded.
INFO - 2021-08-12 04:59:33 --> Session: Class initialized using 'CodeIgniter\Session\Handlers\FileHandler' driver.
INFO - 2021-08-12 04:59:33 --> Controller "App\Controllers\base\Order" loaded.
INFO - 2021-08-12 04:59:36 --> Session: Class initialized using 'CodeIgniter\Session\Handlers\FileHandler' driver.
INFO - 2021-08-12 04:59:36 --> Controller "App\Controllers\base\Order" loaded.
INFO - 2021-08-12 04:59:39 --> Session: Class initialized using 'CodeIgniter\Session\Handlers\FileHandler' driver.
INFO - 2021-08-12 04:59:39 --> Controller "App\Controllers\base\Order" loaded.
INFO - 2021-08-12 04:59:42 --> Session: Class initialized using 'CodeIgniter\Session\Handlers\FileHandler' driver.
INFO - 2021-08-12 04:59:42 --> Controller "App\Controllers\base\Order" loaded.
INFO - 2021-08-12 05:01:14 --> Controller "App\Controllers\base\Beranda" loaded.
INFO - 2021-08-12 06:20:50 --> Controller "App\Controllers\base\Beranda" loaded.
INFO - 2021-08-12 06:42:05 --> Controller "App\Controllers\base\Beranda" loaded.
INFO - 2021-08-12 07:00:08 --> Controller "App\Controllers\base\Beranda" loaded.
INFO - 2021-08-12 07:10:02 --> Controller "App\Controllers\base\Beranda" loaded.
INFO - 2021-08-12 07:20:02 --> Controller "App\Controllers\base\Beranda" loaded.
INFO - 2021-08-12 07:30:02 --> Controller "App\Controllers\base\Beranda" loaded.
INFO - 2021-08-12 07:40:03 --> Controller "App\Controllers\base\Beranda" loaded.
INFO - 2021-08-12 07:50:03 --> Controller "App\Controllers\base\Beranda" loaded.
INFO - 2021-08-12 08:00:02 --> Controller "App\Controllers\base\Beranda" loaded.
INFO - 2021-08-12 08:10:02 --> Controller "App\Controllers\base\Beranda" loaded.
INFO - 2021-08-12 08:20:03 --> Controller "App\Controllers\base\Beranda" loaded.
INFO - 2021-08-12 08:22:30 --> Controller "App\Controllers\base\Beranda" loaded.
INFO - 2021-08-12 08:22:42 --> Controller "App\Controllers\base\Beranda" loaded.
INFO - 2021-08-12 08:30:02 --> Controller "App\Controllers\base\Beranda" loaded.
INFO - 2021-08-12 08:40:02 --> Controller "App\Controllers\base\Beranda" loaded.
INFO - 2021-08-12 08:46:17 --> Controller "App\Controllers\base\Beranda" loaded.
INFO - 2021-08-12 08:46:46 --> Controller "App\Controllers\base\Beranda" loaded.
INFO - 2021-08-12 08:50:02 --> Controller "App\Controllers\base\Beranda" loaded.
INFO - 2021-08-12 09:00:02 --> Controller "App\Controllers\base\Beranda" loaded.
INFO - 2021-08-12 09:08:38 --> Controller "App\Controllers\base\Beranda" loaded.
INFO - 2021-08-12 09:10:02 --> Controller "App\Controllers\base\Beranda" loaded.
INFO - 2021-08-12 09:20:03 --> Controller "App\Controllers\base\Beranda" loaded.
INFO - 2021-08-12 09:30:02 --> Controller "App\Controllers\base\Beranda" loaded.
INFO - 2021-08-12 09:40:02 --> Controller "App\Controllers\base\Beranda" loaded.
INFO - 2021-08-12 09:50:02 --> Controller "App\Controllers\base\Beranda" loaded.
INFO - 2021-08-12 10:00:02 --> Controller "App\Controllers\base\Beranda" loaded.
INFO - 2021-08-12 10:10:03 --> Controller "App\Controllers\base\Beranda" loaded.
INFO - 2021-08-12 10:20:03 --> Controller "App\Controllers\base\Beranda" loaded.
INFO - 2021-08-12 10:30:02 --> Controller "App\Controllers\base\Beranda" loaded.
INFO - 2021-08-12 10:40:03 --> Controller "App\Controllers\base\Beranda" loaded.
INFO - 2021-08-12 10:50:02 --> Controller "App\Controllers\base\Beranda" loaded.
INFO - 2021-08-12 11:00:02 --> Controller "App\Controllers\base\Beranda" loaded.
INFO - 2021-08-12 11:10:02 --> Controller "App\Controllers\base\Beranda" loaded.
INFO - 2021-08-12 11:17:19 --> Session: Class initialized using 'CodeIgniter\Session\Handlers\FileHandler' driver.
INFO - 2021-08-12 11:17:19 --> Controller "App\Controllers\base\Order" loaded.
INFO - 2021-08-12 11:20:03 --> Controller "App\Controllers\base\Beranda" loaded.
INFO - 2021-08-12 11:30:02 --> Controller "App\Controllers\base\Beranda" loaded.
INFO - 2021-08-12 11:40:02 --> Controller "App\Controllers\base\Beranda" loaded.
INFO - 2021-08-12 11:50:02 --> Controller "App\Controllers\base\Beranda" loaded.
INFO - 2021-08-12 12:00:03 --> Controller "App\Controllers\base\Beranda" loaded.
INFO - 2021-08-12 12:10:02 --> Controller "App\Controllers\base\Beranda" loaded.
INFO - 2021-08-12 12:10:58 --> Controller "App\Controllers\base\Beranda" loaded.
INFO - 2021-08-12 12:20:02 --> Controller "App\Controllers\base\Beranda" loaded.
INFO - 2021-08-12 12:30:02 --> Controller "App\Controllers\base\Beranda" loaded.
INFO - 2021-08-12 12:40:02 --> Controller "App\Controllers\base\Beranda" loaded.
INFO - 2021-08-12 12:50:02 --> Controller "App\Controllers\base\Beranda" loaded.
INFO - 2021-08-12 13:00:02 --> Controller "App\Controllers\base\Beranda" loaded.
INFO - 2021-08-12 13:10:02 --> Controller "App\Controllers\base\Beranda" loaded.
INFO - 2021-08-12 13:20:03 --> Controller "App\Controllers\base\Beranda" loaded.
INFO - 2021-08-12 13:30:02 --> Controller "App\Controllers\base\Beranda" loaded.
INFO - 2021-08-12 13:40:02 --> Controller "App\Controllers\base\Beranda" loaded.
INFO - 2021-08-12 13:50:02 --> Controller "App\Controllers\base\Beranda" loaded.
INFO - 2021-08-12 13:51:55 --> Controller "App\Controllers\base\Beranda" loaded.
INFO - 2021-08-12 13:52:19 --> Controller "App\Controllers\base\Beranda" loaded.
INFO - 2021-08-12 13:52:19 --> Controller "App\Controllers\base\Beranda" loaded.
INFO - 2021-08-12 13:52:19 --> Controller "App\Controllers\base\Beranda" loaded.
INFO - 2021-08-12 13:52:20 --> Controller "App\Controllers\base\Beranda" loaded.
INFO - 2021-08-12 13:52:20 --> Controller "App\Controllers\base\Beranda" loaded.
INFO - 2021-08-12 13:52:20 --> Controller "App\Controllers\base\Beranda" loaded.
INFO - 2021-08-12 13:52:20 --> Controller "App\Controllers\base\Beranda" loaded.
INFO - 2021-08-12 13:52:20 --> Session: Class initialized using 'CodeIgniter\Session\Handlers\FileHandler' driver.
INFO - 2021-08-12 13:52:20 --> Controller "App\Controllers\undangan\Undangan" loaded.
INFO - 2021-08-12 13:52:20 --> Session: Class initialized using 'CodeIgniter\Session\Handlers\FileHandler' driver.
INFO - 2021-08-12 13:52:20 --> Controller "App\Controllers\undangan\Undangan" loaded.
INFO - 2021-08-12 13:52:20 --> Session: Class initialized using 'CodeIgniter\Session\Handlers\FileHandler' driver.
INFO - 2021-08-12 13:52:20 --> Controller "App\Controllers\undangan\Undangan" loaded.
INFO - 2021-08-12 13:52:20 --> Session: Class initialized using 'CodeIgniter\Session\Handlers\FileHandler' driver.
INFO - 2021-08-12 13:52:20 --> Controller "App\Controllers\bukutamu\Bukutamu" loaded.
INFO - 2021-08-12 13:52:20 --> Session: Class initialized using 'CodeIgniter\Session\Handlers\FileHandler' driver.
INFO - 2021-08-12 13:52:20 --> Controller "App\Controllers\bukutamu\Bukutamu" loaded.
INFO - 2021-08-12 13:52:20 --> Session: Class initialized using 'CodeIgniter\Session\Handlers\FileHandler' driver.
INFO - 2021-08-12 13:52:20 --> Controller "App\Controllers\bukutamu\Bukutamu" loaded.
INFO - 2021-08-12 13:52:20 --> Controller "App\Controllers\base\Beranda" loaded.
INFO - 2021-08-12 13:52:20 --> Controller "App\Controllers\base\Beranda" loaded.
INFO - 2021-08-12 13:52:21 --> Controller "App\Controllers\base\Beranda" loaded.
INFO - 2021-08-12 13:52:21 --> Session: Class initialized using 'CodeIgniter\Session\Handlers\FileHandler' driver.
INFO - 2021-08-12 13:52:21 --> Controller "App\Controllers\undangan\Undangan" loaded.
INFO - 2021-08-12 13:52:22 --> Session: Class initialized using 'CodeIgniter\Session\Handlers\FileHandler' driver.
INFO - 2021-08-12 13:52:22 --> Controller "App\Controllers\bukutamu\Bukutamu" loaded.
INFO - 2021-08-12 13:52:28 --> Session: Class initialized using 'CodeIgniter\Session\Handlers\FileHandler' driver.
INFO - 2021-08-12 13:52:28 --> Controller "App\Controllers\undangan\Undangan" loaded.
INFO - 2021-08-12 13:54:02 --> Session: Class initialized using 'CodeIgniter\Session\Handlers\FileHandler' driver.
INFO - 2021-08-12 13:54:02 --> Controller "App\Controllers\bukutamu\Bukutamu" loaded.
INFO - 2021-08-12 14:00:02 --> Controller "App\Controllers\base\Beranda" loaded.
INFO - 2021-08-12 14:10:02 --> Controller "App\Controllers\base\Beranda" loaded.
INFO - 2021-08-12 14:20:02 --> Controller "App\Controllers\base\Beranda" loaded.
INFO - 2021-08-12 14:28:33 --> Session: Class initialized using 'CodeIgniter\Session\Handlers\FileHandler' driver.
INFO - 2021-08-12 14:28:33 --> Controller "App\Controllers\undangan\Undangan" loaded.
INFO - 2021-08-12 14:28:57 --> Controller "App\Controllers\base\Beranda" loaded.
INFO - 2021-08-12 14:30:03 --> Controller "App\Controllers\base\Beranda" loaded.
INFO - 2021-08-12 14:31:25 --> Controller "App\Controllers\base\Beranda" loaded.
INFO - 2021-08-12 14:32:07 --> Session: Class initialized using 'CodeIgniter\Session\Handlers\FileHandler' driver.
INFO - 2021-08-12 14:32:07 --> Controller "App\Controllers\undangan\Undangan" loaded.
INFO - 2021-08-12 14:34:05 --> Session: Class initialized using 'CodeIgniter\Session\Handlers\FileHandler' driver.
INFO - 2021-08-12 14:34:05 --> Controller "App\Controllers\bukutamu\Bukutamu" loaded.
INFO - 2021-08-12 14:38:08 --> Controller "App\Controllers\base\Beranda" loaded.
INFO - 2021-08-12 14:40:02 --> Controller "App\Controllers\base\Beranda" loaded.
INFO - 2021-08-12 14:41:18 --> Controller "App\Controllers\base\Beranda" loaded.
INFO - 2021-08-12 14:50:02 --> Controller "App\Controllers\base\Beranda" loaded.
INFO - 2021-08-12 15:00:02 --> Controller "App\Controllers\base\Beranda" loaded.
INFO - 2021-08-12 15:10:02 --> Controller "App\Controllers\base\Beranda" loaded.
INFO - 2021-08-12 15:19:37 --> Controller "App\Controllers\base\Beranda" loaded.
INFO - 2021-08-12 15:20:01 --> Controller "App\Controllers\base\Beranda" loaded.
INFO - 2021-08-12 15:30:02 --> Controller "App\Controllers\base\Beranda" loaded.
INFO - 2021-08-12 15:40:03 --> Controller "App\Controllers\base\Beranda" loaded.
INFO - 2021-08-12 15:50:03 --> Controller "App\Controllers\base\Beranda" loaded.
INFO - 2021-08-12 16:00:02 --> Controller "App\Controllers\base\Beranda" loaded.
INFO - 2021-08-12 16:10:02 --> Controller "App\Controllers\base\Beranda" loaded.
INFO - 2021-08-12 16:20:02 --> Controller "App\Controllers\base\Beranda" loaded.
INFO - 2021-08-12 16:30:03 --> Controller "App\Controllers\base\Beranda" loaded.
INFO - 2021-08-12 16:40:03 --> Controller "App\Controllers\base\Beranda" loaded.
INFO - 2021-08-12 16:50:03 --> Controller "App\Controllers\base\Beranda" loaded.
INFO - 2021-08-12 17:00:03 --> Controller "App\Controllers\base\Beranda" loaded.
INFO - 2021-08-12 17:00:06 --> Session: Class initialized using 'CodeIgniter\Session\Handlers\FileHandler' driver.
INFO - 2021-08-12 17:00:06 --> Controller "App\Controllers\undangan\Undangan" loaded.
INFO - 2021-08-12 17:04:38 --> Session: Class initialized using 'CodeIgniter\Session\Handlers\FileHandler' driver.
INFO - 2021-08-12 17:04:38 --> Controller "App\Controllers\undangan\Undangan" loaded.
INFO - 2021-08-12 17:10:02 --> Controller "App\Controllers\base\Beranda" loaded.
INFO - 2021-08-12 17:20:02 --> Controller "App\Controllers\base\Beranda" loaded.
INFO - 2021-08-12 17:30:03 --> Controller "App\Controllers\base\Beranda" loaded.
INFO - 2021-08-12 17:40:02 --> Controller "App\Controllers\base\Beranda" loaded.
INFO - 2021-08-12 17:44:30 --> Session: Class initialized using 'CodeIgniter\Session\Handlers\FileHandler' driver.
INFO - 2021-08-12 17:44:30 --> Controller "App\Controllers\undangan\Undangan" loaded.
INFO - 2021-08-12 17:45:12 --> Session: Class initialized using 'CodeIgniter\Session\Handlers\FileHandler' driver.
INFO - 2021-08-12 17:45:12 --> Controller "App\Controllers\undangan\Undangan" loaded.
INFO - 2021-08-12 17:50:02 --> Controller "App\Controllers\base\Beranda" loaded.
INFO - 2021-08-12 18:00:03 --> Controller "App\Controllers\base\Beranda" loaded.
INFO - 2021-08-12 18:10:02 --> Controller "App\Controllers\base\Beranda" loaded.
INFO - 2021-08-12 18:20:02 --> Controller "App\Controllers\base\Beranda" loaded.
INFO - 2021-08-12 18:29:06 --> Controller "App\Controllers\base\Beranda" loaded.
INFO - 2021-08-12 18:29:25 --> Controller "App\Controllers\base\Beranda" loaded.
INFO - 2021-08-12 18:30:02 --> Controller "App\Controllers\base\Beranda" loaded.
INFO - 2021-08-12 18:40:03 --> Controller "App\Controllers\base\Beranda" loaded.
INFO - 2021-08-12 18:50:02 --> Controller "App\Controllers\base\Beranda" loaded.
INFO - 2021-08-12 19:00:03 --> Controller "App\Controllers\base\Beranda" loaded.
INFO - 2021-08-12 19:10:02 --> Controller "App\Controllers\base\Beranda" loaded.
INFO - 2021-08-12 19:20:03 --> Controller "App\Controllers\base\Beranda" loaded.
INFO - 2021-08-12 19:30:02 --> Controller "App\Controllers\base\Beranda" loaded.
INFO - 2021-08-12 19:40:03 --> Controller "App\Controllers\base\Beranda" loaded.
INFO - 2021-08-12 19:50:03 --> Controller "App\Controllers\base\Beranda" loaded.
INFO - 2021-08-12 20:00:02 --> Controller "App\Controllers\base\Beranda" loaded.
INFO - 2021-08-12 20:10:03 --> Controller "App\Controllers\base\Beranda" loaded.
INFO - 2021-08-12 20:20:02 --> Controller "App\Controllers\base\Beranda" loaded.
INFO - 2021-08-12 20:27:50 --> Controller "App\Controllers\base\Beranda" loaded.
INFO - 2021-08-12 20:27:50 --> Controller "App\Controllers\base\Beranda" loaded.
INFO - 2021-08-12 20:27:50 --> Controller "App\Controllers\base\Beranda" loaded.
INFO - 2021-08-12 20:30:03 --> Controller "App\Controllers\base\Beranda" loaded.
INFO - 2021-08-12 20:40:02 --> Controller "App\Controllers\base\Beranda" loaded.
INFO - 2021-08-12 20:50:02 --> Controller "App\Controllers\base\Beranda" loaded.
INFO - 2021-08-12 21:00:02 --> Controller "App\Controllers\base\Beranda" loaded.
INFO - 2021-08-12 21:10:02 --> Controller "App\Controllers\base\Beranda" loaded.
INFO - 2021-08-12 21:20:03 --> Controller "App\Controllers\base\Beranda" loaded.
INFO - 2021-08-12 21:30:02 --> Controller "App\Controllers\base\Beranda" loaded.
INFO - 2021-08-12 21:40:02 --> Controller "App\Controllers\base\Beranda" loaded.
INFO - 2021-08-12 21:50:02 --> Controller "App\Controllers\base\Beranda" loaded.
INFO - 2021-08-12 21:54:46 --> Session: Class initialized using 'CodeIgniter\Session\Handlers\FileHandler' driver.
INFO - 2021-08-12 21:54:46 --> Controller "App\Controllers\base\Order" loaded.
INFO - 2021-08-12 21:57:24 --> Session: Class initialized using 'CodeIgniter\Session\Handlers\FileHandler' driver.
INFO - 2021-08-12 21:57:24 --> Controller "App\Controllers\undangan\Undangan" loaded.
INFO - 2021-08-12 23:29:36 --> Controller "App\Controllers\base\Beranda" loaded.
