INFO - 2021-05-07 00:06:38 --> Session: Class initialized using 'CodeIgniter\Session\Handlers\FileHandler' driver.
INFO - 2021-05-07 00:06:38 --> Controller "App\Controllers\undangan\Undangan" loaded.
INFO - 2021-05-07 00:34:55 --> Controller "App\Controllers\base\Beranda" loaded.
INFO - 2021-05-07 00:34:55 --> Session: Class initialized using 'CodeIgniter\Session\Handlers\FileHandler' driver.
INFO - 2021-05-07 00:34:55 --> Controller "App\Controllers\undangan\Undangan" loaded.
INFO - 2021-05-07 00:34:57 --> Session: Class initialized using 'CodeIgniter\Session\Handlers\FileHandler' driver.
INFO - 2021-05-07 00:34:57 --> Controller "App\Controllers\undangan\Undangan" loaded.
INFO - 2021-05-07 00:34:58 --> Controller "App\Controllers\base\Beranda" loaded.
INFO - 2021-05-07 00:35:01 --> Controller "App\Controllers\base\Beranda" loaded.
INFO - 2021-05-07 00:35:04 --> Controller "App\Controllers\base\Beranda" loaded.
INFO - 2021-05-07 00:35:12 --> Controller "App\Controllers\base\Beranda" loaded.
INFO - 2021-05-07 00:35:15 --> Controller "App\Controllers\base\Beranda" loaded.
INFO - 2021-05-07 00:35:19 --> Session: Class initialized using 'CodeIgniter\Session\Handlers\FileHandler' driver.
INFO - 2021-05-07 00:35:19 --> Controller "App\Controllers\base\Dashboard" loaded.
INFO - 2021-05-07 00:35:22 --> Session: Class initialized using 'CodeIgniter\Session\Handlers\FileHandler' driver.
INFO - 2021-05-07 00:35:22 --> Controller "App\Controllers\base\Order" loaded.
INFO - 2021-05-07 00:35:23 --> Controller "App\Controllers\base\Beranda" loaded.
INFO - 2021-05-07 00:35:27 --> Session: Class initialized using 'CodeIgniter\Session\Handlers\FileHandler' driver.
INFO - 2021-05-07 00:35:27 --> Controller "App\Controllers\base\Order" loaded.
INFO - 2021-05-07 00:35:30 --> Session: Class initialized using 'CodeIgniter\Session\Handlers\FileHandler' driver.
INFO - 2021-05-07 00:35:30 --> Controller "App\Controllers\base\Order" loaded.
INFO - 2021-05-07 00:35:33 --> Session: Class initialized using 'CodeIgniter\Session\Handlers\FileHandler' driver.
INFO - 2021-05-07 00:35:33 --> Controller "App\Controllers\base\Order" loaded.
INFO - 2021-05-07 00:35:36 --> Session: Class initialized using 'CodeIgniter\Session\Handlers\FileHandler' driver.
INFO - 2021-05-07 00:35:36 --> Controller "App\Controllers\base\Order" loaded.
INFO - 2021-05-07 00:35:41 --> Controller "App\Controllers\base\Beranda" loaded.
INFO - 2021-05-07 00:54:41 --> Session: Class initialized using 'CodeIgniter\Session\Handlers\FileHandler' driver.
INFO - 2021-05-07 00:54:41 --> Controller "App\Controllers\undangan\Undangan" loaded.
INFO - 2021-05-07 02:38:06 --> Controller "App\Controllers\base\Beranda" loaded.
INFO - 2021-05-07 02:58:15 --> Controller "App\Controllers\base\Beranda" loaded.
INFO - 2021-05-07 03:10:55 --> Session: Class initialized using 'CodeIgniter\Session\Handlers\FileHandler' driver.
INFO - 2021-05-07 03:10:55 --> Controller "App\Controllers\bukutamu\Bukutamu" loaded.
INFO - 2021-05-07 03:11:33 --> Session: Class initialized using 'CodeIgniter\Session\Handlers\FileHandler' driver.
INFO - 2021-05-07 03:11:33 --> Controller "App\Controllers\undangan\Undangan" loaded.
INFO - 2021-05-07 03:11:47 --> Session: Class initialized using 'CodeIgniter\Session\Handlers\FileHandler' driver.
INFO - 2021-05-07 03:11:47 --> Controller "App\Controllers\bukutamu\Bukutamu" loaded.
INFO - 2021-05-07 03:11:53 --> Session: Class initialized using 'CodeIgniter\Session\Handlers\FileHandler' driver.
INFO - 2021-05-07 03:11:53 --> Controller "App\Controllers\bukutamu\Bukutamu" loaded.
INFO - 2021-05-07 03:11:54 --> Session: Class initialized using 'CodeIgniter\Session\Handlers\FileHandler' driver.
INFO - 2021-05-07 03:11:54 --> Controller "App\Controllers\bukutamu\Bukutamu" loaded.
INFO - 2021-05-07 03:15:40 --> Session: Class initialized using 'CodeIgniter\Session\Handlers\FileHandler' driver.
INFO - 2021-05-07 03:15:40 --> Controller "App\Controllers\bukutamu\Bukutamu" loaded.
INFO - 2021-05-07 03:15:52 --> Session: Class initialized using 'CodeIgniter\Session\Handlers\FileHandler' driver.
INFO - 2021-05-07 03:15:52 --> Controller "App\Controllers\undangan\Undangan" loaded.
INFO - 2021-05-07 03:15:58 --> Session: Class initialized using 'CodeIgniter\Session\Handlers\FileHandler' driver.
INFO - 2021-05-07 03:15:58 --> Controller "App\Controllers\bukutamu\Bukutamu" loaded.
INFO - 2021-05-07 03:16:05 --> Session: Class initialized using 'CodeIgniter\Session\Handlers\FileHandler' driver.
INFO - 2021-05-07 03:16:05 --> Controller "App\Controllers\bukutamu\Bukutamu" loaded.
INFO - 2021-05-07 03:16:05 --> Session: Class initialized using 'CodeIgniter\Session\Handlers\FileHandler' driver.
INFO - 2021-05-07 03:16:05 --> Controller "App\Controllers\bukutamu\Bukutamu" loaded.
INFO - 2021-05-07 03:23:31 --> Session: Class initialized using 'CodeIgniter\Session\Handlers\FileHandler' driver.
INFO - 2021-05-07 03:23:31 --> Controller "App\Controllers\bukutamu\Bukutamu" loaded.
INFO - 2021-05-07 03:23:36 --> Session: Class initialized using 'CodeIgniter\Session\Handlers\FileHandler' driver.
INFO - 2021-05-07 03:23:36 --> Controller "App\Controllers\bukutamu\Bukutamu" loaded.
INFO - 2021-05-07 03:23:46 --> Session: Class initialized using 'CodeIgniter\Session\Handlers\FileHandler' driver.
INFO - 2021-05-07 03:23:46 --> Controller "App\Controllers\bukutamu\Bukutamu" loaded.
INFO - 2021-05-07 03:23:56 --> Session: Class initialized using 'CodeIgniter\Session\Handlers\FileHandler' driver.
INFO - 2021-05-07 03:23:56 --> Controller "App\Controllers\bukutamu\Bukutamu" loaded.
INFO - 2021-05-07 03:23:56 --> Session: Class initialized using 'CodeIgniter\Session\Handlers\FileHandler' driver.
INFO - 2021-05-07 03:23:56 --> Controller "App\Controllers\bukutamu\Bukutamu" loaded.
INFO - 2021-05-07 03:47:25 --> Session: Class initialized using 'CodeIgniter\Session\Handlers\FileHandler' driver.
INFO - 2021-05-07 03:47:25 --> Controller "App\Controllers\bukutamu\Bukutamu" loaded.
INFO - 2021-05-07 03:47:32 --> Session: Class initialized using 'CodeIgniter\Session\Handlers\FileHandler' driver.
INFO - 2021-05-07 03:47:32 --> Controller "App\Controllers\bukutamu\Bukutamu" loaded.
INFO - 2021-05-07 03:47:38 --> Session: Class initialized using 'CodeIgniter\Session\Handlers\FileHandler' driver.
INFO - 2021-05-07 03:47:38 --> Controller "App\Controllers\bukutamu\Bukutamu" loaded.
INFO - 2021-05-07 03:47:44 --> Session: Class initialized using 'CodeIgniter\Session\Handlers\FileHandler' driver.
INFO - 2021-05-07 03:47:44 --> Controller "App\Controllers\bukutamu\Bukutamu" loaded.
INFO - 2021-05-07 03:47:45 --> Session: Class initialized using 'CodeIgniter\Session\Handlers\FileHandler' driver.
INFO - 2021-05-07 03:47:45 --> Controller "App\Controllers\bukutamu\Bukutamu" loaded.
INFO - 2021-05-07 03:58:27 --> Session: Class initialized using 'CodeIgniter\Session\Handlers\FileHandler' driver.
INFO - 2021-05-07 03:58:27 --> Controller "App\Controllers\bukutamu\Bukutamu" loaded.
INFO - 2021-05-07 03:58:29 --> Session: Class initialized using 'CodeIgniter\Session\Handlers\FileHandler' driver.
INFO - 2021-05-07 03:58:29 --> Controller "App\Controllers\bukutamu\Bukutamu" loaded.
INFO - 2021-05-07 03:58:44 --> Session: Class initialized using 'CodeIgniter\Session\Handlers\FileHandler' driver.
INFO - 2021-05-07 03:58:44 --> Controller "App\Controllers\bukutamu\Bukutamu" loaded.
INFO - 2021-05-07 03:58:51 --> Session: Class initialized using 'CodeIgniter\Session\Handlers\FileHandler' driver.
INFO - 2021-05-07 03:58:51 --> Controller "App\Controllers\bukutamu\Bukutamu" loaded.
INFO - 2021-05-07 03:58:51 --> Session: Class initialized using 'CodeIgniter\Session\Handlers\FileHandler' driver.
INFO - 2021-05-07 03:58:51 --> Controller "App\Controllers\bukutamu\Bukutamu" loaded.
INFO - 2021-05-07 04:08:54 --> Session: Class initialized using 'CodeIgniter\Session\Handlers\FileHandler' driver.
INFO - 2021-05-07 04:08:54 --> Controller "App\Controllers\bukutamu\Bukutamu" loaded.
INFO - 2021-05-07 04:08:55 --> Session: Class initialized using 'CodeIgniter\Session\Handlers\FileHandler' driver.
INFO - 2021-05-07 04:08:55 --> Controller "App\Controllers\bukutamu\Bukutamu" loaded.
INFO - 2021-05-07 04:09:28 --> Session: Class initialized using 'CodeIgniter\Session\Handlers\FileHandler' driver.
INFO - 2021-05-07 04:09:28 --> Controller "App\Controllers\bukutamu\Bukutamu" loaded.
INFO - 2021-05-07 04:09:34 --> Session: Class initialized using 'CodeIgniter\Session\Handlers\FileHandler' driver.
INFO - 2021-05-07 04:09:34 --> Controller "App\Controllers\undangan\Undangan" loaded.
INFO - 2021-05-07 04:09:45 --> Session: Class initialized using 'CodeIgniter\Session\Handlers\FileHandler' driver.
INFO - 2021-05-07 04:09:45 --> Controller "App\Controllers\bukutamu\Bukutamu" loaded.
INFO - 2021-05-07 04:09:53 --> Session: Class initialized using 'CodeIgniter\Session\Handlers\FileHandler' driver.
INFO - 2021-05-07 04:09:53 --> Controller "App\Controllers\bukutamu\Bukutamu" loaded.
INFO - 2021-05-07 04:09:53 --> Session: Class initialized using 'CodeIgniter\Session\Handlers\FileHandler' driver.
INFO - 2021-05-07 04:09:53 --> Controller "App\Controllers\bukutamu\Bukutamu" loaded.
INFO - 2021-05-07 04:13:13 --> Session: Class initialized using 'CodeIgniter\Session\Handlers\FileHandler' driver.
INFO - 2021-05-07 04:13:13 --> Controller "App\Controllers\bukutamu\Bukutamu" loaded.
INFO - 2021-05-07 04:13:27 --> Session: Class initialized using 'CodeIgniter\Session\Handlers\FileHandler' driver.
INFO - 2021-05-07 04:13:27 --> Controller "App\Controllers\bukutamu\Bukutamu" loaded.
INFO - 2021-05-07 04:13:33 --> Session: Class initialized using 'CodeIgniter\Session\Handlers\FileHandler' driver.
INFO - 2021-05-07 04:13:33 --> Controller "App\Controllers\bukutamu\Bukutamu" loaded.
INFO - 2021-05-07 04:13:33 --> Session: Class initialized using 'CodeIgniter\Session\Handlers\FileHandler' driver.
INFO - 2021-05-07 04:13:33 --> Controller "App\Controllers\bukutamu\Bukutamu" loaded.
INFO - 2021-05-07 04:14:24 --> Session: Class initialized using 'CodeIgniter\Session\Handlers\FileHandler' driver.
INFO - 2021-05-07 04:14:24 --> Controller "App\Controllers\bukutamu\Bukutamu" loaded.
INFO - 2021-05-07 04:14:31 --> Session: Class initialized using 'CodeIgniter\Session\Handlers\FileHandler' driver.
INFO - 2021-05-07 04:14:31 --> Controller "App\Controllers\bukutamu\Bukutamu" loaded.
INFO - 2021-05-07 04:14:38 --> Session: Class initialized using 'CodeIgniter\Session\Handlers\FileHandler' driver.
INFO - 2021-05-07 04:14:38 --> Controller "App\Controllers\bukutamu\Bukutamu" loaded.
INFO - 2021-05-07 04:14:38 --> Session: Class initialized using 'CodeIgniter\Session\Handlers\FileHandler' driver.
INFO - 2021-05-07 04:14:38 --> Controller "App\Controllers\bukutamu\Bukutamu" loaded.
INFO - 2021-05-07 04:18:47 --> Session: Class initialized using 'CodeIgniter\Session\Handlers\FileHandler' driver.
INFO - 2021-05-07 04:18:47 --> Controller "App\Controllers\bukutamu\Bukutamu" loaded.
INFO - 2021-05-07 04:19:03 --> Session: Class initialized using 'CodeIgniter\Session\Handlers\FileHandler' driver.
INFO - 2021-05-07 04:19:03 --> Controller "App\Controllers\bukutamu\Bukutamu" loaded.
INFO - 2021-05-07 04:19:11 --> Session: Class initialized using 'CodeIgniter\Session\Handlers\FileHandler' driver.
INFO - 2021-05-07 04:19:11 --> Controller "App\Controllers\bukutamu\Bukutamu" loaded.
INFO - 2021-05-07 04:19:11 --> Session: Class initialized using 'CodeIgniter\Session\Handlers\FileHandler' driver.
INFO - 2021-05-07 04:19:11 --> Controller "App\Controllers\bukutamu\Bukutamu" loaded.
INFO - 2021-05-07 04:19:57 --> Session: Class initialized using 'CodeIgniter\Session\Handlers\FileHandler' driver.
INFO - 2021-05-07 04:19:57 --> Controller "App\Controllers\bukutamu\Bukutamu" loaded.
INFO - 2021-05-07 04:20:04 --> Session: Class initialized using 'CodeIgniter\Session\Handlers\FileHandler' driver.
INFO - 2021-05-07 04:20:04 --> Controller "App\Controllers\bukutamu\Bukutamu" loaded.
INFO - 2021-05-07 04:20:12 --> Session: Class initialized using 'CodeIgniter\Session\Handlers\FileHandler' driver.
INFO - 2021-05-07 04:20:12 --> Controller "App\Controllers\bukutamu\Bukutamu" loaded.
INFO - 2021-05-07 04:20:12 --> Session: Class initialized using 'CodeIgniter\Session\Handlers\FileHandler' driver.
INFO - 2021-05-07 04:20:12 --> Controller "App\Controllers\bukutamu\Bukutamu" loaded.
INFO - 2021-05-07 04:21:03 --> Session: Class initialized using 'CodeIgniter\Session\Handlers\FileHandler' driver.
INFO - 2021-05-07 04:21:03 --> Controller "App\Controllers\bukutamu\Bukutamu" loaded.
INFO - 2021-05-07 04:21:11 --> Session: Class initialized using 'CodeIgniter\Session\Handlers\FileHandler' driver.
INFO - 2021-05-07 04:21:11 --> Controller "App\Controllers\bukutamu\Bukutamu" loaded.
INFO - 2021-05-07 04:21:20 --> Session: Class initialized using 'CodeIgniter\Session\Handlers\FileHandler' driver.
INFO - 2021-05-07 04:21:20 --> Controller "App\Controllers\bukutamu\Bukutamu" loaded.
INFO - 2021-05-07 04:21:20 --> Session: Class initialized using 'CodeIgniter\Session\Handlers\FileHandler' driver.
INFO - 2021-05-07 04:21:20 --> Controller "App\Controllers\bukutamu\Bukutamu" loaded.
INFO - 2021-05-07 04:25:33 --> Session: Class initialized using 'CodeIgniter\Session\Handlers\FileHandler' driver.
INFO - 2021-05-07 04:25:33 --> Controller "App\Controllers\bukutamu\Bukutamu" loaded.
INFO - 2021-05-07 04:25:46 --> Session: Class initialized using 'CodeIgniter\Session\Handlers\FileHandler' driver.
INFO - 2021-05-07 04:25:46 --> Controller "App\Controllers\bukutamu\Bukutamu" loaded.
INFO - 2021-05-07 04:26:20 --> Session: Class initialized using 'CodeIgniter\Session\Handlers\FileHandler' driver.
INFO - 2021-05-07 04:26:20 --> Controller "App\Controllers\bukutamu\Bukutamu" loaded.
INFO - 2021-05-07 04:26:37 --> Session: Class initialized using 'CodeIgniter\Session\Handlers\FileHandler' driver.
INFO - 2021-05-07 04:26:37 --> Controller "App\Controllers\bukutamu\Bukutamu" loaded.
INFO - 2021-05-07 04:26:46 --> Session: Class initialized using 'CodeIgniter\Session\Handlers\FileHandler' driver.
INFO - 2021-05-07 04:26:46 --> Controller "App\Controllers\bukutamu\Bukutamu" loaded.
INFO - 2021-05-07 04:27:34 --> Session: Class initialized using 'CodeIgniter\Session\Handlers\FileHandler' driver.
INFO - 2021-05-07 04:27:34 --> Controller "App\Controllers\bukutamu\Bukutamu" loaded.
INFO - 2021-05-07 04:27:44 --> Session: Class initialized using 'CodeIgniter\Session\Handlers\FileHandler' driver.
INFO - 2021-05-07 04:27:44 --> Controller "App\Controllers\bukutamu\Bukutamu" loaded.
INFO - 2021-05-07 04:27:51 --> Session: Class initialized using 'CodeIgniter\Session\Handlers\FileHandler' driver.
INFO - 2021-05-07 04:27:51 --> Controller "App\Controllers\bukutamu\Bukutamu" loaded.
INFO - 2021-05-07 04:27:51 --> Session: Class initialized using 'CodeIgniter\Session\Handlers\FileHandler' driver.
INFO - 2021-05-07 04:27:51 --> Controller "App\Controllers\bukutamu\Bukutamu" loaded.
INFO - 2021-05-07 04:28:31 --> Session: Class initialized using 'CodeIgniter\Session\Handlers\FileHandler' driver.
INFO - 2021-05-07 04:28:31 --> Controller "App\Controllers\bukutamu\Bukutamu" loaded.
INFO - 2021-05-07 04:28:39 --> Session: Class initialized using 'CodeIgniter\Session\Handlers\FileHandler' driver.
INFO - 2021-05-07 04:28:39 --> Controller "App\Controllers\bukutamu\Bukutamu" loaded.
INFO - 2021-05-07 04:28:45 --> Session: Class initialized using 'CodeIgniter\Session\Handlers\FileHandler' driver.
INFO - 2021-05-07 04:28:45 --> Controller "App\Controllers\bukutamu\Bukutamu" loaded.
INFO - 2021-05-07 04:28:45 --> Session: Class initialized using 'CodeIgniter\Session\Handlers\FileHandler' driver.
INFO - 2021-05-07 04:28:45 --> Controller "App\Controllers\bukutamu\Bukutamu" loaded.
INFO - 2021-05-07 04:33:06 --> Session: Class initialized using 'CodeIgniter\Session\Handlers\FileHandler' driver.
INFO - 2021-05-07 04:33:06 --> Controller "App\Controllers\bukutamu\Bukutamu" loaded.
INFO - 2021-05-07 04:33:16 --> Session: Class initialized using 'CodeIgniter\Session\Handlers\FileHandler' driver.
INFO - 2021-05-07 04:33:16 --> Controller "App\Controllers\bukutamu\Bukutamu" loaded.
INFO - 2021-05-07 04:33:21 --> Session: Class initialized using 'CodeIgniter\Session\Handlers\FileHandler' driver.
INFO - 2021-05-07 04:33:21 --> Controller "App\Controllers\bukutamu\Bukutamu" loaded.
INFO - 2021-05-07 04:33:21 --> Session: Class initialized using 'CodeIgniter\Session\Handlers\FileHandler' driver.
INFO - 2021-05-07 04:33:21 --> Controller "App\Controllers\bukutamu\Bukutamu" loaded.
INFO - 2021-05-07 04:34:41 --> Session: Class initialized using 'CodeIgniter\Session\Handlers\FileHandler' driver.
INFO - 2021-05-07 04:34:41 --> Controller "App\Controllers\bukutamu\Bukutamu" loaded.
INFO - 2021-05-07 04:37:13 --> Session: Class initialized using 'CodeIgniter\Session\Handlers\FileHandler' driver.
INFO - 2021-05-07 04:37:13 --> Controller "App\Controllers\bukutamu\Bukutamu" loaded.
INFO - 2021-05-07 04:37:19 --> Session: Class initialized using 'CodeIgniter\Session\Handlers\FileHandler' driver.
INFO - 2021-05-07 04:37:19 --> Controller "App\Controllers\bukutamu\Bukutamu" loaded.
INFO - 2021-05-07 04:37:24 --> Session: Class initialized using 'CodeIgniter\Session\Handlers\FileHandler' driver.
INFO - 2021-05-07 04:37:24 --> Controller "App\Controllers\bukutamu\Bukutamu" loaded.
INFO - 2021-05-07 04:37:29 --> Session: Class initialized using 'CodeIgniter\Session\Handlers\FileHandler' driver.
INFO - 2021-05-07 04:37:29 --> Controller "App\Controllers\bukutamu\Bukutamu" loaded.
INFO - 2021-05-07 04:37:34 --> Session: Class initialized using 'CodeIgniter\Session\Handlers\FileHandler' driver.
INFO - 2021-05-07 04:37:34 --> Controller "App\Controllers\bukutamu\Bukutamu" loaded.
INFO - 2021-05-07 04:38:18 --> Session: Class initialized using 'CodeIgniter\Session\Handlers\FileHandler' driver.
INFO - 2021-05-07 04:38:18 --> Controller "App\Controllers\bukutamu\Bukutamu" loaded.
INFO - 2021-05-07 04:38:26 --> Session: Class initialized using 'CodeIgniter\Session\Handlers\FileHandler' driver.
INFO - 2021-05-07 04:38:26 --> Controller "App\Controllers\bukutamu\Bukutamu" loaded.
INFO - 2021-05-07 04:38:31 --> Session: Class initialized using 'CodeIgniter\Session\Handlers\FileHandler' driver.
INFO - 2021-05-07 04:38:31 --> Controller "App\Controllers\bukutamu\Bukutamu" loaded.
INFO - 2021-05-07 04:38:44 --> Session: Class initialized using 'CodeIgniter\Session\Handlers\FileHandler' driver.
INFO - 2021-05-07 04:38:44 --> Controller "App\Controllers\bukutamu\Bukutamu" loaded.
INFO - 2021-05-07 04:38:59 --> Session: Class initialized using 'CodeIgniter\Session\Handlers\FileHandler' driver.
INFO - 2021-05-07 04:38:59 --> Controller "App\Controllers\bukutamu\Bukutamu" loaded.
INFO - 2021-05-07 04:39:06 --> Session: Class initialized using 'CodeIgniter\Session\Handlers\FileHandler' driver.
INFO - 2021-05-07 04:39:06 --> Controller "App\Controllers\bukutamu\Bukutamu" loaded.
INFO - 2021-05-07 04:40:13 --> Session: Class initialized using 'CodeIgniter\Session\Handlers\FileHandler' driver.
INFO - 2021-05-07 04:40:13 --> Controller "App\Controllers\bukutamu\Bukutamu" loaded.
INFO - 2021-05-07 04:40:23 --> Session: Class initialized using 'CodeIgniter\Session\Handlers\FileHandler' driver.
INFO - 2021-05-07 04:40:23 --> Controller "App\Controllers\bukutamu\Bukutamu" loaded.
INFO - 2021-05-07 04:40:30 --> Session: Class initialized using 'CodeIgniter\Session\Handlers\FileHandler' driver.
INFO - 2021-05-07 04:40:30 --> Controller "App\Controllers\bukutamu\Bukutamu" loaded.
INFO - 2021-05-07 04:40:49 --> Session: Class initialized using 'CodeIgniter\Session\Handlers\FileHandler' driver.
INFO - 2021-05-07 04:40:49 --> Controller "App\Controllers\bukutamu\Bukutamu" loaded.
INFO - 2021-05-07 04:40:59 --> Session: Class initialized using 'CodeIgniter\Session\Handlers\FileHandler' driver.
INFO - 2021-05-07 04:40:59 --> Controller "App\Controllers\bukutamu\Bukutamu" loaded.
INFO - 2021-05-07 04:41:04 --> Session: Class initialized using 'CodeIgniter\Session\Handlers\FileHandler' driver.
INFO - 2021-05-07 04:41:04 --> Controller "App\Controllers\bukutamu\Bukutamu" loaded.
INFO - 2021-05-07 04:41:33 --> Controller "App\Controllers\base\Beranda" loaded.
INFO - 2021-05-07 04:41:49 --> Session: Class initialized using 'CodeIgniter\Session\Handlers\FileHandler' driver.
INFO - 2021-05-07 04:41:49 --> Controller "App\Controllers\bukutamu\Bukutamu" loaded.
INFO - 2021-05-07 04:41:56 --> Session: Class initialized using 'CodeIgniter\Session\Handlers\FileHandler' driver.
INFO - 2021-05-07 04:41:56 --> Controller "App\Controllers\bukutamu\Bukutamu" loaded.
INFO - 2021-05-07 04:42:02 --> Session: Class initialized using 'CodeIgniter\Session\Handlers\FileHandler' driver.
INFO - 2021-05-07 04:42:02 --> Controller "App\Controllers\bukutamu\Bukutamu" loaded.
INFO - 2021-05-07 04:43:19 --> Session: Class initialized using 'CodeIgniter\Session\Handlers\FileHandler' driver.
INFO - 2021-05-07 04:43:19 --> Controller "App\Controllers\bukutamu\Bukutamu" loaded.
INFO - 2021-05-07 04:43:28 --> Session: Class initialized using 'CodeIgniter\Session\Handlers\FileHandler' driver.
INFO - 2021-05-07 04:43:28 --> Controller "App\Controllers\bukutamu\Bukutamu" loaded.
INFO - 2021-05-07 04:43:49 --> Session: Class initialized using 'CodeIgniter\Session\Handlers\FileHandler' driver.
INFO - 2021-05-07 04:43:49 --> Controller "App\Controllers\bukutamu\Bukutamu" loaded.
INFO - 2021-05-07 04:43:49 --> Session: Class initialized using 'CodeIgniter\Session\Handlers\FileHandler' driver.
INFO - 2021-05-07 04:43:49 --> Controller "App\Controllers\bukutamu\Bukutamu" loaded.
INFO - 2021-05-07 04:59:06 --> Session: Class initialized using 'CodeIgniter\Session\Handlers\FileHandler' driver.
INFO - 2021-05-07 04:59:06 --> Controller "App\Controllers\bukutamu\Bukutamu" loaded.
INFO - 2021-05-07 04:59:14 --> Session: Class initialized using 'CodeIgniter\Session\Handlers\FileHandler' driver.
INFO - 2021-05-07 04:59:14 --> Controller "App\Controllers\bukutamu\Bukutamu" loaded.
INFO - 2021-05-07 04:59:21 --> Session: Class initialized using 'CodeIgniter\Session\Handlers\FileHandler' driver.
INFO - 2021-05-07 04:59:21 --> Controller "App\Controllers\bukutamu\Bukutamu" loaded.
INFO - 2021-05-07 04:59:21 --> Session: Class initialized using 'CodeIgniter\Session\Handlers\FileHandler' driver.
INFO - 2021-05-07 04:59:21 --> Controller "App\Controllers\bukutamu\Bukutamu" loaded.
INFO - 2021-05-07 05:01:23 --> Session: Class initialized using 'CodeIgniter\Session\Handlers\FileHandler' driver.
INFO - 2021-05-07 05:01:23 --> Controller "App\Controllers\bukutamu\Bukutamu" loaded.
INFO - 2021-05-07 05:01:29 --> Session: Class initialized using 'CodeIgniter\Session\Handlers\FileHandler' driver.
INFO - 2021-05-07 05:01:29 --> Controller "App\Controllers\bukutamu\Bukutamu" loaded.
INFO - 2021-05-07 05:01:41 --> Session: Class initialized using 'CodeIgniter\Session\Handlers\FileHandler' driver.
INFO - 2021-05-07 05:01:41 --> Controller "App\Controllers\bukutamu\Bukutamu" loaded.
INFO - 2021-05-07 05:01:41 --> Session: Class initialized using 'CodeIgniter\Session\Handlers\FileHandler' driver.
INFO - 2021-05-07 05:01:41 --> Controller "App\Controllers\bukutamu\Bukutamu" loaded.
INFO - 2021-05-07 05:02:24 --> Session: Class initialized using 'CodeIgniter\Session\Handlers\FileHandler' driver.
INFO - 2021-05-07 05:02:24 --> Controller "App\Controllers\bukutamu\Bukutamu" loaded.
INFO - 2021-05-07 05:02:31 --> Session: Class initialized using 'CodeIgniter\Session\Handlers\FileHandler' driver.
INFO - 2021-05-07 05:02:31 --> Controller "App\Controllers\bukutamu\Bukutamu" loaded.
INFO - 2021-05-07 05:02:40 --> Session: Class initialized using 'CodeIgniter\Session\Handlers\FileHandler' driver.
INFO - 2021-05-07 05:02:40 --> Controller "App\Controllers\bukutamu\Bukutamu" loaded.
INFO - 2021-05-07 05:02:40 --> Session: Class initialized using 'CodeIgniter\Session\Handlers\FileHandler' driver.
INFO - 2021-05-07 05:02:40 --> Controller "App\Controllers\bukutamu\Bukutamu" loaded.
INFO - 2021-05-07 05:03:26 --> Session: Class initialized using 'CodeIgniter\Session\Handlers\FileHandler' driver.
INFO - 2021-05-07 05:03:26 --> Controller "App\Controllers\bukutamu\Bukutamu" loaded.
INFO - 2021-05-07 05:03:32 --> Session: Class initialized using 'CodeIgniter\Session\Handlers\FileHandler' driver.
INFO - 2021-05-07 05:03:32 --> Controller "App\Controllers\bukutamu\Bukutamu" loaded.
INFO - 2021-05-07 05:03:40 --> Session: Class initialized using 'CodeIgniter\Session\Handlers\FileHandler' driver.
INFO - 2021-05-07 05:03:40 --> Controller "App\Controllers\bukutamu\Bukutamu" loaded.
INFO - 2021-05-07 05:03:41 --> Session: Class initialized using 'CodeIgniter\Session\Handlers\FileHandler' driver.
INFO - 2021-05-07 05:03:41 --> Controller "App\Controllers\bukutamu\Bukutamu" loaded.
INFO - 2021-05-07 05:08:35 --> Controller "App\Controllers\base\Beranda" loaded.
INFO - 2021-05-07 06:12:46 --> Session: Class initialized using 'CodeIgniter\Session\Handlers\FileHandler' driver.
INFO - 2021-05-07 06:12:46 --> Controller "App\Controllers\undangan\Undangan" loaded.
INFO - 2021-05-07 06:58:38 --> Controller "App\Controllers\base\Beranda" loaded.
INFO - 2021-05-07 07:04:40 --> Session: Class initialized using 'CodeIgniter\Session\Handlers\FileHandler' driver.
INFO - 2021-05-07 07:04:40 --> Controller "App\Controllers\undangan\Undangan" loaded.
INFO - 2021-05-07 07:08:39 --> Session: Class initialized using 'CodeIgniter\Session\Handlers\FileHandler' driver.
INFO - 2021-05-07 07:08:39 --> Controller "App\Controllers\bukutamu\Bukutamu" loaded.
INFO - 2021-05-07 07:08:50 --> Session: Class initialized using 'CodeIgniter\Session\Handlers\FileHandler' driver.
INFO - 2021-05-07 07:08:50 --> Controller "App\Controllers\bukutamu\Bukutamu" loaded.
INFO - 2021-05-07 07:10:12 --> Session: Class initialized using 'CodeIgniter\Session\Handlers\FileHandler' driver.
INFO - 2021-05-07 07:10:12 --> Controller "App\Controllers\bukutamu\Bukutamu" loaded.
INFO - 2021-05-07 07:10:16 --> Session: Class initialized using 'CodeIgniter\Session\Handlers\FileHandler' driver.
INFO - 2021-05-07 07:10:16 --> Controller "App\Controllers\bukutamu\Bukutamu" loaded.
INFO - 2021-05-07 07:10:26 --> Session: Class initialized using 'CodeIgniter\Session\Handlers\FileHandler' driver.
INFO - 2021-05-07 07:10:26 --> Controller "App\Controllers\bukutamu\Bukutamu" loaded.
INFO - 2021-05-07 07:10:26 --> Session: Class initialized using 'CodeIgniter\Session\Handlers\FileHandler' driver.
INFO - 2021-05-07 07:10:26 --> Controller "App\Controllers\bukutamu\Bukutamu" loaded.
INFO - 2021-05-07 07:11:32 --> Session: Class initialized using 'CodeIgniter\Session\Handlers\FileHandler' driver.
INFO - 2021-05-07 07:11:32 --> Controller "App\Controllers\bukutamu\Bukutamu" loaded.
INFO - 2021-05-07 07:11:36 --> Session: Class initialized using 'CodeIgniter\Session\Handlers\FileHandler' driver.
INFO - 2021-05-07 07:11:36 --> Controller "App\Controllers\bukutamu\Bukutamu" loaded.
INFO - 2021-05-07 07:11:41 --> Session: Class initialized using 'CodeIgniter\Session\Handlers\FileHandler' driver.
INFO - 2021-05-07 07:11:41 --> Controller "App\Controllers\bukutamu\Bukutamu" loaded.
INFO - 2021-05-07 07:11:41 --> Session: Class initialized using 'CodeIgniter\Session\Handlers\FileHandler' driver.
INFO - 2021-05-07 07:11:41 --> Controller "App\Controllers\bukutamu\Bukutamu" loaded.
INFO - 2021-05-07 07:12:19 --> Session: Class initialized using 'CodeIgniter\Session\Handlers\FileHandler' driver.
INFO - 2021-05-07 07:12:19 --> Controller "App\Controllers\bukutamu\Bukutamu" loaded.
INFO - 2021-05-07 07:12:25 --> Session: Class initialized using 'CodeIgniter\Session\Handlers\FileHandler' driver.
INFO - 2021-05-07 07:12:25 --> Controller "App\Controllers\bukutamu\Bukutamu" loaded.
INFO - 2021-05-07 07:13:12 --> Session: Class initialized using 'CodeIgniter\Session\Handlers\FileHandler' driver.
INFO - 2021-05-07 07:13:12 --> Controller "App\Controllers\bukutamu\Bukutamu" loaded.
INFO - 2021-05-07 07:13:17 --> Session: Class initialized using 'CodeIgniter\Session\Handlers\FileHandler' driver.
INFO - 2021-05-07 07:13:17 --> Controller "App\Controllers\bukutamu\Bukutamu" loaded.
INFO - 2021-05-07 07:13:27 --> Session: Class initialized using 'CodeIgniter\Session\Handlers\FileHandler' driver.
INFO - 2021-05-07 07:13:27 --> Controller "App\Controllers\bukutamu\Bukutamu" loaded.
INFO - 2021-05-07 07:13:27 --> Session: Class initialized using 'CodeIgniter\Session\Handlers\FileHandler' driver.
INFO - 2021-05-07 07:13:27 --> Controller "App\Controllers\bukutamu\Bukutamu" loaded.
INFO - 2021-05-07 07:13:27 --> Session: Class initialized using 'CodeIgniter\Session\Handlers\FileHandler' driver.
INFO - 2021-05-07 07:13:27 --> Controller "App\Controllers\bukutamu\Bukutamu" loaded.
INFO - 2021-05-07 07:13:28 --> Session: Class initialized using 'CodeIgniter\Session\Handlers\FileHandler' driver.
INFO - 2021-05-07 07:13:28 --> Controller "App\Controllers\bukutamu\Bukutamu" loaded.
INFO - 2021-05-07 07:13:29 --> Session: Class initialized using 'CodeIgniter\Session\Handlers\FileHandler' driver.
INFO - 2021-05-07 07:13:29 --> Controller "App\Controllers\bukutamu\Bukutamu" loaded.
INFO - 2021-05-07 07:16:21 --> Session: Class initialized using 'CodeIgniter\Session\Handlers\FileHandler' driver.
INFO - 2021-05-07 07:16:21 --> Controller "App\Controllers\bukutamu\Bukutamu" loaded.
INFO - 2021-05-07 07:16:26 --> Session: Class initialized using 'CodeIgniter\Session\Handlers\FileHandler' driver.
INFO - 2021-05-07 07:16:26 --> Controller "App\Controllers\bukutamu\Bukutamu" loaded.
INFO - 2021-05-07 07:16:32 --> Session: Class initialized using 'CodeIgniter\Session\Handlers\FileHandler' driver.
INFO - 2021-05-07 07:16:32 --> Controller "App\Controllers\bukutamu\Bukutamu" loaded.
INFO - 2021-05-07 07:16:33 --> Session: Class initialized using 'CodeIgniter\Session\Handlers\FileHandler' driver.
INFO - 2021-05-07 07:16:33 --> Controller "App\Controllers\bukutamu\Bukutamu" loaded.
INFO - 2021-05-07 07:19:37 --> Session: Class initialized using 'CodeIgniter\Session\Handlers\FileHandler' driver.
INFO - 2021-05-07 07:19:37 --> Controller "App\Controllers\bukutamu\Bukutamu" loaded.
INFO - 2021-05-07 07:19:46 --> Session: Class initialized using 'CodeIgniter\Session\Handlers\FileHandler' driver.
INFO - 2021-05-07 07:19:46 --> Controller "App\Controllers\bukutamu\Bukutamu" loaded.
INFO - 2021-05-07 07:19:52 --> Session: Class initialized using 'CodeIgniter\Session\Handlers\FileHandler' driver.
INFO - 2021-05-07 07:19:52 --> Controller "App\Controllers\bukutamu\Bukutamu" loaded.
INFO - 2021-05-07 07:19:52 --> Session: Class initialized using 'CodeIgniter\Session\Handlers\FileHandler' driver.
INFO - 2021-05-07 07:19:52 --> Controller "App\Controllers\bukutamu\Bukutamu" loaded.
INFO - 2021-05-07 07:24:08 --> Session: Class initialized using 'CodeIgniter\Session\Handlers\FileHandler' driver.
INFO - 2021-05-07 07:24:08 --> Controller "App\Controllers\bukutamu\Bukutamu" loaded.
INFO - 2021-05-07 07:24:11 --> Session: Class initialized using 'CodeIgniter\Session\Handlers\FileHandler' driver.
INFO - 2021-05-07 07:24:11 --> Controller "App\Controllers\bukutamu\Bukutamu" loaded.
INFO - 2021-05-07 07:24:15 --> Session: Class initialized using 'CodeIgniter\Session\Handlers\FileHandler' driver.
INFO - 2021-05-07 07:24:15 --> Controller "App\Controllers\bukutamu\Bukutamu" loaded.
INFO - 2021-05-07 07:24:22 --> Session: Class initialized using 'CodeIgniter\Session\Handlers\FileHandler' driver.
INFO - 2021-05-07 07:24:22 --> Controller "App\Controllers\bukutamu\Bukutamu" loaded.
INFO - 2021-05-07 07:24:22 --> Session: Class initialized using 'CodeIgniter\Session\Handlers\FileHandler' driver.
INFO - 2021-05-07 07:24:22 --> Controller "App\Controllers\bukutamu\Bukutamu" loaded.
INFO - 2021-05-07 07:25:12 --> Session: Class initialized using 'CodeIgniter\Session\Handlers\FileHandler' driver.
INFO - 2021-05-07 07:25:12 --> Controller "App\Controllers\bukutamu\Bukutamu" loaded.
INFO - 2021-05-07 07:25:19 --> Session: Class initialized using 'CodeIgniter\Session\Handlers\FileHandler' driver.
INFO - 2021-05-07 07:25:19 --> Controller "App\Controllers\bukutamu\Bukutamu" loaded.
INFO - 2021-05-07 07:25:24 --> Session: Class initialized using 'CodeIgniter\Session\Handlers\FileHandler' driver.
INFO - 2021-05-07 07:25:24 --> Controller "App\Controllers\bukutamu\Bukutamu" loaded.
INFO - 2021-05-07 07:25:24 --> Session: Class initialized using 'CodeIgniter\Session\Handlers\FileHandler' driver.
INFO - 2021-05-07 07:25:24 --> Controller "App\Controllers\bukutamu\Bukutamu" loaded.
INFO - 2021-05-07 07:26:26 --> Session: Class initialized using 'CodeIgniter\Session\Handlers\FileHandler' driver.
INFO - 2021-05-07 07:26:26 --> Controller "App\Controllers\bukutamu\Bukutamu" loaded.
INFO - 2021-05-07 07:26:55 --> Session: Class initialized using 'CodeIgniter\Session\Handlers\FileHandler' driver.
INFO - 2021-05-07 07:26:55 --> Controller "App\Controllers\bukutamu\Bukutamu" loaded.
INFO - 2021-05-07 07:26:59 --> Session: Class initialized using 'CodeIgniter\Session\Handlers\FileHandler' driver.
INFO - 2021-05-07 07:26:59 --> Controller "App\Controllers\bukutamu\Bukutamu" loaded.
INFO - 2021-05-07 07:27:17 --> Session: Class initialized using 'CodeIgniter\Session\Handlers\FileHandler' driver.
INFO - 2021-05-07 07:27:17 --> Controller "App\Controllers\bukutamu\Bukutamu" loaded.
INFO - 2021-05-07 07:27:47 --> Session: Class initialized using 'CodeIgniter\Session\Handlers\FileHandler' driver.
INFO - 2021-05-07 07:27:47 --> Controller "App\Controllers\bukutamu\Bukutamu" loaded.
INFO - 2021-05-07 07:33:20 --> Controller "App\Controllers\base\Beranda" loaded.
INFO - 2021-05-07 07:47:48 --> Controller "App\Controllers\base\Beranda" loaded.
INFO - 2021-05-07 08:00:02 --> Controller "App\Controllers\base\Beranda" loaded.
INFO - 2021-05-07 08:18:33 --> Controller "App\Controllers\base\Beranda" loaded.
INFO - 2021-05-07 08:19:55 --> Controller "App\Controllers\base\Beranda" loaded.
INFO - 2021-05-07 08:55:25 --> Session: Class initialized using 'CodeIgniter\Session\Handlers\FileHandler' driver.
INFO - 2021-05-07 08:55:25 --> Controller "App\Controllers\bukutamu\Bukutamu" loaded.
INFO - 2021-05-07 08:55:40 --> Session: Class initialized using 'CodeIgniter\Session\Handlers\FileHandler' driver.
INFO - 2021-05-07 08:55:40 --> Controller "App\Controllers\bukutamu\Bukutamu" loaded.
INFO - 2021-05-07 08:55:53 --> Session: Class initialized using 'CodeIgniter\Session\Handlers\FileHandler' driver.
INFO - 2021-05-07 08:55:53 --> Controller "App\Controllers\bukutamu\Bukutamu" loaded.
INFO - 2021-05-07 08:55:58 --> Session: Class initialized using 'CodeIgniter\Session\Handlers\FileHandler' driver.
INFO - 2021-05-07 08:55:58 --> Controller "App\Controllers\bukutamu\Bukutamu" loaded.
INFO - 2021-05-07 08:56:01 --> Session: Class initialized using 'CodeIgniter\Session\Handlers\FileHandler' driver.
INFO - 2021-05-07 08:56:01 --> Controller "App\Controllers\bukutamu\Bukutamu" loaded.
INFO - 2021-05-07 08:56:03 --> Session: Class initialized using 'CodeIgniter\Session\Handlers\FileHandler' driver.
INFO - 2021-05-07 08:56:03 --> Controller "App\Controllers\bukutamu\Bukutamu" loaded.
INFO - 2021-05-07 08:56:07 --> Session: Class initialized using 'CodeIgniter\Session\Handlers\FileHandler' driver.
INFO - 2021-05-07 08:56:07 --> Controller "App\Controllers\bukutamu\Bukutamu" loaded.
INFO - 2021-05-07 08:56:37 --> Controller "App\Controllers\base\Beranda" loaded.
INFO - 2021-05-07 09:01:21 --> Session: Class initialized using 'CodeIgniter\Session\Handlers\FileHandler' driver.
INFO - 2021-05-07 09:01:21 --> Controller "App\Controllers\undangan\Undangan" loaded.
INFO - 2021-05-07 09:03:29 --> Session: Class initialized using 'CodeIgniter\Session\Handlers\FileHandler' driver.
INFO - 2021-05-07 09:03:29 --> Controller "App\Controllers\admin\Admin" loaded.
INFO - 2021-05-07 09:03:33 --> Session: Class initialized using 'CodeIgniter\Session\Handlers\FileHandler' driver.
INFO - 2021-05-07 09:03:33 --> Controller "App\Controllers\admin\Admin" loaded.
INFO - 2021-05-07 09:03:33 --> Session: Class initialized using 'CodeIgniter\Session\Handlers\FileHandler' driver.
INFO - 2021-05-07 09:03:33 --> Controller "App\Controllers\admin\Admin" loaded.
INFO - 2021-05-07 09:03:40 --> Session: Class initialized using 'CodeIgniter\Session\Handlers\FileHandler' driver.
INFO - 2021-05-07 09:03:40 --> Controller "App\Controllers\admin\Admin" loaded.
INFO - 2021-05-07 09:03:48 --> Session: Class initialized using 'CodeIgniter\Session\Handlers\FileHandler' driver.
INFO - 2021-05-07 09:03:48 --> Controller "App\Controllers\undangan\Undangan" loaded.
INFO - 2021-05-07 09:04:11 --> Session: Class initialized using 'CodeIgniter\Session\Handlers\FileHandler' driver.
INFO - 2021-05-07 09:04:11 --> Controller "App\Controllers\admin\Admin" loaded.
INFO - 2021-05-07 09:04:14 --> Session: Class initialized using 'CodeIgniter\Session\Handlers\FileHandler' driver.
INFO - 2021-05-07 09:04:14 --> Controller "App\Controllers\undangan\Undangan" loaded.
INFO - 2021-05-07 09:04:18 --> Session: Class initialized using 'CodeIgniter\Session\Handlers\FileHandler' driver.
INFO - 2021-05-07 09:04:18 --> Controller "App\Controllers\undangan\Undangan" loaded.
INFO - 2021-05-07 09:04:20 --> Session: Class initialized using 'CodeIgniter\Session\Handlers\FileHandler' driver.
INFO - 2021-05-07 09:04:20 --> Controller "App\Controllers\admin\Admin" loaded.
INFO - 2021-05-07 09:08:52 --> Controller "App\Controllers\base\Beranda" loaded.
INFO - 2021-05-07 09:37:19 --> Session: Class initialized using 'CodeIgniter\Session\Handlers\FileHandler' driver.
INFO - 2021-05-07 09:37:19 --> Controller "App\Controllers\undangan\Undangan" loaded.
INFO - 2021-05-07 09:50:13 --> Controller "App\Controllers\base\Beranda" loaded.
INFO - 2021-05-07 09:52:40 --> Controller "App\Controllers\base\Beranda" loaded.
INFO - 2021-05-07 11:03:28 --> Session: Class initialized using 'CodeIgniter\Session\Handlers\FileHandler' driver.
INFO - 2021-05-07 11:03:28 --> Controller "App\Controllers\admin\Admin" loaded.
INFO - 2021-05-07 13:43:10 --> Session: Class initialized using 'CodeIgniter\Session\Handlers\FileHandler' driver.
INFO - 2021-05-07 13:43:10 --> Controller "App\Controllers\undangan\Undangan" loaded.
INFO - 2021-05-07 14:06:37 --> Controller "App\Controllers\base\Beranda" loaded.
INFO - 2021-05-07 14:06:51 --> Session: Class initialized using 'CodeIgniter\Session\Handlers\FileHandler' driver.
INFO - 2021-05-07 14:06:51 --> Controller "App\Controllers\undangan\Undangan" loaded.
INFO - 2021-05-07 14:10:57 --> Controller "App\Controllers\base\Beranda" loaded.
INFO - 2021-05-07 16:14:02 --> Controller "App\Controllers\base\Beranda" loaded.
INFO - 2021-05-07 16:14:03 --> Controller "App\Controllers\base\Beranda" loaded.
INFO - 2021-05-07 16:14:05 --> Controller "App\Controllers\base\Beranda" loaded.
INFO - 2021-05-07 16:14:25 --> Controller "App\Controllers\base\Beranda" loaded.
INFO - 2021-05-07 16:15:45 --> Controller "App\Controllers\base\Beranda" loaded.
INFO - 2021-05-07 16:15:45 --> Controller "App\Controllers\base\Beranda" loaded.
INFO - 2021-05-07 16:15:46 --> Controller "App\Controllers\base\Beranda" loaded.
INFO - 2021-05-07 16:16:30 --> Controller "App\Controllers\base\Beranda" loaded.
INFO - 2021-05-07 16:18:18 --> Controller "App\Controllers\base\Beranda" loaded.
INFO - 2021-05-07 16:28:12 --> Controller "App\Controllers\base\Beranda" loaded.
INFO - 2021-05-07 16:28:14 --> Controller "App\Controllers\base\Beranda" loaded.
INFO - 2021-05-07 16:28:15 --> Controller "App\Controllers\base\Beranda" loaded.
INFO - 2021-05-07 16:28:21 --> Controller "App\Controllers\base\Beranda" loaded.
INFO - 2021-05-07 17:12:05 --> Controller "App\Controllers\base\Beranda" loaded.
INFO - 2021-05-07 17:30:21 --> Controller "App\Controllers\base\Beranda" loaded.
INFO - 2021-05-07 18:08:36 --> Session: Class initialized using 'CodeIgniter\Session\Handlers\FileHandler' driver.
INFO - 2021-05-07 18:08:36 --> Controller "App\Controllers\bukutamu\Bukutamu" loaded.
INFO - 2021-05-07 18:08:37 --> Session: Class initialized using 'CodeIgniter\Session\Handlers\FileHandler' driver.
INFO - 2021-05-07 18:08:37 --> Controller "App\Controllers\bukutamu\Bukutamu" loaded.
INFO - 2021-05-07 18:21:18 --> Session: Class initialized using 'CodeIgniter\Session\Handlers\FileHandler' driver.
INFO - 2021-05-07 18:21:18 --> Controller "App\Controllers\undangan\Undangan" loaded.
INFO - 2021-05-07 18:21:20 --> Session: Class initialized using 'CodeIgniter\Session\Handlers\FileHandler' driver.
INFO - 2021-05-07 18:21:20 --> Controller "App\Controllers\undangan\Undangan" loaded.
INFO - 2021-05-07 18:21:23 --> Session: Class initialized using 'CodeIgniter\Session\Handlers\FileHandler' driver.
INFO - 2021-05-07 18:21:23 --> Controller "App\Controllers\undangan\Undangan" loaded.
INFO - 2021-05-07 18:21:38 --> Session: Class initialized using 'CodeIgniter\Session\Handlers\FileHandler' driver.
INFO - 2021-05-07 18:21:38 --> Controller "App\Controllers\undangan\Undangan" loaded.
INFO - 2021-05-07 18:41:31 --> Session: Class initialized using 'CodeIgniter\Session\Handlers\FileHandler' driver.
INFO - 2021-05-07 18:41:31 --> Controller "App\Controllers\bukutamu\Bukutamu" loaded.
INFO - 2021-05-07 18:41:35 --> Controller "App\Controllers\base\Beranda" loaded.
INFO - 2021-05-07 18:41:38 --> Controller "App\Controllers\base\Beranda" loaded.
INFO - 2021-05-07 18:41:40 --> Session: Class initialized using 'CodeIgniter\Session\Handlers\FileHandler' driver.
INFO - 2021-05-07 18:41:40 --> Controller "App\Controllers\base\Order" loaded.
INFO - 2021-05-07 18:41:40 --> Controller "App\Controllers\base\Beranda" loaded.
INFO - 2021-05-07 18:41:46 --> Session: Class initialized using 'CodeIgniter\Session\Handlers\FileHandler' driver.
INFO - 2021-05-07 18:41:46 --> Controller "App\Controllers\base\Order" loaded.
INFO - 2021-05-07 18:42:20 --> Session: Class initialized using 'CodeIgniter\Session\Handlers\FileHandler' driver.
INFO - 2021-05-07 18:42:20 --> Controller "App\Controllers\base\Order" loaded.
INFO - 2021-05-07 18:42:22 --> Session: Class initialized using 'CodeIgniter\Session\Handlers\FileHandler' driver.
INFO - 2021-05-07 18:42:22 --> Controller "App\Controllers\base\Order" loaded.
INFO - 2021-05-07 18:42:52 --> Session: Class initialized using 'CodeIgniter\Session\Handlers\FileHandler' driver.
INFO - 2021-05-07 18:42:52 --> Controller "App\Controllers\base\Order" loaded.
INFO - 2021-05-07 18:43:50 --> Session: Class initialized using 'CodeIgniter\Session\Handlers\FileHandler' driver.
INFO - 2021-05-07 18:43:50 --> Controller "App\Controllers\base\Order" loaded.
INFO - 2021-05-07 18:43:52 --> Session: Class initialized using 'CodeIgniter\Session\Handlers\FileHandler' driver.
INFO - 2021-05-07 18:43:52 --> Controller "App\Controllers\base\Order" loaded.
INFO - 2021-05-07 18:44:00 --> Session: Class initialized using 'CodeIgniter\Session\Handlers\FileHandler' driver.
INFO - 2021-05-07 18:44:00 --> Controller "App\Controllers\base\Order" loaded.
INFO - 2021-05-07 18:44:02 --> Controller "App\Controllers\base\Beranda" loaded.
INFO - 2021-05-07 18:44:43 --> Session: Class initialized using 'CodeIgniter\Session\Handlers\FileHandler' driver.
INFO - 2021-05-07 18:44:43 --> Controller "App\Controllers\base\Order" loaded.
INFO - 2021-05-07 18:44:50 --> Session: Class initialized using 'CodeIgniter\Session\Handlers\FileHandler' driver.
INFO - 2021-05-07 18:44:50 --> Controller "App\Controllers\base\Order" loaded.
INFO - 2021-05-07 18:44:50 --> Controller "App\Controllers\base\Beranda" loaded.
INFO - 2021-05-07 18:44:52 --> Session: Class initialized using 'CodeIgniter\Session\Handlers\FileHandler' driver.
INFO - 2021-05-07 18:44:52 --> Controller "App\Controllers\base\Order" loaded.
INFO - 2021-05-07 18:44:56 --> Session: Class initialized using 'CodeIgniter\Session\Handlers\FileHandler' driver.
INFO - 2021-05-07 18:44:56 --> Controller "App\Controllers\base\Order" loaded.
INFO - 2021-05-07 18:45:04 --> Session: Class initialized using 'CodeIgniter\Session\Handlers\FileHandler' driver.
INFO - 2021-05-07 18:45:04 --> Controller "App\Controllers\base\Order" loaded.
INFO - 2021-05-07 18:45:09 --> Session: Class initialized using 'CodeIgniter\Session\Handlers\FileHandler' driver.
INFO - 2021-05-07 18:45:09 --> Controller "App\Controllers\undangan\Undangan" loaded.
INFO - 2021-05-07 18:45:10 --> Session: Class initialized using 'CodeIgniter\Session\Handlers\FileHandler' driver.
INFO - 2021-05-07 18:45:10 --> Controller "App\Controllers\undangan\Undangan" loaded.
INFO - 2021-05-07 18:45:10 --> Session: Class initialized using 'CodeIgniter\Session\Handlers\FileHandler' driver.
INFO - 2021-05-07 18:45:10 --> Controller "App\Controllers\undangan\Undangan" loaded.
INFO - 2021-05-07 18:46:06 --> Session: Class initialized using 'CodeIgniter\Session\Handlers\FileHandler' driver.
INFO - 2021-05-07 18:46:06 --> Controller "App\Controllers\undangan\Undangan" loaded.
INFO - 2021-05-07 18:46:07 --> Session: Class initialized using 'CodeIgniter\Session\Handlers\FileHandler' driver.
INFO - 2021-05-07 18:46:07 --> Controller "App\Controllers\undangan\Undangan" loaded.
INFO - 2021-05-07 18:46:07 --> Session: Class initialized using 'CodeIgniter\Session\Handlers\FileHandler' driver.
INFO - 2021-05-07 18:46:07 --> Controller "App\Controllers\undangan\Undangan" loaded.
INFO - 2021-05-07 18:57:21 --> Controller "App\Controllers\base\Beranda" loaded.
INFO - 2021-05-07 19:09:03 --> Controller "App\Controllers\base\Beranda" loaded.
INFO - 2021-05-07 19:09:03 --> Controller "App\Controllers\base\Beranda" loaded.
INFO - 2021-05-07 19:09:03 --> Controller "App\Controllers\base\Beranda" loaded.
INFO - 2021-05-07 19:37:58 --> Controller "App\Controllers\base\Beranda" loaded.
INFO - 2021-05-07 19:43:31 --> Controller "App\Controllers\base\Beranda" loaded.
INFO - 2021-05-07 19:43:31 --> Controller "App\Controllers\base\Beranda" loaded.
INFO - 2021-05-07 19:43:31 --> Controller "App\Controllers\base\Beranda" loaded.
INFO - 2021-05-07 19:43:55 --> Controller "App\Controllers\base\Beranda" loaded.
INFO - 2021-05-07 19:44:58 --> Controller "App\Controllers\base\Beranda" loaded.
INFO - 2021-05-07 19:44:58 --> Controller "App\Controllers\base\Beranda" loaded.
INFO - 2021-05-07 19:45:05 --> Controller "App\Controllers\base\Beranda" loaded.
INFO - 2021-05-07 19:45:16 --> Controller "App\Controllers\base\Beranda" loaded.
INFO - 2021-05-07 19:46:23 --> Controller "App\Controllers\base\Beranda" loaded.
INFO - 2021-05-07 19:46:23 --> Controller "App\Controllers\base\Beranda" loaded.
INFO - 2021-05-07 19:46:30 --> Controller "App\Controllers\base\Beranda" loaded.
INFO - 2021-05-07 19:46:35 --> Controller "App\Controllers\base\Beranda" loaded.
INFO - 2021-05-07 19:46:35 --> Controller "App\Controllers\base\Beranda" loaded.
INFO - 2021-05-07 19:46:37 --> Controller "App\Controllers\base\Beranda" loaded.
INFO - 2021-05-07 19:46:46 --> Controller "App\Controllers\base\Beranda" loaded.
INFO - 2021-05-07 19:46:46 --> Controller "App\Controllers\base\Beranda" loaded.
INFO - 2021-05-07 19:46:47 --> Controller "App\Controllers\base\Beranda" loaded.
INFO - 2021-05-07 19:46:50 --> Controller "App\Controllers\base\Beranda" loaded.
INFO - 2021-05-07 19:46:50 --> Controller "App\Controllers\base\Beranda" loaded.
INFO - 2021-05-07 19:46:51 --> Controller "App\Controllers\base\Beranda" loaded.
INFO - 2021-05-07 19:47:19 --> Controller "App\Controllers\base\Beranda" loaded.
INFO - 2021-05-07 19:47:19 --> Controller "App\Controllers\base\Beranda" loaded.
INFO - 2021-05-07 19:47:20 --> Controller "App\Controllers\base\Beranda" loaded.
INFO - 2021-05-07 19:47:29 --> Controller "App\Controllers\base\Beranda" loaded.
INFO - 2021-05-07 19:47:30 --> Controller "App\Controllers\base\Beranda" loaded.
INFO - 2021-05-07 19:47:31 --> Controller "App\Controllers\base\Beranda" loaded.
INFO - 2021-05-07 19:47:31 --> Controller "App\Controllers\base\Beranda" loaded.
INFO - 2021-05-07 19:48:33 --> Controller "App\Controllers\base\Beranda" loaded.
INFO - 2021-05-07 19:48:33 --> Controller "App\Controllers\base\Beranda" loaded.
INFO - 2021-05-07 19:48:34 --> Controller "App\Controllers\base\Beranda" loaded.
INFO - 2021-05-07 19:48:51 --> Controller "App\Controllers\base\Beranda" loaded.
INFO - 2021-05-07 19:48:51 --> Controller "App\Controllers\base\Beranda" loaded.
INFO - 2021-05-07 19:49:00 --> Controller "App\Controllers\base\Beranda" loaded.
INFO - 2021-05-07 19:50:19 --> Controller "App\Controllers\base\Beranda" loaded.
INFO - 2021-05-07 19:56:12 --> Controller "App\Controllers\base\Beranda" loaded.
INFO - 2021-05-07 20:15:14 --> Session: Class initialized using 'CodeIgniter\Session\Handlers\FileHandler' driver.
INFO - 2021-05-07 20:15:14 --> Controller "App\Controllers\undangan\Undangan" loaded.
INFO - 2021-05-07 20:30:20 --> Session: Class initialized using 'CodeIgniter\Session\Handlers\FileHandler' driver.
INFO - 2021-05-07 20:30:20 --> Controller "App\Controllers\undangan\Undangan" loaded.
INFO - 2021-05-07 20:30:36 --> Controller "App\Controllers\base\Beranda" loaded.
INFO - 2021-05-07 20:53:36 --> Controller "App\Controllers\base\Beranda" loaded.
INFO - 2021-05-07 21:06:33 --> Controller "App\Controllers\base\Beranda" loaded.
INFO - 2021-05-07 21:09:21 --> Session: Class initialized using 'CodeIgniter\Session\Handlers\FileHandler' driver.
INFO - 2021-05-07 21:09:21 --> Controller "App\Controllers\admin\Admin" loaded.
INFO - 2021-05-07 21:34:53 --> Controller "App\Controllers\base\Beranda" loaded.
INFO - 2021-05-07 23:37:23 --> Session: Class initialized using 'CodeIgniter\Session\Handlers\FileHandler' driver.
INFO - 2021-05-07 23:37:23 --> Controller "App\Controllers\undangan\Undangan" loaded.
