INFO - 2022-01-14 01:09:48 --> Session: Class initialized using 'CodeIgniter\Session\Handlers\FileHandler' driver.
INFO - 2022-01-14 01:09:48 --> Controller "App\Controllers\base\Order" loaded.
INFO - 2022-01-14 01:09:50 --> Session: Class initialized using 'CodeIgniter\Session\Handlers\FileHandler' driver.
INFO - 2022-01-14 01:09:50 --> Controller "App\Controllers\base\Order" loaded.
INFO - 2022-01-14 01:09:52 --> Session: Class initialized using 'CodeIgniter\Session\Handlers\FileHandler' driver.
INFO - 2022-01-14 01:09:52 --> Controller "App\Controllers\base\Order" loaded.
INFO - 2022-01-14 01:09:55 --> Controller "App\Controllers\base\Beranda" loaded.
INFO - 2022-01-14 01:57:07 --> Controller "App\Controllers\base\Beranda" loaded.
INFO - 2022-01-14 02:50:42 --> Controller "App\Controllers\base\Beranda" loaded.
INFO - 2022-01-14 02:51:30 --> Controller "App\Controllers\base\Beranda" loaded.
INFO - 2022-01-14 02:52:04 --> Controller "App\Controllers\base\Beranda" loaded.
INFO - 2022-01-14 02:52:13 --> Controller "App\Controllers\base\Beranda" loaded.
INFO - 2022-01-14 02:52:21 --> Controller "App\Controllers\base\Beranda" loaded.
INFO - 2022-01-14 02:52:31 --> Session: Class initialized using 'CodeIgniter\Session\Handlers\FileHandler' driver.
INFO - 2022-01-14 02:52:31 --> Controller "App\Controllers\bukutamu\Bukutamu" loaded.
INFO - 2022-01-14 02:53:24 --> Controller "App\Controllers\base\Beranda" loaded.
INFO - 2022-01-14 02:54:13 --> Session: Class initialized using 'CodeIgniter\Session\Handlers\FileHandler' driver.
INFO - 2022-01-14 02:54:13 --> Controller "App\Controllers\undangan\Undangan" loaded.
INFO - 2022-01-14 03:06:58 --> Session: Class initialized using 'CodeIgniter\Session\Handlers\FileHandler' driver.
INFO - 2022-01-14 03:06:58 --> Controller "App\Controllers\undangan\Undangan" loaded.
INFO - 2022-01-14 03:25:29 --> Session: Class initialized using 'CodeIgniter\Session\Handlers\FileHandler' driver.
INFO - 2022-01-14 03:25:29 --> Controller "App\Controllers\bukutamu\Bukutamu" loaded.
INFO - 2022-01-14 04:14:53 --> Controller "App\Controllers\base\Beranda" loaded.
INFO - 2022-01-14 04:18:09 --> Controller "App\Controllers\base\Beranda" loaded.
INFO - 2022-01-14 04:18:09 --> Session: Class initialized using 'CodeIgniter\Session\Handlers\FileHandler' driver.
INFO - 2022-01-14 04:18:09 --> Controller "App\Controllers\undangan\Undangan" loaded.
INFO - 2022-01-14 04:18:09 --> Session: Class initialized using 'CodeIgniter\Session\Handlers\FileHandler' driver.
INFO - 2022-01-14 04:18:09 --> Controller "App\Controllers\bukutamu\Bukutamu" loaded.
INFO - 2022-01-14 04:24:22 --> Session: Class initialized using 'CodeIgniter\Session\Handlers\FileHandler' driver.
INFO - 2022-01-14 04:24:22 --> Controller "App\Controllers\undangan\Undangan" loaded.
INFO - 2022-01-14 04:24:22 --> Session: Class initialized using 'CodeIgniter\Session\Handlers\FileHandler' driver.
INFO - 2022-01-14 04:24:22 --> Controller "App\Controllers\bukutamu\Bukutamu" loaded.
INFO - 2022-01-14 04:24:22 --> Controller "App\Controllers\base\Beranda" loaded.
INFO - 2022-01-14 05:06:27 --> Controller "App\Controllers\base\Beranda" loaded.
INFO - 2022-01-14 07:00:03 --> Controller "App\Controllers\base\Beranda" loaded.
INFO - 2022-01-14 07:10:02 --> Controller "App\Controllers\base\Beranda" loaded.
INFO - 2022-01-14 07:20:02 --> Controller "App\Controllers\base\Beranda" loaded.
INFO - 2022-01-14 07:30:02 --> Controller "App\Controllers\base\Beranda" loaded.
INFO - 2022-01-14 07:40:02 --> Controller "App\Controllers\base\Beranda" loaded.
INFO - 2022-01-14 07:50:03 --> Controller "App\Controllers\base\Beranda" loaded.
INFO - 2022-01-14 08:00:03 --> Controller "App\Controllers\base\Beranda" loaded.
INFO - 2022-01-14 08:10:02 --> Controller "App\Controllers\base\Beranda" loaded.
INFO - 2022-01-14 08:20:03 --> Controller "App\Controllers\base\Beranda" loaded.
INFO - 2022-01-14 08:30:03 --> Controller "App\Controllers\base\Beranda" loaded.
INFO - 2022-01-14 08:40:03 --> Controller "App\Controllers\base\Beranda" loaded.
INFO - 2022-01-14 08:46:43 --> Controller "App\Controllers\base\Beranda" loaded.
INFO - 2022-01-14 08:50:02 --> Controller "App\Controllers\base\Beranda" loaded.
INFO - 2022-01-14 09:00:02 --> Controller "App\Controllers\base\Beranda" loaded.
INFO - 2022-01-14 09:02:02 --> Controller "App\Controllers\base\Beranda" loaded.
INFO - 2022-01-14 09:07:33 --> Controller "App\Controllers\base\Beranda" loaded.
INFO - 2022-01-14 09:10:03 --> Controller "App\Controllers\base\Beranda" loaded.
INFO - 2022-01-14 09:11:10 --> Controller "App\Controllers\base\Beranda" loaded.
INFO - 2022-01-14 09:20:02 --> Controller "App\Controllers\base\Beranda" loaded.
INFO - 2022-01-14 09:30:03 --> Controller "App\Controllers\base\Beranda" loaded.
INFO - 2022-01-14 09:40:03 --> Controller "App\Controllers\base\Beranda" loaded.
INFO - 2022-01-14 09:50:03 --> Controller "App\Controllers\base\Beranda" loaded.
INFO - 2022-01-14 10:00:03 --> Controller "App\Controllers\base\Beranda" loaded.
INFO - 2022-01-14 10:10:02 --> Controller "App\Controllers\base\Beranda" loaded.
INFO - 2022-01-14 10:20:03 --> Controller "App\Controllers\base\Beranda" loaded.
INFO - 2022-01-14 10:30:02 --> Controller "App\Controllers\base\Beranda" loaded.
INFO - 2022-01-14 10:40:03 --> Controller "App\Controllers\base\Beranda" loaded.
INFO - 2022-01-14 10:40:15 --> Controller "App\Controllers\base\Beranda" loaded.
INFO - 2022-01-14 10:50:02 --> Controller "App\Controllers\base\Beranda" loaded.
INFO - 2022-01-14 10:57:56 --> Controller "App\Controllers\base\Beranda" loaded.
INFO - 2022-01-14 11:00:03 --> Controller "App\Controllers\base\Beranda" loaded.
INFO - 2022-01-14 11:01:50 --> Controller "App\Controllers\base\Beranda" loaded.
INFO - 2022-01-14 11:10:03 --> Controller "App\Controllers\base\Beranda" loaded.
INFO - 2022-01-14 11:20:02 --> Controller "App\Controllers\base\Beranda" loaded.
INFO - 2022-01-14 11:24:04 --> Controller "App\Controllers\base\Beranda" loaded.
INFO - 2022-01-14 11:30:03 --> Controller "App\Controllers\base\Beranda" loaded.
INFO - 2022-01-14 11:40:03 --> Controller "App\Controllers\base\Beranda" loaded.
INFO - 2022-01-14 11:50:02 --> Controller "App\Controllers\base\Beranda" loaded.
INFO - 2022-01-14 12:00:02 --> Controller "App\Controllers\base\Beranda" loaded.
INFO - 2022-01-14 12:10:03 --> Controller "App\Controllers\base\Beranda" loaded.
INFO - 2022-01-14 12:20:02 --> Controller "App\Controllers\base\Beranda" loaded.
INFO - 2022-01-14 12:30:02 --> Controller "App\Controllers\base\Beranda" loaded.
INFO - 2022-01-14 12:40:03 --> Controller "App\Controllers\base\Beranda" loaded.
INFO - 2022-01-14 12:50:02 --> Controller "App\Controllers\base\Beranda" loaded.
INFO - 2022-01-14 12:50:11 --> Controller "App\Controllers\base\Beranda" loaded.
INFO - 2022-01-14 13:00:03 --> Controller "App\Controllers\base\Beranda" loaded.
INFO - 2022-01-14 13:10:03 --> Controller "App\Controllers\base\Beranda" loaded.
INFO - 2022-01-14 13:20:03 --> Controller "App\Controllers\base\Beranda" loaded.
INFO - 2022-01-14 13:30:03 --> Controller "App\Controllers\base\Beranda" loaded.
INFO - 2022-01-14 13:40:03 --> Controller "App\Controllers\base\Beranda" loaded.
INFO - 2022-01-14 13:50:02 --> Controller "App\Controllers\base\Beranda" loaded.
INFO - 2022-01-14 14:00:03 --> Controller "App\Controllers\base\Beranda" loaded.
INFO - 2022-01-14 14:10:02 --> Controller "App\Controllers\base\Beranda" loaded.
INFO - 2022-01-14 14:14:38 --> Controller "App\Controllers\base\Beranda" loaded.
INFO - 2022-01-14 14:20:03 --> Controller "App\Controllers\base\Beranda" loaded.
INFO - 2022-01-14 14:27:18 --> Session: Class initialized using 'CodeIgniter\Session\Handlers\FileHandler' driver.
INFO - 2022-01-14 14:27:18 --> Controller "App\Controllers\undangan\Undangan" loaded.
INFO - 2022-01-14 14:28:06 --> Session: Class initialized using 'CodeIgniter\Session\Handlers\FileHandler' driver.
INFO - 2022-01-14 14:28:06 --> Controller "App\Controllers\bukutamu\Bukutamu" loaded.
INFO - 2022-01-14 14:28:16 --> Session: Class initialized using 'CodeIgniter\Session\Handlers\FileHandler' driver.
INFO - 2022-01-14 14:28:16 --> Controller "App\Controllers\bukutamu\Bukutamu" loaded.
INFO - 2022-01-14 14:30:02 --> Controller "App\Controllers\base\Beranda" loaded.
INFO - 2022-01-14 14:40:03 --> Controller "App\Controllers\base\Beranda" loaded.
INFO - 2022-01-14 14:50:03 --> Controller "App\Controllers\base\Beranda" loaded.
INFO - 2022-01-14 15:00:03 --> Controller "App\Controllers\base\Beranda" loaded.
INFO - 2022-01-14 15:10:03 --> Controller "App\Controllers\base\Beranda" loaded.
INFO - 2022-01-14 15:20:02 --> Controller "App\Controllers\base\Beranda" loaded.
INFO - 2022-01-14 15:30:02 --> Controller "App\Controllers\base\Beranda" loaded.
INFO - 2022-01-14 15:33:29 --> Session: Class initialized using 'CodeIgniter\Session\Handlers\FileHandler' driver.
INFO - 2022-01-14 15:33:29 --> Controller "App\Controllers\undangan\Undangan" loaded.
INFO - 2022-01-14 15:40:02 --> Controller "App\Controllers\base\Beranda" loaded.
INFO - 2022-01-14 15:50:03 --> Controller "App\Controllers\base\Beranda" loaded.
INFO - 2022-01-14 16:00:03 --> Controller "App\Controllers\base\Beranda" loaded.
INFO - 2022-01-14 16:10:02 --> Controller "App\Controllers\base\Beranda" loaded.
INFO - 2022-01-14 16:19:06 --> Controller "App\Controllers\base\Beranda" loaded.
INFO - 2022-01-14 16:20:02 --> Controller "App\Controllers\base\Beranda" loaded.
INFO - 2022-01-14 16:30:02 --> Controller "App\Controllers\base\Beranda" loaded.
INFO - 2022-01-14 16:40:02 --> Controller "App\Controllers\base\Beranda" loaded.
INFO - 2022-01-14 16:50:03 --> Controller "App\Controllers\base\Beranda" loaded.
INFO - 2022-01-14 16:54:22 --> Session: Class initialized using 'CodeIgniter\Session\Handlers\FileHandler' driver.
INFO - 2022-01-14 16:54:22 --> Controller "App\Controllers\base\Order" loaded.
INFO - 2022-01-14 17:00:02 --> Controller "App\Controllers\base\Beranda" loaded.
INFO - 2022-01-14 17:09:43 --> Controller "App\Controllers\base\Beranda" loaded.
INFO - 2022-01-14 17:10:02 --> Controller "App\Controllers\base\Beranda" loaded.
INFO - 2022-01-14 17:20:03 --> Controller "App\Controllers\base\Beranda" loaded.
INFO - 2022-01-14 17:30:02 --> Controller "App\Controllers\base\Beranda" loaded.
INFO - 2022-01-14 17:31:53 --> Controller "App\Controllers\base\Beranda" loaded.
INFO - 2022-01-14 17:40:02 --> Controller "App\Controllers\base\Beranda" loaded.
INFO - 2022-01-14 17:50:02 --> Controller "App\Controllers\base\Beranda" loaded.
INFO - 2022-01-14 18:00:03 --> Controller "App\Controllers\base\Beranda" loaded.
INFO - 2022-01-14 18:10:03 --> Controller "App\Controllers\base\Beranda" loaded.
INFO - 2022-01-14 18:20:03 --> Controller "App\Controllers\base\Beranda" loaded.
INFO - 2022-01-14 18:30:02 --> Controller "App\Controllers\base\Beranda" loaded.
INFO - 2022-01-14 18:40:03 --> Controller "App\Controllers\base\Beranda" loaded.
INFO - 2022-01-14 18:50:03 --> Controller "App\Controllers\base\Beranda" loaded.
INFO - 2022-01-14 19:00:03 --> Controller "App\Controllers\base\Beranda" loaded.
INFO - 2022-01-14 19:10:03 --> Controller "App\Controllers\base\Beranda" loaded.
INFO - 2022-01-14 19:16:29 --> Controller "App\Controllers\base\Beranda" loaded.
INFO - 2022-01-14 19:20:03 --> Controller "App\Controllers\base\Beranda" loaded.
INFO - 2022-01-14 19:30:03 --> Controller "App\Controllers\base\Beranda" loaded.
INFO - 2022-01-14 19:40:03 --> Controller "App\Controllers\base\Beranda" loaded.
INFO - 2022-01-14 19:50:02 --> Controller "App\Controllers\base\Beranda" loaded.
INFO - 2022-01-14 19:57:48 --> Session: Class initialized using 'CodeIgniter\Session\Handlers\FileHandler' driver.
INFO - 2022-01-14 19:57:48 --> Controller "App\Controllers\base\Lupa_password" loaded.
INFO - 2022-01-14 19:58:15 --> Session: Class initialized using 'CodeIgniter\Session\Handlers\FileHandler' driver.
INFO - 2022-01-14 19:58:15 --> Controller "App\Controllers\base\Lupa_password" loaded.
INFO - 2022-01-14 20:00:02 --> Controller "App\Controllers\base\Beranda" loaded.
INFO - 2022-01-14 20:08:27 --> Session: Class initialized using 'CodeIgniter\Session\Handlers\FileHandler' driver.
INFO - 2022-01-14 20:08:27 --> Controller "App\Controllers\base\Lupa_password" loaded.
INFO - 2022-01-14 20:08:29 --> Session: Class initialized using 'CodeIgniter\Session\Handlers\FileHandler' driver.
INFO - 2022-01-14 20:08:29 --> Controller "App\Controllers\base\Dashboard" loaded.
INFO - 2022-01-14 20:08:31 --> Session: Class initialized using 'CodeIgniter\Session\Handlers\FileHandler' driver.
INFO - 2022-01-14 20:08:31 --> Controller "App\Controllers\base\Lupa_password" loaded.
INFO - 2022-01-14 20:08:34 --> Session: Class initialized using 'CodeIgniter\Session\Handlers\FileHandler' driver.
INFO - 2022-01-14 20:08:34 --> Controller "App\Controllers\base\Lupa_password" loaded.
INFO - 2022-01-14 20:08:35 --> Session: Class initialized using 'CodeIgniter\Session\Handlers\FileHandler' driver.
INFO - 2022-01-14 20:08:35 --> Controller "App\Controllers\base\Dashboard" loaded.
INFO - 2022-01-14 20:08:37 --> Controller "App\Controllers\base\Beranda" loaded.
INFO - 2022-01-14 20:08:37 --> Controller "App\Controllers\base\Beranda" loaded.
INFO - 2022-01-14 20:10:02 --> Controller "App\Controllers\base\Beranda" loaded.
INFO - 2022-01-14 20:16:32 --> Session: Class initialized using 'CodeIgniter\Session\Handlers\FileHandler' driver.
INFO - 2022-01-14 20:16:32 --> Controller "App\Controllers\base\Lupa_password" loaded.
INFO - 2022-01-14 20:16:37 --> Session: Class initialized using 'CodeIgniter\Session\Handlers\FileHandler' driver.
INFO - 2022-01-14 20:16:37 --> Controller "App\Controllers\base\Lupa_password" loaded.
INFO - 2022-01-14 20:16:39 --> Session: Class initialized using 'CodeIgniter\Session\Handlers\FileHandler' driver.
INFO - 2022-01-14 20:16:39 --> Controller "App\Controllers\base\Dashboard" loaded.
INFO - 2022-01-14 20:18:19 --> Session: Class initialized using 'CodeIgniter\Session\Handlers\FileHandler' driver.
INFO - 2022-01-14 20:18:19 --> Controller "App\Controllers\base\Lupa_password" loaded.
INFO - 2022-01-14 20:18:26 --> Session: Class initialized using 'CodeIgniter\Session\Handlers\FileHandler' driver.
INFO - 2022-01-14 20:18:26 --> Controller "App\Controllers\base\Lupa_password" loaded.
INFO - 2022-01-14 20:18:31 --> Session: Class initialized using 'CodeIgniter\Session\Handlers\FileHandler' driver.
INFO - 2022-01-14 20:18:31 --> Controller "App\Controllers\base\Lupa_password" loaded.
INFO - 2022-01-14 20:18:46 --> Session: Class initialized using 'CodeIgniter\Session\Handlers\FileHandler' driver.
INFO - 2022-01-14 20:18:46 --> Controller "App\Controllers\base\Lupa_password" loaded.
INFO - 2022-01-14 20:18:52 --> Session: Class initialized using 'CodeIgniter\Session\Handlers\FileHandler' driver.
INFO - 2022-01-14 20:18:52 --> Controller "App\Controllers\base\Lupa_password" loaded.
INFO - 2022-01-14 20:20:00 --> Session: Class initialized using 'CodeIgniter\Session\Handlers\FileHandler' driver.
INFO - 2022-01-14 20:20:00 --> Controller "App\Controllers\base\Lupa_password" loaded.
INFO - 2022-01-14 20:20:02 --> Controller "App\Controllers\base\Beranda" loaded.
INFO - 2022-01-14 20:20:06 --> Session: Class initialized using 'CodeIgniter\Session\Handlers\FileHandler' driver.
INFO - 2022-01-14 20:20:06 --> Controller "App\Controllers\base\Lupa_password" loaded.
INFO - 2022-01-14 20:20:10 --> Session: Class initialized using 'CodeIgniter\Session\Handlers\FileHandler' driver.
INFO - 2022-01-14 20:20:10 --> Controller "App\Controllers\base\Lupa_password" loaded.
INFO - 2022-01-14 20:20:16 --> Session: Class initialized using 'CodeIgniter\Session\Handlers\FileHandler' driver.
INFO - 2022-01-14 20:20:16 --> Controller "App\Controllers\base\Lupa_password" loaded.
INFO - 2022-01-14 20:20:40 --> Session: Class initialized using 'CodeIgniter\Session\Handlers\FileHandler' driver.
INFO - 2022-01-14 20:20:40 --> Controller "App\Controllers\base\Lupa_password" loaded.
INFO - 2022-01-14 20:20:45 --> Session: Class initialized using 'CodeIgniter\Session\Handlers\FileHandler' driver.
INFO - 2022-01-14 20:20:45 --> Controller "App\Controllers\base\Lupa_password" loaded.
INFO - 2022-01-14 20:20:50 --> Session: Class initialized using 'CodeIgniter\Session\Handlers\FileHandler' driver.
INFO - 2022-01-14 20:20:50 --> Controller "App\Controllers\base\Lupa_password" loaded.
INFO - 2022-01-14 20:21:30 --> Session: Class initialized using 'CodeIgniter\Session\Handlers\FileHandler' driver.
INFO - 2022-01-14 20:21:30 --> Controller "App\Controllers\base\Lupa_password" loaded.
INFO - 2022-01-14 20:21:33 --> Session: Class initialized using 'CodeIgniter\Session\Handlers\FileHandler' driver.
INFO - 2022-01-14 20:21:33 --> Controller "App\Controllers\base\Lupa_password" loaded.
INFO - 2022-01-14 20:21:38 --> Session: Class initialized using 'CodeIgniter\Session\Handlers\FileHandler' driver.
INFO - 2022-01-14 20:21:38 --> Controller "App\Controllers\base\Lupa_password" loaded.
INFO - 2022-01-14 20:25:29 --> Session: Class initialized using 'CodeIgniter\Session\Handlers\FileHandler' driver.
INFO - 2022-01-14 20:25:29 --> Controller "App\Controllers\base\Dashboard" loaded.
INFO - 2022-01-14 20:25:32 --> Session: Class initialized using 'CodeIgniter\Session\Handlers\FileHandler' driver.
INFO - 2022-01-14 20:25:32 --> Controller "App\Controllers\base\Lupa_password" loaded.
INFO - 2022-01-14 20:25:35 --> Session: Class initialized using 'CodeIgniter\Session\Handlers\FileHandler' driver.
INFO - 2022-01-14 20:25:35 --> Controller "App\Controllers\base\Lupa_password" loaded.
INFO - 2022-01-14 20:25:36 --> Session: Class initialized using 'CodeIgniter\Session\Handlers\FileHandler' driver.
INFO - 2022-01-14 20:25:36 --> Controller "App\Controllers\base\Dashboard" loaded.
INFO - 2022-01-14 20:25:36 --> Controller "App\Controllers\base\Beranda" loaded.
INFO - 2022-01-14 20:25:37 --> Controller "App\Controllers\base\Beranda" loaded.
INFO - 2022-01-14 20:28:05 --> Session: Class initialized using 'CodeIgniter\Session\Handlers\FileHandler' driver.
INFO - 2022-01-14 20:28:05 --> Controller "App\Controllers\undangan\Undangan" loaded.
INFO - 2022-01-14 20:28:30 --> Session: Class initialized using 'CodeIgniter\Session\Handlers\FileHandler' driver.
INFO - 2022-01-14 20:28:30 --> Controller "App\Controllers\undangan\Undangan" loaded.
INFO - 2022-01-14 20:30:02 --> Controller "App\Controllers\base\Beranda" loaded.
INFO - 2022-01-14 20:40:02 --> Controller "App\Controllers\base\Beranda" loaded.
INFO - 2022-01-14 20:50:03 --> Controller "App\Controllers\base\Beranda" loaded.
INFO - 2022-01-14 21:00:03 --> Controller "App\Controllers\base\Beranda" loaded.
INFO - 2022-01-14 21:02:29 --> Session: Class initialized using 'CodeIgniter\Session\Handlers\FileHandler' driver.
INFO - 2022-01-14 21:02:29 --> Controller "App\Controllers\base\Dashboard" loaded.
INFO - 2022-01-14 21:02:37 --> Session: Class initialized using 'CodeIgniter\Session\Handlers\FileHandler' driver.
INFO - 2022-01-14 21:02:37 --> Controller "App\Controllers\base\Lupa_password" loaded.
INFO - 2022-01-14 21:04:57 --> Session: Class initialized using 'CodeIgniter\Session\Handlers\FileHandler' driver.
INFO - 2022-01-14 21:04:57 --> Controller "App\Controllers\base\Lupa_password" loaded.
INFO - 2022-01-14 21:04:58 --> Session: Class initialized using 'CodeIgniter\Session\Handlers\FileHandler' driver.
INFO - 2022-01-14 21:04:58 --> Controller "App\Controllers\base\Dashboard" loaded.
INFO - 2022-01-14 21:05:01 --> Controller "App\Controllers\base\Beranda" loaded.
INFO - 2022-01-14 21:05:01 --> Controller "App\Controllers\base\Beranda" loaded.
INFO - 2022-01-14 21:07:21 --> Session: Class initialized using 'CodeIgniter\Session\Handlers\FileHandler' driver.
INFO - 2022-01-14 21:07:21 --> Controller "App\Controllers\base\Lupa_password" loaded.
INFO - 2022-01-14 21:07:26 --> Session: Class initialized using 'CodeIgniter\Session\Handlers\FileHandler' driver.
INFO - 2022-01-14 21:07:26 --> Controller "App\Controllers\base\Lupa_password" loaded.
CRITICAL - 2022-01-14 21:07:26 --> Call to undefined function App\Models\base\CURDATE()
#0 /home/nguh5634/public_html/app/Controllers/base/Lupa_password.php(36): App\Models\base\DashboardModel->token_reset('0795d19a54fbe82...', '48')
#1 /home/nguh5634/public_html/system/CodeIgniter.php(910): App\Controllers\base\Lupa_password->do_kirim()
#2 /home/nguh5634/public_html/system/CodeIgniter.php(398): CodeIgniter\CodeIgniter->runController(Object(App\Controllers\base\Lupa_password))
#3 /home/nguh5634/public_html/system/CodeIgniter.php(306): CodeIgniter\CodeIgniter->handleRequest(NULL, Object(Config\Cache), false)
#4 /home/nguh5634/public_html/index.php(45): CodeIgniter\CodeIgniter->run()
#5 {main}
INFO - 2022-01-14 21:10:02 --> Controller "App\Controllers\base\Beranda" loaded.
INFO - 2022-01-14 21:11:02 --> Session: Class initialized using 'CodeIgniter\Session\Handlers\FileHandler' driver.
INFO - 2022-01-14 21:11:02 --> Controller "App\Controllers\base\Lupa_password" loaded.
INFO - 2022-01-14 21:11:03 --> Session: Class initialized using 'CodeIgniter\Session\Handlers\FileHandler' driver.
INFO - 2022-01-14 21:11:03 --> Controller "App\Controllers\base\Dashboard" loaded.
INFO - 2022-01-14 21:11:07 --> Controller "App\Controllers\base\Beranda" loaded.
INFO - 2022-01-14 21:11:08 --> Controller "App\Controllers\base\Beranda" loaded.
INFO - 2022-01-14 21:12:34 --> Session: Class initialized using 'CodeIgniter\Session\Handlers\FileHandler' driver.
INFO - 2022-01-14 21:12:34 --> Controller "App\Controllers\base\Lupa_password" loaded.
INFO - 2022-01-14 21:12:37 --> Session: Class initialized using 'CodeIgniter\Session\Handlers\FileHandler' driver.
INFO - 2022-01-14 21:12:37 --> Controller "App\Controllers\base\Lupa_password" loaded.
CRITICAL - 2022-01-14 21:12:37 --> Call to undefined function App\Models\base\CURDATE()
#0 /home/nguh5634/public_html/app/Controllers/base/Lupa_password.php(36): App\Models\base\DashboardModel->token_reset('674cfb9bade453c...', '48')
#1 /home/nguh5634/public_html/system/CodeIgniter.php(910): App\Controllers\base\Lupa_password->do_kirim()
#2 /home/nguh5634/public_html/system/CodeIgniter.php(398): CodeIgniter\CodeIgniter->runController(Object(App\Controllers\base\Lupa_password))
#3 /home/nguh5634/public_html/system/CodeIgniter.php(306): CodeIgniter\CodeIgniter->handleRequest(NULL, Object(Config\Cache), false)
#4 /home/nguh5634/public_html/index.php(45): CodeIgniter\CodeIgniter->run()
#5 {main}
INFO - 2022-01-14 21:12:59 --> Session: Class initialized using 'CodeIgniter\Session\Handlers\FileHandler' driver.
INFO - 2022-01-14 21:12:59 --> Controller "App\Controllers\base\Lupa_password" loaded.
CRITICAL - 2022-01-14 21:12:59 --> Use of undefined constant NOW - assumed 'NOW' (this will throw an Error in a future version of PHP)
#0 /home/nguh5634/public_html/app/Models/base/DashboardModel.php(423): CodeIgniter\Debug\Exceptions->errorHandler(2, 'Use of undefine...', '/home/nguh5634/...', 423, Array)
#1 /home/nguh5634/public_html/app/Controllers/base/Lupa_password.php(36): App\Models\base\DashboardModel->token_reset('156e822028df9d4...', '48')
#2 /home/nguh5634/public_html/system/CodeIgniter.php(910): App\Controllers\base\Lupa_password->do_kirim()
#3 /home/nguh5634/public_html/system/CodeIgniter.php(398): CodeIgniter\CodeIgniter->runController(Object(App\Controllers\base\Lupa_password))
#4 /home/nguh5634/public_html/system/CodeIgniter.php(306): CodeIgniter\CodeIgniter->handleRequest(NULL, Object(Config\Cache), false)
#5 /home/nguh5634/public_html/index.php(45): CodeIgniter\CodeIgniter->run()
#6 {main}
INFO - 2022-01-14 21:13:11 --> Session: Class initialized using 'CodeIgniter\Session\Handlers\FileHandler' driver.
INFO - 2022-01-14 21:13:11 --> Controller "App\Controllers\base\Lupa_password" loaded.
CRITICAL - 2022-01-14 21:13:11 --> Call to undefined function App\Models\base\NOW()
#0 /home/nguh5634/public_html/app/Controllers/base/Lupa_password.php(36): App\Models\base\DashboardModel->token_reset('c7c5d2791518492...', '48')
#1 /home/nguh5634/public_html/system/CodeIgniter.php(910): App\Controllers\base\Lupa_password->do_kirim()
#2 /home/nguh5634/public_html/system/CodeIgniter.php(398): CodeIgniter\CodeIgniter->runController(Object(App\Controllers\base\Lupa_password))
#3 /home/nguh5634/public_html/system/CodeIgniter.php(306): CodeIgniter\CodeIgniter->handleRequest(NULL, Object(Config\Cache), false)
#4 /home/nguh5634/public_html/index.php(45): CodeIgniter\CodeIgniter->run()
#5 {main}
INFO - 2022-01-14 21:14:00 --> Session: Class initialized using 'CodeIgniter\Session\Handlers\FileHandler' driver.
INFO - 2022-01-14 21:14:00 --> Controller "App\Controllers\base\Lupa_password" loaded.
CRITICAL - 2022-01-14 21:14:00 --> Call to undefined function App\Models\base\NOW()
#0 /home/nguh5634/public_html/app/Controllers/base/Lupa_password.php(36): App\Models\base\DashboardModel->token_reset('7ed7c670db52f2c...', '48')
#1 /home/nguh5634/public_html/system/CodeIgniter.php(910): App\Controllers\base\Lupa_password->do_kirim()
#2 /home/nguh5634/public_html/system/CodeIgniter.php(398): CodeIgniter\CodeIgniter->runController(Object(App\Controllers\base\Lupa_password))
#3 /home/nguh5634/public_html/system/CodeIgniter.php(306): CodeIgniter\CodeIgniter->handleRequest(NULL, Object(Config\Cache), false)
#4 /home/nguh5634/public_html/index.php(45): CodeIgniter\CodeIgniter->run()
#5 {main}
INFO - 2022-01-14 21:14:24 --> Session: Class initialized using 'CodeIgniter\Session\Handlers\FileHandler' driver.
INFO - 2022-01-14 21:14:24 --> Controller "App\Controllers\base\Lupa_password" loaded.
CRITICAL - 2022-01-14 21:14:24 --> Call to undefined function App\Models\base\CURDATE()
#0 /home/nguh5634/public_html/app/Controllers/base/Lupa_password.php(36): App\Models\base\DashboardModel->token_reset('1249ae4ca96296a...', '48')
#1 /home/nguh5634/public_html/system/CodeIgniter.php(910): App\Controllers\base\Lupa_password->do_kirim()
#2 /home/nguh5634/public_html/system/CodeIgniter.php(398): CodeIgniter\CodeIgniter->runController(Object(App\Controllers\base\Lupa_password))
#3 /home/nguh5634/public_html/system/CodeIgniter.php(306): CodeIgniter\CodeIgniter->handleRequest(NULL, Object(Config\Cache), false)
#4 /home/nguh5634/public_html/index.php(45): CodeIgniter\CodeIgniter->run()
#5 {main}
INFO - 2022-01-14 21:14:26 --> Session: Class initialized using 'CodeIgniter\Session\Handlers\FileHandler' driver.
INFO - 2022-01-14 21:14:26 --> Controller "App\Controllers\base\Lupa_password" loaded.
INFO - 2022-01-14 21:14:28 --> Session: Class initialized using 'CodeIgniter\Session\Handlers\FileHandler' driver.
INFO - 2022-01-14 21:14:28 --> Controller "App\Controllers\base\Lupa_password" loaded.
CRITICAL - 2022-01-14 21:14:28 --> Call to undefined function App\Models\base\CURDATE()
#0 /home/nguh5634/public_html/app/Controllers/base/Lupa_password.php(36): App\Models\base\DashboardModel->token_reset('ea1f1db9922871d...', '48')
#1 /home/nguh5634/public_html/system/CodeIgniter.php(910): App\Controllers\base\Lupa_password->do_kirim()
#2 /home/nguh5634/public_html/system/CodeIgniter.php(398): CodeIgniter\CodeIgniter->runController(Object(App\Controllers\base\Lupa_password))
#3 /home/nguh5634/public_html/system/CodeIgniter.php(306): CodeIgniter\CodeIgniter->handleRequest(NULL, Object(Config\Cache), false)
#4 /home/nguh5634/public_html/index.php(45): CodeIgniter\CodeIgniter->run()
#5 {main}
INFO - 2022-01-14 21:14:53 --> Session: Class initialized using 'CodeIgniter\Session\Handlers\FileHandler' driver.
INFO - 2022-01-14 21:14:53 --> Controller "App\Controllers\base\Lupa_password" loaded.
CRITICAL - 2022-01-14 21:14:53 --> Use of undefined constant NOW - assumed 'NOW' (this will throw an Error in a future version of PHP)
#0 /home/nguh5634/public_html/app/Models/base/DashboardModel.php(423): CodeIgniter\Debug\Exceptions->errorHandler(2, 'Use of undefine...', '/home/nguh5634/...', 423, Array)
#1 /home/nguh5634/public_html/app/Controllers/base/Lupa_password.php(36): App\Models\base\DashboardModel->token_reset('fe6a96e3dd5150d...', '48')
#2 /home/nguh5634/public_html/system/CodeIgniter.php(910): App\Controllers\base\Lupa_password->do_kirim()
#3 /home/nguh5634/public_html/system/CodeIgniter.php(398): CodeIgniter\CodeIgniter->runController(Object(App\Controllers\base\Lupa_password))
#4 /home/nguh5634/public_html/system/CodeIgniter.php(306): CodeIgniter\CodeIgniter->handleRequest(NULL, Object(Config\Cache), false)
#5 /home/nguh5634/public_html/index.php(45): CodeIgniter\CodeIgniter->run()
#6 {main}
INFO - 2022-01-14 21:16:36 --> Session: Class initialized using 'CodeIgniter\Session\Handlers\FileHandler' driver.
INFO - 2022-01-14 21:16:36 --> Controller "App\Controllers\base\Lupa_password" loaded.
INFO - 2022-01-14 21:16:41 --> Session: Class initialized using 'CodeIgniter\Session\Handlers\FileHandler' driver.
INFO - 2022-01-14 21:16:41 --> Controller "App\Controllers\base\Lupa_password" loaded.
INFO - 2022-01-14 21:16:47 --> Session: Class initialized using 'CodeIgniter\Session\Handlers\FileHandler' driver.
INFO - 2022-01-14 21:16:47 --> Controller "App\Controllers\base\Lupa_password" loaded.
INFO - 2022-01-14 21:16:48 --> Session: Class initialized using 'CodeIgniter\Session\Handlers\FileHandler' driver.
INFO - 2022-01-14 21:16:48 --> Controller "App\Controllers\base\Dashboard" loaded.
INFO - 2022-01-14 21:16:51 --> Controller "App\Controllers\base\Beranda" loaded.
INFO - 2022-01-14 21:16:51 --> Controller "App\Controllers\base\Beranda" loaded.
INFO - 2022-01-14 21:17:02 --> Controller "App\Controllers\base\Beranda" loaded.
INFO - 2022-01-14 21:18:14 --> Session: Class initialized using 'CodeIgniter\Session\Handlers\FileHandler' driver.
INFO - 2022-01-14 21:18:14 --> Controller "App\Controllers\base\Lupa_password" loaded.
INFO - 2022-01-14 21:18:52 --> Session: Class initialized using 'CodeIgniter\Session\Handlers\FileHandler' driver.
INFO - 2022-01-14 21:18:52 --> Controller "App\Controllers\base\Lupa_password" loaded.
INFO - 2022-01-14 21:19:01 --> Session: Class initialized using 'CodeIgniter\Session\Handlers\FileHandler' driver.
INFO - 2022-01-14 21:19:01 --> Controller "App\Controllers\base\Lupa_password" loaded.
INFO - 2022-01-14 21:19:01 --> Session: Class initialized using 'CodeIgniter\Session\Handlers\FileHandler' driver.
INFO - 2022-01-14 21:19:01 --> Controller "App\Controllers\base\Lupa_password" loaded.
INFO - 2022-01-14 21:20:03 --> Controller "App\Controllers\base\Beranda" loaded.
INFO - 2022-01-14 21:24:05 --> Session: Class initialized using 'CodeIgniter\Session\Handlers\FileHandler' driver.
INFO - 2022-01-14 21:24:05 --> Controller "App\Controllers\base\Lupa_password" loaded.
INFO - 2022-01-14 21:24:12 --> Session: Class initialized using 'CodeIgniter\Session\Handlers\FileHandler' driver.
INFO - 2022-01-14 21:24:12 --> Controller "App\Controllers\base\Lupa_password" loaded.
INFO - 2022-01-14 21:24:12 --> Session: Class initialized using 'CodeIgniter\Session\Handlers\FileHandler' driver.
INFO - 2022-01-14 21:24:12 --> Controller "App\Controllers\base\Lupa_password" loaded.
INFO - 2022-01-14 21:26:29 --> Session: Class initialized using 'CodeIgniter\Session\Handlers\FileHandler' driver.
INFO - 2022-01-14 21:26:29 --> Controller "App\Controllers\base\Lupa_password" loaded.
INFO - 2022-01-14 21:26:33 --> Session: Class initialized using 'CodeIgniter\Session\Handlers\FileHandler' driver.
INFO - 2022-01-14 21:26:33 --> Controller "App\Controllers\base\Lupa_password" loaded.
INFO - 2022-01-14 21:26:38 --> Session: Class initialized using 'CodeIgniter\Session\Handlers\FileHandler' driver.
INFO - 2022-01-14 21:26:38 --> Controller "App\Controllers\base\Lupa_password" loaded.
INFO - 2022-01-14 21:26:38 --> Session: Class initialized using 'CodeIgniter\Session\Handlers\FileHandler' driver.
INFO - 2022-01-14 21:26:38 --> Controller "App\Controllers\base\Lupa_password" loaded.
INFO - 2022-01-14 21:26:52 --> Controller "App\Controllers\base\Beranda" loaded.
INFO - 2022-01-14 21:26:58 --> Controller "App\Controllers\base\Beranda" loaded.
INFO - 2022-01-14 21:27:12 --> Session: Class initialized using 'CodeIgniter\Session\Handlers\FileHandler' driver.
INFO - 2022-01-14 21:27:12 --> Controller "App\Controllers\base\Lupa_password" loaded.
INFO - 2022-01-14 21:27:17 --> Session: Class initialized using 'CodeIgniter\Session\Handlers\FileHandler' driver.
INFO - 2022-01-14 21:27:17 --> Controller "App\Controllers\base\Lupa_password" loaded.
INFO - 2022-01-14 21:27:30 --> Session: Class initialized using 'CodeIgniter\Session\Handlers\FileHandler' driver.
INFO - 2022-01-14 21:27:30 --> Controller "App\Controllers\base\Lupa_password" loaded.
INFO - 2022-01-14 21:29:00 --> Session: Class initialized using 'CodeIgniter\Session\Handlers\FileHandler' driver.
INFO - 2022-01-14 21:29:00 --> Controller "App\Controllers\base\Lupa_password" loaded.
INFO - 2022-01-14 21:29:05 --> Session: Class initialized using 'CodeIgniter\Session\Handlers\FileHandler' driver.
INFO - 2022-01-14 21:29:05 --> Controller "App\Controllers\base\Lupa_password" loaded.
INFO - 2022-01-14 21:29:14 --> Session: Class initialized using 'CodeIgniter\Session\Handlers\FileHandler' driver.
INFO - 2022-01-14 21:29:14 --> Controller "App\Controllers\base\Lupa_password" loaded.
INFO - 2022-01-14 21:29:15 --> Session: Class initialized using 'CodeIgniter\Session\Handlers\FileHandler' driver.
INFO - 2022-01-14 21:29:15 --> Controller "App\Controllers\base\Lupa_password" loaded.
INFO - 2022-01-14 21:29:25 --> Session: Class initialized using 'CodeIgniter\Session\Handlers\FileHandler' driver.
INFO - 2022-01-14 21:29:25 --> Controller "App\Controllers\base\Lupa_password" loaded.
INFO - 2022-01-14 21:29:25 --> Session: Class initialized using 'CodeIgniter\Session\Handlers\FileHandler' driver.
INFO - 2022-01-14 21:29:25 --> Controller "App\Controllers\base\Dashboard" loaded.
INFO - 2022-01-14 21:29:40 --> Session: Class initialized using 'CodeIgniter\Session\Handlers\FileHandler' driver.
INFO - 2022-01-14 21:29:40 --> Controller "App\Controllers\base\Dashboard" loaded.
INFO - 2022-01-14 21:29:40 --> Session: Class initialized using 'CodeIgniter\Session\Handlers\FileHandler' driver.
INFO - 2022-01-14 21:29:40 --> Controller "App\Controllers\base\Dashboard" loaded.
INFO - 2022-01-14 21:30:02 --> Controller "App\Controllers\base\Beranda" loaded.
INFO - 2022-01-14 21:30:40 --> Session: Class initialized using 'CodeIgniter\Session\Handlers\FileHandler' driver.
INFO - 2022-01-14 21:30:40 --> Controller "App\Controllers\base\Dashboard" loaded.
INFO - 2022-01-14 21:30:40 --> Session: Class initialized using 'CodeIgniter\Session\Handlers\FileHandler' driver.
INFO - 2022-01-14 21:30:40 --> Controller "App\Controllers\base\Dashboard" loaded.
INFO - 2022-01-14 21:30:45 --> Session: Class initialized using 'CodeIgniter\Session\Handlers\FileHandler' driver.
INFO - 2022-01-14 21:30:45 --> Controller "App\Controllers\base\Dashboard" loaded.
INFO - 2022-01-14 21:30:45 --> Session: Class initialized using 'CodeIgniter\Session\Handlers\FileHandler' driver.
INFO - 2022-01-14 21:30:45 --> Controller "App\Controllers\base\Dashboard" loaded.
INFO - 2022-01-14 21:30:48 --> Session: Class initialized using 'CodeIgniter\Session\Handlers\FileHandler' driver.
INFO - 2022-01-14 21:30:48 --> Controller "App\Controllers\base\Lupa_password" loaded.
INFO - 2022-01-14 21:30:53 --> Session: Class initialized using 'CodeIgniter\Session\Handlers\FileHandler' driver.
INFO - 2022-01-14 21:30:53 --> Controller "App\Controllers\base\Lupa_password" loaded.
INFO - 2022-01-14 21:30:54 --> Session: Class initialized using 'CodeIgniter\Session\Handlers\FileHandler' driver.
INFO - 2022-01-14 21:30:54 --> Controller "App\Controllers\base\Dashboard" loaded.
INFO - 2022-01-14 21:30:55 --> Session: Class initialized using 'CodeIgniter\Session\Handlers\FileHandler' driver.
INFO - 2022-01-14 21:30:55 --> Controller "App\Controllers\base\Lupa_password" loaded.
INFO - 2022-01-14 22:00:03 --> Controller "App\Controllers\base\Beranda" loaded.
INFO - 2022-01-14 22:10:02 --> Controller "App\Controllers\base\Beranda" loaded.
INFO - 2022-01-14 22:16:00 --> Controller "App\Controllers\base\Beranda" loaded.
INFO - 2022-01-14 22:17:16 --> Session: Class initialized using 'CodeIgniter\Session\Handlers\FileHandler' driver.
INFO - 2022-01-14 22:17:16 --> Controller "App\Controllers\base\Dashboard" loaded.
INFO - 2022-01-14 22:17:18 --> Session: Class initialized using 'CodeIgniter\Session\Handlers\FileHandler' driver.
INFO - 2022-01-14 22:17:18 --> Controller "App\Controllers\base\Lupa_password" loaded.
INFO - 2022-01-14 22:17:30 --> Session: Class initialized using 'CodeIgniter\Session\Handlers\FileHandler' driver.
INFO - 2022-01-14 22:17:30 --> Controller "App\Controllers\base\Lupa_password" loaded.
INFO - 2022-01-14 22:17:31 --> Session: Class initialized using 'CodeIgniter\Session\Handlers\FileHandler' driver.
INFO - 2022-01-14 22:17:31 --> Controller "App\Controllers\base\Dashboard" loaded.
INFO - 2022-01-14 22:18:15 --> Session: Class initialized using 'CodeIgniter\Session\Handlers\FileHandler' driver.
INFO - 2022-01-14 22:18:15 --> Controller "App\Controllers\base\Lupa_password" loaded.
INFO - 2022-01-14 22:18:15 --> Session: Class initialized using 'CodeIgniter\Session\Handlers\FileHandler' driver.
INFO - 2022-01-14 22:18:15 --> Controller "App\Controllers\base\Lupa_password" loaded.
INFO - 2022-01-14 22:18:22 --> Session: Class initialized using 'CodeIgniter\Session\Handlers\FileHandler' driver.
INFO - 2022-01-14 22:18:22 --> Controller "App\Controllers\base\Dashboard" loaded.
INFO - 2022-01-14 22:18:29 --> Session: Class initialized using 'CodeIgniter\Session\Handlers\FileHandler' driver.
INFO - 2022-01-14 22:18:29 --> Controller "App\Controllers\base\Lupa_password" loaded.
INFO - 2022-01-14 22:20:03 --> Controller "App\Controllers\base\Beranda" loaded.
INFO - 2022-01-14 22:30:02 --> Controller "App\Controllers\base\Beranda" loaded.
INFO - 2022-01-14 22:40:03 --> Controller "App\Controllers\base\Beranda" loaded.
INFO - 2022-01-14 22:50:02 --> Controller "App\Controllers\base\Beranda" loaded.
INFO - 2022-01-14 23:00:00 --> Session: Class initialized using 'CodeIgniter\Session\Handlers\FileHandler' driver.
INFO - 2022-01-14 23:00:00 --> Controller "App\Controllers\base\Lupa_password" loaded.
INFO - 2022-01-14 23:00:01 --> Session: Class initialized using 'CodeIgniter\Session\Handlers\FileHandler' driver.
INFO - 2022-01-14 23:00:01 --> Controller "App\Controllers\base\Lupa_password" loaded.
INFO - 2022-01-14 23:38:30 --> Controller "App\Controllers\base\Beranda" loaded.
INFO - 2022-01-14 23:52:54 --> Session: Class initialized using 'CodeIgniter\Session\Handlers\FileHandler' driver.
INFO - 2022-01-14 23:52:54 --> Controller "App\Controllers\base\Lupa_password" loaded.
INFO - 2022-01-14 23:52:55 --> Session: Class initialized using 'CodeIgniter\Session\Handlers\FileHandler' driver.
INFO - 2022-01-14 23:52:55 --> Controller "App\Controllers\base\Lupa_password" loaded.
INFO - 2022-01-14 23:53:45 --> Session: Class initialized using 'CodeIgniter\Session\Handlers\FileHandler' driver.
INFO - 2022-01-14 23:53:45 --> Session: Class initialized using 'CodeIgniter\Session\Handlers\FileHandler' driver.
INFO - 2022-01-14 23:53:45 --> Controller "App\Controllers\bukutamu\Bukutamu" loaded.
INFO - 2022-01-14 23:53:45 --> Controller "App\Controllers\bukutamu\Bukutamu" loaded.
INFO - 2022-01-14 23:53:45 --> Session: Class initialized using 'CodeIgniter\Session\Handlers\FileHandler' driver.
INFO - 2022-01-14 23:53:45 --> Controller "App\Controllers\bukutamu\Bukutamu" loaded.
INFO - 2022-01-14 23:53:45 --> Session: Class initialized using 'CodeIgniter\Session\Handlers\FileHandler' driver.
INFO - 2022-01-14 23:53:45 --> Controller "App\Controllers\bukutamu\Bukutamu" loaded.
INFO - 2022-01-14 23:53:45 --> Controller "App\Controllers\base\Beranda" loaded.
INFO - 2022-01-14 23:53:45 --> Session: Class initialized using 'CodeIgniter\Session\Handlers\FileHandler' driver.
INFO - 2022-01-14 23:53:45 --> Controller "App\Controllers\bukutamu\Bukutamu" loaded.
INFO - 2022-01-14 23:53:45 --> Controller "App\Controllers\base\Beranda" loaded.
INFO - 2022-01-14 23:53:45 --> Session: Class initialized using 'CodeIgniter\Session\Handlers\FileHandler' driver.
INFO - 2022-01-14 23:53:45 --> Controller "App\Controllers\undangan\Undangan" loaded.
INFO - 2022-01-14 23:53:45 --> Session: Class initialized using 'CodeIgniter\Session\Handlers\FileHandler' driver.
INFO - 2022-01-14 23:53:45 --> Controller "App\Controllers\undangan\Undangan" loaded.
INFO - 2022-01-14 23:53:45 --> Session: Class initialized using 'CodeIgniter\Session\Handlers\FileHandler' driver.
INFO - 2022-01-14 23:53:45 --> Controller "App\Controllers\bukutamu\Bukutamu" loaded.
INFO - 2022-01-14 23:53:45 --> Session: Class initialized using 'CodeIgniter\Session\Handlers\FileHandler' driver.
INFO - 2022-01-14 23:53:45 --> Controller "App\Controllers\bukutamu\Bukutamu" loaded.
INFO - 2022-01-14 23:53:46 --> Controller "App\Controllers\base\Beranda" loaded.
INFO - 2022-01-14 23:53:47 --> Session: Class initialized using 'CodeIgniter\Session\Handlers\FileHandler' driver.
INFO - 2022-01-14 23:53:47 --> Controller "App\Controllers\bukutamu\Bukutamu" loaded.
