INFO - 2021-05-13 01:32:15 --> Session: Class initialized using 'CodeIgniter\Session\Handlers\FileHandler' driver.
INFO - 2021-05-13 01:32:15 --> Controller "App\Controllers\admin\Admin" loaded.
INFO - 2021-05-13 03:31:46 --> Controller "App\Controllers\base\Beranda" loaded.
INFO - 2021-05-13 03:42:08 --> Controller "App\Controllers\base\Beranda" loaded.
INFO - 2021-05-13 03:44:29 --> Controller "App\Controllers\base\Beranda" loaded.
INFO - 2021-05-13 04:29:09 --> Controller "App\Controllers\base\Beranda" loaded.
INFO - 2021-05-13 04:32:53 --> Controller "App\Controllers\base\Beranda" loaded.
INFO - 2021-05-13 04:40:31 --> Controller "App\Controllers\base\Beranda" loaded.
INFO - 2021-05-13 04:40:31 --> Controller "App\Controllers\base\Beranda" loaded.
INFO - 2021-05-13 04:40:32 --> Controller "App\Controllers\base\Beranda" loaded.
INFO - 2021-05-13 04:40:34 --> Controller "App\Controllers\base\Beranda" loaded.
INFO - 2021-05-13 05:24:11 --> Session: Class initialized using 'CodeIgniter\Session\Handlers\FileHandler' driver.
INFO - 2021-05-13 05:24:12 --> Controller "App\Controllers\base\Dashboard" loaded.
INFO - 2021-05-13 06:09:05 --> Controller "App\Controllers\base\Beranda" loaded.
INFO - 2021-05-13 06:16:10 --> Session: Class initialized using 'CodeIgniter\Session\Handlers\FileHandler' driver.
INFO - 2021-05-13 06:16:10 --> Controller "App\Controllers\base\Dashboard" loaded.
INFO - 2021-05-13 06:27:07 --> Controller "App\Controllers\base\Beranda" loaded.
INFO - 2021-05-13 06:30:57 --> Controller "App\Controllers\base\Beranda" loaded.
INFO - 2021-05-13 08:00:03 --> Controller "App\Controllers\base\Beranda" loaded.
INFO - 2021-05-13 08:06:59 --> Controller "App\Controllers\base\Beranda" loaded.
INFO - 2021-05-13 09:21:59 --> Session: Class initialized using 'CodeIgniter\Session\Handlers\FileHandler' driver.
INFO - 2021-05-13 09:21:59 --> Controller "App\Controllers\undangan\Undangan" loaded.
INFO - 2021-05-13 09:56:08 --> Controller "App\Controllers\base\Beranda" loaded.
INFO - 2021-05-13 09:58:54 --> Controller "App\Controllers\base\Beranda" loaded.
INFO - 2021-05-13 09:59:10 --> Controller "App\Controllers\base\Beranda" loaded.
INFO - 2021-05-13 09:59:22 --> Session: Class initialized using 'CodeIgniter\Session\Handlers\FileHandler' driver.
INFO - 2021-05-13 09:59:22 --> Controller "App\Controllers\base\Order" loaded.
INFO - 2021-05-13 09:59:24 --> Controller "App\Controllers\base\Beranda" loaded.
INFO - 2021-05-13 12:29:37 --> Controller "App\Controllers\base\Beranda" loaded.
INFO - 2021-05-13 13:41:44 --> Controller "App\Controllers\base\Beranda" loaded.
INFO - 2021-05-13 13:46:21 --> Session: Class initialized using 'CodeIgniter\Session\Handlers\FileHandler' driver.
INFO - 2021-05-13 13:46:21 --> Controller "App\Controllers\undangan\Undangan" loaded.
INFO - 2021-05-13 13:59:12 --> Session: Class initialized using 'CodeIgniter\Session\Handlers\FileHandler' driver.
INFO - 2021-05-13 13:59:12 --> Controller "App\Controllers\base\Dashboard" loaded.
INFO - 2021-05-13 14:23:52 --> Controller "App\Controllers\base\Beranda" loaded.
INFO - 2021-05-13 14:28:41 --> Session: Class initialized using 'CodeIgniter\Session\Handlers\FileHandler' driver.
INFO - 2021-05-13 14:28:41 --> Controller "App\Controllers\base\Dashboard" loaded.
INFO - 2021-05-13 17:50:44 --> Session: Class initialized using 'CodeIgniter\Session\Handlers\FileHandler' driver.
INFO - 2021-05-13 17:50:44 --> Controller "App\Controllers\bukutamu\Bukutamu" loaded.
INFO - 2021-05-13 17:50:48 --> Session: Class initialized using 'CodeIgniter\Session\Handlers\FileHandler' driver.
INFO - 2021-05-13 17:50:48 --> Controller "App\Controllers\bukutamu\Bukutamu" loaded.
INFO - 2021-05-13 17:50:55 --> Session: Class initialized using 'CodeIgniter\Session\Handlers\FileHandler' driver.
INFO - 2021-05-13 17:50:55 --> Controller "App\Controllers\bukutamu\Bukutamu" loaded.
INFO - 2021-05-13 18:09:07 --> Controller "App\Controllers\base\Beranda" loaded.
INFO - 2021-05-13 18:52:30 --> Controller "App\Controllers\base\Beranda" loaded.
INFO - 2021-05-13 19:08:58 --> Session: Class initialized using 'CodeIgniter\Session\Handlers\FileHandler' driver.
INFO - 2021-05-13 19:08:58 --> Controller "App\Controllers\undangan\Undangan" loaded.
INFO - 2021-05-13 20:17:01 --> Session: Class initialized using 'CodeIgniter\Session\Handlers\FileHandler' driver.
INFO - 2021-05-13 20:17:01 --> Controller "App\Controllers\base\Lupa_password" loaded.
INFO - 2021-05-13 21:07:18 --> Controller "App\Controllers\base\Beranda" loaded.
INFO - 2021-05-13 21:53:51 --> Session: Class initialized using 'CodeIgniter\Session\Handlers\FileHandler' driver.
INFO - 2021-05-13 21:53:51 --> Controller "App\Controllers\undangan\Undangan" loaded.
INFO - 2021-05-13 22:43:37 --> Session: Class initialized using 'CodeIgniter\Session\Handlers\FileHandler' driver.
INFO - 2021-05-13 22:43:37 --> Controller "App\Controllers\base\Dashboard" loaded.
INFO - 2021-05-13 22:47:38 --> Session: Class initialized using 'CodeIgniter\Session\Handlers\FileHandler' driver.
INFO - 2021-05-13 22:47:38 --> Controller "App\Controllers\base\Dashboard" loaded.
INFO - 2021-05-13 23:14:50 --> Controller "App\Controllers\base\Beranda" loaded.
