INFO - 2021-10-10 08:41:54 --> Controller "App\Controllers\base\Beranda" loaded.
INFO - 2021-10-10 08:42:06 --> Controller "App\Controllers\base\Beranda" loaded.
INFO - 2021-10-10 08:42:21 --> Controller "App\Controllers\base\Beranda" loaded.
INFO - 2021-10-10 08:43:43 --> Controller "App\Controllers\base\Beranda" loaded.
INFO - 2021-10-10 08:43:44 --> Controller "App\Controllers\base\Beranda" loaded.
INFO - 2021-10-10 08:43:55 --> Controller "App\Controllers\base\Beranda" loaded.
INFO - 2021-10-10 08:43:56 --> Controller "App\Controllers\base\Beranda" loaded.
INFO - 2021-10-10 08:44:51 --> Controller "App\Controllers\base\Beranda" loaded.
INFO - 2021-10-10 08:44:52 --> Controller "App\Controllers\base\Beranda" loaded.
INFO - 2021-10-10 08:45:00 --> Controller "App\Controllers\base\Beranda" loaded.
INFO - 2021-10-10 08:45:01 --> Controller "App\Controllers\base\Beranda" loaded.
INFO - 2021-10-10 08:45:36 --> Controller "App\Controllers\base\Beranda" loaded.
INFO - 2021-10-10 08:45:36 --> Controller "App\Controllers\base\Beranda" loaded.
INFO - 2021-10-10 08:47:53 --> Controller "App\Controllers\base\Beranda" loaded.
INFO - 2021-10-10 08:47:54 --> Controller "App\Controllers\base\Beranda" loaded.
INFO - 2021-10-10 08:48:16 --> Controller "App\Controllers\base\Beranda" loaded.
INFO - 2021-10-10 08:48:20 --> Session: Class initialized using 'CodeIgniter\Session\Handlers\FileHandler' driver.
INFO - 2021-10-10 08:48:20 --> Controller "App\Controllers\base\Order" loaded.
INFO - 2021-10-10 08:48:20 --> Controller "App\Controllers\base\Beranda" loaded.
INFO - 2021-10-10 08:48:43 --> Controller "App\Controllers\base\Beranda" loaded.
INFO - 2021-10-10 08:48:50 --> Controller "App\Controllers\base\Beranda" loaded.
INFO - 2021-10-10 08:49:03 --> Controller "App\Controllers\base\Beranda" loaded.
INFO - 2021-10-10 08:49:36 --> Session: Class initialized using 'CodeIgniter\Session\Handlers\FileHandler' driver.
INFO - 2021-10-10 08:49:36 --> Controller "App\Controllers\base\Dashboard" loaded.
INFO - 2021-10-10 08:50:02 --> Controller "App\Controllers\base\Beranda" loaded.
INFO - 2021-10-10 08:50:16 --> Controller "App\Controllers\base\Beranda" loaded.
INFO - 2021-10-10 08:50:22 --> Session: Class initialized using 'CodeIgniter\Session\Handlers\FileHandler' driver.
INFO - 2021-10-10 08:50:22 --> Controller "App\Controllers\base\Dashboard" loaded.
INFO - 2021-10-10 08:50:22 --> Session: Class initialized using 'CodeIgniter\Session\Handlers\FileHandler' driver.
INFO - 2021-10-10 08:50:22 --> Controller "App\Controllers\base\Dashboard" loaded.
INFO - 2021-10-10 08:50:28 --> Session: Class initialized using 'CodeIgniter\Session\Handlers\FileHandler' driver.
INFO - 2021-10-10 08:50:28 --> Controller "App\Controllers\base\Dashboard" loaded.
INFO - 2021-10-10 08:50:33 --> Session: Class initialized using 'CodeIgniter\Session\Handlers\FileHandler' driver.
INFO - 2021-10-10 08:50:33 --> Controller "App\Controllers\base\Dashboard" loaded.
INFO - 2021-10-10 08:50:33 --> Session: Class initialized using 'CodeIgniter\Session\Handlers\FileHandler' driver.
INFO - 2021-10-10 08:50:33 --> Controller "App\Controllers\base\Dashboard" loaded.
INFO - 2021-10-10 08:50:41 --> Session: Class initialized using 'CodeIgniter\Session\Handlers\FileHandler' driver.
INFO - 2021-10-10 08:50:41 --> Controller "App\Controllers\base\Dashboard" loaded.
INFO - 2021-10-10 08:50:41 --> Session: Class initialized using 'CodeIgniter\Session\Handlers\FileHandler' driver.
INFO - 2021-10-10 08:50:41 --> Controller "App\Controllers\base\Dashboard" loaded.
INFO - 2021-10-10 08:50:46 --> Session: Class initialized using 'CodeIgniter\Session\Handlers\FileHandler' driver.
INFO - 2021-10-10 08:50:46 --> Controller "App\Controllers\base\Dashboard" loaded.
INFO - 2021-10-10 08:50:46 --> Session: Class initialized using 'CodeIgniter\Session\Handlers\FileHandler' driver.
INFO - 2021-10-10 08:50:46 --> Controller "App\Controllers\base\Dashboard" loaded.
INFO - 2021-10-10 08:50:57 --> Session: Class initialized using 'CodeIgniter\Session\Handlers\FileHandler' driver.
INFO - 2021-10-10 08:50:57 --> Controller "App\Controllers\base\Dashboard" loaded.
INFO - 2021-10-10 08:50:57 --> Session: Class initialized using 'CodeIgniter\Session\Handlers\FileHandler' driver.
INFO - 2021-10-10 08:50:57 --> Controller "App\Controllers\base\Dashboard" loaded.
INFO - 2021-10-10 08:51:11 --> Session: Class initialized using 'CodeIgniter\Session\Handlers\FileHandler' driver.
INFO - 2021-10-10 08:51:11 --> Controller "App\Controllers\base\Dashboard" loaded.
INFO - 2021-10-10 08:51:19 --> Session: Class initialized using 'CodeIgniter\Session\Handlers\FileHandler' driver.
INFO - 2021-10-10 08:51:19 --> Controller "App\Controllers\base\Dashboard" loaded.
INFO - 2021-10-10 08:51:19 --> Session: Class initialized using 'CodeIgniter\Session\Handlers\FileHandler' driver.
INFO - 2021-10-10 08:51:19 --> Controller "App\Controllers\base\Dashboard" loaded.
INFO - 2021-10-10 08:51:24 --> Session: Class initialized using 'CodeIgniter\Session\Handlers\FileHandler' driver.
INFO - 2021-10-10 08:51:24 --> Controller "App\Controllers\base\Dashboard" loaded.
INFO - 2021-10-10 08:51:25 --> Session: Class initialized using 'CodeIgniter\Session\Handlers\FileHandler' driver.
INFO - 2021-10-10 08:51:25 --> Controller "App\Controllers\base\Dashboard" loaded.
INFO - 2021-10-10 08:51:29 --> Session: Class initialized using 'CodeIgniter\Session\Handlers\FileHandler' driver.
INFO - 2021-10-10 08:51:29 --> Controller "App\Controllers\base\Dashboard" loaded.
INFO - 2021-10-10 08:51:29 --> Session: Class initialized using 'CodeIgniter\Session\Handlers\FileHandler' driver.
INFO - 2021-10-10 08:51:29 --> Controller "App\Controllers\base\Dashboard" loaded.
INFO - 2021-10-10 08:51:35 --> Session: Class initialized using 'CodeIgniter\Session\Handlers\FileHandler' driver.
INFO - 2021-10-10 08:51:35 --> Controller "App\Controllers\base\Dashboard" loaded.
INFO - 2021-10-10 08:51:35 --> Session: Class initialized using 'CodeIgniter\Session\Handlers\FileHandler' driver.
INFO - 2021-10-10 08:51:35 --> Controller "App\Controllers\base\Dashboard" loaded.
INFO - 2021-10-10 08:51:41 --> Session: Class initialized using 'CodeIgniter\Session\Handlers\FileHandler' driver.
INFO - 2021-10-10 08:51:41 --> Controller "App\Controllers\base\Dashboard" loaded.
INFO - 2021-10-10 08:51:41 --> Session: Class initialized using 'CodeIgniter\Session\Handlers\FileHandler' driver.
INFO - 2021-10-10 08:51:41 --> Controller "App\Controllers\base\Dashboard" loaded.
INFO - 2021-10-10 08:51:47 --> Session: Class initialized using 'CodeIgniter\Session\Handlers\FileHandler' driver.
INFO - 2021-10-10 08:51:47 --> Controller "App\Controllers\base\Dashboard" loaded.
INFO - 2021-10-10 08:51:47 --> Session: Class initialized using 'CodeIgniter\Session\Handlers\FileHandler' driver.
INFO - 2021-10-10 08:51:47 --> Controller "App\Controllers\base\Dashboard" loaded.
INFO - 2021-10-10 08:51:56 --> Session: Class initialized using 'CodeIgniter\Session\Handlers\FileHandler' driver.
INFO - 2021-10-10 08:51:56 --> Controller "App\Controllers\base\Dashboard" loaded.
INFO - 2021-10-10 08:51:56 --> Session: Class initialized using 'CodeIgniter\Session\Handlers\FileHandler' driver.
INFO - 2021-10-10 08:51:56 --> Controller "App\Controllers\base\Dashboard" loaded.
INFO - 2021-10-10 08:52:01 --> Session: Class initialized using 'CodeIgniter\Session\Handlers\FileHandler' driver.
INFO - 2021-10-10 08:52:01 --> Controller "App\Controllers\base\Dashboard" loaded.
INFO - 2021-10-10 08:54:55 --> Controller "App\Controllers\base\Beranda" loaded.
INFO - 2021-10-10 09:00:02 --> Controller "App\Controllers\base\Beranda" loaded.
INFO - 2021-10-10 09:04:40 --> Controller "App\Controllers\base\Beranda" loaded.
INFO - 2021-10-10 09:09:48 --> Controller "App\Controllers\base\Beranda" loaded.
INFO - 2021-10-10 09:10:02 --> Controller "App\Controllers\base\Beranda" loaded.
INFO - 2021-10-10 09:20:02 --> Controller "App\Controllers\base\Beranda" loaded.
INFO - 2021-10-10 09:24:57 --> Controller "App\Controllers\base\Beranda" loaded.
INFO - 2021-10-10 09:30:02 --> Controller "App\Controllers\base\Beranda" loaded.
INFO - 2021-10-10 09:30:49 --> Session: Class initialized using 'CodeIgniter\Session\Handlers\FileHandler' driver.
INFO - 2021-10-10 09:30:49 --> Controller "App\Controllers\undangan\Undangan" loaded.
INFO - 2021-10-10 09:34:04 --> Controller "App\Controllers\base\Beranda" loaded.
INFO - 2021-10-10 09:37:58 --> Session: Class initialized using 'CodeIgniter\Session\Handlers\FileHandler' driver.
INFO - 2021-10-10 09:37:58 --> Controller "App\Controllers\undangan\Undangan" loaded.
INFO - 2021-10-10 09:40:02 --> Controller "App\Controllers\base\Beranda" loaded.
INFO - 2021-10-10 09:40:07 --> Controller "App\Controllers\base\Beranda" loaded.
INFO - 2021-10-10 09:43:47 --> Controller "App\Controllers\base\Beranda" loaded.
INFO - 2021-10-10 09:44:14 --> Session: Class initialized using 'CodeIgniter\Session\Handlers\FileHandler' driver.
INFO - 2021-10-10 09:44:14 --> Controller "App\Controllers\undangan\Undangan" loaded.
INFO - 2021-10-10 09:50:03 --> Controller "App\Controllers\base\Beranda" loaded.
INFO - 2021-10-10 10:00:02 --> Controller "App\Controllers\base\Beranda" loaded.
INFO - 2021-10-10 10:10:03 --> Controller "App\Controllers\base\Beranda" loaded.
INFO - 2021-10-10 10:20:03 --> Controller "App\Controllers\base\Beranda" loaded.
INFO - 2021-10-10 10:28:49 --> Session: Class initialized using 'CodeIgniter\Session\Handlers\FileHandler' driver.
INFO - 2021-10-10 10:28:49 --> Controller "App\Controllers\bukutamu\Bukutamu" loaded.
INFO - 2021-10-10 10:30:02 --> Controller "App\Controllers\base\Beranda" loaded.
INFO - 2021-10-10 10:35:58 --> Controller "App\Controllers\base\Beranda" loaded.
INFO - 2021-10-10 10:35:58 --> Controller "App\Controllers\base\Beranda" loaded.
INFO - 2021-10-10 10:35:58 --> Controller "App\Controllers\base\Beranda" loaded.
INFO - 2021-10-10 10:35:58 --> Controller "App\Controllers\base\Beranda" loaded.
INFO - 2021-10-10 10:35:58 --> Controller "App\Controllers\base\Beranda" loaded.
INFO - 2021-10-10 10:35:58 --> Controller "App\Controllers\base\Beranda" loaded.
INFO - 2021-10-10 10:35:58 --> Controller "App\Controllers\base\Beranda" loaded.
INFO - 2021-10-10 10:35:58 --> Controller "App\Controllers\base\Beranda" loaded.
INFO - 2021-10-10 10:35:58 --> Session: Class initialized using 'CodeIgniter\Session\Handlers\FileHandler' driver.
INFO - 2021-10-10 10:35:58 --> Controller "App\Controllers\undangan\Undangan" loaded.
INFO - 2021-10-10 10:35:58 --> Controller "App\Controllers\base\Beranda" loaded.
INFO - 2021-10-10 10:35:58 --> Session: Class initialized using 'CodeIgniter\Session\Handlers\FileHandler' driver.
INFO - 2021-10-10 10:35:58 --> Controller "App\Controllers\undangan\Undangan" loaded.
INFO - 2021-10-10 10:35:58 --> Session: Class initialized using 'CodeIgniter\Session\Handlers\FileHandler' driver.
INFO - 2021-10-10 10:35:58 --> Controller "App\Controllers\undangan\Undangan" loaded.
INFO - 2021-10-10 10:35:58 --> Session: Class initialized using 'CodeIgniter\Session\Handlers\FileHandler' driver.
INFO - 2021-10-10 10:35:58 --> Session: Class initialized using 'CodeIgniter\Session\Handlers\FileHandler' driver.
INFO - 2021-10-10 10:35:58 --> Controller "App\Controllers\bukutamu\Bukutamu" loaded.
INFO - 2021-10-10 10:35:58 --> Controller "App\Controllers\bukutamu\Bukutamu" loaded.
INFO - 2021-10-10 10:35:58 --> Session: Class initialized using 'CodeIgniter\Session\Handlers\FileHandler' driver.
INFO - 2021-10-10 10:35:58 --> Controller "App\Controllers\bukutamu\Bukutamu" loaded.
INFO - 2021-10-10 10:36:01 --> Controller "App\Controllers\base\Beranda" loaded.
INFO - 2021-10-10 10:36:25 --> Session: Class initialized using 'CodeIgniter\Session\Handlers\FileHandler' driver.
INFO - 2021-10-10 10:36:25 --> Controller "App\Controllers\undangan\Undangan" loaded.
INFO - 2021-10-10 10:40:03 --> Controller "App\Controllers\base\Beranda" loaded.
INFO - 2021-10-10 10:40:28 --> Controller "App\Controllers\base\Beranda" loaded.
INFO - 2021-10-10 10:44:28 --> Session: Class initialized using 'CodeIgniter\Session\Handlers\FileHandler' driver.
INFO - 2021-10-10 10:44:28 --> Controller "App\Controllers\bukutamu\Bukutamu" loaded.
INFO - 2021-10-10 10:45:29 --> Session: Class initialized using 'CodeIgniter\Session\Handlers\FileHandler' driver.
INFO - 2021-10-10 10:45:29 --> Controller "App\Controllers\undangan\Undangan" loaded.
INFO - 2021-10-10 10:50:02 --> Controller "App\Controllers\base\Beranda" loaded.
INFO - 2021-10-10 11:00:03 --> Controller "App\Controllers\base\Beranda" loaded.
INFO - 2021-10-10 11:10:02 --> Controller "App\Controllers\base\Beranda" loaded.
INFO - 2021-10-10 11:19:28 --> Session: Class initialized using 'CodeIgniter\Session\Handlers\FileHandler' driver.
INFO - 2021-10-10 11:19:28 --> Controller "App\Controllers\undangan\Undangan" loaded.
INFO - 2021-10-10 11:20:03 --> Controller "App\Controllers\base\Beranda" loaded.
INFO - 2021-10-10 11:30:02 --> Controller "App\Controllers\base\Beranda" loaded.
INFO - 2021-10-10 11:37:10 --> Session: Class initialized using 'CodeIgniter\Session\Handlers\FileHandler' driver.
INFO - 2021-10-10 11:37:10 --> Controller "App\Controllers\undangan\Undangan" loaded.
INFO - 2021-10-10 11:40:02 --> Controller "App\Controllers\base\Beranda" loaded.
INFO - 2021-10-10 11:50:03 --> Controller "App\Controllers\base\Beranda" loaded.
INFO - 2021-10-10 12:00:03 --> Controller "App\Controllers\base\Beranda" loaded.
INFO - 2021-10-10 12:02:10 --> Session: Class initialized using 'CodeIgniter\Session\Handlers\FileHandler' driver.
INFO - 2021-10-10 12:02:10 --> Controller "App\Controllers\bukutamu\Bukutamu" loaded.
INFO - 2021-10-10 12:10:03 --> Controller "App\Controllers\base\Beranda" loaded.
INFO - 2021-10-10 12:11:44 --> Controller "App\Controllers\base\Beranda" loaded.
INFO - 2021-10-10 12:20:03 --> Controller "App\Controllers\base\Beranda" loaded.
INFO - 2021-10-10 12:30:02 --> Controller "App\Controllers\base\Beranda" loaded.
INFO - 2021-10-10 12:36:19 --> Controller "App\Controllers\base\Beranda" loaded.
INFO - 2021-10-10 12:36:46 --> Controller "App\Controllers\base\Beranda" loaded.
INFO - 2021-10-10 12:37:00 --> Controller "App\Controllers\base\Beranda" loaded.
INFO - 2021-10-10 12:37:09 --> Controller "App\Controllers\base\Beranda" loaded.
INFO - 2021-10-10 12:37:32 --> Controller "App\Controllers\base\Beranda" loaded.
INFO - 2021-10-10 12:37:49 --> Controller "App\Controllers\base\Beranda" loaded.
INFO - 2021-10-10 12:38:02 --> Session: Class initialized using 'CodeIgniter\Session\Handlers\FileHandler' driver.
INFO - 2021-10-10 12:38:02 --> Controller "App\Controllers\base\Order" loaded.
INFO - 2021-10-10 12:38:12 --> Controller "App\Controllers\base\Beranda" loaded.
INFO - 2021-10-10 12:39:01 --> Controller "App\Controllers\base\Beranda" loaded.
INFO - 2021-10-10 12:39:03 --> Controller "App\Controllers\base\Beranda" loaded.
INFO - 2021-10-10 12:40:03 --> Controller "App\Controllers\base\Beranda" loaded.
INFO - 2021-10-10 12:50:03 --> Controller "App\Controllers\base\Beranda" loaded.
INFO - 2021-10-10 12:59:54 --> Controller "App\Controllers\base\Beranda" loaded.
INFO - 2021-10-10 13:00:01 --> Controller "App\Controllers\base\Beranda" loaded.
INFO - 2021-10-10 13:05:35 --> Controller "App\Controllers\base\Beranda" loaded.
INFO - 2021-10-10 13:05:39 --> Session: Class initialized using 'CodeIgniter\Session\Handlers\FileHandler' driver.
INFO - 2021-10-10 13:05:39 --> Controller "App\Controllers\base\Dashboard" loaded.
INFO - 2021-10-10 13:05:50 --> Session: Class initialized using 'CodeIgniter\Session\Handlers\FileHandler' driver.
INFO - 2021-10-10 13:05:50 --> Controller "App\Controllers\admin\Admin" loaded.
INFO - 2021-10-10 13:06:03 --> Session: Class initialized using 'CodeIgniter\Session\Handlers\FileHandler' driver.
INFO - 2021-10-10 13:06:03 --> Controller "App\Controllers\admin\Admin" loaded.
INFO - 2021-10-10 13:06:03 --> Session: Class initialized using 'CodeIgniter\Session\Handlers\FileHandler' driver.
INFO - 2021-10-10 13:06:03 --> Controller "App\Controllers\admin\Admin" loaded.
INFO - 2021-10-10 13:06:22 --> Session: Class initialized using 'CodeIgniter\Session\Handlers\FileHandler' driver.
INFO - 2021-10-10 13:06:22 --> Controller "App\Controllers\admin\Admin" loaded.
INFO - 2021-10-10 13:06:24 --> Session: Class initialized using 'CodeIgniter\Session\Handlers\FileHandler' driver.
INFO - 2021-10-10 13:06:25 --> Controller "App\Controllers\base\Dashboard" loaded.
INFO - 2021-10-10 13:06:59 --> Session: Class initialized using 'CodeIgniter\Session\Handlers\FileHandler' driver.
INFO - 2021-10-10 13:06:59 --> Controller "App\Controllers\bukutamu\Bukutamu" loaded.
INFO - 2021-10-10 13:07:42 --> Session: Class initialized using 'CodeIgniter\Session\Handlers\FileHandler' driver.
INFO - 2021-10-10 13:07:42 --> Controller "App\Controllers\bukutamu\Bukutamu" loaded.
INFO - 2021-10-10 13:07:54 --> Session: Class initialized using 'CodeIgniter\Session\Handlers\FileHandler' driver.
INFO - 2021-10-10 13:07:54 --> Controller "App\Controllers\bukutamu\Bukutamu" loaded.
INFO - 2021-10-10 13:08:31 --> Controller "App\Controllers\base\Beranda" loaded.
INFO - 2021-10-10 13:10:02 --> Controller "App\Controllers\base\Beranda" loaded.
INFO - 2021-10-10 13:18:22 --> Controller "App\Controllers\base\Beranda" loaded.
INFO - 2021-10-10 13:20:03 --> Controller "App\Controllers\base\Beranda" loaded.
INFO - 2021-10-10 13:27:22 --> Session: Class initialized using 'CodeIgniter\Session\Handlers\FileHandler' driver.
INFO - 2021-10-10 13:27:22 --> Controller "App\Controllers\bukutamu\Bukutamu" loaded.
INFO - 2021-10-10 13:30:03 --> Controller "App\Controllers\base\Beranda" loaded.
INFO - 2021-10-10 13:40:03 --> Controller "App\Controllers\base\Beranda" loaded.
INFO - 2021-10-10 13:41:49 --> Controller "App\Controllers\base\Beranda" loaded.
INFO - 2021-10-10 13:44:24 --> Controller "App\Controllers\base\Beranda" loaded.
INFO - 2021-10-10 13:47:29 --> Controller "App\Controllers\base\Beranda" loaded.
INFO - 2021-10-10 13:47:34 --> Controller "App\Controllers\base\Beranda" loaded.
INFO - 2021-10-10 13:47:34 --> Controller "App\Controllers\base\Beranda" loaded.
INFO - 2021-10-10 13:47:34 --> Controller "App\Controllers\base\Beranda" loaded.
INFO - 2021-10-10 13:47:39 --> Controller "App\Controllers\base\Beranda" loaded.
INFO - 2021-10-10 13:47:45 --> Session: Class initialized using 'CodeIgniter\Session\Handlers\FileHandler' driver.
INFO - 2021-10-10 13:47:45 --> Controller "App\Controllers\base\Order" loaded.
INFO - 2021-10-10 13:47:45 --> Controller "App\Controllers\base\Beranda" loaded.
INFO - 2021-10-10 13:48:15 --> Controller "App\Controllers\base\Beranda" loaded.
INFO - 2021-10-10 13:48:18 --> Controller "App\Controllers\base\Beranda" loaded.
INFO - 2021-10-10 13:48:43 --> Session: Class initialized using 'CodeIgniter\Session\Handlers\FileHandler' driver.
INFO - 2021-10-10 13:48:43 --> Controller "App\Controllers\base\Order" loaded.
INFO - 2021-10-10 13:48:50 --> Controller "App\Controllers\base\Beranda" loaded.
INFO - 2021-10-10 13:48:55 --> Controller "App\Controllers\base\Beranda" loaded.
INFO - 2021-10-10 13:48:55 --> Controller "App\Controllers\base\Beranda" loaded.
INFO - 2021-10-10 13:48:55 --> Controller "App\Controllers\base\Beranda" loaded.
INFO - 2021-10-10 13:49:05 --> Controller "App\Controllers\base\Beranda" loaded.
INFO - 2021-10-10 13:49:09 --> Controller "App\Controllers\base\Beranda" loaded.
INFO - 2021-10-10 13:49:20 --> Controller "App\Controllers\base\Beranda" loaded.
INFO - 2021-10-10 13:49:20 --> Controller "App\Controllers\base\Beranda" loaded.
INFO - 2021-10-10 13:49:24 --> Controller "App\Controllers\base\Beranda" loaded.
INFO - 2021-10-10 13:50:00 --> Controller "App\Controllers\base\Beranda" loaded.
INFO - 2021-10-10 13:50:00 --> Controller "App\Controllers\base\Beranda" loaded.
INFO - 2021-10-10 13:50:00 --> Controller "App\Controllers\base\Beranda" loaded.
INFO - 2021-10-10 13:50:01 --> Controller "App\Controllers\base\Beranda" loaded.
INFO - 2021-10-10 13:50:33 --> Controller "App\Controllers\base\Beranda" loaded.
INFO - 2021-10-10 13:52:34 --> Controller "App\Controllers\base\Beranda" loaded.
INFO - 2021-10-10 13:53:39 --> Controller "App\Controllers\base\Beranda" loaded.
INFO - 2021-10-10 13:54:38 --> Session: Class initialized using 'CodeIgniter\Session\Handlers\FileHandler' driver.
INFO - 2021-10-10 13:54:38 --> Controller "App\Controllers\base\Order" loaded.
INFO - 2021-10-10 13:54:52 --> Session: Class initialized using 'CodeIgniter\Session\Handlers\FileHandler' driver.
INFO - 2021-10-10 13:54:52 --> Controller "App\Controllers\base\Order" loaded.
INFO - 2021-10-10 13:55:09 --> Controller "App\Controllers\base\Beranda" loaded.
INFO - 2021-10-10 13:55:27 --> Controller "App\Controllers\base\Beranda" loaded.
INFO - 2021-10-10 13:56:00 --> Controller "App\Controllers\base\Beranda" loaded.
INFO - 2021-10-10 13:56:16 --> Session: Class initialized using 'CodeIgniter\Session\Handlers\FileHandler' driver.
INFO - 2021-10-10 13:56:16 --> Controller "App\Controllers\base\Order" loaded.
INFO - 2021-10-10 13:56:32 --> Session: Class initialized using 'CodeIgniter\Session\Handlers\FileHandler' driver.
INFO - 2021-10-10 13:56:32 --> Controller "App\Controllers\base\Order" loaded.
INFO - 2021-10-10 13:56:38 --> Session: Class initialized using 'CodeIgniter\Session\Handlers\FileHandler' driver.
INFO - 2021-10-10 13:56:38 --> Controller "App\Controllers\base\Order" loaded.
INFO - 2021-10-10 13:56:39 --> Controller "App\Controllers\base\Beranda" loaded.
INFO - 2021-10-10 13:56:41 --> Session: Class initialized using 'CodeIgniter\Session\Handlers\FileHandler' driver.
INFO - 2021-10-10 13:56:41 --> Controller "App\Controllers\base\Order" loaded.
INFO - 2021-10-10 13:56:44 --> Session: Class initialized using 'CodeIgniter\Session\Handlers\FileHandler' driver.
INFO - 2021-10-10 13:56:44 --> Controller "App\Controllers\base\Order" loaded.
INFO - 2021-10-10 13:56:48 --> Session: Class initialized using 'CodeIgniter\Session\Handlers\FileHandler' driver.
INFO - 2021-10-10 13:56:48 --> Controller "App\Controllers\base\Order" loaded.
INFO - 2021-10-10 13:56:53 --> Session: Class initialized using 'CodeIgniter\Session\Handlers\FileHandler' driver.
INFO - 2021-10-10 13:56:53 --> Controller "App\Controllers\base\Dashboard" loaded.
INFO - 2021-10-10 13:56:53 --> Session: Class initialized using 'CodeIgniter\Session\Handlers\FileHandler' driver.
INFO - 2021-10-10 13:56:53 --> Controller "App\Controllers\base\Dashboard" loaded.
INFO - 2021-10-10 13:56:59 --> Session: Class initialized using 'CodeIgniter\Session\Handlers\FileHandler' driver.
INFO - 2021-10-10 13:56:59 --> Controller "App\Controllers\undangan\Undangan" loaded.
INFO - 2021-10-10 13:57:07 --> Session: Class initialized using 'CodeIgniter\Session\Handlers\FileHandler' driver.
INFO - 2021-10-10 13:57:07 --> Controller "App\Controllers\base\Dashboard" loaded.
INFO - 2021-10-10 13:57:12 --> Session: Class initialized using 'CodeIgniter\Session\Handlers\FileHandler' driver.
INFO - 2021-10-10 13:57:12 --> Controller "App\Controllers\base\Dashboard" loaded.
INFO - 2021-10-10 13:57:18 --> Session: Class initialized using 'CodeIgniter\Session\Handlers\FileHandler' driver.
INFO - 2021-10-10 13:57:18 --> Controller "App\Controllers\undangan\Undangan" loaded.
INFO - 2021-10-10 13:57:21 --> Session: Class initialized using 'CodeIgniter\Session\Handlers\FileHandler' driver.
INFO - 2021-10-10 13:57:21 --> Controller "App\Controllers\undangan\Undangan" loaded.
INFO - 2021-10-10 13:57:21 --> Session: Class initialized using 'CodeIgniter\Session\Handlers\FileHandler' driver.
INFO - 2021-10-10 13:57:21 --> Controller "App\Controllers\undangan\Undangan" loaded.
INFO - 2021-10-10 13:57:26 --> Session: Class initialized using 'CodeIgniter\Session\Handlers\FileHandler' driver.
INFO - 2021-10-10 13:57:26 --> Controller "App\Controllers\undangan\Undangan" loaded.
INFO - 2021-10-10 13:58:29 --> Session: Class initialized using 'CodeIgniter\Session\Handlers\FileHandler' driver.
INFO - 2021-10-10 13:58:29 --> Controller "App\Controllers\base\Dashboard" loaded.
INFO - 2021-10-10 13:58:37 --> Session: Class initialized using 'CodeIgniter\Session\Handlers\FileHandler' driver.
INFO - 2021-10-10 13:58:37 --> Controller "App\Controllers\base\Dashboard" loaded.
INFO - 2021-10-10 13:58:39 --> Controller "App\Controllers\base\Beranda" loaded.
INFO - 2021-10-10 13:58:39 --> Controller "App\Controllers\base\Beranda" loaded.
INFO - 2021-10-10 13:58:39 --> Controller "App\Controllers\base\Beranda" loaded.
INFO - 2021-10-10 13:58:43 --> Session: Class initialized using 'CodeIgniter\Session\Handlers\FileHandler' driver.
INFO - 2021-10-10 13:58:43 --> Controller "App\Controllers\base\Dashboard" loaded.
INFO - 2021-10-10 13:58:46 --> Session: Class initialized using 'CodeIgniter\Session\Handlers\FileHandler' driver.
INFO - 2021-10-10 13:58:46 --> Controller "App\Controllers\base\Dashboard" loaded.
INFO - 2021-10-10 13:59:31 --> Session: Class initialized using 'CodeIgniter\Session\Handlers\FileHandler' driver.
INFO - 2021-10-10 13:59:31 --> Controller "App\Controllers\undangan\Undangan" loaded.
INFO - 2021-10-10 14:00:02 --> Controller "App\Controllers\base\Beranda" loaded.
INFO - 2021-10-10 14:00:17 --> Session: Class initialized using 'CodeIgniter\Session\Handlers\FileHandler' driver.
INFO - 2021-10-10 14:00:17 --> Controller "App\Controllers\base\Dashboard" loaded.
INFO - 2021-10-10 14:00:22 --> Session: Class initialized using 'CodeIgniter\Session\Handlers\FileHandler' driver.
INFO - 2021-10-10 14:00:22 --> Controller "App\Controllers\base\Dashboard" loaded.
INFO - 2021-10-10 14:00:31 --> Session: Class initialized using 'CodeIgniter\Session\Handlers\FileHandler' driver.
INFO - 2021-10-10 14:00:31 --> Controller "App\Controllers\base\Dashboard" loaded.
INFO - 2021-10-10 14:01:16 --> Session: Class initialized using 'CodeIgniter\Session\Handlers\FileHandler' driver.
INFO - 2021-10-10 14:01:16 --> Controller "App\Controllers\base\Dashboard" loaded.
INFO - 2021-10-10 14:01:16 --> Session: Class initialized using 'CodeIgniter\Session\Handlers\FileHandler' driver.
INFO - 2021-10-10 14:01:16 --> Controller "App\Controllers\base\Dashboard" loaded.
INFO - 2021-10-10 14:01:37 --> Session: Class initialized using 'CodeIgniter\Session\Handlers\FileHandler' driver.
INFO - 2021-10-10 14:01:37 --> Controller "App\Controllers\base\Dashboard" loaded.
INFO - 2021-10-10 14:01:39 --> Session: Class initialized using 'CodeIgniter\Session\Handlers\FileHandler' driver.
INFO - 2021-10-10 14:01:39 --> Controller "App\Controllers\base\Dashboard" loaded.
INFO - 2021-10-10 14:01:53 --> Session: Class initialized using 'CodeIgniter\Session\Handlers\FileHandler' driver.
INFO - 2021-10-10 14:01:53 --> Controller "App\Controllers\undangan\Undangan" loaded.
INFO - 2021-10-10 14:01:54 --> Session: Class initialized using 'CodeIgniter\Session\Handlers\FileHandler' driver.
INFO - 2021-10-10 14:01:54 --> Controller "App\Controllers\undangan\Undangan" loaded.
INFO - 2021-10-10 14:01:54 --> Session: Class initialized using 'CodeIgniter\Session\Handlers\FileHandler' driver.
INFO - 2021-10-10 14:01:54 --> Controller "App\Controllers\undangan\Undangan" loaded.
INFO - 2021-10-10 14:01:54 --> Session: Class initialized using 'CodeIgniter\Session\Handlers\FileHandler' driver.
INFO - 2021-10-10 14:01:54 --> Controller "App\Controllers\undangan\Undangan" loaded.
INFO - 2021-10-10 14:01:54 --> Session: Class initialized using 'CodeIgniter\Session\Handlers\FileHandler' driver.
INFO - 2021-10-10 14:01:54 --> Controller "App\Controllers\undangan\Undangan" loaded.
INFO - 2021-10-10 14:01:55 --> Session: Class initialized using 'CodeIgniter\Session\Handlers\FileHandler' driver.
INFO - 2021-10-10 14:01:55 --> Controller "App\Controllers\undangan\Undangan" loaded.
INFO - 2021-10-10 14:02:17 --> Session: Class initialized using 'CodeIgniter\Session\Handlers\FileHandler' driver.
INFO - 2021-10-10 14:02:17 --> Controller "App\Controllers\base\Dashboard" loaded.
INFO - 2021-10-10 14:02:18 --> Session: Class initialized using 'CodeIgniter\Session\Handlers\FileHandler' driver.
INFO - 2021-10-10 14:02:18 --> Controller "App\Controllers\base\Dashboard" loaded.
INFO - 2021-10-10 14:02:18 --> Session: Class initialized using 'CodeIgniter\Session\Handlers\FileHandler' driver.
INFO - 2021-10-10 14:02:18 --> Controller "App\Controllers\base\Dashboard" loaded.
INFO - 2021-10-10 14:02:39 --> Session: Class initialized using 'CodeIgniter\Session\Handlers\FileHandler' driver.
INFO - 2021-10-10 14:02:39 --> Controller "App\Controllers\base\Dashboard" loaded.
INFO - 2021-10-10 14:02:46 --> Session: Class initialized using 'CodeIgniter\Session\Handlers\FileHandler' driver.
INFO - 2021-10-10 14:02:46 --> Controller "App\Controllers\base\Dashboard" loaded.
INFO - 2021-10-10 14:02:55 --> Controller "App\Controllers\base\Beranda" loaded.
INFO - 2021-10-10 14:03:19 --> Session: Class initialized using 'CodeIgniter\Session\Handlers\FileHandler' driver.
INFO - 2021-10-10 14:03:19 --> Controller "App\Controllers\admin\Admin" loaded.
INFO - 2021-10-10 14:03:22 --> Session: Class initialized using 'CodeIgniter\Session\Handlers\FileHandler' driver.
INFO - 2021-10-10 14:03:22 --> Controller "App\Controllers\base\Dashboard" loaded.
INFO - 2021-10-10 14:03:32 --> Session: Class initialized using 'CodeIgniter\Session\Handlers\FileHandler' driver.
INFO - 2021-10-10 14:03:32 --> Controller "App\Controllers\base\Dashboard" loaded.
INFO - 2021-10-10 14:03:39 --> Session: Class initialized using 'CodeIgniter\Session\Handlers\FileHandler' driver.
INFO - 2021-10-10 14:03:39 --> Controller "App\Controllers\base\Dashboard" loaded.
INFO - 2021-10-10 14:03:47 --> Session: Class initialized using 'CodeIgniter\Session\Handlers\FileHandler' driver.
INFO - 2021-10-10 14:03:47 --> Controller "App\Controllers\base\Dashboard" loaded.
INFO - 2021-10-10 14:03:55 --> Controller "App\Controllers\base\Beranda" loaded.
INFO - 2021-10-10 14:07:42 --> Controller "App\Controllers\base\Beranda" loaded.
INFO - 2021-10-10 14:10:02 --> Controller "App\Controllers\base\Beranda" loaded.
INFO - 2021-10-10 14:14:34 --> Session: Class initialized using 'CodeIgniter\Session\Handlers\FileHandler' driver.
INFO - 2021-10-10 14:14:34 --> Controller "App\Controllers\undangan\Undangan" loaded.
INFO - 2021-10-10 14:14:34 --> Session: Class initialized using 'CodeIgniter\Session\Handlers\FileHandler' driver.
INFO - 2021-10-10 14:14:34 --> Controller "App\Controllers\bukutamu\Bukutamu" loaded.
INFO - 2021-10-10 14:14:34 --> Session: Class initialized using 'CodeIgniter\Session\Handlers\FileHandler' driver.
INFO - 2021-10-10 14:14:34 --> Controller "App\Controllers\bukutamu\Bukutamu" loaded.
INFO - 2021-10-10 14:14:34 --> Session: Class initialized using 'CodeIgniter\Session\Handlers\FileHandler' driver.
INFO - 2021-10-10 14:14:34 --> Controller "App\Controllers\undangan\Undangan" loaded.
INFO - 2021-10-10 14:20:02 --> Controller "App\Controllers\base\Beranda" loaded.
INFO - 2021-10-10 14:30:02 --> Controller "App\Controllers\base\Beranda" loaded.
INFO - 2021-10-10 14:32:57 --> Controller "App\Controllers\base\Beranda" loaded.
INFO - 2021-10-10 14:33:20 --> Session: Class initialized using 'CodeIgniter\Session\Handlers\FileHandler' driver.
INFO - 2021-10-10 14:33:20 --> Controller "App\Controllers\base\Order" loaded.
INFO - 2021-10-10 14:33:20 --> Controller "App\Controllers\base\Beranda" loaded.
INFO - 2021-10-10 14:33:36 --> Session: Class initialized using 'CodeIgniter\Session\Handlers\FileHandler' driver.
INFO - 2021-10-10 14:33:36 --> Controller "App\Controllers\base\Order" loaded.
INFO - 2021-10-10 14:33:46 --> Controller "App\Controllers\base\Beranda" loaded.
INFO - 2021-10-10 14:34:05 --> Controller "App\Controllers\base\Beranda" loaded.
INFO - 2021-10-10 14:36:21 --> Controller "App\Controllers\base\Beranda" loaded.
INFO - 2021-10-10 14:40:02 --> Controller "App\Controllers\base\Beranda" loaded.
INFO - 2021-10-10 14:41:38 --> Controller "App\Controllers\base\Beranda" loaded.
INFO - 2021-10-10 14:50:02 --> Controller "App\Controllers\base\Beranda" loaded.
INFO - 2021-10-10 14:58:33 --> Session: Class initialized using 'CodeIgniter\Session\Handlers\FileHandler' driver.
INFO - 2021-10-10 14:58:33 --> Controller "App\Controllers\bukutamu\Bukutamu" loaded.
INFO - 2021-10-10 14:58:50 --> Controller "App\Controllers\base\Beranda" loaded.
INFO - 2021-10-10 14:58:50 --> Controller "App\Controllers\base\Beranda" loaded.
INFO - 2021-10-10 14:58:58 --> Session: Class initialized using 'CodeIgniter\Session\Handlers\FileHandler' driver.
INFO - 2021-10-10 14:58:58 --> Controller "App\Controllers\base\Order" loaded.
INFO - 2021-10-10 14:58:58 --> Controller "App\Controllers\base\Beranda" loaded.
INFO - 2021-10-10 14:59:15 --> Session: Class initialized using 'CodeIgniter\Session\Handlers\FileHandler' driver.
INFO - 2021-10-10 14:59:15 --> Controller "App\Controllers\base\Dashboard" loaded.
INFO - 2021-10-10 14:59:16 --> Controller "App\Controllers\base\Beranda" loaded.
INFO - 2021-10-10 14:59:25 --> Session: Class initialized using 'CodeIgniter\Session\Handlers\FileHandler' driver.
INFO - 2021-10-10 14:59:25 --> Controller "App\Controllers\base\Order" loaded.
INFO - 2021-10-10 14:59:25 --> Controller "App\Controllers\base\Beranda" loaded.
INFO - 2021-10-10 14:59:32 --> Controller "App\Controllers\base\Beranda" loaded.
INFO - 2021-10-10 14:59:39 --> Session: Class initialized using 'CodeIgniter\Session\Handlers\FileHandler' driver.
INFO - 2021-10-10 14:59:39 --> Controller "App\Controllers\base\Order" loaded.
INFO - 2021-10-10 15:00:02 --> Controller "App\Controllers\base\Beranda" loaded.
INFO - 2021-10-10 15:00:07 --> Session: Class initialized using 'CodeIgniter\Session\Handlers\FileHandler' driver.
INFO - 2021-10-10 15:00:07 --> Controller "App\Controllers\base\Order" loaded.
INFO - 2021-10-10 15:00:27 --> Session: Class initialized using 'CodeIgniter\Session\Handlers\FileHandler' driver.
INFO - 2021-10-10 15:00:27 --> Controller "App\Controllers\base\Order" loaded.
INFO - 2021-10-10 15:01:05 --> Session: Class initialized using 'CodeIgniter\Session\Handlers\FileHandler' driver.
INFO - 2021-10-10 15:01:05 --> Controller "App\Controllers\base\Order" loaded.
INFO - 2021-10-10 15:01:14 --> Session: Class initialized using 'CodeIgniter\Session\Handlers\FileHandler' driver.
INFO - 2021-10-10 15:01:14 --> Controller "App\Controllers\base\Order" loaded.
INFO - 2021-10-10 15:01:15 --> Session: Class initialized using 'CodeIgniter\Session\Handlers\FileHandler' driver.
INFO - 2021-10-10 15:01:15 --> Controller "App\Controllers\base\Order" loaded.
INFO - 2021-10-10 15:02:03 --> Session: Class initialized using 'CodeIgniter\Session\Handlers\FileHandler' driver.
INFO - 2021-10-10 15:02:03 --> Controller "App\Controllers\base\Order" loaded.
INFO - 2021-10-10 15:02:08 --> Session: Class initialized using 'CodeIgniter\Session\Handlers\FileHandler' driver.
INFO - 2021-10-10 15:02:08 --> Controller "App\Controllers\base\Order" loaded.
INFO - 2021-10-10 15:02:08 --> Controller "App\Controllers\base\Beranda" loaded.
INFO - 2021-10-10 15:02:10 --> Session: Class initialized using 'CodeIgniter\Session\Handlers\FileHandler' driver.
INFO - 2021-10-10 15:02:10 --> Controller "App\Controllers\base\Order" loaded.
INFO - 2021-10-10 15:02:14 --> Session: Class initialized using 'CodeIgniter\Session\Handlers\FileHandler' driver.
INFO - 2021-10-10 15:02:14 --> Controller "App\Controllers\base\Order" loaded.
INFO - 2021-10-10 15:02:17 --> Session: Class initialized using 'CodeIgniter\Session\Handlers\FileHandler' driver.
INFO - 2021-10-10 15:02:17 --> Controller "App\Controllers\base\Order" loaded.
INFO - 2021-10-10 15:02:22 --> Session: Class initialized using 'CodeIgniter\Session\Handlers\FileHandler' driver.
INFO - 2021-10-10 15:02:22 --> Controller "App\Controllers\undangan\Undangan" loaded.
INFO - 2021-10-10 15:03:20 --> Session: Class initialized using 'CodeIgniter\Session\Handlers\FileHandler' driver.
INFO - 2021-10-10 15:03:20 --> Controller "App\Controllers\base\Dashboard" loaded.
INFO - 2021-10-10 15:03:20 --> Session: Class initialized using 'CodeIgniter\Session\Handlers\FileHandler' driver.
INFO - 2021-10-10 15:03:20 --> Controller "App\Controllers\base\Dashboard" loaded.
INFO - 2021-10-10 15:03:35 --> Session: Class initialized using 'CodeIgniter\Session\Handlers\FileHandler' driver.
INFO - 2021-10-10 15:03:35 --> Controller "App\Controllers\base\Dashboard" loaded.
INFO - 2021-10-10 15:03:35 --> Session: Class initialized using 'CodeIgniter\Session\Handlers\FileHandler' driver.
INFO - 2021-10-10 15:03:35 --> Controller "App\Controllers\base\Dashboard" loaded.
INFO - 2021-10-10 15:03:50 --> Session: Class initialized using 'CodeIgniter\Session\Handlers\FileHandler' driver.
INFO - 2021-10-10 15:03:50 --> Controller "App\Controllers\base\Dashboard" loaded.
INFO - 2021-10-10 15:03:50 --> Session: Class initialized using 'CodeIgniter\Session\Handlers\FileHandler' driver.
INFO - 2021-10-10 15:03:50 --> Controller "App\Controllers\base\Dashboard" loaded.
INFO - 2021-10-10 15:03:58 --> Session: Class initialized using 'CodeIgniter\Session\Handlers\FileHandler' driver.
INFO - 2021-10-10 15:03:58 --> Controller "App\Controllers\base\Dashboard" loaded.
INFO - 2021-10-10 15:04:07 --> Session: Class initialized using 'CodeIgniter\Session\Handlers\FileHandler' driver.
INFO - 2021-10-10 15:04:07 --> Controller "App\Controllers\base\Dashboard" loaded.
INFO - 2021-10-10 15:04:12 --> Session: Class initialized using 'CodeIgniter\Session\Handlers\FileHandler' driver.
INFO - 2021-10-10 15:04:12 --> Controller "App\Controllers\base\Dashboard" loaded.
INFO - 2021-10-10 15:04:12 --> Session: Class initialized using 'CodeIgniter\Session\Handlers\FileHandler' driver.
INFO - 2021-10-10 15:04:12 --> Controller "App\Controllers\base\Dashboard" loaded.
INFO - 2021-10-10 15:04:31 --> Controller "App\Controllers\base\Beranda" loaded.
INFO - 2021-10-10 15:04:39 --> Session: Class initialized using 'CodeIgniter\Session\Handlers\FileHandler' driver.
INFO - 2021-10-10 15:04:39 --> Controller "App\Controllers\base\Order" loaded.
INFO - 2021-10-10 15:04:42 --> Controller "App\Controllers\base\Beranda" loaded.
INFO - 2021-10-10 15:05:36 --> Session: Class initialized using 'CodeIgniter\Session\Handlers\FileHandler' driver.
INFO - 2021-10-10 15:05:36 --> Controller "App\Controllers\undangan\Undangan" loaded.
INFO - 2021-10-10 15:07:36 --> Session: Class initialized using 'CodeIgniter\Session\Handlers\FileHandler' driver.
INFO - 2021-10-10 15:07:36 --> Controller "App\Controllers\undangan\Undangan" loaded.
INFO - 2021-10-10 15:07:36 --> Session: Class initialized using 'CodeIgniter\Session\Handlers\FileHandler' driver.
INFO - 2021-10-10 15:07:36 --> Controller "App\Controllers\undangan\Undangan" loaded.
INFO - 2021-10-10 15:07:47 --> Session: Class initialized using 'CodeIgniter\Session\Handlers\FileHandler' driver.
INFO - 2021-10-10 15:07:47 --> Controller "App\Controllers\undangan\Undangan" loaded.
INFO - 2021-10-10 15:09:03 --> Session: Class initialized using 'CodeIgniter\Session\Handlers\FileHandler' driver.
INFO - 2021-10-10 15:09:03 --> Controller "App\Controllers\undangan\Undangan" loaded.
INFO - 2021-10-10 15:10:02 --> Controller "App\Controllers\base\Beranda" loaded.
INFO - 2021-10-10 15:16:49 --> Session: Class initialized using 'CodeIgniter\Session\Handlers\FileHandler' driver.
INFO - 2021-10-10 15:16:49 --> Controller "App\Controllers\undangan\Undangan" loaded.
INFO - 2021-10-10 15:19:43 --> Controller "App\Controllers\base\Beranda" loaded.
INFO - 2021-10-10 15:19:58 --> Controller "App\Controllers\base\Beranda" loaded.
INFO - 2021-10-10 15:20:01 --> Controller "App\Controllers\base\Beranda" loaded.
INFO - 2021-10-10 15:30:03 --> Controller "App\Controllers\base\Beranda" loaded.
INFO - 2021-10-10 15:30:28 --> Session: Class initialized using 'CodeIgniter\Session\Handlers\FileHandler' driver.
INFO - 2021-10-10 15:30:28 --> Controller "App\Controllers\undangan\Undangan" loaded.
INFO - 2021-10-10 15:31:06 --> Session: Class initialized using 'CodeIgniter\Session\Handlers\FileHandler' driver.
INFO - 2021-10-10 15:31:06 --> Controller "App\Controllers\undangan\Undangan" loaded.
INFO - 2021-10-10 15:31:21 --> Session: Class initialized using 'CodeIgniter\Session\Handlers\FileHandler' driver.
INFO - 2021-10-10 15:31:21 --> Controller "App\Controllers\undangan\Undangan" loaded.
INFO - 2021-10-10 15:40:03 --> Controller "App\Controllers\base\Beranda" loaded.
INFO - 2021-10-10 15:50:02 --> Controller "App\Controllers\base\Beranda" loaded.
INFO - 2021-10-10 15:54:32 --> Controller "App\Controllers\base\Beranda" loaded.
INFO - 2021-10-10 15:54:46 --> Session: Class initialized using 'CodeIgniter\Session\Handlers\FileHandler' driver.
INFO - 2021-10-10 15:54:46 --> Controller "App\Controllers\base\Order" loaded.
INFO - 2021-10-10 15:54:48 --> Controller "App\Controllers\base\Beranda" loaded.
INFO - 2021-10-10 15:54:54 --> Controller "App\Controllers\base\Beranda" loaded.
INFO - 2021-10-10 15:57:07 --> Controller "App\Controllers\base\Beranda" loaded.
INFO - 2021-10-10 15:58:34 --> Controller "App\Controllers\base\Beranda" loaded.
INFO - 2021-10-10 16:00:03 --> Controller "App\Controllers\base\Beranda" loaded.
INFO - 2021-10-10 16:07:43 --> Controller "App\Controllers\base\Beranda" loaded.
INFO - 2021-10-10 16:10:02 --> Controller "App\Controllers\base\Beranda" loaded.
INFO - 2021-10-10 16:20:02 --> Controller "App\Controllers\base\Beranda" loaded.
INFO - 2021-10-10 16:30:03 --> Controller "App\Controllers\base\Beranda" loaded.
INFO - 2021-10-10 16:40:03 --> Controller "App\Controllers\base\Beranda" loaded.
INFO - 2021-10-10 16:50:03 --> Controller "App\Controllers\base\Beranda" loaded.
INFO - 2021-10-10 16:54:08 --> Controller "App\Controllers\base\Beranda" loaded.
INFO - 2021-10-10 17:00:02 --> Controller "App\Controllers\base\Beranda" loaded.
INFO - 2021-10-10 17:10:02 --> Controller "App\Controllers\base\Beranda" loaded.
INFO - 2021-10-10 17:17:32 --> Controller "App\Controllers\base\Beranda" loaded.
INFO - 2021-10-10 17:17:32 --> Controller "App\Controllers\base\Beranda" loaded.
INFO - 2021-10-10 17:17:32 --> Controller "App\Controllers\base\Beranda" loaded.
INFO - 2021-10-10 17:17:32 --> Controller "App\Controllers\base\Beranda" loaded.
INFO - 2021-10-10 17:17:32 --> Controller "App\Controllers\base\Beranda" loaded.
INFO - 2021-10-10 17:17:32 --> Controller "App\Controllers\base\Beranda" loaded.
INFO - 2021-10-10 17:17:32 --> Controller "App\Controllers\base\Beranda" loaded.
INFO - 2021-10-10 17:17:32 --> Controller "App\Controllers\base\Beranda" loaded.
INFO - 2021-10-10 17:17:32 --> Controller "App\Controllers\base\Beranda" loaded.
INFO - 2021-10-10 17:17:32 --> Controller "App\Controllers\base\Beranda" loaded.
INFO - 2021-10-10 17:17:32 --> Controller "App\Controllers\base\Beranda" loaded.
INFO - 2021-10-10 17:17:32 --> Controller "App\Controllers\base\Beranda" loaded.
INFO - 2021-10-10 17:17:32 --> Controller "App\Controllers\base\Beranda" loaded.
INFO - 2021-10-10 17:17:32 --> Controller "App\Controllers\base\Beranda" loaded.
INFO - 2021-10-10 17:17:32 --> Controller "App\Controllers\base\Beranda" loaded.
INFO - 2021-10-10 17:17:32 --> Controller "App\Controllers\base\Beranda" loaded.
INFO - 2021-10-10 17:17:33 --> Controller "App\Controllers\base\Beranda" loaded.
INFO - 2021-10-10 17:17:33 --> Controller "App\Controllers\base\Beranda" loaded.
INFO - 2021-10-10 17:17:33 --> Controller "App\Controllers\base\Beranda" loaded.
INFO - 2021-10-10 17:20:03 --> Controller "App\Controllers\base\Beranda" loaded.
INFO - 2021-10-10 17:27:47 --> Session: Class initialized using 'CodeIgniter\Session\Handlers\FileHandler' driver.
INFO - 2021-10-10 17:27:47 --> Controller "App\Controllers\undangan\Undangan" loaded.
INFO - 2021-10-10 17:28:11 --> Session: Class initialized using 'CodeIgniter\Session\Handlers\FileHandler' driver.
INFO - 2021-10-10 17:28:11 --> Controller "App\Controllers\undangan\Undangan" loaded.
INFO - 2021-10-10 17:30:03 --> Controller "App\Controllers\base\Beranda" loaded.
INFO - 2021-10-10 17:37:54 --> Controller "App\Controllers\base\Beranda" loaded.
INFO - 2021-10-10 17:40:02 --> Controller "App\Controllers\base\Beranda" loaded.
INFO - 2021-10-10 17:45:34 --> Controller "App\Controllers\base\Beranda" loaded.
INFO - 2021-10-10 17:45:44 --> Controller "App\Controllers\base\Beranda" loaded.
INFO - 2021-10-10 17:45:52 --> Controller "App\Controllers\base\Beranda" loaded.
INFO - 2021-10-10 17:45:57 --> Controller "App\Controllers\base\Beranda" loaded.
INFO - 2021-10-10 17:46:22 --> Controller "App\Controllers\base\Beranda" loaded.
INFO - 2021-10-10 17:46:31 --> Controller "App\Controllers\base\Beranda" loaded.
INFO - 2021-10-10 17:47:13 --> Controller "App\Controllers\base\Beranda" loaded.
INFO - 2021-10-10 17:48:11 --> Session: Class initialized using 'CodeIgniter\Session\Handlers\FileHandler' driver.
INFO - 2021-10-10 17:48:11 --> Controller "App\Controllers\undangan\Undangan" loaded.
INFO - 2021-10-10 17:48:21 --> Session: Class initialized using 'CodeIgniter\Session\Handlers\FileHandler' driver.
INFO - 2021-10-10 17:48:21 --> Controller "App\Controllers\undangan\Undangan" loaded.
INFO - 2021-10-10 17:48:31 --> Controller "App\Controllers\base\Beranda" loaded.
INFO - 2021-10-10 17:48:35 --> Session: Class initialized using 'CodeIgniter\Session\Handlers\FileHandler' driver.
INFO - 2021-10-10 17:48:35 --> Controller "App\Controllers\base\Dashboard" loaded.
INFO - 2021-10-10 17:48:54 --> Session: Class initialized using 'CodeIgniter\Session\Handlers\FileHandler' driver.
INFO - 2021-10-10 17:48:54 --> Controller "App\Controllers\base\Dashboard" loaded.
INFO - 2021-10-10 17:48:54 --> Session: Class initialized using 'CodeIgniter\Session\Handlers\FileHandler' driver.
INFO - 2021-10-10 17:48:54 --> Controller "App\Controllers\base\Dashboard" loaded.
INFO - 2021-10-10 17:49:06 --> Session: Class initialized using 'CodeIgniter\Session\Handlers\FileHandler' driver.
INFO - 2021-10-10 17:49:06 --> Controller "App\Controllers\base\Dashboard" loaded.
INFO - 2021-10-10 17:49:06 --> Session: Class initialized using 'CodeIgniter\Session\Handlers\FileHandler' driver.
INFO - 2021-10-10 17:49:06 --> Controller "App\Controllers\base\Dashboard" loaded.
INFO - 2021-10-10 17:49:11 --> Session: Class initialized using 'CodeIgniter\Session\Handlers\FileHandler' driver.
INFO - 2021-10-10 17:49:11 --> Controller "App\Controllers\admin\Admin" loaded.
INFO - 2021-10-10 17:49:15 --> Session: Class initialized using 'CodeIgniter\Session\Handlers\FileHandler' driver.
INFO - 2021-10-10 17:49:15 --> Controller "App\Controllers\admin\Admin" loaded.
INFO - 2021-10-10 17:49:15 --> Session: Class initialized using 'CodeIgniter\Session\Handlers\FileHandler' driver.
INFO - 2021-10-10 17:49:15 --> Controller "App\Controllers\admin\Admin" loaded.
INFO - 2021-10-10 17:49:19 --> Session: Class initialized using 'CodeIgniter\Session\Handlers\FileHandler' driver.
INFO - 2021-10-10 17:49:19 --> Controller "App\Controllers\admin\Admin" loaded.
INFO - 2021-10-10 17:49:25 --> Session: Class initialized using 'CodeIgniter\Session\Handlers\FileHandler' driver.
INFO - 2021-10-10 17:49:25 --> Controller "App\Controllers\admin\Admin" loaded.
INFO - 2021-10-10 17:49:38 --> Session: Class initialized using 'CodeIgniter\Session\Handlers\FileHandler' driver.
INFO - 2021-10-10 17:49:38 --> Controller "App\Controllers\base\Dashboard" loaded.
INFO - 2021-10-10 17:49:52 --> Session: Class initialized using 'CodeIgniter\Session\Handlers\FileHandler' driver.
INFO - 2021-10-10 17:49:52 --> Controller "App\Controllers\base\Dashboard" loaded.
INFO - 2021-10-10 17:49:53 --> Session: Class initialized using 'CodeIgniter\Session\Handlers\FileHandler' driver.
INFO - 2021-10-10 17:49:53 --> Controller "App\Controllers\base\Dashboard" loaded.
INFO - 2021-10-10 17:50:02 --> Session: Class initialized using 'CodeIgniter\Session\Handlers\FileHandler' driver.
INFO - 2021-10-10 17:50:02 --> Controller "App\Controllers\base\Dashboard" loaded.
INFO - 2021-10-10 17:50:02 --> Controller "App\Controllers\base\Beranda" loaded.
INFO - 2021-10-10 17:50:12 --> Session: Class initialized using 'CodeIgniter\Session\Handlers\FileHandler' driver.
INFO - 2021-10-10 17:50:12 --> Controller "App\Controllers\base\Dashboard" loaded.
INFO - 2021-10-10 17:50:12 --> Session: Class initialized using 'CodeIgniter\Session\Handlers\FileHandler' driver.
INFO - 2021-10-10 17:50:12 --> Controller "App\Controllers\base\Dashboard" loaded.
INFO - 2021-10-10 17:50:26 --> Session: Class initialized using 'CodeIgniter\Session\Handlers\FileHandler' driver.
INFO - 2021-10-10 17:50:26 --> Controller "App\Controllers\undangan\Undangan" loaded.
INFO - 2021-10-10 17:50:37 --> Session: Class initialized using 'CodeIgniter\Session\Handlers\FileHandler' driver.
INFO - 2021-10-10 17:50:37 --> Controller "App\Controllers\undangan\Undangan" loaded.
INFO - 2021-10-10 17:52:21 --> Controller "App\Controllers\base\Beranda" loaded.
INFO - 2021-10-10 17:52:27 --> Session: Class initialized using 'CodeIgniter\Session\Handlers\FileHandler' driver.
INFO - 2021-10-10 17:52:27 --> Controller "App\Controllers\base\Order" loaded.
INFO - 2021-10-10 17:52:27 --> Controller "App\Controllers\base\Beranda" loaded.
INFO - 2021-10-10 17:52:43 --> Controller "App\Controllers\base\Beranda" loaded.
INFO - 2021-10-10 17:53:18 --> Session: Class initialized using 'CodeIgniter\Session\Handlers\FileHandler' driver.
INFO - 2021-10-10 17:53:18 --> Controller "App\Controllers\bukutamu\Bukutamu" loaded.
INFO - 2021-10-10 17:53:33 --> Controller "App\Controllers\base\Beranda" loaded.
INFO - 2021-10-10 17:53:35 --> Controller "App\Controllers\base\Beranda" loaded.
INFO - 2021-10-10 17:53:45 --> Session: Class initialized using 'CodeIgniter\Session\Handlers\FileHandler' driver.
INFO - 2021-10-10 17:53:45 --> Controller "App\Controllers\bukutamu\Bukutamu" loaded.
INFO - 2021-10-10 17:54:09 --> Session: Class initialized using 'CodeIgniter\Session\Handlers\FileHandler' driver.
INFO - 2021-10-10 17:54:09 --> Controller "App\Controllers\bukutamu\Bukutamu" loaded.
INFO - 2021-10-10 17:54:36 --> Controller "App\Controllers\base\Beranda" loaded.
INFO - 2021-10-10 17:57:55 --> Controller "App\Controllers\base\Beranda" loaded.
INFO - 2021-10-10 18:00:02 --> Controller "App\Controllers\base\Beranda" loaded.
INFO - 2021-10-10 18:10:03 --> Controller "App\Controllers\base\Beranda" loaded.
INFO - 2021-10-10 18:20:03 --> Controller "App\Controllers\base\Beranda" loaded.
INFO - 2021-10-10 18:22:40 --> Controller "App\Controllers\base\Beranda" loaded.
INFO - 2021-10-10 18:22:40 --> Controller "App\Controllers\base\Beranda" loaded.
INFO - 2021-10-10 18:30:02 --> Controller "App\Controllers\base\Beranda" loaded.
INFO - 2021-10-10 18:32:27 --> Controller "App\Controllers\base\Beranda" loaded.
INFO - 2021-10-10 18:37:32 --> Session: Class initialized using 'CodeIgniter\Session\Handlers\FileHandler' driver.
INFO - 2021-10-10 18:37:32 --> Controller "App\Controllers\admin\Admin" loaded.
INFO - 2021-10-10 18:40:03 --> Controller "App\Controllers\base\Beranda" loaded.
INFO - 2021-10-10 18:50:02 --> Controller "App\Controllers\base\Beranda" loaded.
INFO - 2021-10-10 18:51:34 --> Controller "App\Controllers\base\Beranda" loaded.
INFO - 2021-10-10 19:00:03 --> Controller "App\Controllers\base\Beranda" loaded.
INFO - 2021-10-10 19:07:31 --> Controller "App\Controllers\base\Beranda" loaded.
INFO - 2021-10-10 19:08:14 --> Controller "App\Controllers\base\Beranda" loaded.
INFO - 2021-10-10 19:08:32 --> Controller "App\Controllers\base\Beranda" loaded.
INFO - 2021-10-10 19:10:02 --> Controller "App\Controllers\base\Beranda" loaded.
INFO - 2021-10-10 19:10:59 --> Controller "App\Controllers\base\Beranda" loaded.
INFO - 2021-10-10 19:11:07 --> Session: Class initialized using 'CodeIgniter\Session\Handlers\FileHandler' driver.
INFO - 2021-10-10 19:11:07 --> Controller "App\Controllers\base\Order" loaded.
INFO - 2021-10-10 19:11:31 --> Controller "App\Controllers\base\Beranda" loaded.
INFO - 2021-10-10 19:11:36 --> Session: Class initialized using 'CodeIgniter\Session\Handlers\FileHandler' driver.
INFO - 2021-10-10 19:11:36 --> Controller "App\Controllers\base\Order" loaded.
INFO - 2021-10-10 19:11:52 --> Controller "App\Controllers\base\Beranda" loaded.
INFO - 2021-10-10 19:12:00 --> Session: Class initialized using 'CodeIgniter\Session\Handlers\FileHandler' driver.
INFO - 2021-10-10 19:12:00 --> Controller "App\Controllers\base\Order" loaded.
INFO - 2021-10-10 19:12:05 --> Session: Class initialized using 'CodeIgniter\Session\Handlers\FileHandler' driver.
INFO - 2021-10-10 19:12:05 --> Controller "App\Controllers\undangan\Undangan" loaded.
INFO - 2021-10-10 19:12:25 --> Session: Class initialized using 'CodeIgniter\Session\Handlers\FileHandler' driver.
INFO - 2021-10-10 19:12:25 --> Controller "App\Controllers\undangan\Undangan" loaded.
INFO - 2021-10-10 19:12:52 --> Session: Class initialized using 'CodeIgniter\Session\Handlers\FileHandler' driver.
INFO - 2021-10-10 19:12:52 --> Controller "App\Controllers\undangan\Undangan" loaded.
INFO - 2021-10-10 19:13:15 --> Session: Class initialized using 'CodeIgniter\Session\Handlers\FileHandler' driver.
INFO - 2021-10-10 19:13:15 --> Controller "App\Controllers\undangan\Undangan" loaded.
INFO - 2021-10-10 19:13:27 --> Controller "App\Controllers\base\Beranda" loaded.
INFO - 2021-10-10 19:13:34 --> Session: Class initialized using 'CodeIgniter\Session\Handlers\FileHandler' driver.
INFO - 2021-10-10 19:13:34 --> Controller "App\Controllers\base\Order" loaded.
INFO - 2021-10-10 19:13:34 --> Controller "App\Controllers\base\Beranda" loaded.
INFO - 2021-10-10 19:13:37 --> Session: Class initialized using 'CodeIgniter\Session\Handlers\FileHandler' driver.
INFO - 2021-10-10 19:13:37 --> Controller "App\Controllers\base\Order" loaded.
INFO - 2021-10-10 19:14:14 --> Controller "App\Controllers\base\Beranda" loaded.
INFO - 2021-10-10 19:14:36 --> Session: Class initialized using 'CodeIgniter\Session\Handlers\FileHandler' driver.
INFO - 2021-10-10 19:14:36 --> Controller "App\Controllers\base\Order" loaded.
INFO - 2021-10-10 19:15:00 --> Controller "App\Controllers\base\Beranda" loaded.
INFO - 2021-10-10 19:15:12 --> Session: Class initialized using 'CodeIgniter\Session\Handlers\FileHandler' driver.
INFO - 2021-10-10 19:15:12 --> Controller "App\Controllers\base\Order" loaded.
INFO - 2021-10-10 19:15:12 --> Controller "App\Controllers\base\Beranda" loaded.
INFO - 2021-10-10 19:15:16 --> Session: Class initialized using 'CodeIgniter\Session\Handlers\FileHandler' driver.
INFO - 2021-10-10 19:15:16 --> Controller "App\Controllers\base\Order" loaded.
INFO - 2021-10-10 19:15:20 --> Controller "App\Controllers\base\Beranda" loaded.
INFO - 2021-10-10 19:15:32 --> Controller "App\Controllers\base\Beranda" loaded.
INFO - 2021-10-10 19:15:33 --> Controller "App\Controllers\base\Beranda" loaded.
INFO - 2021-10-10 19:15:40 --> Session: Class initialized using 'CodeIgniter\Session\Handlers\FileHandler' driver.
INFO - 2021-10-10 19:15:40 --> Controller "App\Controllers\admin\Admin" loaded.
INFO - 2021-10-10 19:15:40 --> Session: Class initialized using 'CodeIgniter\Session\Handlers\FileHandler' driver.
INFO - 2021-10-10 19:15:40 --> Controller "App\Controllers\admin\Admin" loaded.
INFO - 2021-10-10 19:15:46 --> Session: Class initialized using 'CodeIgniter\Session\Handlers\FileHandler' driver.
INFO - 2021-10-10 19:15:46 --> Controller "App\Controllers\admin\Admin" loaded.
INFO - 2021-10-10 19:16:02 --> Session: Class initialized using 'CodeIgniter\Session\Handlers\FileHandler' driver.
INFO - 2021-10-10 19:16:02 --> Controller "App\Controllers\base\Order" loaded.
INFO - 2021-10-10 19:16:03 --> Session: Class initialized using 'CodeIgniter\Session\Handlers\FileHandler' driver.
INFO - 2021-10-10 19:16:03 --> Controller "App\Controllers\admin\Admin" loaded.
INFO - 2021-10-10 19:16:03 --> Session: Class initialized using 'CodeIgniter\Session\Handlers\FileHandler' driver.
INFO - 2021-10-10 19:16:03 --> Controller "App\Controllers\admin\Admin" loaded.
INFO - 2021-10-10 19:16:18 --> Session: Class initialized using 'CodeIgniter\Session\Handlers\FileHandler' driver.
INFO - 2021-10-10 19:16:18 --> Controller "App\Controllers\base\Order" loaded.
INFO - 2021-10-10 19:16:32 --> Session: Class initialized using 'CodeIgniter\Session\Handlers\FileHandler' driver.
INFO - 2021-10-10 19:16:32 --> Controller "App\Controllers\base\Order" loaded.
INFO - 2021-10-10 19:16:33 --> Session: Class initialized using 'CodeIgniter\Session\Handlers\FileHandler' driver.
INFO - 2021-10-10 19:16:33 --> Controller "App\Controllers\admin\Admin" loaded.
INFO - 2021-10-10 19:16:46 --> Session: Class initialized using 'CodeIgniter\Session\Handlers\FileHandler' driver.
INFO - 2021-10-10 19:16:46 --> Controller "App\Controllers\admin\Admin" loaded.
INFO - 2021-10-10 19:16:54 --> Session: Class initialized using 'CodeIgniter\Session\Handlers\FileHandler' driver.
INFO - 2021-10-10 19:16:54 --> Controller "App\Controllers\undangan\Undangan" loaded.
INFO - 2021-10-10 19:16:55 --> Session: Class initialized using 'CodeIgniter\Session\Handlers\FileHandler' driver.
INFO - 2021-10-10 19:16:55 --> Controller "App\Controllers\undangan\Undangan" loaded.
INFO - 2021-10-10 19:16:55 --> Session: Class initialized using 'CodeIgniter\Session\Handlers\FileHandler' driver.
INFO - 2021-10-10 19:16:55 --> Controller "App\Controllers\undangan\Undangan" loaded.
INFO - 2021-10-10 19:16:55 --> Session: Class initialized using 'CodeIgniter\Session\Handlers\FileHandler' driver.
INFO - 2021-10-10 19:16:55 --> Controller "App\Controllers\undangan\Undangan" loaded.
INFO - 2021-10-10 19:16:55 --> Session: Class initialized using 'CodeIgniter\Session\Handlers\FileHandler' driver.
INFO - 2021-10-10 19:16:55 --> Controller "App\Controllers\undangan\Undangan" loaded.
INFO - 2021-10-10 19:16:56 --> Session: Class initialized using 'CodeIgniter\Session\Handlers\FileHandler' driver.
INFO - 2021-10-10 19:16:56 --> Controller "App\Controllers\undangan\Undangan" loaded.
INFO - 2021-10-10 19:16:58 --> Session: Class initialized using 'CodeIgniter\Session\Handlers\FileHandler' driver.
INFO - 2021-10-10 19:16:58 --> Controller "App\Controllers\base\Order" loaded.
INFO - 2021-10-10 19:17:00 --> Session: Class initialized using 'CodeIgniter\Session\Handlers\FileHandler' driver.
INFO - 2021-10-10 19:17:00 --> Controller "App\Controllers\admin\Admin" loaded.
INFO - 2021-10-10 19:17:04 --> Session: Class initialized using 'CodeIgniter\Session\Handlers\FileHandler' driver.
INFO - 2021-10-10 19:17:04 --> Controller "App\Controllers\base\Dashboard" loaded.
INFO - 2021-10-10 19:17:14 --> Session: Class initialized using 'CodeIgniter\Session\Handlers\FileHandler' driver.
INFO - 2021-10-10 19:17:14 --> Controller "App\Controllers\base\Order" loaded.
INFO - 2021-10-10 19:17:18 --> Session: Class initialized using 'CodeIgniter\Session\Handlers\FileHandler' driver.
INFO - 2021-10-10 19:17:18 --> Controller "App\Controllers\base\Order" loaded.
INFO - 2021-10-10 19:17:44 --> Session: Class initialized using 'CodeIgniter\Session\Handlers\FileHandler' driver.
INFO - 2021-10-10 19:17:44 --> Controller "App\Controllers\base\Order" loaded.
INFO - 2021-10-10 19:18:23 --> Session: Class initialized using 'CodeIgniter\Session\Handlers\FileHandler' driver.
INFO - 2021-10-10 19:18:23 --> Controller "App\Controllers\base\Order" loaded.
INFO - 2021-10-10 19:18:23 --> Controller "App\Controllers\base\Beranda" loaded.
INFO - 2021-10-10 19:18:31 --> Session: Class initialized using 'CodeIgniter\Session\Handlers\FileHandler' driver.
INFO - 2021-10-10 19:18:31 --> Controller "App\Controllers\base\Order" loaded.
INFO - 2021-10-10 19:18:34 --> Session: Class initialized using 'CodeIgniter\Session\Handlers\FileHandler' driver.
INFO - 2021-10-10 19:18:34 --> Controller "App\Controllers\base\Order" loaded.
INFO - 2021-10-10 19:18:37 --> Session: Class initialized using 'CodeIgniter\Session\Handlers\FileHandler' driver.
INFO - 2021-10-10 19:18:37 --> Controller "App\Controllers\base\Order" loaded.
INFO - 2021-10-10 19:18:42 --> Session: Class initialized using 'CodeIgniter\Session\Handlers\FileHandler' driver.
INFO - 2021-10-10 19:18:42 --> Controller "App\Controllers\base\Order" loaded.
INFO - 2021-10-10 19:18:46 --> Session: Class initialized using 'CodeIgniter\Session\Handlers\FileHandler' driver.
INFO - 2021-10-10 19:18:46 --> Controller "App\Controllers\undangan\Undangan" loaded.
INFO - 2021-10-10 19:19:44 --> Session: Class initialized using 'CodeIgniter\Session\Handlers\FileHandler' driver.
INFO - 2021-10-10 19:19:45 --> Controller "App\Controllers\base\Dashboard" loaded.
INFO - 2021-10-10 19:19:45 --> Session: Class initialized using 'CodeIgniter\Session\Handlers\FileHandler' driver.
INFO - 2021-10-10 19:19:45 --> Controller "App\Controllers\base\Dashboard" loaded.
INFO - 2021-10-10 19:19:57 --> Session: Class initialized using 'CodeIgniter\Session\Handlers\FileHandler' driver.
INFO - 2021-10-10 19:19:57 --> Controller "App\Controllers\base\Dashboard" loaded.
INFO - 2021-10-10 19:19:57 --> Session: Class initialized using 'CodeIgniter\Session\Handlers\FileHandler' driver.
INFO - 2021-10-10 19:19:57 --> Controller "App\Controllers\base\Dashboard" loaded.
INFO - 2021-10-10 19:20:02 --> Controller "App\Controllers\base\Beranda" loaded.
INFO - 2021-10-10 19:20:13 --> Session: Class initialized using 'CodeIgniter\Session\Handlers\FileHandler' driver.
INFO - 2021-10-10 19:20:13 --> Controller "App\Controllers\base\Dashboard" loaded.
INFO - 2021-10-10 19:20:19 --> Session: Class initialized using 'CodeIgniter\Session\Handlers\FileHandler' driver.
INFO - 2021-10-10 19:20:19 --> Controller "App\Controllers\base\Dashboard" loaded.
INFO - 2021-10-10 19:20:29 --> Session: Class initialized using 'CodeIgniter\Session\Handlers\FileHandler' driver.
INFO - 2021-10-10 19:20:29 --> Controller "App\Controllers\base\Dashboard" loaded.
INFO - 2021-10-10 19:20:29 --> Session: Class initialized using 'CodeIgniter\Session\Handlers\FileHandler' driver.
INFO - 2021-10-10 19:20:29 --> Controller "App\Controllers\base\Dashboard" loaded.
INFO - 2021-10-10 19:20:42 --> Session: Class initialized using 'CodeIgniter\Session\Handlers\FileHandler' driver.
INFO - 2021-10-10 19:20:42 --> Controller "App\Controllers\base\Dashboard" loaded.
INFO - 2021-10-10 19:20:44 --> Controller "App\Controllers\base\Beranda" loaded.
INFO - 2021-10-10 19:20:44 --> Controller "App\Controllers\base\Beranda" loaded.
INFO - 2021-10-10 19:20:44 --> Controller "App\Controllers\base\Beranda" loaded.
INFO - 2021-10-10 19:20:57 --> Session: Class initialized using 'CodeIgniter\Session\Handlers\FileHandler' driver.
INFO - 2021-10-10 19:20:57 --> Controller "App\Controllers\bukutamu\Bukutamu" loaded.
INFO - 2021-10-10 19:21:10 --> Session: Class initialized using 'CodeIgniter\Session\Handlers\FileHandler' driver.
INFO - 2021-10-10 19:21:10 --> Controller "App\Controllers\base\Dashboard" loaded.
INFO - 2021-10-10 19:21:11 --> Session: Class initialized using 'CodeIgniter\Session\Handlers\FileHandler' driver.
INFO - 2021-10-10 19:21:11 --> Controller "App\Controllers\base\Dashboard" loaded.
INFO - 2021-10-10 19:21:19 --> Session: Class initialized using 'CodeIgniter\Session\Handlers\FileHandler' driver.
INFO - 2021-10-10 19:21:19 --> Session: Class initialized using 'CodeIgniter\Session\Handlers\FileHandler' driver.
INFO - 2021-10-10 19:21:19 --> Controller "App\Controllers\base\Dashboard" loaded.
INFO - 2021-10-10 19:21:27 --> Session: Class initialized using 'CodeIgniter\Session\Handlers\FileHandler' driver.
INFO - 2021-10-10 19:21:27 --> Controller "App\Controllers\base\Dashboard" loaded.
INFO - 2021-10-10 19:21:27 --> Session: Class initialized using 'CodeIgniter\Session\Handlers\FileHandler' driver.
INFO - 2021-10-10 19:21:27 --> Controller "App\Controllers\base\Dashboard" loaded.
INFO - 2021-10-10 19:21:52 --> Session: Class initialized using 'CodeIgniter\Session\Handlers\FileHandler' driver.
INFO - 2021-10-10 19:21:52 --> Controller "App\Controllers\base\Dashboard" loaded.
INFO - 2021-10-10 19:21:58 --> Session: Class initialized using 'CodeIgniter\Session\Handlers\FileHandler' driver.
INFO - 2021-10-10 19:21:58 --> Controller "App\Controllers\base\Dashboard" loaded.
INFO - 2021-10-10 19:22:15 --> Session: Class initialized using 'CodeIgniter\Session\Handlers\FileHandler' driver.
INFO - 2021-10-10 19:22:15 --> Controller "App\Controllers\base\Dashboard" loaded.
INFO - 2021-10-10 19:22:25 --> Session: Class initialized using 'CodeIgniter\Session\Handlers\FileHandler' driver.
INFO - 2021-10-10 19:22:25 --> Controller "App\Controllers\base\Dashboard" loaded.
INFO - 2021-10-10 19:22:34 --> Session: Class initialized using 'CodeIgniter\Session\Handlers\FileHandler' driver.
INFO - 2021-10-10 19:22:34 --> Controller "App\Controllers\base\Dashboard" loaded.
INFO - 2021-10-10 19:22:40 --> Session: Class initialized using 'CodeIgniter\Session\Handlers\FileHandler' driver.
INFO - 2021-10-10 19:22:40 --> Controller "App\Controllers\base\Dashboard" loaded.
INFO - 2021-10-10 19:22:40 --> Controller "App\Controllers\base\Beranda" loaded.
INFO - 2021-10-10 19:22:40 --> Controller "App\Controllers\base\Beranda" loaded.
INFO - 2021-10-10 19:22:40 --> Controller "App\Controllers\base\Beranda" loaded.
INFO - 2021-10-10 19:22:43 --> Session: Class initialized using 'CodeIgniter\Session\Handlers\FileHandler' driver.
INFO - 2021-10-10 19:22:43 --> Controller "App\Controllers\bukutamu\Bukutamu" loaded.
INFO - 2021-10-10 19:23:01 --> Session: Class initialized using 'CodeIgniter\Session\Handlers\FileHandler' driver.
INFO - 2021-10-10 19:23:01 --> Controller "App\Controllers\base\Dashboard" loaded.
INFO - 2021-10-10 19:23:01 --> Controller "App\Controllers\base\Beranda" loaded.
INFO - 2021-10-10 19:23:01 --> Controller "App\Controllers\base\Beranda" loaded.
INFO - 2021-10-10 19:23:01 --> Controller "App\Controllers\base\Beranda" loaded.
INFO - 2021-10-10 19:23:16 --> Session: Class initialized using 'CodeIgniter\Session\Handlers\FileHandler' driver.
INFO - 2021-10-10 19:23:16 --> Controller "App\Controllers\base\Dashboard" loaded.
INFO - 2021-10-10 19:23:26 --> Session: Class initialized using 'CodeIgniter\Session\Handlers\FileHandler' driver.
INFO - 2021-10-10 19:23:26 --> Controller "App\Controllers\base\Dashboard" loaded.
INFO - 2021-10-10 19:23:34 --> Session: Class initialized using 'CodeIgniter\Session\Handlers\FileHandler' driver.
INFO - 2021-10-10 19:23:34 --> Controller "App\Controllers\base\Dashboard" loaded.
INFO - 2021-10-10 19:23:44 --> Session: Class initialized using 'CodeIgniter\Session\Handlers\FileHandler' driver.
INFO - 2021-10-10 19:23:44 --> Controller "App\Controllers\base\Dashboard" loaded.
INFO - 2021-10-10 19:23:52 --> Session: Class initialized using 'CodeIgniter\Session\Handlers\FileHandler' driver.
INFO - 2021-10-10 19:23:52 --> Controller "App\Controllers\base\Dashboard" loaded.
INFO - 2021-10-10 19:24:00 --> Session: Class initialized using 'CodeIgniter\Session\Handlers\FileHandler' driver.
INFO - 2021-10-10 19:24:00 --> Controller "App\Controllers\base\Dashboard" loaded.
INFO - 2021-10-10 19:24:09 --> Session: Class initialized using 'CodeIgniter\Session\Handlers\FileHandler' driver.
INFO - 2021-10-10 19:24:09 --> Controller "App\Controllers\base\Dashboard" loaded.
INFO - 2021-10-10 19:24:13 --> Session: Class initialized using 'CodeIgniter\Session\Handlers\FileHandler' driver.
INFO - 2021-10-10 19:24:13 --> Controller "App\Controllers\bukutamu\Bukutamu" loaded.
INFO - 2021-10-10 19:30:02 --> Controller "App\Controllers\base\Beranda" loaded.
INFO - 2021-10-10 19:37:44 --> Session: Class initialized using 'CodeIgniter\Session\Handlers\FileHandler' driver.
INFO - 2021-10-10 19:37:44 --> Controller "App\Controllers\undangan\Undangan" loaded.
INFO - 2021-10-10 19:40:02 --> Controller "App\Controllers\base\Beranda" loaded.
INFO - 2021-10-10 19:50:03 --> Controller "App\Controllers\base\Beranda" loaded.
INFO - 2021-10-10 19:53:27 --> Controller "App\Controllers\base\Beranda" loaded.
INFO - 2021-10-10 20:00:03 --> Controller "App\Controllers\base\Beranda" loaded.
INFO - 2021-10-10 20:10:02 --> Controller "App\Controllers\base\Beranda" loaded.
INFO - 2021-10-10 20:10:58 --> Controller "App\Controllers\base\Beranda" loaded.
INFO - 2021-10-10 20:12:54 --> Controller "App\Controllers\base\Beranda" loaded.
INFO - 2021-10-10 20:14:43 --> Controller "App\Controllers\base\Beranda" loaded.
INFO - 2021-10-10 20:20:02 --> Controller "App\Controllers\base\Beranda" loaded.
INFO - 2021-10-10 20:30:03 --> Controller "App\Controllers\base\Beranda" loaded.
INFO - 2021-10-10 20:34:11 --> Controller "App\Controllers\base\Beranda" loaded.
INFO - 2021-10-10 20:40:02 --> Controller "App\Controllers\base\Beranda" loaded.
INFO - 2021-10-10 20:50:02 --> Controller "App\Controllers\base\Beranda" loaded.
INFO - 2021-10-10 20:58:09 --> Session: Class initialized using 'CodeIgniter\Session\Handlers\FileHandler' driver.
INFO - 2021-10-10 20:58:09 --> Controller "App\Controllers\undangan\Undangan" loaded.
INFO - 2021-10-10 21:00:03 --> Controller "App\Controllers\base\Beranda" loaded.
INFO - 2021-10-10 21:00:59 --> Session: Class initialized using 'CodeIgniter\Session\Handlers\FileHandler' driver.
INFO - 2021-10-10 21:00:59 --> Controller "App\Controllers\admin\Admin" loaded.
INFO - 2021-10-10 21:07:28 --> Session: Class initialized using 'CodeIgniter\Session\Handlers\FileHandler' driver.
INFO - 2021-10-10 21:07:28 --> Controller "App\Controllers\undangan\Undangan" loaded.
INFO - 2021-10-10 21:10:02 --> Controller "App\Controllers\base\Beranda" loaded.
INFO - 2021-10-10 21:14:38 --> Controller "App\Controllers\base\Beranda" loaded.
INFO - 2021-10-10 21:14:51 --> Controller "App\Controllers\base\Beranda" loaded.
INFO - 2021-10-10 21:15:08 --> Controller "App\Controllers\base\Beranda" loaded.
INFO - 2021-10-10 21:17:31 --> Controller "App\Controllers\base\Beranda" loaded.
INFO - 2021-10-10 21:17:34 --> Controller "App\Controllers\base\Beranda" loaded.
INFO - 2021-10-10 21:20:03 --> Controller "App\Controllers\base\Beranda" loaded.
INFO - 2021-10-10 21:30:02 --> Controller "App\Controllers\base\Beranda" loaded.
INFO - 2021-10-10 21:40:03 --> Controller "App\Controllers\base\Beranda" loaded.
INFO - 2021-10-10 21:46:54 --> Controller "App\Controllers\base\Beranda" loaded.
INFO - 2021-10-10 21:46:54 --> Controller "App\Controllers\base\Beranda" loaded.
INFO - 2021-10-10 21:46:54 --> Controller "App\Controllers\base\Beranda" loaded.
INFO - 2021-10-10 21:46:55 --> Controller "App\Controllers\base\Beranda" loaded.
INFO - 2021-10-10 21:46:55 --> Controller "App\Controllers\base\Beranda" loaded.
INFO - 2021-10-10 21:46:56 --> Controller "App\Controllers\base\Beranda" loaded.
INFO - 2021-10-10 21:46:56 --> Controller "App\Controllers\base\Beranda" loaded.
INFO - 2021-10-10 21:46:57 --> Controller "App\Controllers\base\Beranda" loaded.
INFO - 2021-10-10 21:46:57 --> Controller "App\Controllers\base\Beranda" loaded.
INFO - 2021-10-10 21:46:58 --> Controller "App\Controllers\base\Beranda" loaded.
INFO - 2021-10-10 21:46:58 --> Controller "App\Controllers\base\Beranda" loaded.
INFO - 2021-10-10 21:46:59 --> Controller "App\Controllers\base\Beranda" loaded.
CRITICAL - 2021-10-10 21:46:59 --> Invalid file: base/beranda/newhome.php
#0 /home/nguh5634/public_html/system/View/View.php(224): CodeIgniter\Exceptions\FrameworkException::forInvalidFile('base/beranda/ne...')
#1 /home/nguh5634/public_html/system/Common.php(1071): CodeIgniter\View\View->render('base/beranda/ne...', Array, true)
#2 /home/nguh5634/public_html/app/Controllers/base/Beranda.php(42): view('base/beranda/ne...', Array)
#3 /home/nguh5634/public_html/system/CodeIgniter.php(910): App\Controllers\base\Beranda->home()
#4 /home/nguh5634/public_html/system/CodeIgniter.php(398): CodeIgniter\CodeIgniter->runController(Object(App\Controllers\base\Beranda))
#5 /home/nguh5634/public_html/system/CodeIgniter.php(306): CodeIgniter\CodeIgniter->handleRequest(NULL, Object(Config\Cache), false)
#6 /home/nguh5634/public_html/index.php(45): CodeIgniter\CodeIgniter->run()
#7 {main}
INFO - 2021-10-10 21:46:59 --> Controller "App\Controllers\base\Beranda" loaded.
INFO - 2021-10-10 21:47:00 --> Controller "App\Controllers\base\Beranda" loaded.
INFO - 2021-10-10 21:47:00 --> Controller "App\Controllers\base\Beranda" loaded.
INFO - 2021-10-10 21:47:01 --> Controller "App\Controllers\base\Beranda" loaded.
INFO - 2021-10-10 21:47:01 --> Controller "App\Controllers\base\Beranda" loaded.
INFO - 2021-10-10 21:47:01 --> Controller "App\Controllers\base\Beranda" loaded.
INFO - 2021-10-10 21:47:02 --> Controller "App\Controllers\base\Beranda" loaded.
INFO - 2021-10-10 21:47:03 --> Controller "App\Controllers\base\Beranda" loaded.
INFO - 2021-10-10 21:47:03 --> Controller "App\Controllers\base\Beranda" loaded.
INFO - 2021-10-10 21:47:04 --> Controller "App\Controllers\base\Beranda" loaded.
INFO - 2021-10-10 21:47:04 --> Controller "App\Controllers\base\Beranda" loaded.
INFO - 2021-10-10 21:47:04 --> Controller "App\Controllers\base\Beranda" loaded.
INFO - 2021-10-10 21:47:05 --> Controller "App\Controllers\base\Beranda" loaded.
INFO - 2021-10-10 21:47:05 --> Controller "App\Controllers\base\Beranda" loaded.
INFO - 2021-10-10 21:47:06 --> Controller "App\Controllers\base\Beranda" loaded.
INFO - 2021-10-10 21:47:06 --> Controller "App\Controllers\base\Beranda" loaded.
INFO - 2021-10-10 21:47:07 --> Controller "App\Controllers\base\Beranda" loaded.
INFO - 2021-10-10 21:47:07 --> Controller "App\Controllers\base\Beranda" loaded.
INFO - 2021-10-10 21:50:02 --> Controller "App\Controllers\base\Beranda" loaded.
INFO - 2021-10-10 22:00:03 --> Controller "App\Controllers\base\Beranda" loaded.
INFO - 2021-10-10 22:10:02 --> Controller "App\Controllers\base\Beranda" loaded.
INFO - 2021-10-10 22:12:18 --> Session: Class initialized using 'CodeIgniter\Session\Handlers\FileHandler' driver.
INFO - 2021-10-10 22:12:18 --> Controller "App\Controllers\bukutamu\Bukutamu" loaded.
INFO - 2021-10-10 22:13:16 --> Session: Class initialized using 'CodeIgniter\Session\Handlers\FileHandler' driver.
INFO - 2021-10-10 22:13:16 --> Controller "App\Controllers\undangan\Undangan" loaded.
INFO - 2021-10-10 22:14:31 --> Session: Class initialized using 'CodeIgniter\Session\Handlers\FileHandler' driver.
INFO - 2021-10-10 22:14:31 --> Controller "App\Controllers\undangan\Undangan" loaded.
INFO - 2021-10-10 22:15:09 --> Session: Class initialized using 'CodeIgniter\Session\Handlers\FileHandler' driver.
INFO - 2021-10-10 22:15:09 --> Controller "App\Controllers\undangan\Undangan" loaded.
INFO - 2021-10-10 22:15:45 --> Session: Class initialized using 'CodeIgniter\Session\Handlers\FileHandler' driver.
INFO - 2021-10-10 22:15:45 --> Controller "App\Controllers\bukutamu\Bukutamu" loaded.
INFO - 2021-10-10 22:16:03 --> Controller "App\Controllers\base\Beranda" loaded.
INFO - 2021-10-10 22:16:16 --> Controller "App\Controllers\base\Beranda" loaded.
INFO - 2021-10-10 22:17:47 --> Controller "App\Controllers\base\Beranda" loaded.
INFO - 2021-10-10 22:18:21 --> Session: Class initialized using 'CodeIgniter\Session\Handlers\FileHandler' driver.
INFO - 2021-10-10 22:18:21 --> Controller "App\Controllers\undangan\Undangan" loaded.
INFO - 2021-10-10 22:19:27 --> Session: Class initialized using 'CodeIgniter\Session\Handlers\FileHandler' driver.
INFO - 2021-10-10 22:19:27 --> Controller "App\Controllers\undangan\Undangan" loaded.
INFO - 2021-10-10 22:19:39 --> Session: Class initialized using 'CodeIgniter\Session\Handlers\FileHandler' driver.
INFO - 2021-10-10 22:19:39 --> Controller "App\Controllers\bukutamu\Bukutamu" loaded.
INFO - 2021-10-10 22:19:55 --> Session: Class initialized using 'CodeIgniter\Session\Handlers\FileHandler' driver.
INFO - 2021-10-10 22:19:55 --> Controller "App\Controllers\bukutamu\Bukutamu" loaded.
INFO - 2021-10-10 22:20:01 --> Session: Class initialized using 'CodeIgniter\Session\Handlers\FileHandler' driver.
INFO - 2021-10-10 22:20:01 --> Controller "App\Controllers\bukutamu\Bukutamu" loaded.
INFO - 2021-10-10 22:20:02 --> Controller "App\Controllers\base\Beranda" loaded.
INFO - 2021-10-10 22:27:19 --> Session: Class initialized using 'CodeIgniter\Session\Handlers\FileHandler' driver.
INFO - 2021-10-10 22:27:19 --> Controller "App\Controllers\bukutamu\Bukutamu" loaded.
INFO - 2021-10-10 22:30:02 --> Controller "App\Controllers\base\Beranda" loaded.
INFO - 2021-10-10 22:40:03 --> Controller "App\Controllers\base\Beranda" loaded.
INFO - 2021-10-10 22:50:02 --> Controller "App\Controllers\base\Beranda" loaded.
INFO - 2021-10-10 22:57:56 --> Controller "App\Controllers\base\Beranda" loaded.
INFO - 2021-10-10 23:21:29 --> Session: Class initialized using 'CodeIgniter\Session\Handlers\FileHandler' driver.
INFO - 2021-10-10 23:21:29 --> Controller "App\Controllers\admin\Admin" loaded.
INFO - 2021-10-10 23:37:34 --> Controller "App\Controllers\base\Beranda" loaded.
INFO - 2021-10-10 23:48:27 --> Session: Class initialized using 'CodeIgniter\Session\Handlers\FileHandler' driver.
INFO - 2021-10-10 23:48:27 --> Controller "App\Controllers\undangan\Undangan" loaded.
INFO - 2021-10-10 23:53:25 --> Controller "App\Controllers\base\Beranda" loaded.
