INFO - 2021-11-15 00:08:24 --> Controller "App\Controllers\base\Beranda" loaded.
INFO - 2021-11-15 00:19:49 --> Session: Class initialized using 'CodeIgniter\Session\Handlers\FileHandler' driver.
INFO - 2021-11-15 00:19:49 --> Controller "App\Controllers\undangan\Undangan" loaded.
INFO - 2021-11-15 00:21:45 --> Controller "App\Controllers\base\Beranda" loaded.
INFO - 2021-11-15 00:22:13 --> Controller "App\Controllers\base\Beranda" loaded.
INFO - 2021-11-15 00:22:13 --> Controller "App\Controllers\base\Beranda" loaded.
INFO - 2021-11-15 00:22:13 --> Controller "App\Controllers\base\Beranda" loaded.
INFO - 2021-11-15 00:22:13 --> Controller "App\Controllers\base\Beranda" loaded.
INFO - 2021-11-15 00:22:13 --> Controller "App\Controllers\base\Beranda" loaded.
INFO - 2021-11-15 00:22:13 --> Controller "App\Controllers\base\Beranda" loaded.
INFO - 2021-11-15 00:22:13 --> Controller "App\Controllers\base\Beranda" loaded.
INFO - 2021-11-15 00:22:13 --> Controller "App\Controllers\base\Beranda" loaded.
INFO - 2021-11-15 00:22:13 --> Controller "App\Controllers\base\Beranda" loaded.
INFO - 2021-11-15 00:22:13 --> Controller "App\Controllers\base\Beranda" loaded.
INFO - 2021-11-15 00:22:13 --> Controller "App\Controllers\base\Beranda" loaded.
INFO - 2021-11-15 00:22:13 --> Controller "App\Controllers\base\Beranda" loaded.
INFO - 2021-11-15 00:22:13 --> Controller "App\Controllers\base\Beranda" loaded.
INFO - 2021-11-15 00:22:13 --> Controller "App\Controllers\base\Beranda" loaded.
INFO - 2021-11-15 00:22:13 --> Controller "App\Controllers\base\Beranda" loaded.
INFO - 2021-11-15 00:22:14 --> Controller "App\Controllers\base\Beranda" loaded.
INFO - 2021-11-15 00:22:14 --> Controller "App\Controllers\base\Beranda" loaded.
INFO - 2021-11-15 00:22:14 --> Controller "App\Controllers\base\Beranda" loaded.
INFO - 2021-11-15 00:22:14 --> Controller "App\Controllers\base\Beranda" loaded.
INFO - 2021-11-15 00:22:14 --> Controller "App\Controllers\base\Beranda" loaded.
INFO - 2021-11-15 00:47:36 --> Controller "App\Controllers\base\Beranda" loaded.
INFO - 2021-11-15 00:49:23 --> Session: Class initialized using 'CodeIgniter\Session\Handlers\FileHandler' driver.
INFO - 2021-11-15 00:49:23 --> Controller "App\Controllers\undangan\Undangan" loaded.
INFO - 2021-11-15 01:45:30 --> Controller "App\Controllers\base\Beranda" loaded.
INFO - 2021-11-15 03:19:46 --> Session: Class initialized using 'CodeIgniter\Session\Handlers\FileHandler' driver.
INFO - 2021-11-15 03:19:46 --> Controller "App\Controllers\base\Order" loaded.
INFO - 2021-11-15 03:31:52 --> Controller "App\Controllers\base\Beranda" loaded.
INFO - 2021-11-15 03:57:06 --> Controller "App\Controllers\base\Beranda" loaded.
INFO - 2021-11-15 04:27:58 --> Controller "App\Controllers\base\Beranda" loaded.
INFO - 2021-11-15 05:05:40 --> Controller "App\Controllers\base\Beranda" loaded.
INFO - 2021-11-15 05:05:41 --> Controller "App\Controllers\base\Beranda" loaded.
INFO - 2021-11-15 05:05:41 --> Controller "App\Controllers\base\Beranda" loaded.
INFO - 2021-11-15 05:05:41 --> Controller "App\Controllers\base\Beranda" loaded.
INFO - 2021-11-15 05:05:41 --> Controller "App\Controllers\base\Beranda" loaded.
INFO - 2021-11-15 05:05:42 --> Controller "App\Controllers\base\Beranda" loaded.
INFO - 2021-11-15 05:05:42 --> Controller "App\Controllers\base\Beranda" loaded.
INFO - 2021-11-15 05:05:42 --> Controller "App\Controllers\base\Beranda" loaded.
INFO - 2021-11-15 05:05:43 --> Controller "App\Controllers\base\Beranda" loaded.
INFO - 2021-11-15 05:05:43 --> Controller "App\Controllers\base\Beranda" loaded.
INFO - 2021-11-15 05:05:43 --> Controller "App\Controllers\base\Beranda" loaded.
INFO - 2021-11-15 05:05:43 --> Controller "App\Controllers\base\Beranda" loaded.
INFO - 2021-11-15 05:05:44 --> Controller "App\Controllers\base\Beranda" loaded.
INFO - 2021-11-15 05:05:44 --> Controller "App\Controllers\base\Beranda" loaded.
INFO - 2021-11-15 05:48:32 --> Controller "App\Controllers\base\Beranda" loaded.
INFO - 2021-11-15 06:17:56 --> Session: Class initialized using 'CodeIgniter\Session\Handlers\FileHandler' driver.
INFO - 2021-11-15 06:17:56 --> Controller "App\Controllers\base\Order" loaded.
INFO - 2021-11-15 06:22:54 --> Controller "App\Controllers\base\Beranda" loaded.
INFO - 2021-11-15 06:23:38 --> Controller "App\Controllers\base\Beranda" loaded.
INFO - 2021-11-15 06:23:58 --> Controller "App\Controllers\base\Beranda" loaded.
INFO - 2021-11-15 06:23:58 --> Controller "App\Controllers\base\Beranda" loaded.
INFO - 2021-11-15 06:24:39 --> Session: Class initialized using 'CodeIgniter\Session\Handlers\FileHandler' driver.
INFO - 2021-11-15 06:24:39 --> Controller "App\Controllers\base\Order" loaded.
INFO - 2021-11-15 06:37:00 --> Controller "App\Controllers\base\Beranda" loaded.
INFO - 2021-11-15 06:54:40 --> Controller "App\Controllers\base\Beranda" loaded.
INFO - 2021-11-15 07:00:02 --> Controller "App\Controllers\base\Beranda" loaded.
INFO - 2021-11-15 07:10:03 --> Controller "App\Controllers\base\Beranda" loaded.
INFO - 2021-11-15 07:18:57 --> Controller "App\Controllers\base\Beranda" loaded.
INFO - 2021-11-15 07:20:02 --> Controller "App\Controllers\base\Beranda" loaded.
INFO - 2021-11-15 07:30:02 --> Controller "App\Controllers\base\Beranda" loaded.
INFO - 2021-11-15 07:40:02 --> Controller "App\Controllers\base\Beranda" loaded.
INFO - 2021-11-15 07:50:02 --> Controller "App\Controllers\base\Beranda" loaded.
INFO - 2021-11-15 08:00:02 --> Controller "App\Controllers\base\Beranda" loaded.
INFO - 2021-11-15 08:02:44 --> Session: Class initialized using 'CodeIgniter\Session\Handlers\FileHandler' driver.
INFO - 2021-11-15 08:02:44 --> Controller "App\Controllers\base\Order" loaded.
INFO - 2021-11-15 08:02:50 --> Controller "App\Controllers\base\Beranda" loaded.
INFO - 2021-11-15 08:03:01 --> Controller "App\Controllers\base\Beranda" loaded.
INFO - 2021-11-15 08:03:50 --> Controller "App\Controllers\base\Beranda" loaded.
INFO - 2021-11-15 08:03:50 --> Controller "App\Controllers\base\Beranda" loaded.
INFO - 2021-11-15 08:03:50 --> Controller "App\Controllers\base\Beranda" loaded.
INFO - 2021-11-15 08:03:57 --> Controller "App\Controllers\base\Beranda" loaded.
INFO - 2021-11-15 08:04:11 --> Controller "App\Controllers\base\Beranda" loaded.
INFO - 2021-11-15 08:10:02 --> Controller "App\Controllers\base\Beranda" loaded.
INFO - 2021-11-15 08:20:04 --> Controller "App\Controllers\base\Beranda" loaded.
INFO - 2021-11-15 08:21:21 --> Controller "App\Controllers\base\Beranda" loaded.
INFO - 2021-11-15 08:21:21 --> Controller "App\Controllers\base\Beranda" loaded.
INFO - 2021-11-15 08:21:58 --> Session: Class initialized using 'CodeIgniter\Session\Handlers\FileHandler' driver.
INFO - 2021-11-15 08:21:58 --> Controller "App\Controllers\undangan\Undangan" loaded.
INFO - 2021-11-15 08:22:23 --> Controller "App\Controllers\base\Beranda" loaded.
INFO - 2021-11-15 08:29:27 --> Controller "App\Controllers\base\Beranda" loaded.
INFO - 2021-11-15 08:30:02 --> Controller "App\Controllers\base\Beranda" loaded.
INFO - 2021-11-15 08:34:24 --> Controller "App\Controllers\base\Beranda" loaded.
INFO - 2021-11-15 08:39:20 --> Controller "App\Controllers\base\Beranda" loaded.
INFO - 2021-11-15 08:39:41 --> Session: Class initialized using 'CodeIgniter\Session\Handlers\FileHandler' driver.
INFO - 2021-11-15 08:39:41 --> Controller "App\Controllers\base\Order" loaded.
INFO - 2021-11-15 08:39:41 --> Controller "App\Controllers\base\Beranda" loaded.
INFO - 2021-11-15 08:39:55 --> Controller "App\Controllers\base\Beranda" loaded.
INFO - 2021-11-15 08:40:02 --> Controller "App\Controllers\base\Beranda" loaded.
INFO - 2021-11-15 08:41:18 --> Controller "App\Controllers\base\Beranda" loaded.
INFO - 2021-11-15 08:50:02 --> Controller "App\Controllers\base\Beranda" loaded.
INFO - 2021-11-15 09:00:02 --> Controller "App\Controllers\base\Beranda" loaded.
INFO - 2021-11-15 09:10:02 --> Controller "App\Controllers\base\Beranda" loaded.
INFO - 2021-11-15 09:20:02 --> Controller "App\Controllers\base\Beranda" loaded.
INFO - 2021-11-15 09:28:16 --> Controller "App\Controllers\base\Beranda" loaded.
INFO - 2021-11-15 09:30:03 --> Controller "App\Controllers\base\Beranda" loaded.
INFO - 2021-11-15 09:40:03 --> Controller "App\Controllers\base\Beranda" loaded.
INFO - 2021-11-15 09:49:18 --> Controller "App\Controllers\base\Beranda" loaded.
INFO - 2021-11-15 09:49:19 --> Controller "App\Controllers\base\Beranda" loaded.
INFO - 2021-11-15 09:49:19 --> Controller "App\Controllers\base\Beranda" loaded.
INFO - 2021-11-15 09:49:20 --> Controller "App\Controllers\base\Beranda" loaded.
INFO - 2021-11-15 09:49:21 --> Controller "App\Controllers\base\Beranda" loaded.
INFO - 2021-11-15 09:49:21 --> Controller "App\Controllers\base\Beranda" loaded.
INFO - 2021-11-15 09:49:22 --> Controller "App\Controllers\base\Beranda" loaded.
INFO - 2021-11-15 09:49:22 --> Controller "App\Controllers\base\Beranda" loaded.
INFO - 2021-11-15 09:49:23 --> Controller "App\Controllers\base\Beranda" loaded.
INFO - 2021-11-15 09:49:23 --> Controller "App\Controllers\base\Beranda" loaded.
INFO - 2021-11-15 09:49:23 --> Controller "App\Controllers\base\Beranda" loaded.
INFO - 2021-11-15 09:49:24 --> Controller "App\Controllers\base\Beranda" loaded.
INFO - 2021-11-15 09:49:25 --> Controller "App\Controllers\base\Beranda" loaded.
INFO - 2021-11-15 09:49:25 --> Controller "App\Controllers\base\Beranda" loaded.
INFO - 2021-11-15 09:49:26 --> Controller "App\Controllers\base\Beranda" loaded.
INFO - 2021-11-15 09:49:26 --> Controller "App\Controllers\base\Beranda" loaded.
INFO - 2021-11-15 09:49:27 --> Controller "App\Controllers\base\Beranda" loaded.
INFO - 2021-11-15 09:49:27 --> Controller "App\Controllers\base\Beranda" loaded.
INFO - 2021-11-15 09:49:27 --> Controller "App\Controllers\base\Beranda" loaded.
INFO - 2021-11-15 09:49:28 --> Controller "App\Controllers\base\Beranda" loaded.
INFO - 2021-11-15 09:49:28 --> Controller "App\Controllers\base\Beranda" loaded.
INFO - 2021-11-15 09:49:29 --> Controller "App\Controllers\base\Beranda" loaded.
INFO - 2021-11-15 09:49:29 --> Controller "App\Controllers\base\Beranda" loaded.
INFO - 2021-11-15 09:49:30 --> Controller "App\Controllers\base\Beranda" loaded.
INFO - 2021-11-15 09:49:32 --> Controller "App\Controllers\base\Beranda" loaded.
INFO - 2021-11-15 09:49:33 --> Controller "App\Controllers\base\Beranda" loaded.
INFO - 2021-11-15 09:49:34 --> Controller "App\Controllers\base\Beranda" loaded.
INFO - 2021-11-15 09:49:34 --> Controller "App\Controllers\base\Beranda" loaded.
INFO - 2021-11-15 09:49:35 --> Controller "App\Controllers\base\Beranda" loaded.
INFO - 2021-11-15 09:50:02 --> Controller "App\Controllers\base\Beranda" loaded.
INFO - 2021-11-15 10:00:02 --> Controller "App\Controllers\base\Beranda" loaded.
INFO - 2021-11-15 10:02:11 --> Controller "App\Controllers\base\Beranda" loaded.
INFO - 2021-11-15 10:10:02 --> Controller "App\Controllers\base\Beranda" loaded.
INFO - 2021-11-15 10:20:03 --> Controller "App\Controllers\base\Beranda" loaded.
INFO - 2021-11-15 10:30:02 --> Controller "App\Controllers\base\Beranda" loaded.
INFO - 2021-11-15 10:39:23 --> Controller "App\Controllers\base\Beranda" loaded.
INFO - 2021-11-15 10:40:02 --> Controller "App\Controllers\base\Beranda" loaded.
INFO - 2021-11-15 10:50:03 --> Controller "App\Controllers\base\Beranda" loaded.
INFO - 2021-11-15 11:00:03 --> Controller "App\Controllers\base\Beranda" loaded.
INFO - 2021-11-15 11:10:03 --> Controller "App\Controllers\base\Beranda" loaded.
INFO - 2021-11-15 11:20:03 --> Controller "App\Controllers\base\Beranda" loaded.
INFO - 2021-11-15 11:30:02 --> Controller "App\Controllers\base\Beranda" loaded.
INFO - 2021-11-15 11:40:02 --> Controller "App\Controllers\base\Beranda" loaded.
INFO - 2021-11-15 11:50:03 --> Controller "App\Controllers\base\Beranda" loaded.
INFO - 2021-11-15 12:00:02 --> Controller "App\Controllers\base\Beranda" loaded.
INFO - 2021-11-15 12:10:02 --> Controller "App\Controllers\base\Beranda" loaded.
INFO - 2021-11-15 12:15:48 --> Controller "App\Controllers\base\Beranda" loaded.
INFO - 2021-11-15 12:18:18 --> Session: Class initialized using 'CodeIgniter\Session\Handlers\FileHandler' driver.
INFO - 2021-11-15 12:18:18 --> Controller "App\Controllers\admin\Admin" loaded.
INFO - 2021-11-15 12:20:02 --> Controller "App\Controllers\base\Beranda" loaded.
INFO - 2021-11-15 12:30:02 --> Controller "App\Controllers\base\Beranda" loaded.
INFO - 2021-11-15 12:40:03 --> Controller "App\Controllers\base\Beranda" loaded.
INFO - 2021-11-15 12:50:03 --> Controller "App\Controllers\base\Beranda" loaded.
INFO - 2021-11-15 13:00:03 --> Controller "App\Controllers\base\Beranda" loaded.
INFO - 2021-11-15 13:10:02 --> Controller "App\Controllers\base\Beranda" loaded.
INFO - 2021-11-15 13:19:30 --> Controller "App\Controllers\base\Beranda" loaded.
INFO - 2021-11-15 13:20:02 --> Controller "App\Controllers\base\Beranda" loaded.
INFO - 2021-11-15 13:30:03 --> Controller "App\Controllers\base\Beranda" loaded.
INFO - 2021-11-15 13:40:02 --> Controller "App\Controllers\base\Beranda" loaded.
INFO - 2021-11-15 13:50:03 --> Controller "App\Controllers\base\Beranda" loaded.
INFO - 2021-11-15 14:00:02 --> Controller "App\Controllers\base\Beranda" loaded.
INFO - 2021-11-15 14:10:03 --> Controller "App\Controllers\base\Beranda" loaded.
INFO - 2021-11-15 14:20:02 --> Controller "App\Controllers\base\Beranda" loaded.
INFO - 2021-11-15 14:30:03 --> Controller "App\Controllers\base\Beranda" loaded.
INFO - 2021-11-15 14:40:02 --> Controller "App\Controllers\base\Beranda" loaded.
INFO - 2021-11-15 14:50:02 --> Controller "App\Controllers\base\Beranda" loaded.
INFO - 2021-11-15 15:00:03 --> Controller "App\Controllers\base\Beranda" loaded.
INFO - 2021-11-15 15:01:06 --> Session: Class initialized using 'CodeIgniter\Session\Handlers\FileHandler' driver.
INFO - 2021-11-15 15:01:06 --> Controller "App\Controllers\undangan\Undangan" loaded.
INFO - 2021-11-15 15:02:02 --> Controller "App\Controllers\base\Beranda" loaded.
INFO - 2021-11-15 15:02:05 --> Controller "App\Controllers\base\Beranda" loaded.
INFO - 2021-11-15 15:03:00 --> Controller "App\Controllers\base\Beranda" loaded.
INFO - 2021-11-15 15:05:52 --> Controller "App\Controllers\base\Beranda" loaded.
INFO - 2021-11-15 15:06:13 --> Controller "App\Controllers\base\Beranda" loaded.
INFO - 2021-11-15 15:08:01 --> Controller "App\Controllers\base\Beranda" loaded.
INFO - 2021-11-15 15:08:22 --> Controller "App\Controllers\base\Beranda" loaded.
INFO - 2021-11-15 15:09:15 --> Session: Class initialized using 'CodeIgniter\Session\Handlers\FileHandler' driver.
INFO - 2021-11-15 15:09:15 --> Controller "App\Controllers\base\Order" loaded.
INFO - 2021-11-15 15:09:15 --> Controller "App\Controllers\base\Beranda" loaded.
INFO - 2021-11-15 15:09:23 --> Controller "App\Controllers\base\Beranda" loaded.
INFO - 2021-11-15 15:10:03 --> Controller "App\Controllers\base\Beranda" loaded.
INFO - 2021-11-15 15:10:12 --> Controller "App\Controllers\base\Beranda" loaded.
INFO - 2021-11-15 15:11:49 --> Session: Class initialized using 'CodeIgniter\Session\Handlers\FileHandler' driver.
INFO - 2021-11-15 15:11:49 --> Controller "App\Controllers\base\Order" loaded.
INFO - 2021-11-15 15:14:02 --> Session: Class initialized using 'CodeIgniter\Session\Handlers\FileHandler' driver.
INFO - 2021-11-15 15:14:02 --> Controller "App\Controllers\undangan\Undangan" loaded.
INFO - 2021-11-15 15:14:04 --> Session: Class initialized using 'CodeIgniter\Session\Handlers\FileHandler' driver.
INFO - 2021-11-15 15:14:04 --> Controller "App\Controllers\undangan\Undangan" loaded.
INFO - 2021-11-15 15:14:06 --> Session: Class initialized using 'CodeIgniter\Session\Handlers\FileHandler' driver.
INFO - 2021-11-15 15:14:06 --> Controller "App\Controllers\undangan\Undangan" loaded.
INFO - 2021-11-15 15:14:10 --> Session: Class initialized using 'CodeIgniter\Session\Handlers\FileHandler' driver.
INFO - 2021-11-15 15:14:10 --> Controller "App\Controllers\undangan\Undangan" loaded.
INFO - 2021-11-15 15:14:12 --> Session: Class initialized using 'CodeIgniter\Session\Handlers\FileHandler' driver.
INFO - 2021-11-15 15:14:12 --> Controller "App\Controllers\undangan\Undangan" loaded.
INFO - 2021-11-15 15:14:14 --> Session: Class initialized using 'CodeIgniter\Session\Handlers\FileHandler' driver.
INFO - 2021-11-15 15:14:14 --> Controller "App\Controllers\undangan\Undangan" loaded.
INFO - 2021-11-15 15:14:15 --> Session: Class initialized using 'CodeIgniter\Session\Handlers\FileHandler' driver.
INFO - 2021-11-15 15:14:15 --> Controller "App\Controllers\undangan\Undangan" loaded.
INFO - 2021-11-15 15:14:17 --> Session: Class initialized using 'CodeIgniter\Session\Handlers\FileHandler' driver.
INFO - 2021-11-15 15:14:17 --> Controller "App\Controllers\undangan\Undangan" loaded.
INFO - 2021-11-15 15:14:19 --> Session: Class initialized using 'CodeIgniter\Session\Handlers\FileHandler' driver.
INFO - 2021-11-15 15:14:19 --> Controller "App\Controllers\undangan\Undangan" loaded.
INFO - 2021-11-15 15:14:21 --> Session: Class initialized using 'CodeIgniter\Session\Handlers\FileHandler' driver.
INFO - 2021-11-15 15:14:21 --> Controller "App\Controllers\undangan\Undangan" loaded.
INFO - 2021-11-15 15:14:23 --> Session: Class initialized using 'CodeIgniter\Session\Handlers\FileHandler' driver.
INFO - 2021-11-15 15:14:23 --> Controller "App\Controllers\undangan\Undangan" loaded.
INFO - 2021-11-15 15:14:25 --> Session: Class initialized using 'CodeIgniter\Session\Handlers\FileHandler' driver.
INFO - 2021-11-15 15:14:25 --> Controller "App\Controllers\undangan\Undangan" loaded.
INFO - 2021-11-15 15:20:03 --> Controller "App\Controllers\base\Beranda" loaded.
INFO - 2021-11-15 15:30:02 --> Controller "App\Controllers\base\Beranda" loaded.
INFO - 2021-11-15 15:40:02 --> Controller "App\Controllers\base\Beranda" loaded.
INFO - 2021-11-15 15:45:17 --> Session: Class initialized using 'CodeIgniter\Session\Handlers\FileHandler' driver.
INFO - 2021-11-15 15:45:17 --> Controller "App\Controllers\admin\Admin" loaded.
INFO - 2021-11-15 15:45:27 --> Session: Class initialized using 'CodeIgniter\Session\Handlers\FileHandler' driver.
INFO - 2021-11-15 15:45:27 --> Controller "App\Controllers\admin\Admin" loaded.
INFO - 2021-11-15 15:45:27 --> Session: Class initialized using 'CodeIgniter\Session\Handlers\FileHandler' driver.
INFO - 2021-11-15 15:45:27 --> Controller "App\Controllers\admin\Admin" loaded.
INFO - 2021-11-15 15:45:32 --> Session: Class initialized using 'CodeIgniter\Session\Handlers\FileHandler' driver.
INFO - 2021-11-15 15:45:32 --> Controller "App\Controllers\admin\Admin" loaded.
INFO - 2021-11-15 15:45:48 --> Session: Class initialized using 'CodeIgniter\Session\Handlers\FileHandler' driver.
INFO - 2021-11-15 15:45:48 --> Controller "App\Controllers\admin\Admin" loaded.
INFO - 2021-11-15 15:45:48 --> Session: Class initialized using 'CodeIgniter\Session\Handlers\FileHandler' driver.
INFO - 2021-11-15 15:45:48 --> Controller "App\Controllers\admin\Admin" loaded.
INFO - 2021-11-15 15:45:54 --> Session: Class initialized using 'CodeIgniter\Session\Handlers\FileHandler' driver.
INFO - 2021-11-15 15:45:54 --> Controller "App\Controllers\admin\Admin" loaded.
INFO - 2021-11-15 15:45:54 --> Session: Class initialized using 'CodeIgniter\Session\Handlers\FileHandler' driver.
INFO - 2021-11-15 15:45:54 --> Controller "App\Controllers\admin\Admin" loaded.
INFO - 2021-11-15 15:45:58 --> Session: Class initialized using 'CodeIgniter\Session\Handlers\FileHandler' driver.
INFO - 2021-11-15 15:45:58 --> Controller "App\Controllers\admin\Admin" loaded.
INFO - 2021-11-15 15:45:58 --> Session: Class initialized using 'CodeIgniter\Session\Handlers\FileHandler' driver.
INFO - 2021-11-15 15:45:58 --> Controller "App\Controllers\admin\Admin" loaded.
INFO - 2021-11-15 15:50:03 --> Controller "App\Controllers\base\Beranda" loaded.
INFO - 2021-11-15 16:00:02 --> Controller "App\Controllers\base\Beranda" loaded.
INFO - 2021-11-15 16:10:02 --> Controller "App\Controllers\base\Beranda" loaded.
INFO - 2021-11-15 16:20:03 --> Controller "App\Controllers\base\Beranda" loaded.
INFO - 2021-11-15 16:30:03 --> Controller "App\Controllers\base\Beranda" loaded.
INFO - 2021-11-15 16:40:03 --> Controller "App\Controllers\base\Beranda" loaded.
INFO - 2021-11-15 16:50:02 --> Controller "App\Controllers\base\Beranda" loaded.
INFO - 2021-11-15 16:51:08 --> Controller "App\Controllers\base\Beranda" loaded.
INFO - 2021-11-15 16:51:08 --> Controller "App\Controllers\base\Beranda" loaded.
INFO - 2021-11-15 17:00:02 --> Controller "App\Controllers\base\Beranda" loaded.
INFO - 2021-11-15 17:06:28 --> Controller "App\Controllers\base\Beranda" loaded.
INFO - 2021-11-15 17:06:32 --> Controller "App\Controllers\base\Beranda" loaded.
INFO - 2021-11-15 17:06:34 --> Controller "App\Controllers\base\Beranda" loaded.
INFO - 2021-11-15 17:06:38 --> Controller "App\Controllers\base\Beranda" loaded.
INFO - 2021-11-15 17:06:43 --> Session: Class initialized using 'CodeIgniter\Session\Handlers\FileHandler' driver.
INFO - 2021-11-15 17:06:43 --> Session: Class initialized using 'CodeIgniter\Session\Handlers\FileHandler' driver.
INFO - 2021-11-15 17:06:43 --> Controller "App\Controllers\base\Dashboard" loaded.
INFO - 2021-11-15 17:06:46 --> Session: Class initialized using 'CodeIgniter\Session\Handlers\FileHandler' driver.
INFO - 2021-11-15 17:06:46 --> Session: Class initialized using 'CodeIgniter\Session\Handlers\FileHandler' driver.
INFO - 2021-11-15 17:06:46 --> Controller "App\Controllers\base\Dashboard" loaded.
INFO - 2021-11-15 17:06:49 --> Controller "App\Controllers\base\Beranda" loaded.
INFO - 2021-11-15 17:06:51 --> Controller "App\Controllers\base\Beranda" loaded.
INFO - 2021-11-15 17:06:54 --> Controller "App\Controllers\base\Beranda" loaded.
INFO - 2021-11-15 17:10:03 --> Controller "App\Controllers\base\Beranda" loaded.
INFO - 2021-11-15 17:20:03 --> Controller "App\Controllers\base\Beranda" loaded.
INFO - 2021-11-15 17:30:03 --> Controller "App\Controllers\base\Beranda" loaded.
INFO - 2021-11-15 17:40:03 --> Controller "App\Controllers\base\Beranda" loaded.
INFO - 2021-11-15 17:50:03 --> Controller "App\Controllers\base\Beranda" loaded.
INFO - 2021-11-15 17:56:51 --> Controller "App\Controllers\base\Beranda" loaded.
INFO - 2021-11-15 18:00:03 --> Controller "App\Controllers\base\Beranda" loaded.
INFO - 2021-11-15 18:02:08 --> Controller "App\Controllers\base\Beranda" loaded.
INFO - 2021-11-15 18:10:02 --> Controller "App\Controllers\base\Beranda" loaded.
INFO - 2021-11-15 18:20:03 --> Controller "App\Controllers\base\Beranda" loaded.
INFO - 2021-11-15 18:30:02 --> Controller "App\Controllers\base\Beranda" loaded.
INFO - 2021-11-15 18:40:02 --> Controller "App\Controllers\base\Beranda" loaded.
INFO - 2021-11-15 18:50:03 --> Controller "App\Controllers\base\Beranda" loaded.
INFO - 2021-11-15 19:00:02 --> Controller "App\Controllers\base\Beranda" loaded.
INFO - 2021-11-15 19:10:02 --> Controller "App\Controllers\base\Beranda" loaded.
INFO - 2021-11-15 19:20:02 --> Controller "App\Controllers\base\Beranda" loaded.
INFO - 2021-11-15 19:30:03 --> Controller "App\Controllers\base\Beranda" loaded.
INFO - 2021-11-15 19:40:02 --> Controller "App\Controllers\base\Beranda" loaded.
INFO - 2021-11-15 19:50:02 --> Controller "App\Controllers\base\Beranda" loaded.
INFO - 2021-11-15 20:00:03 --> Controller "App\Controllers\base\Beranda" loaded.
INFO - 2021-11-15 20:10:02 --> Controller "App\Controllers\base\Beranda" loaded.
INFO - 2021-11-15 20:20:02 --> Controller "App\Controllers\base\Beranda" loaded.
INFO - 2021-11-15 20:30:03 --> Controller "App\Controllers\base\Beranda" loaded.
INFO - 2021-11-15 20:31:57 --> Session: Class initialized using 'CodeIgniter\Session\Handlers\FileHandler' driver.
INFO - 2021-11-15 20:31:57 --> Session: Class initialized using 'CodeIgniter\Session\Handlers\FileHandler' driver.
INFO - 2021-11-15 20:31:57 --> Controller "App\Controllers\admin\Admin" loaded.
INFO - 2021-11-15 20:36:27 --> Session: Class initialized using 'CodeIgniter\Session\Handlers\FileHandler' driver.
INFO - 2021-11-15 20:36:27 --> Controller "App\Controllers\admin\Admin" loaded.
INFO - 2021-11-15 20:40:03 --> Controller "App\Controllers\base\Beranda" loaded.
INFO - 2021-11-15 20:49:37 --> Controller "App\Controllers\base\Beranda" loaded.
INFO - 2021-11-15 20:50:01 --> Controller "App\Controllers\base\Beranda" loaded.
INFO - 2021-11-15 20:58:13 --> Controller "App\Controllers\base\Beranda" loaded.
INFO - 2021-11-15 21:00:02 --> Controller "App\Controllers\base\Beranda" loaded.
INFO - 2021-11-15 21:00:38 --> Controller "App\Controllers\base\Beranda" loaded.
INFO - 2021-11-15 21:10:03 --> Controller "App\Controllers\base\Beranda" loaded.
INFO - 2021-11-15 21:20:03 --> Controller "App\Controllers\base\Beranda" loaded.
INFO - 2021-11-15 21:22:54 --> Session: Class initialized using 'CodeIgniter\Session\Handlers\FileHandler' driver.
INFO - 2021-11-15 21:22:54 --> Controller "App\Controllers\bukutamu\Bukutamu" loaded.
INFO - 2021-11-15 21:22:54 --> Session: Class initialized using 'CodeIgniter\Session\Handlers\FileHandler' driver.
INFO - 2021-11-15 21:22:54 --> Controller "App\Controllers\bukutamu\Bukutamu" loaded.
INFO - 2021-11-15 21:22:54 --> Session: Class initialized using 'CodeIgniter\Session\Handlers\FileHandler' driver.
INFO - 2021-11-15 21:22:54 --> Controller "App\Controllers\bukutamu\Bukutamu" loaded.
INFO - 2021-11-15 21:22:55 --> Session: Class initialized using 'CodeIgniter\Session\Handlers\FileHandler' driver.
INFO - 2021-11-15 21:22:55 --> Controller "App\Controllers\bukutamu\Bukutamu" loaded.
INFO - 2021-11-15 21:22:55 --> Session: Class initialized using 'CodeIgniter\Session\Handlers\FileHandler' driver.
INFO - 2021-11-15 21:22:55 --> Controller "App\Controllers\bukutamu\Bukutamu" loaded.
INFO - 2021-11-15 21:22:55 --> Session: Class initialized using 'CodeIgniter\Session\Handlers\FileHandler' driver.
INFO - 2021-11-15 21:22:55 --> Controller "App\Controllers\bukutamu\Bukutamu" loaded.
INFO - 2021-11-15 21:22:55 --> Session: Class initialized using 'CodeIgniter\Session\Handlers\FileHandler' driver.
INFO - 2021-11-15 21:22:55 --> Controller "App\Controllers\bukutamu\Bukutamu" loaded.
INFO - 2021-11-15 21:22:55 --> Session: Class initialized using 'CodeIgniter\Session\Handlers\FileHandler' driver.
INFO - 2021-11-15 21:22:55 --> Controller "App\Controllers\bukutamu\Bukutamu" loaded.
INFO - 2021-11-15 21:22:56 --> Session: Class initialized using 'CodeIgniter\Session\Handlers\FileHandler' driver.
INFO - 2021-11-15 21:22:56 --> Controller "App\Controllers\bukutamu\Bukutamu" loaded.
INFO - 2021-11-15 21:22:56 --> Session: Class initialized using 'CodeIgniter\Session\Handlers\FileHandler' driver.
INFO - 2021-11-15 21:22:56 --> Controller "App\Controllers\bukutamu\Bukutamu" loaded.
INFO - 2021-11-15 21:22:56 --> Session: Class initialized using 'CodeIgniter\Session\Handlers\FileHandler' driver.
INFO - 2021-11-15 21:22:56 --> Controller "App\Controllers\bukutamu\Bukutamu" loaded.
INFO - 2021-11-15 21:22:56 --> Session: Class initialized using 'CodeIgniter\Session\Handlers\FileHandler' driver.
INFO - 2021-11-15 21:22:56 --> Controller "App\Controllers\bukutamu\Bukutamu" loaded.
INFO - 2021-11-15 21:22:57 --> Session: Class initialized using 'CodeIgniter\Session\Handlers\FileHandler' driver.
INFO - 2021-11-15 21:22:57 --> Controller "App\Controllers\bukutamu\Bukutamu" loaded.
INFO - 2021-11-15 21:22:57 --> Session: Class initialized using 'CodeIgniter\Session\Handlers\FileHandler' driver.
INFO - 2021-11-15 21:22:57 --> Controller "App\Controllers\bukutamu\Bukutamu" loaded.
INFO - 2021-11-15 21:22:57 --> Session: Class initialized using 'CodeIgniter\Session\Handlers\FileHandler' driver.
INFO - 2021-11-15 21:22:57 --> Controller "App\Controllers\bukutamu\Bukutamu" loaded.
INFO - 2021-11-15 21:22:57 --> Session: Class initialized using 'CodeIgniter\Session\Handlers\FileHandler' driver.
INFO - 2021-11-15 21:22:57 --> Controller "App\Controllers\bukutamu\Bukutamu" loaded.
INFO - 2021-11-15 21:29:48 --> Controller "App\Controllers\base\Beranda" loaded.
INFO - 2021-11-15 21:29:49 --> Controller "App\Controllers\base\Beranda" loaded.
INFO - 2021-11-15 21:29:49 --> Controller "App\Controllers\base\Beranda" loaded.
INFO - 2021-11-15 21:29:49 --> Controller "App\Controllers\base\Beranda" loaded.
INFO - 2021-11-15 21:29:49 --> Controller "App\Controllers\base\Beranda" loaded.
INFO - 2021-11-15 21:29:50 --> Controller "App\Controllers\base\Beranda" loaded.
INFO - 2021-11-15 21:29:50 --> Controller "App\Controllers\base\Beranda" loaded.
INFO - 2021-11-15 21:29:50 --> Controller "App\Controllers\base\Beranda" loaded.
INFO - 2021-11-15 21:29:50 --> Controller "App\Controllers\base\Beranda" loaded.
INFO - 2021-11-15 21:29:51 --> Controller "App\Controllers\base\Beranda" loaded.
INFO - 2021-11-15 21:29:51 --> Controller "App\Controllers\base\Beranda" loaded.
INFO - 2021-11-15 21:29:51 --> Controller "App\Controllers\base\Beranda" loaded.
INFO - 2021-11-15 21:29:51 --> Controller "App\Controllers\base\Beranda" loaded.
INFO - 2021-11-15 21:29:51 --> Controller "App\Controllers\base\Beranda" loaded.
INFO - 2021-11-15 21:29:52 --> Controller "App\Controllers\base\Beranda" loaded.
INFO - 2021-11-15 21:29:52 --> Controller "App\Controllers\base\Beranda" loaded.
INFO - 2021-11-15 21:30:02 --> Controller "App\Controllers\base\Beranda" loaded.
INFO - 2021-11-15 21:36:26 --> Session: Class initialized using 'CodeIgniter\Session\Handlers\FileHandler' driver.
INFO - 2021-11-15 21:36:26 --> Controller "App\Controllers\undangan\Undangan" loaded.
INFO - 2021-11-15 21:36:27 --> Session: Class initialized using 'CodeIgniter\Session\Handlers\FileHandler' driver.
INFO - 2021-11-15 21:36:27 --> Controller "App\Controllers\undangan\Undangan" loaded.
INFO - 2021-11-15 21:36:27 --> Session: Class initialized using 'CodeIgniter\Session\Handlers\FileHandler' driver.
INFO - 2021-11-15 21:36:27 --> Controller "App\Controllers\undangan\Undangan" loaded.
INFO - 2021-11-15 21:36:27 --> Session: Class initialized using 'CodeIgniter\Session\Handlers\FileHandler' driver.
INFO - 2021-11-15 21:36:27 --> Controller "App\Controllers\undangan\Undangan" loaded.
INFO - 2021-11-15 21:36:27 --> Session: Class initialized using 'CodeIgniter\Session\Handlers\FileHandler' driver.
INFO - 2021-11-15 21:36:27 --> Controller "App\Controllers\undangan\Undangan" loaded.
INFO - 2021-11-15 21:36:27 --> Session: Class initialized using 'CodeIgniter\Session\Handlers\FileHandler' driver.
INFO - 2021-11-15 21:36:27 --> Controller "App\Controllers\undangan\Undangan" loaded.
INFO - 2021-11-15 21:36:28 --> Session: Class initialized using 'CodeIgniter\Session\Handlers\FileHandler' driver.
INFO - 2021-11-15 21:36:28 --> Controller "App\Controllers\undangan\Undangan" loaded.
INFO - 2021-11-15 21:36:28 --> Session: Class initialized using 'CodeIgniter\Session\Handlers\FileHandler' driver.
INFO - 2021-11-15 21:36:28 --> Controller "App\Controllers\undangan\Undangan" loaded.
INFO - 2021-11-15 21:36:28 --> Session: Class initialized using 'CodeIgniter\Session\Handlers\FileHandler' driver.
INFO - 2021-11-15 21:36:28 --> Controller "App\Controllers\undangan\Undangan" loaded.
INFO - 2021-11-15 21:36:28 --> Session: Class initialized using 'CodeIgniter\Session\Handlers\FileHandler' driver.
INFO - 2021-11-15 21:36:28 --> Controller "App\Controllers\undangan\Undangan" loaded.
INFO - 2021-11-15 21:36:28 --> Session: Class initialized using 'CodeIgniter\Session\Handlers\FileHandler' driver.
INFO - 2021-11-15 21:36:28 --> Controller "App\Controllers\undangan\Undangan" loaded.
INFO - 2021-11-15 21:36:29 --> Session: Class initialized using 'CodeIgniter\Session\Handlers\FileHandler' driver.
INFO - 2021-11-15 21:36:29 --> Controller "App\Controllers\undangan\Undangan" loaded.
INFO - 2021-11-15 21:36:29 --> Session: Class initialized using 'CodeIgniter\Session\Handlers\FileHandler' driver.
INFO - 2021-11-15 21:36:29 --> Controller "App\Controllers\undangan\Undangan" loaded.
INFO - 2021-11-15 21:36:29 --> Session: Class initialized using 'CodeIgniter\Session\Handlers\FileHandler' driver.
INFO - 2021-11-15 21:36:29 --> Controller "App\Controllers\undangan\Undangan" loaded.
INFO - 2021-11-15 21:36:29 --> Session: Class initialized using 'CodeIgniter\Session\Handlers\FileHandler' driver.
INFO - 2021-11-15 21:36:29 --> Controller "App\Controllers\undangan\Undangan" loaded.
INFO - 2021-11-15 21:36:30 --> Session: Class initialized using 'CodeIgniter\Session\Handlers\FileHandler' driver.
INFO - 2021-11-15 21:36:30 --> Controller "App\Controllers\undangan\Undangan" loaded.
INFO - 2021-11-15 21:36:36 --> Session: Class initialized using 'CodeIgniter\Session\Handlers\FileHandler' driver.
INFO - 2021-11-15 21:36:36 --> Controller "App\Controllers\admin\Admin" loaded.
INFO - 2021-11-15 21:36:37 --> Session: Class initialized using 'CodeIgniter\Session\Handlers\FileHandler' driver.
INFO - 2021-11-15 21:36:37 --> Controller "App\Controllers\admin\Admin" loaded.
INFO - 2021-11-15 21:37:14 --> Session: Class initialized using 'CodeIgniter\Session\Handlers\FileHandler' driver.
INFO - 2021-11-15 21:37:14 --> Controller "App\Controllers\bukutamu\Bukutamu" loaded.
INFO - 2021-11-15 21:37:14 --> Session: Class initialized using 'CodeIgniter\Session\Handlers\FileHandler' driver.
INFO - 2021-11-15 21:37:14 --> Controller "App\Controllers\bukutamu\Bukutamu" loaded.
INFO - 2021-11-15 21:37:14 --> Session: Class initialized using 'CodeIgniter\Session\Handlers\FileHandler' driver.
INFO - 2021-11-15 21:37:14 --> Controller "App\Controllers\bukutamu\Bukutamu" loaded.
INFO - 2021-11-15 21:37:14 --> Session: Class initialized using 'CodeIgniter\Session\Handlers\FileHandler' driver.
INFO - 2021-11-15 21:37:14 --> Controller "App\Controllers\bukutamu\Bukutamu" loaded.
INFO - 2021-11-15 21:37:15 --> Session: Class initialized using 'CodeIgniter\Session\Handlers\FileHandler' driver.
INFO - 2021-11-15 21:37:15 --> Controller "App\Controllers\bukutamu\Bukutamu" loaded.
INFO - 2021-11-15 21:37:15 --> Session: Class initialized using 'CodeIgniter\Session\Handlers\FileHandler' driver.
INFO - 2021-11-15 21:37:15 --> Controller "App\Controllers\bukutamu\Bukutamu" loaded.
INFO - 2021-11-15 21:37:15 --> Session: Class initialized using 'CodeIgniter\Session\Handlers\FileHandler' driver.
INFO - 2021-11-15 21:37:15 --> Controller "App\Controllers\bukutamu\Bukutamu" loaded.
INFO - 2021-11-15 21:37:15 --> Session: Class initialized using 'CodeIgniter\Session\Handlers\FileHandler' driver.
INFO - 2021-11-15 21:37:15 --> Controller "App\Controllers\bukutamu\Bukutamu" loaded.
INFO - 2021-11-15 21:37:15 --> Session: Class initialized using 'CodeIgniter\Session\Handlers\FileHandler' driver.
INFO - 2021-11-15 21:37:15 --> Controller "App\Controllers\bukutamu\Bukutamu" loaded.
INFO - 2021-11-15 21:37:16 --> Session: Class initialized using 'CodeIgniter\Session\Handlers\FileHandler' driver.
INFO - 2021-11-15 21:37:16 --> Controller "App\Controllers\bukutamu\Bukutamu" loaded.
INFO - 2021-11-15 21:37:16 --> Session: Class initialized using 'CodeIgniter\Session\Handlers\FileHandler' driver.
INFO - 2021-11-15 21:37:16 --> Controller "App\Controllers\bukutamu\Bukutamu" loaded.
INFO - 2021-11-15 21:37:16 --> Session: Class initialized using 'CodeIgniter\Session\Handlers\FileHandler' driver.
INFO - 2021-11-15 21:37:16 --> Controller "App\Controllers\bukutamu\Bukutamu" loaded.
INFO - 2021-11-15 21:37:16 --> Session: Class initialized using 'CodeIgniter\Session\Handlers\FileHandler' driver.
INFO - 2021-11-15 21:37:16 --> Controller "App\Controllers\bukutamu\Bukutamu" loaded.
INFO - 2021-11-15 21:37:17 --> Session: Class initialized using 'CodeIgniter\Session\Handlers\FileHandler' driver.
INFO - 2021-11-15 21:37:17 --> Controller "App\Controllers\bukutamu\Bukutamu" loaded.
INFO - 2021-11-15 21:37:17 --> Session: Class initialized using 'CodeIgniter\Session\Handlers\FileHandler' driver.
INFO - 2021-11-15 21:37:17 --> Controller "App\Controllers\bukutamu\Bukutamu" loaded.
INFO - 2021-11-15 21:37:17 --> Session: Class initialized using 'CodeIgniter\Session\Handlers\FileHandler' driver.
INFO - 2021-11-15 21:37:17 --> Controller "App\Controllers\bukutamu\Bukutamu" loaded.
INFO - 2021-11-15 21:40:03 --> Controller "App\Controllers\base\Beranda" loaded.
INFO - 2021-11-15 21:40:13 --> Session: Class initialized using 'CodeIgniter\Session\Handlers\FileHandler' driver.
INFO - 2021-11-15 21:40:13 --> Controller "App\Controllers\undangan\Undangan" loaded.
INFO - 2021-11-15 21:40:13 --> Session: Class initialized using 'CodeIgniter\Session\Handlers\FileHandler' driver.
INFO - 2021-11-15 21:40:13 --> Controller "App\Controllers\undangan\Undangan" loaded.
INFO - 2021-11-15 21:40:14 --> Session: Class initialized using 'CodeIgniter\Session\Handlers\FileHandler' driver.
INFO - 2021-11-15 21:40:14 --> Controller "App\Controllers\undangan\Undangan" loaded.
INFO - 2021-11-15 21:40:14 --> Session: Class initialized using 'CodeIgniter\Session\Handlers\FileHandler' driver.
INFO - 2021-11-15 21:40:14 --> Controller "App\Controllers\undangan\Undangan" loaded.
INFO - 2021-11-15 21:40:14 --> Session: Class initialized using 'CodeIgniter\Session\Handlers\FileHandler' driver.
INFO - 2021-11-15 21:40:14 --> Controller "App\Controllers\undangan\Undangan" loaded.
INFO - 2021-11-15 21:40:14 --> Session: Class initialized using 'CodeIgniter\Session\Handlers\FileHandler' driver.
INFO - 2021-11-15 21:40:14 --> Controller "App\Controllers\undangan\Undangan" loaded.
INFO - 2021-11-15 21:40:14 --> Session: Class initialized using 'CodeIgniter\Session\Handlers\FileHandler' driver.
INFO - 2021-11-15 21:40:14 --> Controller "App\Controllers\undangan\Undangan" loaded.
INFO - 2021-11-15 21:40:15 --> Session: Class initialized using 'CodeIgniter\Session\Handlers\FileHandler' driver.
INFO - 2021-11-15 21:40:15 --> Controller "App\Controllers\undangan\Undangan" loaded.
INFO - 2021-11-15 21:40:15 --> Session: Class initialized using 'CodeIgniter\Session\Handlers\FileHandler' driver.
INFO - 2021-11-15 21:40:15 --> Controller "App\Controllers\undangan\Undangan" loaded.
INFO - 2021-11-15 21:40:15 --> Session: Class initialized using 'CodeIgniter\Session\Handlers\FileHandler' driver.
INFO - 2021-11-15 21:40:15 --> Controller "App\Controllers\undangan\Undangan" loaded.
INFO - 2021-11-15 21:40:15 --> Session: Class initialized using 'CodeIgniter\Session\Handlers\FileHandler' driver.
INFO - 2021-11-15 21:40:15 --> Controller "App\Controllers\undangan\Undangan" loaded.
INFO - 2021-11-15 21:40:16 --> Session: Class initialized using 'CodeIgniter\Session\Handlers\FileHandler' driver.
INFO - 2021-11-15 21:40:16 --> Controller "App\Controllers\undangan\Undangan" loaded.
INFO - 2021-11-15 21:40:16 --> Session: Class initialized using 'CodeIgniter\Session\Handlers\FileHandler' driver.
INFO - 2021-11-15 21:40:16 --> Controller "App\Controllers\undangan\Undangan" loaded.
INFO - 2021-11-15 21:40:16 --> Session: Class initialized using 'CodeIgniter\Session\Handlers\FileHandler' driver.
INFO - 2021-11-15 21:40:16 --> Controller "App\Controllers\undangan\Undangan" loaded.
INFO - 2021-11-15 21:40:16 --> Session: Class initialized using 'CodeIgniter\Session\Handlers\FileHandler' driver.
INFO - 2021-11-15 21:40:16 --> Controller "App\Controllers\undangan\Undangan" loaded.
INFO - 2021-11-15 21:40:17 --> Session: Class initialized using 'CodeIgniter\Session\Handlers\FileHandler' driver.
INFO - 2021-11-15 21:40:17 --> Controller "App\Controllers\undangan\Undangan" loaded.
INFO - 2021-11-15 21:50:02 --> Controller "App\Controllers\base\Beranda" loaded.
INFO - 2021-11-15 21:52:04 --> Controller "App\Controllers\base\Beranda" loaded.
INFO - 2021-11-15 22:00:03 --> Controller "App\Controllers\base\Beranda" loaded.
INFO - 2021-11-15 22:10:02 --> Controller "App\Controllers\base\Beranda" loaded.
INFO - 2021-11-15 22:20:03 --> Controller "App\Controllers\base\Beranda" loaded.
INFO - 2021-11-15 22:30:02 --> Controller "App\Controllers\base\Beranda" loaded.
INFO - 2021-11-15 22:40:02 --> Controller "App\Controllers\base\Beranda" loaded.
INFO - 2021-11-15 22:50:02 --> Controller "App\Controllers\base\Beranda" loaded.
INFO - 2021-11-15 23:09:48 --> Session: Class initialized using 'CodeIgniter\Session\Handlers\FileHandler' driver.
INFO - 2021-11-15 23:09:48 --> Controller "App\Controllers\base\Order" loaded.
