INFO - 2021-11-23 00:36:25 --> Controller "App\Controllers\base\Beranda" loaded.
INFO - 2021-11-23 02:31:08 --> Controller "App\Controllers\base\Beranda" loaded.
INFO - 2021-11-23 02:59:03 --> Controller "App\Controllers\base\Beranda" loaded.
INFO - 2021-11-23 02:59:04 --> Session: Class initialized using 'CodeIgniter\Session\Handlers\FileHandler' driver.
INFO - 2021-11-23 02:59:04 --> Controller "App\Controllers\undangan\Undangan" loaded.
INFO - 2021-11-23 02:59:04 --> Controller "App\Controllers\base\Beranda" loaded.
INFO - 2021-11-23 03:08:28 --> Session: Class initialized using 'CodeIgniter\Session\Handlers\FileHandler' driver.
INFO - 2021-11-23 03:08:28 --> Controller "App\Controllers\undangan\Undangan" loaded.
INFO - 2021-11-23 03:38:47 --> Session: Class initialized using 'CodeIgniter\Session\Handlers\FileHandler' driver.
INFO - 2021-11-23 03:38:47 --> Controller "App\Controllers\base\Order" loaded.
INFO - 2021-11-23 03:46:00 --> Session: Class initialized using 'CodeIgniter\Session\Handlers\FileHandler' driver.
INFO - 2021-11-23 03:46:00 --> Controller "App\Controllers\undangan\Undangan" loaded.
INFO - 2021-11-23 03:46:07 --> Session: Class initialized using 'CodeIgniter\Session\Handlers\FileHandler' driver.
INFO - 2021-11-23 03:46:07 --> Controller "App\Controllers\undangan\Undangan" loaded.
INFO - 2021-11-23 04:44:49 --> Controller "App\Controllers\base\Beranda" loaded.
INFO - 2021-11-23 04:44:50 --> Controller "App\Controllers\base\Beranda" loaded.
INFO - 2021-11-23 04:44:53 --> Controller "App\Controllers\base\Beranda" loaded.
INFO - 2021-11-23 04:45:04 --> Controller "App\Controllers\base\Beranda" loaded.
INFO - 2021-11-23 04:48:11 --> Controller "App\Controllers\base\Beranda" loaded.
INFO - 2021-11-23 04:52:38 --> Controller "App\Controllers\base\Beranda" loaded.
INFO - 2021-11-23 05:14:24 --> Controller "App\Controllers\base\Beranda" loaded.
INFO - 2021-11-23 06:12:39 --> Session: Class initialized using 'CodeIgniter\Session\Handlers\FileHandler' driver.
INFO - 2021-11-23 06:12:39 --> Controller "App\Controllers\base\Order" loaded.
INFO - 2021-11-23 06:16:01 --> Controller "App\Controllers\base\Beranda" loaded.
INFO - 2021-11-23 06:16:31 --> Session: Class initialized using 'CodeIgniter\Session\Handlers\FileHandler' driver.
INFO - 2021-11-23 06:16:31 --> Controller "App\Controllers\undangan\Undangan" loaded.
INFO - 2021-11-23 06:23:42 --> Controller "App\Controllers\base\Beranda" loaded.
INFO - 2021-11-23 06:23:43 --> Controller "App\Controllers\base\Beranda" loaded.
INFO - 2021-11-23 06:56:40 --> Session: Class initialized using 'CodeIgniter\Session\Handlers\FileHandler' driver.
INFO - 2021-11-23 06:56:40 --> Controller "App\Controllers\base\Order" loaded.
INFO - 2021-11-23 06:58:48 --> Controller "App\Controllers\base\Beranda" loaded.
INFO - 2021-11-23 07:00:03 --> Controller "App\Controllers\base\Beranda" loaded.
INFO - 2021-11-23 07:00:08 --> Controller "App\Controllers\base\Beranda" loaded.
INFO - 2021-11-23 07:08:10 --> Controller "App\Controllers\base\Beranda" loaded.
INFO - 2021-11-23 07:10:03 --> Controller "App\Controllers\base\Beranda" loaded.
INFO - 2021-11-23 07:20:03 --> Controller "App\Controllers\base\Beranda" loaded.
INFO - 2021-11-23 07:24:00 --> Controller "App\Controllers\base\Beranda" loaded.
INFO - 2021-11-23 07:24:49 --> Controller "App\Controllers\base\Beranda" loaded.
INFO - 2021-11-23 07:30:02 --> Controller "App\Controllers\base\Beranda" loaded.
INFO - 2021-11-23 07:33:29 --> Controller "App\Controllers\base\Beranda" loaded.
INFO - 2021-11-23 07:34:45 --> Session: Class initialized using 'CodeIgniter\Session\Handlers\FileHandler' driver.
INFO - 2021-11-23 07:34:45 --> Controller "App\Controllers\undangan\Undangan" loaded.
INFO - 2021-11-23 07:40:03 --> Controller "App\Controllers\base\Beranda" loaded.
INFO - 2021-11-23 07:48:03 --> Session: Class initialized using 'CodeIgniter\Session\Handlers\FileHandler' driver.
INFO - 2021-11-23 07:48:03 --> Controller "App\Controllers\base\Order" loaded.
INFO - 2021-11-23 07:50:03 --> Controller "App\Controllers\base\Beranda" loaded.
INFO - 2021-11-23 07:52:30 --> Session: Class initialized using 'CodeIgniter\Session\Handlers\FileHandler' driver.
INFO - 2021-11-23 07:52:30 --> Controller "App\Controllers\undangan\Undangan" loaded.
INFO - 2021-11-23 07:52:30 --> Session: Class initialized using 'CodeIgniter\Session\Handlers\FileHandler' driver.
INFO - 2021-11-23 07:52:30 --> Controller "App\Controllers\undangan\Undangan" loaded.
INFO - 2021-11-23 07:52:31 --> Session: Class initialized using 'CodeIgniter\Session\Handlers\FileHandler' driver.
INFO - 2021-11-23 07:52:31 --> Controller "App\Controllers\undangan\Undangan" loaded.
INFO - 2021-11-23 07:52:31 --> Session: Class initialized using 'CodeIgniter\Session\Handlers\FileHandler' driver.
INFO - 2021-11-23 07:52:31 --> Controller "App\Controllers\undangan\Undangan" loaded.
INFO - 2021-11-23 07:52:31 --> Session: Class initialized using 'CodeIgniter\Session\Handlers\FileHandler' driver.
INFO - 2021-11-23 07:52:31 --> Controller "App\Controllers\undangan\Undangan" loaded.
INFO - 2021-11-23 07:52:32 --> Session: Class initialized using 'CodeIgniter\Session\Handlers\FileHandler' driver.
INFO - 2021-11-23 07:52:32 --> Controller "App\Controllers\undangan\Undangan" loaded.
INFO - 2021-11-23 07:52:32 --> Session: Class initialized using 'CodeIgniter\Session\Handlers\FileHandler' driver.
INFO - 2021-11-23 07:52:32 --> Controller "App\Controllers\undangan\Undangan" loaded.
INFO - 2021-11-23 07:52:33 --> Session: Class initialized using 'CodeIgniter\Session\Handlers\FileHandler' driver.
INFO - 2021-11-23 07:52:33 --> Controller "App\Controllers\undangan\Undangan" loaded.
INFO - 2021-11-23 07:52:33 --> Session: Class initialized using 'CodeIgniter\Session\Handlers\FileHandler' driver.
INFO - 2021-11-23 07:52:33 --> Controller "App\Controllers\undangan\Undangan" loaded.
INFO - 2021-11-23 07:52:34 --> Session: Class initialized using 'CodeIgniter\Session\Handlers\FileHandler' driver.
INFO - 2021-11-23 07:52:34 --> Controller "App\Controllers\undangan\Undangan" loaded.
INFO - 2021-11-23 07:52:34 --> Session: Class initialized using 'CodeIgniter\Session\Handlers\FileHandler' driver.
INFO - 2021-11-23 07:52:34 --> Controller "App\Controllers\undangan\Undangan" loaded.
INFO - 2021-11-23 07:52:34 --> Session: Class initialized using 'CodeIgniter\Session\Handlers\FileHandler' driver.
INFO - 2021-11-23 07:52:34 --> Controller "App\Controllers\undangan\Undangan" loaded.
INFO - 2021-11-23 07:52:35 --> Session: Class initialized using 'CodeIgniter\Session\Handlers\FileHandler' driver.
INFO - 2021-11-23 07:52:35 --> Controller "App\Controllers\undangan\Undangan" loaded.
INFO - 2021-11-23 07:52:35 --> Session: Class initialized using 'CodeIgniter\Session\Handlers\FileHandler' driver.
INFO - 2021-11-23 07:52:35 --> Controller "App\Controllers\undangan\Undangan" loaded.
INFO - 2021-11-23 07:52:36 --> Session: Class initialized using 'CodeIgniter\Session\Handlers\FileHandler' driver.
INFO - 2021-11-23 07:52:36 --> Controller "App\Controllers\undangan\Undangan" loaded.
INFO - 2021-11-23 07:52:36 --> Session: Class initialized using 'CodeIgniter\Session\Handlers\FileHandler' driver.
INFO - 2021-11-23 07:52:36 --> Controller "App\Controllers\undangan\Undangan" loaded.
INFO - 2021-11-23 07:52:37 --> Session: Class initialized using 'CodeIgniter\Session\Handlers\FileHandler' driver.
INFO - 2021-11-23 07:52:37 --> Controller "App\Controllers\undangan\Undangan" loaded.
INFO - 2021-11-23 07:52:37 --> Session: Class initialized using 'CodeIgniter\Session\Handlers\FileHandler' driver.
INFO - 2021-11-23 07:52:37 --> Controller "App\Controllers\undangan\Undangan" loaded.
INFO - 2021-11-23 07:52:37 --> Session: Class initialized using 'CodeIgniter\Session\Handlers\FileHandler' driver.
INFO - 2021-11-23 07:52:37 --> Controller "App\Controllers\undangan\Undangan" loaded.
INFO - 2021-11-23 07:52:38 --> Session: Class initialized using 'CodeIgniter\Session\Handlers\FileHandler' driver.
INFO - 2021-11-23 07:52:38 --> Controller "App\Controllers\undangan\Undangan" loaded.
INFO - 2021-11-23 07:52:38 --> Session: Class initialized using 'CodeIgniter\Session\Handlers\FileHandler' driver.
INFO - 2021-11-23 07:52:38 --> Controller "App\Controllers\undangan\Undangan" loaded.
INFO - 2021-11-23 07:52:39 --> Session: Class initialized using 'CodeIgniter\Session\Handlers\FileHandler' driver.
INFO - 2021-11-23 07:52:39 --> Controller "App\Controllers\undangan\Undangan" loaded.
INFO - 2021-11-23 07:52:39 --> Session: Class initialized using 'CodeIgniter\Session\Handlers\FileHandler' driver.
INFO - 2021-11-23 07:52:39 --> Controller "App\Controllers\undangan\Undangan" loaded.
INFO - 2021-11-23 07:52:40 --> Session: Class initialized using 'CodeIgniter\Session\Handlers\FileHandler' driver.
INFO - 2021-11-23 07:52:40 --> Controller "App\Controllers\undangan\Undangan" loaded.
INFO - 2021-11-23 07:52:40 --> Session: Class initialized using 'CodeIgniter\Session\Handlers\FileHandler' driver.
INFO - 2021-11-23 07:52:40 --> Controller "App\Controllers\undangan\Undangan" loaded.
INFO - 2021-11-23 07:52:40 --> Session: Class initialized using 'CodeIgniter\Session\Handlers\FileHandler' driver.
INFO - 2021-11-23 07:52:40 --> Controller "App\Controllers\undangan\Undangan" loaded.
INFO - 2021-11-23 07:52:41 --> Session: Class initialized using 'CodeIgniter\Session\Handlers\FileHandler' driver.
INFO - 2021-11-23 07:52:41 --> Controller "App\Controllers\undangan\Undangan" loaded.
INFO - 2021-11-23 07:52:41 --> Session: Class initialized using 'CodeIgniter\Session\Handlers\FileHandler' driver.
INFO - 2021-11-23 07:52:41 --> Controller "App\Controllers\undangan\Undangan" loaded.
INFO - 2021-11-23 07:52:42 --> Session: Class initialized using 'CodeIgniter\Session\Handlers\FileHandler' driver.
INFO - 2021-11-23 07:52:42 --> Controller "App\Controllers\undangan\Undangan" loaded.
INFO - 2021-11-23 07:52:42 --> Session: Class initialized using 'CodeIgniter\Session\Handlers\FileHandler' driver.
INFO - 2021-11-23 07:52:42 --> Controller "App\Controllers\undangan\Undangan" loaded.
INFO - 2021-11-23 08:00:03 --> Controller "App\Controllers\base\Beranda" loaded.
INFO - 2021-11-23 08:10:02 --> Controller "App\Controllers\base\Beranda" loaded.
INFO - 2021-11-23 08:15:58 --> Controller "App\Controllers\base\Beranda" loaded.
INFO - 2021-11-23 08:20:03 --> Controller "App\Controllers\base\Beranda" loaded.
INFO - 2021-11-23 08:27:20 --> Controller "App\Controllers\base\Beranda" loaded.
INFO - 2021-11-23 08:27:23 --> Controller "App\Controllers\base\Beranda" loaded.
INFO - 2021-11-23 08:27:58 --> Controller "App\Controllers\base\Beranda" loaded.
INFO - 2021-11-23 08:28:24 --> Controller "App\Controllers\base\Beranda" loaded.
INFO - 2021-11-23 08:30:02 --> Controller "App\Controllers\base\Beranda" loaded.
INFO - 2021-11-23 08:33:14 --> Session: Class initialized using 'CodeIgniter\Session\Handlers\FileHandler' driver.
INFO - 2021-11-23 08:33:14 --> Controller "App\Controllers\admin\Admin" loaded.
INFO - 2021-11-23 08:40:03 --> Controller "App\Controllers\base\Beranda" loaded.
INFO - 2021-11-23 08:50:02 --> Controller "App\Controllers\base\Beranda" loaded.
INFO - 2021-11-23 09:00:03 --> Controller "App\Controllers\base\Beranda" loaded.
INFO - 2021-11-23 09:10:03 --> Controller "App\Controllers\base\Beranda" loaded.
INFO - 2021-11-23 09:20:03 --> Controller "App\Controllers\base\Beranda" loaded.
INFO - 2021-11-23 09:30:03 --> Controller "App\Controllers\base\Beranda" loaded.
INFO - 2021-11-23 09:37:59 --> Controller "App\Controllers\base\Beranda" loaded.
INFO - 2021-11-23 09:40:02 --> Controller "App\Controllers\base\Beranda" loaded.
INFO - 2021-11-23 09:40:31 --> Controller "App\Controllers\base\Beranda" loaded.
INFO - 2021-11-23 09:50:03 --> Controller "App\Controllers\base\Beranda" loaded.
INFO - 2021-11-23 09:55:35 --> Controller "App\Controllers\base\Beranda" loaded.
INFO - 2021-11-23 10:00:02 --> Controller "App\Controllers\base\Beranda" loaded.
INFO - 2021-11-23 10:10:03 --> Controller "App\Controllers\base\Beranda" loaded.
INFO - 2021-11-23 10:20:03 --> Controller "App\Controllers\base\Beranda" loaded.
INFO - 2021-11-23 10:30:03 --> Controller "App\Controllers\base\Beranda" loaded.
INFO - 2021-11-23 10:33:00 --> Controller "App\Controllers\base\Beranda" loaded.
INFO - 2021-11-23 10:40:03 --> Controller "App\Controllers\base\Beranda" loaded.
INFO - 2021-11-23 10:50:03 --> Controller "App\Controllers\base\Beranda" loaded.
INFO - 2021-11-23 11:00:02 --> Controller "App\Controllers\base\Beranda" loaded.
INFO - 2021-11-23 11:10:07 --> Controller "App\Controllers\base\Beranda" loaded.
INFO - 2021-11-23 11:20:03 --> Controller "App\Controllers\base\Beranda" loaded.
INFO - 2021-11-23 11:20:41 --> Controller "App\Controllers\base\Beranda" loaded.
INFO - 2021-11-23 11:30:02 --> Controller "App\Controllers\base\Beranda" loaded.
INFO - 2021-11-23 11:40:02 --> Controller "App\Controllers\base\Beranda" loaded.
INFO - 2021-11-23 11:50:03 --> Controller "App\Controllers\base\Beranda" loaded.
INFO - 2021-11-23 11:52:53 --> Controller "App\Controllers\base\Beranda" loaded.
INFO - 2021-11-23 12:00:03 --> Controller "App\Controllers\base\Beranda" loaded.
INFO - 2021-11-23 12:10:02 --> Controller "App\Controllers\base\Beranda" loaded.
INFO - 2021-11-23 12:20:02 --> Controller "App\Controllers\base\Beranda" loaded.
INFO - 2021-11-23 12:24:29 --> Controller "App\Controllers\base\Beranda" loaded.
INFO - 2021-11-23 12:30:02 --> Controller "App\Controllers\base\Beranda" loaded.
INFO - 2021-11-23 12:40:03 --> Controller "App\Controllers\base\Beranda" loaded.
INFO - 2021-11-23 12:49:11 --> Controller "App\Controllers\base\Beranda" loaded.
INFO - 2021-11-23 12:50:00 --> Controller "App\Controllers\base\Beranda" loaded.
INFO - 2021-11-23 12:50:02 --> Controller "App\Controllers\base\Beranda" loaded.
INFO - 2021-11-23 12:51:58 --> Controller "App\Controllers\base\Beranda" loaded.
INFO - 2021-11-23 13:00:02 --> Controller "App\Controllers\base\Beranda" loaded.
INFO - 2021-11-23 13:10:03 --> Controller "App\Controllers\base\Beranda" loaded.
INFO - 2021-11-23 13:20:03 --> Controller "App\Controllers\base\Beranda" loaded.
INFO - 2021-11-23 13:30:03 --> Controller "App\Controllers\base\Beranda" loaded.
INFO - 2021-11-23 13:34:55 --> Controller "App\Controllers\base\Beranda" loaded.
INFO - 2021-11-23 13:34:55 --> Controller "App\Controllers\base\Beranda" loaded.
INFO - 2021-11-23 13:34:55 --> Controller "App\Controllers\base\Beranda" loaded.
INFO - 2021-11-23 13:34:56 --> Controller "App\Controllers\base\Beranda" loaded.
INFO - 2021-11-23 13:34:56 --> Controller "App\Controllers\base\Beranda" loaded.
INFO - 2021-11-23 13:34:56 --> Controller "App\Controllers\base\Beranda" loaded.
INFO - 2021-11-23 13:35:08 --> Controller "App\Controllers\base\Beranda" loaded.
INFO - 2021-11-23 13:35:44 --> Controller "App\Controllers\base\Beranda" loaded.
INFO - 2021-11-23 13:35:51 --> Controller "App\Controllers\base\Beranda" loaded.
INFO - 2021-11-23 13:35:56 --> Controller "App\Controllers\base\Beranda" loaded.
INFO - 2021-11-23 13:36:43 --> Controller "App\Controllers\base\Beranda" loaded.
INFO - 2021-11-23 13:36:45 --> Controller "App\Controllers\base\Beranda" loaded.
INFO - 2021-11-23 13:40:02 --> Controller "App\Controllers\base\Beranda" loaded.
INFO - 2021-11-23 13:40:04 --> Controller "App\Controllers\base\Beranda" loaded.
INFO - 2021-11-23 13:40:05 --> Controller "App\Controllers\base\Beranda" loaded.
INFO - 2021-11-23 13:50:03 --> Controller "App\Controllers\base\Beranda" loaded.
INFO - 2021-11-23 14:00:03 --> Controller "App\Controllers\base\Beranda" loaded.
INFO - 2021-11-23 14:00:10 --> Session: Class initialized using 'CodeIgniter\Session\Handlers\FileHandler' driver.
INFO - 2021-11-23 14:00:10 --> Controller "App\Controllers\admin\Admin" loaded.
INFO - 2021-11-23 14:02:21 --> Controller "App\Controllers\base\Beranda" loaded.
INFO - 2021-11-23 14:10:03 --> Controller "App\Controllers\base\Beranda" loaded.
INFO - 2021-11-23 14:11:43 --> Controller "App\Controllers\base\Beranda" loaded.
INFO - 2021-11-23 14:11:46 --> Session: Class initialized using 'CodeIgniter\Session\Handlers\FileHandler' driver.
INFO - 2021-11-23 14:11:46 --> Controller "App\Controllers\base\Dashboard" loaded.
INFO - 2021-11-23 14:11:50 --> Controller "App\Controllers\base\Beranda" loaded.
INFO - 2021-11-23 14:11:55 --> Controller "App\Controllers\base\Beranda" loaded.
INFO - 2021-11-23 14:11:57 --> Session: Class initialized using 'CodeIgniter\Session\Handlers\FileHandler' driver.
INFO - 2021-11-23 14:11:57 --> Controller "App\Controllers\base\Order" loaded.
INFO - 2021-11-23 14:11:59 --> Session: Class initialized using 'CodeIgniter\Session\Handlers\FileHandler' driver.
INFO - 2021-11-23 14:11:59 --> Controller "App\Controllers\base\Order" loaded.
INFO - 2021-11-23 14:12:01 --> Controller "App\Controllers\base\Beranda" loaded.
INFO - 2021-11-23 14:12:03 --> Controller "App\Controllers\base\Beranda" loaded.
INFO - 2021-11-23 14:12:05 --> Session: Class initialized using 'CodeIgniter\Session\Handlers\FileHandler' driver.
INFO - 2021-11-23 14:12:05 --> Controller "App\Controllers\base\Order" loaded.
INFO - 2021-11-23 14:12:08 --> Session: Class initialized using 'CodeIgniter\Session\Handlers\FileHandler' driver.
INFO - 2021-11-23 14:12:08 --> Controller "App\Controllers\base\Order" loaded.
INFO - 2021-11-23 14:12:10 --> Controller "App\Controllers\base\Beranda" loaded.
INFO - 2021-11-23 14:12:12 --> Controller "App\Controllers\base\Beranda" loaded.
INFO - 2021-11-23 14:12:14 --> Session: Class initialized using 'CodeIgniter\Session\Handlers\FileHandler' driver.
INFO - 2021-11-23 14:12:14 --> Controller "App\Controllers\base\Order" loaded.
INFO - 2021-11-23 14:12:16 --> Session: Class initialized using 'CodeIgniter\Session\Handlers\FileHandler' driver.
INFO - 2021-11-23 14:12:16 --> Controller "App\Controllers\base\Order" loaded.
INFO - 2021-11-23 14:12:18 --> Controller "App\Controllers\base\Beranda" loaded.
INFO - 2021-11-23 14:12:20 --> Controller "App\Controllers\base\Beranda" loaded.
INFO - 2021-11-23 14:12:23 --> Session: Class initialized using 'CodeIgniter\Session\Handlers\FileHandler' driver.
INFO - 2021-11-23 14:12:23 --> Controller "App\Controllers\base\Order" loaded.
INFO - 2021-11-23 14:20:02 --> Controller "App\Controllers\base\Beranda" loaded.
INFO - 2021-11-23 14:30:02 --> Controller "App\Controllers\base\Beranda" loaded.
INFO - 2021-11-23 14:40:02 --> Controller "App\Controllers\base\Beranda" loaded.
INFO - 2021-11-23 14:50:02 --> Controller "App\Controllers\base\Beranda" loaded.
INFO - 2021-11-23 14:56:48 --> Controller "App\Controllers\base\Beranda" loaded.
INFO - 2021-11-23 15:00:03 --> Controller "App\Controllers\base\Beranda" loaded.
INFO - 2021-11-23 15:00:21 --> Controller "App\Controllers\base\Beranda" loaded.
INFO - 2021-11-23 15:04:58 --> Controller "App\Controllers\base\Beranda" loaded.
INFO - 2021-11-23 15:10:02 --> Controller "App\Controllers\base\Beranda" loaded.
INFO - 2021-11-23 15:13:42 --> Controller "App\Controllers\base\Beranda" loaded.
INFO - 2021-11-23 15:13:42 --> Controller "App\Controllers\base\Beranda" loaded.
INFO - 2021-11-23 15:13:42 --> Controller "App\Controllers\base\Beranda" loaded.
INFO - 2021-11-23 15:13:43 --> Controller "App\Controllers\base\Beranda" loaded.
INFO - 2021-11-23 15:13:43 --> Controller "App\Controllers\base\Beranda" loaded.
INFO - 2021-11-23 15:13:43 --> Controller "App\Controllers\base\Beranda" loaded.
INFO - 2021-11-23 15:13:43 --> Controller "App\Controllers\base\Beranda" loaded.
INFO - 2021-11-23 15:13:43 --> Controller "App\Controllers\base\Beranda" loaded.
INFO - 2021-11-23 15:13:43 --> Controller "App\Controllers\base\Beranda" loaded.
INFO - 2021-11-23 15:13:43 --> Controller "App\Controllers\base\Beranda" loaded.
INFO - 2021-11-23 15:13:43 --> Controller "App\Controllers\base\Beranda" loaded.
INFO - 2021-11-23 15:13:43 --> Controller "App\Controllers\base\Beranda" loaded.
INFO - 2021-11-23 15:13:43 --> Controller "App\Controllers\base\Beranda" loaded.
INFO - 2021-11-23 15:13:43 --> Controller "App\Controllers\base\Beranda" loaded.
INFO - 2021-11-23 15:13:43 --> Controller "App\Controllers\base\Beranda" loaded.
INFO - 2021-11-23 15:13:44 --> Controller "App\Controllers\base\Beranda" loaded.
INFO - 2021-11-23 15:13:44 --> Controller "App\Controllers\base\Beranda" loaded.
INFO - 2021-11-23 15:13:44 --> Controller "App\Controllers\base\Beranda" loaded.
INFO - 2021-11-23 15:13:44 --> Controller "App\Controllers\base\Beranda" loaded.
INFO - 2021-11-23 15:13:44 --> Controller "App\Controllers\base\Beranda" loaded.
INFO - 2021-11-23 15:20:03 --> Controller "App\Controllers\base\Beranda" loaded.
INFO - 2021-11-23 15:30:02 --> Controller "App\Controllers\base\Beranda" loaded.
INFO - 2021-11-23 15:35:59 --> Session: Class initialized using 'CodeIgniter\Session\Handlers\FileHandler' driver.
INFO - 2021-11-23 15:35:59 --> Controller "App\Controllers\undangan\Undangan" loaded.
INFO - 2021-11-23 15:35:59 --> Session: Class initialized using 'CodeIgniter\Session\Handlers\FileHandler' driver.
INFO - 2021-11-23 15:35:59 --> Controller "App\Controllers\undangan\Undangan" loaded.
INFO - 2021-11-23 15:35:59 --> Session: Class initialized using 'CodeIgniter\Session\Handlers\FileHandler' driver.
INFO - 2021-11-23 15:35:59 --> Controller "App\Controllers\undangan\Undangan" loaded.
INFO - 2021-11-23 15:36:00 --> Session: Class initialized using 'CodeIgniter\Session\Handlers\FileHandler' driver.
INFO - 2021-11-23 15:36:00 --> Controller "App\Controllers\undangan\Undangan" loaded.
INFO - 2021-11-23 15:36:00 --> Session: Class initialized using 'CodeIgniter\Session\Handlers\FileHandler' driver.
INFO - 2021-11-23 15:36:00 --> Controller "App\Controllers\undangan\Undangan" loaded.
INFO - 2021-11-23 15:36:00 --> Session: Class initialized using 'CodeIgniter\Session\Handlers\FileHandler' driver.
INFO - 2021-11-23 15:36:00 --> Controller "App\Controllers\undangan\Undangan" loaded.
INFO - 2021-11-23 15:36:00 --> Session: Class initialized using 'CodeIgniter\Session\Handlers\FileHandler' driver.
INFO - 2021-11-23 15:36:00 --> Controller "App\Controllers\undangan\Undangan" loaded.
INFO - 2021-11-23 15:36:01 --> Session: Class initialized using 'CodeIgniter\Session\Handlers\FileHandler' driver.
INFO - 2021-11-23 15:36:01 --> Controller "App\Controllers\undangan\Undangan" loaded.
INFO - 2021-11-23 15:36:01 --> Session: Class initialized using 'CodeIgniter\Session\Handlers\FileHandler' driver.
INFO - 2021-11-23 15:36:01 --> Controller "App\Controllers\undangan\Undangan" loaded.
INFO - 2021-11-23 15:36:01 --> Session: Class initialized using 'CodeIgniter\Session\Handlers\FileHandler' driver.
INFO - 2021-11-23 15:36:01 --> Controller "App\Controllers\undangan\Undangan" loaded.
INFO - 2021-11-23 15:36:02 --> Session: Class initialized using 'CodeIgniter\Session\Handlers\FileHandler' driver.
INFO - 2021-11-23 15:36:02 --> Controller "App\Controllers\undangan\Undangan" loaded.
INFO - 2021-11-23 15:36:02 --> Session: Class initialized using 'CodeIgniter\Session\Handlers\FileHandler' driver.
INFO - 2021-11-23 15:36:02 --> Controller "App\Controllers\undangan\Undangan" loaded.
INFO - 2021-11-23 15:36:02 --> Session: Class initialized using 'CodeIgniter\Session\Handlers\FileHandler' driver.
INFO - 2021-11-23 15:36:02 --> Controller "App\Controllers\undangan\Undangan" loaded.
INFO - 2021-11-23 15:36:03 --> Session: Class initialized using 'CodeIgniter\Session\Handlers\FileHandler' driver.
INFO - 2021-11-23 15:36:03 --> Controller "App\Controllers\undangan\Undangan" loaded.
INFO - 2021-11-23 15:36:03 --> Session: Class initialized using 'CodeIgniter\Session\Handlers\FileHandler' driver.
INFO - 2021-11-23 15:36:03 --> Controller "App\Controllers\undangan\Undangan" loaded.
INFO - 2021-11-23 15:36:03 --> Session: Class initialized using 'CodeIgniter\Session\Handlers\FileHandler' driver.
INFO - 2021-11-23 15:36:03 --> Controller "App\Controllers\undangan\Undangan" loaded.
INFO - 2021-11-23 15:36:03 --> Session: Class initialized using 'CodeIgniter\Session\Handlers\FileHandler' driver.
INFO - 2021-11-23 15:36:03 --> Controller "App\Controllers\undangan\Undangan" loaded.
INFO - 2021-11-23 15:36:04 --> Session: Class initialized using 'CodeIgniter\Session\Handlers\FileHandler' driver.
INFO - 2021-11-23 15:36:04 --> Controller "App\Controllers\undangan\Undangan" loaded.
INFO - 2021-11-23 15:36:04 --> Session: Class initialized using 'CodeIgniter\Session\Handlers\FileHandler' driver.
INFO - 2021-11-23 15:36:04 --> Controller "App\Controllers\undangan\Undangan" loaded.
INFO - 2021-11-23 15:36:04 --> Session: Class initialized using 'CodeIgniter\Session\Handlers\FileHandler' driver.
INFO - 2021-11-23 15:36:04 --> Controller "App\Controllers\undangan\Undangan" loaded.
INFO - 2021-11-23 15:38:11 --> Session: Class initialized using 'CodeIgniter\Session\Handlers\FileHandler' driver.
INFO - 2021-11-23 15:38:11 --> Controller "App\Controllers\undangan\Undangan" loaded.
INFO - 2021-11-23 15:38:11 --> Controller "App\Controllers\base\Beranda" loaded.
INFO - 2021-11-23 15:38:12 --> Session: Class initialized using 'CodeIgniter\Session\Handlers\FileHandler' driver.
INFO - 2021-11-23 15:38:12 --> Controller "App\Controllers\undangan\Undangan" loaded.
INFO - 2021-11-23 15:38:13 --> Controller "App\Controllers\base\Beranda" loaded.
INFO - 2021-11-23 15:38:14 --> Controller "App\Controllers\base\Beranda" loaded.
INFO - 2021-11-23 15:38:14 --> Controller "App\Controllers\base\Beranda" loaded.
INFO - 2021-11-23 15:39:06 --> Controller "App\Controllers\base\Beranda" loaded.
INFO - 2021-11-23 15:39:06 --> Controller "App\Controllers\base\Beranda" loaded.
INFO - 2021-11-23 15:39:06 --> Controller "App\Controllers\base\Beranda" loaded.
INFO - 2021-11-23 15:39:06 --> Controller "App\Controllers\base\Beranda" loaded.
INFO - 2021-11-23 15:39:06 --> Controller "App\Controllers\base\Beranda" loaded.
INFO - 2021-11-23 15:39:06 --> Controller "App\Controllers\base\Beranda" loaded.
INFO - 2021-11-23 15:39:06 --> Controller "App\Controllers\base\Beranda" loaded.
INFO - 2021-11-23 15:39:07 --> Controller "App\Controllers\base\Beranda" loaded.
INFO - 2021-11-23 15:39:07 --> Controller "App\Controllers\base\Beranda" loaded.
INFO - 2021-11-23 15:39:07 --> Controller "App\Controllers\base\Beranda" loaded.
INFO - 2021-11-23 15:39:07 --> Controller "App\Controllers\base\Beranda" loaded.
INFO - 2021-11-23 15:39:07 --> Controller "App\Controllers\base\Beranda" loaded.
INFO - 2021-11-23 15:39:07 --> Controller "App\Controllers\base\Beranda" loaded.
INFO - 2021-11-23 15:39:07 --> Controller "App\Controllers\base\Beranda" loaded.
INFO - 2021-11-23 15:39:07 --> Controller "App\Controllers\base\Beranda" loaded.
INFO - 2021-11-23 15:39:07 --> Controller "App\Controllers\base\Beranda" loaded.
INFO - 2021-11-23 15:39:07 --> Controller "App\Controllers\base\Beranda" loaded.
INFO - 2021-11-23 15:39:07 --> Controller "App\Controllers\base\Beranda" loaded.
INFO - 2021-11-23 15:39:08 --> Controller "App\Controllers\base\Beranda" loaded.
INFO - 2021-11-23 15:40:03 --> Controller "App\Controllers\base\Beranda" loaded.
INFO - 2021-11-23 15:41:49 --> Session: Class initialized using 'CodeIgniter\Session\Handlers\FileHandler' driver.
INFO - 2021-11-23 15:41:49 --> Controller "App\Controllers\base\Beranda" loaded.
INFO - 2021-11-23 15:41:49 --> Controller "App\Controllers\admin\Admin" loaded.
INFO - 2021-11-23 15:41:50 --> Session: Class initialized using 'CodeIgniter\Session\Handlers\FileHandler' driver.
INFO - 2021-11-23 15:41:50 --> Controller "App\Controllers\admin\Admin" loaded.
INFO - 2021-11-23 15:50:03 --> Controller "App\Controllers\base\Beranda" loaded.
INFO - 2021-11-23 16:00:02 --> Controller "App\Controllers\base\Beranda" loaded.
INFO - 2021-11-23 16:10:02 --> Controller "App\Controllers\base\Beranda" loaded.
INFO - 2021-11-23 16:20:03 --> Controller "App\Controllers\base\Beranda" loaded.
INFO - 2021-11-23 16:24:51 --> Controller "App\Controllers\base\Beranda" loaded.
INFO - 2021-11-23 16:30:03 --> Controller "App\Controllers\base\Beranda" loaded.
INFO - 2021-11-23 16:40:02 --> Controller "App\Controllers\base\Beranda" loaded.
INFO - 2021-11-23 16:50:03 --> Controller "App\Controllers\base\Beranda" loaded.
INFO - 2021-11-23 16:52:11 --> Controller "App\Controllers\base\Beranda" loaded.
INFO - 2021-11-23 17:00:03 --> Controller "App\Controllers\base\Beranda" loaded.
INFO - 2021-11-23 17:02:01 --> Controller "App\Controllers\base\Beranda" loaded.
INFO - 2021-11-23 17:10:03 --> Controller "App\Controllers\base\Beranda" loaded.
INFO - 2021-11-23 17:20:02 --> Controller "App\Controllers\base\Beranda" loaded.
INFO - 2021-11-23 17:30:03 --> Controller "App\Controllers\base\Beranda" loaded.
INFO - 2021-11-23 17:40:02 --> Controller "App\Controllers\base\Beranda" loaded.
INFO - 2021-11-23 17:50:03 --> Controller "App\Controllers\base\Beranda" loaded.
INFO - 2021-11-23 17:51:09 --> Controller "App\Controllers\base\Beranda" loaded.
INFO - 2021-11-23 17:57:19 --> Controller "App\Controllers\base\Beranda" loaded.
INFO - 2021-11-23 18:00:03 --> Controller "App\Controllers\base\Beranda" loaded.
INFO - 2021-11-23 18:10:03 --> Controller "App\Controllers\base\Beranda" loaded.
INFO - 2021-11-23 18:17:15 --> Controller "App\Controllers\base\Beranda" loaded.
INFO - 2021-11-23 18:19:58 --> Controller "App\Controllers\base\Beranda" loaded.
INFO - 2021-11-23 18:19:59 --> Controller "App\Controllers\base\Beranda" loaded.
INFO - 2021-11-23 18:20:02 --> Controller "App\Controllers\base\Beranda" loaded.
INFO - 2021-11-23 18:30:03 --> Controller "App\Controllers\base\Beranda" loaded.
INFO - 2021-11-23 18:40:03 --> Controller "App\Controllers\base\Beranda" loaded.
INFO - 2021-11-23 18:40:43 --> Controller "App\Controllers\base\Beranda" loaded.
INFO - 2021-11-23 18:50:03 --> Controller "App\Controllers\base\Beranda" loaded.
INFO - 2021-11-23 19:00:02 --> Controller "App\Controllers\base\Beranda" loaded.
INFO - 2021-11-23 19:10:03 --> Controller "App\Controllers\base\Beranda" loaded.
INFO - 2021-11-23 19:20:03 --> Controller "App\Controllers\base\Beranda" loaded.
INFO - 2021-11-23 19:21:56 --> Controller "App\Controllers\base\Beranda" loaded.
INFO - 2021-11-23 19:28:18 --> Controller "App\Controllers\base\Beranda" loaded.
INFO - 2021-11-23 19:30:03 --> Controller "App\Controllers\base\Beranda" loaded.
INFO - 2021-11-23 19:40:02 --> Controller "App\Controllers\base\Beranda" loaded.
INFO - 2021-11-23 19:50:03 --> Controller "App\Controllers\base\Beranda" loaded.
INFO - 2021-11-23 20:00:02 --> Controller "App\Controllers\base\Beranda" loaded.
INFO - 2021-11-23 20:06:19 --> Controller "App\Controllers\base\Beranda" loaded.
INFO - 2021-11-23 20:10:02 --> Controller "App\Controllers\base\Beranda" loaded.
INFO - 2021-11-23 20:18:46 --> Controller "App\Controllers\base\Beranda" loaded.
INFO - 2021-11-23 20:18:50 --> Controller "App\Controllers\base\Beranda" loaded.
INFO - 2021-11-23 20:19:00 --> Controller "App\Controllers\base\Beranda" loaded.
INFO - 2021-11-23 20:19:15 --> Controller "App\Controllers\base\Beranda" loaded.
INFO - 2021-11-23 20:19:18 --> Session: Class initialized using 'CodeIgniter\Session\Handlers\FileHandler' driver.
INFO - 2021-11-23 20:19:18 --> Session: Class initialized using 'CodeIgniter\Session\Handlers\FileHandler' driver.
INFO - 2021-11-23 20:19:18 --> Controller "App\Controllers\base\Dashboard" loaded.
INFO - 2021-11-23 20:19:21 --> Session: Class initialized using 'CodeIgniter\Session\Handlers\FileHandler' driver.
INFO - 2021-11-23 20:19:22 --> Session: Class initialized using 'CodeIgniter\Session\Handlers\FileHandler' driver.
INFO - 2021-11-23 20:19:22 --> Controller "App\Controllers\base\Dashboard" loaded.
INFO - 2021-11-23 20:19:27 --> Controller "App\Controllers\base\Beranda" loaded.
INFO - 2021-11-23 20:19:35 --> Controller "App\Controllers\base\Beranda" loaded.
INFO - 2021-11-23 20:19:37 --> Controller "App\Controllers\base\Beranda" loaded.
INFO - 2021-11-23 20:20:02 --> Controller "App\Controllers\base\Beranda" loaded.
INFO - 2021-11-23 20:30:03 --> Controller "App\Controllers\base\Beranda" loaded.
INFO - 2021-11-23 20:40:02 --> Controller "App\Controllers\base\Beranda" loaded.
INFO - 2021-11-23 20:50:02 --> Controller "App\Controllers\base\Beranda" loaded.
INFO - 2021-11-23 21:00:03 --> Controller "App\Controllers\base\Beranda" loaded.
INFO - 2021-11-23 21:10:03 --> Controller "App\Controllers\base\Beranda" loaded.
INFO - 2021-11-23 21:12:56 --> Controller "App\Controllers\base\Beranda" loaded.
INFO - 2021-11-23 21:20:03 --> Controller "App\Controllers\base\Beranda" loaded.
INFO - 2021-11-23 21:24:11 --> Controller "App\Controllers\base\Beranda" loaded.
INFO - 2021-11-23 21:30:02 --> Controller "App\Controllers\base\Beranda" loaded.
INFO - 2021-11-23 21:38:17 --> Controller "App\Controllers\base\Beranda" loaded.
INFO - 2021-11-23 21:40:02 --> Controller "App\Controllers\base\Beranda" loaded.
INFO - 2021-11-23 21:41:56 --> Controller "App\Controllers\base\Beranda" loaded.
INFO - 2021-11-23 21:41:58 --> Controller "App\Controllers\base\Beranda" loaded.
INFO - 2021-11-23 21:50:03 --> Controller "App\Controllers\base\Beranda" loaded.
INFO - 2021-11-23 22:00:02 --> Controller "App\Controllers\base\Beranda" loaded.
INFO - 2021-11-23 22:10:03 --> Controller "App\Controllers\base\Beranda" loaded.
INFO - 2021-11-23 22:20:02 --> Controller "App\Controllers\base\Beranda" loaded.
INFO - 2021-11-23 22:30:02 --> Controller "App\Controllers\base\Beranda" loaded.
INFO - 2021-11-23 22:36:03 --> Controller "App\Controllers\base\Beranda" loaded.
INFO - 2021-11-23 22:36:11 --> Controller "App\Controllers\base\Beranda" loaded.
INFO - 2021-11-23 22:40:02 --> Controller "App\Controllers\base\Beranda" loaded.
INFO - 2021-11-23 22:50:03 --> Controller "App\Controllers\base\Beranda" loaded.
INFO - 2021-11-23 23:02:24 --> Controller "App\Controllers\base\Beranda" loaded.
