INFO - 2021-12-02 01:06:51 --> Controller "App\Controllers\base\Beranda" loaded.
INFO - 2021-12-02 01:13:24 --> Session: Class initialized using 'CodeIgniter\Session\Handlers\FileHandler' driver.
INFO - 2021-12-02 01:13:24 --> Controller "App\Controllers\bukutamu\Bukutamu" loaded.
INFO - 2021-12-02 02:35:31 --> Controller "App\Controllers\base\Beranda" loaded.
INFO - 2021-12-02 03:29:02 --> Session: Class initialized using 'CodeIgniter\Session\Handlers\FileHandler' driver.
INFO - 2021-12-02 03:29:02 --> Controller "App\Controllers\undangan\Undangan" loaded.
INFO - 2021-12-02 03:31:19 --> Session: Class initialized using 'CodeIgniter\Session\Handlers\FileHandler' driver.
INFO - 2021-12-02 03:31:19 --> Controller "App\Controllers\undangan\Undangan" loaded.
INFO - 2021-12-02 04:30:35 --> Controller "App\Controllers\base\Beranda" loaded.
INFO - 2021-12-02 05:01:11 --> Controller "App\Controllers\base\Beranda" loaded.
INFO - 2021-12-02 05:01:24 --> Controller "App\Controllers\base\Beranda" loaded.
INFO - 2021-12-02 05:01:27 --> Controller "App\Controllers\base\Beranda" loaded.
INFO - 2021-12-02 06:26:17 --> Controller "App\Controllers\base\Beranda" loaded.
INFO - 2021-12-02 06:32:30 --> Controller "App\Controllers\base\Beranda" loaded.
INFO - 2021-12-02 07:00:03 --> Controller "App\Controllers\base\Beranda" loaded.
INFO - 2021-12-02 07:10:02 --> Controller "App\Controllers\base\Beranda" loaded.
INFO - 2021-12-02 07:20:02 --> Controller "App\Controllers\base\Beranda" loaded.
INFO - 2021-12-02 07:30:02 --> Controller "App\Controllers\base\Beranda" loaded.
INFO - 2021-12-02 07:36:31 --> Controller "App\Controllers\base\Beranda" loaded.
INFO - 2021-12-02 07:37:39 --> Controller "App\Controllers\base\Beranda" loaded.
INFO - 2021-12-02 07:40:03 --> Controller "App\Controllers\base\Beranda" loaded.
INFO - 2021-12-02 07:50:03 --> Controller "App\Controllers\base\Beranda" loaded.
INFO - 2021-12-02 08:00:02 --> Controller "App\Controllers\base\Beranda" loaded.
INFO - 2021-12-02 08:10:02 --> Controller "App\Controllers\base\Beranda" loaded.
INFO - 2021-12-02 08:10:03 --> Session: Class initialized using 'CodeIgniter\Session\Handlers\FileHandler' driver.
INFO - 2021-12-02 08:10:03 --> Controller "App\Controllers\bukutamu\Bukutamu" loaded.
INFO - 2021-12-02 08:20:03 --> Controller "App\Controllers\base\Beranda" loaded.
INFO - 2021-12-02 08:25:25 --> Controller "App\Controllers\base\Beranda" loaded.
INFO - 2021-12-02 08:30:02 --> Controller "App\Controllers\base\Beranda" loaded.
INFO - 2021-12-02 08:40:03 --> Controller "App\Controllers\base\Beranda" loaded.
INFO - 2021-12-02 08:50:03 --> Controller "App\Controllers\base\Beranda" loaded.
INFO - 2021-12-02 09:00:02 --> Controller "App\Controllers\base\Beranda" loaded.
INFO - 2021-12-02 09:10:02 --> Controller "App\Controllers\base\Beranda" loaded.
INFO - 2021-12-02 09:12:39 --> Session: Class initialized using 'CodeIgniter\Session\Handlers\FileHandler' driver.
INFO - 2021-12-02 09:12:39 --> Controller "App\Controllers\undangan\Undangan" loaded.
INFO - 2021-12-02 09:20:03 --> Controller "App\Controllers\base\Beranda" loaded.
INFO - 2021-12-02 09:30:03 --> Controller "App\Controllers\base\Beranda" loaded.
INFO - 2021-12-02 09:40:03 --> Controller "App\Controllers\base\Beranda" loaded.
INFO - 2021-12-02 09:41:52 --> Controller "App\Controllers\base\Beranda" loaded.
INFO - 2021-12-02 09:50:03 --> Controller "App\Controllers\base\Beranda" loaded.
INFO - 2021-12-02 10:00:02 --> Controller "App\Controllers\base\Beranda" loaded.
INFO - 2021-12-02 10:06:47 --> Controller "App\Controllers\base\Beranda" loaded.
INFO - 2021-12-02 10:10:03 --> Controller "App\Controllers\base\Beranda" loaded.
INFO - 2021-12-02 10:12:36 --> Controller "App\Controllers\base\Beranda" loaded.
INFO - 2021-12-02 10:16:44 --> Controller "App\Controllers\base\Beranda" loaded.
INFO - 2021-12-02 10:20:03 --> Controller "App\Controllers\base\Beranda" loaded.
INFO - 2021-12-02 10:30:03 --> Controller "App\Controllers\base\Beranda" loaded.
INFO - 2021-12-02 10:40:02 --> Controller "App\Controllers\base\Beranda" loaded.
INFO - 2021-12-02 10:50:03 --> Controller "App\Controllers\base\Beranda" loaded.
INFO - 2021-12-02 11:00:03 --> Controller "App\Controllers\base\Beranda" loaded.
INFO - 2021-12-02 11:02:39 --> Session: Class initialized using 'CodeIgniter\Session\Handlers\FileHandler' driver.
INFO - 2021-12-02 11:02:39 --> Controller "App\Controllers\base\Order" loaded.
INFO - 2021-12-02 11:09:28 --> Controller "App\Controllers\base\Beranda" loaded.
INFO - 2021-12-02 11:10:02 --> Controller "App\Controllers\base\Beranda" loaded.
INFO - 2021-12-02 11:20:03 --> Controller "App\Controllers\base\Beranda" loaded.
INFO - 2021-12-02 11:30:02 --> Controller "App\Controllers\base\Beranda" loaded.
INFO - 2021-12-02 11:33:25 --> Controller "App\Controllers\base\Beranda" loaded.
INFO - 2021-12-02 11:33:28 --> Controller "App\Controllers\base\Beranda" loaded.
INFO - 2021-12-02 11:40:03 --> Controller "App\Controllers\base\Beranda" loaded.
INFO - 2021-12-02 11:50:03 --> Controller "App\Controllers\base\Beranda" loaded.
INFO - 2021-12-02 12:00:03 --> Controller "App\Controllers\base\Beranda" loaded.
INFO - 2021-12-02 12:10:02 --> Controller "App\Controllers\base\Beranda" loaded.
INFO - 2021-12-02 12:20:02 --> Controller "App\Controllers\base\Beranda" loaded.
INFO - 2021-12-02 12:30:03 --> Controller "App\Controllers\base\Beranda" loaded.
INFO - 2021-12-02 12:40:02 --> Controller "App\Controllers\base\Beranda" loaded.
INFO - 2021-12-02 12:50:03 --> Controller "App\Controllers\base\Beranda" loaded.
INFO - 2021-12-02 13:00:03 --> Controller "App\Controllers\base\Beranda" loaded.
INFO - 2021-12-02 13:10:02 --> Controller "App\Controllers\base\Beranda" loaded.
INFO - 2021-12-02 13:20:03 --> Controller "App\Controllers\base\Beranda" loaded.
INFO - 2021-12-02 13:30:02 --> Controller "App\Controllers\base\Beranda" loaded.
INFO - 2021-12-02 13:40:03 --> Controller "App\Controllers\base\Beranda" loaded.
INFO - 2021-12-02 13:50:02 --> Controller "App\Controllers\base\Beranda" loaded.
INFO - 2021-12-02 14:00:02 --> Controller "App\Controllers\base\Beranda" loaded.
INFO - 2021-12-02 14:10:02 --> Controller "App\Controllers\base\Beranda" loaded.
INFO - 2021-12-02 14:20:02 --> Controller "App\Controllers\base\Beranda" loaded.
INFO - 2021-12-02 14:30:02 --> Controller "App\Controllers\base\Beranda" loaded.
INFO - 2021-12-02 14:40:02 --> Controller "App\Controllers\base\Beranda" loaded.
INFO - 2021-12-02 14:50:02 --> Controller "App\Controllers\base\Beranda" loaded.
INFO - 2021-12-02 15:00:03 --> Controller "App\Controllers\base\Beranda" loaded.
INFO - 2021-12-02 15:10:02 --> Controller "App\Controllers\base\Beranda" loaded.
INFO - 2021-12-02 21:40:02 --> Controller "App\Controllers\base\Beranda" loaded.
INFO - 2021-12-02 21:50:02 --> Controller "App\Controllers\base\Beranda" loaded.
INFO - 2021-12-02 22:00:02 --> Controller "App\Controllers\base\Beranda" loaded.
INFO - 2021-12-02 22:10:02 --> Controller "App\Controllers\base\Beranda" loaded.
INFO - 2021-12-02 22:20:06 --> Controller "App\Controllers\base\Beranda" loaded.
INFO - 2021-12-02 22:30:02 --> Controller "App\Controllers\base\Beranda" loaded.
INFO - 2021-12-02 22:40:03 --> Controller "App\Controllers\base\Beranda" loaded.
INFO - 2021-12-02 22:45:52 --> Controller "App\Controllers\base\Beranda" loaded.
INFO - 2021-12-02 22:46:06 --> Session: Class initialized using 'CodeIgniter\Session\Handlers\FileHandler' driver.
INFO - 2021-12-02 22:46:06 --> Controller "App\Controllers\undangan\Undangan" loaded.
INFO - 2021-12-02 22:47:28 --> Session: Class initialized using 'CodeIgniter\Session\Handlers\FileHandler' driver.
INFO - 2021-12-02 22:47:28 --> Controller "App\Controllers\bukutamu\Bukutamu" loaded.
INFO - 2021-12-02 23:30:36 --> Controller "App\Controllers\base\Beranda" loaded.
