INFO - 2021-07-30 00:33:20 --> Controller "App\Controllers\base\Beranda" loaded.
INFO - 2021-07-30 00:39:44 --> Controller "App\Controllers\base\Beranda" loaded.
INFO - 2021-07-30 00:39:49 --> Controller "App\Controllers\base\Beranda" loaded.
INFO - 2021-07-30 01:55:17 --> Controller "App\Controllers\base\Beranda" loaded.
INFO - 2021-07-30 02:15:15 --> Controller "App\Controllers\base\Beranda" loaded.
INFO - 2021-07-30 02:15:36 --> Session: Class initialized using 'CodeIgniter\Session\Handlers\FileHandler' driver.
INFO - 2021-07-30 02:15:36 --> Controller "App\Controllers\base\Order" loaded.
INFO - 2021-07-30 02:15:38 --> Controller "App\Controllers\base\Beranda" loaded.
INFO - 2021-07-30 02:16:02 --> Controller "App\Controllers\base\Beranda" loaded.
INFO - 2021-07-30 02:16:48 --> Controller "App\Controllers\base\Beranda" loaded.
INFO - 2021-07-30 02:16:57 --> Controller "App\Controllers\base\Beranda" loaded.
INFO - 2021-07-30 02:17:20 --> Session: Class initialized using 'CodeIgniter\Session\Handlers\FileHandler' driver.
INFO - 2021-07-30 02:17:20 --> Controller "App\Controllers\base\Order" loaded.
INFO - 2021-07-30 02:17:21 --> Controller "App\Controllers\base\Beranda" loaded.
INFO - 2021-07-30 02:17:30 --> Controller "App\Controllers\base\Beranda" loaded.
INFO - 2021-07-30 02:17:39 --> Session: Class initialized using 'CodeIgniter\Session\Handlers\FileHandler' driver.
INFO - 2021-07-30 02:17:39 --> Controller "App\Controllers\undangan\Undangan" loaded.
INFO - 2021-07-30 02:18:30 --> Session: Class initialized using 'CodeIgniter\Session\Handlers\FileHandler' driver.
INFO - 2021-07-30 02:18:30 --> Controller "App\Controllers\bukutamu\Bukutamu" loaded.
INFO - 2021-07-30 02:18:33 --> Controller "App\Controllers\base\Beranda" loaded.
INFO - 2021-07-30 02:18:35 --> Session: Class initialized using 'CodeIgniter\Session\Handlers\FileHandler' driver.
INFO - 2021-07-30 02:18:35 --> Controller "App\Controllers\bukutamu\Bukutamu" loaded.
INFO - 2021-07-30 03:11:03 --> Session: Class initialized using 'CodeIgniter\Session\Handlers\FileHandler' driver.
INFO - 2021-07-30 03:11:03 --> Controller "App\Controllers\undangan\Undangan" loaded.
INFO - 2021-07-30 05:21:49 --> Controller "App\Controllers\base\Beranda" loaded.
INFO - 2021-07-30 05:21:54 --> Controller "App\Controllers\base\Beranda" loaded.
INFO - 2021-07-30 05:22:01 --> Session: Class initialized using 'CodeIgniter\Session\Handlers\FileHandler' driver.
INFO - 2021-07-30 05:22:01 --> Controller "App\Controllers\base\Order" loaded.
INFO - 2021-07-30 05:22:10 --> Session: Class initialized using 'CodeIgniter\Session\Handlers\FileHandler' driver.
INFO - 2021-07-30 05:22:10 --> Controller "App\Controllers\base\Order" loaded.
INFO - 2021-07-30 05:22:21 --> Session: Class initialized using 'CodeIgniter\Session\Handlers\FileHandler' driver.
INFO - 2021-07-30 05:22:21 --> Controller "App\Controllers\base\Order" loaded.
INFO - 2021-07-30 05:38:21 --> Session: Class initialized using 'CodeIgniter\Session\Handlers\FileHandler' driver.
INFO - 2021-07-30 05:38:21 --> Controller "App\Controllers\undangan\Undangan" loaded.
INFO - 2021-07-30 06:47:13 --> Controller "App\Controllers\base\Beranda" loaded.
INFO - 2021-07-30 07:00:03 --> Controller "App\Controllers\base\Beranda" loaded.
INFO - 2021-07-30 08:28:17 --> Controller "App\Controllers\base\Beranda" loaded.
INFO - 2021-07-30 08:29:32 --> Controller "App\Controllers\base\Beranda" loaded.
INFO - 2021-07-30 08:40:18 --> Controller "App\Controllers\base\Beranda" loaded.
INFO - 2021-07-30 08:40:54 --> Controller "App\Controllers\base\Beranda" loaded.
INFO - 2021-07-30 09:33:07 --> Controller "App\Controllers\base\Beranda" loaded.
INFO - 2021-07-30 09:33:33 --> Controller "App\Controllers\base\Beranda" loaded.
INFO - 2021-07-30 09:34:31 --> Controller "App\Controllers\base\Beranda" loaded.
INFO - 2021-07-30 09:36:50 --> Controller "App\Controllers\base\Beranda" loaded.
INFO - 2021-07-30 09:37:31 --> Session: Class initialized using 'CodeIgniter\Session\Handlers\FileHandler' driver.
INFO - 2021-07-30 09:37:31 --> Controller "App\Controllers\bukutamu\Bukutamu" loaded.
INFO - 2021-07-30 09:51:32 --> Controller "App\Controllers\base\Beranda" loaded.
INFO - 2021-07-30 09:54:44 --> Controller "App\Controllers\base\Beranda" loaded.
INFO - 2021-07-30 09:55:01 --> Controller "App\Controllers\base\Beranda" loaded.
INFO - 2021-07-30 09:57:11 --> Controller "App\Controllers\base\Beranda" loaded.
INFO - 2021-07-30 10:21:02 --> Controller "App\Controllers\base\Beranda" loaded.
INFO - 2021-07-30 10:21:48 --> Controller "App\Controllers\base\Beranda" loaded.
INFO - 2021-07-30 10:21:49 --> Controller "App\Controllers\base\Beranda" loaded.
INFO - 2021-07-30 10:22:02 --> Controller "App\Controllers\base\Beranda" loaded.
INFO - 2021-07-30 10:22:39 --> Controller "App\Controllers\base\Beranda" loaded.
INFO - 2021-07-30 10:22:56 --> Controller "App\Controllers\base\Beranda" loaded.
INFO - 2021-07-30 10:27:37 --> Controller "App\Controllers\base\Beranda" loaded.
INFO - 2021-07-30 10:27:51 --> Controller "App\Controllers\base\Beranda" loaded.
INFO - 2021-07-30 10:42:14 --> Session: Class initialized using 'CodeIgniter\Session\Handlers\FileHandler' driver.
INFO - 2021-07-30 10:42:14 --> Controller "App\Controllers\bukutamu\Bukutamu" loaded.
INFO - 2021-07-30 11:24:26 --> Session: Class initialized using 'CodeIgniter\Session\Handlers\FileHandler' driver.
INFO - 2021-07-30 11:24:26 --> Controller "App\Controllers\undangan\Undangan" loaded.
INFO - 2021-07-30 14:11:09 --> Controller "App\Controllers\base\Beranda" loaded.
INFO - 2021-07-30 14:13:27 --> Controller "App\Controllers\base\Beranda" loaded.
INFO - 2021-07-30 14:13:30 --> Controller "App\Controllers\base\Beranda" loaded.
INFO - 2021-07-30 16:32:05 --> Controller "App\Controllers\base\Beranda" loaded.
INFO - 2021-07-30 17:41:17 --> Session: Class initialized using 'CodeIgniter\Session\Handlers\FileHandler' driver.
INFO - 2021-07-30 17:41:17 --> Controller "App\Controllers\undangan\Undangan" loaded.
INFO - 2021-07-30 17:41:19 --> Session: Class initialized using 'CodeIgniter\Session\Handlers\FileHandler' driver.
INFO - 2021-07-30 17:41:19 --> Controller "App\Controllers\undangan\Undangan" loaded.
INFO - 2021-07-30 17:41:22 --> Session: Class initialized using 'CodeIgniter\Session\Handlers\FileHandler' driver.
INFO - 2021-07-30 17:41:22 --> Controller "App\Controllers\undangan\Undangan" loaded.
INFO - 2021-07-30 17:41:24 --> Session: Class initialized using 'CodeIgniter\Session\Handlers\FileHandler' driver.
INFO - 2021-07-30 17:41:24 --> Controller "App\Controllers\undangan\Undangan" loaded.
INFO - 2021-07-30 17:41:26 --> Controller "App\Controllers\base\Beranda" loaded.
INFO - 2021-07-30 17:41:38 --> Session: Class initialized using 'CodeIgniter\Session\Handlers\FileHandler' driver.
INFO - 2021-07-30 17:41:38 --> Controller "App\Controllers\undangan\Undangan" loaded.
INFO - 2021-07-30 18:09:48 --> Session: Class initialized using 'CodeIgniter\Session\Handlers\FileHandler' driver.
INFO - 2021-07-30 18:09:48 --> Controller "App\Controllers\undangan\Undangan" loaded.
INFO - 2021-07-30 18:10:37 --> Session: Class initialized using 'CodeIgniter\Session\Handlers\FileHandler' driver.
INFO - 2021-07-30 18:10:37 --> Controller "App\Controllers\undangan\Undangan" loaded.
INFO - 2021-07-30 18:11:18 --> Controller "App\Controllers\base\Beranda" loaded.
INFO - 2021-07-30 18:12:07 --> Controller "App\Controllers\base\Beranda" loaded.
INFO - 2021-07-30 18:12:13 --> Session: Class initialized using 'CodeIgniter\Session\Handlers\FileHandler' driver.
INFO - 2021-07-30 18:12:13 --> Controller "App\Controllers\base\Order" loaded.
INFO - 2021-07-30 18:12:14 --> Controller "App\Controllers\base\Beranda" loaded.
INFO - 2021-07-30 18:12:33 --> Controller "App\Controllers\base\Beranda" loaded.
INFO - 2021-07-30 18:12:36 --> Controller "App\Controllers\base\Beranda" loaded.
INFO - 2021-07-30 18:12:38 --> Controller "App\Controllers\base\Beranda" loaded.
INFO - 2021-07-30 18:18:58 --> Controller "App\Controllers\base\Beranda" loaded.
INFO - 2021-07-30 18:19:40 --> Controller "App\Controllers\base\Beranda" loaded.
INFO - 2021-07-30 18:24:14 --> Controller "App\Controllers\base\Beranda" loaded.
INFO - 2021-07-30 18:24:55 --> Session: Class initialized using 'CodeIgniter\Session\Handlers\FileHandler' driver.
INFO - 2021-07-30 18:24:55 --> Controller "App\Controllers\undangan\Undangan" loaded.
INFO - 2021-07-30 18:56:26 --> Session: Class initialized using 'CodeIgniter\Session\Handlers\FileHandler' driver.
INFO - 2021-07-30 18:56:26 --> Controller "App\Controllers\undangan\Undangan" loaded.
INFO - 2021-07-30 19:10:04 --> Controller "App\Controllers\base\Beranda" loaded.
INFO - 2021-07-30 19:58:25 --> Controller "App\Controllers\base\Beranda" loaded.
INFO - 2021-07-30 20:27:39 --> Controller "App\Controllers\base\Beranda" loaded.
INFO - 2021-07-30 20:30:56 --> Controller "App\Controllers\base\Beranda" loaded.
INFO - 2021-07-30 20:32:55 --> Controller "App\Controllers\base\Beranda" loaded.
INFO - 2021-07-30 20:34:57 --> Controller "App\Controllers\base\Beranda" loaded.
INFO - 2021-07-30 20:34:57 --> Controller "App\Controllers\base\Beranda" loaded.
INFO - 2021-07-30 20:34:58 --> Controller "App\Controllers\base\Beranda" loaded.
INFO - 2021-07-30 21:06:29 --> Session: Class initialized using 'CodeIgniter\Session\Handlers\FileHandler' driver.
INFO - 2021-07-30 21:06:29 --> Controller "App\Controllers\undangan\Undangan" loaded.
INFO - 2021-07-30 21:25:12 --> Controller "App\Controllers\base\Beranda" loaded.
INFO - 2021-07-30 23:04:22 --> Controller "App\Controllers\base\Beranda" loaded.
INFO - 2021-07-30 23:04:22 --> Controller "App\Controllers\base\Beranda" loaded.
INFO - 2021-07-30 23:04:31 --> Controller "App\Controllers\base\Beranda" loaded.
INFO - 2021-07-30 23:06:04 --> Controller "App\Controllers\base\Beranda" loaded.
INFO - 2021-07-30 23:32:46 --> Session: Class initialized using 'CodeIgniter\Session\Handlers\FileHandler' driver.
INFO - 2021-07-30 23:32:46 --> Controller "App\Controllers\undangan\Undangan" loaded.
