INFO - 2021-12-16 01:18:51 --> Session: Class initialized using 'CodeIgniter\Session\Handlers\FileHandler' driver.
INFO - 2021-12-16 01:18:51 --> Controller "App\Controllers\base\Order" loaded.
INFO - 2021-12-16 02:27:39 --> Session: Class initialized using 'CodeIgniter\Session\Handlers\FileHandler' driver.
INFO - 2021-12-16 02:27:39 --> Controller "App\Controllers\admin\Admin" loaded.
INFO - 2021-12-16 02:27:40 --> Session: Class initialized using 'CodeIgniter\Session\Handlers\FileHandler' driver.
INFO - 2021-12-16 02:27:40 --> Controller "App\Controllers\admin\Admin" loaded.
INFO - 2021-12-16 02:49:10 --> Controller "App\Controllers\base\Beranda" loaded.
INFO - 2021-12-16 02:49:10 --> Controller "App\Controllers\base\Beranda" loaded.
INFO - 2021-12-16 02:49:11 --> Controller "App\Controllers\base\Beranda" loaded.
INFO - 2021-12-16 02:49:11 --> Controller "App\Controllers\base\Beranda" loaded.
INFO - 2021-12-16 04:11:04 --> Session: Class initialized using 'CodeIgniter\Session\Handlers\FileHandler' driver.
INFO - 2021-12-16 04:11:04 --> Controller "App\Controllers\bukutamu\Bukutamu" loaded.
INFO - 2021-12-16 04:11:06 --> Session: Class initialized using 'CodeIgniter\Session\Handlers\FileHandler' driver.
INFO - 2021-12-16 04:11:06 --> Controller "App\Controllers\bukutamu\Bukutamu" loaded.
INFO - 2021-12-16 04:11:06 --> Session: Class initialized using 'CodeIgniter\Session\Handlers\FileHandler' driver.
INFO - 2021-12-16 04:11:06 --> Controller "App\Controllers\bukutamu\Bukutamu" loaded.
INFO - 2021-12-16 04:11:06 --> Session: Class initialized using 'CodeIgniter\Session\Handlers\FileHandler' driver.
INFO - 2021-12-16 04:11:06 --> Controller "App\Controllers\bukutamu\Bukutamu" loaded.
INFO - 2021-12-16 04:11:06 --> Session: Class initialized using 'CodeIgniter\Session\Handlers\FileHandler' driver.
INFO - 2021-12-16 04:11:06 --> Controller "App\Controllers\bukutamu\Bukutamu" loaded.
INFO - 2021-12-16 04:11:07 --> Session: Class initialized using 'CodeIgniter\Session\Handlers\FileHandler' driver.
INFO - 2021-12-16 04:11:07 --> Controller "App\Controllers\bukutamu\Bukutamu" loaded.
INFO - 2021-12-16 04:11:07 --> Session: Class initialized using 'CodeIgniter\Session\Handlers\FileHandler' driver.
INFO - 2021-12-16 04:11:07 --> Controller "App\Controllers\bukutamu\Bukutamu" loaded.
INFO - 2021-12-16 04:11:07 --> Session: Class initialized using 'CodeIgniter\Session\Handlers\FileHandler' driver.
INFO - 2021-12-16 04:11:07 --> Controller "App\Controllers\bukutamu\Bukutamu" loaded.
INFO - 2021-12-16 04:11:07 --> Session: Class initialized using 'CodeIgniter\Session\Handlers\FileHandler' driver.
INFO - 2021-12-16 04:11:07 --> Controller "App\Controllers\bukutamu\Bukutamu" loaded.
INFO - 2021-12-16 04:11:07 --> Session: Class initialized using 'CodeIgniter\Session\Handlers\FileHandler' driver.
INFO - 2021-12-16 04:11:07 --> Controller "App\Controllers\bukutamu\Bukutamu" loaded.
INFO - 2021-12-16 04:11:08 --> Session: Class initialized using 'CodeIgniter\Session\Handlers\FileHandler' driver.
INFO - 2021-12-16 04:11:08 --> Controller "App\Controllers\bukutamu\Bukutamu" loaded.
INFO - 2021-12-16 04:11:08 --> Session: Class initialized using 'CodeIgniter\Session\Handlers\FileHandler' driver.
INFO - 2021-12-16 04:11:08 --> Controller "App\Controllers\bukutamu\Bukutamu" loaded.
INFO - 2021-12-16 04:11:08 --> Session: Class initialized using 'CodeIgniter\Session\Handlers\FileHandler' driver.
INFO - 2021-12-16 04:11:08 --> Controller "App\Controllers\bukutamu\Bukutamu" loaded.
INFO - 2021-12-16 04:11:08 --> Session: Class initialized using 'CodeIgniter\Session\Handlers\FileHandler' driver.
INFO - 2021-12-16 04:11:08 --> Controller "App\Controllers\bukutamu\Bukutamu" loaded.
INFO - 2021-12-16 04:11:09 --> Session: Class initialized using 'CodeIgniter\Session\Handlers\FileHandler' driver.
INFO - 2021-12-16 04:11:09 --> Controller "App\Controllers\bukutamu\Bukutamu" loaded.
INFO - 2021-12-16 04:11:09 --> Session: Class initialized using 'CodeIgniter\Session\Handlers\FileHandler' driver.
INFO - 2021-12-16 04:11:09 --> Controller "App\Controllers\bukutamu\Bukutamu" loaded.
INFO - 2021-12-16 04:11:09 --> Session: Class initialized using 'CodeIgniter\Session\Handlers\FileHandler' driver.
INFO - 2021-12-16 04:11:09 --> Controller "App\Controllers\bukutamu\Bukutamu" loaded.
INFO - 2021-12-16 04:11:09 --> Session: Class initialized using 'CodeIgniter\Session\Handlers\FileHandler' driver.
INFO - 2021-12-16 04:11:09 --> Controller "App\Controllers\bukutamu\Bukutamu" loaded.
INFO - 2021-12-16 04:11:10 --> Session: Class initialized using 'CodeIgniter\Session\Handlers\FileHandler' driver.
INFO - 2021-12-16 04:11:10 --> Controller "App\Controllers\bukutamu\Bukutamu" loaded.
INFO - 2021-12-16 04:45:03 --> Controller "App\Controllers\base\Beranda" loaded.
INFO - 2021-12-16 04:45:04 --> Controller "App\Controllers\base\Beranda" loaded.
INFO - 2021-12-16 04:45:46 --> Controller "App\Controllers\base\Beranda" loaded.
INFO - 2021-12-16 04:46:09 --> Controller "App\Controllers\base\Beranda" loaded.
INFO - 2021-12-16 04:46:41 --> Controller "App\Controllers\base\Beranda" loaded.
INFO - 2021-12-16 04:47:02 --> Controller "App\Controllers\base\Beranda" loaded.
INFO - 2021-12-16 04:47:41 --> Controller "App\Controllers\base\Beranda" loaded.
INFO - 2021-12-16 04:47:49 --> Controller "App\Controllers\base\Beranda" loaded.
INFO - 2021-12-16 05:14:32 --> Controller "App\Controllers\base\Beranda" loaded.
INFO - 2021-12-16 05:23:12 --> Session: Class initialized using 'CodeIgniter\Session\Handlers\FileHandler' driver.
INFO - 2021-12-16 05:23:12 --> Controller "App\Controllers\base\Order" loaded.
INFO - 2021-12-16 05:51:02 --> Session: Class initialized using 'CodeIgniter\Session\Handlers\FileHandler' driver.
INFO - 2021-12-16 05:51:02 --> Controller "App\Controllers\undangan\Undangan" loaded.
INFO - 2021-12-16 06:11:21 --> Session: Class initialized using 'CodeIgniter\Session\Handlers\FileHandler' driver.
INFO - 2021-12-16 06:11:21 --> Controller "App\Controllers\undangan\Undangan" loaded.
INFO - 2021-12-16 06:12:17 --> Controller "App\Controllers\base\Beranda" loaded.
INFO - 2021-12-16 06:12:32 --> Session: Class initialized using 'CodeIgniter\Session\Handlers\FileHandler' driver.
INFO - 2021-12-16 06:12:32 --> Controller "App\Controllers\bukutamu\Bukutamu" loaded.
INFO - 2021-12-16 07:00:03 --> Controller "App\Controllers\base\Beranda" loaded.
INFO - 2021-12-16 07:10:03 --> Controller "App\Controllers\base\Beranda" loaded.
INFO - 2021-12-16 07:20:03 --> Controller "App\Controllers\base\Beranda" loaded.
INFO - 2021-12-16 07:30:03 --> Controller "App\Controllers\base\Beranda" loaded.
INFO - 2021-12-16 07:40:03 --> Controller "App\Controllers\base\Beranda" loaded.
INFO - 2021-12-16 07:50:03 --> Controller "App\Controllers\base\Beranda" loaded.
INFO - 2021-12-16 08:00:03 --> Controller "App\Controllers\base\Beranda" loaded.
INFO - 2021-12-16 08:10:03 --> Controller "App\Controllers\base\Beranda" loaded.
INFO - 2021-12-16 08:12:46 --> Controller "App\Controllers\base\Beranda" loaded.
INFO - 2021-12-16 08:19:59 --> Controller "App\Controllers\base\Beranda" loaded.
INFO - 2021-12-16 08:20:02 --> Controller "App\Controllers\base\Beranda" loaded.
INFO - 2021-12-16 08:26:54 --> Controller "App\Controllers\base\Beranda" loaded.
INFO - 2021-12-16 08:26:56 --> Controller "App\Controllers\base\Beranda" loaded.
INFO - 2021-12-16 08:30:03 --> Controller "App\Controllers\base\Beranda" loaded.
INFO - 2021-12-16 08:40:03 --> Controller "App\Controllers\base\Beranda" loaded.
INFO - 2021-12-16 08:50:02 --> Controller "App\Controllers\base\Beranda" loaded.
INFO - 2021-12-16 09:00:03 --> Controller "App\Controllers\base\Beranda" loaded.
INFO - 2021-12-16 09:01:56 --> Controller "App\Controllers\base\Beranda" loaded.
INFO - 2021-12-16 09:10:03 --> Controller "App\Controllers\base\Beranda" loaded.
INFO - 2021-12-16 09:20:02 --> Controller "App\Controllers\base\Beranda" loaded.
INFO - 2021-12-16 09:30:03 --> Controller "App\Controllers\base\Beranda" loaded.
INFO - 2021-12-16 09:40:03 --> Controller "App\Controllers\base\Beranda" loaded.
INFO - 2021-12-16 09:50:02 --> Controller "App\Controllers\base\Beranda" loaded.
INFO - 2021-12-16 10:00:03 --> Controller "App\Controllers\base\Beranda" loaded.
INFO - 2021-12-16 10:10:03 --> Controller "App\Controllers\base\Beranda" loaded.
INFO - 2021-12-16 10:13:02 --> Session: Class initialized using 'CodeIgniter\Session\Handlers\FileHandler' driver.
INFO - 2021-12-16 10:13:02 --> Controller "App\Controllers\admin\Admin" loaded.
INFO - 2021-12-16 10:20:03 --> Controller "App\Controllers\base\Beranda" loaded.
INFO - 2021-12-16 10:30:03 --> Controller "App\Controllers\base\Beranda" loaded.
INFO - 2021-12-16 10:40:02 --> Controller "App\Controllers\base\Beranda" loaded.
INFO - 2021-12-16 10:48:54 --> Controller "App\Controllers\base\Beranda" loaded.
INFO - 2021-12-16 10:50:02 --> Controller "App\Controllers\base\Beranda" loaded.
INFO - 2021-12-16 11:00:02 --> Controller "App\Controllers\base\Beranda" loaded.
INFO - 2021-12-16 11:06:12 --> Controller "App\Controllers\base\Beranda" loaded.
INFO - 2021-12-16 11:06:51 --> Controller "App\Controllers\base\Beranda" loaded.
INFO - 2021-12-16 11:07:16 --> Controller "App\Controllers\base\Beranda" loaded.
INFO - 2021-12-16 11:10:03 --> Controller "App\Controllers\base\Beranda" loaded.
INFO - 2021-12-16 11:11:42 --> Controller "App\Controllers\base\Beranda" loaded.
INFO - 2021-12-16 11:20:03 --> Controller "App\Controllers\base\Beranda" loaded.
INFO - 2021-12-16 11:30:02 --> Controller "App\Controllers\base\Beranda" loaded.
INFO - 2021-12-16 11:40:02 --> Controller "App\Controllers\base\Beranda" loaded.
INFO - 2021-12-16 11:50:02 --> Controller "App\Controllers\base\Beranda" loaded.
INFO - 2021-12-16 12:00:03 --> Controller "App\Controllers\base\Beranda" loaded.
INFO - 2021-12-16 12:10:02 --> Controller "App\Controllers\base\Beranda" loaded.
INFO - 2021-12-16 12:20:02 --> Controller "App\Controllers\base\Beranda" loaded.
INFO - 2021-12-16 12:30:02 --> Controller "App\Controllers\base\Beranda" loaded.
INFO - 2021-12-16 12:40:03 --> Controller "App\Controllers\base\Beranda" loaded.
INFO - 2021-12-16 12:44:21 --> Session: Class initialized using 'CodeIgniter\Session\Handlers\FileHandler' driver.
INFO - 2021-12-16 12:44:21 --> Controller "App\Controllers\undangan\Undangan" loaded.
INFO - 2021-12-16 12:50:03 --> Controller "App\Controllers\base\Beranda" loaded.
INFO - 2021-12-16 13:00:02 --> Controller "App\Controllers\base\Beranda" loaded.
INFO - 2021-12-16 13:10:03 --> Controller "App\Controllers\base\Beranda" loaded.
INFO - 2021-12-16 13:20:02 --> Controller "App\Controllers\base\Beranda" loaded.
INFO - 2021-12-16 13:30:02 --> Controller "App\Controllers\base\Beranda" loaded.
INFO - 2021-12-16 13:40:03 --> Controller "App\Controllers\base\Beranda" loaded.
INFO - 2021-12-16 13:40:03 --> Controller "App\Controllers\base\Beranda" loaded.
INFO - 2021-12-16 13:42:53 --> Controller "App\Controllers\base\Beranda" loaded.
INFO - 2021-12-16 13:43:01 --> Controller "App\Controllers\base\Beranda" loaded.
INFO - 2021-12-16 13:43:12 --> Controller "App\Controllers\base\Beranda" loaded.
INFO - 2021-12-16 13:43:25 --> Controller "App\Controllers\base\Beranda" loaded.
INFO - 2021-12-16 13:43:54 --> Controller "App\Controllers\base\Beranda" loaded.
INFO - 2021-12-16 13:44:11 --> Controller "App\Controllers\base\Beranda" loaded.
INFO - 2021-12-16 13:44:24 --> Controller "App\Controllers\base\Beranda" loaded.
INFO - 2021-12-16 13:44:24 --> Controller "App\Controllers\base\Beranda" loaded.
INFO - 2021-12-16 13:44:24 --> Controller "App\Controllers\base\Beranda" loaded.
INFO - 2021-12-16 13:45:21 --> Controller "App\Controllers\base\Beranda" loaded.
INFO - 2021-12-16 13:46:32 --> Controller "App\Controllers\base\Beranda" loaded.
INFO - 2021-12-16 13:50:03 --> Controller "App\Controllers\base\Beranda" loaded.
INFO - 2021-12-16 14:00:03 --> Controller "App\Controllers\base\Beranda" loaded.
INFO - 2021-12-16 14:10:02 --> Controller "App\Controllers\base\Beranda" loaded.
INFO - 2021-12-16 14:20:03 --> Controller "App\Controllers\base\Beranda" loaded.
INFO - 2021-12-16 14:30:03 --> Controller "App\Controllers\base\Beranda" loaded.
INFO - 2021-12-16 14:40:02 --> Controller "App\Controllers\base\Beranda" loaded.
INFO - 2021-12-16 14:50:03 --> Controller "App\Controllers\base\Beranda" loaded.
INFO - 2021-12-16 15:00:03 --> Controller "App\Controllers\base\Beranda" loaded.
INFO - 2021-12-16 15:10:03 --> Controller "App\Controllers\base\Beranda" loaded.
INFO - 2021-12-16 15:20:03 --> Controller "App\Controllers\base\Beranda" loaded.
INFO - 2021-12-16 15:24:28 --> Controller "App\Controllers\base\Beranda" loaded.
INFO - 2021-12-16 15:30:03 --> Controller "App\Controllers\base\Beranda" loaded.
INFO - 2021-12-16 15:40:03 --> Controller "App\Controllers\base\Beranda" loaded.
INFO - 2021-12-16 15:50:02 --> Controller "App\Controllers\base\Beranda" loaded.
INFO - 2021-12-16 15:57:57 --> Controller "App\Controllers\base\Beranda" loaded.
INFO - 2021-12-16 15:57:58 --> Controller "App\Controllers\base\Beranda" loaded.
INFO - 2021-12-16 15:57:59 --> Session: Class initialized using 'CodeIgniter\Session\Handlers\FileHandler' driver.
INFO - 2021-12-16 15:57:59 --> Controller "App\Controllers\base\Dashboard" loaded.
INFO - 2021-12-16 15:57:59 --> Session: Class initialized using 'CodeIgniter\Session\Handlers\FileHandler' driver.
INFO - 2021-12-16 15:57:59 --> Controller "App\Controllers\base\Order" loaded.
INFO - 2021-12-16 15:58:00 --> Controller "App\Controllers\base\Beranda" loaded.
INFO - 2021-12-16 15:58:00 --> Controller "App\Controllers\base\Beranda" loaded.
INFO - 2021-12-16 16:00:03 --> Controller "App\Controllers\base\Beranda" loaded.
INFO - 2021-12-16 16:10:03 --> Controller "App\Controllers\base\Beranda" loaded.
INFO - 2021-12-16 16:12:11 --> Session: Class initialized using 'CodeIgniter\Session\Handlers\FileHandler' driver.
INFO - 2021-12-16 16:12:11 --> Controller "App\Controllers\undangan\Undangan" loaded.
INFO - 2021-12-16 16:20:03 --> Controller "App\Controllers\base\Beranda" loaded.
INFO - 2021-12-16 16:30:02 --> Controller "App\Controllers\base\Beranda" loaded.
INFO - 2021-12-16 16:40:03 --> Controller "App\Controllers\base\Beranda" loaded.
INFO - 2021-12-16 16:50:02 --> Controller "App\Controllers\base\Beranda" loaded.
INFO - 2021-12-16 17:00:03 --> Controller "App\Controllers\base\Beranda" loaded.
INFO - 2021-12-16 17:10:02 --> Controller "App\Controllers\base\Beranda" loaded.
INFO - 2021-12-16 17:20:02 --> Controller "App\Controllers\base\Beranda" loaded.
INFO - 2021-12-16 17:24:00 --> Controller "App\Controllers\base\Beranda" loaded.
INFO - 2021-12-16 17:30:03 --> Controller "App\Controllers\base\Beranda" loaded.
INFO - 2021-12-16 17:40:03 --> Controller "App\Controllers\base\Beranda" loaded.
INFO - 2021-12-16 17:50:02 --> Controller "App\Controllers\base\Beranda" loaded.
INFO - 2021-12-16 18:00:02 --> Controller "App\Controllers\base\Beranda" loaded.
INFO - 2021-12-16 18:10:03 --> Controller "App\Controllers\base\Beranda" loaded.
INFO - 2021-12-16 18:20:03 --> Controller "App\Controllers\base\Beranda" loaded.
INFO - 2021-12-16 18:21:15 --> Controller "App\Controllers\base\Beranda" loaded.
INFO - 2021-12-16 18:21:24 --> Controller "App\Controllers\base\Beranda" loaded.
INFO - 2021-12-16 18:30:03 --> Controller "App\Controllers\base\Beranda" loaded.
INFO - 2021-12-16 18:40:03 --> Controller "App\Controllers\base\Beranda" loaded.
INFO - 2021-12-16 18:47:56 --> Controller "App\Controllers\base\Beranda" loaded.
INFO - 2021-12-16 18:50:03 --> Controller "App\Controllers\base\Beranda" loaded.
INFO - 2021-12-16 19:00:03 --> Controller "App\Controllers\base\Beranda" loaded.
INFO - 2021-12-16 19:10:02 --> Controller "App\Controllers\base\Beranda" loaded.
INFO - 2021-12-16 19:20:03 --> Controller "App\Controllers\base\Beranda" loaded.
INFO - 2021-12-16 19:30:03 --> Controller "App\Controllers\base\Beranda" loaded.
INFO - 2021-12-16 19:40:03 --> Controller "App\Controllers\base\Beranda" loaded.
INFO - 2021-12-16 19:50:02 --> Controller "App\Controllers\base\Beranda" loaded.
INFO - 2021-12-16 20:00:03 --> Controller "App\Controllers\base\Beranda" loaded.
INFO - 2021-12-16 20:10:02 --> Controller "App\Controllers\base\Beranda" loaded.
INFO - 2021-12-16 20:15:18 --> Controller "App\Controllers\base\Beranda" loaded.
INFO - 2021-12-16 20:20:03 --> Controller "App\Controllers\base\Beranda" loaded.
INFO - 2021-12-16 20:30:03 --> Controller "App\Controllers\base\Beranda" loaded.
INFO - 2021-12-16 20:40:02 --> Controller "App\Controllers\base\Beranda" loaded.
INFO - 2021-12-16 20:50:03 --> Controller "App\Controllers\base\Beranda" loaded.
INFO - 2021-12-16 21:00:03 --> Controller "App\Controllers\base\Beranda" loaded.
INFO - 2021-12-16 21:03:05 --> Controller "App\Controllers\base\Beranda" loaded.
INFO - 2021-12-16 21:05:54 --> Session: Class initialized using 'CodeIgniter\Session\Handlers\FileHandler' driver.
INFO - 2021-12-16 21:05:54 --> Controller "App\Controllers\undangan\Undangan" loaded.
INFO - 2021-12-16 21:10:03 --> Controller "App\Controllers\base\Beranda" loaded.
INFO - 2021-12-16 21:12:55 --> Controller "App\Controllers\base\Beranda" loaded.
INFO - 2021-12-16 21:15:38 --> Controller "App\Controllers\base\Beranda" loaded.
INFO - 2021-12-16 21:15:39 --> Controller "App\Controllers\base\Beranda" loaded.
INFO - 2021-12-16 21:15:39 --> Session: Class initialized using 'CodeIgniter\Session\Handlers\FileHandler' driver.
INFO - 2021-12-16 21:15:39 --> Controller "App\Controllers\base\Dashboard" loaded.
INFO - 2021-12-16 21:15:39 --> Session: Class initialized using 'CodeIgniter\Session\Handlers\FileHandler' driver.
INFO - 2021-12-16 21:15:39 --> Controller "App\Controllers\base\Order" loaded.
INFO - 2021-12-16 21:15:40 --> Controller "App\Controllers\base\Beranda" loaded.
INFO - 2021-12-16 21:15:40 --> Controller "App\Controllers\base\Beranda" loaded.
INFO - 2021-12-16 21:20:02 --> Controller "App\Controllers\base\Beranda" loaded.
INFO - 2021-12-16 21:30:03 --> Controller "App\Controllers\base\Beranda" loaded.
INFO - 2021-12-16 21:40:03 --> Controller "App\Controllers\base\Beranda" loaded.
INFO - 2021-12-16 21:50:03 --> Controller "App\Controllers\base\Beranda" loaded.
INFO - 2021-12-16 22:00:02 --> Controller "App\Controllers\base\Beranda" loaded.
INFO - 2021-12-16 22:10:03 --> Controller "App\Controllers\base\Beranda" loaded.
INFO - 2021-12-16 22:20:03 --> Controller "App\Controllers\base\Beranda" loaded.
INFO - 2021-12-16 22:30:03 --> Controller "App\Controllers\base\Beranda" loaded.
INFO - 2021-12-16 22:40:03 --> Controller "App\Controllers\base\Beranda" loaded.
INFO - 2021-12-16 22:50:02 --> Controller "App\Controllers\base\Beranda" loaded.
INFO - 2021-12-16 23:37:16 --> Controller "App\Controllers\base\Beranda" loaded.
