INFO - 2021-09-28 00:58:16 --> Controller "App\Controllers\base\Beranda" loaded.
INFO - 2021-09-28 02:09:35 --> Controller "App\Controllers\base\Beranda" loaded.
INFO - 2021-09-28 02:25:17 --> Controller "App\Controllers\base\Beranda" loaded.
INFO - 2021-09-28 02:25:44 --> Controller "App\Controllers\base\Beranda" loaded.
INFO - 2021-09-28 02:26:44 --> Controller "App\Controllers\base\Beranda" loaded.
INFO - 2021-09-28 02:26:47 --> Controller "App\Controllers\base\Beranda" loaded.
INFO - 2021-09-28 02:27:16 --> Session: Class initialized using 'CodeIgniter\Session\Handlers\FileHandler' driver.
INFO - 2021-09-28 02:27:16 --> Controller "App\Controllers\base\Order" loaded.
INFO - 2021-09-28 02:27:16 --> Controller "App\Controllers\base\Beranda" loaded.
INFO - 2021-09-28 02:27:24 --> Session: Class initialized using 'CodeIgniter\Session\Handlers\FileHandler' driver.
INFO - 2021-09-28 02:27:24 --> Controller "App\Controllers\base\Order" loaded.
INFO - 2021-09-28 02:28:02 --> Controller "App\Controllers\base\Beranda" loaded.
INFO - 2021-09-28 02:28:31 --> Controller "App\Controllers\base\Beranda" loaded.
INFO - 2021-09-28 02:42:48 --> Controller "App\Controllers\base\Beranda" loaded.
INFO - 2021-09-28 02:42:51 --> Controller "App\Controllers\base\Beranda" loaded.
INFO - 2021-09-28 02:42:53 --> Controller "App\Controllers\base\Beranda" loaded.
INFO - 2021-09-28 02:42:55 --> Controller "App\Controllers\base\Beranda" loaded.
INFO - 2021-09-28 02:42:57 --> Controller "App\Controllers\base\Beranda" loaded.
INFO - 2021-09-28 02:43:01 --> Controller "App\Controllers\base\Beranda" loaded.
INFO - 2021-09-28 02:43:02 --> Controller "App\Controllers\base\Beranda" loaded.
INFO - 2021-09-28 02:43:05 --> Session: Class initialized using 'CodeIgniter\Session\Handlers\FileHandler' driver.
INFO - 2021-09-28 02:43:05 --> Controller "App\Controllers\base\Dashboard" loaded.
INFO - 2021-09-28 02:43:15 --> Session: Class initialized using 'CodeIgniter\Session\Handlers\FileHandler' driver.
INFO - 2021-09-28 02:43:15 --> Controller "App\Controllers\base\Order" loaded.
INFO - 2021-09-28 02:43:15 --> Controller "App\Controllers\base\Beranda" loaded.
INFO - 2021-09-28 02:43:18 --> Session: Class initialized using 'CodeIgniter\Session\Handlers\FileHandler' driver.
INFO - 2021-09-28 02:43:18 --> Controller "App\Controllers\base\Order" loaded.
INFO - 2021-09-28 02:43:20 --> Session: Class initialized using 'CodeIgniter\Session\Handlers\FileHandler' driver.
INFO - 2021-09-28 02:43:20 --> Controller "App\Controllers\base\Order" loaded.
INFO - 2021-09-28 02:43:27 --> Session: Class initialized using 'CodeIgniter\Session\Handlers\FileHandler' driver.
INFO - 2021-09-28 02:43:27 --> Controller "App\Controllers\base\Order" loaded.
INFO - 2021-09-28 02:43:30 --> Controller "App\Controllers\base\Beranda" loaded.
INFO - 2021-09-28 04:29:04 --> Session: Class initialized using 'CodeIgniter\Session\Handlers\FileHandler' driver.
INFO - 2021-09-28 04:29:04 --> Controller "App\Controllers\undangan\Undangan" loaded.
INFO - 2021-09-28 05:52:36 --> Session: Class initialized using 'CodeIgniter\Session\Handlers\FileHandler' driver.
INFO - 2021-09-28 05:52:36 --> Controller "App\Controllers\base\Order" loaded.
INFO - 2021-09-28 05:57:49 --> Session: Class initialized using 'CodeIgniter\Session\Handlers\FileHandler' driver.
INFO - 2021-09-28 05:57:49 --> Controller "App\Controllers\bukutamu\Bukutamu" loaded.
INFO - 2021-09-28 06:35:47 --> Controller "App\Controllers\base\Beranda" loaded.
INFO - 2021-09-28 06:40:04 --> Controller "App\Controllers\base\Beranda" loaded.
INFO - 2021-09-28 07:00:02 --> Controller "App\Controllers\base\Beranda" loaded.
INFO - 2021-09-28 07:10:02 --> Controller "App\Controllers\base\Beranda" loaded.
INFO - 2021-09-28 07:20:03 --> Controller "App\Controllers\base\Beranda" loaded.
INFO - 2021-09-28 07:22:16 --> Session: Class initialized using 'CodeIgniter\Session\Handlers\FileHandler' driver.
INFO - 2021-09-28 07:22:16 --> Controller "App\Controllers\bukutamu\Bukutamu" loaded.
INFO - 2021-09-28 07:30:03 --> Controller "App\Controllers\base\Beranda" loaded.
INFO - 2021-09-28 07:32:30 --> Session: Class initialized using 'CodeIgniter\Session\Handlers\FileHandler' driver.
INFO - 2021-09-28 07:32:30 --> Controller "App\Controllers\bukutamu\Bukutamu" loaded.
INFO - 2021-09-28 07:40:02 --> Controller "App\Controllers\base\Beranda" loaded.
INFO - 2021-09-28 07:50:02 --> Controller "App\Controllers\base\Beranda" loaded.
INFO - 2021-09-28 08:00:03 --> Controller "App\Controllers\base\Beranda" loaded.
INFO - 2021-09-28 08:02:25 --> Controller "App\Controllers\base\Beranda" loaded.
INFO - 2021-09-28 08:10:03 --> Controller "App\Controllers\base\Beranda" loaded.
INFO - 2021-09-28 08:20:02 --> Controller "App\Controllers\base\Beranda" loaded.
INFO - 2021-09-28 08:29:22 --> Controller "App\Controllers\base\Beranda" loaded.
INFO - 2021-09-28 08:30:03 --> Controller "App\Controllers\base\Beranda" loaded.
INFO - 2021-09-28 08:36:16 --> Session: Class initialized using 'CodeIgniter\Session\Handlers\FileHandler' driver.
INFO - 2021-09-28 08:36:16 --> Controller "App\Controllers\undangan\Undangan" loaded.
INFO - 2021-09-28 08:40:02 --> Controller "App\Controllers\base\Beranda" loaded.
INFO - 2021-09-28 08:42:25 --> Controller "App\Controllers\base\Beranda" loaded.
INFO - 2021-09-28 08:42:26 --> Controller "App\Controllers\base\Beranda" loaded.
INFO - 2021-09-28 08:50:03 --> Controller "App\Controllers\base\Beranda" loaded.
INFO - 2021-09-28 08:57:19 --> Controller "App\Controllers\base\Beranda" loaded.
INFO - 2021-09-28 09:00:02 --> Controller "App\Controllers\base\Beranda" loaded.
INFO - 2021-09-28 09:10:02 --> Controller "App\Controllers\base\Beranda" loaded.
INFO - 2021-09-28 09:20:02 --> Controller "App\Controllers\base\Beranda" loaded.
INFO - 2021-09-28 09:30:02 --> Controller "App\Controllers\base\Beranda" loaded.
INFO - 2021-09-28 09:39:18 --> Session: Class initialized using 'CodeIgniter\Session\Handlers\FileHandler' driver.
INFO - 2021-09-28 09:39:18 --> Controller "App\Controllers\undangan\Undangan" loaded.
INFO - 2021-09-28 09:39:18 --> Session: Class initialized using 'CodeIgniter\Session\Handlers\FileHandler' driver.
INFO - 2021-09-28 09:39:18 --> Controller "App\Controllers\undangan\Undangan" loaded.
INFO - 2021-09-28 09:39:19 --> Session: Class initialized using 'CodeIgniter\Session\Handlers\FileHandler' driver.
INFO - 2021-09-28 09:39:19 --> Controller "App\Controllers\undangan\Undangan" loaded.
INFO - 2021-09-28 09:39:19 --> Session: Class initialized using 'CodeIgniter\Session\Handlers\FileHandler' driver.
INFO - 2021-09-28 09:39:19 --> Controller "App\Controllers\undangan\Undangan" loaded.
INFO - 2021-09-28 09:39:20 --> Session: Class initialized using 'CodeIgniter\Session\Handlers\FileHandler' driver.
INFO - 2021-09-28 09:39:20 --> Controller "App\Controllers\undangan\Undangan" loaded.
INFO - 2021-09-28 09:39:21 --> Session: Class initialized using 'CodeIgniter\Session\Handlers\FileHandler' driver.
INFO - 2021-09-28 09:39:21 --> Controller "App\Controllers\undangan\Undangan" loaded.
INFO - 2021-09-28 09:39:21 --> Session: Class initialized using 'CodeIgniter\Session\Handlers\FileHandler' driver.
INFO - 2021-09-28 09:39:21 --> Controller "App\Controllers\undangan\Undangan" loaded.
INFO - 2021-09-28 09:39:22 --> Session: Class initialized using 'CodeIgniter\Session\Handlers\FileHandler' driver.
INFO - 2021-09-28 09:39:22 --> Controller "App\Controllers\undangan\Undangan" loaded.
INFO - 2021-09-28 09:39:22 --> Session: Class initialized using 'CodeIgniter\Session\Handlers\FileHandler' driver.
INFO - 2021-09-28 09:39:22 --> Controller "App\Controllers\undangan\Undangan" loaded.
INFO - 2021-09-28 09:39:23 --> Session: Class initialized using 'CodeIgniter\Session\Handlers\FileHandler' driver.
INFO - 2021-09-28 09:39:23 --> Controller "App\Controllers\undangan\Undangan" loaded.
INFO - 2021-09-28 09:39:23 --> Session: Class initialized using 'CodeIgniter\Session\Handlers\FileHandler' driver.
INFO - 2021-09-28 09:39:23 --> Controller "App\Controllers\undangan\Undangan" loaded.
INFO - 2021-09-28 09:39:24 --> Session: Class initialized using 'CodeIgniter\Session\Handlers\FileHandler' driver.
INFO - 2021-09-28 09:39:24 --> Controller "App\Controllers\undangan\Undangan" loaded.
INFO - 2021-09-28 09:39:24 --> Session: Class initialized using 'CodeIgniter\Session\Handlers\FileHandler' driver.
INFO - 2021-09-28 09:39:24 --> Controller "App\Controllers\undangan\Undangan" loaded.
INFO - 2021-09-28 09:39:25 --> Session: Class initialized using 'CodeIgniter\Session\Handlers\FileHandler' driver.
INFO - 2021-09-28 09:39:25 --> Controller "App\Controllers\undangan\Undangan" loaded.
INFO - 2021-09-28 09:39:25 --> Session: Class initialized using 'CodeIgniter\Session\Handlers\FileHandler' driver.
INFO - 2021-09-28 09:39:25 --> Controller "App\Controllers\undangan\Undangan" loaded.
INFO - 2021-09-28 09:39:26 --> Session: Class initialized using 'CodeIgniter\Session\Handlers\FileHandler' driver.
INFO - 2021-09-28 09:39:26 --> Controller "App\Controllers\undangan\Undangan" loaded.
INFO - 2021-09-28 09:39:26 --> Session: Class initialized using 'CodeIgniter\Session\Handlers\FileHandler' driver.
INFO - 2021-09-28 09:39:26 --> Controller "App\Controllers\undangan\Undangan" loaded.
INFO - 2021-09-28 09:39:27 --> Session: Class initialized using 'CodeIgniter\Session\Handlers\FileHandler' driver.
INFO - 2021-09-28 09:39:27 --> Controller "App\Controllers\undangan\Undangan" loaded.
INFO - 2021-09-28 09:39:27 --> Session: Class initialized using 'CodeIgniter\Session\Handlers\FileHandler' driver.
INFO - 2021-09-28 09:39:27 --> Controller "App\Controllers\undangan\Undangan" loaded.
INFO - 2021-09-28 09:39:28 --> Session: Class initialized using 'CodeIgniter\Session\Handlers\FileHandler' driver.
INFO - 2021-09-28 09:39:28 --> Controller "App\Controllers\undangan\Undangan" loaded.
INFO - 2021-09-28 09:39:28 --> Session: Class initialized using 'CodeIgniter\Session\Handlers\FileHandler' driver.
INFO - 2021-09-28 09:39:28 --> Controller "App\Controllers\undangan\Undangan" loaded.
INFO - 2021-09-28 09:39:29 --> Session: Class initialized using 'CodeIgniter\Session\Handlers\FileHandler' driver.
INFO - 2021-09-28 09:39:29 --> Controller "App\Controllers\undangan\Undangan" loaded.
INFO - 2021-09-28 09:39:29 --> Session: Class initialized using 'CodeIgniter\Session\Handlers\FileHandler' driver.
INFO - 2021-09-28 09:39:29 --> Controller "App\Controllers\undangan\Undangan" loaded.
INFO - 2021-09-28 09:39:30 --> Session: Class initialized using 'CodeIgniter\Session\Handlers\FileHandler' driver.
INFO - 2021-09-28 09:39:30 --> Controller "App\Controllers\undangan\Undangan" loaded.
INFO - 2021-09-28 09:39:30 --> Session: Class initialized using 'CodeIgniter\Session\Handlers\FileHandler' driver.
INFO - 2021-09-28 09:39:30 --> Controller "App\Controllers\undangan\Undangan" loaded.
INFO - 2021-09-28 09:39:31 --> Session: Class initialized using 'CodeIgniter\Session\Handlers\FileHandler' driver.
INFO - 2021-09-28 09:39:31 --> Controller "App\Controllers\undangan\Undangan" loaded.
INFO - 2021-09-28 09:39:31 --> Session: Class initialized using 'CodeIgniter\Session\Handlers\FileHandler' driver.
INFO - 2021-09-28 09:39:31 --> Controller "App\Controllers\undangan\Undangan" loaded.
INFO - 2021-09-28 09:39:32 --> Session: Class initialized using 'CodeIgniter\Session\Handlers\FileHandler' driver.
INFO - 2021-09-28 09:39:32 --> Controller "App\Controllers\undangan\Undangan" loaded.
INFO - 2021-09-28 09:39:32 --> Session: Class initialized using 'CodeIgniter\Session\Handlers\FileHandler' driver.
INFO - 2021-09-28 09:39:32 --> Controller "App\Controllers\undangan\Undangan" loaded.
INFO - 2021-09-28 09:39:33 --> Session: Class initialized using 'CodeIgniter\Session\Handlers\FileHandler' driver.
INFO - 2021-09-28 09:39:33 --> Controller "App\Controllers\undangan\Undangan" loaded.
INFO - 2021-09-28 09:40:03 --> Controller "App\Controllers\base\Beranda" loaded.
INFO - 2021-09-28 09:50:02 --> Controller "App\Controllers\base\Beranda" loaded.
INFO - 2021-09-28 10:00:02 --> Controller "App\Controllers\base\Beranda" loaded.
INFO - 2021-09-28 10:10:03 --> Controller "App\Controllers\base\Beranda" loaded.
INFO - 2021-09-28 10:20:02 --> Controller "App\Controllers\base\Beranda" loaded.
INFO - 2021-09-28 10:26:39 --> Controller "App\Controllers\base\Beranda" loaded.
INFO - 2021-09-28 10:26:52 --> Controller "App\Controllers\base\Beranda" loaded.
INFO - 2021-09-28 10:30:03 --> Controller "App\Controllers\base\Beranda" loaded.
INFO - 2021-09-28 10:31:13 --> Controller "App\Controllers\base\Beranda" loaded.
INFO - 2021-09-28 10:31:58 --> Controller "App\Controllers\base\Beranda" loaded.
INFO - 2021-09-28 10:32:08 --> Session: Class initialized using 'CodeIgniter\Session\Handlers\FileHandler' driver.
INFO - 2021-09-28 10:32:08 --> Controller "App\Controllers\base\Order" loaded.
INFO - 2021-09-28 10:34:59 --> Controller "App\Controllers\base\Beranda" loaded.
INFO - 2021-09-28 10:37:53 --> Session: Class initialized using 'CodeIgniter\Session\Handlers\FileHandler' driver.
INFO - 2021-09-28 10:37:53 --> Controller "App\Controllers\base\Order" loaded.
INFO - 2021-09-28 10:40:03 --> Controller "App\Controllers\base\Beranda" loaded.
INFO - 2021-09-28 10:43:08 --> Controller "App\Controllers\base\Beranda" loaded.
INFO - 2021-09-28 10:45:31 --> Session: Class initialized using 'CodeIgniter\Session\Handlers\FileHandler' driver.
INFO - 2021-09-28 10:45:31 --> Controller "App\Controllers\base\Order" loaded.
INFO - 2021-09-28 10:50:03 --> Controller "App\Controllers\base\Beranda" loaded.
INFO - 2021-09-28 10:50:44 --> Controller "App\Controllers\base\Beranda" loaded.
INFO - 2021-09-28 10:59:57 --> Controller "App\Controllers\base\Beranda" loaded.
INFO - 2021-09-28 11:00:02 --> Controller "App\Controllers\base\Beranda" loaded.
INFO - 2021-09-28 11:10:03 --> Controller "App\Controllers\base\Beranda" loaded.
INFO - 2021-09-28 11:11:25 --> Session: Class initialized using 'CodeIgniter\Session\Handlers\FileHandler' driver.
INFO - 2021-09-28 11:11:25 --> Controller "App\Controllers\base\Order" loaded.
INFO - 2021-09-28 11:20:02 --> Controller "App\Controllers\base\Beranda" loaded.
INFO - 2021-09-28 11:30:03 --> Controller "App\Controllers\base\Beranda" loaded.
INFO - 2021-09-28 11:40:03 --> Controller "App\Controllers\base\Beranda" loaded.
INFO - 2021-09-28 11:50:03 --> Controller "App\Controllers\base\Beranda" loaded.
INFO - 2021-09-28 12:00:02 --> Controller "App\Controllers\base\Beranda" loaded.
INFO - 2021-09-28 12:10:03 --> Controller "App\Controllers\base\Beranda" loaded.
INFO - 2021-09-28 12:20:02 --> Controller "App\Controllers\base\Beranda" loaded.
INFO - 2021-09-28 12:30:02 --> Controller "App\Controllers\base\Beranda" loaded.
INFO - 2021-09-28 12:40:03 --> Controller "App\Controllers\base\Beranda" loaded.
INFO - 2021-09-28 12:50:02 --> Controller "App\Controllers\base\Beranda" loaded.
INFO - 2021-09-28 13:00:02 --> Controller "App\Controllers\base\Beranda" loaded.
INFO - 2021-09-28 13:02:13 --> Session: Class initialized using 'CodeIgniter\Session\Handlers\FileHandler' driver.
INFO - 2021-09-28 13:02:13 --> Controller "App\Controllers\undangan\Undangan" loaded.
INFO - 2021-09-28 13:10:02 --> Controller "App\Controllers\base\Beranda" loaded.
INFO - 2021-09-28 13:20:02 --> Controller "App\Controllers\base\Beranda" loaded.
INFO - 2021-09-28 13:24:00 --> Controller "App\Controllers\base\Beranda" loaded.
INFO - 2021-09-28 13:30:02 --> Controller "App\Controllers\base\Beranda" loaded.
INFO - 2021-09-28 13:40:03 --> Controller "App\Controllers\base\Beranda" loaded.
INFO - 2021-09-28 13:50:02 --> Controller "App\Controllers\base\Beranda" loaded.
INFO - 2021-09-28 14:00:03 --> Controller "App\Controllers\base\Beranda" loaded.
INFO - 2021-09-28 14:10:02 --> Controller "App\Controllers\base\Beranda" loaded.
INFO - 2021-09-28 14:20:02 --> Controller "App\Controllers\base\Beranda" loaded.
INFO - 2021-09-28 14:30:02 --> Controller "App\Controllers\base\Beranda" loaded.
INFO - 2021-09-28 14:40:03 --> Controller "App\Controllers\base\Beranda" loaded.
INFO - 2021-09-28 14:50:02 --> Controller "App\Controllers\base\Beranda" loaded.
INFO - 2021-09-28 14:54:42 --> Controller "App\Controllers\base\Beranda" loaded.
INFO - 2021-09-28 14:59:48 --> Session: Class initialized using 'CodeIgniter\Session\Handlers\FileHandler' driver.
INFO - 2021-09-28 14:59:48 --> Controller "App\Controllers\bukutamu\Bukutamu" loaded.
INFO - 2021-09-28 15:00:03 --> Controller "App\Controllers\base\Beranda" loaded.
INFO - 2021-09-28 15:10:03 --> Controller "App\Controllers\base\Beranda" loaded.
INFO - 2021-09-28 15:20:03 --> Controller "App\Controllers\base\Beranda" loaded.
INFO - 2021-09-28 15:30:02 --> Controller "App\Controllers\base\Beranda" loaded.
INFO - 2021-09-28 15:40:03 --> Controller "App\Controllers\base\Beranda" loaded.
INFO - 2021-09-28 15:50:02 --> Controller "App\Controllers\base\Beranda" loaded.
INFO - 2021-09-28 16:00:02 --> Controller "App\Controllers\base\Beranda" loaded.
INFO - 2021-09-28 16:10:02 --> Controller "App\Controllers\base\Beranda" loaded.
INFO - 2021-09-28 16:20:03 --> Controller "App\Controllers\base\Beranda" loaded.
INFO - 2021-09-28 16:30:03 --> Controller "App\Controllers\base\Beranda" loaded.
INFO - 2021-09-28 16:40:03 --> Controller "App\Controllers\base\Beranda" loaded.
INFO - 2021-09-28 16:50:03 --> Controller "App\Controllers\base\Beranda" loaded.
INFO - 2021-09-28 17:00:03 --> Controller "App\Controllers\base\Beranda" loaded.
INFO - 2021-09-28 17:10:02 --> Controller "App\Controllers\base\Beranda" loaded.
INFO - 2021-09-28 17:20:02 --> Controller "App\Controllers\base\Beranda" loaded.
INFO - 2021-09-28 17:30:02 --> Controller "App\Controllers\base\Beranda" loaded.
INFO - 2021-09-28 17:40:02 --> Controller "App\Controllers\base\Beranda" loaded.
INFO - 2021-09-28 17:40:20 --> Controller "App\Controllers\base\Beranda" loaded.
INFO - 2021-09-28 17:46:58 --> Session: Class initialized using 'CodeIgniter\Session\Handlers\FileHandler' driver.
INFO - 2021-09-28 17:46:58 --> Controller "App\Controllers\base\Order" loaded.
INFO - 2021-09-28 17:50:03 --> Controller "App\Controllers\base\Beranda" loaded.
INFO - 2021-09-28 18:00:02 --> Controller "App\Controllers\base\Beranda" loaded.
INFO - 2021-09-28 18:10:02 --> Controller "App\Controllers\base\Beranda" loaded.
INFO - 2021-09-28 18:20:03 --> Controller "App\Controllers\base\Beranda" loaded.
INFO - 2021-09-28 18:30:02 --> Controller "App\Controllers\base\Beranda" loaded.
INFO - 2021-09-28 18:40:02 --> Controller "App\Controllers\base\Beranda" loaded.
INFO - 2021-09-28 18:50:03 --> Controller "App\Controllers\base\Beranda" loaded.
INFO - 2021-09-28 19:00:03 --> Controller "App\Controllers\base\Beranda" loaded.
INFO - 2021-09-28 19:10:02 --> Controller "App\Controllers\base\Beranda" loaded.
INFO - 2021-09-28 19:20:03 --> Controller "App\Controllers\base\Beranda" loaded.
INFO - 2021-09-28 19:25:23 --> Controller "App\Controllers\base\Beranda" loaded.
INFO - 2021-09-28 19:30:02 --> Controller "App\Controllers\base\Beranda" loaded.
INFO - 2021-09-28 19:33:34 --> Controller "App\Controllers\base\Beranda" loaded.
INFO - 2021-09-28 19:40:03 --> Controller "App\Controllers\base\Beranda" loaded.
INFO - 2021-09-28 19:50:02 --> Controller "App\Controllers\base\Beranda" loaded.
INFO - 2021-09-28 20:00:02 --> Controller "App\Controllers\base\Beranda" loaded.
INFO - 2021-09-28 20:10:02 --> Controller "App\Controllers\base\Beranda" loaded.
INFO - 2021-09-28 20:20:02 --> Controller "App\Controllers\base\Beranda" loaded.
INFO - 2021-09-28 20:21:36 --> Session: Class initialized using 'CodeIgniter\Session\Handlers\FileHandler' driver.
INFO - 2021-09-28 20:21:36 --> Controller "App\Controllers\undangan\Undangan" loaded.
INFO - 2021-09-28 20:30:02 --> Controller "App\Controllers\base\Beranda" loaded.
INFO - 2021-09-28 20:35:37 --> Session: Class initialized using 'CodeIgniter\Session\Handlers\FileHandler' driver.
INFO - 2021-09-28 20:35:37 --> Controller "App\Controllers\undangan\Undangan" loaded.
INFO - 2021-09-28 20:40:03 --> Controller "App\Controllers\base\Beranda" loaded.
INFO - 2021-09-28 20:48:18 --> Session: Class initialized using 'CodeIgniter\Session\Handlers\FileHandler' driver.
INFO - 2021-09-28 20:48:18 --> Controller "App\Controllers\bukutamu\Bukutamu" loaded.
INFO - 2021-09-28 20:48:34 --> Session: Class initialized using 'CodeIgniter\Session\Handlers\FileHandler' driver.
INFO - 2021-09-28 20:48:34 --> Controller "App\Controllers\bukutamu\Bukutamu" loaded.
INFO - 2021-09-28 20:50:03 --> Controller "App\Controllers\base\Beranda" loaded.
INFO - 2021-09-28 21:00:03 --> Controller "App\Controllers\base\Beranda" loaded.
INFO - 2021-09-28 21:10:02 --> Controller "App\Controllers\base\Beranda" loaded.
INFO - 2021-09-28 21:20:02 --> Controller "App\Controllers\base\Beranda" loaded.
INFO - 2021-09-28 21:30:03 --> Controller "App\Controllers\base\Beranda" loaded.
INFO - 2021-09-28 21:40:02 --> Controller "App\Controllers\base\Beranda" loaded.
INFO - 2021-09-28 21:50:02 --> Controller "App\Controllers\base\Beranda" loaded.
