INFO - 2021-09-16 00:48:50 --> Session: Class initialized using 'CodeIgniter\Session\Handlers\FileHandler' driver.
INFO - 2021-09-16 00:48:50 --> Controller "App\Controllers\undangan\Undangan" loaded.
INFO - 2021-09-16 01:42:17 --> Controller "App\Controllers\base\Beranda" loaded.
INFO - 2021-09-16 02:25:52 --> Session: Class initialized using 'CodeIgniter\Session\Handlers\FileHandler' driver.
INFO - 2021-09-16 02:25:52 --> Controller "App\Controllers\base\Order" loaded.
INFO - 2021-09-16 03:07:58 --> Session: Class initialized using 'CodeIgniter\Session\Handlers\FileHandler' driver.
INFO - 2021-09-16 03:07:58 --> Controller "App\Controllers\bukutamu\Bukutamu" loaded.
INFO - 2021-09-16 03:08:00 --> Session: Class initialized using 'CodeIgniter\Session\Handlers\FileHandler' driver.
INFO - 2021-09-16 03:08:00 --> Controller "App\Controllers\bukutamu\Bukutamu" loaded.
INFO - 2021-09-16 04:37:43 --> Controller "App\Controllers\base\Beranda" loaded.
INFO - 2021-09-16 04:55:22 --> Session: Class initialized using 'CodeIgniter\Session\Handlers\FileHandler' driver.
INFO - 2021-09-16 04:55:22 --> Controller "App\Controllers\undangan\Undangan" loaded.
INFO - 2021-09-16 07:00:02 --> Controller "App\Controllers\base\Beranda" loaded.
INFO - 2021-09-16 07:10:02 --> Controller "App\Controllers\base\Beranda" loaded.
INFO - 2021-09-16 07:20:02 --> Controller "App\Controllers\base\Beranda" loaded.
INFO - 2021-09-16 07:21:16 --> Controller "App\Controllers\base\Beranda" loaded.
INFO - 2021-09-16 07:30:02 --> Controller "App\Controllers\base\Beranda" loaded.
INFO - 2021-09-16 07:40:02 --> Controller "App\Controllers\base\Beranda" loaded.
INFO - 2021-09-16 07:50:02 --> Controller "App\Controllers\base\Beranda" loaded.
INFO - 2021-09-16 08:00:02 --> Controller "App\Controllers\base\Beranda" loaded.
INFO - 2021-09-16 08:10:02 --> Controller "App\Controllers\base\Beranda" loaded.
INFO - 2021-09-16 08:19:28 --> Controller "App\Controllers\base\Beranda" loaded.
INFO - 2021-09-16 08:20:02 --> Controller "App\Controllers\base\Beranda" loaded.
INFO - 2021-09-16 08:30:02 --> Controller "App\Controllers\base\Beranda" loaded.
INFO - 2021-09-16 08:40:02 --> Controller "App\Controllers\base\Beranda" loaded.
INFO - 2021-09-16 08:50:02 --> Controller "App\Controllers\base\Beranda" loaded.
INFO - 2021-09-16 08:56:44 --> Controller "App\Controllers\base\Beranda" loaded.
INFO - 2021-09-16 09:00:03 --> Controller "App\Controllers\base\Beranda" loaded.
INFO - 2021-09-16 09:10:03 --> Controller "App\Controllers\base\Beranda" loaded.
INFO - 2021-09-16 09:20:03 --> Controller "App\Controllers\base\Beranda" loaded.
INFO - 2021-09-16 09:25:59 --> Controller "App\Controllers\base\Beranda" loaded.
INFO - 2021-09-16 09:30:02 --> Controller "App\Controllers\base\Beranda" loaded.
INFO - 2021-09-16 09:40:02 --> Controller "App\Controllers\base\Beranda" loaded.
INFO - 2021-09-16 09:50:03 --> Controller "App\Controllers\base\Beranda" loaded.
INFO - 2021-09-16 10:00:03 --> Controller "App\Controllers\base\Beranda" loaded.
INFO - 2021-09-16 10:10:02 --> Controller "App\Controllers\base\Beranda" loaded.
INFO - 2021-09-16 10:10:50 --> Session: Class initialized using 'CodeIgniter\Session\Handlers\FileHandler' driver.
INFO - 2021-09-16 10:10:50 --> Controller "App\Controllers\undangan\Undangan" loaded.
INFO - 2021-09-16 10:12:08 --> Session: Class initialized using 'CodeIgniter\Session\Handlers\FileHandler' driver.
INFO - 2021-09-16 10:12:08 --> Controller "App\Controllers\bukutamu\Bukutamu" loaded.
INFO - 2021-09-16 10:13:47 --> Controller "App\Controllers\base\Beranda" loaded.
INFO - 2021-09-16 10:14:06 --> Session: Class initialized using 'CodeIgniter\Session\Handlers\FileHandler' driver.
INFO - 2021-09-16 10:14:06 --> Controller "App\Controllers\base\Dashboard" loaded.
INFO - 2021-09-16 10:20:03 --> Controller "App\Controllers\base\Beranda" loaded.
INFO - 2021-09-16 10:20:17 --> Controller "App\Controllers\base\Beranda" loaded.
INFO - 2021-09-16 10:30:02 --> Controller "App\Controllers\base\Beranda" loaded.
INFO - 2021-09-16 10:40:02 --> Controller "App\Controllers\base\Beranda" loaded.
INFO - 2021-09-16 10:40:03 --> Controller "App\Controllers\base\Beranda" loaded.
INFO - 2021-09-16 10:40:05 --> Controller "App\Controllers\base\Beranda" loaded.
INFO - 2021-09-16 10:40:20 --> Controller "App\Controllers\base\Beranda" loaded.
INFO - 2021-09-16 10:40:33 --> Session: Class initialized using 'CodeIgniter\Session\Handlers\FileHandler' driver.
INFO - 2021-09-16 10:40:33 --> Controller "App\Controllers\admin\Admin" loaded.
INFO - 2021-09-16 10:40:33 --> Controller "App\Controllers\base\Beranda" loaded.
INFO - 2021-09-16 10:40:58 --> Controller "App\Controllers\base\Beranda" loaded.
INFO - 2021-09-16 10:42:18 --> Session: Class initialized using 'CodeIgniter\Session\Handlers\FileHandler' driver.
INFO - 2021-09-16 10:42:18 --> Controller "App\Controllers\base\Order" loaded.
INFO - 2021-09-16 10:42:38 --> Session: Class initialized using 'CodeIgniter\Session\Handlers\FileHandler' driver.
INFO - 2021-09-16 10:42:38 --> Controller "App\Controllers\base\Dashboard" loaded.
INFO - 2021-09-16 10:42:56 --> Session: Class initialized using 'CodeIgniter\Session\Handlers\FileHandler' driver.
INFO - 2021-09-16 10:42:56 --> Controller "App\Controllers\base\Dashboard" loaded.
INFO - 2021-09-16 10:42:57 --> Session: Class initialized using 'CodeIgniter\Session\Handlers\FileHandler' driver.
INFO - 2021-09-16 10:42:57 --> Controller "App\Controllers\base\Dashboard" loaded.
INFO - 2021-09-16 10:43:50 --> Session: Class initialized using 'CodeIgniter\Session\Handlers\FileHandler' driver.
INFO - 2021-09-16 10:43:50 --> Controller "App\Controllers\base\Dashboard" loaded.
INFO - 2021-09-16 10:44:05 --> Session: Class initialized using 'CodeIgniter\Session\Handlers\FileHandler' driver.
INFO - 2021-09-16 10:44:05 --> Controller "App\Controllers\base\Order" loaded.
INFO - 2021-09-16 10:44:08 --> Controller "App\Controllers\base\Beranda" loaded.
INFO - 2021-09-16 10:44:21 --> Controller "App\Controllers\base\Beranda" loaded.
INFO - 2021-09-16 10:44:38 --> Controller "App\Controllers\base\Beranda" loaded.
INFO - 2021-09-16 10:48:38 --> Controller "App\Controllers\base\Beranda" loaded.
INFO - 2021-09-16 10:48:44 --> Controller "App\Controllers\base\Beranda" loaded.
INFO - 2021-09-16 10:49:02 --> Controller "App\Controllers\base\Beranda" loaded.
INFO - 2021-09-16 10:49:23 --> Session: Class initialized using 'CodeIgniter\Session\Handlers\FileHandler' driver.
INFO - 2021-09-16 10:49:23 --> Controller "App\Controllers\base\Order" loaded.
INFO - 2021-09-16 10:50:03 --> Controller "App\Controllers\base\Beranda" loaded.
INFO - 2021-09-16 10:50:24 --> Controller "App\Controllers\base\Beranda" loaded.
INFO - 2021-09-16 11:00:03 --> Controller "App\Controllers\base\Beranda" loaded.
INFO - 2021-09-16 11:00:03 --> Controller "App\Controllers\base\Beranda" loaded.
INFO - 2021-09-16 11:10:03 --> Controller "App\Controllers\base\Beranda" loaded.
INFO - 2021-09-16 11:20:03 --> Controller "App\Controllers\base\Beranda" loaded.
INFO - 2021-09-16 11:30:03 --> Controller "App\Controllers\base\Beranda" loaded.
INFO - 2021-09-16 11:36:10 --> Session: Class initialized using 'CodeIgniter\Session\Handlers\FileHandler' driver.
INFO - 2021-09-16 11:36:10 --> Controller "App\Controllers\bukutamu\Bukutamu" loaded.
INFO - 2021-09-16 11:40:03 --> Controller "App\Controllers\base\Beranda" loaded.
INFO - 2021-09-16 11:41:16 --> Controller "App\Controllers\base\Beranda" loaded.
INFO - 2021-09-16 11:50:03 --> Controller "App\Controllers\base\Beranda" loaded.
INFO - 2021-09-16 12:00:02 --> Controller "App\Controllers\base\Beranda" loaded.
INFO - 2021-09-16 12:10:02 --> Controller "App\Controllers\base\Beranda" loaded.
INFO - 2021-09-16 12:10:42 --> Controller "App\Controllers\base\Beranda" loaded.
INFO - 2021-09-16 12:20:02 --> Controller "App\Controllers\base\Beranda" loaded.
INFO - 2021-09-16 12:30:02 --> Controller "App\Controllers\base\Beranda" loaded.
INFO - 2021-09-16 12:40:02 --> Controller "App\Controllers\base\Beranda" loaded.
INFO - 2021-09-16 12:50:02 --> Controller "App\Controllers\base\Beranda" loaded.
INFO - 2021-09-16 13:00:03 --> Controller "App\Controllers\base\Beranda" loaded.
INFO - 2021-09-16 13:10:02 --> Controller "App\Controllers\base\Beranda" loaded.
INFO - 2021-09-16 13:20:03 --> Controller "App\Controllers\base\Beranda" loaded.
INFO - 2021-09-16 13:29:03 --> Controller "App\Controllers\base\Beranda" loaded.
INFO - 2021-09-16 13:30:02 --> Controller "App\Controllers\base\Beranda" loaded.
INFO - 2021-09-16 13:31:33 --> Session: Class initialized using 'CodeIgniter\Session\Handlers\FileHandler' driver.
INFO - 2021-09-16 13:31:33 --> Controller "App\Controllers\base\Order" loaded.
INFO - 2021-09-16 13:31:34 --> Controller "App\Controllers\base\Beranda" loaded.
INFO - 2021-09-16 13:31:42 --> Controller "App\Controllers\base\Beranda" loaded.
INFO - 2021-09-16 13:35:56 --> Controller "App\Controllers\base\Beranda" loaded.
INFO - 2021-09-16 13:40:02 --> Controller "App\Controllers\base\Beranda" loaded.
INFO - 2021-09-16 13:41:06 --> Session: Class initialized using 'CodeIgniter\Session\Handlers\FileHandler' driver.
INFO - 2021-09-16 13:41:06 --> Controller "App\Controllers\bukutamu\Bukutamu" loaded.
INFO - 2021-09-16 13:41:17 --> Session: Class initialized using 'CodeIgniter\Session\Handlers\FileHandler' driver.
INFO - 2021-09-16 13:41:17 --> Controller "App\Controllers\bukutamu\Bukutamu" loaded.
INFO - 2021-09-16 13:43:08 --> Session: Class initialized using 'CodeIgniter\Session\Handlers\FileHandler' driver.
INFO - 2021-09-16 13:43:08 --> Controller "App\Controllers\bukutamu\Bukutamu" loaded.
INFO - 2021-09-16 13:43:08 --> Session: Class initialized using 'CodeIgniter\Session\Handlers\FileHandler' driver.
INFO - 2021-09-16 13:43:08 --> Controller "App\Controllers\bukutamu\Bukutamu" loaded.
INFO - 2021-09-16 13:43:19 --> Session: Class initialized using 'CodeIgniter\Session\Handlers\FileHandler' driver.
INFO - 2021-09-16 13:43:19 --> Controller "App\Controllers\bukutamu\Bukutamu" loaded.
INFO - 2021-09-16 13:43:28 --> Session: Class initialized using 'CodeIgniter\Session\Handlers\FileHandler' driver.
INFO - 2021-09-16 13:43:28 --> Controller "App\Controllers\undangan\Undangan" loaded.
INFO - 2021-09-16 13:50:02 --> Controller "App\Controllers\base\Beranda" loaded.
INFO - 2021-09-16 13:56:03 --> Session: Class initialized using 'CodeIgniter\Session\Handlers\FileHandler' driver.
INFO - 2021-09-16 13:56:03 --> Controller "App\Controllers\undangan\Undangan" loaded.
INFO - 2021-09-16 14:00:02 --> Controller "App\Controllers\base\Beranda" loaded.
INFO - 2021-09-16 14:10:02 --> Controller "App\Controllers\base\Beranda" loaded.
INFO - 2021-09-16 14:20:03 --> Controller "App\Controllers\base\Beranda" loaded.
INFO - 2021-09-16 14:30:02 --> Controller "App\Controllers\base\Beranda" loaded.
INFO - 2021-09-16 14:30:31 --> Controller "App\Controllers\base\Beranda" loaded.
INFO - 2021-09-16 14:40:02 --> Controller "App\Controllers\base\Beranda" loaded.
INFO - 2021-09-16 14:50:02 --> Controller "App\Controllers\base\Beranda" loaded.
INFO - 2021-09-16 14:59:57 --> Controller "App\Controllers\base\Beranda" loaded.
INFO - 2021-09-16 15:00:01 --> Controller "App\Controllers\base\Beranda" loaded.
INFO - 2021-09-16 15:00:57 --> Session: Class initialized using 'CodeIgniter\Session\Handlers\FileHandler' driver.
INFO - 2021-09-16 15:00:57 --> Controller "App\Controllers\base\Order" loaded.
INFO - 2021-09-16 15:00:57 --> Controller "App\Controllers\base\Beranda" loaded.
INFO - 2021-09-16 15:05:01 --> Controller "App\Controllers\base\Beranda" loaded.
INFO - 2021-09-16 15:10:02 --> Controller "App\Controllers\base\Beranda" loaded.
INFO - 2021-09-16 15:20:03 --> Controller "App\Controllers\base\Beranda" loaded.
INFO - 2021-09-16 15:30:02 --> Controller "App\Controllers\base\Beranda" loaded.
INFO - 2021-09-16 15:40:02 --> Controller "App\Controllers\base\Beranda" loaded.
INFO - 2021-09-16 15:50:02 --> Controller "App\Controllers\base\Beranda" loaded.
INFO - 2021-09-16 16:00:03 --> Controller "App\Controllers\base\Beranda" loaded.
INFO - 2021-09-16 16:10:03 --> Controller "App\Controllers\base\Beranda" loaded.
INFO - 2021-09-16 16:20:03 --> Controller "App\Controllers\base\Beranda" loaded.
INFO - 2021-09-16 16:22:06 --> Controller "App\Controllers\base\Beranda" loaded.
INFO - 2021-09-16 16:22:27 --> Controller "App\Controllers\base\Beranda" loaded.
INFO - 2021-09-16 16:30:03 --> Controller "App\Controllers\base\Beranda" loaded.
INFO - 2021-09-16 16:40:03 --> Controller "App\Controllers\base\Beranda" loaded.
INFO - 2021-09-16 16:50:02 --> Controller "App\Controllers\base\Beranda" loaded.
INFO - 2021-09-16 17:00:02 --> Controller "App\Controllers\base\Beranda" loaded.
INFO - 2021-09-16 17:08:00 --> Controller "App\Controllers\base\Beranda" loaded.
INFO - 2021-09-16 17:08:02 --> Session: Class initialized using 'CodeIgniter\Session\Handlers\FileHandler' driver.
INFO - 2021-09-16 17:08:02 --> Controller "App\Controllers\bukutamu\Bukutamu" loaded.
INFO - 2021-09-16 17:09:43 --> Session: Class initialized using 'CodeIgniter\Session\Handlers\FileHandler' driver.
INFO - 2021-09-16 17:09:43 --> Controller "App\Controllers\base\Order" loaded.
INFO - 2021-09-16 17:10:02 --> Controller "App\Controllers\base\Beranda" loaded.
INFO - 2021-09-16 17:20:02 --> Controller "App\Controllers\base\Beranda" loaded.
INFO - 2021-09-16 17:30:02 --> Controller "App\Controllers\base\Beranda" loaded.
INFO - 2021-09-16 17:40:02 --> Controller "App\Controllers\base\Beranda" loaded.
INFO - 2021-09-16 17:50:02 --> Controller "App\Controllers\base\Beranda" loaded.
INFO - 2021-09-16 18:00:03 --> Controller "App\Controllers\base\Beranda" loaded.
INFO - 2021-09-16 18:10:02 --> Controller "App\Controllers\base\Beranda" loaded.
INFO - 2021-09-16 18:20:03 --> Controller "App\Controllers\base\Beranda" loaded.
INFO - 2021-09-16 18:30:02 --> Controller "App\Controllers\base\Beranda" loaded.
INFO - 2021-09-16 18:40:02 --> Controller "App\Controllers\base\Beranda" loaded.
INFO - 2021-09-16 18:50:02 --> Controller "App\Controllers\base\Beranda" loaded.
INFO - 2021-09-16 18:53:48 --> Session: Class initialized using 'CodeIgniter\Session\Handlers\FileHandler' driver.
INFO - 2021-09-16 18:53:48 --> Controller "App\Controllers\bukutamu\Bukutamu" loaded.
INFO - 2021-09-16 19:00:03 --> Controller "App\Controllers\base\Beranda" loaded.
INFO - 2021-09-16 19:08:28 --> Session: Class initialized using 'CodeIgniter\Session\Handlers\FileHandler' driver.
INFO - 2021-09-16 19:08:28 --> Controller "App\Controllers\undangan\Undangan" loaded.
INFO - 2021-09-16 19:10:02 --> Controller "App\Controllers\base\Beranda" loaded.
INFO - 2021-09-16 19:20:03 --> Controller "App\Controllers\base\Beranda" loaded.
INFO - 2021-09-16 19:22:26 --> Controller "App\Controllers\base\Beranda" loaded.
INFO - 2021-09-16 19:30:02 --> Controller "App\Controllers\base\Beranda" loaded.
INFO - 2021-09-16 19:40:03 --> Controller "App\Controllers\base\Beranda" loaded.
INFO - 2021-09-16 19:50:02 --> Controller "App\Controllers\base\Beranda" loaded.
INFO - 2021-09-16 19:59:03 --> Controller "App\Controllers\base\Beranda" loaded.
INFO - 2021-09-16 20:00:02 --> Controller "App\Controllers\base\Beranda" loaded.
INFO - 2021-09-16 20:00:05 --> Controller "App\Controllers\base\Beranda" loaded.
INFO - 2021-09-16 20:01:45 --> Controller "App\Controllers\base\Beranda" loaded.
INFO - 2021-09-16 20:01:53 --> Controller "App\Controllers\base\Beranda" loaded.
INFO - 2021-09-16 20:02:45 --> Session: Class initialized using 'CodeIgniter\Session\Handlers\FileHandler' driver.
INFO - 2021-09-16 20:02:45 --> Controller "App\Controllers\base\Order" loaded.
INFO - 2021-09-16 20:04:04 --> Session: Class initialized using 'CodeIgniter\Session\Handlers\FileHandler' driver.
INFO - 2021-09-16 20:04:04 --> Controller "App\Controllers\base\Order" loaded.
INFO - 2021-09-16 20:06:52 --> Session: Class initialized using 'CodeIgniter\Session\Handlers\FileHandler' driver.
INFO - 2021-09-16 20:06:52 --> Controller "App\Controllers\base\Order" loaded.
INFO - 2021-09-16 20:07:18 --> Session: Class initialized using 'CodeIgniter\Session\Handlers\FileHandler' driver.
INFO - 2021-09-16 20:07:18 --> Controller "App\Controllers\base\Order" loaded.
INFO - 2021-09-16 20:07:40 --> Session: Class initialized using 'CodeIgniter\Session\Handlers\FileHandler' driver.
INFO - 2021-09-16 20:07:40 --> Controller "App\Controllers\base\Order" loaded.
INFO - 2021-09-16 20:07:42 --> Session: Class initialized using 'CodeIgniter\Session\Handlers\FileHandler' driver.
INFO - 2021-09-16 20:07:42 --> Controller "App\Controllers\base\Order" loaded.
INFO - 2021-09-16 20:08:06 --> Controller "App\Controllers\base\Beranda" loaded.
INFO - 2021-09-16 20:08:10 --> Controller "App\Controllers\base\Beranda" loaded.
INFO - 2021-09-16 20:08:16 --> Session: Class initialized using 'CodeIgniter\Session\Handlers\FileHandler' driver.
INFO - 2021-09-16 20:08:16 --> Controller "App\Controllers\base\Order" loaded.
INFO - 2021-09-16 20:08:40 --> Session: Class initialized using 'CodeIgniter\Session\Handlers\FileHandler' driver.
INFO - 2021-09-16 20:08:40 --> Controller "App\Controllers\base\Order" loaded.
INFO - 2021-09-16 20:08:56 --> Session: Class initialized using 'CodeIgniter\Session\Handlers\FileHandler' driver.
INFO - 2021-09-16 20:08:56 --> Controller "App\Controllers\base\Order" loaded.
INFO - 2021-09-16 20:08:57 --> Controller "App\Controllers\base\Beranda" loaded.
INFO - 2021-09-16 20:09:11 --> Session: Class initialized using 'CodeIgniter\Session\Handlers\FileHandler' driver.
INFO - 2021-09-16 20:09:11 --> Controller "App\Controllers\base\Order" loaded.
INFO - 2021-09-16 20:09:12 --> Session: Class initialized using 'CodeIgniter\Session\Handlers\FileHandler' driver.
INFO - 2021-09-16 20:09:12 --> Controller "App\Controllers\base\Order" loaded.
INFO - 2021-09-16 20:09:13 --> Session: Class initialized using 'CodeIgniter\Session\Handlers\FileHandler' driver.
INFO - 2021-09-16 20:09:13 --> Controller "App\Controllers\base\Order" loaded.
INFO - 2021-09-16 20:09:16 --> Session: Class initialized using 'CodeIgniter\Session\Handlers\FileHandler' driver.
INFO - 2021-09-16 20:09:16 --> Controller "App\Controllers\base\Order" loaded.
INFO - 2021-09-16 20:09:20 --> Session: Class initialized using 'CodeIgniter\Session\Handlers\FileHandler' driver.
INFO - 2021-09-16 20:09:20 --> Controller "App\Controllers\base\Order" loaded.
INFO - 2021-09-16 20:09:25 --> Session: Class initialized using 'CodeIgniter\Session\Handlers\FileHandler' driver.
INFO - 2021-09-16 20:09:25 --> Controller "App\Controllers\base\Order" loaded.
INFO - 2021-09-16 20:10:02 --> Controller "App\Controllers\base\Beranda" loaded.
INFO - 2021-09-16 20:10:46 --> Session: Class initialized using 'CodeIgniter\Session\Handlers\FileHandler' driver.
INFO - 2021-09-16 20:10:46 --> Controller "App\Controllers\undangan\Undangan" loaded.
INFO - 2021-09-16 20:11:28 --> Session: Class initialized using 'CodeIgniter\Session\Handlers\FileHandler' driver.
INFO - 2021-09-16 20:11:29 --> Controller "App\Controllers\base\Dashboard" loaded.
INFO - 2021-09-16 20:11:29 --> Session: Class initialized using 'CodeIgniter\Session\Handlers\FileHandler' driver.
INFO - 2021-09-16 20:11:29 --> Controller "App\Controllers\base\Dashboard" loaded.
INFO - 2021-09-16 20:12:04 --> Session: Class initialized using 'CodeIgniter\Session\Handlers\FileHandler' driver.
INFO - 2021-09-16 20:12:04 --> Controller "App\Controllers\undangan\Undangan" loaded.
INFO - 2021-09-16 20:12:04 --> Session: Class initialized using 'CodeIgniter\Session\Handlers\FileHandler' driver.
INFO - 2021-09-16 20:12:04 --> Controller "App\Controllers\undangan\Undangan" loaded.
INFO - 2021-09-16 20:12:04 --> Session: Class initialized using 'CodeIgniter\Session\Handlers\FileHandler' driver.
INFO - 2021-09-16 20:12:04 --> Controller "App\Controllers\undangan\Undangan" loaded.
INFO - 2021-09-16 20:12:47 --> Session: Class initialized using 'CodeIgniter\Session\Handlers\FileHandler' driver.
INFO - 2021-09-16 20:12:47 --> Controller "App\Controllers\base\Lupa_password" loaded.
INFO - 2021-09-16 20:12:50 --> Session: Class initialized using 'CodeIgniter\Session\Handlers\FileHandler' driver.
INFO - 2021-09-16 20:12:50 --> Controller "App\Controllers\base\Lupa_password" loaded.
INFO - 2021-09-16 20:12:53 --> Session: Class initialized using 'CodeIgniter\Session\Handlers\FileHandler' driver.
INFO - 2021-09-16 20:12:53 --> Controller "App\Controllers\base\Dashboard" loaded.
INFO - 2021-09-16 20:13:08 --> Session: Class initialized using 'CodeIgniter\Session\Handlers\FileHandler' driver.
INFO - 2021-09-16 20:13:08 --> Controller "App\Controllers\base\Dashboard" loaded.
INFO - 2021-09-16 20:13:09 --> Session: Class initialized using 'CodeIgniter\Session\Handlers\FileHandler' driver.
INFO - 2021-09-16 20:13:09 --> Controller "App\Controllers\base\Dashboard" loaded.
INFO - 2021-09-16 20:13:26 --> Session: Class initialized using 'CodeIgniter\Session\Handlers\FileHandler' driver.
INFO - 2021-09-16 20:13:26 --> Controller "App\Controllers\base\Dashboard" loaded.
INFO - 2021-09-16 20:13:39 --> Session: Class initialized using 'CodeIgniter\Session\Handlers\FileHandler' driver.
INFO - 2021-09-16 20:13:39 --> Controller "App\Controllers\base\Dashboard" loaded.
INFO - 2021-09-16 20:13:48 --> Session: Class initialized using 'CodeIgniter\Session\Handlers\FileHandler' driver.
INFO - 2021-09-16 20:13:48 --> Controller "App\Controllers\base\Dashboard" loaded.
INFO - 2021-09-16 20:13:52 --> Session: Class initialized using 'CodeIgniter\Session\Handlers\FileHandler' driver.
INFO - 2021-09-16 20:13:52 --> Controller "App\Controllers\base\Dashboard" loaded.
INFO - 2021-09-16 20:13:56 --> Session: Class initialized using 'CodeIgniter\Session\Handlers\FileHandler' driver.
INFO - 2021-09-16 20:13:56 --> Controller "App\Controllers\base\Dashboard" loaded.
INFO - 2021-09-16 20:17:24 --> Controller "App\Controllers\base\Beranda" loaded.
INFO - 2021-09-16 20:19:00 --> Session: Class initialized using 'CodeIgniter\Session\Handlers\FileHandler' driver.
INFO - 2021-09-16 20:19:00 --> Controller "App\Controllers\base\Dashboard" loaded.
INFO - 2021-09-16 20:19:24 --> Session: Class initialized using 'CodeIgniter\Session\Handlers\FileHandler' driver.
INFO - 2021-09-16 20:19:24 --> Controller "App\Controllers\base\Dashboard" loaded.
INFO - 2021-09-16 20:19:24 --> Controller "App\Controllers\base\Beranda" loaded.
INFO - 2021-09-16 20:19:24 --> Controller "App\Controllers\base\Beranda" loaded.
INFO - 2021-09-16 20:19:24 --> Controller "App\Controllers\base\Beranda" loaded.
INFO - 2021-09-16 20:19:24 --> Controller "App\Controllers\base\Beranda" loaded.
INFO - 2021-09-16 20:19:24 --> Controller "App\Controllers\base\Beranda" loaded.
INFO - 2021-09-16 20:19:25 --> Controller "App\Controllers\base\Beranda" loaded.
INFO - 2021-09-16 20:19:25 --> Controller "App\Controllers\base\Beranda" loaded.
INFO - 2021-09-16 20:19:25 --> Controller "App\Controllers\base\Beranda" loaded.
INFO - 2021-09-16 20:19:25 --> Controller "App\Controllers\base\Beranda" loaded.
INFO - 2021-09-16 20:19:25 --> Controller "App\Controllers\base\Beranda" loaded.
INFO - 2021-09-16 20:19:25 --> Controller "App\Controllers\base\Beranda" loaded.
INFO - 2021-09-16 20:19:25 --> Controller "App\Controllers\base\Beranda" loaded.
INFO - 2021-09-16 20:19:25 --> Controller "App\Controllers\base\Beranda" loaded.
INFO - 2021-09-16 20:19:25 --> Controller "App\Controllers\base\Beranda" loaded.
INFO - 2021-09-16 20:19:25 --> Controller "App\Controllers\base\Beranda" loaded.
INFO - 2021-09-16 20:19:25 --> Controller "App\Controllers\base\Beranda" loaded.
INFO - 2021-09-16 20:19:25 --> Controller "App\Controllers\base\Beranda" loaded.
INFO - 2021-09-16 20:19:25 --> Controller "App\Controllers\base\Beranda" loaded.
INFO - 2021-09-16 20:19:25 --> Controller "App\Controllers\base\Beranda" loaded.
INFO - 2021-09-16 20:19:26 --> Controller "App\Controllers\base\Beranda" loaded.
INFO - 2021-09-16 20:19:39 --> Session: Class initialized using 'CodeIgniter\Session\Handlers\FileHandler' driver.
INFO - 2021-09-16 20:19:39 --> Controller "App\Controllers\base\Dashboard" loaded.
INFO - 2021-09-16 20:20:02 --> Controller "App\Controllers\base\Beranda" loaded.
INFO - 2021-09-16 20:20:53 --> Session: Class initialized using 'CodeIgniter\Session\Handlers\FileHandler' driver.
INFO - 2021-09-16 20:20:53 --> Controller "App\Controllers\base\Dashboard" loaded.
INFO - 2021-09-16 20:21:00 --> Session: Class initialized using 'CodeIgniter\Session\Handlers\FileHandler' driver.
INFO - 2021-09-16 20:21:00 --> Controller "App\Controllers\base\Dashboard" loaded.
INFO - 2021-09-16 20:21:03 --> Session: Class initialized using 'CodeIgniter\Session\Handlers\FileHandler' driver.
INFO - 2021-09-16 20:21:03 --> Controller "App\Controllers\base\Dashboard" loaded.
INFO - 2021-09-16 20:21:07 --> Session: Class initialized using 'CodeIgniter\Session\Handlers\FileHandler' driver.
INFO - 2021-09-16 20:21:07 --> Controller "App\Controllers\base\Dashboard" loaded.
INFO - 2021-09-16 20:21:10 --> Session: Class initialized using 'CodeIgniter\Session\Handlers\FileHandler' driver.
INFO - 2021-09-16 20:21:10 --> Controller "App\Controllers\base\Dashboard" loaded.
INFO - 2021-09-16 20:21:44 --> Session: Class initialized using 'CodeIgniter\Session\Handlers\FileHandler' driver.
INFO - 2021-09-16 20:21:44 --> Controller "App\Controllers\undangan\Undangan" loaded.
INFO - 2021-09-16 20:21:46 --> Session: Class initialized using 'CodeIgniter\Session\Handlers\FileHandler' driver.
INFO - 2021-09-16 20:21:46 --> Controller "App\Controllers\bukutamu\Bukutamu" loaded.
INFO - 2021-09-16 20:22:45 --> Session: Class initialized using 'CodeIgniter\Session\Handlers\FileHandler' driver.
INFO - 2021-09-16 20:22:45 --> Controller "App\Controllers\bukutamu\Bukutamu" loaded.
INFO - 2021-09-16 20:23:46 --> Controller "App\Controllers\base\Beranda" loaded.
INFO - 2021-09-16 20:23:59 --> Controller "App\Controllers\base\Beranda" loaded.
INFO - 2021-09-16 20:24:21 --> Controller "App\Controllers\base\Beranda" loaded.
INFO - 2021-09-16 20:27:52 --> Controller "App\Controllers\base\Beranda" loaded.
INFO - 2021-09-16 20:28:56 --> Controller "App\Controllers\base\Beranda" loaded.
INFO - 2021-09-16 20:30:02 --> Controller "App\Controllers\base\Beranda" loaded.
INFO - 2021-09-16 20:35:29 --> Session: Class initialized using 'CodeIgniter\Session\Handlers\FileHandler' driver.
INFO - 2021-09-16 20:35:29 --> Controller "App\Controllers\base\Dashboard" loaded.
INFO - 2021-09-16 20:35:32 --> Session: Class initialized using 'CodeIgniter\Session\Handlers\FileHandler' driver.
INFO - 2021-09-16 20:35:32 --> Controller "App\Controllers\base\Dashboard" loaded.
INFO - 2021-09-16 20:35:32 --> Session: Class initialized using 'CodeIgniter\Session\Handlers\FileHandler' driver.
INFO - 2021-09-16 20:35:32 --> Controller "App\Controllers\base\Dashboard" loaded.
INFO - 2021-09-16 20:35:36 --> Controller "App\Controllers\base\Beranda" loaded.
INFO - 2021-09-16 20:36:03 --> Controller "App\Controllers\base\Beranda" loaded.
INFO - 2021-09-16 20:40:03 --> Controller "App\Controllers\base\Beranda" loaded.
INFO - 2021-09-16 20:47:58 --> Controller "App\Controllers\base\Beranda" loaded.
INFO - 2021-09-16 20:50:02 --> Controller "App\Controllers\base\Beranda" loaded.
INFO - 2021-09-16 20:53:24 --> Session: Class initialized using 'CodeIgniter\Session\Handlers\FileHandler' driver.
INFO - 2021-09-16 20:53:24 --> Controller "App\Controllers\bukutamu\Bukutamu" loaded.
INFO - 2021-09-16 20:53:24 --> Session: Class initialized using 'CodeIgniter\Session\Handlers\FileHandler' driver.
INFO - 2021-09-16 20:53:24 --> Controller "App\Controllers\bukutamu\Bukutamu" loaded.
INFO - 2021-09-16 21:00:02 --> Controller "App\Controllers\base\Beranda" loaded.
INFO - 2021-09-16 21:10:03 --> Controller "App\Controllers\base\Beranda" loaded.
INFO - 2021-09-16 21:19:16 --> Session: Class initialized using 'CodeIgniter\Session\Handlers\FileHandler' driver.
INFO - 2021-09-16 21:19:16 --> Controller "App\Controllers\admin\Admin" loaded.
INFO - 2021-09-16 21:20:03 --> Controller "App\Controllers\base\Beranda" loaded.
INFO - 2021-09-16 21:30:02 --> Controller "App\Controllers\base\Beranda" loaded.
INFO - 2021-09-16 21:40:03 --> Controller "App\Controllers\base\Beranda" loaded.
INFO - 2021-09-16 21:50:02 --> Controller "App\Controllers\base\Beranda" loaded.
INFO - 2021-09-16 21:57:02 --> Controller "App\Controllers\base\Beranda" loaded.
INFO - 2021-09-16 22:16:25 --> Controller "App\Controllers\base\Beranda" loaded.
INFO - 2021-09-16 23:26:40 --> Controller "App\Controllers\base\Beranda" loaded.
INFO - 2021-09-16 23:47:19 --> Session: Class initialized using 'CodeIgniter\Session\Handlers\FileHandler' driver.
INFO - 2021-09-16 23:47:19 --> Controller "App\Controllers\undangan\Undangan" loaded.
