INFO - 2021-09-14 00:54:33 --> Controller "App\Controllers\base\Beranda" loaded.
INFO - 2021-09-14 02:04:42 --> Controller "App\Controllers\base\Beranda" loaded.
INFO - 2021-09-14 02:05:50 --> Controller "App\Controllers\base\Beranda" loaded.
INFO - 2021-09-14 02:05:50 --> Controller "App\Controllers\base\Beranda" loaded.
INFO - 2021-09-14 02:05:53 --> Controller "App\Controllers\base\Beranda" loaded.
INFO - 2021-09-14 02:06:24 --> Controller "App\Controllers\base\Beranda" loaded.
INFO - 2021-09-14 02:06:24 --> Controller "App\Controllers\base\Beranda" loaded.
INFO - 2021-09-14 02:06:25 --> Controller "App\Controllers\base\Beranda" loaded.
INFO - 2021-09-14 02:06:38 --> Controller "App\Controllers\base\Beranda" loaded.
INFO - 2021-09-14 02:06:38 --> Controller "App\Controllers\base\Beranda" loaded.
INFO - 2021-09-14 02:28:44 --> Controller "App\Controllers\base\Beranda" loaded.
INFO - 2021-09-14 03:02:36 --> Controller "App\Controllers\base\Beranda" loaded.
INFO - 2021-09-14 03:02:54 --> Session: Class initialized using 'CodeIgniter\Session\Handlers\FileHandler' driver.
INFO - 2021-09-14 03:02:54 --> Controller "App\Controllers\base\Order" loaded.
INFO - 2021-09-14 03:02:55 --> Controller "App\Controllers\base\Beranda" loaded.
INFO - 2021-09-14 03:03:01 --> Session: Class initialized using 'CodeIgniter\Session\Handlers\FileHandler' driver.
INFO - 2021-09-14 03:03:01 --> Controller "App\Controllers\base\Order" loaded.
INFO - 2021-09-14 03:03:03 --> Session: Class initialized using 'CodeIgniter\Session\Handlers\FileHandler' driver.
INFO - 2021-09-14 03:03:03 --> Controller "App\Controllers\base\Order" loaded.
INFO - 2021-09-14 03:03:09 --> Controller "App\Controllers\base\Beranda" loaded.
INFO - 2021-09-14 03:03:11 --> Controller "App\Controllers\base\Beranda" loaded.
INFO - 2021-09-14 05:04:07 --> Controller "App\Controllers\base\Beranda" loaded.
INFO - 2021-09-14 05:14:51 --> Session: Class initialized using 'CodeIgniter\Session\Handlers\FileHandler' driver.
INFO - 2021-09-14 05:14:51 --> Controller "App\Controllers\undangan\Undangan" loaded.
INFO - 2021-09-14 05:21:20 --> Controller "App\Controllers\base\Beranda" loaded.
INFO - 2021-09-14 05:31:39 --> Controller "App\Controllers\base\Beranda" loaded.
INFO - 2021-09-14 05:31:41 --> Controller "App\Controllers\base\Beranda" loaded.
INFO - 2021-09-14 06:18:45 --> Controller "App\Controllers\base\Beranda" loaded.
INFO - 2021-09-14 06:28:57 --> Session: Class initialized using 'CodeIgniter\Session\Handlers\FileHandler' driver.
INFO - 2021-09-14 06:28:57 --> Controller "App\Controllers\admin\Admin" loaded.
INFO - 2021-09-14 07:00:02 --> Controller "App\Controllers\base\Beranda" loaded.
INFO - 2021-09-14 07:10:02 --> Controller "App\Controllers\base\Beranda" loaded.
INFO - 2021-09-14 07:14:41 --> Controller "App\Controllers\base\Beranda" loaded.
INFO - 2021-09-14 07:14:45 --> Session: Class initialized using 'CodeIgniter\Session\Handlers\FileHandler' driver.
INFO - 2021-09-14 07:14:45 --> Controller "App\Controllers\undangan\Undangan" loaded.
INFO - 2021-09-14 07:15:26 --> Session: Class initialized using 'CodeIgniter\Session\Handlers\FileHandler' driver.
INFO - 2021-09-14 07:15:26 --> Controller "App\Controllers\undangan\Undangan" loaded.
INFO - 2021-09-14 07:15:26 --> Session: Class initialized using 'CodeIgniter\Session\Handlers\FileHandler' driver.
INFO - 2021-09-14 07:15:26 --> Controller "App\Controllers\undangan\Undangan" loaded.
INFO - 2021-09-14 07:15:26 --> Session: Class initialized using 'CodeIgniter\Session\Handlers\FileHandler' driver.
INFO - 2021-09-14 07:15:26 --> Controller "App\Controllers\undangan\Undangan" loaded.
INFO - 2021-09-14 07:16:21 --> Session: Class initialized using 'CodeIgniter\Session\Handlers\FileHandler' driver.
INFO - 2021-09-14 07:16:21 --> Controller "App\Controllers\bukutamu\Bukutamu" loaded.
INFO - 2021-09-14 07:16:26 --> Session: Class initialized using 'CodeIgniter\Session\Handlers\FileHandler' driver.
INFO - 2021-09-14 07:16:26 --> Controller "App\Controllers\bukutamu\Bukutamu" loaded.
INFO - 2021-09-14 07:16:29 --> Session: Class initialized using 'CodeIgniter\Session\Handlers\FileHandler' driver.
INFO - 2021-09-14 07:16:29 --> Controller "App\Controllers\bukutamu\Bukutamu" loaded.
INFO - 2021-09-14 07:17:01 --> Session: Class initialized using 'CodeIgniter\Session\Handlers\FileHandler' driver.
INFO - 2021-09-14 07:17:01 --> Controller "App\Controllers\base\Dashboard" loaded.
INFO - 2021-09-14 07:17:05 --> Controller "App\Controllers\base\Beranda" loaded.
INFO - 2021-09-14 07:18:05 --> Controller "App\Controllers\base\Beranda" loaded.
INFO - 2021-09-14 07:18:07 --> Controller "App\Controllers\base\Beranda" loaded.
INFO - 2021-09-14 07:18:09 --> Controller "App\Controllers\base\Beranda" loaded.
INFO - 2021-09-14 07:19:12 --> Controller "App\Controllers\base\Beranda" loaded.
INFO - 2021-09-14 07:19:28 --> Session: Class initialized using 'CodeIgniter\Session\Handlers\FileHandler' driver.
INFO - 2021-09-14 07:19:28 --> Controller "App\Controllers\base\Order" loaded.
INFO - 2021-09-14 07:19:28 --> Controller "App\Controllers\base\Beranda" loaded.
INFO - 2021-09-14 07:19:36 --> Session: Class initialized using 'CodeIgniter\Session\Handlers\FileHandler' driver.
INFO - 2021-09-14 07:19:36 --> Controller "App\Controllers\base\Order" loaded.
INFO - 2021-09-14 07:19:59 --> Session: Class initialized using 'CodeIgniter\Session\Handlers\FileHandler' driver.
INFO - 2021-09-14 07:19:59 --> Controller "App\Controllers\base\Order" loaded.
INFO - 2021-09-14 07:20:02 --> Controller "App\Controllers\base\Beranda" loaded.
INFO - 2021-09-14 07:20:15 --> Session: Class initialized using 'CodeIgniter\Session\Handlers\FileHandler' driver.
INFO - 2021-09-14 07:20:15 --> Controller "App\Controllers\base\Order" loaded.
INFO - 2021-09-14 07:20:26 --> Session: Class initialized using 'CodeIgniter\Session\Handlers\FileHandler' driver.
INFO - 2021-09-14 07:20:26 --> Controller "App\Controllers\base\Order" loaded.
INFO - 2021-09-14 07:20:34 --> Session: Class initialized using 'CodeIgniter\Session\Handlers\FileHandler' driver.
INFO - 2021-09-14 07:20:34 --> Controller "App\Controllers\base\Order" loaded.
INFO - 2021-09-14 07:20:35 --> Session: Class initialized using 'CodeIgniter\Session\Handlers\FileHandler' driver.
INFO - 2021-09-14 07:20:35 --> Controller "App\Controllers\base\Order" loaded.
INFO - 2021-09-14 07:20:42 --> Controller "App\Controllers\base\Beranda" loaded.
INFO - 2021-09-14 07:20:57 --> Session: Class initialized using 'CodeIgniter\Session\Handlers\FileHandler' driver.
INFO - 2021-09-14 07:20:57 --> Controller "App\Controllers\base\Order" loaded.
INFO - 2021-09-14 07:20:57 --> Session: Class initialized using 'CodeIgniter\Session\Handlers\FileHandler' driver.
INFO - 2021-09-14 07:20:57 --> Controller "App\Controllers\base\Order" loaded.
INFO - 2021-09-14 07:20:57 --> Session: Class initialized using 'CodeIgniter\Session\Handlers\FileHandler' driver.
INFO - 2021-09-14 07:20:57 --> Controller "App\Controllers\base\Order" loaded.
INFO - 2021-09-14 07:20:57 --> Controller "App\Controllers\base\Beranda" loaded.
INFO - 2021-09-14 07:20:59 --> Session: Class initialized using 'CodeIgniter\Session\Handlers\FileHandler' driver.
INFO - 2021-09-14 07:20:59 --> Controller "App\Controllers\base\Order" loaded.
INFO - 2021-09-14 07:21:14 --> Session: Class initialized using 'CodeIgniter\Session\Handlers\FileHandler' driver.
INFO - 2021-09-14 07:21:14 --> Controller "App\Controllers\base\Order" loaded.
INFO - 2021-09-14 07:21:37 --> Session: Class initialized using 'CodeIgniter\Session\Handlers\FileHandler' driver.
INFO - 2021-09-14 07:21:37 --> Controller "App\Controllers\base\Order" loaded.
INFO - 2021-09-14 07:21:38 --> Controller "App\Controllers\base\Beranda" loaded.
INFO - 2021-09-14 07:21:43 --> Session: Class initialized using 'CodeIgniter\Session\Handlers\FileHandler' driver.
INFO - 2021-09-14 07:21:43 --> Controller "App\Controllers\base\Order" loaded.
INFO - 2021-09-14 07:21:44 --> Session: Class initialized using 'CodeIgniter\Session\Handlers\FileHandler' driver.
INFO - 2021-09-14 07:21:44 --> Controller "App\Controllers\base\Order" loaded.
INFO - 2021-09-14 07:21:47 --> Session: Class initialized using 'CodeIgniter\Session\Handlers\FileHandler' driver.
INFO - 2021-09-14 07:21:47 --> Controller "App\Controllers\base\Order" loaded.
INFO - 2021-09-14 07:21:51 --> Session: Class initialized using 'CodeIgniter\Session\Handlers\FileHandler' driver.
INFO - 2021-09-14 07:21:51 --> Controller "App\Controllers\base\Order" loaded.
INFO - 2021-09-14 07:21:57 --> Session: Class initialized using 'CodeIgniter\Session\Handlers\FileHandler' driver.
INFO - 2021-09-14 07:21:57 --> Controller "App\Controllers\undangan\Undangan" loaded.
INFO - 2021-09-14 07:22:45 --> Session: Class initialized using 'CodeIgniter\Session\Handlers\FileHandler' driver.
INFO - 2021-09-14 07:22:45 --> Controller "App\Controllers\undangan\Undangan" loaded.
INFO - 2021-09-14 07:23:21 --> Session: Class initialized using 'CodeIgniter\Session\Handlers\FileHandler' driver.
INFO - 2021-09-14 07:23:21 --> Controller "App\Controllers\base\Dashboard" loaded.
INFO - 2021-09-14 07:23:21 --> Session: Class initialized using 'CodeIgniter\Session\Handlers\FileHandler' driver.
INFO - 2021-09-14 07:23:21 --> Controller "App\Controllers\base\Dashboard" loaded.
INFO - 2021-09-14 07:23:27 --> Session: Class initialized using 'CodeIgniter\Session\Handlers\FileHandler' driver.
INFO - 2021-09-14 07:23:27 --> Controller "App\Controllers\base\Dashboard" loaded.
INFO - 2021-09-14 07:23:27 --> Session: Class initialized using 'CodeIgniter\Session\Handlers\FileHandler' driver.
INFO - 2021-09-14 07:23:27 --> Controller "App\Controllers\base\Dashboard" loaded.
INFO - 2021-09-14 07:23:40 --> Session: Class initialized using 'CodeIgniter\Session\Handlers\FileHandler' driver.
INFO - 2021-09-14 07:23:40 --> Controller "App\Controllers\base\Dashboard" loaded.
INFO - 2021-09-14 07:23:46 --> Session: Class initialized using 'CodeIgniter\Session\Handlers\FileHandler' driver.
INFO - 2021-09-14 07:23:46 --> Controller "App\Controllers\base\Dashboard" loaded.
INFO - 2021-09-14 07:23:46 --> Session: Class initialized using 'CodeIgniter\Session\Handlers\FileHandler' driver.
INFO - 2021-09-14 07:23:46 --> Controller "App\Controllers\base\Dashboard" loaded.
INFO - 2021-09-14 07:23:53 --> Session: Class initialized using 'CodeIgniter\Session\Handlers\FileHandler' driver.
INFO - 2021-09-14 07:23:53 --> Controller "App\Controllers\undangan\Undangan" loaded.
INFO - 2021-09-14 07:24:01 --> Session: Class initialized using 'CodeIgniter\Session\Handlers\FileHandler' driver.
INFO - 2021-09-14 07:24:01 --> Controller "App\Controllers\base\Dashboard" loaded.
INFO - 2021-09-14 07:24:03 --> Session: Class initialized using 'CodeIgniter\Session\Handlers\FileHandler' driver.
INFO - 2021-09-14 07:24:03 --> Controller "App\Controllers\base\Dashboard" loaded.
INFO - 2021-09-14 07:24:09 --> Session: Class initialized using 'CodeIgniter\Session\Handlers\FileHandler' driver.
INFO - 2021-09-14 07:24:09 --> Controller "App\Controllers\base\Dashboard" loaded.
INFO - 2021-09-14 07:24:29 --> Session: Class initialized using 'CodeIgniter\Session\Handlers\FileHandler' driver.
INFO - 2021-09-14 07:24:29 --> Controller "App\Controllers\base\Dashboard" loaded.
INFO - 2021-09-14 07:24:32 --> Session: Class initialized using 'CodeIgniter\Session\Handlers\FileHandler' driver.
INFO - 2021-09-14 07:24:32 --> Controller "App\Controllers\base\Dashboard" loaded.
INFO - 2021-09-14 07:24:32 --> Controller "App\Controllers\base\Beranda" loaded.
INFO - 2021-09-14 07:24:32 --> Controller "App\Controllers\base\Beranda" loaded.
INFO - 2021-09-14 07:24:32 --> Controller "App\Controllers\base\Beranda" loaded.
INFO - 2021-09-14 07:24:35 --> Session: Class initialized using 'CodeIgniter\Session\Handlers\FileHandler' driver.
INFO - 2021-09-14 07:24:35 --> Controller "App\Controllers\base\Dashboard" loaded.
INFO - 2021-09-14 07:24:36 --> Session: Class initialized using 'CodeIgniter\Session\Handlers\FileHandler' driver.
INFO - 2021-09-14 07:24:36 --> Controller "App\Controllers\base\Dashboard" loaded.
INFO - 2021-09-14 07:24:52 --> Session: Class initialized using 'CodeIgniter\Session\Handlers\FileHandler' driver.
INFO - 2021-09-14 07:24:52 --> Controller "App\Controllers\undangan\Undangan" loaded.
INFO - 2021-09-14 07:25:18 --> Session: Class initialized using 'CodeIgniter\Session\Handlers\FileHandler' driver.
INFO - 2021-09-14 07:25:18 --> Controller "App\Controllers\base\Dashboard" loaded.
INFO - 2021-09-14 07:25:41 --> Session: Class initialized using 'CodeIgniter\Session\Handlers\FileHandler' driver.
INFO - 2021-09-14 07:25:41 --> Controller "App\Controllers\base\Dashboard" loaded.
INFO - 2021-09-14 07:25:43 --> Session: Class initialized using 'CodeIgniter\Session\Handlers\FileHandler' driver.
INFO - 2021-09-14 07:25:43 --> Controller "App\Controllers\base\Dashboard" loaded.
INFO - 2021-09-14 07:25:49 --> Session: Class initialized using 'CodeIgniter\Session\Handlers\FileHandler' driver.
INFO - 2021-09-14 07:25:49 --> Controller "App\Controllers\base\Dashboard" loaded.
INFO - 2021-09-14 07:25:49 --> Session: Class initialized using 'CodeIgniter\Session\Handlers\FileHandler' driver.
INFO - 2021-09-14 07:25:49 --> Controller "App\Controllers\base\Dashboard" loaded.
INFO - 2021-09-14 07:25:57 --> Session: Class initialized using 'CodeIgniter\Session\Handlers\FileHandler' driver.
INFO - 2021-09-14 07:25:57 --> Controller "App\Controllers\base\Dashboard" loaded.
INFO - 2021-09-14 07:26:00 --> Session: Class initialized using 'CodeIgniter\Session\Handlers\FileHandler' driver.
INFO - 2021-09-14 07:26:00 --> Controller "App\Controllers\base\Dashboard" loaded.
INFO - 2021-09-14 07:28:05 --> Session: Class initialized using 'CodeIgniter\Session\Handlers\FileHandler' driver.
INFO - 2021-09-14 07:28:05 --> Controller "App\Controllers\base\Dashboard" loaded.
INFO - 2021-09-14 07:28:06 --> Controller "App\Controllers\base\Beranda" loaded.
INFO - 2021-09-14 07:28:06 --> Controller "App\Controllers\base\Beranda" loaded.
INFO - 2021-09-14 07:28:06 --> Controller "App\Controllers\base\Beranda" loaded.
INFO - 2021-09-14 07:28:10 --> Session: Class initialized using 'CodeIgniter\Session\Handlers\FileHandler' driver.
INFO - 2021-09-14 07:28:10 --> Controller "App\Controllers\bukutamu\Bukutamu" loaded.
INFO - 2021-09-14 07:28:34 --> Session: Class initialized using 'CodeIgniter\Session\Handlers\FileHandler' driver.
INFO - 2021-09-14 07:28:34 --> Controller "App\Controllers\bukutamu\Bukutamu" loaded.
INFO - 2021-09-14 07:30:02 --> Controller "App\Controllers\base\Beranda" loaded.
INFO - 2021-09-14 07:40:02 --> Controller "App\Controllers\base\Beranda" loaded.
INFO - 2021-09-14 07:46:32 --> Controller "App\Controllers\base\Beranda" loaded.
INFO - 2021-09-14 07:50:02 --> Controller "App\Controllers\base\Beranda" loaded.
INFO - 2021-09-14 08:00:03 --> Controller "App\Controllers\base\Beranda" loaded.
INFO - 2021-09-14 08:10:02 --> Controller "App\Controllers\base\Beranda" loaded.
INFO - 2021-09-14 08:19:58 --> Controller "App\Controllers\base\Beranda" loaded.
INFO - 2021-09-14 08:20:02 --> Controller "App\Controllers\base\Beranda" loaded.
INFO - 2021-09-14 08:30:03 --> Controller "App\Controllers\base\Beranda" loaded.
INFO - 2021-09-14 08:40:02 --> Controller "App\Controllers\base\Beranda" loaded.
INFO - 2021-09-14 08:50:02 --> Controller "App\Controllers\base\Beranda" loaded.
INFO - 2021-09-14 09:00:03 --> Controller "App\Controllers\base\Beranda" loaded.
INFO - 2021-09-14 09:10:02 --> Controller "App\Controllers\base\Beranda" loaded.
INFO - 2021-09-14 09:20:02 --> Controller "App\Controllers\base\Beranda" loaded.
INFO - 2021-09-14 09:30:02 --> Controller "App\Controllers\base\Beranda" loaded.
INFO - 2021-09-14 09:40:02 --> Controller "App\Controllers\base\Beranda" loaded.
INFO - 2021-09-14 09:44:18 --> Controller "App\Controllers\base\Beranda" loaded.
INFO - 2021-09-14 09:45:35 --> Controller "App\Controllers\base\Beranda" loaded.
INFO - 2021-09-14 09:47:58 --> Session: Class initialized using 'CodeIgniter\Session\Handlers\FileHandler' driver.
INFO - 2021-09-14 09:47:58 --> Controller "App\Controllers\base\Order" loaded.
INFO - 2021-09-14 09:47:59 --> Controller "App\Controllers\base\Beranda" loaded.
INFO - 2021-09-14 09:48:14 --> Session: Class initialized using 'CodeIgniter\Session\Handlers\FileHandler' driver.
INFO - 2021-09-14 09:48:14 --> Controller "App\Controllers\base\Order" loaded.
INFO - 2021-09-14 09:48:32 --> Controller "App\Controllers\base\Beranda" loaded.
INFO - 2021-09-14 09:48:46 --> Controller "App\Controllers\base\Beranda" loaded.
INFO - 2021-09-14 09:50:02 --> Controller "App\Controllers\base\Beranda" loaded.
INFO - 2021-09-14 09:52:28 --> Session: Class initialized using 'CodeIgniter\Session\Handlers\FileHandler' driver.
INFO - 2021-09-14 09:52:28 --> Controller "App\Controllers\bukutamu\Bukutamu" loaded.
INFO - 2021-09-14 10:00:02 --> Controller "App\Controllers\base\Beranda" loaded.
INFO - 2021-09-14 10:00:58 --> Controller "App\Controllers\base\Beranda" loaded.
INFO - 2021-09-14 10:01:30 --> Session: Class initialized using 'CodeIgniter\Session\Handlers\FileHandler' driver.
INFO - 2021-09-14 10:01:30 --> Controller "App\Controllers\base\Order" loaded.
INFO - 2021-09-14 10:02:28 --> Controller "App\Controllers\base\Beranda" loaded.
INFO - 2021-09-14 10:09:22 --> Controller "App\Controllers\base\Beranda" loaded.
INFO - 2021-09-14 10:09:35 --> Controller "App\Controllers\base\Beranda" loaded.
INFO - 2021-09-14 10:09:48 --> Controller "App\Controllers\base\Beranda" loaded.
INFO - 2021-09-14 10:09:53 --> Controller "App\Controllers\base\Beranda" loaded.
INFO - 2021-09-14 10:09:53 --> Controller "App\Controllers\base\Beranda" loaded.
INFO - 2021-09-14 10:09:53 --> Controller "App\Controllers\base\Beranda" loaded.
INFO - 2021-09-14 10:10:02 --> Controller "App\Controllers\base\Beranda" loaded.
INFO - 2021-09-14 10:10:07 --> Controller "App\Controllers\base\Beranda" loaded.
INFO - 2021-09-14 10:11:08 --> Session: Class initialized using 'CodeIgniter\Session\Handlers\FileHandler' driver.
INFO - 2021-09-14 10:11:08 --> Controller "App\Controllers\undangan\Undangan" loaded.
INFO - 2021-09-14 10:20:03 --> Controller "App\Controllers\base\Beranda" loaded.
INFO - 2021-09-14 10:30:02 --> Controller "App\Controllers\base\Beranda" loaded.
INFO - 2021-09-14 10:35:29 --> Controller "App\Controllers\base\Beranda" loaded.
INFO - 2021-09-14 10:35:39 --> Session: Class initialized using 'CodeIgniter\Session\Handlers\FileHandler' driver.
INFO - 2021-09-14 10:35:39 --> Controller "App\Controllers\base\Order" loaded.
INFO - 2021-09-14 10:35:41 --> Controller "App\Controllers\base\Beranda" loaded.
INFO - 2021-09-14 10:40:03 --> Controller "App\Controllers\base\Beranda" loaded.
INFO - 2021-09-14 10:50:02 --> Controller "App\Controllers\base\Beranda" loaded.
INFO - 2021-09-14 11:00:03 --> Controller "App\Controllers\base\Beranda" loaded.
INFO - 2021-09-14 11:10:03 --> Controller "App\Controllers\base\Beranda" loaded.
INFO - 2021-09-14 11:20:02 --> Controller "App\Controllers\base\Beranda" loaded.
INFO - 2021-09-14 11:30:02 --> Controller "App\Controllers\base\Beranda" loaded.
INFO - 2021-09-14 11:40:03 --> Controller "App\Controllers\base\Beranda" loaded.
INFO - 2021-09-14 11:50:02 --> Controller "App\Controllers\base\Beranda" loaded.
INFO - 2021-09-14 12:00:02 --> Controller "App\Controllers\base\Beranda" loaded.
INFO - 2021-09-14 12:04:53 --> Controller "App\Controllers\base\Beranda" loaded.
INFO - 2021-09-14 12:05:03 --> Session: Class initialized using 'CodeIgniter\Session\Handlers\FileHandler' driver.
INFO - 2021-09-14 12:05:03 --> Controller "App\Controllers\base\Order" loaded.
INFO - 2021-09-14 12:05:07 --> Controller "App\Controllers\base\Beranda" loaded.
INFO - 2021-09-14 12:10:02 --> Controller "App\Controllers\base\Beranda" loaded.
INFO - 2021-09-14 12:18:47 --> Controller "App\Controllers\base\Beranda" loaded.
INFO - 2021-09-14 12:18:53 --> Session: Class initialized using 'CodeIgniter\Session\Handlers\FileHandler' driver.
INFO - 2021-09-14 12:18:53 --> Controller "App\Controllers\base\Order" loaded.
INFO - 2021-09-14 12:18:53 --> Controller "App\Controllers\base\Beranda" loaded.
INFO - 2021-09-14 12:19:03 --> Controller "App\Controllers\base\Beranda" loaded.
INFO - 2021-09-14 12:19:05 --> Session: Class initialized using 'CodeIgniter\Session\Handlers\FileHandler' driver.
INFO - 2021-09-14 12:19:05 --> Controller "App\Controllers\base\Order" loaded.
INFO - 2021-09-14 12:19:05 --> Controller "App\Controllers\base\Beranda" loaded.
INFO - 2021-09-14 12:19:44 --> Controller "App\Controllers\base\Beranda" loaded.
INFO - 2021-09-14 12:20:02 --> Controller "App\Controllers\base\Beranda" loaded.
INFO - 2021-09-14 12:30:02 --> Controller "App\Controllers\base\Beranda" loaded.
INFO - 2021-09-14 12:40:03 --> Controller "App\Controllers\base\Beranda" loaded.
INFO - 2021-09-14 12:50:02 --> Controller "App\Controllers\base\Beranda" loaded.
INFO - 2021-09-14 13:00:02 --> Controller "App\Controllers\base\Beranda" loaded.
INFO - 2021-09-14 13:10:02 --> Controller "App\Controllers\base\Beranda" loaded.
INFO - 2021-09-14 13:20:02 --> Controller "App\Controllers\base\Beranda" loaded.
INFO - 2021-09-14 13:29:11 --> Controller "App\Controllers\base\Beranda" loaded.
INFO - 2021-09-14 13:29:11 --> Controller "App\Controllers\base\Beranda" loaded.
INFO - 2021-09-14 13:29:11 --> Controller "App\Controllers\base\Beranda" loaded.
INFO - 2021-09-14 13:29:11 --> Controller "App\Controllers\base\Beranda" loaded.
INFO - 2021-09-14 13:29:12 --> Controller "App\Controllers\base\Beranda" loaded.
INFO - 2021-09-14 13:29:12 --> Controller "App\Controllers\base\Beranda" loaded.
INFO - 2021-09-14 13:29:12 --> Controller "App\Controllers\base\Beranda" loaded.
INFO - 2021-09-14 13:29:12 --> Controller "App\Controllers\base\Beranda" loaded.
INFO - 2021-09-14 13:29:12 --> Controller "App\Controllers\base\Beranda" loaded.
INFO - 2021-09-14 13:29:12 --> Controller "App\Controllers\base\Beranda" loaded.
INFO - 2021-09-14 13:29:12 --> Controller "App\Controllers\base\Beranda" loaded.
INFO - 2021-09-14 13:29:13 --> Controller "App\Controllers\base\Beranda" loaded.
INFO - 2021-09-14 13:29:13 --> Controller "App\Controllers\base\Beranda" loaded.
INFO - 2021-09-14 13:29:13 --> Controller "App\Controllers\base\Beranda" loaded.
INFO - 2021-09-14 13:29:13 --> Controller "App\Controllers\base\Beranda" loaded.
INFO - 2021-09-14 13:29:13 --> Controller "App\Controllers\base\Beranda" loaded.
INFO - 2021-09-14 13:29:14 --> Controller "App\Controllers\base\Beranda" loaded.
INFO - 2021-09-14 13:29:14 --> Controller "App\Controllers\base\Beranda" loaded.
INFO - 2021-09-14 13:29:14 --> Controller "App\Controllers\base\Beranda" loaded.
INFO - 2021-09-14 13:29:14 --> Controller "App\Controllers\base\Beranda" loaded.
INFO - 2021-09-14 13:30:02 --> Controller "App\Controllers\base\Beranda" loaded.
INFO - 2021-09-14 13:40:03 --> Controller "App\Controllers\base\Beranda" loaded.
INFO - 2021-09-14 13:50:03 --> Controller "App\Controllers\base\Beranda" loaded.
INFO - 2021-09-14 14:00:02 --> Controller "App\Controllers\base\Beranda" loaded.
INFO - 2021-09-14 14:10:03 --> Controller "App\Controllers\base\Beranda" loaded.
INFO - 2021-09-14 14:20:03 --> Controller "App\Controllers\base\Beranda" loaded.
INFO - 2021-09-14 14:30:02 --> Controller "App\Controllers\base\Beranda" loaded.
INFO - 2021-09-14 14:40:02 --> Controller "App\Controllers\base\Beranda" loaded.
INFO - 2021-09-14 14:50:03 --> Controller "App\Controllers\base\Beranda" loaded.
INFO - 2021-09-14 15:00:02 --> Controller "App\Controllers\base\Beranda" loaded.
INFO - 2021-09-14 15:10:02 --> Controller "App\Controllers\base\Beranda" loaded.
INFO - 2021-09-14 15:16:38 --> Controller "App\Controllers\base\Beranda" loaded.
INFO - 2021-09-14 15:20:03 --> Controller "App\Controllers\base\Beranda" loaded.
INFO - 2021-09-14 15:30:02 --> Controller "App\Controllers\base\Beranda" loaded.
INFO - 2021-09-14 15:31:51 --> Controller "App\Controllers\base\Beranda" loaded.
INFO - 2021-09-14 15:40:02 --> Controller "App\Controllers\base\Beranda" loaded.
INFO - 2021-09-14 15:50:02 --> Controller "App\Controllers\base\Beranda" loaded.
INFO - 2021-09-14 15:59:03 --> Controller "App\Controllers\base\Beranda" loaded.
INFO - 2021-09-14 16:00:03 --> Controller "App\Controllers\base\Beranda" loaded.
INFO - 2021-09-14 16:10:02 --> Controller "App\Controllers\base\Beranda" loaded.
INFO - 2021-09-14 16:20:03 --> Controller "App\Controllers\base\Beranda" loaded.
INFO - 2021-09-14 16:27:28 --> Session: Class initialized using 'CodeIgniter\Session\Handlers\FileHandler' driver.
INFO - 2021-09-14 16:27:28 --> Controller "App\Controllers\base\Order" loaded.
INFO - 2021-09-14 16:30:02 --> Controller "App\Controllers\base\Beranda" loaded.
INFO - 2021-09-14 16:40:02 --> Controller "App\Controllers\base\Beranda" loaded.
INFO - 2021-09-14 16:50:02 --> Controller "App\Controllers\base\Beranda" loaded.
INFO - 2021-09-14 16:57:17 --> Session: Class initialized using 'CodeIgniter\Session\Handlers\FileHandler' driver.
INFO - 2021-09-14 16:57:17 --> Controller "App\Controllers\admin\Admin" loaded.
INFO - 2021-09-14 16:57:35 --> Session: Class initialized using 'CodeIgniter\Session\Handlers\FileHandler' driver.
INFO - 2021-09-14 16:57:35 --> Controller "App\Controllers\admin\Admin" loaded.
INFO - 2021-09-14 16:57:35 --> Session: Class initialized using 'CodeIgniter\Session\Handlers\FileHandler' driver.
INFO - 2021-09-14 16:57:35 --> Controller "App\Controllers\admin\Admin" loaded.
INFO - 2021-09-14 16:57:45 --> Session: Class initialized using 'CodeIgniter\Session\Handlers\FileHandler' driver.
INFO - 2021-09-14 16:57:45 --> Controller "App\Controllers\admin\Admin" loaded.
INFO - 2021-09-14 17:00:03 --> Controller "App\Controllers\base\Beranda" loaded.
INFO - 2021-09-14 17:00:41 --> Session: Class initialized using 'CodeIgniter\Session\Handlers\FileHandler' driver.
INFO - 2021-09-14 17:00:41 --> Controller "App\Controllers\admin\Admin" loaded.
INFO - 2021-09-14 17:03:27 --> Session: Class initialized using 'CodeIgniter\Session\Handlers\FileHandler' driver.
INFO - 2021-09-14 17:03:27 --> Controller "App\Controllers\admin\Admin" loaded.
CRITICAL - 2021-09-14 17:03:27 --> Unknown column 'url_wa' in 'field list'
#0 /home/nguh5634/public_html/system/Database/MySQLi/Connection.php(330): mysqli->query('UPDATE `setting...')
#1 /home/nguh5634/public_html/system/Database/BaseConnection.php(738): CodeIgniter\Database\MySQLi\Connection->execute('UPDATE `setting...')
#2 /home/nguh5634/public_html/system/Database/BaseConnection.php(666): CodeIgniter\Database\BaseConnection->simpleQuery('UPDATE `setting...')
#3 /home/nguh5634/public_html/system/Database/BaseBuilder.php(2410): CodeIgniter\Database\BaseConnection->query('UPDATE `setting...', Array, false)
#4 /home/nguh5634/public_html/app/Models/admin/AdminModel.php(377): CodeIgniter\Database\BaseBuilder->update(Array)
#5 /home/nguh5634/public_html/app/Controllers/admin/Admin.php(294): App\Models\admin\AdminModel->update_setting(Array)
#6 /home/nguh5634/public_html/system/CodeIgniter.php(910): App\Controllers\admin\Admin->do_update_setting_2()
#7 /home/nguh5634/public_html/system/CodeIgniter.php(398): CodeIgniter\CodeIgniter->runController(Object(App\Controllers\admin\Admin))
#8 /home/nguh5634/public_html/system/CodeIgniter.php(306): CodeIgniter\CodeIgniter->handleRequest(NULL, Object(Config\Cache), false)
#9 /home/nguh5634/public_html/index.php(45): CodeIgniter\CodeIgniter->run()
#10 {main}
INFO - 2021-09-14 17:03:34 --> Session: Class initialized using 'CodeIgniter\Session\Handlers\FileHandler' driver.
INFO - 2021-09-14 17:03:34 --> Controller "App\Controllers\admin\Admin" loaded.
CRITICAL - 2021-09-14 17:03:34 --> Unknown column 'url_wa' in 'field list'
#0 /home/nguh5634/public_html/system/Database/MySQLi/Connection.php(330): mysqli->query('UPDATE `setting...')
#1 /home/nguh5634/public_html/system/Database/BaseConnection.php(738): CodeIgniter\Database\MySQLi\Connection->execute('UPDATE `setting...')
#2 /home/nguh5634/public_html/system/Database/BaseConnection.php(666): CodeIgniter\Database\BaseConnection->simpleQuery('UPDATE `setting...')
#3 /home/nguh5634/public_html/system/Database/BaseBuilder.php(2410): CodeIgniter\Database\BaseConnection->query('UPDATE `setting...', Array, false)
#4 /home/nguh5634/public_html/app/Models/admin/AdminModel.php(377): CodeIgniter\Database\BaseBuilder->update(Array)
#5 /home/nguh5634/public_html/app/Controllers/admin/Admin.php(294): App\Models\admin\AdminModel->update_setting(Array)
#6 /home/nguh5634/public_html/system/CodeIgniter.php(910): App\Controllers\admin\Admin->do_update_setting_2()
#7 /home/nguh5634/public_html/system/CodeIgniter.php(398): CodeIgniter\CodeIgniter->runController(Object(App\Controllers\admin\Admin))
#8 /home/nguh5634/public_html/system/CodeIgniter.php(306): CodeIgniter\CodeIgniter->handleRequest(NULL, Object(Config\Cache), false)
#9 /home/nguh5634/public_html/index.php(45): CodeIgniter\CodeIgniter->run()
#10 {main}
INFO - 2021-09-14 17:03:38 --> Session: Class initialized using 'CodeIgniter\Session\Handlers\FileHandler' driver.
INFO - 2021-09-14 17:03:38 --> Controller "App\Controllers\admin\Admin" loaded.
INFO - 2021-09-14 17:03:44 --> Session: Class initialized using 'CodeIgniter\Session\Handlers\FileHandler' driver.
INFO - 2021-09-14 17:03:44 --> Controller "App\Controllers\admin\Admin" loaded.
CRITICAL - 2021-09-14 17:03:44 --> Unknown column 'url_wa' in 'field list'
#0 /home/nguh5634/public_html/system/Database/MySQLi/Connection.php(330): mysqli->query('UPDATE `setting...')
#1 /home/nguh5634/public_html/system/Database/BaseConnection.php(738): CodeIgniter\Database\MySQLi\Connection->execute('UPDATE `setting...')
#2 /home/nguh5634/public_html/system/Database/BaseConnection.php(666): CodeIgniter\Database\BaseConnection->simpleQuery('UPDATE `setting...')
#3 /home/nguh5634/public_html/system/Database/BaseBuilder.php(2410): CodeIgniter\Database\BaseConnection->query('UPDATE `setting...', Array, false)
#4 /home/nguh5634/public_html/app/Models/admin/AdminModel.php(377): CodeIgniter\Database\BaseBuilder->update(Array)
#5 /home/nguh5634/public_html/app/Controllers/admin/Admin.php(294): App\Models\admin\AdminModel->update_setting(Array)
#6 /home/nguh5634/public_html/system/CodeIgniter.php(910): App\Controllers\admin\Admin->do_update_setting_2()
#7 /home/nguh5634/public_html/system/CodeIgniter.php(398): CodeIgniter\CodeIgniter->runController(Object(App\Controllers\admin\Admin))
#8 /home/nguh5634/public_html/system/CodeIgniter.php(306): CodeIgniter\CodeIgniter->handleRequest(NULL, Object(Config\Cache), false)
#9 /home/nguh5634/public_html/index.php(45): CodeIgniter\CodeIgniter->run()
#10 {main}
INFO - 2021-09-14 17:04:01 --> Session: Class initialized using 'CodeIgniter\Session\Handlers\FileHandler' driver.
INFO - 2021-09-14 17:04:01 --> Controller "App\Controllers\admin\Admin" loaded.
CRITICAL - 2021-09-14 17:04:01 --> Unknown column 'url_wa' in 'field list'
#0 /home/nguh5634/public_html/system/Database/MySQLi/Connection.php(330): mysqli->query('UPDATE `setting...')
#1 /home/nguh5634/public_html/system/Database/BaseConnection.php(738): CodeIgniter\Database\MySQLi\Connection->execute('UPDATE `setting...')
#2 /home/nguh5634/public_html/system/Database/BaseConnection.php(666): CodeIgniter\Database\BaseConnection->simpleQuery('UPDATE `setting...')
#3 /home/nguh5634/public_html/system/Database/BaseBuilder.php(2410): CodeIgniter\Database\BaseConnection->query('UPDATE `setting...', Array, false)
#4 /home/nguh5634/public_html/app/Models/admin/AdminModel.php(377): CodeIgniter\Database\BaseBuilder->update(Array)
#5 /home/nguh5634/public_html/app/Controllers/admin/Admin.php(294): App\Models\admin\AdminModel->update_setting(Array)
#6 /home/nguh5634/public_html/system/CodeIgniter.php(910): App\Controllers\admin\Admin->do_update_setting_2()
#7 /home/nguh5634/public_html/system/CodeIgniter.php(398): CodeIgniter\CodeIgniter->runController(Object(App\Controllers\admin\Admin))
#8 /home/nguh5634/public_html/system/CodeIgniter.php(306): CodeIgniter\CodeIgniter->handleRequest(NULL, Object(Config\Cache), false)
#9 /home/nguh5634/public_html/index.php(45): CodeIgniter\CodeIgniter->run()
#10 {main}
INFO - 2021-09-14 17:04:04 --> Session: Class initialized using 'CodeIgniter\Session\Handlers\FileHandler' driver.
INFO - 2021-09-14 17:04:04 --> Controller "App\Controllers\admin\Admin" loaded.
CRITICAL - 2021-09-14 17:04:04 --> Unknown column 'url_wa' in 'field list'
#0 /home/nguh5634/public_html/system/Database/MySQLi/Connection.php(330): mysqli->query('UPDATE `setting...')
#1 /home/nguh5634/public_html/system/Database/BaseConnection.php(738): CodeIgniter\Database\MySQLi\Connection->execute('UPDATE `setting...')
#2 /home/nguh5634/public_html/system/Database/BaseConnection.php(666): CodeIgniter\Database\BaseConnection->simpleQuery('UPDATE `setting...')
#3 /home/nguh5634/public_html/system/Database/BaseBuilder.php(2410): CodeIgniter\Database\BaseConnection->query('UPDATE `setting...', Array, false)
#4 /home/nguh5634/public_html/app/Models/admin/AdminModel.php(377): CodeIgniter\Database\BaseBuilder->update(Array)
#5 /home/nguh5634/public_html/app/Controllers/admin/Admin.php(294): App\Models\admin\AdminModel->update_setting(Array)
#6 /home/nguh5634/public_html/system/CodeIgniter.php(910): App\Controllers\admin\Admin->do_update_setting_2()
#7 /home/nguh5634/public_html/system/CodeIgniter.php(398): CodeIgniter\CodeIgniter->runController(Object(App\Controllers\admin\Admin))
#8 /home/nguh5634/public_html/system/CodeIgniter.php(306): CodeIgniter\CodeIgniter->handleRequest(NULL, Object(Config\Cache), false)
#9 /home/nguh5634/public_html/index.php(45): CodeIgniter\CodeIgniter->run()
#10 {main}
INFO - 2021-09-14 17:05:02 --> Session: Class initialized using 'CodeIgniter\Session\Handlers\FileHandler' driver.
INFO - 2021-09-14 17:05:02 --> Controller "App\Controllers\admin\Admin" loaded.
INFO - 2021-09-14 17:05:09 --> Session: Class initialized using 'CodeIgniter\Session\Handlers\FileHandler' driver.
INFO - 2021-09-14 17:05:09 --> Controller "App\Controllers\admin\Admin" loaded.
CRITICAL - 2021-09-14 17:05:09 --> Unknown column 'url_wa' in 'field list'
#0 /home/nguh5634/public_html/system/Database/MySQLi/Connection.php(330): mysqli->query('UPDATE `setting...')
#1 /home/nguh5634/public_html/system/Database/BaseConnection.php(738): CodeIgniter\Database\MySQLi\Connection->execute('UPDATE `setting...')
#2 /home/nguh5634/public_html/system/Database/BaseConnection.php(666): CodeIgniter\Database\BaseConnection->simpleQuery('UPDATE `setting...')
#3 /home/nguh5634/public_html/system/Database/BaseBuilder.php(2410): CodeIgniter\Database\BaseConnection->query('UPDATE `setting...', Array, false)
#4 /home/nguh5634/public_html/app/Models/admin/AdminModel.php(377): CodeIgniter\Database\BaseBuilder->update(Array)
#5 /home/nguh5634/public_html/app/Controllers/admin/Admin.php(294): App\Models\admin\AdminModel->update_setting(Array)
#6 /home/nguh5634/public_html/system/CodeIgniter.php(910): App\Controllers\admin\Admin->do_update_setting_2()
#7 /home/nguh5634/public_html/system/CodeIgniter.php(398): CodeIgniter\CodeIgniter->runController(Object(App\Controllers\admin\Admin))
#8 /home/nguh5634/public_html/system/CodeIgniter.php(306): CodeIgniter\CodeIgniter->handleRequest(NULL, Object(Config\Cache), false)
#9 /home/nguh5634/public_html/index.php(45): CodeIgniter\CodeIgniter->run()
#10 {main}
INFO - 2021-09-14 17:05:44 --> Session: Class initialized using 'CodeIgniter\Session\Handlers\FileHandler' driver.
INFO - 2021-09-14 17:05:44 --> Controller "App\Controllers\admin\Admin" loaded.
CRITICAL - 2021-09-14 17:05:44 --> Undefined property: stdClass::$url_wa
#0 /home/nguh5634/public_html/app/Views/admin/setting.php(50): CodeIgniter\Debug\Exceptions->errorHandler(8, 'Undefined prope...', '/home/nguh5634/...', 50, Array)
#1 /home/nguh5634/public_html/system/View/View.php(236): include('/home/nguh5634/...')
#2 /home/nguh5634/public_html/system/Common.php(1071): CodeIgniter\View\View->render('admin/setting', Array, true)
#3 /home/nguh5634/public_html/app/Views/admin/layout.php(112): view('admin/setting')
#4 /home/nguh5634/public_html/system/View/View.php(236): include('/home/nguh5634/...')
#5 /home/nguh5634/public_html/system/Common.php(1071): CodeIgniter\View\View->render('admin/setting', Array, true)
#6 /home/nguh5634/public_html/app/Controllers/admin/Admin.php(260): view('admin/layout', Array)
#7 /home/nguh5634/public_html/system/CodeIgniter.php(910): App\Controllers\admin\Admin->setting()
#8 /home/nguh5634/public_html/system/CodeIgniter.php(398): CodeIgniter\CodeIgniter->runController(Object(App\Controllers\admin\Admin))
#9 /home/nguh5634/public_html/system/CodeIgniter.php(306): CodeIgniter\CodeIgniter->handleRequest(NULL, Object(Config\Cache), false)
#10 /home/nguh5634/public_html/index.php(45): CodeIgniter\CodeIgniter->run()
#11 {main}
INFO - 2021-09-14 17:07:31 --> Session: Class initialized using 'CodeIgniter\Session\Handlers\FileHandler' driver.
INFO - 2021-09-14 17:07:31 --> Controller "App\Controllers\admin\Admin" loaded.
INFO - 2021-09-14 17:07:34 --> Session: Class initialized using 'CodeIgniter\Session\Handlers\FileHandler' driver.
INFO - 2021-09-14 17:07:34 --> Controller "App\Controllers\admin\Admin" loaded.
INFO - 2021-09-14 17:07:46 --> Session: Class initialized using 'CodeIgniter\Session\Handlers\FileHandler' driver.
INFO - 2021-09-14 17:07:46 --> Controller "App\Controllers\admin\Admin" loaded.
INFO - 2021-09-14 17:07:46 --> Session: Class initialized using 'CodeIgniter\Session\Handlers\FileHandler' driver.
INFO - 2021-09-14 17:07:46 --> Controller "App\Controllers\admin\Admin" loaded.
INFO - 2021-09-14 17:10:02 --> Controller "App\Controllers\base\Beranda" loaded.
INFO - 2021-09-14 17:11:13 --> Controller "App\Controllers\base\Beranda" loaded.
INFO - 2021-09-14 17:12:09 --> Session: Class initialized using 'CodeIgniter\Session\Handlers\FileHandler' driver.
INFO - 2021-09-14 17:12:09 --> Controller "App\Controllers\admin\Admin" loaded.
INFO - 2021-09-14 17:12:09 --> Session: Class initialized using 'CodeIgniter\Session\Handlers\FileHandler' driver.
INFO - 2021-09-14 17:12:09 --> Controller "App\Controllers\admin\Admin" loaded.
INFO - 2021-09-14 17:20:02 --> Controller "App\Controllers\base\Beranda" loaded.
INFO - 2021-09-14 17:20:19 --> Session: Class initialized using 'CodeIgniter\Session\Handlers\FileHandler' driver.
INFO - 2021-09-14 17:20:20 --> Controller "App\Controllers\base\Dashboard" loaded.
INFO - 2021-09-14 17:20:32 --> Session: Class initialized using 'CodeIgniter\Session\Handlers\FileHandler' driver.
INFO - 2021-09-14 17:20:32 --> Controller "App\Controllers\base\Dashboard" loaded.
INFO - 2021-09-14 17:20:32 --> Session: Class initialized using 'CodeIgniter\Session\Handlers\FileHandler' driver.
INFO - 2021-09-14 17:20:32 --> Controller "App\Controllers\base\Dashboard" loaded.
INFO - 2021-09-14 17:20:42 --> Session: Class initialized using 'CodeIgniter\Session\Handlers\FileHandler' driver.
INFO - 2021-09-14 17:20:42 --> Controller "App\Controllers\base\Dashboard" loaded.
INFO - 2021-09-14 17:21:54 --> Session: Class initialized using 'CodeIgniter\Session\Handlers\FileHandler' driver.
INFO - 2021-09-14 17:21:54 --> Controller "App\Controllers\base\Dashboard" loaded.
INFO - 2021-09-14 17:21:54 --> Session: Class initialized using 'CodeIgniter\Session\Handlers\FileHandler' driver.
INFO - 2021-09-14 17:21:54 --> Controller "App\Controllers\base\Dashboard" loaded.
INFO - 2021-09-14 17:22:01 --> Session: Class initialized using 'CodeIgniter\Session\Handlers\FileHandler' driver.
INFO - 2021-09-14 17:22:01 --> Controller "App\Controllers\base\Dashboard" loaded.
INFO - 2021-09-14 17:22:02 --> Session: Class initialized using 'CodeIgniter\Session\Handlers\FileHandler' driver.
INFO - 2021-09-14 17:22:02 --> Controller "App\Controllers\base\Dashboard" loaded.
INFO - 2021-09-14 17:22:03 --> Session: Class initialized using 'CodeIgniter\Session\Handlers\FileHandler' driver.
INFO - 2021-09-14 17:22:03 --> Controller "App\Controllers\undangan\Undangan" loaded.
INFO - 2021-09-14 17:22:03 --> Session: Class initialized using 'CodeIgniter\Session\Handlers\FileHandler' driver.
INFO - 2021-09-14 17:22:03 --> Controller "App\Controllers\undangan\Undangan" loaded.
INFO - 2021-09-14 17:22:07 --> Controller "App\Controllers\base\Beranda" loaded.
INFO - 2021-09-14 17:22:12 --> Controller "App\Controllers\base\Beranda" loaded.
INFO - 2021-09-14 17:22:17 --> Controller "App\Controllers\base\Beranda" loaded.
INFO - 2021-09-14 17:22:24 --> Controller "App\Controllers\base\Beranda" loaded.
INFO - 2021-09-14 17:23:57 --> Controller "App\Controllers\base\Beranda" loaded.
INFO - 2021-09-14 17:24:00 --> Controller "App\Controllers\base\Beranda" loaded.
INFO - 2021-09-14 17:24:02 --> Controller "App\Controllers\base\Beranda" loaded.
INFO - 2021-09-14 17:26:33 --> Session: Class initialized using 'CodeIgniter\Session\Handlers\FileHandler' driver.
INFO - 2021-09-14 17:26:33 --> Controller "App\Controllers\base\Dashboard" loaded.
INFO - 2021-09-14 17:26:39 --> Session: Class initialized using 'CodeIgniter\Session\Handlers\FileHandler' driver.
INFO - 2021-09-14 17:26:39 --> Controller "App\Controllers\base\Dashboard" loaded.
INFO - 2021-09-14 17:26:39 --> Session: Class initialized using 'CodeIgniter\Session\Handlers\FileHandler' driver.
INFO - 2021-09-14 17:26:39 --> Controller "App\Controllers\base\Dashboard" loaded.
INFO - 2021-09-14 17:30:02 --> Controller "App\Controllers\base\Beranda" loaded.
INFO - 2021-09-14 17:30:05 --> Controller "App\Controllers\base\Beranda" loaded.
INFO - 2021-09-14 17:30:07 --> Controller "App\Controllers\base\Beranda" loaded.
INFO - 2021-09-14 17:34:00 --> Session: Class initialized using 'CodeIgniter\Session\Handlers\FileHandler' driver.
INFO - 2021-09-14 17:34:00 --> Controller "App\Controllers\base\Lupa_password" loaded.
INFO - 2021-09-14 17:34:06 --> Session: Class initialized using 'CodeIgniter\Session\Handlers\FileHandler' driver.
INFO - 2021-09-14 17:34:06 --> Controller "App\Controllers\base\Lupa_password" loaded.
INFO - 2021-09-14 17:34:14 --> Session: Class initialized using 'CodeIgniter\Session\Handlers\FileHandler' driver.
INFO - 2021-09-14 17:34:14 --> Controller "App\Controllers\base\Dashboard" loaded.
INFO - 2021-09-14 17:34:50 --> Session: Class initialized using 'CodeIgniter\Session\Handlers\FileHandler' driver.
INFO - 2021-09-14 17:34:50 --> Controller "App\Controllers\base\Dashboard" loaded.
INFO - 2021-09-14 17:34:50 --> Session: Class initialized using 'CodeIgniter\Session\Handlers\FileHandler' driver.
INFO - 2021-09-14 17:34:50 --> Controller "App\Controllers\base\Dashboard" loaded.
INFO - 2021-09-14 17:35:00 --> Session: Class initialized using 'CodeIgniter\Session\Handlers\FileHandler' driver.
INFO - 2021-09-14 17:35:00 --> Controller "App\Controllers\base\Dashboard" loaded.
INFO - 2021-09-14 17:35:13 --> Controller "App\Controllers\base\Beranda" loaded.
INFO - 2021-09-14 17:35:47 --> Session: Class initialized using 'CodeIgniter\Session\Handlers\FileHandler' driver.
INFO - 2021-09-14 17:35:47 --> Controller "App\Controllers\base\Dashboard" loaded.
INFO - 2021-09-14 17:35:47 --> Session: Class initialized using 'CodeIgniter\Session\Handlers\FileHandler' driver.
INFO - 2021-09-14 17:35:47 --> Controller "App\Controllers\base\Dashboard" loaded.
INFO - 2021-09-14 17:36:01 --> Session: Class initialized using 'CodeIgniter\Session\Handlers\FileHandler' driver.
INFO - 2021-09-14 17:36:01 --> Controller "App\Controllers\base\Dashboard" loaded.
INFO - 2021-09-14 17:36:02 --> Session: Class initialized using 'CodeIgniter\Session\Handlers\FileHandler' driver.
INFO - 2021-09-14 17:36:02 --> Controller "App\Controllers\base\Dashboard" loaded.
INFO - 2021-09-14 17:36:13 --> Session: Class initialized using 'CodeIgniter\Session\Handlers\FileHandler' driver.
INFO - 2021-09-14 17:36:13 --> Controller "App\Controllers\base\Lupa_password" loaded.
INFO - 2021-09-14 17:36:24 --> Session: Class initialized using 'CodeIgniter\Session\Handlers\FileHandler' driver.
INFO - 2021-09-14 17:36:24 --> Controller "App\Controllers\base\Lupa_password" loaded.
INFO - 2021-09-14 17:36:27 --> Session: Class initialized using 'CodeIgniter\Session\Handlers\FileHandler' driver.
INFO - 2021-09-14 17:36:27 --> Controller "App\Controllers\base\Dashboard" loaded.
INFO - 2021-09-14 17:37:20 --> Session: Class initialized using 'CodeIgniter\Session\Handlers\FileHandler' driver.
INFO - 2021-09-14 17:37:20 --> Controller "App\Controllers\base\Dashboard" loaded.
INFO - 2021-09-14 17:37:24 --> Session: Class initialized using 'CodeIgniter\Session\Handlers\FileHandler' driver.
INFO - 2021-09-14 17:37:24 --> Controller "App\Controllers\base\Dashboard" loaded.
INFO - 2021-09-14 17:37:48 --> Session: Class initialized using 'CodeIgniter\Session\Handlers\FileHandler' driver.
INFO - 2021-09-14 17:37:48 --> Controller "App\Controllers\base\Dashboard" loaded.
INFO - 2021-09-14 17:37:48 --> Session: Class initialized using 'CodeIgniter\Session\Handlers\FileHandler' driver.
INFO - 2021-09-14 17:37:48 --> Controller "App\Controllers\base\Dashboard" loaded.
INFO - 2021-09-14 17:38:02 --> Session: Class initialized using 'CodeIgniter\Session\Handlers\FileHandler' driver.
INFO - 2021-09-14 17:38:02 --> Controller "App\Controllers\base\Dashboard" loaded.
INFO - 2021-09-14 17:38:42 --> Session: Class initialized using 'CodeIgniter\Session\Handlers\FileHandler' driver.
INFO - 2021-09-14 17:38:42 --> Controller "App\Controllers\base\Dashboard" loaded.
INFO - 2021-09-14 17:38:42 --> Session: Class initialized using 'CodeIgniter\Session\Handlers\FileHandler' driver.
INFO - 2021-09-14 17:38:42 --> Controller "App\Controllers\base\Dashboard" loaded.
INFO - 2021-09-14 17:40:02 --> Controller "App\Controllers\base\Beranda" loaded.
INFO - 2021-09-14 17:40:20 --> Session: Class initialized using 'CodeIgniter\Session\Handlers\FileHandler' driver.
INFO - 2021-09-14 17:40:20 --> Controller "App\Controllers\base\Dashboard" loaded.
INFO - 2021-09-14 17:40:26 --> Session: Class initialized using 'CodeIgniter\Session\Handlers\FileHandler' driver.
INFO - 2021-09-14 17:40:26 --> Controller "App\Controllers\base\Dashboard" loaded.
INFO - 2021-09-14 17:40:27 --> Session: Class initialized using 'CodeIgniter\Session\Handlers\FileHandler' driver.
INFO - 2021-09-14 17:40:27 --> Controller "App\Controllers\base\Dashboard" loaded.
INFO - 2021-09-14 17:41:00 --> Session: Class initialized using 'CodeIgniter\Session\Handlers\FileHandler' driver.
INFO - 2021-09-14 17:41:00 --> Controller "App\Controllers\base\Dashboard" loaded.
INFO - 2021-09-14 17:41:00 --> Session: Class initialized using 'CodeIgniter\Session\Handlers\FileHandler' driver.
INFO - 2021-09-14 17:41:00 --> Controller "App\Controllers\base\Dashboard" loaded.
INFO - 2021-09-14 17:41:08 --> Session: Class initialized using 'CodeIgniter\Session\Handlers\FileHandler' driver.
INFO - 2021-09-14 17:41:08 --> Controller "App\Controllers\base\Dashboard" loaded.
INFO - 2021-09-14 17:41:15 --> Session: Class initialized using 'CodeIgniter\Session\Handlers\FileHandler' driver.
INFO - 2021-09-14 17:41:15 --> Controller "App\Controllers\base\Dashboard" loaded.
INFO - 2021-09-14 17:41:21 --> Session: Class initialized using 'CodeIgniter\Session\Handlers\FileHandler' driver.
INFO - 2021-09-14 17:41:21 --> Controller "App\Controllers\base\Lupa_password" loaded.
INFO - 2021-09-14 17:41:25 --> Session: Class initialized using 'CodeIgniter\Session\Handlers\FileHandler' driver.
INFO - 2021-09-14 17:41:25 --> Controller "App\Controllers\base\Lupa_password" loaded.
INFO - 2021-09-14 17:41:28 --> Session: Class initialized using 'CodeIgniter\Session\Handlers\FileHandler' driver.
INFO - 2021-09-14 17:41:28 --> Controller "App\Controllers\base\Dashboard" loaded.
INFO - 2021-09-14 17:42:50 --> Session: Class initialized using 'CodeIgniter\Session\Handlers\FileHandler' driver.
INFO - 2021-09-14 17:42:50 --> Controller "App\Controllers\base\Lupa_password" loaded.
INFO - 2021-09-14 17:42:57 --> Session: Class initialized using 'CodeIgniter\Session\Handlers\FileHandler' driver.
INFO - 2021-09-14 17:42:57 --> Controller "App\Controllers\base\Lupa_password" loaded.
INFO - 2021-09-14 17:43:01 --> Session: Class initialized using 'CodeIgniter\Session\Handlers\FileHandler' driver.
INFO - 2021-09-14 17:43:01 --> Controller "App\Controllers\base\Dashboard" loaded.
INFO - 2021-09-14 17:43:43 --> Session: Class initialized using 'CodeIgniter\Session\Handlers\FileHandler' driver.
INFO - 2021-09-14 17:43:43 --> Controller "App\Controllers\base\Lupa_password" loaded.
INFO - 2021-09-14 17:43:51 --> Session: Class initialized using 'CodeIgniter\Session\Handlers\FileHandler' driver.
INFO - 2021-09-14 17:43:51 --> Controller "App\Controllers\base\Lupa_password" loaded.
INFO - 2021-09-14 17:43:54 --> Session: Class initialized using 'CodeIgniter\Session\Handlers\FileHandler' driver.
INFO - 2021-09-14 17:43:54 --> Controller "App\Controllers\base\Dashboard" loaded.
INFO - 2021-09-14 17:43:55 --> Controller "App\Controllers\base\Beranda" loaded.
INFO - 2021-09-14 17:43:58 --> Controller "App\Controllers\base\Beranda" loaded.
INFO - 2021-09-14 17:44:30 --> Session: Class initialized using 'CodeIgniter\Session\Handlers\FileHandler' driver.
INFO - 2021-09-14 17:44:30 --> Controller "App\Controllers\base\Lupa_password" loaded.
INFO - 2021-09-14 17:44:33 --> Session: Class initialized using 'CodeIgniter\Session\Handlers\FileHandler' driver.
INFO - 2021-09-14 17:44:33 --> Controller "App\Controllers\base\Lupa_password" loaded.
INFO - 2021-09-14 17:44:37 --> Session: Class initialized using 'CodeIgniter\Session\Handlers\FileHandler' driver.
INFO - 2021-09-14 17:44:37 --> Controller "App\Controllers\base\Dashboard" loaded.
INFO - 2021-09-14 17:44:37 --> Controller "App\Controllers\base\Beranda" loaded.
INFO - 2021-09-14 17:44:45 --> Controller "App\Controllers\base\Beranda" loaded.
INFO - 2021-09-14 17:46:39 --> Session: Class initialized using 'CodeIgniter\Session\Handlers\FileHandler' driver.
INFO - 2021-09-14 17:46:39 --> Controller "App\Controllers\base\Lupa_password" loaded.
INFO - 2021-09-14 17:46:56 --> Session: Class initialized using 'CodeIgniter\Session\Handlers\FileHandler' driver.
INFO - 2021-09-14 17:46:56 --> Controller "App\Controllers\base\Lupa_password" loaded.
INFO - 2021-09-14 17:46:59 --> Session: Class initialized using 'CodeIgniter\Session\Handlers\FileHandler' driver.
INFO - 2021-09-14 17:46:59 --> Controller "App\Controllers\base\Dashboard" loaded.
INFO - 2021-09-14 17:47:00 --> Session: Class initialized using 'CodeIgniter\Session\Handlers\FileHandler' driver.
INFO - 2021-09-14 17:47:00 --> Controller "App\Controllers\base\Dashboard" loaded.
INFO - 2021-09-14 17:47:02 --> Controller "App\Controllers\base\Beranda" loaded.
INFO - 2021-09-14 17:47:13 --> Controller "App\Controllers\base\Beranda" loaded.
INFO - 2021-09-14 17:47:36 --> Session: Class initialized using 'CodeIgniter\Session\Handlers\FileHandler' driver.
INFO - 2021-09-14 17:47:36 --> Controller "App\Controllers\admin\Admin" loaded.
INFO - 2021-09-14 17:48:05 --> Session: Class initialized using 'CodeIgniter\Session\Handlers\FileHandler' driver.
INFO - 2021-09-14 17:48:05 --> Controller "App\Controllers\admin\Admin" loaded.
INFO - 2021-09-14 17:48:09 --> Session: Class initialized using 'CodeIgniter\Session\Handlers\FileHandler' driver.
INFO - 2021-09-14 17:48:09 --> Controller "App\Controllers\admin\Admin" loaded.
INFO - 2021-09-14 17:48:14 --> Controller "App\Controllers\base\Beranda" loaded.
INFO - 2021-09-14 17:49:02 --> Session: Class initialized using 'CodeIgniter\Session\Handlers\FileHandler' driver.
INFO - 2021-09-14 17:49:02 --> Controller "App\Controllers\base\Dashboard" loaded.
INFO - 2021-09-14 17:50:02 --> Controller "App\Controllers\base\Beranda" loaded.
INFO - 2021-09-14 17:54:51 --> Session: Class initialized using 'CodeIgniter\Session\Handlers\FileHandler' driver.
INFO - 2021-09-14 17:54:51 --> Controller "App\Controllers\bukutamu\Bukutamu" loaded.
INFO - 2021-09-14 17:54:54 --> Session: Class initialized using 'CodeIgniter\Session\Handlers\FileHandler' driver.
INFO - 2021-09-14 17:54:54 --> Controller "App\Controllers\bukutamu\Bukutamu" loaded.
INFO - 2021-09-14 17:54:57 --> Session: Class initialized using 'CodeIgniter\Session\Handlers\FileHandler' driver.
INFO - 2021-09-14 17:54:57 --> Controller "App\Controllers\bukutamu\Bukutamu" loaded.
INFO - 2021-09-14 18:00:02 --> Controller "App\Controllers\base\Beranda" loaded.
INFO - 2021-09-14 18:10:03 --> Controller "App\Controllers\base\Beranda" loaded.
INFO - 2021-09-14 18:20:03 --> Controller "App\Controllers\base\Beranda" loaded.
INFO - 2021-09-14 18:22:34 --> Controller "App\Controllers\base\Beranda" loaded.
INFO - 2021-09-14 18:22:44 --> Controller "App\Controllers\base\Beranda" loaded.
INFO - 2021-09-14 18:30:02 --> Controller "App\Controllers\base\Beranda" loaded.
INFO - 2021-09-14 18:33:29 --> Controller "App\Controllers\base\Beranda" loaded.
INFO - 2021-09-14 18:33:30 --> Controller "App\Controllers\base\Beranda" loaded.
INFO - 2021-09-14 18:33:33 --> Controller "App\Controllers\base\Beranda" loaded.
INFO - 2021-09-14 18:34:57 --> Controller "App\Controllers\base\Beranda" loaded.
INFO - 2021-09-14 18:40:02 --> Controller "App\Controllers\base\Beranda" loaded.
INFO - 2021-09-14 18:50:02 --> Controller "App\Controllers\base\Beranda" loaded.
INFO - 2021-09-14 19:00:02 --> Controller "App\Controllers\base\Beranda" loaded.
INFO - 2021-09-14 19:10:02 --> Controller "App\Controllers\base\Beranda" loaded.
INFO - 2021-09-14 19:20:02 --> Controller "App\Controllers\base\Beranda" loaded.
INFO - 2021-09-14 19:30:02 --> Controller "App\Controllers\base\Beranda" loaded.
INFO - 2021-09-14 19:31:38 --> Session: Class initialized using 'CodeIgniter\Session\Handlers\FileHandler' driver.
INFO - 2021-09-14 19:31:38 --> Controller "App\Controllers\undangan\Undangan" loaded.
INFO - 2021-09-14 19:39:38 --> Controller "App\Controllers\base\Beranda" loaded.
INFO - 2021-09-14 19:39:38 --> Controller "App\Controllers\base\Beranda" loaded.
INFO - 2021-09-14 19:39:40 --> Controller "App\Controllers\base\Beranda" loaded.
INFO - 2021-09-14 19:39:48 --> Session: Class initialized using 'CodeIgniter\Session\Handlers\FileHandler' driver.
INFO - 2021-09-14 19:39:48 --> Controller "App\Controllers\base\Dashboard" loaded.
INFO - 2021-09-14 19:40:02 --> Controller "App\Controllers\base\Beranda" loaded.
INFO - 2021-09-14 19:43:02 --> Controller "App\Controllers\base\Beranda" loaded.
INFO - 2021-09-14 19:50:02 --> Controller "App\Controllers\base\Beranda" loaded.
INFO - 2021-09-14 20:00:02 --> Controller "App\Controllers\base\Beranda" loaded.
INFO - 2021-09-14 20:10:03 --> Controller "App\Controllers\base\Beranda" loaded.
INFO - 2021-09-14 20:19:45 --> Controller "App\Controllers\base\Beranda" loaded.
INFO - 2021-09-14 20:20:02 --> Controller "App\Controllers\base\Beranda" loaded.
INFO - 2021-09-14 20:30:02 --> Controller "App\Controllers\base\Beranda" loaded.
INFO - 2021-09-14 20:34:41 --> Controller "App\Controllers\base\Beranda" loaded.
INFO - 2021-09-14 20:40:03 --> Controller "App\Controllers\base\Beranda" loaded.
INFO - 2021-09-14 20:50:02 --> Controller "App\Controllers\base\Beranda" loaded.
INFO - 2021-09-14 21:00:02 --> Controller "App\Controllers\base\Beranda" loaded.
INFO - 2021-09-14 21:10:02 --> Controller "App\Controllers\base\Beranda" loaded.
INFO - 2021-09-14 21:20:03 --> Controller "App\Controllers\base\Beranda" loaded.
INFO - 2021-09-14 21:30:02 --> Controller "App\Controllers\base\Beranda" loaded.
INFO - 2021-09-14 21:40:02 --> Controller "App\Controllers\base\Beranda" loaded.
INFO - 2021-09-14 21:50:03 --> Controller "App\Controllers\base\Beranda" loaded.
INFO - 2021-09-14 22:18:43 --> Controller "App\Controllers\base\Beranda" loaded.
INFO - 2021-09-14 23:22:08 --> Controller "App\Controllers\base\Beranda" loaded.
INFO - 2021-09-14 23:22:51 --> Session: Class initialized using 'CodeIgniter\Session\Handlers\FileHandler' driver.
INFO - 2021-09-14 23:22:51 --> Controller "App\Controllers\undangan\Undangan" loaded.
INFO - 2021-09-14 23:24:25 --> Controller "App\Controllers\base\Beranda" loaded.
INFO - 2021-09-14 23:24:26 --> Controller "App\Controllers\base\Beranda" loaded.
INFO - 2021-09-14 23:24:34 --> Controller "App\Controllers\base\Beranda" loaded.
INFO - 2021-09-14 23:26:33 --> Session: Class initialized using 'CodeIgniter\Session\Handlers\FileHandler' driver.
INFO - 2021-09-14 23:26:33 --> Controller "App\Controllers\base\Order" loaded.
INFO - 2021-09-14 23:26:33 --> Controller "App\Controllers\base\Beranda" loaded.
INFO - 2021-09-14 23:26:44 --> Controller "App\Controllers\base\Beranda" loaded.
INFO - 2021-09-14 23:26:47 --> Controller "App\Controllers\base\Beranda" loaded.
INFO - 2021-09-14 23:26:51 --> Session: Class initialized using 'CodeIgniter\Session\Handlers\FileHandler' driver.
INFO - 2021-09-14 23:26:51 --> Controller "App\Controllers\base\Order" loaded.
INFO - 2021-09-14 23:26:53 --> Controller "App\Controllers\base\Beranda" loaded.
INFO - 2021-09-14 23:26:56 --> Controller "App\Controllers\base\Beranda" loaded.
INFO - 2021-09-14 23:27:47 --> Session: Class initialized using 'CodeIgniter\Session\Handlers\FileHandler' driver.
INFO - 2021-09-14 23:27:47 --> Controller "App\Controllers\base\Order" loaded.
INFO - 2021-09-14 23:32:21 --> Controller "App\Controllers\base\Beranda" loaded.
INFO - 2021-09-14 23:33:06 --> Controller "App\Controllers\base\Beranda" loaded.
INFO - 2021-09-14 23:33:17 --> Controller "App\Controllers\base\Beranda" loaded.
INFO - 2021-09-14 23:33:22 --> Controller "App\Controllers\base\Beranda" loaded.
INFO - 2021-09-14 23:33:45 --> Controller "App\Controllers\base\Beranda" loaded.
INFO - 2021-09-14 23:52:53 --> Controller "App\Controllers\base\Beranda" loaded.
