INFO - 2022-01-31 00:23:13 --> Session: Class initialized using 'CodeIgniter\Session\Handlers\FileHandler' driver.
INFO - 2022-01-31 00:23:13 --> Controller "App\Controllers\base\Order" loaded.
INFO - 2022-01-31 00:35:05 --> Controller "App\Controllers\base\Beranda" loaded.
INFO - 2022-01-31 00:55:03 --> Controller "App\Controllers\base\Beranda" loaded.
INFO - 2022-01-31 01:59:16 --> Controller "App\Controllers\base\Beranda" loaded.
INFO - 2022-01-31 02:36:41 --> Controller "App\Controllers\base\Beranda" loaded.
INFO - 2022-01-31 02:59:27 --> Controller "App\Controllers\base\Beranda" loaded.
INFO - 2022-01-31 04:18:05 --> Controller "App\Controllers\base\Beranda" loaded.
INFO - 2022-01-31 04:58:29 --> Controller "App\Controllers\base\Beranda" loaded.
INFO - 2022-01-31 05:29:43 --> Controller "App\Controllers\base\Beranda" loaded.
INFO - 2022-01-31 05:29:44 --> Controller "App\Controllers\base\Beranda" loaded.
INFO - 2022-01-31 05:29:44 --> Controller "App\Controllers\base\Beranda" loaded.
INFO - 2022-01-31 05:29:45 --> Controller "App\Controllers\base\Beranda" loaded.
INFO - 2022-01-31 05:29:45 --> Controller "App\Controllers\base\Beranda" loaded.
INFO - 2022-01-31 05:29:45 --> Controller "App\Controllers\base\Beranda" loaded.
INFO - 2022-01-31 05:29:46 --> Controller "App\Controllers\base\Beranda" loaded.
INFO - 2022-01-31 05:29:46 --> Controller "App\Controllers\base\Beranda" loaded.
INFO - 2022-01-31 05:29:47 --> Controller "App\Controllers\base\Beranda" loaded.
INFO - 2022-01-31 05:29:47 --> Controller "App\Controllers\base\Beranda" loaded.
INFO - 2022-01-31 05:29:48 --> Controller "App\Controllers\base\Beranda" loaded.
INFO - 2022-01-31 05:29:48 --> Controller "App\Controllers\base\Beranda" loaded.
INFO - 2022-01-31 05:29:49 --> Controller "App\Controllers\base\Beranda" loaded.
INFO - 2022-01-31 05:29:49 --> Controller "App\Controllers\base\Beranda" loaded.
INFO - 2022-01-31 05:29:50 --> Controller "App\Controllers\base\Beranda" loaded.
INFO - 2022-01-31 05:29:50 --> Controller "App\Controllers\base\Beranda" loaded.
INFO - 2022-01-31 05:29:51 --> Controller "App\Controllers\base\Beranda" loaded.
INFO - 2022-01-31 05:29:51 --> Controller "App\Controllers\base\Beranda" loaded.
INFO - 2022-01-31 05:29:52 --> Controller "App\Controllers\base\Beranda" loaded.
INFO - 2022-01-31 05:29:52 --> Controller "App\Controllers\base\Beranda" loaded.
INFO - 2022-01-31 05:29:52 --> Controller "App\Controllers\base\Beranda" loaded.
INFO - 2022-01-31 05:29:53 --> Controller "App\Controllers\base\Beranda" loaded.
INFO - 2022-01-31 05:29:54 --> Controller "App\Controllers\base\Beranda" loaded.
INFO - 2022-01-31 05:29:54 --> Controller "App\Controllers\base\Beranda" loaded.
INFO - 2022-01-31 05:29:54 --> Controller "App\Controllers\base\Beranda" loaded.
INFO - 2022-01-31 05:29:55 --> Controller "App\Controllers\base\Beranda" loaded.
INFO - 2022-01-31 05:29:55 --> Controller "App\Controllers\base\Beranda" loaded.
INFO - 2022-01-31 05:29:56 --> Controller "App\Controllers\base\Beranda" loaded.
INFO - 2022-01-31 05:29:56 --> Controller "App\Controllers\base\Beranda" loaded.
INFO - 2022-01-31 05:29:57 --> Controller "App\Controllers\base\Beranda" loaded.
INFO - 2022-01-31 05:29:57 --> Controller "App\Controllers\base\Beranda" loaded.
INFO - 2022-01-31 05:29:58 --> Controller "App\Controllers\base\Beranda" loaded.
INFO - 2022-01-31 05:29:58 --> Controller "App\Controllers\base\Beranda" loaded.
INFO - 2022-01-31 05:29:59 --> Controller "App\Controllers\base\Beranda" loaded.
INFO - 2022-01-31 05:29:59 --> Controller "App\Controllers\base\Beranda" loaded.
INFO - 2022-01-31 05:29:59 --> Controller "App\Controllers\base\Beranda" loaded.
INFO - 2022-01-31 05:30:00 --> Controller "App\Controllers\base\Beranda" loaded.
INFO - 2022-01-31 05:30:00 --> Controller "App\Controllers\base\Beranda" loaded.
INFO - 2022-01-31 05:30:01 --> Controller "App\Controllers\base\Beranda" loaded.
INFO - 2022-01-31 05:30:02 --> Controller "App\Controllers\base\Beranda" loaded.
INFO - 2022-01-31 05:30:03 --> Controller "App\Controllers\base\Beranda" loaded.
INFO - 2022-01-31 05:30:03 --> Controller "App\Controllers\base\Beranda" loaded.
INFO - 2022-01-31 05:30:04 --> Controller "App\Controllers\base\Beranda" loaded.
INFO - 2022-01-31 05:30:05 --> Controller "App\Controllers\base\Beranda" loaded.
INFO - 2022-01-31 05:30:05 --> Controller "App\Controllers\base\Beranda" loaded.
INFO - 2022-01-31 05:30:07 --> Controller "App\Controllers\base\Beranda" loaded.
INFO - 2022-01-31 05:30:07 --> Controller "App\Controllers\base\Beranda" loaded.
INFO - 2022-01-31 05:30:08 --> Controller "App\Controllers\base\Beranda" loaded.
INFO - 2022-01-31 06:53:16 --> Session: Class initialized using 'CodeIgniter\Session\Handlers\FileHandler' driver.
INFO - 2022-01-31 06:53:16 --> Controller "App\Controllers\undangan\Undangan" loaded.
INFO - 2022-01-31 07:00:03 --> Controller "App\Controllers\base\Beranda" loaded.
INFO - 2022-01-31 07:10:03 --> Controller "App\Controllers\base\Beranda" loaded.
INFO - 2022-01-31 07:20:03 --> Controller "App\Controllers\base\Beranda" loaded.
INFO - 2022-01-31 07:30:03 --> Controller "App\Controllers\base\Beranda" loaded.
INFO - 2022-01-31 07:40:03 --> Controller "App\Controllers\base\Beranda" loaded.
INFO - 2022-01-31 07:47:31 --> Controller "App\Controllers\base\Beranda" loaded.
INFO - 2022-01-31 07:50:03 --> Controller "App\Controllers\base\Beranda" loaded.
INFO - 2022-01-31 07:59:43 --> Controller "App\Controllers\base\Beranda" loaded.
INFO - 2022-01-31 08:00:02 --> Controller "App\Controllers\base\Beranda" loaded.
INFO - 2022-01-31 08:10:03 --> Controller "App\Controllers\base\Beranda" loaded.
INFO - 2022-01-31 08:16:45 --> Controller "App\Controllers\base\Beranda" loaded.
INFO - 2022-01-31 08:18:00 --> Controller "App\Controllers\base\Beranda" loaded.
INFO - 2022-01-31 08:20:03 --> Controller "App\Controllers\base\Beranda" loaded.
INFO - 2022-01-31 08:24:49 --> Controller "App\Controllers\base\Beranda" loaded.
INFO - 2022-01-31 08:30:02 --> Controller "App\Controllers\base\Beranda" loaded.
INFO - 2022-01-31 08:34:05 --> Session: Class initialized using 'CodeIgniter\Session\Handlers\FileHandler' driver.
INFO - 2022-01-31 08:34:05 --> Controller "App\Controllers\base\Order" loaded.
INFO - 2022-01-31 08:36:35 --> Controller "App\Controllers\base\Beranda" loaded.
INFO - 2022-01-31 08:36:47 --> Controller "App\Controllers\base\Beranda" loaded.
INFO - 2022-01-31 08:37:40 --> Controller "App\Controllers\base\Beranda" loaded.
INFO - 2022-01-31 08:40:03 --> Controller "App\Controllers\base\Beranda" loaded.
INFO - 2022-01-31 08:50:03 --> Controller "App\Controllers\base\Beranda" loaded.
INFO - 2022-01-31 09:00:03 --> Controller "App\Controllers\base\Beranda" loaded.
INFO - 2022-01-31 09:10:02 --> Controller "App\Controllers\base\Beranda" loaded.
INFO - 2022-01-31 09:20:03 --> Controller "App\Controllers\base\Beranda" loaded.
INFO - 2022-01-31 09:30:03 --> Controller "App\Controllers\base\Beranda" loaded.
INFO - 2022-01-31 09:40:03 --> Controller "App\Controllers\base\Beranda" loaded.
INFO - 2022-01-31 09:42:00 --> Controller "App\Controllers\base\Beranda" loaded.
INFO - 2022-01-31 09:50:02 --> Controller "App\Controllers\base\Beranda" loaded.
INFO - 2022-01-31 10:00:03 --> Controller "App\Controllers\base\Beranda" loaded.
INFO - 2022-01-31 10:07:56 --> Controller "App\Controllers\base\Beranda" loaded.
INFO - 2022-01-31 10:10:03 --> Controller "App\Controllers\base\Beranda" loaded.
INFO - 2022-01-31 10:20:03 --> Controller "App\Controllers\base\Beranda" loaded.
INFO - 2022-01-31 10:30:03 --> Controller "App\Controllers\base\Beranda" loaded.
INFO - 2022-01-31 10:40:03 --> Controller "App\Controllers\base\Beranda" loaded.
INFO - 2022-01-31 10:50:03 --> Controller "App\Controllers\base\Beranda" loaded.
INFO - 2022-01-31 11:00:03 --> Controller "App\Controllers\base\Beranda" loaded.
INFO - 2022-01-31 11:10:03 --> Controller "App\Controllers\base\Beranda" loaded.
INFO - 2022-01-31 11:20:02 --> Controller "App\Controllers\base\Beranda" loaded.
INFO - 2022-01-31 11:21:26 --> Controller "App\Controllers\base\Beranda" loaded.
INFO - 2022-01-31 11:30:02 --> Controller "App\Controllers\base\Beranda" loaded.
INFO - 2022-01-31 11:36:13 --> Controller "App\Controllers\base\Beranda" loaded.
INFO - 2022-01-31 11:40:02 --> Controller "App\Controllers\base\Beranda" loaded.
INFO - 2022-01-31 11:50:02 --> Controller "App\Controllers\base\Beranda" loaded.
INFO - 2022-01-31 12:00:03 --> Controller "App\Controllers\base\Beranda" loaded.
INFO - 2022-01-31 12:10:02 --> Controller "App\Controllers\base\Beranda" loaded.
INFO - 2022-01-31 12:20:03 --> Controller "App\Controllers\base\Beranda" loaded.
INFO - 2022-01-31 12:27:13 --> Session: Class initialized using 'CodeIgniter\Session\Handlers\FileHandler' driver.
INFO - 2022-01-31 12:27:13 --> Controller "App\Controllers\base\Order" loaded.
INFO - 2022-01-31 12:30:03 --> Controller "App\Controllers\base\Beranda" loaded.
INFO - 2022-01-31 12:40:02 --> Controller "App\Controllers\base\Beranda" loaded.
INFO - 2022-01-31 12:46:40 --> Session: Class initialized using 'CodeIgniter\Session\Handlers\FileHandler' driver.
INFO - 2022-01-31 12:46:40 --> Controller "App\Controllers\base\Order" loaded.
INFO - 2022-01-31 12:50:02 --> Controller "App\Controllers\base\Beranda" loaded.
INFO - 2022-01-31 12:56:56 --> Controller "App\Controllers\base\Beranda" loaded.
INFO - 2022-01-31 13:00:03 --> Controller "App\Controllers\base\Beranda" loaded.
INFO - 2022-01-31 13:10:02 --> Controller "App\Controllers\base\Beranda" loaded.
INFO - 2022-01-31 13:20:03 --> Controller "App\Controllers\base\Beranda" loaded.
INFO - 2022-01-31 13:30:02 --> Controller "App\Controllers\base\Beranda" loaded.
INFO - 2022-01-31 13:33:25 --> Controller "App\Controllers\base\Beranda" loaded.
INFO - 2022-01-31 13:40:03 --> Controller "App\Controllers\base\Beranda" loaded.
INFO - 2022-01-31 13:50:03 --> Controller "App\Controllers\base\Beranda" loaded.
INFO - 2022-01-31 14:00:03 --> Controller "App\Controllers\base\Beranda" loaded.
INFO - 2022-01-31 14:00:26 --> Session: Class initialized using 'CodeIgniter\Session\Handlers\FileHandler' driver.
INFO - 2022-01-31 14:00:26 --> Controller "App\Controllers\base\Order" loaded.
INFO - 2022-01-31 14:10:02 --> Controller "App\Controllers\base\Beranda" loaded.
INFO - 2022-01-31 14:20:02 --> Controller "App\Controllers\base\Beranda" loaded.
INFO - 2022-01-31 14:30:02 --> Controller "App\Controllers\base\Beranda" loaded.
INFO - 2022-01-31 14:40:03 --> Controller "App\Controllers\base\Beranda" loaded.
INFO - 2022-01-31 14:50:02 --> Controller "App\Controllers\base\Beranda" loaded.
INFO - 2022-01-31 14:57:03 --> Session: Class initialized using 'CodeIgniter\Session\Handlers\FileHandler' driver.
INFO - 2022-01-31 14:57:03 --> Controller "App\Controllers\undangan\Undangan" loaded.
INFO - 2022-01-31 15:00:03 --> Controller "App\Controllers\base\Beranda" loaded.
INFO - 2022-01-31 15:10:02 --> Controller "App\Controllers\base\Beranda" loaded.
INFO - 2022-01-31 15:20:03 --> Controller "App\Controllers\base\Beranda" loaded.
INFO - 2022-01-31 15:29:52 --> Controller "App\Controllers\base\Beranda" loaded.
INFO - 2022-01-31 15:30:02 --> Controller "App\Controllers\base\Beranda" loaded.
INFO - 2022-01-31 15:36:25 --> Controller "App\Controllers\base\Beranda" loaded.
INFO - 2022-01-31 15:36:29 --> Controller "App\Controllers\base\Beranda" loaded.
INFO - 2022-01-31 15:36:30 --> Controller "App\Controllers\base\Beranda" loaded.
INFO - 2022-01-31 15:36:32 --> Session: Class initialized using 'CodeIgniter\Session\Handlers\FileHandler' driver.
INFO - 2022-01-31 15:36:32 --> Controller "App\Controllers\base\Dashboard" loaded.
INFO - 2022-01-31 15:36:33 --> Session: Class initialized using 'CodeIgniter\Session\Handlers\FileHandler' driver.
INFO - 2022-01-31 15:36:33 --> Controller "App\Controllers\base\Order" loaded.
INFO - 2022-01-31 15:36:35 --> Controller "App\Controllers\base\Beranda" loaded.
INFO - 2022-01-31 15:36:37 --> Session: Class initialized using 'CodeIgniter\Session\Handlers\FileHandler' driver.
INFO - 2022-01-31 15:36:37 --> Controller "App\Controllers\base\Order" loaded.
INFO - 2022-01-31 15:36:38 --> Controller "App\Controllers\base\Beranda" loaded.
INFO - 2022-01-31 15:36:40 --> Session: Class initialized using 'CodeIgniter\Session\Handlers\FileHandler' driver.
INFO - 2022-01-31 15:36:40 --> Controller "App\Controllers\base\Order" loaded.
INFO - 2022-01-31 15:36:41 --> Controller "App\Controllers\base\Beranda" loaded.
INFO - 2022-01-31 15:36:43 --> Session: Class initialized using 'CodeIgniter\Session\Handlers\FileHandler' driver.
INFO - 2022-01-31 15:36:43 --> Controller "App\Controllers\base\Order" loaded.
INFO - 2022-01-31 15:36:44 --> Controller "App\Controllers\base\Beranda" loaded.
INFO - 2022-01-31 15:36:46 --> Session: Class initialized using 'CodeIgniter\Session\Handlers\FileHandler' driver.
INFO - 2022-01-31 15:36:46 --> Controller "App\Controllers\base\Order" loaded.
INFO - 2022-01-31 15:36:47 --> Controller "App\Controllers\base\Beranda" loaded.
INFO - 2022-01-31 15:36:48 --> Controller "App\Controllers\base\Beranda" loaded.
INFO - 2022-01-31 15:40:03 --> Controller "App\Controllers\base\Beranda" loaded.
INFO - 2022-01-31 15:50:03 --> Controller "App\Controllers\base\Beranda" loaded.
INFO - 2022-01-31 15:55:22 --> Controller "App\Controllers\base\Beranda" loaded.
INFO - 2022-01-31 15:58:29 --> Controller "App\Controllers\base\Beranda" loaded.
INFO - 2022-01-31 16:00:02 --> Controller "App\Controllers\base\Beranda" loaded.
INFO - 2022-01-31 16:05:43 --> Session: Class initialized using 'CodeIgniter\Session\Handlers\FileHandler' driver.
INFO - 2022-01-31 16:05:43 --> Controller "App\Controllers\base\Order" loaded.
INFO - 2022-01-31 16:10:03 --> Controller "App\Controllers\base\Beranda" loaded.
INFO - 2022-01-31 16:20:02 --> Controller "App\Controllers\base\Beranda" loaded.
INFO - 2022-01-31 16:21:18 --> Controller "App\Controllers\base\Beranda" loaded.
INFO - 2022-01-31 16:21:59 --> Controller "App\Controllers\base\Beranda" loaded.
INFO - 2022-01-31 16:30:03 --> Controller "App\Controllers\base\Beranda" loaded.
INFO - 2022-01-31 16:40:02 --> Controller "App\Controllers\base\Beranda" loaded.
INFO - 2022-01-31 16:50:03 --> Controller "App\Controllers\base\Beranda" loaded.
INFO - 2022-01-31 17:00:03 --> Controller "App\Controllers\base\Beranda" loaded.
INFO - 2022-01-31 17:09:46 --> Session: Class initialized using 'CodeIgniter\Session\Handlers\FileHandler' driver.
INFO - 2022-01-31 17:09:46 --> Controller "App\Controllers\base\Order" loaded.
INFO - 2022-01-31 17:10:02 --> Controller "App\Controllers\base\Beranda" loaded.
INFO - 2022-01-31 17:20:03 --> Controller "App\Controllers\base\Beranda" loaded.
INFO - 2022-01-31 17:23:52 --> Controller "App\Controllers\base\Beranda" loaded.
INFO - 2022-01-31 17:30:02 --> Controller "App\Controllers\base\Beranda" loaded.
INFO - 2022-01-31 17:33:04 --> Session: Class initialized using 'CodeIgniter\Session\Handlers\FileHandler' driver.
INFO - 2022-01-31 17:33:04 --> Controller "App\Controllers\base\Order" loaded.
INFO - 2022-01-31 17:40:03 --> Controller "App\Controllers\base\Beranda" loaded.
INFO - 2022-01-31 17:50:02 --> Controller "App\Controllers\base\Beranda" loaded.
INFO - 2022-01-31 17:56:10 --> Session: Class initialized using 'CodeIgniter\Session\Handlers\FileHandler' driver.
INFO - 2022-01-31 17:56:10 --> Controller "App\Controllers\base\Order" loaded.
INFO - 2022-01-31 18:00:03 --> Controller "App\Controllers\base\Beranda" loaded.
INFO - 2022-01-31 18:10:03 --> Controller "App\Controllers\base\Beranda" loaded.
INFO - 2022-01-31 18:20:03 --> Controller "App\Controllers\base\Beranda" loaded.
INFO - 2022-01-31 18:30:02 --> Controller "App\Controllers\base\Beranda" loaded.
INFO - 2022-01-31 18:40:02 --> Controller "App\Controllers\base\Beranda" loaded.
INFO - 2022-01-31 18:41:34 --> Controller "App\Controllers\base\Beranda" loaded.
INFO - 2022-01-31 18:41:38 --> Controller "App\Controllers\base\Beranda" loaded.
INFO - 2022-01-31 18:41:41 --> Controller "App\Controllers\base\Beranda" loaded.
INFO - 2022-01-31 18:41:44 --> Controller "App\Controllers\base\Beranda" loaded.
INFO - 2022-01-31 18:41:45 --> Controller "App\Controllers\base\Beranda" loaded.
INFO - 2022-01-31 18:41:46 --> Controller "App\Controllers\base\Beranda" loaded.
INFO - 2022-01-31 18:42:01 --> Controller "App\Controllers\base\Beranda" loaded.
INFO - 2022-01-31 18:42:10 --> Controller "App\Controllers\base\Beranda" loaded.
INFO - 2022-01-31 18:42:13 --> Controller "App\Controllers\base\Beranda" loaded.
INFO - 2022-01-31 18:42:26 --> Session: Class initialized using 'CodeIgniter\Session\Handlers\FileHandler' driver.
INFO - 2022-01-31 18:42:26 --> Controller "App\Controllers\base\Dashboard" loaded.
INFO - 2022-01-31 18:42:38 --> Session: Class initialized using 'CodeIgniter\Session\Handlers\FileHandler' driver.
INFO - 2022-01-31 18:42:38 --> Controller "App\Controllers\base\Order" loaded.
INFO - 2022-01-31 18:42:38 --> Controller "App\Controllers\base\Beranda" loaded.
INFO - 2022-01-31 18:42:51 --> Session: Class initialized using 'CodeIgniter\Session\Handlers\FileHandler' driver.
INFO - 2022-01-31 18:42:51 --> Controller "App\Controllers\base\Order" loaded.
INFO - 2022-01-31 18:42:58 --> Session: Class initialized using 'CodeIgniter\Session\Handlers\FileHandler' driver.
INFO - 2022-01-31 18:42:58 --> Controller "App\Controllers\base\Order" loaded.
INFO - 2022-01-31 18:42:59 --> Session: Class initialized using 'CodeIgniter\Session\Handlers\FileHandler' driver.
INFO - 2022-01-31 18:42:59 --> Controller "App\Controllers\base\Order" loaded.
INFO - 2022-01-31 18:43:08 --> Session: Class initialized using 'CodeIgniter\Session\Handlers\FileHandler' driver.
INFO - 2022-01-31 18:43:08 --> Controller "App\Controllers\base\Order" loaded.
INFO - 2022-01-31 18:43:16 --> Session: Class initialized using 'CodeIgniter\Session\Handlers\FileHandler' driver.
INFO - 2022-01-31 18:43:16 --> Controller "App\Controllers\base\Order" loaded.
INFO - 2022-01-31 18:43:18 --> Session: Class initialized using 'CodeIgniter\Session\Handlers\FileHandler' driver.
INFO - 2022-01-31 18:43:18 --> Controller "App\Controllers\base\Order" loaded.
INFO - 2022-01-31 18:43:40 --> Controller "App\Controllers\base\Beranda" loaded.
INFO - 2022-01-31 18:43:48 --> Controller "App\Controllers\base\Beranda" loaded.
INFO - 2022-01-31 18:50:02 --> Controller "App\Controllers\base\Beranda" loaded.
INFO - 2022-01-31 19:00:02 --> Controller "App\Controllers\base\Beranda" loaded.
INFO - 2022-01-31 19:10:03 --> Controller "App\Controllers\base\Beranda" loaded.
INFO - 2022-01-31 19:20:03 --> Controller "App\Controllers\base\Beranda" loaded.
INFO - 2022-01-31 19:30:03 --> Controller "App\Controllers\base\Beranda" loaded.
INFO - 2022-01-31 19:40:02 --> Controller "App\Controllers\base\Beranda" loaded.
INFO - 2022-01-31 19:50:02 --> Controller "App\Controllers\base\Beranda" loaded.
INFO - 2022-01-31 19:58:06 --> Controller "App\Controllers\base\Beranda" loaded.
INFO - 2022-01-31 19:58:46 --> Session: Class initialized using 'CodeIgniter\Session\Handlers\FileHandler' driver.
INFO - 2022-01-31 19:58:46 --> Controller "App\Controllers\base\Order" loaded.
INFO - 2022-01-31 19:59:04 --> Controller "App\Controllers\base\Beranda" loaded.
INFO - 2022-01-31 19:59:10 --> Controller "App\Controllers\base\Beranda" loaded.
INFO - 2022-01-31 19:59:53 --> Session: Class initialized using 'CodeIgniter\Session\Handlers\FileHandler' driver.
INFO - 2022-01-31 19:59:53 --> Controller "App\Controllers\undangan\Undangan" loaded.
INFO - 2022-01-31 20:00:02 --> Controller "App\Controllers\base\Beranda" loaded.
INFO - 2022-01-31 20:08:26 --> Controller "App\Controllers\base\Beranda" loaded.
INFO - 2022-01-31 20:09:19 --> Session: Class initialized using 'CodeIgniter\Session\Handlers\FileHandler' driver.
INFO - 2022-01-31 20:09:19 --> Controller "App\Controllers\bukutamu\Bukutamu" loaded.
INFO - 2022-01-31 20:09:54 --> Session: Class initialized using 'CodeIgniter\Session\Handlers\FileHandler' driver.
INFO - 2022-01-31 20:09:54 --> Controller "App\Controllers\bukutamu\Bukutamu" loaded.
INFO - 2022-01-31 20:10:03 --> Controller "App\Controllers\base\Beranda" loaded.
INFO - 2022-01-31 20:10:27 --> Controller "App\Controllers\base\Beranda" loaded.
INFO - 2022-01-31 20:12:00 --> Session: Class initialized using 'CodeIgniter\Session\Handlers\FileHandler' driver.
INFO - 2022-01-31 20:12:00 --> Controller "App\Controllers\base\Order" loaded.
INFO - 2022-01-31 20:12:09 --> Controller "App\Controllers\base\Beranda" loaded.
INFO - 2022-01-31 20:12:45 --> Controller "App\Controllers\base\Beranda" loaded.
INFO - 2022-01-31 20:19:33 --> Controller "App\Controllers\base\Beranda" loaded.
INFO - 2022-01-31 20:20:02 --> Controller "App\Controllers\base\Beranda" loaded.
INFO - 2022-01-31 20:30:03 --> Controller "App\Controllers\base\Beranda" loaded.
INFO - 2022-01-31 20:39:08 --> Session: Class initialized using 'CodeIgniter\Session\Handlers\FileHandler' driver.
INFO - 2022-01-31 20:39:08 --> Controller "App\Controllers\undangan\Undangan" loaded.
INFO - 2022-01-31 20:39:08 --> Session: Class initialized using 'CodeIgniter\Session\Handlers\FileHandler' driver.
INFO - 2022-01-31 20:39:08 --> Controller "App\Controllers\undangan\Undangan" loaded.
INFO - 2022-01-31 20:39:08 --> Session: Class initialized using 'CodeIgniter\Session\Handlers\FileHandler' driver.
INFO - 2022-01-31 20:39:08 --> Controller "App\Controllers\undangan\Undangan" loaded.
INFO - 2022-01-31 20:39:09 --> Session: Class initialized using 'CodeIgniter\Session\Handlers\FileHandler' driver.
INFO - 2022-01-31 20:39:09 --> Controller "App\Controllers\undangan\Undangan" loaded.
INFO - 2022-01-31 20:39:09 --> Session: Class initialized using 'CodeIgniter\Session\Handlers\FileHandler' driver.
INFO - 2022-01-31 20:39:09 --> Controller "App\Controllers\undangan\Undangan" loaded.
INFO - 2022-01-31 20:39:09 --> Session: Class initialized using 'CodeIgniter\Session\Handlers\FileHandler' driver.
INFO - 2022-01-31 20:39:09 --> Controller "App\Controllers\undangan\Undangan" loaded.
INFO - 2022-01-31 20:39:09 --> Session: Class initialized using 'CodeIgniter\Session\Handlers\FileHandler' driver.
INFO - 2022-01-31 20:39:09 --> Controller "App\Controllers\undangan\Undangan" loaded.
INFO - 2022-01-31 20:39:10 --> Session: Class initialized using 'CodeIgniter\Session\Handlers\FileHandler' driver.
INFO - 2022-01-31 20:39:10 --> Controller "App\Controllers\undangan\Undangan" loaded.
INFO - 2022-01-31 20:39:10 --> Session: Class initialized using 'CodeIgniter\Session\Handlers\FileHandler' driver.
INFO - 2022-01-31 20:39:10 --> Controller "App\Controllers\undangan\Undangan" loaded.
INFO - 2022-01-31 20:39:10 --> Session: Class initialized using 'CodeIgniter\Session\Handlers\FileHandler' driver.
INFO - 2022-01-31 20:39:10 --> Controller "App\Controllers\undangan\Undangan" loaded.
INFO - 2022-01-31 20:39:11 --> Session: Class initialized using 'CodeIgniter\Session\Handlers\FileHandler' driver.
INFO - 2022-01-31 20:39:11 --> Controller "App\Controllers\undangan\Undangan" loaded.
INFO - 2022-01-31 20:39:11 --> Session: Class initialized using 'CodeIgniter\Session\Handlers\FileHandler' driver.
INFO - 2022-01-31 20:39:11 --> Controller "App\Controllers\undangan\Undangan" loaded.
INFO - 2022-01-31 20:39:11 --> Session: Class initialized using 'CodeIgniter\Session\Handlers\FileHandler' driver.
INFO - 2022-01-31 20:39:11 --> Controller "App\Controllers\undangan\Undangan" loaded.
INFO - 2022-01-31 20:39:11 --> Session: Class initialized using 'CodeIgniter\Session\Handlers\FileHandler' driver.
INFO - 2022-01-31 20:39:11 --> Controller "App\Controllers\undangan\Undangan" loaded.
INFO - 2022-01-31 20:39:12 --> Session: Class initialized using 'CodeIgniter\Session\Handlers\FileHandler' driver.
INFO - 2022-01-31 20:39:12 --> Controller "App\Controllers\undangan\Undangan" loaded.
INFO - 2022-01-31 20:39:12 --> Session: Class initialized using 'CodeIgniter\Session\Handlers\FileHandler' driver.
INFO - 2022-01-31 20:39:12 --> Controller "App\Controllers\undangan\Undangan" loaded.
INFO - 2022-01-31 20:39:12 --> Session: Class initialized using 'CodeIgniter\Session\Handlers\FileHandler' driver.
INFO - 2022-01-31 20:39:12 --> Controller "App\Controllers\undangan\Undangan" loaded.
INFO - 2022-01-31 20:39:13 --> Session: Class initialized using 'CodeIgniter\Session\Handlers\FileHandler' driver.
INFO - 2022-01-31 20:39:13 --> Controller "App\Controllers\undangan\Undangan" loaded.
INFO - 2022-01-31 20:39:13 --> Session: Class initialized using 'CodeIgniter\Session\Handlers\FileHandler' driver.
INFO - 2022-01-31 20:39:13 --> Controller "App\Controllers\undangan\Undangan" loaded.
INFO - 2022-01-31 20:40:03 --> Controller "App\Controllers\base\Beranda" loaded.
INFO - 2022-01-31 20:50:02 --> Controller "App\Controllers\base\Beranda" loaded.
INFO - 2022-01-31 21:00:03 --> Controller "App\Controllers\base\Beranda" loaded.
INFO - 2022-01-31 21:08:30 --> Session: Class initialized using 'CodeIgniter\Session\Handlers\FileHandler' driver.
INFO - 2022-01-31 21:08:30 --> Controller "App\Controllers\base\Order" loaded.
INFO - 2022-01-31 21:10:03 --> Controller "App\Controllers\base\Beranda" loaded.
INFO - 2022-01-31 21:19:34 --> Controller "App\Controllers\base\Beranda" loaded.
INFO - 2022-01-31 21:20:02 --> Controller "App\Controllers\base\Beranda" loaded.
INFO - 2022-01-31 21:26:31 --> Controller "App\Controllers\base\Beranda" loaded.
INFO - 2022-01-31 21:30:03 --> Controller "App\Controllers\base\Beranda" loaded.
INFO - 2022-01-31 21:40:02 --> Controller "App\Controllers\base\Beranda" loaded.
INFO - 2022-01-31 21:50:02 --> Controller "App\Controllers\base\Beranda" loaded.
INFO - 2022-01-31 22:00:02 --> Controller "App\Controllers\base\Beranda" loaded.
INFO - 2022-01-31 22:05:42 --> Session: Class initialized using 'CodeIgniter\Session\Handlers\FileHandler' driver.
INFO - 2022-01-31 22:05:42 --> Controller "App\Controllers\admin\Admin" loaded.
INFO - 2022-01-31 22:05:45 --> Session: Class initialized using 'CodeIgniter\Session\Handlers\FileHandler' driver.
INFO - 2022-01-31 22:05:45 --> Controller "App\Controllers\admin\Admin" loaded.
INFO - 2022-01-31 22:05:46 --> Session: Class initialized using 'CodeIgniter\Session\Handlers\FileHandler' driver.
INFO - 2022-01-31 22:05:46 --> Controller "App\Controllers\admin\Admin" loaded.
INFO - 2022-01-31 22:05:50 --> Session: Class initialized using 'CodeIgniter\Session\Handlers\FileHandler' driver.
INFO - 2022-01-31 22:05:50 --> Controller "App\Controllers\admin\Admin" loaded.
INFO - 2022-01-31 22:05:58 --> Session: Class initialized using 'CodeIgniter\Session\Handlers\FileHandler' driver.
INFO - 2022-01-31 22:05:58 --> Controller "App\Controllers\admin\Admin" loaded.
INFO - 2022-01-31 22:06:51 --> Session: Class initialized using 'CodeIgniter\Session\Handlers\FileHandler' driver.
INFO - 2022-01-31 22:06:51 --> Controller "App\Controllers\admin\Admin" loaded.
INFO - 2022-01-31 22:06:51 --> Session: Class initialized using 'CodeIgniter\Session\Handlers\FileHandler' driver.
INFO - 2022-01-31 22:06:51 --> Session: Class initialized using 'CodeIgniter\Session\Handlers\FileHandler' driver.
INFO - 2022-01-31 22:06:51 --> Controller "App\Controllers\admin\Admin" loaded.
INFO - 2022-01-31 22:06:51 --> Session: Class initialized using 'CodeIgniter\Session\Handlers\FileHandler' driver.
INFO - 2022-01-31 22:06:51 --> Controller "App\Controllers\admin\Admin" loaded.
INFO - 2022-01-31 22:08:17 --> Session: Class initialized using 'CodeIgniter\Session\Handlers\FileHandler' driver.
INFO - 2022-01-31 22:08:18 --> Controller "App\Controllers\admin\Admin" loaded.
INFO - 2022-01-31 22:08:31 --> Session: Class initialized using 'CodeIgniter\Session\Handlers\FileHandler' driver.
INFO - 2022-01-31 22:08:31 --> Controller "App\Controllers\admin\Admin" loaded.
INFO - 2022-01-31 22:08:31 --> Session: Class initialized using 'CodeIgniter\Session\Handlers\FileHandler' driver.
INFO - 2022-01-31 22:08:31 --> Session: Class initialized using 'CodeIgniter\Session\Handlers\FileHandler' driver.
INFO - 2022-01-31 22:08:31 --> Controller "App\Controllers\admin\Admin" loaded.
INFO - 2022-01-31 22:08:31 --> Session: Class initialized using 'CodeIgniter\Session\Handlers\FileHandler' driver.
INFO - 2022-01-31 22:08:31 --> Controller "App\Controllers\admin\Admin" loaded.
INFO - 2022-01-31 22:08:37 --> Session: Class initialized using 'CodeIgniter\Session\Handlers\FileHandler' driver.
INFO - 2022-01-31 22:08:37 --> Controller "App\Controllers\admin\Admin" loaded.
INFO - 2022-01-31 22:08:42 --> Session: Class initialized using 'CodeIgniter\Session\Handlers\FileHandler' driver.
INFO - 2022-01-31 22:08:42 --> Controller "App\Controllers\admin\Admin" loaded.
INFO - 2022-01-31 22:10:02 --> Controller "App\Controllers\base\Beranda" loaded.
INFO - 2022-01-31 22:13:03 --> Session: Class initialized using 'CodeIgniter\Session\Handlers\FileHandler' driver.
INFO - 2022-01-31 22:13:03 --> Controller "App\Controllers\base\Order" loaded.
INFO - 2022-01-31 22:13:53 --> Session: Class initialized using 'CodeIgniter\Session\Handlers\FileHandler' driver.
INFO - 2022-01-31 22:13:53 --> Controller "App\Controllers\admin\Admin" loaded.
INFO - 2022-01-31 22:14:06 --> Session: Class initialized using 'CodeIgniter\Session\Handlers\FileHandler' driver.
INFO - 2022-01-31 22:14:06 --> Controller "App\Controllers\admin\Admin" loaded.
INFO - 2022-01-31 22:14:06 --> Session: Class initialized using 'CodeIgniter\Session\Handlers\FileHandler' driver.
INFO - 2022-01-31 22:14:06 --> Controller "App\Controllers\admin\Admin" loaded.
INFO - 2022-01-31 22:14:23 --> Session: Class initialized using 'CodeIgniter\Session\Handlers\FileHandler' driver.
INFO - 2022-01-31 22:14:23 --> Controller "App\Controllers\undangan\Undangan" loaded.
INFO - 2022-01-31 22:14:28 --> Session: Class initialized using 'CodeIgniter\Session\Handlers\FileHandler' driver.
INFO - 2022-01-31 22:14:28 --> Controller "App\Controllers\admin\Admin" loaded.
INFO - 2022-01-31 22:14:30 --> Session: Class initialized using 'CodeIgniter\Session\Handlers\FileHandler' driver.
INFO - 2022-01-31 22:14:30 --> Controller "App\Controllers\admin\Admin" loaded.
INFO - 2022-01-31 22:14:34 --> Session: Class initialized using 'CodeIgniter\Session\Handlers\FileHandler' driver.
INFO - 2022-01-31 22:14:34 --> Controller "App\Controllers\admin\Admin" loaded.
INFO - 2022-01-31 22:14:35 --> Session: Class initialized using 'CodeIgniter\Session\Handlers\FileHandler' driver.
INFO - 2022-01-31 22:14:35 --> Controller "App\Controllers\admin\Admin" loaded.
INFO - 2022-01-31 22:14:40 --> Session: Class initialized using 'CodeIgniter\Session\Handlers\FileHandler' driver.
INFO - 2022-01-31 22:14:40 --> Controller "App\Controllers\admin\Admin" loaded.
INFO - 2022-01-31 22:14:43 --> Session: Class initialized using 'CodeIgniter\Session\Handlers\FileHandler' driver.
INFO - 2022-01-31 22:14:43 --> Controller "App\Controllers\admin\Admin" loaded.
INFO - 2022-01-31 22:14:46 --> Session: Class initialized using 'CodeIgniter\Session\Handlers\FileHandler' driver.
INFO - 2022-01-31 22:14:46 --> Controller "App\Controllers\undangan\Undangan" loaded.
INFO - 2022-01-31 22:15:09 --> Session: Class initialized using 'CodeIgniter\Session\Handlers\FileHandler' driver.
INFO - 2022-01-31 22:15:09 --> Controller "App\Controllers\admin\Admin" loaded.
INFO - 2022-01-31 22:15:12 --> Session: Class initialized using 'CodeIgniter\Session\Handlers\FileHandler' driver.
INFO - 2022-01-31 22:15:12 --> Controller "App\Controllers\admin\Admin" loaded.
INFO - 2022-01-31 22:15:14 --> Session: Class initialized using 'CodeIgniter\Session\Handlers\FileHandler' driver.
INFO - 2022-01-31 22:15:14 --> Controller "App\Controllers\admin\Admin" loaded.
INFO - 2022-01-31 22:15:17 --> Session: Class initialized using 'CodeIgniter\Session\Handlers\FileHandler' driver.
INFO - 2022-01-31 22:15:17 --> Controller "App\Controllers\admin\Admin" loaded.
INFO - 2022-01-31 22:19:09 --> Session: Class initialized using 'CodeIgniter\Session\Handlers\FileHandler' driver.
INFO - 2022-01-31 22:19:09 --> Controller "App\Controllers\admin\Admin" loaded.
INFO - 2022-01-31 22:20:03 --> Controller "App\Controllers\base\Beranda" loaded.
INFO - 2022-01-31 22:20:27 --> Session: Class initialized using 'CodeIgniter\Session\Handlers\FileHandler' driver.
INFO - 2022-01-31 22:20:27 --> Controller "App\Controllers\admin\Admin" loaded.
INFO - 2022-01-31 22:20:39 --> Session: Class initialized using 'CodeIgniter\Session\Handlers\FileHandler' driver.
INFO - 2022-01-31 22:20:39 --> Session: Class initialized using 'CodeIgniter\Session\Handlers\FileHandler' driver.
INFO - 2022-01-31 22:20:39 --> Controller "App\Controllers\admin\Admin" loaded.
INFO - 2022-01-31 22:20:39 --> Session: Class initialized using 'CodeIgniter\Session\Handlers\FileHandler' driver.
INFO - 2022-01-31 22:20:39 --> Controller "App\Controllers\admin\Admin" loaded.
INFO - 2022-01-31 22:20:43 --> Session: Class initialized using 'CodeIgniter\Session\Handlers\FileHandler' driver.
INFO - 2022-01-31 22:20:43 --> Session: Class initialized using 'CodeIgniter\Session\Handlers\FileHandler' driver.
INFO - 2022-01-31 22:20:43 --> Controller "App\Controllers\admin\Admin" loaded.
INFO - 2022-01-31 22:20:43 --> Session: Class initialized using 'CodeIgniter\Session\Handlers\FileHandler' driver.
INFO - 2022-01-31 22:20:43 --> Controller "App\Controllers\admin\Admin" loaded.
INFO - 2022-01-31 22:20:43 --> Session: Class initialized using 'CodeIgniter\Session\Handlers\FileHandler' driver.
INFO - 2022-01-31 22:20:43 --> Session: Class initialized using 'CodeIgniter\Session\Handlers\FileHandler' driver.
INFO - 2022-01-31 22:20:43 --> Controller "App\Controllers\admin\Admin" loaded.
INFO - 2022-01-31 22:20:44 --> Session: Class initialized using 'CodeIgniter\Session\Handlers\FileHandler' driver.
INFO - 2022-01-31 22:20:44 --> Controller "App\Controllers\admin\Admin" loaded.
INFO - 2022-01-31 22:20:44 --> Session: Class initialized using 'CodeIgniter\Session\Handlers\FileHandler' driver.
INFO - 2022-01-31 22:20:44 --> Session: Class initialized using 'CodeIgniter\Session\Handlers\FileHandler' driver.
INFO - 2022-01-31 22:20:44 --> Controller "App\Controllers\admin\Admin" loaded.
INFO - 2022-01-31 22:20:44 --> Session: Class initialized using 'CodeIgniter\Session\Handlers\FileHandler' driver.
INFO - 2022-01-31 22:20:44 --> Controller "App\Controllers\admin\Admin" loaded.
INFO - 2022-01-31 22:21:34 --> Session: Class initialized using 'CodeIgniter\Session\Handlers\FileHandler' driver.
INFO - 2022-01-31 22:21:34 --> Controller "App\Controllers\admin\Admin" loaded.
INFO - 2022-01-31 22:21:43 --> Session: Class initialized using 'CodeIgniter\Session\Handlers\FileHandler' driver.
INFO - 2022-01-31 22:21:43 --> Controller "App\Controllers\admin\Admin" loaded.
INFO - 2022-01-31 22:21:44 --> Session: Class initialized using 'CodeIgniter\Session\Handlers\FileHandler' driver.
INFO - 2022-01-31 22:21:44 --> Controller "App\Controllers\admin\Admin" loaded.
INFO - 2022-01-31 22:23:04 --> Session: Class initialized using 'CodeIgniter\Session\Handlers\FileHandler' driver.
INFO - 2022-01-31 22:23:04 --> Controller "App\Controllers\admin\Admin" loaded.
INFO - 2022-01-31 22:23:04 --> Session: Class initialized using 'CodeIgniter\Session\Handlers\FileHandler' driver.
INFO - 2022-01-31 22:23:04 --> Controller "App\Controllers\admin\Admin" loaded.
INFO - 2022-01-31 22:23:12 --> Session: Class initialized using 'CodeIgniter\Session\Handlers\FileHandler' driver.
INFO - 2022-01-31 22:23:12 --> Controller "App\Controllers\admin\Admin" loaded.
INFO - 2022-01-31 22:23:12 --> Session: Class initialized using 'CodeIgniter\Session\Handlers\FileHandler' driver.
INFO - 2022-01-31 22:23:12 --> Controller "App\Controllers\admin\Admin" loaded.
INFO - 2022-01-31 22:23:30 --> Session: Class initialized using 'CodeIgniter\Session\Handlers\FileHandler' driver.
INFO - 2022-01-31 22:23:30 --> Controller "App\Controllers\undangan\Undangan" loaded.
INFO - 2022-01-31 22:23:49 --> Session: Class initialized using 'CodeIgniter\Session\Handlers\FileHandler' driver.
INFO - 2022-01-31 22:23:49 --> Controller "App\Controllers\admin\Admin" loaded.
INFO - 2022-01-31 22:23:49 --> Session: Class initialized using 'CodeIgniter\Session\Handlers\FileHandler' driver.
INFO - 2022-01-31 22:23:49 --> Controller "App\Controllers\admin\Admin" loaded.
INFO - 2022-01-31 22:23:58 --> Session: Class initialized using 'CodeIgniter\Session\Handlers\FileHandler' driver.
INFO - 2022-01-31 22:23:58 --> Controller "App\Controllers\undangan\Undangan" loaded.
INFO - 2022-01-31 22:24:39 --> Session: Class initialized using 'CodeIgniter\Session\Handlers\FileHandler' driver.
INFO - 2022-01-31 22:24:39 --> Controller "App\Controllers\admin\Admin" loaded.
INFO - 2022-01-31 22:24:41 --> Session: Class initialized using 'CodeIgniter\Session\Handlers\FileHandler' driver.
INFO - 2022-01-31 22:24:41 --> Controller "App\Controllers\admin\Admin" loaded.
INFO - 2022-01-31 22:25:09 --> Session: Class initialized using 'CodeIgniter\Session\Handlers\FileHandler' driver.
INFO - 2022-01-31 22:25:09 --> Controller "App\Controllers\admin\Admin" loaded.
CRITICAL - 2022-01-31 22:25:09 --> Call to a member function getError() on null
#0 /home/nguh5634/public_html/system/CodeIgniter.php(910): App\Controllers\admin\Admin->do_update_musik()
#1 /home/nguh5634/public_html/system/CodeIgniter.php(398): CodeIgniter\CodeIgniter->runController(Object(App\Controllers\admin\Admin))
#2 /home/nguh5634/public_html/system/CodeIgniter.php(306): CodeIgniter\CodeIgniter->handleRequest(NULL, Object(Config\Cache), false)
#3 /home/nguh5634/public_html/index.php(45): CodeIgniter\CodeIgniter->run()
#4 {main}
INFO - 2022-01-31 22:25:44 --> Session: Class initialized using 'CodeIgniter\Session\Handlers\FileHandler' driver.
INFO - 2022-01-31 22:25:44 --> Controller "App\Controllers\admin\Admin" loaded.
CRITICAL - 2022-01-31 22:25:44 --> Undefined property: App\Controllers\admin\Admin::$validate
#0 /home/nguh5634/public_html/app/Controllers/admin/Admin.php(607): CodeIgniter\Debug\Exceptions->errorHandler(8, 'Undefined prope...', '/home/nguh5634/...', 607, Array)
#1 /home/nguh5634/public_html/system/CodeIgniter.php(910): App\Controllers\admin\Admin->do_update_musik()
#2 /home/nguh5634/public_html/system/CodeIgniter.php(398): CodeIgniter\CodeIgniter->runController(Object(App\Controllers\admin\Admin))
#3 /home/nguh5634/public_html/system/CodeIgniter.php(306): CodeIgniter\CodeIgniter->handleRequest(NULL, Object(Config\Cache), false)
#4 /home/nguh5634/public_html/index.php(45): CodeIgniter\CodeIgniter->run()
#5 {main}
INFO - 2022-01-31 22:26:55 --> Session: Class initialized using 'CodeIgniter\Session\Handlers\FileHandler' driver.
INFO - 2022-01-31 22:26:55 --> Controller "App\Controllers\admin\Admin" loaded.
INFO - 2022-01-31 22:26:55 --> Session: Class initialized using 'CodeIgniter\Session\Handlers\FileHandler' driver.
INFO - 2022-01-31 22:26:55 --> Controller "App\Controllers\admin\Admin" loaded.
INFO - 2022-01-31 22:27:36 --> Session: Class initialized using 'CodeIgniter\Session\Handlers\FileHandler' driver.
INFO - 2022-01-31 22:27:36 --> Controller "App\Controllers\admin\Admin" loaded.
INFO - 2022-01-31 22:27:36 --> Session: Class initialized using 'CodeIgniter\Session\Handlers\FileHandler' driver.
INFO - 2022-01-31 22:27:36 --> Controller "App\Controllers\admin\Admin" loaded.
INFO - 2022-01-31 22:28:28 --> Session: Class initialized using 'CodeIgniter\Session\Handlers\FileHandler' driver.
INFO - 2022-01-31 22:28:28 --> Controller "App\Controllers\admin\Admin" loaded.
INFO - 2022-01-31 22:28:37 --> Session: Class initialized using 'CodeIgniter\Session\Handlers\FileHandler' driver.
INFO - 2022-01-31 22:28:37 --> Controller "App\Controllers\undangan\Undangan" loaded.
INFO - 2022-01-31 22:28:53 --> Session: Class initialized using 'CodeIgniter\Session\Handlers\FileHandler' driver.
INFO - 2022-01-31 22:28:53 --> Controller "App\Controllers\admin\Admin" loaded.
INFO - 2022-01-31 22:29:02 --> Session: Class initialized using 'CodeIgniter\Session\Handlers\FileHandler' driver.
INFO - 2022-01-31 22:29:02 --> Controller "App\Controllers\base\Dashboard" loaded.
INFO - 2022-01-31 22:29:14 --> Session: Class initialized using 'CodeIgniter\Session\Handlers\FileHandler' driver.
INFO - 2022-01-31 22:29:14 --> Controller "App\Controllers\base\Dashboard" loaded.
INFO - 2022-01-31 22:29:14 --> Session: Class initialized using 'CodeIgniter\Session\Handlers\FileHandler' driver.
INFO - 2022-01-31 22:29:14 --> Controller "App\Controllers\base\Dashboard" loaded.
INFO - 2022-01-31 22:29:20 --> Session: Class initialized using 'CodeIgniter\Session\Handlers\FileHandler' driver.
INFO - 2022-01-31 22:29:20 --> Controller "App\Controllers\base\Dashboard" loaded.
INFO - 2022-01-31 22:29:21 --> Controller "App\Controllers\base\Beranda" loaded.
INFO - 2022-01-31 22:29:39 --> Session: Class initialized using 'CodeIgniter\Session\Handlers\FileHandler' driver.
INFO - 2022-01-31 22:29:39 --> Controller "App\Controllers\base\Dashboard" loaded.
INFO - 2022-01-31 22:29:39 --> Session: Class initialized using 'CodeIgniter\Session\Handlers\FileHandler' driver.
INFO - 2022-01-31 22:29:39 --> Controller "App\Controllers\base\Dashboard" loaded.
INFO - 2022-01-31 22:29:40 --> Controller "App\Controllers\base\Beranda" loaded.
INFO - 2022-01-31 22:29:46 --> Session: Class initialized using 'CodeIgniter\Session\Handlers\FileHandler' driver.
INFO - 2022-01-31 22:29:46 --> Controller "App\Controllers\undangan\Undangan" loaded.
INFO - 2022-01-31 22:30:02 --> Session: Class initialized using 'CodeIgniter\Session\Handlers\FileHandler' driver.
INFO - 2022-01-31 22:30:02 --> Controller "App\Controllers\base\Dashboard" loaded.
INFO - 2022-01-31 22:30:02 --> Controller "App\Controllers\base\Beranda" loaded.
INFO - 2022-01-31 22:30:05 --> Session: Class initialized using 'CodeIgniter\Session\Handlers\FileHandler' driver.
INFO - 2022-01-31 22:30:05 --> Controller "App\Controllers\undangan\Undangan" loaded.
INFO - 2022-01-31 22:30:14 --> Session: Class initialized using 'CodeIgniter\Session\Handlers\FileHandler' driver.
INFO - 2022-01-31 22:30:14 --> Controller "App\Controllers\base\Dashboard" loaded.
INFO - 2022-01-31 22:30:20 --> Session: Class initialized using 'CodeIgniter\Session\Handlers\FileHandler' driver.
INFO - 2022-01-31 22:30:20 --> Controller "App\Controllers\base\Dashboard" loaded.
INFO - 2022-01-31 22:30:20 --> Session: Class initialized using 'CodeIgniter\Session\Handlers\FileHandler' driver.
INFO - 2022-01-31 22:30:20 --> Controller "App\Controllers\base\Dashboard" loaded.
INFO - 2022-01-31 22:30:26 --> Session: Class initialized using 'CodeIgniter\Session\Handlers\FileHandler' driver.
INFO - 2022-01-31 22:30:26 --> Controller "App\Controllers\base\Dashboard" loaded.
INFO - 2022-01-31 22:30:27 --> Session: Class initialized using 'CodeIgniter\Session\Handlers\FileHandler' driver.
INFO - 2022-01-31 22:30:27 --> Controller "App\Controllers\base\Dashboard" loaded.
INFO - 2022-01-31 22:30:32 --> Session: Class initialized using 'CodeIgniter\Session\Handlers\FileHandler' driver.
INFO - 2022-01-31 22:30:32 --> Controller "App\Controllers\base\Dashboard" loaded.
INFO - 2022-01-31 22:30:32 --> Controller "App\Controllers\base\Beranda" loaded.
INFO - 2022-01-31 22:30:38 --> Session: Class initialized using 'CodeIgniter\Session\Handlers\FileHandler' driver.
INFO - 2022-01-31 22:30:38 --> Controller "App\Controllers\base\Dashboard" loaded.
INFO - 2022-01-31 22:30:38 --> Session: Class initialized using 'CodeIgniter\Session\Handlers\FileHandler' driver.
INFO - 2022-01-31 22:30:38 --> Controller "App\Controllers\base\Dashboard" loaded.
INFO - 2022-01-31 22:30:39 --> Controller "App\Controllers\base\Beranda" loaded.
INFO - 2022-01-31 22:30:47 --> Session: Class initialized using 'CodeIgniter\Session\Handlers\FileHandler' driver.
INFO - 2022-01-31 22:30:47 --> Controller "App\Controllers\undangan\Undangan" loaded.
INFO - 2022-01-31 22:31:10 --> Session: Class initialized using 'CodeIgniter\Session\Handlers\FileHandler' driver.
INFO - 2022-01-31 22:31:10 --> Controller "App\Controllers\base\Dashboard" loaded.
INFO - 2022-01-31 22:32:14 --> Session: Class initialized using 'CodeIgniter\Session\Handlers\FileHandler' driver.
INFO - 2022-01-31 22:32:14 --> Controller "App\Controllers\base\Dashboard" loaded.
INFO - 2022-01-31 22:32:20 --> Session: Class initialized using 'CodeIgniter\Session\Handlers\FileHandler' driver.
INFO - 2022-01-31 22:32:20 --> Controller "App\Controllers\base\Dashboard" loaded.
INFO - 2022-01-31 22:32:23 --> Session: Class initialized using 'CodeIgniter\Session\Handlers\FileHandler' driver.
INFO - 2022-01-31 22:32:23 --> Controller "App\Controllers\undangan\Undangan" loaded.
INFO - 2022-01-31 22:32:46 --> Controller "App\Controllers\base\Beranda" loaded.
INFO - 2022-01-31 22:33:09 --> Session: Class initialized using 'CodeIgniter\Session\Handlers\FileHandler' driver.
INFO - 2022-01-31 22:33:09 --> Controller "App\Controllers\admin\Admin" loaded.
INFO - 2022-01-31 22:33:09 --> Session: Class initialized using 'CodeIgniter\Session\Handlers\FileHandler' driver.
INFO - 2022-01-31 22:33:09 --> Controller "App\Controllers\admin\Admin" loaded.
INFO - 2022-01-31 22:33:15 --> Session: Class initialized using 'CodeIgniter\Session\Handlers\FileHandler' driver.
INFO - 2022-01-31 22:33:15 --> Controller "App\Controllers\admin\Admin" loaded.
INFO - 2022-01-31 22:33:34 --> Session: Class initialized using 'CodeIgniter\Session\Handlers\FileHandler' driver.
INFO - 2022-01-31 22:33:34 --> Controller "App\Controllers\admin\Admin" loaded.
INFO - 2022-01-31 22:33:49 --> Session: Class initialized using 'CodeIgniter\Session\Handlers\FileHandler' driver.
INFO - 2022-01-31 22:33:49 --> Controller "App\Controllers\base\Dashboard" loaded.
INFO - 2022-01-31 22:33:49 --> Session: Class initialized using 'CodeIgniter\Session\Handlers\FileHandler' driver.
INFO - 2022-01-31 22:33:49 --> Controller "App\Controllers\base\Dashboard" loaded.
INFO - 2022-01-31 22:33:55 --> Session: Class initialized using 'CodeIgniter\Session\Handlers\FileHandler' driver.
INFO - 2022-01-31 22:33:55 --> Controller "App\Controllers\base\Dashboard" loaded.
INFO - 2022-01-31 22:33:56 --> Controller "App\Controllers\base\Beranda" loaded.
INFO - 2022-01-31 22:34:06 --> Session: Class initialized using 'CodeIgniter\Session\Handlers\FileHandler' driver.
INFO - 2022-01-31 22:34:06 --> Controller "App\Controllers\base\Dashboard" loaded.
INFO - 2022-01-31 22:34:06 --> Session: Class initialized using 'CodeIgniter\Session\Handlers\FileHandler' driver.
INFO - 2022-01-31 22:34:06 --> Controller "App\Controllers\base\Dashboard" loaded.
INFO - 2022-01-31 22:34:07 --> Controller "App\Controllers\base\Beranda" loaded.
INFO - 2022-01-31 22:34:22 --> Session: Class initialized using 'CodeIgniter\Session\Handlers\FileHandler' driver.
INFO - 2022-01-31 22:34:22 --> Controller "App\Controllers\base\Dashboard" loaded.
INFO - 2022-01-31 22:34:25 --> Session: Class initialized using 'CodeIgniter\Session\Handlers\FileHandler' driver.
INFO - 2022-01-31 22:34:25 --> Controller "App\Controllers\undangan\Undangan" loaded.
INFO - 2022-01-31 22:36:01 --> Controller "App\Controllers\base\Beranda" loaded.
INFO - 2022-01-31 22:36:33 --> Controller "App\Controllers\base\Beranda" loaded.
INFO - 2022-01-31 22:40:02 --> Controller "App\Controllers\base\Beranda" loaded.
INFO - 2022-01-31 22:41:51 --> Controller "App\Controllers\base\Beranda" loaded.
INFO - 2022-01-31 22:42:19 --> Controller "App\Controllers\base\Beranda" loaded.
INFO - 2022-01-31 22:42:36 --> Controller "App\Controllers\base\Beranda" loaded.
INFO - 2022-01-31 22:43:49 --> Controller "App\Controllers\base\Beranda" loaded.
INFO - 2022-01-31 22:44:16 --> Controller "App\Controllers\base\Beranda" loaded.
INFO - 2022-01-31 22:44:25 --> Session: Class initialized using 'CodeIgniter\Session\Handlers\FileHandler' driver.
INFO - 2022-01-31 22:44:25 --> Controller "App\Controllers\base\Order" loaded.
INFO - 2022-01-31 22:44:27 --> Controller "App\Controllers\base\Beranda" loaded.
INFO - 2022-01-31 22:44:33 --> Controller "App\Controllers\base\Beranda" loaded.
INFO - 2022-01-31 22:44:36 --> Controller "App\Controllers\base\Beranda" loaded.
INFO - 2022-01-31 22:45:29 --> Controller "App\Controllers\base\Beranda" loaded.
INFO - 2022-01-31 22:47:27 --> Controller "App\Controllers\base\Beranda" loaded.
INFO - 2022-01-31 22:48:47 --> Controller "App\Controllers\base\Beranda" loaded.
INFO - 2022-01-31 22:49:30 --> Controller "App\Controllers\base\Beranda" loaded.
INFO - 2022-01-31 22:50:03 --> Controller "App\Controllers\base\Beranda" loaded.
INFO - 2022-01-31 23:25:22 --> Controller "App\Controllers\base\Beranda" loaded.
INFO - 2022-01-31 23:30:54 --> Session: Class initialized using 'CodeIgniter\Session\Handlers\FileHandler' driver.
INFO - 2022-01-31 23:30:54 --> Controller "App\Controllers\undangan\Undangan" loaded.
INFO - 2022-01-31 23:32:16 --> Controller "App\Controllers\base\Beranda" loaded.
INFO - 2022-01-31 23:45:13 --> Controller "App\Controllers\base\Beranda" loaded.
