INFO - 2021-09-26 01:10:36 --> Session: Class initialized using 'CodeIgniter\Session\Handlers\FileHandler' driver.
INFO - 2021-09-26 01:10:36 --> Controller "App\Controllers\admin\Admin" loaded.
INFO - 2021-09-26 01:10:43 --> Session: Class initialized using 'CodeIgniter\Session\Handlers\FileHandler' driver.
INFO - 2021-09-26 01:10:43 --> Controller "App\Controllers\admin\Admin" loaded.
INFO - 2021-09-26 01:10:44 --> Session: Class initialized using 'CodeIgniter\Session\Handlers\FileHandler' driver.
INFO - 2021-09-26 01:10:44 --> Controller "App\Controllers\admin\Admin" loaded.
INFO - 2021-09-26 01:10:48 --> Session: Class initialized using 'CodeIgniter\Session\Handlers\FileHandler' driver.
INFO - 2021-09-26 01:10:48 --> Controller "App\Controllers\admin\Admin" loaded.
INFO - 2021-09-26 01:10:56 --> Session: Class initialized using 'CodeIgniter\Session\Handlers\FileHandler' driver.
INFO - 2021-09-26 01:10:56 --> Controller "App\Controllers\admin\Admin" loaded.
INFO - 2021-09-26 01:10:56 --> Session: Class initialized using 'CodeIgniter\Session\Handlers\FileHandler' driver.
INFO - 2021-09-26 01:10:56 --> Controller "App\Controllers\admin\Admin" loaded.
INFO - 2021-09-26 01:11:04 --> Session: Class initialized using 'CodeIgniter\Session\Handlers\FileHandler' driver.
INFO - 2021-09-26 01:11:04 --> Controller "App\Controllers\admin\Admin" loaded.
INFO - 2021-09-26 01:11:04 --> Session: Class initialized using 'CodeIgniter\Session\Handlers\FileHandler' driver.
INFO - 2021-09-26 01:11:04 --> Controller "App\Controllers\admin\Admin" loaded.
INFO - 2021-09-26 01:11:12 --> Session: Class initialized using 'CodeIgniter\Session\Handlers\FileHandler' driver.
INFO - 2021-09-26 01:11:12 --> Controller "App\Controllers\admin\Admin" loaded.
INFO - 2021-09-26 01:11:12 --> Session: Class initialized using 'CodeIgniter\Session\Handlers\FileHandler' driver.
INFO - 2021-09-26 01:11:12 --> Controller "App\Controllers\admin\Admin" loaded.
INFO - 2021-09-26 01:11:17 --> Session: Class initialized using 'CodeIgniter\Session\Handlers\FileHandler' driver.
INFO - 2021-09-26 01:11:17 --> Controller "App\Controllers\admin\Admin" loaded.
INFO - 2021-09-26 01:11:17 --> Session: Class initialized using 'CodeIgniter\Session\Handlers\FileHandler' driver.
INFO - 2021-09-26 01:11:17 --> Controller "App\Controllers\admin\Admin" loaded.
INFO - 2021-09-26 01:11:21 --> Session: Class initialized using 'CodeIgniter\Session\Handlers\FileHandler' driver.
INFO - 2021-09-26 01:11:21 --> Controller "App\Controllers\admin\Admin" loaded.
INFO - 2021-09-26 01:11:22 --> Session: Class initialized using 'CodeIgniter\Session\Handlers\FileHandler' driver.
INFO - 2021-09-26 01:11:22 --> Controller "App\Controllers\admin\Admin" loaded.
INFO - 2021-09-26 01:11:26 --> Session: Class initialized using 'CodeIgniter\Session\Handlers\FileHandler' driver.
INFO - 2021-09-26 01:11:26 --> Controller "App\Controllers\admin\Admin" loaded.
INFO - 2021-09-26 01:11:26 --> Session: Class initialized using 'CodeIgniter\Session\Handlers\FileHandler' driver.
INFO - 2021-09-26 01:11:26 --> Controller "App\Controllers\admin\Admin" loaded.
INFO - 2021-09-26 01:14:42 --> Controller "App\Controllers\base\Beranda" loaded.
INFO - 2021-09-26 01:18:25 --> Controller "App\Controllers\base\Beranda" loaded.
INFO - 2021-09-26 02:34:51 --> Controller "App\Controllers\base\Beranda" loaded.
INFO - 2021-09-26 02:59:48 --> Controller "App\Controllers\base\Beranda" loaded.
INFO - 2021-09-26 02:59:55 --> Controller "App\Controllers\base\Beranda" loaded.
INFO - 2021-09-26 03:48:43 --> Controller "App\Controllers\base\Beranda" loaded.
INFO - 2021-09-26 03:53:49 --> Controller "App\Controllers\base\Beranda" loaded.
INFO - 2021-09-26 04:23:56 --> Session: Class initialized using 'CodeIgniter\Session\Handlers\FileHandler' driver.
INFO - 2021-09-26 04:23:56 --> Session: Class initialized using 'CodeIgniter\Session\Handlers\FileHandler' driver.
INFO - 2021-09-26 04:23:56 --> Controller "App\Controllers\admin\Admin" loaded.
INFO - 2021-09-26 04:31:22 --> Controller "App\Controllers\base\Beranda" loaded.
INFO - 2021-09-26 05:09:15 --> Session: Class initialized using 'CodeIgniter\Session\Handlers\FileHandler' driver.
INFO - 2021-09-26 05:09:15 --> Controller "App\Controllers\undangan\Undangan" loaded.
INFO - 2021-09-26 05:35:54 --> Controller "App\Controllers\base\Beranda" loaded.
INFO - 2021-09-26 05:55:17 --> Controller "App\Controllers\base\Beranda" loaded.
INFO - 2021-09-26 06:44:24 --> Controller "App\Controllers\base\Beranda" loaded.
INFO - 2021-09-26 07:00:01 --> Controller "App\Controllers\base\Beranda" loaded.
INFO - 2021-09-26 07:00:02 --> Controller "App\Controllers\base\Beranda" loaded.
INFO - 2021-09-26 07:10:03 --> Controller "App\Controllers\base\Beranda" loaded.
INFO - 2021-09-26 07:20:03 --> Controller "App\Controllers\base\Beranda" loaded.
INFO - 2021-09-26 07:30:02 --> Controller "App\Controllers\base\Beranda" loaded.
INFO - 2021-09-26 07:40:02 --> Controller "App\Controllers\base\Beranda" loaded.
INFO - 2021-09-26 07:50:03 --> Controller "App\Controllers\base\Beranda" loaded.
INFO - 2021-09-26 08:00:02 --> Controller "App\Controllers\base\Beranda" loaded.
INFO - 2021-09-26 08:10:02 --> Controller "App\Controllers\base\Beranda" loaded.
INFO - 2021-09-26 08:15:00 --> Controller "App\Controllers\base\Beranda" loaded.
INFO - 2021-09-26 08:16:37 --> Controller "App\Controllers\base\Beranda" loaded.
INFO - 2021-09-26 08:20:02 --> Controller "App\Controllers\base\Beranda" loaded.
INFO - 2021-09-26 08:30:03 --> Controller "App\Controllers\base\Beranda" loaded.
INFO - 2021-09-26 08:40:02 --> Controller "App\Controllers\base\Beranda" loaded.
INFO - 2021-09-26 08:50:02 --> Controller "App\Controllers\base\Beranda" loaded.
INFO - 2021-09-26 09:00:03 --> Controller "App\Controllers\base\Beranda" loaded.
INFO - 2021-09-26 09:10:02 --> Controller "App\Controllers\base\Beranda" loaded.
INFO - 2021-09-26 09:20:02 --> Controller "App\Controllers\base\Beranda" loaded.
INFO - 2021-09-26 09:30:02 --> Controller "App\Controllers\base\Beranda" loaded.
INFO - 2021-09-26 09:40:02 --> Controller "App\Controllers\base\Beranda" loaded.
INFO - 2021-09-26 09:50:03 --> Controller "App\Controllers\base\Beranda" loaded.
INFO - 2021-09-26 10:00:03 --> Controller "App\Controllers\base\Beranda" loaded.
INFO - 2021-09-26 10:05:31 --> Controller "App\Controllers\base\Beranda" loaded.
INFO - 2021-09-26 10:06:08 --> Controller "App\Controllers\base\Beranda" loaded.
INFO - 2021-09-26 10:06:11 --> Controller "App\Controllers\base\Beranda" loaded.
INFO - 2021-09-26 10:10:02 --> Controller "App\Controllers\base\Beranda" loaded.
INFO - 2021-09-26 10:20:02 --> Controller "App\Controllers\base\Beranda" loaded.
INFO - 2021-09-26 10:30:03 --> Controller "App\Controllers\base\Beranda" loaded.
INFO - 2021-09-26 10:33:56 --> Session: Class initialized using 'CodeIgniter\Session\Handlers\FileHandler' driver.
INFO - 2021-09-26 10:33:56 --> Controller "App\Controllers\admin\Admin" loaded.
INFO - 2021-09-26 10:40:02 --> Controller "App\Controllers\base\Beranda" loaded.
INFO - 2021-09-26 10:50:02 --> Controller "App\Controllers\base\Beranda" loaded.
INFO - 2021-09-26 10:56:38 --> Controller "App\Controllers\base\Beranda" loaded.
INFO - 2021-09-26 10:57:57 --> Controller "App\Controllers\base\Beranda" loaded.
INFO - 2021-09-26 11:00:03 --> Controller "App\Controllers\base\Beranda" loaded.
INFO - 2021-09-26 11:10:02 --> Controller "App\Controllers\base\Beranda" loaded.
INFO - 2021-09-26 11:20:02 --> Controller "App\Controllers\base\Beranda" loaded.
INFO - 2021-09-26 11:30:03 --> Controller "App\Controllers\base\Beranda" loaded.
INFO - 2021-09-26 11:38:07 --> Controller "App\Controllers\base\Beranda" loaded.
INFO - 2021-09-26 11:38:14 --> Controller "App\Controllers\base\Beranda" loaded.
INFO - 2021-09-26 11:40:03 --> Controller "App\Controllers\base\Beranda" loaded.
INFO - 2021-09-26 11:50:03 --> Controller "App\Controllers\base\Beranda" loaded.
INFO - 2021-09-26 11:57:58 --> Session: Class initialized using 'CodeIgniter\Session\Handlers\FileHandler' driver.
INFO - 2021-09-26 11:57:58 --> Controller "App\Controllers\undangan\Undangan" loaded.
INFO - 2021-09-26 12:00:02 --> Controller "App\Controllers\base\Beranda" loaded.
INFO - 2021-09-26 12:10:03 --> Controller "App\Controllers\base\Beranda" loaded.
INFO - 2021-09-26 12:20:03 --> Controller "App\Controllers\base\Beranda" loaded.
INFO - 2021-09-26 12:30:02 --> Controller "App\Controllers\base\Beranda" loaded.
INFO - 2021-09-26 12:40:02 --> Controller "App\Controllers\base\Beranda" loaded.
INFO - 2021-09-26 12:50:02 --> Controller "App\Controllers\base\Beranda" loaded.
INFO - 2021-09-26 13:00:02 --> Controller "App\Controllers\base\Beranda" loaded.
INFO - 2021-09-26 13:10:03 --> Controller "App\Controllers\base\Beranda" loaded.
INFO - 2021-09-26 13:18:24 --> Controller "App\Controllers\base\Beranda" loaded.
INFO - 2021-09-26 13:18:26 --> Controller "App\Controllers\base\Beranda" loaded.
INFO - 2021-09-26 13:18:30 --> Session: Class initialized using 'CodeIgniter\Session\Handlers\FileHandler' driver.
INFO - 2021-09-26 13:18:30 --> Controller "App\Controllers\base\Order" loaded.
INFO - 2021-09-26 13:18:36 --> Session: Class initialized using 'CodeIgniter\Session\Handlers\FileHandler' driver.
INFO - 2021-09-26 13:18:36 --> Controller "App\Controllers\base\Order" loaded.
INFO - 2021-09-26 13:18:40 --> Session: Class initialized using 'CodeIgniter\Session\Handlers\FileHandler' driver.
INFO - 2021-09-26 13:18:40 --> Controller "App\Controllers\base\Order" loaded.
INFO - 2021-09-26 13:20:03 --> Controller "App\Controllers\base\Beranda" loaded.
INFO - 2021-09-26 13:27:01 --> Session: Class initialized using 'CodeIgniter\Session\Handlers\FileHandler' driver.
INFO - 2021-09-26 13:27:01 --> Controller "App\Controllers\admin\Admin" loaded.
INFO - 2021-09-26 13:30:03 --> Controller "App\Controllers\base\Beranda" loaded.
INFO - 2021-09-26 13:40:03 --> Controller "App\Controllers\base\Beranda" loaded.
INFO - 2021-09-26 13:50:03 --> Controller "App\Controllers\base\Beranda" loaded.
INFO - 2021-09-26 14:00:02 --> Controller "App\Controllers\base\Beranda" loaded.
INFO - 2021-09-26 14:08:24 --> Controller "App\Controllers\base\Beranda" loaded.
INFO - 2021-09-26 14:10:02 --> Controller "App\Controllers\base\Beranda" loaded.
INFO - 2021-09-26 14:20:02 --> Controller "App\Controllers\base\Beranda" loaded.
INFO - 2021-09-26 14:30:03 --> Controller "App\Controllers\base\Beranda" loaded.
INFO - 2021-09-26 14:40:03 --> Controller "App\Controllers\base\Beranda" loaded.
INFO - 2021-09-26 14:50:02 --> Controller "App\Controllers\base\Beranda" loaded.
INFO - 2021-09-26 15:00:02 --> Controller "App\Controllers\base\Beranda" loaded.
INFO - 2021-09-26 15:10:02 --> Controller "App\Controllers\base\Beranda" loaded.
INFO - 2021-09-26 15:13:36 --> Controller "App\Controllers\base\Beranda" loaded.
INFO - 2021-09-26 15:13:36 --> Controller "App\Controllers\base\Beranda" loaded.
INFO - 2021-09-26 15:13:36 --> Controller "App\Controllers\base\Beranda" loaded.
INFO - 2021-09-26 15:13:36 --> Controller "App\Controllers\base\Beranda" loaded.
INFO - 2021-09-26 15:13:36 --> Controller "App\Controllers\base\Beranda" loaded.
INFO - 2021-09-26 15:13:36 --> Controller "App\Controllers\base\Beranda" loaded.
INFO - 2021-09-26 15:13:36 --> Controller "App\Controllers\base\Beranda" loaded.
INFO - 2021-09-26 15:13:36 --> Controller "App\Controllers\base\Beranda" loaded.
INFO - 2021-09-26 15:13:36 --> Controller "App\Controllers\base\Beranda" loaded.
INFO - 2021-09-26 15:13:36 --> Controller "App\Controllers\base\Beranda" loaded.
INFO - 2021-09-26 15:13:37 --> Controller "App\Controllers\base\Beranda" loaded.
INFO - 2021-09-26 15:13:37 --> Controller "App\Controllers\base\Beranda" loaded.
INFO - 2021-09-26 15:13:37 --> Controller "App\Controllers\base\Beranda" loaded.
INFO - 2021-09-26 15:13:37 --> Controller "App\Controllers\base\Beranda" loaded.
INFO - 2021-09-26 15:13:37 --> Controller "App\Controllers\base\Beranda" loaded.
INFO - 2021-09-26 15:13:37 --> Controller "App\Controllers\base\Beranda" loaded.
INFO - 2021-09-26 15:13:37 --> Controller "App\Controllers\base\Beranda" loaded.
INFO - 2021-09-26 15:13:37 --> Controller "App\Controllers\base\Beranda" loaded.
INFO - 2021-09-26 15:13:37 --> Controller "App\Controllers\base\Beranda" loaded.
INFO - 2021-09-26 15:20:02 --> Controller "App\Controllers\base\Beranda" loaded.
INFO - 2021-09-26 15:30:02 --> Controller "App\Controllers\base\Beranda" loaded.
INFO - 2021-09-26 15:40:02 --> Controller "App\Controllers\base\Beranda" loaded.
INFO - 2021-09-26 15:50:02 --> Controller "App\Controllers\base\Beranda" loaded.
INFO - 2021-09-26 16:00:03 --> Controller "App\Controllers\base\Beranda" loaded.
INFO - 2021-09-26 16:10:02 --> Controller "App\Controllers\base\Beranda" loaded.
INFO - 2021-09-26 16:20:03 --> Controller "App\Controllers\base\Beranda" loaded.
INFO - 2021-09-26 16:30:02 --> Controller "App\Controllers\base\Beranda" loaded.
INFO - 2021-09-26 16:33:31 --> Controller "App\Controllers\base\Beranda" loaded.
INFO - 2021-09-26 16:40:02 --> Controller "App\Controllers\base\Beranda" loaded.
INFO - 2021-09-26 16:50:03 --> Controller "App\Controllers\base\Beranda" loaded.
INFO - 2021-09-26 17:00:03 --> Controller "App\Controllers\base\Beranda" loaded.
INFO - 2021-09-26 17:10:02 --> Controller "App\Controllers\base\Beranda" loaded.
INFO - 2021-09-26 17:16:48 --> Controller "App\Controllers\base\Beranda" loaded.
INFO - 2021-09-26 17:17:10 --> Controller "App\Controllers\base\Beranda" loaded.
INFO - 2021-09-26 17:18:15 --> Controller "App\Controllers\base\Beranda" loaded.
INFO - 2021-09-26 17:20:03 --> Controller "App\Controllers\base\Beranda" loaded.
INFO - 2021-09-26 17:23:19 --> Controller "App\Controllers\base\Beranda" loaded.
INFO - 2021-09-26 17:23:32 --> Session: Class initialized using 'CodeIgniter\Session\Handlers\FileHandler' driver.
INFO - 2021-09-26 17:23:32 --> Controller "App\Controllers\base\Order" loaded.
INFO - 2021-09-26 17:23:32 --> Controller "App\Controllers\base\Beranda" loaded.
INFO - 2021-09-26 17:24:48 --> Controller "App\Controllers\base\Beranda" loaded.
INFO - 2021-09-26 17:30:02 --> Controller "App\Controllers\base\Beranda" loaded.
INFO - 2021-09-26 17:37:13 --> Controller "App\Controllers\base\Beranda" loaded.
INFO - 2021-09-26 17:38:03 --> Controller "App\Controllers\base\Beranda" loaded.
INFO - 2021-09-26 17:39:17 --> Controller "App\Controllers\base\Beranda" loaded.
INFO - 2021-09-26 17:39:17 --> Controller "App\Controllers\base\Beranda" loaded.
INFO - 2021-09-26 17:39:17 --> Controller "App\Controllers\base\Beranda" loaded.
INFO - 2021-09-26 17:39:18 --> Controller "App\Controllers\base\Beranda" loaded.
INFO - 2021-09-26 17:40:02 --> Controller "App\Controllers\base\Beranda" loaded.
INFO - 2021-09-26 17:40:04 --> Controller "App\Controllers\base\Beranda" loaded.
INFO - 2021-09-26 17:40:44 --> Controller "App\Controllers\base\Beranda" loaded.
INFO - 2021-09-26 17:40:47 --> Controller "App\Controllers\base\Beranda" loaded.
INFO - 2021-09-26 17:50:03 --> Controller "App\Controllers\base\Beranda" loaded.
INFO - 2021-09-26 18:00:03 --> Controller "App\Controllers\base\Beranda" loaded.
INFO - 2021-09-26 18:04:46 --> Session: Class initialized using 'CodeIgniter\Session\Handlers\FileHandler' driver.
INFO - 2021-09-26 18:04:46 --> Controller "App\Controllers\undangan\Undangan" loaded.
INFO - 2021-09-26 18:04:46 --> Session: Class initialized using 'CodeIgniter\Session\Handlers\FileHandler' driver.
INFO - 2021-09-26 18:04:46 --> Controller "App\Controllers\undangan\Undangan" loaded.
INFO - 2021-09-26 18:04:46 --> Session: Class initialized using 'CodeIgniter\Session\Handlers\FileHandler' driver.
INFO - 2021-09-26 18:04:46 --> Controller "App\Controllers\undangan\Undangan" loaded.
INFO - 2021-09-26 18:04:46 --> Session: Class initialized using 'CodeIgniter\Session\Handlers\FileHandler' driver.
INFO - 2021-09-26 18:04:46 --> Controller "App\Controllers\undangan\Undangan" loaded.
INFO - 2021-09-26 18:04:46 --> Session: Class initialized using 'CodeIgniter\Session\Handlers\FileHandler' driver.
INFO - 2021-09-26 18:04:46 --> Controller "App\Controllers\undangan\Undangan" loaded.
INFO - 2021-09-26 18:04:46 --> Session: Class initialized using 'CodeIgniter\Session\Handlers\FileHandler' driver.
INFO - 2021-09-26 18:04:46 --> Controller "App\Controllers\undangan\Undangan" loaded.
INFO - 2021-09-26 18:04:46 --> Session: Class initialized using 'CodeIgniter\Session\Handlers\FileHandler' driver.
INFO - 2021-09-26 18:04:46 --> Controller "App\Controllers\undangan\Undangan" loaded.
INFO - 2021-09-26 18:04:46 --> Session: Class initialized using 'CodeIgniter\Session\Handlers\FileHandler' driver.
INFO - 2021-09-26 18:04:46 --> Controller "App\Controllers\undangan\Undangan" loaded.
INFO - 2021-09-26 18:04:46 --> Session: Class initialized using 'CodeIgniter\Session\Handlers\FileHandler' driver.
INFO - 2021-09-26 18:04:46 --> Controller "App\Controllers\undangan\Undangan" loaded.
INFO - 2021-09-26 18:04:46 --> Session: Class initialized using 'CodeIgniter\Session\Handlers\FileHandler' driver.
INFO - 2021-09-26 18:04:46 --> Controller "App\Controllers\undangan\Undangan" loaded.
INFO - 2021-09-26 18:04:46 --> Session: Class initialized using 'CodeIgniter\Session\Handlers\FileHandler' driver.
INFO - 2021-09-26 18:04:46 --> Controller "App\Controllers\undangan\Undangan" loaded.
INFO - 2021-09-26 18:04:46 --> Session: Class initialized using 'CodeIgniter\Session\Handlers\FileHandler' driver.
INFO - 2021-09-26 18:04:46 --> Controller "App\Controllers\undangan\Undangan" loaded.
INFO - 2021-09-26 18:04:46 --> Session: Class initialized using 'CodeIgniter\Session\Handlers\FileHandler' driver.
INFO - 2021-09-26 18:04:46 --> Controller "App\Controllers\undangan\Undangan" loaded.
INFO - 2021-09-26 18:04:47 --> Session: Class initialized using 'CodeIgniter\Session\Handlers\FileHandler' driver.
INFO - 2021-09-26 18:04:47 --> Controller "App\Controllers\undangan\Undangan" loaded.
INFO - 2021-09-26 18:04:47 --> Session: Class initialized using 'CodeIgniter\Session\Handlers\FileHandler' driver.
INFO - 2021-09-26 18:04:47 --> Controller "App\Controllers\undangan\Undangan" loaded.
INFO - 2021-09-26 18:04:47 --> Session: Class initialized using 'CodeIgniter\Session\Handlers\FileHandler' driver.
INFO - 2021-09-26 18:04:47 --> Controller "App\Controllers\undangan\Undangan" loaded.
INFO - 2021-09-26 18:04:47 --> Session: Class initialized using 'CodeIgniter\Session\Handlers\FileHandler' driver.
INFO - 2021-09-26 18:04:47 --> Controller "App\Controllers\undangan\Undangan" loaded.
INFO - 2021-09-26 18:04:47 --> Session: Class initialized using 'CodeIgniter\Session\Handlers\FileHandler' driver.
INFO - 2021-09-26 18:04:47 --> Controller "App\Controllers\undangan\Undangan" loaded.
INFO - 2021-09-26 18:04:47 --> Session: Class initialized using 'CodeIgniter\Session\Handlers\FileHandler' driver.
INFO - 2021-09-26 18:04:47 --> Controller "App\Controllers\undangan\Undangan" loaded.
INFO - 2021-09-26 18:04:47 --> Session: Class initialized using 'CodeIgniter\Session\Handlers\FileHandler' driver.
INFO - 2021-09-26 18:04:47 --> Controller "App\Controllers\undangan\Undangan" loaded.
INFO - 2021-09-26 18:10:03 --> Controller "App\Controllers\base\Beranda" loaded.
INFO - 2021-09-26 18:20:03 --> Controller "App\Controllers\base\Beranda" loaded.
INFO - 2021-09-26 18:27:59 --> Controller "App\Controllers\base\Beranda" loaded.
INFO - 2021-09-26 18:30:02 --> Controller "App\Controllers\base\Beranda" loaded.
INFO - 2021-09-26 18:40:03 --> Controller "App\Controllers\base\Beranda" loaded.
INFO - 2021-09-26 18:50:03 --> Controller "App\Controllers\base\Beranda" loaded.
INFO - 2021-09-26 19:00:02 --> Controller "App\Controllers\base\Beranda" loaded.
INFO - 2021-09-26 19:01:09 --> Controller "App\Controllers\base\Beranda" loaded.
INFO - 2021-09-26 19:10:03 --> Controller "App\Controllers\base\Beranda" loaded.
INFO - 2021-09-26 19:15:42 --> Session: Class initialized using 'CodeIgniter\Session\Handlers\FileHandler' driver.
INFO - 2021-09-26 19:15:42 --> Controller "App\Controllers\base\Order" loaded.
INFO - 2021-09-26 19:18:35 --> Controller "App\Controllers\base\Beranda" loaded.
INFO - 2021-09-26 19:19:17 --> Session: Class initialized using 'CodeIgniter\Session\Handlers\FileHandler' driver.
INFO - 2021-09-26 19:19:18 --> Controller "App\Controllers\base\Order" loaded.
INFO - 2021-09-26 19:20:02 --> Controller "App\Controllers\base\Beranda" loaded.
INFO - 2021-09-26 19:20:55 --> Controller "App\Controllers\base\Beranda" loaded.
INFO - 2021-09-26 19:30:03 --> Controller "App\Controllers\base\Beranda" loaded.
INFO - 2021-09-26 19:40:03 --> Controller "App\Controllers\base\Beranda" loaded.
INFO - 2021-09-26 19:50:02 --> Controller "App\Controllers\base\Beranda" loaded.
INFO - 2021-09-26 20:00:03 --> Controller "App\Controllers\base\Beranda" loaded.
INFO - 2021-09-26 20:10:02 --> Controller "App\Controllers\base\Beranda" loaded.
INFO - 2021-09-26 20:20:03 --> Controller "App\Controllers\base\Beranda" loaded.
INFO - 2021-09-26 20:30:03 --> Controller "App\Controllers\base\Beranda" loaded.
INFO - 2021-09-26 20:34:02 --> Session: Class initialized using 'CodeIgniter\Session\Handlers\FileHandler' driver.
INFO - 2021-09-26 20:34:02 --> Controller "App\Controllers\undangan\Undangan" loaded.
INFO - 2021-09-26 20:40:03 --> Controller "App\Controllers\base\Beranda" loaded.
INFO - 2021-09-26 20:50:02 --> Controller "App\Controllers\base\Beranda" loaded.
INFO - 2021-09-26 21:00:02 --> Controller "App\Controllers\base\Beranda" loaded.
INFO - 2021-09-26 21:00:46 --> Session: Class initialized using 'CodeIgniter\Session\Handlers\FileHandler' driver.
INFO - 2021-09-26 21:00:46 --> Controller "App\Controllers\bukutamu\Bukutamu" loaded.
INFO - 2021-09-26 21:00:47 --> Session: Class initialized using 'CodeIgniter\Session\Handlers\FileHandler' driver.
INFO - 2021-09-26 21:00:47 --> Controller "App\Controllers\bukutamu\Bukutamu" loaded.
INFO - 2021-09-26 21:01:50 --> Controller "App\Controllers\base\Beranda" loaded.
INFO - 2021-09-26 21:10:03 --> Controller "App\Controllers\base\Beranda" loaded.
INFO - 2021-09-26 21:11:14 --> Controller "App\Controllers\base\Beranda" loaded.
INFO - 2021-09-26 21:11:15 --> Controller "App\Controllers\base\Beranda" loaded.
INFO - 2021-09-26 21:20:02 --> Controller "App\Controllers\base\Beranda" loaded.
INFO - 2021-09-26 21:20:11 --> Session: Class initialized using 'CodeIgniter\Session\Handlers\FileHandler' driver.
INFO - 2021-09-26 21:20:11 --> Controller "App\Controllers\undangan\Undangan" loaded.
INFO - 2021-09-26 21:20:11 --> Session: Class initialized using 'CodeIgniter\Session\Handlers\FileHandler' driver.
INFO - 2021-09-26 21:20:11 --> Controller "App\Controllers\undangan\Undangan" loaded.
INFO - 2021-09-26 21:20:54 --> Controller "App\Controllers\base\Beranda" loaded.
INFO - 2021-09-26 21:30:03 --> Controller "App\Controllers\base\Beranda" loaded.
INFO - 2021-09-26 21:33:57 --> Controller "App\Controllers\base\Beranda" loaded.
INFO - 2021-09-26 21:40:02 --> Controller "App\Controllers\base\Beranda" loaded.
INFO - 2021-09-26 21:50:03 --> Controller "App\Controllers\base\Beranda" loaded.
INFO - 2021-09-26 22:04:41 --> Controller "App\Controllers\base\Beranda" loaded.
INFO - 2021-09-26 22:28:24 --> Session: Class initialized using 'CodeIgniter\Session\Handlers\FileHandler' driver.
INFO - 2021-09-26 22:28:24 --> Controller "App\Controllers\undangan\Undangan" loaded.
INFO - 2021-09-26 23:01:29 --> Controller "App\Controllers\base\Beranda" loaded.
INFO - 2021-09-26 23:11:46 --> Controller "App\Controllers\base\Beranda" loaded.
INFO - 2021-09-26 23:59:24 --> Controller "App\Controllers\base\Beranda" loaded.
