INFO - 2022-03-26 01:02:57 --> Controller "App\Controllers\base\Beranda" loaded.
INFO - 2022-03-26 01:40:00 --> Controller "App\Controllers\base\Beranda" loaded.
INFO - 2022-03-26 02:26:08 --> Controller "App\Controllers\base\Beranda" loaded.
INFO - 2022-03-26 04:06:46 --> Controller "App\Controllers\base\Beranda" loaded.
INFO - 2022-03-26 04:36:34 --> Controller "App\Controllers\base\Beranda" loaded.
INFO - 2022-03-26 04:37:11 --> Session: Class initialized using 'CodeIgniter\Session\Handlers\FileHandler' driver.
INFO - 2022-03-26 04:37:11 --> Session: Class initialized using 'CodeIgniter\Session\Handlers\FileHandler' driver.
INFO - 2022-03-26 04:37:11 --> Controller "App\Controllers\base\Dashboard" loaded.
INFO - 2022-03-26 04:37:22 --> Session: Class initialized using 'CodeIgniter\Session\Handlers\FileHandler' driver.
INFO - 2022-03-26 04:37:22 --> Controller "App\Controllers\base\Dashboard" loaded.
INFO - 2022-03-26 04:37:22 --> Session: Class initialized using 'CodeIgniter\Session\Handlers\FileHandler' driver.
INFO - 2022-03-26 04:37:22 --> Controller "App\Controllers\base\Dashboard" loaded.
INFO - 2022-03-26 04:37:40 --> Session: Class initialized using 'CodeIgniter\Session\Handlers\FileHandler' driver.
INFO - 2022-03-26 04:37:40 --> Controller "App\Controllers\base\Dashboard" loaded.
INFO - 2022-03-26 04:37:40 --> Session: Class initialized using 'CodeIgniter\Session\Handlers\FileHandler' driver.
INFO - 2022-03-26 04:37:40 --> Controller "App\Controllers\base\Dashboard" loaded.
INFO - 2022-03-26 04:38:01 --> Controller "App\Controllers\base\Beranda" loaded.
INFO - 2022-03-26 04:38:07 --> Controller "App\Controllers\base\Beranda" loaded.
INFO - 2022-03-26 04:38:10 --> Session: Class initialized using 'CodeIgniter\Session\Handlers\FileHandler' driver.
INFO - 2022-03-26 04:38:10 --> Controller "App\Controllers\base\Dashboard" loaded.
INFO - 2022-03-26 04:38:21 --> Controller "App\Controllers\base\Beranda" loaded.
INFO - 2022-03-26 05:17:28 --> Controller "App\Controllers\base\Beranda" loaded.
INFO - 2022-03-26 05:32:17 --> Controller "App\Controllers\base\Beranda" loaded.
INFO - 2022-03-26 05:44:25 --> Controller "App\Controllers\base\Beranda" loaded.
INFO - 2022-03-26 05:45:19 --> Controller "App\Controllers\base\Beranda" loaded.
INFO - 2022-03-26 06:06:51 --> Controller "App\Controllers\base\Beranda" loaded.
INFO - 2022-03-26 06:23:12 --> Controller "App\Controllers\base\Beranda" loaded.
INFO - 2022-03-26 06:23:12 --> Controller "App\Controllers\base\Beranda" loaded.
INFO - 2022-03-26 06:30:01 --> Controller "App\Controllers\base\Beranda" loaded.
INFO - 2022-03-26 06:59:49 --> Controller "App\Controllers\base\Beranda" loaded.
INFO - 2022-03-26 07:00:02 --> Controller "App\Controllers\base\Beranda" loaded.
INFO - 2022-03-26 07:00:02 --> Controller "App\Controllers\base\Beranda" loaded.
INFO - 2022-03-26 07:09:14 --> Controller "App\Controllers\base\Beranda" loaded.
INFO - 2022-03-26 07:09:25 --> Controller "App\Controllers\base\Beranda" loaded.
INFO - 2022-03-26 07:09:28 --> Controller "App\Controllers\base\Beranda" loaded.
INFO - 2022-03-26 07:10:02 --> Controller "App\Controllers\base\Beranda" loaded.
INFO - 2022-03-26 07:10:29 --> Controller "App\Controllers\base\Beranda" loaded.
INFO - 2022-03-26 07:20:02 --> Controller "App\Controllers\base\Beranda" loaded.
INFO - 2022-03-26 07:30:02 --> Controller "App\Controllers\base\Beranda" loaded.
INFO - 2022-03-26 07:40:02 --> Controller "App\Controllers\base\Beranda" loaded.
INFO - 2022-03-26 07:50:01 --> Controller "App\Controllers\base\Beranda" loaded.
INFO - 2022-03-26 08:00:02 --> Controller "App\Controllers\base\Beranda" loaded.
INFO - 2022-03-26 08:10:02 --> Controller "App\Controllers\base\Beranda" loaded.
INFO - 2022-03-26 08:20:02 --> Controller "App\Controllers\base\Beranda" loaded.
INFO - 2022-03-26 08:30:02 --> Controller "App\Controllers\base\Beranda" loaded.
INFO - 2022-03-26 08:40:02 --> Controller "App\Controllers\base\Beranda" loaded.
INFO - 2022-03-26 08:50:02 --> Controller "App\Controllers\base\Beranda" loaded.
INFO - 2022-03-26 09:00:02 --> Controller "App\Controllers\base\Beranda" loaded.
INFO - 2022-03-26 09:10:02 --> Controller "App\Controllers\base\Beranda" loaded.
INFO - 2022-03-26 09:20:02 --> Controller "App\Controllers\base\Beranda" loaded.
INFO - 2022-03-26 09:30:02 --> Controller "App\Controllers\base\Beranda" loaded.
INFO - 2022-03-26 09:40:02 --> Controller "App\Controllers\base\Beranda" loaded.
INFO - 2022-03-26 09:50:02 --> Controller "App\Controllers\base\Beranda" loaded.
INFO - 2022-03-26 10:00:02 --> Controller "App\Controllers\base\Beranda" loaded.
INFO - 2022-03-26 10:08:39 --> Controller "App\Controllers\base\Beranda" loaded.
INFO - 2022-03-26 10:10:02 --> Controller "App\Controllers\base\Beranda" loaded.
INFO - 2022-03-26 10:20:02 --> Controller "App\Controllers\base\Beranda" loaded.
INFO - 2022-03-26 10:30:02 --> Controller "App\Controllers\base\Beranda" loaded.
INFO - 2022-03-26 10:40:02 --> Controller "App\Controllers\base\Beranda" loaded.
INFO - 2022-03-26 10:50:01 --> Controller "App\Controllers\base\Beranda" loaded.
INFO - 2022-03-26 11:00:02 --> Controller "App\Controllers\base\Beranda" loaded.
INFO - 2022-03-26 11:10:02 --> Controller "App\Controllers\base\Beranda" loaded.
INFO - 2022-03-26 11:20:02 --> Controller "App\Controllers\base\Beranda" loaded.
INFO - 2022-03-26 11:22:12 --> Controller "App\Controllers\base\Beranda" loaded.
INFO - 2022-03-26 11:30:02 --> Controller "App\Controllers\base\Beranda" loaded.
INFO - 2022-03-26 11:40:02 --> Controller "App\Controllers\base\Beranda" loaded.
INFO - 2022-03-26 11:50:02 --> Controller "App\Controllers\base\Beranda" loaded.
INFO - 2022-03-26 12:00:02 --> Controller "App\Controllers\base\Beranda" loaded.
INFO - 2022-03-26 12:10:02 --> Controller "App\Controllers\base\Beranda" loaded.
INFO - 2022-03-26 12:20:02 --> Controller "App\Controllers\base\Beranda" loaded.
INFO - 2022-03-26 12:20:34 --> Controller "App\Controllers\base\Beranda" loaded.
INFO - 2022-03-26 12:20:35 --> Controller "App\Controllers\base\Beranda" loaded.
INFO - 2022-03-26 12:20:37 --> Controller "App\Controllers\base\Beranda" loaded.
INFO - 2022-03-26 12:30:01 --> Controller "App\Controllers\base\Beranda" loaded.
INFO - 2022-03-26 12:30:11 --> Controller "App\Controllers\base\Beranda" loaded.
INFO - 2022-03-26 12:30:26 --> Controller "App\Controllers\base\Beranda" loaded.
INFO - 2022-03-26 12:40:02 --> Controller "App\Controllers\base\Beranda" loaded.
INFO - 2022-03-26 12:40:27 --> Controller "App\Controllers\base\Beranda" loaded.
INFO - 2022-03-26 12:40:45 --> Controller "App\Controllers\base\Beranda" loaded.
INFO - 2022-03-26 12:41:27 --> Controller "App\Controllers\base\Beranda" loaded.
INFO - 2022-03-26 12:41:40 --> Session: Class initialized using 'CodeIgniter\Session\Handlers\FileHandler' driver.
INFO - 2022-03-26 12:41:40 --> Controller "App\Controllers\base\Order" loaded.
INFO - 2022-03-26 12:43:50 --> Session: Class initialized using 'CodeIgniter\Session\Handlers\FileHandler' driver.
INFO - 2022-03-26 12:43:50 --> Controller "App\Controllers\base\Order" loaded.
INFO - 2022-03-26 12:43:55 --> Session: Class initialized using 'CodeIgniter\Session\Handlers\FileHandler' driver.
INFO - 2022-03-26 12:43:55 --> Controller "App\Controllers\base\Order" loaded.
INFO - 2022-03-26 12:44:05 --> Session: Class initialized using 'CodeIgniter\Session\Handlers\FileHandler' driver.
INFO - 2022-03-26 12:44:05 --> Controller "App\Controllers\base\Order" loaded.
INFO - 2022-03-26 12:44:07 --> Session: Class initialized using 'CodeIgniter\Session\Handlers\FileHandler' driver.
INFO - 2022-03-26 12:44:07 --> Controller "App\Controllers\base\Order" loaded.
INFO - 2022-03-26 12:44:26 --> Session: Class initialized using 'CodeIgniter\Session\Handlers\FileHandler' driver.
INFO - 2022-03-26 12:44:26 --> Controller "App\Controllers\base\Order" loaded.
INFO - 2022-03-26 12:44:29 --> Session: Class initialized using 'CodeIgniter\Session\Handlers\FileHandler' driver.
INFO - 2022-03-26 12:44:29 --> Controller "App\Controllers\base\Order" loaded.
INFO - 2022-03-26 12:44:47 --> Session: Class initialized using 'CodeIgniter\Session\Handlers\FileHandler' driver.
INFO - 2022-03-26 12:44:47 --> Controller "App\Controllers\base\Order" loaded.
INFO - 2022-03-26 12:45:47 --> Session: Class initialized using 'CodeIgniter\Session\Handlers\FileHandler' driver.
INFO - 2022-03-26 12:45:47 --> Controller "App\Controllers\base\Order" loaded.
INFO - 2022-03-26 12:45:57 --> Session: Class initialized using 'CodeIgniter\Session\Handlers\FileHandler' driver.
INFO - 2022-03-26 12:45:57 --> Controller "App\Controllers\base\Order" loaded.
INFO - 2022-03-26 12:46:56 --> Session: Class initialized using 'CodeIgniter\Session\Handlers\FileHandler' driver.
INFO - 2022-03-26 12:46:56 --> Controller "App\Controllers\base\Order" loaded.
INFO - 2022-03-26 12:46:59 --> Session: Class initialized using 'CodeIgniter\Session\Handlers\FileHandler' driver.
INFO - 2022-03-26 12:46:59 --> Controller "App\Controllers\base\Order" loaded.
INFO - 2022-03-26 12:48:52 --> Session: Class initialized using 'CodeIgniter\Session\Handlers\FileHandler' driver.
INFO - 2022-03-26 12:48:52 --> Controller "App\Controllers\base\Order" loaded.
INFO - 2022-03-26 12:49:23 --> Session: Class initialized using 'CodeIgniter\Session\Handlers\FileHandler' driver.
INFO - 2022-03-26 12:49:23 --> Controller "App\Controllers\base\Order" loaded.
INFO - 2022-03-26 12:49:23 --> Controller "App\Controllers\base\Beranda" loaded.
INFO - 2022-03-26 12:49:31 --> Session: Class initialized using 'CodeIgniter\Session\Handlers\FileHandler' driver.
INFO - 2022-03-26 12:49:31 --> Controller "App\Controllers\base\Order" loaded.
INFO - 2022-03-26 12:49:34 --> Session: Class initialized using 'CodeIgniter\Session\Handlers\FileHandler' driver.
INFO - 2022-03-26 12:49:34 --> Controller "App\Controllers\base\Order" loaded.
INFO - 2022-03-26 12:49:36 --> Session: Class initialized using 'CodeIgniter\Session\Handlers\FileHandler' driver.
INFO - 2022-03-26 12:49:36 --> Controller "App\Controllers\base\Order" loaded.
INFO - 2022-03-26 12:50:01 --> Controller "App\Controllers\base\Beranda" loaded.
INFO - 2022-03-26 12:50:22 --> Session: Class initialized using 'CodeIgniter\Session\Handlers\FileHandler' driver.
INFO - 2022-03-26 12:50:22 --> Controller "App\Controllers\base\Dashboard" loaded.
INFO - 2022-03-26 12:50:22 --> Session: Class initialized using 'CodeIgniter\Session\Handlers\FileHandler' driver.
INFO - 2022-03-26 12:50:22 --> Controller "App\Controllers\base\Dashboard" loaded.
INFO - 2022-03-26 12:50:34 --> Session: Class initialized using 'CodeIgniter\Session\Handlers\FileHandler' driver.
INFO - 2022-03-26 12:50:34 --> Controller "App\Controllers\base\Dashboard" loaded.
INFO - 2022-03-26 12:50:34 --> Session: Class initialized using 'CodeIgniter\Session\Handlers\FileHandler' driver.
INFO - 2022-03-26 12:50:34 --> Controller "App\Controllers\base\Dashboard" loaded.
INFO - 2022-03-26 12:51:11 --> Session: Class initialized using 'CodeIgniter\Session\Handlers\FileHandler' driver.
INFO - 2022-03-26 12:51:11 --> Controller "App\Controllers\base\Dashboard" loaded.
INFO - 2022-03-26 12:51:31 --> Session: Class initialized using 'CodeIgniter\Session\Handlers\FileHandler' driver.
INFO - 2022-03-26 12:51:31 --> Controller "App\Controllers\base\Dashboard" loaded.
INFO - 2022-03-26 12:51:33 --> Session: Class initialized using 'CodeIgniter\Session\Handlers\FileHandler' driver.
INFO - 2022-03-26 12:51:34 --> Controller "App\Controllers\base\Dashboard" loaded.
INFO - 2022-03-26 12:53:53 --> Controller "App\Controllers\base\Beranda" loaded.
INFO - 2022-03-26 13:00:02 --> Controller "App\Controllers\base\Beranda" loaded.
INFO - 2022-03-26 13:05:01 --> Controller "App\Controllers\base\Beranda" loaded.
INFO - 2022-03-26 13:10:02 --> Controller "App\Controllers\base\Beranda" loaded.
INFO - 2022-03-26 13:16:24 --> Controller "App\Controllers\base\Beranda" loaded.
INFO - 2022-03-26 13:20:02 --> Controller "App\Controllers\base\Beranda" loaded.
INFO - 2022-03-26 13:21:56 --> Session: Class initialized using 'CodeIgniter\Session\Handlers\FileHandler' driver.
INFO - 2022-03-26 13:21:56 --> Controller "App\Controllers\base\Dashboard" loaded.
INFO - 2022-03-26 13:21:57 --> Session: Class initialized using 'CodeIgniter\Session\Handlers\FileHandler' driver.
INFO - 2022-03-26 13:21:57 --> Controller "App\Controllers\base\Dashboard" loaded.
INFO - 2022-03-26 13:22:14 --> Session: Class initialized using 'CodeIgniter\Session\Handlers\FileHandler' driver.
INFO - 2022-03-26 13:22:14 --> Session: Class initialized using 'CodeIgniter\Session\Handlers\FileHandler' driver.
INFO - 2022-03-26 13:22:14 --> Controller "App\Controllers\base\Dashboard" loaded.
INFO - 2022-03-26 13:30:02 --> Controller "App\Controllers\base\Beranda" loaded.
INFO - 2022-03-26 13:40:02 --> Controller "App\Controllers\base\Beranda" loaded.
INFO - 2022-03-26 13:41:45 --> Controller "App\Controllers\base\Beranda" loaded.
INFO - 2022-03-26 13:42:06 --> Controller "App\Controllers\base\Beranda" loaded.
INFO - 2022-03-26 13:42:10 --> Controller "App\Controllers\base\Beranda" loaded.
INFO - 2022-03-26 13:50:02 --> Controller "App\Controllers\base\Beranda" loaded.
INFO - 2022-03-26 13:52:52 --> Controller "App\Controllers\base\Beranda" loaded.
INFO - 2022-03-26 13:53:22 --> Controller "App\Controllers\base\Beranda" loaded.
INFO - 2022-03-26 13:54:25 --> Session: Class initialized using 'CodeIgniter\Session\Handlers\FileHandler' driver.
INFO - 2022-03-26 13:54:25 --> Controller "App\Controllers\base\Order" loaded.
INFO - 2022-03-26 13:54:25 --> Controller "App\Controllers\base\Beranda" loaded.
INFO - 2022-03-26 13:54:29 --> Session: Class initialized using 'CodeIgniter\Session\Handlers\FileHandler' driver.
INFO - 2022-03-26 13:54:29 --> Controller "App\Controllers\base\Order" loaded.
INFO - 2022-03-26 13:54:29 --> Session: Class initialized using 'CodeIgniter\Session\Handlers\FileHandler' driver.
INFO - 2022-03-26 13:54:29 --> Controller "App\Controllers\base\Order" loaded.
INFO - 2022-03-26 13:54:30 --> Controller "App\Controllers\base\Beranda" loaded.
INFO - 2022-03-26 13:54:32 --> Session: Class initialized using 'CodeIgniter\Session\Handlers\FileHandler' driver.
INFO - 2022-03-26 13:54:32 --> Controller "App\Controllers\base\Order" loaded.
INFO - 2022-03-26 13:54:57 --> Session: Class initialized using 'CodeIgniter\Session\Handlers\FileHandler' driver.
INFO - 2022-03-26 13:54:57 --> Controller "App\Controllers\base\Order" loaded.
INFO - 2022-03-26 13:55:00 --> Session: Class initialized using 'CodeIgniter\Session\Handlers\FileHandler' driver.
INFO - 2022-03-26 13:55:00 --> Controller "App\Controllers\base\Order" loaded.
INFO - 2022-03-26 13:58:32 --> Controller "App\Controllers\base\Beranda" loaded.
INFO - 2022-03-26 14:00:02 --> Controller "App\Controllers\base\Beranda" loaded.
INFO - 2022-03-26 14:07:49 --> Controller "App\Controllers\base\Beranda" loaded.
INFO - 2022-03-26 14:09:00 --> Session: Class initialized using 'CodeIgniter\Session\Handlers\FileHandler' driver.
INFO - 2022-03-26 14:09:00 --> Controller "App\Controllers\base\Dashboard" loaded.
INFO - 2022-03-26 14:09:11 --> Session: Class initialized using 'CodeIgniter\Session\Handlers\FileHandler' driver.
INFO - 2022-03-26 14:09:11 --> Controller "App\Controllers\base\Dashboard" loaded.
INFO - 2022-03-26 14:09:11 --> Session: Class initialized using 'CodeIgniter\Session\Handlers\FileHandler' driver.
INFO - 2022-03-26 14:09:11 --> Controller "App\Controllers\base\Dashboard" loaded.
INFO - 2022-03-26 14:09:46 --> Session: Class initialized using 'CodeIgniter\Session\Handlers\FileHandler' driver.
INFO - 2022-03-26 14:09:46 --> Controller "App\Controllers\base\Dashboard" loaded.
INFO - 2022-03-26 14:10:01 --> Controller "App\Controllers\base\Beranda" loaded.
INFO - 2022-03-26 14:10:02 --> Session: Class initialized using 'CodeIgniter\Session\Handlers\FileHandler' driver.
INFO - 2022-03-26 14:10:02 --> Controller "App\Controllers\base\Dashboard" loaded.
INFO - 2022-03-26 14:10:13 --> Session: Class initialized using 'CodeIgniter\Session\Handlers\FileHandler' driver.
INFO - 2022-03-26 14:10:13 --> Controller "App\Controllers\base\Dashboard" loaded.
INFO - 2022-03-26 14:12:22 --> Session: Class initialized using 'CodeIgniter\Session\Handlers\FileHandler' driver.
INFO - 2022-03-26 14:12:22 --> Controller "App\Controllers\base\Dashboard" loaded.
INFO - 2022-03-26 14:12:29 --> Session: Class initialized using 'CodeIgniter\Session\Handlers\FileHandler' driver.
INFO - 2022-03-26 14:12:29 --> Controller "App\Controllers\base\Dashboard" loaded.
INFO - 2022-03-26 14:12:30 --> Controller "App\Controllers\base\Beranda" loaded.
INFO - 2022-03-26 14:12:44 --> Session: Class initialized using 'CodeIgniter\Session\Handlers\FileHandler' driver.
INFO - 2022-03-26 14:12:44 --> Controller "App\Controllers\bukutamu\Bukutamu" loaded.
INFO - 2022-03-26 14:12:44 --> Session: Class initialized using 'CodeIgniter\Session\Handlers\FileHandler' driver.
INFO - 2022-03-26 14:12:44 --> Controller "App\Controllers\bukutamu\Bukutamu" loaded.
INFO - 2022-03-26 14:13:07 --> Session: Class initialized using 'CodeIgniter\Session\Handlers\FileHandler' driver.
INFO - 2022-03-26 14:13:07 --> Controller "App\Controllers\base\Dashboard" loaded.
INFO - 2022-03-26 14:14:25 --> Session: Class initialized using 'CodeIgniter\Session\Handlers\FileHandler' driver.
INFO - 2022-03-26 14:14:25 --> Controller "App\Controllers\base\Dashboard" loaded.
INFO - 2022-03-26 14:14:44 --> Session: Class initialized using 'CodeIgniter\Session\Handlers\FileHandler' driver.
INFO - 2022-03-26 14:14:44 --> Controller "App\Controllers\base\Dashboard" loaded.
INFO - 2022-03-26 14:14:44 --> Session: Class initialized using 'CodeIgniter\Session\Handlers\FileHandler' driver.
INFO - 2022-03-26 14:14:44 --> Controller "App\Controllers\base\Dashboard" loaded.
INFO - 2022-03-26 14:15:25 --> Session: Class initialized using 'CodeIgniter\Session\Handlers\FileHandler' driver.
INFO - 2022-03-26 14:15:25 --> Controller "App\Controllers\base\Dashboard" loaded.
INFO - 2022-03-26 14:15:25 --> Session: Class initialized using 'CodeIgniter\Session\Handlers\FileHandler' driver.
INFO - 2022-03-26 14:15:25 --> Controller "App\Controllers\base\Dashboard" loaded.
INFO - 2022-03-26 14:15:35 --> Session: Class initialized using 'CodeIgniter\Session\Handlers\FileHandler' driver.
INFO - 2022-03-26 14:15:35 --> Controller "App\Controllers\base\Dashboard" loaded.
INFO - 2022-03-26 14:15:59 --> Session: Class initialized using 'CodeIgniter\Session\Handlers\FileHandler' driver.
INFO - 2022-03-26 14:15:59 --> Controller "App\Controllers\base\Dashboard" loaded.
INFO - 2022-03-26 14:16:19 --> Session: Class initialized using 'CodeIgniter\Session\Handlers\FileHandler' driver.
INFO - 2022-03-26 14:16:19 --> Controller "App\Controllers\base\Dashboard" loaded.
INFO - 2022-03-26 14:16:30 --> Session: Class initialized using 'CodeIgniter\Session\Handlers\FileHandler' driver.
INFO - 2022-03-26 14:16:30 --> Controller "App\Controllers\base\Dashboard" loaded.
INFO - 2022-03-26 14:16:30 --> Session: Class initialized using 'CodeIgniter\Session\Handlers\FileHandler' driver.
INFO - 2022-03-26 14:16:30 --> Controller "App\Controllers\base\Dashboard" loaded.
INFO - 2022-03-26 14:16:40 --> Session: Class initialized using 'CodeIgniter\Session\Handlers\FileHandler' driver.
INFO - 2022-03-26 14:16:40 --> Controller "App\Controllers\base\Dashboard" loaded.
INFO - 2022-03-26 14:17:09 --> Session: Class initialized using 'CodeIgniter\Session\Handlers\FileHandler' driver.
INFO - 2022-03-26 14:17:09 --> Controller "App\Controllers\base\Dashboard" loaded.
INFO - 2022-03-26 14:17:18 --> Session: Class initialized using 'CodeIgniter\Session\Handlers\FileHandler' driver.
INFO - 2022-03-26 14:17:18 --> Controller "App\Controllers\base\Dashboard" loaded.
INFO - 2022-03-26 14:17:18 --> Session: Class initialized using 'CodeIgniter\Session\Handlers\FileHandler' driver.
INFO - 2022-03-26 14:17:18 --> Controller "App\Controllers\base\Dashboard" loaded.
INFO - 2022-03-26 14:17:43 --> Session: Class initialized using 'CodeIgniter\Session\Handlers\FileHandler' driver.
INFO - 2022-03-26 14:17:43 --> Controller "App\Controllers\base\Dashboard" loaded.
INFO - 2022-03-26 14:17:56 --> Session: Class initialized using 'CodeIgniter\Session\Handlers\FileHandler' driver.
INFO - 2022-03-26 14:17:56 --> Controller "App\Controllers\base\Dashboard" loaded.
INFO - 2022-03-26 14:17:57 --> Controller "App\Controllers\base\Beranda" loaded.
INFO - 2022-03-26 14:18:01 --> Session: Class initialized using 'CodeIgniter\Session\Handlers\FileHandler' driver.
INFO - 2022-03-26 14:18:01 --> Controller "App\Controllers\base\Dashboard" loaded.
INFO - 2022-03-26 14:18:11 --> Session: Class initialized using 'CodeIgniter\Session\Handlers\FileHandler' driver.
INFO - 2022-03-26 14:18:11 --> Controller "App\Controllers\base\Dashboard" loaded.
INFO - 2022-03-26 14:18:11 --> Session: Class initialized using 'CodeIgniter\Session\Handlers\FileHandler' driver.
INFO - 2022-03-26 14:18:11 --> Controller "App\Controllers\base\Dashboard" loaded.
INFO - 2022-03-26 14:18:24 --> Session: Class initialized using 'CodeIgniter\Session\Handlers\FileHandler' driver.
INFO - 2022-03-26 14:18:24 --> Controller "App\Controllers\base\Dashboard" loaded.
INFO - 2022-03-26 14:18:31 --> Session: Class initialized using 'CodeIgniter\Session\Handlers\FileHandler' driver.
INFO - 2022-03-26 14:18:31 --> Controller "App\Controllers\base\Dashboard" loaded.
INFO - 2022-03-26 14:18:49 --> Controller "App\Controllers\base\Beranda" loaded.
INFO - 2022-03-26 14:19:06 --> Session: Class initialized using 'CodeIgniter\Session\Handlers\FileHandler' driver.
INFO - 2022-03-26 14:19:06 --> Controller "App\Controllers\base\Dashboard" loaded.
INFO - 2022-03-26 14:19:18 --> Session: Class initialized using 'CodeIgniter\Session\Handlers\FileHandler' driver.
INFO - 2022-03-26 14:19:18 --> Controller "App\Controllers\base\Dashboard" loaded.
INFO - 2022-03-26 14:19:18 --> Session: Class initialized using 'CodeIgniter\Session\Handlers\FileHandler' driver.
INFO - 2022-03-26 14:19:18 --> Controller "App\Controllers\base\Dashboard" loaded.
INFO - 2022-03-26 14:19:35 --> Session: Class initialized using 'CodeIgniter\Session\Handlers\FileHandler' driver.
INFO - 2022-03-26 14:19:35 --> Controller "App\Controllers\base\Dashboard" loaded.
INFO - 2022-03-26 14:19:53 --> Session: Class initialized using 'CodeIgniter\Session\Handlers\FileHandler' driver.
INFO - 2022-03-26 14:19:53 --> Controller "App\Controllers\base\Dashboard" loaded.
INFO - 2022-03-26 14:20:01 --> Controller "App\Controllers\base\Beranda" loaded.
INFO - 2022-03-26 14:21:04 --> Session: Class initialized using 'CodeIgniter\Session\Handlers\FileHandler' driver.
INFO - 2022-03-26 14:21:04 --> Controller "App\Controllers\base\Dashboard" loaded.
INFO - 2022-03-26 14:21:04 --> Session: Class initialized using 'CodeIgniter\Session\Handlers\FileHandler' driver.
INFO - 2022-03-26 14:21:04 --> Controller "App\Controllers\base\Dashboard" loaded.
INFO - 2022-03-26 14:21:06 --> Session: Class initialized using 'CodeIgniter\Session\Handlers\FileHandler' driver.
INFO - 2022-03-26 14:21:07 --> Session: Class initialized using 'CodeIgniter\Session\Handlers\FileHandler' driver.
INFO - 2022-03-26 14:21:07 --> Controller "App\Controllers\base\Dashboard" loaded.
INFO - 2022-03-26 14:21:15 --> Session: Class initialized using 'CodeIgniter\Session\Handlers\FileHandler' driver.
INFO - 2022-03-26 14:21:15 --> Controller "App\Controllers\base\Dashboard" loaded.
INFO - 2022-03-26 14:21:17 --> Session: Class initialized using 'CodeIgniter\Session\Handlers\FileHandler' driver.
INFO - 2022-03-26 14:21:17 --> Controller "App\Controllers\base\Dashboard" loaded.
INFO - 2022-03-26 14:21:34 --> Session: Class initialized using 'CodeIgniter\Session\Handlers\FileHandler' driver.
INFO - 2022-03-26 14:21:34 --> Controller "App\Controllers\base\Dashboard" loaded.
INFO - 2022-03-26 14:21:37 --> Session: Class initialized using 'CodeIgniter\Session\Handlers\FileHandler' driver.
INFO - 2022-03-26 14:21:37 --> Controller "App\Controllers\base\Dashboard" loaded.
INFO - 2022-03-26 14:21:55 --> Session: Class initialized using 'CodeIgniter\Session\Handlers\FileHandler' driver.
INFO - 2022-03-26 14:21:55 --> Controller "App\Controllers\base\Dashboard" loaded.
INFO - 2022-03-26 14:23:07 --> Session: Class initialized using 'CodeIgniter\Session\Handlers\FileHandler' driver.
INFO - 2022-03-26 14:23:07 --> Controller "App\Controllers\base\Dashboard" loaded.
INFO - 2022-03-26 14:23:13 --> Session: Class initialized using 'CodeIgniter\Session\Handlers\FileHandler' driver.
INFO - 2022-03-26 14:23:14 --> Session: Class initialized using 'CodeIgniter\Session\Handlers\FileHandler' driver.
INFO - 2022-03-26 14:23:14 --> Controller "App\Controllers\base\Dashboard" loaded.
INFO - 2022-03-26 14:23:22 --> Session: Class initialized using 'CodeIgniter\Session\Handlers\FileHandler' driver.
INFO - 2022-03-26 14:23:22 --> Controller "App\Controllers\base\Dashboard" loaded.
INFO - 2022-03-26 14:23:28 --> Session: Class initialized using 'CodeIgniter\Session\Handlers\FileHandler' driver.
INFO - 2022-03-26 14:23:28 --> Controller "App\Controllers\base\Dashboard" loaded.
INFO - 2022-03-26 14:23:28 --> Session: Class initialized using 'CodeIgniter\Session\Handlers\FileHandler' driver.
INFO - 2022-03-26 14:23:28 --> Controller "App\Controllers\base\Dashboard" loaded.
INFO - 2022-03-26 14:23:36 --> Session: Class initialized using 'CodeIgniter\Session\Handlers\FileHandler' driver.
INFO - 2022-03-26 14:23:36 --> Controller "App\Controllers\base\Dashboard" loaded.
INFO - 2022-03-26 14:23:38 --> Session: Class initialized using 'CodeIgniter\Session\Handlers\FileHandler' driver.
INFO - 2022-03-26 14:23:39 --> Session: Class initialized using 'CodeIgniter\Session\Handlers\FileHandler' driver.
INFO - 2022-03-26 14:23:39 --> Controller "App\Controllers\base\Dashboard" loaded.
INFO - 2022-03-26 14:23:45 --> Session: Class initialized using 'CodeIgniter\Session\Handlers\FileHandler' driver.
INFO - 2022-03-26 14:23:45 --> Controller "App\Controllers\base\Dashboard" loaded.
INFO - 2022-03-26 14:23:53 --> Session: Class initialized using 'CodeIgniter\Session\Handlers\FileHandler' driver.
INFO - 2022-03-26 14:23:53 --> Controller "App\Controllers\base\Dashboard" loaded.
INFO - 2022-03-26 14:23:53 --> Session: Class initialized using 'CodeIgniter\Session\Handlers\FileHandler' driver.
INFO - 2022-03-26 14:23:53 --> Controller "App\Controllers\base\Dashboard" loaded.
INFO - 2022-03-26 14:24:05 --> Session: Class initialized using 'CodeIgniter\Session\Handlers\FileHandler' driver.
INFO - 2022-03-26 14:24:05 --> Controller "App\Controllers\base\Dashboard" loaded.
INFO - 2022-03-26 14:24:05 --> Session: Class initialized using 'CodeIgniter\Session\Handlers\FileHandler' driver.
INFO - 2022-03-26 14:24:05 --> Controller "App\Controllers\base\Dashboard" loaded.
INFO - 2022-03-26 14:24:22 --> Session: Class initialized using 'CodeIgniter\Session\Handlers\FileHandler' driver.
INFO - 2022-03-26 14:24:22 --> Controller "App\Controllers\base\Dashboard" loaded.
INFO - 2022-03-26 14:25:23 --> Controller "App\Controllers\base\Beranda" loaded.
INFO - 2022-03-26 14:30:02 --> Controller "App\Controllers\base\Beranda" loaded.
INFO - 2022-03-26 14:40:02 --> Controller "App\Controllers\base\Beranda" loaded.
INFO - 2022-03-26 14:50:02 --> Controller "App\Controllers\base\Beranda" loaded.
INFO - 2022-03-26 15:00:02 --> Controller "App\Controllers\base\Beranda" loaded.
INFO - 2022-03-26 15:10:02 --> Controller "App\Controllers\base\Beranda" loaded.
INFO - 2022-03-26 15:11:05 --> Controller "App\Controllers\base\Beranda" loaded.
INFO - 2022-03-26 15:20:02 --> Controller "App\Controllers\base\Beranda" loaded.
INFO - 2022-03-26 15:30:02 --> Controller "App\Controllers\base\Beranda" loaded.
INFO - 2022-03-26 15:40:02 --> Controller "App\Controllers\base\Beranda" loaded.
INFO - 2022-03-26 15:50:02 --> Controller "App\Controllers\base\Beranda" loaded.
INFO - 2022-03-26 16:00:02 --> Controller "App\Controllers\base\Beranda" loaded.
INFO - 2022-03-26 16:10:02 --> Controller "App\Controllers\base\Beranda" loaded.
INFO - 2022-03-26 16:12:03 --> Controller "App\Controllers\base\Beranda" loaded.
INFO - 2022-03-26 16:12:14 --> Controller "App\Controllers\base\Beranda" loaded.
INFO - 2022-03-26 16:14:16 --> Controller "App\Controllers\base\Beranda" loaded.
INFO - 2022-03-26 16:20:02 --> Controller "App\Controllers\base\Beranda" loaded.
INFO - 2022-03-26 16:25:47 --> Session: Class initialized using 'CodeIgniter\Session\Handlers\FileHandler' driver.
INFO - 2022-03-26 16:25:47 --> Controller "App\Controllers\undangan\Undangan" loaded.
INFO - 2022-03-26 16:28:03 --> Controller "App\Controllers\base\Beranda" loaded.
INFO - 2022-03-26 16:28:15 --> Controller "App\Controllers\base\Beranda" loaded.
INFO - 2022-03-26 16:30:02 --> Controller "App\Controllers\base\Beranda" loaded.
INFO - 2022-03-26 16:30:16 --> Controller "App\Controllers\base\Beranda" loaded.
INFO - 2022-03-26 16:40:02 --> Controller "App\Controllers\base\Beranda" loaded.
INFO - 2022-03-26 16:50:02 --> Controller "App\Controllers\base\Beranda" loaded.
INFO - 2022-03-26 17:00:02 --> Controller "App\Controllers\base\Beranda" loaded.
INFO - 2022-03-26 17:04:48 --> Controller "App\Controllers\base\Beranda" loaded.
INFO - 2022-03-26 17:10:02 --> Controller "App\Controllers\base\Beranda" loaded.
INFO - 2022-03-26 17:20:02 --> Controller "App\Controllers\base\Beranda" loaded.
INFO - 2022-03-26 17:27:01 --> Session: Class initialized using 'CodeIgniter\Session\Handlers\FileHandler' driver.
INFO - 2022-03-26 17:27:01 --> Controller "App\Controllers\base\Dashboard" loaded.
INFO - 2022-03-26 17:27:11 --> Session: Class initialized using 'CodeIgniter\Session\Handlers\FileHandler' driver.
INFO - 2022-03-26 17:27:11 --> Controller "App\Controllers\undangan\Undangan" loaded.
INFO - 2022-03-26 17:28:15 --> Session: Class initialized using 'CodeIgniter\Session\Handlers\FileHandler' driver.
INFO - 2022-03-26 17:28:15 --> Controller "App\Controllers\bukutamu\Bukutamu" loaded.
INFO - 2022-03-26 17:30:02 --> Controller "App\Controllers\base\Beranda" loaded.
INFO - 2022-03-26 17:40:02 --> Controller "App\Controllers\base\Beranda" loaded.
INFO - 2022-03-26 17:50:02 --> Controller "App\Controllers\base\Beranda" loaded.
INFO - 2022-03-26 18:00:02 --> Controller "App\Controllers\base\Beranda" loaded.
INFO - 2022-03-26 18:10:02 --> Controller "App\Controllers\base\Beranda" loaded.
INFO - 2022-03-26 18:20:02 --> Controller "App\Controllers\base\Beranda" loaded.
INFO - 2022-03-26 18:30:02 --> Controller "App\Controllers\base\Beranda" loaded.
INFO - 2022-03-26 18:40:02 --> Controller "App\Controllers\base\Beranda" loaded.
INFO - 2022-03-26 18:44:36 --> Controller "App\Controllers\base\Beranda" loaded.
INFO - 2022-03-26 18:50:02 --> Controller "App\Controllers\base\Beranda" loaded.
INFO - 2022-03-26 18:54:52 --> Session: Class initialized using 'CodeIgniter\Session\Handlers\FileHandler' driver.
INFO - 2022-03-26 18:54:52 --> Controller "App\Controllers\base\Dashboard" loaded.
INFO - 2022-03-26 18:55:03 --> Session: Class initialized using 'CodeIgniter\Session\Handlers\FileHandler' driver.
INFO - 2022-03-26 18:55:03 --> Controller "App\Controllers\base\Dashboard" loaded.
INFO - 2022-03-26 18:55:03 --> Session: Class initialized using 'CodeIgniter\Session\Handlers\FileHandler' driver.
INFO - 2022-03-26 18:55:03 --> Controller "App\Controllers\base\Dashboard" loaded.
INFO - 2022-03-26 18:55:14 --> Session: Class initialized using 'CodeIgniter\Session\Handlers\FileHandler' driver.
INFO - 2022-03-26 18:55:14 --> Controller "App\Controllers\base\Dashboard" loaded.
INFO - 2022-03-26 18:55:21 --> Session: Class initialized using 'CodeIgniter\Session\Handlers\FileHandler' driver.
INFO - 2022-03-26 18:55:21 --> Controller "App\Controllers\base\Dashboard" loaded.
CRITICAL - 2022-03-26 18:55:21 --> Call to a member function remove() on null
#0 /home/ngua4317/public_html/system/CodeIgniter.php(910): App\Controllers\base\Dashboard->update_paket()
#1 /home/ngua4317/public_html/system/CodeIgniter.php(398): CodeIgniter\CodeIgniter->runController(Object(App\Controllers\base\Dashboard))
#2 /home/ngua4317/public_html/system/CodeIgniter.php(306): CodeIgniter\CodeIgniter->handleRequest(NULL, Object(Config\Cache), false)
#3 /home/ngua4317/public_html/index.php(45): CodeIgniter\CodeIgniter->run()
#4 {main}
INFO - 2022-03-26 18:55:48 --> Session: Class initialized using 'CodeIgniter\Session\Handlers\FileHandler' driver.
INFO - 2022-03-26 18:55:48 --> Controller "App\Controllers\base\Dashboard" loaded.
CRITICAL - 2022-03-26 18:55:48 --> Undefined variable: session
#0 /home/ngua4317/public_html/app/Controllers/base/Dashboard.php(949): CodeIgniter\Debug\Exceptions->errorHandler(8, 'Undefined varia...', '/home/ngua4317/...', 949, Array)
#1 /home/ngua4317/public_html/system/CodeIgniter.php(910): App\Controllers\base\Dashboard->update_paket()
#2 /home/ngua4317/public_html/system/CodeIgniter.php(398): CodeIgniter\CodeIgniter->runController(Object(App\Controllers\base\Dashboard))
#3 /home/ngua4317/public_html/system/CodeIgniter.php(306): CodeIgniter\CodeIgniter->handleRequest(NULL, Object(Config\Cache), false)
#4 /home/ngua4317/public_html/index.php(45): CodeIgniter\CodeIgniter->run()
#5 {main}
INFO - 2022-03-26 18:57:04 --> Session: Class initialized using 'CodeIgniter\Session\Handlers\FileHandler' driver.
INFO - 2022-03-26 18:57:04 --> Controller "App\Controllers\base\Dashboard" loaded.
INFO - 2022-03-26 18:57:04 --> Session: Class initialized using 'CodeIgniter\Session\Handlers\FileHandler' driver.
INFO - 2022-03-26 18:57:04 --> Controller "App\Controllers\base\Dashboard" loaded.
INFO - 2022-03-26 18:58:26 --> Session: Class initialized using 'CodeIgniter\Session\Handlers\FileHandler' driver.
INFO - 2022-03-26 18:58:26 --> Controller "App\Controllers\base\Dashboard" loaded.
INFO - 2022-03-26 18:58:26 --> Session: Class initialized using 'CodeIgniter\Session\Handlers\FileHandler' driver.
INFO - 2022-03-26 18:58:26 --> Controller "App\Controllers\base\Dashboard" loaded.
INFO - 2022-03-26 18:59:37 --> Session: Class initialized using 'CodeIgniter\Session\Handlers\FileHandler' driver.
INFO - 2022-03-26 18:59:37 --> Controller "App\Controllers\base\Dashboard" loaded.
INFO - 2022-03-26 19:00:02 --> Controller "App\Controllers\base\Beranda" loaded.
INFO - 2022-03-26 19:10:02 --> Controller "App\Controllers\base\Beranda" loaded.
INFO - 2022-03-26 19:13:31 --> Controller "App\Controllers\base\Beranda" loaded.
INFO - 2022-03-26 19:20:02 --> Controller "App\Controllers\base\Beranda" loaded.
INFO - 2022-03-26 19:30:02 --> Controller "App\Controllers\base\Beranda" loaded.
INFO - 2022-03-26 19:40:02 --> Controller "App\Controllers\base\Beranda" loaded.
INFO - 2022-03-26 19:40:02 --> Controller "App\Controllers\base\Beranda" loaded.
INFO - 2022-03-26 19:40:29 --> Controller "App\Controllers\base\Beranda" loaded.
INFO - 2022-03-26 19:40:42 --> Controller "App\Controllers\base\Beranda" loaded.
INFO - 2022-03-26 19:40:46 --> Controller "App\Controllers\base\Beranda" loaded.
INFO - 2022-03-26 19:50:02 --> Controller "App\Controllers\base\Beranda" loaded.
INFO - 2022-03-26 20:00:02 --> Controller "App\Controllers\base\Beranda" loaded.
INFO - 2022-03-26 20:10:02 --> Controller "App\Controllers\base\Beranda" loaded.
INFO - 2022-03-26 20:20:02 --> Controller "App\Controllers\base\Beranda" loaded.
INFO - 2022-03-26 20:30:02 --> Controller "App\Controllers\base\Beranda" loaded.
INFO - 2022-03-26 20:40:02 --> Controller "App\Controllers\base\Beranda" loaded.
INFO - 2022-03-26 20:50:02 --> Controller "App\Controllers\base\Beranda" loaded.
INFO - 2022-03-26 21:00:02 --> Controller "App\Controllers\base\Beranda" loaded.
INFO - 2022-03-26 21:10:02 --> Controller "App\Controllers\base\Beranda" loaded.
INFO - 2022-03-26 21:17:33 --> Controller "App\Controllers\base\Beranda" loaded.
INFO - 2022-03-26 21:20:02 --> Controller "App\Controllers\base\Beranda" loaded.
INFO - 2022-03-26 21:30:02 --> Controller "App\Controllers\base\Beranda" loaded.
INFO - 2022-03-26 21:40:02 --> Controller "App\Controllers\base\Beranda" loaded.
INFO - 2022-03-26 21:48:05 --> Session: Class initialized using 'CodeIgniter\Session\Handlers\FileHandler' driver.
INFO - 2022-03-26 21:48:05 --> Controller "App\Controllers\base\Order" loaded.
INFO - 2022-03-26 21:50:02 --> Controller "App\Controllers\base\Beranda" loaded.
INFO - 2022-03-26 22:00:02 --> Controller "App\Controllers\base\Beranda" loaded.
INFO - 2022-03-26 22:10:02 --> Controller "App\Controllers\base\Beranda" loaded.
INFO - 2022-03-26 22:20:02 --> Controller "App\Controllers\base\Beranda" loaded.
INFO - 2022-03-26 22:22:36 --> Controller "App\Controllers\base\Beranda" loaded.
INFO - 2022-03-26 22:30:02 --> Controller "App\Controllers\base\Beranda" loaded.
INFO - 2022-03-26 22:40:02 --> Controller "App\Controllers\base\Beranda" loaded.
INFO - 2022-03-26 22:50:02 --> Controller "App\Controllers\base\Beranda" loaded.
INFO - 2022-03-26 22:59:05 --> Controller "App\Controllers\base\Beranda" loaded.
INFO - 2022-03-26 22:59:12 --> Session: Class initialized using 'CodeIgniter\Session\Handlers\FileHandler' driver.
INFO - 2022-03-26 22:59:12 --> Controller "App\Controllers\base\Order" loaded.
INFO - 2022-03-26 22:59:12 --> Controller "App\Controllers\base\Beranda" loaded.
INFO - 2022-03-26 22:59:15 --> Session: Class initialized using 'CodeIgniter\Session\Handlers\FileHandler' driver.
INFO - 2022-03-26 22:59:15 --> Controller "App\Controllers\base\Order" loaded.
INFO - 2022-03-26 22:59:53 --> Session: Class initialized using 'CodeIgniter\Session\Handlers\FileHandler' driver.
INFO - 2022-03-26 22:59:53 --> Controller "App\Controllers\base\Order" loaded.
INFO - 2022-03-26 23:06:50 --> Controller "App\Controllers\base\Beranda" loaded.
INFO - 2022-03-26 23:26:56 --> Controller "App\Controllers\base\Beranda" loaded.
INFO - 2022-03-26 23:30:58 --> Controller "App\Controllers\base\Beranda" loaded.
INFO - 2022-03-26 23:35:47 --> Controller "App\Controllers\base\Beranda" loaded.
INFO - 2022-03-26 23:38:42 --> Session: Class initialized using 'CodeIgniter\Session\Handlers\FileHandler' driver.
INFO - 2022-03-26 23:38:42 --> Controller "App\Controllers\base\Order" loaded.
INFO - 2022-03-26 23:45:15 --> Session: Class initialized using 'CodeIgniter\Session\Handlers\FileHandler' driver.
INFO - 2022-03-26 23:45:15 --> Controller "App\Controllers\base\Order" loaded.
INFO - 2022-03-26 23:45:17 --> Controller "App\Controllers\base\Beranda" loaded.
