INFO - 2021-04-14 00:26:42 --> Controller "App\Controllers\base\Beranda" loaded.
INFO - 2021-04-14 00:27:49 --> Controller "App\Controllers\base\Beranda" loaded.
INFO - 2021-04-14 00:27:49 --> Controller "App\Controllers\base\Beranda" loaded.
INFO - 2021-04-14 00:27:50 --> Controller "App\Controllers\base\Beranda" loaded.
INFO - 2021-04-14 00:27:53 --> Controller "App\Controllers\base\Beranda" loaded.
INFO - 2021-04-14 00:28:21 --> Controller "App\Controllers\base\Beranda" loaded.
INFO - 2021-04-14 00:28:40 --> Controller "App\Controllers\base\Beranda" loaded.
INFO - 2021-04-14 00:28:40 --> Controller "App\Controllers\base\Beranda" loaded.
INFO - 2021-04-14 00:28:45 --> Controller "App\Controllers\base\Beranda" loaded.
INFO - 2021-04-14 00:28:48 --> Controller "App\Controllers\base\Beranda" loaded.
INFO - 2021-04-14 00:28:48 --> Controller "App\Controllers\base\Beranda" loaded.
INFO - 2021-04-14 00:28:50 --> Controller "App\Controllers\base\Beranda" loaded.
INFO - 2021-04-14 00:28:53 --> Controller "App\Controllers\base\Beranda" loaded.
INFO - 2021-04-14 00:28:54 --> Controller "App\Controllers\base\Beranda" loaded.
INFO - 2021-04-14 00:29:02 --> Controller "App\Controllers\base\Beranda" loaded.
INFO - 2021-04-14 00:29:08 --> Controller "App\Controllers\base\Beranda" loaded.
INFO - 2021-04-14 00:29:21 --> Controller "App\Controllers\base\Beranda" loaded.
INFO - 2021-04-14 00:30:11 --> Controller "App\Controllers\base\Beranda" loaded.
INFO - 2021-04-14 00:30:12 --> Controller "App\Controllers\base\Beranda" loaded.
INFO - 2021-04-14 00:30:18 --> Controller "App\Controllers\base\Beranda" loaded.
INFO - 2021-04-14 00:30:18 --> Controller "App\Controllers\base\Beranda" loaded.
INFO - 2021-04-14 00:31:21 --> Controller "App\Controllers\base\Beranda" loaded.
INFO - 2021-04-14 00:32:34 --> Controller "App\Controllers\base\Beranda" loaded.
INFO - 2021-04-14 00:32:34 --> Controller "App\Controllers\base\Beranda" loaded.
INFO - 2021-04-14 00:32:34 --> Controller "App\Controllers\base\Beranda" loaded.
INFO - 2021-04-14 00:32:34 --> Controller "App\Controllers\base\Beranda" loaded.
INFO - 2021-04-14 00:33:15 --> Controller "App\Controllers\base\Beranda" loaded.
INFO - 2021-04-14 00:33:15 --> Controller "App\Controllers\base\Beranda" loaded.
INFO - 2021-04-14 00:33:20 --> Controller "App\Controllers\base\Beranda" loaded.
INFO - 2021-04-14 00:33:20 --> Controller "App\Controllers\base\Beranda" loaded.
INFO - 2021-04-14 00:33:46 --> Controller "App\Controllers\base\Beranda" loaded.
INFO - 2021-04-14 00:34:33 --> Controller "App\Controllers\base\Beranda" loaded.
INFO - 2021-04-14 00:34:33 --> Controller "App\Controllers\base\Beranda" loaded.
INFO - 2021-04-14 00:34:35 --> Controller "App\Controllers\base\Beranda" loaded.
INFO - 2021-04-14 00:34:36 --> Controller "App\Controllers\base\Beranda" loaded.
INFO - 2021-04-14 00:34:36 --> Controller "App\Controllers\base\Beranda" loaded.
INFO - 2021-04-14 00:34:37 --> Controller "App\Controllers\base\Beranda" loaded.
INFO - 2021-04-14 00:34:37 --> Controller "App\Controllers\base\Beranda" loaded.
INFO - 2021-04-14 00:34:39 --> Controller "App\Controllers\base\Beranda" loaded.
INFO - 2021-04-14 00:34:39 --> Controller "App\Controllers\base\Beranda" loaded.
INFO - 2021-04-14 00:34:46 --> Controller "App\Controllers\base\Beranda" loaded.
INFO - 2021-04-14 00:35:49 --> Controller "App\Controllers\base\Beranda" loaded.
INFO - 2021-04-14 00:35:49 --> Controller "App\Controllers\base\Beranda" loaded.
INFO - 2021-04-14 00:35:50 --> Controller "App\Controllers\base\Beranda" loaded.
INFO - 2021-04-14 00:35:58 --> Controller "App\Controllers\base\Beranda" loaded.
INFO - 2021-04-14 00:36:03 --> Controller "App\Controllers\base\Beranda" loaded.
INFO - 2021-04-14 00:36:07 --> Controller "App\Controllers\base\Beranda" loaded.
INFO - 2021-04-14 00:36:49 --> Controller "App\Controllers\base\Beranda" loaded.
INFO - 2021-04-14 00:36:49 --> Controller "App\Controllers\base\Beranda" loaded.
INFO - 2021-04-14 00:37:13 --> Controller "App\Controllers\base\Beranda" loaded.
INFO - 2021-04-14 00:37:15 --> Controller "App\Controllers\base\Beranda" loaded.
INFO - 2021-04-14 00:37:18 --> Controller "App\Controllers\base\Beranda" loaded.
INFO - 2021-04-14 00:37:23 --> Controller "App\Controllers\base\Beranda" loaded.
INFO - 2021-04-14 00:37:51 --> Controller "App\Controllers\base\Beranda" loaded.
INFO - 2021-04-14 00:38:28 --> Controller "App\Controllers\base\Beranda" loaded.
INFO - 2021-04-14 00:38:57 --> Controller "App\Controllers\base\Beranda" loaded.
INFO - 2021-04-14 00:38:57 --> Controller "App\Controllers\base\Beranda" loaded.
INFO - 2021-04-14 00:39:04 --> Controller "App\Controllers\base\Beranda" loaded.
INFO - 2021-04-14 00:39:06 --> Controller "App\Controllers\base\Beranda" loaded.
INFO - 2021-04-14 00:39:06 --> Controller "App\Controllers\base\Beranda" loaded.
INFO - 2021-04-14 00:39:06 --> Controller "App\Controllers\base\Beranda" loaded.
INFO - 2021-04-14 00:39:31 --> Controller "App\Controllers\base\Beranda" loaded.
INFO - 2021-04-14 00:39:31 --> Controller "App\Controllers\base\Beranda" loaded.
INFO - 2021-04-14 00:39:31 --> Controller "App\Controllers\base\Beranda" loaded.
INFO - 2021-04-14 00:39:31 --> Controller "App\Controllers\base\Beranda" loaded.
INFO - 2021-04-14 00:39:31 --> Controller "App\Controllers\base\Beranda" loaded.
INFO - 2021-04-14 00:39:31 --> Controller "App\Controllers\base\Beranda" loaded.
INFO - 2021-04-14 00:39:34 --> Controller "App\Controllers\base\Beranda" loaded.
INFO - 2021-04-14 00:39:34 --> Controller "App\Controllers\base\Beranda" loaded.
INFO - 2021-04-14 00:40:38 --> Controller "App\Controllers\base\Beranda" loaded.
INFO - 2021-04-14 00:41:28 --> Session: Class initialized using 'CodeIgniter\Session\Handlers\FileHandler' driver.
INFO - 2021-04-14 00:41:28 --> Controller "App\Controllers\undangan\Undangan" loaded.
INFO - 2021-04-14 00:41:56 --> Controller "App\Controllers\base\Beranda" loaded.
INFO - 2021-04-14 00:41:56 --> Controller "App\Controllers\base\Beranda" loaded.
INFO - 2021-04-14 00:42:08 --> Controller "App\Controllers\base\Beranda" loaded.
INFO - 2021-04-14 00:42:12 --> Controller "App\Controllers\base\Beranda" loaded.
INFO - 2021-04-14 00:42:17 --> Session: Class initialized using 'CodeIgniter\Session\Handlers\FileHandler' driver.
INFO - 2021-04-14 00:42:17 --> Controller "App\Controllers\undangan\Undangan" loaded.
INFO - 2021-04-14 00:42:17 --> Session: Class initialized using 'CodeIgniter\Session\Handlers\FileHandler' driver.
INFO - 2021-04-14 00:42:17 --> Controller "App\Controllers\undangan\Undangan" loaded.
INFO - 2021-04-14 00:42:17 --> Session: Class initialized using 'CodeIgniter\Session\Handlers\FileHandler' driver.
INFO - 2021-04-14 00:42:17 --> Controller "App\Controllers\undangan\Undangan" loaded.
INFO - 2021-04-14 00:42:30 --> Session: Class initialized using 'CodeIgniter\Session\Handlers\FileHandler' driver.
INFO - 2021-04-14 00:42:30 --> Controller "App\Controllers\undangan\Undangan" loaded.
INFO - 2021-04-14 00:42:47 --> Controller "App\Controllers\base\Beranda" loaded.
INFO - 2021-04-14 00:42:48 --> Controller "App\Controllers\base\Beranda" loaded.
INFO - 2021-04-14 00:42:49 --> Controller "App\Controllers\base\Beranda" loaded.
INFO - 2021-04-14 00:42:49 --> Controller "App\Controllers\base\Beranda" loaded.
INFO - 2021-04-14 00:42:51 --> Controller "App\Controllers\base\Beranda" loaded.
INFO - 2021-04-14 00:43:02 --> Controller "App\Controllers\base\Beranda" loaded.
INFO - 2021-04-14 00:43:07 --> Controller "App\Controllers\base\Beranda" loaded.
INFO - 2021-04-14 00:43:46 --> Controller "App\Controllers\base\Beranda" loaded.
INFO - 2021-04-14 00:43:46 --> Controller "App\Controllers\base\Beranda" loaded.
INFO - 2021-04-14 00:43:46 --> Controller "App\Controllers\base\Beranda" loaded.
INFO - 2021-04-14 00:43:49 --> Controller "App\Controllers\base\Beranda" loaded.
INFO - 2021-04-14 00:43:49 --> Controller "App\Controllers\base\Beranda" loaded.
INFO - 2021-04-14 00:43:50 --> Controller "App\Controllers\base\Beranda" loaded.
INFO - 2021-04-14 00:44:00 --> Controller "App\Controllers\base\Beranda" loaded.
INFO - 2021-04-14 00:44:35 --> Controller "App\Controllers\base\Beranda" loaded.
INFO - 2021-04-14 00:44:49 --> Controller "App\Controllers\base\Beranda" loaded.
INFO - 2021-04-14 00:45:29 --> Controller "App\Controllers\base\Beranda" loaded.
INFO - 2021-04-14 00:45:29 --> Controller "App\Controllers\base\Beranda" loaded.
INFO - 2021-04-14 00:45:30 --> Controller "App\Controllers\base\Beranda" loaded.
INFO - 2021-04-14 00:45:37 --> Controller "App\Controllers\base\Beranda" loaded.
INFO - 2021-04-14 00:45:56 --> Controller "App\Controllers\base\Beranda" loaded.
INFO - 2021-04-14 00:46:16 --> Controller "App\Controllers\base\Beranda" loaded.
INFO - 2021-04-14 00:46:33 --> Controller "App\Controllers\base\Beranda" loaded.
INFO - 2021-04-14 00:46:33 --> Controller "App\Controllers\base\Beranda" loaded.
INFO - 2021-04-14 00:47:16 --> Controller "App\Controllers\base\Beranda" loaded.
INFO - 2021-04-14 00:47:17 --> Controller "App\Controllers\base\Beranda" loaded.
INFO - 2021-04-14 00:47:20 --> Controller "App\Controllers\base\Beranda" loaded.
INFO - 2021-04-14 00:47:20 --> Controller "App\Controllers\base\Beranda" loaded.
INFO - 2021-04-14 00:47:20 --> Controller "App\Controllers\base\Beranda" loaded.
INFO - 2021-04-14 00:47:21 --> Controller "App\Controllers\base\Beranda" loaded.
INFO - 2021-04-14 00:47:22 --> Controller "App\Controllers\base\Beranda" loaded.
INFO - 2021-04-14 00:49:48 --> Controller "App\Controllers\base\Beranda" loaded.
INFO - 2021-04-14 00:49:48 --> Controller "App\Controllers\base\Beranda" loaded.
INFO - 2021-04-14 00:49:48 --> Controller "App\Controllers\base\Beranda" loaded.
INFO - 2021-04-14 00:50:07 --> Controller "App\Controllers\base\Beranda" loaded.
INFO - 2021-04-14 00:50:18 --> Controller "App\Controllers\base\Beranda" loaded.
INFO - 2021-04-14 00:50:28 --> Controller "App\Controllers\base\Beranda" loaded.
INFO - 2021-04-14 00:50:32 --> Controller "App\Controllers\base\Beranda" loaded.
INFO - 2021-04-14 00:50:36 --> Controller "App\Controllers\base\Beranda" loaded.
INFO - 2021-04-14 00:50:39 --> Controller "App\Controllers\base\Beranda" loaded.
INFO - 2021-04-14 00:52:29 --> Session: Class initialized using 'CodeIgniter\Session\Handlers\FileHandler' driver.
INFO - 2021-04-14 00:52:29 --> Controller "App\Controllers\undangan\Undangan" loaded.
INFO - 2021-04-14 01:03:25 --> Controller "App\Controllers\base\Beranda" loaded.
INFO - 2021-04-14 01:03:27 --> Controller "App\Controllers\base\Beranda" loaded.
INFO - 2021-04-14 01:03:28 --> Controller "App\Controllers\base\Beranda" loaded.
INFO - 2021-04-14 01:03:38 --> Controller "App\Controllers\base\Beranda" loaded.
INFO - 2021-04-14 01:03:44 --> Controller "App\Controllers\base\Beranda" loaded.
INFO - 2021-04-14 01:07:43 --> Session: Class initialized using 'CodeIgniter\Session\Handlers\FileHandler' driver.
INFO - 2021-04-14 01:07:43 --> Controller "App\Controllers\undangan\Undangan" loaded.
INFO - 2021-04-14 01:44:12 --> Session: Class initialized using 'CodeIgniter\Session\Handlers\FileHandler' driver.
INFO - 2021-04-14 01:44:12 --> Controller "App\Controllers\undangan\Undangan" loaded.
INFO - 2021-04-14 01:44:39 --> Session: Class initialized using 'CodeIgniter\Session\Handlers\FileHandler' driver.
INFO - 2021-04-14 01:44:39 --> Controller "App\Controllers\undangan\Undangan" loaded.
INFO - 2021-04-14 01:44:44 --> Session: Class initialized using 'CodeIgniter\Session\Handlers\FileHandler' driver.
INFO - 2021-04-14 01:44:44 --> Controller "App\Controllers\undangan\Undangan" loaded.
INFO - 2021-04-14 02:45:47 --> Controller "App\Controllers\base\Beranda" loaded.
INFO - 2021-04-14 02:46:50 --> Controller "App\Controllers\base\Beranda" loaded.
INFO - 2021-04-14 02:48:14 --> Controller "App\Controllers\base\Beranda" loaded.
INFO - 2021-04-14 03:02:12 --> Controller "App\Controllers\base\Beranda" loaded.
INFO - 2021-04-14 03:16:10 --> Session: Class initialized using 'CodeIgniter\Session\Handlers\FileHandler' driver.
INFO - 2021-04-14 03:16:10 --> Controller "App\Controllers\undangan\Undangan" loaded.
INFO - 2021-04-14 05:38:42 --> Controller "App\Controllers\base\Beranda" loaded.
INFO - 2021-04-14 05:38:56 --> Controller "App\Controllers\base\Beranda" loaded.
INFO - 2021-04-14 05:39:38 --> Controller "App\Controllers\base\Beranda" loaded.
INFO - 2021-04-14 06:49:24 --> Controller "App\Controllers\base\Beranda" loaded.
INFO - 2021-04-14 06:49:35 --> Session: Class initialized using 'CodeIgniter\Session\Handlers\FileHandler' driver.
INFO - 2021-04-14 06:49:35 --> Controller "App\Controllers\admin\Admin" loaded.
INFO - 2021-04-14 06:49:45 --> Session: Class initialized using 'CodeIgniter\Session\Handlers\FileHandler' driver.
INFO - 2021-04-14 06:49:45 --> Controller "App\Controllers\admin\Admin" loaded.
INFO - 2021-04-14 06:49:45 --> Session: Class initialized using 'CodeIgniter\Session\Handlers\FileHandler' driver.
INFO - 2021-04-14 06:49:45 --> Controller "App\Controllers\admin\Admin" loaded.
INFO - 2021-04-14 06:49:52 --> Session: Class initialized using 'CodeIgniter\Session\Handlers\FileHandler' driver.
INFO - 2021-04-14 06:49:52 --> Controller "App\Controllers\admin\Admin" loaded.
INFO - 2021-04-14 06:49:56 --> Session: Class initialized using 'CodeIgniter\Session\Handlers\FileHandler' driver.
INFO - 2021-04-14 06:49:56 --> Controller "App\Controllers\admin\Admin" loaded.
INFO - 2021-04-14 06:49:56 --> Session: Class initialized using 'CodeIgniter\Session\Handlers\FileHandler' driver.
INFO - 2021-04-14 06:49:56 --> Controller "App\Controllers\admin\Admin" loaded.
INFO - 2021-04-14 07:17:50 --> Session: Class initialized using 'CodeIgniter\Session\Handlers\FileHandler' driver.
INFO - 2021-04-14 07:17:50 --> Controller "App\Controllers\undangan\Undangan" loaded.
INFO - 2021-04-14 07:18:11 --> Session: Class initialized using 'CodeIgniter\Session\Handlers\FileHandler' driver.
INFO - 2021-04-14 07:18:11 --> Controller "App\Controllers\undangan\Undangan" loaded.
INFO - 2021-04-14 07:18:59 --> Session: Class initialized using 'CodeIgniter\Session\Handlers\FileHandler' driver.
INFO - 2021-04-14 07:18:59 --> Controller "App\Controllers\undangan\Undangan" loaded.
INFO - 2021-04-14 07:19:57 --> Session: Class initialized using 'CodeIgniter\Session\Handlers\FileHandler' driver.
INFO - 2021-04-14 07:19:57 --> Controller "App\Controllers\undangan\Undangan" loaded.
INFO - 2021-04-14 07:21:40 --> Session: Class initialized using 'CodeIgniter\Session\Handlers\FileHandler' driver.
INFO - 2021-04-14 07:21:40 --> Controller "App\Controllers\undangan\Undangan" loaded.
INFO - 2021-04-14 07:21:53 --> Session: Class initialized using 'CodeIgniter\Session\Handlers\FileHandler' driver.
INFO - 2021-04-14 07:21:53 --> Controller "App\Controllers\undangan\Undangan" loaded.
INFO - 2021-04-14 07:22:37 --> Session: Class initialized using 'CodeIgniter\Session\Handlers\FileHandler' driver.
INFO - 2021-04-14 07:22:37 --> Controller "App\Controllers\undangan\Undangan" loaded.
INFO - 2021-04-14 07:22:37 --> Session: Class initialized using 'CodeIgniter\Session\Handlers\FileHandler' driver.
INFO - 2021-04-14 07:22:37 --> Controller "App\Controllers\undangan\Undangan" loaded.
INFO - 2021-04-14 07:22:37 --> Session: Class initialized using 'CodeIgniter\Session\Handlers\FileHandler' driver.
INFO - 2021-04-14 07:22:37 --> Controller "App\Controllers\undangan\Undangan" loaded.
INFO - 2021-04-14 07:22:42 --> Session: Class initialized using 'CodeIgniter\Session\Handlers\FileHandler' driver.
INFO - 2021-04-14 07:22:42 --> Controller "App\Controllers\undangan\Undangan" loaded.
INFO - 2021-04-14 07:23:45 --> Session: Class initialized using 'CodeIgniter\Session\Handlers\FileHandler' driver.
INFO - 2021-04-14 07:23:45 --> Controller "App\Controllers\undangan\Undangan" loaded.
INFO - 2021-04-14 07:23:47 --> Session: Class initialized using 'CodeIgniter\Session\Handlers\FileHandler' driver.
INFO - 2021-04-14 07:23:47 --> Controller "App\Controllers\base\Order" loaded.
INFO - 2021-04-14 07:23:47 --> Session: Class initialized using 'CodeIgniter\Session\Handlers\FileHandler' driver.
INFO - 2021-04-14 07:23:47 --> Controller "App\Controllers\base\Order" loaded.
INFO - 2021-04-14 07:23:47 --> Session: Class initialized using 'CodeIgniter\Session\Handlers\FileHandler' driver.
INFO - 2021-04-14 07:23:47 --> Controller "App\Controllers\base\Order" loaded.
INFO - 2021-04-14 07:23:47 --> Controller "App\Controllers\base\Beranda" loaded.
INFO - 2021-04-14 07:23:47 --> Controller "App\Controllers\base\Beranda" loaded.
INFO - 2021-04-14 07:24:01 --> Controller "App\Controllers\base\Beranda" loaded.
INFO - 2021-04-14 07:24:27 --> Session: Class initialized using 'CodeIgniter\Session\Handlers\FileHandler' driver.
INFO - 2021-04-14 07:24:27 --> Controller "App\Controllers\base\Order" loaded.
INFO - 2021-04-14 07:24:43 --> Controller "App\Controllers\base\Beranda" loaded.
INFO - 2021-04-14 07:24:51 --> Session: Class initialized using 'CodeIgniter\Session\Handlers\FileHandler' driver.
INFO - 2021-04-14 07:24:51 --> Controller "App\Controllers\base\Order" loaded.
INFO - 2021-04-14 07:25:00 --> Controller "App\Controllers\base\Beranda" loaded.
INFO - 2021-04-14 07:25:19 --> Controller "App\Controllers\base\Beranda" loaded.
INFO - 2021-04-14 07:25:54 --> Controller "App\Controllers\base\Beranda" loaded.
INFO - 2021-04-14 07:25:55 --> Session: Class initialized using 'CodeIgniter\Session\Handlers\FileHandler' driver.
INFO - 2021-04-14 07:25:55 --> Controller "App\Controllers\base\Dashboard" loaded.
INFO - 2021-04-14 07:26:14 --> Controller "App\Controllers\base\Beranda" loaded.
INFO - 2021-04-14 07:37:28 --> Controller "App\Controllers\base\Beranda" loaded.
INFO - 2021-04-14 07:37:29 --> Controller "App\Controllers\base\Beranda" loaded.
INFO - 2021-04-14 07:46:49 --> Controller "App\Controllers\base\Beranda" loaded.
INFO - 2021-04-14 07:46:59 --> Session: Class initialized using 'CodeIgniter\Session\Handlers\FileHandler' driver.
INFO - 2021-04-14 07:46:59 --> Controller "App\Controllers\base\Order" loaded.
INFO - 2021-04-14 07:47:04 --> Controller "App\Controllers\base\Beranda" loaded.
INFO - 2021-04-14 07:47:47 --> Controller "App\Controllers\base\Beranda" loaded.
INFO - 2021-04-14 07:47:59 --> Controller "App\Controllers\base\Beranda" loaded.
INFO - 2021-04-14 07:49:20 --> Controller "App\Controllers\base\Beranda" loaded.
INFO - 2021-04-14 07:49:45 --> Controller "App\Controllers\base\Beranda" loaded.
INFO - 2021-04-14 07:49:45 --> Controller "App\Controllers\base\Beranda" loaded.
INFO - 2021-04-14 07:49:45 --> Controller "App\Controllers\base\Beranda" loaded.
INFO - 2021-04-14 07:50:22 --> Controller "App\Controllers\base\Beranda" loaded.
INFO - 2021-04-14 07:50:24 --> Controller "App\Controllers\base\Beranda" loaded.
INFO - 2021-04-14 07:50:49 --> Controller "App\Controllers\base\Beranda" loaded.
INFO - 2021-04-14 08:07:01 --> Controller "App\Controllers\base\Beranda" loaded.
INFO - 2021-04-14 08:07:14 --> Session: Class initialized using 'CodeIgniter\Session\Handlers\FileHandler' driver.
INFO - 2021-04-14 08:07:14 --> Controller "App\Controllers\base\Order" loaded.
INFO - 2021-04-14 08:07:40 --> Session: Class initialized using 'CodeIgniter\Session\Handlers\FileHandler' driver.
INFO - 2021-04-14 08:07:40 --> Controller "App\Controllers\base\Order" loaded.
INFO - 2021-04-14 08:07:49 --> Session: Class initialized using 'CodeIgniter\Session\Handlers\FileHandler' driver.
INFO - 2021-04-14 08:07:49 --> Controller "App\Controllers\base\Order" loaded.
INFO - 2021-04-14 08:08:52 --> Session: Class initialized using 'CodeIgniter\Session\Handlers\FileHandler' driver.
INFO - 2021-04-14 08:08:52 --> Controller "App\Controllers\base\Order" loaded.
INFO - 2021-04-14 08:09:55 --> Session: Class initialized using 'CodeIgniter\Session\Handlers\FileHandler' driver.
INFO - 2021-04-14 08:09:55 --> Controller "App\Controllers\base\Order" loaded.
INFO - 2021-04-14 08:10:56 --> Session: Class initialized using 'CodeIgniter\Session\Handlers\FileHandler' driver.
INFO - 2021-04-14 08:10:56 --> Controller "App\Controllers\base\Order" loaded.
INFO - 2021-04-14 08:11:00 --> Session: Class initialized using 'CodeIgniter\Session\Handlers\FileHandler' driver.
INFO - 2021-04-14 08:11:00 --> Controller "App\Controllers\base\Order" loaded.
INFO - 2021-04-14 08:11:53 --> Session: Class initialized using 'CodeIgniter\Session\Handlers\FileHandler' driver.
INFO - 2021-04-14 08:11:53 --> Controller "App\Controllers\base\Order" loaded.
INFO - 2021-04-14 08:12:07 --> Session: Class initialized using 'CodeIgniter\Session\Handlers\FileHandler' driver.
INFO - 2021-04-14 08:12:07 --> Controller "App\Controllers\base\Order" loaded.
INFO - 2021-04-14 08:12:07 --> Controller "App\Controllers\base\Beranda" loaded.
INFO - 2021-04-14 08:12:13 --> Session: Class initialized using 'CodeIgniter\Session\Handlers\FileHandler' driver.
INFO - 2021-04-14 08:12:13 --> Controller "App\Controllers\base\Order" loaded.
INFO - 2021-04-14 08:12:26 --> Session: Class initialized using 'CodeIgniter\Session\Handlers\FileHandler' driver.
INFO - 2021-04-14 08:12:26 --> Controller "App\Controllers\base\Order" loaded.
INFO - 2021-04-14 08:12:29 --> Session: Class initialized using 'CodeIgniter\Session\Handlers\FileHandler' driver.
INFO - 2021-04-14 08:12:29 --> Controller "App\Controllers\base\Order" loaded.
INFO - 2021-04-14 08:12:33 --> Session: Class initialized using 'CodeIgniter\Session\Handlers\FileHandler' driver.
INFO - 2021-04-14 08:12:33 --> Controller "App\Controllers\base\Order" loaded.
INFO - 2021-04-14 08:12:55 --> Session: Class initialized using 'CodeIgniter\Session\Handlers\FileHandler' driver.
INFO - 2021-04-14 08:12:55 --> Controller "App\Controllers\undangan\Undangan" loaded.
INFO - 2021-04-14 08:13:21 --> Session: Class initialized using 'CodeIgniter\Session\Handlers\FileHandler' driver.
INFO - 2021-04-14 08:13:21 --> Controller "App\Controllers\base\Dashboard" loaded.
INFO - 2021-04-14 08:13:21 --> Session: Class initialized using 'CodeIgniter\Session\Handlers\FileHandler' driver.
INFO - 2021-04-14 08:13:21 --> Controller "App\Controllers\base\Dashboard" loaded.
INFO - 2021-04-14 08:13:33 --> Session: Class initialized using 'CodeIgniter\Session\Handlers\FileHandler' driver.
INFO - 2021-04-14 08:13:33 --> Controller "App\Controllers\base\Dashboard" loaded.
INFO - 2021-04-14 08:13:33 --> Session: Class initialized using 'CodeIgniter\Session\Handlers\FileHandler' driver.
INFO - 2021-04-14 08:13:33 --> Controller "App\Controllers\base\Dashboard" loaded.
INFO - 2021-04-14 08:13:59 --> Session: Class initialized using 'CodeIgniter\Session\Handlers\FileHandler' driver.
INFO - 2021-04-14 08:13:59 --> Controller "App\Controllers\undangan\Undangan" loaded.
INFO - 2021-04-14 08:14:17 --> Session: Class initialized using 'CodeIgniter\Session\Handlers\FileHandler' driver.
INFO - 2021-04-14 08:14:17 --> Controller "App\Controllers\base\Dashboard" loaded.
INFO - 2021-04-14 08:14:17 --> Session: Class initialized using 'CodeIgniter\Session\Handlers\FileHandler' driver.
INFO - 2021-04-14 08:14:17 --> Controller "App\Controllers\base\Dashboard" loaded.
INFO - 2021-04-14 08:14:17 --> Session: Class initialized using 'CodeIgniter\Session\Handlers\FileHandler' driver.
INFO - 2021-04-14 08:14:17 --> Controller "App\Controllers\base\Dashboard" loaded.
INFO - 2021-04-14 08:15:49 --> Session: Class initialized using 'CodeIgniter\Session\Handlers\FileHandler' driver.
INFO - 2021-04-14 08:15:49 --> Controller "App\Controllers\base\Dashboard" loaded.
INFO - 2021-04-14 08:15:49 --> Session: Class initialized using 'CodeIgniter\Session\Handlers\FileHandler' driver.
INFO - 2021-04-14 08:15:49 --> Controller "App\Controllers\base\Dashboard" loaded.
INFO - 2021-04-14 08:15:55 --> Session: Class initialized using 'CodeIgniter\Session\Handlers\FileHandler' driver.
INFO - 2021-04-14 08:15:55 --> Controller "App\Controllers\base\Dashboard" loaded.
INFO - 2021-04-14 08:16:30 --> Session: Class initialized using 'CodeIgniter\Session\Handlers\FileHandler' driver.
INFO - 2021-04-14 08:16:30 --> Controller "App\Controllers\base\Dashboard" loaded.
INFO - 2021-04-14 08:16:30 --> Session: Class initialized using 'CodeIgniter\Session\Handlers\FileHandler' driver.
INFO - 2021-04-14 08:16:30 --> Controller "App\Controllers\base\Dashboard" loaded.
INFO - 2021-04-14 08:16:34 --> Session: Class initialized using 'CodeIgniter\Session\Handlers\FileHandler' driver.
INFO - 2021-04-14 08:16:34 --> Controller "App\Controllers\base\Dashboard" loaded.
INFO - 2021-04-14 08:16:51 --> Session: Class initialized using 'CodeIgniter\Session\Handlers\FileHandler' driver.
INFO - 2021-04-14 08:16:51 --> Controller "App\Controllers\base\Dashboard" loaded.
INFO - 2021-04-14 08:23:08 --> Controller "App\Controllers\base\Beranda" loaded.
INFO - 2021-04-14 08:29:10 --> Controller "App\Controllers\base\Beranda" loaded.
INFO - 2021-04-14 09:20:49 --> Session: Class initialized using 'CodeIgniter\Session\Handlers\FileHandler' driver.
INFO - 2021-04-14 09:20:49 --> Controller "App\Controllers\undangan\Undangan" loaded.
INFO - 2021-04-14 10:15:16 --> Controller "App\Controllers\base\Beranda" loaded.
INFO - 2021-04-14 10:32:44 --> Controller "App\Controllers\base\Beranda" loaded.
INFO - 2021-04-14 11:00:46 --> Controller "App\Controllers\base\Beranda" loaded.
INFO - 2021-04-14 11:00:52 --> Session: Class initialized using 'CodeIgniter\Session\Handlers\FileHandler' driver.
INFO - 2021-04-14 11:00:52 --> Controller "App\Controllers\base\Order" loaded.
INFO - 2021-04-14 11:00:54 --> Controller "App\Controllers\base\Beranda" loaded.
INFO - 2021-04-14 11:01:02 --> Controller "App\Controllers\base\Beranda" loaded.
INFO - 2021-04-14 11:01:56 --> Controller "App\Controllers\base\Beranda" loaded.
INFO - 2021-04-14 11:02:10 --> Controller "App\Controllers\base\Beranda" loaded.
INFO - 2021-04-14 12:29:43 --> Controller "App\Controllers\base\Beranda" loaded.
INFO - 2021-04-14 12:34:43 --> Session: Class initialized using 'CodeIgniter\Session\Handlers\FileHandler' driver.
INFO - 2021-04-14 12:34:43 --> Controller "App\Controllers\undangan\Undangan" loaded.
INFO - 2021-04-14 12:35:12 --> Session: Class initialized using 'CodeIgniter\Session\Handlers\FileHandler' driver.
INFO - 2021-04-14 12:35:12 --> Controller "App\Controllers\undangan\Undangan" loaded.
INFO - 2021-04-14 12:35:49 --> Session: Class initialized using 'CodeIgniter\Session\Handlers\FileHandler' driver.
INFO - 2021-04-14 12:35:49 --> Controller "App\Controllers\undangan\Undangan" loaded.
INFO - 2021-04-14 12:35:49 --> Session: Class initialized using 'CodeIgniter\Session\Handlers\FileHandler' driver.
INFO - 2021-04-14 12:35:49 --> Controller "App\Controllers\undangan\Undangan" loaded.
INFO - 2021-04-14 12:35:50 --> Session: Class initialized using 'CodeIgniter\Session\Handlers\FileHandler' driver.
INFO - 2021-04-14 12:35:50 --> Controller "App\Controllers\undangan\Undangan" loaded.
INFO - 2021-04-14 14:17:33 --> Controller "App\Controllers\base\Beranda" loaded.
INFO - 2021-04-14 15:55:14 --> Controller "App\Controllers\base\Beranda" loaded.
INFO - 2021-04-14 17:39:18 --> Controller "App\Controllers\base\Beranda" loaded.
INFO - 2021-04-14 18:10:56 --> Controller "App\Controllers\base\Beranda" loaded.
INFO - 2021-04-14 18:12:16 --> Session: Class initialized using 'CodeIgniter\Session\Handlers\FileHandler' driver.
INFO - 2021-04-14 18:12:16 --> Controller "App\Controllers\undangan\Undangan" loaded.
INFO - 2021-04-14 18:12:21 --> Session: Class initialized using 'CodeIgniter\Session\Handlers\FileHandler' driver.
INFO - 2021-04-14 18:12:21 --> Controller "App\Controllers\undangan\Undangan" loaded.
INFO - 2021-04-14 18:12:23 --> Controller "App\Controllers\base\Beranda" loaded.
INFO - 2021-04-14 19:00:02 --> Controller "App\Controllers\base\Beranda" loaded.
INFO - 2021-04-14 19:59:44 --> Controller "App\Controllers\base\Beranda" loaded.
INFO - 2021-04-14 20:09:15 --> Session: Class initialized using 'CodeIgniter\Session\Handlers\FileHandler' driver.
INFO - 2021-04-14 20:09:15 --> Controller "App\Controllers\undangan\Undangan" loaded.
INFO - 2021-04-14 20:10:17 --> Session: Class initialized using 'CodeIgniter\Session\Handlers\FileHandler' driver.
INFO - 2021-04-14 20:10:17 --> Controller "App\Controllers\undangan\Undangan" loaded.
INFO - 2021-04-14 20:10:17 --> Session: Class initialized using 'CodeIgniter\Session\Handlers\FileHandler' driver.
INFO - 2021-04-14 20:10:17 --> Controller "App\Controllers\undangan\Undangan" loaded.
INFO - 2021-04-14 20:10:17 --> Session: Class initialized using 'CodeIgniter\Session\Handlers\FileHandler' driver.
INFO - 2021-04-14 20:10:17 --> Controller "App\Controllers\undangan\Undangan" loaded.
INFO - 2021-04-14 20:11:09 --> Session: Class initialized using 'CodeIgniter\Session\Handlers\FileHandler' driver.
INFO - 2021-04-14 20:11:09 --> Controller "App\Controllers\undangan\Undangan" loaded.
INFO - 2021-04-14 20:12:01 --> Session: Class initialized using 'CodeIgniter\Session\Handlers\FileHandler' driver.
INFO - 2021-04-14 20:12:01 --> Controller "App\Controllers\undangan\Undangan" loaded.
INFO - 2021-04-14 20:12:12 --> Session: Class initialized using 'CodeIgniter\Session\Handlers\FileHandler' driver.
INFO - 2021-04-14 20:12:12 --> Controller "App\Controllers\undangan\Undangan" loaded.
INFO - 2021-04-14 20:12:31 --> Controller "App\Controllers\base\Beranda" loaded.
INFO - 2021-04-14 20:12:54 --> Session: Class initialized using 'CodeIgniter\Session\Handlers\FileHandler' driver.
INFO - 2021-04-14 20:12:54 --> Controller "App\Controllers\undangan\Undangan" loaded.
INFO - 2021-04-14 20:12:54 --> Session: Class initialized using 'CodeIgniter\Session\Handlers\FileHandler' driver.
INFO - 2021-04-14 20:12:54 --> Controller "App\Controllers\undangan\Undangan" loaded.
INFO - 2021-04-14 20:12:54 --> Session: Class initialized using 'CodeIgniter\Session\Handlers\FileHandler' driver.
INFO - 2021-04-14 20:12:54 --> Controller "App\Controllers\undangan\Undangan" loaded.
INFO - 2021-04-14 20:14:49 --> Controller "App\Controllers\base\Beranda" loaded.
INFO - 2021-04-14 20:40:19 --> Controller "App\Controllers\base\Beranda" loaded.
INFO - 2021-04-14 20:55:25 --> Controller "App\Controllers\base\Beranda" loaded.
INFO - 2021-04-14 21:31:40 --> Controller "App\Controllers\base\Beranda" loaded.
INFO - 2021-04-14 21:31:48 --> Controller "App\Controllers\base\Beranda" loaded.
INFO - 2021-04-14 21:41:24 --> Controller "App\Controllers\base\Beranda" loaded.
INFO - 2021-04-14 21:46:31 --> Controller "App\Controllers\base\Beranda" loaded.
INFO - 2021-04-14 22:02:43 --> Controller "App\Controllers\base\Beranda" loaded.
INFO - 2021-04-14 22:09:16 --> Session: Class initialized using 'CodeIgniter\Session\Handlers\FileHandler' driver.
INFO - 2021-04-14 22:09:16 --> Controller "App\Controllers\undangan\Undangan" loaded.
INFO - 2021-04-14 22:09:16 --> Session: Class initialized using 'CodeIgniter\Session\Handlers\FileHandler' driver.
INFO - 2021-04-14 22:09:16 --> Controller "App\Controllers\undangan\Undangan" loaded.
INFO - 2021-04-14 22:09:16 --> Session: Class initialized using 'CodeIgniter\Session\Handlers\FileHandler' driver.
INFO - 2021-04-14 22:09:16 --> Controller "App\Controllers\undangan\Undangan" loaded.
INFO - 2021-04-14 22:09:16 --> Session: Class initialized using 'CodeIgniter\Session\Handlers\FileHandler' driver.
INFO - 2021-04-14 22:09:16 --> Controller "App\Controllers\undangan\Undangan" loaded.
INFO - 2021-04-14 22:09:17 --> Session: Class initialized using 'CodeIgniter\Session\Handlers\FileHandler' driver.
INFO - 2021-04-14 22:09:17 --> Controller "App\Controllers\undangan\Undangan" loaded.
INFO - 2021-04-14 22:09:17 --> Session: Class initialized using 'CodeIgniter\Session\Handlers\FileHandler' driver.
INFO - 2021-04-14 22:09:17 --> Controller "App\Controllers\undangan\Undangan" loaded.
INFO - 2021-04-14 22:31:05 --> Controller "App\Controllers\base\Beranda" loaded.
INFO - 2021-04-14 23:05:42 --> Session: Class initialized using 'CodeIgniter\Session\Handlers\FileHandler' driver.
INFO - 2021-04-14 23:05:42 --> Controller "App\Controllers\undangan\Undangan" loaded.
INFO - 2021-04-14 23:06:10 --> Session: Class initialized using 'CodeIgniter\Session\Handlers\FileHandler' driver.
INFO - 2021-04-14 23:06:10 --> Controller "App\Controllers\undangan\Undangan" loaded.
INFO - 2021-04-14 23:44:52 --> Controller "App\Controllers\base\Beranda" loaded.
