INFO - 2022-01-08 00:00:56 --> Session: Class initialized using 'CodeIgniter\Session\Handlers\FileHandler' driver.
INFO - 2022-01-08 00:00:56 --> Controller "App\Controllers\base\Order" loaded.
INFO - 2022-01-08 00:12:08 --> Session: Class initialized using 'CodeIgniter\Session\Handlers\FileHandler' driver.
INFO - 2022-01-08 00:12:08 --> Controller "App\Controllers\base\Order" loaded.
INFO - 2022-01-08 00:24:38 --> Controller "App\Controllers\base\Beranda" loaded.
INFO - 2022-01-08 00:41:13 --> Controller "App\Controllers\base\Beranda" loaded.
INFO - 2022-01-08 00:41:19 --> Session: Class initialized using 'CodeIgniter\Session\Handlers\FileHandler' driver.
INFO - 2022-01-08 00:41:19 --> Controller "App\Controllers\undangan\Undangan" loaded.
INFO - 2022-01-08 00:41:24 --> Session: Class initialized using 'CodeIgniter\Session\Handlers\FileHandler' driver.
INFO - 2022-01-08 00:41:24 --> Controller "App\Controllers\bukutamu\Bukutamu" loaded.
INFO - 2022-01-08 00:42:40 --> Controller "App\Controllers\base\Beranda" loaded.
INFO - 2022-01-08 01:05:33 --> Session: Class initialized using 'CodeIgniter\Session\Handlers\FileHandler' driver.
INFO - 2022-01-08 01:05:33 --> Controller "App\Controllers\bukutamu\Bukutamu" loaded.
INFO - 2022-01-08 01:25:39 --> Controller "App\Controllers\base\Beranda" loaded.
INFO - 2022-01-08 01:55:47 --> Controller "App\Controllers\base\Beranda" loaded.
INFO - 2022-01-08 02:06:44 --> Session: Class initialized using 'CodeIgniter\Session\Handlers\FileHandler' driver.
INFO - 2022-01-08 02:06:44 --> Controller "App\Controllers\undangan\Undangan" loaded.
INFO - 2022-01-08 02:15:53 --> Session: Class initialized using 'CodeIgniter\Session\Handlers\FileHandler' driver.
INFO - 2022-01-08 02:15:53 --> Controller "App\Controllers\base\Order" loaded.
INFO - 2022-01-08 02:15:53 --> Controller "App\Controllers\base\Beranda" loaded.
INFO - 2022-01-08 02:29:38 --> Session: Class initialized using 'CodeIgniter\Session\Handlers\FileHandler' driver.
INFO - 2022-01-08 02:29:38 --> Controller "App\Controllers\base\Order" loaded.
INFO - 2022-01-08 04:02:06 --> Controller "App\Controllers\base\Beranda" loaded.
INFO - 2022-01-08 04:24:58 --> Controller "App\Controllers\base\Beranda" loaded.
INFO - 2022-01-08 04:30:50 --> Session: Class initialized using 'CodeIgniter\Session\Handlers\FileHandler' driver.
INFO - 2022-01-08 04:30:50 --> Session: Class initialized using 'CodeIgniter\Session\Handlers\FileHandler' driver.
INFO - 2022-01-08 04:30:50 --> Controller "App\Controllers\base\Dashboard" loaded.
INFO - 2022-01-08 05:04:52 --> Controller "App\Controllers\base\Beranda" loaded.
INFO - 2022-01-08 06:11:09 --> Session: Class initialized using 'CodeIgniter\Session\Handlers\FileHandler' driver.
INFO - 2022-01-08 06:11:10 --> Controller "App\Controllers\base\Order" loaded.
INFO - 2022-01-08 06:14:27 --> Controller "App\Controllers\base\Beranda" loaded.
INFO - 2022-01-08 06:14:30 --> Controller "App\Controllers\base\Beranda" loaded.
INFO - 2022-01-08 06:33:52 --> Controller "App\Controllers\base\Beranda" loaded.
INFO - 2022-01-08 06:42:54 --> Controller "App\Controllers\base\Beranda" loaded.
INFO - 2022-01-08 06:45:18 --> Controller "App\Controllers\base\Beranda" loaded.
INFO - 2022-01-08 06:45:51 --> Controller "App\Controllers\base\Beranda" loaded.
INFO - 2022-01-08 06:48:13 --> Controller "App\Controllers\base\Beranda" loaded.
INFO - 2022-01-08 06:53:48 --> Controller "App\Controllers\base\Beranda" loaded.
INFO - 2022-01-08 06:55:29 --> Controller "App\Controllers\base\Beranda" loaded.
INFO - 2022-01-08 06:55:38 --> Session: Class initialized using 'CodeIgniter\Session\Handlers\FileHandler' driver.
INFO - 2022-01-08 06:55:38 --> Controller "App\Controllers\undangan\Undangan" loaded.
INFO - 2022-01-08 06:55:46 --> Session: Class initialized using 'CodeIgniter\Session\Handlers\FileHandler' driver.
INFO - 2022-01-08 06:55:46 --> Controller "App\Controllers\base\Order" loaded.
INFO - 2022-01-08 06:55:47 --> Controller "App\Controllers\base\Beranda" loaded.
INFO - 2022-01-08 06:55:54 --> Session: Class initialized using 'CodeIgniter\Session\Handlers\FileHandler' driver.
INFO - 2022-01-08 06:55:54 --> Controller "App\Controllers\base\Order" loaded.
INFO - 2022-01-08 06:56:18 --> Controller "App\Controllers\base\Beranda" loaded.
INFO - 2022-01-08 06:57:28 --> Controller "App\Controllers\base\Beranda" loaded.
INFO - 2022-01-08 06:58:49 --> Controller "App\Controllers\base\Beranda" loaded.
INFO - 2022-01-08 06:58:49 --> Controller "App\Controllers\base\Beranda" loaded.
INFO - 2022-01-08 06:58:52 --> Controller "App\Controllers\base\Beranda" loaded.
INFO - 2022-01-08 06:59:15 --> Session: Class initialized using 'CodeIgniter\Session\Handlers\FileHandler' driver.
INFO - 2022-01-08 06:59:15 --> Controller "App\Controllers\base\Order" loaded.
INFO - 2022-01-08 06:59:16 --> Controller "App\Controllers\base\Beranda" loaded.
INFO - 2022-01-08 06:59:20 --> Session: Class initialized using 'CodeIgniter\Session\Handlers\FileHandler' driver.
INFO - 2022-01-08 06:59:20 --> Controller "App\Controllers\base\Order" loaded.
INFO - 2022-01-08 06:59:31 --> Controller "App\Controllers\base\Beranda" loaded.
INFO - 2022-01-08 07:00:03 --> Controller "App\Controllers\base\Beranda" loaded.
INFO - 2022-01-08 07:10:03 --> Controller "App\Controllers\base\Beranda" loaded.
INFO - 2022-01-08 07:16:05 --> Controller "App\Controllers\base\Beranda" loaded.
INFO - 2022-01-08 07:20:03 --> Controller "App\Controllers\base\Beranda" loaded.
INFO - 2022-01-08 07:26:43 --> Controller "App\Controllers\base\Beranda" loaded.
INFO - 2022-01-08 07:30:02 --> Controller "App\Controllers\base\Beranda" loaded.
INFO - 2022-01-08 07:39:43 --> Session: Class initialized using 'CodeIgniter\Session\Handlers\FileHandler' driver.
INFO - 2022-01-08 07:39:43 --> Controller "App\Controllers\base\Order" loaded.
INFO - 2022-01-08 07:40:02 --> Controller "App\Controllers\base\Beranda" loaded.
INFO - 2022-01-08 07:50:03 --> Controller "App\Controllers\base\Beranda" loaded.
INFO - 2022-01-08 08:00:03 --> Controller "App\Controllers\base\Beranda" loaded.
INFO - 2022-01-08 08:01:36 --> Controller "App\Controllers\base\Beranda" loaded.
INFO - 2022-01-08 08:02:03 --> Controller "App\Controllers\base\Beranda" loaded.
INFO - 2022-01-08 08:02:21 --> Controller "App\Controllers\base\Beranda" loaded.
INFO - 2022-01-08 08:02:28 --> Controller "App\Controllers\base\Beranda" loaded.
INFO - 2022-01-08 08:03:22 --> Controller "App\Controllers\base\Beranda" loaded.
INFO - 2022-01-08 08:03:46 --> Controller "App\Controllers\base\Beranda" loaded.
INFO - 2022-01-08 08:03:51 --> Controller "App\Controllers\base\Beranda" loaded.
INFO - 2022-01-08 08:03:58 --> Controller "App\Controllers\base\Beranda" loaded.
INFO - 2022-01-08 08:04:29 --> Controller "App\Controllers\base\Beranda" loaded.
INFO - 2022-01-08 08:04:29 --> Controller "App\Controllers\base\Beranda" loaded.
INFO - 2022-01-08 08:04:29 --> Controller "App\Controllers\base\Beranda" loaded.
INFO - 2022-01-08 08:04:41 --> Controller "App\Controllers\base\Beranda" loaded.
INFO - 2022-01-08 08:10:03 --> Controller "App\Controllers\base\Beranda" loaded.
INFO - 2022-01-08 08:16:27 --> Controller "App\Controllers\base\Beranda" loaded.
INFO - 2022-01-08 08:20:03 --> Controller "App\Controllers\base\Beranda" loaded.
INFO - 2022-01-08 08:30:03 --> Controller "App\Controllers\base\Beranda" loaded.
INFO - 2022-01-08 08:30:20 --> Controller "App\Controllers\base\Beranda" loaded.
INFO - 2022-01-08 08:30:51 --> Controller "App\Controllers\base\Beranda" loaded.
INFO - 2022-01-08 08:35:30 --> Controller "App\Controllers\base\Beranda" loaded.
INFO - 2022-01-08 08:35:35 --> Controller "App\Controllers\base\Beranda" loaded.
INFO - 2022-01-08 08:36:52 --> Controller "App\Controllers\base\Beranda" loaded.
INFO - 2022-01-08 08:40:03 --> Controller "App\Controllers\base\Beranda" loaded.
INFO - 2022-01-08 08:50:03 --> Controller "App\Controllers\base\Beranda" loaded.
INFO - 2022-01-08 09:00:03 --> Controller "App\Controllers\base\Beranda" loaded.
INFO - 2022-01-08 09:05:45 --> Controller "App\Controllers\base\Beranda" loaded.
INFO - 2022-01-08 09:06:43 --> Session: Class initialized using 'CodeIgniter\Session\Handlers\FileHandler' driver.
INFO - 2022-01-08 09:06:43 --> Controller "App\Controllers\base\Order" loaded.
INFO - 2022-01-08 09:10:03 --> Controller "App\Controllers\base\Beranda" loaded.
INFO - 2022-01-08 09:20:03 --> Controller "App\Controllers\base\Beranda" loaded.
INFO - 2022-01-08 09:22:55 --> Controller "App\Controllers\base\Beranda" loaded.
INFO - 2022-01-08 09:22:57 --> Controller "App\Controllers\base\Beranda" loaded.
INFO - 2022-01-08 09:30:03 --> Controller "App\Controllers\base\Beranda" loaded.
INFO - 2022-01-08 09:40:03 --> Controller "App\Controllers\base\Beranda" loaded.
INFO - 2022-01-08 09:40:58 --> Controller "App\Controllers\base\Beranda" loaded.
INFO - 2022-01-08 09:50:03 --> Controller "App\Controllers\base\Beranda" loaded.
INFO - 2022-01-08 09:55:32 --> Controller "App\Controllers\base\Beranda" loaded.
INFO - 2022-01-08 10:00:03 --> Controller "App\Controllers\base\Beranda" loaded.
INFO - 2022-01-08 10:00:15 --> Session: Class initialized using 'CodeIgniter\Session\Handlers\FileHandler' driver.
INFO - 2022-01-08 10:00:15 --> Controller "App\Controllers\base\Dashboard" loaded.
INFO - 2022-01-08 10:00:31 --> Session: Class initialized using 'CodeIgniter\Session\Handlers\FileHandler' driver.
INFO - 2022-01-08 10:00:31 --> Controller "App\Controllers\base\Dashboard" loaded.
INFO - 2022-01-08 10:00:31 --> Session: Class initialized using 'CodeIgniter\Session\Handlers\FileHandler' driver.
INFO - 2022-01-08 10:00:31 --> Controller "App\Controllers\base\Dashboard" loaded.
INFO - 2022-01-08 10:00:44 --> Session: Class initialized using 'CodeIgniter\Session\Handlers\FileHandler' driver.
INFO - 2022-01-08 10:00:44 --> Controller "App\Controllers\base\Dashboard" loaded.
INFO - 2022-01-08 10:02:06 --> Session: Class initialized using 'CodeIgniter\Session\Handlers\FileHandler' driver.
INFO - 2022-01-08 10:02:06 --> Controller "App\Controllers\base\Dashboard" loaded.
INFO - 2022-01-08 10:02:07 --> Session: Class initialized using 'CodeIgniter\Session\Handlers\FileHandler' driver.
INFO - 2022-01-08 10:02:07 --> Controller "App\Controllers\base\Dashboard" loaded.
INFO - 2022-01-08 10:02:13 --> Session: Class initialized using 'CodeIgniter\Session\Handlers\FileHandler' driver.
INFO - 2022-01-08 10:02:13 --> Controller "App\Controllers\base\Dashboard" loaded.
CRITICAL - 2022-01-08 10:02:13 --> 22 : The requested URL returned error: 400 Bad Request
#0 /home/nguh5634/public_html/system/HTTP/CURLRequest.php(823): CodeIgniter\HTTP\Exceptions\HTTPException::forCurlError('22', 'The requested U...')
#1 /home/nguh5634/public_html/system/HTTP/CURLRequest.php(449): CodeIgniter\HTTP\CURLRequest->sendRequest(Array)
#2 /home/nguh5634/public_html/system/HTTP/CURLRequest.php(158): CodeIgniter\HTTP\CURLRequest->send('POST', 'https://app.san...')
#3 /home/nguh5634/public_html/app/ThirdParty/Codenom/Midtrans/src/HTTP/APIMidtrans.php(37): CodeIgniter\HTTP\CURLRequest->request('POST', 'https://app.san...', Array)
#4 /home/nguh5634/public_html/app/ThirdParty/Codenom/Midtrans/src/Midtrans.php(55): Codenom\Midtrans\HTTP\APIMidtrans::call('POST', 'https://app.san...', 'SB-Mid-server-5...', Array)
#5 /home/nguh5634/public_html/app/Controllers/base/Dashboard.php(1186): Codenom\Midtrans\Midtrans->getSnapToken(Array)
#6 /home/nguh5634/public_html/system/CodeIgniter.php(910): App\Controllers\base\Dashboard->token()
#7 /home/nguh5634/public_html/system/CodeIgniter.php(398): CodeIgniter\CodeIgniter->runController(Object(App\Controllers\base\Dashboard))
#8 /home/nguh5634/public_html/system/CodeIgniter.php(306): CodeIgniter\CodeIgniter->handleRequest(NULL, Object(Config\Cache), false)
#9 /home/nguh5634/public_html/index.php(45): CodeIgniter\CodeIgniter->run()
#10 {main}
INFO - 2022-01-08 10:02:25 --> Session: Class initialized using 'CodeIgniter\Session\Handlers\FileHandler' driver.
INFO - 2022-01-08 10:02:25 --> Controller "App\Controllers\base\Dashboard" loaded.
INFO - 2022-01-08 10:02:28 --> Session: Class initialized using 'CodeIgniter\Session\Handlers\FileHandler' driver.
INFO - 2022-01-08 10:02:28 --> Controller "App\Controllers\base\Dashboard" loaded.
INFO - 2022-01-08 10:02:29 --> Session: Class initialized using 'CodeIgniter\Session\Handlers\FileHandler' driver.
INFO - 2022-01-08 10:02:29 --> Controller "App\Controllers\base\Dashboard" loaded.
INFO - 2022-01-08 10:02:37 --> Session: Class initialized using 'CodeIgniter\Session\Handlers\FileHandler' driver.
INFO - 2022-01-08 10:02:37 --> Controller "App\Controllers\base\Dashboard" loaded.
INFO - 2022-01-08 10:03:12 --> Controller "App\Controllers\base\Beranda" loaded.
INFO - 2022-01-08 10:03:17 --> Session: Class initialized using 'CodeIgniter\Session\Handlers\FileHandler' driver.
INFO - 2022-01-08 10:03:17 --> Controller "App\Controllers\base\Dashboard" loaded.
INFO - 2022-01-08 10:03:17 --> Session: Class initialized using 'CodeIgniter\Session\Handlers\FileHandler' driver.
INFO - 2022-01-08 10:03:17 --> Controller "App\Controllers\base\Dashboard" loaded.
INFO - 2022-01-08 10:08:04 --> Session: Class initialized using 'CodeIgniter\Session\Handlers\FileHandler' driver.
INFO - 2022-01-08 10:08:04 --> Controller "App\Controllers\admin\Admin" loaded.
INFO - 2022-01-08 10:10:04 --> Controller "App\Controllers\base\Beranda" loaded.
INFO - 2022-01-08 10:15:03 --> Session: Class initialized using 'CodeIgniter\Session\Handlers\FileHandler' driver.
INFO - 2022-01-08 10:15:03 --> Controller "App\Controllers\base\Dashboard" loaded.
INFO - 2022-01-08 10:16:02 --> Session: Class initialized using 'CodeIgniter\Session\Handlers\FileHandler' driver.
INFO - 2022-01-08 10:16:02 --> Controller "App\Controllers\base\Dashboard" loaded.
INFO - 2022-01-08 10:17:10 --> Controller "App\Controllers\base\Beranda" loaded.
INFO - 2022-01-08 10:17:14 --> Session: Class initialized using 'CodeIgniter\Session\Handlers\FileHandler' driver.
INFO - 2022-01-08 10:17:14 --> Controller "App\Controllers\base\Dashboard" loaded.
INFO - 2022-01-08 10:17:52 --> Session: Class initialized using 'CodeIgniter\Session\Handlers\FileHandler' driver.
INFO - 2022-01-08 10:17:52 --> Controller "App\Controllers\base\Dashboard" loaded.
INFO - 2022-01-08 10:17:56 --> Session: Class initialized using 'CodeIgniter\Session\Handlers\FileHandler' driver.
INFO - 2022-01-08 10:17:56 --> Controller "App\Controllers\base\Dashboard" loaded.
INFO - 2022-01-08 10:17:56 --> Session: Class initialized using 'CodeIgniter\Session\Handlers\FileHandler' driver.
INFO - 2022-01-08 10:17:56 --> Controller "App\Controllers\base\Dashboard" loaded.
INFO - 2022-01-08 10:17:58 --> Session: Class initialized using 'CodeIgniter\Session\Handlers\FileHandler' driver.
INFO - 2022-01-08 10:17:58 --> Controller "App\Controllers\base\Dashboard" loaded.
INFO - 2022-01-08 10:20:03 --> Controller "App\Controllers\base\Beranda" loaded.
INFO - 2022-01-08 10:20:26 --> Controller "App\Controllers\base\Beranda" loaded.
INFO - 2022-01-08 10:20:28 --> Session: Class initialized using 'CodeIgniter\Session\Handlers\FileHandler' driver.
INFO - 2022-01-08 10:20:28 --> Controller "App\Controllers\base\Dashboard" loaded.
INFO - 2022-01-08 10:20:28 --> Session: Class initialized using 'CodeIgniter\Session\Handlers\FileHandler' driver.
INFO - 2022-01-08 10:20:28 --> Controller "App\Controllers\base\Dashboard" loaded.
INFO - 2022-01-08 10:22:43 --> Session: Class initialized using 'CodeIgniter\Session\Handlers\FileHandler' driver.
INFO - 2022-01-08 10:22:43 --> Controller "App\Controllers\base\Dashboard" loaded.
INFO - 2022-01-08 10:22:44 --> Session: Class initialized using 'CodeIgniter\Session\Handlers\FileHandler' driver.
INFO - 2022-01-08 10:22:44 --> Controller "App\Controllers\base\Dashboard" loaded.
INFO - 2022-01-08 10:22:57 --> Session: Class initialized using 'CodeIgniter\Session\Handlers\FileHandler' driver.
INFO - 2022-01-08 10:22:57 --> Controller "App\Controllers\base\Dashboard" loaded.
INFO - 2022-01-08 10:23:19 --> Controller "App\Controllers\base\Beranda" loaded.
INFO - 2022-01-08 10:23:43 --> Session: Class initialized using 'CodeIgniter\Session\Handlers\FileHandler' driver.
INFO - 2022-01-08 10:23:43 --> Controller "App\Controllers\base\Dashboard" loaded.
INFO - 2022-01-08 10:23:44 --> Session: Class initialized using 'CodeIgniter\Session\Handlers\FileHandler' driver.
INFO - 2022-01-08 10:23:44 --> Controller "App\Controllers\base\Dashboard" loaded.
INFO - 2022-01-08 10:24:06 --> Controller "App\Controllers\base\Beranda" loaded.
INFO - 2022-01-08 10:24:12 --> Session: Class initialized using 'CodeIgniter\Session\Handlers\FileHandler' driver.
INFO - 2022-01-08 10:24:12 --> Controller "App\Controllers\base\Dashboard" loaded.
INFO - 2022-01-08 10:24:20 --> Session: Class initialized using 'CodeIgniter\Session\Handlers\FileHandler' driver.
INFO - 2022-01-08 10:24:20 --> Controller "App\Controllers\base\Dashboard" loaded.
INFO - 2022-01-08 10:27:09 --> Session: Class initialized using 'CodeIgniter\Session\Handlers\FileHandler' driver.
INFO - 2022-01-08 10:27:09 --> Controller "App\Controllers\base\Order" loaded.
INFO - 2022-01-08 10:27:19 --> Session: Class initialized using 'CodeIgniter\Session\Handlers\FileHandler' driver.
INFO - 2022-01-08 10:27:19 --> Controller "App\Controllers\base\Order" loaded.
INFO - 2022-01-08 10:27:21 --> Session: Class initialized using 'CodeIgniter\Session\Handlers\FileHandler' driver.
INFO - 2022-01-08 10:27:21 --> Controller "App\Controllers\base\Order" loaded.
INFO - 2022-01-08 10:27:29 --> Controller "App\Controllers\base\Beranda" loaded.
INFO - 2022-01-08 10:28:58 --> Session: Class initialized using 'CodeIgniter\Session\Handlers\FileHandler' driver.
INFO - 2022-01-08 10:28:58 --> Controller "App\Controllers\base\Dashboard" loaded.
INFO - 2022-01-08 10:29:04 --> Session: Class initialized using 'CodeIgniter\Session\Handlers\FileHandler' driver.
INFO - 2022-01-08 10:29:04 --> Controller "App\Controllers\base\Dashboard" loaded.
INFO - 2022-01-08 10:29:09 --> Session: Class initialized using 'CodeIgniter\Session\Handlers\FileHandler' driver.
INFO - 2022-01-08 10:29:09 --> Controller "App\Controllers\base\Dashboard" loaded.
CRITICAL - 2022-01-08 10:29:09 --> 22 : The requested URL returned error: 401 Unauthorized
#0 /home/nguh5634/public_html/system/HTTP/CURLRequest.php(823): CodeIgniter\HTTP\Exceptions\HTTPException::forCurlError('22', 'The requested U...')
#1 /home/nguh5634/public_html/system/HTTP/CURLRequest.php(449): CodeIgniter\HTTP\CURLRequest->sendRequest(Array)
#2 /home/nguh5634/public_html/system/HTTP/CURLRequest.php(158): CodeIgniter\HTTP\CURLRequest->send('POST', 'https://app.san...')
#3 /home/nguh5634/public_html/app/ThirdParty/Codenom/Midtrans/src/HTTP/APIMidtrans.php(37): CodeIgniter\HTTP\CURLRequest->request('POST', 'https://app.san...', Array)
#4 /home/nguh5634/public_html/app/ThirdParty/Codenom/Midtrans/src/Midtrans.php(55): Codenom\Midtrans\HTTP\APIMidtrans::call('POST', 'https://app.san...', 'Mid-server-ukNz...', Array)
#5 /home/nguh5634/public_html/app/Controllers/base/Dashboard.php(1186): Codenom\Midtrans\Midtrans->getSnapToken(Array)
#6 /home/nguh5634/public_html/system/CodeIgniter.php(910): App\Controllers\base\Dashboard->token()
#7 /home/nguh5634/public_html/system/CodeIgniter.php(398): CodeIgniter\CodeIgniter->runController(Object(App\Controllers\base\Dashboard))
#8 /home/nguh5634/public_html/system/CodeIgniter.php(306): CodeIgniter\CodeIgniter->handleRequest(NULL, Object(Config\Cache), false)
#9 /home/nguh5634/public_html/index.php(45): CodeIgniter\CodeIgniter->run()
#10 {main}
INFO - 2022-01-08 10:29:16 --> Session: Class initialized using 'CodeIgniter\Session\Handlers\FileHandler' driver.
INFO - 2022-01-08 10:29:16 --> Controller "App\Controllers\base\Dashboard" loaded.
INFO - 2022-01-08 10:29:16 --> Session: Class initialized using 'CodeIgniter\Session\Handlers\FileHandler' driver.
INFO - 2022-01-08 10:29:16 --> Controller "App\Controllers\base\Dashboard" loaded.
INFO - 2022-01-08 10:29:22 --> Session: Class initialized using 'CodeIgniter\Session\Handlers\FileHandler' driver.
INFO - 2022-01-08 10:29:22 --> Controller "App\Controllers\base\Dashboard" loaded.
CRITICAL - 2022-01-08 10:29:23 --> 22 : The requested URL returned error: 401 Unauthorized
#0 /home/nguh5634/public_html/system/HTTP/CURLRequest.php(823): CodeIgniter\HTTP\Exceptions\HTTPException::forCurlError('22', 'The requested U...')
#1 /home/nguh5634/public_html/system/HTTP/CURLRequest.php(449): CodeIgniter\HTTP\CURLRequest->sendRequest(Array)
#2 /home/nguh5634/public_html/system/HTTP/CURLRequest.php(158): CodeIgniter\HTTP\CURLRequest->send('POST', 'https://app.san...')
#3 /home/nguh5634/public_html/app/ThirdParty/Codenom/Midtrans/src/HTTP/APIMidtrans.php(37): CodeIgniter\HTTP\CURLRequest->request('POST', 'https://app.san...', Array)
#4 /home/nguh5634/public_html/app/ThirdParty/Codenom/Midtrans/src/Midtrans.php(55): Codenom\Midtrans\HTTP\APIMidtrans::call('POST', 'https://app.san...', 'Mid-server-ukNz...', Array)
#5 /home/nguh5634/public_html/app/Controllers/base/Dashboard.php(1186): Codenom\Midtrans\Midtrans->getSnapToken(Array)
#6 /home/nguh5634/public_html/system/CodeIgniter.php(910): App\Controllers\base\Dashboard->token()
#7 /home/nguh5634/public_html/system/CodeIgniter.php(398): CodeIgniter\CodeIgniter->runController(Object(App\Controllers\base\Dashboard))
#8 /home/nguh5634/public_html/system/CodeIgniter.php(306): CodeIgniter\CodeIgniter->handleRequest(NULL, Object(Config\Cache), false)
#9 /home/nguh5634/public_html/index.php(45): CodeIgniter\CodeIgniter->run()
#10 {main}
INFO - 2022-01-08 10:30:03 --> Controller "App\Controllers\base\Beranda" loaded.
INFO - 2022-01-08 10:30:07 --> Session: Class initialized using 'CodeIgniter\Session\Handlers\FileHandler' driver.
INFO - 2022-01-08 10:30:07 --> Controller "App\Controllers\base\Dashboard" loaded.
INFO - 2022-01-08 10:30:09 --> Session: Class initialized using 'CodeIgniter\Session\Handlers\FileHandler' driver.
INFO - 2022-01-08 10:30:09 --> Controller "App\Controllers\base\Dashboard" loaded.
INFO - 2022-01-08 10:30:38 --> Controller "App\Controllers\base\Beranda" loaded.
INFO - 2022-01-08 10:30:39 --> Session: Class initialized using 'CodeIgniter\Session\Handlers\FileHandler' driver.
INFO - 2022-01-08 10:30:39 --> Controller "App\Controllers\base\Dashboard" loaded.
INFO - 2022-01-08 10:30:40 --> Session: Class initialized using 'CodeIgniter\Session\Handlers\FileHandler' driver.
INFO - 2022-01-08 10:30:40 --> Controller "App\Controllers\base\Dashboard" loaded.
INFO - 2022-01-08 10:33:59 --> Session: Class initialized using 'CodeIgniter\Session\Handlers\FileHandler' driver.
INFO - 2022-01-08 10:33:59 --> Controller "App\Controllers\admin\Admin" loaded.
INFO - 2022-01-08 10:34:06 --> Session: Class initialized using 'CodeIgniter\Session\Handlers\FileHandler' driver.
INFO - 2022-01-08 10:34:06 --> Controller "App\Controllers\admin\Admin" loaded.
INFO - 2022-01-08 10:34:09 --> Session: Class initialized using 'CodeIgniter\Session\Handlers\FileHandler' driver.
INFO - 2022-01-08 10:34:09 --> Controller "App\Controllers\admin\Admin" loaded.
INFO - 2022-01-08 10:34:26 --> Session: Class initialized using 'CodeIgniter\Session\Handlers\FileHandler' driver.
INFO - 2022-01-08 10:34:26 --> Controller "App\Controllers\admin\Admin" loaded.
INFO - 2022-01-08 10:35:01 --> Session: Class initialized using 'CodeIgniter\Session\Handlers\FileHandler' driver.
INFO - 2022-01-08 10:35:01 --> Controller "App\Controllers\admin\Admin" loaded.
INFO - 2022-01-08 10:35:01 --> Session: Class initialized using 'CodeIgniter\Session\Handlers\FileHandler' driver.
INFO - 2022-01-08 10:35:01 --> Controller "App\Controllers\admin\Admin" loaded.
INFO - 2022-01-08 10:35:07 --> Session: Class initialized using 'CodeIgniter\Session\Handlers\FileHandler' driver.
INFO - 2022-01-08 10:35:07 --> Controller "App\Controllers\admin\Admin" loaded.
INFO - 2022-01-08 10:35:08 --> Session: Class initialized using 'CodeIgniter\Session\Handlers\FileHandler' driver.
INFO - 2022-01-08 10:35:08 --> Controller "App\Controllers\admin\Admin" loaded.
INFO - 2022-01-08 10:35:17 --> Session: Class initialized using 'CodeIgniter\Session\Handlers\FileHandler' driver.
INFO - 2022-01-08 10:35:17 --> Controller "App\Controllers\admin\Admin" loaded.
INFO - 2022-01-08 10:35:17 --> Session: Class initialized using 'CodeIgniter\Session\Handlers\FileHandler' driver.
INFO - 2022-01-08 10:35:17 --> Controller "App\Controllers\admin\Admin" loaded.
INFO - 2022-01-08 10:35:22 --> Session: Class initialized using 'CodeIgniter\Session\Handlers\FileHandler' driver.
INFO - 2022-01-08 10:35:22 --> Controller "App\Controllers\admin\Admin" loaded.
INFO - 2022-01-08 10:35:22 --> Session: Class initialized using 'CodeIgniter\Session\Handlers\FileHandler' driver.
INFO - 2022-01-08 10:35:22 --> Controller "App\Controllers\admin\Admin" loaded.
INFO - 2022-01-08 10:35:25 --> Session: Class initialized using 'CodeIgniter\Session\Handlers\FileHandler' driver.
INFO - 2022-01-08 10:35:25 --> Controller "App\Controllers\admin\Admin" loaded.
INFO - 2022-01-08 10:35:28 --> Session: Class initialized using 'CodeIgniter\Session\Handlers\FileHandler' driver.
INFO - 2022-01-08 10:35:28 --> Controller "App\Controllers\admin\Admin" loaded.
INFO - 2022-01-08 10:35:30 --> Session: Class initialized using 'CodeIgniter\Session\Handlers\FileHandler' driver.
INFO - 2022-01-08 10:35:30 --> Controller "App\Controllers\admin\Admin" loaded.
INFO - 2022-01-08 10:37:29 --> Session: Class initialized using 'CodeIgniter\Session\Handlers\FileHandler' driver.
INFO - 2022-01-08 10:37:29 --> Controller "App\Controllers\admin\Admin" loaded.
INFO - 2022-01-08 10:37:29 --> Session: Class initialized using 'CodeIgniter\Session\Handlers\FileHandler' driver.
INFO - 2022-01-08 10:37:29 --> Controller "App\Controllers\admin\Admin" loaded.
INFO - 2022-01-08 10:37:41 --> Session: Class initialized using 'CodeIgniter\Session\Handlers\FileHandler' driver.
INFO - 2022-01-08 10:37:41 --> Controller "App\Controllers\base\Dashboard" loaded.
INFO - 2022-01-08 10:37:41 --> Session: Class initialized using 'CodeIgniter\Session\Handlers\FileHandler' driver.
INFO - 2022-01-08 10:37:41 --> Controller "App\Controllers\base\Dashboard" loaded.
INFO - 2022-01-08 10:37:46 --> Session: Class initialized using 'CodeIgniter\Session\Handlers\FileHandler' driver.
INFO - 2022-01-08 10:37:46 --> Controller "App\Controllers\base\Dashboard" loaded.
INFO - 2022-01-08 10:37:46 --> Session: Class initialized using 'CodeIgniter\Session\Handlers\FileHandler' driver.
INFO - 2022-01-08 10:37:46 --> Controller "App\Controllers\base\Dashboard" loaded.
INFO - 2022-01-08 10:37:49 --> Session: Class initialized using 'CodeIgniter\Session\Handlers\FileHandler' driver.
INFO - 2022-01-08 10:37:49 --> Controller "App\Controllers\base\Lupa_password" loaded.
INFO - 2022-01-08 10:37:53 --> Session: Class initialized using 'CodeIgniter\Session\Handlers\FileHandler' driver.
INFO - 2022-01-08 10:37:53 --> Controller "App\Controllers\base\Lupa_password" loaded.
INFO - 2022-01-08 10:37:54 --> Session: Class initialized using 'CodeIgniter\Session\Handlers\FileHandler' driver.
INFO - 2022-01-08 10:37:54 --> Controller "App\Controllers\base\Lupa_password" loaded.
INFO - 2022-01-08 10:40:03 --> Controller "App\Controllers\base\Beranda" loaded.
INFO - 2022-01-08 10:41:50 --> Session: Class initialized using 'CodeIgniter\Session\Handlers\FileHandler' driver.
INFO - 2022-01-08 10:41:50 --> Controller "App\Controllers\base\Lupa_password" loaded.
INFO - 2022-01-08 10:41:51 --> Session: Class initialized using 'CodeIgniter\Session\Handlers\FileHandler' driver.
INFO - 2022-01-08 10:41:51 --> Controller "App\Controllers\base\Lupa_password" loaded.
INFO - 2022-01-08 10:41:54 --> Session: Class initialized using 'CodeIgniter\Session\Handlers\FileHandler' driver.
INFO - 2022-01-08 10:41:54 --> Controller "App\Controllers\base\Lupa_password" loaded.
INFO - 2022-01-08 10:41:55 --> Session: Class initialized using 'CodeIgniter\Session\Handlers\FileHandler' driver.
INFO - 2022-01-08 10:41:55 --> Controller "App\Controllers\base\Lupa_password" loaded.
INFO - 2022-01-08 10:42:48 --> Session: Class initialized using 'CodeIgniter\Session\Handlers\FileHandler' driver.
INFO - 2022-01-08 10:42:48 --> Controller "App\Controllers\base\Lupa_password" loaded.
INFO - 2022-01-08 10:42:48 --> Session: Class initialized using 'CodeIgniter\Session\Handlers\FileHandler' driver.
INFO - 2022-01-08 10:42:48 --> Controller "App\Controllers\base\Lupa_password" loaded.
INFO - 2022-01-08 10:42:53 --> Session: Class initialized using 'CodeIgniter\Session\Handlers\FileHandler' driver.
INFO - 2022-01-08 10:42:53 --> Controller "App\Controllers\base\Lupa_password" loaded.
INFO - 2022-01-08 10:42:53 --> Session: Class initialized using 'CodeIgniter\Session\Handlers\FileHandler' driver.
INFO - 2022-01-08 10:42:53 --> Controller "App\Controllers\base\Lupa_password" loaded.
INFO - 2022-01-08 10:42:55 --> Session: Class initialized using 'CodeIgniter\Session\Handlers\FileHandler' driver.
INFO - 2022-01-08 10:42:55 --> Controller "App\Controllers\base\Lupa_password" loaded.
INFO - 2022-01-08 10:46:34 --> Session: Class initialized using 'CodeIgniter\Session\Handlers\FileHandler' driver.
INFO - 2022-01-08 10:46:34 --> Controller "App\Controllers\base\Lupa_password" loaded.
INFO - 2022-01-08 10:46:34 --> Session: Class initialized using 'CodeIgniter\Session\Handlers\FileHandler' driver.
INFO - 2022-01-08 10:46:34 --> Controller "App\Controllers\base\Dashboard" loaded.
INFO - 2022-01-08 10:48:02 --> Session: Class initialized using 'CodeIgniter\Session\Handlers\FileHandler' driver.
INFO - 2022-01-08 10:48:02 --> Controller "App\Controllers\base\Order" loaded.
INFO - 2022-01-08 10:50:03 --> Controller "App\Controllers\base\Beranda" loaded.
INFO - 2022-01-08 10:58:57 --> Session: Class initialized using 'CodeIgniter\Session\Handlers\FileHandler' driver.
INFO - 2022-01-08 10:58:57 --> Controller "App\Controllers\base\Dashboard" loaded.
INFO - 2022-01-08 10:59:02 --> Session: Class initialized using 'CodeIgniter\Session\Handlers\FileHandler' driver.
INFO - 2022-01-08 10:59:02 --> Controller "App\Controllers\base\Lupa_password" loaded.
INFO - 2022-01-08 10:59:05 --> Session: Class initialized using 'CodeIgniter\Session\Handlers\FileHandler' driver.
INFO - 2022-01-08 10:59:05 --> Controller "App\Controllers\base\Lupa_password" loaded.
INFO - 2022-01-08 10:59:11 --> Session: Class initialized using 'CodeIgniter\Session\Handlers\FileHandler' driver.
INFO - 2022-01-08 10:59:11 --> Controller "App\Controllers\base\Lupa_password" loaded.
INFO - 2022-01-08 11:00:04 --> Controller "App\Controllers\base\Beranda" loaded.
INFO - 2022-01-08 11:02:12 --> Controller "App\Controllers\base\Beranda" loaded.
INFO - 2022-01-08 11:04:14 --> Session: Class initialized using 'CodeIgniter\Session\Handlers\FileHandler' driver.
INFO - 2022-01-08 11:04:14 --> Controller "App\Controllers\base\Lupa_password" loaded.
INFO - 2022-01-08 11:04:15 --> Session: Class initialized using 'CodeIgniter\Session\Handlers\FileHandler' driver.
INFO - 2022-01-08 11:04:15 --> Controller "App\Controllers\base\Dashboard" loaded.
INFO - 2022-01-08 11:04:57 --> Session: Class initialized using 'CodeIgniter\Session\Handlers\FileHandler' driver.
INFO - 2022-01-08 11:04:57 --> Controller "App\Controllers\base\Dashboard" loaded.
INFO - 2022-01-08 11:05:55 --> Session: Class initialized using 'CodeIgniter\Session\Handlers\FileHandler' driver.
INFO - 2022-01-08 11:05:55 --> Controller "App\Controllers\base\Dashboard" loaded.
INFO - 2022-01-08 11:05:55 --> Session: Class initialized using 'CodeIgniter\Session\Handlers\FileHandler' driver.
INFO - 2022-01-08 11:05:55 --> Controller "App\Controllers\base\Dashboard" loaded.
INFO - 2022-01-08 11:06:04 --> Session: Class initialized using 'CodeIgniter\Session\Handlers\FileHandler' driver.
INFO - 2022-01-08 11:06:04 --> Controller "App\Controllers\base\Dashboard" loaded.
INFO - 2022-01-08 11:06:29 --> Session: Class initialized using 'CodeIgniter\Session\Handlers\FileHandler' driver.
INFO - 2022-01-08 11:06:29 --> Controller "App\Controllers\base\Dashboard" loaded.
INFO - 2022-01-08 11:06:29 --> Session: Class initialized using 'CodeIgniter\Session\Handlers\FileHandler' driver.
INFO - 2022-01-08 11:06:29 --> Controller "App\Controllers\base\Dashboard" loaded.
INFO - 2022-01-08 11:06:39 --> Session: Class initialized using 'CodeIgniter\Session\Handlers\FileHandler' driver.
INFO - 2022-01-08 11:06:39 --> Controller "App\Controllers\base\Dashboard" loaded.
INFO - 2022-01-08 11:06:39 --> Session: Class initialized using 'CodeIgniter\Session\Handlers\FileHandler' driver.
INFO - 2022-01-08 11:06:39 --> Controller "App\Controllers\base\Dashboard" loaded.
INFO - 2022-01-08 11:09:26 --> Session: Class initialized using 'CodeIgniter\Session\Handlers\FileHandler' driver.
INFO - 2022-01-08 11:09:26 --> Controller "App\Controllers\base\Dashboard" loaded.
INFO - 2022-01-08 11:09:27 --> Session: Class initialized using 'CodeIgniter\Session\Handlers\FileHandler' driver.
INFO - 2022-01-08 11:09:27 --> Controller "App\Controllers\base\Dashboard" loaded.
INFO - 2022-01-08 11:09:34 --> Session: Class initialized using 'CodeIgniter\Session\Handlers\FileHandler' driver.
INFO - 2022-01-08 11:09:34 --> Controller "App\Controllers\base\Dashboard" loaded.
INFO - 2022-01-08 11:09:39 --> Session: Class initialized using 'CodeIgniter\Session\Handlers\FileHandler' driver.
INFO - 2022-01-08 11:09:39 --> Controller "App\Controllers\base\Dashboard" loaded.
INFO - 2022-01-08 11:09:43 --> Session: Class initialized using 'CodeIgniter\Session\Handlers\FileHandler' driver.
INFO - 2022-01-08 11:09:43 --> Controller "App\Controllers\base\Dashboard" loaded.
INFO - 2022-01-08 11:09:43 --> Controller "App\Controllers\base\Beranda" loaded.
INFO - 2022-01-08 11:09:43 --> Controller "App\Controllers\base\Beranda" loaded.
INFO - 2022-01-08 11:09:43 --> Controller "App\Controllers\base\Beranda" loaded.
INFO - 2022-01-08 11:09:45 --> Session: Class initialized using 'CodeIgniter\Session\Handlers\FileHandler' driver.
INFO - 2022-01-08 11:09:45 --> Controller "App\Controllers\base\Dashboard" loaded.
INFO - 2022-01-08 11:10:02 --> Controller "App\Controllers\base\Beranda" loaded.
INFO - 2022-01-08 11:10:15 --> Session: Class initialized using 'CodeIgniter\Session\Handlers\FileHandler' driver.
INFO - 2022-01-08 11:10:15 --> Controller "App\Controllers\base\Dashboard" loaded.
INFO - 2022-01-08 11:10:16 --> Session: Class initialized using 'CodeIgniter\Session\Handlers\FileHandler' driver.
INFO - 2022-01-08 11:10:16 --> Controller "App\Controllers\base\Dashboard" loaded.
INFO - 2022-01-08 11:10:50 --> Session: Class initialized using 'CodeIgniter\Session\Handlers\FileHandler' driver.
INFO - 2022-01-08 11:10:50 --> Controller "App\Controllers\undangan\Undangan" loaded.
INFO - 2022-01-08 11:10:56 --> Session: Class initialized using 'CodeIgniter\Session\Handlers\FileHandler' driver.
INFO - 2022-01-08 11:10:56 --> Controller "App\Controllers\base\Dashboard" loaded.
INFO - 2022-01-08 11:10:57 --> Controller "App\Controllers\base\Beranda" loaded.
INFO - 2022-01-08 11:10:57 --> Controller "App\Controllers\base\Beranda" loaded.
INFO - 2022-01-08 11:10:57 --> Controller "App\Controllers\base\Beranda" loaded.
INFO - 2022-01-08 11:11:22 --> Session: Class initialized using 'CodeIgniter\Session\Handlers\FileHandler' driver.
INFO - 2022-01-08 11:11:22 --> Controller "App\Controllers\bukutamu\Bukutamu" loaded.
INFO - 2022-01-08 11:13:06 --> Session: Class initialized using 'CodeIgniter\Session\Handlers\FileHandler' driver.
INFO - 2022-01-08 11:13:06 --> Controller "App\Controllers\bukutamu\Bukutamu" loaded.
INFO - 2022-01-08 11:13:12 --> Session: Class initialized using 'CodeIgniter\Session\Handlers\FileHandler' driver.
INFO - 2022-01-08 11:13:12 --> Controller "App\Controllers\bukutamu\Bukutamu" loaded.
INFO - 2022-01-08 11:13:13 --> Session: Class initialized using 'CodeIgniter\Session\Handlers\FileHandler' driver.
INFO - 2022-01-08 11:13:13 --> Controller "App\Controllers\bukutamu\Bukutamu" loaded.
INFO - 2022-01-08 11:13:23 --> Session: Class initialized using 'CodeIgniter\Session\Handlers\FileHandler' driver.
INFO - 2022-01-08 11:13:23 --> Controller "App\Controllers\base\Dashboard" loaded.
INFO - 2022-01-08 11:13:24 --> Controller "App\Controllers\base\Beranda" loaded.
INFO - 2022-01-08 11:13:24 --> Controller "App\Controllers\base\Beranda" loaded.
INFO - 2022-01-08 11:13:27 --> Controller "App\Controllers\base\Beranda" loaded.
INFO - 2022-01-08 11:13:32 --> Session: Class initialized using 'CodeIgniter\Session\Handlers\FileHandler' driver.
INFO - 2022-01-08 11:13:32 --> Controller "App\Controllers\base\Dashboard" loaded.
INFO - 2022-01-08 11:13:54 --> Session: Class initialized using 'CodeIgniter\Session\Handlers\FileHandler' driver.
INFO - 2022-01-08 11:13:54 --> Controller "App\Controllers\base\Dashboard" loaded.
INFO - 2022-01-08 11:13:54 --> Session: Class initialized using 'CodeIgniter\Session\Handlers\FileHandler' driver.
INFO - 2022-01-08 11:13:54 --> Controller "App\Controllers\base\Dashboard" loaded.
INFO - 2022-01-08 11:14:03 --> Session: Class initialized using 'CodeIgniter\Session\Handlers\FileHandler' driver.
INFO - 2022-01-08 11:14:03 --> Controller "App\Controllers\base\Dashboard" loaded.
INFO - 2022-01-08 11:15:26 --> Session: Class initialized using 'CodeIgniter\Session\Handlers\FileHandler' driver.
INFO - 2022-01-08 11:15:26 --> Controller "App\Controllers\base\Dashboard" loaded.
INFO - 2022-01-08 11:15:26 --> Session: Class initialized using 'CodeIgniter\Session\Handlers\FileHandler' driver.
INFO - 2022-01-08 11:15:26 --> Controller "App\Controllers\base\Dashboard" loaded.
INFO - 2022-01-08 11:15:33 --> Controller "App\Controllers\base\Beranda" loaded.
INFO - 2022-01-08 11:16:27 --> Session: Class initialized using 'CodeIgniter\Session\Handlers\FileHandler' driver.
INFO - 2022-01-08 11:16:27 --> Controller "App\Controllers\base\Order" loaded.
INFO - 2022-01-08 11:16:27 --> Controller "App\Controllers\base\Beranda" loaded.
INFO - 2022-01-08 11:16:34 --> Session: Class initialized using 'CodeIgniter\Session\Handlers\FileHandler' driver.
INFO - 2022-01-08 11:16:34 --> Controller "App\Controllers\base\Order" loaded.
INFO - 2022-01-08 11:17:12 --> Session: Class initialized using 'CodeIgniter\Session\Handlers\FileHandler' driver.
INFO - 2022-01-08 11:17:12 --> Controller "App\Controllers\base\Order" loaded.
INFO - 2022-01-08 11:17:39 --> Session: Class initialized using 'CodeIgniter\Session\Handlers\FileHandler' driver.
INFO - 2022-01-08 11:17:39 --> Controller "App\Controllers\base\Order" loaded.
INFO - 2022-01-08 11:18:46 --> Session: Class initialized using 'CodeIgniter\Session\Handlers\FileHandler' driver.
INFO - 2022-01-08 11:18:46 --> Controller "App\Controllers\base\Order" loaded.
INFO - 2022-01-08 11:19:07 --> Session: Class initialized using 'CodeIgniter\Session\Handlers\FileHandler' driver.
INFO - 2022-01-08 11:19:07 --> Controller "App\Controllers\base\Order" loaded.
INFO - 2022-01-08 11:19:08 --> Session: Class initialized using 'CodeIgniter\Session\Handlers\FileHandler' driver.
INFO - 2022-01-08 11:19:08 --> Controller "App\Controllers\base\Order" loaded.
INFO - 2022-01-08 11:19:39 --> Session: Class initialized using 'CodeIgniter\Session\Handlers\FileHandler' driver.
INFO - 2022-01-08 11:19:39 --> Controller "App\Controllers\base\Order" loaded.
INFO - 2022-01-08 11:19:46 --> Session: Class initialized using 'CodeIgniter\Session\Handlers\FileHandler' driver.
INFO - 2022-01-08 11:19:46 --> Controller "App\Controllers\base\Order" loaded.
INFO - 2022-01-08 11:19:46 --> Controller "App\Controllers\base\Beranda" loaded.
INFO - 2022-01-08 11:20:02 --> Controller "App\Controllers\base\Beranda" loaded.
INFO - 2022-01-08 11:20:03 --> Session: Class initialized using 'CodeIgniter\Session\Handlers\FileHandler' driver.
INFO - 2022-01-08 11:20:03 --> Controller "App\Controllers\undangan\Undangan" loaded.
INFO - 2022-01-08 11:20:05 --> Session: Class initialized using 'CodeIgniter\Session\Handlers\FileHandler' driver.
INFO - 2022-01-08 11:20:05 --> Controller "App\Controllers\undangan\Undangan" loaded.
INFO - 2022-01-08 11:20:09 --> Session: Class initialized using 'CodeIgniter\Session\Handlers\FileHandler' driver.
INFO - 2022-01-08 11:20:09 --> Controller "App\Controllers\base\Order" loaded.
INFO - 2022-01-08 11:20:18 --> Session: Class initialized using 'CodeIgniter\Session\Handlers\FileHandler' driver.
INFO - 2022-01-08 11:20:18 --> Controller "App\Controllers\base\Order" loaded.
INFO - 2022-01-08 11:20:38 --> Session: Class initialized using 'CodeIgniter\Session\Handlers\FileHandler' driver.
INFO - 2022-01-08 11:20:38 --> Controller "App\Controllers\base\Order" loaded.
INFO - 2022-01-08 11:21:00 --> Session: Class initialized using 'CodeIgniter\Session\Handlers\FileHandler' driver.
INFO - 2022-01-08 11:21:00 --> Controller "App\Controllers\base\Order" loaded.
INFO - 2022-01-08 11:21:27 --> Session: Class initialized using 'CodeIgniter\Session\Handlers\FileHandler' driver.
INFO - 2022-01-08 11:21:27 --> Controller "App\Controllers\base\Order" loaded.
INFO - 2022-01-08 11:21:27 --> Session: Class initialized using 'CodeIgniter\Session\Handlers\FileHandler' driver.
INFO - 2022-01-08 11:21:27 --> Controller "App\Controllers\base\Order" loaded.
INFO - 2022-01-08 11:21:59 --> Session: Class initialized using 'CodeIgniter\Session\Handlers\FileHandler' driver.
INFO - 2022-01-08 11:21:59 --> Controller "App\Controllers\base\Order" loaded.
INFO - 2022-01-08 11:22:04 --> Session: Class initialized using 'CodeIgniter\Session\Handlers\FileHandler' driver.
INFO - 2022-01-08 11:22:04 --> Controller "App\Controllers\base\Order" loaded.
INFO - 2022-01-08 11:22:05 --> Session: Class initialized using 'CodeIgniter\Session\Handlers\FileHandler' driver.
INFO - 2022-01-08 11:22:05 --> Controller "App\Controllers\base\Order" loaded.
INFO - 2022-01-08 11:22:08 --> Session: Class initialized using 'CodeIgniter\Session\Handlers\FileHandler' driver.
INFO - 2022-01-08 11:22:08 --> Controller "App\Controllers\base\Dashboard" loaded.
INFO - 2022-01-08 11:22:58 --> Session: Class initialized using 'CodeIgniter\Session\Handlers\FileHandler' driver.
INFO - 2022-01-08 11:22:58 --> Controller "App\Controllers\base\Dashboard" loaded.
INFO - 2022-01-08 11:22:58 --> Session: Class initialized using 'CodeIgniter\Session\Handlers\FileHandler' driver.
INFO - 2022-01-08 11:22:58 --> Controller "App\Controllers\base\Dashboard" loaded.
INFO - 2022-01-08 11:23:10 --> Session: Class initialized using 'CodeIgniter\Session\Handlers\FileHandler' driver.
INFO - 2022-01-08 11:23:10 --> Controller "App\Controllers\base\Dashboard" loaded.
INFO - 2022-01-08 11:23:10 --> Session: Class initialized using 'CodeIgniter\Session\Handlers\FileHandler' driver.
INFO - 2022-01-08 11:23:10 --> Controller "App\Controllers\base\Dashboard" loaded.
INFO - 2022-01-08 11:23:18 --> Session: Class initialized using 'CodeIgniter\Session\Handlers\FileHandler' driver.
INFO - 2022-01-08 11:23:18 --> Controller "App\Controllers\base\Dashboard" loaded.
INFO - 2022-01-08 11:23:39 --> Session: Class initialized using 'CodeIgniter\Session\Handlers\FileHandler' driver.
INFO - 2022-01-08 11:23:39 --> Controller "App\Controllers\base\Dashboard" loaded.
INFO - 2022-01-08 11:23:39 --> Session: Class initialized using 'CodeIgniter\Session\Handlers\FileHandler' driver.
INFO - 2022-01-08 11:23:39 --> Controller "App\Controllers\base\Dashboard" loaded.
INFO - 2022-01-08 11:23:45 --> Session: Class initialized using 'CodeIgniter\Session\Handlers\FileHandler' driver.
INFO - 2022-01-08 11:23:45 --> Controller "App\Controllers\base\Dashboard" loaded.
INFO - 2022-01-08 11:23:45 --> Session: Class initialized using 'CodeIgniter\Session\Handlers\FileHandler' driver.
INFO - 2022-01-08 11:23:45 --> Controller "App\Controllers\base\Dashboard" loaded.
INFO - 2022-01-08 11:23:59 --> Session: Class initialized using 'CodeIgniter\Session\Handlers\FileHandler' driver.
INFO - 2022-01-08 11:23:59 --> Controller "App\Controllers\base\Dashboard" loaded.
INFO - 2022-01-08 11:23:59 --> Session: Class initialized using 'CodeIgniter\Session\Handlers\FileHandler' driver.
INFO - 2022-01-08 11:23:59 --> Controller "App\Controllers\base\Dashboard" loaded.
INFO - 2022-01-08 11:24:02 --> Session: Class initialized using 'CodeIgniter\Session\Handlers\FileHandler' driver.
INFO - 2022-01-08 11:24:02 --> Controller "App\Controllers\base\Dashboard" loaded.
INFO - 2022-01-08 11:24:52 --> Session: Class initialized using 'CodeIgniter\Session\Handlers\FileHandler' driver.
INFO - 2022-01-08 11:24:52 --> Controller "App\Controllers\base\Dashboard" loaded.
INFO - 2022-01-08 11:24:54 --> Session: Class initialized using 'CodeIgniter\Session\Handlers\FileHandler' driver.
INFO - 2022-01-08 11:24:54 --> Controller "App\Controllers\base\Dashboard" loaded.
INFO - 2022-01-08 11:25:08 --> Session: Class initialized using 'CodeIgniter\Session\Handlers\FileHandler' driver.
INFO - 2022-01-08 11:25:08 --> Controller "App\Controllers\base\Dashboard" loaded.
INFO - 2022-01-08 11:25:09 --> Session: Class initialized using 'CodeIgniter\Session\Handlers\FileHandler' driver.
INFO - 2022-01-08 11:25:09 --> Controller "App\Controllers\base\Dashboard" loaded.
INFO - 2022-01-08 11:25:14 --> Session: Class initialized using 'CodeIgniter\Session\Handlers\FileHandler' driver.
INFO - 2022-01-08 11:25:14 --> Controller "App\Controllers\base\Dashboard" loaded.
INFO - 2022-01-08 11:25:15 --> Session: Class initialized using 'CodeIgniter\Session\Handlers\FileHandler' driver.
INFO - 2022-01-08 11:25:15 --> Controller "App\Controllers\base\Dashboard" loaded.
INFO - 2022-01-08 11:25:27 --> Session: Class initialized using 'CodeIgniter\Session\Handlers\FileHandler' driver.
INFO - 2022-01-08 11:25:27 --> Controller "App\Controllers\base\Dashboard" loaded.
INFO - 2022-01-08 11:25:27 --> Session: Class initialized using 'CodeIgniter\Session\Handlers\FileHandler' driver.
INFO - 2022-01-08 11:25:27 --> Controller "App\Controllers\base\Dashboard" loaded.
INFO - 2022-01-08 11:25:37 --> Session: Class initialized using 'CodeIgniter\Session\Handlers\FileHandler' driver.
INFO - 2022-01-08 11:25:37 --> Controller "App\Controllers\base\Dashboard" loaded.
INFO - 2022-01-08 11:25:43 --> Session: Class initialized using 'CodeIgniter\Session\Handlers\FileHandler' driver.
INFO - 2022-01-08 11:25:43 --> Controller "App\Controllers\base\Dashboard" loaded.
INFO - 2022-01-08 11:25:43 --> Session: Class initialized using 'CodeIgniter\Session\Handlers\FileHandler' driver.
INFO - 2022-01-08 11:25:43 --> Controller "App\Controllers\base\Dashboard" loaded.
INFO - 2022-01-08 11:29:00 --> Session: Class initialized using 'CodeIgniter\Session\Handlers\FileHandler' driver.
INFO - 2022-01-08 11:29:00 --> Controller "App\Controllers\admin\Admin" loaded.
INFO - 2022-01-08 11:29:06 --> Session: Class initialized using 'CodeIgniter\Session\Handlers\FileHandler' driver.
INFO - 2022-01-08 11:29:06 --> Controller "App\Controllers\admin\Admin" loaded.
CRITICAL - 2022-01-08 11:29:06 --> Access denied for user '****'@'localhost' (using password: NO)
#0 /home/nguh5634/public_html/system/Database/BaseConnection.php(377): CodeIgniter\Database\MySQLi\Connection->connect(false)
#1 /home/nguh5634/public_html/system/Database/BaseConnection.php(643): CodeIgniter\Database\BaseConnection->initialize()
#2 /home/nguh5634/public_html/system/Database/BaseBuilder.php(1819): CodeIgniter\Database\BaseConnection->query('SELECT *\nFROM `...', Array, false)
#3 /home/nguh5634/public_html/app/Models/admin/AdminModel.php(401): CodeIgniter\Database\BaseBuilder->get()
#4 /home/nguh5634/public_html/app/Controllers/admin/Admin.php(28): App\Models\admin\AdminModel->get_admin(Array)
#5 /home/nguh5634/public_html/system/CodeIgniter.php(910): App\Controllers\admin\Admin->do_auth()
#6 /home/nguh5634/public_html/system/CodeIgniter.php(398): CodeIgniter\CodeIgniter->runController(Object(App\Controllers\admin\Admin))
#7 /home/nguh5634/public_html/system/CodeIgniter.php(306): CodeIgniter\CodeIgniter->handleRequest(NULL, Object(Config\Cache), false)
#8 /home/nguh5634/public_html/index.php(45): CodeIgniter\CodeIgniter->run()
#9 {main}
INFO - 2022-01-08 11:29:37 --> Controller "App\Controllers\base\Beranda" loaded.
CRITICAL - 2022-01-08 11:29:37 --> Access denied for user '****'@'localhost' (using password: NO)
#0 /home/nguh5634/public_html/system/Database/BaseConnection.php(377): CodeIgniter\Database\MySQLi\Connection->connect(false)
#1 /home/nguh5634/public_html/system/Database/BaseConnection.php(643): CodeIgniter\Database\BaseConnection->initialize()
#2 /home/nguh5634/public_html/system/Database/BaseBuilder.php(1819): CodeIgniter\Database\BaseConnection->query('SELECT *\nFROM `...', Array, false)
#3 /home/nguh5634/public_html/app/Models/base/BerandaModel.php(40): CodeIgniter\Database\BaseBuilder->get()
#4 /home/nguh5634/public_html/app/Controllers/base/Beranda.php(31): App\Models\base\BerandaModel->get_all_themes()
#5 /home/nguh5634/public_html/system/CodeIgniter.php(910): App\Controllers\base\Beranda->index()
#6 /home/nguh5634/public_html/system/CodeIgniter.php(398): CodeIgniter\CodeIgniter->runController(Object(App\Controllers\base\Beranda))
#7 /home/nguh5634/public_html/system/CodeIgniter.php(306): CodeIgniter\CodeIgniter->handleRequest(NULL, Object(Config\Cache), false)
#8 /home/nguh5634/public_html/index.php(45): CodeIgniter\CodeIgniter->run()
#9 {main}
INFO - 2022-01-08 11:29:38 --> Controller "App\Controllers\base\Beranda" loaded.
CRITICAL - 2022-01-08 11:29:38 --> Access denied for user '****'@'localhost' (using password: NO)
#0 /home/nguh5634/public_html/system/Database/BaseConnection.php(377): CodeIgniter\Database\MySQLi\Connection->connect(false)
#1 /home/nguh5634/public_html/system/Database/BaseConnection.php(643): CodeIgniter\Database\BaseConnection->initialize()
#2 /home/nguh5634/public_html/system/Database/BaseBuilder.php(1819): CodeIgniter\Database\BaseConnection->query('SELECT *\nFROM `...', Array, false)
#3 /home/nguh5634/public_html/app/Models/base/BerandaModel.php(40): CodeIgniter\Database\BaseBuilder->get()
#4 /home/nguh5634/public_html/app/Controllers/base/Beranda.php(31): App\Models\base\BerandaModel->get_all_themes()
#5 /home/nguh5634/public_html/system/CodeIgniter.php(910): App\Controllers\base\Beranda->index()
#6 /home/nguh5634/public_html/system/CodeIgniter.php(398): CodeIgniter\CodeIgniter->runController(Object(App\Controllers\base\Beranda))
#7 /home/nguh5634/public_html/system/CodeIgniter.php(306): CodeIgniter\CodeIgniter->handleRequest(NULL, Object(Config\Cache), false)
#8 /home/nguh5634/public_html/index.php(45): CodeIgniter\CodeIgniter->run()
#9 {main}
INFO - 2022-01-08 11:29:41 --> Controller "App\Controllers\base\Beranda" loaded.
CRITICAL - 2022-01-08 11:29:41 --> Access denied for user '****'@'localhost' (using password: NO)
#0 /home/nguh5634/public_html/system/Database/BaseConnection.php(377): CodeIgniter\Database\MySQLi\Connection->connect(false)
#1 /home/nguh5634/public_html/system/Database/BaseConnection.php(643): CodeIgniter\Database\BaseConnection->initialize()
#2 /home/nguh5634/public_html/system/Database/BaseBuilder.php(1819): CodeIgniter\Database\BaseConnection->query('SELECT *\nFROM `...', Array, false)
#3 /home/nguh5634/public_html/app/Models/base/BerandaModel.php(40): CodeIgniter\Database\BaseBuilder->get()
#4 /home/nguh5634/public_html/app/Controllers/base/Beranda.php(31): App\Models\base\BerandaModel->get_all_themes()
#5 /home/nguh5634/public_html/system/CodeIgniter.php(910): App\Controllers\base\Beranda->index()
#6 /home/nguh5634/public_html/system/CodeIgniter.php(398): CodeIgniter\CodeIgniter->runController(Object(App\Controllers\base\Beranda))
#7 /home/nguh5634/public_html/system/CodeIgniter.php(306): CodeIgniter\CodeIgniter->handleRequest(NULL, Object(Config\Cache), false)
#8 /home/nguh5634/public_html/index.php(45): CodeIgniter\CodeIgniter->run()
#9 {main}
INFO - 2022-01-08 11:29:42 --> Controller "App\Controllers\base\Beranda" loaded.
CRITICAL - 2022-01-08 11:29:42 --> Access denied for user '****'@'localhost' (using password: NO)
#0 /home/nguh5634/public_html/system/Database/BaseConnection.php(377): CodeIgniter\Database\MySQLi\Connection->connect(false)
#1 /home/nguh5634/public_html/system/Database/BaseConnection.php(643): CodeIgniter\Database\BaseConnection->initialize()
#2 /home/nguh5634/public_html/system/Database/BaseBuilder.php(1819): CodeIgniter\Database\BaseConnection->query('SELECT *\nFROM `...', Array, false)
#3 /home/nguh5634/public_html/app/Models/base/BerandaModel.php(40): CodeIgniter\Database\BaseBuilder->get()
#4 /home/nguh5634/public_html/app/Controllers/base/Beranda.php(31): App\Models\base\BerandaModel->get_all_themes()
#5 /home/nguh5634/public_html/system/CodeIgniter.php(910): App\Controllers\base\Beranda->index()
#6 /home/nguh5634/public_html/system/CodeIgniter.php(398): CodeIgniter\CodeIgniter->runController(Object(App\Controllers\base\Beranda))
#7 /home/nguh5634/public_html/system/CodeIgniter.php(306): CodeIgniter\CodeIgniter->handleRequest(NULL, Object(Config\Cache), false)
#8 /home/nguh5634/public_html/index.php(45): CodeIgniter\CodeIgniter->run()
#9 {main}
INFO - 2022-01-08 11:30:02 --> Controller "App\Controllers\base\Beranda" loaded.
CRITICAL - 2022-01-08 11:30:02 --> Access denied for user '****'@'localhost' (using password: NO)
#0 /home/nguh5634/public_html/system/Database/BaseConnection.php(377): CodeIgniter\Database\MySQLi\Connection->connect(false)
#1 /home/nguh5634/public_html/system/Database/BaseConnection.php(643): CodeIgniter\Database\BaseConnection->initialize()
#2 /home/nguh5634/public_html/system/Database/BaseBuilder.php(1819): CodeIgniter\Database\BaseConnection->query('SELECT `token_w...', Array, false)
#3 /home/nguh5634/public_html/app/Models/base/BerandaModel.php(159): CodeIgniter\Database\BaseBuilder->get()
#4 /home/nguh5634/public_html/app/Controllers/base/Beranda.php(152): App\Models\base\BerandaModel->get_token()
#5 /home/nguh5634/public_html/system/CodeIgniter.php(910): App\Controllers\base\Beranda->kirim_undangan()
#6 /home/nguh5634/public_html/system/CodeIgniter.php(398): CodeIgniter\CodeIgniter->runController(Object(App\Controllers\base\Beranda))
#7 /home/nguh5634/public_html/system/CodeIgniter.php(306): CodeIgniter\CodeIgniter->handleRequest(NULL, Object(Config\Cache), false)
#8 /home/nguh5634/public_html/index.php(45): CodeIgniter\CodeIgniter->run()
#9 {main}
INFO - 2022-01-08 11:32:45 --> Session: Class initialized using 'CodeIgniter\Session\Handlers\FileHandler' driver.
INFO - 2022-01-08 11:32:45 --> Controller "App\Controllers\bukutamu\Bukutamu" loaded.
CRITICAL - 2022-01-08 11:32:45 --> Access denied for user '****'@'localhost' (using password: NO)
#0 /home/nguh5634/public_html/system/Database/BaseConnection.php(377): CodeIgniter\Database\MySQLi\Connection->connect(false)
#1 /home/nguh5634/public_html/system/Database/BaseConnection.php(643): CodeIgniter\Database\BaseConnection->initialize()
#2 /home/nguh5634/public_html/system/Database/BaseBuilder.php(1819): CodeIgniter\Database\BaseConnection->query('SELECT *\nFROM `...', Array, false)
#3 /home/nguh5634/public_html/app/Models/bukutamu/BukutamuModel.php(45): CodeIgniter\Database\BaseBuilder->get()
#4 /home/nguh5634/public_html/app/Controllers/bukutamu/Bukutamu.php(40): App\Models\bukutamu\BukutamuModel->cek_domain('demo')
#5 /home/nguh5634/public_html/system/CodeIgniter.php(910): App\Controllers\bukutamu\Bukutamu->bukutamu()
#6 /home/nguh5634/public_html/system/CodeIgniter.php(398): CodeIgniter\CodeIgniter->runController(Object(App\Controllers\bukutamu\Bukutamu))
#7 /home/nguh5634/public_html/system/CodeIgniter.php(306): CodeIgniter\CodeIgniter->handleRequest(NULL, Object(Config\Cache), false)
#8 /home/nguh5634/public_html/index.php(45): CodeIgniter\CodeIgniter->run()
#9 {main}
INFO - 2022-01-08 11:32:46 --> Session: Class initialized using 'CodeIgniter\Session\Handlers\FileHandler' driver.
INFO - 2022-01-08 11:32:46 --> Controller "App\Controllers\bukutamu\Bukutamu" loaded.
CRITICAL - 2022-01-08 11:32:46 --> Access denied for user '****'@'localhost' (using password: NO)
#0 /home/nguh5634/public_html/system/Database/BaseConnection.php(377): CodeIgniter\Database\MySQLi\Connection->connect(false)
#1 /home/nguh5634/public_html/system/Database/BaseConnection.php(643): CodeIgniter\Database\BaseConnection->initialize()
#2 /home/nguh5634/public_html/system/Database/BaseBuilder.php(1819): CodeIgniter\Database\BaseConnection->query('SELECT *\nFROM `...', Array, false)
#3 /home/nguh5634/public_html/app/Models/bukutamu/BukutamuModel.php(45): CodeIgniter\Database\BaseBuilder->get()
#4 /home/nguh5634/public_html/app/Controllers/bukutamu/Bukutamu.php(40): App\Models\bukutamu\BukutamuModel->cek_domain('demo')
#5 /home/nguh5634/public_html/system/CodeIgniter.php(910): App\Controllers\bukutamu\Bukutamu->bukutamu()
#6 /home/nguh5634/public_html/system/CodeIgniter.php(398): CodeIgniter\CodeIgniter->runController(Object(App\Controllers\bukutamu\Bukutamu))
#7 /home/nguh5634/public_html/system/CodeIgniter.php(306): CodeIgniter\CodeIgniter->handleRequest(NULL, Object(Config\Cache), false)
#8 /home/nguh5634/public_html/index.php(45): CodeIgniter\CodeIgniter->run()
#9 {main}
INFO - 2022-01-08 11:32:48 --> Session: Class initialized using 'CodeIgniter\Session\Handlers\FileHandler' driver.
INFO - 2022-01-08 11:32:48 --> Controller "App\Controllers\bukutamu\Bukutamu" loaded.
CRITICAL - 2022-01-08 11:32:48 --> Access denied for user '****'@'localhost' (using password: NO)
#0 /home/nguh5634/public_html/system/Database/BaseConnection.php(377): CodeIgniter\Database\MySQLi\Connection->connect(false)
#1 /home/nguh5634/public_html/system/Database/BaseConnection.php(643): CodeIgniter\Database\BaseConnection->initialize()
#2 /home/nguh5634/public_html/system/Database/BaseBuilder.php(1819): CodeIgniter\Database\BaseConnection->query('SELECT *\nFROM `...', Array, false)
#3 /home/nguh5634/public_html/app/Models/bukutamu/BukutamuModel.php(45): CodeIgniter\Database\BaseBuilder->get()
#4 /home/nguh5634/public_html/app/Controllers/bukutamu/Bukutamu.php(40): App\Models\bukutamu\BukutamuModel->cek_domain('demo')
#5 /home/nguh5634/public_html/system/CodeIgniter.php(910): App\Controllers\bukutamu\Bukutamu->bukutamu()
#6 /home/nguh5634/public_html/system/CodeIgniter.php(398): CodeIgniter\CodeIgniter->runController(Object(App\Controllers\bukutamu\Bukutamu))
#7 /home/nguh5634/public_html/system/CodeIgniter.php(306): CodeIgniter\CodeIgniter->handleRequest(NULL, Object(Config\Cache), false)
#8 /home/nguh5634/public_html/index.php(45): CodeIgniter\CodeIgniter->run()
#9 {main}
INFO - 2022-01-08 11:32:52 --> Session: Class initialized using 'CodeIgniter\Session\Handlers\FileHandler' driver.
INFO - 2022-01-08 11:32:52 --> Controller "App\Controllers\bukutamu\Bukutamu" loaded.
CRITICAL - 2022-01-08 11:32:52 --> Access denied for user '****'@'localhost' (using password: NO)
#0 /home/nguh5634/public_html/system/Database/BaseConnection.php(377): CodeIgniter\Database\MySQLi\Connection->connect(false)
#1 /home/nguh5634/public_html/system/Database/BaseConnection.php(643): CodeIgniter\Database\BaseConnection->initialize()
#2 /home/nguh5634/public_html/system/Database/BaseBuilder.php(1819): CodeIgniter\Database\BaseConnection->query('SELECT *\nFROM `...', Array, false)
#3 /home/nguh5634/public_html/app/Models/bukutamu/BukutamuModel.php(45): CodeIgniter\Database\BaseBuilder->get()
#4 /home/nguh5634/public_html/app/Controllers/bukutamu/Bukutamu.php(40): App\Models\bukutamu\BukutamuModel->cek_domain('demo')
#5 /home/nguh5634/public_html/system/CodeIgniter.php(910): App\Controllers\bukutamu\Bukutamu->bukutamu()
#6 /home/nguh5634/public_html/system/CodeIgniter.php(398): CodeIgniter\CodeIgniter->runController(Object(App\Controllers\bukutamu\Bukutamu))
#7 /home/nguh5634/public_html/system/CodeIgniter.php(306): CodeIgniter\CodeIgniter->handleRequest(NULL, Object(Config\Cache), false)
#8 /home/nguh5634/public_html/index.php(45): CodeIgniter\CodeIgniter->run()
#9 {main}
INFO - 2022-01-08 11:32:59 --> Session: Class initialized using 'CodeIgniter\Session\Handlers\FileHandler' driver.
INFO - 2022-01-08 11:32:59 --> Controller "App\Controllers\bukutamu\Bukutamu" loaded.
CRITICAL - 2022-01-08 11:32:59 --> Access denied for user '****'@'localhost' (using password: NO)
#0 /home/nguh5634/public_html/system/Database/BaseConnection.php(377): CodeIgniter\Database\MySQLi\Connection->connect(false)
#1 /home/nguh5634/public_html/system/Database/BaseConnection.php(643): CodeIgniter\Database\BaseConnection->initialize()
#2 /home/nguh5634/public_html/system/Database/BaseBuilder.php(1819): CodeIgniter\Database\BaseConnection->query('SELECT *\nFROM `...', Array, false)
#3 /home/nguh5634/public_html/app/Models/bukutamu/BukutamuModel.php(45): CodeIgniter\Database\BaseBuilder->get()
#4 /home/nguh5634/public_html/app/Controllers/bukutamu/Bukutamu.php(40): App\Models\bukutamu\BukutamuModel->cek_domain('demo')
#5 /home/nguh5634/public_html/system/CodeIgniter.php(910): App\Controllers\bukutamu\Bukutamu->bukutamu()
#6 /home/nguh5634/public_html/system/CodeIgniter.php(398): CodeIgniter\CodeIgniter->runController(Object(App\Controllers\bukutamu\Bukutamu))
#7 /home/nguh5634/public_html/system/CodeIgniter.php(306): CodeIgniter\CodeIgniter->handleRequest(NULL, Object(Config\Cache), false)
#8 /home/nguh5634/public_html/index.php(45): CodeIgniter\CodeIgniter->run()
#9 {main}
INFO - 2022-01-08 11:33:03 --> Session: Class initialized using 'CodeIgniter\Session\Handlers\FileHandler' driver.
INFO - 2022-01-08 11:33:03 --> Controller "App\Controllers\bukutamu\Bukutamu" loaded.
CRITICAL - 2022-01-08 11:33:03 --> Access denied for user '****'@'localhost' (using password: NO)
#0 /home/nguh5634/public_html/system/Database/BaseConnection.php(377): CodeIgniter\Database\MySQLi\Connection->connect(false)
#1 /home/nguh5634/public_html/system/Database/BaseConnection.php(643): CodeIgniter\Database\BaseConnection->initialize()
#2 /home/nguh5634/public_html/system/Database/BaseBuilder.php(1819): CodeIgniter\Database\BaseConnection->query('SELECT *\nFROM `...', Array, false)
#3 /home/nguh5634/public_html/app/Models/bukutamu/BukutamuModel.php(45): CodeIgniter\Database\BaseBuilder->get()
#4 /home/nguh5634/public_html/app/Controllers/bukutamu/Bukutamu.php(40): App\Models\bukutamu\BukutamuModel->cek_domain('demo')
#5 /home/nguh5634/public_html/system/CodeIgniter.php(910): App\Controllers\bukutamu\Bukutamu->bukutamu()
#6 /home/nguh5634/public_html/system/CodeIgniter.php(398): CodeIgniter\CodeIgniter->runController(Object(App\Controllers\bukutamu\Bukutamu))
#7 /home/nguh5634/public_html/system/CodeIgniter.php(306): CodeIgniter\CodeIgniter->handleRequest(NULL, Object(Config\Cache), false)
#8 /home/nguh5634/public_html/index.php(45): CodeIgniter\CodeIgniter->run()
#9 {main}
INFO - 2022-01-08 11:33:56 --> Session: Class initialized using 'CodeIgniter\Session\Handlers\FileHandler' driver.
INFO - 2022-01-08 11:33:56 --> Controller "App\Controllers\bukutamu\Bukutamu" loaded.
CRITICAL - 2022-01-08 11:33:56 --> Access denied for user '****'@'localhost' (using password: NO)
#0 /home/nguh5634/public_html/system/Database/BaseConnection.php(377): CodeIgniter\Database\MySQLi\Connection->connect(false)
#1 /home/nguh5634/public_html/system/Database/BaseConnection.php(643): CodeIgniter\Database\BaseConnection->initialize()
#2 /home/nguh5634/public_html/system/Database/BaseBuilder.php(1819): CodeIgniter\Database\BaseConnection->query('SELECT *\nFROM `...', Array, false)
#3 /home/nguh5634/public_html/app/Models/bukutamu/BukutamuModel.php(45): CodeIgniter\Database\BaseBuilder->get()
#4 /home/nguh5634/public_html/app/Controllers/bukutamu/Bukutamu.php(40): App\Models\bukutamu\BukutamuModel->cek_domain('demo')
#5 /home/nguh5634/public_html/system/CodeIgniter.php(910): App\Controllers\bukutamu\Bukutamu->bukutamu()
#6 /home/nguh5634/public_html/system/CodeIgniter.php(398): CodeIgniter\CodeIgniter->runController(Object(App\Controllers\bukutamu\Bukutamu))
#7 /home/nguh5634/public_html/system/CodeIgniter.php(306): CodeIgniter\CodeIgniter->handleRequest(NULL, Object(Config\Cache), false)
#8 /home/nguh5634/public_html/index.php(45): CodeIgniter\CodeIgniter->run()
#9 {main}
INFO - 2022-01-08 11:33:59 --> Session: Class initialized using 'CodeIgniter\Session\Handlers\FileHandler' driver.
INFO - 2022-01-08 11:33:59 --> Controller "App\Controllers\bukutamu\Bukutamu" loaded.
CRITICAL - 2022-01-08 11:33:59 --> Access denied for user '****'@'localhost' (using password: NO)
#0 /home/nguh5634/public_html/system/Database/BaseConnection.php(377): CodeIgniter\Database\MySQLi\Connection->connect(false)
#1 /home/nguh5634/public_html/system/Database/BaseConnection.php(643): CodeIgniter\Database\BaseConnection->initialize()
#2 /home/nguh5634/public_html/system/Database/BaseBuilder.php(1819): CodeIgniter\Database\BaseConnection->query('SELECT *\nFROM `...', Array, false)
#3 /home/nguh5634/public_html/app/Models/bukutamu/BukutamuModel.php(45): CodeIgniter\Database\BaseBuilder->get()
#4 /home/nguh5634/public_html/app/Controllers/bukutamu/Bukutamu.php(40): App\Models\bukutamu\BukutamuModel->cek_domain('demo')
#5 /home/nguh5634/public_html/system/CodeIgniter.php(910): App\Controllers\bukutamu\Bukutamu->bukutamu()
#6 /home/nguh5634/public_html/system/CodeIgniter.php(398): CodeIgniter\CodeIgniter->runController(Object(App\Controllers\bukutamu\Bukutamu))
#7 /home/nguh5634/public_html/system/CodeIgniter.php(306): CodeIgniter\CodeIgniter->handleRequest(NULL, Object(Config\Cache), false)
#8 /home/nguh5634/public_html/index.php(45): CodeIgniter\CodeIgniter->run()
#9 {main}
INFO - 2022-01-08 11:34:05 --> Session: Class initialized using 'CodeIgniter\Session\Handlers\FileHandler' driver.
INFO - 2022-01-08 11:34:05 --> Controller "App\Controllers\bukutamu\Bukutamu" loaded.
CRITICAL - 2022-01-08 11:34:05 --> Access denied for user '****'@'localhost' (using password: NO)
#0 /home/nguh5634/public_html/system/Database/BaseConnection.php(377): CodeIgniter\Database\MySQLi\Connection->connect(false)
#1 /home/nguh5634/public_html/system/Database/BaseConnection.php(643): CodeIgniter\Database\BaseConnection->initialize()
#2 /home/nguh5634/public_html/system/Database/BaseBuilder.php(1819): CodeIgniter\Database\BaseConnection->query('SELECT *\nFROM `...', Array, false)
#3 /home/nguh5634/public_html/app/Models/bukutamu/BukutamuModel.php(45): CodeIgniter\Database\BaseBuilder->get()
#4 /home/nguh5634/public_html/app/Controllers/bukutamu/Bukutamu.php(40): App\Models\bukutamu\BukutamuModel->cek_domain('demo')
#5 /home/nguh5634/public_html/system/CodeIgniter.php(910): App\Controllers\bukutamu\Bukutamu->bukutamu()
#6 /home/nguh5634/public_html/system/CodeIgniter.php(398): CodeIgniter\CodeIgniter->runController(Object(App\Controllers\bukutamu\Bukutamu))
#7 /home/nguh5634/public_html/system/CodeIgniter.php(306): CodeIgniter\CodeIgniter->handleRequest(NULL, Object(Config\Cache), false)
#8 /home/nguh5634/public_html/index.php(45): CodeIgniter\CodeIgniter->run()
#9 {main}
INFO - 2022-01-08 11:35:57 --> Session: Class initialized using 'CodeIgniter\Session\Handlers\FileHandler' driver.
INFO - 2022-01-08 11:35:57 --> Controller "App\Controllers\bukutamu\Bukutamu" loaded.
INFO - 2022-01-08 11:36:01 --> Session: Class initialized using 'CodeIgniter\Session\Handlers\FileHandler' driver.
INFO - 2022-01-08 11:36:01 --> Controller "App\Controllers\bukutamu\Bukutamu" loaded.
INFO - 2022-01-08 11:36:37 --> Session: Class initialized using 'CodeIgniter\Session\Handlers\FileHandler' driver.
INFO - 2022-01-08 11:36:37 --> Controller "App\Controllers\admin\Admin" loaded.
INFO - 2022-01-08 11:40:03 --> Controller "App\Controllers\base\Beranda" loaded.
INFO - 2022-01-08 11:42:47 --> Session: Class initialized using 'CodeIgniter\Session\Handlers\FileHandler' driver.
INFO - 2022-01-08 11:42:47 --> Controller "App\Controllers\bukutamu\Bukutamu" loaded.
INFO - 2022-01-08 11:46:37 --> Controller "App\Controllers\base\Beranda" loaded.
INFO - 2022-01-08 11:47:33 --> Session: Class initialized using 'CodeIgniter\Session\Handlers\FileHandler' driver.
INFO - 2022-01-08 11:47:33 --> Controller "App\Controllers\base\Order" loaded.
INFO - 2022-01-08 11:47:52 --> Controller "App\Controllers\base\Beranda" loaded.
INFO - 2022-01-08 11:48:12 --> Controller "App\Controllers\base\Beranda" loaded.
INFO - 2022-01-08 11:49:53 --> Session: Class initialized using 'CodeIgniter\Session\Handlers\FileHandler' driver.
INFO - 2022-01-08 11:49:53 --> Controller "App\Controllers\admin\Admin" loaded.
INFO - 2022-01-08 11:50:03 --> Controller "App\Controllers\base\Beranda" loaded.
INFO - 2022-01-08 11:53:48 --> Controller "App\Controllers\base\Beranda" loaded.
INFO - 2022-01-08 12:08:33 --> Controller "App\Controllers\base\Beranda" loaded.
INFO - 2022-01-08 12:10:03 --> Controller "App\Controllers\base\Beranda" loaded.
INFO - 2022-01-08 12:17:16 --> Session: Class initialized using 'CodeIgniter\Session\Handlers\FileHandler' driver.
INFO - 2022-01-08 12:17:16 --> Controller "App\Controllers\base\Order" loaded.
INFO - 2022-01-08 12:20:03 --> Controller "App\Controllers\base\Beranda" loaded.
INFO - 2022-01-08 12:21:12 --> Controller "App\Controllers\base\Beranda" loaded.
INFO - 2022-01-08 12:30:03 --> Controller "App\Controllers\base\Beranda" loaded.
INFO - 2022-01-08 12:39:32 --> Session: Class initialized using 'CodeIgniter\Session\Handlers\FileHandler' driver.
INFO - 2022-01-08 12:39:32 --> Controller "App\Controllers\base\Order" loaded.
INFO - 2022-01-08 12:40:02 --> Controller "App\Controllers\base\Beranda" loaded.
INFO - 2022-01-08 12:42:12 --> Controller "App\Controllers\base\Beranda" loaded.
INFO - 2022-01-08 12:50:03 --> Controller "App\Controllers\base\Beranda" loaded.
INFO - 2022-01-08 12:50:30 --> Controller "App\Controllers\base\Beranda" loaded.
INFO - 2022-01-08 13:00:02 --> Controller "App\Controllers\base\Beranda" loaded.
INFO - 2022-01-08 13:07:06 --> Controller "App\Controllers\base\Beranda" loaded.
INFO - 2022-01-08 13:10:04 --> Controller "App\Controllers\base\Beranda" loaded.
INFO - 2022-01-08 13:20:04 --> Controller "App\Controllers\base\Beranda" loaded.
INFO - 2022-01-08 13:23:27 --> Session: Class initialized using 'CodeIgniter\Session\Handlers\FileHandler' driver.
INFO - 2022-01-08 13:23:27 --> Controller "App\Controllers\admin\Admin" loaded.
INFO - 2022-01-08 13:30:02 --> Controller "App\Controllers\base\Beranda" loaded.
INFO - 2022-01-08 13:40:03 --> Controller "App\Controllers\base\Beranda" loaded.
INFO - 2022-01-08 13:50:03 --> Controller "App\Controllers\base\Beranda" loaded.
INFO - 2022-01-08 14:00:03 --> Controller "App\Controllers\base\Beranda" loaded.
INFO - 2022-01-08 14:10:03 --> Controller "App\Controllers\base\Beranda" loaded.
INFO - 2022-01-08 14:13:43 --> Controller "App\Controllers\base\Beranda" loaded.
INFO - 2022-01-08 14:13:51 --> Session: Class initialized using 'CodeIgniter\Session\Handlers\FileHandler' driver.
INFO - 2022-01-08 14:13:51 --> Controller "App\Controllers\base\Order" loaded.
INFO - 2022-01-08 14:13:51 --> Controller "App\Controllers\base\Beranda" loaded.
INFO - 2022-01-08 14:13:54 --> Controller "App\Controllers\base\Beranda" loaded.
INFO - 2022-01-08 14:18:35 --> Controller "App\Controllers\base\Beranda" loaded.
INFO - 2022-01-08 14:20:04 --> Controller "App\Controllers\base\Beranda" loaded.
INFO - 2022-01-08 14:23:35 --> Controller "App\Controllers\base\Beranda" loaded.
INFO - 2022-01-08 14:23:36 --> Controller "App\Controllers\base\Beranda" loaded.
INFO - 2022-01-08 14:23:37 --> Controller "App\Controllers\base\Beranda" loaded.
INFO - 2022-01-08 14:24:37 --> Controller "App\Controllers\base\Beranda" loaded.
INFO - 2022-01-08 14:24:38 --> Controller "App\Controllers\base\Beranda" loaded.
INFO - 2022-01-08 14:24:39 --> Controller "App\Controllers\base\Beranda" loaded.
INFO - 2022-01-08 14:30:03 --> Controller "App\Controllers\base\Beranda" loaded.
INFO - 2022-01-08 14:30:29 --> Controller "App\Controllers\base\Beranda" loaded.
INFO - 2022-01-08 14:40:04 --> Controller "App\Controllers\base\Beranda" loaded.
INFO - 2022-01-08 14:49:39 --> Controller "App\Controllers\base\Beranda" loaded.
INFO - 2022-01-08 14:50:03 --> Controller "App\Controllers\base\Beranda" loaded.
INFO - 2022-01-08 14:56:40 --> Session: Class initialized using 'CodeIgniter\Session\Handlers\FileHandler' driver.
INFO - 2022-01-08 14:56:40 --> Controller "App\Controllers\undangan\Undangan" loaded.
INFO - 2022-01-08 14:56:48 --> Session: Class initialized using 'CodeIgniter\Session\Handlers\FileHandler' driver.
INFO - 2022-01-08 14:56:48 --> Controller "App\Controllers\undangan\Undangan" loaded.
INFO - 2022-01-08 15:00:03 --> Controller "App\Controllers\base\Beranda" loaded.
INFO - 2022-01-08 15:10:03 --> Controller "App\Controllers\base\Beranda" loaded.
INFO - 2022-01-08 15:10:49 --> Controller "App\Controllers\base\Beranda" loaded.
INFO - 2022-01-08 15:20:03 --> Controller "App\Controllers\base\Beranda" loaded.
INFO - 2022-01-08 15:26:02 --> Controller "App\Controllers\base\Beranda" loaded.
INFO - 2022-01-08 15:28:55 --> Controller "App\Controllers\base\Beranda" loaded.
INFO - 2022-01-08 15:29:00 --> Session: Class initialized using 'CodeIgniter\Session\Handlers\FileHandler' driver.
INFO - 2022-01-08 15:29:00 --> Controller "App\Controllers\base\Dashboard" loaded.
INFO - 2022-01-08 15:30:03 --> Controller "App\Controllers\base\Beranda" loaded.
INFO - 2022-01-08 15:35:00 --> Controller "App\Controllers\base\Beranda" loaded.
INFO - 2022-01-08 15:37:22 --> Session: Class initialized using 'CodeIgniter\Session\Handlers\FileHandler' driver.
INFO - 2022-01-08 15:37:22 --> Controller "App\Controllers\bukutamu\Bukutamu" loaded.
INFO - 2022-01-08 15:40:03 --> Controller "App\Controllers\base\Beranda" loaded.
INFO - 2022-01-08 15:44:15 --> Controller "App\Controllers\base\Beranda" loaded.
INFO - 2022-01-08 15:50:03 --> Controller "App\Controllers\base\Beranda" loaded.
INFO - 2022-01-08 15:53:19 --> Controller "App\Controllers\base\Beranda" loaded.
INFO - 2022-01-08 16:00:03 --> Controller "App\Controllers\base\Beranda" loaded.
INFO - 2022-01-08 16:02:29 --> Controller "App\Controllers\base\Beranda" loaded.
INFO - 2022-01-08 16:10:03 --> Controller "App\Controllers\base\Beranda" loaded.
INFO - 2022-01-08 16:11:10 --> Controller "App\Controllers\base\Beranda" loaded.
INFO - 2022-01-08 16:16:58 --> Controller "App\Controllers\base\Beranda" loaded.
INFO - 2022-01-08 16:18:58 --> Controller "App\Controllers\base\Beranda" loaded.
INFO - 2022-01-08 16:20:03 --> Controller "App\Controllers\base\Beranda" loaded.
INFO - 2022-01-08 16:26:19 --> Session: Class initialized using 'CodeIgniter\Session\Handlers\FileHandler' driver.
INFO - 2022-01-08 16:26:19 --> Controller "App\Controllers\bukutamu\Bukutamu" loaded.
INFO - 2022-01-08 16:27:03 --> Controller "App\Controllers\base\Beranda" loaded.
INFO - 2022-01-08 16:27:23 --> Session: Class initialized using 'CodeIgniter\Session\Handlers\FileHandler' driver.
INFO - 2022-01-08 16:27:23 --> Controller "App\Controllers\bukutamu\Bukutamu" loaded.
INFO - 2022-01-08 16:30:02 --> Controller "App\Controllers\base\Beranda" loaded.
INFO - 2022-01-08 16:35:41 --> Controller "App\Controllers\base\Beranda" loaded.
INFO - 2022-01-08 16:40:03 --> Controller "App\Controllers\base\Beranda" loaded.
INFO - 2022-01-08 16:44:23 --> Controller "App\Controllers\base\Beranda" loaded.
INFO - 2022-01-08 16:50:04 --> Controller "App\Controllers\base\Beranda" loaded.
INFO - 2022-01-08 16:52:43 --> Controller "App\Controllers\base\Beranda" loaded.
INFO - 2022-01-08 16:59:44 --> Controller "App\Controllers\base\Beranda" loaded.
INFO - 2022-01-08 17:00:02 --> Controller "App\Controllers\base\Beranda" loaded.
INFO - 2022-01-08 17:01:32 --> Controller "App\Controllers\base\Beranda" loaded.
INFO - 2022-01-08 17:01:36 --> Controller "App\Controllers\base\Beranda" loaded.
INFO - 2022-01-08 17:01:52 --> Session: Class initialized using 'CodeIgniter\Session\Handlers\FileHandler' driver.
INFO - 2022-01-08 17:01:52 --> Controller "App\Controllers\base\Order" loaded.
INFO - 2022-01-08 17:01:52 --> Controller "App\Controllers\base\Beranda" loaded.
INFO - 2022-01-08 17:02:02 --> Controller "App\Controllers\base\Beranda" loaded.
INFO - 2022-01-08 17:02:08 --> Controller "App\Controllers\base\Beranda" loaded.
INFO - 2022-01-08 17:10:03 --> Controller "App\Controllers\base\Beranda" loaded.
INFO - 2022-01-08 17:12:29 --> Controller "App\Controllers\base\Beranda" loaded.
INFO - 2022-01-08 17:20:04 --> Controller "App\Controllers\base\Beranda" loaded.
INFO - 2022-01-08 17:21:06 --> Controller "App\Controllers\base\Beranda" loaded.
INFO - 2022-01-08 17:22:23 --> Controller "App\Controllers\base\Beranda" loaded.
INFO - 2022-01-08 17:30:03 --> Controller "App\Controllers\base\Beranda" loaded.
INFO - 2022-01-08 17:32:06 --> Controller "App\Controllers\base\Beranda" loaded.
INFO - 2022-01-08 17:40:03 --> Controller "App\Controllers\base\Beranda" loaded.
INFO - 2022-01-08 17:41:51 --> Controller "App\Controllers\base\Beranda" loaded.
INFO - 2022-01-08 17:50:03 --> Controller "App\Controllers\base\Beranda" loaded.
INFO - 2022-01-08 17:51:32 --> Controller "App\Controllers\base\Beranda" loaded.
INFO - 2022-01-08 18:00:03 --> Controller "App\Controllers\base\Beranda" loaded.
INFO - 2022-01-08 18:01:42 --> Controller "App\Controllers\base\Beranda" loaded.
INFO - 2022-01-08 18:10:05 --> Controller "App\Controllers\base\Beranda" loaded.
INFO - 2022-01-08 18:11:13 --> Controller "App\Controllers\base\Beranda" loaded.
INFO - 2022-01-08 18:20:03 --> Controller "App\Controllers\base\Beranda" loaded.
INFO - 2022-01-08 18:21:03 --> Session: Class initialized using 'CodeIgniter\Session\Handlers\FileHandler' driver.
INFO - 2022-01-08 18:21:04 --> Controller "App\Controllers\base\Order" loaded.
INFO - 2022-01-08 18:30:03 --> Controller "App\Controllers\base\Beranda" loaded.
INFO - 2022-01-08 18:30:37 --> Session: Class initialized using 'CodeIgniter\Session\Handlers\FileHandler' driver.
INFO - 2022-01-08 18:30:37 --> Controller "App\Controllers\base\Order" loaded.
INFO - 2022-01-08 18:40:03 --> Controller "App\Controllers\base\Beranda" loaded.
INFO - 2022-01-08 18:40:33 --> Session: Class initialized using 'CodeIgniter\Session\Handlers\FileHandler' driver.
INFO - 2022-01-08 18:40:33 --> Controller "App\Controllers\base\Order" loaded.
INFO - 2022-01-08 18:41:44 --> Controller "App\Controllers\base\Beranda" loaded.
INFO - 2022-01-08 18:41:46 --> Controller "App\Controllers\base\Beranda" loaded.
INFO - 2022-01-08 18:49:40 --> Controller "App\Controllers\base\Beranda" loaded.
INFO - 2022-01-08 18:50:04 --> Controller "App\Controllers\base\Beranda" loaded.
INFO - 2022-01-08 18:52:36 --> Session: Class initialized using 'CodeIgniter\Session\Handlers\FileHandler' driver.
INFO - 2022-01-08 18:52:36 --> Controller "App\Controllers\undangan\Undangan" loaded.
INFO - 2022-01-08 19:00:03 --> Controller "App\Controllers\base\Beranda" loaded.
INFO - 2022-01-08 19:03:11 --> Session: Class initialized using 'CodeIgniter\Session\Handlers\FileHandler' driver.
INFO - 2022-01-08 19:03:11 --> Controller "App\Controllers\undangan\Undangan" loaded.
INFO - 2022-01-08 19:03:16 --> Session: Class initialized using 'CodeIgniter\Session\Handlers\FileHandler' driver.
INFO - 2022-01-08 19:03:16 --> Controller "App\Controllers\undangan\Undangan" loaded.
INFO - 2022-01-08 19:03:22 --> Session: Class initialized using 'CodeIgniter\Session\Handlers\FileHandler' driver.
INFO - 2022-01-08 19:03:22 --> Controller "App\Controllers\undangan\Undangan" loaded.
INFO - 2022-01-08 19:03:46 --> Session: Class initialized using 'CodeIgniter\Session\Handlers\FileHandler' driver.
INFO - 2022-01-08 19:03:46 --> Controller "App\Controllers\undangan\Undangan" loaded.
INFO - 2022-01-08 19:03:48 --> Session: Class initialized using 'CodeIgniter\Session\Handlers\FileHandler' driver.
INFO - 2022-01-08 19:03:48 --> Controller "App\Controllers\undangan\Undangan" loaded.
INFO - 2022-01-08 19:03:52 --> Session: Class initialized using 'CodeIgniter\Session\Handlers\FileHandler' driver.
INFO - 2022-01-08 19:03:52 --> Controller "App\Controllers\undangan\Undangan" loaded.
INFO - 2022-01-08 19:04:00 --> Session: Class initialized using 'CodeIgniter\Session\Handlers\FileHandler' driver.
INFO - 2022-01-08 19:04:00 --> Controller "App\Controllers\undangan\Undangan" loaded.
INFO - 2022-01-08 19:04:05 --> Session: Class initialized using 'CodeIgniter\Session\Handlers\FileHandler' driver.
INFO - 2022-01-08 19:04:05 --> Controller "App\Controllers\undangan\Undangan" loaded.
INFO - 2022-01-08 19:05:56 --> Session: Class initialized using 'CodeIgniter\Session\Handlers\FileHandler' driver.
INFO - 2022-01-08 19:05:56 --> Controller "App\Controllers\undangan\Undangan" loaded.
INFO - 2022-01-08 19:07:23 --> Session: Class initialized using 'CodeIgniter\Session\Handlers\FileHandler' driver.
INFO - 2022-01-08 19:07:24 --> Controller "App\Controllers\base\Order" loaded.
INFO - 2022-01-08 19:10:04 --> Controller "App\Controllers\base\Beranda" loaded.
INFO - 2022-01-08 19:20:03 --> Controller "App\Controllers\base\Beranda" loaded.
INFO - 2022-01-08 19:27:41 --> Session: Class initialized using 'CodeIgniter\Session\Handlers\FileHandler' driver.
INFO - 2022-01-08 19:27:41 --> Controller "App\Controllers\base\Order" loaded.
INFO - 2022-01-08 19:30:03 --> Controller "App\Controllers\base\Beranda" loaded.
INFO - 2022-01-08 19:40:03 --> Controller "App\Controllers\base\Beranda" loaded.
INFO - 2022-01-08 19:47:34 --> Session: Class initialized using 'CodeIgniter\Session\Handlers\FileHandler' driver.
INFO - 2022-01-08 19:47:34 --> Controller "App\Controllers\base\Order" loaded.
INFO - 2022-01-08 19:50:03 --> Controller "App\Controllers\base\Beranda" loaded.
INFO - 2022-01-08 20:00:03 --> Controller "App\Controllers\base\Beranda" loaded.
INFO - 2022-01-08 20:08:47 --> Session: Class initialized using 'CodeIgniter\Session\Handlers\FileHandler' driver.
INFO - 2022-01-08 20:08:47 --> Controller "App\Controllers\base\Order" loaded.
INFO - 2022-01-08 20:10:02 --> Controller "App\Controllers\base\Beranda" loaded.
INFO - 2022-01-08 20:20:05 --> Controller "App\Controllers\base\Beranda" loaded.
INFO - 2022-01-08 20:30:03 --> Controller "App\Controllers\base\Beranda" loaded.
INFO - 2022-01-08 20:30:54 --> Session: Class initialized using 'CodeIgniter\Session\Handlers\FileHandler' driver.
INFO - 2022-01-08 20:30:54 --> Controller "App\Controllers\base\Order" loaded.
INFO - 2022-01-08 20:40:03 --> Controller "App\Controllers\base\Beranda" loaded.
INFO - 2022-01-08 20:50:03 --> Controller "App\Controllers\base\Beranda" loaded.
INFO - 2022-01-08 20:54:27 --> Session: Class initialized using 'CodeIgniter\Session\Handlers\FileHandler' driver.
INFO - 2022-01-08 20:54:27 --> Controller "App\Controllers\base\Order" loaded.
INFO - 2022-01-08 21:00:03 --> Controller "App\Controllers\base\Beranda" loaded.
INFO - 2022-01-08 21:04:45 --> Controller "App\Controllers\base\Beranda" loaded.
INFO - 2022-01-08 21:10:03 --> Controller "App\Controllers\base\Beranda" loaded.
INFO - 2022-01-08 21:20:02 --> Controller "App\Controllers\base\Beranda" loaded.
INFO - 2022-01-08 21:30:03 --> Controller "App\Controllers\base\Beranda" loaded.
INFO - 2022-01-08 21:40:03 --> Controller "App\Controllers\base\Beranda" loaded.
INFO - 2022-01-08 21:50:03 --> Controller "App\Controllers\base\Beranda" loaded.
INFO - 2022-01-08 21:50:43 --> Session: Class initialized using 'CodeIgniter\Session\Handlers\FileHandler' driver.
INFO - 2022-01-08 21:50:43 --> Controller "App\Controllers\base\Order" loaded.
INFO - 2022-01-08 21:56:14 --> Controller "App\Controllers\base\Beranda" loaded.
INFO - 2022-01-08 22:00:03 --> Controller "App\Controllers\base\Beranda" loaded.
INFO - 2022-01-08 22:03:38 --> Controller "App\Controllers\base\Beranda" loaded.
INFO - 2022-01-08 22:10:03 --> Controller "App\Controllers\base\Beranda" loaded.
INFO - 2022-01-08 22:20:04 --> Controller "App\Controllers\base\Beranda" loaded.
INFO - 2022-01-08 22:30:03 --> Controller "App\Controllers\base\Beranda" loaded.
INFO - 2022-01-08 22:30:51 --> Controller "App\Controllers\base\Beranda" loaded.
INFO - 2022-01-08 22:40:03 --> Controller "App\Controllers\base\Beranda" loaded.
INFO - 2022-01-08 22:45:32 --> Session: Class initialized using 'CodeIgniter\Session\Handlers\FileHandler' driver.
INFO - 2022-01-08 22:45:32 --> Controller "App\Controllers\base\Order" loaded.
INFO - 2022-01-08 22:47:14 --> Controller "App\Controllers\base\Beranda" loaded.
INFO - 2022-01-08 22:50:03 --> Controller "App\Controllers\base\Beranda" loaded.
INFO - 2022-01-08 23:18:39 --> Controller "App\Controllers\base\Beranda" loaded.
INFO - 2022-01-08 23:33:07 --> Session: Class initialized using 'CodeIgniter\Session\Handlers\FileHandler' driver.
INFO - 2022-01-08 23:33:07 --> Controller "App\Controllers\base\Order" loaded.
