INFO - 2021-11-08 00:31:47 --> Session: Class initialized using 'CodeIgniter\Session\Handlers\FileHandler' driver.
INFO - 2021-11-08 00:31:47 --> Controller "App\Controllers\undangan\Undangan" loaded.
INFO - 2021-11-08 01:02:02 --> Session: Class initialized using 'CodeIgniter\Session\Handlers\FileHandler' driver.
INFO - 2021-11-08 01:02:02 --> Controller "App\Controllers\undangan\Undangan" loaded.
INFO - 2021-11-08 01:07:17 --> Controller "App\Controllers\base\Beranda" loaded.
INFO - 2021-11-08 01:36:58 --> Controller "App\Controllers\base\Beranda" loaded.
INFO - 2021-11-08 02:29:44 --> Controller "App\Controllers\base\Beranda" loaded.
INFO - 2021-11-08 02:44:33 --> Controller "App\Controllers\base\Beranda" loaded.
INFO - 2021-11-08 02:44:34 --> Controller "App\Controllers\base\Beranda" loaded.
INFO - 2021-11-08 02:44:35 --> Controller "App\Controllers\base\Beranda" loaded.
INFO - 2021-11-08 02:44:35 --> Controller "App\Controllers\base\Beranda" loaded.
INFO - 2021-11-08 02:44:36 --> Controller "App\Controllers\base\Beranda" loaded.
INFO - 2021-11-08 02:44:36 --> Controller "App\Controllers\base\Beranda" loaded.
INFO - 2021-11-08 02:44:37 --> Controller "App\Controllers\base\Beranda" loaded.
INFO - 2021-11-08 02:44:38 --> Controller "App\Controllers\base\Beranda" loaded.
INFO - 2021-11-08 02:44:38 --> Controller "App\Controllers\base\Beranda" loaded.
INFO - 2021-11-08 02:44:38 --> Controller "App\Controllers\base\Beranda" loaded.
INFO - 2021-11-08 02:44:39 --> Controller "App\Controllers\base\Beranda" loaded.
INFO - 2021-11-08 02:44:40 --> Controller "App\Controllers\base\Beranda" loaded.
INFO - 2021-11-08 02:44:41 --> Controller "App\Controllers\base\Beranda" loaded.
INFO - 2021-11-08 02:44:41 --> Controller "App\Controllers\base\Beranda" loaded.
INFO - 2021-11-08 02:44:42 --> Controller "App\Controllers\base\Beranda" loaded.
INFO - 2021-11-08 02:44:42 --> Controller "App\Controllers\base\Beranda" loaded.
INFO - 2021-11-08 02:44:43 --> Controller "App\Controllers\base\Beranda" loaded.
INFO - 2021-11-08 02:44:43 --> Controller "App\Controllers\base\Beranda" loaded.
INFO - 2021-11-08 02:44:43 --> Controller "App\Controllers\base\Beranda" loaded.
INFO - 2021-11-08 03:04:36 --> Session: Class initialized using 'CodeIgniter\Session\Handlers\FileHandler' driver.
INFO - 2021-11-08 03:04:36 --> Controller "App\Controllers\undangan\Undangan" loaded.
INFO - 2021-11-08 04:36:23 --> Controller "App\Controllers\base\Beranda" loaded.
INFO - 2021-11-08 04:36:44 --> Session: Class initialized using 'CodeIgniter\Session\Handlers\FileHandler' driver.
INFO - 2021-11-08 04:36:44 --> Controller "App\Controllers\base\Order" loaded.
INFO - 2021-11-08 04:37:04 --> Session: Class initialized using 'CodeIgniter\Session\Handlers\FileHandler' driver.
INFO - 2021-11-08 04:37:04 --> Controller "App\Controllers\undangan\Undangan" loaded.
INFO - 2021-11-08 05:28:09 --> Session: Class initialized using 'CodeIgniter\Session\Handlers\FileHandler' driver.
INFO - 2021-11-08 05:28:09 --> Controller "App\Controllers\admin\Admin" loaded.
INFO - 2021-11-08 05:28:14 --> Session: Class initialized using 'CodeIgniter\Session\Handlers\FileHandler' driver.
INFO - 2021-11-08 05:28:14 --> Controller "App\Controllers\admin\Admin" loaded.
INFO - 2021-11-08 05:28:14 --> Session: Class initialized using 'CodeIgniter\Session\Handlers\FileHandler' driver.
INFO - 2021-11-08 05:28:14 --> Controller "App\Controllers\admin\Admin" loaded.
INFO - 2021-11-08 05:28:18 --> Session: Class initialized using 'CodeIgniter\Session\Handlers\FileHandler' driver.
INFO - 2021-11-08 05:28:18 --> Controller "App\Controllers\admin\Admin" loaded.
INFO - 2021-11-08 05:28:24 --> Session: Class initialized using 'CodeIgniter\Session\Handlers\FileHandler' driver.
INFO - 2021-11-08 05:28:24 --> Controller "App\Controllers\admin\Admin" loaded.
INFO - 2021-11-08 05:28:24 --> Session: Class initialized using 'CodeIgniter\Session\Handlers\FileHandler' driver.
INFO - 2021-11-08 05:28:24 --> Controller "App\Controllers\admin\Admin" loaded.
INFO - 2021-11-08 05:28:29 --> Session: Class initialized using 'CodeIgniter\Session\Handlers\FileHandler' driver.
INFO - 2021-11-08 05:28:29 --> Controller "App\Controllers\admin\Admin" loaded.
INFO - 2021-11-08 05:28:29 --> Session: Class initialized using 'CodeIgniter\Session\Handlers\FileHandler' driver.
INFO - 2021-11-08 05:28:29 --> Controller "App\Controllers\admin\Admin" loaded.
INFO - 2021-11-08 05:33:42 --> Session: Class initialized using 'CodeIgniter\Session\Handlers\FileHandler' driver.
INFO - 2021-11-08 05:33:42 --> Controller "App\Controllers\admin\Admin" loaded.
INFO - 2021-11-08 05:33:55 --> Session: Class initialized using 'CodeIgniter\Session\Handlers\FileHandler' driver.
INFO - 2021-11-08 05:33:55 --> Controller "App\Controllers\admin\Admin" loaded.
INFO - 2021-11-08 05:33:55 --> Session: Class initialized using 'CodeIgniter\Session\Handlers\FileHandler' driver.
INFO - 2021-11-08 05:33:55 --> Controller "App\Controllers\admin\Admin" loaded.
INFO - 2021-11-08 05:34:40 --> Session: Class initialized using 'CodeIgniter\Session\Handlers\FileHandler' driver.
INFO - 2021-11-08 05:34:40 --> Controller "App\Controllers\admin\Admin" loaded.
INFO - 2021-11-08 05:34:40 --> Session: Class initialized using 'CodeIgniter\Session\Handlers\FileHandler' driver.
INFO - 2021-11-08 05:34:40 --> Controller "App\Controllers\admin\Admin" loaded.
INFO - 2021-11-08 05:34:47 --> Session: Class initialized using 'CodeIgniter\Session\Handlers\FileHandler' driver.
INFO - 2021-11-08 05:34:47 --> Controller "App\Controllers\admin\Admin" loaded.
INFO - 2021-11-08 05:34:47 --> Session: Class initialized using 'CodeIgniter\Session\Handlers\FileHandler' driver.
INFO - 2021-11-08 05:34:47 --> Controller "App\Controllers\admin\Admin" loaded.
INFO - 2021-11-08 05:34:54 --> Session: Class initialized using 'CodeIgniter\Session\Handlers\FileHandler' driver.
INFO - 2021-11-08 05:34:54 --> Controller "App\Controllers\admin\Admin" loaded.
INFO - 2021-11-08 05:34:54 --> Session: Class initialized using 'CodeIgniter\Session\Handlers\FileHandler' driver.
INFO - 2021-11-08 05:34:54 --> Controller "App\Controllers\admin\Admin" loaded.
INFO - 2021-11-08 05:35:03 --> Session: Class initialized using 'CodeIgniter\Session\Handlers\FileHandler' driver.
INFO - 2021-11-08 05:35:03 --> Controller "App\Controllers\admin\Admin" loaded.
INFO - 2021-11-08 05:35:03 --> Session: Class initialized using 'CodeIgniter\Session\Handlers\FileHandler' driver.
INFO - 2021-11-08 05:35:03 --> Controller "App\Controllers\admin\Admin" loaded.
INFO - 2021-11-08 05:46:25 --> Session: Class initialized using 'CodeIgniter\Session\Handlers\FileHandler' driver.
INFO - 2021-11-08 05:46:25 --> Controller "App\Controllers\bukutamu\Bukutamu" loaded.
INFO - 2021-11-08 05:46:26 --> Controller "App\Controllers\base\Beranda" loaded.
INFO - 2021-11-08 05:46:49 --> Session: Class initialized using 'CodeIgniter\Session\Handlers\FileHandler' driver.
INFO - 2021-11-08 05:46:49 --> Controller "App\Controllers\bukutamu\Bukutamu" loaded.
INFO - 2021-11-08 05:47:09 --> Session: Class initialized using 'CodeIgniter\Session\Handlers\FileHandler' driver.
INFO - 2021-11-08 05:47:09 --> Controller "App\Controllers\bukutamu\Bukutamu" loaded.
INFO - 2021-11-08 05:47:56 --> Session: Class initialized using 'CodeIgniter\Session\Handlers\FileHandler' driver.
INFO - 2021-11-08 05:47:56 --> Controller "App\Controllers\undangan\Undangan" loaded.
INFO - 2021-11-08 05:49:09 --> Session: Class initialized using 'CodeIgniter\Session\Handlers\FileHandler' driver.
INFO - 2021-11-08 05:49:09 --> Controller "App\Controllers\undangan\Undangan" loaded.
INFO - 2021-11-08 05:49:36 --> Session: Class initialized using 'CodeIgniter\Session\Handlers\FileHandler' driver.
INFO - 2021-11-08 05:49:36 --> Controller "App\Controllers\undangan\Undangan" loaded.
INFO - 2021-11-08 05:49:36 --> Session: Class initialized using 'CodeIgniter\Session\Handlers\FileHandler' driver.
INFO - 2021-11-08 05:49:36 --> Controller "App\Controllers\undangan\Undangan" loaded.
INFO - 2021-11-08 06:00:07 --> Controller "App\Controllers\base\Beranda" loaded.
INFO - 2021-11-08 06:07:22 --> Controller "App\Controllers\base\Beranda" loaded.
INFO - 2021-11-08 06:10:24 --> Session: Class initialized using 'CodeIgniter\Session\Handlers\FileHandler' driver.
INFO - 2021-11-08 06:10:24 --> Controller "App\Controllers\admin\Admin" loaded.
INFO - 2021-11-08 06:13:06 --> Controller "App\Controllers\base\Beranda" loaded.
INFO - 2021-11-08 06:52:38 --> Controller "App\Controllers\base\Beranda" loaded.
INFO - 2021-11-08 07:00:03 --> Controller "App\Controllers\base\Beranda" loaded.
INFO - 2021-11-08 07:10:02 --> Controller "App\Controllers\base\Beranda" loaded.
INFO - 2021-11-08 07:18:28 --> Session: Class initialized using 'CodeIgniter\Session\Handlers\FileHandler' driver.
INFO - 2021-11-08 07:18:28 --> Controller "App\Controllers\undangan\Undangan" loaded.
INFO - 2021-11-08 07:20:03 --> Controller "App\Controllers\base\Beranda" loaded.
INFO - 2021-11-08 07:30:02 --> Controller "App\Controllers\base\Beranda" loaded.
INFO - 2021-11-08 07:31:52 --> Controller "App\Controllers\base\Beranda" loaded.
INFO - 2021-11-08 07:32:02 --> Session: Class initialized using 'CodeIgniter\Session\Handlers\FileHandler' driver.
INFO - 2021-11-08 07:32:02 --> Controller "App\Controllers\undangan\Undangan" loaded.
INFO - 2021-11-08 07:32:29 --> Session: Class initialized using 'CodeIgniter\Session\Handlers\FileHandler' driver.
INFO - 2021-11-08 07:32:29 --> Controller "App\Controllers\undangan\Undangan" loaded.
INFO - 2021-11-08 07:40:02 --> Controller "App\Controllers\base\Beranda" loaded.
INFO - 2021-11-08 07:50:03 --> Controller "App\Controllers\base\Beranda" loaded.
INFO - 2021-11-08 07:54:31 --> Controller "App\Controllers\base\Beranda" loaded.
INFO - 2021-11-08 08:00:03 --> Controller "App\Controllers\base\Beranda" loaded.
INFO - 2021-11-08 08:10:03 --> Controller "App\Controllers\base\Beranda" loaded.
INFO - 2021-11-08 08:20:02 --> Controller "App\Controllers\base\Beranda" loaded.
INFO - 2021-11-08 08:25:14 --> Session: Class initialized using 'CodeIgniter\Session\Handlers\FileHandler' driver.
INFO - 2021-11-08 08:25:14 --> Controller "App\Controllers\bukutamu\Bukutamu" loaded.
INFO - 2021-11-08 08:25:21 --> Controller "App\Controllers\base\Beranda" loaded.
INFO - 2021-11-08 08:25:21 --> Controller "App\Controllers\base\Beranda" loaded.
INFO - 2021-11-08 08:25:54 --> Session: Class initialized using 'CodeIgniter\Session\Handlers\FileHandler' driver.
INFO - 2021-11-08 08:25:54 --> Controller "App\Controllers\bukutamu\Bukutamu" loaded.
INFO - 2021-11-08 08:25:58 --> Session: Class initialized using 'CodeIgniter\Session\Handlers\FileHandler' driver.
INFO - 2021-11-08 08:25:58 --> Controller "App\Controllers\bukutamu\Bukutamu" loaded.
INFO - 2021-11-08 08:26:14 --> Session: Class initialized using 'CodeIgniter\Session\Handlers\FileHandler' driver.
INFO - 2021-11-08 08:26:14 --> Controller "App\Controllers\undangan\Undangan" loaded.
INFO - 2021-11-08 08:26:48 --> Controller "App\Controllers\base\Beranda" loaded.
INFO - 2021-11-08 08:30:02 --> Controller "App\Controllers\base\Beranda" loaded.
INFO - 2021-11-08 08:35:18 --> Controller "App\Controllers\base\Beranda" loaded.
INFO - 2021-11-08 08:35:22 --> Controller "App\Controllers\base\Beranda" loaded.
INFO - 2021-11-08 08:40:02 --> Controller "App\Controllers\base\Beranda" loaded.
INFO - 2021-11-08 08:46:00 --> Controller "App\Controllers\base\Beranda" loaded.
INFO - 2021-11-08 08:48:37 --> Session: Class initialized using 'CodeIgniter\Session\Handlers\FileHandler' driver.
INFO - 2021-11-08 08:48:37 --> Controller "App\Controllers\undangan\Undangan" loaded.
INFO - 2021-11-08 08:48:48 --> Session: Class initialized using 'CodeIgniter\Session\Handlers\FileHandler' driver.
INFO - 2021-11-08 08:48:48 --> Controller "App\Controllers\bukutamu\Bukutamu" loaded.
INFO - 2021-11-08 08:49:26 --> Session: Class initialized using 'CodeIgniter\Session\Handlers\FileHandler' driver.
INFO - 2021-11-08 08:49:26 --> Controller "App\Controllers\undangan\Undangan" loaded.
INFO - 2021-11-08 08:49:28 --> Session: Class initialized using 'CodeIgniter\Session\Handlers\FileHandler' driver.
INFO - 2021-11-08 08:49:28 --> Controller "App\Controllers\undangan\Undangan" loaded.
INFO - 2021-11-08 08:49:54 --> Session: Class initialized using 'CodeIgniter\Session\Handlers\FileHandler' driver.
INFO - 2021-11-08 08:49:54 --> Controller "App\Controllers\bukutamu\Bukutamu" loaded.
INFO - 2021-11-08 08:50:02 --> Controller "App\Controllers\base\Beranda" loaded.
INFO - 2021-11-08 08:50:12 --> Session: Class initialized using 'CodeIgniter\Session\Handlers\FileHandler' driver.
INFO - 2021-11-08 08:50:12 --> Controller "App\Controllers\bukutamu\Bukutamu" loaded.
INFO - 2021-11-08 09:00:03 --> Controller "App\Controllers\base\Beranda" loaded.
INFO - 2021-11-08 09:10:03 --> Controller "App\Controllers\base\Beranda" loaded.
INFO - 2021-11-08 09:20:03 --> Controller "App\Controllers\base\Beranda" loaded.
INFO - 2021-11-08 09:30:02 --> Controller "App\Controllers\base\Beranda" loaded.
INFO - 2021-11-08 09:40:03 --> Session: Class initialized using 'CodeIgniter\Session\Handlers\FileHandler' driver.
INFO - 2021-11-08 09:40:03 --> Controller "App\Controllers\undangan\Undangan" loaded.
INFO - 2021-11-08 09:40:03 --> Session: Class initialized using 'CodeIgniter\Session\Handlers\FileHandler' driver.
INFO - 2021-11-08 09:40:03 --> Controller "App\Controllers\undangan\Undangan" loaded.
INFO - 2021-11-08 09:40:03 --> Session: Class initialized using 'CodeIgniter\Session\Handlers\FileHandler' driver.
INFO - 2021-11-08 09:40:03 --> Controller "App\Controllers\undangan\Undangan" loaded.
INFO - 2021-11-08 09:40:03 --> Controller "App\Controllers\base\Beranda" loaded.
INFO - 2021-11-08 09:40:08 --> Session: Class initialized using 'CodeIgniter\Session\Handlers\FileHandler' driver.
INFO - 2021-11-08 09:40:08 --> Controller "App\Controllers\undangan\Undangan" loaded.
INFO - 2021-11-08 09:41:03 --> Session: Class initialized using 'CodeIgniter\Session\Handlers\FileHandler' driver.
INFO - 2021-11-08 09:41:03 --> Controller "App\Controllers\undangan\Undangan" loaded.
INFO - 2021-11-08 09:42:19 --> Session: Class initialized using 'CodeIgniter\Session\Handlers\FileHandler' driver.
INFO - 2021-11-08 09:42:19 --> Controller "App\Controllers\undangan\Undangan" loaded.
INFO - 2021-11-08 09:42:42 --> Session: Class initialized using 'CodeIgniter\Session\Handlers\FileHandler' driver.
INFO - 2021-11-08 09:42:42 --> Controller "App\Controllers\undangan\Undangan" loaded.
INFO - 2021-11-08 09:42:43 --> Session: Class initialized using 'CodeIgniter\Session\Handlers\FileHandler' driver.
INFO - 2021-11-08 09:42:43 --> Controller "App\Controllers\undangan\Undangan" loaded.
INFO - 2021-11-08 09:50:02 --> Controller "App\Controllers\base\Beranda" loaded.
INFO - 2021-11-08 09:55:23 --> Controller "App\Controllers\base\Beranda" loaded.
INFO - 2021-11-08 09:56:00 --> Session: Class initialized using 'CodeIgniter\Session\Handlers\FileHandler' driver.
INFO - 2021-11-08 09:56:00 --> Controller "App\Controllers\bukutamu\Bukutamu" loaded.
INFO - 2021-11-08 10:00:03 --> Controller "App\Controllers\base\Beranda" loaded.
INFO - 2021-11-08 10:10:02 --> Controller "App\Controllers\base\Beranda" loaded.
INFO - 2021-11-08 10:16:26 --> Controller "App\Controllers\base\Beranda" loaded.
INFO - 2021-11-08 10:16:46 --> Controller "App\Controllers\base\Beranda" loaded.
INFO - 2021-11-08 10:16:46 --> Controller "App\Controllers\base\Beranda" loaded.
INFO - 2021-11-08 10:16:47 --> Controller "App\Controllers\base\Beranda" loaded.
INFO - 2021-11-08 10:16:48 --> Controller "App\Controllers\base\Beranda" loaded.
INFO - 2021-11-08 10:16:49 --> Controller "App\Controllers\base\Beranda" loaded.
INFO - 2021-11-08 10:16:49 --> Controller "App\Controllers\base\Beranda" loaded.
INFO - 2021-11-08 10:16:50 --> Controller "App\Controllers\base\Beranda" loaded.
INFO - 2021-11-08 10:16:50 --> Controller "App\Controllers\base\Beranda" loaded.
INFO - 2021-11-08 10:16:52 --> Controller "App\Controllers\base\Beranda" loaded.
INFO - 2021-11-08 10:16:52 --> Controller "App\Controllers\base\Beranda" loaded.
INFO - 2021-11-08 10:16:53 --> Controller "App\Controllers\base\Beranda" loaded.
INFO - 2021-11-08 10:16:53 --> Controller "App\Controllers\base\Beranda" loaded.
INFO - 2021-11-08 10:16:54 --> Controller "App\Controllers\base\Beranda" loaded.
INFO - 2021-11-08 10:16:56 --> Controller "App\Controllers\base\Beranda" loaded.
INFO - 2021-11-08 10:16:56 --> Controller "App\Controllers\base\Beranda" loaded.
INFO - 2021-11-08 10:16:57 --> Controller "App\Controllers\base\Beranda" loaded.
INFO - 2021-11-08 10:16:58 --> Controller "App\Controllers\base\Beranda" loaded.
INFO - 2021-11-08 10:16:59 --> Controller "App\Controllers\base\Beranda" loaded.
INFO - 2021-11-08 10:16:59 --> Controller "App\Controllers\base\Beranda" loaded.
INFO - 2021-11-08 10:17:01 --> Session: Class initialized using 'CodeIgniter\Session\Handlers\FileHandler' driver.
INFO - 2021-11-08 10:17:01 --> Controller "App\Controllers\undangan\Undangan" loaded.
INFO - 2021-11-08 10:20:02 --> Controller "App\Controllers\base\Beranda" loaded.
INFO - 2021-11-08 10:30:02 --> Controller "App\Controllers\base\Beranda" loaded.
INFO - 2021-11-08 10:40:03 --> Controller "App\Controllers\base\Beranda" loaded.
INFO - 2021-11-08 10:50:02 --> Controller "App\Controllers\base\Beranda" loaded.
INFO - 2021-11-08 11:00:03 --> Controller "App\Controllers\base\Beranda" loaded.
INFO - 2021-11-08 11:00:35 --> Controller "App\Controllers\base\Beranda" loaded.
INFO - 2021-11-08 11:10:02 --> Controller "App\Controllers\base\Beranda" loaded.
INFO - 2021-11-08 11:20:02 --> Controller "App\Controllers\base\Beranda" loaded.
INFO - 2021-11-08 11:30:03 --> Controller "App\Controllers\base\Beranda" loaded.
INFO - 2021-11-08 11:40:03 --> Controller "App\Controllers\base\Beranda" loaded.
INFO - 2021-11-08 11:40:27 --> Controller "App\Controllers\base\Beranda" loaded.
INFO - 2021-11-08 11:50:02 --> Controller "App\Controllers\base\Beranda" loaded.
INFO - 2021-11-08 12:00:03 --> Controller "App\Controllers\base\Beranda" loaded.
INFO - 2021-11-08 12:00:32 --> Session: Class initialized using 'CodeIgniter\Session\Handlers\FileHandler' driver.
INFO - 2021-11-08 12:00:32 --> Controller "App\Controllers\undangan\Undangan" loaded.
INFO - 2021-11-08 12:00:53 --> Controller "App\Controllers\base\Beranda" loaded.
INFO - 2021-11-08 12:01:16 --> Controller "App\Controllers\base\Beranda" loaded.
INFO - 2021-11-08 12:02:08 --> Controller "App\Controllers\base\Beranda" loaded.
INFO - 2021-11-08 12:02:17 --> Controller "App\Controllers\base\Beranda" loaded.
INFO - 2021-11-08 12:02:49 --> Session: Class initialized using 'CodeIgniter\Session\Handlers\FileHandler' driver.
INFO - 2021-11-08 12:02:49 --> Controller "App\Controllers\undangan\Undangan" loaded.
INFO - 2021-11-08 12:02:49 --> Session: Class initialized using 'CodeIgniter\Session\Handlers\FileHandler' driver.
INFO - 2021-11-08 12:02:49 --> Controller "App\Controllers\undangan\Undangan" loaded.
INFO - 2021-11-08 12:10:02 --> Controller "App\Controllers\base\Beranda" loaded.
INFO - 2021-11-08 12:20:02 --> Controller "App\Controllers\base\Beranda" loaded.
INFO - 2021-11-08 12:30:02 --> Controller "App\Controllers\base\Beranda" loaded.
INFO - 2021-11-08 12:35:21 --> Controller "App\Controllers\base\Beranda" loaded.
INFO - 2021-11-08 12:40:02 --> Controller "App\Controllers\base\Beranda" loaded.
INFO - 2021-11-08 12:50:03 --> Controller "App\Controllers\base\Beranda" loaded.
INFO - 2021-11-08 12:52:41 --> Controller "App\Controllers\base\Beranda" loaded.
INFO - 2021-11-08 13:00:02 --> Controller "App\Controllers\base\Beranda" loaded.
INFO - 2021-11-08 13:10:03 --> Controller "App\Controllers\base\Beranda" loaded.
INFO - 2021-11-08 13:20:03 --> Controller "App\Controllers\base\Beranda" loaded.
INFO - 2021-11-08 13:30:02 --> Controller "App\Controllers\base\Beranda" loaded.
INFO - 2021-11-08 13:40:03 --> Controller "App\Controllers\base\Beranda" loaded.
INFO - 2021-11-08 13:40:20 --> Session: Class initialized using 'CodeIgniter\Session\Handlers\FileHandler' driver.
INFO - 2021-11-08 13:40:20 --> Controller "App\Controllers\undangan\Undangan" loaded.
INFO - 2021-11-08 13:50:02 --> Controller "App\Controllers\base\Beranda" loaded.
INFO - 2021-11-08 13:50:45 --> Controller "App\Controllers\base\Beranda" loaded.
INFO - 2021-11-08 13:50:45 --> Controller "App\Controllers\base\Beranda" loaded.
INFO - 2021-11-08 13:50:45 --> Controller "App\Controllers\base\Beranda" loaded.
INFO - 2021-11-08 13:50:46 --> Controller "App\Controllers\base\Beranda" loaded.
INFO - 2021-11-08 13:50:46 --> Controller "App\Controllers\base\Beranda" loaded.
INFO - 2021-11-08 13:50:46 --> Controller "App\Controllers\base\Beranda" loaded.
INFO - 2021-11-08 13:50:46 --> Controller "App\Controllers\base\Beranda" loaded.
INFO - 2021-11-08 13:50:46 --> Controller "App\Controllers\base\Beranda" loaded.
INFO - 2021-11-08 13:50:46 --> Controller "App\Controllers\base\Beranda" loaded.
INFO - 2021-11-08 13:50:46 --> Controller "App\Controllers\base\Beranda" loaded.
INFO - 2021-11-08 13:50:46 --> Controller "App\Controllers\base\Beranda" loaded.
INFO - 2021-11-08 13:50:46 --> Controller "App\Controllers\base\Beranda" loaded.
INFO - 2021-11-08 13:50:46 --> Controller "App\Controllers\base\Beranda" loaded.
INFO - 2021-11-08 13:50:47 --> Controller "App\Controllers\base\Beranda" loaded.
INFO - 2021-11-08 13:50:47 --> Controller "App\Controllers\base\Beranda" loaded.
INFO - 2021-11-08 13:50:47 --> Controller "App\Controllers\base\Beranda" loaded.
INFO - 2021-11-08 13:50:47 --> Controller "App\Controllers\base\Beranda" loaded.
INFO - 2021-11-08 13:50:47 --> Controller "App\Controllers\base\Beranda" loaded.
INFO - 2021-11-08 13:50:47 --> Controller "App\Controllers\base\Beranda" loaded.
INFO - 2021-11-08 13:50:47 --> Controller "App\Controllers\base\Beranda" loaded.
INFO - 2021-11-08 14:00:03 --> Controller "App\Controllers\base\Beranda" loaded.
INFO - 2021-11-08 14:06:37 --> Session: Class initialized using 'CodeIgniter\Session\Handlers\FileHandler' driver.
INFO - 2021-11-08 14:06:37 --> Controller "App\Controllers\bukutamu\Bukutamu" loaded.
INFO - 2021-11-08 14:10:03 --> Controller "App\Controllers\base\Beranda" loaded.
INFO - 2021-11-08 14:20:02 --> Controller "App\Controllers\base\Beranda" loaded.
INFO - 2021-11-08 14:30:03 --> Controller "App\Controllers\base\Beranda" loaded.
INFO - 2021-11-08 14:40:02 --> Controller "App\Controllers\base\Beranda" loaded.
INFO - 2021-11-08 14:50:03 --> Controller "App\Controllers\base\Beranda" loaded.
INFO - 2021-11-08 15:00:02 --> Controller "App\Controllers\base\Beranda" loaded.
INFO - 2021-11-08 15:00:10 --> Controller "App\Controllers\base\Beranda" loaded.
INFO - 2021-11-08 15:10:02 --> Controller "App\Controllers\base\Beranda" loaded.
INFO - 2021-11-08 15:18:17 --> Controller "App\Controllers\base\Beranda" loaded.
INFO - 2021-11-08 15:20:03 --> Controller "App\Controllers\base\Beranda" loaded.
INFO - 2021-11-08 15:20:10 --> Controller "App\Controllers\base\Beranda" loaded.
INFO - 2021-11-08 15:20:39 --> Session: Class initialized using 'CodeIgniter\Session\Handlers\FileHandler' driver.
INFO - 2021-11-08 15:20:39 --> Controller "App\Controllers\base\Dashboard" loaded.
INFO - 2021-11-08 15:30:03 --> Controller "App\Controllers\base\Beranda" loaded.
INFO - 2021-11-08 15:40:03 --> Controller "App\Controllers\base\Beranda" loaded.
INFO - 2021-11-08 15:50:03 --> Controller "App\Controllers\base\Beranda" loaded.
INFO - 2021-11-08 16:00:03 --> Controller "App\Controllers\base\Beranda" loaded.
INFO - 2021-11-08 16:03:35 --> Controller "App\Controllers\base\Beranda" loaded.
INFO - 2021-11-08 16:10:03 --> Controller "App\Controllers\base\Beranda" loaded.
INFO - 2021-11-08 16:12:23 --> Controller "App\Controllers\base\Beranda" loaded.
INFO - 2021-11-08 16:20:03 --> Controller "App\Controllers\base\Beranda" loaded.
INFO - 2021-11-08 16:30:03 --> Controller "App\Controllers\base\Beranda" loaded.
INFO - 2021-11-08 16:38:12 --> Session: Class initialized using 'CodeIgniter\Session\Handlers\FileHandler' driver.
INFO - 2021-11-08 16:38:12 --> Controller "App\Controllers\undangan\Undangan" loaded.
INFO - 2021-11-08 16:40:02 --> Controller "App\Controllers\base\Beranda" loaded.
INFO - 2021-11-08 16:48:54 --> Controller "App\Controllers\base\Beranda" loaded.
INFO - 2021-11-08 16:48:54 --> Controller "App\Controllers\base\Beranda" loaded.
INFO - 2021-11-08 16:50:02 --> Controller "App\Controllers\base\Beranda" loaded.
INFO - 2021-11-08 16:57:40 --> Controller "App\Controllers\base\Beranda" loaded.
INFO - 2021-11-08 16:57:40 --> Controller "App\Controllers\base\Beranda" loaded.
INFO - 2021-11-08 17:00:02 --> Controller "App\Controllers\base\Beranda" loaded.
INFO - 2021-11-08 17:03:54 --> Session: Class initialized using 'CodeIgniter\Session\Handlers\FileHandler' driver.
INFO - 2021-11-08 17:03:54 --> Controller "App\Controllers\base\Dashboard" loaded.
INFO - 2021-11-08 17:10:03 --> Controller "App\Controllers\base\Beranda" loaded.
INFO - 2021-11-08 17:20:02 --> Controller "App\Controllers\base\Beranda" loaded.
INFO - 2021-11-08 17:30:03 --> Controller "App\Controllers\base\Beranda" loaded.
INFO - 2021-11-08 17:31:11 --> Controller "App\Controllers\base\Beranda" loaded.
INFO - 2021-11-08 17:39:48 --> Controller "App\Controllers\base\Beranda" loaded.
INFO - 2021-11-08 17:40:02 --> Controller "App\Controllers\base\Beranda" loaded.
INFO - 2021-11-08 17:41:01 --> Controller "App\Controllers\base\Beranda" loaded.
CRITICAL - 2021-11-08 17:41:01 --> Too many connections
#0 /home/nguh5634/public_html/system/Database/BaseConnection.php(377): CodeIgniter\Database\MySQLi\Connection->connect(false)
#1 /home/nguh5634/public_html/system/Database/BaseConnection.php(643): CodeIgniter\Database\BaseConnection->initialize()
#2 /home/nguh5634/public_html/system/Database/BaseBuilder.php(1819): CodeIgniter\Database\BaseConnection->query('SELECT *\nFROM `...', Array, false)
#3 /home/nguh5634/public_html/app/Models/base/BerandaModel.php(39): CodeIgniter\Database\BaseBuilder->get()
#4 /home/nguh5634/public_html/app/Controllers/base/Beranda.php(31): App\Models\base\BerandaModel->get_all_themes()
#5 /home/nguh5634/public_html/system/CodeIgniter.php(910): App\Controllers\base\Beranda->index()
#6 /home/nguh5634/public_html/system/CodeIgniter.php(398): CodeIgniter\CodeIgniter->runController(Object(App\Controllers\base\Beranda))
#7 /home/nguh5634/public_html/system/CodeIgniter.php(306): CodeIgniter\CodeIgniter->handleRequest(NULL, Object(Config\Cache), false)
#8 /home/nguh5634/public_html/index.php(45): CodeIgniter\CodeIgniter->run()
#9 {main}
INFO - 2021-11-08 17:41:03 --> Controller "App\Controllers\base\Beranda" loaded.
CRITICAL - 2021-11-08 17:41:03 --> Too many connections
#0 /home/nguh5634/public_html/system/Database/BaseConnection.php(377): CodeIgniter\Database\MySQLi\Connection->connect(false)
#1 /home/nguh5634/public_html/system/Database/BaseConnection.php(643): CodeIgniter\Database\BaseConnection->initialize()
#2 /home/nguh5634/public_html/system/Database/BaseBuilder.php(1819): CodeIgniter\Database\BaseConnection->query('SELECT *\nFROM `...', Array, false)
#3 /home/nguh5634/public_html/app/Models/base/BerandaModel.php(39): CodeIgniter\Database\BaseBuilder->get()
#4 /home/nguh5634/public_html/app/Controllers/base/Beranda.php(31): App\Models\base\BerandaModel->get_all_themes()
#5 /home/nguh5634/public_html/system/CodeIgniter.php(910): App\Controllers\base\Beranda->index()
#6 /home/nguh5634/public_html/system/CodeIgniter.php(398): CodeIgniter\CodeIgniter->runController(Object(App\Controllers\base\Beranda))
#7 /home/nguh5634/public_html/system/CodeIgniter.php(306): CodeIgniter\CodeIgniter->handleRequest(NULL, Object(Config\Cache), false)
#8 /home/nguh5634/public_html/index.php(45): CodeIgniter\CodeIgniter->run()
#9 {main}
INFO - 2021-11-08 17:41:04 --> Controller "App\Controllers\base\Beranda" loaded.
INFO - 2021-11-08 17:41:07 --> Controller "App\Controllers\base\Beranda" loaded.
INFO - 2021-11-08 17:41:11 --> Controller "App\Controllers\base\Beranda" loaded.
CRITICAL - 2021-11-08 17:41:11 --> MySQL server has gone away
#0 /home/nguh5634/public_html/system/Database/BaseConnection.php(377): CodeIgniter\Database\MySQLi\Connection->connect(false)
#1 /home/nguh5634/public_html/system/Database/BaseConnection.php(643): CodeIgniter\Database\BaseConnection->initialize()
#2 /home/nguh5634/public_html/system/Database/BaseBuilder.php(1819): CodeIgniter\Database\BaseConnection->query('SELECT *\nFROM `...', Array, false)
#3 /home/nguh5634/public_html/app/Models/base/BerandaModel.php(39): CodeIgniter\Database\BaseBuilder->get()
#4 /home/nguh5634/public_html/app/Controllers/base/Beranda.php(31): App\Models\base\BerandaModel->get_all_themes()
#5 /home/nguh5634/public_html/system/CodeIgniter.php(910): App\Controllers\base\Beranda->index()
#6 /home/nguh5634/public_html/system/CodeIgniter.php(398): CodeIgniter\CodeIgniter->runController(Object(App\Controllers\base\Beranda))
#7 /home/nguh5634/public_html/system/CodeIgniter.php(306): CodeIgniter\CodeIgniter->handleRequest(NULL, Object(Config\Cache), false)
#8 /home/nguh5634/public_html/index.php(45): CodeIgniter\CodeIgniter->run()
#9 {main}
INFO - 2021-11-08 17:41:12 --> Controller "App\Controllers\base\Beranda" loaded.
CRITICAL - 2021-11-08 17:41:12 --> Too many connections
#0 /home/nguh5634/public_html/system/Database/BaseConnection.php(377): CodeIgniter\Database\MySQLi\Connection->connect(false)
#1 /home/nguh5634/public_html/system/Database/BaseConnection.php(643): CodeIgniter\Database\BaseConnection->initialize()
#2 /home/nguh5634/public_html/system/Database/BaseBuilder.php(1819): CodeIgniter\Database\BaseConnection->query('SELECT *\nFROM `...', Array, false)
#3 /home/nguh5634/public_html/app/Models/base/BerandaModel.php(39): CodeIgniter\Database\BaseBuilder->get()
#4 /home/nguh5634/public_html/app/Controllers/base/Beranda.php(31): App\Models\base\BerandaModel->get_all_themes()
#5 /home/nguh5634/public_html/system/CodeIgniter.php(910): App\Controllers\base\Beranda->index()
#6 /home/nguh5634/public_html/system/CodeIgniter.php(398): CodeIgniter\CodeIgniter->runController(Object(App\Controllers\base\Beranda))
#7 /home/nguh5634/public_html/system/CodeIgniter.php(306): CodeIgniter\CodeIgniter->handleRequest(NULL, Object(Config\Cache), false)
#8 /home/nguh5634/public_html/index.php(45): CodeIgniter\CodeIgniter->run()
#9 {main}
INFO - 2021-11-08 17:41:13 --> Controller "App\Controllers\base\Beranda" loaded.
INFO - 2021-11-08 17:41:14 --> Controller "App\Controllers\base\Beranda" loaded.
INFO - 2021-11-08 17:41:15 --> Controller "App\Controllers\base\Beranda" loaded.
INFO - 2021-11-08 17:41:16 --> Controller "App\Controllers\base\Beranda" loaded.
INFO - 2021-11-08 17:41:17 --> Controller "App\Controllers\base\Beranda" loaded.
INFO - 2021-11-08 17:41:19 --> Controller "App\Controllers\base\Beranda" loaded.
CRITICAL - 2021-11-08 17:41:19 --> Too many connections
#0 /home/nguh5634/public_html/system/Database/BaseConnection.php(377): CodeIgniter\Database\MySQLi\Connection->connect(false)
#1 /home/nguh5634/public_html/system/Database/BaseConnection.php(643): CodeIgniter\Database\BaseConnection->initialize()
#2 /home/nguh5634/public_html/system/Database/BaseBuilder.php(1819): CodeIgniter\Database\BaseConnection->query('SELECT *\nFROM `...', Array, false)
#3 /home/nguh5634/public_html/app/Models/base/BerandaModel.php(39): CodeIgniter\Database\BaseBuilder->get()
#4 /home/nguh5634/public_html/app/Controllers/base/Beranda.php(31): App\Models\base\BerandaModel->get_all_themes()
#5 /home/nguh5634/public_html/system/CodeIgniter.php(910): App\Controllers\base\Beranda->index()
#6 /home/nguh5634/public_html/system/CodeIgniter.php(398): CodeIgniter\CodeIgniter->runController(Object(App\Controllers\base\Beranda))
#7 /home/nguh5634/public_html/system/CodeIgniter.php(306): CodeIgniter\CodeIgniter->handleRequest(NULL, Object(Config\Cache), false)
#8 /home/nguh5634/public_html/index.php(45): CodeIgniter\CodeIgniter->run()
#9 {main}
INFO - 2021-11-08 17:41:20 --> Controller "App\Controllers\base\Beranda" loaded.
CRITICAL - 2021-11-08 17:41:20 --> Too many connections
#0 /home/nguh5634/public_html/system/Database/BaseConnection.php(377): CodeIgniter\Database\MySQLi\Connection->connect(false)
#1 /home/nguh5634/public_html/system/Database/BaseConnection.php(643): CodeIgniter\Database\BaseConnection->initialize()
#2 /home/nguh5634/public_html/system/Database/BaseBuilder.php(1819): CodeIgniter\Database\BaseConnection->query('SELECT *\nFROM `...', Array, false)
#3 /home/nguh5634/public_html/app/Models/base/BerandaModel.php(39): CodeIgniter\Database\BaseBuilder->get()
#4 /home/nguh5634/public_html/app/Controllers/base/Beranda.php(31): App\Models\base\BerandaModel->get_all_themes()
#5 /home/nguh5634/public_html/system/CodeIgniter.php(910): App\Controllers\base\Beranda->index()
#6 /home/nguh5634/public_html/system/CodeIgniter.php(398): CodeIgniter\CodeIgniter->runController(Object(App\Controllers\base\Beranda))
#7 /home/nguh5634/public_html/system/CodeIgniter.php(306): CodeIgniter\CodeIgniter->handleRequest(NULL, Object(Config\Cache), false)
#8 /home/nguh5634/public_html/index.php(45): CodeIgniter\CodeIgniter->run()
#9 {main}
INFO - 2021-11-08 17:41:26 --> Controller "App\Controllers\base\Beranda" loaded.
INFO - 2021-11-08 17:41:34 --> Controller "App\Controllers\base\Beranda" loaded.
CRITICAL - 2021-11-08 17:41:34 --> Too many connections
#0 /home/nguh5634/public_html/system/Database/BaseConnection.php(377): CodeIgniter\Database\MySQLi\Connection->connect(false)
#1 /home/nguh5634/public_html/system/Database/BaseConnection.php(643): CodeIgniter\Database\BaseConnection->initialize()
#2 /home/nguh5634/public_html/system/Database/BaseBuilder.php(1819): CodeIgniter\Database\BaseConnection->query('SELECT *\nFROM `...', Array, false)
#3 /home/nguh5634/public_html/app/Models/base/BerandaModel.php(39): CodeIgniter\Database\BaseBuilder->get()
#4 /home/nguh5634/public_html/app/Controllers/base/Beranda.php(31): App\Models\base\BerandaModel->get_all_themes()
#5 /home/nguh5634/public_html/system/CodeIgniter.php(910): App\Controllers\base\Beranda->index()
#6 /home/nguh5634/public_html/system/CodeIgniter.php(398): CodeIgniter\CodeIgniter->runController(Object(App\Controllers\base\Beranda))
#7 /home/nguh5634/public_html/system/CodeIgniter.php(306): CodeIgniter\CodeIgniter->handleRequest(NULL, Object(Config\Cache), false)
#8 /home/nguh5634/public_html/index.php(45): CodeIgniter\CodeIgniter->run()
#9 {main}
INFO - 2021-11-08 17:41:36 --> Controller "App\Controllers\base\Beranda" loaded.
INFO - 2021-11-08 17:41:40 --> Controller "App\Controllers\base\Beranda" loaded.
CRITICAL - 2021-11-08 17:41:40 --> Too many connections
#0 /home/nguh5634/public_html/system/Database/BaseConnection.php(377): CodeIgniter\Database\MySQLi\Connection->connect(false)
#1 /home/nguh5634/public_html/system/Database/BaseConnection.php(643): CodeIgniter\Database\BaseConnection->initialize()
#2 /home/nguh5634/public_html/system/Database/BaseBuilder.php(1819): CodeIgniter\Database\BaseConnection->query('SELECT *\nFROM `...', Array, false)
#3 /home/nguh5634/public_html/app/Models/base/BerandaModel.php(39): CodeIgniter\Database\BaseBuilder->get()
#4 /home/nguh5634/public_html/app/Controllers/base/Beranda.php(31): App\Models\base\BerandaModel->get_all_themes()
#5 /home/nguh5634/public_html/system/CodeIgniter.php(910): App\Controllers\base\Beranda->index()
#6 /home/nguh5634/public_html/system/CodeIgniter.php(398): CodeIgniter\CodeIgniter->runController(Object(App\Controllers\base\Beranda))
#7 /home/nguh5634/public_html/system/CodeIgniter.php(306): CodeIgniter\CodeIgniter->handleRequest(NULL, Object(Config\Cache), false)
#8 /home/nguh5634/public_html/index.php(45): CodeIgniter\CodeIgniter->run()
#9 {main}
INFO - 2021-11-08 17:41:41 --> Controller "App\Controllers\base\Beranda" loaded.
CRITICAL - 2021-11-08 17:41:41 --> Too many connections
#0 /home/nguh5634/public_html/system/Database/BaseConnection.php(377): CodeIgniter\Database\MySQLi\Connection->connect(false)
#1 /home/nguh5634/public_html/system/Database/BaseConnection.php(643): CodeIgniter\Database\BaseConnection->initialize()
#2 /home/nguh5634/public_html/system/Database/BaseBuilder.php(1819): CodeIgniter\Database\BaseConnection->query('SELECT *\nFROM `...', Array, false)
#3 /home/nguh5634/public_html/app/Models/base/BerandaModel.php(39): CodeIgniter\Database\BaseBuilder->get()
#4 /home/nguh5634/public_html/app/Controllers/base/Beranda.php(31): App\Models\base\BerandaModel->get_all_themes()
#5 /home/nguh5634/public_html/system/CodeIgniter.php(910): App\Controllers\base\Beranda->index()
#6 /home/nguh5634/public_html/system/CodeIgniter.php(398): CodeIgniter\CodeIgniter->runController(Object(App\Controllers\base\Beranda))
#7 /home/nguh5634/public_html/system/CodeIgniter.php(306): CodeIgniter\CodeIgniter->handleRequest(NULL, Object(Config\Cache), false)
#8 /home/nguh5634/public_html/index.php(45): CodeIgniter\CodeIgniter->run()
#9 {main}
INFO - 2021-11-08 17:41:42 --> Controller "App\Controllers\base\Beranda" loaded.
INFO - 2021-11-08 17:50:03 --> Controller "App\Controllers\base\Beranda" loaded.
INFO - 2021-11-08 18:00:03 --> Controller "App\Controllers\base\Beranda" loaded.
INFO - 2021-11-08 18:10:02 --> Controller "App\Controllers\base\Beranda" loaded.
INFO - 2021-11-08 18:20:03 --> Controller "App\Controllers\base\Beranda" loaded.
INFO - 2021-11-08 18:28:46 --> Session: Class initialized using 'CodeIgniter\Session\Handlers\FileHandler' driver.
INFO - 2021-11-08 18:28:46 --> Controller "App\Controllers\admin\Admin" loaded.
INFO - 2021-11-08 18:29:05 --> Session: Class initialized using 'CodeIgniter\Session\Handlers\FileHandler' driver.
INFO - 2021-11-08 18:29:05 --> Controller "App\Controllers\admin\Admin" loaded.
INFO - 2021-11-08 18:29:06 --> Session: Class initialized using 'CodeIgniter\Session\Handlers\FileHandler' driver.
INFO - 2021-11-08 18:29:06 --> Controller "App\Controllers\admin\Admin" loaded.
INFO - 2021-11-08 18:29:12 --> Session: Class initialized using 'CodeIgniter\Session\Handlers\FileHandler' driver.
INFO - 2021-11-08 18:29:12 --> Controller "App\Controllers\admin\Admin" loaded.
INFO - 2021-11-08 18:29:12 --> Session: Class initialized using 'CodeIgniter\Session\Handlers\FileHandler' driver.
INFO - 2021-11-08 18:29:12 --> Controller "App\Controllers\admin\Admin" loaded.
INFO - 2021-11-08 18:29:20 --> Session: Class initialized using 'CodeIgniter\Session\Handlers\FileHandler' driver.
INFO - 2021-11-08 18:29:20 --> Controller "App\Controllers\admin\Admin" loaded.
INFO - 2021-11-08 18:29:21 --> Session: Class initialized using 'CodeIgniter\Session\Handlers\FileHandler' driver.
INFO - 2021-11-08 18:29:21 --> Controller "App\Controllers\admin\Admin" loaded.
INFO - 2021-11-08 18:29:51 --> Session: Class initialized using 'CodeIgniter\Session\Handlers\FileHandler' driver.
INFO - 2021-11-08 18:29:51 --> Controller "App\Controllers\admin\Admin" loaded.
INFO - 2021-11-08 18:29:52 --> Session: Class initialized using 'CodeIgniter\Session\Handlers\FileHandler' driver.
INFO - 2021-11-08 18:29:52 --> Controller "App\Controllers\admin\Admin" loaded.
INFO - 2021-11-08 18:30:02 --> Controller "App\Controllers\base\Beranda" loaded.
INFO - 2021-11-08 18:30:15 --> Session: Class initialized using 'CodeIgniter\Session\Handlers\FileHandler' driver.
INFO - 2021-11-08 18:30:15 --> Controller "App\Controllers\admin\Admin" loaded.
INFO - 2021-11-08 18:30:15 --> Session: Class initialized using 'CodeIgniter\Session\Handlers\FileHandler' driver.
INFO - 2021-11-08 18:30:15 --> Controller "App\Controllers\admin\Admin" loaded.
INFO - 2021-11-08 18:30:44 --> Session: Class initialized using 'CodeIgniter\Session\Handlers\FileHandler' driver.
INFO - 2021-11-08 18:30:44 --> Controller "App\Controllers\admin\Admin" loaded.
INFO - 2021-11-08 18:30:45 --> Session: Class initialized using 'CodeIgniter\Session\Handlers\FileHandler' driver.
INFO - 2021-11-08 18:30:45 --> Controller "App\Controllers\admin\Admin" loaded.
INFO - 2021-11-08 18:31:08 --> Session: Class initialized using 'CodeIgniter\Session\Handlers\FileHandler' driver.
INFO - 2021-11-08 18:31:08 --> Controller "App\Controllers\admin\Admin" loaded.
INFO - 2021-11-08 18:31:08 --> Session: Class initialized using 'CodeIgniter\Session\Handlers\FileHandler' driver.
INFO - 2021-11-08 18:31:08 --> Controller "App\Controllers\admin\Admin" loaded.
INFO - 2021-11-08 18:31:37 --> Session: Class initialized using 'CodeIgniter\Session\Handlers\FileHandler' driver.
INFO - 2021-11-08 18:31:37 --> Controller "App\Controllers\undangan\Undangan" loaded.
INFO - 2021-11-08 18:32:06 --> Controller "App\Controllers\base\Beranda" loaded.
INFO - 2021-11-08 18:32:24 --> Session: Class initialized using 'CodeIgniter\Session\Handlers\FileHandler' driver.
INFO - 2021-11-08 18:32:24 --> Controller "App\Controllers\bukutamu\Bukutamu" loaded.
INFO - 2021-11-08 18:32:26 --> Session: Class initialized using 'CodeIgniter\Session\Handlers\FileHandler' driver.
INFO - 2021-11-08 18:32:26 --> Controller "App\Controllers\undangan\Undangan" loaded.
INFO - 2021-11-08 18:32:30 --> Session: Class initialized using 'CodeIgniter\Session\Handlers\FileHandler' driver.
INFO - 2021-11-08 18:32:30 --> Controller "App\Controllers\bukutamu\Bukutamu" loaded.
INFO - 2021-11-08 18:32:45 --> Session: Class initialized using 'CodeIgniter\Session\Handlers\FileHandler' driver.
INFO - 2021-11-08 18:32:45 --> Controller "App\Controllers\undangan\Undangan" loaded.
INFO - 2021-11-08 18:34:48 --> Session: Class initialized using 'CodeIgniter\Session\Handlers\FileHandler' driver.
INFO - 2021-11-08 18:34:48 --> Controller "App\Controllers\admin\Admin" loaded.
INFO - 2021-11-08 18:34:48 --> Session: Class initialized using 'CodeIgniter\Session\Handlers\FileHandler' driver.
INFO - 2021-11-08 18:34:48 --> Controller "App\Controllers\admin\Admin" loaded.
INFO - 2021-11-08 18:34:49 --> Session: Class initialized using 'CodeIgniter\Session\Handlers\FileHandler' driver.
INFO - 2021-11-08 18:34:49 --> Controller "App\Controllers\admin\Admin" loaded.
INFO - 2021-11-08 18:34:52 --> Session: Class initialized using 'CodeIgniter\Session\Handlers\FileHandler' driver.
INFO - 2021-11-08 18:34:52 --> Controller "App\Controllers\bukutamu\Bukutamu" loaded.
INFO - 2021-11-08 18:35:45 --> Session: Class initialized using 'CodeIgniter\Session\Handlers\FileHandler' driver.
INFO - 2021-11-08 18:35:45 --> Controller "App\Controllers\undangan\Undangan" loaded.
INFO - 2021-11-08 18:35:47 --> Session: Class initialized using 'CodeIgniter\Session\Handlers\FileHandler' driver.
INFO - 2021-11-08 18:35:47 --> Controller "App\Controllers\admin\Admin" loaded.
INFO - 2021-11-08 18:36:00 --> Session: Class initialized using 'CodeIgniter\Session\Handlers\FileHandler' driver.
INFO - 2021-11-08 18:36:00 --> Controller "App\Controllers\undangan\Undangan" loaded.
INFO - 2021-11-08 18:36:02 --> Controller "App\Controllers\base\Beranda" loaded.
INFO - 2021-11-08 18:40:03 --> Controller "App\Controllers\base\Beranda" loaded.
INFO - 2021-11-08 18:43:28 --> Session: Class initialized using 'CodeIgniter\Session\Handlers\FileHandler' driver.
INFO - 2021-11-08 18:43:28 --> Controller "App\Controllers\base\Dashboard" loaded.
INFO - 2021-11-08 18:50:03 --> Controller "App\Controllers\base\Beranda" loaded.
INFO - 2021-11-08 18:51:35 --> Controller "App\Controllers\base\Beranda" loaded.
INFO - 2021-11-08 18:56:02 --> Session: Class initialized using 'CodeIgniter\Session\Handlers\FileHandler' driver.
INFO - 2021-11-08 18:56:02 --> Controller "App\Controllers\admin\Admin" loaded.
INFO - 2021-11-08 18:56:02 --> Session: Class initialized using 'CodeIgniter\Session\Handlers\FileHandler' driver.
INFO - 2021-11-08 18:56:02 --> Controller "App\Controllers\admin\Admin" loaded.
INFO - 2021-11-08 18:56:24 --> Session: Class initialized using 'CodeIgniter\Session\Handlers\FileHandler' driver.
INFO - 2021-11-08 18:56:24 --> Controller "App\Controllers\admin\Admin" loaded.
INFO - 2021-11-08 18:57:36 --> Session: Class initialized using 'CodeIgniter\Session\Handlers\FileHandler' driver.
INFO - 2021-11-08 18:57:36 --> Controller "App\Controllers\admin\Admin" loaded.
INFO - 2021-11-08 18:58:22 --> Session: Class initialized using 'CodeIgniter\Session\Handlers\FileHandler' driver.
INFO - 2021-11-08 18:58:22 --> Controller "App\Controllers\admin\Admin" loaded.
INFO - 2021-11-08 18:58:29 --> Session: Class initialized using 'CodeIgniter\Session\Handlers\FileHandler' driver.
INFO - 2021-11-08 18:58:29 --> Controller "App\Controllers\admin\Admin" loaded.
INFO - 2021-11-08 18:58:37 --> Session: Class initialized using 'CodeIgniter\Session\Handlers\FileHandler' driver.
INFO - 2021-11-08 18:58:37 --> Controller "App\Controllers\admin\Admin" loaded.
INFO - 2021-11-08 19:00:03 --> Controller "App\Controllers\base\Beranda" loaded.
INFO - 2021-11-08 19:10:03 --> Controller "App\Controllers\base\Beranda" loaded.
INFO - 2021-11-08 19:20:06 --> Controller "App\Controllers\base\Beranda" loaded.
INFO - 2021-11-08 19:30:03 --> Controller "App\Controllers\base\Beranda" loaded.
INFO - 2021-11-08 19:40:02 --> Controller "App\Controllers\base\Beranda" loaded.
INFO - 2021-11-08 19:42:24 --> Session: Class initialized using 'CodeIgniter\Session\Handlers\FileHandler' driver.
INFO - 2021-11-08 19:42:24 --> Controller "App\Controllers\admin\Admin" loaded.
INFO - 2021-11-08 19:42:24 --> Session: Class initialized using 'CodeIgniter\Session\Handlers\FileHandler' driver.
INFO - 2021-11-08 19:42:24 --> Controller "App\Controllers\admin\Admin" loaded.
INFO - 2021-11-08 19:42:28 --> Session: Class initialized using 'CodeIgniter\Session\Handlers\FileHandler' driver.
INFO - 2021-11-08 19:42:28 --> Controller "App\Controllers\admin\Admin" loaded.
INFO - 2021-11-08 19:42:53 --> Controller "App\Controllers\base\Beranda" loaded.
INFO - 2021-11-08 19:43:23 --> Controller "App\Controllers\base\Beranda" loaded.
INFO - 2021-11-08 19:43:35 --> Session: Class initialized using 'CodeIgniter\Session\Handlers\FileHandler' driver.
INFO - 2021-11-08 19:43:35 --> Controller "App\Controllers\admin\Admin" loaded.
INFO - 2021-11-08 19:43:38 --> Session: Class initialized using 'CodeIgniter\Session\Handlers\FileHandler' driver.
INFO - 2021-11-08 19:43:38 --> Controller "App\Controllers\admin\Admin" loaded.
INFO - 2021-11-08 19:43:45 --> Controller "App\Controllers\base\Beranda" loaded.
INFO - 2021-11-08 19:44:02 --> Controller "App\Controllers\base\Beranda" loaded.
INFO - 2021-11-08 19:44:41 --> Controller "App\Controllers\base\Beranda" loaded.
INFO - 2021-11-08 19:50:03 --> Controller "App\Controllers\base\Beranda" loaded.
INFO - 2021-11-08 19:50:27 --> Controller "App\Controllers\base\Beranda" loaded.
INFO - 2021-11-08 20:00:03 --> Controller "App\Controllers\base\Beranda" loaded.
INFO - 2021-11-08 20:10:03 --> Controller "App\Controllers\base\Beranda" loaded.
INFO - 2021-11-08 20:20:03 --> Controller "App\Controllers\base\Beranda" loaded.
INFO - 2021-11-08 20:21:51 --> Controller "App\Controllers\base\Beranda" loaded.
INFO - 2021-11-08 20:30:02 --> Controller "App\Controllers\base\Beranda" loaded.
INFO - 2021-11-08 20:40:02 --> Controller "App\Controllers\base\Beranda" loaded.
INFO - 2021-11-08 20:42:36 --> Controller "App\Controllers\base\Beranda" loaded.
INFO - 2021-11-08 20:49:27 --> Session: Class initialized using 'CodeIgniter\Session\Handlers\FileHandler' driver.
INFO - 2021-11-08 20:49:27 --> Controller "App\Controllers\undangan\Undangan" loaded.
INFO - 2021-11-08 20:49:30 --> Session: Class initialized using 'CodeIgniter\Session\Handlers\FileHandler' driver.
INFO - 2021-11-08 20:49:30 --> Controller "App\Controllers\undangan\Undangan" loaded.
INFO - 2021-11-08 20:50:02 --> Session: Class initialized using 'CodeIgniter\Session\Handlers\FileHandler' driver.
INFO - 2021-11-08 20:50:02 --> Controller "App\Controllers\undangan\Undangan" loaded.
INFO - 2021-11-08 20:50:03 --> Controller "App\Controllers\base\Beranda" loaded.
INFO - 2021-11-08 20:50:07 --> Session: Class initialized using 'CodeIgniter\Session\Handlers\FileHandler' driver.
INFO - 2021-11-08 20:50:07 --> Controller "App\Controllers\undangan\Undangan" loaded.
INFO - 2021-11-08 20:50:11 --> Session: Class initialized using 'CodeIgniter\Session\Handlers\FileHandler' driver.
INFO - 2021-11-08 20:50:11 --> Controller "App\Controllers\undangan\Undangan" loaded.
INFO - 2021-11-08 21:00:12 --> Controller "App\Controllers\base\Beranda" loaded.
CRITICAL - 2021-11-08 21:00:12 --> Too many connections
#0 /home/nguh5634/public_html/system/Database/BaseConnection.php(377): CodeIgniter\Database\MySQLi\Connection->connect(false)
#1 /home/nguh5634/public_html/system/Database/BaseConnection.php(643): CodeIgniter\Database\BaseConnection->initialize()
#2 /home/nguh5634/public_html/system/Database/BaseBuilder.php(1819): CodeIgniter\Database\BaseConnection->query('SELECT `token_w...', Array, false)
#3 /home/nguh5634/public_html/app/Models/base/BerandaModel.php(154): CodeIgniter\Database\BaseBuilder->get()
#4 /home/nguh5634/public_html/app/Controllers/base/Beranda.php(142): App\Models\base\BerandaModel->get_token()
#5 /home/nguh5634/public_html/system/CodeIgniter.php(910): App\Controllers\base\Beranda->kirim_undangan()
#6 /home/nguh5634/public_html/system/CodeIgniter.php(398): CodeIgniter\CodeIgniter->runController(Object(App\Controllers\base\Beranda))
#7 /home/nguh5634/public_html/system/CodeIgniter.php(306): CodeIgniter\CodeIgniter->handleRequest(NULL, Object(Config\Cache), false)
#8 /home/nguh5634/public_html/index.php(45): CodeIgniter\CodeIgniter->run()
#9 {main}
INFO - 2021-11-08 21:10:02 --> Controller "App\Controllers\base\Beranda" loaded.
INFO - 2021-11-08 21:20:03 --> Controller "App\Controllers\base\Beranda" loaded.
INFO - 2021-11-08 21:30:03 --> Controller "App\Controllers\base\Beranda" loaded.
INFO - 2021-11-08 21:40:03 --> Controller "App\Controllers\base\Beranda" loaded.
INFO - 2021-11-08 21:50:03 --> Controller "App\Controllers\base\Beranda" loaded.
INFO - 2021-11-08 22:00:03 --> Controller "App\Controllers\base\Beranda" loaded.
INFO - 2021-11-08 22:10:03 --> Controller "App\Controllers\base\Beranda" loaded.
INFO - 2021-11-08 22:20:03 --> Controller "App\Controllers\base\Beranda" loaded.
INFO - 2021-11-08 22:30:03 --> Controller "App\Controllers\base\Beranda" loaded.
INFO - 2021-11-08 22:40:03 --> Controller "App\Controllers\base\Beranda" loaded.
INFO - 2021-11-08 22:41:16 --> Session: Class initialized using 'CodeIgniter\Session\Handlers\FileHandler' driver.
INFO - 2021-11-08 22:41:16 --> Controller "App\Controllers\base\Order" loaded.
INFO - 2021-11-08 22:48:00 --> Controller "App\Controllers\base\Beranda" loaded.
INFO - 2021-11-08 22:50:02 --> Controller "App\Controllers\base\Beranda" loaded.
INFO - 2021-11-08 23:01:12 --> Controller "App\Controllers\base\Beranda" loaded.
INFO - 2021-11-08 23:16:44 --> Controller "App\Controllers\base\Beranda" loaded.
INFO - 2021-11-08 23:27:27 --> Controller "App\Controllers\base\Beranda" loaded.
INFO - 2021-11-08 23:51:25 --> Controller "App\Controllers\base\Beranda" loaded.
