INFO - 2022-01-03 00:02:55 --> Controller "App\Controllers\base\Beranda" loaded.
INFO - 2022-01-03 01:56:00 --> Controller "App\Controllers\base\Beranda" loaded.
INFO - 2022-01-03 02:19:34 --> Session: Class initialized using 'CodeIgniter\Session\Handlers\FileHandler' driver.
INFO - 2022-01-03 02:19:34 --> Controller "App\Controllers\admin\Admin" loaded.
INFO - 2022-01-03 02:29:59 --> Controller "App\Controllers\base\Beranda" loaded.
INFO - 2022-01-03 03:25:41 --> Controller "App\Controllers\base\Beranda" loaded.
INFO - 2022-01-03 03:26:00 --> Controller "App\Controllers\base\Beranda" loaded.
INFO - 2022-01-03 03:26:13 --> Controller "App\Controllers\base\Beranda" loaded.
INFO - 2022-01-03 03:26:26 --> Session: Class initialized using 'CodeIgniter\Session\Handlers\FileHandler' driver.
INFO - 2022-01-03 03:26:26 --> Controller "App\Controllers\base\Order" loaded.
INFO - 2022-01-03 03:26:26 --> Controller "App\Controllers\base\Beranda" loaded.
INFO - 2022-01-03 03:26:31 --> Controller "App\Controllers\base\Beranda" loaded.
INFO - 2022-01-03 03:26:47 --> Controller "App\Controllers\base\Beranda" loaded.
INFO - 2022-01-03 03:26:52 --> Controller "App\Controllers\base\Beranda" loaded.
INFO - 2022-01-03 03:27:31 --> Session: Class initialized using 'CodeIgniter\Session\Handlers\FileHandler' driver.
INFO - 2022-01-03 03:27:31 --> Controller "App\Controllers\base\Dashboard" loaded.
INFO - 2022-01-03 03:27:36 --> Controller "App\Controllers\base\Beranda" loaded.
INFO - 2022-01-03 03:27:43 --> Controller "App\Controllers\base\Beranda" loaded.
INFO - 2022-01-03 03:27:47 --> Controller "App\Controllers\base\Beranda" loaded.
INFO - 2022-01-03 03:27:49 --> Session: Class initialized using 'CodeIgniter\Session\Handlers\FileHandler' driver.
INFO - 2022-01-03 03:27:49 --> Controller "App\Controllers\base\Order" loaded.
INFO - 2022-01-03 03:27:49 --> Controller "App\Controllers\base\Beranda" loaded.
INFO - 2022-01-03 03:27:56 --> Session: Class initialized using 'CodeIgniter\Session\Handlers\FileHandler' driver.
INFO - 2022-01-03 03:27:56 --> Controller "App\Controllers\base\Order" loaded.
INFO - 2022-01-03 03:28:26 --> Controller "App\Controllers\base\Beranda" loaded.
INFO - 2022-01-03 03:29:03 --> Session: Class initialized using 'CodeIgniter\Session\Handlers\FileHandler' driver.
INFO - 2022-01-03 03:29:03 --> Controller "App\Controllers\base\Order" loaded.
INFO - 2022-01-03 03:29:12 --> Session: Class initialized using 'CodeIgniter\Session\Handlers\FileHandler' driver.
INFO - 2022-01-03 03:29:12 --> Controller "App\Controllers\base\Order" loaded.
INFO - 2022-01-03 03:29:22 --> Session: Class initialized using 'CodeIgniter\Session\Handlers\FileHandler' driver.
INFO - 2022-01-03 03:29:22 --> Controller "App\Controllers\base\Order" loaded.
INFO - 2022-01-03 03:29:24 --> Session: Class initialized using 'CodeIgniter\Session\Handlers\FileHandler' driver.
INFO - 2022-01-03 03:29:24 --> Controller "App\Controllers\base\Order" loaded.
INFO - 2022-01-03 03:29:24 --> Session: Class initialized using 'CodeIgniter\Session\Handlers\FileHandler' driver.
INFO - 2022-01-03 03:29:24 --> Controller "App\Controllers\base\Order" loaded.
INFO - 2022-01-03 03:29:24 --> Session: Class initialized using 'CodeIgniter\Session\Handlers\FileHandler' driver.
INFO - 2022-01-03 03:29:24 --> Controller "App\Controllers\base\Order" loaded.
INFO - 2022-01-03 03:29:30 --> Session: Class initialized using 'CodeIgniter\Session\Handlers\FileHandler' driver.
INFO - 2022-01-03 03:29:30 --> Controller "App\Controllers\base\Order" loaded.
INFO - 2022-01-03 03:29:33 --> Session: Class initialized using 'CodeIgniter\Session\Handlers\FileHandler' driver.
INFO - 2022-01-03 03:29:33 --> Controller "App\Controllers\base\Order" loaded.
INFO - 2022-01-03 03:29:35 --> Session: Class initialized using 'CodeIgniter\Session\Handlers\FileHandler' driver.
INFO - 2022-01-03 03:29:35 --> Controller "App\Controllers\base\Order" loaded.
INFO - 2022-01-03 03:29:37 --> Controller "App\Controllers\base\Beranda" loaded.
INFO - 2022-01-03 03:55:27 --> Controller "App\Controllers\base\Beranda" loaded.
INFO - 2022-01-03 04:09:52 --> Controller "App\Controllers\base\Beranda" loaded.
INFO - 2022-01-03 04:34:33 --> Controller "App\Controllers\base\Beranda" loaded.
INFO - 2022-01-03 04:36:19 --> Controller "App\Controllers\base\Beranda" loaded.
INFO - 2022-01-03 04:40:22 --> Controller "App\Controllers\base\Beranda" loaded.
INFO - 2022-01-03 04:44:15 --> Session: Class initialized using 'CodeIgniter\Session\Handlers\FileHandler' driver.
INFO - 2022-01-03 04:44:15 --> Controller "App\Controllers\base\Order" loaded.
INFO - 2022-01-03 04:52:07 --> Session: Class initialized using 'CodeIgniter\Session\Handlers\FileHandler' driver.
INFO - 2022-01-03 04:52:08 --> Controller "App\Controllers\base\Order" loaded.
INFO - 2022-01-03 05:18:08 --> Session: Class initialized using 'CodeIgniter\Session\Handlers\FileHandler' driver.
INFO - 2022-01-03 05:18:08 --> Controller "App\Controllers\base\Order" loaded.
INFO - 2022-01-03 05:23:46 --> Session: Class initialized using 'CodeIgniter\Session\Handlers\FileHandler' driver.
INFO - 2022-01-03 05:23:46 --> Controller "App\Controllers\base\Order" loaded.
INFO - 2022-01-03 05:25:58 --> Controller "App\Controllers\base\Beranda" loaded.
INFO - 2022-01-03 05:25:58 --> Controller "App\Controllers\base\Beranda" loaded.
INFO - 2022-01-03 05:26:02 --> Session: Class initialized using 'CodeIgniter\Session\Handlers\FileHandler' driver.
INFO - 2022-01-03 05:26:02 --> Controller "App\Controllers\base\Order" loaded.
INFO - 2022-01-03 05:26:02 --> Controller "App\Controllers\base\Beranda" loaded.
INFO - 2022-01-03 05:26:18 --> Session: Class initialized using 'CodeIgniter\Session\Handlers\FileHandler' driver.
INFO - 2022-01-03 05:26:18 --> Controller "App\Controllers\base\Order" loaded.
INFO - 2022-01-03 05:26:58 --> Session: Class initialized using 'CodeIgniter\Session\Handlers\FileHandler' driver.
INFO - 2022-01-03 05:26:58 --> Controller "App\Controllers\base\Order" loaded.
INFO - 2022-01-03 05:29:57 --> Session: Class initialized using 'CodeIgniter\Session\Handlers\FileHandler' driver.
INFO - 2022-01-03 05:29:57 --> Controller "App\Controllers\bukutamu\Bukutamu" loaded.
INFO - 2022-01-03 05:39:09 --> Controller "App\Controllers\base\Beranda" loaded.
INFO - 2022-01-03 06:12:20 --> Controller "App\Controllers\base\Beranda" loaded.
INFO - 2022-01-03 06:12:21 --> Controller "App\Controllers\base\Beranda" loaded.
INFO - 2022-01-03 06:12:28 --> Controller "App\Controllers\base\Beranda" loaded.
INFO - 2022-01-03 06:12:52 --> Controller "App\Controllers\base\Beranda" loaded.
INFO - 2022-01-03 06:13:08 --> Controller "App\Controllers\base\Beranda" loaded.
INFO - 2022-01-03 06:13:18 --> Controller "App\Controllers\base\Beranda" loaded.
INFO - 2022-01-03 06:13:43 --> Controller "App\Controllers\base\Beranda" loaded.
INFO - 2022-01-03 06:27:49 --> Session: Class initialized using 'CodeIgniter\Session\Handlers\FileHandler' driver.
INFO - 2022-01-03 06:27:49 --> Controller "App\Controllers\base\Order" loaded.
INFO - 2022-01-03 06:30:10 --> Controller "App\Controllers\base\Beranda" loaded.
INFO - 2022-01-03 06:45:58 --> Session: Class initialized using 'CodeIgniter\Session\Handlers\FileHandler' driver.
INFO - 2022-01-03 06:45:58 --> Controller "App\Controllers\base\Order" loaded.
INFO - 2022-01-03 06:47:04 --> Session: Class initialized using 'CodeIgniter\Session\Handlers\FileHandler' driver.
INFO - 2022-01-03 06:47:04 --> Controller "App\Controllers\base\Order" loaded.
INFO - 2022-01-03 06:47:05 --> Session: Class initialized using 'CodeIgniter\Session\Handlers\FileHandler' driver.
INFO - 2022-01-03 06:47:05 --> Controller "App\Controllers\base\Order" loaded.
INFO - 2022-01-03 06:47:05 --> Session: Class initialized using 'CodeIgniter\Session\Handlers\FileHandler' driver.
INFO - 2022-01-03 06:47:05 --> Controller "App\Controllers\base\Order" loaded.
INFO - 2022-01-03 06:47:06 --> Controller "App\Controllers\base\Beranda" loaded.
INFO - 2022-01-03 06:47:24 --> Session: Class initialized using 'CodeIgniter\Session\Handlers\FileHandler' driver.
INFO - 2022-01-03 06:47:24 --> Controller "App\Controllers\base\Order" loaded.
INFO - 2022-01-03 06:47:24 --> Session: Class initialized using 'CodeIgniter\Session\Handlers\FileHandler' driver.
INFO - 2022-01-03 06:47:24 --> Controller "App\Controllers\base\Order" loaded.
INFO - 2022-01-03 06:47:24 --> Session: Class initialized using 'CodeIgniter\Session\Handlers\FileHandler' driver.
INFO - 2022-01-03 06:47:24 --> Controller "App\Controllers\base\Order" loaded.
INFO - 2022-01-03 06:48:58 --> Session: Class initialized using 'CodeIgniter\Session\Handlers\FileHandler' driver.
INFO - 2022-01-03 06:48:58 --> Controller "App\Controllers\base\Order" loaded.
INFO - 2022-01-03 06:49:47 --> Session: Class initialized using 'CodeIgniter\Session\Handlers\FileHandler' driver.
INFO - 2022-01-03 06:49:47 --> Controller "App\Controllers\base\Order" loaded.
INFO - 2022-01-03 06:50:49 --> Session: Class initialized using 'CodeIgniter\Session\Handlers\FileHandler' driver.
INFO - 2022-01-03 06:50:49 --> Controller "App\Controllers\base\Order" loaded.
INFO - 2022-01-03 06:52:39 --> Session: Class initialized using 'CodeIgniter\Session\Handlers\FileHandler' driver.
INFO - 2022-01-03 06:52:39 --> Controller "App\Controllers\base\Order" loaded.
INFO - 2022-01-03 06:52:41 --> Session: Class initialized using 'CodeIgniter\Session\Handlers\FileHandler' driver.
INFO - 2022-01-03 06:52:41 --> Controller "App\Controllers\base\Order" loaded.
INFO - 2022-01-03 06:53:23 --> Session: Class initialized using 'CodeIgniter\Session\Handlers\FileHandler' driver.
INFO - 2022-01-03 06:53:23 --> Controller "App\Controllers\base\Order" loaded.
INFO - 2022-01-03 06:55:29 --> Controller "App\Controllers\base\Beranda" loaded.
INFO - 2022-01-03 06:57:03 --> Session: Class initialized using 'CodeIgniter\Session\Handlers\FileHandler' driver.
INFO - 2022-01-03 06:57:03 --> Controller "App\Controllers\base\Order" loaded.
INFO - 2022-01-03 06:57:08 --> Session: Class initialized using 'CodeIgniter\Session\Handlers\FileHandler' driver.
INFO - 2022-01-03 06:57:08 --> Controller "App\Controllers\base\Order" loaded.
INFO - 2022-01-03 06:57:15 --> Session: Class initialized using 'CodeIgniter\Session\Handlers\FileHandler' driver.
INFO - 2022-01-03 06:57:15 --> Controller "App\Controllers\base\Order" loaded.
INFO - 2022-01-03 06:57:15 --> Controller "App\Controllers\base\Beranda" loaded.
INFO - 2022-01-03 06:57:19 --> Session: Class initialized using 'CodeIgniter\Session\Handlers\FileHandler' driver.
INFO - 2022-01-03 06:57:19 --> Controller "App\Controllers\base\Order" loaded.
INFO - 2022-01-03 06:57:22 --> Session: Class initialized using 'CodeIgniter\Session\Handlers\FileHandler' driver.
INFO - 2022-01-03 06:57:22 --> Controller "App\Controllers\base\Order" loaded.
INFO - 2022-01-03 06:57:25 --> Session: Class initialized using 'CodeIgniter\Session\Handlers\FileHandler' driver.
INFO - 2022-01-03 06:57:25 --> Controller "App\Controllers\base\Order" loaded.
INFO - 2022-01-03 06:57:36 --> Session: Class initialized using 'CodeIgniter\Session\Handlers\FileHandler' driver.
INFO - 2022-01-03 06:57:36 --> Controller "App\Controllers\undangan\Undangan" loaded.
INFO - 2022-01-03 06:57:58 --> Session: Class initialized using 'CodeIgniter\Session\Handlers\FileHandler' driver.
INFO - 2022-01-03 06:57:58 --> Controller "App\Controllers\base\Dashboard" loaded.
INFO - 2022-01-03 07:00:02 --> Controller "App\Controllers\base\Beranda" loaded.
INFO - 2022-01-03 07:10:03 --> Controller "App\Controllers\base\Beranda" loaded.
INFO - 2022-01-03 07:13:58 --> Controller "App\Controllers\base\Beranda" loaded.
INFO - 2022-01-03 07:20:02 --> Controller "App\Controllers\base\Beranda" loaded.
INFO - 2022-01-03 07:21:34 --> Session: Class initialized using 'CodeIgniter\Session\Handlers\FileHandler' driver.
INFO - 2022-01-03 07:21:34 --> Controller "App\Controllers\admin\Admin" loaded.
INFO - 2022-01-03 07:21:42 --> Session: Class initialized using 'CodeIgniter\Session\Handlers\FileHandler' driver.
INFO - 2022-01-03 07:21:42 --> Controller "App\Controllers\admin\Admin" loaded.
INFO - 2022-01-03 07:21:42 --> Session: Class initialized using 'CodeIgniter\Session\Handlers\FileHandler' driver.
INFO - 2022-01-03 07:21:42 --> Controller "App\Controllers\admin\Admin" loaded.
INFO - 2022-01-03 07:21:48 --> Session: Class initialized using 'CodeIgniter\Session\Handlers\FileHandler' driver.
INFO - 2022-01-03 07:21:48 --> Controller "App\Controllers\admin\Admin" loaded.
INFO - 2022-01-03 07:22:11 --> Session: Class initialized using 'CodeIgniter\Session\Handlers\FileHandler' driver.
INFO - 2022-01-03 07:22:11 --> Controller "App\Controllers\admin\Admin" loaded.
INFO - 2022-01-03 07:22:12 --> Session: Class initialized using 'CodeIgniter\Session\Handlers\FileHandler' driver.
INFO - 2022-01-03 07:22:12 --> Controller "App\Controllers\admin\Admin" loaded.
INFO - 2022-01-03 07:22:18 --> Session: Class initialized using 'CodeIgniter\Session\Handlers\FileHandler' driver.
INFO - 2022-01-03 07:22:18 --> Controller "App\Controllers\admin\Admin" loaded.
INFO - 2022-01-03 07:22:18 --> Session: Class initialized using 'CodeIgniter\Session\Handlers\FileHandler' driver.
INFO - 2022-01-03 07:22:18 --> Controller "App\Controllers\admin\Admin" loaded.
INFO - 2022-01-03 07:22:25 --> Session: Class initialized using 'CodeIgniter\Session\Handlers\FileHandler' driver.
INFO - 2022-01-03 07:22:25 --> Controller "App\Controllers\admin\Admin" loaded.
INFO - 2022-01-03 07:22:25 --> Session: Class initialized using 'CodeIgniter\Session\Handlers\FileHandler' driver.
INFO - 2022-01-03 07:22:25 --> Controller "App\Controllers\admin\Admin" loaded.
INFO - 2022-01-03 07:22:30 --> Session: Class initialized using 'CodeIgniter\Session\Handlers\FileHandler' driver.
INFO - 2022-01-03 07:22:30 --> Controller "App\Controllers\admin\Admin" loaded.
INFO - 2022-01-03 07:22:31 --> Session: Class initialized using 'CodeIgniter\Session\Handlers\FileHandler' driver.
INFO - 2022-01-03 07:22:31 --> Controller "App\Controllers\admin\Admin" loaded.
INFO - 2022-01-03 07:22:35 --> Session: Class initialized using 'CodeIgniter\Session\Handlers\FileHandler' driver.
INFO - 2022-01-03 07:22:35 --> Controller "App\Controllers\admin\Admin" loaded.
INFO - 2022-01-03 07:22:39 --> Session: Class initialized using 'CodeIgniter\Session\Handlers\FileHandler' driver.
INFO - 2022-01-03 07:22:39 --> Controller "App\Controllers\admin\Admin" loaded.
INFO - 2022-01-03 07:22:44 --> Session: Class initialized using 'CodeIgniter\Session\Handlers\FileHandler' driver.
INFO - 2022-01-03 07:22:44 --> Controller "App\Controllers\undangan\Undangan" loaded.
INFO - 2022-01-03 07:23:16 --> Session: Class initialized using 'CodeIgniter\Session\Handlers\FileHandler' driver.
INFO - 2022-01-03 07:23:16 --> Controller "App\Controllers\admin\Admin" loaded.
INFO - 2022-01-03 07:26:13 --> Session: Class initialized using 'CodeIgniter\Session\Handlers\FileHandler' driver.
INFO - 2022-01-03 07:26:13 --> Controller "App\Controllers\base\Dashboard" loaded.
INFO - 2022-01-03 07:30:03 --> Controller "App\Controllers\base\Beranda" loaded.
INFO - 2022-01-03 07:40:02 --> Controller "App\Controllers\base\Beranda" loaded.
INFO - 2022-01-03 07:50:03 --> Controller "App\Controllers\base\Beranda" loaded.
INFO - 2022-01-03 07:57:17 --> Controller "App\Controllers\base\Beranda" loaded.
INFO - 2022-01-03 07:59:42 --> Controller "App\Controllers\base\Beranda" loaded.
INFO - 2022-01-03 08:00:02 --> Controller "App\Controllers\base\Beranda" loaded.
INFO - 2022-01-03 08:18:17 --> Controller "App\Controllers\base\Beranda" loaded.
INFO - 2022-01-03 08:20:03 --> Controller "App\Controllers\base\Beranda" loaded.
INFO - 2022-01-03 08:20:42 --> Controller "App\Controllers\base\Beranda" loaded.
INFO - 2022-01-03 08:20:49 --> Session: Class initialized using 'CodeIgniter\Session\Handlers\FileHandler' driver.
INFO - 2022-01-03 08:20:49 --> Controller "App\Controllers\undangan\Undangan" loaded.
INFO - 2022-01-03 08:21:27 --> Controller "App\Controllers\base\Beranda" loaded.
INFO - 2022-01-03 08:30:03 --> Controller "App\Controllers\base\Beranda" loaded.
INFO - 2022-01-03 08:40:03 --> Controller "App\Controllers\base\Beranda" loaded.
INFO - 2022-01-03 08:48:30 --> Controller "App\Controllers\base\Beranda" loaded.
INFO - 2022-01-03 08:50:02 --> Controller "App\Controllers\base\Beranda" loaded.
INFO - 2022-01-03 08:56:04 --> Session: Class initialized using 'CodeIgniter\Session\Handlers\FileHandler' driver.
INFO - 2022-01-03 08:56:04 --> Controller "App\Controllers\bukutamu\Bukutamu" loaded.
INFO - 2022-01-03 08:56:06 --> Session: Class initialized using 'CodeIgniter\Session\Handlers\FileHandler' driver.
INFO - 2022-01-03 08:56:06 --> Controller "App\Controllers\bukutamu\Bukutamu" loaded.
INFO - 2022-01-03 08:56:06 --> Session: Class initialized using 'CodeIgniter\Session\Handlers\FileHandler' driver.
INFO - 2022-01-03 08:56:06 --> Controller "App\Controllers\bukutamu\Bukutamu" loaded.
INFO - 2022-01-03 09:00:03 --> Controller "App\Controllers\base\Beranda" loaded.
INFO - 2022-01-03 09:00:40 --> Controller "App\Controllers\base\Beranda" loaded.
INFO - 2022-01-03 09:01:23 --> Session: Class initialized using 'CodeIgniter\Session\Handlers\FileHandler' driver.
INFO - 2022-01-03 09:01:23 --> Controller "App\Controllers\base\Order" loaded.
INFO - 2022-01-03 09:02:10 --> Session: Class initialized using 'CodeIgniter\Session\Handlers\FileHandler' driver.
INFO - 2022-01-03 09:02:10 --> Controller "App\Controllers\base\Order" loaded.
INFO - 2022-01-03 09:02:26 --> Controller "App\Controllers\base\Beranda" loaded.
INFO - 2022-01-03 09:03:22 --> Session: Class initialized using 'CodeIgniter\Session\Handlers\FileHandler' driver.
INFO - 2022-01-03 09:03:22 --> Controller "App\Controllers\base\Order" loaded.
INFO - 2022-01-03 09:03:32 --> Session: Class initialized using 'CodeIgniter\Session\Handlers\FileHandler' driver.
INFO - 2022-01-03 09:03:32 --> Controller "App\Controllers\base\Order" loaded.
INFO - 2022-01-03 09:04:03 --> Session: Class initialized using 'CodeIgniter\Session\Handlers\FileHandler' driver.
INFO - 2022-01-03 09:04:03 --> Controller "App\Controllers\base\Order" loaded.
INFO - 2022-01-03 09:04:05 --> Session: Class initialized using 'CodeIgniter\Session\Handlers\FileHandler' driver.
INFO - 2022-01-03 09:04:05 --> Controller "App\Controllers\base\Order" loaded.
INFO - 2022-01-03 09:04:59 --> Controller "App\Controllers\base\Beranda" loaded.
INFO - 2022-01-03 09:05:30 --> Session: Class initialized using 'CodeIgniter\Session\Handlers\FileHandler' driver.
INFO - 2022-01-03 09:05:30 --> Controller "App\Controllers\base\Order" loaded.
INFO - 2022-01-03 09:05:37 --> Session: Class initialized using 'CodeIgniter\Session\Handlers\FileHandler' driver.
INFO - 2022-01-03 09:05:37 --> Controller "App\Controllers\base\Order" loaded.
INFO - 2022-01-03 09:05:37 --> Controller "App\Controllers\base\Beranda" loaded.
INFO - 2022-01-03 09:05:40 --> Session: Class initialized using 'CodeIgniter\Session\Handlers\FileHandler' driver.
INFO - 2022-01-03 09:05:40 --> Controller "App\Controllers\base\Order" loaded.
INFO - 2022-01-03 09:05:44 --> Session: Class initialized using 'CodeIgniter\Session\Handlers\FileHandler' driver.
INFO - 2022-01-03 09:05:44 --> Controller "App\Controllers\base\Order" loaded.
INFO - 2022-01-03 09:05:46 --> Session: Class initialized using 'CodeIgniter\Session\Handlers\FileHandler' driver.
INFO - 2022-01-03 09:05:46 --> Controller "App\Controllers\base\Order" loaded.
INFO - 2022-01-03 09:05:51 --> Session: Class initialized using 'CodeIgniter\Session\Handlers\FileHandler' driver.
INFO - 2022-01-03 09:05:51 --> Controller "App\Controllers\base\Dashboard" loaded.
INFO - 2022-01-03 09:05:52 --> Session: Class initialized using 'CodeIgniter\Session\Handlers\FileHandler' driver.
INFO - 2022-01-03 09:05:52 --> Controller "App\Controllers\base\Dashboard" loaded.
INFO - 2022-01-03 09:05:59 --> Session: Class initialized using 'CodeIgniter\Session\Handlers\FileHandler' driver.
INFO - 2022-01-03 09:05:59 --> Controller "App\Controllers\base\Dashboard" loaded.
INFO - 2022-01-03 09:05:59 --> Session: Class initialized using 'CodeIgniter\Session\Handlers\FileHandler' driver.
INFO - 2022-01-03 09:05:59 --> Controller "App\Controllers\base\Dashboard" loaded.
INFO - 2022-01-03 09:06:06 --> Session: Class initialized using 'CodeIgniter\Session\Handlers\FileHandler' driver.
INFO - 2022-01-03 09:06:06 --> Controller "App\Controllers\undangan\Undangan" loaded.
INFO - 2022-01-03 09:06:12 --> Session: Class initialized using 'CodeIgniter\Session\Handlers\FileHandler' driver.
INFO - 2022-01-03 09:06:12 --> Controller "App\Controllers\base\Dashboard" loaded.
INFO - 2022-01-03 09:06:15 --> Session: Class initialized using 'CodeIgniter\Session\Handlers\FileHandler' driver.
INFO - 2022-01-03 09:06:15 --> Controller "App\Controllers\undangan\Undangan" loaded.
INFO - 2022-01-03 09:06:37 --> Session: Class initialized using 'CodeIgniter\Session\Handlers\FileHandler' driver.
INFO - 2022-01-03 09:06:37 --> Controller "App\Controllers\undangan\Undangan" loaded.
INFO - 2022-01-03 09:08:02 --> Session: Class initialized using 'CodeIgniter\Session\Handlers\FileHandler' driver.
INFO - 2022-01-03 09:08:02 --> Controller "App\Controllers\base\Dashboard" loaded.
INFO - 2022-01-03 09:08:09 --> Session: Class initialized using 'CodeIgniter\Session\Handlers\FileHandler' driver.
INFO - 2022-01-03 09:08:09 --> Controller "App\Controllers\base\Dashboard" loaded.
INFO - 2022-01-03 09:08:24 --> Session: Class initialized using 'CodeIgniter\Session\Handlers\FileHandler' driver.
INFO - 2022-01-03 09:08:24 --> Controller "App\Controllers\base\Dashboard" loaded.
INFO - 2022-01-03 09:08:25 --> Controller "App\Controllers\base\Beranda" loaded.
INFO - 2022-01-03 09:08:29 --> Session: Class initialized using 'CodeIgniter\Session\Handlers\FileHandler' driver.
INFO - 2022-01-03 09:08:29 --> Controller "App\Controllers\base\Dashboard" loaded.
INFO - 2022-01-03 09:08:34 --> Session: Class initialized using 'CodeIgniter\Session\Handlers\FileHandler' driver.
INFO - 2022-01-03 09:08:34 --> Controller "App\Controllers\base\Dashboard" loaded.
INFO - 2022-01-03 09:08:48 --> Session: Class initialized using 'CodeIgniter\Session\Handlers\FileHandler' driver.
INFO - 2022-01-03 09:08:48 --> Controller "App\Controllers\base\Dashboard" loaded.
INFO - 2022-01-03 09:08:51 --> Session: Class initialized using 'CodeIgniter\Session\Handlers\FileHandler' driver.
INFO - 2022-01-03 09:08:51 --> Controller "App\Controllers\base\Dashboard" loaded.
INFO - 2022-01-03 09:08:59 --> Session: Class initialized using 'CodeIgniter\Session\Handlers\FileHandler' driver.
INFO - 2022-01-03 09:08:59 --> Controller "App\Controllers\base\Dashboard" loaded.
INFO - 2022-01-03 09:09:39 --> Session: Class initialized using 'CodeIgniter\Session\Handlers\FileHandler' driver.
INFO - 2022-01-03 09:09:39 --> Controller "App\Controllers\base\Dashboard" loaded.
INFO - 2022-01-03 09:09:39 --> Session: Class initialized using 'CodeIgniter\Session\Handlers\FileHandler' driver.
INFO - 2022-01-03 09:09:39 --> Controller "App\Controllers\base\Dashboard" loaded.
INFO - 2022-01-03 09:09:44 --> Session: Class initialized using 'CodeIgniter\Session\Handlers\FileHandler' driver.
INFO - 2022-01-03 09:09:44 --> Controller "App\Controllers\undangan\Undangan" loaded.
INFO - 2022-01-03 09:10:02 --> Controller "App\Controllers\base\Beranda" loaded.
INFO - 2022-01-03 09:10:20 --> Session: Class initialized using 'CodeIgniter\Session\Handlers\FileHandler' driver.
INFO - 2022-01-03 09:10:20 --> Controller "App\Controllers\base\Dashboard" loaded.
INFO - 2022-01-03 09:10:20 --> Session: Class initialized using 'CodeIgniter\Session\Handlers\FileHandler' driver.
INFO - 2022-01-03 09:10:20 --> Controller "App\Controllers\base\Dashboard" loaded.
INFO - 2022-01-03 09:10:24 --> Session: Class initialized using 'CodeIgniter\Session\Handlers\FileHandler' driver.
INFO - 2022-01-03 09:10:24 --> Controller "App\Controllers\undangan\Undangan" loaded.
INFO - 2022-01-03 09:11:18 --> Session: Class initialized using 'CodeIgniter\Session\Handlers\FileHandler' driver.
INFO - 2022-01-03 09:11:18 --> Controller "App\Controllers\base\Dashboard" loaded.
INFO - 2022-01-03 09:11:38 --> Session: Class initialized using 'CodeIgniter\Session\Handlers\FileHandler' driver.
INFO - 2022-01-03 09:11:38 --> Controller "App\Controllers\base\Dashboard" loaded.
INFO - 2022-01-03 09:11:38 --> Session: Class initialized using 'CodeIgniter\Session\Handlers\FileHandler' driver.
INFO - 2022-01-03 09:11:38 --> Controller "App\Controllers\base\Dashboard" loaded.
INFO - 2022-01-03 09:11:46 --> Session: Class initialized using 'CodeIgniter\Session\Handlers\FileHandler' driver.
INFO - 2022-01-03 09:11:46 --> Controller "App\Controllers\base\Dashboard" loaded.
INFO - 2022-01-03 09:11:59 --> Session: Class initialized using 'CodeIgniter\Session\Handlers\FileHandler' driver.
INFO - 2022-01-03 09:11:59 --> Controller "App\Controllers\base\Dashboard" loaded.
INFO - 2022-01-03 09:11:59 --> Session: Class initialized using 'CodeIgniter\Session\Handlers\FileHandler' driver.
INFO - 2022-01-03 09:11:59 --> Controller "App\Controllers\base\Dashboard" loaded.
INFO - 2022-01-03 09:12:05 --> Session: Class initialized using 'CodeIgniter\Session\Handlers\FileHandler' driver.
INFO - 2022-01-03 09:12:05 --> Controller "App\Controllers\base\Dashboard" loaded.
INFO - 2022-01-03 09:12:28 --> Controller "App\Controllers\base\Beranda" loaded.
INFO - 2022-01-03 09:12:36 --> Controller "App\Controllers\base\Beranda" loaded.
CRITICAL - 2022-01-03 09:12:36 --> You must set the database table to be used with your query.
#0 /home/nguh5634/public_html/system/Model.php(1190): CodeIgniter\Database\BaseConnection->table(NULL)
#1 /home/nguh5634/public_html/system/Model.php(1700): CodeIgniter\Model->builder()
#2 /home/nguh5634/public_html/app/Controllers/base/Beranda.php(228): CodeIgniter\Model->__call('get_pembayaran_...', Array)
#3 /home/nguh5634/public_html/system/CodeIgniter.php(910): App\Controllers\base\Beranda->notification()
#4 /home/nguh5634/public_html/system/CodeIgniter.php(398): CodeIgniter\CodeIgniter->runController(Object(App\Controllers\base\Beranda))
#5 /home/nguh5634/public_html/system/CodeIgniter.php(306): CodeIgniter\CodeIgniter->handleRequest(NULL, Object(Config\Cache), false)
#6 /home/nguh5634/public_html/index.php(45): CodeIgniter\CodeIgniter->run()
#7 {main}
INFO - 2022-01-03 09:13:06 --> Session: Class initialized using 'CodeIgniter\Session\Handlers\FileHandler' driver.
INFO - 2022-01-03 09:13:06 --> Controller "App\Controllers\base\Dashboard" loaded.
INFO - 2022-01-03 09:13:07 --> Session: Class initialized using 'CodeIgniter\Session\Handlers\FileHandler' driver.
INFO - 2022-01-03 09:13:07 --> Controller "App\Controllers\base\Dashboard" loaded.
INFO - 2022-01-03 09:13:11 --> Controller "App\Controllers\base\Beranda" loaded.
CRITICAL - 2022-01-03 09:13:11 --> You must set the database table to be used with your query.
#0 /home/nguh5634/public_html/system/Model.php(1190): CodeIgniter\Database\BaseConnection->table(NULL)
#1 /home/nguh5634/public_html/system/Model.php(1700): CodeIgniter\Model->builder()
#2 /home/nguh5634/public_html/app/Controllers/base/Beranda.php(228): CodeIgniter\Model->__call('get_pembayaran_...', Array)
#3 /home/nguh5634/public_html/system/CodeIgniter.php(910): App\Controllers\base\Beranda->notification()
#4 /home/nguh5634/public_html/system/CodeIgniter.php(398): CodeIgniter\CodeIgniter->runController(Object(App\Controllers\base\Beranda))
#5 /home/nguh5634/public_html/system/CodeIgniter.php(306): CodeIgniter\CodeIgniter->handleRequest(NULL, Object(Config\Cache), false)
#6 /home/nguh5634/public_html/index.php(45): CodeIgniter\CodeIgniter->run()
#7 {main}
INFO - 2022-01-03 09:13:24 --> Session: Class initialized using 'CodeIgniter\Session\Handlers\FileHandler' driver.
INFO - 2022-01-03 09:13:24 --> Controller "App\Controllers\base\Dashboard" loaded.
INFO - 2022-01-03 09:13:24 --> Session: Class initialized using 'CodeIgniter\Session\Handlers\FileHandler' driver.
INFO - 2022-01-03 09:13:24 --> Controller "App\Controllers\base\Dashboard" loaded.
INFO - 2022-01-03 09:13:39 --> Session: Class initialized using 'CodeIgniter\Session\Handlers\FileHandler' driver.
INFO - 2022-01-03 09:13:39 --> Controller "App\Controllers\base\Dashboard" loaded.
INFO - 2022-01-03 09:13:45 --> Session: Class initialized using 'CodeIgniter\Session\Handlers\FileHandler' driver.
INFO - 2022-01-03 09:13:45 --> Controller "App\Controllers\base\Dashboard" loaded.
INFO - 2022-01-03 09:14:02 --> Session: Class initialized using 'CodeIgniter\Session\Handlers\FileHandler' driver.
INFO - 2022-01-03 09:14:02 --> Controller "App\Controllers\base\Dashboard" loaded.
INFO - 2022-01-03 09:14:02 --> Controller "App\Controllers\base\Beranda" loaded.
INFO - 2022-01-03 09:14:02 --> Controller "App\Controllers\base\Beranda" loaded.
INFO - 2022-01-03 09:14:02 --> Controller "App\Controllers\base\Beranda" loaded.
INFO - 2022-01-03 09:14:02 --> Controller "App\Controllers\base\Beranda" loaded.
INFO - 2022-01-03 09:14:09 --> Session: Class initialized using 'CodeIgniter\Session\Handlers\FileHandler' driver.
INFO - 2022-01-03 09:14:09 --> Controller "App\Controllers\base\Dashboard" loaded.
INFO - 2022-01-03 09:14:15 --> Session: Class initialized using 'CodeIgniter\Session\Handlers\FileHandler' driver.
INFO - 2022-01-03 09:14:15 --> Controller "App\Controllers\base\Dashboard" loaded.
INFO - 2022-01-03 09:14:19 --> Controller "App\Controllers\base\Beranda" loaded.
INFO - 2022-01-03 09:14:46 --> Session: Class initialized using 'CodeIgniter\Session\Handlers\FileHandler' driver.
INFO - 2022-01-03 09:14:46 --> Controller "App\Controllers\base\Dashboard" loaded.
INFO - 2022-01-03 09:14:53 --> Session: Class initialized using 'CodeIgniter\Session\Handlers\FileHandler' driver.
INFO - 2022-01-03 09:14:53 --> Controller "App\Controllers\base\Dashboard" loaded.
INFO - 2022-01-03 09:20:04 --> Controller "App\Controllers\base\Beranda" loaded.
INFO - 2022-01-03 09:30:03 --> Controller "App\Controllers\base\Beranda" loaded.
INFO - 2022-01-03 09:36:12 --> Controller "App\Controllers\base\Beranda" loaded.
INFO - 2022-01-03 09:36:39 --> Session: Class initialized using 'CodeIgniter\Session\Handlers\FileHandler' driver.
INFO - 2022-01-03 09:36:39 --> Controller "App\Controllers\base\Dashboard" loaded.
INFO - 2022-01-03 09:36:40 --> Session: Class initialized using 'CodeIgniter\Session\Handlers\FileHandler' driver.
INFO - 2022-01-03 09:36:40 --> Controller "App\Controllers\base\Dashboard" loaded.
INFO - 2022-01-03 09:40:03 --> Controller "App\Controllers\base\Beranda" loaded.
INFO - 2022-01-03 09:50:03 --> Controller "App\Controllers\base\Beranda" loaded.
INFO - 2022-01-03 10:00:02 --> Controller "App\Controllers\base\Beranda" loaded.
INFO - 2022-01-03 10:07:31 --> Controller "App\Controllers\base\Beranda" loaded.
INFO - 2022-01-03 10:07:47 --> Controller "App\Controllers\base\Beranda" loaded.
INFO - 2022-01-03 10:07:59 --> Session: Class initialized using 'CodeIgniter\Session\Handlers\FileHandler' driver.
INFO - 2022-01-03 10:07:59 --> Controller "App\Controllers\admin\Admin" loaded.
INFO - 2022-01-03 10:10:03 --> Controller "App\Controllers\base\Beranda" loaded.
INFO - 2022-01-03 10:11:56 --> Controller "App\Controllers\base\Beranda" loaded.
INFO - 2022-01-03 10:19:08 --> Controller "App\Controllers\base\Beranda" loaded.
INFO - 2022-01-03 10:20:03 --> Controller "App\Controllers\base\Beranda" loaded.
INFO - 2022-01-03 10:30:03 --> Controller "App\Controllers\base\Beranda" loaded.
INFO - 2022-01-03 10:40:03 --> Controller "App\Controllers\base\Beranda" loaded.
INFO - 2022-01-03 10:50:03 --> Controller "App\Controllers\base\Beranda" loaded.
INFO - 2022-01-03 10:55:33 --> Session: Class initialized using 'CodeIgniter\Session\Handlers\FileHandler' driver.
INFO - 2022-01-03 10:55:33 --> Controller "App\Controllers\admin\Admin" loaded.
INFO - 2022-01-03 11:00:03 --> Controller "App\Controllers\base\Beranda" loaded.
INFO - 2022-01-03 11:10:03 --> Controller "App\Controllers\base\Beranda" loaded.
INFO - 2022-01-03 11:20:03 --> Controller "App\Controllers\base\Beranda" loaded.
INFO - 2022-01-03 11:29:19 --> Controller "App\Controllers\base\Beranda" loaded.
INFO - 2022-01-03 11:30:03 --> Controller "App\Controllers\base\Beranda" loaded.
INFO - 2022-01-03 11:35:13 --> Controller "App\Controllers\base\Beranda" loaded.
INFO - 2022-01-03 11:40:03 --> Controller "App\Controllers\base\Beranda" loaded.
INFO - 2022-01-03 11:49:15 --> Controller "App\Controllers\base\Beranda" loaded.
INFO - 2022-01-03 11:50:02 --> Controller "App\Controllers\base\Beranda" loaded.
INFO - 2022-01-03 11:54:06 --> Controller "App\Controllers\base\Beranda" loaded.
INFO - 2022-01-03 11:54:10 --> Controller "App\Controllers\base\Beranda" loaded.
INFO - 2022-01-03 12:00:03 --> Controller "App\Controllers\base\Beranda" loaded.
INFO - 2022-01-03 12:10:03 --> Controller "App\Controllers\base\Beranda" loaded.
INFO - 2022-01-03 12:11:43 --> Session: Class initialized using 'CodeIgniter\Session\Handlers\FileHandler' driver.
INFO - 2022-01-03 12:11:43 --> Controller "App\Controllers\base\Order" loaded.
INFO - 2022-01-03 12:20:03 --> Controller "App\Controllers\base\Beranda" loaded.
INFO - 2022-01-03 12:23:56 --> Controller "App\Controllers\base\Beranda" loaded.
INFO - 2022-01-03 12:24:30 --> Controller "App\Controllers\base\Beranda" loaded.
INFO - 2022-01-03 12:27:54 --> Session: Class initialized using 'CodeIgniter\Session\Handlers\FileHandler' driver.
INFO - 2022-01-03 12:27:54 --> Controller "App\Controllers\base\Dashboard" loaded.
INFO - 2022-01-03 12:30:03 --> Controller "App\Controllers\base\Beranda" loaded.
INFO - 2022-01-03 12:30:46 --> Controller "App\Controllers\base\Beranda" loaded.
INFO - 2022-01-03 12:31:13 --> Controller "App\Controllers\base\Beranda" loaded.
INFO - 2022-01-03 12:35:54 --> Controller "App\Controllers\base\Beranda" loaded.
INFO - 2022-01-03 12:40:03 --> Controller "App\Controllers\base\Beranda" loaded.
INFO - 2022-01-03 12:50:03 --> Controller "App\Controllers\base\Beranda" loaded.
INFO - 2022-01-03 13:00:03 --> Controller "App\Controllers\base\Beranda" loaded.
INFO - 2022-01-03 13:05:38 --> Controller "App\Controllers\base\Beranda" loaded.
INFO - 2022-01-03 13:10:03 --> Controller "App\Controllers\base\Beranda" loaded.
INFO - 2022-01-03 13:15:22 --> Controller "App\Controllers\base\Beranda" loaded.
INFO - 2022-01-03 13:20:02 --> Controller "App\Controllers\base\Beranda" loaded.
INFO - 2022-01-03 13:30:03 --> Controller "App\Controllers\base\Beranda" loaded.
INFO - 2022-01-03 13:40:02 --> Controller "App\Controllers\base\Beranda" loaded.
INFO - 2022-01-03 13:42:27 --> Session: Class initialized using 'CodeIgniter\Session\Handlers\FileHandler' driver.
INFO - 2022-01-03 13:42:27 --> Controller "App\Controllers\base\Order" loaded.
INFO - 2022-01-03 13:43:02 --> Session: Class initialized using 'CodeIgniter\Session\Handlers\FileHandler' driver.
INFO - 2022-01-03 13:43:02 --> Controller "App\Controllers\base\Order" loaded.
INFO - 2022-01-03 13:43:19 --> Controller "App\Controllers\base\Beranda" loaded.
INFO - 2022-01-03 13:46:17 --> Session: Class initialized using 'CodeIgniter\Session\Handlers\FileHandler' driver.
INFO - 2022-01-03 13:46:17 --> Controller "App\Controllers\base\Order" loaded.
INFO - 2022-01-03 13:50:03 --> Controller "App\Controllers\base\Beranda" loaded.
INFO - 2022-01-03 14:00:03 --> Controller "App\Controllers\base\Beranda" loaded.
INFO - 2022-01-03 14:10:34 --> Controller "App\Controllers\base\Beranda" loaded.
INFO - 2022-01-03 14:14:39 --> Controller "App\Controllers\base\Beranda" loaded.
INFO - 2022-01-03 14:20:03 --> Controller "App\Controllers\base\Beranda" loaded.
INFO - 2022-01-03 14:30:03 --> Controller "App\Controllers\base\Beranda" loaded.
INFO - 2022-01-03 14:36:50 --> Session: Class initialized using 'CodeIgniter\Session\Handlers\FileHandler' driver.
INFO - 2022-01-03 14:36:50 --> Controller "App\Controllers\base\Dashboard" loaded.
INFO - 2022-01-03 14:40:03 --> Controller "App\Controllers\base\Beranda" loaded.
INFO - 2022-01-03 14:50:03 --> Controller "App\Controllers\base\Beranda" loaded.
INFO - 2022-01-03 15:00:03 --> Controller "App\Controllers\base\Beranda" loaded.
INFO - 2022-01-03 15:04:20 --> Session: Class initialized using 'CodeIgniter\Session\Handlers\FileHandler' driver.
INFO - 2022-01-03 15:04:20 --> Controller "App\Controllers\base\Order" loaded.
INFO - 2022-01-03 15:04:42 --> Session: Class initialized using 'CodeIgniter\Session\Handlers\FileHandler' driver.
INFO - 2022-01-03 15:04:42 --> Controller "App\Controllers\base\Dashboard" loaded.
INFO - 2022-01-03 15:04:59 --> Session: Class initialized using 'CodeIgniter\Session\Handlers\FileHandler' driver.
INFO - 2022-01-03 15:04:59 --> Controller "App\Controllers\base\Dashboard" loaded.
INFO - 2022-01-03 15:04:59 --> Session: Class initialized using 'CodeIgniter\Session\Handlers\FileHandler' driver.
INFO - 2022-01-03 15:04:59 --> Controller "App\Controllers\base\Dashboard" loaded.
INFO - 2022-01-03 15:05:10 --> Session: Class initialized using 'CodeIgniter\Session\Handlers\FileHandler' driver.
INFO - 2022-01-03 15:05:10 --> Controller "App\Controllers\base\Dashboard" loaded.
INFO - 2022-01-03 15:05:18 --> Session: Class initialized using 'CodeIgniter\Session\Handlers\FileHandler' driver.
INFO - 2022-01-03 15:05:18 --> Controller "App\Controllers\base\Dashboard" loaded.
INFO - 2022-01-03 15:05:19 --> Controller "App\Controllers\base\Beranda" loaded.
INFO - 2022-01-03 15:05:19 --> Controller "App\Controllers\base\Beranda" loaded.
INFO - 2022-01-03 15:05:23 --> Controller "App\Controllers\base\Beranda" loaded.
INFO - 2022-01-03 15:05:28 --> Controller "App\Controllers\base\Beranda" loaded.
INFO - 2022-01-03 15:05:37 --> Controller "App\Controllers\base\Beranda" loaded.
INFO - 2022-01-03 15:06:28 --> Controller "App\Controllers\base\Beranda" loaded.
INFO - 2022-01-03 15:08:53 --> Controller "App\Controllers\base\Beranda" loaded.
INFO - 2022-01-03 15:10:02 --> Controller "App\Controllers\base\Beranda" loaded.
INFO - 2022-01-03 15:10:03 --> Controller "App\Controllers\base\Beranda" loaded.
INFO - 2022-01-03 15:10:23 --> Controller "App\Controllers\base\Beranda" loaded.
INFO - 2022-01-03 15:14:59 --> Controller "App\Controllers\base\Beranda" loaded.
INFO - 2022-01-03 15:15:00 --> Controller "App\Controllers\base\Beranda" loaded.
INFO - 2022-01-03 15:15:30 --> Controller "App\Controllers\base\Beranda" loaded.
INFO - 2022-01-03 15:15:30 --> Controller "App\Controllers\base\Beranda" loaded.
INFO - 2022-01-03 15:19:57 --> Controller "App\Controllers\base\Beranda" loaded.
INFO - 2022-01-03 15:20:02 --> Controller "App\Controllers\base\Beranda" loaded.
INFO - 2022-01-03 15:21:17 --> Session: Class initialized using 'CodeIgniter\Session\Handlers\FileHandler' driver.
INFO - 2022-01-03 15:21:17 --> Controller "App\Controllers\base\Order" loaded.
INFO - 2022-01-03 15:30:03 --> Controller "App\Controllers\base\Beranda" loaded.
INFO - 2022-01-03 15:40:03 --> Controller "App\Controllers\base\Beranda" loaded.
INFO - 2022-01-03 15:44:16 --> Session: Class initialized using 'CodeIgniter\Session\Handlers\FileHandler' driver.
INFO - 2022-01-03 15:44:16 --> Controller "App\Controllers\base\Order" loaded.
INFO - 2022-01-03 15:50:03 --> Controller "App\Controllers\base\Beranda" loaded.
INFO - 2022-01-03 15:55:05 --> Controller "App\Controllers\base\Beranda" loaded.
INFO - 2022-01-03 16:00:03 --> Controller "App\Controllers\base\Beranda" loaded.
INFO - 2022-01-03 16:10:02 --> Controller "App\Controllers\base\Beranda" loaded.
INFO - 2022-01-03 16:20:03 --> Controller "App\Controllers\base\Beranda" loaded.
INFO - 2022-01-03 16:27:08 --> Session: Class initialized using 'CodeIgniter\Session\Handlers\FileHandler' driver.
INFO - 2022-01-03 16:27:08 --> Controller "App\Controllers\base\Order" loaded.
INFO - 2022-01-03 16:30:03 --> Controller "App\Controllers\base\Beranda" loaded.
INFO - 2022-01-03 16:36:08 --> Controller "App\Controllers\base\Beranda" loaded.
INFO - 2022-01-03 16:36:09 --> Controller "App\Controllers\base\Beranda" loaded.
INFO - 2022-01-03 16:40:02 --> Controller "App\Controllers\base\Beranda" loaded.
INFO - 2022-01-03 16:50:03 --> Controller "App\Controllers\base\Beranda" loaded.
INFO - 2022-01-03 16:53:58 --> Controller "App\Controllers\base\Beranda" loaded.
INFO - 2022-01-03 16:54:11 --> Controller "App\Controllers\base\Beranda" loaded.
INFO - 2022-01-03 17:00:02 --> Controller "App\Controllers\base\Beranda" loaded.
INFO - 2022-01-03 17:10:03 --> Controller "App\Controllers\base\Beranda" loaded.
INFO - 2022-01-03 17:20:03 --> Controller "App\Controllers\base\Beranda" loaded.
INFO - 2022-01-03 17:29:59 --> Session: Class initialized using 'CodeIgniter\Session\Handlers\FileHandler' driver.
INFO - 2022-01-03 17:29:59 --> Controller "App\Controllers\base\Order" loaded.
INFO - 2022-01-03 17:30:02 --> Controller "App\Controllers\base\Beranda" loaded.
INFO - 2022-01-03 17:40:02 --> Controller "App\Controllers\base\Beranda" loaded.
INFO - 2022-01-03 17:50:03 --> Controller "App\Controllers\base\Beranda" loaded.
INFO - 2022-01-03 17:52:49 --> Controller "App\Controllers\base\Beranda" loaded.
INFO - 2022-01-03 17:53:08 --> Controller "App\Controllers\base\Beranda" loaded.
INFO - 2022-01-03 17:53:30 --> Session: Class initialized using 'CodeIgniter\Session\Handlers\FileHandler' driver.
INFO - 2022-01-03 17:53:30 --> Controller "App\Controllers\undangan\Undangan" loaded.
INFO - 2022-01-03 18:00:02 --> Controller "App\Controllers\base\Beranda" loaded.
INFO - 2022-01-03 18:02:26 --> Controller "App\Controllers\base\Beranda" loaded.
INFO - 2022-01-03 18:09:13 --> Controller "App\Controllers\base\Beranda" loaded.
INFO - 2022-01-03 18:10:02 --> Controller "App\Controllers\base\Beranda" loaded.
INFO - 2022-01-03 18:20:02 --> Controller "App\Controllers\base\Beranda" loaded.
INFO - 2022-01-03 18:20:51 --> Session: Class initialized using 'CodeIgniter\Session\Handlers\FileHandler' driver.
INFO - 2022-01-03 18:20:51 --> Controller "App\Controllers\bukutamu\Bukutamu" loaded.
INFO - 2022-01-03 18:20:53 --> Session: Class initialized using 'CodeIgniter\Session\Handlers\FileHandler' driver.
INFO - 2022-01-03 18:20:53 --> Controller "App\Controllers\bukutamu\Bukutamu" loaded.
INFO - 2022-01-03 18:20:55 --> Session: Class initialized using 'CodeIgniter\Session\Handlers\FileHandler' driver.
INFO - 2022-01-03 18:20:55 --> Controller "App\Controllers\bukutamu\Bukutamu" loaded.
INFO - 2022-01-03 18:21:05 --> Controller "App\Controllers\base\Beranda" loaded.
INFO - 2022-01-03 18:28:08 --> Session: Class initialized using 'CodeIgniter\Session\Handlers\FileHandler' driver.
INFO - 2022-01-03 18:28:08 --> Controller "App\Controllers\base\Order" loaded.
INFO - 2022-01-03 18:30:03 --> Controller "App\Controllers\base\Beranda" loaded.
INFO - 2022-01-03 18:40:03 --> Controller "App\Controllers\base\Beranda" loaded.
INFO - 2022-01-03 18:50:03 --> Controller "App\Controllers\base\Beranda" loaded.
INFO - 2022-01-03 19:00:03 --> Controller "App\Controllers\base\Beranda" loaded.
INFO - 2022-01-03 19:10:03 --> Controller "App\Controllers\base\Beranda" loaded.
INFO - 2022-01-03 19:19:30 --> Controller "App\Controllers\base\Beranda" loaded.
INFO - 2022-01-03 19:20:03 --> Controller "App\Controllers\base\Beranda" loaded.
INFO - 2022-01-03 19:26:15 --> Controller "App\Controllers\base\Beranda" loaded.
INFO - 2022-01-03 19:30:02 --> Controller "App\Controllers\base\Beranda" loaded.
INFO - 2022-01-03 19:40:03 --> Controller "App\Controllers\base\Beranda" loaded.
INFO - 2022-01-03 19:50:03 --> Controller "App\Controllers\base\Beranda" loaded.
INFO - 2022-01-03 20:00:03 --> Controller "App\Controllers\base\Beranda" loaded.
INFO - 2022-01-03 20:10:03 --> Controller "App\Controllers\base\Beranda" loaded.
INFO - 2022-01-03 20:20:03 --> Controller "App\Controllers\base\Beranda" loaded.
INFO - 2022-01-03 20:30:03 --> Controller "App\Controllers\base\Beranda" loaded.
INFO - 2022-01-03 20:40:03 --> Controller "App\Controllers\base\Beranda" loaded.
INFO - 2022-01-03 20:50:03 --> Controller "App\Controllers\base\Beranda" loaded.
INFO - 2022-01-03 20:53:13 --> Controller "App\Controllers\base\Beranda" loaded.
INFO - 2022-01-03 20:53:42 --> Controller "App\Controllers\base\Beranda" loaded.
INFO - 2022-01-03 20:54:00 --> Controller "App\Controllers\base\Beranda" loaded.
INFO - 2022-01-03 21:00:03 --> Controller "App\Controllers\base\Beranda" loaded.
INFO - 2022-01-03 21:10:02 --> Controller "App\Controllers\base\Beranda" loaded.
INFO - 2022-01-03 21:12:33 --> Controller "App\Controllers\base\Beranda" loaded.
INFO - 2022-01-03 21:20:03 --> Controller "App\Controllers\base\Beranda" loaded.
INFO - 2022-01-03 21:30:03 --> Controller "App\Controllers\base\Beranda" loaded.
INFO - 2022-01-03 21:30:55 --> Session: Class initialized using 'CodeIgniter\Session\Handlers\FileHandler' driver.
INFO - 2022-01-03 21:30:55 --> Controller "App\Controllers\base\Order" loaded.
INFO - 2022-01-03 21:31:04 --> Session: Class initialized using 'CodeIgniter\Session\Handlers\FileHandler' driver.
INFO - 2022-01-03 21:31:04 --> Controller "App\Controllers\base\Order" loaded.
INFO - 2022-01-03 21:31:07 --> Session: Class initialized using 'CodeIgniter\Session\Handlers\FileHandler' driver.
INFO - 2022-01-03 21:31:07 --> Controller "App\Controllers\base\Order" loaded.
INFO - 2022-01-03 21:31:15 --> Controller "App\Controllers\base\Beranda" loaded.
INFO - 2022-01-03 21:40:02 --> Controller "App\Controllers\base\Beranda" loaded.
INFO - 2022-01-03 21:40:37 --> Session: Class initialized using 'CodeIgniter\Session\Handlers\FileHandler' driver.
INFO - 2022-01-03 21:40:37 --> Controller "App\Controllers\base\Order" loaded.
INFO - 2022-01-03 21:40:47 --> Session: Class initialized using 'CodeIgniter\Session\Handlers\FileHandler' driver.
INFO - 2022-01-03 21:40:47 --> Controller "App\Controllers\base\Order" loaded.
INFO - 2022-01-03 21:40:49 --> Session: Class initialized using 'CodeIgniter\Session\Handlers\FileHandler' driver.
INFO - 2022-01-03 21:40:49 --> Controller "App\Controllers\base\Order" loaded.
INFO - 2022-01-03 21:40:57 --> Controller "App\Controllers\base\Beranda" loaded.
INFO - 2022-01-03 21:42:39 --> Controller "App\Controllers\base\Beranda" loaded.
INFO - 2022-01-03 21:43:08 --> Session: Class initialized using 'CodeIgniter\Session\Handlers\FileHandler' driver.
INFO - 2022-01-03 21:43:08 --> Controller "App\Controllers\base\Order" loaded.
INFO - 2022-01-03 21:43:23 --> Controller "App\Controllers\base\Beranda" loaded.
INFO - 2022-01-03 21:50:03 --> Controller "App\Controllers\base\Beranda" loaded.
INFO - 2022-01-03 22:00:03 --> Controller "App\Controllers\base\Beranda" loaded.
INFO - 2022-01-03 22:10:03 --> Controller "App\Controllers\base\Beranda" loaded.
INFO - 2022-01-03 22:20:03 --> Controller "App\Controllers\base\Beranda" loaded.
INFO - 2022-01-03 22:30:03 --> Controller "App\Controllers\base\Beranda" loaded.
INFO - 2022-01-03 22:40:03 --> Controller "App\Controllers\base\Beranda" loaded.
INFO - 2022-01-03 22:50:03 --> Controller "App\Controllers\base\Beranda" loaded.
