INFO - 2021-12-15 00:21:57 --> Controller "App\Controllers\base\Beranda" loaded.
INFO - 2021-12-15 00:27:33 --> Session: Class initialized using 'CodeIgniter\Session\Handlers\FileHandler' driver.
INFO - 2021-12-15 00:27:34 --> Session: Class initialized using 'CodeIgniter\Session\Handlers\FileHandler' driver.
INFO - 2021-12-15 00:27:34 --> Controller "App\Controllers\admin\Admin" loaded.
INFO - 2021-12-15 00:27:37 --> Controller "App\Controllers\base\Beranda" loaded.
INFO - 2021-12-15 03:56:09 --> Session: Class initialized using 'CodeIgniter\Session\Handlers\FileHandler' driver.
INFO - 2021-12-15 03:56:09 --> Controller "App\Controllers\bukutamu\Bukutamu" loaded.
INFO - 2021-12-15 03:56:10 --> Controller "App\Controllers\base\Beranda" loaded.
INFO - 2021-12-15 04:10:41 --> Controller "App\Controllers\base\Beranda" loaded.
INFO - 2021-12-15 04:10:45 --> Controller "App\Controllers\base\Beranda" loaded.
INFO - 2021-12-15 04:53:28 --> Controller "App\Controllers\base\Beranda" loaded.
INFO - 2021-12-15 04:54:01 --> Controller "App\Controllers\base\Beranda" loaded.
INFO - 2021-12-15 05:29:46 --> Controller "App\Controllers\base\Beranda" loaded.
INFO - 2021-12-15 05:30:29 --> Controller "App\Controllers\base\Beranda" loaded.
INFO - 2021-12-15 06:17:32 --> Controller "App\Controllers\base\Beranda" loaded.
INFO - 2021-12-15 06:17:39 --> Session: Class initialized using 'CodeIgniter\Session\Handlers\FileHandler' driver.
INFO - 2021-12-15 06:17:39 --> Controller "App\Controllers\undangan\Undangan" loaded.
INFO - 2021-12-15 06:17:53 --> Session: Class initialized using 'CodeIgniter\Session\Handlers\FileHandler' driver.
INFO - 2021-12-15 06:17:53 --> Controller "App\Controllers\bukutamu\Bukutamu" loaded.
INFO - 2021-12-15 06:19:26 --> Session: Class initialized using 'CodeIgniter\Session\Handlers\FileHandler' driver.
INFO - 2021-12-15 06:19:26 --> Controller "App\Controllers\bukutamu\Bukutamu" loaded.
INFO - 2021-12-15 06:20:23 --> Session: Class initialized using 'CodeIgniter\Session\Handlers\FileHandler' driver.
INFO - 2021-12-15 06:20:23 --> Controller "App\Controllers\undangan\Undangan" loaded.
INFO - 2021-12-15 06:20:38 --> Session: Class initialized using 'CodeIgniter\Session\Handlers\FileHandler' driver.
INFO - 2021-12-15 06:20:38 --> Controller "App\Controllers\bukutamu\Bukutamu" loaded.
INFO - 2021-12-15 06:39:06 --> Session: Class initialized using 'CodeIgniter\Session\Handlers\FileHandler' driver.
INFO - 2021-12-15 06:39:06 --> Controller "App\Controllers\base\Order" loaded.
INFO - 2021-12-15 06:57:10 --> Controller "App\Controllers\base\Beranda" loaded.
INFO - 2021-12-15 06:57:28 --> Controller "App\Controllers\base\Beranda" loaded.
INFO - 2021-12-15 07:00:04 --> Controller "App\Controllers\base\Beranda" loaded.
INFO - 2021-12-15 07:10:03 --> Controller "App\Controllers\base\Beranda" loaded.
INFO - 2021-12-15 07:10:17 --> Session: Class initialized using 'CodeIgniter\Session\Handlers\FileHandler' driver.
INFO - 2021-12-15 07:10:17 --> Controller "App\Controllers\admin\Admin" loaded.
INFO - 2021-12-15 07:10:20 --> Session: Class initialized using 'CodeIgniter\Session\Handlers\FileHandler' driver.
INFO - 2021-12-15 07:10:20 --> Controller "App\Controllers\admin\Admin" loaded.
INFO - 2021-12-15 07:16:04 --> Session: Class initialized using 'CodeIgniter\Session\Handlers\FileHandler' driver.
INFO - 2021-12-15 07:16:04 --> Controller "App\Controllers\undangan\Undangan" loaded.
INFO - 2021-12-15 07:16:44 --> Session: Class initialized using 'CodeIgniter\Session\Handlers\FileHandler' driver.
INFO - 2021-12-15 07:16:44 --> Controller "App\Controllers\bukutamu\Bukutamu" loaded.
INFO - 2021-12-15 07:17:09 --> Session: Class initialized using 'CodeIgniter\Session\Handlers\FileHandler' driver.
INFO - 2021-12-15 07:17:09 --> Controller "App\Controllers\bukutamu\Bukutamu" loaded.
INFO - 2021-12-15 07:17:13 --> Session: Class initialized using 'CodeIgniter\Session\Handlers\FileHandler' driver.
INFO - 2021-12-15 07:17:13 --> Controller "App\Controllers\bukutamu\Bukutamu" loaded.
INFO - 2021-12-15 07:17:26 --> Session: Class initialized using 'CodeIgniter\Session\Handlers\FileHandler' driver.
INFO - 2021-12-15 07:17:26 --> Controller "App\Controllers\undangan\Undangan" loaded.
INFO - 2021-12-15 07:19:14 --> Session: Class initialized using 'CodeIgniter\Session\Handlers\FileHandler' driver.
INFO - 2021-12-15 07:19:14 --> Controller "App\Controllers\bukutamu\Bukutamu" loaded.
INFO - 2021-12-15 07:19:32 --> Session: Class initialized using 'CodeIgniter\Session\Handlers\FileHandler' driver.
INFO - 2021-12-15 07:19:32 --> Controller "App\Controllers\bukutamu\Bukutamu" loaded.
INFO - 2021-12-15 07:19:42 --> Session: Class initialized using 'CodeIgniter\Session\Handlers\FileHandler' driver.
INFO - 2021-12-15 07:19:42 --> Controller "App\Controllers\bukutamu\Bukutamu" loaded.
INFO - 2021-12-15 07:19:45 --> Session: Class initialized using 'CodeIgniter\Session\Handlers\FileHandler' driver.
INFO - 2021-12-15 07:19:45 --> Controller "App\Controllers\bukutamu\Bukutamu" loaded.
INFO - 2021-12-15 07:20:00 --> Controller "App\Controllers\base\Beranda" loaded.
INFO - 2021-12-15 07:20:02 --> Controller "App\Controllers\base\Beranda" loaded.
INFO - 2021-12-15 07:20:08 --> Controller "App\Controllers\base\Beranda" loaded.
INFO - 2021-12-15 07:20:22 --> Controller "App\Controllers\base\Beranda" loaded.
INFO - 2021-12-15 07:20:23 --> Controller "App\Controllers\base\Beranda" loaded.
INFO - 2021-12-15 07:20:36 --> Controller "App\Controllers\base\Beranda" loaded.
INFO - 2021-12-15 07:20:37 --> Controller "App\Controllers\base\Beranda" loaded.
INFO - 2021-12-15 07:20:48 --> Session: Class initialized using 'CodeIgniter\Session\Handlers\FileHandler' driver.
INFO - 2021-12-15 07:20:48 --> Controller "App\Controllers\undangan\Undangan" loaded.
INFO - 2021-12-15 07:21:31 --> Session: Class initialized using 'CodeIgniter\Session\Handlers\FileHandler' driver.
INFO - 2021-12-15 07:21:31 --> Controller "App\Controllers\undangan\Undangan" loaded.
INFO - 2021-12-15 07:21:54 --> Controller "App\Controllers\base\Beranda" loaded.
INFO - 2021-12-15 07:21:55 --> Controller "App\Controllers\base\Beranda" loaded.
INFO - 2021-12-15 07:29:24 --> Session: Class initialized using 'CodeIgniter\Session\Handlers\FileHandler' driver.
INFO - 2021-12-15 07:29:24 --> Controller "App\Controllers\base\Order" loaded.
INFO - 2021-12-15 07:30:02 --> Controller "App\Controllers\base\Beranda" loaded.
INFO - 2021-12-15 07:40:03 --> Controller "App\Controllers\base\Beranda" loaded.
INFO - 2021-12-15 07:46:00 --> Controller "App\Controllers\base\Beranda" loaded.
INFO - 2021-12-15 07:50:03 --> Controller "App\Controllers\base\Beranda" loaded.
INFO - 2021-12-15 08:00:02 --> Controller "App\Controllers\base\Beranda" loaded.
INFO - 2021-12-15 08:10:03 --> Controller "App\Controllers\base\Beranda" loaded.
INFO - 2021-12-15 08:19:15 --> Controller "App\Controllers\base\Beranda" loaded.
INFO - 2021-12-15 08:20:02 --> Controller "App\Controllers\base\Beranda" loaded.
INFO - 2021-12-15 08:20:42 --> Session: Class initialized using 'CodeIgniter\Session\Handlers\FileHandler' driver.
INFO - 2021-12-15 08:20:42 --> Controller "App\Controllers\base\Order" loaded.
INFO - 2021-12-15 08:29:24 --> Controller "App\Controllers\base\Beranda" loaded.
INFO - 2021-12-15 08:30:03 --> Controller "App\Controllers\base\Beranda" loaded.
INFO - 2021-12-15 08:36:35 --> Controller "App\Controllers\base\Beranda" loaded.
INFO - 2021-12-15 08:40:02 --> Controller "App\Controllers\base\Beranda" loaded.
INFO - 2021-12-15 08:50:02 --> Controller "App\Controllers\base\Beranda" loaded.
INFO - 2021-12-15 09:00:03 --> Controller "App\Controllers\base\Beranda" loaded.
INFO - 2021-12-15 09:04:35 --> Controller "App\Controllers\base\Beranda" loaded.
INFO - 2021-12-15 09:10:03 --> Controller "App\Controllers\base\Beranda" loaded.
INFO - 2021-12-15 09:16:05 --> Session: Class initialized using 'CodeIgniter\Session\Handlers\FileHandler' driver.
INFO - 2021-12-15 09:16:05 --> Controller "App\Controllers\base\Order" loaded.
INFO - 2021-12-15 09:20:03 --> Controller "App\Controllers\base\Beranda" loaded.
INFO - 2021-12-15 09:29:06 --> Controller "App\Controllers\base\Beranda" loaded.
INFO - 2021-12-15 09:29:06 --> Controller "App\Controllers\base\Beranda" loaded.
INFO - 2021-12-15 09:29:06 --> Controller "App\Controllers\base\Beranda" loaded.
INFO - 2021-12-15 09:29:06 --> Controller "App\Controllers\base\Beranda" loaded.
INFO - 2021-12-15 09:29:06 --> Controller "App\Controllers\base\Beranda" loaded.
INFO - 2021-12-15 09:29:07 --> Controller "App\Controllers\base\Beranda" loaded.
INFO - 2021-12-15 09:29:07 --> Controller "App\Controllers\base\Beranda" loaded.
INFO - 2021-12-15 09:29:07 --> Controller "App\Controllers\base\Beranda" loaded.
INFO - 2021-12-15 09:29:07 --> Controller "App\Controllers\base\Beranda" loaded.
INFO - 2021-12-15 09:29:07 --> Controller "App\Controllers\base\Beranda" loaded.
INFO - 2021-12-15 09:29:07 --> Controller "App\Controllers\base\Beranda" loaded.
INFO - 2021-12-15 09:29:07 --> Controller "App\Controllers\base\Beranda" loaded.
INFO - 2021-12-15 09:29:07 --> Controller "App\Controllers\base\Beranda" loaded.
INFO - 2021-12-15 09:29:07 --> Controller "App\Controllers\base\Beranda" loaded.
INFO - 2021-12-15 09:29:08 --> Controller "App\Controllers\base\Beranda" loaded.
INFO - 2021-12-15 09:29:08 --> Controller "App\Controllers\base\Beranda" loaded.
INFO - 2021-12-15 09:29:08 --> Controller "App\Controllers\base\Beranda" loaded.
INFO - 2021-12-15 09:29:08 --> Controller "App\Controllers\base\Beranda" loaded.
INFO - 2021-12-15 09:29:08 --> Controller "App\Controllers\base\Beranda" loaded.
INFO - 2021-12-15 09:29:08 --> Controller "App\Controllers\base\Beranda" loaded.
INFO - 2021-12-15 09:30:03 --> Controller "App\Controllers\base\Beranda" loaded.
INFO - 2021-12-15 09:40:02 --> Controller "App\Controllers\base\Beranda" loaded.
INFO - 2021-12-15 09:48:17 --> Controller "App\Controllers\base\Beranda" loaded.
INFO - 2021-12-15 09:50:02 --> Controller "App\Controllers\base\Beranda" loaded.
INFO - 2021-12-15 10:00:02 --> Controller "App\Controllers\base\Beranda" loaded.
INFO - 2021-12-15 10:09:39 --> Controller "App\Controllers\base\Beranda" loaded.
INFO - 2021-12-15 10:10:02 --> Controller "App\Controllers\base\Beranda" loaded.
INFO - 2021-12-15 10:20:02 --> Controller "App\Controllers\base\Beranda" loaded.
INFO - 2021-12-15 10:30:03 --> Controller "App\Controllers\base\Beranda" loaded.
INFO - 2021-12-15 10:40:02 --> Controller "App\Controllers\base\Beranda" loaded.
INFO - 2021-12-15 10:43:51 --> Controller "App\Controllers\base\Beranda" loaded.
INFO - 2021-12-15 10:50:03 --> Controller "App\Controllers\base\Beranda" loaded.
INFO - 2021-12-15 11:00:03 --> Controller "App\Controllers\base\Beranda" loaded.
INFO - 2021-12-15 11:10:02 --> Controller "App\Controllers\base\Beranda" loaded.
INFO - 2021-12-15 11:20:03 --> Controller "App\Controllers\base\Beranda" loaded.
INFO - 2021-12-15 11:21:53 --> Controller "App\Controllers\base\Beranda" loaded.
INFO - 2021-12-15 11:21:55 --> Controller "App\Controllers\base\Beranda" loaded.
INFO - 2021-12-15 11:22:00 --> Controller "App\Controllers\base\Beranda" loaded.
INFO - 2021-12-15 11:22:09 --> Session: Class initialized using 'CodeIgniter\Session\Handlers\FileHandler' driver.
INFO - 2021-12-15 11:22:09 --> Controller "App\Controllers\base\Order" loaded.
INFO - 2021-12-15 11:22:17 --> Session: Class initialized using 'CodeIgniter\Session\Handlers\FileHandler' driver.
INFO - 2021-12-15 11:22:17 --> Controller "App\Controllers\base\Order" loaded.
INFO - 2021-12-15 11:22:22 --> Session: Class initialized using 'CodeIgniter\Session\Handlers\FileHandler' driver.
INFO - 2021-12-15 11:22:22 --> Controller "App\Controllers\base\Order" loaded.
INFO - 2021-12-15 11:30:03 --> Controller "App\Controllers\base\Beranda" loaded.
INFO - 2021-12-15 11:32:01 --> Controller "App\Controllers\base\Beranda" loaded.
INFO - 2021-12-15 11:40:02 --> Controller "App\Controllers\base\Beranda" loaded.
INFO - 2021-12-15 11:47:52 --> Session: Class initialized using 'CodeIgniter\Session\Handlers\FileHandler' driver.
INFO - 2021-12-15 11:47:52 --> Controller "App\Controllers\base\Order" loaded.
INFO - 2021-12-15 11:50:03 --> Controller "App\Controllers\base\Beranda" loaded.
INFO - 2021-12-15 12:00:03 --> Controller "App\Controllers\base\Beranda" loaded.
INFO - 2021-12-15 12:03:07 --> Controller "App\Controllers\base\Beranda" loaded.
INFO - 2021-12-15 12:03:38 --> Controller "App\Controllers\base\Beranda" loaded.
INFO - 2021-12-15 12:03:43 --> Controller "App\Controllers\base\Beranda" loaded.
INFO - 2021-12-15 12:10:02 --> Controller "App\Controllers\base\Beranda" loaded.
INFO - 2021-12-15 12:11:30 --> Session: Class initialized using 'CodeIgniter\Session\Handlers\FileHandler' driver.
INFO - 2021-12-15 12:11:30 --> Controller "App\Controllers\base\Order" loaded.
INFO - 2021-12-15 12:20:02 --> Controller "App\Controllers\base\Beranda" loaded.
INFO - 2021-12-15 12:30:03 --> Controller "App\Controllers\base\Beranda" loaded.
INFO - 2021-12-15 12:38:18 --> Session: Class initialized using 'CodeIgniter\Session\Handlers\FileHandler' driver.
INFO - 2021-12-15 12:38:18 --> Controller "App\Controllers\admin\Admin" loaded.
INFO - 2021-12-15 12:40:03 --> Controller "App\Controllers\base\Beranda" loaded.
INFO - 2021-12-15 12:50:03 --> Controller "App\Controllers\base\Beranda" loaded.
INFO - 2021-12-15 13:00:03 --> Controller "App\Controllers\base\Beranda" loaded.
INFO - 2021-12-15 13:10:02 --> Controller "App\Controllers\base\Beranda" loaded.
INFO - 2021-12-15 13:20:03 --> Controller "App\Controllers\base\Beranda" loaded.
INFO - 2021-12-15 13:24:40 --> Controller "App\Controllers\base\Beranda" loaded.
INFO - 2021-12-15 13:25:04 --> Controller "App\Controllers\base\Beranda" loaded.
INFO - 2021-12-15 13:25:24 --> Controller "App\Controllers\base\Beranda" loaded.
INFO - 2021-12-15 13:26:08 --> Controller "App\Controllers\base\Beranda" loaded.
INFO - 2021-12-15 13:26:08 --> Controller "App\Controllers\base\Beranda" loaded.
INFO - 2021-12-15 13:26:08 --> Controller "App\Controllers\base\Beranda" loaded.
INFO - 2021-12-15 13:30:02 --> Controller "App\Controllers\base\Beranda" loaded.
INFO - 2021-12-15 13:40:03 --> Controller "App\Controllers\base\Beranda" loaded.
INFO - 2021-12-15 13:50:03 --> Controller "App\Controllers\base\Beranda" loaded.
INFO - 2021-12-15 13:57:25 --> Controller "App\Controllers\base\Beranda" loaded.
INFO - 2021-12-15 14:00:03 --> Controller "App\Controllers\base\Beranda" loaded.
INFO - 2021-12-15 14:10:03 --> Controller "App\Controllers\base\Beranda" loaded.
INFO - 2021-12-15 14:20:03 --> Controller "App\Controllers\base\Beranda" loaded.
INFO - 2021-12-15 14:30:02 --> Controller "App\Controllers\base\Beranda" loaded.
INFO - 2021-12-15 14:40:02 --> Controller "App\Controllers\base\Beranda" loaded.
INFO - 2021-12-15 14:48:21 --> Controller "App\Controllers\base\Beranda" loaded.
INFO - 2021-12-15 14:50:02 --> Controller "App\Controllers\base\Beranda" loaded.
INFO - 2021-12-15 15:00:03 --> Controller "App\Controllers\base\Beranda" loaded.
INFO - 2021-12-15 15:10:03 --> Controller "App\Controllers\base\Beranda" loaded.
INFO - 2021-12-15 15:20:02 --> Controller "App\Controllers\base\Beranda" loaded.
INFO - 2021-12-15 15:20:34 --> Controller "App\Controllers\base\Beranda" loaded.
INFO - 2021-12-15 15:24:42 --> Controller "App\Controllers\base\Beranda" loaded.
INFO - 2021-12-15 15:30:02 --> Controller "App\Controllers\base\Beranda" loaded.
INFO - 2021-12-15 15:40:03 --> Controller "App\Controllers\base\Beranda" loaded.
INFO - 2021-12-15 15:50:03 --> Controller "App\Controllers\base\Beranda" loaded.
INFO - 2021-12-15 15:50:26 --> Controller "App\Controllers\base\Beranda" loaded.
INFO - 2021-12-15 16:00:03 --> Controller "App\Controllers\base\Beranda" loaded.
INFO - 2021-12-15 16:10:02 --> Controller "App\Controllers\base\Beranda" loaded.
INFO - 2021-12-15 16:20:03 --> Controller "App\Controllers\base\Beranda" loaded.
INFO - 2021-12-15 16:24:07 --> Controller "App\Controllers\base\Beranda" loaded.
INFO - 2021-12-15 16:24:22 --> Session: Class initialized using 'CodeIgniter\Session\Handlers\FileHandler' driver.
INFO - 2021-12-15 16:24:22 --> Controller "App\Controllers\base\Order" loaded.
INFO - 2021-12-15 16:24:23 --> Controller "App\Controllers\base\Beranda" loaded.
INFO - 2021-12-15 16:30:03 --> Controller "App\Controllers\base\Beranda" loaded.
INFO - 2021-12-15 16:40:02 --> Controller "App\Controllers\base\Beranda" loaded.
INFO - 2021-12-15 16:50:02 --> Controller "App\Controllers\base\Beranda" loaded.
INFO - 2021-12-15 17:00:03 --> Controller "App\Controllers\base\Beranda" loaded.
INFO - 2021-12-15 17:10:02 --> Controller "App\Controllers\base\Beranda" loaded.
INFO - 2021-12-15 17:20:02 --> Controller "App\Controllers\base\Beranda" loaded.
INFO - 2021-12-15 17:30:02 --> Controller "App\Controllers\base\Beranda" loaded.
INFO - 2021-12-15 17:40:03 --> Controller "App\Controllers\base\Beranda" loaded.
INFO - 2021-12-15 17:50:03 --> Controller "App\Controllers\base\Beranda" loaded.
INFO - 2021-12-15 17:51:07 --> Controller "App\Controllers\base\Beranda" loaded.
INFO - 2021-12-15 18:00:03 --> Controller "App\Controllers\base\Beranda" loaded.
INFO - 2021-12-15 18:10:03 --> Controller "App\Controllers\base\Beranda" loaded.
INFO - 2021-12-15 18:20:03 --> Controller "App\Controllers\base\Beranda" loaded.
INFO - 2021-12-15 18:30:03 --> Controller "App\Controllers\base\Beranda" loaded.
INFO - 2021-12-15 18:40:03 --> Controller "App\Controllers\base\Beranda" loaded.
INFO - 2021-12-15 18:50:03 --> Controller "App\Controllers\base\Beranda" loaded.
INFO - 2021-12-15 18:50:11 --> Controller "App\Controllers\base\Beranda" loaded.
INFO - 2021-12-15 18:53:04 --> Controller "App\Controllers\base\Beranda" loaded.
INFO - 2021-12-15 19:00:03 --> Controller "App\Controllers\base\Beranda" loaded.
INFO - 2021-12-15 19:10:03 --> Controller "App\Controllers\base\Beranda" loaded.
INFO - 2021-12-15 19:20:03 --> Controller "App\Controllers\base\Beranda" loaded.
INFO - 2021-12-15 19:30:03 --> Controller "App\Controllers\base\Beranda" loaded.
INFO - 2021-12-15 19:38:27 --> Controller "App\Controllers\base\Beranda" loaded.
INFO - 2021-12-15 19:40:03 --> Controller "App\Controllers\base\Beranda" loaded.
INFO - 2021-12-15 19:50:03 --> Controller "App\Controllers\base\Beranda" loaded.
INFO - 2021-12-15 20:00:02 --> Controller "App\Controllers\base\Beranda" loaded.
INFO - 2021-12-15 20:10:03 --> Controller "App\Controllers\base\Beranda" loaded.
INFO - 2021-12-15 20:20:03 --> Controller "App\Controllers\base\Beranda" loaded.
INFO - 2021-12-15 20:25:32 --> Controller "App\Controllers\base\Beranda" loaded.
INFO - 2021-12-15 20:30:02 --> Controller "App\Controllers\base\Beranda" loaded.
INFO - 2021-12-15 20:39:41 --> Session: Class initialized using 'CodeIgniter\Session\Handlers\FileHandler' driver.
INFO - 2021-12-15 20:39:41 --> Controller "App\Controllers\undangan\Undangan" loaded.
INFO - 2021-12-15 20:40:02 --> Controller "App\Controllers\base\Beranda" loaded.
INFO - 2021-12-15 20:50:03 --> Controller "App\Controllers\base\Beranda" loaded.
INFO - 2021-12-15 21:00:03 --> Controller "App\Controllers\base\Beranda" loaded.
INFO - 2021-12-15 21:10:03 --> Controller "App\Controllers\base\Beranda" loaded.
INFO - 2021-12-15 21:20:02 --> Controller "App\Controllers\base\Beranda" loaded.
INFO - 2021-12-15 21:22:18 --> Controller "App\Controllers\base\Beranda" loaded.
INFO - 2021-12-15 21:22:59 --> Session: Class initialized using 'CodeIgniter\Session\Handlers\FileHandler' driver.
INFO - 2021-12-15 21:22:59 --> Controller "App\Controllers\bukutamu\Bukutamu" loaded.
INFO - 2021-12-15 21:23:35 --> Session: Class initialized using 'CodeIgniter\Session\Handlers\FileHandler' driver.
INFO - 2021-12-15 21:23:35 --> Controller "App\Controllers\bukutamu\Bukutamu" loaded.
INFO - 2021-12-15 21:24:24 --> Session: Class initialized using 'CodeIgniter\Session\Handlers\FileHandler' driver.
INFO - 2021-12-15 21:24:24 --> Controller "App\Controllers\bukutamu\Bukutamu" loaded.
INFO - 2021-12-15 21:24:45 --> Session: Class initialized using 'CodeIgniter\Session\Handlers\FileHandler' driver.
INFO - 2021-12-15 21:24:45 --> Controller "App\Controllers\bukutamu\Bukutamu" loaded.
INFO - 2021-12-15 21:30:02 --> Controller "App\Controllers\base\Beranda" loaded.
INFO - 2021-12-15 21:40:03 --> Controller "App\Controllers\base\Beranda" loaded.
INFO - 2021-12-15 21:50:02 --> Controller "App\Controllers\base\Beranda" loaded.
INFO - 2021-12-15 22:00:02 --> Controller "App\Controllers\base\Beranda" loaded.
INFO - 2021-12-15 22:10:03 --> Controller "App\Controllers\base\Beranda" loaded.
INFO - 2021-12-15 22:12:39 --> Controller "App\Controllers\base\Beranda" loaded.
INFO - 2021-12-15 22:20:02 --> Controller "App\Controllers\base\Beranda" loaded.
INFO - 2021-12-15 22:23:43 --> Controller "App\Controllers\base\Beranda" loaded.
INFO - 2021-12-15 22:30:03 --> Controller "App\Controllers\base\Beranda" loaded.
INFO - 2021-12-15 22:34:27 --> Session: Class initialized using 'CodeIgniter\Session\Handlers\FileHandler' driver.
INFO - 2021-12-15 22:34:27 --> Controller "App\Controllers\undangan\Undangan" loaded.
INFO - 2021-12-15 22:40:02 --> Controller "App\Controllers\base\Beranda" loaded.
INFO - 2021-12-15 22:50:02 --> Controller "App\Controllers\base\Beranda" loaded.
INFO - 2021-12-15 22:54:11 --> Session: Class initialized using 'CodeIgniter\Session\Handlers\FileHandler' driver.
INFO - 2021-12-15 22:54:11 --> Controller "App\Controllers\base\Order" loaded.
INFO - 2021-12-15 23:32:02 --> Controller "App\Controllers\base\Beranda" loaded.
INFO - 2021-12-15 23:32:13 --> Controller "App\Controllers\base\Beranda" loaded.
INFO - 2021-12-15 23:36:48 --> Session: Class initialized using 'CodeIgniter\Session\Handlers\FileHandler' driver.
INFO - 2021-12-15 23:36:48 --> Controller "App\Controllers\bukutamu\Bukutamu" loaded.
